2013/06/30 18:03:35:562  INFO:   Loaded Symbol File C:\ISV System\Config\FirmwareSymbols\build33136.sym for firmware Build #33136
2013/06/30 18:03:35:625  INFO:   CommunicationSystemLog properties: .\CommunicationSystem.logger.properties
2013/06/30 18:03:35:625  INFO:   CommunicationSystemLog log       : .\logs\prbCalRssiTxScriptLog 2013.06.30 18.03.35_CommunicationSystem.Log
2013/06/30 18:03:43:406  INFO:   Setting the event sink for ScriptEngineProcedure
2013/06/30 18:03:43:406  INFO:   Program parameters checks are enabled
2013/06/30 18:03:43:421  INFO:   ********************************************************************************
2013/06/30 18:03:43:421  INFO:   Starting ScriptEngineProcedure, Assembly  version 
2013/06/30 18:03:43:437  INFO:   Config: ICD (NCommunicationSystem ver: nCommunicationSystem, Version=1.8.2.1, Culture=neutral, PublicKeyToken=56b5378c99c0bcfd; FTDI Driver ver: 2.08.28.0; PRB FPGA ver: 18)
2013/06/30 18:03:43:437  INFO:   Setting the radio board transmit power to level 0x7.
2013/06/30 18:03:43:437  INFO:   Radio board power level set to 7.
2013/06/30 18:03:43:437  INFO:   ECG Timeout Interval set to 10 seconds.
2013/06/30 18:03:43:437  STATE:  Changing state to ScriptExecStateMachine.WaitForNextCmdState, ID[1]
2013/06/30 18:03:43:437  INFO:   FwDvtSystem Started the event processing thread
2013/06/30 18:03:43:531  ACTION: Read PRB FPGA: Address=0x3000 Data=0x12
2013/06/30 18:03:43:562  RESULT: FPGA 0x3000 Expected: 18 Actual: 18
2013/06/30 18:03:43:578  ACTION: Calibrate CC1020
2013/06/30 18:03:43:656  INFO:   CC1020 calibration passed
2013/06/30 18:03:43:687  ACTION: Read C1020: Address 0x04 Data=0x35
2013/06/30 18:03:43:703  ACTION: Read C1020: Address 0x05 Data=0xF0
2013/06/30 18:03:43:703  ACTION: Read C1020: Address 0x06 Data=0x21
2013/06/30 18:03:43:703  ACTION: Read C1020: Address 0x07 Data=0x38
2013/06/30 18:03:43:718  ACTION: Read C1020: Address 0x08 Data=0x35
2013/06/30 18:03:43:718  ACTION: Read C1020: Address 0x09 Data=0xFA
2013/06/30 18:03:43:718  ACTION: Read C1020: Address 0x0A Data=0xCB
2013/06/30 18:03:43:734  ACTION: Read C1020: Address 0x0B Data=0x38
2013/06/30 18:03:43:734  ACTION: Read C1020: Address 0x1D Data=0x00
2013/06/30 18:03:43:734  ACTION: Read C1020: Address 0x45 Data=0x6C
2013/06/30 18:03:43:734  ACTION: Read C1020: Address 0x46 Data=0x66
2013/06/30 18:03:43:750  ACTION: Read C1020: Address 0x47 Data=0x44
2013/06/30 18:03:43:765  ACTION: Write PRB FPGA: Address=0x3024 Data=0x35
2013/06/30 18:03:43:765  ACTION: Write PRB FPGA: Address=0x3026 Data=0xD8
2013/06/30 18:03:43:765  ACTION: Write PRB FPGA: Address=0x3028 Data=0x15
2013/06/30 18:03:43:765  ACTION: Write PRB FPGA: Address=0x302C Data=0x35
2013/06/30 18:03:43:765  ACTION: Write PRB FPGA: Address=0x302E Data=0xE2
2013/06/30 18:03:43:781  ACTION: Write PRB FPGA: Address=0x3030 Data=0xBF
2013/06/30 18:03:43:781  ACTION: Write PRB FPGA: Address=0x305E Data=0x35
2013/06/30 18:03:43:781  ACTION: Write PRB FPGA: Address=0x3060 Data=0xD8
2013/06/30 18:03:43:781  ACTION: Write PRB FPGA: Address=0x3062 Data=0x15
2013/06/30 18:03:43:781  ACTION: Write PRB FPGA: Address=0x3066 Data=0x35
2013/06/30 18:03:43:781  ACTION: Write PRB FPGA: Address=0x3068 Data=0xE2
2013/06/30 18:03:43:781  ACTION: Write PRB FPGA: Address=0x306A Data=0xBF
2013/06/30 18:03:43:781  ACTION: Calibrate CC1020
2013/06/30 18:03:43:890  INFO:   CC1020 calibration passed
2013/06/30 18:03:44:187  ACTION: Read PRB FPGA: Address=0x2012 Data=0x00
2013/06/30 18:03:44:187  ACTION: Read C1020: Address 0x04 Data=0x35
2013/06/30 18:03:44:187  ACTION: Read C1020: Address 0x05 Data=0xD8
2013/06/30 18:03:44:203  ACTION: Read C1020: Address 0x06 Data=0x15
2013/06/30 18:03:44:203  ACTION: Read C1020: Address 0x07 Data=0x38
2013/06/30 18:03:44:203  ACTION: Read C1020: Address 0x08 Data=0x35
2013/06/30 18:03:44:203  ACTION: Read C1020: Address 0x09 Data=0xE2
2013/06/30 18:03:44:203  ACTION: Read C1020: Address 0x0A Data=0xBF
2013/06/30 18:03:44:203  ACTION: Read C1020: Address 0x0B Data=0x38
2013/06/30 18:03:44:203  ACTION: Read C1020: Address 0x1D Data=0x00
2013/06/30 18:03:44:203  ACTION: Read C1020: Address 0x45 Data=0x6C
2013/06/30 18:03:44:218  ACTION: Read C1020: Address 0x46 Data=0x66
2013/06/30 18:03:44:218  ACTION: Read C1020: Address 0x47 Data=0x44
2013/06/30 18:03:44:218  ACTION: Write PRB FPGA: Address=0x3024 Data=0x35
2013/06/30 18:03:44:218  ACTION: Write PRB FPGA: Address=0x3026 Data=0xF0
2013/06/30 18:03:44:218  ACTION: Write PRB FPGA: Address=0x3028 Data=0x21
2013/06/30 18:03:44:218  ACTION: Write PRB FPGA: Address=0x302C Data=0x35
2013/06/30 18:03:44:218  ACTION: Write PRB FPGA: Address=0x302E Data=0xFA
2013/06/30 18:03:44:218  ACTION: Write PRB FPGA: Address=0x3030 Data=0xCB
2013/06/30 18:03:44:218  ACTION: Calibrate CC1020
2013/06/30 18:03:44:312  INFO:   CC1020 calibration passed
2013/06/30 18:03:44:609  ACTION: Read PRB FPGA: Address=0x2012 Data=0x00
2013/06/30 18:03:44:625  ACTION: Read C1020: Address 0x04 Data=0x35
2013/06/30 18:03:44:625  ACTION: Read C1020: Address 0x05 Data=0xF0
2013/06/30 18:03:44:625  ACTION: Read C1020: Address 0x06 Data=0x21
2013/06/30 18:03:44:625  ACTION: Read C1020: Address 0x07 Data=0x38
2013/06/30 18:03:44:625  ACTION: Read C1020: Address 0x08 Data=0x35
2013/06/30 18:03:44:625  ACTION: Read C1020: Address 0x09 Data=0xFA
2013/06/30 18:03:44:625  ACTION: Read C1020: Address 0x0A Data=0xCB
2013/06/30 18:03:44:625  ACTION: Read C1020: Address 0x0B Data=0x38
2013/06/30 18:03:44:640  ACTION: Read C1020: Address 0x1D Data=0x00
2013/06/30 18:03:44:640  ACTION: Read C1020: Address 0x45 Data=0x6C
2013/06/30 18:03:44:640  ACTION: Read C1020: Address 0x46 Data=0x66
2013/06/30 18:03:44:640  ACTION: Read C1020: Address 0x47 Data=0x44
2013/06/30 18:03:44:640  ACTION: Write PRB FPGA: Address=0x1008 Data=0x10
2013/06/30 18:03:45:046  ACTION: Read PRB FPGA: Address=0x1020 Data=0x00
2013/06/30 18:03:45:046  ACTION: Read PRB FPGA: Address=0x1026 Data=0x00
2013/06/30 18:03:45:046  ACTION: Read PRB FPGA: Address=0x1022 Data=0x25
2013/06/30 18:03:45:046  ACTION: Read PRB FPGA: Address=0x1024 Data=0x25
2013/06/30 18:03:45:046  ACTION: Read C1020: Address 0x04 Data=0x35
2013/06/30 18:03:45:046  ACTION: Read C1020: Address 0x05 Data=0xD8
2013/06/30 18:03:45:062  ACTION: Read C1020: Address 0x06 Data=0x15
2013/06/30 18:03:45:078  ACTION: Read C1020: Address 0x08 Data=0x35
2013/06/30 18:03:45:078  ACTION: Read C1020: Address 0x09 Data=0xE2
2013/06/30 18:03:45:078  ACTION: Read C1020: Address 0x0A Data=0xBF
2013/06/30 18:03:45:093  ACTION: Write C1020: Address=0x00 Data=0x01
2013/06/30 18:03:45:171  ACTION: Read C1020: Address 0x10 Data=0x22
2013/06/30 18:03:45:265  ACTION: Read C1020: Address 0x42 Data=0x1C
2013/06/30 18:03:45:265  ACTION: Read C1020: Address 0x42 Data=0x23
2013/06/30 18:03:45:265  ACTION: Read C1020: Address 0x42 Data=0x21
2013/06/30 18:03:45:265  ACTION: Read C1020: Address 0x42 Data=0x22
2013/06/30 18:03:45:265  ACTION: Read C1020: Address 0x42 Data=0x1E
2013/06/30 18:03:45:281  ACTION: Read C1020: Address 0x42 Data=0x22
2013/06/30 18:03:45:281  ACTION: Read C1020: Address 0x42 Data=0x22
2013/06/30 18:03:45:281  ACTION: Read C1020: Address 0x42 Data=0x1B
2013/06/30 18:03:45:281  ACTION: Read C1020: Address 0x42 Data=0x23
2013/06/30 18:03:45:281  ACTION: Read C1020: Address 0x42 Data=0x23
2013/06/30 18:03:45:296  ACTION: Write C1020: Address=0x00 Data=0x1F
2013/06/30 18:03:45:390  ACTION: Read C1020: Address 0x0D Data=0x50
2013/06/30 18:03:45:468  ACTION: Read C1020: Address 0x0E Data=0x59
2013/06/30 18:03:45:562  ACTION: Write C1020: Address=0x00 Data=0xC1
2013/06/30 18:03:45:562  ACTION: Write C1020: Address=0x0E Data=0xD9
2013/06/30 18:03:45:640  ACTION: Read C1020: Address 0x0D Data=0x50
2013/06/30 18:03:45:718  ACTION: Read C1020: Address 0x0E Data=0xD9
2013/06/30 18:03:46:218  ACTION: Write C1020: Address=0x0D Data=0x54
2013/06/30 18:03:46:312  ACTION: Read C1020: Address 0x0D Data=0x54
2013/06/30 18:03:46:390  ACTION: Read C1020: Address 0x0E Data=0xD9
2013/06/30 18:03:46:890  ACTION: Write C1020: Address=0x0E Data=0x59
2013/06/30 18:03:46:968  ACTION: Read C1020: Address 0x0D Data=0x54
2013/06/30 18:03:47:062  ACTION: Read C1020: Address 0x0E Data=0x59
2013/06/30 18:03:47:562  ACTION: Write PRB FPGA: Address=0x3024 Data=0x35
2013/06/30 18:03:47:562  ACTION: Write PRB FPGA: Address=0x3026 Data=0xF0
2013/06/30 18:03:47:562  ACTION: Write PRB FPGA: Address=0x3028 Data=0x21
2013/06/30 18:03:47:562  ACTION: Write PRB FPGA: Address=0x302C Data=0x35
2013/06/30 18:03:47:562  ACTION: Write PRB FPGA: Address=0x302E Data=0xFA
2013/06/30 18:03:47:562  ACTION: Write PRB FPGA: Address=0x3030 Data=0xCB
2013/06/30 18:03:47:562  ACTION: Write PRB FPGA: Address=0x305E Data=0x35
2013/06/30 18:03:47:578  ACTION: Write PRB FPGA: Address=0x3060 Data=0xF0
2013/06/30 18:03:47:578  ACTION: Write PRB FPGA: Address=0x3062 Data=0x21
2013/06/30 18:03:47:578  ACTION: Write PRB FPGA: Address=0x3066 Data=0x35
2013/06/30 18:03:47:578  ACTION: Write PRB FPGA: Address=0x3068 Data=0xFA
2013/06/30 18:03:47:578  ACTION: Write PRB FPGA: Address=0x306A Data=0xCB
2013/06/30 18:03:47:578  ACTION: Calibrate CC1020
2013/06/30 18:03:47:671  INFO:   CC1020 calibration passed
2013/06/30 18:03:47:968  ACTION: Read PRB FPGA: Address=0x2012 Data=0x00
2013/06/30 18:03:47:968  ACTION: Read C1020: Address 0x04 Data=0x35
2013/06/30 18:03:47:984  ACTION: Read C1020: Address 0x05 Data=0xF0
2013/06/30 18:03:47:984  ACTION: Read C1020: Address 0x06 Data=0x21
2013/06/30 18:03:47:984  ACTION: Read C1020: Address 0x07 Data=0x38
2013/06/30 18:03:47:984  ACTION: Read C1020: Address 0x08 Data=0x35
2013/06/30 18:03:48:000  ACTION: Read C1020: Address 0x09 Data=0xFA
2013/06/30 18:03:48:000  ACTION: Read C1020: Address 0x0A Data=0xCB
2013/06/30 18:03:48:000  ACTION: Read C1020: Address 0x0B Data=0x38
2013/06/30 18:03:48:000  ACTION: Read C1020: Address 0x1D Data=0x00
2013/06/30 18:03:48:000  ACTION: Read C1020: Address 0x45 Data=0x6C
2013/06/30 18:03:48:015  ACTION: Read C1020: Address 0x46 Data=0x66
2013/06/30 18:03:48:015  ACTION: Read C1020: Address 0x47 Data=0x44
2013/06/30 18:03:48:015  ACTION: Write PRB FPGA: Address=0x3024 Data=0x35
2013/06/30 18:03:48:015  ACTION: Write PRB FPGA: Address=0x3026 Data=0xF0
2013/06/30 18:03:48:015  ACTION: Write PRB FPGA: Address=0x3028 Data=0x21
2013/06/30 18:03:48:015  ACTION: Write PRB FPGA: Address=0x302C Data=0x35
2013/06/30 18:03:48:015  ACTION: Write PRB FPGA: Address=0x302E Data=0xFA
2013/06/30 18:03:48:015  ACTION: Write PRB FPGA: Address=0x3030 Data=0xCB
2013/06/30 18:03:48:015  ACTION: Calibrate CC1020
2013/06/30 18:03:48:109  INFO:   CC1020 calibration passed
2013/06/30 18:03:48:406  ACTION: Read PRB FPGA: Address=0x2012 Data=0x00
2013/06/30 18:03:48:406  ACTION: Read C1020: Address 0x04 Data=0x35
2013/06/30 18:03:48:406  ACTION: Read C1020: Address 0x05 Data=0xF0
2013/06/30 18:03:48:406  ACTION: Read C1020: Address 0x06 Data=0x21
2013/06/30 18:03:48:421  ACTION: Read C1020: Address 0x07 Data=0x38
2013/06/30 18:03:48:421  ACTION: Read C1020: Address 0x08 Data=0x35
2013/06/30 18:03:48:421  ACTION: Read C1020: Address 0x09 Data=0xFA
2013/06/30 18:03:48:421  ACTION: Read C1020: Address 0x0A Data=0xCB
2013/06/30 18:03:48:421  ACTION: Read C1020: Address 0x0B Data=0x38
2013/06/30 18:03:48:421  ACTION: Read C1020: Address 0x1D Data=0x00
2013/06/30 18:03:48:421  ACTION: Read C1020: Address 0x45 Data=0x6C
2013/06/30 18:03:48:421  ACTION: Read C1020: Address 0x46 Data=0x66
2013/06/30 18:03:48:437  ACTION: Read C1020: Address 0x47 Data=0x44
2013/06/30 18:03:48:437  ACTION: Write PRB FPGA: Address=0x1008 Data=0x10
2013/06/30 18:03:48:828  ACTION: Read PRB FPGA: Address=0x1020 Data=0x00
2013/06/30 18:03:48:843  ACTION: Read PRB FPGA: Address=0x1026 Data=0x00
2013/06/30 18:03:48:843  ACTION: Read PRB FPGA: Address=0x1022 Data=0x25
2013/06/30 18:03:48:843  ACTION: Read PRB FPGA: Address=0x1024 Data=0x28
2013/06/30 18:03:48:843  ACTION: Read C1020: Address 0x04 Data=0x35
2013/06/30 18:03:48:843  ACTION: Read C1020: Address 0x05 Data=0xF0
2013/06/30 18:03:48:843  ACTION: Read C1020: Address 0x06 Data=0x21
2013/06/30 18:03:48:843  ACTION: Read C1020: Address 0x08 Data=0x35
2013/06/30 18:03:48:843  ACTION: Read C1020: Address 0x09 Data=0xFA
2013/06/30 18:03:48:843  ACTION: Read C1020: Address 0x0A Data=0xCB
2013/06/30 18:03:48:843  ACTION: Write C1020: Address=0x00 Data=0x01
2013/06/30 18:03:48:937  ACTION: Read C1020: Address 0x10 Data=0x22
2013/06/30 18:03:49:015  ACTION: Read C1020: Address 0x42 Data=0x25
2013/06/30 18:03:49:015  ACTION: Read C1020: Address 0x42 Data=0x21
2013/06/30 18:03:49:015  ACTION: Read C1020: Address 0x42 Data=0x18
2013/06/30 18:03:49:031  ACTION: Read C1020: Address 0x42 Data=0x22
2013/06/30 18:03:49:031  ACTION: Read C1020: Address 0x42 Data=0x1C
2013/06/30 18:03:49:031  ACTION: Read C1020: Address 0x42 Data=0x1D
2013/06/30 18:03:49:031  ACTION: Read C1020: Address 0x42 Data=0x1C
2013/06/30 18:03:49:031  ACTION: Read C1020: Address 0x42 Data=0x23
2013/06/30 18:03:49:031  ACTION: Read C1020: Address 0x42 Data=0x22
2013/06/30 18:03:49:031  ACTION: Read C1020: Address 0x42 Data=0x21
2013/06/30 18:03:49:046  ACTION: Write C1020: Address=0x00 Data=0x1F
2013/06/30 18:03:49:125  ACTION: Read C1020: Address 0x0D Data=0x50
2013/06/30 18:03:49:203  ACTION: Read C1020: Address 0x0E Data=0x59
2013/06/30 18:03:49:281  ACTION: Write C1020: Address=0x00 Data=0xC1
2013/06/30 18:03:49:281  ACTION: Write C1020: Address=0x0E Data=0xD9
2013/06/30 18:03:49:375  ACTION: Read C1020: Address 0x0D Data=0x50
2013/06/30 18:03:49:453  ACTION: Read C1020: Address 0x0E Data=0xD9
2013/06/30 18:03:49:953  ACTION: Write C1020: Address=0x0D Data=0x54
2013/06/30 18:03:50:031  ACTION: Read C1020: Address 0x0D Data=0x54
2013/06/30 18:03:50:109  ACTION: Read C1020: Address 0x0E Data=0xD9
2013/06/30 18:03:50:609  ACTION: Write C1020: Address=0x0E Data=0x59
2013/06/30 18:03:50:703  ACTION: Read C1020: Address 0x0D Data=0x54
2013/06/30 18:03:50:781  ACTION: Read C1020: Address 0x0E Data=0x59
2013/06/30 18:03:51:281  ACTION: Write PRB FPGA: Address=0x3024 Data=0x35
2013/06/30 18:03:51:281  ACTION: Write PRB FPGA: Address=0x3026 Data=0xCC
2013/06/30 18:03:51:281  ACTION: Write PRB FPGA: Address=0x3028 Data=0xD3
2013/06/30 18:03:51:281  ACTION: Write PRB FPGA: Address=0x302C Data=0x35
2013/06/30 18:03:51:296  ACTION: Write PRB FPGA: Address=0x302E Data=0xD7
2013/06/30 18:03:51:296  ACTION: Write PRB FPGA: Address=0x3030 Data=0x7F
2013/06/30 18:03:51:296  ACTION: Write PRB FPGA: Address=0x305E Data=0x35
2013/06/30 18:03:51:296  ACTION: Write PRB FPGA: Address=0x3060 Data=0xCC
2013/06/30 18:03:51:296  ACTION: Write PRB FPGA: Address=0x3062 Data=0xD3
2013/06/30 18:03:51:296  ACTION: Write PRB FPGA: Address=0x3066 Data=0x35
2013/06/30 18:03:51:296  ACTION: Write PRB FPGA: Address=0x3068 Data=0xD7
2013/06/30 18:03:51:296  ACTION: Write PRB FPGA: Address=0x306A Data=0x7F
2013/06/30 18:03:51:312  ACTION: Calibrate CC1020
2013/06/30 18:03:51:390  INFO:   CC1020 calibration passed
2013/06/30 18:03:51:703  ACTION: Read PRB FPGA: Address=0x2012 Data=0x00
2013/06/30 18:03:51:703  ACTION: Read C1020: Address 0x04 Data=0x35
2013/06/30 18:03:51:703  ACTION: Read C1020: Address 0x05 Data=0xCC
2013/06/30 18:03:51:703  ACTION: Read C1020: Address 0x06 Data=0xD3
2013/06/30 18:03:51:703  ACTION: Read C1020: Address 0x07 Data=0x38
2013/06/30 18:03:51:703  ACTION: Read C1020: Address 0x08 Data=0x35
2013/06/30 18:03:51:718  ACTION: Read C1020: Address 0x09 Data=0xD7
2013/06/30 18:03:51:718  ACTION: Read C1020: Address 0x0A Data=0x7F
2013/06/30 18:03:51:718  ACTION: Read C1020: Address 0x0B Data=0x38
2013/06/30 18:03:51:718  ACTION: Read C1020: Address 0x1D Data=0x00
2013/06/30 18:03:51:718  ACTION: Read C1020: Address 0x45 Data=0x6C
2013/06/30 18:03:51:718  ACTION: Read C1020: Address 0x46 Data=0x66
2013/06/30 18:03:51:718  ACTION: Read C1020: Address 0x47 Data=0x44
2013/06/30 18:03:51:718  ACTION: Write PRB FPGA: Address=0x3024 Data=0x35
2013/06/30 18:03:51:718  ACTION: Write PRB FPGA: Address=0x3026 Data=0xF0
2013/06/30 18:03:51:734  ACTION: Write PRB FPGA: Address=0x3028 Data=0x21
2013/06/30 18:03:51:734  ACTION: Write PRB FPGA: Address=0x302C Data=0x35
2013/06/30 18:03:51:734  ACTION: Write PRB FPGA: Address=0x302E Data=0xFA
2013/06/30 18:03:51:734  ACTION: Write PRB FPGA: Address=0x3030 Data=0xCB
2013/06/30 18:03:51:734  ACTION: Calibrate CC1020
2013/06/30 18:03:51:812  INFO:   CC1020 calibration passed
2013/06/30 18:03:52:125  ACTION: Read PRB FPGA: Address=0x2012 Data=0x00
2013/06/30 18:03:52:125  ACTION: Read C1020: Address 0x04 Data=0x35
2013/06/30 18:03:52:125  ACTION: Read C1020: Address 0x05 Data=0xF0
2013/06/30 18:03:52:125  ACTION: Read C1020: Address 0x06 Data=0x21
2013/06/30 18:03:52:125  ACTION: Read C1020: Address 0x07 Data=0x38
2013/06/30 18:03:52:125  ACTION: Read C1020: Address 0x08 Data=0x35
2013/06/30 18:03:52:125  ACTION: Read C1020: Address 0x09 Data=0xFA
2013/06/30 18:03:52:140  ACTION: Read C1020: Address 0x0A Data=0xCB
2013/06/30 18:03:52:140  ACTION: Read C1020: Address 0x0B Data=0x38
2013/06/30 18:03:52:140  ACTION: Read C1020: Address 0x1D Data=0x00
2013/06/30 18:03:52:140  ACTION: Read C1020: Address 0x45 Data=0x6C
2013/06/30 18:03:52:140  ACTION: Read C1020: Address 0x46 Data=0x66
2013/06/30 18:03:52:140  ACTION: Read C1020: Address 0x47 Data=0x44
2013/06/30 18:03:52:140  ACTION: Write PRB FPGA: Address=0x1008 Data=0x10
2013/06/30 18:03:52:546  ACTION: Read PRB FPGA: Address=0x1020 Data=0x01
2013/06/30 18:03:52:546  ACTION: Read PRB FPGA: Address=0x1026 Data=0x01
2013/06/30 18:03:52:546  ACTION: Read PRB FPGA: Address=0x1022 Data=0x27
2013/06/30 18:03:52:546  ACTION: Read PRB FPGA: Address=0x1024 Data=0x26
2013/06/30 18:03:52:562  ACTION: Read C1020: Address 0x04 Data=0x35
2013/06/30 18:03:52:562  ACTION: Read C1020: Address 0x05 Data=0xCC
2013/06/30 18:03:52:562  ACTION: Read C1020: Address 0x06 Data=0xD3
2013/06/30 18:03:52:562  ACTION: Read C1020: Address 0x08 Data=0x35
2013/06/30 18:03:52:562  ACTION: Read C1020: Address 0x09 Data=0xD7
2013/06/30 18:03:52:562  ACTION: Read C1020: Address 0x0A Data=0x7F
2013/06/30 18:03:52:562  ACTION: Write C1020: Address=0x00 Data=0x01
2013/06/30 18:03:52:640  ACTION: Read C1020: Address 0x10 Data=0x22
2013/06/30 18:03:52:734  ACTION: Read C1020: Address 0x42 Data=0x21
2013/06/30 18:03:52:734  ACTION: Read C1020: Address 0x42 Data=0x22
2013/06/30 18:03:52:734  ACTION: Read C1020: Address 0x42 Data=0x21
2013/06/30 18:03:52:734  ACTION: Read C1020: Address 0x42 Data=0x24
2013/06/30 18:03:52:734  ACTION: Read C1020: Address 0x42 Data=0x24
2013/06/30 18:03:52:734  ACTION: Read C1020: Address 0x42 Data=0x22
2013/06/30 18:03:52:734  ACTION: Read C1020: Address 0x42 Data=0x1F
2013/06/30 18:03:52:734  ACTION: Read C1020: Address 0x42 Data=0x1B
2013/06/30 18:03:52:750  ACTION: Read C1020: Address 0x42 Data=0x24
2013/06/30 18:03:52:750  ACTION: Read C1020: Address 0x42 Data=0x20
2013/06/30 18:03:52:750  ACTION: Write C1020: Address=0x00 Data=0x1F
2013/06/30 18:03:52:828  ACTION: Read C1020: Address 0x0D Data=0x50
2013/06/30 18:03:52:906  ACTION: Read C1020: Address 0x0E Data=0x59
2013/06/30 18:03:52:984  ACTION: Write C1020: Address=0x00 Data=0xC1
2013/06/30 18:03:53:000  ACTION: Write C1020: Address=0x0E Data=0xD9
2013/06/30 18:03:53:078  ACTION: Read C1020: Address 0x0D Data=0x50
2013/06/30 18:03:53:156  ACTION: Read C1020: Address 0x0E Data=0xD9
2013/06/30 18:03:53:656  ACTION: Write C1020: Address=0x0D Data=0x54
2013/06/30 18:03:53:734  ACTION: Read C1020: Address 0x0D Data=0x54
2013/06/30 18:03:53:828  ACTION: Read C1020: Address 0x0E Data=0xD9
2013/06/30 18:03:54:328  ACTION: Write C1020: Address=0x0E Data=0x59
2013/06/30 18:03:54:406  ACTION: Read C1020: Address 0x0D Data=0x54
2013/06/30 18:03:54:484  ACTION: Read C1020: Address 0x0E Data=0x59
2013/06/30 18:03:54:984  ACTION: Write PRB FPGA: Address=0x3024 Data=0x35
2013/06/30 18:03:54:984  ACTION: Write PRB FPGA: Address=0x3026 Data=0x16
2013/06/30 18:03:54:984  ACTION: Write PRB FPGA: Address=0x3028 Data=0x87
2013/06/30 18:03:54:984  ACTION: Write PRB FPGA: Address=0x302C Data=0x35
2013/06/30 18:03:55:000  ACTION: Write PRB FPGA: Address=0x302E Data=0x21
2013/06/30 18:03:55:000  ACTION: Write PRB FPGA: Address=0x3030 Data=0x31
2013/06/30 18:03:55:000  ACTION: Write PRB FPGA: Address=0x305E Data=0x36
2013/06/30 18:03:55:000  ACTION: Write PRB FPGA: Address=0x3060 Data=0x16
2013/06/30 18:03:55:000  ACTION: Write PRB FPGA: Address=0x3062 Data=0x87
2013/06/30 18:03:55:000  ACTION: Write PRB FPGA: Address=0x3066 Data=0x36
2013/06/30 18:03:55:000  ACTION: Write PRB FPGA: Address=0x3068 Data=0x21
2013/06/30 18:03:55:000  ACTION: Write PRB FPGA: Address=0x306A Data=0x31
2013/06/30 18:03:55:015  ACTION: Calibrate CC1020
2013/06/30 18:03:55:093  INFO:   CC1020 calibration passed
2013/06/30 18:03:55:406  ACTION: Read PRB FPGA: Address=0x2012 Data=0x00
2013/06/30 18:03:55:406  ACTION: Read C1020: Address 0x04 Data=0x35
2013/06/30 18:03:55:406  ACTION: Read C1020: Address 0x05 Data=0x16
2013/06/30 18:03:55:406  ACTION: Read C1020: Address 0x06 Data=0x87
2013/06/30 18:03:55:406  ACTION: Read C1020: Address 0x07 Data=0x38
2013/06/30 18:03:55:406  ACTION: Read C1020: Address 0x08 Data=0x35
2013/06/30 18:03:55:421  ACTION: Read C1020: Address 0x09 Data=0x21
2013/06/30 18:03:55:421  ACTION: Read C1020: Address 0x0A Data=0x31
2013/06/30 18:03:55:421  ACTION: Read C1020: Address 0x0B Data=0x38
2013/06/30 18:03:55:421  ACTION: Read C1020: Address 0x1D Data=0x00
2013/06/30 18:03:55:421  ACTION: Read C1020: Address 0x45 Data=0x6C
2013/06/30 18:03:55:421  ACTION: Read C1020: Address 0x46 Data=0x64
2013/06/30 18:03:55:421  ACTION: Read C1020: Address 0x47 Data=0x44
2013/06/30 18:03:55:421  ACTION: Write PRB FPGA: Address=0x3024 Data=0x35
2013/06/30 18:03:55:421  ACTION: Write PRB FPGA: Address=0x3026 Data=0xF0
2013/06/30 18:03:55:421  ACTION: Write PRB FPGA: Address=0x3028 Data=0x21
2013/06/30 18:03:55:437  ACTION: Write PRB FPGA: Address=0x302C Data=0x35
2013/06/30 18:03:55:437  ACTION: Write PRB FPGA: Address=0x302E Data=0xFA
2013/06/30 18:03:55:437  ACTION: Write PRB FPGA: Address=0x3030 Data=0xCB
2013/06/30 18:03:55:437  ACTION: Calibrate CC1020
2013/06/30 18:03:55:515  INFO:   CC1020 calibration passed
2013/06/30 18:03:55:828  ACTION: Read PRB FPGA: Address=0x2012 Data=0x00
2013/06/30 18:03:55:828  ACTION: Read C1020: Address 0x04 Data=0x35
2013/06/30 18:03:55:828  ACTION: Read C1020: Address 0x05 Data=0xF0
2013/06/30 18:03:55:828  ACTION: Read C1020: Address 0x06 Data=0x21
2013/06/30 18:03:55:828  ACTION: Read C1020: Address 0x07 Data=0x38
2013/06/30 18:03:55:828  ACTION: Read C1020: Address 0x08 Data=0x35
2013/06/30 18:03:55:843  ACTION: Read C1020: Address 0x09 Data=0xFA
2013/06/30 18:03:55:843  ACTION: Read C1020: Address 0x0A Data=0xCB
2013/06/30 18:03:55:843  ACTION: Read C1020: Address 0x0B Data=0x38
2013/06/30 18:03:55:843  ACTION: Read C1020: Address 0x1D Data=0x00
2013/06/30 18:03:55:843  ACTION: Read C1020: Address 0x45 Data=0x6C
2013/06/30 18:03:55:843  ACTION: Read C1020: Address 0x46 Data=0x66
2013/06/30 18:03:55:843  ACTION: Read C1020: Address 0x47 Data=0x44
2013/06/30 18:03:55:843  ACTION: Write PRB FPGA: Address=0x1008 Data=0x10
2013/06/30 18:03:56:250  ACTION: Read PRB FPGA: Address=0x1020 Data=0x01
2013/06/30 18:03:56:250  ACTION: Read PRB FPGA: Address=0x1026 Data=0x01
2013/06/30 18:03:56:250  ACTION: Read PRB FPGA: Address=0x1022 Data=0x26
2013/06/30 18:03:56:265  ACTION: Read PRB FPGA: Address=0x1024 Data=0x25
2013/06/30 18:03:56:265  ACTION: Read C1020: Address 0x04 Data=0x36
2013/06/30 18:03:56:265  ACTION: Read C1020: Address 0x05 Data=0x16
2013/06/30 18:03:56:265  ACTION: Read C1020: Address 0x06 Data=0x87
2013/06/30 18:03:56:265  ACTION: Read C1020: Address 0x08 Data=0x36
2013/06/30 18:03:56:265  ACTION: Read C1020: Address 0x09 Data=0x21
2013/06/30 18:03:56:265  ACTION: Read C1020: Address 0x0A Data=0x31
2013/06/30 18:03:56:265  ACTION: Write C1020: Address=0x00 Data=0x01
2013/06/30 18:03:56:359  ACTION: Read C1020: Address 0x10 Data=0x22
2013/06/30 18:03:56:437  ACTION: Read C1020: Address 0x42 Data=0x1B
2013/06/30 18:03:56:437  ACTION: Read C1020: Address 0x42 Data=0x21
2013/06/30 18:03:56:437  ACTION: Read C1020: Address 0x42 Data=0x1E
2013/06/30 18:03:56:437  ACTION: Read C1020: Address 0x42 Data=0x21
2013/06/30 18:03:56:437  ACTION: Read C1020: Address 0x42 Data=0x20
2013/06/30 18:03:56:437  ACTION: Read C1020: Address 0x42 Data=0x21
2013/06/30 18:03:56:453  ACTION: Read C1020: Address 0x42 Data=0x1F
2013/06/30 18:03:56:453  ACTION: Read C1020: Address 0x42 Data=0x1E
2013/06/30 18:03:56:453  ACTION: Read C1020: Address 0x42 Data=0x20
2013/06/30 18:03:56:453  ACTION: Read C1020: Address 0x42 Data=0x1E
2013/06/30 18:03:56:453  ACTION: Write C1020: Address=0x00 Data=0x1F
2013/06/30 18:03:56:531  ACTION: Read C1020: Address 0x0D Data=0x50
2013/06/30 18:03:56:625  ACTION: Read C1020: Address 0x0E Data=0x59
2013/06/30 18:03:56:703  ACTION: Write C1020: Address=0x00 Data=0xC1
2013/06/30 18:03:56:703  ACTION: Write C1020: Address=0x0E Data=0xD9
2013/06/30 18:03:56:781  ACTION: Read C1020: Address 0x0D Data=0x50
2013/06/30 18:03:56:859  ACTION: Read C1020: Address 0x0E Data=0xD9
2013/06/30 18:03:57:359  ACTION: Write C1020: Address=0x0D Data=0x54
2013/06/30 18:03:57:453  ACTION: Read C1020: Address 0x0D Data=0x54
2013/06/30 18:03:57:531  ACTION: Read C1020: Address 0x0E Data=0xD9
2013/06/30 18:03:58:031  ACTION: Write C1020: Address=0x0E Data=0x59
2013/06/30 18:03:58:109  ACTION: Read C1020: Address 0x0D Data=0x54
2013/06/30 18:03:58:187  ACTION: Read C1020: Address 0x0E Data=0x59
2013/06/30 18:03:58:687  ACTION: Write PRB FPGA: Address=0x3024 Data=0x35
2013/06/30 18:03:58:703  ACTION: Write PRB FPGA: Address=0x3026 Data=0xD4
2013/06/30 18:03:58:703  ACTION: Write PRB FPGA: Address=0x3028 Data=0xB3
2013/06/30 18:03:58:703  ACTION: Write PRB FPGA: Address=0x302C Data=0x35
2013/06/30 18:03:58:703  ACTION: Write PRB FPGA: Address=0x302E Data=0xDF
2013/06/30 18:03:58:703  ACTION: Write PRB FPGA: Address=0x3030 Data=0x5D
2013/06/30 18:03:58:703  ACTION: Write PRB FPGA: Address=0x305E Data=0x35
2013/06/30 18:03:58:703  ACTION: Write PRB FPGA: Address=0x3060 Data=0xD4
2013/06/30 18:03:58:703  ACTION: Write PRB FPGA: Address=0x3062 Data=0xB3
2013/06/30 18:03:58:718  ACTION: Write PRB FPGA: Address=0x3066 Data=0x35
2013/06/30 18:03:58:718  ACTION: Write PRB FPGA: Address=0x3068 Data=0xDF
2013/06/30 18:03:58:718  ACTION: Write PRB FPGA: Address=0x306A Data=0x5D
2013/06/30 18:03:58:718  ACTION: Calibrate CC1020
2013/06/30 18:03:58:812  INFO:   CC1020 calibration passed
2013/06/30 18:03:59:125  ACTION: Read PRB FPGA: Address=0x2012 Data=0x00
2013/06/30 18:03:59:125  ACTION: Read C1020: Address 0x04 Data=0x35
2013/06/30 18:03:59:125  ACTION: Read C1020: Address 0x05 Data=0xD4
2013/06/30 18:03:59:125  ACTION: Read C1020: Address 0x06 Data=0xB3
2013/06/30 18:03:59:125  ACTION: Read C1020: Address 0x07 Data=0x38
2013/06/30 18:03:59:125  ACTION: Read C1020: Address 0x08 Data=0x35
2013/06/30 18:03:59:125  ACTION: Read C1020: Address 0x09 Data=0xDF
2013/06/30 18:03:59:125  ACTION: Read C1020: Address 0x0A Data=0x5D
2013/06/30 18:03:59:140  ACTION: Read C1020: Address 0x0B Data=0x38
2013/06/30 18:03:59:140  ACTION: Read C1020: Address 0x1D Data=0x00
2013/06/30 18:03:59:140  ACTION: Read C1020: Address 0x45 Data=0x6C
2013/06/30 18:03:59:140  ACTION: Read C1020: Address 0x46 Data=0x66
2013/06/30 18:03:59:140  ACTION: Read C1020: Address 0x47 Data=0x44
2013/06/30 18:03:59:140  ACTION: Write PRB FPGA: Address=0x3024 Data=0x35
2013/06/30 18:03:59:140  ACTION: Write PRB FPGA: Address=0x3026 Data=0xF0
2013/06/30 18:03:59:140  ACTION: Write PRB FPGA: Address=0x3028 Data=0x21
2013/06/30 18:03:59:140  ACTION: Write PRB FPGA: Address=0x302C Data=0x35
2013/06/30 18:03:59:140  ACTION: Write PRB FPGA: Address=0x302E Data=0xFA
2013/06/30 18:03:59:156  ACTION: Write PRB FPGA: Address=0x3030 Data=0xCB
2013/06/30 18:03:59:156  ACTION: Calibrate CC1020
2013/06/30 18:03:59:234  INFO:   CC1020 calibration passed
2013/06/30 18:03:59:531  ACTION: Read PRB FPGA: Address=0x2012 Data=0x00
2013/06/30 18:03:59:546  ACTION: Read C1020: Address 0x04 Data=0x35
2013/06/30 18:03:59:546  ACTION: Read C1020: Address 0x05 Data=0xF0
2013/06/30 18:03:59:546  ACTION: Read C1020: Address 0x06 Data=0x21
2013/06/30 18:03:59:546  ACTION: Read C1020: Address 0x07 Data=0x38
2013/06/30 18:03:59:546  ACTION: Read C1020: Address 0x08 Data=0x35
2013/06/30 18:03:59:546  ACTION: Read C1020: Address 0x09 Data=0xFA
2013/06/30 18:03:59:546  ACTION: Read C1020: Address 0x0A Data=0xCB
2013/06/30 18:03:59:546  ACTION: Read C1020: Address 0x0B Data=0x38
2013/06/30 18:03:59:562  ACTION: Read C1020: Address 0x1D Data=0x00
2013/06/30 18:03:59:562  ACTION: Read C1020: Address 0x45 Data=0x6C
2013/06/30 18:03:59:562  ACTION: Read C1020: Address 0x46 Data=0x66
2013/06/30 18:03:59:562  ACTION: Read C1020: Address 0x47 Data=0x44
2013/06/30 18:03:59:562  ACTION: Write PRB FPGA: Address=0x1008 Data=0x10
2013/06/30 18:03:59:968  ACTION: Read PRB FPGA: Address=0x1020 Data=0x00
2013/06/30 18:03:59:968  ACTION: Read PRB FPGA: Address=0x1026 Data=0x00
2013/06/30 18:03:59:968  ACTION: Read PRB FPGA: Address=0x1022 Data=0x25
2013/06/30 18:03:59:968  ACTION: Read PRB FPGA: Address=0x1024 Data=0x25
2013/06/30 18:03:59:968  ACTION: Read C1020: Address 0x04 Data=0x35
2013/06/30 18:03:59:968  ACTION: Read C1020: Address 0x05 Data=0xD4
2013/06/30 18:03:59:968  ACTION: Read C1020: Address 0x06 Data=0xB3
2013/06/30 18:03:59:984  ACTION: Read C1020: Address 0x08 Data=0x35
2013/06/30 18:03:59:984  ACTION: Read C1020: Address 0x09 Data=0xDF
2013/06/30 18:03:59:984  ACTION: Read C1020: Address 0x0A Data=0x5D
2013/06/30 18:03:59:984  ACTION: Write C1020: Address=0x00 Data=0x01
2013/06/30 18:04:00:062  ACTION: Read C1020: Address 0x10 Data=0x22
2013/06/30 18:04:00:140  ACTION: Read C1020: Address 0x42 Data=0x20
2013/06/30 18:04:00:156  ACTION: Read C1020: Address 0x42 Data=0x19
2013/06/30 18:04:00:156  ACTION: Read C1020: Address 0x42 Data=0x21
2013/06/30 18:04:00:156  ACTION: Read C1020: Address 0x42 Data=0x21
2013/06/30 18:04:00:156  ACTION: Read C1020: Address 0x42 Data=0x1E
2013/06/30 18:04:00:156  ACTION: Read C1020: Address 0x42 Data=0x1D
2013/06/30 18:04:00:156  ACTION: Read C1020: Address 0x42 Data=0x1B
2013/06/30 18:04:00:156  ACTION: Read C1020: Address 0x42 Data=0x20
2013/06/30 18:04:00:156  ACTION: Read C1020: Address 0x42 Data=0x21
2013/06/30 18:04:00:171  ACTION: Read C1020: Address 0x42 Data=0x1F
2013/06/30 18:04:00:171  ACTION: Write C1020: Address=0x00 Data=0x1F
2013/06/30 18:04:00:250  ACTION: Read C1020: Address 0x0D Data=0x50
2013/06/30 18:04:00:328  ACTION: Read C1020: Address 0x0E Data=0x59
2013/06/30 18:04:00:406  ACTION: Write C1020: Address=0x00 Data=0xC1
2013/06/30 18:04:00:406  ACTION: Write C1020: Address=0x0E Data=0xD9
2013/06/30 18:04:00:500  ACTION: Read C1020: Address 0x0D Data=0x50
2013/06/30 18:04:00:578  ACTION: Read C1020: Address 0x0E Data=0xD9
2013/06/30 18:04:01:078  ACTION: Write C1020: Address=0x0D Data=0x54
2013/06/30 18:04:01:156  ACTION: Read C1020: Address 0x0D Data=0x54
2013/06/30 18:04:01:234  ACTION: Read C1020: Address 0x0E Data=0xD9
2013/06/30 18:04:01:734  ACTION: Write C1020: Address=0x0E Data=0x59
2013/06/30 18:04:01:828  ACTION: Read C1020: Address 0x0D Data=0x54
2013/06/30 18:04:01:906  ACTION: Read C1020: Address 0x0E Data=0x59
2013/06/30 18:04:02:406  ACTION: Write PRB FPGA: Address=0x3024 Data=0x35
2013/06/30 18:04:02:406  ACTION: Write PRB FPGA: Address=0x3026 Data=0xC9
2013/06/30 18:04:02:406  ACTION: Write PRB FPGA: Address=0x3028 Data=0xB9
2013/06/30 18:04:02:406  ACTION: Write PRB FPGA: Address=0x302C Data=0x35
2013/06/30 18:04:02:406  ACTION: Write PRB FPGA: Address=0x302E Data=0xD4
2013/06/30 18:04:02:421  ACTION: Write PRB FPGA: Address=0x3030 Data=0x65
2013/06/30 18:04:02:421  ACTION: Write PRB FPGA: Address=0x305E Data=0x35
2013/06/30 18:04:02:421  ACTION: Write PRB FPGA: Address=0x3060 Data=0xC9
2013/06/30 18:04:02:421  ACTION: Write PRB FPGA: Address=0x3062 Data=0xB9
2013/06/30 18:04:02:421  ACTION: Write PRB FPGA: Address=0x3066 Data=0x35
2013/06/30 18:04:02:421  ACTION: Write PRB FPGA: Address=0x3068 Data=0xD4
2013/06/30 18:04:02:421  ACTION: Write PRB FPGA: Address=0x306A Data=0x65
2013/06/30 18:04:02:421  ACTION: Calibrate CC1020
2013/06/30 18:04:02:531  INFO:   CC1020 calibration passed
2013/06/30 18:04:02:828  ACTION: Read PRB FPGA: Address=0x2012 Data=0x00
2013/06/30 18:04:02:828  ACTION: Read C1020: Address 0x04 Data=0x35
2013/06/30 18:04:02:828  ACTION: Read C1020: Address 0x05 Data=0xC9
2013/06/30 18:04:02:828  ACTION: Read C1020: Address 0x06 Data=0xB9
2013/06/30 18:04:02:828  ACTION: Read C1020: Address 0x07 Data=0x38
2013/06/30 18:04:02:843  ACTION: Read C1020: Address 0x08 Data=0x35
2013/06/30 18:04:02:843  ACTION: Read C1020: Address 0x09 Data=0xD4
2013/06/30 18:04:02:843  ACTION: Read C1020: Address 0x0A Data=0x65
2013/06/30 18:04:02:843  ACTION: Read C1020: Address 0x0B Data=0x38
2013/06/30 18:04:02:843  ACTION: Read C1020: Address 0x1D Data=0x00
2013/06/30 18:04:02:843  ACTION: Read C1020: Address 0x45 Data=0x6C
2013/06/30 18:04:02:843  ACTION: Read C1020: Address 0x46 Data=0x66
2013/06/30 18:04:02:843  ACTION: Read C1020: Address 0x47 Data=0x44
2013/06/30 18:04:02:843  ACTION: Write PRB FPGA: Address=0x3024 Data=0x35
2013/06/30 18:04:02:859  ACTION: Write PRB FPGA: Address=0x3026 Data=0xF0
2013/06/30 18:04:02:859  ACTION: Write PRB FPGA: Address=0x3028 Data=0x21
2013/06/30 18:04:02:859  ACTION: Write PRB FPGA: Address=0x302C Data=0x35
2013/06/30 18:04:02:859  ACTION: Write PRB FPGA: Address=0x302E Data=0xFA
2013/06/30 18:04:02:859  ACTION: Write PRB FPGA: Address=0x3030 Data=0xCB
2013/06/30 18:04:02:859  ACTION: Calibrate CC1020
2013/06/30 18:04:02:953  INFO:   CC1020 calibration passed
2013/06/30 18:04:03:250  ACTION: Read PRB FPGA: Address=0x2012 Data=0x00
2013/06/30 18:04:03:250  ACTION: Read C1020: Address 0x04 Data=0x35
2013/06/30 18:04:03:250  ACTION: Read C1020: Address 0x05 Data=0xF0
2013/06/30 18:04:03:250  ACTION: Read C1020: Address 0x06 Data=0x21
2013/06/30 18:04:03:250  ACTION: Read C1020: Address 0x07 Data=0x38
2013/06/30 18:04:03:265  ACTION: Read C1020: Address 0x08 Data=0x35
2013/06/30 18:04:03:265  ACTION: Read C1020: Address 0x09 Data=0xFA
2013/06/30 18:04:03:265  ACTION: Read C1020: Address 0x0A Data=0xCB
2013/06/30 18:04:03:265  ACTION: Read C1020: Address 0x0B Data=0x38
2013/06/30 18:04:03:265  ACTION: Read C1020: Address 0x1D Data=0x00
2013/06/30 18:04:03:265  ACTION: Read C1020: Address 0x45 Data=0x6C
2013/06/30 18:04:03:265  ACTION: Read C1020: Address 0x46 Data=0x66
2013/06/30 18:04:03:265  ACTION: Read C1020: Address 0x47 Data=0x44
2013/06/30 18:04:03:265  ACTION: Write PRB FPGA: Address=0x1008 Data=0x10
2013/06/30 18:04:03:671  ACTION: Read PRB FPGA: Address=0x1020 Data=0x00
2013/06/30 18:04:03:671  ACTION: Read PRB FPGA: Address=0x1026 Data=0x00
2013/06/30 18:04:03:687  ACTION: Read PRB FPGA: Address=0x1022 Data=0x25
2013/06/30 18:04:03:687  ACTION: Read PRB FPGA: Address=0x1024 Data=0x25
2013/06/30 18:04:03:687  ACTION: Read C1020: Address 0x04 Data=0x35
2013/06/30 18:04:03:687  ACTION: Read C1020: Address 0x05 Data=0xC9
2013/06/30 18:04:03:687  ACTION: Read C1020: Address 0x06 Data=0xB9
2013/06/30 18:04:03:687  ACTION: Read C1020: Address 0x08 Data=0x35
2013/06/30 18:04:03:687  ACTION: Read C1020: Address 0x09 Data=0xD4
2013/06/30 18:04:03:687  ACTION: Read C1020: Address 0x0A Data=0x65
2013/06/30 18:04:03:687  ACTION: Write C1020: Address=0x00 Data=0x01
2013/06/30 18:04:03:781  ACTION: Read C1020: Address 0x10 Data=0x22
2013/06/30 18:04:03:859  ACTION: Read C1020: Address 0x42 Data=0x22
2013/06/30 18:04:03:859  ACTION: Read C1020: Address 0x42 Data=0x23
2013/06/30 18:04:03:859  ACTION: Read C1020: Address 0x42 Data=0x23
2013/06/30 18:04:03:859  ACTION: Read C1020: Address 0x42 Data=0x23
2013/06/30 18:04:03:859  ACTION: Read C1020: Address 0x42 Data=0x1F
2013/06/30 18:04:03:859  ACTION: Read C1020: Address 0x42 Data=0x20
2013/06/30 18:04:03:875  ACTION: Read C1020: Address 0x42 Data=0x20
2013/06/30 18:04:03:875  ACTION: Read C1020: Address 0x42 Data=0x25
2013/06/30 18:04:03:875  ACTION: Read C1020: Address 0x42 Data=0x24
2013/06/30 18:04:03:875  ACTION: Read C1020: Address 0x42 Data=0x1F
2013/06/30 18:04:03:875  ACTION: Write C1020: Address=0x00 Data=0x1F
2013/06/30 18:04:03:953  ACTION: Read C1020: Address 0x0D Data=0x50
2013/06/30 18:04:04:046  ACTION: Read C1020: Address 0x0E Data=0x59
2013/06/30 18:04:04:125  ACTION: Write C1020: Address=0x00 Data=0xC1
2013/06/30 18:04:04:125  ACTION: Write C1020: Address=0x0E Data=0xD9
2013/06/30 18:04:04:203  ACTION: Read C1020: Address 0x0D Data=0x50
2013/06/30 18:04:04:281  ACTION: Read C1020: Address 0x0E Data=0xD9
2013/06/30 18:04:04:781  ACTION: Write C1020: Address=0x0D Data=0x54
2013/06/30 18:04:04:875  ACTION: Read C1020: Address 0x0D Data=0x54
2013/06/30 18:04:04:953  ACTION: Read C1020: Address 0x0E Data=0xD9
2013/06/30 18:04:05:453  ACTION: Write C1020: Address=0x0E Data=0x59
2013/06/30 18:04:05:531  ACTION: Read C1020: Address 0x0D Data=0x54
2013/06/30 18:04:05:609  ACTION: Read C1020: Address 0x0E Data=0x59
2013/06/30 18:04:06:109  ACTION: Write PRB FPGA: Address=0x3024 Data=0x36
2013/06/30 18:04:06:109  ACTION: Write PRB FPGA: Address=0x3026 Data=0x13
2013/06/30 18:04:06:125  ACTION: Write PRB FPGA: Address=0x3028 Data=0x29
2013/06/30 18:04:06:125  ACTION: Write PRB FPGA: Address=0x302C Data=0x36
2013/06/30 18:04:06:125  ACTION: Write PRB FPGA: Address=0x302E Data=0x1D
2013/06/30 18:04:06:125  ACTION: Write PRB FPGA: Address=0x3030 Data=0xD3
2013/06/30 18:04:06:125  ACTION: Write PRB FPGA: Address=0x305E Data=0x36
2013/06/30 18:04:06:125  ACTION: Write PRB FPGA: Address=0x3060 Data=0x13
2013/06/30 18:04:06:125  ACTION: Write PRB FPGA: Address=0x3062 Data=0x29
2013/06/30 18:04:06:125  ACTION: Write PRB FPGA: Address=0x3066 Data=0x36
2013/06/30 18:04:06:140  ACTION: Write PRB FPGA: Address=0x3068 Data=0x1D
2013/06/30 18:04:06:140  ACTION: Write PRB FPGA: Address=0x306A Data=0xD3
2013/06/30 18:04:06:140  ACTION: Calibrate CC1020
2013/06/30 18:04:06:234  INFO:   CC1020 calibration passed
2013/06/30 18:04:06:531  ACTION: Read PRB FPGA: Address=0x2012 Data=0x00
2013/06/30 18:04:06:531  ACTION: Read C1020: Address 0x04 Data=0x36
2013/06/30 18:04:06:546  ACTION: Read C1020: Address 0x05 Data=0x13
2013/06/30 18:04:06:546  ACTION: Read C1020: Address 0x06 Data=0x29
2013/06/30 18:04:06:546  ACTION: Read C1020: Address 0x07 Data=0x38
2013/06/30 18:04:06:546  ACTION: Read C1020: Address 0x08 Data=0x36
2013/06/30 18:04:06:546  ACTION: Read C1020: Address 0x09 Data=0x1D
2013/06/30 18:04:06:546  ACTION: Read C1020: Address 0x0A Data=0xD3
2013/06/30 18:04:06:546  ACTION: Read C1020: Address 0x0B Data=0x38
2013/06/30 18:04:06:546  ACTION: Read C1020: Address 0x1D Data=0x00
2013/06/30 18:04:06:562  ACTION: Read C1020: Address 0x45 Data=0x5C
2013/06/30 18:04:06:562  ACTION: Read C1020: Address 0x46 Data=0x67
2013/06/30 18:04:06:562  ACTION: Read C1020: Address 0x47 Data=0x44
2013/06/30 18:04:06:562  ACTION: Write PRB FPGA: Address=0x3024 Data=0x35
2013/06/30 18:04:06:562  ACTION: Write PRB FPGA: Address=0x3026 Data=0xF0
2013/06/30 18:04:06:562  ACTION: Write PRB FPGA: Address=0x3028 Data=0x21
2013/06/30 18:04:06:562  ACTION: Write PRB FPGA: Address=0x302C Data=0x35
2013/06/30 18:04:06:562  ACTION: Write PRB FPGA: Address=0x302E Data=0xFA
2013/06/30 18:04:06:562  ACTION: Write PRB FPGA: Address=0x3030 Data=0xCB
2013/06/30 18:04:06:562  ACTION: Calibrate CC1020
2013/06/30 18:04:06:656  INFO:   CC1020 calibration passed
2013/06/30 18:04:06:953  ACTION: Read PRB FPGA: Address=0x2012 Data=0x00
2013/06/30 18:04:06:953  ACTION: Read C1020: Address 0x04 Data=0x35
2013/06/30 18:04:06:968  ACTION: Read C1020: Address 0x05 Data=0xF0
2013/06/30 18:04:06:968  ACTION: Read C1020: Address 0x06 Data=0x21
2013/06/30 18:04:06:968  ACTION: Read C1020: Address 0x07 Data=0x38
2013/06/30 18:04:06:968  ACTION: Read C1020: Address 0x08 Data=0x35
2013/06/30 18:04:06:968  ACTION: Read C1020: Address 0x09 Data=0xFA
2013/06/30 18:04:06:968  ACTION: Read C1020: Address 0x0A Data=0xCB
2013/06/30 18:04:06:968  ACTION: Read C1020: Address 0x0B Data=0x38
2013/06/30 18:04:06:968  ACTION: Read C1020: Address 0x1D Data=0x00
2013/06/30 18:04:06:984  ACTION: Read C1020: Address 0x45 Data=0x6C
2013/06/30 18:04:06:984  ACTION: Read C1020: Address 0x46 Data=0x66
2013/06/30 18:04:06:984  ACTION: Read C1020: Address 0x47 Data=0x44
2013/06/30 18:04:06:984  ACTION: Write PRB FPGA: Address=0x1008 Data=0x10
2013/06/30 18:04:07:390  ACTION: Read PRB FPGA: Address=0x1020 Data=0x01
2013/06/30 18:04:07:390  ACTION: Read PRB FPGA: Address=0x1026 Data=0x01
2013/06/30 18:04:07:390  ACTION: Read PRB FPGA: Address=0x1022 Data=0x26
2013/06/30 18:04:07:390  ACTION: Read PRB FPGA: Address=0x1024 Data=0x25
2013/06/30 18:04:07:390  ACTION: Read C1020: Address 0x04 Data=0x36
2013/06/30 18:04:07:390  ACTION: Read C1020: Address 0x05 Data=0x13
2013/06/30 18:04:07:390  ACTION: Read C1020: Address 0x06 Data=0x29
2013/06/30 18:04:07:390  ACTION: Read C1020: Address 0x08 Data=0x36
2013/06/30 18:04:07:406  ACTION: Read C1020: Address 0x09 Data=0x1D
2013/06/30 18:04:07:406  ACTION: Read C1020: Address 0x0A Data=0xD3
2013/06/30 18:04:07:406  ACTION: Write C1020: Address=0x00 Data=0x01
2013/06/30 18:04:07:484  ACTION: Read C1020: Address 0x10 Data=0x22
2013/06/30 18:04:07:562  ACTION: Read C1020: Address 0x42 Data=0x1F
2013/06/30 18:04:07:562  ACTION: Read C1020: Address 0x42 Data=0x24
2013/06/30 18:04:07:578  ACTION: Read C1020: Address 0x42 Data=0x23
2013/06/30 18:04:07:578  ACTION: Read C1020: Address 0x42 Data=0x23
2013/06/30 18:04:07:578  ACTION: Read C1020: Address 0x42 Data=0x20
2013/06/30 18:04:07:578  ACTION: Read C1020: Address 0x42 Data=0x1F
2013/06/30 18:04:07:578  ACTION: Read C1020: Address 0x42 Data=0x1F
2013/06/30 18:04:07:578  ACTION: Read C1020: Address 0x42 Data=0x23
2013/06/30 18:04:07:578  ACTION: Read C1020: Address 0x42 Data=0x19
2013/06/30 18:04:07:578  ACTION: Read C1020: Address 0x42 Data=0x21
2013/06/30 18:04:07:593  ACTION: Write C1020: Address=0x00 Data=0x1F
2013/06/30 18:04:07:671  ACTION: Read C1020: Address 0x0D Data=0x50
2013/06/30 18:04:07:750  ACTION: Read C1020: Address 0x0E Data=0x59
2013/06/30 18:04:07:828  ACTION: Write C1020: Address=0x00 Data=0xC1
2013/06/30 18:04:07:828  ACTION: Write C1020: Address=0x0E Data=0xD9
2013/06/30 18:04:07:921  ACTION: Read C1020: Address 0x0D Data=0x50
2013/06/30 18:04:08:000  ACTION: Read C1020: Address 0x0E Data=0xD9
2013/06/30 18:04:08:500  ACTION: Write C1020: Address=0x0D Data=0x54
2013/06/30 18:04:08:578  ACTION: Read C1020: Address 0x0D Data=0x54
2013/06/30 18:04:08:656  ACTION: Read C1020: Address 0x0E Data=0xD9
2013/06/30 18:04:09:156  ACTION: Write C1020: Address=0x0E Data=0x59
2013/06/30 18:04:09:250  ACTION: Read C1020: Address 0x0D Data=0x54
2013/06/30 18:04:09:328  ACTION: Read C1020: Address 0x0E Data=0x59
2013/06/30 18:04:09:828  ACTION: Write PRB FPGA: Address=0x3024 Data=0x35
2013/06/30 18:04:09:828  ACTION: Write PRB FPGA: Address=0x3026 Data=0xD4
2013/06/30 18:04:09:828  ACTION: Write PRB FPGA: Address=0x3028 Data=0x25
2013/06/30 18:04:09:828  ACTION: Write PRB FPGA: Address=0x302C Data=0x35
2013/06/30 18:04:09:828  ACTION: Write PRB FPGA: Address=0x302E Data=0xDE
2013/06/30 18:04:09:843  ACTION: Write PRB FPGA: Address=0x3030 Data=0xCF
2013/06/30 18:04:09:843  ACTION: Write PRB FPGA: Address=0x305E Data=0x35
2013/06/30 18:04:09:843  ACTION: Write PRB FPGA: Address=0x3060 Data=0xD4
2013/06/30 18:04:09:843  ACTION: Write PRB FPGA: Address=0x3062 Data=0x25
2013/06/30 18:04:09:843  ACTION: Write PRB FPGA: Address=0x3066 Data=0x35
2013/06/30 18:04:09:843  ACTION: Write PRB FPGA: Address=0x3068 Data=0xDE
2013/06/30 18:04:09:843  ACTION: Write PRB FPGA: Address=0x306A Data=0xCF
2013/06/30 18:04:09:843  ACTION: Calibrate CC1020
2013/06/30 18:04:09:953  INFO:   CC1020 calibration passed
2013/06/30 18:04:10:250  ACTION: Read PRB FPGA: Address=0x2012 Data=0x00
2013/06/30 18:04:10:250  ACTION: Read C1020: Address 0x04 Data=0x35
2013/06/30 18:04:10:250  ACTION: Read C1020: Address 0x05 Data=0xD4
2013/06/30 18:04:10:250  ACTION: Read C1020: Address 0x06 Data=0x25
2013/06/30 18:04:10:265  ACTION: Read C1020: Address 0x07 Data=0x38
2013/06/30 18:04:10:265  ACTION: Read C1020: Address 0x08 Data=0x35
2013/06/30 18:04:10:265  ACTION: Read C1020: Address 0x09 Data=0xDE
2013/06/30 18:04:10:265  ACTION: Read C1020: Address 0x0A Data=0xCF
2013/06/30 18:04:10:265  ACTION: Read C1020: Address 0x0B Data=0x38
2013/06/30 18:04:10:265  ACTION: Read C1020: Address 0x1D Data=0x00
2013/06/30 18:04:10:265  ACTION: Read C1020: Address 0x45 Data=0x6C
2013/06/30 18:04:10:265  ACTION: Read C1020: Address 0x46 Data=0x66
2013/06/30 18:04:10:281  ACTION: Read C1020: Address 0x47 Data=0x44
2013/06/30 18:04:10:281  ACTION: Write PRB FPGA: Address=0x3024 Data=0x35
2013/06/30 18:04:10:281  ACTION: Write PRB FPGA: Address=0x3026 Data=0xF0
2013/06/30 18:04:10:281  ACTION: Write PRB FPGA: Address=0x3028 Data=0x21
2013/06/30 18:04:10:281  ACTION: Write PRB FPGA: Address=0x302C Data=0x35
2013/06/30 18:04:10:281  ACTION: Write PRB FPGA: Address=0x302E Data=0xFA
2013/06/30 18:04:10:281  ACTION: Write PRB FPGA: Address=0x3030 Data=0xCB
2013/06/30 18:04:10:281  ACTION: Calibrate CC1020
2013/06/30 18:04:10:375  INFO:   CC1020 calibration passed
2013/06/30 18:04:10:671  ACTION: Read PRB FPGA: Address=0x2012 Data=0x00
2013/06/30 18:04:10:671  ACTION: Read C1020: Address 0x04 Data=0x35
2013/06/30 18:04:10:671  ACTION: Read C1020: Address 0x05 Data=0xF0
2013/06/30 18:04:10:671  ACTION: Read C1020: Address 0x06 Data=0x21
2013/06/30 18:04:10:687  ACTION: Read C1020: Address 0x07 Data=0x38
2013/06/30 18:04:10:687  ACTION: Read C1020: Address 0x08 Data=0x35
2013/06/30 18:04:10:687  ACTION: Read C1020: Address 0x09 Data=0xFA
2013/06/30 18:04:10:687  ACTION: Read C1020: Address 0x0A Data=0xCB
2013/06/30 18:04:10:687  ACTION: Read C1020: Address 0x0B Data=0x38
2013/06/30 18:04:10:687  ACTION: Read C1020: Address 0x1D Data=0x00
2013/06/30 18:04:10:687  ACTION: Read C1020: Address 0x45 Data=0x6C
2013/06/30 18:04:10:687  ACTION: Read C1020: Address 0x46 Data=0x66
2013/06/30 18:04:10:703  ACTION: Read C1020: Address 0x47 Data=0x44
2013/06/30 18:04:10:703  ACTION: Write PRB FPGA: Address=0x1008 Data=0x10
2013/06/30 18:04:11:093  ACTION: Read PRB FPGA: Address=0x1020 Data=0x00
2013/06/30 18:04:11:109  ACTION: Read PRB FPGA: Address=0x1026 Data=0x00
2013/06/30 18:04:11:109  ACTION: Read PRB FPGA: Address=0x1022 Data=0x25
2013/06/30 18:04:11:109  ACTION: Read PRB FPGA: Address=0x1024 Data=0x26
2013/06/30 18:04:11:109  ACTION: Read C1020: Address 0x04 Data=0x35
2013/06/30 18:04:11:109  ACTION: Read C1020: Address 0x05 Data=0xD4
2013/06/30 18:04:11:109  ACTION: Read C1020: Address 0x06 Data=0x25
2013/06/30 18:04:11:109  ACTION: Read C1020: Address 0x08 Data=0x35
2013/06/30 18:04:11:109  ACTION: Read C1020: Address 0x09 Data=0xDE
2013/06/30 18:04:11:109  ACTION: Read C1020: Address 0x0A Data=0xCF
2013/06/30 18:04:11:109  ACTION: Write C1020: Address=0x00 Data=0x01
2013/06/30 18:04:11:203  ACTION: Read C1020: Address 0x10 Data=0x22
2013/06/30 18:04:11:281  ACTION: Read C1020: Address 0x42 Data=0x23
2013/06/30 18:04:11:281  ACTION: Read C1020: Address 0x42 Data=0x1D
2013/06/30 18:04:11:281  ACTION: Read C1020: Address 0x42 Data=0x1E
2013/06/30 18:04:11:281  ACTION: Read C1020: Address 0x42 Data=0x1E
2013/06/30 18:04:11:296  ACTION: Read C1020: Address 0x42 Data=0x1D
2013/06/30 18:04:11:296  ACTION: Read C1020: Address 0x42 Data=0x24
2013/06/30 18:04:11:296  ACTION: Read C1020: Address 0x42 Data=0x20
2013/06/30 18:04:11:296  ACTION: Read C1020: Address 0x42 Data=0x23
2013/06/30 18:04:11:296  ACTION: Read C1020: Address 0x42 Data=0x20
2013/06/30 18:04:11:296  ACTION: Read C1020: Address 0x42 Data=0x23
2013/06/30 18:04:11:296  ACTION: Write C1020: Address=0x00 Data=0x1F
2013/06/30 18:04:11:375  ACTION: Read C1020: Address 0x0D Data=0x50
2013/06/30 18:04:11:468  ACTION: Read C1020: Address 0x0E Data=0x59
2013/06/30 18:04:11:546  ACTION: Write C1020: Address=0x00 Data=0xC1
2013/06/30 18:04:11:546  ACTION: Write C1020: Address=0x0E Data=0xD9
2013/06/30 18:04:11:625  ACTION: Read C1020: Address 0x0D Data=0x50
2013/06/30 18:04:11:703  ACTION: Read C1020: Address 0x0E Data=0xD9
2013/06/30 18:04:12:218  ACTION: Write C1020: Address=0x0D Data=0x54
2013/06/30 18:04:12:296  ACTION: Read C1020: Address 0x0D Data=0x54
2013/06/30 18:04:12:375  ACTION: Read C1020: Address 0x0E Data=0xD9
2013/06/30 18:04:12:875  ACTION: Write C1020: Address=0x0E Data=0x59
2013/06/30 18:04:12:953  ACTION: Read C1020: Address 0x0D Data=0x54
2013/06/30 18:04:13:031  ACTION: Read C1020: Address 0x0E Data=0x59
2013/06/30 18:04:13:531  ACTION: Write PRB FPGA: Address=0x3024 Data=0x35
2013/06/30 18:04:13:546  ACTION: Write PRB FPGA: Address=0x3026 Data=0xF0
2013/06/30 18:04:13:546  ACTION: Write PRB FPGA: Address=0x3028 Data=0x21
2013/06/30 18:04:13:546  ACTION: Write PRB FPGA: Address=0x302C Data=0x35
2013/06/30 18:04:13:546  ACTION: Write PRB FPGA: Address=0x302E Data=0xFA
2013/06/30 18:04:13:546  ACTION: Write PRB FPGA: Address=0x3030 Data=0xCB
2013/06/30 18:04:13:546  ACTION: Write PRB FPGA: Address=0x305E Data=0x35
2013/06/30 18:04:13:562  ACTION: Write PRB FPGA: Address=0x3060 Data=0xF0
2013/06/30 18:04:13:562  ACTION: Write PRB FPGA: Address=0x3062 Data=0x21
2013/06/30 18:04:13:562  ACTION: Write PRB FPGA: Address=0x3066 Data=0x35
2013/06/30 18:04:13:562  ACTION: Write PRB FPGA: Address=0x3068 Data=0xFA
2013/06/30 18:04:13:562  ACTION: Write PRB FPGA: Address=0x306A Data=0xCB
2013/06/30 18:04:13:562  ACTION: Calibrate CC1020
2013/06/30 18:04:13:656  INFO:   CC1020 calibration passed
2013/06/30 18:04:13:953  ACTION: Read PRB FPGA: Address=0x2012 Data=0x00
2013/06/30 18:04:13:953  ACTION: Read C1020: Address 0x04 Data=0x35
2013/06/30 18:04:13:953  ACTION: Read C1020: Address 0x05 Data=0xF0
2013/06/30 18:04:13:953  ACTION: Read C1020: Address 0x06 Data=0x21
2013/06/30 18:04:13:968  ACTION: Read C1020: Address 0x07 Data=0x38
2013/06/30 18:04:13:968  ACTION: Read C1020: Address 0x08 Data=0x35
2013/06/30 18:04:13:968  ACTION: Read C1020: Address 0x09 Data=0xFA
2013/06/30 18:04:13:968  ACTION: Read C1020: Address 0x0A Data=0xCB
2013/06/30 18:04:13:968  ACTION: Read C1020: Address 0x0B Data=0x38
2013/06/30 18:04:13:968  ACTION: Read C1020: Address 0x1D Data=0x00
2013/06/30 18:04:13:968  ACTION: Read C1020: Address 0x45 Data=0x6C
2013/06/30 18:04:13:968  ACTION: Read C1020: Address 0x46 Data=0x66
2013/06/30 18:04:13:984  ACTION: Read C1020: Address 0x47 Data=0x44
2013/06/30 18:04:13:984  ACTION: Write PRB FPGA: Address=0x3024 Data=0x35
2013/06/30 18:04:13:984  ACTION: Write PRB FPGA: Address=0x3026 Data=0xF0
2013/06/30 18:04:13:984  ACTION: Write PRB FPGA: Address=0x3028 Data=0x21
2013/06/30 18:04:13:984  ACTION: Write PRB FPGA: Address=0x302C Data=0x35
2013/06/30 18:04:13:984  ACTION: Write PRB FPGA: Address=0x302E Data=0xFA
2013/06/30 18:04:13:984  ACTION: Write PRB FPGA: Address=0x3030 Data=0xCB
2013/06/30 18:04:13:984  ACTION: Calibrate CC1020
2013/06/30 18:04:14:078  INFO:   CC1020 calibration passed
2013/06/30 18:04:14:375  ACTION: Read PRB FPGA: Address=0x2012 Data=0x00
2013/06/30 18:04:14:375  ACTION: Read C1020: Address 0x04 Data=0x35
2013/06/30 18:04:14:375  ACTION: Read C1020: Address 0x05 Data=0xF0
2013/06/30 18:04:14:375  ACTION: Read C1020: Address 0x06 Data=0x21
2013/06/30 18:04:14:390  ACTION: Read C1020: Address 0x07 Data=0x38
2013/06/30 18:04:14:390  ACTION: Read C1020: Address 0x08 Data=0x35
2013/06/30 18:04:14:390  ACTION: Read C1020: Address 0x09 Data=0xFA
2013/06/30 18:04:14:390  ACTION: Read C1020: Address 0x0A Data=0xCB
2013/06/30 18:04:14:390  ACTION: Read C1020: Address 0x0B Data=0x38
2013/06/30 18:04:14:390  ACTION: Read C1020: Address 0x1D Data=0x00
2013/06/30 18:04:14:390  ACTION: Read C1020: Address 0x45 Data=0x6C
2013/06/30 18:04:14:390  ACTION: Read C1020: Address 0x46 Data=0x66
2013/06/30 18:04:14:406  ACTION: Read C1020: Address 0x47 Data=0x44
2013/06/30 18:04:14:406  ACTION: Write PRB FPGA: Address=0x1008 Data=0x10
2013/06/30 18:04:14:796  ACTION: Read PRB FPGA: Address=0x1020 Data=0x01
2013/06/30 18:04:14:796  ACTION: Read PRB FPGA: Address=0x1026 Data=0x01
2013/06/30 18:04:14:812  ACTION: Read PRB FPGA: Address=0x1022 Data=0x26
2013/06/30 18:04:14:812  ACTION: Read PRB FPGA: Address=0x1024 Data=0x25
2013/06/30 18:04:14:812  ACTION: Read C1020: Address 0x04 Data=0x35
2013/06/30 18:04:14:812  ACTION: Read C1020: Address 0x05 Data=0xF0
2013/06/30 18:04:14:812  ACTION: Read C1020: Address 0x06 Data=0x21
2013/06/30 18:04:14:812  ACTION: Read C1020: Address 0x08 Data=0x35
2013/06/30 18:04:14:812  ACTION: Read C1020: Address 0x09 Data=0xFA
2013/06/30 18:04:14:812  ACTION: Read C1020: Address 0x0A Data=0xCB
2013/06/30 18:04:14:812  ACTION: Write C1020: Address=0x00 Data=0x01
2013/06/30 18:04:14:906  ACTION: Read C1020: Address 0x10 Data=0x22
2013/06/30 18:04:14:984  ACTION: Read C1020: Address 0x42 Data=0x21
2013/06/30 18:04:14:984  ACTION: Read C1020: Address 0x42 Data=0x1F
2013/06/30 18:04:14:984  ACTION: Read C1020: Address 0x42 Data=0x22
2013/06/30 18:04:14:984  ACTION: Read C1020: Address 0x42 Data=0x18
2013/06/30 18:04:14:984  ACTION: Read C1020: Address 0x42 Data=0x23
2013/06/30 18:04:15:000  ACTION: Read C1020: Address 0x42 Data=0x21
2013/06/30 18:04:15:000  ACTION: Read C1020: Address 0x42 Data=0x1D
2013/06/30 18:04:15:000  ACTION: Read C1020: Address 0x42 Data=0x22
2013/06/30 18:04:15:000  ACTION: Read C1020: Address 0x42 Data=0x22
2013/06/30 18:04:15:000  ACTION: Read C1020: Address 0x42 Data=0x20
2013/06/30 18:04:15:000  ACTION: Write C1020: Address=0x00 Data=0x1F
2013/06/30 18:04:15:078  ACTION: Read C1020: Address 0x0D Data=0x50
2013/06/30 18:04:15:171  ACTION: Read C1020: Address 0x0E Data=0x59
2013/06/30 18:04:15:250  ACTION: Write C1020: Address=0x00 Data=0xC1
2013/06/30 18:04:15:250  ACTION: Write C1020: Address=0x0E Data=0xD9
2013/06/30 18:04:15:328  ACTION: Read C1020: Address 0x0D Data=0x50
2013/06/30 18:04:15:406  ACTION: Read C1020: Address 0x0E Data=0xD9
2013/06/30 18:04:15:906  ACTION: Write C1020: Address=0x0D Data=0x54
2013/06/30 18:04:16:000  ACTION: Read C1020: Address 0x0D Data=0x54
2013/06/30 18:04:16:078  ACTION: Read C1020: Address 0x0E Data=0xD9
2013/06/30 18:04:16:578  ACTION: Write C1020: Address=0x0E Data=0x59
2013/06/30 18:04:16:656  ACTION: Read C1020: Address 0x0D Data=0x54
2013/06/30 18:04:16:750  ACTION: Read C1020: Address 0x0E Data=0x59
2013/06/30 18:04:17:265  EVENT:  SCRIPT-EXEC:EXIT - TES.Dvt.ScriptExecStateMachine, ID[8]
2013/06/30 18:04:17:265  INFO:   Terminating ScriptEngineProcedure
2013/06/30 18:04:17:265  EVENT:  Terminate Dispatch, ID[15]
2013/06/30 18:04:17:265  EVENT:  TES.Dvt.ScriptExecStateMachine.DoneEvent, ID[6]
2013/06/30 18:04:17:265  STATE:  Changing state to ScriptExecStateMachine.IdleState, ID[6]
2013/06/30 18:04:17:296  INFO:   ScriptEngineProcedure Completed
2013/06/30 18:04:17:296  INFO:   Testcase Summary:
2013/06/30 18:04:17:296  RESULT: Test Procedure ScriptEngineProcedure (PASSED)
2013/06/30 18:04:17:296  INFO:   Procedure Runtime = 00:00:33
2013/06/30 18:04:17:296  INFO:   The event dispatch thread ScriptEngineProcedure exited.
