2013/07/02 12:22:48:921  INFO:   Loaded Symbol File C:\ISV System\Config\FirmwareSymbols\build33136.sym for firmware Build #33136
2013/07/02 12:22:48:983  INFO:   CommunicationSystemLog properties: .\CommunicationSystem.logger.properties
2013/07/02 12:22:48:983  INFO:   CommunicationSystemLog log       : .\logs\prbCalTxScriptLog 2013.07.02 12.22.48_CommunicationSystem.Log
2013/07/02 12:22:56:733  INFO:   Setting the event sink for ScriptEngineProcedure
2013/07/02 12:22:56:733  INFO:   Program parameters checks are enabled
2013/07/02 12:22:56:749  INFO:   ********************************************************************************
2013/07/02 12:22:56:764  INFO:   Starting ScriptEngineProcedure, Assembly  version 
2013/07/02 12:22:56:764  INFO:   Config: ICD (NCommunicationSystem ver: nCommunicationSystem, Version=1.8.2.1, Culture=neutral, PublicKeyToken=56b5378c99c0bcfd; FTDI Driver ver: 2.08.28.0; PRB FPGA ver: 18)
2013/07/02 12:22:56:764  INFO:   Setting the radio board transmit power to level 0x7.
2013/07/02 12:22:56:764  INFO:   Radio board power level set to 7.
2013/07/02 12:22:56:764  INFO:   ECG Timeout Interval set to 10 seconds.
2013/07/02 12:22:56:780  STATE:  Changing state to ScriptExecStateMachine.WaitForNextCmdState, ID[1]
2013/07/02 12:22:56:780  INFO:   FwDvtSystem Started the event processing thread
2013/07/02 12:22:56:842  ACTION: Read PRB FPGA: Address=0x3000 Data=0x12
2013/07/02 12:22:56:889  RESULT: FPGA 0x3000 Expected: 18 Actual: 18
2013/07/02 12:22:57:061  ACTION: Calibrate CC1020
2013/07/02 12:22:57:155  INFO:   CC1020 calibration passed
2013/07/02 12:22:57:170  ACTION: Read C1020: Address 0x04 Data=0x35
2013/07/02 12:22:57:170  ACTION: Read C1020: Address 0x05 Data=0xF0
2013/07/02 12:22:57:170  ACTION: Read C1020: Address 0x06 Data=0x21
2013/07/02 12:22:57:186  ACTION: Read C1020: Address 0x07 Data=0x38
2013/07/02 12:22:57:186  ACTION: Read C1020: Address 0x08 Data=0x35
2013/07/02 12:22:57:186  ACTION: Read C1020: Address 0x09 Data=0xFA
2013/07/02 12:22:57:186  ACTION: Read C1020: Address 0x0A Data=0xCB
2013/07/02 12:22:57:186  ACTION: Read C1020: Address 0x0B Data=0x38
2013/07/02 12:22:57:202  ACTION: Read C1020: Address 0x1D Data=0x00
2013/07/02 12:22:57:202  ACTION: Read C1020: Address 0x45 Data=0x6C
2013/07/02 12:22:57:202  ACTION: Read C1020: Address 0x46 Data=0x66
2013/07/02 12:22:57:202  ACTION: Read C1020: Address 0x47 Data=0x44
2013/07/02 12:23:00:654  ACTION: Write PRB FPGA: Address=0x3024 Data=0x35
2013/07/02 12:23:00:670  ACTION: Write PRB FPGA: Address=0x3026 Data=0xD8
2013/07/02 12:23:00:670  ACTION: Write PRB FPGA: Address=0x3028 Data=0x15
2013/07/02 12:23:00:670  ACTION: Write PRB FPGA: Address=0x302C Data=0x35
2013/07/02 12:23:00:670  ACTION: Write PRB FPGA: Address=0x302E Data=0xE2
2013/07/02 12:23:00:670  ACTION: Write PRB FPGA: Address=0x3030 Data=0xBF
2013/07/02 12:23:00:670  ACTION: Write PRB FPGA: Address=0x305E Data=0x35
2013/07/02 12:23:00:670  ACTION: Write PRB FPGA: Address=0x3060 Data=0xD8
2013/07/02 12:23:00:670  ACTION: Write PRB FPGA: Address=0x3062 Data=0x15
2013/07/02 12:23:00:686  ACTION: Write PRB FPGA: Address=0x3066 Data=0x35
2013/07/02 12:23:00:686  ACTION: Write PRB FPGA: Address=0x3068 Data=0xE2
2013/07/02 12:23:00:686  ACTION: Write PRB FPGA: Address=0x306A Data=0xBF
2013/07/02 12:23:00:686  ACTION: Calibrate CC1020
2013/07/02 12:23:00:779  INFO:   CC1020 calibration passed
2013/07/02 12:23:01:092  ACTION: Read PRB FPGA: Address=0x2012 Data=0x00
2013/07/02 12:23:01:092  ACTION: Read C1020: Address 0x04 Data=0x35
2013/07/02 12:23:01:092  ACTION: Read C1020: Address 0x05 Data=0xD8
2013/07/02 12:23:01:092  ACTION: Read C1020: Address 0x06 Data=0x15
2013/07/02 12:23:01:092  ACTION: Read C1020: Address 0x07 Data=0x38
2013/07/02 12:23:01:092  ACTION: Read C1020: Address 0x08 Data=0x35
2013/07/02 12:23:01:092  ACTION: Read C1020: Address 0x09 Data=0xE2
2013/07/02 12:23:01:092  ACTION: Read C1020: Address 0x0A Data=0xBF
2013/07/02 12:23:01:107  ACTION: Read C1020: Address 0x0B Data=0x38
2013/07/02 12:23:01:107  ACTION: Read C1020: Address 0x1D Data=0x00
2013/07/02 12:23:01:107  ACTION: Read C1020: Address 0x45 Data=0x6C
2013/07/02 12:23:01:107  ACTION: Read C1020: Address 0x46 Data=0x66
2013/07/02 12:23:01:107  ACTION: Read C1020: Address 0x47 Data=0x44
2013/07/02 12:23:01:107  ACTION: Write PRB FPGA: Address=0x3024 Data=0x35
2013/07/02 12:23:01:107  ACTION: Write PRB FPGA: Address=0x3026 Data=0xF0
2013/07/02 12:23:01:107  ACTION: Write PRB FPGA: Address=0x3028 Data=0x21
2013/07/02 12:23:01:107  ACTION: Write PRB FPGA: Address=0x302C Data=0x35
2013/07/02 12:23:01:123  ACTION: Write PRB FPGA: Address=0x302E Data=0xFA
2013/07/02 12:23:01:123  ACTION: Write PRB FPGA: Address=0x3030 Data=0xCB
2013/07/02 12:23:01:123  ACTION: Calibrate CC1020
2013/07/02 12:23:01:217  INFO:   CC1020 calibration passed
2013/07/02 12:23:01:514  ACTION: Read PRB FPGA: Address=0x2012 Data=0x00
2013/07/02 12:23:01:514  ACTION: Read C1020: Address 0x04 Data=0x35
2013/07/02 12:23:01:514  ACTION: Read C1020: Address 0x05 Data=0xF0
2013/07/02 12:23:01:514  ACTION: Read C1020: Address 0x06 Data=0x21
2013/07/02 12:23:01:529  ACTION: Read C1020: Address 0x07 Data=0x38
2013/07/02 12:23:01:529  ACTION: Read C1020: Address 0x08 Data=0x35
2013/07/02 12:23:01:529  ACTION: Read C1020: Address 0x09 Data=0xFA
2013/07/02 12:23:01:529  ACTION: Read C1020: Address 0x0A Data=0xCB
2013/07/02 12:23:01:529  ACTION: Read C1020: Address 0x0B Data=0x38
2013/07/02 12:23:01:529  ACTION: Read C1020: Address 0x1D Data=0x00
2013/07/02 12:23:01:529  ACTION: Read C1020: Address 0x45 Data=0x6C
2013/07/02 12:23:01:529  ACTION: Read C1020: Address 0x46 Data=0x66
2013/07/02 12:23:01:545  ACTION: Read C1020: Address 0x47 Data=0x44
2013/07/02 12:23:01:545  ACTION: Write PRB FPGA: Address=0x1008 Data=0x10
2013/07/02 12:23:01:935  ACTION: Read PRB FPGA: Address=0x1020 Data=0x00
2013/07/02 12:23:01:951  ACTION: Read PRB FPGA: Address=0x1026 Data=0x00
2013/07/02 12:23:01:951  ACTION: Read PRB FPGA: Address=0x1022 Data=0x1F
2013/07/02 12:23:01:951  ACTION: Read PRB FPGA: Address=0x1024 Data=0x1F
2013/07/02 12:23:01:951  ACTION: Read C1020: Address 0x04 Data=0x35
2013/07/02 12:23:01:951  ACTION: Read C1020: Address 0x05 Data=0xD8
2013/07/02 12:23:01:951  ACTION: Read C1020: Address 0x06 Data=0x15
2013/07/02 12:23:01:967  ACTION: Read C1020: Address 0x08 Data=0x35
2013/07/02 12:23:01:967  ACTION: Read C1020: Address 0x09 Data=0xE2
2013/07/02 12:23:01:967  ACTION: Read C1020: Address 0x0A Data=0xBF
2013/07/02 12:23:01:982  ACTION: Write C1020: Address=0x00 Data=0x01
2013/07/02 12:23:02:076  ACTION: Read C1020: Address 0x10 Data=0x22
2013/07/02 12:23:02:154  ACTION: Read C1020: Address 0x42 Data=0x18
2013/07/02 12:23:02:154  ACTION: Read C1020: Address 0x42 Data=0x12
2013/07/02 12:23:02:154  ACTION: Read C1020: Address 0x42 Data=0x18
2013/07/02 12:23:02:154  ACTION: Read C1020: Address 0x42 Data=0x1C
2013/07/02 12:23:02:170  ACTION: Read C1020: Address 0x42 Data=0x1C
2013/07/02 12:23:02:170  ACTION: Read C1020: Address 0x42 Data=0x12
2013/07/02 12:23:02:170  ACTION: Read C1020: Address 0x42 Data=0x19
2013/07/02 12:23:02:170  ACTION: Read C1020: Address 0x42 Data=0x15
2013/07/02 12:23:02:170  ACTION: Read C1020: Address 0x42 Data=0x11
2013/07/02 12:23:02:170  ACTION: Read C1020: Address 0x42 Data=0x18
2013/07/02 12:23:02:185  ACTION: Write C1020: Address=0x00 Data=0x1F
2013/07/02 12:23:02:279  ACTION: Read C1020: Address 0x0D Data=0x50
2013/07/02 12:23:02:357  ACTION: Read C1020: Address 0x0E Data=0x59
2013/07/02 12:23:02:435  ACTION: Write C1020: Address=0x00 Data=0xC1
2013/07/02 12:23:12:028  ACTION: Write C1020: Address=0x0E Data=0xD9
2013/07/02 12:23:12:122  ACTION: Read C1020: Address 0x0D Data=0x50
2013/07/02 12:23:12:200  ACTION: Read C1020: Address 0x0E Data=0xD9
2013/07/02 12:23:22:245  ACTION: Write C1020: Address=0x0D Data=0x54
2013/07/02 12:23:22:323  ACTION: Read C1020: Address 0x0D Data=0x54
2013/07/02 12:23:22:417  ACTION: Read C1020: Address 0x0E Data=0xD9
2013/07/02 12:23:22:917  ACTION: Write C1020: Address=0x0E Data=0x59
2013/07/02 12:23:22:995  ACTION: Read C1020: Address 0x0D Data=0x54
2013/07/02 12:23:23:073  ACTION: Read C1020: Address 0x0E Data=0x59
2013/07/02 12:23:24:089  ACTION: Write PRB FPGA: Address=0x3024 Data=0x35
2013/07/02 12:23:24:089  ACTION: Write PRB FPGA: Address=0x3026 Data=0xF0
2013/07/02 12:23:24:089  ACTION: Write PRB FPGA: Address=0x3028 Data=0x21
2013/07/02 12:23:24:089  ACTION: Write PRB FPGA: Address=0x302C Data=0x35
2013/07/02 12:23:24:089  ACTION: Write PRB FPGA: Address=0x302E Data=0xFA
2013/07/02 12:23:24:089  ACTION: Write PRB FPGA: Address=0x3030 Data=0xCB
2013/07/02 12:23:24:089  ACTION: Write PRB FPGA: Address=0x305E Data=0x35
2013/07/02 12:23:24:089  ACTION: Write PRB FPGA: Address=0x3060 Data=0xF0
2013/07/02 12:23:24:105  ACTION: Write PRB FPGA: Address=0x3062 Data=0x21
2013/07/02 12:23:24:105  ACTION: Write PRB FPGA: Address=0x3066 Data=0x35
2013/07/02 12:23:24:105  ACTION: Write PRB FPGA: Address=0x3068 Data=0xFA
2013/07/02 12:23:24:105  ACTION: Write PRB FPGA: Address=0x306A Data=0xCB
2013/07/02 12:23:24:105  ACTION: Calibrate CC1020
2013/07/02 12:23:24:198  INFO:   CC1020 calibration passed
2013/07/02 12:23:24:495  ACTION: Read PRB FPGA: Address=0x2012 Data=0x00
2013/07/02 12:23:24:495  ACTION: Read C1020: Address 0x04 Data=0x35
2013/07/02 12:23:24:495  ACTION: Read C1020: Address 0x05 Data=0xF0
2013/07/02 12:23:24:495  ACTION: Read C1020: Address 0x06 Data=0x21
2013/07/02 12:23:24:511  ACTION: Read C1020: Address 0x07 Data=0x38
2013/07/02 12:23:24:511  ACTION: Read C1020: Address 0x08 Data=0x35
2013/07/02 12:23:24:511  ACTION: Read C1020: Address 0x09 Data=0xFA
2013/07/02 12:23:24:511  ACTION: Read C1020: Address 0x0A Data=0xCB
2013/07/02 12:23:24:511  ACTION: Read C1020: Address 0x0B Data=0x38
2013/07/02 12:23:24:511  ACTION: Read C1020: Address 0x1D Data=0x00
2013/07/02 12:23:24:511  ACTION: Read C1020: Address 0x45 Data=0x6C
2013/07/02 12:23:24:511  ACTION: Read C1020: Address 0x46 Data=0x66
2013/07/02 12:23:24:526  ACTION: Read C1020: Address 0x47 Data=0x44
2013/07/02 12:23:24:526  ACTION: Write PRB FPGA: Address=0x3024 Data=0x35
2013/07/02 12:23:24:526  ACTION: Write PRB FPGA: Address=0x3026 Data=0xF0
2013/07/02 12:23:24:526  ACTION: Write PRB FPGA: Address=0x3028 Data=0x21
2013/07/02 12:23:24:526  ACTION: Write PRB FPGA: Address=0x302C Data=0x35
2013/07/02 12:23:24:526  ACTION: Write PRB FPGA: Address=0x302E Data=0xFA
2013/07/02 12:23:24:526  ACTION: Write PRB FPGA: Address=0x3030 Data=0xCB
2013/07/02 12:23:24:526  ACTION: Calibrate CC1020
2013/07/02 12:23:24:620  INFO:   CC1020 calibration passed
2013/07/02 12:23:24:917  ACTION: Read PRB FPGA: Address=0x2012 Data=0x00
2013/07/02 12:23:24:917  ACTION: Read C1020: Address 0x04 Data=0x35
2013/07/02 12:23:24:917  ACTION: Read C1020: Address 0x05 Data=0xF0
2013/07/02 12:23:24:917  ACTION: Read C1020: Address 0x06 Data=0x21
2013/07/02 12:23:24:933  ACTION: Read C1020: Address 0x07 Data=0x38
2013/07/02 12:23:24:933  ACTION: Read C1020: Address 0x08 Data=0x35
2013/07/02 12:23:24:933  ACTION: Read C1020: Address 0x09 Data=0xFA
2013/07/02 12:23:24:933  ACTION: Read C1020: Address 0x0A Data=0xCB
2013/07/02 12:23:24:933  ACTION: Read C1020: Address 0x0B Data=0x38
2013/07/02 12:23:24:933  ACTION: Read C1020: Address 0x1D Data=0x00
2013/07/02 12:23:24:933  ACTION: Read C1020: Address 0x45 Data=0x6C
2013/07/02 12:23:24:933  ACTION: Read C1020: Address 0x46 Data=0x66
2013/07/02 12:23:24:948  ACTION: Read C1020: Address 0x47 Data=0x44
2013/07/02 12:23:24:948  ACTION: Write PRB FPGA: Address=0x1008 Data=0x10
2013/07/02 12:23:25:339  ACTION: Read PRB FPGA: Address=0x1020 Data=0x00
2013/07/02 12:23:25:354  ACTION: Read PRB FPGA: Address=0x1026 Data=0x00
2013/07/02 12:23:25:354  ACTION: Read PRB FPGA: Address=0x1022 Data=0x1D
2013/07/02 12:23:25:354  ACTION: Read PRB FPGA: Address=0x1024 Data=0x1F
2013/07/02 12:23:25:354  ACTION: Read C1020: Address 0x04 Data=0x35
2013/07/02 12:23:25:354  ACTION: Read C1020: Address 0x05 Data=0xF0
2013/07/02 12:23:25:354  ACTION: Read C1020: Address 0x06 Data=0x21
2013/07/02 12:23:25:354  ACTION: Read C1020: Address 0x08 Data=0x35
2013/07/02 12:23:25:354  ACTION: Read C1020: Address 0x09 Data=0xFA
2013/07/02 12:23:25:354  ACTION: Read C1020: Address 0x0A Data=0xCB
2013/07/02 12:23:25:354  ACTION: Write C1020: Address=0x00 Data=0x01
2013/07/02 12:23:25:448  ACTION: Read C1020: Address 0x10 Data=0x22
2013/07/02 12:23:25:526  ACTION: Read C1020: Address 0x42 Data=0x17
2013/07/02 12:23:25:526  ACTION: Read C1020: Address 0x42 Data=0x16
2013/07/02 12:23:25:526  ACTION: Read C1020: Address 0x42 Data=0x16
2013/07/02 12:23:25:526  ACTION: Read C1020: Address 0x42 Data=0x1C
2013/07/02 12:23:25:526  ACTION: Read C1020: Address 0x42 Data=0x19
2013/07/02 12:23:25:542  ACTION: Read C1020: Address 0x42 Data=0x1A
2013/07/02 12:23:25:542  ACTION: Read C1020: Address 0x42 Data=0x1B
2013/07/02 12:23:25:542  ACTION: Read C1020: Address 0x42 Data=0x15
2013/07/02 12:23:25:542  ACTION: Read C1020: Address 0x42 Data=0x1A
2013/07/02 12:23:25:542  ACTION: Read C1020: Address 0x42 Data=0x19
2013/07/02 12:23:25:542  ACTION: Write C1020: Address=0x00 Data=0x1F
2013/07/02 12:23:25:636  ACTION: Read C1020: Address 0x0D Data=0x50
2013/07/02 12:23:25:714  ACTION: Read C1020: Address 0x0E Data=0x59
2013/07/02 12:23:25:792  ACTION: Write C1020: Address=0x00 Data=0xC1
2013/07/02 12:23:35:337  ACTION: Write C1020: Address=0x0E Data=0xD9
2013/07/02 12:23:35:416  ACTION: Read C1020: Address 0x0D Data=0x50
2013/07/02 12:23:35:494  ACTION: Read C1020: Address 0x0E Data=0xD9
2013/07/02 12:23:45:524  ACTION: Write C1020: Address=0x0D Data=0x54
2013/07/02 12:23:45:617  ACTION: Read C1020: Address 0x0D Data=0x54
2013/07/02 12:23:45:696  ACTION: Read C1020: Address 0x0E Data=0xD9
2013/07/02 12:23:46:195  ACTION: Write C1020: Address=0x0E Data=0x59
2013/07/02 12:23:46:274  ACTION: Read C1020: Address 0x0D Data=0x54
2013/07/02 12:23:46:352  ACTION: Read C1020: Address 0x0E Data=0x59
2013/07/02 12:23:47:367  ACTION: Write PRB FPGA: Address=0x3024 Data=0x35
2013/07/02 12:23:47:367  ACTION: Write PRB FPGA: Address=0x3026 Data=0xCC
2013/07/02 12:23:47:367  ACTION: Write PRB FPGA: Address=0x3028 Data=0xD3
2013/07/02 12:23:47:367  ACTION: Write PRB FPGA: Address=0x302C Data=0x35
2013/07/02 12:23:47:367  ACTION: Write PRB FPGA: Address=0x302E Data=0xD7
2013/07/02 12:23:47:367  ACTION: Write PRB FPGA: Address=0x3030 Data=0x7F
2013/07/02 12:23:47:367  ACTION: Write PRB FPGA: Address=0x305E Data=0x35
2013/07/02 12:23:47:367  ACTION: Write PRB FPGA: Address=0x3060 Data=0xCC
2013/07/02 12:23:47:383  ACTION: Write PRB FPGA: Address=0x3062 Data=0xD3
2013/07/02 12:23:47:383  ACTION: Write PRB FPGA: Address=0x3066 Data=0x35
2013/07/02 12:23:47:383  ACTION: Write PRB FPGA: Address=0x3068 Data=0xD7
2013/07/02 12:23:47:383  ACTION: Write PRB FPGA: Address=0x306A Data=0x7F
2013/07/02 12:23:47:383  ACTION: Calibrate CC1020
2013/07/02 12:23:47:477  INFO:   CC1020 calibration passed
2013/07/02 12:23:47:773  ACTION: Read PRB FPGA: Address=0x2012 Data=0x00
2013/07/02 12:23:47:789  ACTION: Read C1020: Address 0x04 Data=0x35
2013/07/02 12:23:47:789  ACTION: Read C1020: Address 0x05 Data=0xCC
2013/07/02 12:23:47:789  ACTION: Read C1020: Address 0x06 Data=0xD3
2013/07/02 12:23:47:789  ACTION: Read C1020: Address 0x07 Data=0x38
2013/07/02 12:23:47:789  ACTION: Read C1020: Address 0x08 Data=0x35
2013/07/02 12:23:47:789  ACTION: Read C1020: Address 0x09 Data=0xD7
2013/07/02 12:23:47:789  ACTION: Read C1020: Address 0x0A Data=0x7F
2013/07/02 12:23:47:789  ACTION: Read C1020: Address 0x0B Data=0x38
2013/07/02 12:23:47:805  ACTION: Read C1020: Address 0x1D Data=0x00
2013/07/02 12:23:47:805  ACTION: Read C1020: Address 0x45 Data=0x6C
2013/07/02 12:23:47:805  ACTION: Read C1020: Address 0x46 Data=0x66
2013/07/02 12:23:47:805  ACTION: Read C1020: Address 0x47 Data=0x44
2013/07/02 12:23:47:805  ACTION: Write PRB FPGA: Address=0x3024 Data=0x35
2013/07/02 12:23:47:805  ACTION: Write PRB FPGA: Address=0x3026 Data=0xF0
2013/07/02 12:23:47:805  ACTION: Write PRB FPGA: Address=0x3028 Data=0x21
2013/07/02 12:23:47:805  ACTION: Write PRB FPGA: Address=0x302C Data=0x35
2013/07/02 12:23:47:805  ACTION: Write PRB FPGA: Address=0x302E Data=0xFA
2013/07/02 12:23:47:805  ACTION: Write PRB FPGA: Address=0x3030 Data=0xCB
2013/07/02 12:23:47:805  ACTION: Calibrate CC1020
2013/07/02 12:23:47:898  INFO:   CC1020 calibration passed
2013/07/02 12:23:48:195  ACTION: Read PRB FPGA: Address=0x2012 Data=0x00
2013/07/02 12:23:48:195  ACTION: Read C1020: Address 0x04 Data=0x35
2013/07/02 12:23:48:211  ACTION: Read C1020: Address 0x05 Data=0xF0
2013/07/02 12:23:48:211  ACTION: Read C1020: Address 0x06 Data=0x21
2013/07/02 12:23:48:211  ACTION: Read C1020: Address 0x07 Data=0x38
2013/07/02 12:23:48:211  ACTION: Read C1020: Address 0x08 Data=0x35
2013/07/02 12:23:48:211  ACTION: Read C1020: Address 0x09 Data=0xFA
2013/07/02 12:23:48:211  ACTION: Read C1020: Address 0x0A Data=0xCB
2013/07/02 12:23:48:211  ACTION: Read C1020: Address 0x0B Data=0x38
2013/07/02 12:23:48:211  ACTION: Read C1020: Address 0x1D Data=0x00
2013/07/02 12:23:48:226  ACTION: Read C1020: Address 0x45 Data=0x6C
2013/07/02 12:23:48:226  ACTION: Read C1020: Address 0x46 Data=0x66
2013/07/02 12:23:48:226  ACTION: Read C1020: Address 0x47 Data=0x44
2013/07/02 12:23:48:226  ACTION: Write PRB FPGA: Address=0x1008 Data=0x10
2013/07/02 12:23:48:633  ACTION: Read PRB FPGA: Address=0x1020 Data=0x00
2013/07/02 12:23:48:633  ACTION: Read PRB FPGA: Address=0x1026 Data=0x00
2013/07/02 12:23:48:633  ACTION: Read PRB FPGA: Address=0x1022 Data=0x1F
2013/07/02 12:23:48:633  ACTION: Read PRB FPGA: Address=0x1024 Data=0x1F
2013/07/02 12:23:48:633  ACTION: Read C1020: Address 0x04 Data=0x35
2013/07/02 12:23:48:633  ACTION: Read C1020: Address 0x05 Data=0xCC
2013/07/02 12:23:48:633  ACTION: Read C1020: Address 0x06 Data=0xD3
2013/07/02 12:23:48:633  ACTION: Read C1020: Address 0x08 Data=0x35
2013/07/02 12:23:48:633  ACTION: Read C1020: Address 0x09 Data=0xD7
2013/07/02 12:23:48:648  ACTION: Read C1020: Address 0x0A Data=0x7F
2013/07/02 12:23:48:648  ACTION: Write C1020: Address=0x00 Data=0x01
2013/07/02 12:23:48:726  ACTION: Read C1020: Address 0x10 Data=0x22
2013/07/02 12:23:48:804  ACTION: Read C1020: Address 0x42 Data=0x19
2013/07/02 12:23:48:804  ACTION: Read C1020: Address 0x42 Data=0x17
2013/07/02 12:23:48:804  ACTION: Read C1020: Address 0x42 Data=0x1A
2013/07/02 12:23:48:820  ACTION: Read C1020: Address 0x42 Data=0x1C
2013/07/02 12:23:48:820  ACTION: Read C1020: Address 0x42 Data=0x14
2013/07/02 12:23:48:820  ACTION: Read C1020: Address 0x42 Data=0x1C
2013/07/02 12:23:48:820  ACTION: Read C1020: Address 0x42 Data=0x1A
2013/07/02 12:23:48:820  ACTION: Read C1020: Address 0x42 Data=0x19
2013/07/02 12:23:48:820  ACTION: Read C1020: Address 0x42 Data=0x18
2013/07/02 12:23:48:820  ACTION: Read C1020: Address 0x42 Data=0x17
2013/07/02 12:23:48:820  ACTION: Write C1020: Address=0x00 Data=0x1F
2013/07/02 12:23:48:914  ACTION: Read C1020: Address 0x0D Data=0x50
2013/07/02 12:23:48:992  ACTION: Read C1020: Address 0x0E Data=0x59
2013/07/02 12:23:49:070  ACTION: Write C1020: Address=0x00 Data=0xC1
2013/07/02 12:23:58:631  ACTION: Write C1020: Address=0x0E Data=0xD9
2013/07/02 12:23:58:709  ACTION: Read C1020: Address 0x0D Data=0x50
2013/07/02 12:23:58:788  ACTION: Read C1020: Address 0x0E Data=0xD9
2013/07/02 12:24:08:864  ACTION: Write C1020: Address=0x0D Data=0x54
2013/07/02 12:24:08:958  ACTION: Read C1020: Address 0x0D Data=0x54
2013/07/02 12:24:09:036  ACTION: Read C1020: Address 0x0E Data=0xD9
2013/07/02 12:24:09:536  ACTION: Write C1020: Address=0x0E Data=0x59
2013/07/02 12:24:09:614  ACTION: Read C1020: Address 0x0D Data=0x54
2013/07/02 12:24:09:692  ACTION: Read C1020: Address 0x0E Data=0x59
2013/07/02 12:24:10:692  ACTION: Write PRB FPGA: Address=0x3024 Data=0x36
2013/07/02 12:24:10:708  ACTION: Write PRB FPGA: Address=0x3026 Data=0x16
2013/07/02 12:24:10:708  ACTION: Write PRB FPGA: Address=0x3028 Data=0x87
2013/07/02 12:24:10:708  ACTION: Write PRB FPGA: Address=0x302C Data=0x36
2013/07/02 12:24:10:708  ACTION: Write PRB FPGA: Address=0x302E Data=0x21
2013/07/02 12:24:10:708  ACTION: Write PRB FPGA: Address=0x3030 Data=0x31
2013/07/02 12:24:10:708  ACTION: Write PRB FPGA: Address=0x305E Data=0x36
2013/07/02 12:24:10:724  ACTION: Write PRB FPGA: Address=0x3060 Data=0x16
2013/07/02 12:24:10:724  ACTION: Write PRB FPGA: Address=0x3062 Data=0x87
2013/07/02 12:24:10:724  ACTION: Write PRB FPGA: Address=0x3066 Data=0x36
2013/07/02 12:24:10:724  ACTION: Write PRB FPGA: Address=0x3068 Data=0x21
2013/07/02 12:24:10:739  ACTION: Write PRB FPGA: Address=0x306A Data=0x31
2013/07/02 12:24:10:739  ACTION: Calibrate CC1020
2013/07/02 12:24:10:833  INFO:   CC1020 calibration passed
2013/07/02 12:24:11:130  ACTION: Read PRB FPGA: Address=0x2012 Data=0x00
2013/07/02 12:24:11:130  ACTION: Read C1020: Address 0x04 Data=0x36
2013/07/02 12:24:11:130  ACTION: Read C1020: Address 0x05 Data=0x16
2013/07/02 12:24:11:130  ACTION: Read C1020: Address 0x06 Data=0x87
2013/07/02 12:24:11:130  ACTION: Read C1020: Address 0x07 Data=0x38
2013/07/02 12:24:11:130  ACTION: Read C1020: Address 0x08 Data=0x36
2013/07/02 12:24:11:145  ACTION: Read C1020: Address 0x09 Data=0x21
2013/07/02 12:24:11:145  ACTION: Read C1020: Address 0x0A Data=0x31
2013/07/02 12:24:11:145  ACTION: Read C1020: Address 0x0B Data=0x38
2013/07/02 12:24:11:145  ACTION: Read C1020: Address 0x1D Data=0x00
2013/07/02 12:24:11:145  ACTION: Read C1020: Address 0x45 Data=0x5C
2013/07/02 12:24:11:145  ACTION: Read C1020: Address 0x46 Data=0x67
2013/07/02 12:24:11:145  ACTION: Read C1020: Address 0x47 Data=0x44
2013/07/02 12:24:11:145  ACTION: Write PRB FPGA: Address=0x3024 Data=0x35
2013/07/02 12:24:11:161  ACTION: Write PRB FPGA: Address=0x3026 Data=0xF0
2013/07/02 12:24:11:161  ACTION: Write PRB FPGA: Address=0x3028 Data=0x21
2013/07/02 12:24:11:161  ACTION: Write PRB FPGA: Address=0x302C Data=0x35
2013/07/02 12:24:11:161  ACTION: Write PRB FPGA: Address=0x302E Data=0xFA
2013/07/02 12:24:11:161  ACTION: Write PRB FPGA: Address=0x3030 Data=0xCB
2013/07/02 12:24:11:161  ACTION: Calibrate CC1020
2013/07/02 12:24:11:239  INFO:   CC1020 calibration passed
2013/07/02 12:24:11:552  ACTION: Read PRB FPGA: Address=0x2012 Data=0x00
2013/07/02 12:24:11:552  ACTION: Read C1020: Address 0x04 Data=0x35
2013/07/02 12:24:11:552  ACTION: Read C1020: Address 0x05 Data=0xF0
2013/07/02 12:24:11:552  ACTION: Read C1020: Address 0x06 Data=0x21
2013/07/02 12:24:11:552  ACTION: Read C1020: Address 0x07 Data=0x38
2013/07/02 12:24:11:552  ACTION: Read C1020: Address 0x08 Data=0x35
2013/07/02 12:24:11:552  ACTION: Read C1020: Address 0x09 Data=0xFA
2013/07/02 12:24:11:567  ACTION: Read C1020: Address 0x0A Data=0xCB
2013/07/02 12:24:11:567  ACTION: Read C1020: Address 0x0B Data=0x38
2013/07/02 12:24:11:567  ACTION: Read C1020: Address 0x1D Data=0x00
2013/07/02 12:24:11:567  ACTION: Read C1020: Address 0x45 Data=0x6C
2013/07/02 12:24:11:567  ACTION: Read C1020: Address 0x46 Data=0x66
2013/07/02 12:24:11:567  ACTION: Read C1020: Address 0x47 Data=0x44
2013/07/02 12:24:11:567  ACTION: Write PRB FPGA: Address=0x1008 Data=0x10
2013/07/02 12:24:11:973  ACTION: Read PRB FPGA: Address=0x1020 Data=0x01
2013/07/02 12:24:11:973  ACTION: Read PRB FPGA: Address=0x1026 Data=0x01
2013/07/02 12:24:11:973  ACTION: Read PRB FPGA: Address=0x1022 Data=0x1F
2013/07/02 12:24:11:973  ACTION: Read PRB FPGA: Address=0x1024 Data=0x1C
2013/07/02 12:24:11:989  ACTION: Read C1020: Address 0x04 Data=0x36
2013/07/02 12:24:11:989  ACTION: Read C1020: Address 0x05 Data=0x16
2013/07/02 12:24:11:989  ACTION: Read C1020: Address 0x06 Data=0x87
2013/07/02 12:24:11:989  ACTION: Read C1020: Address 0x08 Data=0x36
2013/07/02 12:24:11:989  ACTION: Read C1020: Address 0x09 Data=0x21
2013/07/02 12:24:11:989  ACTION: Read C1020: Address 0x0A Data=0x31
2013/07/02 12:24:11:989  ACTION: Write C1020: Address=0x00 Data=0x01
2013/07/02 12:24:12:067  ACTION: Read C1020: Address 0x10 Data=0x22
2013/07/02 12:24:12:161  ACTION: Read C1020: Address 0x42 Data=0x16
2013/07/02 12:24:12:161  ACTION: Read C1020: Address 0x42 Data=0x18
2013/07/02 12:24:12:161  ACTION: Read C1020: Address 0x42 Data=0x16
2013/07/02 12:24:12:161  ACTION: Read C1020: Address 0x42 Data=0x1D
2013/07/02 12:24:12:161  ACTION: Read C1020: Address 0x42 Data=0x13
2013/07/02 12:24:12:161  ACTION: Read C1020: Address 0x42 Data=0x18
2013/07/02 12:24:12:161  ACTION: Read C1020: Address 0x42 Data=0x1A
2013/07/02 12:24:12:176  ACTION: Read C1020: Address 0x42 Data=0x1A
2013/07/02 12:24:12:176  ACTION: Read C1020: Address 0x42 Data=0x1A
2013/07/02 12:24:12:176  ACTION: Read C1020: Address 0x42 Data=0x1B
2013/07/02 12:24:12:176  ACTION: Write C1020: Address=0x00 Data=0x1F
2013/07/02 12:24:12:255  ACTION: Read C1020: Address 0x0D Data=0x50
2013/07/02 12:24:12:333  ACTION: Read C1020: Address 0x0E Data=0x59
2013/07/02 12:24:12:426  ACTION: Write C1020: Address=0x00 Data=0xC1
2013/07/02 12:24:21:956  ACTION: Write C1020: Address=0x0E Data=0xD9
2013/07/02 12:24:22:035  ACTION: Read C1020: Address 0x0D Data=0x50
2013/07/02 12:24:22:113  ACTION: Read C1020: Address 0x0E Data=0xD9
2013/07/02 12:24:32:158  ACTION: Write C1020: Address=0x0D Data=0x54
2013/07/02 12:24:32:236  ACTION: Read C1020: Address 0x0D Data=0x54
2013/07/02 12:24:32:315  ACTION: Read C1020: Address 0x0E Data=0xD9
2013/07/02 12:24:32:814  ACTION: Write C1020: Address=0x0E Data=0x59
2013/07/02 12:24:32:908  ACTION: Read C1020: Address 0x0D Data=0x54
2013/07/02 12:24:32:986  ACTION: Read C1020: Address 0x0E Data=0x59
2013/07/02 12:24:33:986  ACTION: Write PRB FPGA: Address=0x3024 Data=0x35
2013/07/02 12:24:33:986  ACTION: Write PRB FPGA: Address=0x3026 Data=0xD4
2013/07/02 12:24:34:002  ACTION: Write PRB FPGA: Address=0x3028 Data=0xB3
2013/07/02 12:24:34:002  ACTION: Write PRB FPGA: Address=0x302C Data=0x35
2013/07/02 12:24:34:002  ACTION: Write PRB FPGA: Address=0x302E Data=0xDF
2013/07/02 12:24:34:002  ACTION: Write PRB FPGA: Address=0x3030 Data=0x5D
2013/07/02 12:24:34:002  ACTION: Write PRB FPGA: Address=0x305E Data=0x35
2013/07/02 12:24:34:002  ACTION: Write PRB FPGA: Address=0x3060 Data=0xD4
2013/07/02 12:24:34:002  ACTION: Write PRB FPGA: Address=0x3062 Data=0xB3
2013/07/02 12:24:34:002  ACTION: Write PRB FPGA: Address=0x3066 Data=0x35
2013/07/02 12:24:34:017  ACTION: Write PRB FPGA: Address=0x3068 Data=0xDF
2013/07/02 12:24:34:017  ACTION: Write PRB FPGA: Address=0x306A Data=0x5D
2013/07/02 12:24:34:017  ACTION: Calibrate CC1020
2013/07/02 12:24:34:111  INFO:   CC1020 calibration passed
2013/07/02 12:24:34:424  ACTION: Read PRB FPGA: Address=0x2012 Data=0x00
2013/07/02 12:24:34:424  ACTION: Read C1020: Address 0x04 Data=0x35
2013/07/02 12:24:34:424  ACTION: Read C1020: Address 0x05 Data=0xD4
2013/07/02 12:24:34:424  ACTION: Read C1020: Address 0x06 Data=0xB3
2013/07/02 12:24:34:424  ACTION: Read C1020: Address 0x07 Data=0x38
2013/07/02 12:24:34:424  ACTION: Read C1020: Address 0x08 Data=0x35
2013/07/02 12:24:34:424  ACTION: Read C1020: Address 0x09 Data=0xDF
2013/07/02 12:24:34:424  ACTION: Read C1020: Address 0x0A Data=0x5D
2013/07/02 12:24:34:424  ACTION: Read C1020: Address 0x0B Data=0x38
2013/07/02 12:24:34:439  ACTION: Read C1020: Address 0x1D Data=0x00
2013/07/02 12:24:34:439  ACTION: Read C1020: Address 0x45 Data=0x6C
2013/07/02 12:24:34:439  ACTION: Read C1020: Address 0x46 Data=0x66
2013/07/02 12:24:34:439  ACTION: Read C1020: Address 0x47 Data=0x44
2013/07/02 12:24:34:439  ACTION: Write PRB FPGA: Address=0x3024 Data=0x35
2013/07/02 12:24:34:439  ACTION: Write PRB FPGA: Address=0x3026 Data=0xF0
2013/07/02 12:24:34:439  ACTION: Write PRB FPGA: Address=0x3028 Data=0x21
2013/07/02 12:24:34:439  ACTION: Write PRB FPGA: Address=0x302C Data=0x35
2013/07/02 12:24:34:439  ACTION: Write PRB FPGA: Address=0x302E Data=0xFA
2013/07/02 12:24:34:439  ACTION: Write PRB FPGA: Address=0x3030 Data=0xCB
2013/07/02 12:24:34:439  ACTION: Calibrate CC1020
2013/07/02 12:24:34:533  INFO:   CC1020 calibration passed
2013/07/02 12:24:34:830  ACTION: Read PRB FPGA: Address=0x2012 Data=0x00
2013/07/02 12:24:34:845  ACTION: Read C1020: Address 0x04 Data=0x35
2013/07/02 12:24:34:845  ACTION: Read C1020: Address 0x05 Data=0xF0
2013/07/02 12:24:34:845  ACTION: Read C1020: Address 0x06 Data=0x21
2013/07/02 12:24:34:845  ACTION: Read C1020: Address 0x07 Data=0x38
2013/07/02 12:24:34:845  ACTION: Read C1020: Address 0x08 Data=0x35
2013/07/02 12:24:34:845  ACTION: Read C1020: Address 0x09 Data=0xFA
2013/07/02 12:24:34:845  ACTION: Read C1020: Address 0x0A Data=0xCB
2013/07/02 12:24:34:845  ACTION: Read C1020: Address 0x0B Data=0x38
2013/07/02 12:24:34:861  ACTION: Read C1020: Address 0x1D Data=0x00
2013/07/02 12:24:34:861  ACTION: Read C1020: Address 0x45 Data=0x6C
2013/07/02 12:24:34:861  ACTION: Read C1020: Address 0x46 Data=0x66
2013/07/02 12:24:34:861  ACTION: Read C1020: Address 0x47 Data=0x44
2013/07/02 12:24:34:861  ACTION: Write PRB FPGA: Address=0x1008 Data=0x10
2013/07/02 12:24:35:267  ACTION: Read PRB FPGA: Address=0x1020 Data=0x00
2013/07/02 12:24:35:267  ACTION: Read PRB FPGA: Address=0x1026 Data=0x00
2013/07/02 12:24:35:267  ACTION: Read PRB FPGA: Address=0x1022 Data=0x1F
2013/07/02 12:24:35:267  ACTION: Read PRB FPGA: Address=0x1024 Data=0x1F
2013/07/02 12:24:35:267  ACTION: Read C1020: Address 0x04 Data=0x35
2013/07/02 12:24:35:267  ACTION: Read C1020: Address 0x05 Data=0xD4
2013/07/02 12:24:35:267  ACTION: Read C1020: Address 0x06 Data=0xB3
2013/07/02 12:24:35:283  ACTION: Read C1020: Address 0x08 Data=0x35
2013/07/02 12:24:35:283  ACTION: Read C1020: Address 0x09 Data=0xDF
2013/07/02 12:24:35:283  ACTION: Read C1020: Address 0x0A Data=0x5D
2013/07/02 12:24:35:283  ACTION: Write C1020: Address=0x00 Data=0x01
2013/07/02 12:24:35:361  ACTION: Read C1020: Address 0x10 Data=0x22
2013/07/02 12:24:35:439  ACTION: Read C1020: Address 0x42 Data=0x1A
2013/07/02 12:24:35:439  ACTION: Read C1020: Address 0x42 Data=0x16
2013/07/02 12:24:35:455  ACTION: Read C1020: Address 0x42 Data=0x19
2013/07/02 12:24:35:455  ACTION: Read C1020: Address 0x42 Data=0x19
2013/07/02 12:24:35:455  ACTION: Read C1020: Address 0x42 Data=0x19
2013/07/02 12:24:35:455  ACTION: Read C1020: Address 0x42 Data=0x1A
2013/07/02 12:24:35:455  ACTION: Read C1020: Address 0x42 Data=0x19
2013/07/02 12:24:35:455  ACTION: Read C1020: Address 0x42 Data=0x19
2013/07/02 12:24:35:455  ACTION: Read C1020: Address 0x42 Data=0x18
2013/07/02 12:24:35:455  ACTION: Read C1020: Address 0x42 Data=0x15
2013/07/02 12:24:35:455  ACTION: Write C1020: Address=0x00 Data=0x1F
2013/07/02 12:24:35:548  ACTION: Read C1020: Address 0x0D Data=0x50
2013/07/02 12:24:35:627  ACTION: Read C1020: Address 0x0E Data=0x59
2013/07/02 12:24:35:705  ACTION: Write C1020: Address=0x00 Data=0xC1
2013/07/02 12:24:45:235  ACTION: Write C1020: Address=0x0E Data=0xD9
2013/07/02 12:24:45:328  ACTION: Read C1020: Address 0x0D Data=0x50
2013/07/02 12:24:45:407  ACTION: Read C1020: Address 0x0E Data=0xD9
2013/07/02 12:24:55:437  ACTION: Write C1020: Address=0x0D Data=0x54
2013/07/02 12:24:55:515  ACTION: Read C1020: Address 0x0D Data=0x54
2013/07/02 12:24:55:608  ACTION: Read C1020: Address 0x0E Data=0xD9
2013/07/02 12:24:56:108  ACTION: Write C1020: Address=0x0E Data=0x59
2013/07/02 12:24:56:186  ACTION: Read C1020: Address 0x0D Data=0x54
2013/07/02 12:24:56:265  ACTION: Read C1020: Address 0x0E Data=0x59
2013/07/02 12:24:57:280  ACTION: Write PRB FPGA: Address=0x3024 Data=0x35
2013/07/02 12:24:57:280  ACTION: Write PRB FPGA: Address=0x3026 Data=0xC9
2013/07/02 12:24:57:280  ACTION: Write PRB FPGA: Address=0x3028 Data=0xB9
2013/07/02 12:24:57:280  ACTION: Write PRB FPGA: Address=0x302C Data=0x35
2013/07/02 12:24:57:280  ACTION: Write PRB FPGA: Address=0x302E Data=0xD4
2013/07/02 12:24:57:280  ACTION: Write PRB FPGA: Address=0x3030 Data=0x65
2013/07/02 12:24:57:280  ACTION: Write PRB FPGA: Address=0x305E Data=0x35
2013/07/02 12:24:57:280  ACTION: Write PRB FPGA: Address=0x3060 Data=0xC9
2013/07/02 12:24:57:296  ACTION: Write PRB FPGA: Address=0x3062 Data=0xB9
2013/07/02 12:24:57:296  ACTION: Write PRB FPGA: Address=0x3066 Data=0x35
2013/07/02 12:24:57:296  ACTION: Write PRB FPGA: Address=0x3068 Data=0xD4
2013/07/02 12:24:57:296  ACTION: Write PRB FPGA: Address=0x306A Data=0x65
2013/07/02 12:24:57:296  ACTION: Calibrate CC1020
2013/07/02 12:24:57:389  INFO:   CC1020 calibration passed
2013/07/02 12:24:57:686  ACTION: Read PRB FPGA: Address=0x2012 Data=0x00
2013/07/02 12:24:57:686  ACTION: Read C1020: Address 0x04 Data=0x35
2013/07/02 12:24:57:686  ACTION: Read C1020: Address 0x05 Data=0xC9
2013/07/02 12:24:57:702  ACTION: Read C1020: Address 0x06 Data=0xB9
2013/07/02 12:24:57:702  ACTION: Read C1020: Address 0x07 Data=0x38
2013/07/02 12:24:57:702  ACTION: Read C1020: Address 0x08 Data=0x35
2013/07/02 12:24:57:702  ACTION: Read C1020: Address 0x09 Data=0xD4
2013/07/02 12:24:57:702  ACTION: Read C1020: Address 0x0A Data=0x65
2013/07/02 12:24:57:702  ACTION: Read C1020: Address 0x0B Data=0x38
2013/07/02 12:24:57:702  ACTION: Read C1020: Address 0x1D Data=0x00
2013/07/02 12:24:57:718  ACTION: Read C1020: Address 0x45 Data=0x6C
2013/07/02 12:24:57:718  ACTION: Read C1020: Address 0x46 Data=0x66
2013/07/02 12:24:57:718  ACTION: Read C1020: Address 0x47 Data=0x44
2013/07/02 12:24:57:718  ACTION: Write PRB FPGA: Address=0x3024 Data=0x35
2013/07/02 12:24:57:718  ACTION: Write PRB FPGA: Address=0x3026 Data=0xF0
2013/07/02 12:24:57:718  ACTION: Write PRB FPGA: Address=0x3028 Data=0x21
2013/07/02 12:24:57:718  ACTION: Write PRB FPGA: Address=0x302C Data=0x35
2013/07/02 12:24:57:718  ACTION: Write PRB FPGA: Address=0x302E Data=0xFA
2013/07/02 12:24:57:718  ACTION: Write PRB FPGA: Address=0x3030 Data=0xCB
2013/07/02 12:24:57:718  ACTION: Calibrate CC1020
2013/07/02 12:24:57:811  INFO:   CC1020 calibration passed
2013/07/02 12:24:58:108  ACTION: Read PRB FPGA: Address=0x2012 Data=0x00
2013/07/02 12:24:58:108  ACTION: Read C1020: Address 0x04 Data=0x35
2013/07/02 12:24:58:124  ACTION: Read C1020: Address 0x05 Data=0xF0
2013/07/02 12:24:58:124  ACTION: Read C1020: Address 0x06 Data=0x21
2013/07/02 12:24:58:124  ACTION: Read C1020: Address 0x07 Data=0x38
2013/07/02 12:24:58:124  ACTION: Read C1020: Address 0x08 Data=0x35
2013/07/02 12:24:58:124  ACTION: Read C1020: Address 0x09 Data=0xFA
2013/07/02 12:24:58:124  ACTION: Read C1020: Address 0x0A Data=0xCB
2013/07/02 12:24:58:124  ACTION: Read C1020: Address 0x0B Data=0x38
2013/07/02 12:24:58:124  ACTION: Read C1020: Address 0x1D Data=0x00
2013/07/02 12:24:58:139  ACTION: Read C1020: Address 0x45 Data=0x6C
2013/07/02 12:24:58:139  ACTION: Read C1020: Address 0x46 Data=0x66
2013/07/02 12:24:58:139  ACTION: Read C1020: Address 0x47 Data=0x44
2013/07/02 12:24:58:139  ACTION: Write PRB FPGA: Address=0x1008 Data=0x10
2013/07/02 12:24:58:546  ACTION: Read PRB FPGA: Address=0x1020 Data=0x00
2013/07/02 12:24:58:546  ACTION: Read PRB FPGA: Address=0x1026 Data=0x00
2013/07/02 12:24:58:546  ACTION: Read PRB FPGA: Address=0x1022 Data=0x1F
2013/07/02 12:24:58:546  ACTION: Read PRB FPGA: Address=0x1024 Data=0x1F
2013/07/02 12:24:58:546  ACTION: Read C1020: Address 0x04 Data=0x35
2013/07/02 12:24:58:546  ACTION: Read C1020: Address 0x05 Data=0xC9
2013/07/02 12:24:58:546  ACTION: Read C1020: Address 0x06 Data=0xB9
2013/07/02 12:24:58:561  ACTION: Read C1020: Address 0x08 Data=0x35
2013/07/02 12:24:58:561  ACTION: Read C1020: Address 0x09 Data=0xD4
2013/07/02 12:24:58:561  ACTION: Read C1020: Address 0x0A Data=0x65
2013/07/02 12:24:58:561  ACTION: Write C1020: Address=0x00 Data=0x01
2013/07/02 12:24:58:639  ACTION: Read C1020: Address 0x10 Data=0x22
2013/07/02 12:24:58:717  ACTION: Read C1020: Address 0x42 Data=0x1A
2013/07/02 12:24:58:717  ACTION: Read C1020: Address 0x42 Data=0x19
2013/07/02 12:24:58:733  ACTION: Read C1020: Address 0x42 Data=0x1A
2013/07/02 12:24:58:733  ACTION: Read C1020: Address 0x42 Data=0x1A
2013/07/02 12:24:58:733  ACTION: Read C1020: Address 0x42 Data=0x1A
2013/07/02 12:24:58:733  ACTION: Read C1020: Address 0x42 Data=0x17
2013/07/02 12:24:58:733  ACTION: Read C1020: Address 0x42 Data=0x18
2013/07/02 12:24:58:733  ACTION: Read C1020: Address 0x42 Data=0x19
2013/07/02 12:24:58:733  ACTION: Read C1020: Address 0x42 Data=0x17
2013/07/02 12:24:58:733  ACTION: Read C1020: Address 0x42 Data=0x1A
2013/07/02 12:24:58:733  ACTION: Write C1020: Address=0x00 Data=0x1F
2013/07/02 12:24:58:827  ACTION: Read C1020: Address 0x0D Data=0x50
2013/07/02 12:24:58:905  ACTION: Read C1020: Address 0x0E Data=0x59
2013/07/02 12:24:58:983  ACTION: Write C1020: Address=0x00 Data=0xC1
2013/07/02 12:25:08:544  ACTION: Write C1020: Address=0x0E Data=0xD9
2013/07/02 12:25:08:622  ACTION: Read C1020: Address 0x0D Data=0x50
2013/07/02 12:25:08:701  ACTION: Read C1020: Address 0x0E Data=0xD9
2013/07/02 12:25:18:762  ACTION: Write C1020: Address=0x0D Data=0x54
2013/07/02 12:25:18:840  ACTION: Read C1020: Address 0x0D Data=0x54
2013/07/02 12:25:18:934  ACTION: Read C1020: Address 0x0E Data=0xD9
2013/07/02 12:25:19:434  ACTION: Write C1020: Address=0x0E Data=0x59
2013/07/02 12:25:19:512  ACTION: Read C1020: Address 0x0D Data=0x54
2013/07/02 12:25:19:590  ACTION: Read C1020: Address 0x0E Data=0x59
2013/07/02 12:25:20:590  ACTION: Write PRB FPGA: Address=0x3024 Data=0x36
2013/07/02 12:25:20:590  ACTION: Write PRB FPGA: Address=0x3026 Data=0x13
2013/07/02 12:25:20:605  ACTION: Write PRB FPGA: Address=0x3028 Data=0x29
2013/07/02 12:25:20:605  ACTION: Write PRB FPGA: Address=0x302C Data=0x36
2013/07/02 12:25:20:605  ACTION: Write PRB FPGA: Address=0x302E Data=0x1D
2013/07/02 12:25:20:605  ACTION: Write PRB FPGA: Address=0x3030 Data=0xD3
2013/07/02 12:25:20:605  ACTION: Write PRB FPGA: Address=0x305E Data=0x36
2013/07/02 12:25:20:605  ACTION: Write PRB FPGA: Address=0x3060 Data=0x13
2013/07/02 12:25:20:605  ACTION: Write PRB FPGA: Address=0x3062 Data=0x29
2013/07/02 12:25:20:605  ACTION: Write PRB FPGA: Address=0x3066 Data=0x36
2013/07/02 12:25:20:621  ACTION: Write PRB FPGA: Address=0x3068 Data=0x1D
2013/07/02 12:25:20:621  ACTION: Write PRB FPGA: Address=0x306A Data=0xD3
2013/07/02 12:25:20:621  ACTION: Calibrate CC1020
2013/07/02 12:25:20:715  INFO:   CC1020 calibration passed
2013/07/02 12:25:21:011  ACTION: Read PRB FPGA: Address=0x2012 Data=0x00
2013/07/02 12:25:21:011  ACTION: Read C1020: Address 0x04 Data=0x36
2013/07/02 12:25:21:027  ACTION: Read C1020: Address 0x05 Data=0x13
2013/07/02 12:25:21:027  ACTION: Read C1020: Address 0x06 Data=0x29
2013/07/02 12:25:21:027  ACTION: Read C1020: Address 0x07 Data=0x38
2013/07/02 12:25:21:027  ACTION: Read C1020: Address 0x08 Data=0x36
2013/07/02 12:25:21:027  ACTION: Read C1020: Address 0x09 Data=0x1D
2013/07/02 12:25:21:027  ACTION: Read C1020: Address 0x0A Data=0xD3
2013/07/02 12:25:21:027  ACTION: Read C1020: Address 0x0B Data=0x38
2013/07/02 12:25:21:027  ACTION: Read C1020: Address 0x1D Data=0x00
2013/07/02 12:25:21:027  ACTION: Read C1020: Address 0x45 Data=0x5C
2013/07/02 12:25:21:043  ACTION: Read C1020: Address 0x46 Data=0x67
2013/07/02 12:25:21:043  ACTION: Read C1020: Address 0x47 Data=0x44
2013/07/02 12:25:21:043  ACTION: Write PRB FPGA: Address=0x3024 Data=0x35
2013/07/02 12:25:21:043  ACTION: Write PRB FPGA: Address=0x3026 Data=0xF0
2013/07/02 12:25:21:043  ACTION: Write PRB FPGA: Address=0x3028 Data=0x21
2013/07/02 12:25:21:043  ACTION: Write PRB FPGA: Address=0x302C Data=0x35
2013/07/02 12:25:21:043  ACTION: Write PRB FPGA: Address=0x302E Data=0xFA
2013/07/02 12:25:21:043  ACTION: Write PRB FPGA: Address=0x3030 Data=0xCB
2013/07/02 12:25:21:043  ACTION: Calibrate CC1020
2013/07/02 12:25:21:136  INFO:   CC1020 calibration passed
2013/07/02 12:25:21:433  ACTION: Read PRB FPGA: Address=0x2012 Data=0x00
2013/07/02 12:25:21:433  ACTION: Read C1020: Address 0x04 Data=0x35
2013/07/02 12:25:21:433  ACTION: Read C1020: Address 0x05 Data=0xF0
2013/07/02 12:25:21:449  ACTION: Read C1020: Address 0x06 Data=0x21
2013/07/02 12:25:21:449  ACTION: Read C1020: Address 0x07 Data=0x38
2013/07/02 12:25:21:449  ACTION: Read C1020: Address 0x08 Data=0x35
2013/07/02 12:25:21:449  ACTION: Read C1020: Address 0x09 Data=0xFA
2013/07/02 12:25:21:449  ACTION: Read C1020: Address 0x0A Data=0xCB
2013/07/02 12:25:21:449  ACTION: Read C1020: Address 0x0B Data=0x38
2013/07/02 12:25:21:449  ACTION: Read C1020: Address 0x1D Data=0x00
2013/07/02 12:25:21:449  ACTION: Read C1020: Address 0x45 Data=0x6C
2013/07/02 12:25:21:464  ACTION: Read C1020: Address 0x46 Data=0x66
2013/07/02 12:25:21:464  ACTION: Read C1020: Address 0x47 Data=0x44
2013/07/02 12:25:21:464  ACTION: Write PRB FPGA: Address=0x1008 Data=0x10
2013/07/02 12:25:21:871  ACTION: Read PRB FPGA: Address=0x1020 Data=0x00
2013/07/02 12:25:21:871  ACTION: Read PRB FPGA: Address=0x1026 Data=0x00
2013/07/02 12:25:21:871  ACTION: Read PRB FPGA: Address=0x1022 Data=0x1F
2013/07/02 12:25:21:871  ACTION: Read PRB FPGA: Address=0x1024 Data=0x20
2013/07/02 12:25:21:871  ACTION: Read C1020: Address 0x04 Data=0x36
2013/07/02 12:25:21:871  ACTION: Read C1020: Address 0x05 Data=0x13
2013/07/02 12:25:21:871  ACTION: Read C1020: Address 0x06 Data=0x29
2013/07/02 12:25:21:871  ACTION: Read C1020: Address 0x08 Data=0x36
2013/07/02 12:25:21:871  ACTION: Read C1020: Address 0x09 Data=0x1D
2013/07/02 12:25:21:871  ACTION: Read C1020: Address 0x0A Data=0xD3
2013/07/02 12:25:21:871  ACTION: Write C1020: Address=0x00 Data=0x01
2013/07/02 12:25:21:964  ACTION: Read C1020: Address 0x10 Data=0x22
2013/07/02 12:25:22:043  ACTION: Read C1020: Address 0x42 Data=0x18
2013/07/02 12:25:22:043  ACTION: Read C1020: Address 0x42 Data=0x1B
2013/07/02 12:25:22:043  ACTION: Read C1020: Address 0x42 Data=0x16
2013/07/02 12:25:22:043  ACTION: Read C1020: Address 0x42 Data=0x18
2013/07/02 12:25:22:058  ACTION: Read C1020: Address 0x42 Data=0x17
2013/07/02 12:25:22:058  ACTION: Read C1020: Address 0x42 Data=0x1A
2013/07/02 12:25:22:058  ACTION: Read C1020: Address 0x42 Data=0x1C
2013/07/02 12:25:22:058  ACTION: Read C1020: Address 0x42 Data=0x1B
2013/07/02 12:25:22:058  ACTION: Read C1020: Address 0x42 Data=0x18
2013/07/02 12:25:22:058  ACTION: Read C1020: Address 0x42 Data=0x19
2013/07/02 12:25:22:058  ACTION: Write C1020: Address=0x00 Data=0x1F
2013/07/02 12:25:22:152  ACTION: Read C1020: Address 0x0D Data=0x50
2013/07/02 12:25:22:230  ACTION: Read C1020: Address 0x0E Data=0x59
2013/07/02 12:25:22:308  ACTION: Write C1020: Address=0x00 Data=0xC1
2013/07/02 12:25:31:838  ACTION: Write C1020: Address=0x0E Data=0xD9
2013/07/02 12:25:31:932  ACTION: Read C1020: Address 0x0D Data=0x50
2013/07/02 12:25:32:010  ACTION: Read C1020: Address 0x0E Data=0xD9
2013/07/02 12:25:42:040  ACTION: Write C1020: Address=0x0D Data=0x54
2013/07/02 12:25:42:118  ACTION: Read C1020: Address 0x0D Data=0x54
2013/07/02 12:25:42:212  ACTION: Read C1020: Address 0x0E Data=0xD9
2013/07/02 12:25:42:712  ACTION: Write C1020: Address=0x0E Data=0x59
2013/07/02 12:25:42:790  ACTION: Read C1020: Address 0x0D Data=0x54
2013/07/02 12:25:42:868  ACTION: Read C1020: Address 0x0E Data=0x59
2013/07/02 12:25:43:868  ACTION: Write PRB FPGA: Address=0x3024 Data=0x35
2013/07/02 12:25:43:883  ACTION: Write PRB FPGA: Address=0x3026 Data=0xD4
2013/07/02 12:25:43:883  ACTION: Write PRB FPGA: Address=0x3028 Data=0x25
2013/07/02 12:25:43:883  ACTION: Write PRB FPGA: Address=0x302C Data=0x35
2013/07/02 12:25:43:883  ACTION: Write PRB FPGA: Address=0x302E Data=0xDE
2013/07/02 12:25:43:883  ACTION: Write PRB FPGA: Address=0x3030 Data=0xCF
2013/07/02 12:25:43:883  ACTION: Write PRB FPGA: Address=0x305E Data=0x35
2013/07/02 12:25:43:883  ACTION: Write PRB FPGA: Address=0x3060 Data=0xD4
2013/07/02 12:25:43:883  ACTION: Write PRB FPGA: Address=0x3062 Data=0x25
2013/07/02 12:25:43:899  ACTION: Write PRB FPGA: Address=0x3066 Data=0x35
2013/07/02 12:25:43:899  ACTION: Write PRB FPGA: Address=0x3068 Data=0xDE
2013/07/02 12:25:43:899  ACTION: Write PRB FPGA: Address=0x306A Data=0xCF
2013/07/02 12:25:43:899  ACTION: Calibrate CC1020
2013/07/02 12:25:43:993  INFO:   CC1020 calibration passed
2013/07/02 12:25:44:290  ACTION: Read PRB FPGA: Address=0x2012 Data=0x00
2013/07/02 12:25:44:305  ACTION: Read C1020: Address 0x04 Data=0x35
2013/07/02 12:25:44:305  ACTION: Read C1020: Address 0x05 Data=0xD4
2013/07/02 12:25:44:305  ACTION: Read C1020: Address 0x06 Data=0x25
2013/07/02 12:25:44:305  ACTION: Read C1020: Address 0x07 Data=0x38
2013/07/02 12:25:44:305  ACTION: Read C1020: Address 0x08 Data=0x35
2013/07/02 12:25:44:305  ACTION: Read C1020: Address 0x09 Data=0xDE
2013/07/02 12:25:44:305  ACTION: Read C1020: Address 0x0A Data=0xCF
2013/07/02 12:25:44:305  ACTION: Read C1020: Address 0x0B Data=0x38
2013/07/02 12:25:44:321  ACTION: Read C1020: Address 0x1D Data=0x00
2013/07/02 12:25:44:321  ACTION: Read C1020: Address 0x45 Data=0x6C
2013/07/02 12:25:44:321  ACTION: Read C1020: Address 0x46 Data=0x66
2013/07/02 12:25:44:321  ACTION: Read C1020: Address 0x47 Data=0x44
2013/07/02 12:25:44:321  ACTION: Write PRB FPGA: Address=0x3024 Data=0x35
2013/07/02 12:25:44:321  ACTION: Write PRB FPGA: Address=0x3026 Data=0xF0
2013/07/02 12:25:44:321  ACTION: Write PRB FPGA: Address=0x3028 Data=0x21
2013/07/02 12:25:44:321  ACTION: Write PRB FPGA: Address=0x302C Data=0x35
2013/07/02 12:25:44:321  ACTION: Write PRB FPGA: Address=0x302E Data=0xFA
2013/07/02 12:25:44:321  ACTION: Write PRB FPGA: Address=0x3030 Data=0xCB
2013/07/02 12:25:44:321  ACTION: Calibrate CC1020
2013/07/02 12:25:44:415  INFO:   CC1020 calibration passed
2013/07/02 12:25:44:712  ACTION: Read PRB FPGA: Address=0x2012 Data=0x00
2013/07/02 12:25:44:727  ACTION: Read C1020: Address 0x04 Data=0x35
2013/07/02 12:25:44:727  ACTION: Read C1020: Address 0x05 Data=0xF0
2013/07/02 12:25:44:727  ACTION: Read C1020: Address 0x06 Data=0x21
2013/07/02 12:25:44:727  ACTION: Read C1020: Address 0x07 Data=0x38
2013/07/02 12:25:44:727  ACTION: Read C1020: Address 0x08 Data=0x35
2013/07/02 12:25:44:727  ACTION: Read C1020: Address 0x09 Data=0xFA
2013/07/02 12:25:44:727  ACTION: Read C1020: Address 0x0A Data=0xCB
2013/07/02 12:25:44:727  ACTION: Read C1020: Address 0x0B Data=0x38
2013/07/02 12:25:44:743  ACTION: Read C1020: Address 0x1D Data=0x00
2013/07/02 12:25:44:743  ACTION: Read C1020: Address 0x45 Data=0x6C
2013/07/02 12:25:44:743  ACTION: Read C1020: Address 0x46 Data=0x66
2013/07/02 12:25:44:743  ACTION: Read C1020: Address 0x47 Data=0x44
2013/07/02 12:25:44:743  ACTION: Write PRB FPGA: Address=0x1008 Data=0x10
2013/07/02 12:25:45:149  ACTION: Read PRB FPGA: Address=0x1020 Data=0x00
2013/07/02 12:25:45:149  ACTION: Read PRB FPGA: Address=0x1026 Data=0x00
2013/07/02 12:25:45:149  ACTION: Read PRB FPGA: Address=0x1022 Data=0x1F
2013/07/02 12:25:45:149  ACTION: Read PRB FPGA: Address=0x1024 Data=0x1F
2013/07/02 12:25:45:149  ACTION: Read C1020: Address 0x04 Data=0x35
2013/07/02 12:25:45:149  ACTION: Read C1020: Address 0x05 Data=0xD4
2013/07/02 12:25:45:149  ACTION: Read C1020: Address 0x06 Data=0x25
2013/07/02 12:25:45:165  ACTION: Read C1020: Address 0x08 Data=0x35
2013/07/02 12:25:45:165  ACTION: Read C1020: Address 0x09 Data=0xDE
2013/07/02 12:25:45:165  ACTION: Read C1020: Address 0x0A Data=0xCF
2013/07/02 12:25:45:165  ACTION: Write C1020: Address=0x00 Data=0x01
2013/07/02 12:25:45:243  ACTION: Read C1020: Address 0x10 Data=0x22
2013/07/02 12:25:45:321  ACTION: Read C1020: Address 0x42 Data=0x17
2013/07/02 12:25:45:321  ACTION: Read C1020: Address 0x42 Data=0x1C
2013/07/02 12:25:45:321  ACTION: Read C1020: Address 0x42 Data=0x18
2013/07/02 12:25:45:336  ACTION: Read C1020: Address 0x42 Data=0x17
2013/07/02 12:25:45:336  ACTION: Read C1020: Address 0x42 Data=0x18
2013/07/02 12:25:45:336  ACTION: Read C1020: Address 0x42 Data=0x16
2013/07/02 12:25:45:336  ACTION: Read C1020: Address 0x42 Data=0x14
2013/07/02 12:25:45:336  ACTION: Read C1020: Address 0x42 Data=0x19
2013/07/02 12:25:45:336  ACTION: Read C1020: Address 0x42 Data=0x1B
2013/07/02 12:25:45:336  ACTION: Read C1020: Address 0x42 Data=0x16
2013/07/02 12:25:45:336  ACTION: Write C1020: Address=0x00 Data=0x1F
2013/07/02 12:25:45:430  ACTION: Read C1020: Address 0x0D Data=0x50
2013/07/02 12:25:45:508  ACTION: Read C1020: Address 0x0E Data=0x59
2013/07/02 12:25:45:586  ACTION: Write C1020: Address=0x00 Data=0xC1
2013/07/02 12:25:55:116  ACTION: Write C1020: Address=0x0E Data=0xD9
2013/07/02 12:25:55:210  ACTION: Read C1020: Address 0x0D Data=0x50
2013/07/02 12:25:55:288  ACTION: Read C1020: Address 0x0E Data=0xD9
2013/07/02 12:26:05:318  ACTION: Write C1020: Address=0x0D Data=0x54
2013/07/02 12:26:05:396  ACTION: Read C1020: Address 0x0D Data=0x54
2013/07/02 12:26:05:490  ACTION: Read C1020: Address 0x0E Data=0xD9
2013/07/02 12:26:05:990  ACTION: Write C1020: Address=0x0E Data=0x59
2013/07/02 12:26:06:068  ACTION: Read C1020: Address 0x0D Data=0x54
2013/07/02 12:26:06:146  ACTION: Read C1020: Address 0x0E Data=0x59
2013/07/02 12:26:07:146  ACTION: Write PRB FPGA: Address=0x3024 Data=0x35
2013/07/02 12:26:07:162  ACTION: Write PRB FPGA: Address=0x3026 Data=0xF0
2013/07/02 12:26:07:162  ACTION: Write PRB FPGA: Address=0x3028 Data=0x21
2013/07/02 12:26:07:162  ACTION: Write PRB FPGA: Address=0x302C Data=0x35
2013/07/02 12:26:07:162  ACTION: Write PRB FPGA: Address=0x302E Data=0xFA
2013/07/02 12:26:07:162  ACTION: Write PRB FPGA: Address=0x3030 Data=0xCB
2013/07/02 12:26:07:162  ACTION: Write PRB FPGA: Address=0x305E Data=0x35
2013/07/02 12:26:07:162  ACTION: Write PRB FPGA: Address=0x3060 Data=0xF0
2013/07/02 12:26:07:162  ACTION: Write PRB FPGA: Address=0x3062 Data=0x21
2013/07/02 12:26:07:177  ACTION: Write PRB FPGA: Address=0x3066 Data=0x35
2013/07/02 12:26:07:177  ACTION: Write PRB FPGA: Address=0x3068 Data=0xFA
2013/07/02 12:26:07:177  ACTION: Write PRB FPGA: Address=0x306A Data=0xCB
2013/07/02 12:26:07:177  ACTION: Calibrate CC1020
2013/07/02 12:26:07:271  INFO:   CC1020 calibration passed
2013/07/02 12:26:07:568  ACTION: Read PRB FPGA: Address=0x2012 Data=0x00
2013/07/02 12:26:07:568  ACTION: Read C1020: Address 0x04 Data=0x35
2013/07/02 12:26:07:568  ACTION: Read C1020: Address 0x05 Data=0xF0
2013/07/02 12:26:07:584  ACTION: Read C1020: Address 0x06 Data=0x21
2013/07/02 12:26:07:584  ACTION: Read C1020: Address 0x07 Data=0x38
2013/07/02 12:26:07:584  ACTION: Read C1020: Address 0x08 Data=0x35
2013/07/02 12:26:07:584  ACTION: Read C1020: Address 0x09 Data=0xFA
2013/07/02 12:26:07:584  ACTION: Read C1020: Address 0x0A Data=0xCB
2013/07/02 12:26:07:584  ACTION: Read C1020: Address 0x0B Data=0x38
2013/07/02 12:26:07:584  ACTION: Read C1020: Address 0x1D Data=0x00
2013/07/02 12:26:07:584  ACTION: Read C1020: Address 0x45 Data=0x6C
2013/07/02 12:26:07:599  ACTION: Read C1020: Address 0x46 Data=0x66
2013/07/02 12:26:07:599  ACTION: Read C1020: Address 0x47 Data=0x44
2013/07/02 12:26:07:599  ACTION: Write PRB FPGA: Address=0x3024 Data=0x35
2013/07/02 12:26:07:599  ACTION: Write PRB FPGA: Address=0x3026 Data=0xF0
2013/07/02 12:26:07:599  ACTION: Write PRB FPGA: Address=0x3028 Data=0x21
2013/07/02 12:26:07:599  ACTION: Write PRB FPGA: Address=0x302C Data=0x35
2013/07/02 12:26:07:599  ACTION: Write PRB FPGA: Address=0x302E Data=0xFA
2013/07/02 12:26:07:599  ACTION: Write PRB FPGA: Address=0x3030 Data=0xCB
2013/07/02 12:26:07:599  ACTION: Calibrate CC1020
2013/07/02 12:26:07:693  INFO:   CC1020 calibration passed
2013/07/02 12:26:07:990  ACTION: Read PRB FPGA: Address=0x2012 Data=0x00
2013/07/02 12:26:07:990  ACTION: Read C1020: Address 0x04 Data=0x35
2013/07/02 12:26:07:990  ACTION: Read C1020: Address 0x05 Data=0xF0
2013/07/02 12:26:07:990  ACTION: Read C1020: Address 0x06 Data=0x21
2013/07/02 12:26:08:005  ACTION: Read C1020: Address 0x07 Data=0x38
2013/07/02 12:26:08:005  ACTION: Read C1020: Address 0x08 Data=0x35
2013/07/02 12:26:08:005  ACTION: Read C1020: Address 0x09 Data=0xFA
2013/07/02 12:26:08:005  ACTION: Read C1020: Address 0x0A Data=0xCB
2013/07/02 12:26:08:005  ACTION: Read C1020: Address 0x0B Data=0x38
2013/07/02 12:26:08:005  ACTION: Read C1020: Address 0x1D Data=0x00
2013/07/02 12:26:08:005  ACTION: Read C1020: Address 0x45 Data=0x6C
2013/07/02 12:26:08:005  ACTION: Read C1020: Address 0x46 Data=0x66
2013/07/02 12:26:08:021  ACTION: Read C1020: Address 0x47 Data=0x44
2013/07/02 12:26:08:021  ACTION: Write PRB FPGA: Address=0x1008 Data=0x10
2013/07/02 12:26:08:412  ACTION: Read PRB FPGA: Address=0x1020 Data=0x01
2013/07/02 12:26:08:427  ACTION: Read PRB FPGA: Address=0x1026 Data=0x01
2013/07/02 12:26:08:427  ACTION: Read PRB FPGA: Address=0x1022 Data=0x20
2013/07/02 12:26:08:427  ACTION: Read PRB FPGA: Address=0x1024 Data=0x1F
2013/07/02 12:26:08:427  ACTION: Read C1020: Address 0x04 Data=0x35
2013/07/02 12:26:08:427  ACTION: Read C1020: Address 0x05 Data=0xF0
2013/07/02 12:26:08:427  ACTION: Read C1020: Address 0x06 Data=0x21
2013/07/02 12:26:08:427  ACTION: Read C1020: Address 0x08 Data=0x35
2013/07/02 12:26:08:427  ACTION: Read C1020: Address 0x09 Data=0xFA
2013/07/02 12:26:08:427  ACTION: Read C1020: Address 0x0A Data=0xCB
2013/07/02 12:26:08:427  ACTION: Write C1020: Address=0x00 Data=0x01
2013/07/02 12:26:08:521  ACTION: Read C1020: Address 0x10 Data=0x22
2013/07/02 12:26:08:599  ACTION: Read C1020: Address 0x42 Data=0x15
2013/07/02 12:26:08:599  ACTION: Read C1020: Address 0x42 Data=0x18
2013/07/02 12:26:08:599  ACTION: Read C1020: Address 0x42 Data=0x1A
2013/07/02 12:26:08:599  ACTION: Read C1020: Address 0x42 Data=0x19
2013/07/02 12:26:08:599  ACTION: Read C1020: Address 0x42 Data=0x1E
2013/07/02 12:26:08:615  ACTION: Read C1020: Address 0x42 Data=0x13
2013/07/02 12:26:08:615  ACTION: Read C1020: Address 0x42 Data=0x19
2013/07/02 12:26:08:615  ACTION: Read C1020: Address 0x42 Data=0x1A
2013/07/02 12:26:08:615  ACTION: Read C1020: Address 0x42 Data=0x16
2013/07/02 12:26:08:615  ACTION: Read C1020: Address 0x42 Data=0x18
2013/07/02 12:26:08:615  ACTION: Write C1020: Address=0x00 Data=0x1F
2013/07/02 12:26:08:693  ACTION: Read C1020: Address 0x0D Data=0x50
2013/07/02 12:26:08:787  ACTION: Read C1020: Address 0x0E Data=0x59
2013/07/02 12:26:08:865  ACTION: Write C1020: Address=0x00 Data=0xC1
2013/07/02 12:26:18:442  ACTION: Write C1020: Address=0x0E Data=0xD9
2013/07/02 12:26:18:520  ACTION: Read C1020: Address 0x0D Data=0x50
2013/07/02 12:26:18:613  ACTION: Read C1020: Address 0x0E Data=0xD9
2013/07/02 12:26:28:675  ACTION: Write C1020: Address=0x0D Data=0x54
2013/07/02 12:26:28:753  ACTION: Read C1020: Address 0x0D Data=0x54
2013/07/02 12:26:28:831  ACTION: Read C1020: Address 0x0E Data=0xD9
2013/07/02 12:26:29:331  ACTION: Write C1020: Address=0x0E Data=0x59
2013/07/02 12:26:29:425  ACTION: Read C1020: Address 0x0D Data=0x54
2013/07/02 12:26:29:503  ACTION: Read C1020: Address 0x0E Data=0x59
2013/07/02 12:26:30:018  EVENT:  SCRIPT-EXEC:EXIT - TES.Dvt.ScriptExecStateMachine, ID[8]
2013/07/02 12:26:30:018  INFO:   Terminating ScriptEngineProcedure
2013/07/02 12:26:30:018  EVENT:  Terminate Dispatch, ID[15]
2013/07/02 12:26:30:018  EVENT:  TES.Dvt.ScriptExecStateMachine.DoneEvent, ID[6]
2013/07/02 12:26:30:018  STATE:  Changing state to ScriptExecStateMachine.IdleState, ID[6]
2013/07/02 12:26:30:034  INFO:   ScriptEngineProcedure Completed
2013/07/02 12:26:30:034  INFO:   Testcase Summary:
2013/07/02 12:26:30:034  RESULT: Test Procedure ScriptEngineProcedure (PASSED)
2013/07/02 12:26:30:034  INFO:   Procedure Runtime = 00:03:33
2013/07/02 12:26:30:049  INFO:   The event dispatch thread ScriptEngineProcedure exited.
