<<<<< Log Header: 07/09/2013 20:33:06 >>>>>
2013/07/09 20:33:06:115 [002920] INFO [NCommunicationSystem.cpp, 108] - nCommunicationSystem, Version=1.8.2.1, Culture=neutral, PublicKeyToken=56b5378c99c0bcfd
2013/07/09 20:33:06:146 [002920] INFO [ExceptionCatchingThread.cpp, 257] - Created the timer thread with id 3544 (0xdd8).
2013/07/09 20:33:06:146 [003544] INFO [ExceptionCatchingThread.cpp, 168] - Executing the timer thread procedure...
2013/07/09 20:33:06:162 [002920] INFO [ExceptionCatchingThread.cpp, 257] - Created the dispatch thread with id 3548 (0xddc).
2013/07/09 20:33:06:162 [003548] INFO [ExceptionCatchingThread.cpp, 168] - Executing the dispatch thread procedure...
2013/07/09 20:33:09:159 [002920] DEBUG [Prb.cpp, 252] - PRB logging started.
2013/07/09 20:33:09:331 [002920] DEBUG [Prb.cpp, 130] - Number of FTDI devices: 1
2013/07/09 20:33:09:331 [002920] DEBUG [Prb.cpp, 158] - FTDI Device[0]: ID=67330069
2013/07/09 20:33:09:346 [002920] DEBUG [Prb.cpp, 169] - FTDI handle=193872024
2013/07/09 20:33:09:346 [002920] INFO [Prb.cpp, 179] - FTDI Driver Version 2.08.28.0
2013/07/09 20:33:13:453 [002920] INFO [Prb.cpp, 205] - FTDI Configuration: MaxCurrent=200, CBus5=5, CBus6=0x4
2013/07/09 20:33:13:702 [002920] INFO [Prb.cpp, 246] - PRB driver initialized.
2013/07/09 20:33:13:702 [002920] TRACE [Prb.cpp, 448] - Writing FPGA, Address=0x1008, Data=0x08
2013/07/09 20:33:13:702 [002920] TRACE [Prb.cpp, 1035] - WriteFPGAPacket(0x1008, 0x08):01 00 0D 00 81 00 03 10 08 08 25 D5 0D 
2013/07/09 20:33:13:702 [000944] TRACE [Prb.cpp, 835] - RxStream contents:01 00 0B 01 06 00 00 00 30 72 0D 
2013/07/09 20:33:13:702 [000944] TRACE [Prb.cpp, 943] - RadioBoardPacket(ACK):01 00 0B 01 06 00 00 00 30 72 0D 
2013/07/09 20:33:13:702 [002920] DEBUG [Prb.cpp, 466] - Write FPGA completed, Address=0x1008, Data=0x08
2013/07/09 20:33:13:718 [002920] TRACE [Prb.cpp, 493] - Reading FPGA, Address=0x300A
2013/07/09 20:33:13:718 [002920] TRACE [Prb.cpp, 1035] - ReadFPGAPacket(0x300A):01 00 0C 01 82 00 02 30 0A E8 24 0D 
2013/07/09 20:33:13:718 [000944] TRACE [Prb.cpp, 835] - RxStream contents:01 00 0C 02 06 01 00 01 00 6F D3 0D 
2013/07/09 20:33:13:718 [000944] TRACE [Prb.cpp, 943] - RadioBoardPacket(ACK):01 00 0C 02 06 01 00 01 00 6F D3 0D 
2013/07/09 20:33:13:718 [002920] DEBUG [Prb.cpp, 512] - Read FPGA completed, Address=0x300A, Data=0x00
2013/07/09 20:33:13:718 [002920] TRACE [Prb.cpp, 448] - Writing FPGA, Address=0x300A, Data=0x03
2013/07/09 20:33:13:718 [002920] TRACE [Prb.cpp, 1035] - WriteFPGAPacket(0x300A, 0x03):01 00 0D 02 81 00 03 30 0A 03 29 4F 0D 
2013/07/09 20:33:13:718 [000944] TRACE [Prb.cpp, 835] - RxStream contents:01 00 0B 03 06 02 00 00 30 AA 0D 
2013/07/09 20:33:13:718 [000944] TRACE [Prb.cpp, 943] - RadioBoardPacket(ACK):01 00 0B 03 06 02 00 00 30 AA 0D 
2013/07/09 20:33:13:718 [002920] DEBUG [Prb.cpp, 466] - Write FPGA completed, Address=0x300A, Data=0x03
2013/07/09 20:33:13:765 [002920] INFO [CrossTalkDetector.cpp, 14] - EnterCrossTalkThreshold = 8
2013/07/09 20:33:13:765 [002920] INFO [CrossTalkDetector.cpp, 21] - LeaveCrossTalkThreshold = 4
2013/07/09 20:33:13:780 [002920] INFO [CrossTalkDetector.cpp, 28] - LinkThreshold = 8
2013/07/09 20:33:13:780 [002920] INFO [ExceptionCatchingThread.cpp, 257] - Created the interrupt thread with id 996 (0x3e4).
2013/07/09 20:33:13:780 [002920] DEBUG [Prb.cpp, 252] - PRB logging started.
2013/07/09 20:33:13:780 [000996] INFO [ExceptionCatchingThread.cpp, 168] - Executing the interrupt thread procedure...
2013/07/09 20:33:13:780 [002920] INFO [CommunicationSystem.cpp, 640] - Calibrating the PRB CC1020.
2013/07/09 20:33:13:780 [002920] TRACE [Prb.cpp, 448] - Writing FPGA, Address=0x1008, Data=0x01
2013/07/09 20:33:13:780 [000944] TRACE [Prb.cpp, 835] - RxStream contents:01 00 0B 04 06 03 00 00 31 D6 0D 
2013/07/09 20:33:13:780 [002920] TRACE [Prb.cpp, 1035] - WriteFPGAPacket(0x1008, 0x01):01 00 0D 03 81 00 03 10 08 01 26 D3 0D 
2013/07/09 20:33:13:780 [000944] TRACE [Prb.cpp, 943] - RadioBoardPacket(ACK):01 00 0B 04 06 03 00 00 31 D6 0D 
2013/07/09 20:33:13:780 [002920] DEBUG [Prb.cpp, 466] - Write FPGA completed, Address=0x1008, Data=0x01
2013/07/09 20:33:13:858 [000944] TRACE [Prb.cpp, 835] - RxStream contents:01 00 0D 05 00 00 00 02 09 00 63 55 0D 
2013/07/09 20:33:13:874 [000996] DEBUG [CommunicationSystem.cpp, 1120] - Calibration complete.
2013/07/09 20:33:13:874 [002920] TRACE [Prb.cpp, 493] - Reading FPGA, Address=0x2012
2013/07/09 20:33:13:874 [002920] TRACE [Prb.cpp, 1035] - ReadFPGAPacket(0x2012):01 00 0C 04 82 00 02 20 12 10 72 0D 
2013/07/09 20:33:13:874 [000944] TRACE [Prb.cpp, 835] - RxStream contents:01 00 0C 06 06 04 00 01 00 CB D5 0D 
2013/07/09 20:33:13:874 [000944] TRACE [Prb.cpp, 943] - RadioBoardPacket(ACK):01 00 0C 06 06 04 00 01 00 CB D5 0D 
2013/07/09 20:33:13:874 [002920] DEBUG [Prb.cpp, 512] - Read FPGA completed, Address=0x2012, Data=0x00
2013/07/09 20:33:13:874 [002920] INFO [CommunicationSystem.cpp, 653] - CC1020 Calibration succeeded.
2013/07/09 20:33:13:874 [002920] TRACE [Prb.cpp, 448] - Writing FPGA, Address=0x1006, Data=0x08
2013/07/09 20:33:13:874 [002920] TRACE [Prb.cpp, 1035] - WriteFPGAPacket(0x1006, 0x08):01 00 0D 05 81 00 03 10 06 08 84 86 0D 
2013/07/09 20:33:13:874 [000944] TRACE [Prb.cpp, 835] - RxStream contents:01 00 0B 07 06 05 00 00 31 26 0D 
2013/07/09 20:33:13:874 [000944] TRACE [Prb.cpp, 943] - RadioBoardPacket(ACK):01 00 0B 07 06 05 00 00 31 26 0D 
2013/07/09 20:33:13:874 [002920] DEBUG [Prb.cpp, 466] - Write FPGA completed, Address=0x1006, Data=0x08
2013/07/09 20:33:13:874 [002920] TRACE [Prb.cpp, 493] - Reading FPGA, Address=0x3000
2013/07/09 20:33:13:874 [002920] TRACE [Prb.cpp, 1035] - ReadFPGAPacket(0x3000):01 00 0C 06 82 00 02 30 00 80 1E 0D 
2013/07/09 20:33:13:874 [000944] TRACE [Prb.cpp, 835] - RxStream contents:01 00 0C 08 06 06 00 01 12 B3 B6 0D 
2013/07/09 20:33:13:874 [000944] TRACE [Prb.cpp, 943] - RadioBoardPacket(ACK):01 00 0C 08 06 06 00 01 12 B3 B6 0D 
2013/07/09 20:33:13:874 [002920] DEBUG [Prb.cpp, 512] - Read FPGA completed, Address=0x3000, Data=0x12
2013/07/09 20:33:13:874 [002920] INFO [CommunicationSystem.cpp, 613] - FPGA Revision 18.
2013/07/09 20:33:13:874 [002920] TRACE [Prb.cpp, 584] - Reading CC1020, Address=0x0004
2013/07/09 20:33:13:874 [002920] TRACE [Prb.cpp, 1035] - ReadCC1020Packet(0x04):01 00 0C 07 84 00 02 00 04 59 16 0D 
2013/07/09 20:33:13:874 [000944] TRACE [Prb.cpp, 835] - RxStream contents:01 00 0C 09 06 07 00 01 35 DF 64 0D 
2013/07/09 20:33:13:874 [000944] TRACE [Prb.cpp, 943] - RadioBoardPacket(ACK):01 00 0C 09 06 07 00 01 35 DF 64 0D 
2013/07/09 20:33:13:874 [002920] DEBUG [Prb.cpp, 603] - Read CC1020 completed, Address=0x0004, Data=0x35
2013/07/09 20:33:13:874 [002920] INFO [CommunicationSystem.cpp, 614] - CC1020 Frequency 2A 0x35.
2013/07/09 20:33:13:874 [002920] TRACE [Prb.cpp, 584] - Reading CC1020, Address=0x0005
2013/07/09 20:33:13:874 [002920] TRACE [Prb.cpp, 1035] - ReadCC1020Packet(0x05):01 00 0C 08 84 00 02 00 05 F1 1C 0D 
2013/07/09 20:33:13:874 [000944] TRACE [Prb.cpp, 835] - RxStream contents:01 00 0C 0A 06 08 00 01 F0 99 FA 0D 
2013/07/09 20:33:13:874 [000944] TRACE [Prb.cpp, 943] - RadioBoardPacket(ACK):01 00 0C 0A 06 08 00 01 F0 99 FA 0D 
2013/07/09 20:33:13:874 [002920] DEBUG [Prb.cpp, 603] - Read CC1020 completed, Address=0x0005, Data=0xF0
2013/07/09 20:33:13:874 [002920] INFO [CommunicationSystem.cpp, 615] - CC1020 Frequency 1A 0xf0.
2013/07/09 20:33:13:874 [002920] TRACE [Prb.cpp, 584] - Reading CC1020, Address=0x0006
2013/07/09 20:33:13:874 [002920] TRACE [Prb.cpp, 1035] - ReadCC1020Packet(0x06):01 00 0C 09 84 00 02 00 06 09 15 0D 
2013/07/09 20:33:13:874 [000944] TRACE [Prb.cpp, 835] - RxStream contents:01 00 0C 0B 06 09 00 01 21 F7 1C 0D 
2013/07/09 20:33:13:874 [000944] TRACE [Prb.cpp, 943] - RadioBoardPacket(ACK):01 00 0C 0B 06 09 00 01 21 F7 1C 0D 
2013/07/09 20:33:13:874 [002920] DEBUG [Prb.cpp, 603] - Read CC1020 completed, Address=0x0006, Data=0x21
2013/07/09 20:33:13:874 [002920] INFO [CommunicationSystem.cpp, 616] - CC1020 Frequency 0A 0x21.
2013/07/09 20:33:13:874 [002920] TRACE [Prb.cpp, 584] - Reading CC1020, Address=0x0008
2013/07/09 20:33:13:874 [000944] TRACE [Prb.cpp, 835] - RxStream contents:01 00 0C 0C 06 0A 00 01 35 A3 62 0D 
2013/07/09 20:33:13:874 [002920] TRACE [Prb.cpp, 1035] - ReadCC1020Packet(0x08):01 00 0C 0A 84 00 02 00 08 01 32 0D 
2013/07/09 20:33:13:874 [000944] TRACE [Prb.cpp, 943] - RadioBoardPacket(ACK):01 00 0C 0C 06 0A 00 01 35 A3 62 0D 
2013/07/09 20:33:13:874 [002920] DEBUG [Prb.cpp, 603] - Read CC1020 completed, Address=0x0008, Data=0x35
2013/07/09 20:33:13:874 [002920] INFO [CommunicationSystem.cpp, 617] - CC1020 Frequency 2B 0x35.
2013/07/09 20:33:13:874 [002920] TRACE [Prb.cpp, 584] - Reading CC1020, Address=0x0009
2013/07/09 20:33:13:874 [002920] TRACE [Prb.cpp, 1035] - ReadCC1020Packet(0x09):01 00 0C 0B 84 00 02 00 09 79 34 0D 
2013/07/09 20:33:13:874 [000944] TRACE [Prb.cpp, 835] - RxStream contents:01 00 0C 0D 06 0B 00 01 FA CD C0 0D 
2013/07/09 20:33:13:874 [000944] TRACE [Prb.cpp, 943] - RadioBoardPacket(ACK):01 00 0C 0D 06 0B 00 01 FA CD C0 0D 
2013/07/09 20:33:13:874 [002920] DEBUG [Prb.cpp, 603] - Read CC1020 completed, Address=0x0009, Data=0xFA
2013/07/09 20:33:13:874 [002920] INFO [CommunicationSystem.cpp, 618] - CC1020 Frequency 1B 0xfa.
2013/07/09 20:33:13:874 [002920] TRACE [Prb.cpp, 584] - Reading CC1020, Address=0x000A
2013/07/09 20:33:13:874 [002920] TRACE [Prb.cpp, 1035] - ReadCC1020Packet(0x0A):01 00 0C 0C 84 00 02 00 0A 11 38 0D 
2013/07/09 20:33:13:874 [000944] TRACE [Prb.cpp, 835] - RxStream contents:01 00 0C 0E 06 0C 00 01 CB 29 66 0D 
2013/07/09 20:33:13:874 [000944] TRACE [Prb.cpp, 943] - RadioBoardPacket(ACK):01 00 0C 0E 06 0C 00 01 CB 29 66 0D 
2013/07/09 20:33:13:874 [002920] DEBUG [Prb.cpp, 603] - Read CC1020 completed, Address=0x000A, Data=0xCB
2013/07/09 20:33:13:874 [002920] INFO [CommunicationSystem.cpp, 619] - CC1020 Frequency 0B 0xcb.
2013/07/09 20:33:13:890 [002920] DEBUG [Prb.cpp, 650] - Read EEPROM completed, Address=0x060A, Data=0xFFFF
2013/07/09 20:33:13:890 [002920] INFO [CommunicationSystem.cpp, 620] - RSSI Calibration Reference Center Channel 255.
2013/07/09 20:33:13:890 [002920] TRACE [Prb.cpp, 493] - Reading FPGA, Address=0x3054
2013/07/09 20:33:13:890 [002920] TRACE [Prb.cpp, 1035] - ReadFPGAPacket(0x3054):01 00 0C 0D 82 00 02 30 54 C9 EC 0D 
2013/07/09 20:33:13:890 [000944] TRACE [Prb.cpp, 835] - RxStream contents:01 00 0C 0F 06 0D 00 01 07 47 CE 0D 
2013/07/09 20:33:13:890 [000944] TRACE [Prb.cpp, 943] - RadioBoardPacket(ACK):01 00 0C 0F 06 0D 00 01 07 47 CE 0D 
2013/07/09 20:33:13:890 [002920] DEBUG [Prb.cpp, 512] - Read FPGA completed, Address=0x3054, Data=0x07
2013/07/09 20:33:13:890 [002920] INFO [CommunicationSystem.cpp, 621] - CC1020 PA_POWER 0x7.
2013/07/09 20:33:13:890 [002920] TRACE [Prb.cpp, 584] - Reading CC1020, Address=0x001C
2013/07/09 20:33:13:890 [002920] TRACE [Prb.cpp, 1035] - ReadCC1020Packet(0x1C):01 00 0C 0E 84 00 02 00 1C E1 4C 0D 
2013/07/09 20:33:13:890 [000944] TRACE [Prb.cpp, 835] - RxStream contents:01 00 0C 10 06 0E 00 01 07 D3 D3 0D 
2013/07/09 20:33:13:890 [000944] TRACE [Prb.cpp, 943] - RadioBoardPacket(ACK):01 00 0C 10 06 0E 00 01 07 D3 D3 0D 
2013/07/09 20:33:13:890 [002920] DEBUG [Prb.cpp, 603] - Read CC1020 completed, Address=0x001C, Data=0x07
2013/07/09 20:33:13:890 [002920] INFO [CommunicationSystem.cpp, 622] - CC1020 Transmit Power 0x7.
2013/07/09 20:33:13:890 [002920] TRACE [Prb.cpp, 493] - Reading FPGA, Address=0x3014
2013/07/09 20:33:13:890 [002920] TRACE [Prb.cpp, 1035] - ReadFPGAPacket(0x3014):01 00 0C 0F 82 00 02 30 14 38 6C 0D 
2013/07/09 20:33:13:890 [000944] TRACE [Prb.cpp, 835] - RxStream contents:01 00 0C 11 06 0F 00 01 00 3F C2 0D 
2013/07/09 20:33:13:890 [000944] TRACE [Prb.cpp, 943] - RadioBoardPacket(ACK):01 00 0C 11 06 0F 00 01 00 3F C2 0D 
2013/07/09 20:33:13:890 [002920] DEBUG [Prb.cpp, 512] - Read FPGA completed, Address=0x3014, Data=0x00
2013/07/09 20:33:13:890 [002920] INFO [CommunicationSystem.cpp, 623] - Low Noise Amplifier Circumvented 0.
2013/07/09 20:33:13:890 [002920] TRACE [Prb.cpp, 584] - Reading CC1020, Address=0x0001
2013/07/09 20:33:13:890 [002920] TRACE [Prb.cpp, 1035] - ReadCC1020Packet(0x01):01 00 0C 10 84 00 02 00 01 B1 1C 0D 
2013/07/09 20:33:13:890 [000944] TRACE [Prb.cpp, 835] - RxStream contents:01 00 0C 12 06 10 00 01 0F 3B E6 0D 
2013/07/09 20:33:13:890 [000944] TRACE [Prb.cpp, 943] - RadioBoardPacket(ACK):01 00 0C 12 06 10 00 01 0F 3B E6 0D 
2013/07/09 20:33:13:890 [002920] DEBUG [Prb.cpp, 603] - Read CC1020 completed, Address=0x0001, Data=0x0F
2013/07/09 20:33:13:890 [002920] INFO [CommunicationSystem.cpp, 624] - Low Noise Amplifier 0xf.
2013/07/09 20:33:13:890 [002920] TRACE [Prb.cpp, 493] - Reading FPGA, Address=0x1006
2013/07/09 20:33:13:890 [002920] TRACE [Prb.cpp, 1035] - ReadFPGAPacket(0x1006):01 00 0C 11 82 00 02 10 06 28 1D 0D 
2013/07/09 20:33:13:890 [000944] TRACE [Prb.cpp, 835] - RxStream contents:01 00 0C 13 06 11 00 01 08 D7 F7 0D 
2013/07/09 20:33:13:890 [000944] TRACE [Prb.cpp, 943] - RadioBoardPacket(ACK):01 00 0C 13 06 11 00 01 08 D7 F7 0D 
2013/07/09 20:33:13:890 [002920] DEBUG [Prb.cpp, 512] - Read FPGA completed, Address=0x1006, Data=0x08
2013/07/09 20:33:13:890 [002920] INFO [CommunicationSystem.cpp, 625] - Allowed Framing Errors 8.
2013/07/09 20:33:13:905 [002920] INFO [CrossTalkDetector.cpp, 28] - LinkThreshold = 8
2013/07/09 20:33:13:905 [002920] INFO [CrossTalkDetector.cpp, 14] - EnterCrossTalkThreshold = 8
2013/07/09 20:33:13:905 [002920] INFO [CrossTalkDetector.cpp, 21] - LeaveCrossTalkThreshold = 4
2013/07/09 20:33:14:030 [001624] TRACE [Prb.cpp, 493] - Reading FPGA, Address=0x3000
2013/07/09 20:33:14:030 [001624] TRACE [Prb.cpp, 1035] - ReadFPGAPacket(0x3000):01 00 0C 12 82 00 02 30 00 E0 0A 0D 
2013/07/09 20:33:14:030 [000944] TRACE [Prb.cpp, 835] - RxStream contents:01 00 0C 14 06 12 00 01 12 03 AE 0D 
2013/07/09 20:33:14:030 [000944] TRACE [Prb.cpp, 943] - RadioBoardPacket(ACK):01 00 0C 14 06 12 00 01 12 03 AE 0D 
2013/07/09 20:33:14:030 [001624] DEBUG [Prb.cpp, 512] - Read FPGA completed, Address=0x3000, Data=0x12
2013/07/09 20:33:14:061 [001624] TRACE [Prb.cpp, 539] - Writing CC1020, Address=0x001C, Data=0x07
2013/07/09 20:33:14:061 [001624] TRACE [Prb.cpp, 1035] - WriteCC1020Packet(0x1C, 0x07):01 00 0D 13 83 00 03 00 1C 07 3E 84 0D 
2013/07/09 20:33:14:061 [000944] TRACE [Prb.cpp, 835] - RxStream contents:01 00 0B 15 06 13 00 00 B7 6D 0D 
2013/07/09 20:33:14:061 [000944] TRACE [Prb.cpp, 943] - RadioBoardPacket(ACK):01 00 0B 15 06 13 00 00 B7 6D 0D 
2013/07/09 20:33:14:061 [001624] DEBUG [Prb.cpp, 557] - Write CC1020 completed, Address=0x001C, Data=0x07
2013/07/09 20:33:14:140 [002920] TRACE [Prb.cpp, 493] - Reading FPGA, Address=0x3000
2013/07/09 20:33:14:140 [002920] TRACE [Prb.cpp, 1035] - ReadFPGAPacket(0x3000):01 00 0C 14 82 00 02 30 00 70 0F 0D 
2013/07/09 20:33:14:140 [000944] TRACE [Prb.cpp, 835] - RxStream contents:01 00 0C 16 06 14 00 01 12 0B AD 0D 
2013/07/09 20:33:14:140 [000944] TRACE [Prb.cpp, 943] - RadioBoardPacket(ACK):01 00 0C 16 06 14 00 01 12 0B AD 0D 
2013/07/09 20:33:14:140 [002920] DEBUG [Prb.cpp, 512] - Read FPGA completed, Address=0x3000, Data=0x12
2013/07/09 20:33:16:716 [002920] TRACE [Prb.cpp, 448] - Writing FPGA, Address=0x3024, Data=0x35
2013/07/09 20:33:16:716 [002920] TRACE [Prb.cpp, 1035] - WriteFPGAPacket(0x3024, 0x35):01 00 0D 15 81 00 03 30 24 35 DB 8B 0D 
2013/07/09 20:33:16:716 [000944] TRACE [Prb.cpp, 835] - RxStream contents:01 00 0B 17 06 15 00 00 37 E6 0D 
2013/07/09 20:33:16:716 [000944] TRACE [Prb.cpp, 943] - RadioBoardPacket(ACK):01 00 0B 17 06 15 00 00 37 E6 0D 
2013/07/09 20:33:16:716 [002920] DEBUG [Prb.cpp, 466] - Write FPGA completed, Address=0x3024, Data=0x35
2013/07/09 20:33:16:716 [002920] TRACE [Prb.cpp, 448] - Writing FPGA, Address=0x3026, Data=0xF0
2013/07/09 20:33:16:731 [002920] TRACE [Prb.cpp, 1035] - WriteFPGAPacket(0x3026, 0xF0):01 00 0D 16 81 00 03 30 26 F0 56 26 0D 
2013/07/09 20:33:16:731 [000944] TRACE [Prb.cpp, 835] - RxStream contents:01 00 0B 18 06 16 00 00 35 72 0D 
2013/07/09 20:33:16:731 [000944] TRACE [Prb.cpp, 943] - RadioBoardPacket(ACK):01 00 0B 18 06 16 00 00 35 72 0D 
2013/07/09 20:33:16:731 [002920] DEBUG [Prb.cpp, 466] - Write FPGA completed, Address=0x3026, Data=0xF0
2013/07/09 20:33:16:731 [002920] TRACE [Prb.cpp, 448] - Writing FPGA, Address=0x3028, Data=0x21
2013/07/09 20:33:16:731 [002920] TRACE [Prb.cpp, 1035] - WriteFPGAPacket(0x3028, 0x21):01 00 0D 17 81 00 03 30 28 21 71 D0 0D 
2013/07/09 20:33:16:731 [000944] TRACE [Prb.cpp, 835] - RxStream contents:01 00 0B 19 06 17 00 00 35 1E 0D 
2013/07/09 20:33:16:731 [000944] TRACE [Prb.cpp, 943] - RadioBoardPacket(ACK):01 00 0B 19 06 17 00 00 35 1E 0D 
2013/07/09 20:33:16:731 [002920] DEBUG [Prb.cpp, 466] - Write FPGA completed, Address=0x3028, Data=0x21
2013/07/09 20:33:16:731 [002920] TRACE [Prb.cpp, 448] - Writing FPGA, Address=0x302C, Data=0x35
2013/07/09 20:33:16:731 [002920] TRACE [Prb.cpp, 1035] - WriteFPGAPacket(0x302C, 0x35):01 00 0D 18 81 00 03 30 2C 35 E6 5B 0D 
2013/07/09 20:33:16:731 [000944] TRACE [Prb.cpp, 835] - RxStream contents:01 00 0B 1A 06 18 00 00 35 5A 0D 
2013/07/09 20:33:16:731 [000944] TRACE [Prb.cpp, 943] - RadioBoardPacket(ACK):01 00 0B 1A 06 18 00 00 35 5A 0D 
2013/07/09 20:33:16:731 [002920] DEBUG [Prb.cpp, 466] - Write FPGA completed, Address=0x302C, Data=0x35
2013/07/09 20:33:16:731 [002920] TRACE [Prb.cpp, 448] - Writing FPGA, Address=0x302E, Data=0xFA
2013/07/09 20:33:16:731 [002920] TRACE [Prb.cpp, 1035] - WriteFPGAPacket(0x302E, 0xFA):01 00 0D 19 81 00 03 30 2E FA E9 E9 0D 
2013/07/09 20:33:16:731 [000944] TRACE [Prb.cpp, 835] - RxStream contents:01 00 0B 1B 06 19 00 00 35 36 0D 
2013/07/09 20:33:16:731 [000944] TRACE [Prb.cpp, 943] - RadioBoardPacket(ACK):01 00 0B 1B 06 19 00 00 35 36 0D 
2013/07/09 20:33:16:731 [002920] DEBUG [Prb.cpp, 466] - Write FPGA completed, Address=0x302E, Data=0xFA
2013/07/09 20:33:16:731 [002920] TRACE [Prb.cpp, 448] - Writing FPGA, Address=0x3030, Data=0xCB
2013/07/09 20:33:16:731 [002920] TRACE [Prb.cpp, 1035] - WriteFPGAPacket(0x3030, 0xCB):01 00 0D 1A 81 00 03 30 30 CB 2E 7C 0D 
2013/07/09 20:33:16:731 [000944] TRACE [Prb.cpp, 835] - RxStream contents:01 00 0B 1C 06 1A 00 00 B4 61 0D 
2013/07/09 20:33:16:731 [000944] TRACE [Prb.cpp, 943] - RadioBoardPacket(ACK):01 00 0B 1C 06 1A 00 00 B4 61 0D 
2013/07/09 20:33:16:731 [002920] DEBUG [Prb.cpp, 466] - Write FPGA completed, Address=0x3030, Data=0xCB
2013/07/09 20:33:16:731 [002920] INFO [CommunicationSystem.cpp, 640] - Calibrating the PRB CC1020.
2013/07/09 20:33:16:731 [002920] TRACE [Prb.cpp, 448] - Writing FPGA, Address=0x1008, Data=0x01
2013/07/09 20:33:16:731 [002920] TRACE [Prb.cpp, 1035] - WriteFPGAPacket(0x1008, 0x01):01 00 0D 1B 81 00 03 10 08 01 3F 53 0D 
2013/07/09 20:33:16:731 [000944] TRACE [Prb.cpp, 835] - RxStream contents:01 00 0B 1D 06 1B 00 00 B4 0D 0D 
2013/07/09 20:33:16:731 [000944] TRACE [Prb.cpp, 943] - RadioBoardPacket(ACK):01 00 0B 1D 06 1B 00 00 B4 0D 0D 
2013/07/09 20:33:16:731 [002920] DEBUG [Prb.cpp, 466] - Write FPGA completed, Address=0x1008, Data=0x01
2013/07/09 20:33:16:825 [000944] TRACE [Prb.cpp, 835] - RxStream contents:01 00 0D 1E 00 00 00 02 09 00 79 E5 0D 
2013/07/09 20:33:16:825 [000996] DEBUG [CommunicationSystem.cpp, 1120] - Calibration complete.
2013/07/09 20:33:16:825 [002920] TRACE [Prb.cpp, 493] - Reading FPGA, Address=0x2012
2013/07/09 20:33:16:825 [002920] TRACE [Prb.cpp, 1035] - ReadFPGAPacket(0x2012):01 00 0C 1C 82 00 02 20 12 D0 69 0D 
2013/07/09 20:33:16:825 [000944] TRACE [Prb.cpp, 835] - RxStream contents:01 00 0C 1F 06 1C 00 01 00 93 C8 0D 
2013/07/09 20:33:16:825 [000944] TRACE [Prb.cpp, 943] - RadioBoardPacket(ACK):01 00 0C 1F 06 1C 00 01 00 93 C8 0D 
2013/07/09 20:33:16:825 [002920] DEBUG [Prb.cpp, 512] - Read FPGA completed, Address=0x2012, Data=0x00
2013/07/09 20:33:16:825 [002920] INFO [CommunicationSystem.cpp, 653] - CC1020 Calibration succeeded.
2013/07/09 20:33:16:856 [002920] TRACE [Prb.cpp, 584] - Reading CC1020, Address=0x0004
2013/07/09 20:33:16:856 [002920] TRACE [Prb.cpp, 1035] - ReadCC1020Packet(0x04):01 00 0C 1D 84 00 02 00 04 E9 0E 0D 
2013/07/09 20:33:16:856 [000944] TRACE [Prb.cpp, 835] - RxStream contents:01 00 0C 20 06 1D 00 01 35 2F 49 0D 
2013/07/09 20:33:16:856 [000944] TRACE [Prb.cpp, 943] - RadioBoardPacket(ACK):01 00 0C 20 06 1D 00 01 35 2F 49 0D 
2013/07/09 20:33:16:856 [002920] DEBUG [Prb.cpp, 603] - Read CC1020 completed, Address=0x0004, Data=0x35
2013/07/09 20:33:16:872 [002920] TRACE [Prb.cpp, 584] - Reading CC1020, Address=0x0005
2013/07/09 20:33:16:872 [002920] TRACE [Prb.cpp, 1035] - ReadCC1020Packet(0x05):01 00 0C 1E 84 00 02 00 05 E1 0B 0D 
2013/07/09 20:33:16:872 [000944] TRACE [Prb.cpp, 835] - RxStream contents:01 00 0C 21 06 1E 00 01 F0 E9 D4 0D 
2013/07/09 20:33:16:872 [000944] TRACE [Prb.cpp, 943] - RadioBoardPacket(ACK):01 00 0C 21 06 1E 00 01 F0 E9 D4 0D 
2013/07/09 20:33:16:872 [002920] DEBUG [Prb.cpp, 603] - Read CC1020 completed, Address=0x0005, Data=0xF0
2013/07/09 20:33:16:903 [002920] TRACE [Prb.cpp, 584] - Reading CC1020, Address=0x0006
2013/07/09 20:33:16:903 [002920] TRACE [Prb.cpp, 1035] - ReadCC1020Packet(0x06):01 00 0C 1F 84 00 02 00 06 19 02 0D 
2013/07/09 20:33:16:903 [000944] TRACE [Prb.cpp, 835] - RxStream contents:01 00 0C 22 06 1F 00 01 21 F7 31 0D 
2013/07/09 20:33:16:903 [000944] TRACE [Prb.cpp, 943] - RadioBoardPacket(ACK):01 00 0C 22 06 1F 00 01 21 F7 31 0D 
2013/07/09 20:33:16:903 [002920] DEBUG [Prb.cpp, 603] - Read CC1020 completed, Address=0x0006, Data=0x21
2013/07/09 20:33:16:903 [002920] TRACE [Prb.cpp, 584] - Reading CC1020, Address=0x0007
2013/07/09 20:33:16:903 [002920] TRACE [Prb.cpp, 1035] - ReadCC1020Packet(0x07):01 00 0C 20 84 00 02 00 07 B1 3B 0D 
2013/07/09 20:33:16:903 [000944] TRACE [Prb.cpp, 835] - RxStream contents:01 00 0C 23 06 20 00 01 38 83 6D 0D 
2013/07/09 20:33:16:903 [000944] TRACE [Prb.cpp, 943] - RadioBoardPacket(ACK):01 00 0C 23 06 20 00 01 38 83 6D 0D 
2013/07/09 20:33:16:903 [002920] DEBUG [Prb.cpp, 603] - Read CC1020 completed, Address=0x0007, Data=0x38
2013/07/09 20:33:16:919 [002920] TRACE [Prb.cpp, 584] - Reading CC1020, Address=0x0008
2013/07/09 20:33:16:919 [002920] TRACE [Prb.cpp, 1035] - ReadCC1020Packet(0x08):01 00 0C 21 84 00 02 00 08 49 1A 0D 
2013/07/09 20:33:16:919 [000944] TRACE [Prb.cpp, 835] - RxStream contents:01 00 0C 24 06 21 00 01 35 FF 45 0D 
2013/07/09 20:33:16:919 [000944] TRACE [Prb.cpp, 943] - RadioBoardPacket(ACK):01 00 0C 24 06 21 00 01 35 FF 45 0D 
2013/07/09 20:33:16:919 [002920] DEBUG [Prb.cpp, 603] - Read CC1020 completed, Address=0x0008, Data=0x35
2013/07/09 20:33:16:919 [002920] TRACE [Prb.cpp, 584] - Reading CC1020, Address=0x0009
2013/07/09 20:33:16:919 [002920] TRACE [Prb.cpp, 1035] - ReadCC1020Packet(0x09):01 00 0C 22 84 00 02 00 09 41 1F 0D 
2013/07/09 20:33:16:919 [000944] TRACE [Prb.cpp, 835] - RxStream contents:01 00 0C 25 06 22 00 01 FA 39 E4 0D 
2013/07/09 20:33:16:919 [000944] TRACE [Prb.cpp, 943] - RadioBoardPacket(ACK):01 00 0C 25 06 22 00 01 FA 39 E4 0D 
2013/07/09 20:33:16:919 [002920] DEBUG [Prb.cpp, 603] - Read CC1020 completed, Address=0x0009, Data=0xFA
2013/07/09 20:33:16:919 [002920] TRACE [Prb.cpp, 584] - Reading CC1020, Address=0x000A
2013/07/09 20:33:16:919 [002920] TRACE [Prb.cpp, 1035] - ReadCC1020Packet(0x0A):01 00 0C 23 84 00 02 00 0A B9 16 0D 
2013/07/09 20:33:16:919 [000944] TRACE [Prb.cpp, 835] - RxStream contents:01 00 0C 26 06 23 00 01 CB A5 42 0D 
2013/07/09 20:33:16:919 [000944] TRACE [Prb.cpp, 943] - RadioBoardPacket(ACK):01 00 0C 26 06 23 00 01 CB A5 42 0D 
2013/07/09 20:33:16:919 [002920] DEBUG [Prb.cpp, 603] - Read CC1020 completed, Address=0x000A, Data=0xCB
2013/07/09 20:33:16:934 [002920] TRACE [Prb.cpp, 584] - Reading CC1020, Address=0x000B
2013/07/09 20:33:16:934 [002920] TRACE [Prb.cpp, 1035] - ReadCC1020Packet(0x0B):01 00 0C 24 84 00 02 00 0B 51 15 0D 
2013/07/09 20:33:16:934 [000944] TRACE [Prb.cpp, 835] - RxStream contents:01 00 0C 27 06 24 00 01 38 B3 68 0D 
2013/07/09 20:33:16:934 [000944] TRACE [Prb.cpp, 943] - RadioBoardPacket(ACK):01 00 0C 27 06 24 00 01 38 B3 68 0D 
2013/07/09 20:33:16:934 [002920] DEBUG [Prb.cpp, 603] - Read CC1020 completed, Address=0x000B, Data=0x38
2013/07/09 20:33:16:934 [002920] TRACE [Prb.cpp, 584] - Reading CC1020, Address=0x001D
2013/07/09 20:33:16:934 [002920] TRACE [Prb.cpp, 1035] - ReadCC1020Packet(0x1D):01 00 0C 25 84 00 02 00 1D 29 61 0D 
2013/07/09 20:33:16:934 [000944] TRACE [Prb.cpp, 835] - RxStream contents:01 00 0C 28 06 25 00 01 00 8F F7 0D 
2013/07/09 20:33:16:934 [000944] TRACE [Prb.cpp, 943] - RadioBoardPacket(ACK):01 00 0C 28 06 25 00 01 00 8F F7 0D 
2013/07/09 20:33:16:934 [002920] DEBUG [Prb.cpp, 603] - Read CC1020 completed, Address=0x001D, Data=0x00
2013/07/09 20:33:16:934 [002920] TRACE [Prb.cpp, 584] - Reading CC1020, Address=0x0045
2013/07/09 20:33:16:934 [002920] TRACE [Prb.cpp, 1035] - ReadCC1020Packet(0x45):01 00 0C 26 84 00 02 00 45 20 B2 0D 
2013/07/09 20:33:16:934 [000944] TRACE [Prb.cpp, 835] - RxStream contents:01 00 0C 29 06 26 00 01 6C 4A 9C 0D 
2013/07/09 20:33:16:934 [000944] TRACE [Prb.cpp, 943] - RadioBoardPacket(ACK):01 00 0C 29 06 26 00 01 6C 4A 9C 0D 
2013/07/09 20:33:16:934 [002920] DEBUG [Prb.cpp, 603] - Read CC1020 completed, Address=0x0045, Data=0x6C
2013/07/09 20:33:16:950 [002920] TRACE [Prb.cpp, 584] - Reading CC1020, Address=0x0046
2013/07/09 20:33:16:950 [002920] TRACE [Prb.cpp, 1035] - ReadCC1020Packet(0x46):01 00 0C 27 84 00 02 00 46 D8 BB 0D 
2013/07/09 20:33:16:950 [000944] TRACE [Prb.cpp, 835] - RxStream contents:01 00 0C 2A 06 27 00 01 66 56 A3 0D 
2013/07/09 20:33:16:950 [000944] TRACE [Prb.cpp, 943] - RadioBoardPacket(ACK):01 00 0C 2A 06 27 00 01 66 56 A3 0D 
2013/07/09 20:33:16:950 [002920] DEBUG [Prb.cpp, 603] - Read CC1020 completed, Address=0x0046, Data=0x66
2013/07/09 20:33:16:950 [002920] TRACE [Prb.cpp, 584] - Reading CC1020, Address=0x0047
2013/07/09 20:33:16:950 [002920] TRACE [Prb.cpp, 1035] - ReadCC1020Packet(0x47):01 00 0C 28 84 00 02 00 47 70 B1 0D 
2013/07/09 20:33:16:950 [000944] TRACE [Prb.cpp, 835] - RxStream contents:01 00 0C 2B 06 28 00 01 44 62 6C 0D 
2013/07/09 20:33:16:950 [000944] TRACE [Prb.cpp, 943] - RadioBoardPacket(ACK):01 00 0C 2B 06 28 00 01 44 62 6C 0D 
2013/07/09 20:33:16:950 [002920] DEBUG [Prb.cpp, 603] - Read CC1020 completed, Address=0x0047, Data=0x44
2013/07/09 20:33:16:950 [002920] TRACE [Prb.cpp, 584] - Reading CC1020, Address=0x0010
2013/07/09 20:33:16:950 [002920] TRACE [Prb.cpp, 1035] - ReadCC1020Packet(0x10):01 00 0C 29 84 00 02 00 10 09 43 0D 
2013/07/09 20:33:16:950 [000944] TRACE [Prb.cpp, 835] - RxStream contents:01 00 0C 2C 06 29 00 01 22 9F 3D 0D 
2013/07/09 20:33:16:950 [000944] TRACE [Prb.cpp, 943] - RadioBoardPacket(ACK):01 00 0C 2C 06 29 00 01 22 9F 3D 0D 
2013/07/09 20:33:16:950 [002920] DEBUG [Prb.cpp, 603] - Read CC1020 completed, Address=0x0010, Data=0x22
2013/07/09 20:33:17:980 [002920] INFO [NCommunicationSystem.cpp, 747] - Disposing: 1
2013/07/09 20:33:17:980 [002920] INFO [CrossAppDomainEventMarshaller.cpp, 44] - Disposing: 1
2013/07/09 20:33:17:980 [002920] INFO [CrossAppDomainEventMarshaller.cpp, 155] - abortGetNextEvent called
2013/07/09 20:33:17:996 [002920] INFO [CrossAppDomainEventMarshaller.cpp, 48] - Waiting for CrossDomainEventTranslator::m_pHandleEventsThread to stop
2013/07/09 20:33:17:996 [003556] INFO [CrossAppDomainEventMarshaller.cpp, 80] - handleEventsThread exiting (thread aborted)
2013/07/09 20:33:17:996 [002920] INFO [CrossAppDomainEventMarshaller.cpp, 54] - CrossDomainEventTranslator::m_pHandleEventsThread stopped
2013/07/09 20:33:17:996 [002920] INFO [CrossAppDomainEventMarshaller.cpp, 110] - EventHandler dtor
2013/07/09 20:33:17:996 [002920] INFO [CrossAppDomainEventMarshaller.cpp, 60] - Disposed.
2013/07/09 20:33:17:996 [000944] DEBUG [Prb.cpp, 867] - Prb receive thread terminated.
2013/07/09 20:33:17:996 [000996] INFO [ExceptionCatchingThread.cpp, 170] - Exited the interrupt thread procedure with return value 0.
2013/07/09 20:33:18:089 [003548] INFO [ExceptionCatchingThread.cpp, 170] - Exited the dispatch thread procedure with return value 0.
2013/07/09 20:33:18:089 [003544] INFO [ExceptionCatchingThread.cpp, 170] - Exited the timer thread procedure with return value 0.
2013/07/09 20:33:18:199 [002920] INFO [NCommunicationSystem.cpp, 779] - Disposed.
<<<<< Log Footer: 07/09/2013 20:33:18 >>>>>
