2013/07/02 19:09:42:142  INFO:   Loaded Symbol File C:\ISV System\Config\FirmwareSymbols\build33136.sym for firmware Build #33136
2013/07/02 19:09:42:220  INFO:   CommunicationSystemLog properties: .\CommunicationSystem.logger.properties
2013/07/02 19:09:42:220  INFO:   CommunicationSystemLog log       : .\logs\prbCalTxScriptLog 2013.07.02 19.09.42_CommunicationSystem.Log
2013/07/02 19:09:49:892  INFO:   Setting the event sink for ScriptEngineProcedure
2013/07/02 19:09:49:892  INFO:   Program parameters checks are enabled
2013/07/02 19:09:49:908  INFO:   ********************************************************************************
2013/07/02 19:09:49:908  INFO:   Starting ScriptEngineProcedure, Assembly  version 
2013/07/02 19:09:49:924  INFO:   Config: ICD (NCommunicationSystem ver: nCommunicationSystem, Version=1.8.2.1, Culture=neutral, PublicKeyToken=56b5378c99c0bcfd; FTDI Driver ver: 2.08.28.0; PRB FPGA ver: 18)
2013/07/02 19:09:49:924  INFO:   Setting the radio board transmit power to level 0x7.
2013/07/02 19:09:49:924  INFO:   Radio board power level set to 7.
2013/07/02 19:09:49:924  INFO:   ECG Timeout Interval set to 10 seconds.
2013/07/02 19:09:49:924  STATE:  Changing state to ScriptExecStateMachine.WaitForNextCmdState, ID[1]
2013/07/02 19:09:49:924  INFO:   FwDvtSystem Started the event processing thread
2013/07/02 19:09:49:986  ACTION: Read PRB FPGA: Address=0x3000 Data=0x12
2013/07/02 19:09:50:033  RESULT: FPGA 0x3000 Expected: 18 Actual: 18
2013/07/02 19:09:50:299  ACTION: Calibrate CC1020
2013/07/02 19:09:50:377  INFO:   CC1020 calibration passed
2013/07/02 19:09:50:408  ACTION: Read C1020: Address 0x04 Data=0x35
2013/07/02 19:09:50:408  ACTION: Read C1020: Address 0x05 Data=0xF0
2013/07/02 19:09:50:424  ACTION: Read C1020: Address 0x06 Data=0x21
2013/07/02 19:09:50:424  ACTION: Read C1020: Address 0x07 Data=0x38
2013/07/02 19:09:50:424  ACTION: Read C1020: Address 0x08 Data=0x35
2013/07/02 19:09:50:424  ACTION: Read C1020: Address 0x09 Data=0xFA
2013/07/02 19:09:50:439  ACTION: Read C1020: Address 0x0A Data=0xCB
2013/07/02 19:09:50:439  ACTION: Read C1020: Address 0x0B Data=0x38
2013/07/02 19:09:50:439  ACTION: Read C1020: Address 0x1D Data=0x00
2013/07/02 19:09:50:455  ACTION: Read C1020: Address 0x45 Data=0x6C
2013/07/02 19:09:50:455  ACTION: Read C1020: Address 0x46 Data=0x66
2013/07/02 19:09:50:455  ACTION: Read C1020: Address 0x47 Data=0x44
2013/07/02 19:09:54:986  ACTION: Write PRB FPGA: Address=0x3024 Data=0x35
2013/07/02 19:09:54:986  ACTION: Write PRB FPGA: Address=0x3026 Data=0xD8
2013/07/02 19:09:54:986  ACTION: Write PRB FPGA: Address=0x3028 Data=0x15
2013/07/02 19:09:54:986  ACTION: Write PRB FPGA: Address=0x302C Data=0x35
2013/07/02 19:09:54:986  ACTION: Write PRB FPGA: Address=0x302E Data=0xE2
2013/07/02 19:09:54:986  ACTION: Write PRB FPGA: Address=0x3030 Data=0xBF
2013/07/02 19:09:55:002  ACTION: Write PRB FPGA: Address=0x305E Data=0x35
2013/07/02 19:09:55:002  ACTION: Write PRB FPGA: Address=0x3060 Data=0xD8
2013/07/02 19:09:55:002  ACTION: Write PRB FPGA: Address=0x3062 Data=0x15
2013/07/02 19:09:55:002  ACTION: Write PRB FPGA: Address=0x3066 Data=0x35
2013/07/02 19:09:55:002  ACTION: Write PRB FPGA: Address=0x3068 Data=0xE2
2013/07/02 19:09:55:002  ACTION: Write PRB FPGA: Address=0x306A Data=0xBF
2013/07/02 19:09:55:002  ACTION: Calibrate CC1020
2013/07/02 19:09:55:111  INFO:   CC1020 calibration passed
2013/07/02 19:09:55:408  ACTION: Read PRB FPGA: Address=0x2012 Data=0x00
2013/07/02 19:09:55:408  ACTION: Read C1020: Address 0x04 Data=0x35
2013/07/02 19:09:55:408  ACTION: Read C1020: Address 0x05 Data=0xD8
2013/07/02 19:09:55:408  ACTION: Read C1020: Address 0x06 Data=0x15
2013/07/02 19:09:55:408  ACTION: Read C1020: Address 0x07 Data=0x38
2013/07/02 19:09:55:408  ACTION: Read C1020: Address 0x08 Data=0x35
2013/07/02 19:09:55:408  ACTION: Read C1020: Address 0x09 Data=0xE2
2013/07/02 19:09:55:408  ACTION: Read C1020: Address 0x0A Data=0xBF
2013/07/02 19:09:55:408  ACTION: Read C1020: Address 0x0B Data=0x38
2013/07/02 19:09:55:424  ACTION: Read C1020: Address 0x1D Data=0x00
2013/07/02 19:09:55:424  ACTION: Read C1020: Address 0x45 Data=0x6C
2013/07/02 19:09:55:424  ACTION: Read C1020: Address 0x46 Data=0x66
2013/07/02 19:09:55:424  ACTION: Read C1020: Address 0x47 Data=0x44
2013/07/02 19:09:55:424  ACTION: Write PRB FPGA: Address=0x3024 Data=0x35
2013/07/02 19:09:55:424  ACTION: Write PRB FPGA: Address=0x3026 Data=0xF0
2013/07/02 19:09:55:424  ACTION: Write PRB FPGA: Address=0x3028 Data=0x21
2013/07/02 19:09:55:424  ACTION: Write PRB FPGA: Address=0x302C Data=0x35
2013/07/02 19:09:55:424  ACTION: Write PRB FPGA: Address=0x302E Data=0xFA
2013/07/02 19:09:55:424  ACTION: Write PRB FPGA: Address=0x3030 Data=0xCB
2013/07/02 19:09:55:424  ACTION: Calibrate CC1020
2013/07/02 19:09:55:517  INFO:   CC1020 calibration passed
2013/07/02 19:09:55:814  ACTION: Read PRB FPGA: Address=0x2012 Data=0x00
2013/07/02 19:09:55:814  ACTION: Read C1020: Address 0x04 Data=0x35
2013/07/02 19:09:55:814  ACTION: Read C1020: Address 0x05 Data=0xF0
2013/07/02 19:09:55:814  ACTION: Read C1020: Address 0x06 Data=0x21
2013/07/02 19:09:55:814  ACTION: Read C1020: Address 0x07 Data=0x38
2013/07/02 19:09:55:814  ACTION: Read C1020: Address 0x08 Data=0x35
2013/07/02 19:09:55:814  ACTION: Read C1020: Address 0x09 Data=0xFA
2013/07/02 19:09:55:830  ACTION: Read C1020: Address 0x0A Data=0xCB
2013/07/02 19:09:55:830  ACTION: Read C1020: Address 0x0B Data=0x38
2013/07/02 19:09:55:830  ACTION: Read C1020: Address 0x1D Data=0x00
2013/07/02 19:09:55:830  ACTION: Read C1020: Address 0x45 Data=0x6B
2013/07/02 19:09:55:830  ACTION: Read C1020: Address 0x46 Data=0x66
2013/07/02 19:09:55:830  ACTION: Read C1020: Address 0x47 Data=0x44
2013/07/02 19:09:55:830  ACTION: Write PRB FPGA: Address=0x1008 Data=0x10
2013/07/02 19:09:56:236  ACTION: Read PRB FPGA: Address=0x1020 Data=0x00
2013/07/02 19:09:56:236  ACTION: Read PRB FPGA: Address=0x1026 Data=0x00
2013/07/02 19:09:56:236  ACTION: Read PRB FPGA: Address=0x1022 Data=0x1F
2013/07/02 19:09:56:236  ACTION: Read PRB FPGA: Address=0x1024 Data=0x1F
2013/07/02 19:09:56:236  ACTION: Read C1020: Address 0x04 Data=0x35
2013/07/02 19:09:56:236  ACTION: Read C1020: Address 0x05 Data=0xD8
2013/07/02 19:09:56:236  ACTION: Read C1020: Address 0x06 Data=0x15
2013/07/02 19:09:56:252  ACTION: Read C1020: Address 0x08 Data=0x35
2013/07/02 19:09:56:268  ACTION: Read C1020: Address 0x09 Data=0xE2
2013/07/02 19:09:56:268  ACTION: Read C1020: Address 0x0A Data=0xBF
2013/07/02 19:09:56:268  ACTION: Write C1020: Address=0x00 Data=0x01
2013/07/02 19:09:56:361  ACTION: Read C1020: Address 0x10 Data=0x22
2013/07/02 19:09:56:439  ACTION: Read C1020: Address 0x42 Data=0x1C
2013/07/02 19:09:56:439  ACTION: Read C1020: Address 0x42 Data=0x1A
2013/07/02 19:09:56:455  ACTION: Read C1020: Address 0x42 Data=0x18
2013/07/02 19:09:56:455  ACTION: Read C1020: Address 0x42 Data=0x1C
2013/07/02 19:09:56:455  ACTION: Read C1020: Address 0x42 Data=0x19
2013/07/02 19:09:56:455  ACTION: Read C1020: Address 0x42 Data=0x1C
2013/07/02 19:09:56:455  ACTION: Read C1020: Address 0x42 Data=0x18
2013/07/02 19:09:56:455  ACTION: Read C1020: Address 0x42 Data=0x18
2013/07/02 19:09:56:455  ACTION: Read C1020: Address 0x42 Data=0x16
2013/07/02 19:09:56:455  ACTION: Read C1020: Address 0x42 Data=0x16
2013/07/02 19:09:56:502  ACTION: Write C1020: Address=0x00 Data=0x1F
2013/07/02 19:09:56:580  ACTION: Read C1020: Address 0x0D Data=0x50
2013/07/02 19:09:56:674  ACTION: Read C1020: Address 0x0E Data=0x59
2013/07/02 19:09:56:752  ACTION: Write C1020: Address=0x00 Data=0xC1
2013/07/02 19:10:00:158  ACTION: Write C1020: Address=0x0E Data=0xD9
2013/07/02 19:10:00:236  ACTION: Read C1020: Address 0x0D Data=0x50
2013/07/02 19:10:00:314  ACTION: Read C1020: Address 0x0E Data=0xD9
2013/07/02 19:10:03:705  ACTION: Write C1020: Address=0x0E Data=0x59
2013/07/02 19:10:03:783  ACTION: Read C1020: Address 0x0D Data=0x50
2013/07/02 19:10:03:861  ACTION: Read C1020: Address 0x0E Data=0x59
2013/07/02 19:10:04:361  ACTION: Write C1020: Address=0x00 Data=0x1F
2013/07/02 19:10:05:455  ACTION: Write PRB FPGA: Address=0x3024 Data=0x35
2013/07/02 19:10:05:455  ACTION: Write PRB FPGA: Address=0x3026 Data=0xF0
2013/07/02 19:10:05:455  ACTION: Write PRB FPGA: Address=0x3028 Data=0x21
2013/07/02 19:10:05:455  ACTION: Write PRB FPGA: Address=0x302C Data=0x35
2013/07/02 19:10:05:455  ACTION: Write PRB FPGA: Address=0x302E Data=0xFA
2013/07/02 19:10:05:455  ACTION: Write PRB FPGA: Address=0x3030 Data=0xCB
2013/07/02 19:10:05:471  ACTION: Write PRB FPGA: Address=0x305E Data=0x35
2013/07/02 19:10:05:471  ACTION: Write PRB FPGA: Address=0x3060 Data=0xF0
2013/07/02 19:10:05:471  ACTION: Write PRB FPGA: Address=0x3062 Data=0x21
2013/07/02 19:10:05:471  ACTION: Write PRB FPGA: Address=0x3066 Data=0x35
2013/07/02 19:10:05:471  ACTION: Write PRB FPGA: Address=0x3068 Data=0xFA
2013/07/02 19:10:05:471  ACTION: Write PRB FPGA: Address=0x306A Data=0xCB
2013/07/02 19:10:05:471  ACTION: Calibrate CC1020
2013/07/02 19:10:05:564  INFO:   CC1020 calibration passed
2013/07/02 19:10:05:861  ACTION: Read PRB FPGA: Address=0x2012 Data=0x00
2013/07/02 19:10:05:861  ACTION: Read C1020: Address 0x04 Data=0x35
2013/07/02 19:10:05:861  ACTION: Read C1020: Address 0x05 Data=0xF0
2013/07/02 19:10:05:877  ACTION: Read C1020: Address 0x06 Data=0x21
2013/07/02 19:10:05:877  ACTION: Read C1020: Address 0x07 Data=0x38
2013/07/02 19:10:05:877  ACTION: Read C1020: Address 0x08 Data=0x35
2013/07/02 19:10:05:877  ACTION: Read C1020: Address 0x09 Data=0xFA
2013/07/02 19:10:05:877  ACTION: Read C1020: Address 0x0A Data=0xCB
2013/07/02 19:10:05:877  ACTION: Read C1020: Address 0x0B Data=0x38
2013/07/02 19:10:05:877  ACTION: Read C1020: Address 0x1D Data=0x00
2013/07/02 19:10:05:877  ACTION: Read C1020: Address 0x45 Data=0x6C
2013/07/02 19:10:05:877  ACTION: Read C1020: Address 0x46 Data=0x66
2013/07/02 19:10:05:893  ACTION: Read C1020: Address 0x47 Data=0x44
2013/07/02 19:10:05:893  ACTION: Write PRB FPGA: Address=0x3024 Data=0x35
2013/07/02 19:10:05:893  ACTION: Write PRB FPGA: Address=0x3026 Data=0xF0
2013/07/02 19:10:05:893  ACTION: Write PRB FPGA: Address=0x3028 Data=0x21
2013/07/02 19:10:05:893  ACTION: Write PRB FPGA: Address=0x302C Data=0x35
2013/07/02 19:10:05:893  ACTION: Write PRB FPGA: Address=0x302E Data=0xFA
2013/07/02 19:10:05:893  ACTION: Write PRB FPGA: Address=0x3030 Data=0xCB
2013/07/02 19:10:05:893  ACTION: Calibrate CC1020
2013/07/02 19:10:05:986  INFO:   CC1020 calibration passed
2013/07/02 19:10:06:283  ACTION: Read PRB FPGA: Address=0x2012 Data=0x00
2013/07/02 19:10:06:283  ACTION: Read C1020: Address 0x04 Data=0x35
2013/07/02 19:10:06:283  ACTION: Read C1020: Address 0x05 Data=0xF0
2013/07/02 19:10:06:283  ACTION: Read C1020: Address 0x06 Data=0x21
2013/07/02 19:10:06:283  ACTION: Read C1020: Address 0x07 Data=0x38
2013/07/02 19:10:06:283  ACTION: Read C1020: Address 0x08 Data=0x35
2013/07/02 19:10:06:299  ACTION: Read C1020: Address 0x09 Data=0xFA
2013/07/02 19:10:06:299  ACTION: Read C1020: Address 0x0A Data=0xCB
2013/07/02 19:10:06:299  ACTION: Read C1020: Address 0x0B Data=0x38
2013/07/02 19:10:06:299  ACTION: Read C1020: Address 0x1D Data=0x00
2013/07/02 19:10:06:299  ACTION: Read C1020: Address 0x45 Data=0x6C
2013/07/02 19:10:06:299  ACTION: Read C1020: Address 0x46 Data=0x66
2013/07/02 19:10:06:299  ACTION: Read C1020: Address 0x47 Data=0x44
2013/07/02 19:10:06:299  ACTION: Write PRB FPGA: Address=0x1008 Data=0x10
2013/07/02 19:10:06:705  ACTION: Read PRB FPGA: Address=0x1020 Data=0x00
2013/07/02 19:10:06:705  ACTION: Read PRB FPGA: Address=0x1026 Data=0x00
2013/07/02 19:10:06:705  ACTION: Read PRB FPGA: Address=0x1022 Data=0x1C
2013/07/02 19:10:06:705  ACTION: Read PRB FPGA: Address=0x1024 Data=0x1C
2013/07/02 19:10:06:705  ACTION: Read C1020: Address 0x04 Data=0x35
2013/07/02 19:10:06:721  ACTION: Read C1020: Address 0x05 Data=0xF0
2013/07/02 19:10:06:721  ACTION: Read C1020: Address 0x06 Data=0x21
2013/07/02 19:10:06:721  ACTION: Read C1020: Address 0x08 Data=0x35
2013/07/02 19:10:06:721  ACTION: Read C1020: Address 0x09 Data=0xFA
2013/07/02 19:10:06:721  ACTION: Read C1020: Address 0x0A Data=0xCB
2013/07/02 19:10:06:721  ACTION: Write C1020: Address=0x00 Data=0x01
2013/07/02 19:10:06:799  ACTION: Read C1020: Address 0x10 Data=0x22
2013/07/02 19:10:06:877  ACTION: Read C1020: Address 0x42 Data=0x18
2013/07/02 19:10:06:877  ACTION: Read C1020: Address 0x42 Data=0x18
2013/07/02 19:10:06:893  ACTION: Read C1020: Address 0x42 Data=0x16
2013/07/02 19:10:06:893  ACTION: Read C1020: Address 0x42 Data=0x16
2013/07/02 19:10:06:893  ACTION: Read C1020: Address 0x42 Data=0x18
2013/07/02 19:10:06:893  ACTION: Read C1020: Address 0x42 Data=0x14
2013/07/02 19:10:06:893  ACTION: Read C1020: Address 0x42 Data=0x18
2013/07/02 19:10:06:893  ACTION: Read C1020: Address 0x42 Data=0x1A
2013/07/02 19:10:06:893  ACTION: Read C1020: Address 0x42 Data=0x1B
2013/07/02 19:10:06:908  ACTION: Read C1020: Address 0x42 Data=0x1A
2013/07/02 19:10:06:908  ACTION: Write C1020: Address=0x00 Data=0x1F
2013/07/02 19:10:06:986  ACTION: Read C1020: Address 0x0D Data=0x50
2013/07/02 19:10:07:065  ACTION: Read C1020: Address 0x0E Data=0x59
2013/07/02 19:10:07:143  ACTION: Write C1020: Address=0x00 Data=0xC1
2013/07/02 19:10:10:455  ACTION: Write C1020: Address=0x0E Data=0xD9
2013/07/02 19:10:10:533  ACTION: Read C1020: Address 0x0D Data=0x50
2013/07/02 19:10:10:611  ACTION: Read C1020: Address 0x0E Data=0xD9
2013/07/02 19:10:13:971  ACTION: Write C1020: Address=0x0E Data=0x59
2013/07/02 19:10:14:049  ACTION: Read C1020: Address 0x0D Data=0x50
2013/07/02 19:10:14:127  ACTION: Read C1020: Address 0x0E Data=0x59
2013/07/02 19:10:14:627  ACTION: Write C1020: Address=0x00 Data=0x1F
2013/07/02 19:10:15:721  ACTION: Write PRB FPGA: Address=0x3024 Data=0x35
2013/07/02 19:10:15:721  ACTION: Write PRB FPGA: Address=0x3026 Data=0xCC
2013/07/02 19:10:15:721  ACTION: Write PRB FPGA: Address=0x3028 Data=0xD3
2013/07/02 19:10:15:721  ACTION: Write PRB FPGA: Address=0x302C Data=0x35
2013/07/02 19:10:15:721  ACTION: Write PRB FPGA: Address=0x302E Data=0xD7
2013/07/02 19:10:15:721  ACTION: Write PRB FPGA: Address=0x3030 Data=0x7F
2013/07/02 19:10:15:737  ACTION: Write PRB FPGA: Address=0x305E Data=0x35
2013/07/02 19:10:15:737  ACTION: Write PRB FPGA: Address=0x3060 Data=0xCC
2013/07/02 19:10:15:737  ACTION: Write PRB FPGA: Address=0x3062 Data=0xD3
2013/07/02 19:10:15:737  ACTION: Write PRB FPGA: Address=0x3066 Data=0x35
2013/07/02 19:10:15:737  ACTION: Write PRB FPGA: Address=0x3068 Data=0xD7
2013/07/02 19:10:15:737  ACTION: Write PRB FPGA: Address=0x306A Data=0x7F
2013/07/02 19:10:15:737  ACTION: Calibrate CC1020
2013/07/02 19:10:15:830  INFO:   CC1020 calibration passed
2013/07/02 19:10:16:143  ACTION: Read PRB FPGA: Address=0x2012 Data=0x00
2013/07/02 19:10:16:143  ACTION: Read C1020: Address 0x04 Data=0x35
2013/07/02 19:10:16:143  ACTION: Read C1020: Address 0x05 Data=0xCC
2013/07/02 19:10:16:143  ACTION: Read C1020: Address 0x06 Data=0xD3
2013/07/02 19:10:16:143  ACTION: Read C1020: Address 0x07 Data=0x38
2013/07/02 19:10:16:143  ACTION: Read C1020: Address 0x08 Data=0x35
2013/07/02 19:10:16:143  ACTION: Read C1020: Address 0x09 Data=0xD7
2013/07/02 19:10:16:143  ACTION: Read C1020: Address 0x0A Data=0x7F
2013/07/02 19:10:16:143  ACTION: Read C1020: Address 0x0B Data=0x38
2013/07/02 19:10:16:143  ACTION: Read C1020: Address 0x1D Data=0x00
2013/07/02 19:10:16:143  ACTION: Read C1020: Address 0x45 Data=0x6C
2013/07/02 19:10:16:158  ACTION: Read C1020: Address 0x46 Data=0x66
2013/07/02 19:10:16:158  ACTION: Read C1020: Address 0x47 Data=0x44
2013/07/02 19:10:16:158  ACTION: Write PRB FPGA: Address=0x3024 Data=0x35
2013/07/02 19:10:16:158  ACTION: Write PRB FPGA: Address=0x3026 Data=0xF0
2013/07/02 19:10:16:158  ACTION: Write PRB FPGA: Address=0x3028 Data=0x21
2013/07/02 19:10:16:158  ACTION: Write PRB FPGA: Address=0x302C Data=0x35
2013/07/02 19:10:16:158  ACTION: Write PRB FPGA: Address=0x302E Data=0xFA
2013/07/02 19:10:16:158  ACTION: Write PRB FPGA: Address=0x3030 Data=0xCB
2013/07/02 19:10:16:158  ACTION: Calibrate CC1020
2013/07/02 19:10:16:252  INFO:   CC1020 calibration passed
2013/07/02 19:10:16:549  ACTION: Read PRB FPGA: Address=0x2012 Data=0x00
2013/07/02 19:10:16:549  ACTION: Read C1020: Address 0x04 Data=0x35
2013/07/02 19:10:16:549  ACTION: Read C1020: Address 0x05 Data=0xF0
2013/07/02 19:10:16:549  ACTION: Read C1020: Address 0x06 Data=0x21
2013/07/02 19:10:16:565  ACTION: Read C1020: Address 0x07 Data=0x38
2013/07/02 19:10:16:565  ACTION: Read C1020: Address 0x08 Data=0x35
2013/07/02 19:10:16:565  ACTION: Read C1020: Address 0x09 Data=0xFA
2013/07/02 19:10:16:565  ACTION: Read C1020: Address 0x0A Data=0xCB
2013/07/02 19:10:16:565  ACTION: Read C1020: Address 0x0B Data=0x38
2013/07/02 19:10:16:565  ACTION: Read C1020: Address 0x1D Data=0x00
2013/07/02 19:10:16:565  ACTION: Read C1020: Address 0x45 Data=0x6C
2013/07/02 19:10:16:565  ACTION: Read C1020: Address 0x46 Data=0x66
2013/07/02 19:10:16:565  ACTION: Read C1020: Address 0x47 Data=0x44
2013/07/02 19:10:16:565  ACTION: Write PRB FPGA: Address=0x1008 Data=0x10
2013/07/02 19:10:16:971  ACTION: Read PRB FPGA: Address=0x1020 Data=0x00
2013/07/02 19:10:16:971  ACTION: Read PRB FPGA: Address=0x1026 Data=0x00
2013/07/02 19:10:16:971  ACTION: Read PRB FPGA: Address=0x1022 Data=0x1F
2013/07/02 19:10:16:971  ACTION: Read PRB FPGA: Address=0x1024 Data=0x1F
2013/07/02 19:10:16:971  ACTION: Read C1020: Address 0x04 Data=0x35
2013/07/02 19:10:16:971  ACTION: Read C1020: Address 0x05 Data=0xCC
2013/07/02 19:10:16:987  ACTION: Read C1020: Address 0x06 Data=0xD3
2013/07/02 19:10:16:987  ACTION: Read C1020: Address 0x08 Data=0x35
2013/07/02 19:10:16:987  ACTION: Read C1020: Address 0x09 Data=0xD7
2013/07/02 19:10:16:987  ACTION: Read C1020: Address 0x0A Data=0x7F
2013/07/02 19:10:16:987  ACTION: Write C1020: Address=0x00 Data=0x01
2013/07/02 19:10:17:065  ACTION: Read C1020: Address 0x10 Data=0x22
2013/07/02 19:10:17:143  ACTION: Read C1020: Address 0x42 Data=0x17
2013/07/02 19:10:17:143  ACTION: Read C1020: Address 0x42 Data=0x18
2013/07/02 19:10:17:158  ACTION: Read C1020: Address 0x42 Data=0x1A
2013/07/02 19:10:17:158  ACTION: Read C1020: Address 0x42 Data=0x18
2013/07/02 19:10:17:158  ACTION: Read C1020: Address 0x42 Data=0x1B
2013/07/02 19:10:17:158  ACTION: Read C1020: Address 0x42 Data=0x18
2013/07/02 19:10:17:158  ACTION: Read C1020: Address 0x42 Data=0x16
2013/07/02 19:10:17:158  ACTION: Read C1020: Address 0x42 Data=0x19
2013/07/02 19:10:17:158  ACTION: Read C1020: Address 0x42 Data=0x17
2013/07/02 19:10:17:158  ACTION: Read C1020: Address 0x42 Data=0x1A
2013/07/02 19:10:17:158  ACTION: Write C1020: Address=0x00 Data=0x1F
2013/07/02 19:10:17:252  ACTION: Read C1020: Address 0x0D Data=0x50
2013/07/02 19:10:17:330  ACTION: Read C1020: Address 0x0E Data=0x59
2013/07/02 19:10:17:408  ACTION: Write C1020: Address=0x00 Data=0xC1
2013/07/02 19:10:20:721  ACTION: Write C1020: Address=0x0E Data=0xD9
2013/07/02 19:10:20:815  ACTION: Read C1020: Address 0x0D Data=0x50
2013/07/02 19:10:20:893  ACTION: Read C1020: Address 0x0E Data=0xD9
2013/07/02 19:10:24:268  ACTION: Write C1020: Address=0x0E Data=0x59
2013/07/02 19:10:24:346  ACTION: Read C1020: Address 0x0D Data=0x50
2013/07/02 19:10:24:424  ACTION: Read C1020: Address 0x0E Data=0x59
2013/07/02 19:10:24:924  ACTION: Write C1020: Address=0x00 Data=0x1F
2013/07/02 19:10:26:018  ACTION: Write PRB FPGA: Address=0x3024 Data=0x36
2013/07/02 19:10:26:018  ACTION: Write PRB FPGA: Address=0x3026 Data=0x16
2013/07/02 19:10:26:018  ACTION: Write PRB FPGA: Address=0x3028 Data=0x87
2013/07/02 19:10:26:018  ACTION: Write PRB FPGA: Address=0x302C Data=0x36
2013/07/02 19:10:26:018  ACTION: Write PRB FPGA: Address=0x302E Data=0x21
2013/07/02 19:10:26:018  ACTION: Write PRB FPGA: Address=0x3030 Data=0x31
2013/07/02 19:10:26:018  ACTION: Write PRB FPGA: Address=0x305E Data=0x36
2013/07/02 19:10:26:034  ACTION: Write PRB FPGA: Address=0x3060 Data=0x16
2013/07/02 19:10:26:034  ACTION: Write PRB FPGA: Address=0x3062 Data=0x87
2013/07/02 19:10:26:034  ACTION: Write PRB FPGA: Address=0x3066 Data=0x36
2013/07/02 19:10:26:034  ACTION: Write PRB FPGA: Address=0x3068 Data=0x21
2013/07/02 19:10:26:034  ACTION: Write PRB FPGA: Address=0x306A Data=0x31
2013/07/02 19:10:26:034  ACTION: Calibrate CC1020
2013/07/02 19:10:26:127  INFO:   CC1020 calibration passed
2013/07/02 19:10:26:440  ACTION: Read PRB FPGA: Address=0x2012 Data=0x00
2013/07/02 19:10:26:440  ACTION: Read C1020: Address 0x04 Data=0x36
2013/07/02 19:10:26:440  ACTION: Read C1020: Address 0x05 Data=0x16
2013/07/02 19:10:26:440  ACTION: Read C1020: Address 0x06 Data=0x87
2013/07/02 19:10:26:440  ACTION: Read C1020: Address 0x07 Data=0x38
2013/07/02 19:10:26:440  ACTION: Read C1020: Address 0x08 Data=0x36
2013/07/02 19:10:26:440  ACTION: Read C1020: Address 0x09 Data=0x21
2013/07/02 19:10:26:440  ACTION: Read C1020: Address 0x0A Data=0x31
2013/07/02 19:10:26:440  ACTION: Read C1020: Address 0x0B Data=0x38
2013/07/02 19:10:26:440  ACTION: Read C1020: Address 0x1D Data=0x00
2013/07/02 19:10:26:440  ACTION: Read C1020: Address 0x45 Data=0x5C
2013/07/02 19:10:26:455  ACTION: Read C1020: Address 0x46 Data=0x67
2013/07/02 19:10:26:455  ACTION: Read C1020: Address 0x47 Data=0x44
2013/07/02 19:10:26:455  ACTION: Write PRB FPGA: Address=0x3024 Data=0x35
2013/07/02 19:10:26:455  ACTION: Write PRB FPGA: Address=0x3026 Data=0xF0
2013/07/02 19:10:26:455  ACTION: Write PRB FPGA: Address=0x3028 Data=0x21
2013/07/02 19:10:26:455  ACTION: Write PRB FPGA: Address=0x302C Data=0x35
2013/07/02 19:10:26:455  ACTION: Write PRB FPGA: Address=0x302E Data=0xFA
2013/07/02 19:10:26:455  ACTION: Write PRB FPGA: Address=0x3030 Data=0xCB
2013/07/02 19:10:26:455  ACTION: Calibrate CC1020
2013/07/02 19:10:26:549  INFO:   CC1020 calibration passed
2013/07/02 19:10:26:846  ACTION: Read PRB FPGA: Address=0x2012 Data=0x00
2013/07/02 19:10:26:846  ACTION: Read C1020: Address 0x04 Data=0x35
2013/07/02 19:10:26:846  ACTION: Read C1020: Address 0x05 Data=0xF0
2013/07/02 19:10:26:862  ACTION: Read C1020: Address 0x06 Data=0x21
2013/07/02 19:10:26:862  ACTION: Read C1020: Address 0x07 Data=0x38
2013/07/02 19:10:26:862  ACTION: Read C1020: Address 0x08 Data=0x35
2013/07/02 19:10:26:862  ACTION: Read C1020: Address 0x09 Data=0xFA
2013/07/02 19:10:26:862  ACTION: Read C1020: Address 0x0A Data=0xCB
2013/07/02 19:10:26:862  ACTION: Read C1020: Address 0x0B Data=0x38
2013/07/02 19:10:26:862  ACTION: Read C1020: Address 0x1D Data=0x00
2013/07/02 19:10:26:862  ACTION: Read C1020: Address 0x45 Data=0x6C
2013/07/02 19:10:26:862  ACTION: Read C1020: Address 0x46 Data=0x66
2013/07/02 19:10:26:862  ACTION: Read C1020: Address 0x47 Data=0x44
2013/07/02 19:10:26:862  ACTION: Write PRB FPGA: Address=0x1008 Data=0x10
2013/07/02 19:10:27:268  ACTION: Read PRB FPGA: Address=0x1020 Data=0x00
2013/07/02 19:10:27:268  ACTION: Read PRB FPGA: Address=0x1026 Data=0x00
2013/07/02 19:10:27:268  ACTION: Read PRB FPGA: Address=0x1022 Data=0x1E
2013/07/02 19:10:27:268  ACTION: Read PRB FPGA: Address=0x1024 Data=0x1F
2013/07/02 19:10:27:284  ACTION: Read C1020: Address 0x04 Data=0x36
2013/07/02 19:10:27:284  ACTION: Read C1020: Address 0x05 Data=0x16
2013/07/02 19:10:27:284  ACTION: Read C1020: Address 0x06 Data=0x87
2013/07/02 19:10:27:284  ACTION: Read C1020: Address 0x08 Data=0x36
2013/07/02 19:10:27:284  ACTION: Read C1020: Address 0x09 Data=0x21
2013/07/02 19:10:27:284  ACTION: Read C1020: Address 0x0A Data=0x31
2013/07/02 19:10:27:284  ACTION: Write C1020: Address=0x00 Data=0x01
2013/07/02 19:10:27:362  ACTION: Read C1020: Address 0x10 Data=0x22
2013/07/02 19:10:27:440  ACTION: Read C1020: Address 0x42 Data=0x1C
2013/07/02 19:10:27:455  ACTION: Read C1020: Address 0x42 Data=0x14
2013/07/02 19:10:27:455  ACTION: Read C1020: Address 0x42 Data=0x1A
2013/07/02 19:10:27:455  ACTION: Read C1020: Address 0x42 Data=0x17
2013/07/02 19:10:27:455  ACTION: Read C1020: Address 0x42 Data=0x1B
2013/07/02 19:10:27:455  ACTION: Read C1020: Address 0x42 Data=0x1A
2013/07/02 19:10:27:455  ACTION: Read C1020: Address 0x42 Data=0x1B
2013/07/02 19:10:27:455  ACTION: Read C1020: Address 0x42 Data=0x17
2013/07/02 19:10:27:455  ACTION: Read C1020: Address 0x42 Data=0x14
2013/07/02 19:10:27:455  ACTION: Read C1020: Address 0x42 Data=0x1A
2013/07/02 19:10:27:455  ACTION: Write C1020: Address=0x00 Data=0x1F
2013/07/02 19:10:27:549  ACTION: Read C1020: Address 0x0D Data=0x50
2013/07/02 19:10:27:627  ACTION: Read C1020: Address 0x0E Data=0x59
2013/07/02 19:10:27:705  ACTION: Write C1020: Address=0x00 Data=0xC1
2013/07/02 19:10:31:049  ACTION: Write C1020: Address=0x0E Data=0xD9
2013/07/02 19:10:31:127  ACTION: Read C1020: Address 0x0D Data=0x50
2013/07/02 19:10:31:205  ACTION: Read C1020: Address 0x0E Data=0xD9
2013/07/02 19:10:34:502  ACTION: Write C1020: Address=0x0E Data=0x59
2013/07/02 19:10:34:596  ACTION: Read C1020: Address 0x0D Data=0x50
2013/07/02 19:10:34:674  ACTION: Read C1020: Address 0x0E Data=0x59
2013/07/02 19:10:35:174  ACTION: Write C1020: Address=0x00 Data=0x1F
2013/07/02 19:10:36:252  ACTION: Write PRB FPGA: Address=0x3024 Data=0x35
2013/07/02 19:10:36:252  ACTION: Write PRB FPGA: Address=0x3026 Data=0xD4
2013/07/02 19:10:36:268  ACTION: Write PRB FPGA: Address=0x3028 Data=0xB3
2013/07/02 19:10:36:268  ACTION: Write PRB FPGA: Address=0x302C Data=0x35
2013/07/02 19:10:36:268  ACTION: Write PRB FPGA: Address=0x302E Data=0xDF
2013/07/02 19:10:36:268  ACTION: Write PRB FPGA: Address=0x3030 Data=0x5D
2013/07/02 19:10:36:268  ACTION: Write PRB FPGA: Address=0x305E Data=0x35
2013/07/02 19:10:36:268  ACTION: Write PRB FPGA: Address=0x3060 Data=0xD4
2013/07/02 19:10:36:268  ACTION: Write PRB FPGA: Address=0x3062 Data=0xB3
2013/07/02 19:10:36:268  ACTION: Write PRB FPGA: Address=0x3066 Data=0x35
2013/07/02 19:10:36:284  ACTION: Write PRB FPGA: Address=0x3068 Data=0xDF
2013/07/02 19:10:36:284  ACTION: Write PRB FPGA: Address=0x306A Data=0x5D
2013/07/02 19:10:36:284  ACTION: Calibrate CC1020
2013/07/02 19:10:36:377  INFO:   CC1020 calibration passed
2013/07/02 19:10:36:674  ACTION: Read PRB FPGA: Address=0x2012 Data=0x00
2013/07/02 19:10:36:674  ACTION: Read C1020: Address 0x04 Data=0x35
2013/07/02 19:10:36:690  ACTION: Read C1020: Address 0x05 Data=0xD4
2013/07/02 19:10:36:690  ACTION: Read C1020: Address 0x06 Data=0xB3
2013/07/02 19:10:36:690  ACTION: Read C1020: Address 0x07 Data=0x38
2013/07/02 19:10:36:690  ACTION: Read C1020: Address 0x08 Data=0x35
2013/07/02 19:10:36:690  ACTION: Read C1020: Address 0x09 Data=0xDF
2013/07/02 19:10:36:690  ACTION: Read C1020: Address 0x0A Data=0x5D
2013/07/02 19:10:36:690  ACTION: Read C1020: Address 0x0B Data=0x38
2013/07/02 19:10:36:690  ACTION: Read C1020: Address 0x1D Data=0x00
2013/07/02 19:10:36:690  ACTION: Read C1020: Address 0x45 Data=0x6C
2013/07/02 19:10:36:690  ACTION: Read C1020: Address 0x46 Data=0x66
2013/07/02 19:10:36:690  ACTION: Read C1020: Address 0x47 Data=0x44
2013/07/02 19:10:36:690  ACTION: Write PRB FPGA: Address=0x3024 Data=0x35
2013/07/02 19:10:36:706  ACTION: Write PRB FPGA: Address=0x3026 Data=0xF0
2013/07/02 19:10:36:706  ACTION: Write PRB FPGA: Address=0x3028 Data=0x21
2013/07/02 19:10:36:706  ACTION: Write PRB FPGA: Address=0x302C Data=0x35
2013/07/02 19:10:36:706  ACTION: Write PRB FPGA: Address=0x302E Data=0xFA
2013/07/02 19:10:36:706  ACTION: Write PRB FPGA: Address=0x3030 Data=0xCB
2013/07/02 19:10:36:706  ACTION: Calibrate CC1020
2013/07/02 19:10:36:799  INFO:   CC1020 calibration passed
2013/07/02 19:10:37:096  ACTION: Read PRB FPGA: Address=0x2012 Data=0x00
2013/07/02 19:10:37:096  ACTION: Read C1020: Address 0x04 Data=0x35
2013/07/02 19:10:37:096  ACTION: Read C1020: Address 0x05 Data=0xF0
2013/07/02 19:10:37:096  ACTION: Read C1020: Address 0x06 Data=0x21
2013/07/02 19:10:37:096  ACTION: Read C1020: Address 0x07 Data=0x38
2013/07/02 19:10:37:096  ACTION: Read C1020: Address 0x08 Data=0x35
2013/07/02 19:10:37:112  ACTION: Read C1020: Address 0x09 Data=0xFA
2013/07/02 19:10:37:112  ACTION: Read C1020: Address 0x0A Data=0xCB
2013/07/02 19:10:37:112  ACTION: Read C1020: Address 0x0B Data=0x38
2013/07/02 19:10:37:112  ACTION: Read C1020: Address 0x1D Data=0x00
2013/07/02 19:10:37:112  ACTION: Read C1020: Address 0x45 Data=0x6C
2013/07/02 19:10:37:112  ACTION: Read C1020: Address 0x46 Data=0x66
2013/07/02 19:10:37:112  ACTION: Read C1020: Address 0x47 Data=0x44
2013/07/02 19:10:37:112  ACTION: Write PRB FPGA: Address=0x1008 Data=0x10
2013/07/02 19:10:37:518  ACTION: Read PRB FPGA: Address=0x1020 Data=0x00
2013/07/02 19:10:37:518  ACTION: Read PRB FPGA: Address=0x1026 Data=0x00
2013/07/02 19:10:37:518  ACTION: Read PRB FPGA: Address=0x1022 Data=0x1F
2013/07/02 19:10:37:518  ACTION: Read PRB FPGA: Address=0x1024 Data=0x1F
2013/07/02 19:10:37:518  ACTION: Read C1020: Address 0x04 Data=0x35
2013/07/02 19:10:37:518  ACTION: Read C1020: Address 0x05 Data=0xD4
2013/07/02 19:10:37:534  ACTION: Read C1020: Address 0x06 Data=0xB3
2013/07/02 19:10:37:534  ACTION: Read C1020: Address 0x08 Data=0x35
2013/07/02 19:10:37:534  ACTION: Read C1020: Address 0x09 Data=0xDF
2013/07/02 19:10:37:534  ACTION: Read C1020: Address 0x0A Data=0x5D
2013/07/02 19:10:37:534  ACTION: Write C1020: Address=0x00 Data=0x01
2013/07/02 19:10:37:612  ACTION: Read C1020: Address 0x10 Data=0x22
2013/07/02 19:10:37:690  ACTION: Read C1020: Address 0x42 Data=0x1D
2013/07/02 19:10:37:690  ACTION: Read C1020: Address 0x42 Data=0x19
2013/07/02 19:10:37:706  ACTION: Read C1020: Address 0x42 Data=0x18
2013/07/02 19:10:37:706  ACTION: Read C1020: Address 0x42 Data=0x1B
2013/07/02 19:10:37:706  ACTION: Read C1020: Address 0x42 Data=0x1B
2013/07/02 19:10:37:706  ACTION: Read C1020: Address 0x42 Data=0x15
2013/07/02 19:10:37:706  ACTION: Read C1020: Address 0x42 Data=0x1A
2013/07/02 19:10:37:706  ACTION: Read C1020: Address 0x42 Data=0x1C
2013/07/02 19:10:37:706  ACTION: Read C1020: Address 0x42 Data=0x1B
2013/07/02 19:10:37:706  ACTION: Read C1020: Address 0x42 Data=0x1A
2013/07/02 19:10:37:706  ACTION: Write C1020: Address=0x00 Data=0x1F
2013/07/02 19:10:37:799  ACTION: Read C1020: Address 0x0D Data=0x50
2013/07/02 19:10:37:877  ACTION: Read C1020: Address 0x0E Data=0x59
2013/07/02 19:10:37:956  ACTION: Write C1020: Address=0x00 Data=0xC1
2013/07/02 19:10:41:268  ACTION: Write C1020: Address=0x0E Data=0xD9
2013/07/02 19:10:41:346  ACTION: Read C1020: Address 0x0D Data=0x50
2013/07/02 19:10:41:424  ACTION: Read C1020: Address 0x0E Data=0xD9
2013/07/02 19:10:44:737  ACTION: Write C1020: Address=0x0E Data=0x59
2013/07/02 19:10:44:815  ACTION: Read C1020: Address 0x0D Data=0x50
2013/07/02 19:10:44:893  ACTION: Read C1020: Address 0x0E Data=0x59
2013/07/02 19:10:45:393  ACTION: Write C1020: Address=0x00 Data=0x1F
2013/07/02 19:10:46:487  ACTION: Write PRB FPGA: Address=0x3024 Data=0x35
2013/07/02 19:10:46:487  ACTION: Write PRB FPGA: Address=0x3026 Data=0xC9
2013/07/02 19:10:46:487  ACTION: Write PRB FPGA: Address=0x3028 Data=0xB9
2013/07/02 19:10:46:487  ACTION: Write PRB FPGA: Address=0x302C Data=0x35
2013/07/02 19:10:46:487  ACTION: Write PRB FPGA: Address=0x302E Data=0xD4
2013/07/02 19:10:46:487  ACTION: Write PRB FPGA: Address=0x3030 Data=0x65
2013/07/02 19:10:46:487  ACTION: Write PRB FPGA: Address=0x305E Data=0x35
2013/07/02 19:10:46:503  ACTION: Write PRB FPGA: Address=0x3060 Data=0xC9
2013/07/02 19:10:46:503  ACTION: Write PRB FPGA: Address=0x3062 Data=0xB9
2013/07/02 19:10:46:503  ACTION: Write PRB FPGA: Address=0x3066 Data=0x35
2013/07/02 19:10:46:503  ACTION: Write PRB FPGA: Address=0x3068 Data=0xD4
2013/07/02 19:10:46:503  ACTION: Write PRB FPGA: Address=0x306A Data=0x65
2013/07/02 19:10:46:503  ACTION: Calibrate CC1020
2013/07/02 19:10:46:596  INFO:   CC1020 calibration passed
2013/07/02 19:10:46:893  ACTION: Read PRB FPGA: Address=0x2012 Data=0x00
2013/07/02 19:10:46:909  ACTION: Read C1020: Address 0x04 Data=0x35
2013/07/02 19:10:46:909  ACTION: Read C1020: Address 0x05 Data=0xC9
2013/07/02 19:10:46:909  ACTION: Read C1020: Address 0x06 Data=0xB9
2013/07/02 19:10:46:909  ACTION: Read C1020: Address 0x07 Data=0x38
2013/07/02 19:10:46:909  ACTION: Read C1020: Address 0x08 Data=0x35
2013/07/02 19:10:46:909  ACTION: Read C1020: Address 0x09 Data=0xD4
2013/07/02 19:10:46:909  ACTION: Read C1020: Address 0x0A Data=0x65
2013/07/02 19:10:46:909  ACTION: Read C1020: Address 0x0B Data=0x38
2013/07/02 19:10:46:909  ACTION: Read C1020: Address 0x1D Data=0x00
2013/07/02 19:10:46:909  ACTION: Read C1020: Address 0x45 Data=0x6C
2013/07/02 19:10:46:909  ACTION: Read C1020: Address 0x46 Data=0x66
2013/07/02 19:10:46:924  ACTION: Read C1020: Address 0x47 Data=0x44
2013/07/02 19:10:46:924  ACTION: Write PRB FPGA: Address=0x3024 Data=0x35
2013/07/02 19:10:46:924  ACTION: Write PRB FPGA: Address=0x3026 Data=0xF0
2013/07/02 19:10:46:924  ACTION: Write PRB FPGA: Address=0x3028 Data=0x21
2013/07/02 19:10:46:924  ACTION: Write PRB FPGA: Address=0x302C Data=0x35
2013/07/02 19:10:46:924  ACTION: Write PRB FPGA: Address=0x302E Data=0xFA
2013/07/02 19:10:46:924  ACTION: Write PRB FPGA: Address=0x3030 Data=0xCB
2013/07/02 19:10:46:924  ACTION: Calibrate CC1020
2013/07/02 19:10:47:018  INFO:   CC1020 calibration passed
2013/07/02 19:10:47:315  ACTION: Read PRB FPGA: Address=0x2012 Data=0x00
2013/07/02 19:10:47:315  ACTION: Read C1020: Address 0x04 Data=0x35
2013/07/02 19:10:47:315  ACTION: Read C1020: Address 0x05 Data=0xF0
2013/07/02 19:10:47:315  ACTION: Read C1020: Address 0x06 Data=0x21
2013/07/02 19:10:47:315  ACTION: Read C1020: Address 0x07 Data=0x38
2013/07/02 19:10:47:315  ACTION: Read C1020: Address 0x08 Data=0x35
2013/07/02 19:10:47:331  ACTION: Read C1020: Address 0x09 Data=0xFA
2013/07/02 19:10:47:331  ACTION: Read C1020: Address 0x0A Data=0xCB
2013/07/02 19:10:47:331  ACTION: Read C1020: Address 0x0B Data=0x38
2013/07/02 19:10:47:331  ACTION: Read C1020: Address 0x1D Data=0x00
2013/07/02 19:10:47:331  ACTION: Read C1020: Address 0x45 Data=0x6C
2013/07/02 19:10:47:331  ACTION: Read C1020: Address 0x46 Data=0x66
2013/07/02 19:10:47:331  ACTION: Read C1020: Address 0x47 Data=0x44
2013/07/02 19:10:47:331  ACTION: Write PRB FPGA: Address=0x1008 Data=0x10
2013/07/02 19:10:47:737  ACTION: Read PRB FPGA: Address=0x1020 Data=0x00
2013/07/02 19:10:47:737  ACTION: Read PRB FPGA: Address=0x1026 Data=0x00
2013/07/02 19:10:47:737  ACTION: Read PRB FPGA: Address=0x1022 Data=0x1C
2013/07/02 19:10:47:737  ACTION: Read PRB FPGA: Address=0x1024 Data=0x1F
2013/07/02 19:10:47:737  ACTION: Read C1020: Address 0x04 Data=0x35
2013/07/02 19:10:47:737  ACTION: Read C1020: Address 0x05 Data=0xC9
2013/07/02 19:10:47:753  ACTION: Read C1020: Address 0x06 Data=0xB9
2013/07/02 19:10:47:753  ACTION: Read C1020: Address 0x08 Data=0x35
2013/07/02 19:10:47:753  ACTION: Read C1020: Address 0x09 Data=0xD4
2013/07/02 19:10:47:753  ACTION: Read C1020: Address 0x0A Data=0x65
2013/07/02 19:10:47:753  ACTION: Write C1020: Address=0x00 Data=0x01
2013/07/02 19:10:47:831  ACTION: Read C1020: Address 0x10 Data=0x22
2013/07/02 19:10:47:909  ACTION: Read C1020: Address 0x42 Data=0x18
2013/07/02 19:10:47:909  ACTION: Read C1020: Address 0x42 Data=0x18
2013/07/02 19:10:47:909  ACTION: Read C1020: Address 0x42 Data=0x1C
2013/07/02 19:10:47:924  ACTION: Read C1020: Address 0x42 Data=0x1C
2013/07/02 19:10:47:924  ACTION: Read C1020: Address 0x42 Data=0x18
2013/07/02 19:10:47:924  ACTION: Read C1020: Address 0x42 Data=0x1A
2013/07/02 19:10:47:924  ACTION: Read C1020: Address 0x42 Data=0x1B
2013/07/02 19:10:47:924  ACTION: Read C1020: Address 0x42 Data=0x1A
2013/07/02 19:10:47:924  ACTION: Read C1020: Address 0x42 Data=0x19
2013/07/02 19:10:47:924  ACTION: Read C1020: Address 0x42 Data=0x1A
2013/07/02 19:10:47:924  ACTION: Write C1020: Address=0x00 Data=0x1F
2013/07/02 19:10:48:003  ACTION: Read C1020: Address 0x0D Data=0x50
2013/07/02 19:10:48:096  ACTION: Read C1020: Address 0x0E Data=0x59
2013/07/02 19:10:48:174  ACTION: Write C1020: Address=0x00 Data=0xC1
2013/07/02 19:10:51:487  ACTION: Write C1020: Address=0x0E Data=0xD9
2013/07/02 19:10:51:565  ACTION: Read C1020: Address 0x0D Data=0x50
2013/07/02 19:10:51:643  ACTION: Read C1020: Address 0x0E Data=0xD9
2013/07/02 19:10:54:956  ACTION: Write C1020: Address=0x0E Data=0x59
2013/07/02 19:10:55:034  ACTION: Read C1020: Address 0x0D Data=0x50
2013/07/02 19:10:55:112  ACTION: Read C1020: Address 0x0E Data=0x59
2013/07/02 19:10:55:612  ACTION: Write C1020: Address=0x00 Data=0x1F
2013/07/02 19:10:56:706  ACTION: Write PRB FPGA: Address=0x3024 Data=0x36
2013/07/02 19:10:56:706  ACTION: Write PRB FPGA: Address=0x3026 Data=0x13
2013/07/02 19:10:56:706  ACTION: Write PRB FPGA: Address=0x3028 Data=0x29
2013/07/02 19:10:56:706  ACTION: Write PRB FPGA: Address=0x302C Data=0x36
2013/07/02 19:10:56:706  ACTION: Write PRB FPGA: Address=0x302E Data=0x1D
2013/07/02 19:10:56:721  ACTION: Write PRB FPGA: Address=0x3030 Data=0xD3
2013/07/02 19:10:56:721  ACTION: Write PRB FPGA: Address=0x305E Data=0x36
2013/07/02 19:10:56:721  ACTION: Write PRB FPGA: Address=0x3060 Data=0x13
2013/07/02 19:10:56:721  ACTION: Write PRB FPGA: Address=0x3062 Data=0x29
2013/07/02 19:10:56:721  ACTION: Write PRB FPGA: Address=0x3066 Data=0x36
2013/07/02 19:10:56:721  ACTION: Write PRB FPGA: Address=0x3068 Data=0x1D
2013/07/02 19:10:56:721  ACTION: Write PRB FPGA: Address=0x306A Data=0xD3
2013/07/02 19:10:56:721  ACTION: Calibrate CC1020
2013/07/02 19:10:56:815  INFO:   CC1020 calibration passed
2013/07/02 19:10:57:128  ACTION: Read PRB FPGA: Address=0x2012 Data=0x00
2013/07/02 19:10:57:128  ACTION: Read C1020: Address 0x04 Data=0x36
2013/07/02 19:10:57:128  ACTION: Read C1020: Address 0x05 Data=0x13
2013/07/02 19:10:57:128  ACTION: Read C1020: Address 0x06 Data=0x29
2013/07/02 19:10:57:128  ACTION: Read C1020: Address 0x07 Data=0x38
2013/07/02 19:10:57:128  ACTION: Read C1020: Address 0x08 Data=0x36
2013/07/02 19:10:57:128  ACTION: Read C1020: Address 0x09 Data=0x1D
2013/07/02 19:10:57:143  ACTION: Read C1020: Address 0x0A Data=0xD3
2013/07/02 19:10:57:143  ACTION: Read C1020: Address 0x0B Data=0x38
2013/07/02 19:10:57:143  ACTION: Read C1020: Address 0x1D Data=0x00
2013/07/02 19:10:57:143  ACTION: Read C1020: Address 0x45 Data=0x5C
2013/07/02 19:10:57:143  ACTION: Read C1020: Address 0x46 Data=0x67
2013/07/02 19:10:57:143  ACTION: Read C1020: Address 0x47 Data=0x44
2013/07/02 19:10:57:143  ACTION: Write PRB FPGA: Address=0x3024 Data=0x35
2013/07/02 19:10:57:143  ACTION: Write PRB FPGA: Address=0x3026 Data=0xF0
2013/07/02 19:10:57:143  ACTION: Write PRB FPGA: Address=0x3028 Data=0x21
2013/07/02 19:10:57:143  ACTION: Write PRB FPGA: Address=0x302C Data=0x35
2013/07/02 19:10:57:143  ACTION: Write PRB FPGA: Address=0x302E Data=0xFA
2013/07/02 19:10:57:143  ACTION: Write PRB FPGA: Address=0x3030 Data=0xCB
2013/07/02 19:10:57:143  ACTION: Calibrate CC1020
2013/07/02 19:10:57:237  INFO:   CC1020 calibration passed
2013/07/02 19:10:57:534  ACTION: Read PRB FPGA: Address=0x2012 Data=0x00
2013/07/02 19:10:57:550  ACTION: Read C1020: Address 0x04 Data=0x35
2013/07/02 19:10:57:550  ACTION: Read C1020: Address 0x05 Data=0xF0
2013/07/02 19:10:57:550  ACTION: Read C1020: Address 0x06 Data=0x21
2013/07/02 19:10:57:550  ACTION: Read C1020: Address 0x07 Data=0x38
2013/07/02 19:10:57:550  ACTION: Read C1020: Address 0x08 Data=0x35
2013/07/02 19:10:57:550  ACTION: Read C1020: Address 0x09 Data=0xFA
2013/07/02 19:10:57:550  ACTION: Read C1020: Address 0x0A Data=0xCB
2013/07/02 19:10:57:550  ACTION: Read C1020: Address 0x0B Data=0x38
2013/07/02 19:10:57:550  ACTION: Read C1020: Address 0x1D Data=0x00
2013/07/02 19:10:57:550  ACTION: Read C1020: Address 0x45 Data=0x6C
2013/07/02 19:10:57:550  ACTION: Read C1020: Address 0x46 Data=0x66
2013/07/02 19:10:57:565  ACTION: Read C1020: Address 0x47 Data=0x44
2013/07/02 19:10:57:565  ACTION: Write PRB FPGA: Address=0x1008 Data=0x10
2013/07/02 19:10:57:956  ACTION: Read PRB FPGA: Address=0x1020 Data=0x01
2013/07/02 19:10:57:956  ACTION: Read PRB FPGA: Address=0x1026 Data=0x01
2013/07/02 19:10:57:971  ACTION: Read PRB FPGA: Address=0x1022 Data=0x1F
2013/07/02 19:10:57:971  ACTION: Read PRB FPGA: Address=0x1024 Data=0x1C
2013/07/02 19:10:57:971  ACTION: Read C1020: Address 0x04 Data=0x36
2013/07/02 19:10:57:971  ACTION: Read C1020: Address 0x05 Data=0x13
2013/07/02 19:10:57:971  ACTION: Read C1020: Address 0x06 Data=0x29
2013/07/02 19:10:57:971  ACTION: Read C1020: Address 0x08 Data=0x36
2013/07/02 19:10:57:971  ACTION: Read C1020: Address 0x09 Data=0x1D
2013/07/02 19:10:57:971  ACTION: Read C1020: Address 0x0A Data=0xD3
2013/07/02 19:10:57:971  ACTION: Write C1020: Address=0x00 Data=0x01
2013/07/02 19:10:58:050  ACTION: Read C1020: Address 0x10 Data=0x22
2013/07/02 19:10:58:143  ACTION: Read C1020: Address 0x42 Data=0x19
2013/07/02 19:10:58:143  ACTION: Read C1020: Address 0x42 Data=0x16
2013/07/02 19:10:58:143  ACTION: Read C1020: Address 0x42 Data=0x15
2013/07/02 19:10:58:143  ACTION: Read C1020: Address 0x42 Data=0x18
2013/07/02 19:10:58:143  ACTION: Read C1020: Address 0x42 Data=0x18
2013/07/02 19:10:58:143  ACTION: Read C1020: Address 0x42 Data=0x19
2013/07/02 19:10:58:143  ACTION: Read C1020: Address 0x42 Data=0x17
2013/07/02 19:10:58:143  ACTION: Read C1020: Address 0x42 Data=0x1B
2013/07/02 19:10:58:143  ACTION: Read C1020: Address 0x42 Data=0x16
2013/07/02 19:10:58:159  ACTION: Read C1020: Address 0x42 Data=0x13
2013/07/02 19:10:58:159  ACTION: Write C1020: Address=0x00 Data=0x1F
2013/07/02 19:10:58:237  ACTION: Read C1020: Address 0x0D Data=0x50
2013/07/02 19:10:58:315  ACTION: Read C1020: Address 0x0E Data=0x59
2013/07/02 19:10:58:393  ACTION: Write C1020: Address=0x00 Data=0xC1
2013/07/02 19:11:01:706  ACTION: Write C1020: Address=0x0E Data=0xD9
2013/07/02 19:11:01:800  ACTION: Read C1020: Address 0x0D Data=0x50
2013/07/02 19:11:01:878  ACTION: Read C1020: Address 0x0E Data=0xD9
2013/07/02 19:11:05:190  ACTION: Write C1020: Address=0x0E Data=0x59
2013/07/02 19:11:05:268  ACTION: Read C1020: Address 0x0D Data=0x50
2013/07/02 19:11:05:347  ACTION: Read C1020: Address 0x0E Data=0x59
2013/07/02 19:11:05:847  ACTION: Write C1020: Address=0x00 Data=0x1F
2013/07/02 19:11:06:940  ACTION: Write PRB FPGA: Address=0x3024 Data=0x35
2013/07/02 19:11:06:940  ACTION: Write PRB FPGA: Address=0x3026 Data=0xD4
2013/07/02 19:11:06:940  ACTION: Write PRB FPGA: Address=0x3028 Data=0x25
2013/07/02 19:11:06:940  ACTION: Write PRB FPGA: Address=0x302C Data=0x35
2013/07/02 19:11:06:940  ACTION: Write PRB FPGA: Address=0x302E Data=0xDE
2013/07/02 19:11:06:940  ACTION: Write PRB FPGA: Address=0x3030 Data=0xCF
2013/07/02 19:11:06:940  ACTION: Write PRB FPGA: Address=0x305E Data=0x35
2013/07/02 19:11:06:940  ACTION: Write PRB FPGA: Address=0x3060 Data=0xD4
2013/07/02 19:11:06:956  ACTION: Write PRB FPGA: Address=0x3062 Data=0x25
2013/07/02 19:11:06:956  ACTION: Write PRB FPGA: Address=0x3066 Data=0x35
2013/07/02 19:11:06:956  ACTION: Write PRB FPGA: Address=0x3068 Data=0xDE
2013/07/02 19:11:06:956  ACTION: Write PRB FPGA: Address=0x306A Data=0xCF
2013/07/02 19:11:06:956  ACTION: Calibrate CC1020
2013/07/02 19:11:07:050  INFO:   CC1020 calibration passed
2013/07/02 19:11:07:347  ACTION: Read PRB FPGA: Address=0x2012 Data=0x00
2013/07/02 19:11:07:362  ACTION: Read C1020: Address 0x04 Data=0x35
2013/07/02 19:11:07:362  ACTION: Read C1020: Address 0x05 Data=0xD4
2013/07/02 19:11:07:362  ACTION: Read C1020: Address 0x06 Data=0x25
2013/07/02 19:11:07:362  ACTION: Read C1020: Address 0x07 Data=0x38
2013/07/02 19:11:07:362  ACTION: Read C1020: Address 0x08 Data=0x35
2013/07/02 19:11:07:362  ACTION: Read C1020: Address 0x09 Data=0xDE
2013/07/02 19:11:07:362  ACTION: Read C1020: Address 0x0A Data=0xCF
2013/07/02 19:11:07:362  ACTION: Read C1020: Address 0x0B Data=0x38
2013/07/02 19:11:07:362  ACTION: Read C1020: Address 0x1D Data=0x00
2013/07/02 19:11:07:362  ACTION: Read C1020: Address 0x45 Data=0x6C
2013/07/02 19:11:07:362  ACTION: Read C1020: Address 0x46 Data=0x66
2013/07/02 19:11:07:378  ACTION: Read C1020: Address 0x47 Data=0x44
2013/07/02 19:11:07:378  ACTION: Write PRB FPGA: Address=0x3024 Data=0x35
2013/07/02 19:11:07:378  ACTION: Write PRB FPGA: Address=0x3026 Data=0xF0
2013/07/02 19:11:07:378  ACTION: Write PRB FPGA: Address=0x3028 Data=0x21
2013/07/02 19:11:07:378  ACTION: Write PRB FPGA: Address=0x302C Data=0x35
2013/07/02 19:11:07:378  ACTION: Write PRB FPGA: Address=0x302E Data=0xFA
2013/07/02 19:11:07:378  ACTION: Write PRB FPGA: Address=0x3030 Data=0xCB
2013/07/02 19:11:07:378  ACTION: Calibrate CC1020
2013/07/02 19:11:07:472  INFO:   CC1020 calibration passed
2013/07/02 19:11:07:768  ACTION: Read PRB FPGA: Address=0x2012 Data=0x00
2013/07/02 19:11:07:768  ACTION: Read C1020: Address 0x04 Data=0x35
2013/07/02 19:11:07:768  ACTION: Read C1020: Address 0x05 Data=0xF0
2013/07/02 19:11:07:784  ACTION: Read C1020: Address 0x06 Data=0x21
2013/07/02 19:11:07:784  ACTION: Read C1020: Address 0x07 Data=0x38
2013/07/02 19:11:07:784  ACTION: Read C1020: Address 0x08 Data=0x35
2013/07/02 19:11:07:784  ACTION: Read C1020: Address 0x09 Data=0xFA
2013/07/02 19:11:07:784  ACTION: Read C1020: Address 0x0A Data=0xCB
2013/07/02 19:11:07:784  ACTION: Read C1020: Address 0x0B Data=0x38
2013/07/02 19:11:07:784  ACTION: Read C1020: Address 0x1D Data=0x00
2013/07/02 19:11:07:784  ACTION: Read C1020: Address 0x45 Data=0x6C
2013/07/02 19:11:07:784  ACTION: Read C1020: Address 0x46 Data=0x66
2013/07/02 19:11:07:784  ACTION: Read C1020: Address 0x47 Data=0x44
2013/07/02 19:11:07:784  ACTION: Write PRB FPGA: Address=0x1008 Data=0x10
2013/07/02 19:11:08:190  ACTION: Read PRB FPGA: Address=0x1020 Data=0x00
2013/07/02 19:11:08:190  ACTION: Read PRB FPGA: Address=0x1026 Data=0x00
2013/07/02 19:11:08:190  ACTION: Read PRB FPGA: Address=0x1022 Data=0x1F
2013/07/02 19:11:08:190  ACTION: Read PRB FPGA: Address=0x1024 Data=0x1F
2013/07/02 19:11:08:206  ACTION: Read C1020: Address 0x04 Data=0x35
2013/07/02 19:11:08:206  ACTION: Read C1020: Address 0x05 Data=0xD4
2013/07/02 19:11:08:206  ACTION: Read C1020: Address 0x06 Data=0x25
2013/07/02 19:11:08:206  ACTION: Read C1020: Address 0x08 Data=0x35
2013/07/02 19:11:08:206  ACTION: Read C1020: Address 0x09 Data=0xDE
2013/07/02 19:11:08:206  ACTION: Read C1020: Address 0x0A Data=0xCF
2013/07/02 19:11:08:206  ACTION: Write C1020: Address=0x00 Data=0x01
2013/07/02 19:11:08:284  ACTION: Read C1020: Address 0x10 Data=0x22
2013/07/02 19:11:08:362  ACTION: Read C1020: Address 0x42 Data=0x1B
2013/07/02 19:11:08:378  ACTION: Read C1020: Address 0x42 Data=0x1D
2013/07/02 19:11:08:378  ACTION: Read C1020: Address 0x42 Data=0x17
2013/07/02 19:11:08:378  ACTION: Read C1020: Address 0x42 Data=0x1A
2013/07/02 19:11:08:378  ACTION: Read C1020: Address 0x42 Data=0x14
2013/07/02 19:11:08:378  ACTION: Read C1020: Address 0x42 Data=0x1C
2013/07/02 19:11:08:378  ACTION: Read C1020: Address 0x42 Data=0x1A
2013/07/02 19:11:08:378  ACTION: Read C1020: Address 0x42 Data=0x17
2013/07/02 19:11:08:378  ACTION: Read C1020: Address 0x42 Data=0x19
2013/07/02 19:11:08:378  ACTION: Read C1020: Address 0x42 Data=0x18
2013/07/02 19:11:08:378  ACTION: Write C1020: Address=0x00 Data=0x1F
2013/07/02 19:11:08:472  ACTION: Read C1020: Address 0x0D Data=0x50
2013/07/02 19:11:08:550  ACTION: Read C1020: Address 0x0E Data=0x59
2013/07/02 19:11:08:628  ACTION: Write C1020: Address=0x00 Data=0xC1
2013/07/02 19:11:11:940  ACTION: Write C1020: Address=0x0E Data=0xD9
2013/07/02 19:11:12:018  ACTION: Read C1020: Address 0x0D Data=0x50
2013/07/02 19:11:12:097  ACTION: Read C1020: Address 0x0E Data=0xD9
2013/07/02 19:11:15:440  ACTION: Write C1020: Address=0x0E Data=0x59
2013/07/02 19:11:15:519  ACTION: Read C1020: Address 0x0D Data=0x50
2013/07/02 19:11:15:597  ACTION: Read C1020: Address 0x0E Data=0x59
2013/07/02 19:11:16:097  ACTION: Write C1020: Address=0x00 Data=0x1F
2013/07/02 19:11:17:190  ACTION: Write PRB FPGA: Address=0x3024 Data=0x35
2013/07/02 19:11:17:190  ACTION: Write PRB FPGA: Address=0x3026 Data=0xF0
2013/07/02 19:11:17:190  ACTION: Write PRB FPGA: Address=0x3028 Data=0x21
2013/07/02 19:11:17:190  ACTION: Write PRB FPGA: Address=0x302C Data=0x35
2013/07/02 19:11:17:190  ACTION: Write PRB FPGA: Address=0x302E Data=0xFA
2013/07/02 19:11:17:190  ACTION: Write PRB FPGA: Address=0x3030 Data=0xCB
2013/07/02 19:11:17:206  ACTION: Write PRB FPGA: Address=0x305E Data=0x35
2013/07/02 19:11:17:206  ACTION: Write PRB FPGA: Address=0x3060 Data=0xF0
2013/07/02 19:11:17:206  ACTION: Write PRB FPGA: Address=0x3062 Data=0x21
2013/07/02 19:11:17:206  ACTION: Write PRB FPGA: Address=0x3066 Data=0x35
2013/07/02 19:11:17:206  ACTION: Write PRB FPGA: Address=0x3068 Data=0xFA
2013/07/02 19:11:17:206  ACTION: Write PRB FPGA: Address=0x306A Data=0xCB
2013/07/02 19:11:17:206  ACTION: Calibrate CC1020
2013/07/02 19:11:17:300  INFO:   CC1020 calibration passed
2013/07/02 19:11:17:597  ACTION: Read PRB FPGA: Address=0x2012 Data=0x00
2013/07/02 19:11:17:612  ACTION: Read C1020: Address 0x04 Data=0x35
2013/07/02 19:11:17:612  ACTION: Read C1020: Address 0x05 Data=0xF0
2013/07/02 19:11:17:612  ACTION: Read C1020: Address 0x06 Data=0x21
2013/07/02 19:11:17:612  ACTION: Read C1020: Address 0x07 Data=0x38
2013/07/02 19:11:17:612  ACTION: Read C1020: Address 0x08 Data=0x35
2013/07/02 19:11:17:612  ACTION: Read C1020: Address 0x09 Data=0xFA
2013/07/02 19:11:17:612  ACTION: Read C1020: Address 0x0A Data=0xCB
2013/07/02 19:11:17:612  ACTION: Read C1020: Address 0x0B Data=0x38
2013/07/02 19:11:17:612  ACTION: Read C1020: Address 0x1D Data=0x00
2013/07/02 19:11:17:612  ACTION: Read C1020: Address 0x45 Data=0x6C
2013/07/02 19:11:17:628  ACTION: Read C1020: Address 0x46 Data=0x66
2013/07/02 19:11:17:628  ACTION: Read C1020: Address 0x47 Data=0x44
2013/07/02 19:11:17:628  ACTION: Write PRB FPGA: Address=0x3024 Data=0x35
2013/07/02 19:11:17:628  ACTION: Write PRB FPGA: Address=0x3026 Data=0xF0
2013/07/02 19:11:17:628  ACTION: Write PRB FPGA: Address=0x3028 Data=0x21
2013/07/02 19:11:17:628  ACTION: Write PRB FPGA: Address=0x302C Data=0x35
2013/07/02 19:11:17:628  ACTION: Write PRB FPGA: Address=0x302E Data=0xFA
2013/07/02 19:11:17:628  ACTION: Write PRB FPGA: Address=0x3030 Data=0xCB
2013/07/02 19:11:17:628  ACTION: Calibrate CC1020
2013/07/02 19:11:17:722  INFO:   CC1020 calibration passed
2013/07/02 19:11:18:019  ACTION: Read PRB FPGA: Address=0x2012 Data=0x00
2013/07/02 19:11:18:019  ACTION: Read C1020: Address 0x04 Data=0x35
2013/07/02 19:11:18:019  ACTION: Read C1020: Address 0x05 Data=0xF0
2013/07/02 19:11:18:019  ACTION: Read C1020: Address 0x06 Data=0x21
2013/07/02 19:11:18:019  ACTION: Read C1020: Address 0x07 Data=0x38
2013/07/02 19:11:18:034  ACTION: Read C1020: Address 0x08 Data=0x35
2013/07/02 19:11:18:034  ACTION: Read C1020: Address 0x09 Data=0xFA
2013/07/02 19:11:18:034  ACTION: Read C1020: Address 0x0A Data=0xCB
2013/07/02 19:11:18:034  ACTION: Read C1020: Address 0x0B Data=0x38
2013/07/02 19:11:18:034  ACTION: Read C1020: Address 0x1D Data=0x00
2013/07/02 19:11:18:034  ACTION: Read C1020: Address 0x45 Data=0x6C
2013/07/02 19:11:18:034  ACTION: Read C1020: Address 0x46 Data=0x66
2013/07/02 19:11:18:034  ACTION: Read C1020: Address 0x47 Data=0x44
2013/07/02 19:11:18:034  ACTION: Write PRB FPGA: Address=0x1008 Data=0x10
2013/07/02 19:11:18:440  ACTION: Read PRB FPGA: Address=0x1020 Data=0x00
2013/07/02 19:11:18:440  ACTION: Read PRB FPGA: Address=0x1026 Data=0x00
2013/07/02 19:11:18:440  ACTION: Read PRB FPGA: Address=0x1022 Data=0x1F
2013/07/02 19:11:18:440  ACTION: Read PRB FPGA: Address=0x1024 Data=0x1F
2013/07/02 19:11:18:440  ACTION: Read C1020: Address 0x04 Data=0x35
2013/07/02 19:11:18:440  ACTION: Read C1020: Address 0x05 Data=0xF0
2013/07/02 19:11:18:440  ACTION: Read C1020: Address 0x06 Data=0x21
2013/07/02 19:11:18:440  ACTION: Read C1020: Address 0x08 Data=0x35
2013/07/02 19:11:18:456  ACTION: Read C1020: Address 0x09 Data=0xFA
2013/07/02 19:11:18:456  ACTION: Read C1020: Address 0x0A Data=0xCB
2013/07/02 19:11:18:456  ACTION: Write C1020: Address=0x00 Data=0x01
2013/07/02 19:11:18:534  ACTION: Read C1020: Address 0x10 Data=0x22
2013/07/02 19:11:18:612  ACTION: Read C1020: Address 0x42 Data=0x17
2013/07/02 19:11:18:612  ACTION: Read C1020: Address 0x42 Data=0x17
2013/07/02 19:11:18:612  ACTION: Read C1020: Address 0x42 Data=0x15
2013/07/02 19:11:18:612  ACTION: Read C1020: Address 0x42 Data=0x15
2013/07/02 19:11:18:612  ACTION: Read C1020: Address 0x42 Data=0x19
2013/07/02 19:11:18:628  ACTION: Read C1020: Address 0x42 Data=0x1C
2013/07/02 19:11:18:628  ACTION: Read C1020: Address 0x42 Data=0x19
2013/07/02 19:11:18:628  ACTION: Read C1020: Address 0x42 Data=0x1B
2013/07/02 19:11:18:628  ACTION: Read C1020: Address 0x42 Data=0x1C
2013/07/02 19:11:18:628  ACTION: Read C1020: Address 0x42 Data=0x17
2013/07/02 19:11:18:628  ACTION: Write C1020: Address=0x00 Data=0x1F
2013/07/02 19:11:18:706  ACTION: Read C1020: Address 0x0D Data=0x50
2013/07/02 19:11:18:784  ACTION: Read C1020: Address 0x0E Data=0x59
2013/07/02 19:11:18:878  ACTION: Write C1020: Address=0x00 Data=0xC1
2013/07/02 19:11:22:190  ACTION: Write C1020: Address=0x0E Data=0xD9
2013/07/02 19:11:22:269  ACTION: Read C1020: Address 0x0D Data=0x50
2013/07/02 19:11:22:347  ACTION: Read C1020: Address 0x0E Data=0xD9
2013/07/02 19:11:25:659  ACTION: Write C1020: Address=0x0E Data=0x59
2013/07/02 19:11:25:737  ACTION: Read C1020: Address 0x0D Data=0x50
2013/07/02 19:11:25:816  ACTION: Read C1020: Address 0x0E Data=0x59
2013/07/02 19:11:26:316  ACTION: Write C1020: Address=0x00 Data=0x1F
2013/07/02 19:11:26:409  ACTION: Write PRB FPGA: Address=0x3024 Data=0x35
2013/07/02 19:11:26:409  ACTION: Write PRB FPGA: Address=0x3026 Data=0xF0
2013/07/02 19:11:26:409  ACTION: Write PRB FPGA: Address=0x3028 Data=0x21
2013/07/02 19:11:26:409  ACTION: Write PRB FPGA: Address=0x302C Data=0x35
2013/07/02 19:11:26:409  ACTION: Write PRB FPGA: Address=0x302E Data=0xFA
2013/07/02 19:11:26:409  ACTION: Write PRB FPGA: Address=0x3030 Data=0xCB
2013/07/02 19:11:26:409  ACTION: Write PRB FPGA: Address=0x305E Data=0x35
2013/07/02 19:11:26:409  ACTION: Write PRB FPGA: Address=0x3060 Data=0xD8
2013/07/02 19:11:26:409  ACTION: Write PRB FPGA: Address=0x3062 Data=0x15
2013/07/02 19:11:26:409  ACTION: Write PRB FPGA: Address=0x3066 Data=0x35
2013/07/02 19:11:26:425  ACTION: Write PRB FPGA: Address=0x3068 Data=0xE2
2013/07/02 19:11:26:425  ACTION: Write PRB FPGA: Address=0x306A Data=0xBF
2013/07/02 19:11:26:425  ACTION: Calibrate CC1020
2013/07/02 19:11:26:503  INFO:   CC1020 calibration passed
2013/07/02 19:11:26:816  ACTION: Read PRB FPGA: Address=0x2012 Data=0x00
2013/07/02 19:11:26:816  ACTION: Read C1020: Address 0x04 Data=0x35
2013/07/02 19:11:26:816  ACTION: Read C1020: Address 0x05 Data=0xF0
2013/07/02 19:11:26:816  ACTION: Read C1020: Address 0x06 Data=0x21
2013/07/02 19:11:26:816  ACTION: Read C1020: Address 0x07 Data=0x38
2013/07/02 19:11:26:816  ACTION: Read C1020: Address 0x08 Data=0x35
2013/07/02 19:11:26:816  ACTION: Read C1020: Address 0x09 Data=0xFA
2013/07/02 19:11:26:816  ACTION: Read C1020: Address 0x0A Data=0xCB
2013/07/02 19:11:26:816  ACTION: Read C1020: Address 0x0B Data=0x38
2013/07/02 19:11:26:816  ACTION: Read C1020: Address 0x1D Data=0x00
2013/07/02 19:11:26:831  ACTION: Read C1020: Address 0x45 Data=0x6C
2013/07/02 19:11:26:831  ACTION: Read C1020: Address 0x46 Data=0x66
2013/07/02 19:11:26:831  ACTION: Read C1020: Address 0x47 Data=0x44
2013/07/02 19:11:26:831  ACTION: Write PRB FPGA: Address=0x1008 Data=0x10
2013/07/02 19:11:27:831  ACTION: Write C1020: Address=0x00 Data=0x1F
2013/07/02 19:11:27:909  ACTION: Write C1020: Address=0x0D Data=0x54
2013/07/02 19:11:27:987  ACTION: Write C1020: Address=0x00 Data=0xC1
2013/07/02 19:11:28:081  ACTION: Read C1020: Address 0x0D Data=0x54
2013/07/02 19:11:28:159  ACTION: Read C1020: Address 0x0E Data=0x59
2013/07/02 19:11:42:988  ACTION: Write C1020: Address=0x0E Data=0xD9
2013/07/02 19:11:43:066  ACTION: Read C1020: Address 0x0D Data=0x54
2013/07/02 19:11:43:144  ACTION: Read C1020: Address 0x0E Data=0xD9
2013/07/02 19:11:57:769  ACTION: Write C1020: Address=0x0E Data=0x59
2013/07/02 19:11:57:847  ACTION: Write PRB FPGA: Address=0x3024 Data=0x35
2013/07/02 19:11:57:847  ACTION: Write PRB FPGA: Address=0x3026 Data=0xF0
2013/07/02 19:11:57:847  ACTION: Write PRB FPGA: Address=0x3028 Data=0x21
2013/07/02 19:11:57:847  ACTION: Write PRB FPGA: Address=0x302C Data=0x35
2013/07/02 19:11:57:847  ACTION: Write PRB FPGA: Address=0x302E Data=0xFA
2013/07/02 19:11:57:847  ACTION: Write PRB FPGA: Address=0x3030 Data=0xCB
2013/07/02 19:11:57:847  ACTION: Write PRB FPGA: Address=0x305E Data=0x35
2013/07/02 19:11:57:847  ACTION: Write PRB FPGA: Address=0x3060 Data=0xF0
2013/07/02 19:11:57:847  ACTION: Write PRB FPGA: Address=0x3062 Data=0x21
2013/07/02 19:11:57:847  ACTION: Write PRB FPGA: Address=0x3066 Data=0x35
2013/07/02 19:11:57:863  ACTION: Write PRB FPGA: Address=0x3068 Data=0xFA
2013/07/02 19:11:57:863  ACTION: Write PRB FPGA: Address=0x306A Data=0xCB
2013/07/02 19:11:57:863  ACTION: Calibrate CC1020
2013/07/02 19:11:57:941  INFO:   CC1020 calibration passed
2013/07/02 19:11:58:253  ACTION: Read PRB FPGA: Address=0x2012 Data=0x00
2013/07/02 19:11:58:253  ACTION: Read C1020: Address 0x04 Data=0x35
2013/07/02 19:11:58:253  ACTION: Read C1020: Address 0x05 Data=0xF0
2013/07/02 19:11:58:253  ACTION: Read C1020: Address 0x06 Data=0x21
2013/07/02 19:11:58:253  ACTION: Read C1020: Address 0x07 Data=0x38
2013/07/02 19:11:58:253  ACTION: Read C1020: Address 0x08 Data=0x35
2013/07/02 19:11:58:253  ACTION: Read C1020: Address 0x09 Data=0xFA
2013/07/02 19:11:58:253  ACTION: Read C1020: Address 0x0A Data=0xCB
2013/07/02 19:11:58:253  ACTION: Read C1020: Address 0x0B Data=0x38
2013/07/02 19:11:58:253  ACTION: Read C1020: Address 0x1D Data=0x00
2013/07/02 19:11:58:253  ACTION: Read C1020: Address 0x45 Data=0x6C
2013/07/02 19:11:58:253  ACTION: Read C1020: Address 0x46 Data=0x66
2013/07/02 19:11:58:253  ACTION: Read C1020: Address 0x47 Data=0x44
2013/07/02 19:11:58:253  ACTION: Write PRB FPGA: Address=0x1008 Data=0x10
2013/07/02 19:11:59:269  ACTION: Write C1020: Address=0x00 Data=0x1F
2013/07/02 19:11:59:347  ACTION: Write C1020: Address=0x0D Data=0x54
2013/07/02 19:11:59:425  ACTION: Write C1020: Address=0x00 Data=0xC1
2013/07/02 19:11:59:503  ACTION: Read C1020: Address 0x0D Data=0x54
2013/07/02 19:11:59:581  ACTION: Read C1020: Address 0x0E Data=0x59
2013/07/02 19:12:14:253  ACTION: Write C1020: Address=0x0E Data=0xD9
2013/07/02 19:12:14:332  ACTION: Read C1020: Address 0x0D Data=0x54
2013/07/02 19:12:14:425  ACTION: Read C1020: Address 0x0E Data=0xD9
2013/07/02 19:12:29:003  ACTION: Write C1020: Address=0x0E Data=0x59
2013/07/02 19:12:29:082  ACTION: Write PRB FPGA: Address=0x3024 Data=0x35
2013/07/02 19:12:29:082  ACTION: Write PRB FPGA: Address=0x3026 Data=0xF0
2013/07/02 19:12:29:097  ACTION: Write PRB FPGA: Address=0x3028 Data=0x21
2013/07/02 19:12:29:097  ACTION: Write PRB FPGA: Address=0x302C Data=0x35
2013/07/02 19:12:29:097  ACTION: Write PRB FPGA: Address=0x302E Data=0xFA
2013/07/02 19:12:29:097  ACTION: Write PRB FPGA: Address=0x3030 Data=0xCB
2013/07/02 19:12:29:097  ACTION: Write PRB FPGA: Address=0x305E Data=0x35
2013/07/02 19:12:29:097  ACTION: Write PRB FPGA: Address=0x3060 Data=0xCC
2013/07/02 19:12:29:097  ACTION: Write PRB FPGA: Address=0x3062 Data=0xD3
2013/07/02 19:12:29:097  ACTION: Write PRB FPGA: Address=0x3066 Data=0x35
2013/07/02 19:12:29:097  ACTION: Write PRB FPGA: Address=0x3068 Data=0xD7
2013/07/02 19:12:29:097  ACTION: Write PRB FPGA: Address=0x306A Data=0x7F
2013/07/02 19:12:29:097  ACTION: Calibrate CC1020
2013/07/02 19:12:29:191  INFO:   CC1020 calibration passed
2013/07/02 19:12:29:488  ACTION: Read PRB FPGA: Address=0x2012 Data=0x00
2013/07/02 19:12:29:488  ACTION: Read C1020: Address 0x04 Data=0x35
2013/07/02 19:12:29:488  ACTION: Read C1020: Address 0x05 Data=0xF0
2013/07/02 19:12:29:488  ACTION: Read C1020: Address 0x06 Data=0x21
2013/07/02 19:12:29:488  ACTION: Read C1020: Address 0x07 Data=0x38
2013/07/02 19:12:29:488  ACTION: Read C1020: Address 0x08 Data=0x35
2013/07/02 19:12:29:488  ACTION: Read C1020: Address 0x09 Data=0xFA
2013/07/02 19:12:29:503  ACTION: Read C1020: Address 0x0A Data=0xCB
2013/07/02 19:12:29:503  ACTION: Read C1020: Address 0x0B Data=0x38
2013/07/02 19:12:29:503  ACTION: Read C1020: Address 0x1D Data=0x00
2013/07/02 19:12:29:503  ACTION: Read C1020: Address 0x45 Data=0x6C
2013/07/02 19:12:29:503  ACTION: Read C1020: Address 0x46 Data=0x66
2013/07/02 19:12:29:503  ACTION: Read C1020: Address 0x47 Data=0x44
2013/07/02 19:12:29:503  ACTION: Write PRB FPGA: Address=0x1008 Data=0x10
2013/07/02 19:12:30:503  ACTION: Write C1020: Address=0x00 Data=0x1F
2013/07/02 19:12:30:582  ACTION: Write C1020: Address=0x0D Data=0x54
2013/07/02 19:12:30:660  ACTION: Write C1020: Address=0x00 Data=0xC1
2013/07/02 19:12:30:753  ACTION: Read C1020: Address 0x0D Data=0x54
2013/07/02 19:12:30:832  ACTION: Read C1020: Address 0x0E Data=0x59
2013/07/02 19:12:45:472  ACTION: Write C1020: Address=0x0E Data=0xD9
2013/07/02 19:12:45:550  ACTION: Read C1020: Address 0x0D Data=0x54
2013/07/02 19:12:45:629  ACTION: Read C1020: Address 0x0E Data=0xD9
2013/07/02 19:13:00:269  ACTION: Write C1020: Address=0x0E Data=0x59
2013/07/02 19:13:00:363  ACTION: Write PRB FPGA: Address=0x3024 Data=0x35
2013/07/02 19:13:00:363  ACTION: Write PRB FPGA: Address=0x3026 Data=0xF0
2013/07/02 19:13:00:363  ACTION: Write PRB FPGA: Address=0x3028 Data=0x21
2013/07/02 19:13:00:363  ACTION: Write PRB FPGA: Address=0x302C Data=0x35
2013/07/02 19:13:00:363  ACTION: Write PRB FPGA: Address=0x302E Data=0xFA
2013/07/02 19:13:00:363  ACTION: Write PRB FPGA: Address=0x3030 Data=0xCB
2013/07/02 19:13:00:363  ACTION: Write PRB FPGA: Address=0x305E Data=0x36
2013/07/02 19:13:00:363  ACTION: Write PRB FPGA: Address=0x3060 Data=0x16
2013/07/02 19:13:00:363  ACTION: Write PRB FPGA: Address=0x3062 Data=0x87
2013/07/02 19:13:00:363  ACTION: Write PRB FPGA: Address=0x3066 Data=0x36
2013/07/02 19:13:00:363  ACTION: Write PRB FPGA: Address=0x3068 Data=0x21
2013/07/02 19:13:00:379  ACTION: Write PRB FPGA: Address=0x306A Data=0x31
2013/07/02 19:13:00:379  ACTION: Calibrate CC1020
2013/07/02 19:13:00:457  INFO:   CC1020 calibration passed
2013/07/02 19:13:00:769  ACTION: Read PRB FPGA: Address=0x2012 Data=0x00
2013/07/02 19:13:00:769  ACTION: Read C1020: Address 0x04 Data=0x35
2013/07/02 19:13:00:769  ACTION: Read C1020: Address 0x05 Data=0xF0
2013/07/02 19:13:00:769  ACTION: Read C1020: Address 0x06 Data=0x21
2013/07/02 19:13:00:769  ACTION: Read C1020: Address 0x07 Data=0x38
2013/07/02 19:13:00:769  ACTION: Read C1020: Address 0x08 Data=0x35
2013/07/02 19:13:00:769  ACTION: Read C1020: Address 0x09 Data=0xFA
2013/07/02 19:13:00:769  ACTION: Read C1020: Address 0x0A Data=0xCB
2013/07/02 19:13:00:769  ACTION: Read C1020: Address 0x0B Data=0x38
2013/07/02 19:13:00:769  ACTION: Read C1020: Address 0x1D Data=0x00
2013/07/02 19:13:00:769  ACTION: Read C1020: Address 0x45 Data=0x6C
2013/07/02 19:13:00:769  ACTION: Read C1020: Address 0x46 Data=0x66
2013/07/02 19:13:00:769  ACTION: Read C1020: Address 0x47 Data=0x44
2013/07/02 19:13:00:769  ACTION: Write PRB FPGA: Address=0x1008 Data=0x10
2013/07/02 19:13:01:769  ACTION: Write C1020: Address=0x00 Data=0x1F
2013/07/02 19:13:01:863  ACTION: Write C1020: Address=0x0D Data=0x54
2013/07/02 19:13:01:941  ACTION: Write C1020: Address=0x00 Data=0xC1
2013/07/02 19:13:02:019  ACTION: Read C1020: Address 0x0D Data=0x54
2013/07/02 19:13:02:097  ACTION: Read C1020: Address 0x0E Data=0x59
2013/07/02 19:13:16:769  ACTION: Write C1020: Address=0x0E Data=0xD9
2013/07/02 19:13:16:848  ACTION: Read C1020: Address 0x0D Data=0x54
2013/07/02 19:13:16:926  ACTION: Read C1020: Address 0x0E Data=0xD9
2013/07/02 19:13:31:535  ACTION: Write C1020: Address=0x0E Data=0x59
2013/07/02 19:13:31:613  ACTION: Write PRB FPGA: Address=0x3024 Data=0x35
2013/07/02 19:13:31:613  ACTION: Write PRB FPGA: Address=0x3026 Data=0xF0
2013/07/02 19:13:31:613  ACTION: Write PRB FPGA: Address=0x3028 Data=0x21
2013/07/02 19:13:31:613  ACTION: Write PRB FPGA: Address=0x302C Data=0x35
2013/07/02 19:13:31:613  ACTION: Write PRB FPGA: Address=0x302E Data=0xFA
2013/07/02 19:13:31:613  ACTION: Write PRB FPGA: Address=0x3030 Data=0xCB
2013/07/02 19:13:31:613  ACTION: Write PRB FPGA: Address=0x305E Data=0x35
2013/07/02 19:13:31:613  ACTION: Write PRB FPGA: Address=0x3060 Data=0xD4
2013/07/02 19:13:31:613  ACTION: Write PRB FPGA: Address=0x3062 Data=0xB3
2013/07/02 19:13:31:613  ACTION: Write PRB FPGA: Address=0x3066 Data=0x35
2013/07/02 19:13:31:629  ACTION: Write PRB FPGA: Address=0x3068 Data=0xDF
2013/07/02 19:13:31:629  ACTION: Write PRB FPGA: Address=0x306A Data=0x5D
2013/07/02 19:13:31:629  ACTION: Calibrate CC1020
2013/07/02 19:13:31:707  INFO:   CC1020 calibration passed
2013/07/02 19:13:32:020  ACTION: Read PRB FPGA: Address=0x2012 Data=0x00
2013/07/02 19:13:32:020  ACTION: Read C1020: Address 0x04 Data=0x35
2013/07/02 19:13:32:020  ACTION: Read C1020: Address 0x05 Data=0xF0
2013/07/02 19:13:32:020  ACTION: Read C1020: Address 0x06 Data=0x21
2013/07/02 19:13:32:020  ACTION: Read C1020: Address 0x07 Data=0x38
2013/07/02 19:13:32:020  ACTION: Read C1020: Address 0x08 Data=0x35
2013/07/02 19:13:32:020  ACTION: Read C1020: Address 0x09 Data=0xFA
2013/07/02 19:13:32:020  ACTION: Read C1020: Address 0x0A Data=0xCB
2013/07/02 19:13:32:020  ACTION: Read C1020: Address 0x0B Data=0x38
2013/07/02 19:13:32:020  ACTION: Read C1020: Address 0x1D Data=0x00
2013/07/02 19:13:32:020  ACTION: Read C1020: Address 0x45 Data=0x6C
2013/07/02 19:13:32:020  ACTION: Read C1020: Address 0x46 Data=0x66
2013/07/02 19:13:32:020  ACTION: Read C1020: Address 0x47 Data=0x44
2013/07/02 19:13:32:020  ACTION: Write PRB FPGA: Address=0x1008 Data=0x10
2013/07/02 19:13:33:020  ACTION: Write C1020: Address=0x00 Data=0x1F
2013/07/02 19:13:33:113  ACTION: Write C1020: Address=0x0D Data=0x54
2013/07/02 19:13:33:191  ACTION: Write C1020: Address=0x00 Data=0xC1
2013/07/02 19:13:33:270  ACTION: Read C1020: Address 0x0D Data=0x54
2013/07/02 19:13:33:348  ACTION: Read C1020: Address 0x0E Data=0x59
2013/07/02 19:13:48:051  ACTION: Write C1020: Address=0x0E Data=0xD9
2013/07/02 19:13:48:129  ACTION: Read C1020: Address 0x0D Data=0x54
2013/07/02 19:13:48:223  ACTION: Read C1020: Address 0x0E Data=0xD9
2013/07/02 19:14:02:848  ACTION: Write C1020: Address=0x0E Data=0x59
2013/07/02 19:14:02:926  ACTION: Write PRB FPGA: Address=0x3024 Data=0x35
2013/07/02 19:14:02:926  ACTION: Write PRB FPGA: Address=0x3026 Data=0xF0
2013/07/02 19:14:02:926  ACTION: Write PRB FPGA: Address=0x3028 Data=0x21
2013/07/02 19:14:02:926  ACTION: Write PRB FPGA: Address=0x302C Data=0x35
2013/07/02 19:14:02:926  ACTION: Write PRB FPGA: Address=0x302E Data=0xFA
2013/07/02 19:14:02:942  ACTION: Write PRB FPGA: Address=0x3030 Data=0xCB
2013/07/02 19:14:02:942  ACTION: Write PRB FPGA: Address=0x305E Data=0x35
2013/07/02 19:14:02:942  ACTION: Write PRB FPGA: Address=0x3060 Data=0xC9
2013/07/02 19:14:02:942  ACTION: Write PRB FPGA: Address=0x3062 Data=0xB9
2013/07/02 19:14:02:942  ACTION: Write PRB FPGA: Address=0x3066 Data=0x35
2013/07/02 19:14:02:942  ACTION: Write PRB FPGA: Address=0x3068 Data=0xD4
2013/07/02 19:14:02:942  ACTION: Write PRB FPGA: Address=0x306A Data=0x65
2013/07/02 19:14:02:942  ACTION: Calibrate CC1020
2013/07/02 19:14:03:020  INFO:   CC1020 calibration passed
2013/07/02 19:14:03:332  ACTION: Read PRB FPGA: Address=0x2012 Data=0x00
2013/07/02 19:14:03:332  ACTION: Read C1020: Address 0x04 Data=0x35
2013/07/02 19:14:03:332  ACTION: Read C1020: Address 0x05 Data=0xF0
2013/07/02 19:14:03:332  ACTION: Read C1020: Address 0x06 Data=0x21
2013/07/02 19:14:03:332  ACTION: Read C1020: Address 0x07 Data=0x38
2013/07/02 19:14:03:332  ACTION: Read C1020: Address 0x08 Data=0x35
2013/07/02 19:14:03:332  ACTION: Read C1020: Address 0x09 Data=0xFA
2013/07/02 19:14:03:332  ACTION: Read C1020: Address 0x0A Data=0xCB
2013/07/02 19:14:03:332  ACTION: Read C1020: Address 0x0B Data=0x38
2013/07/02 19:14:03:332  ACTION: Read C1020: Address 0x1D Data=0x00
2013/07/02 19:14:03:332  ACTION: Read C1020: Address 0x45 Data=0x6C
2013/07/02 19:14:03:332  ACTION: Read C1020: Address 0x46 Data=0x66
2013/07/02 19:14:03:348  ACTION: Read C1020: Address 0x47 Data=0x44
2013/07/02 19:14:03:348  ACTION: Write PRB FPGA: Address=0x1008 Data=0x10
2013/07/02 19:14:04:348  ACTION: Write C1020: Address=0x00 Data=0x1F
2013/07/02 19:14:04:426  ACTION: Write C1020: Address=0x0D Data=0x54
2013/07/02 19:14:04:504  ACTION: Write C1020: Address=0x00 Data=0xC1
2013/07/02 19:14:04:582  ACTION: Read C1020: Address 0x0D Data=0x54
2013/07/02 19:14:04:676  ACTION: Read C1020: Address 0x0E Data=0x59
2013/07/02 19:14:19:364  ACTION: Write C1020: Address=0x0E Data=0xD9
2013/07/02 19:14:19:442  ACTION: Read C1020: Address 0x0D Data=0x54
2013/07/02 19:14:19:520  ACTION: Read C1020: Address 0x0E Data=0xD9
2013/07/02 19:14:34:114  ACTION: Write C1020: Address=0x0E Data=0x59
2013/07/02 19:14:34:192  ACTION: Write PRB FPGA: Address=0x3024 Data=0x35
2013/07/02 19:14:34:207  ACTION: Write PRB FPGA: Address=0x3026 Data=0xF0
2013/07/02 19:14:34:207  ACTION: Write PRB FPGA: Address=0x3028 Data=0x21
2013/07/02 19:14:34:207  ACTION: Write PRB FPGA: Address=0x302C Data=0x35
2013/07/02 19:14:34:207  ACTION: Write PRB FPGA: Address=0x302E Data=0xFA
2013/07/02 19:14:34:207  ACTION: Write PRB FPGA: Address=0x3030 Data=0xCB
2013/07/02 19:14:34:207  ACTION: Write PRB FPGA: Address=0x305E Data=0x36
2013/07/02 19:14:34:207  ACTION: Write PRB FPGA: Address=0x3060 Data=0x13
2013/07/02 19:14:34:207  ACTION: Write PRB FPGA: Address=0x3062 Data=0x29
2013/07/02 19:14:34:207  ACTION: Write PRB FPGA: Address=0x3066 Data=0x36
2013/07/02 19:14:34:207  ACTION: Write PRB FPGA: Address=0x3068 Data=0x1D
2013/07/02 19:14:34:207  ACTION: Write PRB FPGA: Address=0x306A Data=0xD3
2013/07/02 19:14:34:207  ACTION: Calibrate CC1020
2013/07/02 19:14:34:301  INFO:   CC1020 calibration passed
2013/07/02 19:14:34:598  ACTION: Read PRB FPGA: Address=0x2012 Data=0x00
2013/07/02 19:14:34:598  ACTION: Read C1020: Address 0x04 Data=0x35
2013/07/02 19:14:34:598  ACTION: Read C1020: Address 0x05 Data=0xF0
2013/07/02 19:14:34:598  ACTION: Read C1020: Address 0x06 Data=0x21
2013/07/02 19:14:34:598  ACTION: Read C1020: Address 0x07 Data=0x38
2013/07/02 19:14:34:614  ACTION: Read C1020: Address 0x08 Data=0x35
2013/07/02 19:14:34:614  ACTION: Read C1020: Address 0x09 Data=0xFA
2013/07/02 19:14:34:614  ACTION: Read C1020: Address 0x0A Data=0xCB
2013/07/02 19:14:34:614  ACTION: Read C1020: Address 0x0B Data=0x38
2013/07/02 19:14:34:614  ACTION: Read C1020: Address 0x1D Data=0x00
2013/07/02 19:14:34:614  ACTION: Read C1020: Address 0x45 Data=0x6C
2013/07/02 19:14:34:614  ACTION: Read C1020: Address 0x46 Data=0x66
2013/07/02 19:14:34:614  ACTION: Read C1020: Address 0x47 Data=0x44
2013/07/02 19:14:34:614  ACTION: Write PRB FPGA: Address=0x1008 Data=0x10
2013/07/02 19:14:35:614  ACTION: Write C1020: Address=0x00 Data=0x1F
2013/07/02 19:14:35:692  ACTION: Write C1020: Address=0x0D Data=0x54
2013/07/02 19:14:35:786  ACTION: Write C1020: Address=0x00 Data=0xC1
2013/07/02 19:14:35:864  ACTION: Read C1020: Address 0x0D Data=0x54
2013/07/02 19:14:35:942  ACTION: Read C1020: Address 0x0E Data=0x59
2013/07/02 19:14:50:567  ACTION: Write C1020: Address=0x0E Data=0xD9
2013/07/02 19:14:50:645  ACTION: Read C1020: Address 0x0D Data=0x54
2013/07/02 19:14:50:723  ACTION: Read C1020: Address 0x0E Data=0xD9
2013/07/02 19:15:05:364  ACTION: Write C1020: Address=0x0E Data=0x59
2013/07/02 19:15:05:458  ACTION: Write PRB FPGA: Address=0x3024 Data=0x35
2013/07/02 19:15:05:458  ACTION: Write PRB FPGA: Address=0x3026 Data=0xF0
2013/07/02 19:15:05:458  ACTION: Write PRB FPGA: Address=0x3028 Data=0x21
2013/07/02 19:15:05:458  ACTION: Write PRB FPGA: Address=0x302C Data=0x35
2013/07/02 19:15:05:458  ACTION: Write PRB FPGA: Address=0x302E Data=0xFA
2013/07/02 19:15:05:458  ACTION: Write PRB FPGA: Address=0x3030 Data=0xCB
2013/07/02 19:15:05:458  ACTION: Write PRB FPGA: Address=0x305E Data=0x35
2013/07/02 19:15:05:458  ACTION: Write PRB FPGA: Address=0x3060 Data=0xD4
2013/07/02 19:15:05:458  ACTION: Write PRB FPGA: Address=0x3062 Data=0x25
2013/07/02 19:15:05:458  ACTION: Write PRB FPGA: Address=0x3066 Data=0x35
2013/07/02 19:15:05:458  ACTION: Write PRB FPGA: Address=0x3068 Data=0xDE
2013/07/02 19:15:05:458  ACTION: Write PRB FPGA: Address=0x306A Data=0xCF
2013/07/02 19:15:05:458  ACTION: Calibrate CC1020
2013/07/02 19:15:05:551  INFO:   CC1020 calibration passed
2013/07/02 19:15:05:848  ACTION: Read PRB FPGA: Address=0x2012 Data=0x00
2013/07/02 19:15:05:848  ACTION: Read C1020: Address 0x04 Data=0x35
2013/07/02 19:15:05:848  ACTION: Read C1020: Address 0x05 Data=0xF0
2013/07/02 19:15:05:848  ACTION: Read C1020: Address 0x06 Data=0x21
2013/07/02 19:15:05:864  ACTION: Read C1020: Address 0x07 Data=0x38
2013/07/02 19:15:05:864  ACTION: Read C1020: Address 0x08 Data=0x35
2013/07/02 19:15:05:864  ACTION: Read C1020: Address 0x09 Data=0xFA
2013/07/02 19:15:05:864  ACTION: Read C1020: Address 0x0A Data=0xCB
2013/07/02 19:15:05:864  ACTION: Read C1020: Address 0x0B Data=0x38
2013/07/02 19:15:05:864  ACTION: Read C1020: Address 0x1D Data=0x00
2013/07/02 19:15:05:864  ACTION: Read C1020: Address 0x45 Data=0x6C
2013/07/02 19:15:05:864  ACTION: Read C1020: Address 0x46 Data=0x66
2013/07/02 19:15:05:864  ACTION: Read C1020: Address 0x47 Data=0x44
2013/07/02 19:15:05:864  ACTION: Write PRB FPGA: Address=0x1008 Data=0x10
2013/07/02 19:15:06:864  ACTION: Write C1020: Address=0x00 Data=0x1F
2013/07/02 19:15:06:942  ACTION: Write C1020: Address=0x0D Data=0x54
2013/07/02 19:15:07:020  ACTION: Write C1020: Address=0x00 Data=0xC1
2013/07/02 19:15:07:114  ACTION: Read C1020: Address 0x0D Data=0x54
2013/07/02 19:15:07:192  ACTION: Read C1020: Address 0x0E Data=0x59
2013/07/02 19:15:21:786  ACTION: Write C1020: Address=0x0E Data=0xD9
2013/07/02 19:15:21:864  ACTION: Read C1020: Address 0x0D Data=0x54
2013/07/02 19:15:21:958  ACTION: Read C1020: Address 0x0E Data=0xD9
2013/07/02 19:15:36:567  ACTION: Write C1020: Address=0x0E Data=0x59
2013/07/02 19:15:36:645  ACTION: Write PRB FPGA: Address=0x3024 Data=0x35
2013/07/02 19:15:36:645  ACTION: Write PRB FPGA: Address=0x3026 Data=0xF0
2013/07/02 19:15:36:645  ACTION: Write PRB FPGA: Address=0x3028 Data=0x21
2013/07/02 19:15:36:645  ACTION: Write PRB FPGA: Address=0x302C Data=0x35
2013/07/02 19:15:36:661  ACTION: Write PRB FPGA: Address=0x302E Data=0xFA
2013/07/02 19:15:36:661  ACTION: Write PRB FPGA: Address=0x3030 Data=0xCB
2013/07/02 19:15:36:661  ACTION: Write PRB FPGA: Address=0x305E Data=0x35
2013/07/02 19:15:36:661  ACTION: Write PRB FPGA: Address=0x3060 Data=0xF0
2013/07/02 19:15:36:661  ACTION: Write PRB FPGA: Address=0x3062 Data=0x21
2013/07/02 19:15:36:661  ACTION: Write PRB FPGA: Address=0x3066 Data=0x35
2013/07/02 19:15:36:661  ACTION: Write PRB FPGA: Address=0x3068 Data=0xFA
2013/07/02 19:15:36:661  ACTION: Write PRB FPGA: Address=0x306A Data=0xCB
2013/07/02 19:15:36:661  ACTION: Calibrate CC1020
2013/07/02 19:15:36:755  INFO:   CC1020 calibration passed
2013/07/02 19:15:37:052  ACTION: Read PRB FPGA: Address=0x2012 Data=0x00
2013/07/02 19:15:37:052  ACTION: Read C1020: Address 0x04 Data=0x35
2013/07/02 19:15:37:052  ACTION: Read C1020: Address 0x05 Data=0xF0
2013/07/02 19:15:37:052  ACTION: Read C1020: Address 0x06 Data=0x21
2013/07/02 19:15:37:052  ACTION: Read C1020: Address 0x07 Data=0x38
2013/07/02 19:15:37:052  ACTION: Read C1020: Address 0x08 Data=0x35
2013/07/02 19:15:37:052  ACTION: Read C1020: Address 0x09 Data=0xFA
2013/07/02 19:15:37:052  ACTION: Read C1020: Address 0x0A Data=0xCB
2013/07/02 19:15:37:052  ACTION: Read C1020: Address 0x0B Data=0x38
2013/07/02 19:15:37:052  ACTION: Read C1020: Address 0x1D Data=0x00
2013/07/02 19:15:37:052  ACTION: Read C1020: Address 0x45 Data=0x6C
2013/07/02 19:15:37:067  ACTION: Read C1020: Address 0x46 Data=0x66
2013/07/02 19:15:37:067  ACTION: Read C1020: Address 0x47 Data=0x44
2013/07/02 19:15:37:067  ACTION: Write PRB FPGA: Address=0x1008 Data=0x10
2013/07/02 19:15:38:067  ACTION: Write C1020: Address=0x00 Data=0x1F
2013/07/02 19:15:38:145  ACTION: Write C1020: Address=0x0D Data=0x54
2013/07/02 19:15:38:223  ACTION: Write C1020: Address=0x00 Data=0xC1
2013/07/02 19:15:38:302  ACTION: Read C1020: Address 0x0D Data=0x54
2013/07/02 19:15:38:380  ACTION: Read C1020: Address 0x0E Data=0x59
2013/07/02 19:15:53:083  ACTION: Write C1020: Address=0x0E Data=0xD9
2013/07/02 19:15:53:161  ACTION: Read C1020: Address 0x0D Data=0x54
2013/07/02 19:15:53:239  ACTION: Read C1020: Address 0x0E Data=0xD9
2013/07/02 19:16:07:849  ACTION: Write C1020: Address=0x0E Data=0x59
2013/07/02 19:16:07:942  ACTION: Write C1020: Address=0x00 Data=0x1F
2013/07/02 19:16:07:942  EVENT:  SCRIPT-EXEC:EXIT - TES.Dvt.ScriptExecStateMachine, ID[8]
2013/07/02 19:16:07:942  INFO:   Terminating ScriptEngineProcedure
2013/07/02 19:16:07:942  EVENT:  Terminate Dispatch, ID[15]
2013/07/02 19:16:07:942  EVENT:  TES.Dvt.ScriptExecStateMachine.DoneEvent, ID[6]
2013/07/02 19:16:07:942  STATE:  Changing state to ScriptExecStateMachine.IdleState, ID[6]
2013/07/02 19:16:07:958  INFO:   ScriptEngineProcedure Completed
2013/07/02 19:16:07:958  INFO:   Testcase Summary:
2013/07/02 19:16:07:958  RESULT: Test Procedure ScriptEngineProcedure (PASSED)
2013/07/02 19:16:07:958  INFO:   Procedure Runtime = 00:06:18
2013/07/02 19:16:07:958  INFO:   The event dispatch thread ScriptEngineProcedure exited.
