2013/07/10 08:58:37:656  INFO:   Loaded Symbol File C:\ISV System\Config\FirmwareSymbols\build33136.sym for firmware Build #33136
2013/07/10 08:58:37:719  INFO:   CommunicationSystemLog properties: .\CommunicationSystem.logger.properties
2013/07/10 08:58:37:719  INFO:   CommunicationSystemLog log       : .\logs\prbCalTxScriptLog 2013.07.10 08.58.37_CommunicationSystem.Log
2013/07/10 08:58:45:500  INFO:   Setting the event sink for ScriptEngineProcedure
2013/07/10 08:58:45:500  INFO:   Program parameters checks are enabled
2013/07/10 08:58:45:516  INFO:   ********************************************************************************
2013/07/10 08:58:45:516  INFO:   Starting ScriptEngineProcedure, Assembly  version 
2013/07/10 08:58:45:531  INFO:   Config: ICD (NCommunicationSystem ver: nCommunicationSystem, Version=1.8.2.1, Culture=neutral, PublicKeyToken=56b5378c99c0bcfd; FTDI Driver ver: 2.08.28.0; PRB FPGA ver: 18)
2013/07/10 08:58:45:531  INFO:   Setting the radio board transmit power to level 0x7.
2013/07/10 08:58:45:531  INFO:   Radio board power level set to 7.
2013/07/10 08:58:45:531  INFO:   ECG Timeout Interval set to 10 seconds.
2013/07/10 08:58:45:547  STATE:  Changing state to ScriptExecStateMachine.WaitForNextCmdState, ID[1]
2013/07/10 08:58:45:547  INFO:   FwDvtSystem Started the event processing thread
2013/07/10 08:58:45:609  ACTION: Read PRB FPGA: Address=0x3000 Data=0x12
2013/07/10 08:58:45:625  RESULT: FPGA 0x3000 Expected: 18 Actual: 18
2013/07/10 08:58:45:766  ACTION: Calibrate CC1020
2013/07/10 08:58:45:859  INFO:   CC1020 calibration passed
2013/07/10 08:58:45:875  ACTION: Read C1020: Address 0x04 Data=0x35
2013/07/10 08:58:45:875  ACTION: Read C1020: Address 0x05 Data=0xF0
2013/07/10 08:58:45:875  ACTION: Read C1020: Address 0x06 Data=0x21
2013/07/10 08:58:45:875  ACTION: Read C1020: Address 0x07 Data=0x38
2013/07/10 08:58:45:891  ACTION: Read C1020: Address 0x08 Data=0x35
2013/07/10 08:58:45:891  ACTION: Read C1020: Address 0x09 Data=0xFA
2013/07/10 08:58:45:891  ACTION: Read C1020: Address 0x0A Data=0xCB
2013/07/10 08:58:45:891  ACTION: Read C1020: Address 0x0B Data=0x38
2013/07/10 08:58:45:891  ACTION: Read C1020: Address 0x1D Data=0x00
2013/07/10 08:58:45:891  ACTION: Read C1020: Address 0x45 Data=0x4C
2013/07/10 08:58:45:906  ACTION: Read C1020: Address 0x46 Data=0x66
2013/07/10 08:58:45:906  ACTION: Read C1020: Address 0x47 Data=0x44
2013/07/10 08:58:46:344  EVENT:  SCRIPT-EXEC:EXIT - TES.Dvt.ScriptExecStateMachine, ID[8]
2013/07/10 08:58:46:344  INFO:   Terminating ScriptEngineProcedure
2013/07/10 08:58:46:344  EVENT:  Terminate Dispatch, ID[15]
2013/07/10 08:58:46:344  EVENT:  TES.Dvt.ScriptExecStateMachine.DoneEvent, ID[6]
2013/07/10 08:58:46:344  STATE:  Changing state to ScriptExecStateMachine.IdleState, ID[6]
2013/07/10 08:58:46:344  INFO:   ScriptEngineProcedure Completed
2013/07/10 08:58:46:344  INFO:   Testcase Summary:
2013/07/10 08:58:46:344  RESULT: Test Procedure ScriptEngineProcedure (FAILED)
2013/07/10 08:58:46:344  INFO:   Procedure Runtime = 00:00:00
2013/07/10 08:58:46:359  INFO:   The event dispatch thread ScriptEngineProcedure exited.
