<<<<< Log Header: 07/09/2013 20:43:17 >>>>>
2013/07/09 20:43:17:674 [004020] INFO [NCommunicationSystem.cpp, 108] - nCommunicationSystem, Version=1.8.2.1, Culture=neutral, PublicKeyToken=56b5378c99c0bcfd
2013/07/09 20:43:17:706 [004020] INFO [ExceptionCatchingThread.cpp, 257] - Created the timer thread with id 2996 (0xbb4).
2013/07/09 20:43:17:706 [002996] INFO [ExceptionCatchingThread.cpp, 168] - Executing the timer thread procedure...
2013/07/09 20:43:17:706 [004020] INFO [ExceptionCatchingThread.cpp, 257] - Created the dispatch thread with id 1688 (0x698).
2013/07/09 20:43:17:706 [001688] INFO [ExceptionCatchingThread.cpp, 168] - Executing the dispatch thread procedure...
2013/07/09 20:43:20:721 [004020] DEBUG [Prb.cpp, 252] - PRB logging started.
2013/07/09 20:43:20:736 [004020] DEBUG [Prb.cpp, 130] - Number of FTDI devices: 1
2013/07/09 20:43:20:736 [004020] DEBUG [Prb.cpp, 158] - FTDI Device[0]: ID=67330069
2013/07/09 20:43:20:752 [004020] DEBUG [Prb.cpp, 169] - FTDI handle=189677736
2013/07/09 20:43:20:752 [004020] INFO [Prb.cpp, 179] - FTDI Driver Version 2.08.28.0
2013/07/09 20:43:24:845 [004020] INFO [Prb.cpp, 205] - FTDI Configuration: MaxCurrent=200, CBus5=5, CBus6=0x4
2013/07/09 20:43:25:095 [004020] INFO [Prb.cpp, 246] - PRB driver initialized.
2013/07/09 20:43:25:095 [004020] TRACE [Prb.cpp, 448] - Writing FPGA, Address=0x1008, Data=0x08
2013/07/09 20:43:25:095 [004020] TRACE [Prb.cpp, 1035] - WriteFPGAPacket(0x1008, 0x08):01 00 0D 00 81 00 03 10 08 08 25 D5 0D 
2013/07/09 20:43:25:095 [001152] TRACE [Prb.cpp, 835] - RxStream contents:01 00 0B AA 06 00 00 00 80 39 0D 
2013/07/09 20:43:25:095 [001152] TRACE [Prb.cpp, 943] - RadioBoardPacket(ACK):01 00 0B AA 06 00 00 00 80 39 0D 
2013/07/09 20:43:25:095 [004020] DEBUG [Prb.cpp, 466] - Write FPGA completed, Address=0x1008, Data=0x08
2013/07/09 20:43:25:111 [004020] TRACE [Prb.cpp, 493] - Reading FPGA, Address=0x300A
2013/07/09 20:43:25:111 [004020] TRACE [Prb.cpp, 1035] - ReadFPGAPacket(0x300A):01 00 0C 01 82 00 02 30 0A E8 24 0D 
2013/07/09 20:43:25:111 [001152] TRACE [Prb.cpp, 835] - RxStream contents:01 00 0C AB 06 01 00 01 00 D7 73 0D 
2013/07/09 20:43:25:111 [001152] TRACE [Prb.cpp, 943] - RadioBoardPacket(ACK):01 00 0C AB 06 01 00 01 00 D7 73 0D 
2013/07/09 20:43:25:111 [004020] DEBUG [Prb.cpp, 512] - Read FPGA completed, Address=0x300A, Data=0x00
2013/07/09 20:43:25:111 [004020] TRACE [Prb.cpp, 448] - Writing FPGA, Address=0x300A, Data=0x03
2013/07/09 20:43:25:127 [004020] TRACE [Prb.cpp, 1035] - WriteFPGAPacket(0x300A, 0x03):01 00 0D 02 81 00 03 30 0A 03 29 4F 0D 
2013/07/09 20:43:25:127 [001152] TRACE [Prb.cpp, 835] - RxStream contents:01 00 0B AC 06 02 00 00 01 02 0D 
2013/07/09 20:43:25:127 [001152] TRACE [Prb.cpp, 943] - RadioBoardPacket(ACK):01 00 0B AC 06 02 00 00 01 02 0D 
2013/07/09 20:43:25:127 [004020] DEBUG [Prb.cpp, 466] - Write FPGA completed, Address=0x300A, Data=0x03
2013/07/09 20:43:25:173 [004020] INFO [CrossTalkDetector.cpp, 14] - EnterCrossTalkThreshold = 8
2013/07/09 20:43:25:173 [004020] INFO [CrossTalkDetector.cpp, 21] - LeaveCrossTalkThreshold = 4
2013/07/09 20:43:25:173 [004020] INFO [CrossTalkDetector.cpp, 28] - LinkThreshold = 8
2013/07/09 20:43:25:173 [004020] INFO [ExceptionCatchingThread.cpp, 257] - Created the interrupt thread with id 3620 (0xe24).
2013/07/09 20:43:25:173 [004020] DEBUG [Prb.cpp, 252] - PRB logging started.
2013/07/09 20:43:25:173 [003620] INFO [ExceptionCatchingThread.cpp, 168] - Executing the interrupt thread procedure...
2013/07/09 20:43:25:189 [004020] INFO [CommunicationSystem.cpp, 640] - Calibrating the PRB CC1020.
2013/07/09 20:43:25:189 [004020] TRACE [Prb.cpp, 448] - Writing FPGA, Address=0x1008, Data=0x01
2013/07/09 20:43:25:189 [004020] TRACE [Prb.cpp, 1035] - WriteFPGAPacket(0x1008, 0x01):01 00 0D 03 81 00 03 10 08 01 26 D3 0D 
2013/07/09 20:43:25:189 [001152] TRACE [Prb.cpp, 835] - RxStream contents:01 00 0B AD 06 03 00 00 01 6E 0D 
2013/07/09 20:43:25:189 [001152] TRACE [Prb.cpp, 943] - RadioBoardPacket(ACK):01 00 0B AD 06 03 00 00 01 6E 0D 
2013/07/09 20:43:25:189 [004020] DEBUG [Prb.cpp, 466] - Write FPGA completed, Address=0x1008, Data=0x01
2013/07/09 20:43:25:267 [001152] TRACE [Prb.cpp, 835] - RxStream contents:01 00 0D AE 00 00 00 02 09 00 42 E6 0D 
2013/07/09 20:43:25:267 [003620] DEBUG [CommunicationSystem.cpp, 1120] - Calibration complete.
2013/07/09 20:43:25:267 [004020] TRACE [Prb.cpp, 493] - Reading FPGA, Address=0x2012
2013/07/09 20:43:25:267 [004020] TRACE [Prb.cpp, 1035] - ReadFPGAPacket(0x2012):01 00 0C 04 82 00 02 20 12 10 72 0D 
2013/07/09 20:43:25:267 [001152] TRACE [Prb.cpp, 835] - RxStream contents:01 00 0C AF 06 04 00 01 00 73 75 0D 
2013/07/09 20:43:25:267 [001152] TRACE [Prb.cpp, 943] - RadioBoardPacket(ACK):01 00 0C AF 06 04 00 01 00 73 75 0D 
2013/07/09 20:43:25:267 [004020] DEBUG [Prb.cpp, 512] - Read FPGA completed, Address=0x2012, Data=0x00
2013/07/09 20:43:25:267 [004020] INFO [CommunicationSystem.cpp, 653] - CC1020 Calibration succeeded.
2013/07/09 20:43:25:267 [004020] TRACE [Prb.cpp, 448] - Writing FPGA, Address=0x1006, Data=0x08
2013/07/09 20:43:25:267 [004020] TRACE [Prb.cpp, 1035] - WriteFPGAPacket(0x1006, 0x08):01 00 0D 05 81 00 03 10 06 08 84 86 0D 
2013/07/09 20:43:25:267 [001152] TRACE [Prb.cpp, 835] - RxStream contents:01 00 0B B0 06 05 00 00 04 CE 0D 
2013/07/09 20:43:25:267 [001152] TRACE [Prb.cpp, 943] - RadioBoardPacket(ACK):01 00 0B B0 06 05 00 00 04 CE 0D 
2013/07/09 20:43:25:267 [004020] DEBUG [Prb.cpp, 466] - Write FPGA completed, Address=0x1006, Data=0x08
2013/07/09 20:43:25:267 [004020] TRACE [Prb.cpp, 493] - Reading FPGA, Address=0x3000
2013/07/09 20:43:25:267 [004020] TRACE [Prb.cpp, 1035] - ReadFPGAPacket(0x3000):01 00 0C 06 82 00 02 30 00 80 1E 0D 
2013/07/09 20:43:25:267 [001152] TRACE [Prb.cpp, 835] - RxStream contents:01 00 0C B1 06 06 00 01 12 8B 04 0D 
2013/07/09 20:43:25:267 [001152] TRACE [Prb.cpp, 943] - RadioBoardPacket(ACK):01 00 0C B1 06 06 00 01 12 8B 04 0D 
2013/07/09 20:43:25:267 [004020] DEBUG [Prb.cpp, 512] - Read FPGA completed, Address=0x3000, Data=0x12
2013/07/09 20:43:25:267 [004020] INFO [CommunicationSystem.cpp, 613] - FPGA Revision 18.
2013/07/09 20:43:25:267 [004020] TRACE [Prb.cpp, 584] - Reading CC1020, Address=0x0004
2013/07/09 20:43:25:267 [004020] TRACE [Prb.cpp, 1035] - ReadCC1020Packet(0x04):01 00 0C 07 84 00 02 00 04 59 16 0D 
2013/07/09 20:43:25:267 [001152] TRACE [Prb.cpp, 835] - RxStream contents:01 00 0C B2 06 07 00 01 35 97 D5 0D 
2013/07/09 20:43:25:267 [001152] TRACE [Prb.cpp, 943] - RadioBoardPacket(ACK):01 00 0C B2 06 07 00 01 35 97 D5 0D 
2013/07/09 20:43:25:283 [004020] DEBUG [Prb.cpp, 603] - Read CC1020 completed, Address=0x0004, Data=0x35
2013/07/09 20:43:25:283 [004020] INFO [CommunicationSystem.cpp, 614] - CC1020 Frequency 2A 0x35.
2013/07/09 20:43:25:283 [004020] TRACE [Prb.cpp, 584] - Reading CC1020, Address=0x0005
2013/07/09 20:43:25:283 [004020] TRACE [Prb.cpp, 1035] - ReadCC1020Packet(0x05):01 00 0C 08 84 00 02 00 05 F1 1C 0D 
2013/07/09 20:43:25:283 [001152] TRACE [Prb.cpp, 835] - RxStream contents:01 00 0C B3 06 08 00 01 F0 A1 48 0D 
2013/07/09 20:43:25:283 [001152] TRACE [Prb.cpp, 943] - RadioBoardPacket(ACK):01 00 0C B3 06 08 00 01 F0 A1 48 0D 
2013/07/09 20:43:25:283 [004020] DEBUG [Prb.cpp, 603] - Read CC1020 completed, Address=0x0005, Data=0xF0
2013/07/09 20:43:25:283 [004020] INFO [CommunicationSystem.cpp, 615] - CC1020 Frequency 1A 0xf0.
2013/07/09 20:43:25:283 [004020] TRACE [Prb.cpp, 584] - Reading CC1020, Address=0x0006
2013/07/09 20:43:25:283 [004020] TRACE [Prb.cpp, 1035] - ReadCC1020Packet(0x06):01 00 0C 09 84 00 02 00 06 09 15 0D 
2013/07/09 20:43:25:283 [001152] TRACE [Prb.cpp, 835] - RxStream contents:01 00 0C B4 06 09 00 01 21 5F AB 0D 
2013/07/09 20:43:25:283 [001152] TRACE [Prb.cpp, 943] - RadioBoardPacket(ACK):01 00 0C B4 06 09 00 01 21 5F AB 0D 
2013/07/09 20:43:25:283 [004020] DEBUG [Prb.cpp, 603] - Read CC1020 completed, Address=0x0006, Data=0x21
2013/07/09 20:43:25:283 [004020] INFO [CommunicationSystem.cpp, 616] - CC1020 Frequency 0A 0x21.
2013/07/09 20:43:25:283 [004020] TRACE [Prb.cpp, 584] - Reading CC1020, Address=0x0008
2013/07/09 20:43:25:283 [004020] TRACE [Prb.cpp, 1035] - ReadCC1020Packet(0x08):01 00 0C 0A 84 00 02 00 08 01 32 0D 
2013/07/09 20:43:25:283 [001152] TRACE [Prb.cpp, 835] - RxStream contents:01 00 0C B5 06 0A 00 01 35 9B D0 0D 
2013/07/09 20:43:25:283 [001152] TRACE [Prb.cpp, 943] - RadioBoardPacket(ACK):01 00 0C B5 06 0A 00 01 35 9B D0 0D 
2013/07/09 20:43:25:283 [004020] DEBUG [Prb.cpp, 603] - Read CC1020 completed, Address=0x0008, Data=0x35
2013/07/09 20:43:25:283 [004020] INFO [CommunicationSystem.cpp, 617] - CC1020 Frequency 2B 0x35.
2013/07/09 20:43:25:283 [004020] TRACE [Prb.cpp, 584] - Reading CC1020, Address=0x0009
2013/07/09 20:43:25:283 [004020] TRACE [Prb.cpp, 1035] - ReadCC1020Packet(0x09):01 00 0C 0B 84 00 02 00 09 79 34 0D 
2013/07/09 20:43:25:283 [001152] TRACE [Prb.cpp, 835] - RxStream contents:01 00 0C B6 06 0B 00 01 FA 85 71 0D 
2013/07/09 20:43:25:283 [001152] TRACE [Prb.cpp, 943] - RadioBoardPacket(ACK):01 00 0C B6 06 0B 00 01 FA 85 71 0D 
2013/07/09 20:43:25:283 [004020] DEBUG [Prb.cpp, 603] - Read CC1020 completed, Address=0x0009, Data=0xFA
2013/07/09 20:43:25:283 [004020] INFO [CommunicationSystem.cpp, 618] - CC1020 Frequency 1B 0xfa.
2013/07/09 20:43:25:283 [004020] TRACE [Prb.cpp, 584] - Reading CC1020, Address=0x000A
2013/07/09 20:43:25:283 [004020] TRACE [Prb.cpp, 1035] - ReadCC1020Packet(0x0A):01 00 0C 0C 84 00 02 00 0A 11 38 0D 
2013/07/09 20:43:25:283 [001152] TRACE [Prb.cpp, 835] - RxStream contents:01 00 0C B7 06 0C 00 01 CB 11 D4 0D 
2013/07/09 20:43:25:283 [001152] TRACE [Prb.cpp, 943] - RadioBoardPacket(ACK):01 00 0C B7 06 0C 00 01 CB 11 D4 0D 
2013/07/09 20:43:25:283 [004020] DEBUG [Prb.cpp, 603] - Read CC1020 completed, Address=0x000A, Data=0xCB
2013/07/09 20:43:25:283 [004020] INFO [CommunicationSystem.cpp, 619] - CC1020 Frequency 0B 0xcb.
2013/07/09 20:43:25:283 [004020] DEBUG [Prb.cpp, 650] - Read EEPROM completed, Address=0x060A, Data=0xFFFF
2013/07/09 20:43:25:283 [004020] INFO [CommunicationSystem.cpp, 620] - RSSI Calibration Reference Center Channel 255.
2013/07/09 20:43:25:283 [004020] TRACE [Prb.cpp, 493] - Reading FPGA, Address=0x3054
2013/07/09 20:43:25:283 [004020] TRACE [Prb.cpp, 1035] - ReadFPGAPacket(0x3054):01 00 0C 0D 82 00 02 30 54 C9 EC 0D 
2013/07/09 20:43:25:283 [001152] TRACE [Prb.cpp, 835] - RxStream contents:01 00 0C B8 06 0D 00 01 07 AF 70 0D 
2013/07/09 20:43:25:283 [001152] TRACE [Prb.cpp, 943] - RadioBoardPacket(ACK):01 00 0C B8 06 0D 00 01 07 AF 70 0D 
2013/07/09 20:43:25:283 [004020] DEBUG [Prb.cpp, 512] - Read FPGA completed, Address=0x3054, Data=0x07
2013/07/09 20:43:25:283 [004020] INFO [CommunicationSystem.cpp, 621] - CC1020 PA_POWER 0x7.
2013/07/09 20:43:25:283 [004020] TRACE [Prb.cpp, 584] - Reading CC1020, Address=0x001C
2013/07/09 20:43:25:283 [004020] TRACE [Prb.cpp, 1035] - ReadCC1020Packet(0x1C):01 00 0C 0E 84 00 02 00 1C E1 4C 0D 
2013/07/09 20:43:25:283 [001152] TRACE [Prb.cpp, 835] - RxStream contents:01 00 0C B9 06 0E 00 01 07 6B 73 0D 
2013/07/09 20:43:25:283 [001152] TRACE [Prb.cpp, 943] - RadioBoardPacket(ACK):01 00 0C B9 06 0E 00 01 07 6B 73 0D 
2013/07/09 20:43:25:283 [004020] DEBUG [Prb.cpp, 603] - Read CC1020 completed, Address=0x001C, Data=0x07
2013/07/09 20:43:25:283 [004020] INFO [CommunicationSystem.cpp, 622] - CC1020 Transmit Power 0x7.
2013/07/09 20:43:25:283 [004020] TRACE [Prb.cpp, 493] - Reading FPGA, Address=0x3014
2013/07/09 20:43:25:283 [004020] TRACE [Prb.cpp, 1035] - ReadFPGAPacket(0x3014):01 00 0C 0F 82 00 02 30 14 38 6C 0D 
2013/07/09 20:43:25:283 [001152] TRACE [Prb.cpp, 835] - RxStream contents:01 00 0C BA 06 0F 00 01 00 F7 61 0D 
2013/07/09 20:43:25:283 [001152] TRACE [Prb.cpp, 943] - RadioBoardPacket(ACK):01 00 0C BA 06 0F 00 01 00 F7 61 0D 
2013/07/09 20:43:25:283 [004020] DEBUG [Prb.cpp, 512] - Read FPGA completed, Address=0x3014, Data=0x00
2013/07/09 20:43:25:283 [004020] INFO [CommunicationSystem.cpp, 623] - Low Noise Amplifier Circumvented 0.
2013/07/09 20:43:25:283 [004020] TRACE [Prb.cpp, 584] - Reading CC1020, Address=0x0001
2013/07/09 20:43:25:283 [004020] TRACE [Prb.cpp, 1035] - ReadCC1020Packet(0x01):01 00 0C 10 84 00 02 00 01 B1 1C 0D 
2013/07/09 20:43:25:298 [001152] TRACE [Prb.cpp, 835] - RxStream contents:01 00 0C BB 06 10 00 01 0F 83 46 0D 
2013/07/09 20:43:25:298 [001152] TRACE [Prb.cpp, 943] - RadioBoardPacket(ACK):01 00 0C BB 06 10 00 01 0F 83 46 0D 
2013/07/09 20:43:25:298 [004020] DEBUG [Prb.cpp, 603] - Read CC1020 completed, Address=0x0001, Data=0x0F
2013/07/09 20:43:25:298 [004020] INFO [CommunicationSystem.cpp, 624] - Low Noise Amplifier 0xf.
2013/07/09 20:43:25:298 [004020] TRACE [Prb.cpp, 493] - Reading FPGA, Address=0x1006
2013/07/09 20:43:25:298 [004020] TRACE [Prb.cpp, 1035] - ReadFPGAPacket(0x1006):01 00 0C 11 82 00 02 10 06 28 1D 0D 
2013/07/09 20:43:25:298 [001152] TRACE [Prb.cpp, 835] - RxStream contents:01 00 0C BC 06 11 00 01 08 FF 52 0D 
2013/07/09 20:43:25:298 [001152] TRACE [Prb.cpp, 943] - RadioBoardPacket(ACK):01 00 0C BC 06 11 00 01 08 FF 52 0D 
2013/07/09 20:43:25:298 [004020] DEBUG [Prb.cpp, 512] - Read FPGA completed, Address=0x1006, Data=0x08
2013/07/09 20:43:25:298 [004020] INFO [CommunicationSystem.cpp, 625] - Allowed Framing Errors 8.
2013/07/09 20:43:25:298 [004020] INFO [CrossTalkDetector.cpp, 28] - LinkThreshold = 8
2013/07/09 20:43:25:298 [004020] INFO [CrossTalkDetector.cpp, 14] - EnterCrossTalkThreshold = 8
2013/07/09 20:43:25:298 [004020] INFO [CrossTalkDetector.cpp, 21] - LeaveCrossTalkThreshold = 4
2013/07/09 20:43:25:330 [002644] TRACE [Prb.cpp, 493] - Reading FPGA, Address=0x3000
2013/07/09 20:43:25:345 [002644] TRACE [Prb.cpp, 1035] - ReadFPGAPacket(0x3000):01 00 0C 12 82 00 02 30 00 E0 0A 0D 
2013/07/09 20:43:25:345 [001152] TRACE [Prb.cpp, 835] - RxStream contents:01 00 0C BD 06 12 00 01 12 BB 0E 0D 
2013/07/09 20:43:25:345 [001152] TRACE [Prb.cpp, 943] - RadioBoardPacket(ACK):01 00 0C BD 06 12 00 01 12 BB 0E 0D 
2013/07/09 20:43:25:345 [002644] DEBUG [Prb.cpp, 512] - Read FPGA completed, Address=0x3000, Data=0x12
2013/07/09 20:43:25:345 [002644] TRACE [Prb.cpp, 539] - Writing CC1020, Address=0x001C, Data=0x07
2013/07/09 20:43:25:345 [002644] TRACE [Prb.cpp, 1035] - WriteCC1020Packet(0x1C, 0x07):01 00 0D 13 83 00 03 00 1C 07 3E 84 0D 
2013/07/09 20:43:25:345 [001152] TRACE [Prb.cpp, 835] - RxStream contents:01 00 0B BE 06 13 00 00 07 26 0D 
2013/07/09 20:43:25:345 [001152] TRACE [Prb.cpp, 943] - RadioBoardPacket(ACK):01 00 0B BE 06 13 00 00 07 26 0D 
2013/07/09 20:43:25:345 [002644] DEBUG [Prb.cpp, 557] - Write CC1020 completed, Address=0x001C, Data=0x07
2013/07/09 20:43:25:423 [004020] TRACE [Prb.cpp, 493] - Reading FPGA, Address=0x3000
2013/07/09 20:43:25:423 [004020] TRACE [Prb.cpp, 1035] - ReadFPGAPacket(0x3000):01 00 0C 14 82 00 02 30 00 70 0F 0D 
2013/07/09 20:43:25:423 [001152] TRACE [Prb.cpp, 835] - RxStream contents:01 00 0C BF 06 14 00 01 12 B3 0D 0D 
2013/07/09 20:43:25:423 [001152] TRACE [Prb.cpp, 943] - RadioBoardPacket(ACK):01 00 0C BF 06 14 00 01 12 B3 0D 0D 
2013/07/09 20:43:25:423 [004020] DEBUG [Prb.cpp, 512] - Read FPGA completed, Address=0x3000, Data=0x12
2013/07/09 20:43:25:455 [004020] INFO [CommunicationSystem.cpp, 640] - Calibrating the PRB CC1020.
2013/07/09 20:43:25:455 [004020] TRACE [Prb.cpp, 448] - Writing FPGA, Address=0x1008, Data=0x01
2013/07/09 20:43:25:470 [004020] TRACE [Prb.cpp, 1035] - WriteFPGAPacket(0x1008, 0x01):01 00 0D 15 81 00 03 10 08 01 B1 B0 0D 
2013/07/09 20:43:25:470 [001152] TRACE [Prb.cpp, 835] - RxStream contents:01 00 0B C0 06 15 00 00 13 0E 0D 
2013/07/09 20:43:25:470 [001152] TRACE [Prb.cpp, 943] - RadioBoardPacket(ACK):01 00 0B C0 06 15 00 00 13 0E 0D 
2013/07/09 20:43:25:470 [004020] DEBUG [Prb.cpp, 466] - Write FPGA completed, Address=0x1008, Data=0x01
2013/07/09 20:43:25:548 [001152] TRACE [Prb.cpp, 835] - RxStream contents:01 00 0D C1 00 00 00 02 09 00 2B 16 0D 
2013/07/09 20:43:25:548 [003620] DEBUG [CommunicationSystem.cpp, 1120] - Calibration complete.
2013/07/09 20:43:25:548 [004020] TRACE [Prb.cpp, 493] - Reading FPGA, Address=0x2012
2013/07/09 20:43:25:548 [004020] TRACE [Prb.cpp, 1035] - ReadFPGAPacket(0x2012):01 00 0C 16 82 00 02 20 12 E0 63 0D 
2013/07/09 20:43:25:548 [001152] TRACE [Prb.cpp, 835] - RxStream contents:01 00 0C C2 06 16 00 01 00 C3 1A 0D 
2013/07/09 20:43:25:548 [001152] TRACE [Prb.cpp, 943] - RadioBoardPacket(ACK):01 00 0C C2 06 16 00 01 00 C3 1A 0D 
2013/07/09 20:43:25:548 [004020] DEBUG [Prb.cpp, 512] - Read FPGA completed, Address=0x2012, Data=0x00
2013/07/09 20:43:25:548 [004020] INFO [CommunicationSystem.cpp, 653] - CC1020 Calibration succeeded.
2013/07/09 20:43:25:580 [004020] TRACE [Prb.cpp, 584] - Reading CC1020, Address=0x0004
2013/07/09 20:43:25:580 [004020] TRACE [Prb.cpp, 1035] - ReadCC1020Packet(0x04):01 00 0C 17 84 00 02 00 04 D9 04 0D 
2013/07/09 20:43:25:580 [001152] TRACE [Prb.cpp, 835] - RxStream contents:01 00 0C C3 06 17 00 01 35 AF A4 0D 
2013/07/09 20:43:25:580 [001152] TRACE [Prb.cpp, 943] - RadioBoardPacket(ACK):01 00 0C C3 06 17 00 01 35 AF A4 0D 
2013/07/09 20:43:25:580 [004020] DEBUG [Prb.cpp, 603] - Read CC1020 completed, Address=0x0004, Data=0x35
2013/07/09 20:43:25:580 [004020] TRACE [Prb.cpp, 584] - Reading CC1020, Address=0x0005
2013/07/09 20:43:25:580 [001152] TRACE [Prb.cpp, 835] - RxStream contents:01 00 0C C4 06 18 00 01 F0 09 3C 0D 
2013/07/09 20:43:25:580 [004020] TRACE [Prb.cpp, 1035] - ReadCC1020Packet(0x05):01 00 0C 18 84 00 02 00 05 71 0E 0D 
2013/07/09 20:43:25:580 [001152] TRACE [Prb.cpp, 943] - RadioBoardPacket(ACK):01 00 0C C4 06 18 00 01 F0 09 3C 0D 
2013/07/09 20:43:25:580 [004020] DEBUG [Prb.cpp, 603] - Read CC1020 completed, Address=0x0005, Data=0xF0
2013/07/09 20:43:25:595 [004020] TRACE [Prb.cpp, 584] - Reading CC1020, Address=0x0006
2013/07/09 20:43:25:595 [004020] TRACE [Prb.cpp, 1035] - ReadCC1020Packet(0x06):01 00 0C 19 84 00 02 00 06 89 07 0D 
2013/07/09 20:43:25:595 [001152] TRACE [Prb.cpp, 835] - RxStream contents:01 00 0C C5 06 19 00 01 21 67 DA 0D 
2013/07/09 20:43:25:595 [001152] TRACE [Prb.cpp, 943] - RadioBoardPacket(ACK):01 00 0C C5 06 19 00 01 21 67 DA 0D 
2013/07/09 20:43:25:595 [004020] DEBUG [Prb.cpp, 603] - Read CC1020 completed, Address=0x0006, Data=0x21
2013/07/09 20:43:25:595 [004020] TRACE [Prb.cpp, 584] - Reading CC1020, Address=0x0007
2013/07/09 20:43:25:595 [004020] TRACE [Prb.cpp, 1035] - ReadCC1020Packet(0x07):01 00 0C 1A 84 00 02 00 07 81 02 0D 
2013/07/09 20:43:25:595 [001152] TRACE [Prb.cpp, 835] - RxStream contents:01 00 0C C6 06 1A 00 01 38 53 8F 0D 
2013/07/09 20:43:25:595 [001152] TRACE [Prb.cpp, 943] - RadioBoardPacket(ACK):01 00 0C C6 06 1A 00 01 38 53 8F 0D 
2013/07/09 20:43:25:595 [004020] DEBUG [Prb.cpp, 603] - Read CC1020 completed, Address=0x0007, Data=0x38
2013/07/09 20:43:25:595 [004020] TRACE [Prb.cpp, 584] - Reading CC1020, Address=0x0008
2013/07/09 20:43:25:595 [004020] TRACE [Prb.cpp, 1035] - ReadCC1020Packet(0x08):01 00 0C 1B 84 00 02 00 08 79 23 0D 
2013/07/09 20:43:25:595 [001152] TRACE [Prb.cpp, 835] - RxStream contents:01 00 0C C7 06 1B 00 01 35 BF A2 0D 
2013/07/09 20:43:25:595 [001152] TRACE [Prb.cpp, 943] - RadioBoardPacket(ACK):01 00 0C C7 06 1B 00 01 35 BF A2 0D 
2013/07/09 20:43:25:595 [004020] DEBUG [Prb.cpp, 603] - Read CC1020 completed, Address=0x0008, Data=0x35
2013/07/09 20:43:25:611 [004020] TRACE [Prb.cpp, 584] - Reading CC1020, Address=0x0009
2013/07/09 20:43:25:611 [004020] TRACE [Prb.cpp, 1035] - ReadCC1020Packet(0x09):01 00 0C 1C 84 00 02 00 09 91 20 0D 
2013/07/09 20:43:25:611 [001152] TRACE [Prb.cpp, 835] - RxStream contents:01 00 0C C8 06 1C 00 01 FA 79 0C 0D 
2013/07/09 20:43:25:611 [001152] TRACE [Prb.cpp, 943] - RadioBoardPacket(ACK):01 00 0C C8 06 1C 00 01 FA 79 0C 0D 
2013/07/09 20:43:25:611 [004020] DEBUG [Prb.cpp, 603] - Read CC1020 completed, Address=0x0009, Data=0xFA
2013/07/09 20:43:25:611 [004020] TRACE [Prb.cpp, 584] - Reading CC1020, Address=0x000A
2013/07/09 20:43:25:611 [004020] TRACE [Prb.cpp, 1035] - ReadCC1020Packet(0x0A):01 00 0C 1D 84 00 02 00 0A 69 29 0D 
2013/07/09 20:43:25:611 [001152] TRACE [Prb.cpp, 835] - RxStream contents:01 00 0C C9 06 1D 00 01 CB 95 A9 0D 
2013/07/09 20:43:25:611 [001152] TRACE [Prb.cpp, 943] - RadioBoardPacket(ACK):01 00 0C C9 06 1D 00 01 CB 95 A9 0D 
2013/07/09 20:43:25:611 [004020] DEBUG [Prb.cpp, 603] - Read CC1020 completed, Address=0x000A, Data=0xCB
2013/07/09 20:43:25:611 [004020] TRACE [Prb.cpp, 584] - Reading CC1020, Address=0x000B
2013/07/09 20:43:25:611 [004020] TRACE [Prb.cpp, 1035] - ReadCC1020Packet(0x0B):01 00 0C 1E 84 00 02 00 0B 61 2C 0D 
2013/07/09 20:43:25:611 [001152] TRACE [Prb.cpp, 835] - RxStream contents:01 00 0C CA 06 1E 00 01 38 23 83 0D 
2013/07/09 20:43:25:611 [001152] TRACE [Prb.cpp, 943] - RadioBoardPacket(ACK):01 00 0C CA 06 1E 00 01 38 23 83 0D 
2013/07/09 20:43:25:611 [004020] DEBUG [Prb.cpp, 603] - Read CC1020 completed, Address=0x000B, Data=0x38
2013/07/09 20:43:25:627 [004020] TRACE [Prb.cpp, 584] - Reading CC1020, Address=0x001D
2013/07/09 20:43:25:627 [004020] TRACE [Prb.cpp, 1035] - ReadCC1020Packet(0x1D):01 00 0C 1F 84 00 02 00 1D 19 58 0D 
2013/07/09 20:43:25:627 [001152] TRACE [Prb.cpp, 835] - RxStream contents:01 00 0C CB 06 1F 00 01 00 CF 10 0D 
2013/07/09 20:43:25:627 [001152] TRACE [Prb.cpp, 943] - RadioBoardPacket(ACK):01 00 0C CB 06 1F 00 01 00 CF 10 0D 
2013/07/09 20:43:25:627 [004020] DEBUG [Prb.cpp, 603] - Read CC1020 completed, Address=0x001D, Data=0x00
2013/07/09 20:43:25:627 [004020] TRACE [Prb.cpp, 584] - Reading CC1020, Address=0x0045
2013/07/09 20:43:25:627 [004020] TRACE [Prb.cpp, 1035] - ReadCC1020Packet(0x45):01 00 0C 20 84 00 02 00 45 B0 B7 0D 
2013/07/09 20:43:25:627 [001152] TRACE [Prb.cpp, 835] - RxStream contents:01 00 0C CC 06 20 00 01 6C AA 74 0D 
2013/07/09 20:43:25:627 [001152] TRACE [Prb.cpp, 943] - RadioBoardPacket(ACK):01 00 0C CC 06 20 00 01 6C AA 74 0D 
2013/07/09 20:43:25:627 [004020] DEBUG [Prb.cpp, 603] - Read CC1020 completed, Address=0x0045, Data=0x6C
2013/07/09 20:43:25:627 [004020] TRACE [Prb.cpp, 584] - Reading CC1020, Address=0x0046
2013/07/09 20:43:25:627 [004020] TRACE [Prb.cpp, 1035] - ReadCC1020Packet(0x46):01 00 0C 21 84 00 02 00 46 48 BE 0D 
2013/07/09 20:43:25:627 [001152] TRACE [Prb.cpp, 835] - RxStream contents:01 00 0C CD 06 21 00 01 66 C6 48 0D 
2013/07/09 20:43:25:627 [001152] TRACE [Prb.cpp, 943] - RadioBoardPacket(ACK):01 00 0C CD 06 21 00 01 66 C6 48 0D 
2013/07/09 20:43:25:627 [004020] DEBUG [Prb.cpp, 603] - Read CC1020 completed, Address=0x0046, Data=0x66
2013/07/09 20:43:25:642 [004020] TRACE [Prb.cpp, 584] - Reading CC1020, Address=0x0047
2013/07/09 20:43:25:642 [004020] TRACE [Prb.cpp, 1035] - ReadCC1020Packet(0x47):01 00 0C 22 84 00 02 00 47 40 BB 0D 
2013/07/09 20:43:25:642 [001152] TRACE [Prb.cpp, 835] - RxStream contents:01 00 0C CE 06 22 00 01 44 72 84 0D 
2013/07/09 20:43:25:642 [001152] TRACE [Prb.cpp, 943] - RadioBoardPacket(ACK):01 00 0C CE 06 22 00 01 44 72 84 0D 
2013/07/09 20:43:25:642 [004020] DEBUG [Prb.cpp, 603] - Read CC1020 completed, Address=0x0047, Data=0x44
2013/07/09 20:43:26:111 [004020] INFO [NCommunicationSystem.cpp, 747] - Disposing: 1
2013/07/09 20:43:26:111 [004020] INFO [CrossAppDomainEventMarshaller.cpp, 44] - Disposing: 1
2013/07/09 20:43:26:111 [004020] INFO [CrossAppDomainEventMarshaller.cpp, 155] - abortGetNextEvent called
2013/07/09 20:43:26:111 [004020] INFO [CrossAppDomainEventMarshaller.cpp, 48] - Waiting for CrossDomainEventTranslator::m_pHandleEventsThread to stop
2013/07/09 20:43:26:111 [003352] INFO [CrossAppDomainEventMarshaller.cpp, 80] - handleEventsThread exiting (thread aborted)
2013/07/09 20:43:26:111 [004020] INFO [CrossAppDomainEventMarshaller.cpp, 54] - CrossDomainEventTranslator::m_pHandleEventsThread stopped
2013/07/09 20:43:26:111 [004020] INFO [CrossAppDomainEventMarshaller.cpp, 110] - EventHandler dtor
2013/07/09 20:43:26:111 [004020] INFO [CrossAppDomainEventMarshaller.cpp, 60] - Disposed.
2013/07/09 20:43:26:111 [001152] DEBUG [Prb.cpp, 867] - Prb receive thread terminated.
2013/07/09 20:43:26:111 [003620] INFO [ExceptionCatchingThread.cpp, 170] - Exited the interrupt thread procedure with return value 0.
2013/07/09 20:43:26:220 [001688] INFO [ExceptionCatchingThread.cpp, 170] - Exited the dispatch thread procedure with return value 0.
2013/07/09 20:43:26:220 [002996] INFO [ExceptionCatchingThread.cpp, 170] - Exited the timer thread procedure with return value 0.
2013/07/09 20:43:26:330 [004020] INFO [NCommunicationSystem.cpp, 779] - Disposed.
<<<<< Log Footer: 07/09/2013 20:43:26 >>>>>
