2013/07/02 17:16:50:138  INFO:   Loaded Symbol File C:\ISV System\Config\FirmwareSymbols\build33136.sym for firmware Build #33136
2013/07/02 17:16:50:216  INFO:   CommunicationSystemLog properties: .\CommunicationSystem.logger.properties
2013/07/02 17:16:50:216  INFO:   CommunicationSystemLog log       : .\logs\prbCalTxScriptLog 2013.07.02 17.16.50_CommunicationSystem.Log
2013/07/02 17:16:57:888  INFO:   Setting the event sink for ScriptEngineProcedure
2013/07/02 17:16:57:903  INFO:   Program parameters checks are enabled
2013/07/02 17:16:57:919  INFO:   ********************************************************************************
2013/07/02 17:16:57:919  INFO:   Starting ScriptEngineProcedure, Assembly  version 
2013/07/02 17:16:57:919  INFO:   Config: ICD (NCommunicationSystem ver: nCommunicationSystem, Version=1.8.2.1, Culture=neutral, PublicKeyToken=56b5378c99c0bcfd; FTDI Driver ver: 2.08.28.0; PRB FPGA ver: 18)
2013/07/02 17:16:57:919  INFO:   Setting the radio board transmit power to level 0x7.
2013/07/02 17:16:57:919  INFO:   Radio board power level set to 7.
2013/07/02 17:16:57:919  INFO:   ECG Timeout Interval set to 10 seconds.
2013/07/02 17:16:57:935  STATE:  Changing state to ScriptExecStateMachine.WaitForNextCmdState, ID[1]
2013/07/02 17:16:57:935  INFO:   FwDvtSystem Started the event processing thread
2013/07/02 17:16:57:982  ACTION: Read PRB FPGA: Address=0x3000 Data=0x12
2013/07/02 17:16:58:028  RESULT: FPGA 0x3000 Expected: 18 Actual: 18
2013/07/02 17:16:58:185  ACTION: Calibrate CC1020
2013/07/02 17:16:58:278  INFO:   CC1020 calibration passed
2013/07/02 17:16:58:278  ACTION: Read C1020: Address 0x04 Data=0x35
2013/07/02 17:16:58:294  ACTION: Read C1020: Address 0x05 Data=0xF0
2013/07/02 17:16:58:294  ACTION: Read C1020: Address 0x06 Data=0x21
2013/07/02 17:16:58:294  ACTION: Read C1020: Address 0x07 Data=0x38
2013/07/02 17:16:58:294  ACTION: Read C1020: Address 0x08 Data=0x35
2013/07/02 17:16:58:294  ACTION: Read C1020: Address 0x09 Data=0xFA
2013/07/02 17:16:58:310  ACTION: Read C1020: Address 0x0A Data=0xCB
2013/07/02 17:16:58:310  ACTION: Read C1020: Address 0x0B Data=0x38
2013/07/02 17:16:58:310  ACTION: Read C1020: Address 0x1D Data=0x00
2013/07/02 17:16:58:310  ACTION: Read C1020: Address 0x45 Data=0x6C
2013/07/02 17:16:58:310  ACTION: Read C1020: Address 0x46 Data=0x66
2013/07/02 17:16:58:325  ACTION: Read C1020: Address 0x47 Data=0x44
2013/07/02 17:17:02:294  ACTION: Write PRB FPGA: Address=0x3024 Data=0x35
2013/07/02 17:17:02:294  ACTION: Write PRB FPGA: Address=0x3026 Data=0xD8
2013/07/02 17:17:02:294  ACTION: Write PRB FPGA: Address=0x3028 Data=0x15
2013/07/02 17:17:02:294  ACTION: Write PRB FPGA: Address=0x302C Data=0x35
2013/07/02 17:17:02:310  ACTION: Write PRB FPGA: Address=0x302E Data=0xE2
2013/07/02 17:17:02:310  ACTION: Write PRB FPGA: Address=0x3030 Data=0xBF
2013/07/02 17:17:02:310  ACTION: Write PRB FPGA: Address=0x305E Data=0x35
2013/07/02 17:17:02:310  ACTION: Write PRB FPGA: Address=0x3060 Data=0xD8
2013/07/02 17:17:02:310  ACTION: Write PRB FPGA: Address=0x3062 Data=0x15
2013/07/02 17:17:02:310  ACTION: Write PRB FPGA: Address=0x3066 Data=0x35
2013/07/02 17:17:02:310  ACTION: Write PRB FPGA: Address=0x3068 Data=0xE2
2013/07/02 17:17:02:310  ACTION: Write PRB FPGA: Address=0x306A Data=0xBF
2013/07/02 17:17:02:325  ACTION: Calibrate CC1020
2013/07/02 17:17:02:419  INFO:   CC1020 calibration passed
2013/07/02 17:17:02:716  ACTION: Read PRB FPGA: Address=0x2012 Data=0x00
2013/07/02 17:17:02:716  ACTION: Read C1020: Address 0x04 Data=0x35
2013/07/02 17:17:02:716  ACTION: Read C1020: Address 0x05 Data=0xD8
2013/07/02 17:17:02:732  ACTION: Read C1020: Address 0x06 Data=0x15
2013/07/02 17:17:02:732  ACTION: Read C1020: Address 0x07 Data=0x38
2013/07/02 17:17:02:732  ACTION: Read C1020: Address 0x08 Data=0x35
2013/07/02 17:17:02:732  ACTION: Read C1020: Address 0x09 Data=0xE2
2013/07/02 17:17:02:732  ACTION: Read C1020: Address 0x0A Data=0xBF
2013/07/02 17:17:02:732  ACTION: Read C1020: Address 0x0B Data=0x38
2013/07/02 17:17:02:732  ACTION: Read C1020: Address 0x1D Data=0x00
2013/07/02 17:17:02:732  ACTION: Read C1020: Address 0x45 Data=0x6C
2013/07/02 17:17:02:747  ACTION: Read C1020: Address 0x46 Data=0x66
2013/07/02 17:17:02:747  ACTION: Read C1020: Address 0x47 Data=0x44
2013/07/02 17:17:02:747  ACTION: Write PRB FPGA: Address=0x3024 Data=0x35
2013/07/02 17:17:02:747  ACTION: Write PRB FPGA: Address=0x3026 Data=0xF0
2013/07/02 17:17:02:747  ACTION: Write PRB FPGA: Address=0x3028 Data=0x21
2013/07/02 17:17:02:747  ACTION: Write PRB FPGA: Address=0x302C Data=0x35
2013/07/02 17:17:02:747  ACTION: Write PRB FPGA: Address=0x302E Data=0xFA
2013/07/02 17:17:02:747  ACTION: Write PRB FPGA: Address=0x3030 Data=0xCB
2013/07/02 17:17:02:747  ACTION: Calibrate CC1020
2013/07/02 17:17:02:841  INFO:   CC1020 calibration passed
2013/07/02 17:17:03:153  ACTION: Read PRB FPGA: Address=0x2012 Data=0x00
2013/07/02 17:17:03:153  ACTION: Read C1020: Address 0x04 Data=0x35
2013/07/02 17:17:03:153  ACTION: Read C1020: Address 0x05 Data=0xF0
2013/07/02 17:17:03:153  ACTION: Read C1020: Address 0x06 Data=0x21
2013/07/02 17:17:03:153  ACTION: Read C1020: Address 0x07 Data=0x38
2013/07/02 17:17:03:153  ACTION: Read C1020: Address 0x08 Data=0x35
2013/07/02 17:17:03:153  ACTION: Read C1020: Address 0x09 Data=0xFA
2013/07/02 17:17:03:153  ACTION: Read C1020: Address 0x0A Data=0xCB
2013/07/02 17:17:03:169  ACTION: Read C1020: Address 0x0B Data=0x38
2013/07/02 17:17:03:169  ACTION: Read C1020: Address 0x1D Data=0x00
2013/07/02 17:17:03:169  ACTION: Read C1020: Address 0x45 Data=0x6C
2013/07/02 17:17:03:169  ACTION: Read C1020: Address 0x46 Data=0x66
2013/07/02 17:17:03:169  ACTION: Read C1020: Address 0x47 Data=0x44
2013/07/02 17:17:03:169  ACTION: Write PRB FPGA: Address=0x1008 Data=0x10
2013/07/02 17:17:03:575  ACTION: Read PRB FPGA: Address=0x1020 Data=0x01
2013/07/02 17:17:03:575  ACTION: Read PRB FPGA: Address=0x1026 Data=0x01
2013/07/02 17:17:03:575  ACTION: Read PRB FPGA: Address=0x1022 Data=0x20
2013/07/02 17:17:03:575  ACTION: Read PRB FPGA: Address=0x1024 Data=0x1F
2013/07/02 17:17:03:575  ACTION: Read C1020: Address 0x04 Data=0x35
2013/07/02 17:17:03:591  ACTION: Read C1020: Address 0x05 Data=0xD8
2013/07/02 17:17:03:591  ACTION: Read C1020: Address 0x06 Data=0x15
2013/07/02 17:17:03:607  ACTION: Read C1020: Address 0x08 Data=0x35
2013/07/02 17:17:03:607  ACTION: Read C1020: Address 0x09 Data=0xE2
2013/07/02 17:17:03:607  ACTION: Read C1020: Address 0x0A Data=0xBF
2013/07/02 17:17:03:622  ACTION: Write C1020: Address=0x00 Data=0x01
2013/07/02 17:17:03:700  ACTION: Read C1020: Address 0x10 Data=0x22
2013/07/02 17:17:03:794  ACTION: Read C1020: Address 0x42 Data=0x1D
2013/07/02 17:17:03:794  ACTION: Read C1020: Address 0x42 Data=0x1A
2013/07/02 17:17:03:794  ACTION: Read C1020: Address 0x42 Data=0x1C
2013/07/02 17:17:03:794  ACTION: Read C1020: Address 0x42 Data=0x19
2013/07/02 17:17:03:794  ACTION: Read C1020: Address 0x42 Data=0x13
2013/07/02 17:17:03:794  ACTION: Read C1020: Address 0x42 Data=0x1C
2013/07/02 17:17:03:794  ACTION: Read C1020: Address 0x42 Data=0x16
2013/07/02 17:17:03:794  ACTION: Read C1020: Address 0x42 Data=0x1A
2013/07/02 17:17:03:810  ACTION: Read C1020: Address 0x42 Data=0x1B
2013/07/02 17:17:03:810  ACTION: Read C1020: Address 0x42 Data=0x17
2013/07/02 17:17:03:810  ACTION: Write C1020: Address=0x00 Data=0x1F
2013/07/02 17:17:03:903  ACTION: Read C1020: Address 0x0D Data=0x50
2013/07/02 17:17:03:982  ACTION: Read C1020: Address 0x0E Data=0x59
2013/07/02 17:17:04:091  ACTION: Write C1020: Address=0x00 Data=0xC1
2013/07/02 17:17:07:482  ACTION: Write C1020: Address=0x0E Data=0xD9
2013/07/02 17:17:07:560  ACTION: Read C1020: Address 0x0D Data=0x50
2013/07/02 17:17:07:653  ACTION: Read C1020: Address 0x0E Data=0xD9
2013/07/02 17:17:11:028  ACTION: Write C1020: Address=0x0E Data=0x59
2013/07/02 17:17:11:107  ACTION: Read C1020: Address 0x0D Data=0x50
2013/07/02 17:17:11:185  ACTION: Read C1020: Address 0x0E Data=0x59
2013/07/02 17:17:12:685  ACTION: Write PRB FPGA: Address=0x3024 Data=0x35
2013/07/02 17:17:12:700  ACTION: Write PRB FPGA: Address=0x3026 Data=0xF0
2013/07/02 17:17:12:700  ACTION: Write PRB FPGA: Address=0x3028 Data=0x21
2013/07/02 17:17:12:700  ACTION: Write PRB FPGA: Address=0x302C Data=0x35
2013/07/02 17:17:12:700  ACTION: Write PRB FPGA: Address=0x302E Data=0xFA
2013/07/02 17:17:12:700  ACTION: Write PRB FPGA: Address=0x3030 Data=0xCB
2013/07/02 17:17:12:700  ACTION: Write PRB FPGA: Address=0x305E Data=0x35
2013/07/02 17:17:12:700  ACTION: Write PRB FPGA: Address=0x3060 Data=0xF0
2013/07/02 17:17:12:700  ACTION: Write PRB FPGA: Address=0x3062 Data=0x21
2013/07/02 17:17:12:700  ACTION: Write PRB FPGA: Address=0x3066 Data=0x35
2013/07/02 17:17:12:716  ACTION: Write PRB FPGA: Address=0x3068 Data=0xFA
2013/07/02 17:17:12:716  ACTION: Write PRB FPGA: Address=0x306A Data=0xCB
2013/07/02 17:17:12:716  ACTION: Calibrate CC1020
2013/07/02 17:17:12:810  INFO:   CC1020 calibration passed
2013/07/02 17:17:13:107  ACTION: Read PRB FPGA: Address=0x2012 Data=0x00
2013/07/02 17:17:13:107  ACTION: Read C1020: Address 0x04 Data=0x35
2013/07/02 17:17:13:107  ACTION: Read C1020: Address 0x05 Data=0xF0
2013/07/02 17:17:13:107  ACTION: Read C1020: Address 0x06 Data=0x21
2013/07/02 17:17:13:107  ACTION: Read C1020: Address 0x07 Data=0x38
2013/07/02 17:17:13:122  ACTION: Read C1020: Address 0x08 Data=0x35
2013/07/02 17:17:13:122  ACTION: Read C1020: Address 0x09 Data=0xFA
2013/07/02 17:17:13:122  ACTION: Read C1020: Address 0x0A Data=0xCB
2013/07/02 17:17:13:122  ACTION: Read C1020: Address 0x0B Data=0x38
2013/07/02 17:17:13:122  ACTION: Read C1020: Address 0x1D Data=0x00
2013/07/02 17:17:13:122  ACTION: Read C1020: Address 0x45 Data=0x6C
2013/07/02 17:17:13:122  ACTION: Read C1020: Address 0x46 Data=0x66
2013/07/02 17:17:13:122  ACTION: Read C1020: Address 0x47 Data=0x44
2013/07/02 17:17:13:138  ACTION: Write PRB FPGA: Address=0x3024 Data=0x35
2013/07/02 17:17:13:138  ACTION: Write PRB FPGA: Address=0x3026 Data=0xF0
2013/07/02 17:17:13:138  ACTION: Write PRB FPGA: Address=0x3028 Data=0x21
2013/07/02 17:17:13:138  ACTION: Write PRB FPGA: Address=0x302C Data=0x35
2013/07/02 17:17:13:138  ACTION: Write PRB FPGA: Address=0x302E Data=0xFA
2013/07/02 17:17:13:138  ACTION: Write PRB FPGA: Address=0x3030 Data=0xCB
2013/07/02 17:17:13:138  ACTION: Calibrate CC1020
2013/07/02 17:17:13:232  INFO:   CC1020 calibration passed
2013/07/02 17:17:13:528  ACTION: Read PRB FPGA: Address=0x2012 Data=0x00
2013/07/02 17:17:13:528  ACTION: Read C1020: Address 0x04 Data=0x35
2013/07/02 17:17:13:528  ACTION: Read C1020: Address 0x05 Data=0xF0
2013/07/02 17:17:13:528  ACTION: Read C1020: Address 0x06 Data=0x21
2013/07/02 17:17:13:528  ACTION: Read C1020: Address 0x07 Data=0x38
2013/07/02 17:17:13:544  ACTION: Read C1020: Address 0x08 Data=0x35
2013/07/02 17:17:13:544  ACTION: Read C1020: Address 0x09 Data=0xFA
2013/07/02 17:17:13:544  ACTION: Read C1020: Address 0x0A Data=0xCB
2013/07/02 17:17:13:544  ACTION: Read C1020: Address 0x0B Data=0x38
2013/07/02 17:17:13:544  ACTION: Read C1020: Address 0x1D Data=0x00
2013/07/02 17:17:13:544  ACTION: Read C1020: Address 0x45 Data=0x6C
2013/07/02 17:17:13:544  ACTION: Read C1020: Address 0x46 Data=0x66
2013/07/02 17:17:13:544  ACTION: Read C1020: Address 0x47 Data=0x44
2013/07/02 17:17:13:544  ACTION: Write PRB FPGA: Address=0x1008 Data=0x10
2013/07/02 17:17:13:950  ACTION: Read PRB FPGA: Address=0x1020 Data=0x00
2013/07/02 17:17:13:950  ACTION: Read PRB FPGA: Address=0x1026 Data=0x00
2013/07/02 17:17:13:950  ACTION: Read PRB FPGA: Address=0x1022 Data=0x1F
2013/07/02 17:17:13:966  ACTION: Read PRB FPGA: Address=0x1024 Data=0x1F
2013/07/02 17:17:13:966  ACTION: Read C1020: Address 0x04 Data=0x35
2013/07/02 17:17:13:966  ACTION: Read C1020: Address 0x05 Data=0xF0
2013/07/02 17:17:13:966  ACTION: Read C1020: Address 0x06 Data=0x21
2013/07/02 17:17:13:966  ACTION: Read C1020: Address 0x08 Data=0x35
2013/07/02 17:17:13:966  ACTION: Read C1020: Address 0x09 Data=0xFA
2013/07/02 17:17:13:966  ACTION: Read C1020: Address 0x0A Data=0xCB
2013/07/02 17:17:13:966  ACTION: Write C1020: Address=0x00 Data=0x01
2013/07/02 17:17:14:060  ACTION: Read C1020: Address 0x10 Data=0x22
2013/07/02 17:17:14:138  ACTION: Read C1020: Address 0x42 Data=0x13
2013/07/02 17:17:14:138  ACTION: Read C1020: Address 0x42 Data=0x15
2013/07/02 17:17:14:138  ACTION: Read C1020: Address 0x42 Data=0x19
2013/07/02 17:17:14:138  ACTION: Read C1020: Address 0x42 Data=0x19
2013/07/02 17:17:14:138  ACTION: Read C1020: Address 0x42 Data=0x19
2013/07/02 17:17:14:138  ACTION: Read C1020: Address 0x42 Data=0x1A
2013/07/02 17:17:14:153  ACTION: Read C1020: Address 0x42 Data=0x19
2013/07/02 17:17:14:153  ACTION: Read C1020: Address 0x42 Data=0x19
2013/07/02 17:17:14:153  ACTION: Read C1020: Address 0x42 Data=0x16
2013/07/02 17:17:14:153  ACTION: Read C1020: Address 0x42 Data=0x1A
2013/07/02 17:17:14:153  ACTION: Write C1020: Address=0x00 Data=0x1F
2013/07/02 17:17:14:232  ACTION: Read C1020: Address 0x0D Data=0x50
2013/07/02 17:17:14:325  ACTION: Read C1020: Address 0x0E Data=0x59
2013/07/02 17:17:14:403  ACTION: Write C1020: Address=0x00 Data=0xC1
2013/07/02 17:17:17:763  ACTION: Write C1020: Address=0x0E Data=0xD9
2013/07/02 17:17:17:841  ACTION: Read C1020: Address 0x0D Data=0x50
2013/07/02 17:17:17:919  ACTION: Read C1020: Address 0x0E Data=0xD9
2013/07/02 17:17:21:278  ACTION: Write C1020: Address=0x0E Data=0x59
2013/07/02 17:17:21:357  ACTION: Read C1020: Address 0x0D Data=0x50
2013/07/02 17:17:21:435  ACTION: Read C1020: Address 0x0E Data=0x59
2013/07/02 17:17:22:950  ACTION: Write PRB FPGA: Address=0x3024 Data=0x35
2013/07/02 17:17:22:950  ACTION: Write PRB FPGA: Address=0x3026 Data=0xCC
2013/07/02 17:17:22:950  ACTION: Write PRB FPGA: Address=0x3028 Data=0xD3
2013/07/02 17:17:22:950  ACTION: Write PRB FPGA: Address=0x302C Data=0x35
2013/07/02 17:17:22:950  ACTION: Write PRB FPGA: Address=0x302E Data=0xD7
2013/07/02 17:17:22:950  ACTION: Write PRB FPGA: Address=0x3030 Data=0x7F
2013/07/02 17:17:22:950  ACTION: Write PRB FPGA: Address=0x305E Data=0x35
2013/07/02 17:17:22:950  ACTION: Write PRB FPGA: Address=0x3060 Data=0xCC
2013/07/02 17:17:22:966  ACTION: Write PRB FPGA: Address=0x3062 Data=0xD3
2013/07/02 17:17:22:966  ACTION: Write PRB FPGA: Address=0x3066 Data=0x35
2013/07/02 17:17:22:966  ACTION: Write PRB FPGA: Address=0x3068 Data=0xD7
2013/07/02 17:17:22:966  ACTION: Write PRB FPGA: Address=0x306A Data=0x7F
2013/07/02 17:17:22:966  ACTION: Calibrate CC1020
2013/07/02 17:17:23:060  INFO:   CC1020 calibration passed
2013/07/02 17:17:23:357  ACTION: Read PRB FPGA: Address=0x2012 Data=0x00
2013/07/02 17:17:23:357  ACTION: Read C1020: Address 0x04 Data=0x35
2013/07/02 17:17:23:357  ACTION: Read C1020: Address 0x05 Data=0xCC
2013/07/02 17:17:23:372  ACTION: Read C1020: Address 0x06 Data=0xD3
2013/07/02 17:17:23:372  ACTION: Read C1020: Address 0x07 Data=0x38
2013/07/02 17:17:23:372  ACTION: Read C1020: Address 0x08 Data=0x35
2013/07/02 17:17:23:372  ACTION: Read C1020: Address 0x09 Data=0xD7
2013/07/02 17:17:23:372  ACTION: Read C1020: Address 0x0A Data=0x7F
2013/07/02 17:17:23:372  ACTION: Read C1020: Address 0x0B Data=0x38
2013/07/02 17:17:23:372  ACTION: Read C1020: Address 0x1D Data=0x00
2013/07/02 17:17:23:372  ACTION: Read C1020: Address 0x45 Data=0x6C
2013/07/02 17:17:23:388  ACTION: Read C1020: Address 0x46 Data=0x66
2013/07/02 17:17:23:388  ACTION: Read C1020: Address 0x47 Data=0x44
2013/07/02 17:17:23:388  ACTION: Write PRB FPGA: Address=0x3024 Data=0x35
2013/07/02 17:17:23:388  ACTION: Write PRB FPGA: Address=0x3026 Data=0xF0
2013/07/02 17:17:23:388  ACTION: Write PRB FPGA: Address=0x3028 Data=0x21
2013/07/02 17:17:23:388  ACTION: Write PRB FPGA: Address=0x302C Data=0x35
2013/07/02 17:17:23:388  ACTION: Write PRB FPGA: Address=0x302E Data=0xFA
2013/07/02 17:17:23:388  ACTION: Write PRB FPGA: Address=0x3030 Data=0xCB
2013/07/02 17:17:23:388  ACTION: Calibrate CC1020
2013/07/02 17:17:23:482  INFO:   CC1020 calibration passed
2013/07/02 17:17:23:794  ACTION: Read PRB FPGA: Address=0x2012 Data=0x00
2013/07/02 17:17:23:794  ACTION: Read C1020: Address 0x04 Data=0x35
2013/07/02 17:17:23:794  ACTION: Read C1020: Address 0x05 Data=0xF0
2013/07/02 17:17:23:794  ACTION: Read C1020: Address 0x06 Data=0x21
2013/07/02 17:17:23:794  ACTION: Read C1020: Address 0x07 Data=0x38
2013/07/02 17:17:23:794  ACTION: Read C1020: Address 0x08 Data=0x35
2013/07/02 17:17:23:794  ACTION: Read C1020: Address 0x09 Data=0xFA
2013/07/02 17:17:23:794  ACTION: Read C1020: Address 0x0A Data=0xCB
2013/07/02 17:17:23:810  ACTION: Read C1020: Address 0x0B Data=0x38
2013/07/02 17:17:23:810  ACTION: Read C1020: Address 0x1D Data=0x00
2013/07/02 17:17:23:810  ACTION: Read C1020: Address 0x45 Data=0x6C
2013/07/02 17:17:23:810  ACTION: Read C1020: Address 0x46 Data=0x66
2013/07/02 17:17:23:810  ACTION: Read C1020: Address 0x47 Data=0x44
2013/07/02 17:17:23:810  ACTION: Write PRB FPGA: Address=0x1008 Data=0x10
2013/07/02 17:17:24:216  ACTION: Read PRB FPGA: Address=0x1020 Data=0x00
2013/07/02 17:17:24:216  ACTION: Read PRB FPGA: Address=0x1026 Data=0x00
2013/07/02 17:17:24:216  ACTION: Read PRB FPGA: Address=0x1022 Data=0x1F
2013/07/02 17:17:24:216  ACTION: Read PRB FPGA: Address=0x1024 Data=0x21
2013/07/02 17:17:24:216  ACTION: Read C1020: Address 0x04 Data=0x35
2013/07/02 17:17:24:216  ACTION: Read C1020: Address 0x05 Data=0xCC
2013/07/02 17:17:24:216  ACTION: Read C1020: Address 0x06 Data=0xD3
2013/07/02 17:17:24:232  ACTION: Read C1020: Address 0x08 Data=0x35
2013/07/02 17:17:24:232  ACTION: Read C1020: Address 0x09 Data=0xD7
2013/07/02 17:17:24:232  ACTION: Read C1020: Address 0x0A Data=0x7F
2013/07/02 17:17:24:232  ACTION: Write C1020: Address=0x00 Data=0x01
2013/07/02 17:17:24:310  ACTION: Read C1020: Address 0x10 Data=0x22
2013/07/02 17:17:24:388  ACTION: Read C1020: Address 0x42 Data=0x17
2013/07/02 17:17:24:388  ACTION: Read C1020: Address 0x42 Data=0x17
2013/07/02 17:17:24:388  ACTION: Read C1020: Address 0x42 Data=0x1D
2013/07/02 17:17:24:403  ACTION: Read C1020: Address 0x42 Data=0x18
2013/07/02 17:17:24:403  ACTION: Read C1020: Address 0x42 Data=0x16
2013/07/02 17:17:24:403  ACTION: Read C1020: Address 0x42 Data=0x19
2013/07/02 17:17:24:403  ACTION: Read C1020: Address 0x42 Data=0x19
2013/07/02 17:17:24:403  ACTION: Read C1020: Address 0x42 Data=0x1C
2013/07/02 17:17:24:403  ACTION: Read C1020: Address 0x42 Data=0x1A
2013/07/02 17:17:24:403  ACTION: Read C1020: Address 0x42 Data=0x17
2013/07/02 17:17:24:403  ACTION: Write C1020: Address=0x00 Data=0x1F
2013/07/02 17:17:24:497  ACTION: Read C1020: Address 0x0D Data=0x50
2013/07/02 17:17:24:575  ACTION: Read C1020: Address 0x0E Data=0x59
2013/07/02 17:17:24:653  ACTION: Write C1020: Address=0x00 Data=0xC1
2013/07/02 17:17:28:013  ACTION: Write C1020: Address=0x0E Data=0xD9
2013/07/02 17:17:28:107  ACTION: Read C1020: Address 0x0D Data=0x50
2013/07/02 17:17:28:185  ACTION: Read C1020: Address 0x0E Data=0xD9
2013/07/02 17:17:31:528  ACTION: Write C1020: Address=0x0E Data=0x59
2013/07/02 17:17:31:607  ACTION: Read C1020: Address 0x0D Data=0x50
2013/07/02 17:17:31:685  ACTION: Read C1020: Address 0x0E Data=0x59
2013/07/02 17:17:33:200  ACTION: Write PRB FPGA: Address=0x3024 Data=0x36
2013/07/02 17:17:33:200  ACTION: Write PRB FPGA: Address=0x3026 Data=0x16
2013/07/02 17:17:33:200  ACTION: Write PRB FPGA: Address=0x3028 Data=0x87
2013/07/02 17:17:33:200  ACTION: Write PRB FPGA: Address=0x302C Data=0x36
2013/07/02 17:17:33:200  ACTION: Write PRB FPGA: Address=0x302E Data=0x21
2013/07/02 17:17:33:200  ACTION: Write PRB FPGA: Address=0x3030 Data=0x31
2013/07/02 17:17:33:200  ACTION: Write PRB FPGA: Address=0x305E Data=0x36
2013/07/02 17:17:33:200  ACTION: Write PRB FPGA: Address=0x3060 Data=0x16
2013/07/02 17:17:33:216  ACTION: Write PRB FPGA: Address=0x3062 Data=0x87
2013/07/02 17:17:33:216  ACTION: Write PRB FPGA: Address=0x3066 Data=0x36
2013/07/02 17:17:33:216  ACTION: Write PRB FPGA: Address=0x3068 Data=0x21
2013/07/02 17:17:33:216  ACTION: Write PRB FPGA: Address=0x306A Data=0x31
2013/07/02 17:17:33:216  ACTION: Calibrate CC1020
2013/07/02 17:17:33:310  INFO:   CC1020 calibration passed
2013/07/02 17:17:33:607  ACTION: Read PRB FPGA: Address=0x2012 Data=0x00
2013/07/02 17:17:33:622  ACTION: Read C1020: Address 0x04 Data=0x36
2013/07/02 17:17:33:622  ACTION: Read C1020: Address 0x05 Data=0x16
2013/07/02 17:17:33:622  ACTION: Read C1020: Address 0x06 Data=0x87
2013/07/02 17:17:33:622  ACTION: Read C1020: Address 0x07 Data=0x38
2013/07/02 17:17:33:622  ACTION: Read C1020: Address 0x08 Data=0x36
2013/07/02 17:17:33:622  ACTION: Read C1020: Address 0x09 Data=0x21
2013/07/02 17:17:33:622  ACTION: Read C1020: Address 0x0A Data=0x31
2013/07/02 17:17:33:622  ACTION: Read C1020: Address 0x0B Data=0x38
2013/07/02 17:17:33:638  ACTION: Read C1020: Address 0x1D Data=0x00
2013/07/02 17:17:33:638  ACTION: Read C1020: Address 0x45 Data=0x5C
2013/07/02 17:17:33:638  ACTION: Read C1020: Address 0x46 Data=0x67
2013/07/02 17:17:33:638  ACTION: Read C1020: Address 0x47 Data=0x44
2013/07/02 17:17:33:638  ACTION: Write PRB FPGA: Address=0x3024 Data=0x35
2013/07/02 17:17:33:638  ACTION: Write PRB FPGA: Address=0x3026 Data=0xF0
2013/07/02 17:17:33:638  ACTION: Write PRB FPGA: Address=0x3028 Data=0x21
2013/07/02 17:17:33:638  ACTION: Write PRB FPGA: Address=0x302C Data=0x35
2013/07/02 17:17:33:638  ACTION: Write PRB FPGA: Address=0x302E Data=0xFA
2013/07/02 17:17:33:638  ACTION: Write PRB FPGA: Address=0x3030 Data=0xCB
2013/07/02 17:17:33:638  ACTION: Calibrate CC1020
2013/07/02 17:17:33:732  INFO:   CC1020 calibration passed
2013/07/02 17:17:34:028  ACTION: Read PRB FPGA: Address=0x2012 Data=0x00
2013/07/02 17:17:34:044  ACTION: Read C1020: Address 0x04 Data=0x35
2013/07/02 17:17:34:044  ACTION: Read C1020: Address 0x05 Data=0xF0
2013/07/02 17:17:34:044  ACTION: Read C1020: Address 0x06 Data=0x21
2013/07/02 17:17:34:044  ACTION: Read C1020: Address 0x07 Data=0x38
2013/07/02 17:17:34:044  ACTION: Read C1020: Address 0x08 Data=0x35
2013/07/02 17:17:34:044  ACTION: Read C1020: Address 0x09 Data=0xFA
2013/07/02 17:17:34:044  ACTION: Read C1020: Address 0x0A Data=0xCB
2013/07/02 17:17:34:044  ACTION: Read C1020: Address 0x0B Data=0x38
2013/07/02 17:17:34:060  ACTION: Read C1020: Address 0x1D Data=0x00
2013/07/02 17:17:34:060  ACTION: Read C1020: Address 0x45 Data=0x6C
2013/07/02 17:17:34:060  ACTION: Read C1020: Address 0x46 Data=0x66
2013/07/02 17:17:34:060  ACTION: Read C1020: Address 0x47 Data=0x44
2013/07/02 17:17:34:060  ACTION: Write PRB FPGA: Address=0x1008 Data=0x10
2013/07/02 17:17:34:466  ACTION: Read PRB FPGA: Address=0x1020 Data=0x00
2013/07/02 17:17:34:466  ACTION: Read PRB FPGA: Address=0x1026 Data=0x00
2013/07/02 17:17:34:466  ACTION: Read PRB FPGA: Address=0x1022 Data=0x1F
2013/07/02 17:17:34:466  ACTION: Read PRB FPGA: Address=0x1024 Data=0x1F
2013/07/02 17:17:34:466  ACTION: Read C1020: Address 0x04 Data=0x36
2013/07/02 17:17:34:466  ACTION: Read C1020: Address 0x05 Data=0x16
2013/07/02 17:17:34:466  ACTION: Read C1020: Address 0x06 Data=0x87
2013/07/02 17:17:34:466  ACTION: Read C1020: Address 0x08 Data=0x36
2013/07/02 17:17:34:482  ACTION: Read C1020: Address 0x09 Data=0x21
2013/07/02 17:17:34:482  ACTION: Read C1020: Address 0x0A Data=0x31
2013/07/02 17:17:34:482  ACTION: Write C1020: Address=0x00 Data=0x01
2013/07/02 17:17:34:560  ACTION: Read C1020: Address 0x10 Data=0x22
2013/07/02 17:17:34:638  ACTION: Read C1020: Address 0x42 Data=0x18
2013/07/02 17:17:34:638  ACTION: Read C1020: Address 0x42 Data=0x17
2013/07/02 17:17:34:653  ACTION: Read C1020: Address 0x42 Data=0x19
2013/07/02 17:17:34:653  ACTION: Read C1020: Address 0x42 Data=0x18
2013/07/02 17:17:34:653  ACTION: Read C1020: Address 0x42 Data=0x1A
2013/07/02 17:17:34:653  ACTION: Read C1020: Address 0x42 Data=0x1A
2013/07/02 17:17:34:653  ACTION: Read C1020: Address 0x42 Data=0x16
2013/07/02 17:17:34:653  ACTION: Read C1020: Address 0x42 Data=0x1D
2013/07/02 17:17:34:653  ACTION: Read C1020: Address 0x42 Data=0x19
2013/07/02 17:17:34:653  ACTION: Read C1020: Address 0x42 Data=0x17
2013/07/02 17:17:34:653  ACTION: Write C1020: Address=0x00 Data=0x1F
2013/07/02 17:17:34:747  ACTION: Read C1020: Address 0x0D Data=0x50
2013/07/02 17:17:34:825  ACTION: Read C1020: Address 0x0E Data=0x59
2013/07/02 17:17:34:903  ACTION: Write C1020: Address=0x00 Data=0xC1
2013/07/02 17:17:38:216  ACTION: Write C1020: Address=0x0E Data=0xD9
2013/07/02 17:17:38:294  ACTION: Read C1020: Address 0x0D Data=0x50
2013/07/02 17:17:38:372  ACTION: Read C1020: Address 0x0E Data=0xD9
2013/07/02 17:17:41:716  ACTION: Write C1020: Address=0x0E Data=0x59
2013/07/02 17:17:41:810  ACTION: Read C1020: Address 0x0D Data=0x50
2013/07/02 17:17:41:888  ACTION: Read C1020: Address 0x0E Data=0x59
2013/07/02 17:17:43:388  ACTION: Write PRB FPGA: Address=0x3024 Data=0x35
2013/07/02 17:17:43:388  ACTION: Write PRB FPGA: Address=0x3026 Data=0xD4
2013/07/02 17:17:43:388  ACTION: Write PRB FPGA: Address=0x3028 Data=0xB3
2013/07/02 17:17:43:403  ACTION: Write PRB FPGA: Address=0x302C Data=0x35
2013/07/02 17:17:43:403  ACTION: Write PRB FPGA: Address=0x302E Data=0xDF
2013/07/02 17:17:43:403  ACTION: Write PRB FPGA: Address=0x3030 Data=0x5D
2013/07/02 17:17:43:403  ACTION: Write PRB FPGA: Address=0x305E Data=0x35
2013/07/02 17:17:43:403  ACTION: Write PRB FPGA: Address=0x3060 Data=0xD4
2013/07/02 17:17:43:403  ACTION: Write PRB FPGA: Address=0x3062 Data=0xB3
2013/07/02 17:17:43:403  ACTION: Write PRB FPGA: Address=0x3066 Data=0x35
2013/07/02 17:17:43:403  ACTION: Write PRB FPGA: Address=0x3068 Data=0xDF
2013/07/02 17:17:43:419  ACTION: Write PRB FPGA: Address=0x306A Data=0x5D
2013/07/02 17:17:43:419  ACTION: Calibrate CC1020
2013/07/02 17:17:43:513  INFO:   CC1020 calibration passed
2013/07/02 17:17:43:810  ACTION: Read PRB FPGA: Address=0x2012 Data=0x00
2013/07/02 17:17:43:810  ACTION: Read C1020: Address 0x04 Data=0x35
2013/07/02 17:17:43:810  ACTION: Read C1020: Address 0x05 Data=0xD4
2013/07/02 17:17:43:825  ACTION: Read C1020: Address 0x06 Data=0xB3
2013/07/02 17:17:43:825  ACTION: Read C1020: Address 0x07 Data=0x38
2013/07/02 17:17:43:825  ACTION: Read C1020: Address 0x08 Data=0x35
2013/07/02 17:17:43:825  ACTION: Read C1020: Address 0x09 Data=0xDF
2013/07/02 17:17:43:825  ACTION: Read C1020: Address 0x0A Data=0x5D
2013/07/02 17:17:43:825  ACTION: Read C1020: Address 0x0B Data=0x38
2013/07/02 17:17:43:825  ACTION: Read C1020: Address 0x1D Data=0x00
2013/07/02 17:17:43:825  ACTION: Read C1020: Address 0x45 Data=0x6C
2013/07/02 17:17:43:841  ACTION: Read C1020: Address 0x46 Data=0x66
2013/07/02 17:17:43:841  ACTION: Read C1020: Address 0x47 Data=0x44
2013/07/02 17:17:43:841  ACTION: Write PRB FPGA: Address=0x3024 Data=0x35
2013/07/02 17:17:43:841  ACTION: Write PRB FPGA: Address=0x3026 Data=0xF0
2013/07/02 17:17:43:841  ACTION: Write PRB FPGA: Address=0x3028 Data=0x21
2013/07/02 17:17:43:841  ACTION: Write PRB FPGA: Address=0x302C Data=0x35
2013/07/02 17:17:43:841  ACTION: Write PRB FPGA: Address=0x302E Data=0xFA
2013/07/02 17:17:43:841  ACTION: Write PRB FPGA: Address=0x3030 Data=0xCB
2013/07/02 17:17:43:841  ACTION: Calibrate CC1020
2013/07/02 17:17:43:935  INFO:   CC1020 calibration passed
2013/07/02 17:17:44:232  ACTION: Read PRB FPGA: Address=0x2012 Data=0x00
2013/07/02 17:17:44:232  ACTION: Read C1020: Address 0x04 Data=0x35
2013/07/02 17:17:44:232  ACTION: Read C1020: Address 0x05 Data=0xF0
2013/07/02 17:17:44:247  ACTION: Read C1020: Address 0x06 Data=0x21
2013/07/02 17:17:44:247  ACTION: Read C1020: Address 0x07 Data=0x38
2013/07/02 17:17:44:247  ACTION: Read C1020: Address 0x08 Data=0x35
2013/07/02 17:17:44:247  ACTION: Read C1020: Address 0x09 Data=0xFA
2013/07/02 17:17:44:247  ACTION: Read C1020: Address 0x0A Data=0xCB
2013/07/02 17:17:44:247  ACTION: Read C1020: Address 0x0B Data=0x38
2013/07/02 17:17:44:247  ACTION: Read C1020: Address 0x1D Data=0x00
2013/07/02 17:17:44:263  ACTION: Read C1020: Address 0x45 Data=0x6C
2013/07/02 17:17:44:263  ACTION: Read C1020: Address 0x46 Data=0x66
2013/07/02 17:17:44:263  ACTION: Read C1020: Address 0x47 Data=0x44
2013/07/02 17:17:44:263  ACTION: Write PRB FPGA: Address=0x1008 Data=0x10
2013/07/02 17:17:44:669  ACTION: Read PRB FPGA: Address=0x1020 Data=0x00
2013/07/02 17:17:44:669  ACTION: Read PRB FPGA: Address=0x1026 Data=0x00
2013/07/02 17:17:44:669  ACTION: Read PRB FPGA: Address=0x1022 Data=0x1C
2013/07/02 17:17:44:669  ACTION: Read PRB FPGA: Address=0x1024 Data=0x1F
2013/07/02 17:17:44:669  ACTION: Read C1020: Address 0x04 Data=0x35
2013/07/02 17:17:44:669  ACTION: Read C1020: Address 0x05 Data=0xD4
2013/07/02 17:17:44:669  ACTION: Read C1020: Address 0x06 Data=0xB3
2013/07/02 17:17:44:669  ACTION: Read C1020: Address 0x08 Data=0x35
2013/07/02 17:17:44:669  ACTION: Read C1020: Address 0x09 Data=0xDF
2013/07/02 17:17:44:685  ACTION: Read C1020: Address 0x0A Data=0x5D
2013/07/02 17:17:44:685  ACTION: Write C1020: Address=0x00 Data=0x01
2013/07/02 17:17:44:763  ACTION: Read C1020: Address 0x10 Data=0x22
2013/07/02 17:17:44:841  ACTION: Read C1020: Address 0x42 Data=0x19
2013/07/02 17:17:44:841  ACTION: Read C1020: Address 0x42 Data=0x1A
2013/07/02 17:17:44:841  ACTION: Read C1020: Address 0x42 Data=0x18
2013/07/02 17:17:44:841  ACTION: Read C1020: Address 0x42 Data=0x17
2013/07/02 17:17:44:857  ACTION: Read C1020: Address 0x42 Data=0x19
2013/07/02 17:17:44:857  ACTION: Read C1020: Address 0x42 Data=0x15
2013/07/02 17:17:44:857  ACTION: Read C1020: Address 0x42 Data=0x18
2013/07/02 17:17:44:857  ACTION: Read C1020: Address 0x42 Data=0x19
2013/07/02 17:17:44:857  ACTION: Read C1020: Address 0x42 Data=0x15
2013/07/02 17:17:44:857  ACTION: Read C1020: Address 0x42 Data=0x1C
2013/07/02 17:17:44:857  ACTION: Write C1020: Address=0x00 Data=0x1F
2013/07/02 17:17:44:950  ACTION: Read C1020: Address 0x0D Data=0x50
2013/07/02 17:17:45:028  ACTION: Read C1020: Address 0x0E Data=0x59
2013/07/02 17:17:45:107  ACTION: Write C1020: Address=0x00 Data=0xC1
2013/07/02 17:17:48:450  ACTION: Write C1020: Address=0x0E Data=0xD9
2013/07/02 17:17:48:528  ACTION: Read C1020: Address 0x0D Data=0x50
2013/07/02 17:17:48:622  ACTION: Read C1020: Address 0x0E Data=0xD9
2013/07/02 17:17:51:919  ACTION: Write C1020: Address=0x0E Data=0x59
2013/07/02 17:17:52:013  ACTION: Read C1020: Address 0x0D Data=0x50
2013/07/02 17:17:52:091  ACTION: Read C1020: Address 0x0E Data=0x59
2013/07/02 17:17:53:591  ACTION: Write PRB FPGA: Address=0x3024 Data=0x35
2013/07/02 17:17:53:591  ACTION: Write PRB FPGA: Address=0x3026 Data=0xC9
2013/07/02 17:17:53:591  ACTION: Write PRB FPGA: Address=0x3028 Data=0xB9
2013/07/02 17:17:53:591  ACTION: Write PRB FPGA: Address=0x302C Data=0x35
2013/07/02 17:17:53:591  ACTION: Write PRB FPGA: Address=0x302E Data=0xD4
2013/07/02 17:17:53:607  ACTION: Write PRB FPGA: Address=0x3030 Data=0x65
2013/07/02 17:17:53:607  ACTION: Write PRB FPGA: Address=0x305E Data=0x35
2013/07/02 17:17:53:607  ACTION: Write PRB FPGA: Address=0x3060 Data=0xC9
2013/07/02 17:17:53:607  ACTION: Write PRB FPGA: Address=0x3062 Data=0xB9
2013/07/02 17:17:53:607  ACTION: Write PRB FPGA: Address=0x3066 Data=0x35
2013/07/02 17:17:53:607  ACTION: Write PRB FPGA: Address=0x3068 Data=0xD4
2013/07/02 17:17:53:607  ACTION: Write PRB FPGA: Address=0x306A Data=0x65
2013/07/02 17:17:53:607  ACTION: Calibrate CC1020
2013/07/02 17:17:53:700  INFO:   CC1020 calibration passed
2013/07/02 17:17:54:013  ACTION: Read PRB FPGA: Address=0x2012 Data=0x00
2013/07/02 17:17:54:013  ACTION: Read C1020: Address 0x04 Data=0x35
2013/07/02 17:17:54:013  ACTION: Read C1020: Address 0x05 Data=0xC9
2013/07/02 17:17:54:013  ACTION: Read C1020: Address 0x06 Data=0xB9
2013/07/02 17:17:54:013  ACTION: Read C1020: Address 0x07 Data=0x38
2013/07/02 17:17:54:013  ACTION: Read C1020: Address 0x08 Data=0x35
2013/07/02 17:17:54:028  ACTION: Read C1020: Address 0x09 Data=0xD4
2013/07/02 17:17:54:028  ACTION: Read C1020: Address 0x0A Data=0x65
2013/07/02 17:17:54:028  ACTION: Read C1020: Address 0x0B Data=0x38
2013/07/02 17:17:54:028  ACTION: Read C1020: Address 0x1D Data=0x00
2013/07/02 17:17:54:028  ACTION: Read C1020: Address 0x45 Data=0x6C
2013/07/02 17:17:54:028  ACTION: Read C1020: Address 0x46 Data=0x66
2013/07/02 17:17:54:028  ACTION: Read C1020: Address 0x47 Data=0x44
2013/07/02 17:17:54:028  ACTION: Write PRB FPGA: Address=0x3024 Data=0x35
2013/07/02 17:17:54:028  ACTION: Write PRB FPGA: Address=0x3026 Data=0xF0
2013/07/02 17:17:54:028  ACTION: Write PRB FPGA: Address=0x3028 Data=0x21
2013/07/02 17:17:54:044  ACTION: Write PRB FPGA: Address=0x302C Data=0x35
2013/07/02 17:17:54:044  ACTION: Write PRB FPGA: Address=0x302E Data=0xFA
2013/07/02 17:17:54:044  ACTION: Write PRB FPGA: Address=0x3030 Data=0xCB
2013/07/02 17:17:54:044  ACTION: Calibrate CC1020
2013/07/02 17:17:54:122  INFO:   CC1020 calibration passed
2013/07/02 17:17:54:435  ACTION: Read PRB FPGA: Address=0x2012 Data=0x00
2013/07/02 17:17:54:435  ACTION: Read C1020: Address 0x04 Data=0x35
2013/07/02 17:17:54:435  ACTION: Read C1020: Address 0x05 Data=0xF0
2013/07/02 17:17:54:435  ACTION: Read C1020: Address 0x06 Data=0x21
2013/07/02 17:17:54:435  ACTION: Read C1020: Address 0x07 Data=0x38
2013/07/02 17:17:54:435  ACTION: Read C1020: Address 0x08 Data=0x35
2013/07/02 17:17:54:450  ACTION: Read C1020: Address 0x09 Data=0xFA
2013/07/02 17:17:54:450  ACTION: Read C1020: Address 0x0A Data=0xCB
2013/07/02 17:17:54:450  ACTION: Read C1020: Address 0x0B Data=0x38
2013/07/02 17:17:54:450  ACTION: Read C1020: Address 0x1D Data=0x00
2013/07/02 17:17:54:450  ACTION: Read C1020: Address 0x45 Data=0x6C
2013/07/02 17:17:54:450  ACTION: Read C1020: Address 0x46 Data=0x66
2013/07/02 17:17:54:450  ACTION: Read C1020: Address 0x47 Data=0x44
2013/07/02 17:17:54:450  ACTION: Write PRB FPGA: Address=0x1008 Data=0x10
2013/07/02 17:17:54:857  ACTION: Read PRB FPGA: Address=0x1020 Data=0x00
2013/07/02 17:17:54:857  ACTION: Read PRB FPGA: Address=0x1026 Data=0x00
2013/07/02 17:17:54:857  ACTION: Read PRB FPGA: Address=0x1022 Data=0x1F
2013/07/02 17:17:54:872  ACTION: Read PRB FPGA: Address=0x1024 Data=0x1F
2013/07/02 17:17:54:872  ACTION: Read C1020: Address 0x04 Data=0x35
2013/07/02 17:17:54:872  ACTION: Read C1020: Address 0x05 Data=0xC9
2013/07/02 17:17:54:872  ACTION: Read C1020: Address 0x06 Data=0xB9
2013/07/02 17:17:54:872  ACTION: Read C1020: Address 0x08 Data=0x35
2013/07/02 17:17:54:872  ACTION: Read C1020: Address 0x09 Data=0xD4
2013/07/02 17:17:54:872  ACTION: Read C1020: Address 0x0A Data=0x65
2013/07/02 17:17:54:872  ACTION: Write C1020: Address=0x00 Data=0x01
2013/07/02 17:17:54:950  ACTION: Read C1020: Address 0x10 Data=0x22
2013/07/02 17:17:55:044  ACTION: Read C1020: Address 0x42 Data=0x17
2013/07/02 17:17:55:044  ACTION: Read C1020: Address 0x42 Data=0x1A
2013/07/02 17:17:55:044  ACTION: Read C1020: Address 0x42 Data=0x19
2013/07/02 17:17:55:044  ACTION: Read C1020: Address 0x42 Data=0x1C
2013/07/02 17:17:55:044  ACTION: Read C1020: Address 0x42 Data=0x18
2013/07/02 17:17:55:044  ACTION: Read C1020: Address 0x42 Data=0x16
2013/07/02 17:17:55:044  ACTION: Read C1020: Address 0x42 Data=0x18
2013/07/02 17:17:55:060  ACTION: Read C1020: Address 0x42 Data=0x19
2013/07/02 17:17:55:060  ACTION: Read C1020: Address 0x42 Data=0x1C
2013/07/02 17:17:55:060  ACTION: Read C1020: Address 0x42 Data=0x19
2013/07/02 17:17:55:060  ACTION: Write C1020: Address=0x00 Data=0x1F
2013/07/02 17:17:55:138  ACTION: Read C1020: Address 0x0D Data=0x50
2013/07/02 17:17:55:216  ACTION: Read C1020: Address 0x0E Data=0x59
2013/07/02 17:17:55:310  ACTION: Write C1020: Address=0x00 Data=0xC1
2013/07/02 17:17:58:622  ACTION: Write C1020: Address=0x0E Data=0xD9
2013/07/02 17:17:58:700  ACTION: Read C1020: Address 0x0D Data=0x50
2013/07/02 17:17:58:794  ACTION: Read C1020: Address 0x0E Data=0xD9
2013/07/02 17:18:02:107  ACTION: Write C1020: Address=0x0E Data=0x59
2013/07/02 17:18:02:185  ACTION: Read C1020: Address 0x0D Data=0x50
2013/07/02 17:18:02:278  ACTION: Read C1020: Address 0x0E Data=0x59
2013/07/02 17:18:03:778  ACTION: Write PRB FPGA: Address=0x3024 Data=0x36
2013/07/02 17:18:03:778  ACTION: Write PRB FPGA: Address=0x3026 Data=0x13
2013/07/02 17:18:03:778  ACTION: Write PRB FPGA: Address=0x3028 Data=0x29
2013/07/02 17:18:03:778  ACTION: Write PRB FPGA: Address=0x302C Data=0x36
2013/07/02 17:18:03:778  ACTION: Write PRB FPGA: Address=0x302E Data=0x1D
2013/07/02 17:18:03:794  ACTION: Write PRB FPGA: Address=0x3030 Data=0xD3
2013/07/02 17:18:03:794  ACTION: Write PRB FPGA: Address=0x305E Data=0x36
2013/07/02 17:18:03:794  ACTION: Write PRB FPGA: Address=0x3060 Data=0x13
2013/07/02 17:18:03:794  ACTION: Write PRB FPGA: Address=0x3062 Data=0x29
2013/07/02 17:18:03:794  ACTION: Write PRB FPGA: Address=0x3066 Data=0x36
2013/07/02 17:18:03:794  ACTION: Write PRB FPGA: Address=0x3068 Data=0x1D
2013/07/02 17:18:03:794  ACTION: Write PRB FPGA: Address=0x306A Data=0xD3
2013/07/02 17:18:03:794  ACTION: Calibrate CC1020
2013/07/02 17:18:03:903  INFO:   CC1020 calibration passed
2013/07/02 17:18:04:200  ACTION: Read PRB FPGA: Address=0x2012 Data=0x00
2013/07/02 17:18:04:200  ACTION: Read C1020: Address 0x04 Data=0x36
2013/07/02 17:18:04:200  ACTION: Read C1020: Address 0x05 Data=0x13
2013/07/02 17:18:04:200  ACTION: Read C1020: Address 0x06 Data=0x29
2013/07/02 17:18:04:200  ACTION: Read C1020: Address 0x07 Data=0x38
2013/07/02 17:18:04:200  ACTION: Read C1020: Address 0x08 Data=0x36
2013/07/02 17:18:04:216  ACTION: Read C1020: Address 0x09 Data=0x1D
2013/07/02 17:18:04:216  ACTION: Read C1020: Address 0x0A Data=0xD3
2013/07/02 17:18:04:216  ACTION: Read C1020: Address 0x0B Data=0x38
2013/07/02 17:18:04:216  ACTION: Read C1020: Address 0x1D Data=0x00
2013/07/02 17:18:04:216  ACTION: Read C1020: Address 0x45 Data=0x5C
2013/07/02 17:18:04:216  ACTION: Read C1020: Address 0x46 Data=0x67
2013/07/02 17:18:04:216  ACTION: Read C1020: Address 0x47 Data=0x44
2013/07/02 17:18:04:216  ACTION: Write PRB FPGA: Address=0x3024 Data=0x35
2013/07/02 17:18:04:232  ACTION: Write PRB FPGA: Address=0x3026 Data=0xF0
2013/07/02 17:18:04:232  ACTION: Write PRB FPGA: Address=0x3028 Data=0x21
2013/07/02 17:18:04:232  ACTION: Write PRB FPGA: Address=0x302C Data=0x35
2013/07/02 17:18:04:232  ACTION: Write PRB FPGA: Address=0x302E Data=0xFA
2013/07/02 17:18:04:232  ACTION: Write PRB FPGA: Address=0x3030 Data=0xCB
2013/07/02 17:18:04:232  ACTION: Calibrate CC1020
2013/07/02 17:18:04:325  INFO:   CC1020 calibration passed
2013/07/02 17:18:04:622  ACTION: Read PRB FPGA: Address=0x2012 Data=0x00
2013/07/02 17:18:04:622  ACTION: Read C1020: Address 0x04 Data=0x35
2013/07/02 17:18:04:622  ACTION: Read C1020: Address 0x05 Data=0xF0
2013/07/02 17:18:04:622  ACTION: Read C1020: Address 0x06 Data=0x21
2013/07/02 17:18:04:622  ACTION: Read C1020: Address 0x07 Data=0x38
2013/07/02 17:18:04:638  ACTION: Read C1020: Address 0x08 Data=0x35
2013/07/02 17:18:04:638  ACTION: Read C1020: Address 0x09 Data=0xFA
2013/07/02 17:18:04:638  ACTION: Read C1020: Address 0x0A Data=0xCB
2013/07/02 17:18:04:638  ACTION: Read C1020: Address 0x0B Data=0x38
2013/07/02 17:18:04:638  ACTION: Read C1020: Address 0x1D Data=0x00
2013/07/02 17:18:04:638  ACTION: Read C1020: Address 0x45 Data=0x6C
2013/07/02 17:18:04:638  ACTION: Read C1020: Address 0x46 Data=0x66
2013/07/02 17:18:04:638  ACTION: Read C1020: Address 0x47 Data=0x44
2013/07/02 17:18:04:638  ACTION: Write PRB FPGA: Address=0x1008 Data=0x10
2013/07/02 17:18:05:044  ACTION: Read PRB FPGA: Address=0x1020 Data=0x00
2013/07/02 17:18:05:044  ACTION: Read PRB FPGA: Address=0x1026 Data=0x00
2013/07/02 17:18:05:060  ACTION: Read PRB FPGA: Address=0x1022 Data=0x1F
2013/07/02 17:18:05:060  ACTION: Read PRB FPGA: Address=0x1024 Data=0x1F
2013/07/02 17:18:05:060  ACTION: Read C1020: Address 0x04 Data=0x36
2013/07/02 17:18:05:060  ACTION: Read C1020: Address 0x05 Data=0x13
2013/07/02 17:18:05:060  ACTION: Read C1020: Address 0x06 Data=0x29
2013/07/02 17:18:05:060  ACTION: Read C1020: Address 0x08 Data=0x36
2013/07/02 17:18:05:060  ACTION: Read C1020: Address 0x09 Data=0x1D
2013/07/02 17:18:05:060  ACTION: Read C1020: Address 0x0A Data=0xD3
2013/07/02 17:18:05:060  ACTION: Write C1020: Address=0x00 Data=0x01
2013/07/02 17:18:05:138  ACTION: Read C1020: Address 0x10 Data=0x22
2013/07/02 17:18:05:232  ACTION: Read C1020: Address 0x42 Data=0x14
2013/07/02 17:18:05:232  ACTION: Read C1020: Address 0x42 Data=0x19
2013/07/02 17:18:05:232  ACTION: Read C1020: Address 0x42 Data=0x1A
2013/07/02 17:18:05:232  ACTION: Read C1020: Address 0x42 Data=0x1A
2013/07/02 17:18:05:232  ACTION: Read C1020: Address 0x42 Data=0x18
2013/07/02 17:18:05:232  ACTION: Read C1020: Address 0x42 Data=0x19
2013/07/02 17:18:05:232  ACTION: Read C1020: Address 0x42 Data=0x16
2013/07/02 17:18:05:247  ACTION: Read C1020: Address 0x42 Data=0x1B
2013/07/02 17:18:05:247  ACTION: Read C1020: Address 0x42 Data=0x19
2013/07/02 17:18:05:247  ACTION: Read C1020: Address 0x42 Data=0x19
2013/07/02 17:18:05:247  ACTION: Write C1020: Address=0x00 Data=0x1F
2013/07/02 17:18:05:325  ACTION: Read C1020: Address 0x0D Data=0x50
2013/07/02 17:18:05:403  ACTION: Read C1020: Address 0x0E Data=0x59
2013/07/02 17:18:05:497  ACTION: Write C1020: Address=0x00 Data=0xC1
2013/07/02 17:18:08:794  ACTION: Write C1020: Address=0x0E Data=0xD9
2013/07/02 17:18:08:872  ACTION: Read C1020: Address 0x0D Data=0x50
2013/07/02 17:18:08:966  ACTION: Read C1020: Address 0x0E Data=0xD9
2013/07/02 17:18:12:263  ACTION: Write C1020: Address=0x0E Data=0x59
2013/07/02 17:18:12:341  ACTION: Read C1020: Address 0x0D Data=0x50
2013/07/02 17:18:12:435  ACTION: Read C1020: Address 0x0E Data=0x59
2013/07/02 17:18:13:935  ACTION: Write PRB FPGA: Address=0x3024 Data=0x35
2013/07/02 17:18:13:935  ACTION: Write PRB FPGA: Address=0x3026 Data=0xD4
2013/07/02 17:18:13:935  ACTION: Write PRB FPGA: Address=0x3028 Data=0x25
2013/07/02 17:18:13:935  ACTION: Write PRB FPGA: Address=0x302C Data=0x35
2013/07/02 17:18:13:935  ACTION: Write PRB FPGA: Address=0x302E Data=0xDE
2013/07/02 17:18:13:935  ACTION: Write PRB FPGA: Address=0x3030 Data=0xCF
2013/07/02 17:18:13:950  ACTION: Write PRB FPGA: Address=0x305E Data=0x35
2013/07/02 17:18:13:950  ACTION: Write PRB FPGA: Address=0x3060 Data=0xD4
2013/07/02 17:18:13:950  ACTION: Write PRB FPGA: Address=0x3062 Data=0x25
2013/07/02 17:18:13:950  ACTION: Write PRB FPGA: Address=0x3066 Data=0x35
2013/07/02 17:18:13:950  ACTION: Write PRB FPGA: Address=0x3068 Data=0xDE
2013/07/02 17:18:13:950  ACTION: Write PRB FPGA: Address=0x306A Data=0xCF
2013/07/02 17:18:13:950  ACTION: Calibrate CC1020
2013/07/02 17:18:14:044  INFO:   CC1020 calibration passed
2013/07/02 17:18:14:357  ACTION: Read PRB FPGA: Address=0x2012 Data=0x00
2013/07/02 17:18:14:357  ACTION: Read C1020: Address 0x04 Data=0x35
2013/07/02 17:18:14:357  ACTION: Read C1020: Address 0x05 Data=0xD4
2013/07/02 17:18:14:357  ACTION: Read C1020: Address 0x06 Data=0x25
2013/07/02 17:18:14:357  ACTION: Read C1020: Address 0x07 Data=0x38
2013/07/02 17:18:14:357  ACTION: Read C1020: Address 0x08 Data=0x35
2013/07/02 17:18:14:372  ACTION: Read C1020: Address 0x09 Data=0xDE
2013/07/02 17:18:14:372  ACTION: Read C1020: Address 0x0A Data=0xCF
2013/07/02 17:18:14:372  ACTION: Read C1020: Address 0x0B Data=0x38
2013/07/02 17:18:14:372  ACTION: Read C1020: Address 0x1D Data=0x00
2013/07/02 17:18:14:372  ACTION: Read C1020: Address 0x45 Data=0x6C
2013/07/02 17:18:14:372  ACTION: Read C1020: Address 0x46 Data=0x66
2013/07/02 17:18:14:372  ACTION: Read C1020: Address 0x47 Data=0x44
2013/07/02 17:18:14:372  ACTION: Write PRB FPGA: Address=0x3024 Data=0x35
2013/07/02 17:18:14:372  ACTION: Write PRB FPGA: Address=0x3026 Data=0xF0
2013/07/02 17:18:14:372  ACTION: Write PRB FPGA: Address=0x3028 Data=0x21
2013/07/02 17:18:14:388  ACTION: Write PRB FPGA: Address=0x302C Data=0x35
2013/07/02 17:18:14:388  ACTION: Write PRB FPGA: Address=0x302E Data=0xFA
2013/07/02 17:18:14:388  ACTION: Write PRB FPGA: Address=0x3030 Data=0xCB
2013/07/02 17:18:14:388  ACTION: Calibrate CC1020
2013/07/02 17:18:14:466  INFO:   CC1020 calibration passed
2013/07/02 17:18:14:778  ACTION: Read PRB FPGA: Address=0x2012 Data=0x00
2013/07/02 17:18:14:778  ACTION: Read C1020: Address 0x04 Data=0x35
2013/07/02 17:18:14:778  ACTION: Read C1020: Address 0x05 Data=0xF0
2013/07/02 17:18:14:778  ACTION: Read C1020: Address 0x06 Data=0x21
2013/07/02 17:18:14:778  ACTION: Read C1020: Address 0x07 Data=0x38
2013/07/02 17:18:14:778  ACTION: Read C1020: Address 0x08 Data=0x35
2013/07/02 17:18:14:794  ACTION: Read C1020: Address 0x09 Data=0xFA
2013/07/02 17:18:14:794  ACTION: Read C1020: Address 0x0A Data=0xCB
2013/07/02 17:18:14:794  ACTION: Read C1020: Address 0x0B Data=0x38
2013/07/02 17:18:14:794  ACTION: Read C1020: Address 0x1D Data=0x00
2013/07/02 17:18:14:794  ACTION: Read C1020: Address 0x45 Data=0x6C
2013/07/02 17:18:14:794  ACTION: Read C1020: Address 0x46 Data=0x66
2013/07/02 17:18:14:794  ACTION: Read C1020: Address 0x47 Data=0x44
2013/07/02 17:18:14:794  ACTION: Write PRB FPGA: Address=0x1008 Data=0x10
2013/07/02 17:18:15:200  ACTION: Read PRB FPGA: Address=0x1020 Data=0x00
2013/07/02 17:18:15:200  ACTION: Read PRB FPGA: Address=0x1026 Data=0x00
2013/07/02 17:18:15:200  ACTION: Read PRB FPGA: Address=0x1022 Data=0x1F
2013/07/02 17:18:15:216  ACTION: Read PRB FPGA: Address=0x1024 Data=0x1F
2013/07/02 17:18:15:216  ACTION: Read C1020: Address 0x04 Data=0x35
2013/07/02 17:18:15:216  ACTION: Read C1020: Address 0x05 Data=0xD4
2013/07/02 17:18:15:216  ACTION: Read C1020: Address 0x06 Data=0x25
2013/07/02 17:18:15:216  ACTION: Read C1020: Address 0x08 Data=0x35
2013/07/02 17:18:15:216  ACTION: Read C1020: Address 0x09 Data=0xDE
2013/07/02 17:18:15:216  ACTION: Read C1020: Address 0x0A Data=0xCF
2013/07/02 17:18:15:216  ACTION: Write C1020: Address=0x00 Data=0x01
2013/07/02 17:18:15:294  ACTION: Read C1020: Address 0x10 Data=0x22
2013/07/02 17:18:15:388  ACTION: Read C1020: Address 0x42 Data=0x1A
2013/07/02 17:18:15:388  ACTION: Read C1020: Address 0x42 Data=0x15
2013/07/02 17:18:15:388  ACTION: Read C1020: Address 0x42 Data=0x1B
2013/07/02 17:18:15:388  ACTION: Read C1020: Address 0x42 Data=0x17
2013/07/02 17:18:15:388  ACTION: Read C1020: Address 0x42 Data=0x1B
2013/07/02 17:18:15:388  ACTION: Read C1020: Address 0x42 Data=0x16
2013/07/02 17:18:15:388  ACTION: Read C1020: Address 0x42 Data=0x16
2013/07/02 17:18:15:403  ACTION: Read C1020: Address 0x42 Data=0x19
2013/07/02 17:18:15:403  ACTION: Read C1020: Address 0x42 Data=0x1A
2013/07/02 17:18:15:403  ACTION: Read C1020: Address 0x42 Data=0x1A
2013/07/02 17:18:15:403  ACTION: Write C1020: Address=0x00 Data=0x1F
2013/07/02 17:18:15:482  ACTION: Read C1020: Address 0x0D Data=0x50
2013/07/02 17:18:15:560  ACTION: Read C1020: Address 0x0E Data=0x59
2013/07/02 17:18:15:653  ACTION: Write C1020: Address=0x00 Data=0xC1
2013/07/02 17:18:18:966  ACTION: Write C1020: Address=0x0E Data=0xD9
2013/07/02 17:18:19:044  ACTION: Read C1020: Address 0x0D Data=0x50
2013/07/02 17:18:19:122  ACTION: Read C1020: Address 0x0E Data=0xD9
2013/07/02 17:18:22:435  ACTION: Write C1020: Address=0x0E Data=0x59
2013/07/02 17:18:22:513  ACTION: Read C1020: Address 0x0D Data=0x50
2013/07/02 17:18:22:607  ACTION: Read C1020: Address 0x0E Data=0x59
2013/07/02 17:18:24:107  ACTION: Write PRB FPGA: Address=0x3024 Data=0x35
2013/07/02 17:18:24:107  ACTION: Write PRB FPGA: Address=0x3026 Data=0xF0
2013/07/02 17:18:24:107  ACTION: Write PRB FPGA: Address=0x3028 Data=0x21
2013/07/02 17:18:24:107  ACTION: Write PRB FPGA: Address=0x302C Data=0x35
2013/07/02 17:18:24:107  ACTION: Write PRB FPGA: Address=0x302E Data=0xFA
2013/07/02 17:18:24:107  ACTION: Write PRB FPGA: Address=0x3030 Data=0xCB
2013/07/02 17:18:24:122  ACTION: Write PRB FPGA: Address=0x305E Data=0x35
2013/07/02 17:18:24:122  ACTION: Write PRB FPGA: Address=0x3060 Data=0xF0
2013/07/02 17:18:24:122  ACTION: Write PRB FPGA: Address=0x3062 Data=0x21
2013/07/02 17:18:24:122  ACTION: Write PRB FPGA: Address=0x3066 Data=0x35
2013/07/02 17:18:24:122  ACTION: Write PRB FPGA: Address=0x3068 Data=0xFA
2013/07/02 17:18:24:122  ACTION: Write PRB FPGA: Address=0x306A Data=0xCB
2013/07/02 17:18:24:122  ACTION: Calibrate CC1020
2013/07/02 17:18:24:216  INFO:   CC1020 calibration passed
2013/07/02 17:18:24:513  ACTION: Read PRB FPGA: Address=0x2012 Data=0x00
2013/07/02 17:18:24:528  ACTION: Read C1020: Address 0x04 Data=0x35
2013/07/02 17:18:24:528  ACTION: Read C1020: Address 0x05 Data=0xF0
2013/07/02 17:18:24:528  ACTION: Read C1020: Address 0x06 Data=0x21
2013/07/02 17:18:24:528  ACTION: Read C1020: Address 0x07 Data=0x38
2013/07/02 17:18:24:528  ACTION: Read C1020: Address 0x08 Data=0x35
2013/07/02 17:18:24:528  ACTION: Read C1020: Address 0x09 Data=0xFA
2013/07/02 17:18:24:528  ACTION: Read C1020: Address 0x0A Data=0xCB
2013/07/02 17:18:24:528  ACTION: Read C1020: Address 0x0B Data=0x38
2013/07/02 17:18:24:544  ACTION: Read C1020: Address 0x1D Data=0x00
2013/07/02 17:18:24:544  ACTION: Read C1020: Address 0x45 Data=0x6C
2013/07/02 17:18:24:544  ACTION: Read C1020: Address 0x46 Data=0x66
2013/07/02 17:18:24:544  ACTION: Read C1020: Address 0x47 Data=0x44
2013/07/02 17:18:24:544  ACTION: Write PRB FPGA: Address=0x3024 Data=0x35
2013/07/02 17:18:24:544  ACTION: Write PRB FPGA: Address=0x3026 Data=0xF0
2013/07/02 17:18:24:544  ACTION: Write PRB FPGA: Address=0x3028 Data=0x21
2013/07/02 17:18:24:544  ACTION: Write PRB FPGA: Address=0x302C Data=0x35
2013/07/02 17:18:24:544  ACTION: Write PRB FPGA: Address=0x302E Data=0xFA
2013/07/02 17:18:24:544  ACTION: Write PRB FPGA: Address=0x3030 Data=0xCB
2013/07/02 17:18:24:544  ACTION: Calibrate CC1020
2013/07/02 17:18:24:638  INFO:   CC1020 calibration passed
2013/07/02 17:18:24:935  ACTION: Read PRB FPGA: Address=0x2012 Data=0x00
2013/07/02 17:18:24:950  ACTION: Read C1020: Address 0x04 Data=0x35
2013/07/02 17:18:25:357  ACTION: Read C1020: Address 0x05 Data=0xF0
2013/07/02 17:18:25:357  ACTION: Read C1020: Address 0x06 Data=0x21
2013/07/02 17:18:25:357  ACTION: Read C1020: Address 0x07 Data=0x38
2013/07/02 17:18:25:357  ACTION: Read C1020: Address 0x08 Data=0x35
2013/07/02 17:18:25:372  ACTION: Read C1020: Address 0x09 Data=0xFA
2013/07/02 17:18:25:372  ACTION: Read C1020: Address 0x0A Data=0xCB
2013/07/02 17:18:25:372  ACTION: Read C1020: Address 0x0B Data=0x38
2013/07/02 17:18:25:372  ACTION: Read C1020: Address 0x1D Data=0x00
2013/07/02 17:18:25:372  ACTION: Read C1020: Address 0x45 Data=0x6C
2013/07/02 17:18:25:372  ACTION: Read C1020: Address 0x46 Data=0x66
2013/07/02 17:18:25:372  ACTION: Read C1020: Address 0x47 Data=0x44
2013/07/02 17:18:25:372  ACTION: Write PRB FPGA: Address=0x1008 Data=0x10
2013/07/02 17:18:25:778  ACTION: Read PRB FPGA: Address=0x1020 Data=0x00
2013/07/02 17:18:25:778  ACTION: Read PRB FPGA: Address=0x1026 Data=0x00
2013/07/02 17:18:25:778  ACTION: Read PRB FPGA: Address=0x1022 Data=0x1F
2013/07/02 17:18:25:778  ACTION: Read PRB FPGA: Address=0x1024 Data=0x1F
2013/07/02 17:18:25:794  ACTION: Read C1020: Address 0x04 Data=0x35
2013/07/02 17:18:25:794  ACTION: Read C1020: Address 0x05 Data=0xF0
2013/07/02 17:18:25:794  ACTION: Read C1020: Address 0x06 Data=0x21
2013/07/02 17:18:25:794  ACTION: Read C1020: Address 0x08 Data=0x35
2013/07/02 17:18:25:794  ACTION: Read C1020: Address 0x09 Data=0xFA
2013/07/02 17:18:25:794  ACTION: Read C1020: Address 0x0A Data=0xCB
2013/07/02 17:18:25:794  ACTION: Write C1020: Address=0x00 Data=0x01
2013/07/02 17:18:25:872  ACTION: Read C1020: Address 0x10 Data=0x22
2013/07/02 17:18:25:966  ACTION: Read C1020: Address 0x42 Data=0x18
2013/07/02 17:18:25:966  ACTION: Read C1020: Address 0x42 Data=0x15
2013/07/02 17:18:25:966  ACTION: Read C1020: Address 0x42 Data=0x1C
2013/07/02 17:18:25:966  ACTION: Read C1020: Address 0x42 Data=0x1A
2013/07/02 17:18:25:966  ACTION: Read C1020: Address 0x42 Data=0x1A
2013/07/02 17:18:25:966  ACTION: Read C1020: Address 0x42 Data=0x18
2013/07/02 17:18:25:966  ACTION: Read C1020: Address 0x42 Data=0x19
2013/07/02 17:18:25:966  ACTION: Read C1020: Address 0x42 Data=0x1A
2013/07/02 17:18:25:982  ACTION: Read C1020: Address 0x42 Data=0x1A
2013/07/02 17:18:25:982  ACTION: Read C1020: Address 0x42 Data=0x1A
2013/07/02 17:18:25:982  ACTION: Write C1020: Address=0x00 Data=0x1F
2013/07/02 17:18:26:060  ACTION: Read C1020: Address 0x0D Data=0x50
2013/07/02 17:18:26:138  ACTION: Read C1020: Address 0x0E Data=0x59
2013/07/02 17:18:26:216  ACTION: Write C1020: Address=0x00 Data=0xC1
2013/07/02 17:18:29:544  ACTION: Write C1020: Address=0x0E Data=0xD9
2013/07/02 17:18:29:622  ACTION: Read C1020: Address 0x0D Data=0x50
2013/07/02 17:18:29:716  ACTION: Read C1020: Address 0x0E Data=0xD9
2013/07/02 17:18:33:013  ACTION: Write C1020: Address=0x0E Data=0x59
2013/07/02 17:18:33:107  ACTION: Read C1020: Address 0x0D Data=0x50
2013/07/02 17:18:33:185  ACTION: Read C1020: Address 0x0E Data=0x59
2013/07/02 17:18:34:685  ACTION: Write PRB FPGA: Address=0x3024 Data=0x35
2013/07/02 17:18:34:685  ACTION: Write PRB FPGA: Address=0x3026 Data=0xF0
2013/07/02 17:18:34:685  ACTION: Write PRB FPGA: Address=0x3028 Data=0x21
2013/07/02 17:18:34:685  ACTION: Write PRB FPGA: Address=0x302C Data=0x35
2013/07/02 17:18:34:685  ACTION: Write PRB FPGA: Address=0x302E Data=0xFA
2013/07/02 17:18:34:685  ACTION: Write PRB FPGA: Address=0x3030 Data=0xCB
2013/07/02 17:18:34:700  ACTION: Write PRB FPGA: Address=0x305E Data=0x35
2013/07/02 17:18:34:700  ACTION: Write PRB FPGA: Address=0x3060 Data=0xD8
2013/07/02 17:18:34:700  ACTION: Write PRB FPGA: Address=0x3062 Data=0x15
2013/07/02 17:18:34:700  ACTION: Write PRB FPGA: Address=0x3066 Data=0x35
2013/07/02 17:18:34:700  ACTION: Write PRB FPGA: Address=0x3068 Data=0xE2
2013/07/02 17:18:34:700  ACTION: Write PRB FPGA: Address=0x306A Data=0xBF
2013/07/02 17:18:34:700  ACTION: Calibrate CC1020
2013/07/02 17:18:34:794  INFO:   CC1020 calibration passed
2013/07/02 17:18:35:091  ACTION: Read PRB FPGA: Address=0x2012 Data=0x00
2013/07/02 17:18:35:091  ACTION: Read C1020: Address 0x04 Data=0x35
2013/07/02 17:18:35:091  ACTION: Read C1020: Address 0x05 Data=0xF0
2013/07/02 17:18:35:091  ACTION: Read C1020: Address 0x06 Data=0x21
2013/07/02 17:18:35:091  ACTION: Read C1020: Address 0x07 Data=0x38
2013/07/02 17:18:35:107  ACTION: Read C1020: Address 0x08 Data=0x35
2013/07/02 17:18:35:107  ACTION: Read C1020: Address 0x09 Data=0xFA
2013/07/02 17:18:35:107  ACTION: Read C1020: Address 0x0A Data=0xCB
2013/07/02 17:18:35:107  ACTION: Read C1020: Address 0x0B Data=0x38
2013/07/02 17:18:35:107  ACTION: Read C1020: Address 0x1D Data=0x00
2013/07/02 17:18:35:107  ACTION: Read C1020: Address 0x45 Data=0x6C
2013/07/02 17:18:35:107  ACTION: Read C1020: Address 0x46 Data=0x66
2013/07/02 17:18:35:107  ACTION: Read C1020: Address 0x47 Data=0x44
2013/07/02 17:18:35:107  ACTION: Write C1020: Address=0x00 Data=0x1F
2013/07/02 17:18:35:200  ACTION: Write C1020: Address=0x0D Data=0x54
2013/07/02 17:18:35:278  ACTION: Write C1020: Address=0x00 Data=0xC1
2013/07/02 17:18:35:357  ACTION: Read C1020: Address 0x0D Data=0x54
2013/07/02 17:18:35:435  ACTION: Read C1020: Address 0x0E Data=0x59
2013/07/02 17:18:54:419  ACTION: Write C1020: Address=0x0E Data=0x59
2013/07/02 17:18:54:497  ACTION: Read C1020: Address 0x0D Data=0x54
2013/07/02 17:18:54:591  ACTION: Read C1020: Address 0x0E Data=0x59
2013/07/02 17:19:14:544  ACTION: Write PRB FPGA: Address=0x3024 Data=0x35
2013/07/02 17:19:14:544  ACTION: Write PRB FPGA: Address=0x3026 Data=0xF0
2013/07/02 17:19:14:544  ACTION: Write PRB FPGA: Address=0x3028 Data=0x21
2013/07/02 17:19:14:544  ACTION: Write PRB FPGA: Address=0x302C Data=0x35
2013/07/02 17:19:14:544  ACTION: Write PRB FPGA: Address=0x302E Data=0xFA
2013/07/02 17:19:14:544  ACTION: Write PRB FPGA: Address=0x3030 Data=0xCB
2013/07/02 17:19:14:544  ACTION: Write PRB FPGA: Address=0x305E Data=0x35
2013/07/02 17:19:14:544  ACTION: Write PRB FPGA: Address=0x3060 Data=0xF0
2013/07/02 17:19:14:544  ACTION: Write PRB FPGA: Address=0x3062 Data=0x21
2013/07/02 17:19:14:560  ACTION: Write PRB FPGA: Address=0x3066 Data=0x35
2013/07/02 17:19:14:560  ACTION: Write PRB FPGA: Address=0x3068 Data=0xFA
2013/07/02 17:19:14:560  ACTION: Write PRB FPGA: Address=0x306A Data=0xCB
2013/07/02 17:19:14:560  ACTION: Calibrate CC1020
2013/07/02 17:19:14:638  INFO:   CC1020 calibration passed
2013/07/02 17:19:14:950  ACTION: Read PRB FPGA: Address=0x2012 Data=0x00
2013/07/02 17:19:14:950  ACTION: Read C1020: Address 0x04 Data=0x35
2013/07/02 17:19:14:950  ACTION: Read C1020: Address 0x05 Data=0xF0
2013/07/02 17:19:14:950  ACTION: Read C1020: Address 0x06 Data=0x21
2013/07/02 17:19:14:950  ACTION: Read C1020: Address 0x07 Data=0x38
2013/07/02 17:19:14:950  ACTION: Read C1020: Address 0x08 Data=0x35
2013/07/02 17:19:14:966  ACTION: Read C1020: Address 0x09 Data=0xFA
2013/07/02 17:19:14:966  ACTION: Read C1020: Address 0x0A Data=0xCB
2013/07/02 17:19:14:966  ACTION: Read C1020: Address 0x0B Data=0x38
2013/07/02 17:19:14:966  ACTION: Read C1020: Address 0x1D Data=0x00
2013/07/02 17:19:14:966  ACTION: Read C1020: Address 0x45 Data=0x6C
2013/07/02 17:19:14:966  ACTION: Read C1020: Address 0x46 Data=0x66
2013/07/02 17:19:14:966  ACTION: Read C1020: Address 0x47 Data=0x44
2013/07/02 17:19:14:966  ACTION: Write C1020: Address=0x00 Data=0x1F
2013/07/02 17:19:15:060  ACTION: Write C1020: Address=0x0D Data=0x54
2013/07/02 17:19:15:138  ACTION: Write C1020: Address=0x00 Data=0xC1
2013/07/02 17:19:15:216  ACTION: Read C1020: Address 0x0D Data=0x54
2013/07/02 17:19:15:294  ACTION: Read C1020: Address 0x0E Data=0x59
2013/07/02 17:19:34:247  ACTION: Write C1020: Address=0x0E Data=0x59
2013/07/02 17:19:34:341  ACTION: Read C1020: Address 0x0D Data=0x54
2013/07/02 17:19:34:419  ACTION: Read C1020: Address 0x0E Data=0x59
2013/07/02 17:19:54:372  ACTION: Write PRB FPGA: Address=0x3024 Data=0x35
2013/07/02 17:19:54:372  ACTION: Write PRB FPGA: Address=0x3026 Data=0xF0
2013/07/02 17:19:54:372  ACTION: Write PRB FPGA: Address=0x3028 Data=0x21
2013/07/02 17:19:54:372  ACTION: Write PRB FPGA: Address=0x302C Data=0x35
2013/07/02 17:19:54:372  ACTION: Write PRB FPGA: Address=0x302E Data=0xFA
2013/07/02 17:19:54:372  ACTION: Write PRB FPGA: Address=0x3030 Data=0xCB
2013/07/02 17:19:54:372  ACTION: Write PRB FPGA: Address=0x305E Data=0x35
2013/07/02 17:19:54:372  ACTION: Write PRB FPGA: Address=0x3060 Data=0xCC
2013/07/02 17:19:54:372  ACTION: Write PRB FPGA: Address=0x3062 Data=0xD3
2013/07/02 17:19:54:372  ACTION: Write PRB FPGA: Address=0x3066 Data=0x35
2013/07/02 17:19:54:388  ACTION: Write PRB FPGA: Address=0x3068 Data=0xD7
2013/07/02 17:19:54:388  ACTION: Write PRB FPGA: Address=0x306A Data=0x7F
2013/07/02 17:19:54:388  ACTION: Calibrate CC1020
2013/07/02 17:19:54:466  INFO:   CC1020 calibration passed
2013/07/02 17:19:54:778  ACTION: Read PRB FPGA: Address=0x2012 Data=0x00
2013/07/02 17:19:54:778  ACTION: Read C1020: Address 0x04 Data=0x35
2013/07/02 17:19:54:778  ACTION: Read C1020: Address 0x05 Data=0xF0
2013/07/02 17:19:54:778  ACTION: Read C1020: Address 0x06 Data=0x21
2013/07/02 17:19:54:778  ACTION: Read C1020: Address 0x07 Data=0x38
2013/07/02 17:19:54:778  ACTION: Read C1020: Address 0x08 Data=0x35
2013/07/02 17:19:54:778  ACTION: Read C1020: Address 0x09 Data=0xFA
2013/07/02 17:19:54:778  ACTION: Read C1020: Address 0x0A Data=0xCB
2013/07/02 17:19:54:778  ACTION: Read C1020: Address 0x0B Data=0x38
2013/07/02 17:19:54:778  ACTION: Read C1020: Address 0x1D Data=0x00
2013/07/02 17:19:54:778  ACTION: Read C1020: Address 0x45 Data=0x6C
2013/07/02 17:19:54:778  ACTION: Read C1020: Address 0x46 Data=0x66
2013/07/02 17:19:54:794  ACTION: Read C1020: Address 0x47 Data=0x44
2013/07/02 17:19:54:794  ACTION: Write C1020: Address=0x00 Data=0x1F
2013/07/02 17:19:54:872  ACTION: Write C1020: Address=0x0D Data=0x54
2013/07/02 17:19:54:950  ACTION: Write C1020: Address=0x00 Data=0xC1
2013/07/02 17:19:55:028  ACTION: Read C1020: Address 0x0D Data=0x54
2013/07/02 17:19:55:107  ACTION: Read C1020: Address 0x0E Data=0x59
2013/07/02 17:20:14:060  ACTION: Write C1020: Address=0x0E Data=0x59
2013/07/02 17:20:14:138  ACTION: Read C1020: Address 0x0D Data=0x54
2013/07/02 17:20:14:232  ACTION: Read C1020: Address 0x0E Data=0x59
2013/07/02 17:20:34:169  ACTION: Write PRB FPGA: Address=0x3024 Data=0x35
2013/07/02 17:20:34:169  ACTION: Write PRB FPGA: Address=0x3026 Data=0xF0
2013/07/02 17:20:34:185  ACTION: Write PRB FPGA: Address=0x3028 Data=0x21
2013/07/02 17:20:34:185  ACTION: Write PRB FPGA: Address=0x302C Data=0x35
2013/07/02 17:20:34:185  ACTION: Write PRB FPGA: Address=0x302E Data=0xFA
2013/07/02 17:20:34:185  ACTION: Write PRB FPGA: Address=0x3030 Data=0xCB
2013/07/02 17:20:34:185  ACTION: Write PRB FPGA: Address=0x305E Data=0x36
2013/07/02 17:20:34:185  ACTION: Write PRB FPGA: Address=0x3060 Data=0x16
2013/07/02 17:20:34:185  ACTION: Write PRB FPGA: Address=0x3062 Data=0x87
2013/07/02 17:20:34:185  ACTION: Write PRB FPGA: Address=0x3066 Data=0x36
2013/07/02 17:20:34:200  ACTION: Write PRB FPGA: Address=0x3068 Data=0x21
2013/07/02 17:20:34:200  ACTION: Write PRB FPGA: Address=0x306A Data=0x31
2013/07/02 17:20:34:200  ACTION: Calibrate CC1020
2013/07/02 17:20:34:278  INFO:   CC1020 calibration passed
2013/07/02 17:20:34:591  ACTION: Read PRB FPGA: Address=0x2012 Data=0x00
2013/07/02 17:20:34:591  ACTION: Read C1020: Address 0x04 Data=0x35
2013/07/02 17:20:34:591  ACTION: Read C1020: Address 0x05 Data=0xF0
2013/07/02 17:20:34:591  ACTION: Read C1020: Address 0x06 Data=0x21
2013/07/02 17:20:34:591  ACTION: Read C1020: Address 0x07 Data=0x38
2013/07/02 17:20:34:591  ACTION: Read C1020: Address 0x08 Data=0x35
2013/07/02 17:20:34:607  ACTION: Read C1020: Address 0x09 Data=0xFA
2013/07/02 17:20:34:607  ACTION: Read C1020: Address 0x0A Data=0xCB
2013/07/02 17:20:34:607  ACTION: Read C1020: Address 0x0B Data=0x38
2013/07/02 17:20:34:607  ACTION: Read C1020: Address 0x1D Data=0x00
2013/07/02 17:20:34:607  ACTION: Read C1020: Address 0x45 Data=0x6C
2013/07/02 17:20:34:607  ACTION: Read C1020: Address 0x46 Data=0x66
2013/07/02 17:20:34:607  ACTION: Read C1020: Address 0x47 Data=0x44
2013/07/02 17:20:34:607  ACTION: Write C1020: Address=0x00 Data=0x1F
2013/07/02 17:20:34:700  ACTION: Write C1020: Address=0x0D Data=0x54
2013/07/02 17:20:34:778  ACTION: Write C1020: Address=0x00 Data=0xC1
2013/07/02 17:20:34:857  ACTION: Read C1020: Address 0x0D Data=0x54
2013/07/02 17:20:34:935  ACTION: Read C1020: Address 0x0E Data=0x59
2013/07/02 17:20:53:888  ACTION: Write C1020: Address=0x0E Data=0x59
2013/07/02 17:20:53:966  ACTION: Read C1020: Address 0x0D Data=0x54
2013/07/02 17:20:54:044  ACTION: Read C1020: Address 0x0E Data=0x59
2013/07/02 17:21:14:013  ACTION: Write PRB FPGA: Address=0x3024 Data=0x35
2013/07/02 17:21:14:013  ACTION: Write PRB FPGA: Address=0x3026 Data=0xF0
2013/07/02 17:21:14:013  ACTION: Write PRB FPGA: Address=0x3028 Data=0x21
2013/07/02 17:21:14:013  ACTION: Write PRB FPGA: Address=0x302C Data=0x35
2013/07/02 17:21:14:013  ACTION: Write PRB FPGA: Address=0x302E Data=0xFA
2013/07/02 17:21:14:013  ACTION: Write PRB FPGA: Address=0x3030 Data=0xCB
2013/07/02 17:21:14:013  ACTION: Write PRB FPGA: Address=0x305E Data=0x35
2013/07/02 17:21:14:013  ACTION: Write PRB FPGA: Address=0x3060 Data=0xD4
2013/07/02 17:21:14:013  ACTION: Write PRB FPGA: Address=0x3062 Data=0xB3
2013/07/02 17:21:14:013  ACTION: Write PRB FPGA: Address=0x3066 Data=0x35
2013/07/02 17:21:14:013  ACTION: Write PRB FPGA: Address=0x3068 Data=0xDF
2013/07/02 17:21:14:028  ACTION: Write PRB FPGA: Address=0x306A Data=0x5D
2013/07/02 17:21:14:028  ACTION: Calibrate CC1020
2013/07/02 17:21:14:107  INFO:   CC1020 calibration passed
2013/07/02 17:21:14:419  ACTION: Read PRB FPGA: Address=0x2012 Data=0x00
2013/07/02 17:21:14:419  ACTION: Read C1020: Address 0x04 Data=0x35
2013/07/02 17:21:14:419  ACTION: Read C1020: Address 0x05 Data=0xF0
2013/07/02 17:21:14:419  ACTION: Read C1020: Address 0x06 Data=0x21
2013/07/02 17:21:14:419  ACTION: Read C1020: Address 0x07 Data=0x38
2013/07/02 17:21:14:419  ACTION: Read C1020: Address 0x08 Data=0x35
2013/07/02 17:21:14:419  ACTION: Read C1020: Address 0x09 Data=0xFA
2013/07/02 17:21:14:435  ACTION: Read C1020: Address 0x0A Data=0xCB
2013/07/02 17:21:14:435  ACTION: Read C1020: Address 0x0B Data=0x38
2013/07/02 17:21:14:435  ACTION: Read C1020: Address 0x1D Data=0x00
2013/07/02 17:21:14:435  ACTION: Read C1020: Address 0x45 Data=0x6C
2013/07/02 17:21:14:435  ACTION: Read C1020: Address 0x46 Data=0x66
2013/07/02 17:21:14:435  ACTION: Read C1020: Address 0x47 Data=0x44
2013/07/02 17:21:14:435  ACTION: Write C1020: Address=0x00 Data=0x1F
2013/07/02 17:21:14:513  ACTION: Write C1020: Address=0x0D Data=0x54
2013/07/02 17:21:14:607  ACTION: Write C1020: Address=0x00 Data=0xC1
2013/07/02 17:21:14:685  ACTION: Read C1020: Address 0x0D Data=0x54
2013/07/02 17:21:14:763  ACTION: Read C1020: Address 0x0E Data=0x59
2013/07/02 17:21:33:716  ACTION: Write C1020: Address=0x0E Data=0x59
2013/07/02 17:21:33:794  ACTION: Read C1020: Address 0x0D Data=0x54
2013/07/02 17:21:33:872  ACTION: Read C1020: Address 0x0E Data=0x59
2013/07/02 17:21:53:825  ACTION: Write PRB FPGA: Address=0x3024 Data=0x35
2013/07/02 17:21:53:825  ACTION: Write PRB FPGA: Address=0x3026 Data=0xF0
2013/07/02 17:21:53:825  ACTION: Write PRB FPGA: Address=0x3028 Data=0x21
2013/07/02 17:21:53:825  ACTION: Write PRB FPGA: Address=0x302C Data=0x35
2013/07/02 17:21:53:825  ACTION: Write PRB FPGA: Address=0x302E Data=0xFA
2013/07/02 17:21:53:825  ACTION: Write PRB FPGA: Address=0x3030 Data=0xCB
2013/07/02 17:21:53:825  ACTION: Write PRB FPGA: Address=0x305E Data=0x35
2013/07/02 17:21:53:841  ACTION: Write PRB FPGA: Address=0x3060 Data=0xC9
2013/07/02 17:21:53:841  ACTION: Write PRB FPGA: Address=0x3062 Data=0xB9
2013/07/02 17:21:53:841  ACTION: Write PRB FPGA: Address=0x3066 Data=0x35
2013/07/02 17:21:53:841  ACTION: Write PRB FPGA: Address=0x3068 Data=0xD4
2013/07/02 17:21:53:841  ACTION: Write PRB FPGA: Address=0x306A Data=0x65
2013/07/02 17:21:53:841  ACTION: Calibrate CC1020
2013/07/02 17:21:53:935  INFO:   CC1020 calibration passed
2013/07/02 17:21:54:232  ACTION: Read PRB FPGA: Address=0x2012 Data=0x00
2013/07/02 17:21:54:232  ACTION: Read C1020: Address 0x04 Data=0x35
2013/07/02 17:21:54:232  ACTION: Read C1020: Address 0x05 Data=0xF0
2013/07/02 17:21:54:247  ACTION: Read C1020: Address 0x06 Data=0x21
2013/07/02 17:21:54:247  ACTION: Read C1020: Address 0x07 Data=0x38
2013/07/02 17:21:54:247  ACTION: Read C1020: Address 0x08 Data=0x35
2013/07/02 17:21:54:247  ACTION: Read C1020: Address 0x09 Data=0xFA
2013/07/02 17:21:54:247  ACTION: Read C1020: Address 0x0A Data=0xCB
2013/07/02 17:21:54:247  ACTION: Read C1020: Address 0x0B Data=0x38
2013/07/02 17:21:54:247  ACTION: Read C1020: Address 0x1D Data=0x00
2013/07/02 17:21:54:247  ACTION: Read C1020: Address 0x45 Data=0x6C
2013/07/02 17:21:54:263  ACTION: Read C1020: Address 0x46 Data=0x66
2013/07/02 17:21:54:263  ACTION: Read C1020: Address 0x47 Data=0x44
2013/07/02 17:21:54:263  ACTION: Write C1020: Address=0x00 Data=0x1F
2013/07/02 17:21:54:341  ACTION: Write C1020: Address=0x0D Data=0x54
2013/07/02 17:21:54:419  ACTION: Write C1020: Address=0x00 Data=0xC1
2013/07/02 17:21:54:497  ACTION: Read C1020: Address 0x0D Data=0x54
2013/07/02 17:21:54:591  ACTION: Read C1020: Address 0x0E Data=0x59
2013/07/02 17:22:13:544  ACTION: Write C1020: Address=0x0E Data=0x59
2013/07/02 17:22:13:622  ACTION: Read C1020: Address 0x0D Data=0x54
2013/07/02 17:22:13:700  ACTION: Read C1020: Address 0x0E Data=0x59
2013/07/02 17:22:33:653  ACTION: Write PRB FPGA: Address=0x3024 Data=0x35
2013/07/02 17:22:33:653  ACTION: Write PRB FPGA: Address=0x3026 Data=0xF0
2013/07/02 17:22:33:653  ACTION: Write PRB FPGA: Address=0x3028 Data=0x21
2013/07/02 17:22:33:653  ACTION: Write PRB FPGA: Address=0x302C Data=0x35
2013/07/02 17:22:33:653  ACTION: Write PRB FPGA: Address=0x302E Data=0xFA
2013/07/02 17:22:33:653  ACTION: Write PRB FPGA: Address=0x3030 Data=0xCB
2013/07/02 17:22:33:653  ACTION: Write PRB FPGA: Address=0x305E Data=0x36
2013/07/02 17:22:33:653  ACTION: Write PRB FPGA: Address=0x3060 Data=0x13
2013/07/02 17:22:33:669  ACTION: Write PRB FPGA: Address=0x3062 Data=0x29
2013/07/02 17:22:33:669  ACTION: Write PRB FPGA: Address=0x3066 Data=0x36
2013/07/02 17:22:33:669  ACTION: Write PRB FPGA: Address=0x3068 Data=0x1D
2013/07/02 17:22:33:669  ACTION: Write PRB FPGA: Address=0x306A Data=0xD3
2013/07/02 17:22:33:669  ACTION: Calibrate CC1020
2013/07/02 17:22:33:763  INFO:   CC1020 calibration passed
2013/07/02 17:22:34:060  ACTION: Read PRB FPGA: Address=0x2012 Data=0x00
2013/07/02 17:22:34:060  ACTION: Read C1020: Address 0x04 Data=0x35
2013/07/02 17:22:34:060  ACTION: Read C1020: Address 0x05 Data=0xF0
2013/07/02 17:22:34:060  ACTION: Read C1020: Address 0x06 Data=0x21
2013/07/02 17:22:34:075  ACTION: Read C1020: Address 0x07 Data=0x38
2013/07/02 17:22:34:075  ACTION: Read C1020: Address 0x08 Data=0x35
2013/07/02 17:22:34:075  ACTION: Read C1020: Address 0x09 Data=0xFA
2013/07/02 17:22:34:075  ACTION: Read C1020: Address 0x0A Data=0xCB
2013/07/02 17:22:34:075  ACTION: Read C1020: Address 0x0B Data=0x38
2013/07/02 17:22:34:075  ACTION: Read C1020: Address 0x1D Data=0x00
2013/07/02 17:22:34:075  ACTION: Read C1020: Address 0x45 Data=0x6C
2013/07/02 17:22:34:075  ACTION: Read C1020: Address 0x46 Data=0x66
2013/07/02 17:22:34:091  ACTION: Read C1020: Address 0x47 Data=0x44
2013/07/02 17:22:34:091  ACTION: Write C1020: Address=0x00 Data=0x1F
2013/07/02 17:22:34:169  ACTION: Write C1020: Address=0x0D Data=0x54
2013/07/02 17:22:34:247  ACTION: Write C1020: Address=0x00 Data=0xC1
2013/07/02 17:22:34:341  ACTION: Read C1020: Address 0x0D Data=0x54
2013/07/02 17:22:34:419  ACTION: Read C1020: Address 0x0E Data=0x59
2013/07/02 17:22:53:372  ACTION: Write C1020: Address=0x0E Data=0x59
2013/07/02 17:22:53:450  ACTION: Read C1020: Address 0x0D Data=0x54
2013/07/02 17:22:53:528  ACTION: Read C1020: Address 0x0E Data=0x59
2013/07/02 17:23:13:482  ACTION: Write PRB FPGA: Address=0x3024 Data=0x35
2013/07/02 17:23:13:482  ACTION: Write PRB FPGA: Address=0x3026 Data=0xF0
2013/07/02 17:23:13:482  ACTION: Write PRB FPGA: Address=0x3028 Data=0x21
2013/07/02 17:23:13:482  ACTION: Write PRB FPGA: Address=0x302C Data=0x35
2013/07/02 17:23:13:482  ACTION: Write PRB FPGA: Address=0x302E Data=0xFA
2013/07/02 17:23:13:482  ACTION: Write PRB FPGA: Address=0x3030 Data=0xCB
2013/07/02 17:23:13:482  ACTION: Write PRB FPGA: Address=0x305E Data=0x35
2013/07/02 17:23:13:482  ACTION: Write PRB FPGA: Address=0x3060 Data=0xD4
2013/07/02 17:23:13:497  ACTION: Write PRB FPGA: Address=0x3062 Data=0x25
2013/07/02 17:23:13:497  ACTION: Write PRB FPGA: Address=0x3066 Data=0x35
2013/07/02 17:23:13:497  ACTION: Write PRB FPGA: Address=0x3068 Data=0xDE
2013/07/02 17:23:13:497  ACTION: Write PRB FPGA: Address=0x306A Data=0xCF
2013/07/02 17:23:13:497  ACTION: Calibrate CC1020
2013/07/02 17:23:13:591  INFO:   CC1020 calibration passed
2013/07/02 17:23:13:888  ACTION: Read PRB FPGA: Address=0x2012 Data=0x00
2013/07/02 17:23:13:888  ACTION: Read C1020: Address 0x04 Data=0x35
2013/07/02 17:23:13:888  ACTION: Read C1020: Address 0x05 Data=0xF0
2013/07/02 17:23:13:888  ACTION: Read C1020: Address 0x06 Data=0x21
2013/07/02 17:23:13:888  ACTION: Read C1020: Address 0x07 Data=0x38
2013/07/02 17:23:13:903  ACTION: Read C1020: Address 0x08 Data=0x35
2013/07/02 17:23:13:903  ACTION: Read C1020: Address 0x09 Data=0xFA
2013/07/02 17:23:13:903  ACTION: Read C1020: Address 0x0A Data=0xCB
2013/07/02 17:23:13:903  ACTION: Read C1020: Address 0x0B Data=0x38
2013/07/02 17:23:13:903  ACTION: Read C1020: Address 0x1D Data=0x00
2013/07/02 17:23:13:903  ACTION: Read C1020: Address 0x45 Data=0x6C
2013/07/02 17:23:13:903  ACTION: Read C1020: Address 0x46 Data=0x66
2013/07/02 17:23:13:903  ACTION: Read C1020: Address 0x47 Data=0x44
2013/07/02 17:23:13:903  ACTION: Write C1020: Address=0x00 Data=0x1F
2013/07/02 17:23:13:997  ACTION: Write C1020: Address=0x0D Data=0x54
2013/07/02 17:23:14:075  ACTION: Write C1020: Address=0x00 Data=0xC1
2013/07/02 17:23:14:153  ACTION: Read C1020: Address 0x0D Data=0x54
2013/07/02 17:23:14:232  ACTION: Read C1020: Address 0x0E Data=0x59
2013/07/02 17:23:33:185  ACTION: Write C1020: Address=0x0E Data=0x59
2013/07/02 17:23:33:278  ACTION: Read C1020: Address 0x0D Data=0x54
2013/07/02 17:23:33:357  ACTION: Read C1020: Address 0x0E Data=0x59
2013/07/02 17:23:53:310  ACTION: Write PRB FPGA: Address=0x3024 Data=0x35
2013/07/02 17:23:53:310  ACTION: Write PRB FPGA: Address=0x3026 Data=0xF0
2013/07/02 17:23:53:310  ACTION: Write PRB FPGA: Address=0x3028 Data=0x21
2013/07/02 17:23:53:310  ACTION: Write PRB FPGA: Address=0x302C Data=0x35
2013/07/02 17:23:53:325  ACTION: Write PRB FPGA: Address=0x302E Data=0xFA
2013/07/02 17:23:53:325  ACTION: Write PRB FPGA: Address=0x3030 Data=0xCB
2013/07/02 17:23:53:325  ACTION: Write PRB FPGA: Address=0x305E Data=0x35
2013/07/02 17:23:53:325  ACTION: Write PRB FPGA: Address=0x3060 Data=0xF0
2013/07/02 17:23:53:325  ACTION: Write PRB FPGA: Address=0x3062 Data=0x21
2013/07/02 17:23:53:325  ACTION: Write PRB FPGA: Address=0x3066 Data=0x35
2013/07/02 17:23:53:325  ACTION: Write PRB FPGA: Address=0x3068 Data=0xFA
2013/07/02 17:23:53:325  ACTION: Write PRB FPGA: Address=0x306A Data=0xCB
2013/07/02 17:23:53:325  ACTION: Calibrate CC1020
2013/07/02 17:23:53:419  INFO:   CC1020 calibration passed
2013/07/02 17:23:53:732  ACTION: Read PRB FPGA: Address=0x2012 Data=0x00
2013/07/02 17:23:53:732  ACTION: Read C1020: Address 0x04 Data=0x35
2013/07/02 17:23:53:732  ACTION: Read C1020: Address 0x05 Data=0xF0
2013/07/02 17:23:53:732  ACTION: Read C1020: Address 0x06 Data=0x21
2013/07/02 17:23:53:732  ACTION: Read C1020: Address 0x07 Data=0x38
2013/07/02 17:23:53:732  ACTION: Read C1020: Address 0x08 Data=0x35
2013/07/02 17:23:53:732  ACTION: Read C1020: Address 0x09 Data=0xFA
2013/07/02 17:23:53:732  ACTION: Read C1020: Address 0x0A Data=0xCB
2013/07/02 17:23:53:747  ACTION: Read C1020: Address 0x0B Data=0x38
2013/07/02 17:23:53:747  ACTION: Read C1020: Address 0x1D Data=0x00
2013/07/02 17:23:53:747  ACTION: Read C1020: Address 0x45 Data=0x6C
2013/07/02 17:23:53:747  ACTION: Read C1020: Address 0x46 Data=0x66
2013/07/02 17:23:53:747  ACTION: Read C1020: Address 0x47 Data=0x44
2013/07/02 17:23:53:747  ACTION: Write C1020: Address=0x00 Data=0x1F
2013/07/02 17:23:53:825  ACTION: Write C1020: Address=0x0D Data=0x54
2013/07/02 17:23:53:919  ACTION: Write C1020: Address=0x00 Data=0xC1
2013/07/02 17:23:53:997  ACTION: Read C1020: Address 0x0D Data=0x54
2013/07/02 17:23:54:075  ACTION: Read C1020: Address 0x0E Data=0x59
2013/07/02 17:24:13:028  ACTION: Write C1020: Address=0x0E Data=0x59
2013/07/02 17:24:13:107  ACTION: Read C1020: Address 0x0D Data=0x54
2013/07/02 17:24:13:200  ACTION: Read C1020: Address 0x0E Data=0x59
2013/07/02 17:24:32:138  ACTION: Write C1020: Address=0x00 Data=0x1F
2013/07/02 17:24:32:153  EVENT:  SCRIPT-EXEC:EXIT - TES.Dvt.ScriptExecStateMachine, ID[8]
2013/07/02 17:24:32:153  INFO:   Terminating ScriptEngineProcedure
2013/07/02 17:24:32:153  EVENT:  Terminate Dispatch, ID[15]
2013/07/02 17:24:32:153  EVENT:  TES.Dvt.ScriptExecStateMachine.DoneEvent, ID[6]
2013/07/02 17:24:32:153  STATE:  Changing state to ScriptExecStateMachine.IdleState, ID[6]
2013/07/02 17:24:32:169  INFO:   ScriptEngineProcedure Completed
2013/07/02 17:24:32:169  INFO:   Testcase Summary:
2013/07/02 17:24:32:169  RESULT: Test Procedure ScriptEngineProcedure (PASSED)
2013/07/02 17:24:32:169  INFO:   Procedure Runtime = 00:07:34
2013/07/02 17:24:32:185  INFO:   The event dispatch thread ScriptEngineProcedure exited.
