2013/07/02 19:02:19:849  INFO:   Loaded Symbol File C:\ISV System\Config\FirmwareSymbols\build33136.sym for firmware Build #33136
2013/07/02 19:02:19:911  INFO:   CommunicationSystemLog properties: .\CommunicationSystem.logger.properties
2013/07/02 19:02:19:911  INFO:   CommunicationSystemLog log       : .\logs\prbCalTxScriptLog 2013.07.02 19.02.19_CommunicationSystem.Log
2013/07/02 19:02:27:584  INFO:   Setting the event sink for ScriptEngineProcedure
2013/07/02 19:02:27:584  INFO:   Program parameters checks are enabled
2013/07/02 19:02:27:599  INFO:   ********************************************************************************
2013/07/02 19:02:27:599  INFO:   Starting ScriptEngineProcedure, Assembly  version 
2013/07/02 19:02:27:599  INFO:   Config: ICD (NCommunicationSystem ver: nCommunicationSystem, Version=1.8.2.1, Culture=neutral, PublicKeyToken=56b5378c99c0bcfd; FTDI Driver ver: 2.08.28.0; PRB FPGA ver: 18)
2013/07/02 19:02:27:599  INFO:   Setting the radio board transmit power to level 0x7.
2013/07/02 19:02:27:599  INFO:   Radio board power level set to 7.
2013/07/02 19:02:27:599  INFO:   ECG Timeout Interval set to 10 seconds.
2013/07/02 19:02:27:615  STATE:  Changing state to ScriptExecStateMachine.WaitForNextCmdState, ID[1]
2013/07/02 19:02:27:615  INFO:   FwDvtSystem Started the event processing thread
2013/07/02 19:02:27:693  ACTION: Read PRB FPGA: Address=0x3000 Data=0x12
2013/07/02 19:02:27:709  RESULT: FPGA 0x3000 Expected: 18 Actual: 18
2013/07/02 19:02:27:849  ACTION: Calibrate CC1020
2013/07/02 19:02:27:943  INFO:   CC1020 calibration passed
2013/07/02 19:02:27:959  ACTION: Read C1020: Address 0x04 Data=0x35
2013/07/02 19:02:27:959  ACTION: Read C1020: Address 0x05 Data=0xF0
2013/07/02 19:02:27:959  ACTION: Read C1020: Address 0x06 Data=0x21
2013/07/02 19:02:27:974  ACTION: Read C1020: Address 0x07 Data=0x38
2013/07/02 19:02:27:974  ACTION: Read C1020: Address 0x08 Data=0x35
2013/07/02 19:02:27:974  ACTION: Read C1020: Address 0x09 Data=0xFA
2013/07/02 19:02:27:974  ACTION: Read C1020: Address 0x0A Data=0xCB
2013/07/02 19:02:27:974  ACTION: Read C1020: Address 0x0B Data=0x38
2013/07/02 19:02:27:990  ACTION: Read C1020: Address 0x1D Data=0x00
2013/07/02 19:02:27:990  ACTION: Read C1020: Address 0x45 Data=0x6C
2013/07/02 19:02:27:990  ACTION: Read C1020: Address 0x46 Data=0x66
2013/07/02 19:02:27:990  ACTION: Read C1020: Address 0x47 Data=0x44
2013/07/02 19:02:32:553  ACTION: Write PRB FPGA: Address=0x3024 Data=0x35
2013/07/02 19:02:32:553  ACTION: Write PRB FPGA: Address=0x3026 Data=0xD8
2013/07/02 19:02:32:553  ACTION: Write PRB FPGA: Address=0x3028 Data=0x15
2013/07/02 19:02:32:553  ACTION: Write PRB FPGA: Address=0x302C Data=0x35
2013/07/02 19:02:32:553  ACTION: Write PRB FPGA: Address=0x302E Data=0xE2
2013/07/02 19:02:32:553  ACTION: Write PRB FPGA: Address=0x3030 Data=0xBF
2013/07/02 19:02:32:553  ACTION: Write PRB FPGA: Address=0x305E Data=0x35
2013/07/02 19:02:32:568  ACTION: Write PRB FPGA: Address=0x3060 Data=0xD8
2013/07/02 19:02:32:568  ACTION: Write PRB FPGA: Address=0x3062 Data=0x15
2013/07/02 19:02:32:568  ACTION: Write PRB FPGA: Address=0x3066 Data=0x35
2013/07/02 19:02:32:568  ACTION: Write PRB FPGA: Address=0x3068 Data=0xE2
2013/07/02 19:02:32:568  ACTION: Write PRB FPGA: Address=0x306A Data=0xBF
2013/07/02 19:02:32:568  ACTION: Calibrate CC1020
2013/07/02 19:02:32:662  INFO:   CC1020 calibration passed
2013/07/02 19:02:32:974  ACTION: Read PRB FPGA: Address=0x2012 Data=0x00
2013/07/02 19:02:32:974  ACTION: Read C1020: Address 0x04 Data=0x35
2013/07/02 19:02:32:974  ACTION: Read C1020: Address 0x05 Data=0xD8
2013/07/02 19:02:32:974  ACTION: Read C1020: Address 0x06 Data=0x15
2013/07/02 19:02:32:974  ACTION: Read C1020: Address 0x07 Data=0x38
2013/07/02 19:02:32:974  ACTION: Read C1020: Address 0x08 Data=0x35
2013/07/02 19:02:32:990  ACTION: Read C1020: Address 0x09 Data=0xE2
2013/07/02 19:02:32:990  ACTION: Read C1020: Address 0x0A Data=0xBF
2013/07/02 19:02:32:990  ACTION: Read C1020: Address 0x0B Data=0x38
2013/07/02 19:02:32:990  ACTION: Read C1020: Address 0x1D Data=0x00
2013/07/02 19:02:32:990  ACTION: Read C1020: Address 0x45 Data=0x6C
2013/07/02 19:02:32:990  ACTION: Read C1020: Address 0x46 Data=0x66
2013/07/02 19:02:32:990  ACTION: Read C1020: Address 0x47 Data=0x44
2013/07/02 19:02:32:990  ACTION: Write PRB FPGA: Address=0x3024 Data=0x35
2013/07/02 19:02:32:990  ACTION: Write PRB FPGA: Address=0x3026 Data=0xF0
2013/07/02 19:02:33:006  ACTION: Write PRB FPGA: Address=0x3028 Data=0x21
2013/07/02 19:02:33:006  ACTION: Write PRB FPGA: Address=0x302C Data=0x35
2013/07/02 19:02:33:006  ACTION: Write PRB FPGA: Address=0x302E Data=0xFA
2013/07/02 19:02:33:006  ACTION: Write PRB FPGA: Address=0x3030 Data=0xCB
2013/07/02 19:02:33:006  ACTION: Calibrate CC1020
2013/07/02 19:02:33:099  INFO:   CC1020 calibration passed
2013/07/02 19:02:33:396  ACTION: Read PRB FPGA: Address=0x2012 Data=0x00
2013/07/02 19:02:33:396  ACTION: Read C1020: Address 0x04 Data=0x35
2013/07/02 19:02:33:396  ACTION: Read C1020: Address 0x05 Data=0xF0
2013/07/02 19:02:33:396  ACTION: Read C1020: Address 0x06 Data=0x21
2013/07/02 19:02:33:412  ACTION: Read C1020: Address 0x07 Data=0x38
2013/07/02 19:02:33:412  ACTION: Read C1020: Address 0x08 Data=0x35
2013/07/02 19:02:33:412  ACTION: Read C1020: Address 0x09 Data=0xFA
2013/07/02 19:02:33:412  ACTION: Read C1020: Address 0x0A Data=0xCB
2013/07/02 19:02:33:412  ACTION: Read C1020: Address 0x0B Data=0x38
2013/07/02 19:02:33:412  ACTION: Read C1020: Address 0x1D Data=0x00
2013/07/02 19:02:33:412  ACTION: Read C1020: Address 0x45 Data=0x6C
2013/07/02 19:02:33:412  ACTION: Read C1020: Address 0x46 Data=0x66
2013/07/02 19:02:33:412  ACTION: Read C1020: Address 0x47 Data=0x44
2013/07/02 19:02:33:412  ACTION: Write PRB FPGA: Address=0x1008 Data=0x10
2013/07/02 19:02:33:818  ACTION: Read PRB FPGA: Address=0x1020 Data=0x00
2013/07/02 19:02:33:818  ACTION: Read PRB FPGA: Address=0x1026 Data=0x00
2013/07/02 19:02:33:834  ACTION: Read PRB FPGA: Address=0x1022 Data=0x1C
2013/07/02 19:02:33:834  ACTION: Read PRB FPGA: Address=0x1024 Data=0x1F
2013/07/02 19:02:33:834  ACTION: Read C1020: Address 0x04 Data=0x35
2013/07/02 19:02:33:834  ACTION: Read C1020: Address 0x05 Data=0xD8
2013/07/02 19:02:33:834  ACTION: Read C1020: Address 0x06 Data=0x15
2013/07/02 19:02:33:849  ACTION: Read C1020: Address 0x08 Data=0x35
2013/07/02 19:02:33:849  ACTION: Read C1020: Address 0x09 Data=0xE2
2013/07/02 19:02:33:849  ACTION: Read C1020: Address 0x0A Data=0xBF
2013/07/02 19:02:33:865  ACTION: Write C1020: Address=0x00 Data=0x01
2013/07/02 19:02:33:943  ACTION: Read C1020: Address 0x10 Data=0x22
2013/07/02 19:02:34:037  ACTION: Read C1020: Address 0x42 Data=0x17
2013/07/02 19:02:34:037  ACTION: Read C1020: Address 0x42 Data=0x17
2013/07/02 19:02:34:037  ACTION: Read C1020: Address 0x42 Data=0x1B
2013/07/02 19:02:34:037  ACTION: Read C1020: Address 0x42 Data=0x17
2013/07/02 19:02:34:037  ACTION: Read C1020: Address 0x42 Data=0x1A
2013/07/02 19:02:34:037  ACTION: Read C1020: Address 0x42 Data=0x17
2013/07/02 19:02:34:053  ACTION: Read C1020: Address 0x42 Data=0x1A
2013/07/02 19:02:34:053  ACTION: Read C1020: Address 0x42 Data=0x1C
2013/07/02 19:02:34:053  ACTION: Read C1020: Address 0x42 Data=0x17
2013/07/02 19:02:34:053  ACTION: Read C1020: Address 0x42 Data=0x17
2013/07/02 19:02:34:084  ACTION: Write C1020: Address=0x00 Data=0x1F
2013/07/02 19:02:34:178  ACTION: Read C1020: Address 0x0D Data=0x50
2013/07/02 19:02:34:256  ACTION: Read C1020: Address 0x0E Data=0x59
2013/07/02 19:02:34:334  ACTION: Write C1020: Address=0x00 Data=0xC1
2013/07/02 19:02:37:740  ACTION: Write C1020: Address=0x0E Data=0xD9
2013/07/02 19:02:37:818  ACTION: Read C1020: Address 0x0D Data=0x50
2013/07/02 19:02:37:912  ACTION: Read C1020: Address 0x0E Data=0xD9
2013/07/02 19:02:41:287  ACTION: Write C1020: Address=0x0E Data=0x59
2013/07/02 19:02:41:365  ACTION: Read C1020: Address 0x0D Data=0x50
2013/07/02 19:02:41:443  ACTION: Read C1020: Address 0x0E Data=0x59
2013/07/02 19:02:41:944  ACTION: Write C1020: Address=0x00 Data=0x1F
2013/07/02 19:02:43:037  ACTION: Write PRB FPGA: Address=0x3024 Data=0x35
2013/07/02 19:02:43:037  ACTION: Write PRB FPGA: Address=0x3026 Data=0xF0
2013/07/02 19:02:43:037  ACTION: Write PRB FPGA: Address=0x3028 Data=0x21
2013/07/02 19:02:43:037  ACTION: Write PRB FPGA: Address=0x302C Data=0x35
2013/07/02 19:02:43:037  ACTION: Write PRB FPGA: Address=0x302E Data=0xFA
2013/07/02 19:02:43:037  ACTION: Write PRB FPGA: Address=0x3030 Data=0xCB
2013/07/02 19:02:43:037  ACTION: Write PRB FPGA: Address=0x305E Data=0x35
2013/07/02 19:02:43:037  ACTION: Write PRB FPGA: Address=0x3060 Data=0xF0
2013/07/02 19:02:43:037  ACTION: Write PRB FPGA: Address=0x3062 Data=0x21
2013/07/02 19:02:43:053  ACTION: Write PRB FPGA: Address=0x3066 Data=0x35
2013/07/02 19:02:43:053  ACTION: Write PRB FPGA: Address=0x3068 Data=0xFA
2013/07/02 19:02:43:053  ACTION: Write PRB FPGA: Address=0x306A Data=0xCB
2013/07/02 19:02:43:053  ACTION: Calibrate CC1020
2013/07/02 19:02:43:131  INFO:   CC1020 calibration passed
2013/07/02 19:02:43:444  ACTION: Read PRB FPGA: Address=0x2012 Data=0x00
2013/07/02 19:02:43:444  ACTION: Read C1020: Address 0x04 Data=0x35
2013/07/02 19:02:43:444  ACTION: Read C1020: Address 0x05 Data=0xF0
2013/07/02 19:02:43:444  ACTION: Read C1020: Address 0x06 Data=0x21
2013/07/02 19:02:43:444  ACTION: Read C1020: Address 0x07 Data=0x38
2013/07/02 19:02:43:444  ACTION: Read C1020: Address 0x08 Data=0x35
2013/07/02 19:02:43:444  ACTION: Read C1020: Address 0x09 Data=0xFA
2013/07/02 19:02:43:444  ACTION: Read C1020: Address 0x0A Data=0xCB
2013/07/02 19:02:43:444  ACTION: Read C1020: Address 0x0B Data=0x38
2013/07/02 19:02:43:459  ACTION: Read C1020: Address 0x1D Data=0x00
2013/07/02 19:02:43:459  ACTION: Read C1020: Address 0x45 Data=0x6C
2013/07/02 19:02:43:459  ACTION: Read C1020: Address 0x46 Data=0x66
2013/07/02 19:02:43:459  ACTION: Read C1020: Address 0x47 Data=0x44
2013/07/02 19:02:43:459  ACTION: Write PRB FPGA: Address=0x3024 Data=0x35
2013/07/02 19:02:43:459  ACTION: Write PRB FPGA: Address=0x3026 Data=0xF0
2013/07/02 19:02:43:459  ACTION: Write PRB FPGA: Address=0x3028 Data=0x21
2013/07/02 19:02:43:459  ACTION: Write PRB FPGA: Address=0x302C Data=0x35
2013/07/02 19:02:43:459  ACTION: Write PRB FPGA: Address=0x302E Data=0xFA
2013/07/02 19:02:43:459  ACTION: Write PRB FPGA: Address=0x3030 Data=0xCB
2013/07/02 19:02:43:459  ACTION: Calibrate CC1020
2013/07/02 19:02:43:553  INFO:   CC1020 calibration passed
2013/07/02 19:02:43:850  ACTION: Read PRB FPGA: Address=0x2012 Data=0x00
2013/07/02 19:02:43:850  ACTION: Read C1020: Address 0x04 Data=0x35
2013/07/02 19:02:43:865  ACTION: Read C1020: Address 0x05 Data=0xF0
2013/07/02 19:02:43:865  ACTION: Read C1020: Address 0x06 Data=0x21
2013/07/02 19:02:43:865  ACTION: Read C1020: Address 0x07 Data=0x38
2013/07/02 19:02:43:865  ACTION: Read C1020: Address 0x08 Data=0x35
2013/07/02 19:02:43:865  ACTION: Read C1020: Address 0x09 Data=0xFA
2013/07/02 19:02:43:865  ACTION: Read C1020: Address 0x0A Data=0xCB
2013/07/02 19:02:43:865  ACTION: Read C1020: Address 0x0B Data=0x38
2013/07/02 19:02:43:865  ACTION: Read C1020: Address 0x1D Data=0x00
2013/07/02 19:02:43:865  ACTION: Read C1020: Address 0x45 Data=0x6C
2013/07/02 19:02:43:865  ACTION: Read C1020: Address 0x46 Data=0x66
2013/07/02 19:02:43:865  ACTION: Read C1020: Address 0x47 Data=0x44
2013/07/02 19:02:43:881  ACTION: Write PRB FPGA: Address=0x1008 Data=0x10
2013/07/02 19:02:44:272  ACTION: Read PRB FPGA: Address=0x1020 Data=0x01
2013/07/02 19:02:44:272  ACTION: Read PRB FPGA: Address=0x1026 Data=0x01
2013/07/02 19:02:44:272  ACTION: Read PRB FPGA: Address=0x1022 Data=0x1C
2013/07/02 19:02:44:287  ACTION: Read PRB FPGA: Address=0x1024 Data=0x1C
2013/07/02 19:02:44:287  ACTION: Read C1020: Address 0x04 Data=0x35
2013/07/02 19:02:44:287  ACTION: Read C1020: Address 0x05 Data=0xF0
2013/07/02 19:02:44:287  ACTION: Read C1020: Address 0x06 Data=0x21
2013/07/02 19:02:44:287  ACTION: Read C1020: Address 0x08 Data=0x35
2013/07/02 19:02:44:287  ACTION: Read C1020: Address 0x09 Data=0xFA
2013/07/02 19:02:44:287  ACTION: Read C1020: Address 0x0A Data=0xCB
2013/07/02 19:02:44:287  ACTION: Write C1020: Address=0x00 Data=0x01
2013/07/02 19:02:44:365  ACTION: Read C1020: Address 0x10 Data=0x22
2013/07/02 19:02:44:459  ACTION: Read C1020: Address 0x42 Data=0x1A
2013/07/02 19:02:44:459  ACTION: Read C1020: Address 0x42 Data=0x18
2013/07/02 19:02:44:459  ACTION: Read C1020: Address 0x42 Data=0x1A
2013/07/02 19:02:44:459  ACTION: Read C1020: Address 0x42 Data=0x17
2013/07/02 19:02:44:459  ACTION: Read C1020: Address 0x42 Data=0x17
2013/07/02 19:02:44:459  ACTION: Read C1020: Address 0x42 Data=0x1A
2013/07/02 19:02:44:459  ACTION: Read C1020: Address 0x42 Data=0x17
2013/07/02 19:02:44:459  ACTION: Read C1020: Address 0x42 Data=0x19
2013/07/02 19:02:44:459  ACTION: Read C1020: Address 0x42 Data=0x17
2013/07/02 19:02:44:475  ACTION: Read C1020: Address 0x42 Data=0x17
2013/07/02 19:02:44:475  ACTION: Write C1020: Address=0x00 Data=0x1F
2013/07/02 19:02:44:553  ACTION: Read C1020: Address 0x0D Data=0x50
2013/07/02 19:02:44:631  ACTION: Read C1020: Address 0x0E Data=0x59
2013/07/02 19:02:44:709  ACTION: Write C1020: Address=0x00 Data=0xC1
2013/07/02 19:02:48:053  ACTION: Write C1020: Address=0x0E Data=0xD9
2013/07/02 19:02:48:131  ACTION: Read C1020: Address 0x0D Data=0x50
2013/07/02 19:02:48:209  ACTION: Read C1020: Address 0x0E Data=0xD9
2013/07/02 19:02:51:553  ACTION: Write C1020: Address=0x0E Data=0x59
2013/07/02 19:02:51:631  ACTION: Read C1020: Address 0x0D Data=0x50
2013/07/02 19:02:51:710  ACTION: Read C1020: Address 0x0E Data=0x59
2013/07/02 19:02:52:210  ACTION: Write C1020: Address=0x00 Data=0x1F
2013/07/02 19:02:53:303  ACTION: Write PRB FPGA: Address=0x3024 Data=0x35
2013/07/02 19:02:53:303  ACTION: Write PRB FPGA: Address=0x3026 Data=0xCC
2013/07/02 19:02:53:303  ACTION: Write PRB FPGA: Address=0x3028 Data=0xD3
2013/07/02 19:02:53:303  ACTION: Write PRB FPGA: Address=0x302C Data=0x35
2013/07/02 19:02:53:303  ACTION: Write PRB FPGA: Address=0x302E Data=0xD7
2013/07/02 19:02:53:303  ACTION: Write PRB FPGA: Address=0x3030 Data=0x7F
2013/07/02 19:02:53:303  ACTION: Write PRB FPGA: Address=0x305E Data=0x35
2013/07/02 19:02:53:319  ACTION: Write PRB FPGA: Address=0x3060 Data=0xCC
2013/07/02 19:02:53:319  ACTION: Write PRB FPGA: Address=0x3062 Data=0xD3
2013/07/02 19:02:53:319  ACTION: Write PRB FPGA: Address=0x3066 Data=0x35
2013/07/02 19:02:53:319  ACTION: Write PRB FPGA: Address=0x3068 Data=0xD7
2013/07/02 19:02:53:319  ACTION: Write PRB FPGA: Address=0x306A Data=0x7F
2013/07/02 19:02:53:319  ACTION: Calibrate CC1020
2013/07/02 19:02:53:413  INFO:   CC1020 calibration passed
2013/07/02 19:02:53:710  ACTION: Read PRB FPGA: Address=0x2012 Data=0x00
2013/07/02 19:02:53:710  ACTION: Read C1020: Address 0x04 Data=0x35
2013/07/02 19:02:53:725  ACTION: Read C1020: Address 0x05 Data=0xCC
2013/07/02 19:02:53:725  ACTION: Read C1020: Address 0x06 Data=0xD3
2013/07/02 19:02:53:725  ACTION: Read C1020: Address 0x07 Data=0x38
2013/07/02 19:02:53:725  ACTION: Read C1020: Address 0x08 Data=0x35
2013/07/02 19:02:53:725  ACTION: Read C1020: Address 0x09 Data=0xD7
2013/07/02 19:02:53:725  ACTION: Read C1020: Address 0x0A Data=0x7F
2013/07/02 19:02:53:725  ACTION: Read C1020: Address 0x0B Data=0x38
2013/07/02 19:02:53:725  ACTION: Read C1020: Address 0x1D Data=0x00
2013/07/02 19:02:53:725  ACTION: Read C1020: Address 0x45 Data=0x6C
2013/07/02 19:02:53:725  ACTION: Read C1020: Address 0x46 Data=0x66
2013/07/02 19:02:53:741  ACTION: Read C1020: Address 0x47 Data=0x44
2013/07/02 19:02:53:741  ACTION: Write PRB FPGA: Address=0x3024 Data=0x35
2013/07/02 19:02:53:741  ACTION: Write PRB FPGA: Address=0x3026 Data=0xF0
2013/07/02 19:02:53:741  ACTION: Write PRB FPGA: Address=0x3028 Data=0x21
2013/07/02 19:02:53:741  ACTION: Write PRB FPGA: Address=0x302C Data=0x35
2013/07/02 19:02:53:741  ACTION: Write PRB FPGA: Address=0x302E Data=0xFA
2013/07/02 19:02:53:741  ACTION: Write PRB FPGA: Address=0x3030 Data=0xCB
2013/07/02 19:02:53:741  ACTION: Calibrate CC1020
2013/07/02 19:02:53:835  INFO:   CC1020 calibration passed
2013/07/02 19:02:54:131  ACTION: Read PRB FPGA: Address=0x2012 Data=0x00
2013/07/02 19:02:54:131  ACTION: Read C1020: Address 0x04 Data=0x35
2013/07/02 19:02:54:131  ACTION: Read C1020: Address 0x05 Data=0xF0
2013/07/02 19:02:54:131  ACTION: Read C1020: Address 0x06 Data=0x21
2013/07/02 19:02:54:131  ACTION: Read C1020: Address 0x07 Data=0x38
2013/07/02 19:02:54:131  ACTION: Read C1020: Address 0x08 Data=0x35
2013/07/02 19:02:54:147  ACTION: Read C1020: Address 0x09 Data=0xFA
2013/07/02 19:02:54:147  ACTION: Read C1020: Address 0x0A Data=0xCB
2013/07/02 19:02:54:147  ACTION: Read C1020: Address 0x0B Data=0x38
2013/07/02 19:02:54:147  ACTION: Read C1020: Address 0x1D Data=0x00
2013/07/02 19:02:54:147  ACTION: Read C1020: Address 0x45 Data=0x6C
2013/07/02 19:02:54:147  ACTION: Read C1020: Address 0x46 Data=0x66
2013/07/02 19:02:54:147  ACTION: Read C1020: Address 0x47 Data=0x44
2013/07/02 19:02:54:147  ACTION: Write PRB FPGA: Address=0x1008 Data=0x10
2013/07/02 19:02:54:553  ACTION: Read PRB FPGA: Address=0x1020 Data=0x00
2013/07/02 19:02:54:553  ACTION: Read PRB FPGA: Address=0x1026 Data=0x00
2013/07/02 19:02:54:553  ACTION: Read PRB FPGA: Address=0x1022 Data=0x1C
2013/07/02 19:02:54:553  ACTION: Read PRB FPGA: Address=0x1024 Data=0x20
2013/07/02 19:02:54:553  ACTION: Read C1020: Address 0x04 Data=0x35
2013/07/02 19:02:54:553  ACTION: Read C1020: Address 0x05 Data=0xCC
2013/07/02 19:02:54:569  ACTION: Read C1020: Address 0x06 Data=0xD3
2013/07/02 19:02:54:569  ACTION: Read C1020: Address 0x08 Data=0x35
2013/07/02 19:02:54:569  ACTION: Read C1020: Address 0x09 Data=0xD7
2013/07/02 19:02:54:569  ACTION: Read C1020: Address 0x0A Data=0x7F
2013/07/02 19:02:54:569  ACTION: Write C1020: Address=0x00 Data=0x01
2013/07/02 19:02:54:647  ACTION: Read C1020: Address 0x10 Data=0x22
2013/07/02 19:02:54:725  ACTION: Read C1020: Address 0x42 Data=0x16
2013/07/02 19:02:54:725  ACTION: Read C1020: Address 0x42 Data=0x16
2013/07/02 19:02:54:741  ACTION: Read C1020: Address 0x42 Data=0x19
2013/07/02 19:02:54:741  ACTION: Read C1020: Address 0x42 Data=0x19
2013/07/02 19:02:54:741  ACTION: Read C1020: Address 0x42 Data=0x1B
2013/07/02 19:02:54:741  ACTION: Read C1020: Address 0x42 Data=0x1C
2013/07/02 19:02:54:741  ACTION: Read C1020: Address 0x42 Data=0x1A
2013/07/02 19:02:54:741  ACTION: Read C1020: Address 0x42 Data=0x1D
2013/07/02 19:02:54:741  ACTION: Read C1020: Address 0x42 Data=0x16
2013/07/02 19:02:54:741  ACTION: Read C1020: Address 0x42 Data=0x1A
2013/07/02 19:02:54:741  ACTION: Write C1020: Address=0x00 Data=0x1F
2013/07/02 19:02:54:835  ACTION: Read C1020: Address 0x0D Data=0x50
2013/07/02 19:02:54:913  ACTION: Read C1020: Address 0x0E Data=0x59
2013/07/02 19:02:54:991  ACTION: Write C1020: Address=0x00 Data=0xC1
2013/07/02 19:02:58:319  ACTION: Write C1020: Address=0x0E Data=0xD9
2013/07/02 19:02:58:397  ACTION: Read C1020: Address 0x0D Data=0x50
2013/07/02 19:02:58:475  ACTION: Read C1020: Address 0x0E Data=0xD9
2013/07/02 19:03:01:851  ACTION: Write C1020: Address=0x0E Data=0x59
2013/07/02 19:03:01:944  ACTION: Read C1020: Address 0x0D Data=0x50
2013/07/02 19:03:02:022  ACTION: Read C1020: Address 0x0E Data=0x59
2013/07/02 19:03:02:522  ACTION: Write C1020: Address=0x00 Data=0x1F
2013/07/02 19:03:03:601  ACTION: Write PRB FPGA: Address=0x3024 Data=0x36
2013/07/02 19:03:03:601  ACTION: Write PRB FPGA: Address=0x3026 Data=0x16
2013/07/02 19:03:03:601  ACTION: Write PRB FPGA: Address=0x3028 Data=0x87
2013/07/02 19:03:03:601  ACTION: Write PRB FPGA: Address=0x302C Data=0x36
2013/07/02 19:03:03:616  ACTION: Write PRB FPGA: Address=0x302E Data=0x21
2013/07/02 19:03:03:616  ACTION: Write PRB FPGA: Address=0x3030 Data=0x31
2013/07/02 19:03:03:616  ACTION: Write PRB FPGA: Address=0x305E Data=0x36
2013/07/02 19:03:03:616  ACTION: Write PRB FPGA: Address=0x3060 Data=0x16
2013/07/02 19:03:03:616  ACTION: Write PRB FPGA: Address=0x3062 Data=0x87
2013/07/02 19:03:03:616  ACTION: Write PRB FPGA: Address=0x3066 Data=0x36
2013/07/02 19:03:03:616  ACTION: Write PRB FPGA: Address=0x3068 Data=0x21
2013/07/02 19:03:03:632  ACTION: Write PRB FPGA: Address=0x306A Data=0x31
2013/07/02 19:03:03:632  ACTION: Calibrate CC1020
2013/07/02 19:03:03:726  INFO:   CC1020 calibration passed
2013/07/02 19:03:04:022  ACTION: Read PRB FPGA: Address=0x2012 Data=0x00
2013/07/02 19:03:04:022  ACTION: Read C1020: Address 0x04 Data=0x36
2013/07/02 19:03:04:022  ACTION: Read C1020: Address 0x05 Data=0x16
2013/07/02 19:03:04:022  ACTION: Read C1020: Address 0x06 Data=0x87
2013/07/02 19:03:04:022  ACTION: Read C1020: Address 0x07 Data=0x38
2013/07/02 19:03:04:038  ACTION: Read C1020: Address 0x08 Data=0x36
2013/07/02 19:03:04:038  ACTION: Read C1020: Address 0x09 Data=0x21
2013/07/02 19:03:04:038  ACTION: Read C1020: Address 0x0A Data=0x31
2013/07/02 19:03:04:038  ACTION: Read C1020: Address 0x0B Data=0x38
2013/07/02 19:03:04:038  ACTION: Read C1020: Address 0x1D Data=0x00
2013/07/02 19:03:04:038  ACTION: Read C1020: Address 0x45 Data=0x5C
2013/07/02 19:03:04:038  ACTION: Read C1020: Address 0x46 Data=0x67
2013/07/02 19:03:04:038  ACTION: Read C1020: Address 0x47 Data=0x44
2013/07/02 19:03:04:038  ACTION: Write PRB FPGA: Address=0x3024 Data=0x35
2013/07/02 19:03:04:038  ACTION: Write PRB FPGA: Address=0x3026 Data=0xF0
2013/07/02 19:03:04:038  ACTION: Write PRB FPGA: Address=0x3028 Data=0x21
2013/07/02 19:03:04:038  ACTION: Write PRB FPGA: Address=0x302C Data=0x35
2013/07/02 19:03:04:038  ACTION: Write PRB FPGA: Address=0x302E Data=0xFA
2013/07/02 19:03:04:038  ACTION: Write PRB FPGA: Address=0x3030 Data=0xCB
2013/07/02 19:03:04:054  ACTION: Calibrate CC1020
2013/07/02 19:03:04:132  INFO:   CC1020 calibration passed
2013/07/02 19:03:04:444  ACTION: Read PRB FPGA: Address=0x2012 Data=0x00
2013/07/02 19:03:04:444  ACTION: Read C1020: Address 0x04 Data=0x35
2013/07/02 19:03:04:444  ACTION: Read C1020: Address 0x05 Data=0xF0
2013/07/02 19:03:04:444  ACTION: Read C1020: Address 0x06 Data=0x21
2013/07/02 19:03:04:444  ACTION: Read C1020: Address 0x07 Data=0x38
2013/07/02 19:03:04:444  ACTION: Read C1020: Address 0x08 Data=0x35
2013/07/02 19:03:04:444  ACTION: Read C1020: Address 0x09 Data=0xFA
2013/07/02 19:03:04:444  ACTION: Read C1020: Address 0x0A Data=0xCB
2013/07/02 19:03:04:444  ACTION: Read C1020: Address 0x0B Data=0x38
2013/07/02 19:03:04:460  ACTION: Read C1020: Address 0x1D Data=0x00
2013/07/02 19:03:04:460  ACTION: Read C1020: Address 0x45 Data=0x6C
2013/07/02 19:03:04:460  ACTION: Read C1020: Address 0x46 Data=0x66
2013/07/02 19:03:04:460  ACTION: Read C1020: Address 0x47 Data=0x44
2013/07/02 19:03:04:460  ACTION: Write PRB FPGA: Address=0x1008 Data=0x10
2013/07/02 19:03:04:866  ACTION: Read PRB FPGA: Address=0x1020 Data=0x01
2013/07/02 19:03:04:866  ACTION: Read PRB FPGA: Address=0x1026 Data=0x01
2013/07/02 19:03:04:866  ACTION: Read PRB FPGA: Address=0x1022 Data=0x1F
2013/07/02 19:03:04:866  ACTION: Read PRB FPGA: Address=0x1024 Data=0x1B
2013/07/02 19:03:04:866  ACTION: Read C1020: Address 0x04 Data=0x36
2013/07/02 19:03:04:866  ACTION: Read C1020: Address 0x05 Data=0x16
2013/07/02 19:03:04:866  ACTION: Read C1020: Address 0x06 Data=0x87
2013/07/02 19:03:04:866  ACTION: Read C1020: Address 0x08 Data=0x36
2013/07/02 19:03:04:866  ACTION: Read C1020: Address 0x09 Data=0x21
2013/07/02 19:03:04:866  ACTION: Read C1020: Address 0x0A Data=0x31
2013/07/02 19:03:04:866  ACTION: Write C1020: Address=0x00 Data=0x01
2013/07/02 19:03:04:960  ACTION: Read C1020: Address 0x10 Data=0x22
2013/07/02 19:03:05:038  ACTION: Read C1020: Address 0x42 Data=0x17
2013/07/02 19:03:05:038  ACTION: Read C1020: Address 0x42 Data=0x16
2013/07/02 19:03:05:038  ACTION: Read C1020: Address 0x42 Data=0x19
2013/07/02 19:03:05:038  ACTION: Read C1020: Address 0x42 Data=0x16
2013/07/02 19:03:05:054  ACTION: Read C1020: Address 0x42 Data=0x1A
2013/07/02 19:03:05:054  ACTION: Read C1020: Address 0x42 Data=0x19
2013/07/02 19:03:05:054  ACTION: Read C1020: Address 0x42 Data=0x18
2013/07/02 19:03:05:054  ACTION: Read C1020: Address 0x42 Data=0x14
2013/07/02 19:03:05:054  ACTION: Read C1020: Address 0x42 Data=0x16
2013/07/02 19:03:05:054  ACTION: Read C1020: Address 0x42 Data=0x19
2013/07/02 19:03:05:054  ACTION: Write C1020: Address=0x00 Data=0x1F
2013/07/02 19:03:05:132  ACTION: Read C1020: Address 0x0D Data=0x50
2013/07/02 19:03:05:226  ACTION: Read C1020: Address 0x0E Data=0x59
2013/07/02 19:03:05:304  ACTION: Write C1020: Address=0x00 Data=0xC1
2013/07/02 19:03:08:632  ACTION: Write C1020: Address=0x0E Data=0xD9
2013/07/02 19:03:08:710  ACTION: Read C1020: Address 0x0D Data=0x50
2013/07/02 19:03:08:788  ACTION: Read C1020: Address 0x0E Data=0xD9
2013/07/02 19:03:12:101  ACTION: Write C1020: Address=0x0E Data=0x59
2013/07/02 19:03:12:179  ACTION: Read C1020: Address 0x0D Data=0x50
2013/07/02 19:03:12:273  ACTION: Read C1020: Address 0x0E Data=0x59
2013/07/02 19:03:12:773  ACTION: Write C1020: Address=0x00 Data=0x1F
2013/07/02 19:03:13:851  ACTION: Write PRB FPGA: Address=0x3024 Data=0x35
2013/07/02 19:03:13:851  ACTION: Write PRB FPGA: Address=0x3026 Data=0xD4
2013/07/02 19:03:13:851  ACTION: Write PRB FPGA: Address=0x3028 Data=0xB3
2013/07/02 19:03:13:867  ACTION: Write PRB FPGA: Address=0x302C Data=0x35
2013/07/02 19:03:13:867  ACTION: Write PRB FPGA: Address=0x302E Data=0xDF
2013/07/02 19:03:13:867  ACTION: Write PRB FPGA: Address=0x3030 Data=0x5D
2013/07/02 19:03:13:867  ACTION: Write PRB FPGA: Address=0x305E Data=0x35
2013/07/02 19:03:13:867  ACTION: Write PRB FPGA: Address=0x3060 Data=0xD4
2013/07/02 19:03:13:867  ACTION: Write PRB FPGA: Address=0x3062 Data=0xB3
2013/07/02 19:03:13:867  ACTION: Write PRB FPGA: Address=0x3066 Data=0x35
2013/07/02 19:03:13:867  ACTION: Write PRB FPGA: Address=0x3068 Data=0xDF
2013/07/02 19:03:13:882  ACTION: Write PRB FPGA: Address=0x306A Data=0x5D
2013/07/02 19:03:13:882  ACTION: Calibrate CC1020
2013/07/02 19:03:13:976  INFO:   CC1020 calibration passed
2013/07/02 19:03:14:273  ACTION: Read PRB FPGA: Address=0x2012 Data=0x00
2013/07/02 19:03:14:273  ACTION: Read C1020: Address 0x04 Data=0x35
2013/07/02 19:03:14:273  ACTION: Read C1020: Address 0x05 Data=0xD4
2013/07/02 19:03:14:289  ACTION: Read C1020: Address 0x06 Data=0xB3
2013/07/02 19:03:14:289  ACTION: Read C1020: Address 0x07 Data=0x38
2013/07/02 19:03:14:289  ACTION: Read C1020: Address 0x08 Data=0x35
2013/07/02 19:03:14:289  ACTION: Read C1020: Address 0x09 Data=0xDF
2013/07/02 19:03:14:289  ACTION: Read C1020: Address 0x0A Data=0x5D
2013/07/02 19:03:14:289  ACTION: Read C1020: Address 0x0B Data=0x38
2013/07/02 19:03:14:289  ACTION: Read C1020: Address 0x1D Data=0x00
2013/07/02 19:03:14:289  ACTION: Read C1020: Address 0x45 Data=0x6C
2013/07/02 19:03:14:289  ACTION: Read C1020: Address 0x46 Data=0x66
2013/07/02 19:03:14:289  ACTION: Read C1020: Address 0x47 Data=0x44
2013/07/02 19:03:14:289  ACTION: Write PRB FPGA: Address=0x3024 Data=0x35
2013/07/02 19:03:14:289  ACTION: Write PRB FPGA: Address=0x3026 Data=0xF0
2013/07/02 19:03:14:304  ACTION: Write PRB FPGA: Address=0x3028 Data=0x21
2013/07/02 19:03:14:304  ACTION: Write PRB FPGA: Address=0x302C Data=0x35
2013/07/02 19:03:14:304  ACTION: Write PRB FPGA: Address=0x302E Data=0xFA
2013/07/02 19:03:14:304  ACTION: Write PRB FPGA: Address=0x3030 Data=0xCB
2013/07/02 19:03:14:304  ACTION: Calibrate CC1020
2013/07/02 19:03:14:382  INFO:   CC1020 calibration passed
2013/07/02 19:03:14:695  ACTION: Read PRB FPGA: Address=0x2012 Data=0x00
2013/07/02 19:03:14:695  ACTION: Read C1020: Address 0x04 Data=0x35
2013/07/02 19:03:14:695  ACTION: Read C1020: Address 0x05 Data=0xF0
2013/07/02 19:03:14:695  ACTION: Read C1020: Address 0x06 Data=0x21
2013/07/02 19:03:14:695  ACTION: Read C1020: Address 0x07 Data=0x38
2013/07/02 19:03:14:695  ACTION: Read C1020: Address 0x08 Data=0x35
2013/07/02 19:03:14:695  ACTION: Read C1020: Address 0x09 Data=0xFA
2013/07/02 19:03:14:710  ACTION: Read C1020: Address 0x0A Data=0xCB
2013/07/02 19:03:14:710  ACTION: Read C1020: Address 0x0B Data=0x38
2013/07/02 19:03:14:710  ACTION: Read C1020: Address 0x1D Data=0x00
2013/07/02 19:03:14:710  ACTION: Read C1020: Address 0x45 Data=0x6C
2013/07/02 19:03:14:710  ACTION: Read C1020: Address 0x46 Data=0x66
2013/07/02 19:03:14:710  ACTION: Read C1020: Address 0x47 Data=0x44
2013/07/02 19:03:14:710  ACTION: Write PRB FPGA: Address=0x1008 Data=0x10
2013/07/02 19:03:15:117  ACTION: Read PRB FPGA: Address=0x1020 Data=0x00
2013/07/02 19:03:15:117  ACTION: Read PRB FPGA: Address=0x1026 Data=0x00
2013/07/02 19:03:15:117  ACTION: Read PRB FPGA: Address=0x1022 Data=0x1F
2013/07/02 19:03:15:117  ACTION: Read PRB FPGA: Address=0x1024 Data=0x1F
2013/07/02 19:03:15:117  ACTION: Read C1020: Address 0x04 Data=0x35
2013/07/02 19:03:15:117  ACTION: Read C1020: Address 0x05 Data=0xD4
2013/07/02 19:03:15:117  ACTION: Read C1020: Address 0x06 Data=0xB3
2013/07/02 19:03:15:117  ACTION: Read C1020: Address 0x08 Data=0x35
2013/07/02 19:03:15:132  ACTION: Read C1020: Address 0x09 Data=0xDF
2013/07/02 19:03:15:132  ACTION: Read C1020: Address 0x0A Data=0x5D
2013/07/02 19:03:15:132  ACTION: Write C1020: Address=0x00 Data=0x01
2013/07/02 19:03:15:210  ACTION: Read C1020: Address 0x10 Data=0x22
2013/07/02 19:03:15:289  ACTION: Read C1020: Address 0x42 Data=0x13
2013/07/02 19:03:15:289  ACTION: Read C1020: Address 0x42 Data=0x18
2013/07/02 19:03:15:289  ACTION: Read C1020: Address 0x42 Data=0x18
2013/07/02 19:03:15:289  ACTION: Read C1020: Address 0x42 Data=0x17
2013/07/02 19:03:15:304  ACTION: Read C1020: Address 0x42 Data=0x14
2013/07/02 19:03:15:304  ACTION: Read C1020: Address 0x42 Data=0x15
2013/07/02 19:03:15:304  ACTION: Read C1020: Address 0x42 Data=0x18
2013/07/02 19:03:15:304  ACTION: Read C1020: Address 0x42 Data=0x18
2013/07/02 19:03:15:304  ACTION: Read C1020: Address 0x42 Data=0x1A
2013/07/02 19:03:15:304  ACTION: Read C1020: Address 0x42 Data=0x18
2013/07/02 19:03:15:304  ACTION: Write C1020: Address=0x00 Data=0x1F
2013/07/02 19:03:15:382  ACTION: Read C1020: Address 0x0D Data=0x50
2013/07/02 19:03:15:476  ACTION: Read C1020: Address 0x0E Data=0x59
2013/07/02 19:03:15:554  ACTION: Write C1020: Address=0x00 Data=0xC1
2013/07/02 19:03:18:851  ACTION: Write C1020: Address=0x0E Data=0xD9
2013/07/02 19:03:18:945  ACTION: Read C1020: Address 0x0D Data=0x50
2013/07/02 19:03:19:023  ACTION: Read C1020: Address 0x0E Data=0xD9
2013/07/02 19:03:22:336  ACTION: Write C1020: Address=0x0E Data=0x59
2013/07/02 19:03:22:414  ACTION: Read C1020: Address 0x0D Data=0x50
2013/07/02 19:03:22:492  ACTION: Read C1020: Address 0x0E Data=0x59
2013/07/02 19:03:22:992  ACTION: Write C1020: Address=0x00 Data=0x1F
2013/07/02 19:03:24:086  ACTION: Write PRB FPGA: Address=0x3024 Data=0x35
2013/07/02 19:03:24:086  ACTION: Write PRB FPGA: Address=0x3026 Data=0xC9
2013/07/02 19:03:24:086  ACTION: Write PRB FPGA: Address=0x3028 Data=0xB9
2013/07/02 19:03:24:086  ACTION: Write PRB FPGA: Address=0x302C Data=0x35
2013/07/02 19:03:24:086  ACTION: Write PRB FPGA: Address=0x302E Data=0xD4
2013/07/02 19:03:24:086  ACTION: Write PRB FPGA: Address=0x3030 Data=0x65
2013/07/02 19:03:24:101  ACTION: Write PRB FPGA: Address=0x305E Data=0x35
2013/07/02 19:03:24:101  ACTION: Write PRB FPGA: Address=0x3060 Data=0xC9
2013/07/02 19:03:24:101  ACTION: Write PRB FPGA: Address=0x3062 Data=0xB9
2013/07/02 19:03:24:101  ACTION: Write PRB FPGA: Address=0x3066 Data=0x35
2013/07/02 19:03:24:101  ACTION: Write PRB FPGA: Address=0x3068 Data=0xD4
2013/07/02 19:03:24:101  ACTION: Write PRB FPGA: Address=0x306A Data=0x65
2013/07/02 19:03:24:101  ACTION: Calibrate CC1020
2013/07/02 19:03:24:195  INFO:   CC1020 calibration passed
2013/07/02 19:03:24:508  ACTION: Read PRB FPGA: Address=0x2012 Data=0x00
2013/07/02 19:03:24:508  ACTION: Read C1020: Address 0x04 Data=0x35
2013/07/02 19:03:24:508  ACTION: Read C1020: Address 0x05 Data=0xC9
2013/07/02 19:03:24:508  ACTION: Read C1020: Address 0x06 Data=0xB9
2013/07/02 19:03:24:508  ACTION: Read C1020: Address 0x07 Data=0x38
2013/07/02 19:03:24:508  ACTION: Read C1020: Address 0x08 Data=0x35
2013/07/02 19:03:24:508  ACTION: Read C1020: Address 0x09 Data=0xD4
2013/07/02 19:03:24:508  ACTION: Read C1020: Address 0x0A Data=0x65
2013/07/02 19:03:24:508  ACTION: Read C1020: Address 0x0B Data=0x38
2013/07/02 19:03:24:508  ACTION: Read C1020: Address 0x1D Data=0x00
2013/07/02 19:03:24:523  ACTION: Read C1020: Address 0x45 Data=0x6C
2013/07/02 19:03:24:523  ACTION: Read C1020: Address 0x46 Data=0x66
2013/07/02 19:03:24:523  ACTION: Read C1020: Address 0x47 Data=0x44
2013/07/02 19:03:24:523  ACTION: Write PRB FPGA: Address=0x3024 Data=0x35
2013/07/02 19:03:24:523  ACTION: Write PRB FPGA: Address=0x3026 Data=0xF0
2013/07/02 19:03:24:523  ACTION: Write PRB FPGA: Address=0x3028 Data=0x21
2013/07/02 19:03:24:523  ACTION: Write PRB FPGA: Address=0x302C Data=0x35
2013/07/02 19:03:24:523  ACTION: Write PRB FPGA: Address=0x302E Data=0xFA
2013/07/02 19:03:24:523  ACTION: Write PRB FPGA: Address=0x3030 Data=0xCB
2013/07/02 19:03:24:523  ACTION: Calibrate CC1020
2013/07/02 19:03:24:617  INFO:   CC1020 calibration passed
2013/07/02 19:03:24:914  ACTION: Read PRB FPGA: Address=0x2012 Data=0x00
2013/07/02 19:03:24:914  ACTION: Read C1020: Address 0x04 Data=0x35
2013/07/02 19:03:24:930  ACTION: Read C1020: Address 0x05 Data=0xF0
2013/07/02 19:03:24:930  ACTION: Read C1020: Address 0x06 Data=0x21
2013/07/02 19:03:24:930  ACTION: Read C1020: Address 0x07 Data=0x38
2013/07/02 19:03:24:930  ACTION: Read C1020: Address 0x08 Data=0x35
2013/07/02 19:03:24:930  ACTION: Read C1020: Address 0x09 Data=0xFA
2013/07/02 19:03:24:930  ACTION: Read C1020: Address 0x0A Data=0xCB
2013/07/02 19:03:24:930  ACTION: Read C1020: Address 0x0B Data=0x38
2013/07/02 19:03:24:930  ACTION: Read C1020: Address 0x1D Data=0x00
2013/07/02 19:03:24:930  ACTION: Read C1020: Address 0x45 Data=0x6C
2013/07/02 19:03:24:930  ACTION: Read C1020: Address 0x46 Data=0x66
2013/07/02 19:03:24:930  ACTION: Read C1020: Address 0x47 Data=0x44
2013/07/02 19:03:24:930  ACTION: Write PRB FPGA: Address=0x1008 Data=0x10
2013/07/02 19:03:25:336  ACTION: Read PRB FPGA: Address=0x1020 Data=0x00
2013/07/02 19:03:25:336  ACTION: Read PRB FPGA: Address=0x1026 Data=0x00
2013/07/02 19:03:25:336  ACTION: Read PRB FPGA: Address=0x1022 Data=0x1F
2013/07/02 19:03:25:336  ACTION: Read PRB FPGA: Address=0x1024 Data=0x1F
2013/07/02 19:03:25:336  ACTION: Read C1020: Address 0x04 Data=0x35
2013/07/02 19:03:25:351  ACTION: Read C1020: Address 0x05 Data=0xC9
2013/07/02 19:03:25:351  ACTION: Read C1020: Address 0x06 Data=0xB9
2013/07/02 19:03:25:351  ACTION: Read C1020: Address 0x08 Data=0x35
2013/07/02 19:03:25:351  ACTION: Read C1020: Address 0x09 Data=0xD4
2013/07/02 19:03:25:351  ACTION: Read C1020: Address 0x0A Data=0x65
2013/07/02 19:03:25:351  ACTION: Write C1020: Address=0x00 Data=0x01
2013/07/02 19:03:25:430  ACTION: Read C1020: Address 0x10 Data=0x22
2013/07/02 19:03:25:508  ACTION: Read C1020: Address 0x42 Data=0x1A
2013/07/02 19:03:25:508  ACTION: Read C1020: Address 0x42 Data=0x1A
2013/07/02 19:03:25:508  ACTION: Read C1020: Address 0x42 Data=0x19
2013/07/02 19:03:25:523  ACTION: Read C1020: Address 0x42 Data=0x19
2013/07/02 19:03:25:523  ACTION: Read C1020: Address 0x42 Data=0x17
2013/07/02 19:03:25:523  ACTION: Read C1020: Address 0x42 Data=0x14
2013/07/02 19:03:25:523  ACTION: Read C1020: Address 0x42 Data=0x19
2013/07/02 19:03:25:523  ACTION: Read C1020: Address 0x42 Data=0x1C
2013/07/02 19:03:25:523  ACTION: Read C1020: Address 0x42 Data=0x18
2013/07/02 19:03:25:523  ACTION: Read C1020: Address 0x42 Data=0x17
2013/07/02 19:03:25:523  ACTION: Write C1020: Address=0x00 Data=0x1F
2013/07/02 19:03:25:601  ACTION: Read C1020: Address 0x0D Data=0x50
2013/07/02 19:03:25:695  ACTION: Read C1020: Address 0x0E Data=0x59
2013/07/02 19:03:25:773  ACTION: Write C1020: Address=0x00 Data=0xC1
2013/07/02 19:03:29:086  ACTION: Write C1020: Address=0x0E Data=0xD9
2013/07/02 19:03:29:164  ACTION: Read C1020: Address 0x0D Data=0x50
2013/07/02 19:03:29:242  ACTION: Read C1020: Address 0x0E Data=0xD9
2013/07/02 19:03:32:586  ACTION: Write C1020: Address=0x0E Data=0x59
2013/07/02 19:03:32:664  ACTION: Read C1020: Address 0x0D Data=0x50
2013/07/02 19:03:32:742  ACTION: Read C1020: Address 0x0E Data=0x59
2013/07/02 19:03:33:242  ACTION: Write C1020: Address=0x00 Data=0x1F
2013/07/02 19:03:34:336  ACTION: Write PRB FPGA: Address=0x3024 Data=0x36
2013/07/02 19:03:34:336  ACTION: Write PRB FPGA: Address=0x3026 Data=0x13
2013/07/02 19:03:34:336  ACTION: Write PRB FPGA: Address=0x3028 Data=0x29
2013/07/02 19:03:34:336  ACTION: Write PRB FPGA: Address=0x302C Data=0x36
2013/07/02 19:03:34:336  ACTION: Write PRB FPGA: Address=0x302E Data=0x1D
2013/07/02 19:03:34:336  ACTION: Write PRB FPGA: Address=0x3030 Data=0xD3
2013/07/02 19:03:34:336  ACTION: Write PRB FPGA: Address=0x305E Data=0x36
2013/07/02 19:03:34:352  ACTION: Write PRB FPGA: Address=0x3060 Data=0x13
2013/07/02 19:03:34:352  ACTION: Write PRB FPGA: Address=0x3062 Data=0x29
2013/07/02 19:03:34:352  ACTION: Write PRB FPGA: Address=0x3066 Data=0x36
2013/07/02 19:03:34:352  ACTION: Write PRB FPGA: Address=0x3068 Data=0x1D
2013/07/02 19:03:34:352  ACTION: Write PRB FPGA: Address=0x306A Data=0xD3
2013/07/02 19:03:34:352  ACTION: Calibrate CC1020
2013/07/02 19:03:34:446  INFO:   CC1020 calibration passed
2013/07/02 19:03:34:758  ACTION: Read PRB FPGA: Address=0x2012 Data=0x00
2013/07/02 19:03:34:758  ACTION: Read C1020: Address 0x04 Data=0x36
2013/07/02 19:03:34:758  ACTION: Read C1020: Address 0x05 Data=0x13
2013/07/02 19:03:34:758  ACTION: Read C1020: Address 0x06 Data=0x29
2013/07/02 19:03:34:758  ACTION: Read C1020: Address 0x07 Data=0x38
2013/07/02 19:03:34:758  ACTION: Read C1020: Address 0x08 Data=0x36
2013/07/02 19:03:34:758  ACTION: Read C1020: Address 0x09 Data=0x1D
2013/07/02 19:03:34:758  ACTION: Read C1020: Address 0x0A Data=0xD3
2013/07/02 19:03:34:758  ACTION: Read C1020: Address 0x0B Data=0x38
2013/07/02 19:03:34:758  ACTION: Read C1020: Address 0x1D Data=0x00
2013/07/02 19:03:34:774  ACTION: Read C1020: Address 0x45 Data=0x5C
2013/07/02 19:03:34:774  ACTION: Read C1020: Address 0x46 Data=0x67
2013/07/02 19:03:34:774  ACTION: Read C1020: Address 0x47 Data=0x44
2013/07/02 19:03:34:774  ACTION: Write PRB FPGA: Address=0x3024 Data=0x35
2013/07/02 19:03:34:774  ACTION: Write PRB FPGA: Address=0x3026 Data=0xF0
2013/07/02 19:03:34:774  ACTION: Write PRB FPGA: Address=0x3028 Data=0x21
2013/07/02 19:03:34:774  ACTION: Write PRB FPGA: Address=0x302C Data=0x35
2013/07/02 19:03:34:774  ACTION: Write PRB FPGA: Address=0x302E Data=0xFA
2013/07/02 19:03:34:774  ACTION: Write PRB FPGA: Address=0x3030 Data=0xCB
2013/07/02 19:03:34:774  ACTION: Calibrate CC1020
2013/07/02 19:03:34:867  INFO:   CC1020 calibration passed
2013/07/02 19:03:35:164  ACTION: Read PRB FPGA: Address=0x2012 Data=0x00
2013/07/02 19:03:35:164  ACTION: Read C1020: Address 0x04 Data=0x35
2013/07/02 19:03:35:164  ACTION: Read C1020: Address 0x05 Data=0xF0
2013/07/02 19:03:35:164  ACTION: Read C1020: Address 0x06 Data=0x21
2013/07/02 19:03:35:180  ACTION: Read C1020: Address 0x07 Data=0x38
2013/07/02 19:03:35:180  ACTION: Read C1020: Address 0x08 Data=0x35
2013/07/02 19:03:35:180  ACTION: Read C1020: Address 0x09 Data=0xFA
2013/07/02 19:03:35:180  ACTION: Read C1020: Address 0x0A Data=0xCB
2013/07/02 19:03:35:180  ACTION: Read C1020: Address 0x0B Data=0x38
2013/07/02 19:03:35:180  ACTION: Read C1020: Address 0x1D Data=0x00
2013/07/02 19:03:35:180  ACTION: Read C1020: Address 0x45 Data=0x6C
2013/07/02 19:03:35:180  ACTION: Read C1020: Address 0x46 Data=0x66
2013/07/02 19:03:35:180  ACTION: Read C1020: Address 0x47 Data=0x44
2013/07/02 19:03:35:180  ACTION: Write PRB FPGA: Address=0x1008 Data=0x10
2013/07/02 19:03:35:586  ACTION: Read PRB FPGA: Address=0x1020 Data=0x00
2013/07/02 19:03:35:586  ACTION: Read PRB FPGA: Address=0x1026 Data=0x00
2013/07/02 19:03:35:586  ACTION: Read PRB FPGA: Address=0x1022 Data=0x1F
2013/07/02 19:03:35:586  ACTION: Read PRB FPGA: Address=0x1024 Data=0x1F
2013/07/02 19:03:35:586  ACTION: Read C1020: Address 0x04 Data=0x36
2013/07/02 19:03:35:602  ACTION: Read C1020: Address 0x05 Data=0x13
2013/07/02 19:03:35:602  ACTION: Read C1020: Address 0x06 Data=0x29
2013/07/02 19:03:35:602  ACTION: Read C1020: Address 0x08 Data=0x36
2013/07/02 19:03:35:602  ACTION: Read C1020: Address 0x09 Data=0x1D
2013/07/02 19:03:35:602  ACTION: Read C1020: Address 0x0A Data=0xD3
2013/07/02 19:03:35:602  ACTION: Write C1020: Address=0x00 Data=0x01
2013/07/02 19:03:35:680  ACTION: Read C1020: Address 0x10 Data=0x22
2013/07/02 19:03:35:758  ACTION: Read C1020: Address 0x42 Data=0x16
2013/07/02 19:03:35:758  ACTION: Read C1020: Address 0x42 Data=0x1A
2013/07/02 19:03:35:774  ACTION: Read C1020: Address 0x42 Data=0x18
2013/07/02 19:03:35:774  ACTION: Read C1020: Address 0x42 Data=0x1B
2013/07/02 19:03:35:774  ACTION: Read C1020: Address 0x42 Data=0x1A
2013/07/02 19:03:35:774  ACTION: Read C1020: Address 0x42 Data=0x16
2013/07/02 19:03:35:774  ACTION: Read C1020: Address 0x42 Data=0x15
2013/07/02 19:03:35:774  ACTION: Read C1020: Address 0x42 Data=0x19
2013/07/02 19:03:35:774  ACTION: Read C1020: Address 0x42 Data=0x19
2013/07/02 19:03:35:774  ACTION: Read C1020: Address 0x42 Data=0x16
2013/07/02 19:03:35:774  ACTION: Write C1020: Address=0x00 Data=0x1F
2013/07/02 19:03:35:852  ACTION: Read C1020: Address 0x0D Data=0x50
2013/07/02 19:03:35:946  ACTION: Read C1020: Address 0x0E Data=0x59
2013/07/02 19:03:36:024  ACTION: Write C1020: Address=0x00 Data=0xC1
2013/07/02 19:03:39:368  ACTION: Write C1020: Address=0x0E Data=0xD9
2013/07/02 19:03:39:446  ACTION: Read C1020: Address 0x0D Data=0x50
2013/07/02 19:03:39:539  ACTION: Read C1020: Address 0x0E Data=0xD9
2013/07/02 19:03:42:836  ACTION: Write C1020: Address=0x0E Data=0x59
2013/07/02 19:03:42:915  ACTION: Read C1020: Address 0x0D Data=0x50
2013/07/02 19:03:43:008  ACTION: Read C1020: Address 0x0E Data=0x59
2013/07/02 19:03:43:508  ACTION: Write C1020: Address=0x00 Data=0x1F
2013/07/02 19:03:44:587  ACTION: Write PRB FPGA: Address=0x3024 Data=0x35
2013/07/02 19:03:44:587  ACTION: Write PRB FPGA: Address=0x3026 Data=0xD4
2013/07/02 19:03:44:587  ACTION: Write PRB FPGA: Address=0x3028 Data=0x25
2013/07/02 19:03:44:602  ACTION: Write PRB FPGA: Address=0x302C Data=0x35
2013/07/02 19:03:44:602  ACTION: Write PRB FPGA: Address=0x302E Data=0xDE
2013/07/02 19:03:44:602  ACTION: Write PRB FPGA: Address=0x3030 Data=0xCF
2013/07/02 19:03:44:602  ACTION: Write PRB FPGA: Address=0x305E Data=0x35
2013/07/02 19:03:44:602  ACTION: Write PRB FPGA: Address=0x3060 Data=0xD4
2013/07/02 19:03:44:602  ACTION: Write PRB FPGA: Address=0x3062 Data=0x25
2013/07/02 19:03:44:602  ACTION: Write PRB FPGA: Address=0x3066 Data=0x35
2013/07/02 19:03:44:602  ACTION: Write PRB FPGA: Address=0x3068 Data=0xDE
2013/07/02 19:03:44:618  ACTION: Write PRB FPGA: Address=0x306A Data=0xCF
2013/07/02 19:03:44:618  ACTION: Calibrate CC1020
2013/07/02 19:03:44:712  INFO:   CC1020 calibration passed
2013/07/02 19:03:45:008  ACTION: Read PRB FPGA: Address=0x2012 Data=0x00
2013/07/02 19:03:45:008  ACTION: Read C1020: Address 0x04 Data=0x35
2013/07/02 19:03:45:008  ACTION: Read C1020: Address 0x05 Data=0xD4
2013/07/02 19:03:45:008  ACTION: Read C1020: Address 0x06 Data=0x25
2013/07/02 19:03:45:024  ACTION: Read C1020: Address 0x07 Data=0x38
2013/07/02 19:03:45:024  ACTION: Read C1020: Address 0x08 Data=0x35
2013/07/02 19:03:45:024  ACTION: Read C1020: Address 0x09 Data=0xDE
2013/07/02 19:03:45:024  ACTION: Read C1020: Address 0x0A Data=0xCF
2013/07/02 19:03:45:024  ACTION: Read C1020: Address 0x0B Data=0x38
2013/07/02 19:03:45:024  ACTION: Read C1020: Address 0x1D Data=0x00
2013/07/02 19:03:45:024  ACTION: Read C1020: Address 0x45 Data=0x6C
2013/07/02 19:03:45:024  ACTION: Read C1020: Address 0x46 Data=0x66
2013/07/02 19:03:45:024  ACTION: Read C1020: Address 0x47 Data=0x44
2013/07/02 19:03:45:024  ACTION: Write PRB FPGA: Address=0x3024 Data=0x35
2013/07/02 19:03:45:024  ACTION: Write PRB FPGA: Address=0x3026 Data=0xF0
2013/07/02 19:03:45:024  ACTION: Write PRB FPGA: Address=0x3028 Data=0x21
2013/07/02 19:03:45:024  ACTION: Write PRB FPGA: Address=0x302C Data=0x35
2013/07/02 19:03:45:040  ACTION: Write PRB FPGA: Address=0x302E Data=0xFA
2013/07/02 19:03:45:040  ACTION: Write PRB FPGA: Address=0x3030 Data=0xCB
2013/07/02 19:03:45:040  ACTION: Calibrate CC1020
2013/07/02 19:03:45:118  INFO:   CC1020 calibration passed
2013/07/02 19:03:45:430  ACTION: Read PRB FPGA: Address=0x2012 Data=0x00
2013/07/02 19:03:45:430  ACTION: Read C1020: Address 0x04 Data=0x35
2013/07/02 19:03:45:430  ACTION: Read C1020: Address 0x05 Data=0xF0
2013/07/02 19:03:45:430  ACTION: Read C1020: Address 0x06 Data=0x21
2013/07/02 19:03:45:430  ACTION: Read C1020: Address 0x07 Data=0x38
2013/07/02 19:03:45:430  ACTION: Read C1020: Address 0x08 Data=0x35
2013/07/02 19:03:45:430  ACTION: Read C1020: Address 0x09 Data=0xFA
2013/07/02 19:03:45:446  ACTION: Read C1020: Address 0x0A Data=0xCB
2013/07/02 19:03:45:446  ACTION: Read C1020: Address 0x0B Data=0x38
2013/07/02 19:03:45:446  ACTION: Read C1020: Address 0x1D Data=0x00
2013/07/02 19:03:45:446  ACTION: Read C1020: Address 0x45 Data=0x6C
2013/07/02 19:03:45:446  ACTION: Read C1020: Address 0x46 Data=0x66
2013/07/02 19:03:45:446  ACTION: Read C1020: Address 0x47 Data=0x44
2013/07/02 19:03:45:446  ACTION: Write PRB FPGA: Address=0x1008 Data=0x10
2013/07/02 19:03:45:852  ACTION: Read PRB FPGA: Address=0x1020 Data=0x00
2013/07/02 19:03:45:852  ACTION: Read PRB FPGA: Address=0x1026 Data=0x00
2013/07/02 19:03:45:852  ACTION: Read PRB FPGA: Address=0x1022 Data=0x1F
2013/07/02 19:03:45:852  ACTION: Read PRB FPGA: Address=0x1024 Data=0x1F
2013/07/02 19:03:45:852  ACTION: Read C1020: Address 0x04 Data=0x35
2013/07/02 19:03:45:852  ACTION: Read C1020: Address 0x05 Data=0xD4
2013/07/02 19:03:45:852  ACTION: Read C1020: Address 0x06 Data=0x25
2013/07/02 19:03:45:852  ACTION: Read C1020: Address 0x08 Data=0x35
2013/07/02 19:03:45:852  ACTION: Read C1020: Address 0x09 Data=0xDE
2013/07/02 19:03:45:868  ACTION: Read C1020: Address 0x0A Data=0xCF
2013/07/02 19:03:45:868  ACTION: Write C1020: Address=0x00 Data=0x01
2013/07/02 19:03:45:946  ACTION: Read C1020: Address 0x10 Data=0x22
2013/07/02 19:03:46:024  ACTION: Read C1020: Address 0x42 Data=0x1A
2013/07/02 19:03:46:024  ACTION: Read C1020: Address 0x42 Data=0x19
2013/07/02 19:03:46:024  ACTION: Read C1020: Address 0x42 Data=0x19
2013/07/02 19:03:46:024  ACTION: Read C1020: Address 0x42 Data=0x16
2013/07/02 19:03:46:024  ACTION: Read C1020: Address 0x42 Data=0x18
2013/07/02 19:03:46:024  ACTION: Read C1020: Address 0x42 Data=0x18
2013/07/02 19:03:46:040  ACTION: Read C1020: Address 0x42 Data=0x18
2013/07/02 19:03:46:040  ACTION: Read C1020: Address 0x42 Data=0x19
2013/07/02 19:03:46:040  ACTION: Read C1020: Address 0x42 Data=0x15
2013/07/02 19:03:46:040  ACTION: Read C1020: Address 0x42 Data=0x16
2013/07/02 19:03:46:040  ACTION: Write C1020: Address=0x00 Data=0x1F
2013/07/02 19:03:46:118  ACTION: Read C1020: Address 0x0D Data=0x50
2013/07/02 19:03:46:196  ACTION: Read C1020: Address 0x0E Data=0x59
2013/07/02 19:03:46:290  ACTION: Write C1020: Address=0x00 Data=0xC1
2013/07/02 19:03:49:587  ACTION: Write C1020: Address=0x0E Data=0xD9
2013/07/02 19:03:49:665  ACTION: Read C1020: Address 0x0D Data=0x50
2013/07/02 19:03:49:743  ACTION: Read C1020: Address 0x0E Data=0xD9
2013/07/02 19:03:53:056  ACTION: Write C1020: Address=0x0E Data=0x59
2013/07/02 19:03:53:134  ACTION: Read C1020: Address 0x0D Data=0x50
2013/07/02 19:03:53:212  ACTION: Read C1020: Address 0x0E Data=0x59
2013/07/02 19:03:53:712  ACTION: Write C1020: Address=0x00 Data=0x1F
2013/07/02 19:03:54:806  ACTION: Write PRB FPGA: Address=0x3024 Data=0x35
2013/07/02 19:03:54:806  ACTION: Write PRB FPGA: Address=0x3026 Data=0xF0
2013/07/02 19:03:54:806  ACTION: Write PRB FPGA: Address=0x3028 Data=0x21
2013/07/02 19:03:54:806  ACTION: Write PRB FPGA: Address=0x302C Data=0x35
2013/07/02 19:03:54:806  ACTION: Write PRB FPGA: Address=0x302E Data=0xFA
2013/07/02 19:03:54:806  ACTION: Write PRB FPGA: Address=0x3030 Data=0xCB
2013/07/02 19:03:54:806  ACTION: Write PRB FPGA: Address=0x305E Data=0x35
2013/07/02 19:03:54:821  ACTION: Write PRB FPGA: Address=0x3060 Data=0xF0
2013/07/02 19:03:54:821  ACTION: Write PRB FPGA: Address=0x3062 Data=0x21
2013/07/02 19:03:54:821  ACTION: Write PRB FPGA: Address=0x3066 Data=0x35
2013/07/02 19:03:54:821  ACTION: Write PRB FPGA: Address=0x3068 Data=0xFA
2013/07/02 19:03:54:821  ACTION: Write PRB FPGA: Address=0x306A Data=0xCB
2013/07/02 19:03:54:821  ACTION: Calibrate CC1020
2013/07/02 19:03:54:915  INFO:   CC1020 calibration passed
2013/07/02 19:03:55:212  ACTION: Read PRB FPGA: Address=0x2012 Data=0x00
2013/07/02 19:03:55:212  ACTION: Read C1020: Address 0x04 Data=0x35
2013/07/02 19:03:55:212  ACTION: Read C1020: Address 0x05 Data=0xF0
2013/07/02 19:03:55:212  ACTION: Read C1020: Address 0x06 Data=0x21
2013/07/02 19:03:55:212  ACTION: Read C1020: Address 0x07 Data=0x38
2013/07/02 19:03:55:212  ACTION: Read C1020: Address 0x08 Data=0x35
2013/07/02 19:03:55:228  ACTION: Read C1020: Address 0x09 Data=0xFA
2013/07/02 19:03:55:228  ACTION: Read C1020: Address 0x0A Data=0xCB
2013/07/02 19:03:55:228  ACTION: Read C1020: Address 0x0B Data=0x38
2013/07/02 19:03:55:228  ACTION: Read C1020: Address 0x1D Data=0x00
2013/07/02 19:03:55:228  ACTION: Read C1020: Address 0x45 Data=0x6C
2013/07/02 19:03:55:228  ACTION: Read C1020: Address 0x46 Data=0x66
2013/07/02 19:03:55:228  ACTION: Read C1020: Address 0x47 Data=0x44
2013/07/02 19:03:55:228  ACTION: Write PRB FPGA: Address=0x3024 Data=0x35
2013/07/02 19:03:55:228  ACTION: Write PRB FPGA: Address=0x3026 Data=0xF0
2013/07/02 19:03:55:228  ACTION: Write PRB FPGA: Address=0x3028 Data=0x21
2013/07/02 19:03:55:228  ACTION: Write PRB FPGA: Address=0x302C Data=0x35
2013/07/02 19:03:55:228  ACTION: Write PRB FPGA: Address=0x302E Data=0xFA
2013/07/02 19:03:55:243  ACTION: Write PRB FPGA: Address=0x3030 Data=0xCB
2013/07/02 19:03:55:243  ACTION: Calibrate CC1020
2013/07/02 19:03:55:321  INFO:   CC1020 calibration passed
2013/07/02 19:03:55:634  ACTION: Read PRB FPGA: Address=0x2012 Data=0x00
2013/07/02 19:03:55:634  ACTION: Read C1020: Address 0x04 Data=0x35
2013/07/02 19:03:55:634  ACTION: Read C1020: Address 0x05 Data=0xF0
2013/07/02 19:03:55:634  ACTION: Read C1020: Address 0x06 Data=0x21
2013/07/02 19:03:55:634  ACTION: Read C1020: Address 0x07 Data=0x38
2013/07/02 19:03:55:634  ACTION: Read C1020: Address 0x08 Data=0x35
2013/07/02 19:03:55:634  ACTION: Read C1020: Address 0x09 Data=0xFA
2013/07/02 19:03:55:634  ACTION: Read C1020: Address 0x0A Data=0xCB
2013/07/02 19:03:55:634  ACTION: Read C1020: Address 0x0B Data=0x38
2013/07/02 19:03:55:649  ACTION: Read C1020: Address 0x1D Data=0x00
2013/07/02 19:03:55:649  ACTION: Read C1020: Address 0x45 Data=0x6C
2013/07/02 19:03:55:649  ACTION: Read C1020: Address 0x46 Data=0x66
2013/07/02 19:03:55:649  ACTION: Read C1020: Address 0x47 Data=0x44
2013/07/02 19:03:55:649  ACTION: Write PRB FPGA: Address=0x1008 Data=0x10
2013/07/02 19:03:56:056  ACTION: Read PRB FPGA: Address=0x1020 Data=0x01
2013/07/02 19:03:56:056  ACTION: Read PRB FPGA: Address=0x1026 Data=0x01
2013/07/02 19:03:56:056  ACTION: Read PRB FPGA: Address=0x1022 Data=0x1F
2013/07/02 19:03:56:056  ACTION: Read PRB FPGA: Address=0x1024 Data=0x1C
2013/07/02 19:03:56:056  ACTION: Read C1020: Address 0x04 Data=0x35
2013/07/02 19:03:56:056  ACTION: Read C1020: Address 0x05 Data=0xF0
2013/07/02 19:03:56:056  ACTION: Read C1020: Address 0x06 Data=0x21
2013/07/02 19:03:56:056  ACTION: Read C1020: Address 0x08 Data=0x35
2013/07/02 19:03:56:056  ACTION: Read C1020: Address 0x09 Data=0xFA
2013/07/02 19:03:56:071  ACTION: Read C1020: Address 0x0A Data=0xCB
2013/07/02 19:03:56:071  ACTION: Write C1020: Address=0x00 Data=0x01
2013/07/02 19:03:56:149  ACTION: Read C1020: Address 0x10 Data=0x22
2013/07/02 19:03:56:228  ACTION: Read C1020: Address 0x42 Data=0x1B
2013/07/02 19:03:56:228  ACTION: Read C1020: Address 0x42 Data=0x15
2013/07/02 19:03:56:228  ACTION: Read C1020: Address 0x42 Data=0x19
2013/07/02 19:03:56:228  ACTION: Read C1020: Address 0x42 Data=0x17
2013/07/02 19:03:56:228  ACTION: Read C1020: Address 0x42 Data=0x18
2013/07/02 19:03:56:228  ACTION: Read C1020: Address 0x42 Data=0x15
2013/07/02 19:03:56:243  ACTION: Read C1020: Address 0x42 Data=0x18
2013/07/02 19:03:56:243  ACTION: Read C1020: Address 0x42 Data=0x18
2013/07/02 19:03:56:243  ACTION: Read C1020: Address 0x42 Data=0x1B
2013/07/02 19:03:56:243  ACTION: Read C1020: Address 0x42 Data=0x16
2013/07/02 19:03:56:243  ACTION: Write C1020: Address=0x00 Data=0x1F
2013/07/02 19:03:56:321  ACTION: Read C1020: Address 0x0D Data=0x50
2013/07/02 19:03:56:399  ACTION: Read C1020: Address 0x0E Data=0x59
2013/07/02 19:03:56:478  ACTION: Write C1020: Address=0x00 Data=0xC1
2013/07/02 19:03:59:790  ACTION: Write C1020: Address=0x0E Data=0xD9
2013/07/02 19:03:59:884  ACTION: Read C1020: Address 0x0D Data=0x50
2013/07/02 19:03:59:962  ACTION: Read C1020: Address 0x0E Data=0xD9
2013/07/02 19:04:03:244  ACTION: Write C1020: Address=0x0E Data=0x59
2013/07/02 19:04:03:337  ACTION: Read C1020: Address 0x0D Data=0x50
2013/07/02 19:04:03:415  ACTION: Read C1020: Address 0x0E Data=0x59
2013/07/02 19:04:03:915  ACTION: Write C1020: Address=0x00 Data=0x1F
2013/07/02 19:04:03:994  ACTION: Write PRB FPGA: Address=0x3024 Data=0x35
2013/07/02 19:04:03:994  ACTION: Write PRB FPGA: Address=0x3026 Data=0xF0
2013/07/02 19:04:03:994  ACTION: Write PRB FPGA: Address=0x3028 Data=0x21
2013/07/02 19:04:04:009  ACTION: Write PRB FPGA: Address=0x302C Data=0x35
2013/07/02 19:04:04:009  ACTION: Write PRB FPGA: Address=0x302E Data=0xFA
2013/07/02 19:04:04:009  ACTION: Write PRB FPGA: Address=0x3030 Data=0xCB
2013/07/02 19:04:04:009  ACTION: Write PRB FPGA: Address=0x305E Data=0x35
2013/07/02 19:04:04:009  ACTION: Write PRB FPGA: Address=0x3060 Data=0xD8
2013/07/02 19:04:04:009  ACTION: Write PRB FPGA: Address=0x3062 Data=0x15
2013/07/02 19:04:04:009  ACTION: Write PRB FPGA: Address=0x3066 Data=0x35
2013/07/02 19:04:04:009  ACTION: Write PRB FPGA: Address=0x3068 Data=0xE2
2013/07/02 19:04:04:009  ACTION: Write PRB FPGA: Address=0x306A Data=0xBF
2013/07/02 19:04:04:009  ACTION: Calibrate CC1020
2013/07/02 19:04:04:103  INFO:   CC1020 calibration passed
2013/07/02 19:04:04:400  ACTION: Read PRB FPGA: Address=0x2012 Data=0x00
2013/07/02 19:04:04:400  ACTION: Read C1020: Address 0x04 Data=0x35
2013/07/02 19:04:04:400  ACTION: Read C1020: Address 0x05 Data=0xF0
2013/07/02 19:04:04:400  ACTION: Read C1020: Address 0x06 Data=0x21
2013/07/02 19:04:04:400  ACTION: Read C1020: Address 0x07 Data=0x38
2013/07/02 19:04:04:415  ACTION: Read C1020: Address 0x08 Data=0x35
2013/07/02 19:04:04:415  ACTION: Read C1020: Address 0x09 Data=0xFA
2013/07/02 19:04:04:415  ACTION: Read C1020: Address 0x0A Data=0xCB
2013/07/02 19:04:04:415  ACTION: Read C1020: Address 0x0B Data=0x38
2013/07/02 19:04:04:415  ACTION: Read C1020: Address 0x1D Data=0x00
2013/07/02 19:04:04:415  ACTION: Read C1020: Address 0x45 Data=0x6C
2013/07/02 19:04:04:415  ACTION: Read C1020: Address 0x46 Data=0x66
2013/07/02 19:04:04:415  ACTION: Read C1020: Address 0x47 Data=0x44
2013/07/02 19:04:04:415  ACTION: Write PRB FPGA: Address=0x1008 Data=0x10
2013/07/02 19:04:05:415  ACTION: Write C1020: Address=0x00 Data=0x1F
2013/07/02 19:04:05:509  ACTION: Write C1020: Address=0x0D Data=0x54
2013/07/02 19:04:05:587  ACTION: Write C1020: Address=0x00 Data=0xC1
2013/07/02 19:04:05:665  ACTION: Read C1020: Address 0x0D Data=0x54
2013/07/02 19:04:05:744  ACTION: Read C1020: Address 0x0E Data=0x59
2013/07/02 19:04:20:572  ACTION: Write C1020: Address=0x0E Data=0xD9
2013/07/02 19:04:20:666  ACTION: Read C1020: Address 0x0D Data=0x54
2013/07/02 19:04:20:744  ACTION: Read C1020: Address 0x0E Data=0xD9
2013/07/02 19:04:39:698  ACTION: Write C1020: Address=0x0E Data=0x59
2013/07/02 19:04:39:776  ACTION: Write PRB FPGA: Address=0x3024 Data=0x35
2013/07/02 19:04:39:776  ACTION: Write PRB FPGA: Address=0x3026 Data=0xF0
2013/07/02 19:04:39:776  ACTION: Write PRB FPGA: Address=0x3028 Data=0x21
2013/07/02 19:04:39:776  ACTION: Write PRB FPGA: Address=0x302C Data=0x35
2013/07/02 19:04:39:776  ACTION: Write PRB FPGA: Address=0x302E Data=0xFA
2013/07/02 19:04:39:776  ACTION: Write PRB FPGA: Address=0x3030 Data=0xCB
2013/07/02 19:04:39:792  ACTION: Write PRB FPGA: Address=0x305E Data=0x35
2013/07/02 19:04:39:792  ACTION: Write PRB FPGA: Address=0x3060 Data=0xF0
2013/07/02 19:04:39:792  ACTION: Write PRB FPGA: Address=0x3062 Data=0x21
2013/07/02 19:04:39:792  ACTION: Write PRB FPGA: Address=0x3066 Data=0x35
2013/07/02 19:04:39:792  ACTION: Write PRB FPGA: Address=0x3068 Data=0xFA
2013/07/02 19:04:39:792  ACTION: Write PRB FPGA: Address=0x306A Data=0xCB
2013/07/02 19:04:39:792  ACTION: Calibrate CC1020
2013/07/02 19:04:39:886  INFO:   CC1020 calibration passed
2013/07/02 19:04:40:182  ACTION: Read PRB FPGA: Address=0x2012 Data=0x00
2013/07/02 19:04:40:182  ACTION: Read C1020: Address 0x04 Data=0x35
2013/07/02 19:04:40:182  ACTION: Read C1020: Address 0x05 Data=0xF0
2013/07/02 19:04:40:182  ACTION: Read C1020: Address 0x06 Data=0x21
2013/07/02 19:04:40:198  ACTION: Read C1020: Address 0x07 Data=0x38
2013/07/02 19:04:40:198  ACTION: Read C1020: Address 0x08 Data=0x35
2013/07/02 19:04:40:198  ACTION: Read C1020: Address 0x09 Data=0xFA
2013/07/02 19:04:40:198  ACTION: Read C1020: Address 0x0A Data=0xCB
2013/07/02 19:04:40:198  ACTION: Read C1020: Address 0x0B Data=0x38
2013/07/02 19:04:40:198  ACTION: Read C1020: Address 0x1D Data=0x00
2013/07/02 19:04:40:198  ACTION: Read C1020: Address 0x45 Data=0x6C
2013/07/02 19:04:40:198  ACTION: Read C1020: Address 0x46 Data=0x66
2013/07/02 19:04:40:198  ACTION: Read C1020: Address 0x47 Data=0x44
2013/07/02 19:04:40:198  ACTION: Write PRB FPGA: Address=0x1008 Data=0x10
2013/07/02 19:04:41:198  ACTION: Write C1020: Address=0x00 Data=0x1F
2013/07/02 19:04:41:276  ACTION: Write C1020: Address=0x0D Data=0x54
2013/07/02 19:04:41:370  ACTION: Write C1020: Address=0x00 Data=0xC1
2013/07/02 19:04:41:448  ACTION: Read C1020: Address 0x0D Data=0x54
2013/07/02 19:04:41:526  ACTION: Read C1020: Address 0x0E Data=0x59
2013/07/02 19:04:56:152  ACTION: Write C1020: Address=0x0E Data=0xD9
2013/07/02 19:04:56:230  ACTION: Read C1020: Address 0x0D Data=0x54
2013/07/02 19:04:56:308  ACTION: Read C1020: Address 0x0E Data=0xD9
2013/07/02 19:05:15:246  ACTION: Write C1020: Address=0x0E Data=0x59
2013/07/02 19:05:15:340  ACTION: Write PRB FPGA: Address=0x3024 Data=0x35
2013/07/02 19:05:15:340  ACTION: Write PRB FPGA: Address=0x3026 Data=0xF0
2013/07/02 19:05:15:340  ACTION: Write PRB FPGA: Address=0x3028 Data=0x21
2013/07/02 19:05:15:340  ACTION: Write PRB FPGA: Address=0x302C Data=0x35
2013/07/02 19:05:15:340  ACTION: Write PRB FPGA: Address=0x302E Data=0xFA
2013/07/02 19:05:15:340  ACTION: Write PRB FPGA: Address=0x3030 Data=0xCB
2013/07/02 19:05:15:340  ACTION: Write PRB FPGA: Address=0x305E Data=0x35
2013/07/02 19:05:15:340  ACTION: Write PRB FPGA: Address=0x3060 Data=0xCC
2013/07/02 19:05:15:340  ACTION: Write PRB FPGA: Address=0x3062 Data=0xD3
2013/07/02 19:05:15:356  ACTION: Write PRB FPGA: Address=0x3066 Data=0x35
2013/07/02 19:05:15:356  ACTION: Write PRB FPGA: Address=0x3068 Data=0xD7
2013/07/02 19:05:15:356  ACTION: Write PRB FPGA: Address=0x306A Data=0x7F
2013/07/02 19:05:15:356  ACTION: Calibrate CC1020
2013/07/02 19:05:15:449  INFO:   CC1020 calibration passed
2013/07/02 19:05:15:746  ACTION: Read PRB FPGA: Address=0x2012 Data=0x00
2013/07/02 19:05:15:746  ACTION: Read C1020: Address 0x04 Data=0x35
2013/07/02 19:05:15:746  ACTION: Read C1020: Address 0x05 Data=0xF0
2013/07/02 19:05:15:746  ACTION: Read C1020: Address 0x06 Data=0x21
2013/07/02 19:05:15:746  ACTION: Read C1020: Address 0x07 Data=0x38
2013/07/02 19:05:15:746  ACTION: Read C1020: Address 0x08 Data=0x35
2013/07/02 19:05:15:746  ACTION: Read C1020: Address 0x09 Data=0xFA
2013/07/02 19:05:15:746  ACTION: Read C1020: Address 0x0A Data=0xCB
2013/07/02 19:05:15:746  ACTION: Read C1020: Address 0x0B Data=0x38
2013/07/02 19:05:15:762  ACTION: Read C1020: Address 0x1D Data=0x00
2013/07/02 19:05:15:762  ACTION: Read C1020: Address 0x45 Data=0x6C
2013/07/02 19:05:15:762  ACTION: Read C1020: Address 0x46 Data=0x66
2013/07/02 19:05:15:762  ACTION: Read C1020: Address 0x47 Data=0x44
2013/07/02 19:05:15:762  ACTION: Write PRB FPGA: Address=0x1008 Data=0x10
2013/07/02 19:05:16:762  ACTION: Write C1020: Address=0x00 Data=0x1F
2013/07/02 19:05:16:840  ACTION: Write C1020: Address=0x0D Data=0x54
2013/07/02 19:05:16:918  ACTION: Write C1020: Address=0x00 Data=0xC1
2013/07/02 19:05:16:996  ACTION: Read C1020: Address 0x0D Data=0x54
2013/07/02 19:05:17:090  ACTION: Read C1020: Address 0x0E Data=0x59
2013/07/02 19:05:31:716  ACTION: Write C1020: Address=0x0E Data=0xD9
2013/07/02 19:05:31:794  ACTION: Read C1020: Address 0x0D Data=0x54
2013/07/02 19:05:31:872  ACTION: Read C1020: Address 0x0E Data=0xD9
2013/07/02 19:05:50:826  ACTION: Write C1020: Address=0x0E Data=0x59
2013/07/02 19:05:50:904  ACTION: Write PRB FPGA: Address=0x3024 Data=0x35
2013/07/02 19:05:50:904  ACTION: Write PRB FPGA: Address=0x3026 Data=0xF0
2013/07/02 19:05:50:904  ACTION: Write PRB FPGA: Address=0x3028 Data=0x21
2013/07/02 19:05:50:920  ACTION: Write PRB FPGA: Address=0x302C Data=0x35
2013/07/02 19:05:50:920  ACTION: Write PRB FPGA: Address=0x302E Data=0xFA
2013/07/02 19:05:50:920  ACTION: Write PRB FPGA: Address=0x3030 Data=0xCB
2013/07/02 19:05:50:920  ACTION: Write PRB FPGA: Address=0x305E Data=0x36
2013/07/02 19:05:50:920  ACTION: Write PRB FPGA: Address=0x3060 Data=0x16
2013/07/02 19:05:50:920  ACTION: Write PRB FPGA: Address=0x3062 Data=0x87
2013/07/02 19:05:50:920  ACTION: Write PRB FPGA: Address=0x3066 Data=0x36
2013/07/02 19:05:50:920  ACTION: Write PRB FPGA: Address=0x3068 Data=0x21
2013/07/02 19:05:50:935  ACTION: Write PRB FPGA: Address=0x306A Data=0x31
2013/07/02 19:05:50:935  ACTION: Calibrate CC1020
2013/07/02 19:05:51:013  INFO:   CC1020 calibration passed
2013/07/02 19:05:51:326  ACTION: Read PRB FPGA: Address=0x2012 Data=0x00
2013/07/02 19:05:51:326  ACTION: Read C1020: Address 0x04 Data=0x35
2013/07/02 19:05:51:326  ACTION: Read C1020: Address 0x05 Data=0xF0
2013/07/02 19:05:51:326  ACTION: Read C1020: Address 0x06 Data=0x21
2013/07/02 19:05:51:326  ACTION: Read C1020: Address 0x07 Data=0x38
2013/07/02 19:05:51:326  ACTION: Read C1020: Address 0x08 Data=0x35
2013/07/02 19:05:51:326  ACTION: Read C1020: Address 0x09 Data=0xFA
2013/07/02 19:05:51:326  ACTION: Read C1020: Address 0x0A Data=0xCB
2013/07/02 19:05:51:326  ACTION: Read C1020: Address 0x0B Data=0x38
2013/07/02 19:05:51:341  ACTION: Read C1020: Address 0x1D Data=0x00
2013/07/02 19:05:51:341  ACTION: Read C1020: Address 0x45 Data=0x6C
2013/07/02 19:05:51:341  ACTION: Read C1020: Address 0x46 Data=0x66
2013/07/02 19:05:51:341  ACTION: Read C1020: Address 0x47 Data=0x44
2013/07/02 19:05:51:341  ACTION: Write PRB FPGA: Address=0x1008 Data=0x10
2013/07/02 19:05:52:341  ACTION: Write C1020: Address=0x00 Data=0x1F
2013/07/02 19:05:52:420  ACTION: Write C1020: Address=0x0D Data=0x54
2013/07/02 19:05:52:498  ACTION: Write C1020: Address=0x00 Data=0xC1
2013/07/02 19:05:52:591  ACTION: Read C1020: Address 0x0D Data=0x54
2013/07/02 19:05:52:670  ACTION: Read C1020: Address 0x0E Data=0x59
2013/07/02 19:06:07:326  ACTION: Write C1020: Address=0x0E Data=0xD9
2013/07/02 19:06:07:420  ACTION: Read C1020: Address 0x0D Data=0x54
2013/07/02 19:06:07:498  ACTION: Read C1020: Address 0x0E Data=0xD9
2013/07/02 19:06:26:452  ACTION: Write C1020: Address=0x0E Data=0x59
2013/07/02 19:06:26:530  ACTION: Write PRB FPGA: Address=0x3024 Data=0x35
2013/07/02 19:06:26:530  ACTION: Write PRB FPGA: Address=0x3026 Data=0xF0
2013/07/02 19:06:26:530  ACTION: Write PRB FPGA: Address=0x3028 Data=0x21
2013/07/02 19:06:26:530  ACTION: Write PRB FPGA: Address=0x302C Data=0x35
2013/07/02 19:06:26:530  ACTION: Write PRB FPGA: Address=0x302E Data=0xFA
2013/07/02 19:06:26:530  ACTION: Write PRB FPGA: Address=0x3030 Data=0xCB
2013/07/02 19:06:26:530  ACTION: Write PRB FPGA: Address=0x305E Data=0x35
2013/07/02 19:06:26:546  ACTION: Write PRB FPGA: Address=0x3060 Data=0xD4
2013/07/02 19:06:26:546  ACTION: Write PRB FPGA: Address=0x3062 Data=0xB3
2013/07/02 19:06:26:546  ACTION: Write PRB FPGA: Address=0x3066 Data=0x35
2013/07/02 19:06:26:546  ACTION: Write PRB FPGA: Address=0x3068 Data=0xDF
2013/07/02 19:06:26:546  ACTION: Write PRB FPGA: Address=0x306A Data=0x5D
2013/07/02 19:06:26:546  ACTION: Calibrate CC1020
2013/07/02 19:06:26:640  INFO:   CC1020 calibration passed
2013/07/02 19:06:26:937  ACTION: Read PRB FPGA: Address=0x2012 Data=0x00
2013/07/02 19:06:26:937  ACTION: Read C1020: Address 0x04 Data=0x35
2013/07/02 19:06:26:937  ACTION: Read C1020: Address 0x05 Data=0xF0
2013/07/02 19:06:26:952  ACTION: Read C1020: Address 0x06 Data=0x21
2013/07/02 19:06:26:952  ACTION: Read C1020: Address 0x07 Data=0x38
2013/07/02 19:06:26:952  ACTION: Read C1020: Address 0x08 Data=0x35
2013/07/02 19:06:26:952  ACTION: Read C1020: Address 0x09 Data=0xFA
2013/07/02 19:06:26:952  ACTION: Read C1020: Address 0x0A Data=0xCB
2013/07/02 19:06:26:952  ACTION: Read C1020: Address 0x0B Data=0x38
2013/07/02 19:06:26:952  ACTION: Read C1020: Address 0x1D Data=0x00
2013/07/02 19:06:26:952  ACTION: Read C1020: Address 0x45 Data=0x6C
2013/07/02 19:06:26:952  ACTION: Read C1020: Address 0x46 Data=0x66
2013/07/02 19:06:26:952  ACTION: Read C1020: Address 0x47 Data=0x44
2013/07/02 19:06:26:952  ACTION: Write PRB FPGA: Address=0x1008 Data=0x10
2013/07/02 19:06:27:968  ACTION: Write C1020: Address=0x00 Data=0x1F
2013/07/02 19:06:28:046  ACTION: Write C1020: Address=0x0D Data=0x54
2013/07/02 19:06:28:124  ACTION: Write C1020: Address=0x00 Data=0xC1
2013/07/02 19:06:28:202  ACTION: Read C1020: Address 0x0D Data=0x54
2013/07/02 19:06:28:296  ACTION: Read C1020: Address 0x0E Data=0x59
2013/07/02 19:06:42:968  ACTION: Write C1020: Address=0x0E Data=0xD9
2013/07/02 19:06:43:046  ACTION: Read C1020: Address 0x0D Data=0x54
2013/07/02 19:06:43:124  ACTION: Read C1020: Address 0x0E Data=0xD9
2013/07/02 19:07:02:078  ACTION: Write C1020: Address=0x0E Data=0x59
2013/07/02 19:07:02:156  ACTION: Write PRB FPGA: Address=0x3024 Data=0x35
2013/07/02 19:07:02:156  ACTION: Write PRB FPGA: Address=0x3026 Data=0xF0
2013/07/02 19:07:02:156  ACTION: Write PRB FPGA: Address=0x3028 Data=0x21
2013/07/02 19:07:02:156  ACTION: Write PRB FPGA: Address=0x302C Data=0x35
2013/07/02 19:07:02:156  ACTION: Write PRB FPGA: Address=0x302E Data=0xFA
2013/07/02 19:07:02:156  ACTION: Write PRB FPGA: Address=0x3030 Data=0xCB
2013/07/02 19:07:02:172  ACTION: Write PRB FPGA: Address=0x305E Data=0x35
2013/07/02 19:07:02:172  ACTION: Write PRB FPGA: Address=0x3060 Data=0xC9
2013/07/02 19:07:02:172  ACTION: Write PRB FPGA: Address=0x3062 Data=0xB9
2013/07/02 19:07:02:172  ACTION: Write PRB FPGA: Address=0x3066 Data=0x35
2013/07/02 19:07:02:172  ACTION: Write PRB FPGA: Address=0x3068 Data=0xD4
2013/07/02 19:07:02:172  ACTION: Write PRB FPGA: Address=0x306A Data=0x65
2013/07/02 19:07:02:172  ACTION: Calibrate CC1020
2013/07/02 19:07:02:265  INFO:   CC1020 calibration passed
2013/07/02 19:07:02:562  ACTION: Read PRB FPGA: Address=0x2012 Data=0x00
2013/07/02 19:07:02:562  ACTION: Read C1020: Address 0x04 Data=0x35
2013/07/02 19:07:02:562  ACTION: Read C1020: Address 0x05 Data=0xF0
2013/07/02 19:07:02:562  ACTION: Read C1020: Address 0x06 Data=0x21
2013/07/02 19:07:02:578  ACTION: Read C1020: Address 0x07 Data=0x38
2013/07/02 19:07:02:578  ACTION: Read C1020: Address 0x08 Data=0x35
2013/07/02 19:07:02:578  ACTION: Read C1020: Address 0x09 Data=0xFA
2013/07/02 19:07:02:578  ACTION: Read C1020: Address 0x0A Data=0xCB
2013/07/02 19:07:02:578  ACTION: Read C1020: Address 0x0B Data=0x38
2013/07/02 19:07:02:578  ACTION: Read C1020: Address 0x1D Data=0x00
2013/07/02 19:07:02:578  ACTION: Read C1020: Address 0x45 Data=0x6C
2013/07/02 19:07:02:578  ACTION: Read C1020: Address 0x46 Data=0x66
2013/07/02 19:07:02:578  ACTION: Read C1020: Address 0x47 Data=0x44
2013/07/02 19:07:02:578  ACTION: Write PRB FPGA: Address=0x1008 Data=0x10
2013/07/02 19:07:03:578  ACTION: Write C1020: Address=0x00 Data=0x1F
2013/07/02 19:07:03:672  ACTION: Write C1020: Address=0x0D Data=0x54
2013/07/02 19:07:03:750  ACTION: Write C1020: Address=0x00 Data=0xC1
2013/07/02 19:07:03:828  ACTION: Read C1020: Address 0x0D Data=0x54
2013/07/02 19:07:03:906  ACTION: Read C1020: Address 0x0E Data=0x59
2013/07/02 19:07:18:531  ACTION: Write C1020: Address=0x0E Data=0xD9
2013/07/02 19:07:18:609  ACTION: Read C1020: Address 0x0D Data=0x54
2013/07/02 19:07:18:703  ACTION: Read C1020: Address 0x0E Data=0xD9
2013/07/02 19:07:37:641  ACTION: Write C1020: Address=0x0E Data=0x59
2013/07/02 19:07:37:734  ACTION: Write PRB FPGA: Address=0x3024 Data=0x35
2013/07/02 19:07:37:734  ACTION: Write PRB FPGA: Address=0x3026 Data=0xF0
2013/07/02 19:07:37:734  ACTION: Write PRB FPGA: Address=0x3028 Data=0x21
2013/07/02 19:07:37:734  ACTION: Write PRB FPGA: Address=0x302C Data=0x35
2013/07/02 19:07:37:734  ACTION: Write PRB FPGA: Address=0x302E Data=0xFA
2013/07/02 19:07:37:734  ACTION: Write PRB FPGA: Address=0x3030 Data=0xCB
2013/07/02 19:07:37:734  ACTION: Write PRB FPGA: Address=0x305E Data=0x36
2013/07/02 19:07:37:734  ACTION: Write PRB FPGA: Address=0x3060 Data=0x13
2013/07/02 19:07:37:734  ACTION: Write PRB FPGA: Address=0x3062 Data=0x29
2013/07/02 19:07:37:734  ACTION: Write PRB FPGA: Address=0x3066 Data=0x36
2013/07/02 19:07:37:750  ACTION: Write PRB FPGA: Address=0x3068 Data=0x1D
2013/07/02 19:07:37:750  ACTION: Write PRB FPGA: Address=0x306A Data=0xD3
2013/07/02 19:07:37:750  ACTION: Calibrate CC1020
2013/07/02 19:07:37:828  INFO:   CC1020 calibration passed
2013/07/02 19:07:38:141  ACTION: Read PRB FPGA: Address=0x2012 Data=0x00
2013/07/02 19:07:38:141  ACTION: Read C1020: Address 0x04 Data=0x35
2013/07/02 19:07:38:141  ACTION: Read C1020: Address 0x05 Data=0xF0
2013/07/02 19:07:38:141  ACTION: Read C1020: Address 0x06 Data=0x21
2013/07/02 19:07:38:141  ACTION: Read C1020: Address 0x07 Data=0x38
2013/07/02 19:07:38:141  ACTION: Read C1020: Address 0x08 Data=0x35
2013/07/02 19:07:38:156  ACTION: Read C1020: Address 0x09 Data=0xFA
2013/07/02 19:07:38:156  ACTION: Read C1020: Address 0x0A Data=0xCB
2013/07/02 19:07:38:156  ACTION: Read C1020: Address 0x0B Data=0x38
2013/07/02 19:07:38:156  ACTION: Read C1020: Address 0x1D Data=0x00
2013/07/02 19:07:38:156  ACTION: Read C1020: Address 0x45 Data=0x6C
2013/07/02 19:07:38:156  ACTION: Read C1020: Address 0x46 Data=0x66
2013/07/02 19:07:38:156  ACTION: Read C1020: Address 0x47 Data=0x44
2013/07/02 19:07:38:156  ACTION: Write PRB FPGA: Address=0x1008 Data=0x10
2013/07/02 19:07:39:156  ACTION: Write C1020: Address=0x00 Data=0x1F
2013/07/02 19:07:39:234  ACTION: Write C1020: Address=0x0D Data=0x54
2013/07/02 19:07:39:328  ACTION: Write C1020: Address=0x00 Data=0xC1
2013/07/02 19:07:39:406  ACTION: Read C1020: Address 0x0D Data=0x54
2013/07/02 19:07:39:485  ACTION: Read C1020: Address 0x0E Data=0x59
2013/07/02 19:07:54:157  ACTION: Write C1020: Address=0x0E Data=0xD9
2013/07/02 19:07:54:235  ACTION: Read C1020: Address 0x0D Data=0x54
2013/07/02 19:07:54:313  ACTION: Read C1020: Address 0x0E Data=0xD9
2013/07/02 19:08:13:266  ACTION: Write C1020: Address=0x0E Data=0x59
2013/07/02 19:08:13:344  ACTION: Write PRB FPGA: Address=0x3024 Data=0x35
2013/07/02 19:08:13:344  ACTION: Write PRB FPGA: Address=0x3026 Data=0xF0
2013/07/02 19:08:13:344  ACTION: Write PRB FPGA: Address=0x3028 Data=0x21
2013/07/02 19:08:13:360  ACTION: Write PRB FPGA: Address=0x302C Data=0x35
2013/07/02 19:08:13:360  ACTION: Write PRB FPGA: Address=0x302E Data=0xFA
2013/07/02 19:08:13:360  ACTION: Write PRB FPGA: Address=0x3030 Data=0xCB
2013/07/02 19:08:13:360  ACTION: Write PRB FPGA: Address=0x305E Data=0x35
2013/07/02 19:08:13:360  ACTION: Write PRB FPGA: Address=0x3060 Data=0xD4
2013/07/02 19:08:13:360  ACTION: Write PRB FPGA: Address=0x3062 Data=0x25
2013/07/02 19:08:13:360  ACTION: Write PRB FPGA: Address=0x3066 Data=0x35
2013/07/02 19:08:13:360  ACTION: Write PRB FPGA: Address=0x3068 Data=0xDE
2013/07/02 19:08:13:360  ACTION: Write PRB FPGA: Address=0x306A Data=0xCF
2013/07/02 19:08:13:360  ACTION: Calibrate CC1020
2013/07/02 19:08:13:454  INFO:   CC1020 calibration passed
2013/07/02 19:08:13:766  ACTION: Read PRB FPGA: Address=0x2012 Data=0x00
2013/07/02 19:08:13:766  ACTION: Read C1020: Address 0x04 Data=0x35
2013/07/02 19:08:13:766  ACTION: Read C1020: Address 0x05 Data=0xF0
2013/07/02 19:08:13:766  ACTION: Read C1020: Address 0x06 Data=0x21
2013/07/02 19:08:13:766  ACTION: Read C1020: Address 0x07 Data=0x38
2013/07/02 19:08:13:766  ACTION: Read C1020: Address 0x08 Data=0x35
2013/07/02 19:08:13:766  ACTION: Read C1020: Address 0x09 Data=0xFA
2013/07/02 19:08:13:766  ACTION: Read C1020: Address 0x0A Data=0xCB
2013/07/02 19:08:13:766  ACTION: Read C1020: Address 0x0B Data=0x38
2013/07/02 19:08:13:766  ACTION: Read C1020: Address 0x1D Data=0x00
2013/07/02 19:08:13:782  ACTION: Read C1020: Address 0x45 Data=0x6C
2013/07/02 19:08:13:782  ACTION: Read C1020: Address 0x46 Data=0x66
2013/07/02 19:08:13:782  ACTION: Read C1020: Address 0x47 Data=0x44
2013/07/02 19:08:13:782  ACTION: Write PRB FPGA: Address=0x1008 Data=0x10
2013/07/02 19:08:14:782  ACTION: Write C1020: Address=0x00 Data=0x1F
2013/07/02 19:08:14:860  ACTION: Write C1020: Address=0x0D Data=0x54
2013/07/02 19:08:14:938  ACTION: Write C1020: Address=0x00 Data=0xC1
2013/07/02 19:08:15:016  ACTION: Read C1020: Address 0x0D Data=0x54
2013/07/02 19:08:15:110  ACTION: Read C1020: Address 0x0E Data=0x59
2013/07/02 19:08:29:704  ACTION: Write C1020: Address=0x0E Data=0xD9
2013/07/02 19:08:29:798  ACTION: Read C1020: Address 0x0D Data=0x54
2013/07/02 19:08:29:876  ACTION: Read C1020: Address 0x0E Data=0xD9
2013/07/02 19:08:48:829  ACTION: Write C1020: Address=0x0E Data=0x59
2013/07/02 19:08:48:907  ACTION: Write PRB FPGA: Address=0x3024 Data=0x35
2013/07/02 19:08:48:907  ACTION: Write PRB FPGA: Address=0x3026 Data=0xF0
2013/07/02 19:08:48:907  ACTION: Write PRB FPGA: Address=0x3028 Data=0x21
2013/07/02 19:08:48:907  ACTION: Write PRB FPGA: Address=0x302C Data=0x35
2013/07/02 19:08:48:907  ACTION: Write PRB FPGA: Address=0x302E Data=0xFA
2013/07/02 19:08:48:907  ACTION: Write PRB FPGA: Address=0x3030 Data=0xCB
2013/07/02 19:08:48:907  ACTION: Write PRB FPGA: Address=0x305E Data=0x35
2013/07/02 19:08:48:923  ACTION: Write PRB FPGA: Address=0x3060 Data=0xF0
2013/07/02 19:08:48:923  ACTION: Write PRB FPGA: Address=0x3062 Data=0x21
2013/07/02 19:08:48:923  ACTION: Write PRB FPGA: Address=0x3066 Data=0x35
2013/07/02 19:08:48:923  ACTION: Write PRB FPGA: Address=0x3068 Data=0xFA
2013/07/02 19:08:48:923  ACTION: Write PRB FPGA: Address=0x306A Data=0xCB
2013/07/02 19:08:48:923  ACTION: Calibrate CC1020
2013/07/02 19:08:49:017  INFO:   CC1020 calibration passed
2013/07/02 19:08:49:314  ACTION: Read PRB FPGA: Address=0x2012 Data=0x00
2013/07/02 19:08:49:314  ACTION: Read C1020: Address 0x04 Data=0x35
2013/07/02 19:08:49:314  ACTION: Read C1020: Address 0x05 Data=0xF0
2013/07/02 19:08:49:314  ACTION: Read C1020: Address 0x06 Data=0x21
2013/07/02 19:08:49:329  ACTION: Read C1020: Address 0x07 Data=0x38
2013/07/02 19:08:49:329  ACTION: Read C1020: Address 0x08 Data=0x35
2013/07/02 19:08:49:329  ACTION: Read C1020: Address 0x09 Data=0xFA
2013/07/02 19:08:49:329  ACTION: Read C1020: Address 0x0A Data=0xCB
2013/07/02 19:08:49:329  ACTION: Read C1020: Address 0x0B Data=0x38
2013/07/02 19:08:49:329  ACTION: Read C1020: Address 0x1D Data=0x00
2013/07/02 19:08:49:329  ACTION: Read C1020: Address 0x45 Data=0x6C
2013/07/02 19:08:49:329  ACTION: Read C1020: Address 0x46 Data=0x66
2013/07/02 19:08:49:329  ACTION: Read C1020: Address 0x47 Data=0x44
2013/07/02 19:08:49:329  ACTION: Write PRB FPGA: Address=0x1008 Data=0x10
2013/07/02 19:08:50:329  ACTION: Write C1020: Address=0x00 Data=0x1F
2013/07/02 19:08:50:423  ACTION: Write C1020: Address=0x0D Data=0x54
2013/07/02 19:08:50:501  ACTION: Write C1020: Address=0x00 Data=0xC1
2013/07/02 19:08:50:579  ACTION: Read C1020: Address 0x0D Data=0x54
2013/07/02 19:08:50:657  ACTION: Read C1020: Address 0x0E Data=0x59
2013/07/02 19:09:05:361  ACTION: Write C1020: Address=0x0E Data=0xD9
2013/07/02 19:09:05:439  ACTION: Read C1020: Address 0x0D Data=0x54
2013/07/02 19:09:05:517  ACTION: Read C1020: Address 0x0E Data=0xD9
2013/07/02 19:09:24:470  ACTION: Write C1020: Address=0x0E Data=0x59
2013/07/02 19:09:24:548  ACTION: Write C1020: Address=0x00 Data=0x1F
2013/07/02 19:09:24:564  EVENT:  SCRIPT-EXEC:EXIT - TES.Dvt.ScriptExecStateMachine, ID[8]
2013/07/02 19:09:24:564  INFO:   Terminating ScriptEngineProcedure
2013/07/02 19:09:24:564  EVENT:  Terminate Dispatch, ID[15]
2013/07/02 19:09:24:564  EVENT:  TES.Dvt.ScriptExecStateMachine.DoneEvent, ID[6]
2013/07/02 19:09:24:564  STATE:  Changing state to ScriptExecStateMachine.IdleState, ID[6]
2013/07/02 19:09:24:580  INFO:   ScriptEngineProcedure Completed
2013/07/02 19:09:24:580  INFO:   Testcase Summary:
2013/07/02 19:09:24:580  RESULT: Test Procedure ScriptEngineProcedure (PASSED)
2013/07/02 19:09:24:580  INFO:   Procedure Runtime = 00:06:56
2013/07/02 19:09:24:595  INFO:   The event dispatch thread ScriptEngineProcedure exited.
