<<<<< Log Header: 07/09/2013 20:38:57 >>>>>
2013/07/09 20:38:57:848 [004088] INFO [NCommunicationSystem.cpp, 108] - nCommunicationSystem, Version=1.8.2.1, Culture=neutral, PublicKeyToken=56b5378c99c0bcfd
2013/07/09 20:38:57:879 [004088] INFO [ExceptionCatchingThread.cpp, 257] - Created the timer thread with id 3128 (0xc38).
2013/07/09 20:38:57:895 [003128] INFO [ExceptionCatchingThread.cpp, 168] - Executing the timer thread procedure...
2013/07/09 20:38:57:895 [004088] INFO [ExceptionCatchingThread.cpp, 257] - Created the dispatch thread with id 3848 (0xf08).
2013/07/09 20:38:57:895 [003848] INFO [ExceptionCatchingThread.cpp, 168] - Executing the dispatch thread procedure...
2013/07/09 20:39:00:894 [004088] DEBUG [Prb.cpp, 252] - PRB logging started.
2013/07/09 20:39:00:925 [004088] DEBUG [Prb.cpp, 130] - Number of FTDI devices: 1
2013/07/09 20:39:00:925 [004088] DEBUG [Prb.cpp, 158] - FTDI Device[0]: ID=67330069
2013/07/09 20:39:00:941 [004088] DEBUG [Prb.cpp, 169] - FTDI handle=192823464
2013/07/09 20:39:00:941 [004088] INFO [Prb.cpp, 179] - FTDI Driver Version 2.08.28.0
2013/07/09 20:39:05:033 [004088] INFO [Prb.cpp, 205] - FTDI Configuration: MaxCurrent=200, CBus5=5, CBus6=0x4
2013/07/09 20:39:05:283 [004088] INFO [Prb.cpp, 246] - PRB driver initialized.
2013/07/09 20:39:05:283 [004088] TRACE [Prb.cpp, 448] - Writing FPGA, Address=0x1008, Data=0x08
2013/07/09 20:39:05:283 [004088] TRACE [Prb.cpp, 1035] - WriteFPGAPacket(0x1008, 0x08):01 00 0D 00 81 00 03 10 08 08 25 D5 0D 
2013/07/09 20:39:05:283 [002968] TRACE [Prb.cpp, 835] - RxStream contents:01 00 0B 59 06 00 00 00 AA 31 0D 
2013/07/09 20:39:05:283 [002968] TRACE [Prb.cpp, 943] - RadioBoardPacket(ACK):01 00 0B 59 06 00 00 00 AA 31 0D 
2013/07/09 20:39:05:283 [004088] DEBUG [Prb.cpp, 466] - Write FPGA completed, Address=0x1008, Data=0x08
2013/07/09 20:39:05:299 [004088] TRACE [Prb.cpp, 493] - Reading FPGA, Address=0x300A
2013/07/09 20:39:05:299 [004088] TRACE [Prb.cpp, 1035] - ReadFPGAPacket(0x300A):01 00 0C 01 82 00 02 30 0A E8 24 0D 
2013/07/09 20:39:05:299 [002968] TRACE [Prb.cpp, 835] - RxStream contents:01 00 0C 5A 06 01 00 01 00 2F 8F 0D 
2013/07/09 20:39:05:299 [002968] TRACE [Prb.cpp, 943] - RadioBoardPacket(ACK):01 00 0C 5A 06 01 00 01 00 2F 8F 0D 
2013/07/09 20:39:05:299 [004088] DEBUG [Prb.cpp, 512] - Read FPGA completed, Address=0x300A, Data=0x00
2013/07/09 20:39:05:299 [004088] TRACE [Prb.cpp, 448] - Writing FPGA, Address=0x300A, Data=0x03
2013/07/09 20:39:05:299 [004088] TRACE [Prb.cpp, 1035] - WriteFPGAPacket(0x300A, 0x03):01 00 0D 02 81 00 03 30 0A 03 29 4F 0D 
2013/07/09 20:39:05:299 [002968] TRACE [Prb.cpp, 835] - RxStream contents:01 00 0B 5B 06 02 00 00 AA E9 0D 
2013/07/09 20:39:05:299 [002968] TRACE [Prb.cpp, 943] - RadioBoardPacket(ACK):01 00 0B 5B 06 02 00 00 AA E9 0D 
2013/07/09 20:39:05:299 [004088] DEBUG [Prb.cpp, 466] - Write FPGA completed, Address=0x300A, Data=0x03
2013/07/09 20:39:05:361 [004088] INFO [CrossTalkDetector.cpp, 14] - EnterCrossTalkThreshold = 8
2013/07/09 20:39:05:361 [004088] INFO [CrossTalkDetector.cpp, 21] - LeaveCrossTalkThreshold = 4
2013/07/09 20:39:05:361 [004088] INFO [CrossTalkDetector.cpp, 28] - LinkThreshold = 8
2013/07/09 20:39:05:361 [004088] INFO [ExceptionCatchingThread.cpp, 257] - Created the interrupt thread with id 2760 (0xac8).
2013/07/09 20:39:05:361 [002760] INFO [ExceptionCatchingThread.cpp, 168] - Executing the interrupt thread procedure...
2013/07/09 20:39:05:361 [004088] DEBUG [Prb.cpp, 252] - PRB logging started.
2013/07/09 20:39:05:361 [004088] INFO [CommunicationSystem.cpp, 640] - Calibrating the PRB CC1020.
2013/07/09 20:39:05:361 [004088] TRACE [Prb.cpp, 448] - Writing FPGA, Address=0x1008, Data=0x01
2013/07/09 20:39:05:361 [004088] TRACE [Prb.cpp, 1035] - WriteFPGAPacket(0x1008, 0x01):01 00 0D 03 81 00 03 10 08 01 26 D3 0D 
2013/07/09 20:39:05:361 [002968] TRACE [Prb.cpp, 835] - RxStream contents:01 00 0B 5C 06 03 00 00 AB 95 0D 
2013/07/09 20:39:05:361 [002968] TRACE [Prb.cpp, 943] - RadioBoardPacket(ACK):01 00 0B 5C 06 03 00 00 AB 95 0D 
2013/07/09 20:39:05:361 [004088] DEBUG [Prb.cpp, 466] - Write FPGA completed, Address=0x1008, Data=0x01
2013/07/09 20:39:05:455 [002968] TRACE [Prb.cpp, 835] - RxStream contents:01 00 0D 5D 00 00 00 02 09 00 BE D6 0D 
2013/07/09 20:39:05:455 [002760] DEBUG [CommunicationSystem.cpp, 1120] - Calibration complete.
2013/07/09 20:39:05:455 [004088] TRACE [Prb.cpp, 493] - Reading FPGA, Address=0x2012
2013/07/09 20:39:05:455 [002968] TRACE [Prb.cpp, 835] - RxStream contents:01 00 0C 5E 06 04 00 01 00 8B 89 0D 
2013/07/09 20:39:05:455 [004088] TRACE [Prb.cpp, 1035] - ReadFPGAPacket(0x2012):01 00 0C 04 82 00 02 20 12 10 72 0D 
2013/07/09 20:39:05:455 [002968] TRACE [Prb.cpp, 943] - RadioBoardPacket(ACK):01 00 0C 5E 06 04 00 01 00 8B 89 0D 
2013/07/09 20:39:05:455 [004088] DEBUG [Prb.cpp, 512] - Read FPGA completed, Address=0x2012, Data=0x00
2013/07/09 20:39:05:455 [004088] INFO [CommunicationSystem.cpp, 653] - CC1020 Calibration succeeded.
2013/07/09 20:39:05:455 [004088] TRACE [Prb.cpp, 448] - Writing FPGA, Address=0x1006, Data=0x08
2013/07/09 20:39:05:455 [004088] TRACE [Prb.cpp, 1035] - WriteFPGAPacket(0x1006, 0x08):01 00 0D 05 81 00 03 10 06 08 84 86 0D 
2013/07/09 20:39:05:455 [002968] TRACE [Prb.cpp, 835] - RxStream contents:01 00 0B 5F 06 05 00 00 AB 65 0D 
2013/07/09 20:39:05:455 [002968] TRACE [Prb.cpp, 943] - RadioBoardPacket(ACK):01 00 0B 5F 06 05 00 00 AB 65 0D 
2013/07/09 20:39:05:455 [004088] DEBUG [Prb.cpp, 466] - Write FPGA completed, Address=0x1006, Data=0x08
2013/07/09 20:39:05:455 [004088] TRACE [Prb.cpp, 493] - Reading FPGA, Address=0x3000
2013/07/09 20:39:05:455 [004088] TRACE [Prb.cpp, 1035] - ReadFPGAPacket(0x3000):01 00 0C 06 82 00 02 30 00 80 1E 0D 
2013/07/09 20:39:05:455 [002968] TRACE [Prb.cpp, 835] - RxStream contents:01 00 0C 60 06 06 00 01 12 F3 D9 0D 
2013/07/09 20:39:05:455 [002968] TRACE [Prb.cpp, 943] - RadioBoardPacket(ACK):01 00 0C 60 06 06 00 01 12 F3 D9 0D 
2013/07/09 20:39:05:455 [004088] DEBUG [Prb.cpp, 512] - Read FPGA completed, Address=0x3000, Data=0x12
2013/07/09 20:39:05:455 [004088] INFO [CommunicationSystem.cpp, 613] - FPGA Revision 18.
2013/07/09 20:39:05:455 [004088] TRACE [Prb.cpp, 584] - Reading CC1020, Address=0x0004
2013/07/09 20:39:05:455 [004088] TRACE [Prb.cpp, 1035] - ReadCC1020Packet(0x04):01 00 0C 07 84 00 02 00 04 59 16 0D 
2013/07/09 20:39:05:455 [002968] TRACE [Prb.cpp, 835] - RxStream contents:01 00 0C 61 06 07 00 01 35 9F 0B 0D 
2013/07/09 20:39:05:455 [002968] TRACE [Prb.cpp, 943] - RadioBoardPacket(ACK):01 00 0C 61 06 07 00 01 35 9F 0B 0D 
2013/07/09 20:39:05:455 [004088] DEBUG [Prb.cpp, 603] - Read CC1020 completed, Address=0x0004, Data=0x35
2013/07/09 20:39:05:455 [004088] INFO [CommunicationSystem.cpp, 614] - CC1020 Frequency 2A 0x35.
2013/07/09 20:39:05:455 [004088] TRACE [Prb.cpp, 584] - Reading CC1020, Address=0x0005
2013/07/09 20:39:05:455 [004088] TRACE [Prb.cpp, 1035] - ReadCC1020Packet(0x05):01 00 0C 08 84 00 02 00 05 F1 1C 0D 
2013/07/09 20:39:05:455 [002968] TRACE [Prb.cpp, 835] - RxStream contents:01 00 0C 62 06 08 00 01 F0 D9 95 0D 
2013/07/09 20:39:05:455 [002968] TRACE [Prb.cpp, 943] - RadioBoardPacket(ACK):01 00 0C 62 06 08 00 01 F0 D9 95 0D 
2013/07/09 20:39:05:455 [004088] DEBUG [Prb.cpp, 603] - Read CC1020 completed, Address=0x0005, Data=0xF0
2013/07/09 20:39:05:455 [004088] INFO [CommunicationSystem.cpp, 615] - CC1020 Frequency 1A 0xf0.
2013/07/09 20:39:05:455 [004088] TRACE [Prb.cpp, 584] - Reading CC1020, Address=0x0006
2013/07/09 20:39:05:455 [004088] TRACE [Prb.cpp, 1035] - ReadCC1020Packet(0x06):01 00 0C 09 84 00 02 00 06 09 15 0D 
2013/07/09 20:39:05:455 [002968] TRACE [Prb.cpp, 835] - RxStream contents:01 00 0C 63 06 09 00 01 21 B7 73 0D 
2013/07/09 20:39:05:455 [002968] TRACE [Prb.cpp, 943] - RadioBoardPacket(ACK):01 00 0C 63 06 09 00 01 21 B7 73 0D 
2013/07/09 20:39:05:455 [004088] DEBUG [Prb.cpp, 603] - Read CC1020 completed, Address=0x0006, Data=0x21
2013/07/09 20:39:05:455 [004088] INFO [CommunicationSystem.cpp, 616] - CC1020 Frequency 0A 0x21.
2013/07/09 20:39:05:455 [004088] TRACE [Prb.cpp, 584] - Reading CC1020, Address=0x0008
2013/07/09 20:39:05:455 [004088] TRACE [Prb.cpp, 1035] - ReadCC1020Packet(0x08):01 00 0C 0A 84 00 02 00 08 01 32 0D 
2013/07/09 20:39:05:455 [002968] TRACE [Prb.cpp, 835] - RxStream contents:01 00 0C 64 06 0A 00 01 35 E3 0D 0D 
2013/07/09 20:39:05:471 [002968] TRACE [Prb.cpp, 943] - RadioBoardPacket(ACK):01 00 0C 64 06 0A 00 01 35 E3 0D 0D 
2013/07/09 20:39:05:471 [004088] DEBUG [Prb.cpp, 603] - Read CC1020 completed, Address=0x0008, Data=0x35
2013/07/09 20:39:05:471 [004088] INFO [CommunicationSystem.cpp, 617] - CC1020 Frequency 2B 0x35.
2013/07/09 20:39:05:471 [004088] TRACE [Prb.cpp, 584] - Reading CC1020, Address=0x0009
2013/07/09 20:39:05:471 [004088] TRACE [Prb.cpp, 1035] - ReadCC1020Packet(0x09):01 00 0C 0B 84 00 02 00 09 79 34 0D 
2013/07/09 20:39:05:471 [002968] TRACE [Prb.cpp, 835] - RxStream contents:01 00 0C 65 06 0B 00 01 FA 8D AF 0D 
2013/07/09 20:39:05:471 [002968] TRACE [Prb.cpp, 943] - RadioBoardPacket(ACK):01 00 0C 65 06 0B 00 01 FA 8D AF 0D 
2013/07/09 20:39:05:471 [004088] DEBUG [Prb.cpp, 603] - Read CC1020 completed, Address=0x0009, Data=0xFA
2013/07/09 20:39:05:471 [004088] INFO [CommunicationSystem.cpp, 618] - CC1020 Frequency 1B 0xfa.
2013/07/09 20:39:05:471 [004088] TRACE [Prb.cpp, 584] - Reading CC1020, Address=0x000A
2013/07/09 20:39:05:471 [004088] TRACE [Prb.cpp, 1035] - ReadCC1020Packet(0x0A):01 00 0C 0C 84 00 02 00 0A 11 38 0D 
2013/07/09 20:39:05:471 [002968] TRACE [Prb.cpp, 835] - RxStream contents:01 00 0C 66 06 0C 00 01 CB 69 09 0D 
2013/07/09 20:39:05:471 [002968] TRACE [Prb.cpp, 943] - RadioBoardPacket(ACK):01 00 0C 66 06 0C 00 01 CB 69 09 0D 
2013/07/09 20:39:05:471 [004088] DEBUG [Prb.cpp, 603] - Read CC1020 completed, Address=0x000A, Data=0xCB
2013/07/09 20:39:05:471 [004088] INFO [CommunicationSystem.cpp, 619] - CC1020 Frequency 0B 0xcb.
2013/07/09 20:39:05:471 [004088] DEBUG [Prb.cpp, 650] - Read EEPROM completed, Address=0x060A, Data=0xFFFF
2013/07/09 20:39:05:471 [004088] INFO [CommunicationSystem.cpp, 620] - RSSI Calibration Reference Center Channel 255.
2013/07/09 20:39:05:471 [004088] TRACE [Prb.cpp, 493] - Reading FPGA, Address=0x3054
2013/07/09 20:39:05:471 [004088] TRACE [Prb.cpp, 1035] - ReadFPGAPacket(0x3054):01 00 0C 0D 82 00 02 30 54 C9 EC 0D 
2013/07/09 20:39:05:471 [002968] TRACE [Prb.cpp, 835] - RxStream contents:01 00 0C 67 06 0D 00 01 07 07 A1 0D 
2013/07/09 20:39:05:471 [002968] TRACE [Prb.cpp, 943] - RadioBoardPacket(ACK):01 00 0C 67 06 0D 00 01 07 07 A1 0D 
2013/07/09 20:39:05:471 [004088] DEBUG [Prb.cpp, 512] - Read FPGA completed, Address=0x3054, Data=0x07
2013/07/09 20:39:05:471 [004088] INFO [CommunicationSystem.cpp, 621] - CC1020 PA_POWER 0x7.
2013/07/09 20:39:05:471 [004088] TRACE [Prb.cpp, 584] - Reading CC1020, Address=0x001C
2013/07/09 20:39:05:471 [004088] TRACE [Prb.cpp, 1035] - ReadCC1020Packet(0x1C):01 00 0C 0E 84 00 02 00 1C E1 4C 0D 
2013/07/09 20:39:05:471 [002968] TRACE [Prb.cpp, 835] - RxStream contents:01 00 0C 68 06 0E 00 01 07 13 AE 0D 
2013/07/09 20:39:05:471 [002968] TRACE [Prb.cpp, 943] - RadioBoardPacket(ACK):01 00 0C 68 06 0E 00 01 07 13 AE 0D 
2013/07/09 20:39:05:471 [004088] DEBUG [Prb.cpp, 603] - Read CC1020 completed, Address=0x001C, Data=0x07
2013/07/09 20:39:05:471 [004088] INFO [CommunicationSystem.cpp, 622] - CC1020 Transmit Power 0x7.
2013/07/09 20:39:05:471 [004088] TRACE [Prb.cpp, 493] - Reading FPGA, Address=0x3014
2013/07/09 20:39:05:471 [004088] TRACE [Prb.cpp, 1035] - ReadFPGAPacket(0x3014):01 00 0C 0F 82 00 02 30 14 38 6C 0D 
2013/07/09 20:39:05:471 [002968] TRACE [Prb.cpp, 835] - RxStream contents:01 00 0C 69 06 0F 00 01 00 FF BF 0D 
2013/07/09 20:39:05:471 [002968] TRACE [Prb.cpp, 943] - RadioBoardPacket(ACK):01 00 0C 69 06 0F 00 01 00 FF BF 0D 
2013/07/09 20:39:05:471 [004088] DEBUG [Prb.cpp, 512] - Read FPGA completed, Address=0x3014, Data=0x00
2013/07/09 20:39:05:471 [004088] INFO [CommunicationSystem.cpp, 623] - Low Noise Amplifier Circumvented 0.
2013/07/09 20:39:05:471 [004088] TRACE [Prb.cpp, 584] - Reading CC1020, Address=0x0001
2013/07/09 20:39:05:471 [002968] TRACE [Prb.cpp, 835] - RxStream contents:01 00 0C 6A 06 10 00 01 0F FB 9B 0D 
2013/07/09 20:39:05:471 [004088] TRACE [Prb.cpp, 1035] - ReadCC1020Packet(0x01):01 00 0C 10 84 00 02 00 01 B1 1C 0D 
2013/07/09 20:39:05:471 [002968] TRACE [Prb.cpp, 943] - RadioBoardPacket(ACK):01 00 0C 6A 06 10 00 01 0F FB 9B 0D 
2013/07/09 20:39:05:471 [004088] DEBUG [Prb.cpp, 603] - Read CC1020 completed, Address=0x0001, Data=0x0F
2013/07/09 20:39:05:471 [004088] INFO [CommunicationSystem.cpp, 624] - Low Noise Amplifier 0xf.
2013/07/09 20:39:05:471 [004088] TRACE [Prb.cpp, 493] - Reading FPGA, Address=0x1006
2013/07/09 20:39:05:471 [002968] TRACE [Prb.cpp, 835] - RxStream contents:01 00 0C 6B 06 11 00 01 08 17 8A 0D 
2013/07/09 20:39:05:471 [004088] TRACE [Prb.cpp, 1035] - ReadFPGAPacket(0x1006):01 00 0C 11 82 00 02 10 06 28 1D 0D 
2013/07/09 20:39:05:471 [002968] TRACE [Prb.cpp, 943] - RadioBoardPacket(ACK):01 00 0C 6B 06 11 00 01 08 17 8A 0D 
2013/07/09 20:39:05:471 [004088] DEBUG [Prb.cpp, 512] - Read FPGA completed, Address=0x1006, Data=0x08
2013/07/09 20:39:05:471 [004088] INFO [CommunicationSystem.cpp, 625] - Allowed Framing Errors 8.
2013/07/09 20:39:05:486 [004088] INFO [CrossTalkDetector.cpp, 28] - LinkThreshold = 8
2013/07/09 20:39:05:486 [004088] INFO [CrossTalkDetector.cpp, 14] - EnterCrossTalkThreshold = 8
2013/07/09 20:39:05:486 [004088] INFO [CrossTalkDetector.cpp, 21] - LeaveCrossTalkThreshold = 4
2013/07/09 20:39:05:580 [000700] TRACE [Prb.cpp, 493] - Reading FPGA, Address=0x3000
2013/07/09 20:39:05:580 [000700] TRACE [Prb.cpp, 1035] - ReadFPGAPacket(0x3000):01 00 0C 12 82 00 02 30 00 E0 0A 0D 
2013/07/09 20:39:05:580 [002968] TRACE [Prb.cpp, 835] - RxStream contents:01 00 0C 6C 06 12 00 01 12 C3 D3 0D 
2013/07/09 20:39:05:580 [002968] TRACE [Prb.cpp, 943] - RadioBoardPacket(ACK):01 00 0C 6C 06 12 00 01 12 C3 D3 0D 
2013/07/09 20:39:05:580 [000700] DEBUG [Prb.cpp, 512] - Read FPGA completed, Address=0x3000, Data=0x12
2013/07/09 20:39:05:580 [000700] TRACE [Prb.cpp, 539] - Writing CC1020, Address=0x001C, Data=0x07
2013/07/09 20:39:05:580 [000700] TRACE [Prb.cpp, 1035] - WriteCC1020Packet(0x1C, 0x07):01 00 0D 13 83 00 03 00 1C 07 3E 84 0D 
2013/07/09 20:39:05:580 [002968] TRACE [Prb.cpp, 835] - RxStream contents:01 00 0B 6D 06 13 00 00 A2 2D 0D 
2013/07/09 20:39:05:580 [002968] TRACE [Prb.cpp, 943] - RadioBoardPacket(ACK):01 00 0B 6D 06 13 00 00 A2 2D 0D 
2013/07/09 20:39:05:580 [000700] DEBUG [Prb.cpp, 557] - Write CC1020 completed, Address=0x001C, Data=0x07
2013/07/09 20:39:05:689 [004088] TRACE [Prb.cpp, 493] - Reading FPGA, Address=0x3000
2013/07/09 20:39:05:689 [004088] TRACE [Prb.cpp, 1035] - ReadFPGAPacket(0x3000):01 00 0C 14 82 00 02 30 00 70 0F 0D 
2013/07/09 20:39:05:689 [002968] TRACE [Prb.cpp, 835] - RxStream contents:01 00 0C 6E 06 14 00 01 12 CB D0 0D 
2013/07/09 20:39:05:689 [002968] TRACE [Prb.cpp, 943] - RadioBoardPacket(ACK):01 00 0C 6E 06 14 00 01 12 CB D0 0D 
2013/07/09 20:39:05:689 [004088] DEBUG [Prb.cpp, 512] - Read FPGA completed, Address=0x3000, Data=0x12
2013/07/09 20:39:11:297 [004088] INFO [NCommunicationSystem.cpp, 747] - Disposing: 1
2013/07/09 20:39:11:297 [004088] INFO [CrossAppDomainEventMarshaller.cpp, 44] - Disposing: 1
2013/07/09 20:39:11:297 [004088] INFO [CrossAppDomainEventMarshaller.cpp, 155] - abortGetNextEvent called
2013/07/09 20:39:11:297 [004088] INFO [CrossAppDomainEventMarshaller.cpp, 48] - Waiting for CrossDomainEventTranslator::m_pHandleEventsThread to stop
2013/07/09 20:39:11:297 [003172] INFO [CrossAppDomainEventMarshaller.cpp, 80] - handleEventsThread exiting (thread aborted)
2013/07/09 20:39:11:297 [004088] INFO [CrossAppDomainEventMarshaller.cpp, 54] - CrossDomainEventTranslator::m_pHandleEventsThread stopped
2013/07/09 20:39:11:313 [004088] INFO [CrossAppDomainEventMarshaller.cpp, 110] - EventHandler dtor
2013/07/09 20:39:11:313 [004088] INFO [CrossAppDomainEventMarshaller.cpp, 60] - Disposed.
2013/07/09 20:39:11:313 [002968] DEBUG [Prb.cpp, 867] - Prb receive thread terminated.
2013/07/09 20:39:11:313 [002760] INFO [ExceptionCatchingThread.cpp, 170] - Exited the interrupt thread procedure with return value 0.
2013/07/09 20:39:11:422 [003848] INFO [ExceptionCatchingThread.cpp, 170] - Exited the dispatch thread procedure with return value 0.
2013/07/09 20:39:11:422 [003128] INFO [ExceptionCatchingThread.cpp, 170] - Exited the timer thread procedure with return value 0.
2013/07/09 20:39:11:531 [004088] INFO [NCommunicationSystem.cpp, 779] - Disposed.
<<<<< Log Footer: 07/09/2013 20:39:11 >>>>>
