2013/07/02 11:12:00:683  INFO:   Loaded Symbol File C:\ISV System\Config\FirmwareSymbols\build33136.sym for firmware Build #33136
2013/07/02 11:12:00:745  INFO:   CommunicationSystemLog properties: .\CommunicationSystem.logger.properties
2013/07/02 11:12:00:745  INFO:   CommunicationSystemLog log       : .\logs\prbRssiScriptLog 2013.07.02 11.12.00_CommunicationSystem.Log
2013/07/02 11:12:08:511  INFO:   Setting the event sink for ScriptEngineProcedure
2013/07/02 11:12:08:511  INFO:   Program parameters checks are enabled
2013/07/02 11:12:08:527  INFO:   ********************************************************************************
2013/07/02 11:12:08:527  INFO:   Starting ScriptEngineProcedure, Assembly  version 
2013/07/02 11:12:08:542  INFO:   Config: ICD (NCommunicationSystem ver: nCommunicationSystem, Version=1.8.2.1, Culture=neutral, PublicKeyToken=56b5378c99c0bcfd; FTDI Driver ver: 2.08.28.0; PRB FPGA ver: 18)
2013/07/02 11:12:08:542  INFO:   Setting the radio board transmit power to level 0x7.
2013/07/02 11:12:08:542  INFO:   Radio board power level set to 7.
2013/07/02 11:12:08:542  INFO:   ECG Timeout Interval set to 10 seconds.
2013/07/02 11:12:08:542  STATE:  Changing state to ScriptExecStateMachine.WaitForNextCmdState, ID[1]
2013/07/02 11:12:08:542  INFO:   FwDvtSystem Started the event processing thread
2013/07/02 11:12:08:605  ACTION: Read PRB FPGA: Address=0x3000 Data=0x12
2013/07/02 11:12:08:620  RESULT: FPGA 0x3000 Expected: 18 Actual: 18
2013/07/02 11:12:14:167  EVENT:  SCRIPT-EXEC:EXIT - TES.Dvt.ScriptExecStateMachine, ID[8]
2013/07/02 11:12:14:167  INFO:   Terminating ScriptEngineProcedure
2013/07/02 11:12:14:167  EVENT:  Terminate Dispatch, ID[15]
2013/07/02 11:12:14:183  EVENT:  TES.Dvt.ScriptExecStateMachine.DoneEvent, ID[6]
2013/07/02 11:12:14:183  STATE:  Changing state to ScriptExecStateMachine.IdleState, ID[6]
2013/07/02 11:12:14:199  INFO:   ScriptEngineProcedure Completed
2013/07/02 11:12:14:199  INFO:   Testcase Summary:
2013/07/02 11:12:14:199  RESULT: Test Procedure ScriptEngineProcedure (FAILED)
2013/07/02 11:12:14:199  INFO:   Procedure Runtime = 00:00:05
2013/07/02 11:12:14:199  INFO:   The event dispatch thread ScriptEngineProcedure exited.
