resetting
done resetting
  CC1020 FREQ_2A =  53
  CC1020 FREQ_1A =  240
  CC1020 FREQ_0A =  33
  CC1020 CLOCK_A =  56
  CC1020 FREQ_2B =  53
  CC1020 FREQ_1B =  250
  CC1020 FREQ_0B =  203
  CC1020 CLOCK_B =  56
  CC1020 MATCH =  0
  CC1020 STATUS1 =  108
  CC1020 STATUS2 =  102
  CC1020 STATUS3 =  68
  CC1020 FILTER =  34
Candidate Frequency = 402.8183MHz, LSI
  RF Generator = -55dBm
  CC1020 RSSI =  64
  CC1020 RSSI =  63
  CC1020 RSSI =  64
  CC1020 RSSI =  63
  CC1020 RSSI =  63
  CC1020 RSSI =  64
  CC1020 RSSI =  63
  CC1020 RSSI =  64
  CC1020 RSSI =  64
  CC1020 RSSI =  63
  CC1020 Average RSSI =  63.5
  RF Generator = -60dBm
  CC1020 RSSI =  63
  CC1020 RSSI =  64
  CC1020 RSSI =  63
  CC1020 RSSI =  63
  CC1020 RSSI =  63
  CC1020 RSSI =  64
  CC1020 RSSI =  64
  CC1020 RSSI =  63
  CC1020 RSSI =  63
  CC1020 RSSI =  64
  CC1020 Average RSSI =  63.4
  RF Generator = -65dBm
  CC1020 RSSI =  63
  CC1020 RSSI =  63
  CC1020 RSSI =  64
  CC1020 RSSI =  63
  CC1020 RSSI =  63
  CC1020 RSSI =  63
  CC1020 RSSI =  63
  CC1020 RSSI =  64
  CC1020 RSSI =  64
  CC1020 RSSI =  63
  CC1020 Average RSSI =  63.3
  RF Generator = -70dBm
  CC1020 RSSI =  63
  CC1020 RSSI =  63
  CC1020 RSSI =  63
  CC1020 RSSI =  63
  CC1020 RSSI =  63
  CC1020 RSSI =  63
  CC1020 RSSI =  63
  CC1020 RSSI =  63
  CC1020 RSSI =  63
  CC1020 RSSI =  63
  CC1020 Average RSSI =  63.0
  RF Generator = -75dBm
  CC1020 RSSI =  63
  CC1020 RSSI =  63
  CC1020 RSSI =  63
  CC1020 RSSI =  63
  CC1020 RSSI =  62
  CC1020 RSSI =  63
  CC1020 RSSI =  63
  CC1020 RSSI =  63
  CC1020 RSSI =  63
  CC1020 RSSI =  63
  CC1020 Average RSSI =  62.9
  RF Generator = -80dBm
  CC1020 RSSI =  51
  CC1020 RSSI =  51
  CC1020 RSSI =  51
  CC1020 RSSI =  51
  CC1020 RSSI =  51
  CC1020 RSSI =  51
  CC1020 RSSI =  51
  CC1020 RSSI =  51
  CC1020 RSSI =  51
  CC1020 RSSI =  51
  CC1020 Average RSSI =  51.0
  RF Generator = -85dBm
  CC1020 RSSI =  48
  CC1020 RSSI =  47
  CC1020 RSSI =  48
  CC1020 RSSI =  47
  CC1020 RSSI =  48
  CC1020 RSSI =  47
  CC1020 RSSI =  47
  CC1020 RSSI =  47
  CC1020 RSSI =  47
  CC1020 RSSI =  48
  CC1020 Average RSSI =  47.4
  RF Generator = -90
  CC1020 RSSI =  45
  CC1020 RSSI =  44
  CC1020 RSSI =  45
  CC1020 RSSI =  45
  CC1020 RSSI =  45
  CC1020 RSSI =  45
  CC1020 RSSI =  44
  CC1020 RSSI =  45
  CC1020 RSSI =  44
  CC1020 RSSI =  45
  CC1020 Average RSSI =  44.7
  RF Generator = -95
  CC1020 RSSI =  41
  CC1020 RSSI =  42
  CC1020 RSSI =  41
  CC1020 RSSI =  41
  CC1020 RSSI =  41
  CC1020 RSSI =  41
  CC1020 RSSI =  42
  CC1020 RSSI =  41
  CC1020 RSSI =  42
  CC1020 RSSI =  41
  CC1020 Average RSSI =  41.3
  RF Generator = -100
  CC1020 RSSI =  39
  CC1020 RSSI =  38
  CC1020 RSSI =  37
  CC1020 RSSI =  37
  CC1020 RSSI =  38
  CC1020 RSSI =  38
  CC1020 RSSI =  38
  CC1020 RSSI =  37
  CC1020 RSSI =  37
  CC1020 RSSI =  38
  CC1020 Average RSSI =  37.7
  RF Generator = -105
  CC1020 RSSI =  36
  CC1020 RSSI =  36
  CC1020 RSSI =  35
  CC1020 RSSI =  35
  CC1020 RSSI =  36
  CC1020 RSSI =  35
  CC1020 RSSI =  35
  CC1020 RSSI =  35
  CC1020 RSSI =  34
  CC1020 RSSI =  36
  CC1020 Average RSSI =  35.3
  RF Generator = -110
  CC1020 RSSI =  33
  CC1020 RSSI =  33
  CC1020 RSSI =  33
  CC1020 RSSI =  33
  CC1020 RSSI =  33
  CC1020 RSSI =  33
  CC1020 RSSI =  33
  CC1020 RSSI =  32
  CC1020 RSSI =  30
  CC1020 RSSI =  32
  CC1020 Average RSSI =  32.5
  RF Generator = -115
  CC1020 RSSI =  26
  CC1020 RSSI =  31
  CC1020 RSSI =  27
  CC1020 RSSI =  32
  CC1020 RSSI =  29
  CC1020 RSSI =  29
  CC1020 RSSI =  25
  CC1020 RSSI =  30
  CC1020 RSSI =  32
  CC1020 RSSI =  27
  CC1020 Average RSSI =  28.8
Candidate Frequency = 403.5108MHz, HSI
  RF Generator = -55dBm
  CC1020 RSSI =  64
  CC1020 RSSI =  64
  CC1020 RSSI =  64
  CC1020 RSSI =  64
  CC1020 RSSI =  63
  CC1020 RSSI =  63
  CC1020 RSSI =  64
  CC1020 RSSI =  63
  CC1020 RSSI =  63
  CC1020 RSSI =  63
  CC1020 Average RSSI =  63.5
  RF Generator = -60dBm
  CC1020 RSSI =  64
  CC1020 RSSI =  63
  CC1020 RSSI =  63
  CC1020 RSSI =  64
  CC1020 RSSI =  63
  CC1020 RSSI =  63
  CC1020 RSSI =  63
  CC1020 RSSI =  64
  CC1020 RSSI =  64
  CC1020 RSSI =  64
  CC1020 Average RSSI =  63.5
  RF Generator = -65dBm
  CC1020 RSSI =  63
  CC1020 RSSI =  64
  CC1020 RSSI =  63
  CC1020 RSSI =  63
  CC1020 RSSI =  64
  CC1020 RSSI =  63
  CC1020 RSSI =  64
  CC1020 RSSI =  64
  CC1020 RSSI =  63
  CC1020 RSSI =  63
  CC1020 Average RSSI =  63.4
  RF Generator = -70dBm
  CC1020 RSSI =  63
  CC1020 RSSI =  63
  CC1020 RSSI =  63
  CC1020 RSSI =  63
  CC1020 RSSI =  63
  CC1020 RSSI =  63
  CC1020 RSSI =  63
  CC1020 RSSI =  63
  CC1020 RSSI =  63
  CC1020 RSSI =  63
  CC1020 Average RSSI =  63.0
  RF Generator = -75dBm
  CC1020 RSSI =  63
  CC1020 RSSI =  63
  CC1020 RSSI =  63
  CC1020 RSSI =  63
  CC1020 RSSI =  63
  CC1020 RSSI =  63
  CC1020 RSSI =  62
  CC1020 RSSI =  63
  CC1020 RSSI =  63
  CC1020 RSSI =  63
  CC1020 Average RSSI =  62.9
  RF Generator = -80dBm
  CC1020 RSSI =  51
  CC1020 RSSI =  51
  CC1020 RSSI =  51
  CC1020 RSSI =  51
  CC1020 RSSI =  51
  CC1020 RSSI =  52
  CC1020 RSSI =  51
  CC1020 RSSI =  51
  CC1020 RSSI =  52
  CC1020 RSSI =  51
  CC1020 Average RSSI =  51.2
  RF Generator = -85dBm
  CC1020 RSSI =  47
  CC1020 RSSI =  47
  CC1020 RSSI =  47
  CC1020 RSSI =  48
  CC1020 RSSI =  47
  CC1020 RSSI =  48
  CC1020 RSSI =  47
  CC1020 RSSI =  47
  CC1020 RSSI =  48
  CC1020 RSSI =  48
  CC1020 Average RSSI =  47.4
  RF Generator = -90
  CC1020 RSSI =  45
  CC1020 RSSI =  45
  CC1020 RSSI =  45
  CC1020 RSSI =  44
  CC1020 RSSI =  45
  CC1020 RSSI =  45
  CC1020 RSSI =  45
  CC1020 RSSI =  45
  CC1020 RSSI =  45
  CC1020 RSSI =  45
  CC1020 Average RSSI =  44.9
  RF Generator = -95
  CC1020 RSSI =  42
  CC1020 RSSI =  41
  CC1020 RSSI =  41
  CC1020 RSSI =  41
  CC1020 RSSI =  41
  CC1020 RSSI =  41
  CC1020 RSSI =  42
  CC1020 RSSI =  41
  CC1020 RSSI =  42
  CC1020 RSSI =  41
  CC1020 Average RSSI =  41.3
  RF Generator = -100
  CC1020 RSSI =  38
  CC1020 RSSI =  38
  CC1020 RSSI =  37
  CC1020 RSSI =  38
  CC1020 RSSI =  38
  CC1020 RSSI =  39
  CC1020 RSSI =  38
  CC1020 RSSI =  37
  CC1020 RSSI =  38
  CC1020 RSSI =  38
  CC1020 Average RSSI =  37.9
  RF Generator = -105
  CC1020 RSSI =  34
  CC1020 RSSI =  35
  CC1020 RSSI =  35
  CC1020 RSSI =  36
  CC1020 RSSI =  35
  CC1020 RSSI =  34
  CC1020 RSSI =  35
  CC1020 RSSI =  36
  CC1020 RSSI =  35
  CC1020 RSSI =  35
  CC1020 Average RSSI =  35.0
  RF Generator = -110
  CC1020 RSSI =  33
  CC1020 RSSI =  32
  CC1020 RSSI =  32
  CC1020 RSSI =  32
  CC1020 RSSI =  33
  CC1020 RSSI =  32
  CC1020 RSSI =  34
  CC1020 RSSI =  31
  CC1020 RSSI =  34
  CC1020 RSSI =  33
  CC1020 Average RSSI =  32.6
  RF Generator = -115
  CC1020 RSSI =  28
  CC1020 RSSI =  29
  CC1020 RSSI =  23
  CC1020 RSSI =  24
  CC1020 RSSI =  31
  CC1020 RSSI =  32
  CC1020 RSSI =  29
  CC1020 RSSI =  30
  CC1020 RSSI =  30
  CC1020 RSSI =  31
  CC1020 Average RSSI =  28.7
Candidate Frequency = 402.4942MHz, LSI
  RF Generator = -55dBm
  CC1020 RSSI =  63
  CC1020 RSSI =  63
  CC1020 RSSI =  64
  CC1020 RSSI =  63
  CC1020 RSSI =  63
  CC1020 RSSI =  64
  CC1020 RSSI =  64
  CC1020 RSSI =  63
  CC1020 RSSI =  63
  CC1020 RSSI =  64
  CC1020 Average RSSI =  63.4
  RF Generator = -60dBm
  CC1020 RSSI =  63
  CC1020 RSSI =  64
  CC1020 RSSI =  64
  CC1020 RSSI =  64
  CC1020 RSSI =  64
  CC1020 RSSI =  63
  CC1020 RSSI =  64
  CC1020 RSSI =  63
  CC1020 RSSI =  63
  CC1020 RSSI =  63
  CC1020 Average RSSI =  63.5
  RF Generator = -65dBm
  CC1020 RSSI =  64
  CC1020 RSSI =  63
  CC1020 RSSI =  64
  CC1020 RSSI =  63
  CC1020 RSSI =  63
  CC1020 RSSI =  64
  CC1020 RSSI =  64
  CC1020 RSSI =  63
  CC1020 RSSI =  63
  CC1020 RSSI =  64
  CC1020 Average RSSI =  63.5
  RF Generator = -70dBm
  CC1020 RSSI =  63
  CC1020 RSSI =  63
  CC1020 RSSI =  63
  CC1020 RSSI =  63
  CC1020 RSSI =  63
  CC1020 RSSI =  63
  CC1020 RSSI =  63
  CC1020 RSSI =  63
  CC1020 RSSI =  63
  CC1020 RSSI =  63
  CC1020 Average RSSI =  63.0
  RF Generator = -75dBm
  CC1020 RSSI =  63
  CC1020 RSSI =  62
  CC1020 RSSI =  63
  CC1020 RSSI =  63
  CC1020 RSSI =  63
  CC1020 RSSI =  63
  CC1020 RSSI =  63
  CC1020 RSSI =  62
  CC1020 RSSI =  63
  CC1020 RSSI =  63
  CC1020 Average RSSI =  62.8
  RF Generator = -80dBm
  CC1020 RSSI =  51
  CC1020 RSSI =  51
  CC1020 RSSI =  51
  CC1020 RSSI =  51
  CC1020 RSSI =  51
  CC1020 RSSI =  51
  CC1020 RSSI =  51
  CC1020 RSSI =  51
  CC1020 RSSI =  51
  CC1020 RSSI =  51
  CC1020 Average RSSI =  51.0
  RF Generator = -85dBm
  CC1020 RSSI =  47
  CC1020 RSSI =  48
  CC1020 RSSI =  47
  CC1020 RSSI =  48
  CC1020 RSSI =  48
  CC1020 RSSI =  47
  CC1020 RSSI =  47
  CC1020 RSSI =  48
  CC1020 RSSI =  47
  CC1020 RSSI =  47
  CC1020 Average RSSI =  47.4
  RF Generator = -90
  CC1020 RSSI =  45
  CC1020 RSSI =  45
  CC1020 RSSI =  45
  CC1020 RSSI =  44
  CC1020 RSSI =  44
  CC1020 RSSI =  45
  CC1020 RSSI =  45
  CC1020 RSSI =  44
  CC1020 RSSI =  45
  CC1020 RSSI =  44
  CC1020 Average RSSI =  44.6
  RF Generator = -95
  CC1020 RSSI =  41
  CC1020 RSSI =  41
  CC1020 RSSI =  41
  CC1020 RSSI =  41
  CC1020 RSSI =  41
  CC1020 RSSI =  41
  CC1020 RSSI =  41
  CC1020 RSSI =  41
  CC1020 RSSI =  41
  CC1020 RSSI =  42
  CC1020 Average RSSI =  41.1
  RF Generator = -100
  CC1020 RSSI =  38
  CC1020 RSSI =  38
  CC1020 RSSI =  37
  CC1020 RSSI =  38
  CC1020 RSSI =  38
  CC1020 RSSI =  37
  CC1020 RSSI =  37
  CC1020 RSSI =  38
  CC1020 RSSI =  38
  CC1020 RSSI =  38
  CC1020 Average RSSI =  37.7
  RF Generator = -105
  CC1020 RSSI =  35
  CC1020 RSSI =  36
  CC1020 RSSI =  35
  CC1020 RSSI =  34
  CC1020 RSSI =  33
  CC1020 RSSI =  34
  CC1020 RSSI =  35
  CC1020 RSSI =  34
  CC1020 RSSI =  35
  CC1020 RSSI =  35
  CC1020 Average RSSI =  34.6
  RF Generator = -110
  CC1020 RSSI =  32
  CC1020 RSSI =  30
  CC1020 RSSI =  31
  CC1020 RSSI =  33
  CC1020 RSSI =  31
  CC1020 RSSI =  34
  CC1020 RSSI =  34
  CC1020 RSSI =  34
  CC1020 RSSI =  34
  CC1020 RSSI =  34
  CC1020 Average RSSI =  32.7
  RF Generator = -115
  CC1020 RSSI =  33
  CC1020 RSSI =  25
  CC1020 RSSI =  28
  CC1020 RSSI =  29
  CC1020 RSSI =  30
  CC1020 RSSI =  29
  CC1020 RSSI =  28
  CC1020 RSSI =  26
  CC1020 RSSI =  31
  CC1020 RSSI =  23
  CC1020 Average RSSI =  28.2
Candidate Frequency = 404.6167MHz, HSI
  RF Generator = -55dBm
  CC1020 RSSI =  63
  CC1020 RSSI =  63
  CC1020 RSSI =  64
  CC1020 RSSI =  63
  CC1020 RSSI =  63
  CC1020 RSSI =  63
  CC1020 RSSI =  64
  CC1020 RSSI =  64
  CC1020 RSSI =  64
  CC1020 RSSI =  63
  CC1020 Average RSSI =  63.4
  RF Generator = -60dBm
  CC1020 RSSI =  63
  CC1020 RSSI =  63
  CC1020 RSSI =  63
  CC1020 RSSI =  63
  CC1020 RSSI =  64
  CC1020 RSSI =  64
  CC1020 RSSI =  63
  CC1020 RSSI =  64
  CC1020 RSSI =  64
  CC1020 RSSI =  63
  CC1020 Average RSSI =  63.4
  RF Generator = -65dBm
  CC1020 RSSI =  64
  CC1020 RSSI =  63
  CC1020 RSSI =  64
  CC1020 RSSI =  64
  CC1020 RSSI =  63
  CC1020 RSSI =  63
  CC1020 RSSI =  64
  CC1020 RSSI =  64
  CC1020 RSSI =  64
  CC1020 RSSI =  64
  CC1020 Average RSSI =  63.7
  RF Generator = -70dBm
  CC1020 RSSI =  63
  CC1020 RSSI =  63
  CC1020 RSSI =  63
  CC1020 RSSI =  63
  CC1020 RSSI =  63
  CC1020 RSSI =  63
  CC1020 RSSI =  63
  CC1020 RSSI =  63
  CC1020 RSSI =  63
  CC1020 RSSI =  63
  CC1020 Average RSSI =  63.0
  RF Generator = -75dBm
  CC1020 RSSI =  63
  CC1020 RSSI =  63
  CC1020 RSSI =  63
  CC1020 RSSI =  63
  CC1020 RSSI =  63
  CC1020 RSSI =  62
  CC1020 RSSI =  63
  CC1020 RSSI =  63
  CC1020 RSSI =  63
  CC1020 RSSI =  62
  CC1020 Average RSSI =  62.8
  RF Generator = -80dBm
  CC1020 RSSI =  51
  CC1020 RSSI =  51
  CC1020 RSSI =  51
  CC1020 RSSI =  51
  CC1020 RSSI =  51
  CC1020 RSSI =  51
  CC1020 RSSI =  51
  CC1020 RSSI =  51
  CC1020 RSSI =  51
  CC1020 RSSI =  51
  CC1020 Average RSSI =  51.0
  RF Generator = -85dBm
  CC1020 RSSI =  47
  CC1020 RSSI =  47
  CC1020 RSSI =  48
  CC1020 RSSI =  48
  CC1020 RSSI =  48
  CC1020 RSSI =  48
  CC1020 RSSI =  47
  CC1020 RSSI =  47
  CC1020 RSSI =  48
  CC1020 RSSI =  47
  CC1020 Average RSSI =  47.5
  RF Generator = -90
  CC1020 RSSI =  44
  CC1020 RSSI =  45
  CC1020 RSSI =  44
  CC1020 RSSI =  45
  CC1020 RSSI =  45
  CC1020 RSSI =  45
  CC1020 RSSI =  44
  CC1020 RSSI =  45
  CC1020 RSSI =  45
  CC1020 RSSI =  44
  CC1020 Average RSSI =  44.6
  RF Generator = -95
  CC1020 RSSI =  41
  CC1020 RSSI =  41
  CC1020 RSSI =  41
  CC1020 RSSI =  42
  CC1020 RSSI =  41
  CC1020 RSSI =  41
  CC1020 RSSI =  41
  CC1020 RSSI =  41
  CC1020 RSSI =  41
  CC1020 RSSI =  42
  CC1020 Average RSSI =  41.2
  RF Generator = -100
  CC1020 RSSI =  38
  CC1020 RSSI =  38
  CC1020 RSSI =  37
  CC1020 RSSI =  38
  CC1020 RSSI =  38
  CC1020 RSSI =  38
  CC1020 RSSI =  38
  CC1020 RSSI =  38
  CC1020 RSSI =  39
  CC1020 RSSI =  38
  CC1020 Average RSSI =  38.0
  RF Generator = -105
  CC1020 RSSI =  35
  CC1020 RSSI =  35
  CC1020 RSSI =  37
  CC1020 RSSI =  35
  CC1020 RSSI =  35
  CC1020 RSSI =  35
  CC1020 RSSI =  34
  CC1020 RSSI =  36
  CC1020 RSSI =  33
  CC1020 RSSI =  36
  CC1020 Average RSSI =  35.1
  RF Generator = -110
  CC1020 RSSI =  32
  CC1020 RSSI =  33
  CC1020 RSSI =  32
  CC1020 RSSI =  34
  CC1020 RSSI =  33
  CC1020 RSSI =  34
  CC1020 RSSI =  31
  CC1020 RSSI =  33
  CC1020 RSSI =  34
  CC1020 RSSI =  31
  CC1020 Average RSSI =  32.7
  RF Generator = -115
  CC1020 RSSI =  28
  CC1020 RSSI =  30
  CC1020 RSSI =  30
  CC1020 RSSI =  30
  CC1020 RSSI =  29
  CC1020 RSSI =  29
  CC1020 RSSI =  28
  CC1020 RSSI =  31
  CC1020 RSSI =  32
  CC1020 RSSI =  28
  CC1020 Average RSSI =  29.5
Candidate Frequency = 402.7209MHz, HSI
  RF Generator = -55dBm
  CC1020 RSSI =  64
  CC1020 RSSI =  63
  CC1020 RSSI =  64
  CC1020 RSSI =  63
  CC1020 RSSI =  64
  CC1020 RSSI =  64
  CC1020 RSSI =  63
  CC1020 RSSI =  63
  CC1020 RSSI =  64
  CC1020 RSSI =  63
  CC1020 Average RSSI =  63.5
  RF Generator = -60dBm
  CC1020 RSSI =  64
  CC1020 RSSI =  63
  CC1020 RSSI =  63
  CC1020 RSSI =  63
  CC1020 RSSI =  63
  CC1020 RSSI =  63
  CC1020 RSSI =  64
  CC1020 RSSI =  64
  CC1020 RSSI =  63
  CC1020 RSSI =  63
  CC1020 Average RSSI =  63.3
  RF Generator = -65dBm
  CC1020 RSSI =  63
  CC1020 RSSI =  64
  CC1020 RSSI =  63
  CC1020 RSSI =  63
  CC1020 RSSI =  63
  CC1020 RSSI =  63
  CC1020 RSSI =  64
  CC1020 RSSI =  63
  CC1020 RSSI =  63
  CC1020 RSSI =  63
  CC1020 Average RSSI =  63.2
  RF Generator = -70dBm
  CC1020 RSSI =  63
  CC1020 RSSI =  63
  CC1020 RSSI =  63
  CC1020 RSSI =  63
  CC1020 RSSI =  63
  CC1020 RSSI =  63
  CC1020 RSSI =  63
  CC1020 RSSI =  63
  CC1020 RSSI =  63
  CC1020 RSSI =  63
  CC1020 Average RSSI =  63.0
  RF Generator = -75dBm
  CC1020 RSSI =  63
  CC1020 RSSI =  63
  CC1020 RSSI =  63
  CC1020 RSSI =  63
  CC1020 RSSI =  63
  CC1020 RSSI =  63
  CC1020 RSSI =  62
  CC1020 RSSI =  62
  CC1020 RSSI =  63
  CC1020 RSSI =  62
  CC1020 Average RSSI =  62.7
  RF Generator = -80dBm
  CC1020 RSSI =  51
  CC1020 RSSI =  51
  CC1020 RSSI =  51
  CC1020 RSSI =  51
  CC1020 RSSI =  51
  CC1020 RSSI =  51
  CC1020 RSSI =  51
  CC1020 RSSI =  51
  CC1020 RSSI =  52
  CC1020 RSSI =  51
  CC1020 Average RSSI =  51.1
  RF Generator = -85dBm
  CC1020 RSSI =  47
  CC1020 RSSI =  48
  CC1020 RSSI =  48
  CC1020 RSSI =  48
  CC1020 RSSI =  48
  CC1020 RSSI =  48
  CC1020 RSSI =  47
  CC1020 RSSI =  48
  CC1020 RSSI =  48
  CC1020 RSSI =  48
  CC1020 Average RSSI =  47.8
  RF Generator = -90
  CC1020 RSSI =  45
  CC1020 RSSI =  44
  CC1020 RSSI =  45
  CC1020 RSSI =  44
  CC1020 RSSI =  45
  CC1020 RSSI =  44
  CC1020 RSSI =  45
  CC1020 RSSI =  45
  CC1020 RSSI =  44
  CC1020 RSSI =  45
  CC1020 Average RSSI =  44.6
  RF Generator = -95
  CC1020 RSSI =  42
  CC1020 RSSI =  42
  CC1020 RSSI =  41
  CC1020 RSSI =  41
  CC1020 RSSI =  41
  CC1020 RSSI =  42
  CC1020 RSSI =  41
  CC1020 RSSI =  41
  CC1020 RSSI =  41
  CC1020 RSSI =  41
  CC1020 Average RSSI =  41.3
  RF Generator = -100
  CC1020 RSSI =  38
  CC1020 RSSI =  37
  CC1020 RSSI =  38
  CC1020 RSSI =  38
  CC1020 RSSI =  38
  CC1020 RSSI =  38
  CC1020 RSSI =  38
  CC1020 RSSI =  38
  CC1020 RSSI =  38
  CC1020 RSSI =  38
  CC1020 Average RSSI =  37.9
  RF Generator = -105
  CC1020 RSSI =  35
  CC1020 RSSI =  35
  CC1020 RSSI =  35
  CC1020 RSSI =  35
  CC1020 RSSI =  36
  CC1020 RSSI =  36
  CC1020 RSSI =  34
  CC1020 RSSI =  34
  CC1020 RSSI =  37
  CC1020 RSSI =  35
  CC1020 Average RSSI =  35.2
  RF Generator = -110
  CC1020 RSSI =  30
  CC1020 RSSI =  30
  CC1020 RSSI =  33
  CC1020 RSSI =  31
  CC1020 RSSI =  34
  CC1020 RSSI =  32
  CC1020 RSSI =  33
  CC1020 RSSI =  33
  CC1020 RSSI =  32
  CC1020 RSSI =  32
  CC1020 Average RSSI =  32.0
  RF Generator = -115
  CC1020 RSSI =  32
  CC1020 RSSI =  25
  CC1020 RSSI =  29
  CC1020 RSSI =  32
  CC1020 RSSI =  28
  CC1020 RSSI =  28
  CC1020 RSSI =  26
  CC1020 RSSI =  33
  CC1020 RSSI =  27
  CC1020 RSSI =  28
  CC1020 Average RSSI =  28.8
Candidate Frequency = 402.4049MHz, HSI
  RF Generator = -55dBm
  CC1020 RSSI =  63
  CC1020 RSSI =  63
  CC1020 RSSI =  64
  CC1020 RSSI =  63
  CC1020 RSSI =  64
  CC1020 RSSI =  64
  CC1020 RSSI =  63
  CC1020 RSSI =  63
  CC1020 RSSI =  64
  CC1020 RSSI =  63
  CC1020 Average RSSI =  63.4
  RF Generator = -60dBm
  CC1020 RSSI =  64
  CC1020 RSSI =  64
  CC1020 RSSI =  64
  CC1020 RSSI =  64
  CC1020 RSSI =  63
  CC1020 RSSI =  64
  CC1020 RSSI =  63
  CC1020 RSSI =  64
  CC1020 RSSI =  64
  CC1020 RSSI =  64
  CC1020 Average RSSI =  63.8
  RF Generator = -65dBm
  CC1020 RSSI =  63
  CC1020 RSSI =  63
  CC1020 RSSI =  64
  CC1020 RSSI =  63
  CC1020 RSSI =  63
  CC1020 RSSI =  64
  CC1020 RSSI =  64
  CC1020 RSSI =  64
  CC1020 RSSI =  63
  CC1020 RSSI =  63
  CC1020 Average RSSI =  63.4
  RF Generator = -70dBm
  CC1020 RSSI =  63
  CC1020 RSSI =  63
  CC1020 RSSI =  63
  CC1020 RSSI =  63
  CC1020 RSSI =  63
  CC1020 RSSI =  63
  CC1020 RSSI =  63
  CC1020 RSSI =  63
  CC1020 RSSI =  64
  CC1020 RSSI =  63
  CC1020 Average RSSI =  63.1
  RF Generator = -75dBm
  CC1020 RSSI =  62
  CC1020 RSSI =  63
  CC1020 RSSI =  63
  CC1020 RSSI =  63
  CC1020 RSSI =  63
  CC1020 RSSI =  63
  CC1020 RSSI =  63
  CC1020 RSSI =  62
  CC1020 RSSI =  63
  CC1020 RSSI =  63
  CC1020 Average RSSI =  62.8
  RF Generator = -80dBm
  CC1020 RSSI =  51
  CC1020 RSSI =  51
  CC1020 RSSI =  51
  CC1020 RSSI =  51
  CC1020 RSSI =  51
  CC1020 RSSI =  51
  CC1020 RSSI =  51
  CC1020 RSSI =  51
  CC1020 RSSI =  51
  CC1020 RSSI =  51
  CC1020 Average RSSI =  51.0
  RF Generator = -85dBm
  CC1020 RSSI =  47
  CC1020 RSSI =  48
  CC1020 RSSI =  47
  CC1020 RSSI =  47
  CC1020 RSSI =  48
  CC1020 RSSI =  47
  CC1020 RSSI =  48
  CC1020 RSSI =  48
  CC1020 RSSI =  47
  CC1020 RSSI =  47
  CC1020 Average RSSI =  47.4
  RF Generator = -90
  CC1020 RSSI =  45
  CC1020 RSSI =  44
  CC1020 RSSI =  44
  CC1020 RSSI =  45
  CC1020 RSSI =  45
  CC1020 RSSI =  44
  CC1020 RSSI =  44
  CC1020 RSSI =  44
  CC1020 RSSI =  45
  CC1020 RSSI =  45
  CC1020 Average RSSI =  44.5
  RF Generator = -95
  CC1020 RSSI =  41
  CC1020 RSSI =  41
  CC1020 RSSI =  41
  CC1020 RSSI =  41
  CC1020 RSSI =  41
  CC1020 RSSI =  41
  CC1020 RSSI =  41
  CC1020 RSSI =  41
  CC1020 RSSI =  42
  CC1020 RSSI =  41
  CC1020 Average RSSI =  41.1
  RF Generator = -100
  CC1020 RSSI =  39
  CC1020 RSSI =  38
  CC1020 RSSI =  38
  CC1020 RSSI =  38
  CC1020 RSSI =  38
  CC1020 RSSI =  38
  CC1020 RSSI =  38
  CC1020 RSSI =  37
  CC1020 RSSI =  38
  CC1020 RSSI =  37
  CC1020 Average RSSI =  37.9
  RF Generator = -105
  CC1020 RSSI =  35
  CC1020 RSSI =  35
  CC1020 RSSI =  36
  CC1020 RSSI =  35
  CC1020 RSSI =  35
  CC1020 RSSI =  36
  CC1020 RSSI =  36
  CC1020 RSSI =  35
  CC1020 RSSI =  35
  CC1020 RSSI =  36
  CC1020 Average RSSI =  35.4
  RF Generator = -110
  CC1020 RSSI =  32
  CC1020 RSSI =  33
  CC1020 RSSI =  35
  CC1020 RSSI =  34
  CC1020 RSSI =  31
  CC1020 RSSI =  33
  CC1020 RSSI =  35
  CC1020 RSSI =  33
  CC1020 RSSI =  31
  CC1020 RSSI =  32
  CC1020 Average RSSI =  32.9
  RF Generator = -115
  CC1020 RSSI =  29
  CC1020 RSSI =  27
  CC1020 RSSI =  30
  CC1020 RSSI =  24
  CC1020 RSSI =  24
  CC1020 RSSI =  27
  CC1020 RSSI =  32
  CC1020 RSSI =  28
  CC1020 RSSI =  29
  CC1020 RSSI =  31
  CC1020 Average RSSI =  28.1
Candidate Frequency = 404.5197MHz, LSI
  RF Generator = -55dBm
  CC1020 RSSI =  63
  CC1020 RSSI =  63
  CC1020 RSSI =  63
  CC1020 RSSI =  64
  CC1020 RSSI =  64
  CC1020 RSSI =  64
  CC1020 RSSI =  64
  CC1020 RSSI =  64
  CC1020 RSSI =  63
  CC1020 RSSI =  64
  CC1020 Average RSSI =  63.6
  RF Generator = -60dBm
  CC1020 RSSI =  63
  CC1020 RSSI =  64
  CC1020 RSSI =  64
  CC1020 RSSI =  64
  CC1020 RSSI =  63
  CC1020 RSSI =  63
  CC1020 RSSI =  63
  CC1020 RSSI =  63
  CC1020 RSSI =  63
  CC1020 RSSI =  63
  CC1020 Average RSSI =  63.3
  RF Generator = -65dBm
  CC1020 RSSI =  63
  CC1020 RSSI =  63
  CC1020 RSSI =  63
  CC1020 RSSI =  63
  CC1020 RSSI =  64
  CC1020 RSSI =  64
  CC1020 RSSI =  63
  CC1020 RSSI =  64
  CC1020 RSSI =  63
  CC1020 RSSI =  64
  CC1020 Average RSSI =  63.4
  RF Generator = -70dBm
  CC1020 RSSI =  63
  CC1020 RSSI =  63
  CC1020 RSSI =  63
  CC1020 RSSI =  63
  CC1020 RSSI =  63
  CC1020 RSSI =  63
  CC1020 RSSI =  63
  CC1020 RSSI =  63
  CC1020 RSSI =  63
  CC1020 RSSI =  64
  CC1020 Average RSSI =  63.1
  RF Generator = -75dBm
  CC1020 RSSI =  63
  CC1020 RSSI =  63
  CC1020 RSSI =  63
  CC1020 RSSI =  63
  CC1020 RSSI =  63
  CC1020 RSSI =  63
  CC1020 RSSI =  62
  CC1020 RSSI =  63
  CC1020 RSSI =  63
  CC1020 RSSI =  62
  CC1020 Average RSSI =  62.8
  RF Generator = -80dBm
  CC1020 RSSI =  51
  CC1020 RSSI =  51
  CC1020 RSSI =  51
  CC1020 RSSI =  51
  CC1020 RSSI =  51
  CC1020 RSSI =  52
  CC1020 RSSI =  51
  CC1020 RSSI =  51
  CC1020 RSSI =  51
  CC1020 RSSI =  52
  CC1020 Average RSSI =  51.2
  RF Generator = -85dBm
  CC1020 RSSI =  47
  CC1020 RSSI =  48
  CC1020 RSSI =  47
  CC1020 RSSI =  47
  CC1020 RSSI =  47
  CC1020 RSSI =  47
  CC1020 RSSI =  48
  CC1020 RSSI =  48
  CC1020 RSSI =  48
  CC1020 RSSI =  47
  CC1020 Average RSSI =  47.4
  RF Generator = -90
  CC1020 RSSI =  44
  CC1020 RSSI =  44
  CC1020 RSSI =  45
  CC1020 RSSI =  44
  CC1020 RSSI =  45
  CC1020 RSSI =  44
  CC1020 RSSI =  44
  CC1020 RSSI =  45
  CC1020 RSSI =  44
  CC1020 RSSI =  44
  CC1020 Average RSSI =  44.3
  RF Generator = -95
  CC1020 RSSI =  41
  CC1020 RSSI =  41
  CC1020 RSSI =  42
  CC1020 RSSI =  41
  CC1020 RSSI =  41
  CC1020 RSSI =  41
  CC1020 RSSI =  41
  CC1020 RSSI =  41
  CC1020 RSSI =  42
  CC1020 RSSI =  42
  CC1020 Average RSSI =  41.3
  RF Generator = -100
  CC1020 RSSI =  38
  CC1020 RSSI =  38
  CC1020 RSSI =  38
  CC1020 RSSI =  38
  CC1020 RSSI =  38
  CC1020 RSSI =  38
  CC1020 RSSI =  38
  CC1020 RSSI =  38
  CC1020 RSSI =  38
  CC1020 RSSI =  38
  CC1020 Average RSSI =  38.0
  RF Generator = -105
  CC1020 RSSI =  35
  CC1020 RSSI =  35
  CC1020 RSSI =  34
  CC1020 RSSI =  35
  CC1020 RSSI =  36
  CC1020 RSSI =  36
  CC1020 RSSI =  35
  CC1020 RSSI =  34
  CC1020 RSSI =  35
  CC1020 RSSI =  35
  CC1020 Average RSSI =  35.0
  RF Generator = -110
  CC1020 RSSI =  33
  CC1020 RSSI =  34
  CC1020 RSSI =  34
  CC1020 RSSI =  33
  CC1020 RSSI =  31
  CC1020 RSSI =  32
  CC1020 RSSI =  33
  CC1020 RSSI =  34
  CC1020 RSSI =  33
  CC1020 RSSI =  34
  CC1020 Average RSSI =  33.1
  RF Generator = -115
  CC1020 RSSI =  29
  CC1020 RSSI =  25
  CC1020 RSSI =  27
  CC1020 RSSI =  29
  CC1020 RSSI =  30
  CC1020 RSSI =  28
  CC1020 RSSI =  29
  CC1020 RSSI =  29
  CC1020 RSSI =  27
  CC1020 RSSI =  22
  CC1020 Average RSSI =  27.5
Candidate Frequency = 402.7049MHz, LSI
  RF Generator = -55dBm
  CC1020 RSSI =  64
  CC1020 RSSI =  63
  CC1020 RSSI =  63
  CC1020 RSSI =  63
  CC1020 RSSI =  63
  CC1020 RSSI =  64
  CC1020 RSSI =  64
  CC1020 RSSI =  64
  CC1020 RSSI =  63
  CC1020 RSSI =  64
  CC1020 Average RSSI =  63.5
  RF Generator = -60dBm
  CC1020 RSSI =  63
  CC1020 RSSI =  64
  CC1020 RSSI =  63
  CC1020 RSSI =  63
  CC1020 RSSI =  63
  CC1020 RSSI =  64
  CC1020 RSSI =  63
  CC1020 RSSI =  63
  CC1020 RSSI =  64
  CC1020 RSSI =  64
  CC1020 Average RSSI =  63.4
  RF Generator = -65dBm
  CC1020 RSSI =  64
  CC1020 RSSI =  64
  CC1020 RSSI =  63
  CC1020 RSSI =  63
  CC1020 RSSI =  64
  CC1020 RSSI =  64
  CC1020 RSSI =  63
  CC1020 RSSI =  63
  CC1020 RSSI =  64
  CC1020 RSSI =  63
  CC1020 Average RSSI =  63.5
  RF Generator = -70dBm
  CC1020 RSSI =  63
  CC1020 RSSI =  63
  CC1020 RSSI =  63
  CC1020 RSSI =  63
  CC1020 RSSI =  64
  CC1020 RSSI =  63
  CC1020 RSSI =  63
  CC1020 RSSI =  63
  CC1020 RSSI =  63
  CC1020 RSSI =  63
  CC1020 Average RSSI =  63.1
  RF Generator = -75dBm
  CC1020 RSSI =  63
  CC1020 RSSI =  62
  CC1020 RSSI =  63
  CC1020 RSSI =  62
  CC1020 RSSI =  63
  CC1020 RSSI =  62
  CC1020 RSSI =  63
  CC1020 RSSI =  63
  CC1020 RSSI =  63
  CC1020 RSSI =  63
  CC1020 Average RSSI =  62.7
  RF Generator = -80dBm
  CC1020 RSSI =  51
  CC1020 RSSI =  51
  CC1020 RSSI =  51
  CC1020 RSSI =  51
  CC1020 RSSI =  51
  CC1020 RSSI =  51
  CC1020 RSSI =  51
  CC1020 RSSI =  51
  CC1020 RSSI =  51
  CC1020 RSSI =  51
  CC1020 Average RSSI =  51.0
  RF Generator = -85dBm
  CC1020 RSSI =  48
  CC1020 RSSI =  47
  CC1020 RSSI =  47
  CC1020 RSSI =  48
  CC1020 RSSI =  48
  CC1020 RSSI =  47
  CC1020 RSSI =  48
  CC1020 RSSI =  47
  CC1020 RSSI =  48
  CC1020 RSSI =  47
  CC1020 Average RSSI =  47.5
  RF Generator = -90
  CC1020 RSSI =  45
  CC1020 RSSI =  45
  CC1020 RSSI =  44
  CC1020 RSSI =  44
  CC1020 RSSI =  44
  CC1020 RSSI =  45
  CC1020 RSSI =  45
  CC1020 RSSI =  44
  CC1020 RSSI =  45
  CC1020 RSSI =  45
  CC1020 Average RSSI =  44.6
  RF Generator = -95
  CC1020 RSSI =  41
  CC1020 RSSI =  42
  CC1020 RSSI =  41
  CC1020 RSSI =  41
  CC1020 RSSI =  42
  CC1020 RSSI =  42
  CC1020 RSSI =  41
  CC1020 RSSI =  41
  CC1020 RSSI =  41
  CC1020 RSSI =  41
  CC1020 Average RSSI =  41.3
  RF Generator = -100
  CC1020 RSSI =  38
  CC1020 RSSI =  38
  CC1020 RSSI =  39
  CC1020 RSSI =  38
  CC1020 RSSI =  37
  CC1020 RSSI =  38
  CC1020 RSSI =  38
  CC1020 RSSI =  38
  CC1020 RSSI =  38
  CC1020 RSSI =  38
  CC1020 Average RSSI =  38.0
  RF Generator = -105
  CC1020 RSSI =  35
  CC1020 RSSI =  35
  CC1020 RSSI =  34
  CC1020 RSSI =  35
  CC1020 RSSI =  35
  CC1020 RSSI =  34
  CC1020 RSSI =  35
  CC1020 RSSI =  35
  CC1020 RSSI =  35
  CC1020 RSSI =  35
  CC1020 Average RSSI =  34.8
  RF Generator = -110
  CC1020 RSSI =  33
  CC1020 RSSI =  34
  CC1020 RSSI =  33
  CC1020 RSSI =  32
  CC1020 RSSI =  31
  CC1020 RSSI =  31
  CC1020 RSSI =  33
  CC1020 RSSI =  32
  CC1020 RSSI =  32
  CC1020 RSSI =  32
  CC1020 Average RSSI =  32.3
  RF Generator = -115
  CC1020 RSSI =  31
  CC1020 RSSI =  21
  CC1020 RSSI =  31
  CC1020 RSSI =  25
  CC1020 RSSI =  31
  CC1020 RSSI =  26
  CC1020 RSSI =  29
  CC1020 RSSI =  28
  CC1020 RSSI =  29
  CC1020 RSSI =  29
  CC1020 Average RSSI =  28.0
Candidate Frequency = 403.5108MHz, HSI
  RF Generator = -55dBm
  CC1020 RSSI =  63
  CC1020 RSSI =  64
  CC1020 RSSI =  63
  CC1020 RSSI =  64
  CC1020 RSSI =  64
  CC1020 RSSI =  64
  CC1020 RSSI =  63
  CC1020 RSSI =  64
  CC1020 RSSI =  64
  CC1020 RSSI =  63
  CC1020 Average RSSI =  63.6
  RF Generator = -60dBm
  CC1020 RSSI =  63
  CC1020 RSSI =  63
  CC1020 RSSI =  63
  CC1020 RSSI =  64
  CC1020 RSSI =  64
  CC1020 RSSI =  63
  CC1020 RSSI =  64
  CC1020 RSSI =  64
  CC1020 RSSI =  64
  CC1020 RSSI =  64
  CC1020 Average RSSI =  63.6
  RF Generator = -65dBm
  CC1020 RSSI =  63
  CC1020 RSSI =  63
  CC1020 RSSI =  64
  CC1020 RSSI =  64
  CC1020 RSSI =  63
  CC1020 RSSI =  64
  CC1020 RSSI =  64
  CC1020 RSSI =  64
  CC1020 RSSI =  64
  CC1020 RSSI =  64
  CC1020 Average RSSI =  63.7
  RF Generator = -70dBm
  CC1020 RSSI =  63
  CC1020 RSSI =  63
  CC1020 RSSI =  63
  CC1020 RSSI =  64
  CC1020 RSSI =  63
  CC1020 RSSI =  63
  CC1020 RSSI =  63
  CC1020 RSSI =  63
  CC1020 RSSI =  63
  CC1020 RSSI =  64
  CC1020 Average RSSI =  63.2
  RF Generator = -75dBm
  CC1020 RSSI =  63
  CC1020 RSSI =  63
  CC1020 RSSI =  62
  CC1020 RSSI =  62
  CC1020 RSSI =  63
  CC1020 RSSI =  63
  CC1020 RSSI =  63
  CC1020 RSSI =  63
  CC1020 RSSI =  62
  CC1020 RSSI =  63
  CC1020 Average RSSI =  62.7
  RF Generator = -80dBm
  CC1020 RSSI =  51
  CC1020 RSSI =  51
  CC1020 RSSI =  51
  CC1020 RSSI =  51
  CC1020 RSSI =  51
  CC1020 RSSI =  51
  CC1020 RSSI =  51
  CC1020 RSSI =  51
  CC1020 RSSI =  51
  CC1020 RSSI =  52
  CC1020 Average RSSI =  51.1
  RF Generator = -85dBm
  CC1020 RSSI =  48
  CC1020 RSSI =  48
  CC1020 RSSI =  47
  CC1020 RSSI =  48
  CC1020 RSSI =  48
  CC1020 RSSI =  47
  CC1020 RSSI =  47
  CC1020 RSSI =  47
  CC1020 RSSI =  47
  CC1020 RSSI =  48
  CC1020 Average RSSI =  47.5
  RF Generator = -90
  CC1020 RSSI =  45
  CC1020 RSSI =  45
  CC1020 RSSI =  45
  CC1020 RSSI =  44
  CC1020 RSSI =  45
  CC1020 RSSI =  45
  CC1020 RSSI =  45
  CC1020 RSSI =  44
  CC1020 RSSI =  44
  CC1020 RSSI =  45
  CC1020 Average RSSI =  44.7
  RF Generator = -95
  CC1020 RSSI =  41
  CC1020 RSSI =  42
  CC1020 RSSI =  42
  CC1020 RSSI =  42
  CC1020 RSSI =  42
  CC1020 RSSI =  41
  CC1020 RSSI =  41
  CC1020 RSSI =  42
  CC1020 RSSI =  41
  CC1020 RSSI =  42
  CC1020 Average RSSI =  41.6
  RF Generator = -100
  CC1020 RSSI =  37
  CC1020 RSSI =  38
  CC1020 RSSI =  37
  CC1020 RSSI =  38
  CC1020 RSSI =  38
  CC1020 RSSI =  38
  CC1020 RSSI =  38
  CC1020 RSSI =  38
  CC1020 RSSI =  38
  CC1020 RSSI =  38
  CC1020 Average RSSI =  37.8
  RF Generator = -105
  CC1020 RSSI =  35
  CC1020 RSSI =  36
  CC1020 RSSI =  34
  CC1020 RSSI =  33
  CC1020 RSSI =  34
  CC1020 RSSI =  34
  CC1020 RSSI =  36
  CC1020 RSSI =  35
  CC1020 RSSI =  34
  CC1020 RSSI =  33
  CC1020 Average RSSI =  34.4
  RF Generator = -110
  CC1020 RSSI =  34
  CC1020 RSSI =  32
  CC1020 RSSI =  31
  CC1020 RSSI =  33
  CC1020 RSSI =  31
  CC1020 RSSI =  33
  CC1020 RSSI =  32
  CC1020 RSSI =  32
  CC1020 RSSI =  32
  CC1020 RSSI =  31
  CC1020 Average RSSI =  32.1
  RF Generator = -115
  CC1020 RSSI =  29
  CC1020 RSSI =  27
  CC1020 RSSI =  31
  CC1020 RSSI =  29
  CC1020 RSSI =  31
  CC1020 RSSI =  27
  CC1020 RSSI =  29
  CC1020 RSSI =  25
  CC1020 RSSI =  29
  CC1020 RSSI =  28
  CC1020 Average RSSI =  28.5
