2013/07/25 21:06:55:702  INFO:   Loaded Symbol File C:\ISV System\Config\FirmwareSymbols\build178.sym for firmware Build #178
2013/07/25 21:06:55:716  INFO:   CommunicationSystemLog properties: .\CommunicationSystem.logger.properties
2013/07/25 21:06:55:716  INFO:   CommunicationSystemLog log       : .\logs\systemBerScriptLog 2013.07.25 21.06.55_CommunicationSystem.Log
2013/07/25 21:06:59:473  INFO:   Setting the event sink for ScriptEngineProcedure
2013/07/25 21:06:59:473  INFO:   Program parameters checks are enabled
2013/07/25 21:06:59:477  INFO:   ********************************************************************************
2013/07/25 21:06:59:477  INFO:   Starting ScriptEngineProcedure, Assembly  version 
2013/07/25 21:06:59:482  INFO:   Config: ICD (NCommunicationSystem ver: nCommunicationSystem, Version=1.8.2.1, Culture=neutral, PublicKeyToken=56b5378c99c0bcfd; FTDI Driver ver: 2.08.24.0; PRB FPGA ver: 7)
2013/07/25 21:06:59:482  INFO:   Setting the radio board transmit power to level 0x7.
2013/07/25 21:06:59:486  INFO:   Radio board power level set to 7.
2013/07/25 21:06:59:486  INFO:   ECG Timeout Interval set to 10 seconds.
2013/07/25 21:06:59:487  STATE:  Changing state to ScriptExecStateMachine.WaitForNextCmdState, ID[1]
2013/07/25 21:06:59:487  INFO:   FwDvtSystem Started the event processing thread
2013/07/25 21:06:59:521  ACTION: Read PRB FPGA: Address=0x3000 Data=0x07
2013/07/25 21:06:59:526  RESULT: FPGA 0x3000 Expected: 18 Actual: 7
2013/07/25 21:06:59:528  RESULT: ERROR Expected: 18 Actual: 7
2013/07/25 21:06:59:529  ACTION: Calibrate CC1020
2013/07/25 21:06:59:619  INFO:   CC1020 calibration passed
2013/07/25 21:06:59:627  ACTION: Read C1020: Address 0x04 Data=0x35
2013/07/25 21:06:59:631  ACTION: Read C1020: Address 0x05 Data=0xF0
2013/07/25 21:06:59:635  ACTION: Read C1020: Address 0x06 Data=0x21
2013/07/25 21:06:59:639  ACTION: Read C1020: Address 0x07 Data=0x38
2013/07/25 21:06:59:642  ACTION: Read C1020: Address 0x08 Data=0x35
2013/07/25 21:06:59:645  ACTION: Read C1020: Address 0x09 Data=0xFA
2013/07/25 21:06:59:648  ACTION: Read C1020: Address 0x0A Data=0xCB
2013/07/25 21:06:59:651  ACTION: Read C1020: Address 0x0B Data=0x38
2013/07/25 21:06:59:655  ACTION: Read C1020: Address 0x1D Data=0x00
2013/07/25 21:06:59:658  ACTION: Read C1020: Address 0x45 Data=0x4C
2013/07/25 21:06:59:661  ACTION: Read C1020: Address 0x46 Data=0x66
2013/07/25 21:06:59:665  ACTION: Read C1020: Address 0x47 Data=0x44
2013/07/25 21:06:59:675  ACTION: Read PRB FPGA: Address=0x305E Data=0x00
2013/07/25 21:06:59:678  ACTION: Read PRB FPGA: Address=0x3060 Data=0x00
2013/07/25 21:06:59:681  ACTION: Read PRB FPGA: Address=0x3062 Data=0x00
2013/07/25 21:06:59:688  ACTION: Read PRB FPGA: Address=0x3066 Data=0x00
2013/07/25 21:06:59:690  ACTION: Read PRB FPGA: Address=0x3068 Data=0x00
2013/07/25 21:06:59:693  ACTION: Read PRB FPGA: Address=0x306A Data=0x00
2013/07/25 21:06:59:695  ACTION: Write PRB FPGA: Address=0x1026 Data=0x00
2013/07/25 21:06:59:701  INFO:   EXECUTING STATE: SMLibrary.Dvt.IcdCmd+ScanState Timeout: 00:00:30
2013/07/25 21:06:59:702  EVENT:  SCRIPT-EXEC:EXEC-STATE - TES.Dvt.ScriptExecStateMachine, ID[11]
2013/07/25 21:06:59:703  STATE:  Changing state to ScriptExecStateMachine.ExecState, ID[4]
2013/07/25 21:06:59:704  INFO:   Setting the radio board transmit power to level 0x7.
2013/07/25 21:06:59:707  INFO:   Radio board power level set to 7.
2013/07/25 21:06:59:708  ACTION: Setting radio board configuration for hybrid.
2013/07/25 21:06:59:708  ACTION: Set radio board to DIO inverting mode.
2013/07/25 21:06:59:708  ACTION: Write PRB FPGA: Address=0x3012 Data=0x01
2013/07/25 21:06:59:711  ACTION: PRB Set Link Data Rate: Slow
2013/07/25 21:06:59:714  ACTION: Read PRB FPGA: Address=0x1004 Data=0x00
2013/07/25 21:06:59:714  ACTION: Write PRB FPGA: Address=0x1004 Data=0x00
2013/07/25 21:06:59:717  ACTION: Scanning for devices, primary scan duration = 9 sec, secondary scan duration = 2 sec
2013/07/25 21:07:10:891  INFO:   Primary scan device IDs: 0x801C0094 
2013/07/25 21:07:15:047  INFO:   Secondary scan device IDs: 0x801C0094 
2013/07/25 21:07:15:050  EVENT:  Device ID List, ID[17]
                                 DeviceID[0] : ID 0x801C0094 (Model 0, Serial 148, SW Version 7, Is Implanted)
2013/07/25 21:07:15:050  STATE:  Changing state to ScriptExecStateMachine.WaitForNextCmdState, ID[1]
2013/07/25 21:07:15:050  INFO:   STATE EXITED: SMLibrary.Dvt.IcdCmd+ScanState
2013/07/25 21:07:15:066  INFO:   EXECUTING STATE: SMLibrary.Dvt.IcdCmd+ConnectState Timeout: 00:00:24
2013/07/25 21:07:15:066  EVENT:  SCRIPT-EXEC:EXEC-STATE - TES.Dvt.ScriptExecStateMachine, ID[11]
2013/07/25 21:07:15:066  STATE:  Changing state to ScriptExecStateMachine.ExecState, ID[4]
2013/07/25 21:07:15:066  ACTION: PRB Set Link Data Rate: Slow
2013/07/25 21:07:15:069  ACTION: Read PRB FPGA: Address=0x1004 Data=0x00
2013/07/25 21:07:15:069  ACTION: Write PRB FPGA: Address=0x1004 Data=0x00
2013/07/25 21:07:15:072  ACTION: Connecting to device ID 0x801C0094 (Model 0, Serial 148, SW Version 7, Is Implanted)
2013/07/25 21:07:17:745  INFO:   Registering the ICD session delegates
2013/07/25 21:07:17:745  EVENT:  Connect Succeeded, ID[19]
2013/07/25 21:07:17:745  STATE:  Changing state to ScriptExecStateMachine.WaitForNextCmdState, ID[1]
2013/07/25 21:07:17:745  INFO:   STATE EXITED: SMLibrary.Dvt.IcdCmd+ConnectState
2013/07/25 21:07:17:749  INFO:   EXECUTING STATE MACHINE: SMLibrary.ReadSM Timeout: 00:00:01.3120000
2013/07/25 21:07:17:749  EVENT:  SCRIPT-EXEC:EXEC-SM - TES.Dvt.ScriptExecStateMachine, ID[9]
2013/07/25 21:07:17:749  STATE:  Changing state to ScriptExecStateMachine.ExecStateMachineWithCustomExitEventsState, ID[2]
2013/07/25 21:07:17:751  STATE:  Changing state to ReadSM.ReadingState, ID[8]
2013/07/25 21:07:17:751  ACTION: READ_FROM_16_BIT_ADDR_WITH_CRC32, Address=SYS_ERRORS(0xF56C) Length=1
2013/07/25 21:07:17:821  EVENT:  Command Completed, ID[23], Command=0x82 (READ_FROM_16_BIT_ADDR_WITH_CRC32), CRC32=0xE69CA3FE, Data=0xB0
2013/07/25 21:07:17:823  EVENT:  Read Memory Complete, ID[24]
2013/07/25 21:07:17:823  STATE:  Changing state to ReadSM.IdleState, ID[6]
2013/07/25 21:07:17:823  STATE:  Changing state to ScriptExecStateMachine.WaitForNextCmdState, ID[1]
2013/07/25 21:07:17:823  INFO:   STATE MACHINE EXITED: SMLibrary.ReadSM
2013/07/25 21:07:17:828  INFO:   EXECUTING STATE: IronPython.NewTypes.System.Object#IScriptExecState_5$5 Timeout: 00:00:02
2013/07/25 21:07:17:828  EVENT:  SCRIPT-EXEC:EXEC-STATE - TES.Dvt.ScriptExecStateMachine, ID[11]
2013/07/25 21:07:17:828  STATE:  Changing state to ScriptExecStateMachine.ExecState, ID[4]
2013/07/25 21:07:17:829  ACTION: Return Last Command
2013/07/25 21:07:17:856  EVENT:  Marker (Device Summary), ID[26], Timestamp=0xAE[full:not set], Data[0]=0x00, Data[1]=0x40 DynamicShockPolarity=HVA_POSITIVE SystemErrorOccurred 
2013/07/25 21:07:17:869  EVENT:  Command Completed, ID[27], Command=0x60 (Return Last Command), time since last CMDCompleted: 49 ms,
                                 0x00 : 82801C00 94   
2013/07/25 21:07:17:873  STATE:  Changing state to ScriptExecStateMachine.WaitForNextCmdState, ID[1]
2013/07/25 21:07:17:873  INFO:   STATE EXITED: IronPython.NewTypes.System.Object#IScriptExecState_5$5
2013/07/25 21:07:17:874  INFO:   EXECUTING STATE: IronPython.NewTypes.System.Object#IScriptExecState_5$5 Timeout: 00:00:02
2013/07/25 21:07:17:874  EVENT:  SCRIPT-EXEC:EXEC-STATE - TES.Dvt.ScriptExecStateMachine, ID[11]
2013/07/25 21:07:17:874  STATE:  Changing state to ScriptExecStateMachine.ExecState, ID[4]
2013/07/25 21:07:17:874  ACTION: Return Last Command
2013/07/25 21:07:17:917  EVENT:  Command Completed, ID[29], Command=0x60 (Return Last Command), time since last CMDCompleted: 48 ms,
                                 0x00 : 82801C00 94   
2013/07/25 21:07:17:918  STATE:  Changing state to ScriptExecStateMachine.WaitForNextCmdState, ID[1]
2013/07/25 21:07:17:918  INFO:   STATE EXITED: IronPython.NewTypes.System.Object#IScriptExecState_5$5
2013/07/25 21:07:17:919  INFO:   EXECUTING STATE MACHINE: SMLibrary.ReadSM Timeout: 00:00:01.3120000
2013/07/25 21:07:17:919  EVENT:  SCRIPT-EXEC:EXEC-SM - TES.Dvt.ScriptExecStateMachine, ID[9]
2013/07/25 21:07:17:919  STATE:  Changing state to ScriptExecStateMachine.ExecStateMachineWithCustomExitEventsState, ID[2]
2013/07/25 21:07:17:919  STATE:  Changing state to ReadSM.ReadingState, ID[9]
2013/07/25 21:07:17:919  ACTION: READ_FROM_16_BIT_ADDR_WITH_CRC32, Address=SYS_ERRORS(0xF56C) Length=1
2013/07/25 21:07:17:963  EVENT:  Command Completed, ID[33], Command=0x82 (READ_FROM_16_BIT_ADDR_WITH_CRC32), time since last CMDCompleted: 46 ms, CRC32=0xE69CA3FE, Data=0xB0
2013/07/25 21:07:17:963  EVENT:  Read Memory Complete, ID[34]
2013/07/25 21:07:17:963  STATE:  Changing state to ReadSM.IdleState, ID[6]
2013/07/25 21:07:17:963  STATE:  Changing state to ScriptExecStateMachine.WaitForNextCmdState, ID[1]
2013/07/25 21:07:17:963  INFO:   STATE MACHINE EXITED: SMLibrary.ReadSM
2013/07/25 21:07:17:963  INFO:   EXECUTING STATE: IronPython.NewTypes.System.Object#IScriptExecState_5$5 Timeout: 00:00:02
2013/07/25 21:07:17:963  EVENT:  SCRIPT-EXEC:EXEC-STATE - TES.Dvt.ScriptExecStateMachine, ID[11]
2013/07/25 21:07:17:963  STATE:  Changing state to ScriptExecStateMachine.ExecState, ID[4]
2013/07/25 21:07:17:963  ACTION: Return Last Command
2013/07/25 21:07:17:994  EVENT:  Command Completed, ID[36], Command=0x60 (Return Last Command), time since last CMDCompleted: 31 ms,
                                 0x00 : 92801C00 94   
2013/07/25 21:07:17:996  STATE:  Changing state to ScriptExecStateMachine.WaitForNextCmdState, ID[1]
2013/07/25 21:07:17:996  INFO:   STATE EXITED: IronPython.NewTypes.System.Object#IScriptExecState_5$5
2013/07/25 21:07:17:996  INFO:   EXECUTING STATE MACHINE: SMLibrary.ReadSM Timeout: 00:00:01.3120000
2013/07/25 21:07:17:996  EVENT:  SCRIPT-EXEC:EXEC-SM - TES.Dvt.ScriptExecStateMachine, ID[9]
2013/07/25 21:07:17:996  STATE:  Changing state to ScriptExecStateMachine.ExecStateMachineWithCustomExitEventsState, ID[2]
2013/07/25 21:07:17:996  STATE:  Changing state to ReadSM.ReadingState, ID[10]
2013/07/25 21:07:17:996  ACTION: READ_FROM_16_BIT_ADDR_WITH_CRC32, Address=SYS_ERRORS(0xF56C) Length=1
2013/07/25 21:07:18:045  EVENT:  Command Completed, ID[40], Command=0x82 (READ_FROM_16_BIT_ADDR_WITH_CRC32), time since last CMDCompleted: 51 ms, CRC32=0xE69CA3FE, Data=0xB0
2013/07/25 21:07:18:045  EVENT:  Read Memory Complete, ID[41]
2013/07/25 21:07:18:045  STATE:  Changing state to ReadSM.IdleState, ID[6]
2013/07/25 21:07:18:045  STATE:  Changing state to ScriptExecStateMachine.WaitForNextCmdState, ID[1]
2013/07/25 21:07:18:045  INFO:   STATE MACHINE EXITED: SMLibrary.ReadSM
2013/07/25 21:07:18:046  INFO:   EXECUTING STATE: IronPython.NewTypes.System.Object#IScriptExecState_5$5 Timeout: 00:00:02
2013/07/25 21:07:18:046  EVENT:  SCRIPT-EXEC:EXEC-STATE - TES.Dvt.ScriptExecStateMachine, ID[11]
2013/07/25 21:07:18:046  STATE:  Changing state to ScriptExecStateMachine.ExecState, ID[4]
2013/07/25 21:07:18:046  ACTION: Return Last Command
2013/07/25 21:07:18:091  EVENT:  Command Completed, ID[43], Command=0x60 (Return Last Command), time since last CMDCompleted: 46 ms,
                                 0x00 : 92801C00 94   
2013/07/25 21:07:18:092  STATE:  Changing state to ScriptExecStateMachine.WaitForNextCmdState, ID[1]
2013/07/25 21:07:18:092  INFO:   STATE EXITED: IronPython.NewTypes.System.Object#IScriptExecState_5$5
2013/07/25 21:07:18:093  INFO:   EXECUTING STATE MACHINE: SMLibrary.ReadSM Timeout: 00:00:01.3120000
2013/07/25 21:07:18:093  EVENT:  SCRIPT-EXEC:EXEC-SM - TES.Dvt.ScriptExecStateMachine, ID[9]
2013/07/25 21:07:18:093  STATE:  Changing state to ScriptExecStateMachine.ExecStateMachineWithCustomExitEventsState, ID[2]
2013/07/25 21:07:18:093  STATE:  Changing state to ReadSM.ReadingState, ID[11]
2013/07/25 21:07:18:093  ACTION: READ_FROM_16_BIT_ADDR_WITH_CRC32, Address=SYS_ERRORS(0xF56C) Length=1
2013/07/25 21:07:18:152  EVENT:  Command Completed, ID[47], Command=0x82 (READ_FROM_16_BIT_ADDR_WITH_CRC32), time since last CMDCompleted: 61 ms, CRC32=0xE69CA3FE, Data=0xB0
2013/07/25 21:07:18:152  EVENT:  Read Memory Complete, ID[48]
2013/07/25 21:07:18:152  STATE:  Changing state to ReadSM.IdleState, ID[6]
2013/07/25 21:07:18:152  STATE:  Changing state to ScriptExecStateMachine.WaitForNextCmdState, ID[1]
2013/07/25 21:07:18:152  INFO:   STATE MACHINE EXITED: SMLibrary.ReadSM
2013/07/25 21:07:18:152  INFO:   EXECUTING STATE: IronPython.NewTypes.System.Object#IScriptExecState_5$5 Timeout: 00:00:02
2013/07/25 21:07:18:153  EVENT:  SCRIPT-EXEC:EXEC-STATE - TES.Dvt.ScriptExecStateMachine, ID[11]
2013/07/25 21:07:18:153  STATE:  Changing state to ScriptExecStateMachine.ExecState, ID[4]
2013/07/25 21:07:18:153  ACTION: Return Last Command
2013/07/25 21:07:18:183  EVENT:  Command Completed, ID[50], Command=0x60 (Return Last Command), time since last CMDCompleted: 31 ms,
                                 0x00 : 92801C00 94   
2013/07/25 21:07:18:184  STATE:  Changing state to ScriptExecStateMachine.WaitForNextCmdState, ID[1]
2013/07/25 21:07:18:184  INFO:   STATE EXITED: IronPython.NewTypes.System.Object#IScriptExecState_5$5
2013/07/25 21:07:18:187  INFO:   EXECUTING STATE MACHINE: SMLibrary.WriteSM Timeout: 00:00:01.4360000
2013/07/25 21:07:18:187  EVENT:  SCRIPT-EXEC:EXEC-DVT-SM - TES.Dvt.ScriptExecStateMachine, ID[10]
2013/07/25 21:07:18:187  STATE:  Changing state to ScriptExecStateMachine.ExecStateMachineState, ID[3]
2013/07/25 21:07:18:188  STATE:  Changing state to WriteSM.WritingState, ID[12]
2013/07/25 21:07:18:189  ACTION: Write RAM, Address=(0x00F1C0), Length=1, Data=0x07
2013/07/25 21:07:18:247  EVENT:  Command Completed, ID[54], Command=0x81 (Write to 16-bit Address), time since last CMDCompleted: 64 ms
2013/07/25 21:07:18:248  EVENT:  SMLibrary.WriteSM.DoneEvent, ID[51]
2013/07/25 21:07:18:248  STATE:  Changing state to WriteSM.IdleState, ID[6]
2013/07/25 21:07:18:248  STATE:  Changing state to ScriptExecStateMachine.WaitForNextCmdState, ID[1]
2013/07/25 21:07:18:248  INFO:   STATE MACHINE EXITED: SMLibrary.WriteSM
2013/07/25 21:07:18:248  INFO:   EXECUTING STATE: IronPython.NewTypes.System.Object#IScriptExecState_5$5 Timeout: 00:00:02
2013/07/25 21:07:18:248  EVENT:  SCRIPT-EXEC:EXEC-STATE - TES.Dvt.ScriptExecStateMachine, ID[11]
2013/07/25 21:07:18:248  STATE:  Changing state to ScriptExecStateMachine.ExecState, ID[4]
2013/07/25 21:07:18:248  ACTION: Return Last Command
2013/07/25 21:07:18:293  EVENT:  Command Completed, ID[56], Command=0x60 (Return Last Command), time since last CMDCompleted: 46 ms,
                                 0x00 : 91801C00 94   
2013/07/25 21:07:18:294  STATE:  Changing state to ScriptExecStateMachine.WaitForNextCmdState, ID[1]
2013/07/25 21:07:18:294  INFO:   STATE EXITED: IronPython.NewTypes.System.Object#IScriptExecState_5$5
2013/07/25 21:07:18:294  INFO:   EXECUTING STATE MACHINE: SMLibrary.WriteSM Timeout: 00:00:01.4360000
2013/07/25 21:07:18:294  EVENT:  SCRIPT-EXEC:EXEC-DVT-SM - TES.Dvt.ScriptExecStateMachine, ID[10]
2013/07/25 21:07:18:294  STATE:  Changing state to ScriptExecStateMachine.ExecStateMachineState, ID[3]
2013/07/25 21:07:18:294  STATE:  Changing state to WriteSM.WritingState, ID[13]
2013/07/25 21:07:18:294  ACTION: Write RAM, Address=(0x00F1C0), Length=1, Data=0x07
2013/07/25 21:07:18:339  EVENT:  Command Completed, ID[60], Command=0x81 (Write to 16-bit Address), time since last CMDCompleted: 46 ms
2013/07/25 21:07:18:339  EVENT:  SMLibrary.WriteSM.DoneEvent, ID[57]
2013/07/25 21:07:18:339  STATE:  Changing state to WriteSM.IdleState, ID[6]
2013/07/25 21:07:18:339  STATE:  Changing state to ScriptExecStateMachine.WaitForNextCmdState, ID[1]
2013/07/25 21:07:18:339  INFO:   STATE MACHINE EXITED: SMLibrary.WriteSM
2013/07/25 21:07:18:339  INFO:   EXECUTING STATE: IronPython.NewTypes.System.Object#IScriptExecState_5$5 Timeout: 00:00:02
2013/07/25 21:07:18:339  EVENT:  SCRIPT-EXEC:EXEC-STATE - TES.Dvt.ScriptExecStateMachine, ID[11]
2013/07/25 21:07:18:339  STATE:  Changing state to ScriptExecStateMachine.ExecState, ID[4]
2013/07/25 21:07:18:339  ACTION: Return Last Command
2013/07/25 21:07:18:354  INFO:   Enabling the timestamp/interval calculations
2013/07/25 21:07:18:355  EVENT:  Marker (Device Summary), ID[62], Timestamp=0xEE[full:238], Data[0]=0x00, Data[1]=0x40 DynamicShockPolarity=HVA_POSITIVE SystemErrorOccurred 
2013/07/25 21:07:18:370  EVENT:  Command Completed, ID[63], Command=0x60 (Return Last Command), time since last CMDCompleted: 31 ms,
                                 0x00 : 91801C00 94   
2013/07/25 21:07:18:371  STATE:  Changing state to ScriptExecStateMachine.WaitForNextCmdState, ID[1]
2013/07/25 21:07:18:371  INFO:   STATE EXITED: IronPython.NewTypes.System.Object#IScriptExecState_5$5
2013/07/25 21:07:18:371  INFO:   EXECUTING STATE MACHINE: SMLibrary.WriteSM Timeout: 00:00:01.4360000
2013/07/25 21:07:18:371  EVENT:  SCRIPT-EXEC:EXEC-DVT-SM - TES.Dvt.ScriptExecStateMachine, ID[10]
2013/07/25 21:07:18:371  STATE:  Changing state to ScriptExecStateMachine.ExecStateMachineState, ID[3]
2013/07/25 21:07:18:371  STATE:  Changing state to WriteSM.WritingState, ID[14]
2013/07/25 21:07:18:371  ACTION: Write RAM, Address=(0x00F1C0), Length=1, Data=0x07
2013/07/25 21:07:18:421  EVENT:  Command Completed, ID[67], Command=0x81 (Write to 16-bit Address), time since last CMDCompleted: 51 ms
2013/07/25 21:07:18:421  EVENT:  SMLibrary.WriteSM.DoneEvent, ID[64]
2013/07/25 21:07:18:421  STATE:  Changing state to WriteSM.IdleState, ID[6]
2013/07/25 21:07:18:421  STATE:  Changing state to ScriptExecStateMachine.WaitForNextCmdState, ID[1]
2013/07/25 21:07:18:421  INFO:   STATE MACHINE EXITED: SMLibrary.WriteSM
2013/07/25 21:07:18:421  INFO:   EXECUTING STATE: IronPython.NewTypes.System.Object#IScriptExecState_5$5 Timeout: 00:00:02
2013/07/25 21:07:18:421  EVENT:  SCRIPT-EXEC:EXEC-STATE - TES.Dvt.ScriptExecStateMachine, ID[11]
2013/07/25 21:07:18:421  STATE:  Changing state to ScriptExecStateMachine.ExecState, ID[4]
2013/07/25 21:07:18:421  ACTION: Return Last Command
2013/07/25 21:07:18:467  EVENT:  Command Completed, ID[69], Command=0x60 (Return Last Command), time since last CMDCompleted: 46 ms,
                                 0x00 : 91801C00 94   
2013/07/25 21:07:18:468  STATE:  Changing state to ScriptExecStateMachine.WaitForNextCmdState, ID[1]
2013/07/25 21:07:18:468  INFO:   STATE EXITED: IronPython.NewTypes.System.Object#IScriptExecState_5$5
2013/07/25 21:07:18:468  INFO:   EXECUTING STATE MACHINE: SMLibrary.ReadSM Timeout: 00:00:01.3120000
2013/07/25 21:07:18:468  EVENT:  SCRIPT-EXEC:EXEC-SM - TES.Dvt.ScriptExecStateMachine, ID[9]
2013/07/25 21:07:18:468  STATE:  Changing state to ScriptExecStateMachine.ExecStateMachineWithCustomExitEventsState, ID[2]
2013/07/25 21:07:18:468  STATE:  Changing state to ReadSM.ReadingState, ID[15]
2013/07/25 21:07:18:469  ACTION: READ_FROM_16_BIT_ADDR_WITH_CRC32, Address=SYS_ERRORS(0xF56C) Length=1
2013/07/25 21:07:18:528  EVENT:  Command Completed, ID[73], Command=0x82 (READ_FROM_16_BIT_ADDR_WITH_CRC32), time since last CMDCompleted: 61 ms, CRC32=0xE69CA3FE, Data=0xB0
2013/07/25 21:07:18:528  EVENT:  Read Memory Complete, ID[74]
2013/07/25 21:07:18:528  STATE:  Changing state to ReadSM.IdleState, ID[6]
2013/07/25 21:07:18:528  STATE:  Changing state to ScriptExecStateMachine.WaitForNextCmdState, ID[1]
2013/07/25 21:07:18:528  INFO:   STATE MACHINE EXITED: SMLibrary.ReadSM
2013/07/25 21:07:18:528  INFO:   EXECUTING STATE: IronPython.NewTypes.System.Object#IScriptExecState_5$5 Timeout: 00:00:02
2013/07/25 21:07:18:528  EVENT:  SCRIPT-EXEC:EXEC-STATE - TES.Dvt.ScriptExecStateMachine, ID[11]
2013/07/25 21:07:18:528  STATE:  Changing state to ScriptExecStateMachine.ExecState, ID[4]
2013/07/25 21:07:18:528  ACTION: Return Last Command
2013/07/25 21:07:18:559  EVENT:  Command Completed, ID[76], Command=0x60 (Return Last Command), time since last CMDCompleted: 31 ms,
                                 0x00 : 92801C00 94   
2013/07/25 21:07:18:560  STATE:  Changing state to ScriptExecStateMachine.WaitForNextCmdState, ID[1]
2013/07/25 21:07:18:560  INFO:   STATE EXITED: IronPython.NewTypes.System.Object#IScriptExecState_5$5
2013/07/25 21:07:18:565  ACTION: Read PRB EEPROM: Address=0x80 Data=0x00
2013/07/25 21:07:18:566  ACTION: Read PRB EEPROM: Address=0x81 Data=0x00
2013/07/25 21:07:18:567  ACTION: Read PRB EEPROM: Address=0x82 Data=0x00
2013/07/25 21:07:18:568  ACTION: Read PRB EEPROM: Address=0x83 Data=0x00
2013/07/25 21:07:18:571  ACTION: Read PRB EEPROM: Address=0x84 Data=0x00
2013/07/25 21:07:18:572  ACTION: Read PRB EEPROM: Address=0x85 Data=0x00
2013/07/25 21:07:18:573  ACTION: Read PRB EEPROM: Address=0x86 Data=0x00
2013/07/25 21:07:18:574  ACTION: Read PRB EEPROM: Address=0x87 Data=0x00
2013/07/25 21:07:18:575  ACTION: Read PRB EEPROM: Address=0x88 Data=0x00
2013/07/25 21:07:18:576  ACTION: Read PRB EEPROM: Address=0x89 Data=0x00
2013/07/25 21:07:18:577  ACTION: Read PRB EEPROM: Address=0x8A Data=0x00
2013/07/25 21:07:18:578  ACTION: Read PRB EEPROM: Address=0x8B Data=0x00
2013/07/25 21:07:18:579  ACTION: Read PRB EEPROM: Address=0x8C Data=0x00
2013/07/25 21:07:18:580  ACTION: Read PRB EEPROM: Address=0xA8 Data=0x00
2013/07/25 21:07:18:581  ACTION: Read PRB EEPROM: Address=0xA9 Data=0x00
2013/07/25 21:07:18:583  INFO:   EXECUTING STATE: IronPython.NewTypes.System.Object#IScriptExecState_5$5 Timeout: 00:00:02
2013/07/25 21:07:18:583  EVENT:  SCRIPT-EXEC:EXEC-STATE - TES.Dvt.ScriptExecStateMachine, ID[11]
2013/07/25 21:07:18:583  STATE:  Changing state to ScriptExecStateMachine.ExecState, ID[4]
2013/07/25 21:07:18:584  ACTION: Break Link
2013/07/25 21:07:19:267  INFO:   Unregistering the ICD session delegates
2013/07/25 21:07:19:267  EVENT:  Command Completed, ID[78], Command=0xE4 (Break Link)
2013/07/25 21:07:19:427  EVENT:  Disconnected, ID[79], clean
2013/07/25 21:07:19:427  STATE:  Changing state to ScriptExecStateMachine.WaitForNextCmdState, ID[1]
2013/07/25 21:07:19:427  INFO:   STATE EXITED: IronPython.NewTypes.System.Object#IScriptExecState_5$5
2013/07/25 21:07:24:431  EVENT:  SCRIPT-EXEC:EXIT - TES.Dvt.ScriptExecStateMachine, ID[8]
2013/07/25 21:07:24:432  EVENT:  TES.Dvt.ScriptExecStateMachine.DoneEvent, ID[6]
2013/07/25 21:07:24:432  STATE:  Changing state to ScriptExecStateMachine.IdleState, ID[6]
2013/07/25 21:07:24:432  INFO:   Terminating ScriptEngineProcedure
2013/07/25 21:07:24:432  EVENT:  Terminate Dispatch, ID[80]
2013/07/25 21:07:24:443  INFO:   ScriptEngineProcedure Completed
2013/07/25 21:07:24:444  INFO:   Testcase Summary:
2013/07/25 21:07:24:445  RESULT: Test Procedure ScriptEngineProcedure (FAILED)
2013/07/25 21:07:24:445  INFO:   Procedure Runtime = 00:00:24
2013/07/25 21:07:24:451  INFO:   The event dispatch thread ScriptEngineProcedure exited.
