2013/07/16 21:01:06:500  INFO:   Loaded Symbol File C:\ISV System\Config\FirmwareSymbols\build178.sym for firmware Build #178
2013/07/16 21:01:06:513  INFO:   CommunicationSystemLog properties: .\CommunicationSystem.logger.properties
2013/07/16 21:01:06:513  INFO:   CommunicationSystemLog log       : .\logs\systemBerScriptLog 2013.07.16 21.01.06_CommunicationSystem.Log
2013/07/16 21:01:10:266  INFO:   Setting the event sink for ScriptEngineProcedure
2013/07/16 21:01:10:266  INFO:   Program parameters checks are enabled
2013/07/16 21:01:10:271  INFO:   ********************************************************************************
2013/07/16 21:01:10:271  INFO:   Starting ScriptEngineProcedure, Assembly  version 
2013/07/16 21:01:10:275  INFO:   Config: ICD (NCommunicationSystem ver: nCommunicationSystem, Version=1.8.2.1, Culture=neutral, PublicKeyToken=56b5378c99c0bcfd; FTDI Driver ver: 2.08.24.0; PRB FPGA ver: 7)
2013/07/16 21:01:10:275  INFO:   Setting the radio board transmit power to level 0x7.
2013/07/16 21:01:10:279  INFO:   Radio board power level set to 7.
2013/07/16 21:01:10:279  INFO:   ECG Timeout Interval set to 10 seconds.
2013/07/16 21:01:10:280  STATE:  Changing state to ScriptExecStateMachine.WaitForNextCmdState, ID[1]
2013/07/16 21:01:10:280  INFO:   FwDvtSystem Started the event processing thread
2013/07/16 21:01:10:310  ACTION: Read PRB FPGA: Address=0x3000 Data=0x07
2013/07/16 21:01:10:314  RESULT: FPGA 0x3000 Expected: 18 Actual: 7
2013/07/16 21:01:10:316  RESULT: ERROR Expected: 18 Actual: 7
2013/07/16 21:01:10:317  ACTION: Calibrate CC1020
2013/07/16 21:01:10:414  INFO:   CC1020 calibration passed
2013/07/16 21:01:10:421  ACTION: Read C1020: Address 0x04 Data=0x35
2013/07/16 21:01:10:426  ACTION: Read C1020: Address 0x05 Data=0xF0
2013/07/16 21:01:10:429  ACTION: Read C1020: Address 0x06 Data=0x21
2013/07/16 21:01:10:433  ACTION: Read C1020: Address 0x07 Data=0x38
2013/07/16 21:01:10:437  ACTION: Read C1020: Address 0x08 Data=0x35
2013/07/16 21:01:10:440  ACTION: Read C1020: Address 0x09 Data=0xFA
2013/07/16 21:01:10:444  ACTION: Read C1020: Address 0x0A Data=0xCB
2013/07/16 21:01:10:447  ACTION: Read C1020: Address 0x0B Data=0x38
2013/07/16 21:01:10:450  ACTION: Read C1020: Address 0x1D Data=0x00
2013/07/16 21:01:10:454  ACTION: Read C1020: Address 0x45 Data=0x5C
2013/07/16 21:01:10:457  ACTION: Read C1020: Address 0x46 Data=0x66
2013/07/16 21:01:10:460  ACTION: Read C1020: Address 0x47 Data=0x44
2013/07/16 21:01:10:471  ACTION: Read PRB FPGA: Address=0x305E Data=0x00
2013/07/16 21:01:10:473  ACTION: Read PRB FPGA: Address=0x3060 Data=0x00
2013/07/16 21:01:10:476  ACTION: Read PRB FPGA: Address=0x3062 Data=0x00
2013/07/16 21:01:10:483  ACTION: Read PRB FPGA: Address=0x3066 Data=0x00
2013/07/16 21:01:10:486  ACTION: Read PRB FPGA: Address=0x3068 Data=0x00
2013/07/16 21:01:10:489  ACTION: Read PRB FPGA: Address=0x306A Data=0x00
2013/07/16 21:01:10:490  ACTION: Write PRB FPGA: Address=0x1026 Data=0x01
2013/07/16 21:01:10:498  INFO:   EXECUTING STATE: SMLibrary.Dvt.IcdCmd+ScanState Timeout: 00:00:30
2013/07/16 21:01:10:498  EVENT:  SCRIPT-EXEC:EXEC-STATE - TES.Dvt.ScriptExecStateMachine, ID[11]
2013/07/16 21:01:10:500  STATE:  Changing state to ScriptExecStateMachine.ExecState, ID[4]
2013/07/16 21:01:10:500  INFO:   Setting the radio board transmit power to level 0x7.
2013/07/16 21:01:10:503  INFO:   Radio board power level set to 7.
2013/07/16 21:01:10:504  ACTION: Setting radio board configuration for hybrid.
2013/07/16 21:01:10:504  ACTION: Set radio board to DIO inverting mode.
2013/07/16 21:01:10:504  ACTION: Write PRB FPGA: Address=0x3012 Data=0x01
2013/07/16 21:01:10:508  ACTION: PRB Set Link Data Rate: Slow
2013/07/16 21:01:10:511  ACTION: Read PRB FPGA: Address=0x1004 Data=0x00
2013/07/16 21:01:10:511  ACTION: Write PRB FPGA: Address=0x1004 Data=0x00
2013/07/16 21:01:10:514  ACTION: Scanning for devices, primary scan duration = 9 sec, secondary scan duration = 2 sec
2013/07/16 21:01:21:690  INFO:   Primary scan device IDs: No devices found
2013/07/16 21:01:25:847  INFO:   Secondary scan device IDs: 0x801C0094 
2013/07/16 21:01:25:849  EVENT:  Device ID List, ID[17]
                                 DeviceID[0] : ID 0x801C0094 (Model 0, Serial 148, SW Version 7, Is Implanted)
2013/07/16 21:01:25:850  STATE:  Changing state to ScriptExecStateMachine.WaitForNextCmdState, ID[1]
2013/07/16 21:01:25:850  INFO:   STATE EXITED: SMLibrary.Dvt.IcdCmd+ScanState
2013/07/16 21:01:25:857  INFO:   EXECUTING STATE: SMLibrary.Dvt.IcdCmd+ConnectState Timeout: 00:00:24
2013/07/16 21:01:25:857  EVENT:  SCRIPT-EXEC:EXEC-STATE - TES.Dvt.ScriptExecStateMachine, ID[11]
2013/07/16 21:01:25:857  STATE:  Changing state to ScriptExecStateMachine.ExecState, ID[4]
2013/07/16 21:01:25:857  ACTION: PRB Set Link Data Rate: Slow
2013/07/16 21:01:25:861  ACTION: Read PRB FPGA: Address=0x1004 Data=0x00
2013/07/16 21:01:25:861  ACTION: Write PRB FPGA: Address=0x1004 Data=0x00
2013/07/16 21:01:25:863  ACTION: Connecting to device ID 0x801C0094 (Model 0, Serial 148, SW Version 7, Is Implanted)
2013/07/16 21:01:29:259  INFO:   Registering the ICD session delegates
2013/07/16 21:01:29:259  EVENT:  Connect Succeeded, ID[19]
2013/07/16 21:01:29:259  STATE:  Changing state to ScriptExecStateMachine.WaitForNextCmdState, ID[1]
2013/07/16 21:01:29:259  INFO:   STATE EXITED: SMLibrary.Dvt.IcdCmd+ConnectState
2013/07/16 21:01:29:267  EVENT:  SCRIPT-EXEC:EXIT - TES.Dvt.ScriptExecStateMachine, ID[8]
2013/07/16 21:01:29:267  INFO:   Terminating ScriptEngineProcedure
2013/07/16 21:01:29:267  EVENT:  Terminate Dispatch, ID[20]
2013/07/16 21:01:29:268  EVENT:  TES.Dvt.ScriptExecStateMachine.DoneEvent, ID[6]
2013/07/16 21:01:29:268  STATE:  Changing state to ScriptExecStateMachine.IdleState, ID[6]
2013/07/16 21:01:29:276  INFO:   ScriptEngineProcedure Completed
2013/07/16 21:01:29:277  INFO:   Testcase Summary:
2013/07/16 21:01:29:278  RESULT: Test Procedure ScriptEngineProcedure (FAILED)
2013/07/16 21:01:29:278  INFO:   Procedure Runtime = 00:00:19
2013/07/16 21:01:29:284  INFO:   The event dispatch thread ScriptEngineProcedure exited.
