2013/07/16 21:37:43:854  INFO:   Loaded Symbol File C:\ISV System\Config\FirmwareSymbols\build178.sym for firmware Build #178
2013/07/16 21:37:43:868  INFO:   CommunicationSystemLog properties: .\CommunicationSystem.logger.properties
2013/07/16 21:37:43:868  INFO:   CommunicationSystemLog log       : .\logs\systemBerScriptLog 2013.07.16 21.37.43_CommunicationSystem.Log
2013/07/16 21:37:47:629  INFO:   Setting the event sink for ScriptEngineProcedure
2013/07/16 21:37:47:629  INFO:   Program parameters checks are enabled
2013/07/16 21:37:47:633  INFO:   ********************************************************************************
2013/07/16 21:37:47:633  INFO:   Starting ScriptEngineProcedure, Assembly  version 
2013/07/16 21:37:47:638  INFO:   Config: ICD (NCommunicationSystem ver: nCommunicationSystem, Version=1.8.2.1, Culture=neutral, PublicKeyToken=56b5378c99c0bcfd; FTDI Driver ver: 2.08.24.0; PRB FPGA ver: 7)
2013/07/16 21:37:47:638  INFO:   Setting the radio board transmit power to level 0x7.
2013/07/16 21:37:47:641  INFO:   Radio board power level set to 7.
2013/07/16 21:37:47:642  INFO:   ECG Timeout Interval set to 10 seconds.
2013/07/16 21:37:47:643  STATE:  Changing state to ScriptExecStateMachine.WaitForNextCmdState, ID[1]
2013/07/16 21:37:47:643  INFO:   FwDvtSystem Started the event processing thread
2013/07/16 21:37:47:672  ACTION: Read PRB FPGA: Address=0x3000 Data=0x07
2013/07/16 21:37:47:677  RESULT: FPGA 0x3000 Expected: 18 Actual: 7
2013/07/16 21:37:47:679  RESULT: ERROR Expected: 18 Actual: 7
2013/07/16 21:37:47:680  ACTION: Calibrate CC1020
2013/07/16 21:37:47:773  INFO:   CC1020 calibration passed
2013/07/16 21:37:47:781  ACTION: Read C1020: Address 0x04 Data=0x35
2013/07/16 21:37:47:785  ACTION: Read C1020: Address 0x05 Data=0xF0
2013/07/16 21:37:47:789  ACTION: Read C1020: Address 0x06 Data=0x21
2013/07/16 21:37:47:793  ACTION: Read C1020: Address 0x07 Data=0x38
2013/07/16 21:37:47:796  ACTION: Read C1020: Address 0x08 Data=0x35
2013/07/16 21:37:47:800  ACTION: Read C1020: Address 0x09 Data=0xFA
2013/07/16 21:37:47:803  ACTION: Read C1020: Address 0x0A Data=0xCB
2013/07/16 21:37:47:807  ACTION: Read C1020: Address 0x0B Data=0x38
2013/07/16 21:37:47:810  ACTION: Read C1020: Address 0x1D Data=0x00
2013/07/16 21:37:47:813  ACTION: Read C1020: Address 0x45 Data=0x4C
2013/07/16 21:37:47:817  ACTION: Read C1020: Address 0x46 Data=0x66
2013/07/16 21:37:47:820  ACTION: Read C1020: Address 0x47 Data=0x44
2013/07/16 21:37:47:831  ACTION: Read PRB FPGA: Address=0x305E Data=0x00
2013/07/16 21:37:47:834  ACTION: Read PRB FPGA: Address=0x3060 Data=0x00
2013/07/16 21:37:47:837  ACTION: Read PRB FPGA: Address=0x3062 Data=0x00
2013/07/16 21:37:47:843  ACTION: Read PRB FPGA: Address=0x3066 Data=0x00
2013/07/16 21:37:47:846  ACTION: Read PRB FPGA: Address=0x3068 Data=0x00
2013/07/16 21:37:47:849  ACTION: Read PRB FPGA: Address=0x306A Data=0x00
2013/07/16 21:37:47:851  ACTION: Write PRB FPGA: Address=0x1026 Data=0x01
2013/07/16 21:37:47:858  INFO:   EXECUTING STATE: SMLibrary.Dvt.IcdCmd+ScanState Timeout: 00:00:30
2013/07/16 21:37:47:858  EVENT:  SCRIPT-EXEC:EXEC-STATE - TES.Dvt.ScriptExecStateMachine, ID[11]
2013/07/16 21:37:47:860  STATE:  Changing state to ScriptExecStateMachine.ExecState, ID[4]
2013/07/16 21:37:47:860  INFO:   Setting the radio board transmit power to level 0x7.
2013/07/16 21:37:47:863  INFO:   Radio board power level set to 7.
2013/07/16 21:37:47:864  ACTION: Setting radio board configuration for hybrid.
2013/07/16 21:37:47:864  ACTION: Set radio board to DIO inverting mode.
2013/07/16 21:37:47:864  ACTION: Write PRB FPGA: Address=0x3012 Data=0x01
2013/07/16 21:37:47:867  ACTION: PRB Set Link Data Rate: Slow
2013/07/16 21:37:47:870  ACTION: Read PRB FPGA: Address=0x1004 Data=0x00
2013/07/16 21:37:47:870  ACTION: Write PRB FPGA: Address=0x1004 Data=0x00
2013/07/16 21:37:47:873  ACTION: Scanning for devices, primary scan duration = 9 sec, secondary scan duration = 2 sec
2013/07/16 21:37:59:051  INFO:   Primary scan device IDs: 0x801C0094 
2013/07/16 21:38:03:205  INFO:   Secondary scan device IDs: 0x801C0094 
2013/07/16 21:38:03:207  EVENT:  Device ID List, ID[17]
                                 DeviceID[0] : ID 0x801C0094 (Model 0, Serial 148, SW Version 7, Is Implanted)
2013/07/16 21:38:03:208  STATE:  Changing state to ScriptExecStateMachine.WaitForNextCmdState, ID[1]
2013/07/16 21:38:03:208  INFO:   STATE EXITED: SMLibrary.Dvt.IcdCmd+ScanState
2013/07/16 21:38:03:215  INFO:   EXECUTING STATE: SMLibrary.Dvt.IcdCmd+ConnectState Timeout: 00:00:24
2013/07/16 21:38:03:215  EVENT:  SCRIPT-EXEC:EXEC-STATE - TES.Dvt.ScriptExecStateMachine, ID[11]
2013/07/16 21:38:03:215  STATE:  Changing state to ScriptExecStateMachine.ExecState, ID[4]
2013/07/16 21:38:03:216  ACTION: PRB Set Link Data Rate: Slow
2013/07/16 21:38:03:219  ACTION: Read PRB FPGA: Address=0x1004 Data=0x00
2013/07/16 21:38:03:219  ACTION: Write PRB FPGA: Address=0x1004 Data=0x00
2013/07/16 21:38:03:221  ACTION: Connecting to device ID 0x801C0094 (Model 0, Serial 148, SW Version 7, Is Implanted)
2013/07/16 21:38:07:387  EVENT:  Connect Failed, ID[19]
2013/07/16 21:38:07:387  ACTION: PRB Set Link Data Rate: Slow
2013/07/16 21:38:07:390  ACTION: Read PRB FPGA: Address=0x1004 Data=0x00
2013/07/16 21:38:07:390  ACTION: Write PRB FPGA: Address=0x1004 Data=0x00
2013/07/16 21:38:07:393  ACTION: Connecting to device ID 0x801C0094 (Model 0, Serial 148, SW Version 7, Is Implanted)
2013/07/16 21:38:11:554  EVENT:  Connect Failed, ID[20]
2013/07/16 21:38:11:554  ACTION: PRB Set Link Data Rate: Slow
2013/07/16 21:38:11:557  ACTION: Read PRB FPGA: Address=0x1004 Data=0x00
2013/07/16 21:38:11:557  ACTION: Write PRB FPGA: Address=0x1004 Data=0x00
2013/07/16 21:38:11:560  ACTION: Connecting to device ID 0x801C0094 (Model 0, Serial 148, SW Version 7, Is Implanted)
2013/07/16 21:38:15:720  EVENT:  Connect Failed, ID[21]
2013/07/16 21:38:15:720  ACTION: PRB Set Link Data Rate: Slow
2013/07/16 21:38:15:723  ACTION: Read PRB FPGA: Address=0x1004 Data=0x00
2013/07/16 21:38:15:723  ACTION: Write PRB FPGA: Address=0x1004 Data=0x00
2013/07/16 21:38:15:726  ACTION: Connecting to device ID 0x801C0094 (Model 0, Serial 148, SW Version 7, Is Implanted)
2013/07/16 21:38:19:886  EVENT:  Connect Failed, ID[22]
2013/07/16 21:38:19:886  STATE:  Changing state to ScriptExecStateMachine.WaitForNextCmdState, ID[1]
2013/07/16 21:38:19:886  INFO:   STATE EXITED: SMLibrary.Dvt.IcdCmd+ConnectState
2013/07/16 21:38:19:893  EVENT:  SCRIPT-EXEC:EXIT - TES.Dvt.ScriptExecStateMachine, ID[8]
2013/07/16 21:38:19:893  INFO:   Terminating ScriptEngineProcedure
2013/07/16 21:38:19:893  EVENT:  Terminate Dispatch, ID[23]
2013/07/16 21:38:19:893  EVENT:  TES.Dvt.ScriptExecStateMachine.DoneEvent, ID[6]
2013/07/16 21:38:19:894  STATE:  Changing state to ScriptExecStateMachine.IdleState, ID[6]
2013/07/16 21:38:19:904  INFO:   ScriptEngineProcedure Completed
2013/07/16 21:38:19:905  INFO:   Testcase Summary:
2013/07/16 21:38:19:906  RESULT: Test Procedure ScriptEngineProcedure (FAILED)
2013/07/16 21:38:19:906  INFO:   Procedure Runtime = 00:00:32
2013/07/16 21:38:19:912  INFO:   The event dispatch thread ScriptEngineProcedure exited.
