2013/07/19 12:46:48:339  INFO:   Loaded Symbol File C:\ISV System\Config\FirmwareSymbols\build178.sym for firmware Build #178
2013/07/19 12:46:48:353  INFO:   CommunicationSystemLog properties: .\CommunicationSystem.logger.properties
2013/07/19 12:46:48:353  INFO:   CommunicationSystemLog log       : .\logs\systemBerScriptLog 2013.07.19 12.46.48_CommunicationSystem.Log
2013/07/19 12:46:52:114  INFO:   Setting the event sink for ScriptEngineProcedure
2013/07/19 12:46:52:114  INFO:   Program parameters checks are enabled
2013/07/19 12:46:52:118  INFO:   ********************************************************************************
2013/07/19 12:46:52:118  INFO:   Starting ScriptEngineProcedure, Assembly  version 
2013/07/19 12:46:52:123  INFO:   Config: ICD (NCommunicationSystem ver: nCommunicationSystem, Version=1.8.2.1, Culture=neutral, PublicKeyToken=56b5378c99c0bcfd; FTDI Driver ver: 2.08.24.0; PRB FPGA ver: 7)
2013/07/19 12:46:52:123  INFO:   Setting the radio board transmit power to level 0x7.
2013/07/19 12:46:52:126  INFO:   Radio board power level set to 7.
2013/07/19 12:46:52:127  INFO:   ECG Timeout Interval set to 10 seconds.
2013/07/19 12:46:52:128  STATE:  Changing state to ScriptExecStateMachine.WaitForNextCmdState, ID[1]
2013/07/19 12:46:52:128  INFO:   FwDvtSystem Started the event processing thread
2013/07/19 12:46:52:159  ACTION: Read PRB FPGA: Address=0x3000 Data=0x07
2013/07/19 12:46:52:164  RESULT: FPGA 0x3000 Expected: 18 Actual: 7
2013/07/19 12:46:52:166  RESULT: ERROR Expected: 18 Actual: 7
2013/07/19 12:46:52:167  ACTION: Calibrate CC1020
2013/07/19 12:46:52:259  INFO:   CC1020 calibration passed
2013/07/19 12:46:52:267  ACTION: Read C1020: Address 0x04 Data=0x35
2013/07/19 12:46:52:271  ACTION: Read C1020: Address 0x05 Data=0xF0
2013/07/19 12:46:52:275  ACTION: Read C1020: Address 0x06 Data=0x21
2013/07/19 12:46:52:278  ACTION: Read C1020: Address 0x07 Data=0x38
2013/07/19 12:46:52:282  ACTION: Read C1020: Address 0x08 Data=0x35
2013/07/19 12:46:52:285  ACTION: Read C1020: Address 0x09 Data=0xFA
2013/07/19 12:46:52:289  ACTION: Read C1020: Address 0x0A Data=0xCB
2013/07/19 12:46:52:292  ACTION: Read C1020: Address 0x0B Data=0x38
2013/07/19 12:46:52:296  ACTION: Read C1020: Address 0x1D Data=0x00
2013/07/19 12:46:52:299  ACTION: Read C1020: Address 0x45 Data=0x4C
2013/07/19 12:46:52:303  ACTION: Read C1020: Address 0x46 Data=0x66
2013/07/19 12:46:52:306  ACTION: Read C1020: Address 0x47 Data=0x44
2013/07/19 12:46:52:317  ACTION: Read PRB FPGA: Address=0x305E Data=0x00
2013/07/19 12:46:52:320  ACTION: Read PRB FPGA: Address=0x3060 Data=0x00
2013/07/19 12:46:52:322  ACTION: Read PRB FPGA: Address=0x3062 Data=0x00
2013/07/19 12:46:52:330  ACTION: Read PRB FPGA: Address=0x3066 Data=0x00
2013/07/19 12:46:52:333  ACTION: Read PRB FPGA: Address=0x3068 Data=0x00
2013/07/19 12:46:52:336  ACTION: Read PRB FPGA: Address=0x306A Data=0x00
2013/07/19 12:46:52:337  ACTION: Write PRB FPGA: Address=0x1026 Data=0x01
2013/07/19 12:46:52:344  INFO:   EXECUTING STATE: SMLibrary.Dvt.IcdCmd+ScanState Timeout: 00:00:30
2013/07/19 12:46:52:345  EVENT:  SCRIPT-EXEC:EXEC-STATE - TES.Dvt.ScriptExecStateMachine, ID[11]
2013/07/19 12:46:52:346  STATE:  Changing state to ScriptExecStateMachine.ExecState, ID[4]
2013/07/19 12:46:52:347  INFO:   Setting the radio board transmit power to level 0x7.
2013/07/19 12:46:52:350  INFO:   Radio board power level set to 7.
2013/07/19 12:46:52:351  ACTION: Setting radio board configuration for hybrid.
2013/07/19 12:46:52:351  ACTION: Set radio board to DIO inverting mode.
2013/07/19 12:46:52:351  ACTION: Write PRB FPGA: Address=0x3012 Data=0x01
2013/07/19 12:46:52:354  ACTION: PRB Set Link Data Rate: Slow
2013/07/19 12:46:52:357  ACTION: Read PRB FPGA: Address=0x1004 Data=0x00
2013/07/19 12:46:52:357  ACTION: Write PRB FPGA: Address=0x1004 Data=0x00
2013/07/19 12:46:52:360  ACTION: Scanning for devices, primary scan duration = 9 sec, secondary scan duration = 2 sec
2013/07/19 12:47:03:540  INFO:   Primary scan device IDs: 0x801C0094 
2013/07/19 12:47:07:698  INFO:   Secondary scan device IDs: 0x801C0094 
2013/07/19 12:47:07:701  EVENT:  Device ID List, ID[17]
                                 DeviceID[0] : ID 0x801C0094 (Model 0, Serial 148, SW Version 7, Is Implanted)
2013/07/19 12:47:07:701  STATE:  Changing state to ScriptExecStateMachine.WaitForNextCmdState, ID[1]
2013/07/19 12:47:07:701  INFO:   STATE EXITED: SMLibrary.Dvt.IcdCmd+ScanState
2013/07/19 12:47:07:713  INFO:   EXECUTING STATE: SMLibrary.Dvt.IcdCmd+ConnectState Timeout: 00:00:24
2013/07/19 12:47:07:713  EVENT:  SCRIPT-EXEC:EXEC-STATE - TES.Dvt.ScriptExecStateMachine, ID[11]
2013/07/19 12:47:07:713  STATE:  Changing state to ScriptExecStateMachine.ExecState, ID[4]
2013/07/19 12:47:07:714  ACTION: PRB Set Link Data Rate: Slow
2013/07/19 12:47:07:717  ACTION: Read PRB FPGA: Address=0x1004 Data=0x00
2013/07/19 12:47:07:717  ACTION: Write PRB FPGA: Address=0x1004 Data=0x00
2013/07/19 12:47:07:723  ACTION: Connecting to device ID 0x801C0094 (Model 0, Serial 148, SW Version 7, Is Implanted)
2013/07/19 12:47:10:920  INFO:   Registering the ICD session delegates
2013/07/19 12:47:10:920  EVENT:  Connect Succeeded, ID[19]
2013/07/19 12:47:10:920  STATE:  Changing state to ScriptExecStateMachine.WaitForNextCmdState, ID[1]
2013/07/19 12:47:10:920  INFO:   STATE EXITED: SMLibrary.Dvt.IcdCmd+ConnectState
2013/07/19 12:47:10:928  INFO:   EXECUTING STATE MACHINE: SMLibrary.ReadSM Timeout: 00:00:01.3120000
2013/07/19 12:47:10:928  EVENT:  SCRIPT-EXEC:EXEC-SM - TES.Dvt.ScriptExecStateMachine, ID[9]
2013/07/19 12:47:10:928  STATE:  Changing state to ScriptExecStateMachine.ExecStateMachineWithCustomExitEventsState, ID[2]
2013/07/19 12:47:10:929  STATE:  Changing state to ReadSM.ReadingState, ID[8]
2013/07/19 12:47:10:930  ACTION: READ_FROM_16_BIT_ADDR_WITH_CRC32, Address=SYS_ERRORS(0xF56C) Length=1
2013/07/19 12:47:11:011  EVENT:  Command Completed, ID[23], Command=0x82 (READ_FROM_16_BIT_ADDR_WITH_CRC32), CRC32=0xC0459352, Data=0x80
2013/07/19 12:47:11:012  EVENT:  Read Memory Complete, ID[24]
2013/07/19 12:47:11:012  STATE:  Changing state to ReadSM.IdleState, ID[6]
2013/07/19 12:47:11:012  STATE:  Changing state to ScriptExecStateMachine.WaitForNextCmdState, ID[1]
2013/07/19 12:47:11:012  INFO:   STATE MACHINE EXITED: SMLibrary.ReadSM
2013/07/19 12:47:11:014  INFO:   EXECUTING STATE MACHINE: SMLibrary.ReadSM Timeout: 00:00:01.3120000
2013/07/19 12:47:11:014  EVENT:  SCRIPT-EXEC:EXEC-SM - TES.Dvt.ScriptExecStateMachine, ID[9]
2013/07/19 12:47:11:014  STATE:  Changing state to ScriptExecStateMachine.ExecStateMachineWithCustomExitEventsState, ID[2]
2013/07/19 12:47:11:014  STATE:  Changing state to ReadSM.ReadingState, ID[9]
2013/07/19 12:47:11:014  ACTION: READ_FROM_16_BIT_ADDR_WITH_CRC32, Address=SYS_ERRORS(0xF56C) Length=1
2013/07/19 12:47:11:048  EVENT:  Marker (Device Summary), ID[28], Timestamp=0x78[full:not set], Data[0]=0x00, Data[1]=0x40 DynamicShockPolarity=HVA_POSITIVE SystemErrorOccurred 
2013/07/19 12:47:11:076  EVENT:  Command Completed, ID[29], Command=0x82 (READ_FROM_16_BIT_ADDR_WITH_CRC32), time since last CMDCompleted: 66 ms, CRC32=0xC0459352, Data=0x80
2013/07/19 12:47:11:076  EVENT:  Read Memory Complete, ID[30]
2013/07/19 12:47:11:076  STATE:  Changing state to ReadSM.IdleState, ID[6]
2013/07/19 12:47:11:076  STATE:  Changing state to ScriptExecStateMachine.WaitForNextCmdState, ID[1]
2013/07/19 12:47:11:076  INFO:   STATE MACHINE EXITED: SMLibrary.ReadSM
2013/07/19 12:47:11:078  ACTION: Return Last Command
2013/07/19 12:47:11:092  ACTION: Return Last Command
2013/07/19 12:47:11:098  INFO:   EXECUTING STATE: IronPython.NewTypes.System.Object#IScriptExecState_5$5 Timeout: 00:00:02
2013/07/19 12:47:11:098  EVENT:  SCRIPT-EXEC:EXEC-STATE - TES.Dvt.ScriptExecStateMachine, ID[11]
2013/07/19 12:47:11:098  STATE:  Changing state to ScriptExecStateMachine.ExecState, ID[4]
2013/07/19 12:47:11:099  ACTION: Break Link
2013/07/19 12:47:11:122  EVENT:  Command Completed, ID[32], Command=0x60 (Return Last Command), time since last CMDCompleted: 46 ms,
                                 0x00 : 92801C00 94   
2013/07/19 12:47:11:156  EVENT:  Command Completed, ID[33], Command=0x60 (Return Last Command), time since last CMDCompleted: 34 ms,
                                 0x00 : 92801C00 94   
2013/07/19 12:47:11:330  INFO:   Unregistering the ICD session delegates
2013/07/19 12:47:11:330  EVENT:  Command Completed, ID[34], Command=0xE4 (Break Link), time since last CMDCompleted: 174 ms
2013/07/19 12:47:11:490  EVENT:  Disconnected, ID[35], clean
2013/07/19 12:47:11:490  STATE:  Changing state to ScriptExecStateMachine.WaitForNextCmdState, ID[1]
2013/07/19 12:47:11:490  INFO:   STATE EXITED: IronPython.NewTypes.System.Object#IScriptExecState_5$5
2013/07/19 12:47:16:494  EVENT:  SCRIPT-EXEC:EXIT - TES.Dvt.ScriptExecStateMachine, ID[8]
2013/07/19 12:47:16:495  INFO:   Terminating ScriptEngineProcedure
2013/07/19 12:47:16:495  EVENT:  Terminate Dispatch, ID[36]
2013/07/19 12:47:16:495  EVENT:  TES.Dvt.ScriptExecStateMachine.DoneEvent, ID[6]
2013/07/19 12:47:16:495  STATE:  Changing state to ScriptExecStateMachine.IdleState, ID[6]
2013/07/19 12:47:16:503  INFO:   ScriptEngineProcedure Completed
2013/07/19 12:47:16:504  INFO:   Testcase Summary:
2013/07/19 12:47:16:505  RESULT: Test Procedure ScriptEngineProcedure (FAILED)
2013/07/19 12:47:16:505  INFO:   Procedure Runtime = 00:00:24
2013/07/19 12:47:16:511  INFO:   The event dispatch thread ScriptEngineProcedure exited.
