2013/07/16 20:12:50:984  INFO:   Loaded Symbol File C:\ISV System\Config\FirmwareSymbols\build178.sym for firmware Build #178
2013/07/16 20:12:50:998  INFO:   CommunicationSystemLog properties: .\CommunicationSystem.logger.properties
2013/07/16 20:12:50:998  INFO:   CommunicationSystemLog log       : .\logs\systemBerScriptLog 2013.07.16 20.12.50_CommunicationSystem.Log
2013/07/16 20:12:54:752  INFO:   Setting the event sink for ScriptEngineProcedure
2013/07/16 20:12:54:752  INFO:   Program parameters checks are enabled
2013/07/16 20:12:54:757  INFO:   ********************************************************************************
2013/07/16 20:12:54:757  INFO:   Starting ScriptEngineProcedure, Assembly  version 
2013/07/16 20:12:54:762  INFO:   Config: ICD (NCommunicationSystem ver: nCommunicationSystem, Version=1.8.2.1, Culture=neutral, PublicKeyToken=56b5378c99c0bcfd; FTDI Driver ver: 2.08.24.0; PRB FPGA ver: 7)
2013/07/16 20:12:54:762  INFO:   Setting the radio board transmit power to level 0x7.
2013/07/16 20:12:54:765  INFO:   Radio board power level set to 7.
2013/07/16 20:12:54:765  INFO:   ECG Timeout Interval set to 10 seconds.
2013/07/16 20:12:54:766  STATE:  Changing state to ScriptExecStateMachine.WaitForNextCmdState, ID[1]
2013/07/16 20:12:54:767  INFO:   FwDvtSystem Started the event processing thread
2013/07/16 20:12:54:796  ACTION: Read PRB FPGA: Address=0x3000 Data=0x07
2013/07/16 20:12:54:800  RESULT: FPGA 0x3000 Expected: 18 Actual: 7
2013/07/16 20:12:54:802  RESULT: ERROR Expected: 18 Actual: 7
2013/07/16 20:12:54:803  ACTION: Calibrate CC1020
2013/07/16 20:12:54:896  INFO:   CC1020 calibration passed
2013/07/16 20:12:54:904  ACTION: Read C1020: Address 0x04 Data=0x35
2013/07/16 20:12:54:908  ACTION: Read C1020: Address 0x05 Data=0xF0
2013/07/16 20:12:54:912  ACTION: Read C1020: Address 0x06 Data=0x21
2013/07/16 20:12:54:915  ACTION: Read C1020: Address 0x07 Data=0x38
2013/07/16 20:12:54:918  ACTION: Read C1020: Address 0x08 Data=0x35
2013/07/16 20:12:54:922  ACTION: Read C1020: Address 0x09 Data=0xFA
2013/07/16 20:12:54:925  ACTION: Read C1020: Address 0x0A Data=0xCB
2013/07/16 20:12:54:928  ACTION: Read C1020: Address 0x0B Data=0x38
2013/07/16 20:12:54:931  ACTION: Read C1020: Address 0x1D Data=0x00
2013/07/16 20:12:54:935  ACTION: Read C1020: Address 0x45 Data=0x4C
2013/07/16 20:12:54:938  ACTION: Read C1020: Address 0x46 Data=0x66
2013/07/16 20:12:54:942  ACTION: Read C1020: Address 0x47 Data=0x44
2013/07/16 20:12:54:953  ACTION: Read PRB FPGA: Address=0x305E Data=0x00
2013/07/16 20:12:54:956  ACTION: Read PRB FPGA: Address=0x3060 Data=0x00
2013/07/16 20:12:54:959  ACTION: Read PRB FPGA: Address=0x3062 Data=0x00
2013/07/16 20:12:54:966  ACTION: Read PRB FPGA: Address=0x3066 Data=0x00
2013/07/16 20:12:54:969  ACTION: Read PRB FPGA: Address=0x3068 Data=0x00
2013/07/16 20:12:54:972  ACTION: Read PRB FPGA: Address=0x306A Data=0x00
2013/07/16 20:12:54:973  ACTION: Write PRB FPGA: Address=0x1026 Data=0x01
2013/07/16 20:12:54:980  INFO:   EXECUTING STATE: SMLibrary.Dvt.IcdCmd+ScanState Timeout: 00:00:30
2013/07/16 20:12:54:980  EVENT:  SCRIPT-EXEC:EXEC-STATE - TES.Dvt.ScriptExecStateMachine, ID[11]
2013/07/16 20:12:54:982  STATE:  Changing state to ScriptExecStateMachine.ExecState, ID[4]
2013/07/16 20:12:54:982  INFO:   Setting the radio board transmit power to level 0x7.
2013/07/16 20:12:54:985  INFO:   Radio board power level set to 7.
2013/07/16 20:12:54:986  ACTION: Setting radio board configuration for hybrid.
2013/07/16 20:12:54:986  ACTION: Set radio board to DIO inverting mode.
2013/07/16 20:12:54:986  ACTION: Write PRB FPGA: Address=0x3012 Data=0x01
2013/07/16 20:12:54:989  ACTION: PRB Set Link Data Rate: Slow
2013/07/16 20:12:54:992  ACTION: Read PRB FPGA: Address=0x1004 Data=0x00
2013/07/16 20:12:54:992  ACTION: Write PRB FPGA: Address=0x1004 Data=0x00
2013/07/16 20:12:54:995  ACTION: Scanning for devices, primary scan duration = 9 sec, secondary scan duration = 2 sec
2013/07/16 20:13:06:172  INFO:   Primary scan device IDs: No devices found
2013/07/16 20:13:10:324  INFO:   Secondary scan device IDs: No devices found
2013/07/16 20:13:10:325  EVENT:  No Implants Found, ID[17]
2013/07/16 20:13:10:326  STATE:  Changing state to ScriptExecStateMachine.WaitForNextCmdState, ID[1]
2013/07/16 20:13:10:326  INFO:   STATE EXITED: SMLibrary.Dvt.IcdCmd+ScanState
2013/07/16 20:13:10:333  INFO:   EXECUTING STATE: SMLibrary.Dvt.IcdCmd+ScanState Timeout: 00:00:30
2013/07/16 20:13:10:333  EVENT:  SCRIPT-EXEC:EXEC-STATE - TES.Dvt.ScriptExecStateMachine, ID[11]
2013/07/16 20:13:10:333  STATE:  Changing state to ScriptExecStateMachine.ExecState, ID[4]
2013/07/16 20:13:10:333  INFO:   Setting the radio board transmit power to level 0x7.
2013/07/16 20:13:10:336  INFO:   Radio board power level set to 7.
2013/07/16 20:13:10:336  ACTION: Setting radio board configuration for hybrid.
2013/07/16 20:13:10:336  ACTION: Set radio board to DIO inverting mode.
2013/07/16 20:13:10:336  ACTION: Write PRB FPGA: Address=0x3012 Data=0x01
2013/07/16 20:13:10:340  ACTION: PRB Set Link Data Rate: Slow
2013/07/16 20:13:10:342  ACTION: Read PRB FPGA: Address=0x1004 Data=0x00
2013/07/16 20:13:10:342  ACTION: Write PRB FPGA: Address=0x1004 Data=0x00
2013/07/16 20:13:10:345  ACTION: Scanning for devices, primary scan duration = 9 sec, secondary scan duration = 2 sec
2013/07/16 20:13:21:512  INFO:   Primary scan device IDs: No devices found
2013/07/16 20:13:25:665  INFO:   Secondary scan device IDs: No devices found
2013/07/16 20:13:25:665  EVENT:  No Implants Found, ID[20]
2013/07/16 20:13:25:665  STATE:  Changing state to ScriptExecStateMachine.WaitForNextCmdState, ID[1]
2013/07/16 20:13:25:665  INFO:   STATE EXITED: SMLibrary.Dvt.IcdCmd+ScanState
2013/07/16 20:13:25:670  INFO:   EXECUTING STATE: SMLibrary.Dvt.IcdCmd+ScanState Timeout: 00:00:30
2013/07/16 20:13:25:670  EVENT:  SCRIPT-EXEC:EXEC-STATE - TES.Dvt.ScriptExecStateMachine, ID[11]
2013/07/16 20:13:25:670  STATE:  Changing state to ScriptExecStateMachine.ExecState, ID[4]
2013/07/16 20:13:25:670  INFO:   Setting the radio board transmit power to level 0x7.
2013/07/16 20:13:25:673  INFO:   Radio board power level set to 7.
2013/07/16 20:13:25:673  ACTION: Setting radio board configuration for hybrid.
2013/07/16 20:13:25:673  ACTION: Set radio board to DIO inverting mode.
2013/07/16 20:13:25:673  ACTION: Write PRB FPGA: Address=0x3012 Data=0x01
2013/07/16 20:13:25:676  ACTION: PRB Set Link Data Rate: Slow
2013/07/16 20:13:25:678  ACTION: Read PRB FPGA: Address=0x1004 Data=0x00
2013/07/16 20:13:25:678  ACTION: Write PRB FPGA: Address=0x1004 Data=0x00
2013/07/16 20:13:25:681  ACTION: Scanning for devices, primary scan duration = 9 sec, secondary scan duration = 2 sec
2013/07/16 20:13:36:847  INFO:   Primary scan device IDs: 0x801C0094 
2013/07/16 20:13:41:003  INFO:   Secondary scan device IDs: 0x80000009 0x801C0094 
2013/07/16 20:13:41:003  EVENT:  Device ID List, ID[23]
                                 DeviceID[0] : ID 0x80000009 (Model 0, Serial 9, SW Version 0, Is Implanted)
                                 DeviceID[1] : ID 0x801C0094 (Model 0, Serial 148, SW Version 7, Is Implanted)
2013/07/16 20:13:41:003  STATE:  Changing state to ScriptExecStateMachine.WaitForNextCmdState, ID[1]
2013/07/16 20:13:41:003  INFO:   STATE EXITED: SMLibrary.Dvt.IcdCmd+ScanState
2013/07/16 20:13:41:017  INFO:   EXECUTING STATE: SMLibrary.Dvt.IcdCmd+ScanState Timeout: 00:00:30
2013/07/16 20:13:41:017  EVENT:  SCRIPT-EXEC:EXEC-STATE - TES.Dvt.ScriptExecStateMachine, ID[11]
2013/07/16 20:13:41:017  STATE:  Changing state to ScriptExecStateMachine.ExecState, ID[4]
2013/07/16 20:13:41:017  INFO:   Setting the radio board transmit power to level 0x7.
2013/07/16 20:13:41:020  INFO:   Radio board power level set to 7.
2013/07/16 20:13:41:020  ACTION: Setting radio board configuration for hybrid.
2013/07/16 20:13:41:020  ACTION: Set radio board to DIO inverting mode.
2013/07/16 20:13:41:020  ACTION: Write PRB FPGA: Address=0x3012 Data=0x01
2013/07/16 20:13:41:022  ACTION: PRB Set Link Data Rate: Slow
2013/07/16 20:13:41:025  ACTION: Read PRB FPGA: Address=0x1004 Data=0x00
2013/07/16 20:13:41:025  ACTION: Write PRB FPGA: Address=0x1004 Data=0x00
2013/07/16 20:13:41:028  ACTION: Scanning for devices, primary scan duration = 9 sec, secondary scan duration = 2 sec
2013/07/16 20:13:52:191  INFO:   Primary scan device IDs: No devices found
2013/07/16 20:13:56:345  INFO:   Secondary scan device IDs: 0x80000009 0x801C0094 
2013/07/16 20:13:56:345  EVENT:  Device ID List, ID[26]
                                 DeviceID[0] : ID 0x801C0094 (Model 0, Serial 148, SW Version 7, Is Implanted)
                                 DeviceID[1] : ID 0x80000009 (Model 0, Serial 9, SW Version 0, Is Implanted)
2013/07/16 20:13:56:345  STATE:  Changing state to ScriptExecStateMachine.WaitForNextCmdState, ID[1]
2013/07/16 20:13:56:345  INFO:   STATE EXITED: SMLibrary.Dvt.IcdCmd+ScanState
2013/07/16 20:13:56:354  INFO:   EXECUTING STATE: SMLibrary.Dvt.IcdCmd+ScanState Timeout: 00:00:30
2013/07/16 20:13:56:354  EVENT:  SCRIPT-EXEC:EXEC-STATE - TES.Dvt.ScriptExecStateMachine, ID[11]
2013/07/16 20:13:56:354  STATE:  Changing state to ScriptExecStateMachine.ExecState, ID[4]
2013/07/16 20:13:56:354  INFO:   Setting the radio board transmit power to level 0x7.
2013/07/16 20:13:56:357  INFO:   Radio board power level set to 7.
2013/07/16 20:13:56:357  ACTION: Setting radio board configuration for hybrid.
2013/07/16 20:13:56:357  ACTION: Set radio board to DIO inverting mode.
2013/07/16 20:13:56:357  ACTION: Write PRB FPGA: Address=0x3012 Data=0x01
2013/07/16 20:13:56:359  ACTION: PRB Set Link Data Rate: Slow
2013/07/16 20:13:56:362  ACTION: Read PRB FPGA: Address=0x1004 Data=0x00
2013/07/16 20:13:56:362  ACTION: Write PRB FPGA: Address=0x1004 Data=0x00
2013/07/16 20:13:56:364  ACTION: Scanning for devices, primary scan duration = 9 sec, secondary scan duration = 2 sec
2013/07/16 20:14:07:529  INFO:   Primary scan device IDs: No devices found
2013/07/16 20:14:11:683  INFO:   Secondary scan device IDs: 0x80000009 0x801C0094 
2013/07/16 20:14:11:683  EVENT:  Device ID List, ID[29]
                                 DeviceID[0] : ID 0x801C0094 (Model 0, Serial 148, SW Version 7, Is Implanted)
                                 DeviceID[1] : ID 0x80000009 (Model 0, Serial 9, SW Version 0, Is Implanted)
2013/07/16 20:14:11:683  STATE:  Changing state to ScriptExecStateMachine.WaitForNextCmdState, ID[1]
2013/07/16 20:14:11:683  INFO:   STATE EXITED: SMLibrary.Dvt.IcdCmd+ScanState
2013/07/16 20:14:11:698  EVENT:  SCRIPT-EXEC:EXIT - TES.Dvt.ScriptExecStateMachine, ID[8]
2013/07/16 20:14:11:698  INFO:   Terminating ScriptEngineProcedure
2013/07/16 20:14:11:698  EVENT:  Terminate Dispatch, ID[30]
2013/07/16 20:14:11:698  EVENT:  TES.Dvt.ScriptExecStateMachine.DoneEvent, ID[6]
2013/07/16 20:14:11:698  STATE:  Changing state to ScriptExecStateMachine.IdleState, ID[6]
2013/07/16 20:14:11:708  INFO:   ScriptEngineProcedure Completed
2013/07/16 20:14:11:709  INFO:   Testcase Summary:
2013/07/16 20:14:11:709  RESULT: Test Procedure ScriptEngineProcedure (FAILED)
2013/07/16 20:14:11:709  INFO:   Procedure Runtime = 00:01:16
2013/07/16 20:14:11:717  INFO:   The event dispatch thread ScriptEngineProcedure exited.
