2013/07/16 20:57:42:865  INFO:   Loaded Symbol File C:\ISV System\Config\FirmwareSymbols\build178.sym for firmware Build #178
2013/07/16 20:57:42:879  INFO:   CommunicationSystemLog properties: .\CommunicationSystem.logger.properties
2013/07/16 20:57:42:879  INFO:   CommunicationSystemLog log       : .\logs\systemBerScriptLog 2013.07.16 20.57.42_CommunicationSystem.Log
2013/07/16 20:57:46:635  INFO:   Setting the event sink for ScriptEngineProcedure
2013/07/16 20:57:46:635  INFO:   Program parameters checks are enabled
2013/07/16 20:57:46:640  INFO:   ********************************************************************************
2013/07/16 20:57:46:640  INFO:   Starting ScriptEngineProcedure, Assembly  version 
2013/07/16 20:57:46:645  INFO:   Config: ICD (NCommunicationSystem ver: nCommunicationSystem, Version=1.8.2.1, Culture=neutral, PublicKeyToken=56b5378c99c0bcfd; FTDI Driver ver: 2.08.24.0; PRB FPGA ver: 7)
2013/07/16 20:57:46:645  INFO:   Setting the radio board transmit power to level 0x7.
2013/07/16 20:57:46:648  INFO:   Radio board power level set to 7.
2013/07/16 20:57:46:649  INFO:   ECG Timeout Interval set to 10 seconds.
2013/07/16 20:57:46:649  STATE:  Changing state to ScriptExecStateMachine.WaitForNextCmdState, ID[1]
2013/07/16 20:57:46:650  INFO:   FwDvtSystem Started the event processing thread
2013/07/16 20:57:46:679  ACTION: Read PRB FPGA: Address=0x3000 Data=0x07
2013/07/16 20:57:46:683  RESULT: FPGA 0x3000 Expected: 18 Actual: 7
2013/07/16 20:57:46:686  RESULT: ERROR Expected: 18 Actual: 7
2013/07/16 20:57:46:686  ACTION: Calibrate CC1020
2013/07/16 20:57:46:777  INFO:   CC1020 calibration passed
2013/07/16 20:57:46:785  ACTION: Read C1020: Address 0x04 Data=0x35
2013/07/16 20:57:46:789  ACTION: Read C1020: Address 0x05 Data=0xF0
2013/07/16 20:57:46:792  ACTION: Read C1020: Address 0x06 Data=0x21
2013/07/16 20:57:46:796  ACTION: Read C1020: Address 0x07 Data=0x38
2013/07/16 20:57:46:799  ACTION: Read C1020: Address 0x08 Data=0x35
2013/07/16 20:57:46:803  ACTION: Read C1020: Address 0x09 Data=0xFA
2013/07/16 20:57:46:806  ACTION: Read C1020: Address 0x0A Data=0xCB
2013/07/16 20:57:46:810  ACTION: Read C1020: Address 0x0B Data=0x38
2013/07/16 20:57:46:813  ACTION: Read C1020: Address 0x1D Data=0x00
2013/07/16 20:57:46:817  ACTION: Read C1020: Address 0x45 Data=0x4C
2013/07/16 20:57:46:820  ACTION: Read C1020: Address 0x46 Data=0x66
2013/07/16 20:57:46:823  ACTION: Read C1020: Address 0x47 Data=0x44
2013/07/16 20:57:46:834  ACTION: Read PRB FPGA: Address=0x305E Data=0x00
2013/07/16 20:57:46:837  ACTION: Read PRB FPGA: Address=0x3060 Data=0x00
2013/07/16 20:57:46:840  ACTION: Read PRB FPGA: Address=0x3062 Data=0x00
2013/07/16 20:57:46:847  ACTION: Read PRB FPGA: Address=0x3066 Data=0x00
2013/07/16 20:57:46:850  ACTION: Read PRB FPGA: Address=0x3068 Data=0x00
2013/07/16 20:57:46:853  ACTION: Read PRB FPGA: Address=0x306A Data=0x00
2013/07/16 20:57:46:855  ACTION: Write PRB FPGA: Address=0x1026 Data=0x01
2013/07/16 20:57:46:862  INFO:   EXECUTING STATE: SMLibrary.Dvt.IcdCmd+ScanState Timeout: 00:00:30
2013/07/16 20:57:46:862  EVENT:  SCRIPT-EXEC:EXEC-STATE - TES.Dvt.ScriptExecStateMachine, ID[11]
2013/07/16 20:57:46:863  STATE:  Changing state to ScriptExecStateMachine.ExecState, ID[4]
2013/07/16 20:57:46:864  INFO:   Setting the radio board transmit power to level 0x7.
2013/07/16 20:57:46:867  INFO:   Radio board power level set to 7.
2013/07/16 20:57:46:868  ACTION: Setting radio board configuration for hybrid.
2013/07/16 20:57:46:868  ACTION: Set radio board to DIO inverting mode.
2013/07/16 20:57:46:868  ACTION: Write PRB FPGA: Address=0x3012 Data=0x01
2013/07/16 20:57:46:872  ACTION: PRB Set Link Data Rate: Slow
2013/07/16 20:57:46:875  ACTION: Read PRB FPGA: Address=0x1004 Data=0x00
2013/07/16 20:57:46:875  ACTION: Write PRB FPGA: Address=0x1004 Data=0x00
2013/07/16 20:57:46:877  ACTION: Scanning for devices, primary scan duration = 9 sec, secondary scan duration = 2 sec
2013/07/16 20:57:58:056  INFO:   Primary scan device IDs: 0x801C0094 
2013/07/16 20:58:02:213  INFO:   Secondary scan device IDs: 0x801C0094 
2013/07/16 20:58:02:216  EVENT:  Device ID List, ID[17]
                                 DeviceID[0] : ID 0x801C0094 (Model 0, Serial 148, SW Version 7, Is Implanted)
2013/07/16 20:58:02:216  STATE:  Changing state to ScriptExecStateMachine.WaitForNextCmdState, ID[1]
2013/07/16 20:58:02:216  INFO:   STATE EXITED: SMLibrary.Dvt.IcdCmd+ScanState
2013/07/16 20:58:02:224  INFO:   EXECUTING STATE: SMLibrary.Dvt.IcdCmd+ConnectState Timeout: 00:00:24
2013/07/16 20:58:02:224  EVENT:  SCRIPT-EXEC:EXEC-STATE - TES.Dvt.ScriptExecStateMachine, ID[11]
2013/07/16 20:58:02:224  STATE:  Changing state to ScriptExecStateMachine.ExecState, ID[4]
2013/07/16 20:58:02:224  ACTION: PRB Set Link Data Rate: Slow
2013/07/16 20:58:02:227  ACTION: Read PRB FPGA: Address=0x1004 Data=0x00
2013/07/16 20:58:02:227  ACTION: Write PRB FPGA: Address=0x1004 Data=0x00
2013/07/16 20:58:02:230  ACTION: Connecting to device ID 0x801C0094 (Model 0, Serial 148, SW Version 7, Is Implanted)
2013/07/16 20:58:05:250  INFO:   Registering the ICD session delegates
2013/07/16 20:58:05:250  EVENT:  Connect Succeeded, ID[19]
2013/07/16 20:58:05:250  STATE:  Changing state to ScriptExecStateMachine.WaitForNextCmdState, ID[1]
2013/07/16 20:58:05:250  INFO:   STATE EXITED: SMLibrary.Dvt.IcdCmd+ConnectState
2013/07/16 20:58:05:258  EVENT:  SCRIPT-EXEC:EXIT - TES.Dvt.ScriptExecStateMachine, ID[8]
2013/07/16 20:58:05:258  INFO:   Terminating ScriptEngineProcedure
2013/07/16 20:58:05:258  EVENT:  Terminate Dispatch, ID[20]
2013/07/16 20:58:05:258  EVENT:  TES.Dvt.ScriptExecStateMachine.DoneEvent, ID[6]
2013/07/16 20:58:05:258  STATE:  Changing state to ScriptExecStateMachine.IdleState, ID[6]
2013/07/16 20:58:05:266  INFO:   ScriptEngineProcedure Completed
2013/07/16 20:58:05:267  INFO:   Testcase Summary:
2013/07/16 20:58:05:267  RESULT: Test Procedure ScriptEngineProcedure (FAILED)
2013/07/16 20:58:05:267  INFO:   Procedure Runtime = 00:00:18
2013/07/16 20:58:05:274  INFO:   The event dispatch thread ScriptEngineProcedure exited.
