<<<<< Log Header: 07/22/2013 13:46:44 >>>>>
2013/07/22 13:46:44:629 [004696] INFO [NCommunicationSystem.cpp, 108] - nCommunicationSystem, Version=1.8.2.1, Culture=neutral, PublicKeyToken=56b5378c99c0bcfd
2013/07/22 13:46:44:644 [004696] INFO [ExceptionCatchingThread.cpp, 257] - Created the timer thread with id 504 (0x1f8).
2013/07/22 13:46:44:646 [000504] INFO [ExceptionCatchingThread.cpp, 168] - Executing the timer thread procedure...
2013/07/22 13:46:44:650 [004696] INFO [ExceptionCatchingThread.cpp, 257] - Created the dispatch thread with id 2724 (0xaa4).
2013/07/22 13:46:44:650 [002724] INFO [ExceptionCatchingThread.cpp, 168] - Executing the dispatch thread procedure...
2013/07/22 13:46:47:652 [004696] DEBUG [Prb.cpp, 252] - PRB logging started.
2013/07/22 13:46:47:660 [004696] DEBUG [Prb.cpp, 130] - Number of FTDI devices: 1
2013/07/22 13:46:47:661 [004696] DEBUG [Prb.cpp, 158] - FTDI Device[0]: ID=67330069
2013/07/22 13:46:47:664 [004696] DEBUG [Prb.cpp, 169] - FTDI handle=166411560
2013/07/22 13:46:47:665 [004696] INFO [Prb.cpp, 179] - FTDI Driver Version 2.08.24.0
2013/07/22 13:46:47:921 [004696] INFO [Prb.cpp, 205] - FTDI Configuration: MaxCurrent=200, CBus5=21, CBus6=0x4
2013/07/22 13:46:48:172 [004696] INFO [Prb.cpp, 246] - PRB driver initialized.
2013/07/22 13:46:48:172 [004696] TRACE [Prb.cpp, 448] - Writing FPGA, Address=0x1008, Data=0x08
2013/07/22 13:46:48:173 [004696] TRACE [Prb.cpp, 1035] - WriteFPGAPacket(0x1008, 0x08):01 00 0D 00 81 00 03 10 08 08 25 D5 0D 
2013/07/22 13:46:48:173 [006276] TRACE [Prb.cpp, 835] - RxStream contents:01 00 0B BC 06 00 00 00 06 AA 0D 
2013/07/22 13:46:48:174 [006276] TRACE [Prb.cpp, 943] - RadioBoardPacket(ACK):01 00 0B BC 06 00 00 00 06 AA 0D 
2013/07/22 13:46:48:175 [004696] DEBUG [Prb.cpp, 466] - Write FPGA completed, Address=0x1008, Data=0x08
2013/07/22 13:46:48:191 [004696] TRACE [Prb.cpp, 493] - Reading FPGA, Address=0x300A
2013/07/22 13:46:48:191 [004696] TRACE [Prb.cpp, 1035] - ReadFPGAPacket(0x300A):01 00 0C 01 82 00 02 30 0A E8 24 0D 
2013/07/22 13:46:48:191 [006276] TRACE [Prb.cpp, 835] - RxStream contents:01 00 0C BD 06 01 00 01 00 C7 64 0D 
2013/07/22 13:46:48:193 [006276] TRACE [Prb.cpp, 943] - RadioBoardPacket(ACK):01 00 0C BD 06 01 00 01 00 C7 64 0D 
2013/07/22 13:46:48:193 [004696] DEBUG [Prb.cpp, 512] - Read FPGA completed, Address=0x300A, Data=0x00
2013/07/22 13:46:48:194 [004696] TRACE [Prb.cpp, 448] - Writing FPGA, Address=0x300A, Data=0x03
2013/07/22 13:46:48:194 [004696] TRACE [Prb.cpp, 1035] - WriteFPGAPacket(0x300A, 0x03):01 00 0D 02 81 00 03 30 0A 03 29 4F 0D 
2013/07/22 13:46:48:194 [006276] TRACE [Prb.cpp, 835] - RxStream contents:01 00 0B BE 06 02 00 00 06 72 0D 
2013/07/22 13:46:48:195 [006276] TRACE [Prb.cpp, 943] - RadioBoardPacket(ACK):01 00 0B BE 06 02 00 00 06 72 0D 
2013/07/22 13:46:48:196 [004696] DEBUG [Prb.cpp, 466] - Write FPGA completed, Address=0x300A, Data=0x03
2013/07/22 13:46:48:208 [004696] INFO [CrossTalkDetector.cpp, 14] - EnterCrossTalkThreshold = 8
2013/07/22 13:46:48:210 [004696] INFO [CrossTalkDetector.cpp, 21] - LeaveCrossTalkThreshold = 4
2013/07/22 13:46:48:210 [004696] INFO [CrossTalkDetector.cpp, 28] - LinkThreshold = 8
2013/07/22 13:46:48:212 [004696] INFO [ExceptionCatchingThread.cpp, 257] - Created the interrupt thread with id 928 (0x3a0).
2013/07/22 13:46:48:212 [004696] DEBUG [Prb.cpp, 252] - PRB logging started.
2013/07/22 13:46:48:212 [000928] INFO [ExceptionCatchingThread.cpp, 168] - Executing the interrupt thread procedure...
2013/07/22 13:46:48:214 [004696] INFO [CommunicationSystem.cpp, 640] - Calibrating the PRB CC1020.
2013/07/22 13:46:48:215 [004696] TRACE [Prb.cpp, 448] - Writing FPGA, Address=0x1008, Data=0x01
2013/07/22 13:46:48:216 [004696] TRACE [Prb.cpp, 1035] - WriteFPGAPacket(0x1008, 0x01):01 00 0D 03 81 00 03 10 08 01 26 D3 0D 
2013/07/22 13:46:48:216 [006276] TRACE [Prb.cpp, 835] - RxStream contents:01 00 0B BF 06 03 00 00 06 1E 0D 
2013/07/22 13:46:48:217 [006276] TRACE [Prb.cpp, 943] - RadioBoardPacket(ACK):01 00 0B BF 06 03 00 00 06 1E 0D 
2013/07/22 13:46:48:218 [004696] DEBUG [Prb.cpp, 466] - Write FPGA completed, Address=0x1008, Data=0x01
2013/07/22 13:46:48:305 [006276] TRACE [Prb.cpp, 835] - RxStream contents:01 00 0D C0 00 00 00 02 09 00 AA 05 0D 
2013/07/22 13:46:48:307 [000928] DEBUG [CommunicationSystem.cpp, 1120] - Calibration complete.
2013/07/22 13:46:48:307 [004696] TRACE [Prb.cpp, 493] - Reading FPGA, Address=0x2012
2013/07/22 13:46:48:308 [004696] TRACE [Prb.cpp, 1035] - ReadFPGAPacket(0x2012):01 00 0C 04 82 00 02 20 12 10 72 0D 
2013/07/22 13:46:48:308 [006276] TRACE [Prb.cpp, 835] - RxStream contents:01 00 0C C1 06 04 00 01 00 A3 1F 0D 
2013/07/22 13:46:48:309 [006276] TRACE [Prb.cpp, 943] - RadioBoardPacket(ACK):01 00 0C C1 06 04 00 01 00 A3 1F 0D 
2013/07/22 13:46:48:310 [004696] DEBUG [Prb.cpp, 512] - Read FPGA completed, Address=0x2012, Data=0x00
2013/07/22 13:46:48:310 [004696] INFO [CommunicationSystem.cpp, 653] - CC1020 Calibration succeeded.
2013/07/22 13:46:48:311 [004696] TRACE [Prb.cpp, 448] - Writing FPGA, Address=0x1006, Data=0x08
2013/07/22 13:46:48:312 [004696] TRACE [Prb.cpp, 1035] - WriteFPGAPacket(0x1006, 0x08):01 00 0D 05 81 00 03 10 06 08 84 86 0D 
2013/07/22 13:46:48:312 [006276] TRACE [Prb.cpp, 835] - RxStream contents:01 00 0B C2 06 05 00 00 12 BE 0D 
2013/07/22 13:46:48:313 [006276] TRACE [Prb.cpp, 943] - RadioBoardPacket(ACK):01 00 0B C2 06 05 00 00 12 BE 0D 
2013/07/22 13:46:48:314 [004696] DEBUG [Prb.cpp, 466] - Write FPGA completed, Address=0x1006, Data=0x08
2013/07/22 13:46:48:314 [004696] TRACE [Prb.cpp, 493] - Reading FPGA, Address=0x3000
2013/07/22 13:46:48:315 [004696] TRACE [Prb.cpp, 1035] - ReadFPGAPacket(0x3000):01 00 0C 06 82 00 02 30 00 80 1E 0D 
2013/07/22 13:46:48:315 [006276] TRACE [Prb.cpp, 835] - RxStream contents:01 00 0C C3 06 06 00 01 07 FB 0E 0D 
2013/07/22 13:46:48:316 [006276] TRACE [Prb.cpp, 943] - RadioBoardPacket(ACK):01 00 0C C3 06 06 00 01 07 FB 0E 0D 
2013/07/22 13:46:48:316 [004696] DEBUG [Prb.cpp, 512] - Read FPGA completed, Address=0x3000, Data=0x07
2013/07/22 13:46:48:317 [004696] INFO [CommunicationSystem.cpp, 613] - FPGA Revision 7.
2013/07/22 13:46:48:317 [004696] TRACE [Prb.cpp, 584] - Reading CC1020, Address=0x0004
2013/07/22 13:46:48:318 [004696] TRACE [Prb.cpp, 1035] - ReadCC1020Packet(0x04):01 00 0C 07 84 00 02 00 04 59 16 0D 
2013/07/22 13:46:48:318 [006276] TRACE [Prb.cpp, 835] - RxStream contents:01 00 0C C4 06 07 00 01 35 87 A4 0D 
2013/07/22 13:46:48:319 [006276] TRACE [Prb.cpp, 943] - RadioBoardPacket(ACK):01 00 0C C4 06 07 00 01 35 87 A4 0D 
2013/07/22 13:46:48:320 [004696] DEBUG [Prb.cpp, 603] - Read CC1020 completed, Address=0x0004, Data=0x35
2013/07/22 13:46:48:320 [004696] INFO [CommunicationSystem.cpp, 614] - CC1020 Frequency 2A 0x35.
2013/07/22 13:46:48:321 [004696] TRACE [Prb.cpp, 584] - Reading CC1020, Address=0x0005
2013/07/22 13:46:48:321 [004696] TRACE [Prb.cpp, 1035] - ReadCC1020Packet(0x05):01 00 0C 08 84 00 02 00 05 F1 1C 0D 
2013/07/22 13:46:48:321 [006276] TRACE [Prb.cpp, 835] - RxStream contents:01 00 0C C5 06 08 00 01 F0 B1 39 0D 
2013/07/22 13:46:48:322 [006276] TRACE [Prb.cpp, 943] - RadioBoardPacket(ACK):01 00 0C C5 06 08 00 01 F0 B1 39 0D 
2013/07/22 13:46:48:323 [004696] DEBUG [Prb.cpp, 603] - Read CC1020 completed, Address=0x0005, Data=0xF0
2013/07/22 13:46:48:323 [004696] INFO [CommunicationSystem.cpp, 615] - CC1020 Frequency 1A 0xf0.
2013/07/22 13:46:48:324 [004696] TRACE [Prb.cpp, 584] - Reading CC1020, Address=0x0006
2013/07/22 13:46:48:325 [004696] TRACE [Prb.cpp, 1035] - ReadCC1020Packet(0x06):01 00 0C 09 84 00 02 00 06 09 15 0D 
2013/07/22 13:46:48:325 [006276] TRACE [Prb.cpp, 835] - RxStream contents:01 00 0C C6 06 09 00 01 21 AF DC 0D 
2013/07/22 13:46:48:326 [006276] TRACE [Prb.cpp, 943] - RadioBoardPacket(ACK):01 00 0C C6 06 09 00 01 21 AF DC 0D 
2013/07/22 13:46:48:326 [004696] DEBUG [Prb.cpp, 603] - Read CC1020 completed, Address=0x0006, Data=0x21
2013/07/22 13:46:48:327 [004696] INFO [CommunicationSystem.cpp, 616] - CC1020 Frequency 0A 0x21.
2013/07/22 13:46:48:327 [004696] TRACE [Prb.cpp, 584] - Reading CC1020, Address=0x0008
2013/07/22 13:46:48:328 [004696] TRACE [Prb.cpp, 1035] - ReadCC1020Packet(0x08):01 00 0C 0A 84 00 02 00 08 01 32 0D 
2013/07/22 13:46:48:328 [006276] TRACE [Prb.cpp, 835] - RxStream contents:01 00 0C C7 06 0A 00 01 35 6B A7 0D 
2013/07/22 13:46:48:329 [006276] TRACE [Prb.cpp, 943] - RadioBoardPacket(ACK):01 00 0C C7 06 0A 00 01 35 6B A7 0D 
2013/07/22 13:46:48:329 [004696] DEBUG [Prb.cpp, 603] - Read CC1020 completed, Address=0x0008, Data=0x35
2013/07/22 13:46:48:330 [004696] INFO [CommunicationSystem.cpp, 617] - CC1020 Frequency 2B 0x35.
2013/07/22 13:46:48:330 [004696] TRACE [Prb.cpp, 584] - Reading CC1020, Address=0x0009
2013/07/22 13:46:48:331 [004696] TRACE [Prb.cpp, 1035] - ReadCC1020Packet(0x09):01 00 0C 0B 84 00 02 00 09 79 34 0D 
2013/07/22 13:46:48:331 [006276] TRACE [Prb.cpp, 835] - RxStream contents:01 00 0C C8 06 0B 00 01 FA 
2013/07/22 13:46:48:332 [006276] TRACE [Prb.cpp, 835] - RxStream contents:01 00 0C C8 06 0B 00 01 FA D5 09 0D 
2013/07/22 13:46:48:332 [006276] TRACE [Prb.cpp, 943] - RadioBoardPacket(ACK):01 00 0C C8 06 0B 00 01 FA D5 09 0D 
2013/07/22 13:46:48:333 [004696] DEBUG [Prb.cpp, 603] - Read CC1020 completed, Address=0x0009, Data=0xFA
2013/07/22 13:46:48:333 [004696] INFO [CommunicationSystem.cpp, 618] - CC1020 Frequency 1B 0xfa.
2013/07/22 13:46:48:334 [004696] TRACE [Prb.cpp, 584] - Reading CC1020, Address=0x000A
2013/07/22 13:46:48:335 [004696] TRACE [Prb.cpp, 1035] - ReadCC1020Packet(0x0A):01 00 0C 0C 84 00 02 00 0A 11 38 0D 
2013/07/22 13:46:48:335 [006276] TRACE [Prb.cpp, 835] - RxStream contents:01 00 0C C9 06 0C 00 01 CB 41 AC 0D 
2013/07/22 13:46:48:336 [006276] TRACE [Prb.cpp, 943] - RadioBoardPacket(ACK):01 00 0C C9 06 0C 00 01 CB 41 AC 0D 
2013/07/22 13:46:48:336 [004696] DEBUG [Prb.cpp, 603] - Read CC1020 completed, Address=0x000A, Data=0xCB
2013/07/22 13:46:48:337 [004696] INFO [CommunicationSystem.cpp, 619] - CC1020 Frequency 0B 0xcb.
2013/07/22 13:46:48:337 [004696] DEBUG [Prb.cpp, 650] - Read EEPROM completed, Address=0x060A, Data=0x00
2013/07/22 13:46:48:338 [004696] INFO [CommunicationSystem.cpp, 620] - RSSI Calibration Reference Center Channel 0.
2013/07/22 13:46:48:338 [004696] TRACE [Prb.cpp, 493] - Reading FPGA, Address=0x3054
2013/07/22 13:46:48:339 [004696] TRACE [Prb.cpp, 1035] - ReadFPGAPacket(0x3054):01 00 0C 0D 82 00 02 30 54 C9 EC 0D 
2013/07/22 13:46:48:339 [006276] TRACE [Prb.cpp, 835] - RxStream contents:01 00 0C CA 06 0D 00 01 07 5F 07 0D 
2013/07/22 13:46:48:340 [006276] TRACE [Prb.cpp, 943] - RadioBoardPacket(ACK):01 00 0C CA 06 0D 00 01 07 5F 07 0D 
2013/07/22 13:46:48:341 [004696] DEBUG [Prb.cpp, 512] - Read FPGA completed, Address=0x3054, Data=0x07
2013/07/22 13:46:48:341 [004696] INFO [CommunicationSystem.cpp, 621] - CC1020 PA_POWER 0x7.
2013/07/22 13:46:48:342 [004696] TRACE [Prb.cpp, 584] - Reading CC1020, Address=0x001C
2013/07/22 13:46:48:342 [004696] TRACE [Prb.cpp, 1035] - ReadCC1020Packet(0x1C):01 00 0C 0E 84 00 02 00 1C E1 4C 0D 
2013/07/22 13:46:48:342 [006276] TRACE [Prb.cpp, 835] - RxStream contents:01 00 0C CB 06 0E 00 01 07 9B 04 0D 
2013/07/22 13:46:48:343 [006276] TRACE [Prb.cpp, 943] - RadioBoardPacket(ACK):01 00 0C CB 06 0E 00 01 07 9B 04 0D 
2013/07/22 13:46:48:344 [004696] DEBUG [Prb.cpp, 603] - Read CC1020 completed, Address=0x001C, Data=0x07
2013/07/22 13:46:48:344 [004696] INFO [CommunicationSystem.cpp, 622] - CC1020 Transmit Power 0x7.
2013/07/22 13:46:48:345 [004696] TRACE [Prb.cpp, 493] - Reading FPGA, Address=0x3014
2013/07/22 13:46:48:345 [004696] TRACE [Prb.cpp, 1035] - ReadFPGAPacket(0x3014):01 00 0C 0F 82 00 02 30 14 38 6C 0D 
2013/07/22 13:46:48:345 [006276] TRACE [Prb.cpp, 835] - RxStream contents:01 00 0C CC 06 0F 00 01 00 E7 10 0D 
2013/07/22 13:46:48:346 [006276] TRACE [Prb.cpp, 943] - RadioBoardPacket(ACK):01 00 0C CC 06 0F 00 01 00 E7 10 0D 
2013/07/22 13:46:48:347 [004696] DEBUG [Prb.cpp, 512] - Read FPGA completed, Address=0x3014, Data=0x00
2013/07/22 13:46:48:348 [004696] INFO [CommunicationSystem.cpp, 623] - Low Noise Amplifier Circumvented 0.
2013/07/22 13:46:48:348 [004696] TRACE [Prb.cpp, 584] - Reading CC1020, Address=0x0001
2013/07/22 13:46:48:349 [004696] TRACE [Prb.cpp, 1035] - ReadCC1020Packet(0x01):01 00 0C 10 84 00 02 00 01 B1 1C 0D 
2013/07/22 13:46:48:349 [006276] TRACE [Prb.cpp, 835] - RxStream contents:01 00 0C CD 06 10 00 01 0F 93 37 0D 
2013/07/22 13:46:48:350 [006276] TRACE [Prb.cpp, 943] - RadioBoardPacket(ACK):01 00 0C CD 06 10 00 01 0F 93 37 0D 
2013/07/22 13:46:48:350 [004696] DEBUG [Prb.cpp, 603] - Read CC1020 completed, Address=0x0001, Data=0x0F
2013/07/22 13:46:48:351 [004696] INFO [CommunicationSystem.cpp, 624] - Low Noise Amplifier 0xf.
2013/07/22 13:46:48:351 [004696] TRACE [Prb.cpp, 493] - Reading FPGA, Address=0x1006
2013/07/22 13:46:48:352 [004696] TRACE [Prb.cpp, 1035] - ReadFPGAPacket(0x1006):01 00 0C 11 82 00 02 10 06 28 1D 0D 
2013/07/22 13:46:48:352 [006276] TRACE [Prb.cpp, 835] - RxStream contents:01 00 0C CE 06 11 00 01 08 0F 25 0D 
2013/07/22 13:46:48:353 [006276] TRACE [Prb.cpp, 943] - RadioBoardPacket(ACK):01 00 0C CE 06 11 00 01 08 0F 25 0D 
2013/07/22 13:46:48:353 [004696] DEBUG [Prb.cpp, 512] - Read FPGA completed, Address=0x1006, Data=0x08
2013/07/22 13:46:48:354 [004696] INFO [CommunicationSystem.cpp, 625] - Allowed Framing Errors 8.
2013/07/22 13:46:48:357 [004696] INFO [CrossTalkDetector.cpp, 28] - LinkThreshold = 8
2013/07/22 13:46:48:357 [004696] INFO [CrossTalkDetector.cpp, 14] - EnterCrossTalkThreshold = 8
2013/07/22 13:46:48:358 [004696] INFO [CrossTalkDetector.cpp, 21] - LeaveCrossTalkThreshold = 4
2013/07/22 13:46:48:367 [005508] TRACE [Prb.cpp, 493] - Reading FPGA, Address=0x3000
2013/07/22 13:46:48:368 [005508] TRACE [Prb.cpp, 1035] - ReadFPGAPacket(0x3000):01 00 0C 12 82 00 02 30 00 E0 0A 0D 
2013/07/22 13:46:48:368 [006276] TRACE [Prb.cpp, 835] - RxStream contents:01 00 0C CF 06 12 00 01 07 CB 04 0D 
2013/07/22 13:46:48:369 [006276] TRACE [Prb.cpp, 943] - RadioBoardPacket(ACK):01 00 0C CF 06 12 00 01 07 CB 04 0D 
2013/07/22 13:46:48:370 [005508] DEBUG [Prb.cpp, 512] - Read FPGA completed, Address=0x3000, Data=0x07
2013/07/22 13:46:48:371 [005508] TRACE [Prb.cpp, 539] - Writing CC1020, Address=0x001C, Data=0x07
2013/07/22 13:46:48:371 [006276] TRACE [Prb.cpp, 835] - RxStream contents:01 00 0B D0 06 13 00 00 94 F5 0D 
2013/07/22 13:46:48:372 [006276] TRACE [Prb.cpp, 943] - RadioBoardPacket(ACK):01 00 0B D0 06 13 00 00 94 F5 0D 
2013/07/22 13:46:48:371 [005508] TRACE [Prb.cpp, 1035] - WriteCC1020Packet(0x1C, 0x07):01 00 0D 13 83 00 03 00 1C 07 3E 84 0D 
2013/07/22 13:46:48:373 [005508] DEBUG [Prb.cpp, 557] - Write CC1020 completed, Address=0x001C, Data=0x07
2013/07/22 13:46:48:401 [004696] TRACE [Prb.cpp, 493] - Reading FPGA, Address=0x3000
2013/07/22 13:46:48:402 [004696] TRACE [Prb.cpp, 1035] - ReadFPGAPacket(0x3000):01 00 0C 14 82 00 02 30 00 70 0F 0D 
2013/07/22 13:46:48:402 [006276] TRACE [Prb.cpp, 835] - RxStream contents:01 00 0C D1 06 14 00 01 07 E3 1A 0D 
2013/07/22 13:46:48:404 [006276] TRACE [Prb.cpp, 943] - RadioBoardPacket(ACK):01 00 0C D1 06 14 00 01 07 E3 1A 0D 
2013/07/22 13:46:48:404 [004696] DEBUG [Prb.cpp, 512] - Read FPGA completed, Address=0x3000, Data=0x07
2013/07/22 13:46:48:412 [004696] INFO [CommunicationSystem.cpp, 640] - Calibrating the PRB CC1020.
2013/07/22 13:46:48:413 [004696] TRACE [Prb.cpp, 448] - Writing FPGA, Address=0x1008, Data=0x01
2013/07/22 13:46:48:414 [004696] TRACE [Prb.cpp, 1035] - WriteFPGAPacket(0x1008, 0x01):01 00 0D 15 81 00 03 10 08 01 B1 B0 0D 
2013/07/22 13:46:48:414 [006276] TRACE [Prb.cpp, 835] - RxStream contents:01 00 0B D2 06 15 00 00 14 7E 0D 
2013/07/22 13:46:48:415 [006276] TRACE [Prb.cpp, 943] - RadioBoardPacket(ACK):01 00 0B D2 06 15 00 00 14 7E 0D 
2013/07/22 13:46:48:415 [004696] DEBUG [Prb.cpp, 466] - Write FPGA completed, Address=0x1008, Data=0x01
2013/07/22 13:46:48:496 [006276] TRACE [Prb.cpp, 835] - RxStream contents:01 00 0D D3 00 00 00 02 09 00 38 36 0D 
2013/07/22 13:46:48:499 [000928] DEBUG [CommunicationSystem.cpp, 1120] - Calibration complete.
2013/07/22 13:46:48:499 [004696] TRACE [Prb.cpp, 493] - Reading FPGA, Address=0x2012
2013/07/22 13:46:48:500 [004696] TRACE [Prb.cpp, 1035] - ReadFPGAPacket(0x2012):01 00 0C 16 82 00 02 20 12 E0 63 0D 
2013/07/22 13:46:48:500 [006276] TRACE [Prb.cpp, 835] - RxStream contents:01 00 0C D4 06 16 00 01 00 D3 0D 0D 
2013/07/22 13:46:48:501 [006276] TRACE [Prb.cpp, 943] - RadioBoardPacket(ACK):01 00 0C D4 06 16 00 01 00 D3 0D 0D 
2013/07/22 13:46:48:502 [004696] DEBUG [Prb.cpp, 512] - Read FPGA completed, Address=0x2012, Data=0x00
2013/07/22 13:46:48:503 [004696] INFO [CommunicationSystem.cpp, 653] - CC1020 Calibration succeeded.
2013/07/22 13:46:48:508 [004696] TRACE [Prb.cpp, 584] - Reading CC1020, Address=0x0004
2013/07/22 13:46:48:509 [004696] TRACE [Prb.cpp, 1035] - ReadCC1020Packet(0x04):01 00 0C 17 84 00 02 00 04 D9 04 0D 
2013/07/22 13:46:48:509 [006276] TRACE [Prb.cpp, 835] - RxStream contents:01 00 0C D5 06 17 00 01 35 BF B3 0D 
2013/07/22 13:46:48:510 [006276] TRACE [Prb.cpp, 943] - RadioBoardPacket(ACK):01 00 0C D5 06 17 00 01 35 BF B3 0D 
2013/07/22 13:46:48:510 [004696] DEBUG [Prb.cpp, 603] - Read CC1020 completed, Address=0x0004, Data=0x35
2013/07/22 13:46:48:513 [004696] TRACE [Prb.cpp, 584] - Reading CC1020, Address=0x0005
2013/07/22 13:46:48:514 [004696] TRACE [Prb.cpp, 1035] - ReadCC1020Packet(0x05):01 00 0C 18 84 00 02 00 05 71 0E 0D 
2013/07/22 13:46:48:514 [006276] TRACE [Prb.cpp, 835] - RxStream contents:01 00 0C D6 06 18 00 01 F0 F9 2D 0D 
2013/07/22 13:46:48:515 [006276] TRACE [Prb.cpp, 943] - RadioBoardPacket(ACK):01 00 0C D6 06 18 00 01 F0 F9 2D 0D 
2013/07/22 13:46:48:515 [004696] DEBUG [Prb.cpp, 603] - Read CC1020 completed, Address=0x0005, Data=0xF0
2013/07/22 13:46:48:517 [004696] TRACE [Prb.cpp, 584] - Reading CC1020, Address=0x0006
2013/07/22 13:46:48:517 [004696] TRACE [Prb.cpp, 1035] - ReadCC1020Packet(0x06):01 00 0C 19 84 00 02 00 06 89 07 0D 
2013/07/22 13:46:48:517 [006276] TRACE [Prb.cpp, 835] - RxStream contents:01 00 0C D7 06 19 00 01 21 97 CB 0D 
2013/07/22 13:46:48:518 [006276] TRACE [Prb.cpp, 943] - RadioBoardPacket(ACK):01 00 0C D7 06 19 00 01 21 97 CB 0D 
2013/07/22 13:46:48:519 [004696] DEBUG [Prb.cpp, 603] - Read CC1020 completed, Address=0x0006, Data=0x21
2013/07/22 13:46:48:520 [004696] TRACE [Prb.cpp, 584] - Reading CC1020, Address=0x0007
2013/07/22 13:46:48:521 [004696] TRACE [Prb.cpp, 1035] - ReadCC1020Packet(0x07):01 00 0C 1A 84 00 02 00 07 81 02 0D 
2013/07/22 13:46:48:521 [006276] TRACE [Prb.cpp, 835] - RxStream contents:01 00 0C D8 06 1A 00 01 38 03 91 0D 
2013/07/22 13:46:48:522 [006276] TRACE [Prb.cpp, 943] - RadioBoardPacket(ACK):01 00 0C D8 06 1A 00 01 38 03 91 0D 
2013/07/22 13:46:48:522 [004696] DEBUG [Prb.cpp, 603] - Read CC1020 completed, Address=0x0007, Data=0x38
2013/07/22 13:46:48:524 [004696] TRACE [Prb.cpp, 584] - Reading CC1020, Address=0x0008
2013/07/22 13:46:48:524 [004696] TRACE [Prb.cpp, 1035] - ReadCC1020Packet(0x08):01 00 0C 1B 84 00 02 00 08 79 23 0D 
2013/07/22 13:46:48:524 [006276] TRACE [Prb.cpp, 835] - RxStream contents:01 00 0C D9 06 1B 00 01 35 EF BC 0D 
2013/07/22 13:46:48:525 [006276] TRACE [Prb.cpp, 943] - RadioBoardPacket(ACK):01 00 0C D9 06 1B 00 01 35 EF BC 0D 
2013/07/22 13:46:48:526 [004696] DEBUG [Prb.cpp, 603] - Read CC1020 completed, Address=0x0008, Data=0x35
2013/07/22 13:46:48:527 [004696] TRACE [Prb.cpp, 584] - Reading CC1020, Address=0x0009
2013/07/22 13:46:48:528 [004696] TRACE [Prb.cpp, 1035] - ReadCC1020Packet(0x09):01 00 0C 1C 84 00 02 00 09 91 20 0D 
2013/07/22 13:46:48:528 [006276] TRACE [Prb.cpp, 835] - RxStream contents:01 00 0C DA 06 1C 00 01 FA 89 1D 0D 
2013/07/22 13:46:48:529 [006276] TRACE [Prb.cpp, 943] - RadioBoardPacket(ACK):01 00 0C DA 06 1C 00 01 FA 89 1D 0D 
2013/07/22 13:46:48:529 [004696] DEBUG [Prb.cpp, 603] - Read CC1020 completed, Address=0x0009, Data=0xFA
2013/07/22 13:46:48:530 [004696] TRACE [Prb.cpp, 584] - Reading CC1020, Address=0x000A
2013/07/22 13:46:48:531 [004696] TRACE [Prb.cpp, 1035] - ReadCC1020Packet(0x0A):01 00 0C 1D 84 00 02 00 0A 69 29 0D 
2013/07/22 13:46:48:531 [006276] TRACE [Prb.cpp, 835] - RxStream contents:01 00 0C DB 06 1D 00 01 CB 65 B8 0D 
2013/07/22 13:46:48:532 [006276] TRACE [Prb.cpp, 943] - RadioBoardPacket(ACK):01 00 0C DB 06 1D 00 01 CB 65 B8 0D 
2013/07/22 13:46:48:532 [004696] DEBUG [Prb.cpp, 603] - Read CC1020 completed, Address=0x000A, Data=0xCB
2013/07/22 13:46:48:534 [004696] TRACE [Prb.cpp, 584] - Reading CC1020, Address=0x000B
2013/07/22 13:46:48:534 [004696] TRACE [Prb.cpp, 1035] - ReadCC1020Packet(0x0B):01 00 0C 1E 84 00 02 00 0B 61 2C 0D 
2013/07/22 13:46:48:534 [006276] TRACE [Prb.cpp, 835] - RxStream contents:01 00 0C DC 06 1E 00 01 38 33 94 0D 
2013/07/22 13:46:48:535 [006276] TRACE [Prb.cpp, 943] - RadioBoardPacket(ACK):01 00 0C DC 06 1E 00 01 38 33 94 0D 
2013/07/22 13:46:48:536 [004696] DEBUG [Prb.cpp, 603] - Read CC1020 completed, Address=0x000B, Data=0x38
2013/07/22 13:46:48:537 [004696] TRACE [Prb.cpp, 584] - Reading CC1020, Address=0x001D
2013/07/22 13:46:48:538 [004696] TRACE [Prb.cpp, 1035] - ReadCC1020Packet(0x1D):01 00 0C 1F 84 00 02 00 1D 19 58 0D 
2013/07/22 13:46:48:538 [006276] TRACE [Prb.cpp, 835] - RxStream contents:01 00 0C DD 06 1F 00 01 00 DF 07 0D 
2013/07/22 13:46:48:539 [006276] TRACE [Prb.cpp, 943] - RadioBoardPacket(ACK):01 00 0C DD 06 1F 00 01 00 DF 07 0D 
2013/07/22 13:46:48:539 [004696] DEBUG [Prb.cpp, 603] - Read CC1020 completed, Address=0x001D, Data=0x00
2013/07/22 13:46:48:540 [004696] TRACE [Prb.cpp, 584] - Reading CC1020, Address=0x0045
2013/07/22 13:46:48:541 [004696] TRACE [Prb.cpp, 1035] - ReadCC1020Packet(0x45):01 00 0C 20 84 00 02 00 45 B0 B7 0D 
2013/07/22 13:46:48:541 [006276] TRACE [Prb.cpp, 835] - RxStream contents:01 00 0C DE 06 20 00 01 4C DA A6 0D 
2013/07/22 13:46:48:542 [006276] TRACE [Prb.cpp, 943] - RadioBoardPacket(ACK):01 00 0C DE 06 20 00 01 4C DA A6 0D 
2013/07/22 13:46:48:543 [004696] DEBUG [Prb.cpp, 603] - Read CC1020 completed, Address=0x0045, Data=0x4C
2013/07/22 13:46:48:544 [004696] TRACE [Prb.cpp, 584] - Reading CC1020, Address=0x0046
2013/07/22 13:46:48:544 [004696] TRACE [Prb.cpp, 1035] - ReadCC1020Packet(0x46):01 00 0C 21 84 00 02 00 46 48 BE 0D 
2013/07/22 13:46:48:544 [006276] TRACE [Prb.cpp, 835] - RxStream contents:01 00 0C DF 06 21 00 01 66 36 59 0D 
2013/07/22 13:46:48:545 [006276] TRACE [Prb.cpp, 943] - RadioBoardPacket(ACK):01 00 0C DF 06 21 00 01 66 36 59 0D 
2013/07/22 13:46:48:546 [004696] DEBUG [Prb.cpp, 603] - Read CC1020 completed, Address=0x0046, Data=0x66
2013/07/22 13:46:48:547 [004696] TRACE [Prb.cpp, 584] - Reading CC1020, Address=0x0047
2013/07/22 13:46:48:548 [004696] TRACE [Prb.cpp, 1035] - ReadCC1020Packet(0x47):01 00 0C 22 84 00 02 00 47 40 BB 0D 
2013/07/22 13:46:48:548 [006276] TRACE [Prb.cpp, 835] - RxStream contents:01 00 0C E0 06 22 00 01 44 22 A9 0D 
2013/07/22 13:46:48:549 [006276] TRACE [Prb.cpp, 943] - RadioBoardPacket(ACK):01 00 0C E0 06 22 00 01 44 22 A9 0D 
2013/07/22 13:46:48:549 [004696] DEBUG [Prb.cpp, 603] - Read CC1020 completed, Address=0x0047, Data=0x44
2013/07/22 13:46:48:556 [004696] TRACE [Prb.cpp, 493] - Reading FPGA, Address=0x305E
2013/07/22 13:46:48:558 [004696] TRACE [Prb.cpp, 1035] - ReadFPGAPacket(0x305E):01 00 0C 23 82 00 02 30 5E 99 FD 0D 
2013/07/22 13:46:48:558 [006276] TRACE [Prb.cpp, 835] - RxStream contents:01 00 0C E1 06 23 00 01 00 4F 31 0D 
2013/07/22 13:46:48:559 [006276] TRACE [Prb.cpp, 943] - RadioBoardPacket(ACK):01 00 0C E1 06 23 00 01 00 4F 31 0D 
2013/07/22 13:46:48:559 [004696] DEBUG [Prb.cpp, 512] - Read FPGA completed, Address=0x305E, Data=0x00
2013/07/22 13:46:48:560 [004696] TRACE [Prb.cpp, 493] - Reading FPGA, Address=0x3060
2013/07/22 13:46:48:561 [004696] TRACE [Prb.cpp, 1035] - ReadFPGAPacket(0x3060):01 00 0C 24 82 00 02 30 60 71 7C 0D 
2013/07/22 13:46:48:561 [006276] TRACE [Prb.cpp, 835] - RxStream contents:01 00 0C E2 06 24 00 01 00 2B 32 0D 
2013/07/22 13:46:48:562 [006276] TRACE [Prb.cpp, 943] - RadioBoardPacket(ACK):01 00 0C E2 06 24 00 01 00 2B 32 0D 
2013/07/22 13:46:48:562 [004696] DEBUG [Prb.cpp, 512] - Read FPGA completed, Address=0x3060, Data=0x00
2013/07/22 13:46:48:563 [004696] TRACE [Prb.cpp, 493] - Reading FPGA, Address=0x3062
2013/07/22 13:46:48:564 [004696] TRACE [Prb.cpp, 1035] - ReadFPGAPacket(0x3062):01 00 0C 25 82 00 02 30 62 09 70 0D 
2013/07/22 13:46:48:564 [006276] TRACE [Prb.cpp, 835] - RxStream contents:01 00 0C E3 06 25 00 01 00 47 32 0D 
2013/07/22 13:46:48:565 [006276] TRACE [Prb.cpp, 943] - RadioBoardPacket(ACK):01 00 0C E3 06 25 00 01 00 47 32 0D 
2013/07/22 13:46:48:565 [004696] DEBUG [Prb.cpp, 512] - Read FPGA completed, Address=0x3062, Data=0x00
2013/07/22 13:46:48:570 [004696] TRACE [Prb.cpp, 493] - Reading FPGA, Address=0x3066
2013/07/22 13:46:48:571 [004696] TRACE [Prb.cpp, 1035] - ReadFPGAPacket(0x3066):01 00 0C 26 82 00 02 30 66 01 6B 0D 
2013/07/22 13:46:48:571 [006276] TRACE [Prb.cpp, 835] - RxStream contents:01 00 0C E4 06 26 00 01 00 13 34 0D 
2013/07/22 13:46:48:572 [006276] TRACE [Prb.cpp, 943] - RadioBoardPacket(ACK):01 00 0C E4 06 26 00 01 00 13 34 0D 
2013/07/22 13:46:48:572 [004696] DEBUG [Prb.cpp, 512] - Read FPGA completed, Address=0x3066, Data=0x00
2013/07/22 13:46:48:573 [004696] TRACE [Prb.cpp, 493] - Reading FPGA, Address=0x3068
2013/07/22 13:46:48:574 [004696] TRACE [Prb.cpp, 1035] - ReadFPGAPacket(0x3068):01 00 0C 27 82 00 02 30 68 79 4F 0D 
2013/07/22 13:46:48:574 [006276] TRACE [Prb.cpp, 835] - RxStream contents:01 00 0C E5 06 27 00 01 00 7F 34 0D 
2013/07/22 13:46:48:575 [006276] TRACE [Prb.cpp, 943] - RadioBoardPacket(ACK):01 00 0C E5 06 27 00 01 00 7F 34 0D 
2013/07/22 13:46:48:575 [004696] DEBUG [Prb.cpp, 512] - Read FPGA completed, Address=0x3068, Data=0x00
2013/07/22 13:46:48:576 [004696] TRACE [Prb.cpp, 493] - Reading FPGA, Address=0x306A
2013/07/22 13:46:48:576 [004696] TRACE [Prb.cpp, 1035] - ReadFPGAPacket(0x306A):01 00 0C 28 82 00 02 30 6A D1 4F 0D 
2013/07/22 13:46:48:576 [006276] TRACE [Prb.cpp, 835] - RxStream contents:01 00 0C E6 06 28 00 01 00 3B 34 0D 
2013/07/22 13:46:48:577 [006276] TRACE [Prb.cpp, 943] - RadioBoardPacket(ACK):01 00 0C E6 06 28 00 01 00 3B 34 0D 
2013/07/22 13:46:48:578 [004696] DEBUG [Prb.cpp, 512] - Read FPGA completed, Address=0x306A, Data=0x00
2013/07/22 13:46:48:580 [004696] TRACE [Prb.cpp, 448] - Writing FPGA, Address=0x1026, Data=0x00
2013/07/22 13:46:48:581 [004696] TRACE [Prb.cpp, 1035] - WriteFPGAPacket(0x1026, 0x00):01 00 0D 29 81 00 03 10 26 00 EA 75 0D 
2013/07/22 13:46:48:581 [006276] TRACE [Prb.cpp, 835] - RxStream contents:01 00 0B E7 06 29 00 00 1E 56 0D 
2013/07/22 13:46:48:582 [006276] TRACE [Prb.cpp, 943] - RadioBoardPacket(ACK):01 00 0B E7 06 29 00 00 1E 56 0D 
2013/07/22 13:46:48:582 [004696] DEBUG [Prb.cpp, 466] - Write FPGA completed, Address=0x1026, Data=0x00
2013/07/22 13:46:48:589 [005508] TRACE [Prb.cpp, 539] - Writing CC1020, Address=0x001C, Data=0x07
2013/07/22 13:46:48:590 [005508] TRACE [Prb.cpp, 1035] - WriteCC1020Packet(0x1C, 0x07):01 00 0D 2A 83 00 03 00 1C 07 04 14 0D 
2013/07/22 13:46:48:590 [006276] TRACE [Prb.cpp, 835] - RxStream contents:01 00 0B E8 06 2A 00 00 1C C2 0D 
2013/07/22 13:46:48:591 [006276] TRACE [Prb.cpp, 943] - RadioBoardPacket(ACK):01 00 0B E8 06 2A 00 00 1C C2 0D 
2013/07/22 13:46:48:592 [005508] DEBUG [Prb.cpp, 557] - Write CC1020 completed, Address=0x001C, Data=0x07
2013/07/22 13:46:48:593 [005508] TRACE [Prb.cpp, 448] - Writing FPGA, Address=0x3012, Data=0x01
2013/07/22 13:46:48:594 [005508] TRACE [Prb.cpp, 1035] - WriteFPGAPacket(0x3012, 0x01):01 00 0D 2B 81 00 03 30 12 01 52 D3 0D 
2013/07/22 13:46:48:594 [006276] TRACE [Prb.cpp, 835] - RxStream contents:01 00 0B E9 06 2B 00 00 1C AE 0D 
2013/07/22 13:46:48:595 [006276] TRACE [Prb.cpp, 943] - RadioBoardPacket(ACK):01 00 0B E9 06 2B 00 00 1C AE 0D 
2013/07/22 13:46:48:596 [005508] DEBUG [Prb.cpp, 466] - Write FPGA completed, Address=0x3012, Data=0x01
2013/07/22 13:46:48:597 [005508] TRACE [Prb.cpp, 493] - Reading FPGA, Address=0x1004
2013/07/22 13:46:48:597 [005508] TRACE [Prb.cpp, 1035] - ReadFPGAPacket(0x1004):01 00 0C 2C 82 00 02 10 04 F0 2D 0D 
2013/07/22 13:46:48:597 [006276] TRACE [Prb.cpp, 835] - RxStream contents:01 00 0C EA 06 2C 00 01 00 4B 38 0D 
2013/07/22 13:46:48:598 [006276] TRACE [Prb.cpp, 943] - RadioBoardPacket(ACK):01 00 0C EA 06 2C 00 01 00 4B 38 0D 
2013/07/22 13:46:48:599 [005508] DEBUG [Prb.cpp, 512] - Read FPGA completed, Address=0x1004, Data=0x00
2013/07/22 13:46:48:599 [005508] TRACE [Prb.cpp, 448] - Writing FPGA, Address=0x1004, Data=0x00
2013/07/22 13:46:48:600 [005508] TRACE [Prb.cpp, 1035] - WriteFPGAPacket(0x1004, 0x00):01 00 0D 2D 81 00 03 10 04 00 A2 36 0D 
2013/07/22 13:46:48:600 [006276] TRACE [Prb.cpp, 835] - RxStream contents:01 00 0B EB 06 2D 00 00 9C 25 0D 
2013/07/22 13:46:48:601 [006276] TRACE [Prb.cpp, 943] - RadioBoardPacket(ACK):01 00 0B EB 06 2D 00 00 9C 25 0D 
2013/07/22 13:46:48:602 [005508] DEBUG [Prb.cpp, 466] - Write FPGA completed, Address=0x1004, Data=0x00
2013/07/22 13:46:48:604 [002724] INFO [CommunicationSystemStates.cpp, 130] - Scan requested. Preamble Burst Duration: 9 seconds. Preamble Burst Data Rate: 2.
2013/07/22 13:46:48:605 [002724] TRACE [Prb.cpp, 448] - Writing FPGA, Address=0x1002, Data=0x09
2013/07/22 13:46:48:605 [002724] TRACE [Prb.cpp, 1035] - WriteFPGAPacket(0x1002, 0x09):01 00 0D 2E 81 00 03 10 02 09 B5 30 0D 
2013/07/22 13:46:48:605 [006276] TRACE [Prb.cpp, 835] - RxStream contents:01 00 0B EC 06 2E 00 00 1D 72 0D 
2013/07/22 13:46:48:607 [006276] TRACE [Prb.cpp, 943] - RadioBoardPacket(ACK):01 00 0B EC 06 2E 00 00 1D 72 0D 
2013/07/22 13:46:48:607 [002724] DEBUG [Prb.cpp, 466] - Write FPGA completed, Address=0x1002, Data=0x09
2013/07/22 13:46:48:608 [002724] TRACE [Prb.cpp, 493] - Reading FPGA, Address=0x1004
2013/07/22 13:46:48:608 [002724] TRACE [Prb.cpp, 1035] - ReadFPGAPacket(0x1004):01 00 0C 2F 82 00 02 10 04 78 2D 0D 
2013/07/22 13:46:48:608 [006276] TRACE [Prb.cpp, 835] - RxStream contents:01 00 0C ED 06 2F 00 01 00 1F 3E 0D 
2013/07/22 13:46:48:609 [006276] TRACE [Prb.cpp, 943] - RadioBoardPacket(ACK):01 00 0C ED 06 2F 00 01 00 1F 3E 0D 
2013/07/22 13:46:48:610 [002724] DEBUG [Prb.cpp, 512] - Read FPGA completed, Address=0x1004, Data=0x00
2013/07/22 13:46:48:610 [002724] TRACE [Prb.cpp, 448] - Writing FPGA, Address=0x1004, Data=0x08
2013/07/22 13:46:48:611 [002724] TRACE [Prb.cpp, 1035] - WriteFPGAPacket(0x1004, 0x08):01 00 0D 30 81 00 03 10 04 08 3E D5 0D 
2013/07/22 13:46:48:611 [006276] TRACE [Prb.cpp, 835] - RxStream contents:01 00 0B EE 06 30 00 00 9C 19 0D 
2013/07/22 13:46:48:612 [006276] TRACE [Prb.cpp, 943] - RadioBoardPacket(ACK):01 00 0B EE 06 30 00 00 9C 19 0D 
2013/07/22 13:46:48:613 [002724] DEBUG [Prb.cpp, 466] - Write FPGA completed, Address=0x1004, Data=0x08
2013/07/22 13:46:48:613 [002724] TRACE [Prb.cpp, 448] - Writing FPGA, Address=0x1008, Data=0x02
2013/07/22 13:46:48:614 [002724] TRACE [Prb.cpp, 1035] - WriteFPGAPacket(0x1008, 0x02):01 00 0D 31 81 00 03 10 08 02 97 FA 0D 
2013/07/22 13:46:48:614 [006276] TRACE [Prb.cpp, 835] - RxStream contents:01 00 0B EF 06 31 00 00 9C 75 0D 
2013/07/22 13:46:48:615 [006276] TRACE [Prb.cpp, 943] - RadioBoardPacket(ACK):01 00 0B EF 06 31 00 00 9C 75 0D 
2013/07/22 13:46:48:616 [002724] DEBUG [Prb.cpp, 466] - Write FPGA completed, Address=0x1008, Data=0x02
2013/07/22 13:46:59:742 [000928] INFO [CommunicationSystemStates.cpp, 168] - Scan complete
2013/07/22 13:46:59:743 [000928] TRACE [Prb.cpp, 584] - Reading CC1020, Address=0x0004
2013/07/22 13:46:59:744 [000928] TRACE [Prb.cpp, 1035] - ReadCC1020Packet(0x04):01 00 0C 32 84 00 02 00 04 41 20 0D 
2013/07/22 13:46:59:744 [006276] TRACE [Prb.cpp, 835] - RxStream contents:01 00 0C F1 06 32 00 01 35 1B 98 0D 
2013/07/22 13:46:59:745 [006276] TRACE [Prb.cpp, 943] - RadioBoardPacket(ACK):01 00 0C F1 06 32 00 01 35 1B 98 0D 
2013/07/22 13:46:59:746 [000928] DEBUG [Prb.cpp, 603] - Read CC1020 completed, Address=0x0004, Data=0x35
2013/07/22 13:46:59:746 [000928] TRACE [Prb.cpp, 584] - Reading CC1020, Address=0x0005
2013/07/22 13:46:59:747 [000928] TRACE [Prb.cpp, 1035] - ReadCC1020Packet(0x05):01 00 0C 33 84 00 02 00 05 39 26 0D 
2013/07/22 13:46:59:747 [006276] TRACE [Prb.cpp, 835] - RxStream contents:01 00 0C F2 06 33 00 01 F0 05 05 0D 
2013/07/22 13:46:59:748 [006276] TRACE [Prb.cpp, 943] - RadioBoardPacket(ACK):01 00 0C F2 06 33 00 01 F0 05 05 0D 
2013/07/22 13:46:59:749 [000928] DEBUG [Prb.cpp, 603] - Read CC1020 completed, Address=0x0005, Data=0xF0
2013/07/22 13:46:59:749 [000928] TRACE [Prb.cpp, 584] - Reading CC1020, Address=0x0006
2013/07/22 13:46:59:750 [000928] TRACE [Prb.cpp, 1035] - ReadCC1020Packet(0x06):01 00 0C 34 84 00 02 00 06 51 2A 0D 
2013/07/22 13:46:59:750 [006276] TRACE [Prb.cpp, 835] - RxStream contents:01 00 0C F3 06 34 00 01 21 13 E3 0D 
2013/07/22 13:46:59:751 [006276] TRACE [Prb.cpp, 943] - RadioBoardPacket(ACK):01 00 0C F3 06 34 00 01 21 13 E3 0D 
2013/07/22 13:46:59:752 [000928] DEBUG [Prb.cpp, 603] - Read CC1020 completed, Address=0x0006, Data=0x21
2013/07/22 13:46:59:752 [000928] TRACE [Prb.cpp, 584] - Reading CC1020, Address=0x0008
2013/07/22 13:46:59:753 [000928] TRACE [Prb.cpp, 1035] - ReadCC1020Packet(0x08):01 00 0C 35 84 00 02 00 08 29 0E 0D 
2013/07/22 13:46:59:753 [006276] TRACE [Prb.cpp, 835] - RxStream contents:01 00 0C F4 06 35 00 01 35 EF 9E 0D 
2013/07/22 13:46:59:754 [006276] TRACE [Prb.cpp, 943] - RadioBoardPacket(ACK):01 00 0C F4 06 35 00 01 35 EF 9E 0D 
2013/07/22 13:46:59:755 [000928] DEBUG [Prb.cpp, 603] - Read CC1020 completed, Address=0x0008, Data=0x35
2013/07/22 13:46:59:755 [000928] TRACE [Prb.cpp, 584] - Reading CC1020, Address=0x0009
2013/07/22 13:46:59:756 [000928] TRACE [Prb.cpp, 1035] - ReadCC1020Packet(0x09):01 00 0C 36 84 00 02 00 09 21 0B 0D 
2013/07/22 13:46:59:756 [006276] TRACE [Prb.cpp, 835] - RxStream contents:01 00 0C F5 06 36 00 01 FA 29 3F 0D 
2013/07/22 13:46:59:757 [006276] TRACE [Prb.cpp, 943] - RadioBoardPacket(ACK):01 00 0C F5 06 36 00 01 FA 29 3F 0D 
2013/07/22 13:46:59:757 [000928] DEBUG [Prb.cpp, 603] - Read CC1020 completed, Address=0x0009, Data=0xFA
2013/07/22 13:46:59:758 [000928] TRACE [Prb.cpp, 584] - Reading CC1020, Address=0x000A
2013/07/22 13:46:59:758 [000928] TRACE [Prb.cpp, 1035] - ReadCC1020Packet(0x0A):01 00 0C 37 84 00 02 00 0A D9 02 0D 
2013/07/22 13:46:59:759 [006276] TRACE [Prb.cpp, 835] - RxStream contents:01 00 0C F6 06 37 00 01 CB B5 99 0D 
2013/07/22 13:46:59:760 [006276] TRACE [Prb.cpp, 943] - RadioBoardPacket(ACK):01 00 0C F6 06 37 00 01 CB B5 99 0D 
2013/07/22 13:46:59:760 [000928] DEBUG [Prb.cpp, 603] - Read CC1020 completed, Address=0x000A, Data=0xCB
2013/07/22 13:46:59:761 [000928] TRACE [Prb.cpp, 584] - Reading CC1020, Address=0x000F
2013/07/22 13:46:59:761 [000928] TRACE [Prb.cpp, 1035] - ReadCC1020Packet(0x0F):01 00 0C 38 84 00 02 00 0F F1 13 0D 
2013/07/22 13:46:59:761 [006276] TRACE [Prb.cpp, 835] - RxStream contents:01 00 0C F7 06 38 00 01 DF 81 E2 0D 
2013/07/22 13:46:59:762 [006276] TRACE [Prb.cpp, 943] - RadioBoardPacket(ACK):01 00 0C F7 06 38 00 01 DF 81 E2 0D 
2013/07/22 13:46:59:763 [000928] DEBUG [Prb.cpp, 603] - Read CC1020 completed, Address=0x000F, Data=0xDF
2013/07/22 13:46:59:763 [000928] TRACE [Prb.cpp, 584] - Reading CC1020, Address=0x0010
2013/07/22 13:46:59:764 [000928] TRACE [Prb.cpp, 1035] - ReadCC1020Packet(0x10):01 00 0C 39 84 00 02 00 10 89 51 0D 
2013/07/22 13:46:59:764 [006276] TRACE [Prb.cpp, 835] - RxStream contents:01 00 0C F8 06 39 00 01 80 3C 2C 0D 
2013/07/22 13:46:59:765 [006276] TRACE [Prb.cpp, 943] - RadioBoardPacket(ACK):01 00 0C F8 06 39 00 01 80 3C 2C 0D 
2013/07/22 13:46:59:765 [000928] DEBUG [Prb.cpp, 603] - Read CC1020 completed, Address=0x0010, Data=0x80
2013/07/22 13:46:59:766 [000928] TRACE [Prb.cpp, 584] - Reading CC1020, Address=0x0013
2013/07/22 13:46:59:766 [000928] TRACE [Prb.cpp, 1035] - ReadCC1020Packet(0x13):01 00 0C 3A 84 00 02 00 13 01 5B 0D 
2013/07/22 13:46:59:767 [006276] TRACE [Prb.cpp, 835] - RxStream contents:01 00 0C F9 06 3A 00 01 33 7B 86 0D 
2013/07/22 13:46:59:768 [006276] TRACE [Prb.cpp, 943] - RadioBoardPacket(ACK):01 00 0C F9 06 3A 00 01 33 7B 86 0D 
2013/07/22 13:46:59:768 [000928] DEBUG [Prb.cpp, 603] - Read CC1020 completed, Address=0x0013, Data=0x33
2013/07/22 13:46:59:769 [000928] TRACE [Prb.cpp, 584] - Reading CC1020, Address=0x0014
2013/07/22 13:46:59:769 [000928] TRACE [Prb.cpp, 1035] - ReadCC1020Packet(0x14):01 00 0C 3B 84 00 02 00 14 79 49 0D 
2013/07/22 13:46:59:769 [006276] TRACE [Prb.cpp, 835] - RxStream contents:01 00 0C FA 06 3B 00 01 3D E7 A2 0D 
2013/07/22 13:46:59:770 [006276] TRACE [Prb.cpp, 943] - RadioBoardPacket(ACK):01 00 0C FA 06 3B 00 01 3D E7 A2 0D 
2013/07/22 13:46:59:771 [000928] DEBUG [Prb.cpp, 603] - Read CC1020 completed, Address=0x0014, Data=0x3D
2013/07/22 13:46:59:771 [000928] TRACE [Prb.cpp, 584] - Reading CC1020, Address=0x0043
2013/07/22 13:46:59:772 [000928] TRACE [Prb.cpp, 1035] - ReadCC1020Packet(0x43):01 00 0C 3C 84 00 02 00 43 90 BE 0D 
2013/07/22 13:46:59:772 [006276] TRACE [Prb.cpp, 835] - RxStream contents:01 00 0C FB 06 3C 00 01 00 73 2F 0D 
2013/07/22 13:46:59:773 [006276] TRACE [Prb.cpp, 943] - RadioBoardPacket(ACK):01 00 0C FB 06 3C 00 01 00 73 2F 0D 
2013/07/22 13:46:59:773 [000928] DEBUG [Prb.cpp, 603] - Read CC1020 completed, Address=0x0043, Data=0x00
2013/07/22 13:46:59:774 [000928] DEBUG [ComSysDiagnostics.cpp, 63] - CC1020 [Scan complete] FREQ_2A: 0x35 FREQ_1A: 0xf0 FREQ_0A: 0x21
2013/07/22 13:46:59:775 [000928] DEBUG [ComSysDiagnostics.cpp, 67] - CC1020 [Scan complete] FREQ_2B: 0x35 FREQ_1B: 0xfa FREQ_0B: 0xcb
2013/07/22 13:46:59:775 [000928] DEBUG [ComSysDiagnostics.cpp, 72] - CC1020 [Scan complete] AFC_CONTROL: 0xdf FILTER: 0x80 VGA3: 0x33 VGA4: 0x3d AFC: 0x00
2013/07/22 13:46:59:776 [000928] INFO [CommunicationSystemStates.cpp, 173] - Found 1 valid ids during the scan operation.
2013/07/22 13:46:59:778 [000928] INFO [CommunicationSystemStates.cpp, 190] - Id: 0x801c0094.
2013/07/22 13:46:59:779 [000928] INFO [CommunicationSystemStates.cpp, 198] - Found 0 invalid ids during the scan operation.
2013/07/22 13:46:59:782 [002724] INFO [CommunicationSystemStates.cpp, 130] - Scan requested. Preamble Burst Duration: 2 seconds. Preamble Burst Data Rate: 0.
2013/07/22 13:46:59:783 [002724] TRACE [Prb.cpp, 448] - Writing FPGA, Address=0x1002, Data=0x02
2013/07/22 13:46:59:784 [002724] TRACE [Prb.cpp, 1035] - WriteFPGAPacket(0x1002, 0x02):01 00 0D 3D 81 00 03 10 02 02 A7 3A 0D 
2013/07/22 13:46:59:784 [006276] TRACE [Prb.cpp, 835] - RxStream contents:01 00 0B FC 06 3D 00 00 1B 8E 0D 
2013/07/22 13:46:59:785 [006276] TRACE [Prb.cpp, 943] - RadioBoardPacket(ACK):01 00 0B FC 06 3D 00 00 1B 8E 0D 
2013/07/22 13:46:59:786 [002724] DEBUG [Prb.cpp, 466] - Write FPGA completed, Address=0x1002, Data=0x02
2013/07/22 13:46:59:786 [002724] TRACE [Prb.cpp, 493] - Reading FPGA, Address=0x1004
2013/07/22 13:46:59:787 [002724] TRACE [Prb.cpp, 1035] - ReadFPGAPacket(0x1004):01 00 0C 3E 82 00 02 10 04 00 3C 0D 
2013/07/22 13:46:59:787 [006276] TRACE [Prb.cpp, 835] - RxStream contents:01 00 0C FD 06 3E 00 01 08 CB 1A 0D 
2013/07/22 13:46:59:788 [006276] TRACE [Prb.cpp, 943] - RadioBoardPacket(ACK):01 00 0C FD 06 3E 00 01 08 CB 1A 0D 
2013/07/22 13:46:59:789 [002724] DEBUG [Prb.cpp, 512] - Read FPGA completed, Address=0x1004, Data=0x08
2013/07/22 13:46:59:789 [002724] TRACE [Prb.cpp, 448] - Writing FPGA, Address=0x1004, Data=0x00
2013/07/22 13:46:59:790 [002724] TRACE [Prb.cpp, 1035] - WriteFPGAPacket(0x1004, 0x00):01 00 0D 3F 81 00 03 10 04 00 B1 16 0D 
2013/07/22 13:46:59:790 [006276] TRACE [Prb.cpp, 835] - RxStream contents:01 00 0B FE 06 3F 00 00 1B 56 0D 
2013/07/22 13:46:59:791 [006276] TRACE [Prb.cpp, 943] - RadioBoardPacket(ACK):01 00 0B FE 06 3F 00 00 1B 56 0D 
2013/07/22 13:46:59:791 [002724] DEBUG [Prb.cpp, 466] - Write FPGA completed, Address=0x1004, Data=0x00
2013/07/22 13:46:59:792 [002724] TRACE [Prb.cpp, 448] - Writing FPGA, Address=0x1008, Data=0x02
2013/07/22 13:46:59:793 [002724] TRACE [Prb.cpp, 1035] - WriteFPGAPacket(0x1008, 0x02):01 00 0D 40 81 00 03 10 08 02 E1 EA 0D 
2013/07/22 13:46:59:793 [006276] TRACE [Prb.cpp, 835] - RxStream contents:01 00 0B FF 06 40 00 00 1D 22 0D 
2013/07/22 13:46:59:794 [006276] TRACE [Prb.cpp, 943] - RadioBoardPacket(ACK):01 00 0B FF 06 40 00 00 1D 22 0D 
2013/07/22 13:46:59:794 [002724] DEBUG [Prb.cpp, 466] - Write FPGA completed, Address=0x1008, Data=0x02
2013/07/22 13:47:03:906 [000928] INFO [CommunicationSystemStates.cpp, 168] - Scan complete
2013/07/22 13:47:03:906 [000928] TRACE [Prb.cpp, 584] - Reading CC1020, Address=0x0004
2013/07/22 13:47:03:907 [000928] TRACE [Prb.cpp, 1035] - ReadCC1020Packet(0x04):01 00 0C 41 84 00 02 00 04 49 54 0D 
2013/07/22 13:47:03:907 [006276] TRACE [Prb.cpp, 835] - RxStream contents:01 00 0C 01 06 41 00 01 35 67 70 0D 
2013/07/22 13:47:03:908 [006276] TRACE [Prb.cpp, 943] - RadioBoardPacket(ACK):01 00 0C 01 06 41 00 01 35 67 70 0D 
2013/07/22 13:47:03:909 [000928] DEBUG [Prb.cpp, 603] - Read CC1020 completed, Address=0x0004, Data=0x35
2013/07/22 13:47:03:909 [000928] TRACE [Prb.cpp, 584] - Reading CC1020, Address=0x0005
2013/07/22 13:47:03:910 [000928] TRACE [Prb.cpp, 1035] - ReadCC1020Packet(0x05):01 00 0C 42 84 00 02 00 05 41 51 0D 
2013/07/22 13:47:03:910 [006276] TRACE [Prb.cpp, 835] - RxStream contents:01 00 0C 02 06 42 00 01 F0 D1 EE 0D 
2013/07/22 13:47:03:911 [006276] TRACE [Prb.cpp, 943] - RadioBoardPacket(ACK):01 00 0C 02 06 42 00 01 F0 D1 EE 0D 
2013/07/22 13:47:03:912 [000928] DEBUG [Prb.cpp, 603] - Read CC1020 completed, Address=0x0005, Data=0xF0
2013/07/22 13:47:03:912 [000928] TRACE [Prb.cpp, 584] - Reading CC1020, Address=0x0006
2013/07/22 13:47:03:913 [000928] TRACE [Prb.cpp, 1035] - ReadCC1020Packet(0x06):01 00 0C 43 84 00 02 00 06 B9 58 0D 
2013/07/22 13:47:03:913 [006276] TRACE [Prb.cpp, 835] - RxStream contents:01 00 0C 03 06 43 00 01 21 BF 08 0D 
2013/07/22 13:47:03:914 [006276] TRACE [Prb.cpp, 943] - RadioBoardPacket(ACK):01 00 0C 03 06 43 00 01 21 BF 08 0D 
2013/07/22 13:47:03:915 [000928] DEBUG [Prb.cpp, 603] - Read CC1020 completed, Address=0x0006, Data=0x21
2013/07/22 13:47:03:915 [000928] TRACE [Prb.cpp, 584] - Reading CC1020, Address=0x0008
2013/07/22 13:47:03:916 [000928] TRACE [Prb.cpp, 1035] - ReadCC1020Packet(0x08):01 00 0C 44 84 00 02 00 08 51 79 0D 
2013/07/22 13:47:03:916 [006276] TRACE [Prb.cpp, 835] - RxStream contents:01 00 0C 04 06 44 00 01 35 3B 75 0D 
2013/07/22 13:47:03:917 [006276] TRACE [Prb.cpp, 943] - RadioBoardPacket(ACK):01 00 0C 04 06 44 00 01 35 3B 75 0D 
2013/07/22 13:47:03:917 [000928] DEBUG [Prb.cpp, 603] - Read CC1020 completed, Address=0x0008, Data=0x35
2013/07/22 13:47:03:918 [000928] TRACE [Prb.cpp, 584] - Reading CC1020, Address=0x0009
2013/07/22 13:47:03:919 [000928] TRACE [Prb.cpp, 1035] - ReadCC1020Packet(0x09):01 00 0C 45 84 00 02 00 09 29 7F 0D 
2013/07/22 13:47:03:919 [006276] TRACE [Prb.cpp, 835] - RxStream contents:01 00 0C 05 06 45 00 01 FA 55 D7 0D 
2013/07/22 13:47:03:920 [006276] TRACE [Prb.cpp, 943] - RadioBoardPacket(ACK):01 00 0C 05 06 45 00 01 FA 55 D7 0D 
2013/07/22 13:47:03:920 [000928] DEBUG [Prb.cpp, 603] - Read CC1020 completed, Address=0x0009, Data=0xFA
2013/07/22 13:47:03:921 [000928] TRACE [Prb.cpp, 584] - Reading CC1020, Address=0x000A
2013/07/22 13:47:03:921 [000928] TRACE [Prb.cpp, 1035] - ReadCC1020Packet(0x0A):01 00 0C 46 84 00 02 00 0A A1 75 0D 
2013/07/22 13:47:03:921 [006276] TRACE [Prb.cpp, 835] - RxStream contents:01 00 0C 06 06 46 00 01 CB 61 72 0D 
2013/07/22 13:47:03:922 [006276] TRACE [Prb.cpp, 943] - RadioBoardPacket(ACK):01 00 0C 06 06 46 00 01 CB 61 72 0D 
2013/07/22 13:47:03:923 [000928] DEBUG [Prb.cpp, 603] - Read CC1020 completed, Address=0x000A, Data=0xCB
2013/07/22 13:47:03:923 [000928] TRACE [Prb.cpp, 584] - Reading CC1020, Address=0x000F
2013/07/22 13:47:03:924 [000928] TRACE [Prb.cpp, 1035] - ReadCC1020Packet(0x0F):01 00 0C 47 84 00 02 00 0F 59 68 0D 
2013/07/22 13:47:03:924 [006276] TRACE [Prb.cpp, 835] - RxStream contents:01 00 0C 07 06 47 00 01 DF 0D 0A 0D 
2013/07/22 13:47:03:925 [006276] TRACE [Prb.cpp, 943] - RadioBoardPacket(ACK):01 00 0C 07 06 47 00 01 DF 0D 0A 0D 
2013/07/22 13:47:03:926 [000928] DEBUG [Prb.cpp, 603] - Read CC1020 completed, Address=0x000F, Data=0xDF
2013/07/22 13:47:03:926 [000928] TRACE [Prb.cpp, 584] - Reading CC1020, Address=0x0010
2013/07/22 13:47:03:927 [000928] TRACE [Prb.cpp, 1035] - ReadCC1020Packet(0x10):01 00 0C 48 84 00 02 00 10 F1 26 0D 
2013/07/22 13:47:03:927 [006276] TRACE [Prb.cpp, 835] - RxStream contents:01 00 0C 08 06 48 00 01 80 E8 C7 0D 
2013/07/22 13:47:03:928 [006276] TRACE [Prb.cpp, 943] - RadioBoardPacket(ACK):01 00 0C 08 06 48 00 01 80 E8 C7 0D 
2013/07/22 13:47:03:928 [000928] DEBUG [Prb.cpp, 603] - Read CC1020 completed, Address=0x0010, Data=0x80
2013/07/22 13:47:03:929 [000928] TRACE [Prb.cpp, 584] - Reading CC1020, Address=0x0013
2013/07/22 13:47:03:929 [000928] TRACE [Prb.cpp, 1035] - ReadCC1020Packet(0x13):01 00 0C 49 84 00 02 00 13 09 2F 0D 
2013/07/22 13:47:03:929 [006276] TRACE [Prb.cpp, 835] - RxStream contents:01 00 0C 09 06 49 00 01 33 07 6E 0D 
2013/07/22 13:47:03:930 [006276] TRACE [Prb.cpp, 943] - RadioBoardPacket(ACK):01 00 0C 09 06 49 00 01 33 07 6E 0D 
2013/07/22 13:47:03:931 [000928] DEBUG [Prb.cpp, 603] - Read CC1020 completed, Address=0x0013, Data=0x33
2013/07/22 13:47:03:932 [000928] TRACE [Prb.cpp, 584] - Reading CC1020, Address=0x0014
2013/07/22 13:47:03:932 [000928] TRACE [Prb.cpp, 1035] - ReadCC1020Packet(0x14):01 00 0C 4A 84 00 02 00 14 01 3E 0D 
2013/07/22 13:47:03:932 [006276] TRACE [Prb.cpp, 835] - RxStream contents:01 00 0C 0A 06 4A 00 01 3D 33 49 0D 
2013/07/22 13:47:03:933 [006276] TRACE [Prb.cpp, 943] - RadioBoardPacket(ACK):01 00 0C 0A 06 4A 00 01 3D 33 49 0D 
2013/07/22 13:47:03:934 [000928] DEBUG [Prb.cpp, 603] - Read CC1020 completed, Address=0x0014, Data=0x3D
2013/07/22 13:47:03:934 [000928] TRACE [Prb.cpp, 584] - Reading CC1020, Address=0x0043
2013/07/22 13:47:03:935 [000928] TRACE [Prb.cpp, 1035] - ReadCC1020Packet(0x43):01 00 0C 4B 84 00 02 00 43 78 CC 0D 
2013/07/22 13:47:03:935 [006276] TRACE [Prb.cpp, 835] - RxStream contents:01 00 0C 0B 06 4B 00 01 00 DF C4 0D 
2013/07/22 13:47:03:936 [006276] TRACE [Prb.cpp, 943] - RadioBoardPacket(ACK):01 00 0C 0B 06 4B 00 01 00 DF C4 0D 
2013/07/22 13:47:03:937 [000928] DEBUG [Prb.cpp, 603] - Read CC1020 completed, Address=0x0043, Data=0x00
2013/07/22 13:47:03:937 [000928] DEBUG [ComSysDiagnostics.cpp, 63] - CC1020 [Scan complete] FREQ_2A: 0x35 FREQ_1A: 0xf0 FREQ_0A: 0x21
2013/07/22 13:47:03:938 [000928] DEBUG [ComSysDiagnostics.cpp, 67] - CC1020 [Scan complete] FREQ_2B: 0x35 FREQ_1B: 0xfa FREQ_0B: 0xcb
2013/07/22 13:47:03:938 [000928] DEBUG [ComSysDiagnostics.cpp, 72] - CC1020 [Scan complete] AFC_CONTROL: 0xdf FILTER: 0x80 VGA3: 0x33 VGA4: 0x3d AFC: 0x00
2013/07/22 13:47:03:939 [000928] INFO [CommunicationSystemStates.cpp, 173] - Found 1 valid ids during the scan operation.
2013/07/22 13:47:03:939 [000928] INFO [CommunicationSystemStates.cpp, 190] - Id: 0x801c0094.
2013/07/22 13:47:03:940 [000928] INFO [CommunicationSystemStates.cpp, 198] - Found 0 invalid ids during the scan operation.
2013/07/22 13:47:03:953 [005508] TRACE [Prb.cpp, 493] - Reading FPGA, Address=0x1004
2013/07/22 13:47:03:954 [005508] TRACE [Prb.cpp, 1035] - ReadFPGAPacket(0x1004):01 00 0C 4C 82 00 02 10 04 F0 4B 0D 
2013/07/22 13:47:03:954 [006276] TRACE [Prb.cpp, 835] - RxStream contents:01 00 0C 0C 06 4C 00 01 00 5B C1 0D 
2013/07/22 13:47:03:955 [006276] TRACE [Prb.cpp, 943] - RadioBoardPacket(ACK):01 00 0C 0C 06 4C 00 01 00 5B C1 0D 
2013/07/22 13:47:03:956 [005508] DEBUG [Prb.cpp, 512] - Read FPGA completed, Address=0x1004, Data=0x00
2013/07/22 13:47:03:956 [005508] TRACE [Prb.cpp, 448] - Writing FPGA, Address=0x1004, Data=0x00
2013/07/22 13:47:03:957 [005508] TRACE [Prb.cpp, 1035] - WriteFPGAPacket(0x1004, 0x00):01 00 0D 4D 81 00 03 10 04 00 C4 36 0D 
2013/07/22 13:47:03:957 [006276] TRACE [Prb.cpp, 835] - RxStream contents:01 00 0B 0D 06 4D 00 00 37 B6 0D 
2013/07/22 13:47:03:958 [006276] TRACE [Prb.cpp, 943] - RadioBoardPacket(ACK):01 00 0B 0D 06 4D 00 00 37 B6 0D 
2013/07/22 13:47:03:959 [005508] DEBUG [Prb.cpp, 466] - Write FPGA completed, Address=0x1004, Data=0x00
2013/07/22 13:47:03:960 [002724] INFO [CrossTalkDetectorStates.cpp, 98] - LinkTimeout = 4523 ms
2013/07/22 13:47:03:961 [002724] INFO [CrossTalkDetector.cpp, 68] - CrossTalkDetector state changing from IdleState to LinkingState
2013/07/22 13:47:03:962 [002724] INFO [CommunicationSystemStates.cpp, 147] - Link requested. Id: 0x801c0094. Preamble Burst Duration: 2 seconds. Preamble Burst Data Rate: 0.
2013/07/22 13:47:03:964 [002724] DEBUG [ComSysDiagnostics.cpp, 95] - Resetting FPGA Frame Error Counter
2013/07/22 13:47:03:965 [002724] TRACE [Prb.cpp, 448] - Writing FPGA, Address=0x301C, Data=0x00
2013/07/22 13:47:03:966 [002724] TRACE [Prb.cpp, 1035] - WriteFPGAPacket(0x301C, 0x00):01 00 0D 4E 81 00 03 30 1C 00 15 85 0D 
2013/07/22 13:47:03:966 [006276] TRACE [Prb.cpp, 835] - RxStream contents:01 00 0B 0E 06 4E 00 00 37 02 0D 
2013/07/22 13:47:03:967 [006276] TRACE [Prb.cpp, 943] - RadioBoardPacket(ACK):01 00 0B 0E 06 4E 00 00 37 02 0D 
2013/07/22 13:47:03:967 [002724] DEBUG [Prb.cpp, 466] - Write FPGA completed, Address=0x301C, Data=0x00
2013/07/22 13:47:03:968 [002724] TRACE [Prb.cpp, 448] - Writing FPGA, Address=0x2000, Data=0x80
2013/07/22 13:47:03:969 [002724] TRACE [Prb.cpp, 1035] - WriteFPGAPacket(0x2000, 0x80):01 00 0D 4F 81 00 03 20 00 80 5E D5 0D 
2013/07/22 13:47:03:969 [006276] TRACE [Prb.cpp, 835] - RxStream contents:01 00 0B 0F 06 4F 00 00 37 6E 0D 
2013/07/22 13:47:03:970 [006276] TRACE [Prb.cpp, 943] - RadioBoardPacket(ACK):01 00 0B 0F 06 4F 00 00 37 6E 0D 
2013/07/22 13:47:03:970 [002724] DEBUG [Prb.cpp, 466] - Write FPGA completed, Address=0x2000, Data=0x80
2013/07/22 13:47:03:971 [002724] TRACE [Prb.cpp, 448] - Writing FPGA, Address=0x2002, Data=0x1C
2013/07/22 13:47:03:972 [002724] TRACE [Prb.cpp, 1035] - WriteFPGAPacket(0x2002, 0x1C):01 00 0D 50 81 00 03 20 02 1C 4F 6D 0D 
2013/07/22 13:47:03:972 [006276] TRACE [Prb.cpp, 835] - RxStream contents:01 00 0B 10 06 50 00 00 33 CA 0D 
2013/07/22 13:47:03:973 [006276] TRACE [Prb.cpp, 943] - RadioBoardPacket(ACK):01 00 0B 10 06 50 00 00 33 CA 0D 
2013/07/22 13:47:03:973 [002724] DEBUG [Prb.cpp, 466] - Write FPGA completed, Address=0x2002, Data=0x1C
2013/07/22 13:47:03:974 [002724] TRACE [Prb.cpp, 448] - Writing FPGA, Address=0x2004, Data=0x00
2013/07/22 13:47:03:974 [002724] TRACE [Prb.cpp, 1035] - WriteFPGAPacket(0x2004, 0x00):01 00 0D 51 81 00 03 20 04 00 5A 35 0D 
2013/07/22 13:47:03:974 [006276] TRACE [Prb.cpp, 835] - RxStream contents:01 00 0B 11 06 51 00 00 33 A6 0D 
2013/07/22 13:47:03:975 [006276] TRACE [Prb.cpp, 943] - RadioBoardPacket(ACK):01 00 0B 11 06 51 00 00 33 A6 0D 
2013/07/22 13:47:03:976 [002724] DEBUG [Prb.cpp, 466] - Write FPGA completed, Address=0x2004, Data=0x00
2013/07/22 13:47:03:976 [002724] TRACE [Prb.cpp, 448] - Writing FPGA, Address=0x2006, Data=0x94
2013/07/22 13:47:03:977 [002724] TRACE [Prb.cpp, 1035] - WriteFPGAPacket(0x2006, 0x94):01 00 0D 52 81 00 03 20 06 94 56 7D 0D 
2013/07/22 13:47:03:977 [006276] TRACE [Prb.cpp, 835] - RxStream contents:01 00 0B 12 06 52 00 00 33 12 0D 
2013/07/22 13:47:03:978 [006276] TRACE [Prb.cpp, 943] - RadioBoardPacket(ACK):01 00 0B 12 06 52 00 00 33 12 0D 
2013/07/22 13:47:03:979 [002724] DEBUG [Prb.cpp, 466] - Write FPGA completed, Address=0x2006, Data=0x94
2013/07/22 13:47:03:979 [002724] TRACE [Prb.cpp, 448] - Writing FPGA, Address=0x1002, Data=0x02
2013/07/22 13:47:03:980 [002724] TRACE [Prb.cpp, 1035] - WriteFPGAPacket(0x1002, 0x02):01 00 0D 53 81 00 03 10 02 02 4F D9 0D 
2013/07/22 13:47:03:980 [006276] TRACE [Prb.cpp, 835] - RxStream contents:01 00 0B 13 06 53 00 00 33 7E 0D 
2013/07/22 13:47:03:981 [006276] TRACE [Prb.cpp, 943] - RadioBoardPacket(ACK):01 00 0B 13 06 53 00 00 33 7E 0D 
2013/07/22 13:47:03:981 [002724] DEBUG [Prb.cpp, 466] - Write FPGA completed, Address=0x1002, Data=0x02
2013/07/22 13:47:03:982 [002724] TRACE [Prb.cpp, 493] - Reading FPGA, Address=0x1004
2013/07/22 13:47:03:982 [002724] TRACE [Prb.cpp, 1035] - ReadFPGAPacket(0x1004):01 00 0C 54 82 00 02 10 04 30 50 0D 
2013/07/22 13:47:03:983 [006276] TRACE [Prb.cpp, 835] - RxStream contents:01 00 0C 14 06 54 00 01 00 FB DF 0D 
2013/07/22 13:47:03:983 [006276] TRACE [Prb.cpp, 943] - RadioBoardPacket(ACK):01 00 0C 14 06 54 00 01 00 FB DF 0D 
2013/07/22 13:47:03:984 [002724] DEBUG [Prb.cpp, 512] - Read FPGA completed, Address=0x1004, Data=0x00
2013/07/22 13:47:03:984 [002724] TRACE [Prb.cpp, 448] - Writing FPGA, Address=0x1004, Data=0x00
2013/07/22 13:47:03:985 [002724] TRACE [Prb.cpp, 1035] - WriteFPGAPacket(0x1004, 0x00):01 00 0D 55 81 00 03 10 04 00 DD B6 0D 
2013/07/22 13:47:03:985 [006276] TRACE [Prb.cpp, 835] - RxStream contents:01 00 0B 15 06 55 00 00 32 16 0D 
2013/07/22 13:47:03:986 [006276] TRACE [Prb.cpp, 943] - RadioBoardPacket(ACK):01 00 0B 15 06 55 00 00 32 16 0D 
2013/07/22 13:47:03:987 [002724] DEBUG [Prb.cpp, 466] - Write FPGA completed, Address=0x1004, Data=0x00
2013/07/22 13:47:03:987 [002724] TRACE [Prb.cpp, 448] - Writing FPGA, Address=0x1008, Data=0x04
2013/07/22 13:47:03:988 [002724] TRACE [Prb.cpp, 1035] - WriteFPGAPacket(0x1008, 0x04):01 00 0D 56 81 00 03 10 08 04 76 9D 0D 
2013/07/22 13:47:03:988 [006276] TRACE [Prb.cpp, 835] - RxStream contents:01 00 0B 16 06 56 00 00 32 A2 0D 
2013/07/22 13:47:03:989 [006276] TRACE [Prb.cpp, 943] - RadioBoardPacket(ACK):01 00 0B 16 06 56 00 00 32 A2 0D 
2013/07/22 13:47:03:990 [002724] DEBUG [Prb.cpp, 466] - Write FPGA completed, Address=0x1008, Data=0x04
2013/07/22 13:47:06:200 [000928] INFO [CrossTalkDetectorStates.cpp, 174] - Invalid frame while linking
2013/07/22 13:47:06:201 [000928] TRACE [Prb.cpp, 493] - Reading FPGA, Address=0x3018
2013/07/22 13:47:06:202 [000928] TRACE [Prb.cpp, 1035] - ReadFPGAPacket(0x3018):01 00 0C 57 82 00 02 30 18 78 18 0D 
2013/07/22 13:47:06:202 [006276] TRACE [Prb.cpp, 835] - RxStream contents:01 00 0C 18 06 57 00 01 40 E6 53 0D 
2013/07/22 13:47:06:203 [006276] TRACE [Prb.cpp, 943] - RadioBoardPacket(ACK):01 00 0C 18 06 57 00 01 40 E6 53 0D 
2013/07/22 13:47:06:204 [000928] DEBUG [Prb.cpp, 512] - Read FPGA completed, Address=0x3018, Data=0x40
2013/07/22 13:47:06:204 [000928] TRACE [Prb.cpp, 493] - Reading FPGA, Address=0x301A
2013/07/22 13:47:06:205 [000928] TRACE [Prb.cpp, 1035] - ReadFPGAPacket(0x301A):01 00 0C 58 82 00 02 30 1A D0 18 0D 
2013/07/22 13:47:06:205 [006276] TRACE [Prb.cpp, 835] - RxStream contents:01 00 0C 19 06 58 00 01 00 53 D3 0D 
2013/07/22 13:47:06:206 [006276] TRACE [Prb.cpp, 943] - RadioBoardPacket(ACK):01 00 0C 19 06 58 00 01 00 53 D3 0D 
2013/07/22 13:47:06:207 [000928] DEBUG [Prb.cpp, 512] - Read FPGA completed, Address=0x301A, Data=0x00
2013/07/22 13:47:06:208 [000928] TRACE [Prb.cpp, 493] - Reading FPGA, Address=0x3070
2013/07/22 13:47:06:208 [000928] TRACE [Prb.cpp, 1035] - ReadFPGAPacket(0x3070):01 00 0C 59 82 00 02 30 70 29 67 0D 
2013/07/22 13:47:06:208 [006276] TRACE [Prb.cpp, 835] - RxStream contents:01 00 0C 1A 06 59 00 01 FE CD D7 0D 
2013/07/22 13:47:06:210 [006276] TRACE [Prb.cpp, 943] - RadioBoardPacket(ACK):01 00 0C 1A 06 59 00 01 FE CD D7 0D 
2013/07/22 13:47:06:210 [000928] DEBUG [Prb.cpp, 512] - Read FPGA completed, Address=0x3070, Data=0xFE
2013/07/22 13:47:06:211 [000928] DEBUG [ComSysDiagnostics.cpp, 31] - FPGA RSSI/AFC [Linking(invalid frame)] linkedRSSI:64 linkedAFC:0 AFC:254
2013/07/22 13:47:06:216 [000928] TRACE [Prb.cpp, 493] - Reading FPGA, Address=0x3018
2013/07/22 13:47:06:217 [000928] TRACE [Prb.cpp, 1035] - ReadFPGAPacket(0x3018):01 00 0C 5A 82 00 02 30 18 20 14 0D 
2013/07/22 13:47:06:217 [006276] TRACE [Prb.cpp, 835] - RxStream contents:01 00 0C 1C 06 5A 00 01 3C E3 5D 0D 
2013/07/22 13:47:06:218 [006276] TRACE [Prb.cpp, 943] - RadioBoardPacket(ACK):01 00 0C 1C 06 5A 00 01 3C E3 5D 0D 
2013/07/22 13:47:06:219 [000928] DEBUG [Prb.cpp, 512] - Read FPGA completed, Address=0x3018, Data=0x3C
2013/07/22 13:47:06:219 [000928] TRACE [Prb.cpp, 493] - Reading FPGA, Address=0x301A
2013/07/22 13:47:06:220 [000928] TRACE [Prb.cpp, 1035] - ReadFPGAPacket(0x301A):01 00 0C 5B 82 00 02 30 1A 58 18 0D 
2013/07/22 13:47:06:220 [006276] TRACE [Prb.cpp, 835] - RxStream contents:01 00 0C 1D 06 5B 00 01 FF 8D D7 0D 
2013/07/22 13:47:06:221 [006276] TRACE [Prb.cpp, 943] - RadioBoardPacket(ACK):01 00 0C 1D 06 5B 00 01 FF 8D D7 0D 
2013/07/22 13:47:06:222 [000928] DEBUG [Prb.cpp, 512] - Read FPGA completed, Address=0x301A, Data=0xFF
2013/07/22 13:47:06:222 [000928] TRACE [Prb.cpp, 493] - Reading FPGA, Address=0x3070
2013/07/22 13:47:06:223 [000928] TRACE [Prb.cpp, 1035] - ReadFPGAPacket(0x3070):01 00 0C 5C 82 00 02 30 70 31 62 0D 
2013/07/22 13:47:06:223 [006276] TRACE [Prb.cpp, 835] - RxStream contents:01 00 0C 1E 06 5C 00 01 00 EB D6 0D 
2013/07/22 13:47:06:224 [006276] TRACE [Prb.cpp, 943] - RadioBoardPacket(ACK):01 00 0C 1E 06 5C 00 01 00 EB D6 0D 
2013/07/22 13:47:06:225 [000928] DEBUG [Prb.cpp, 512] - Read FPGA completed, Address=0x3070, Data=0x00
2013/07/22 13:47:06:225 [000928] DEBUG [ComSysDiagnostics.cpp, 31] - FPGA RSSI/AFC [Linking(valid frame)] linkedRSSI:60 linkedAFC:255 AFC:0
2013/07/22 13:47:06:231 [000928] TRACE [Prb.cpp, 493] - Reading FPGA, Address=0x3018
2013/07/22 13:47:06:232 [000928] TRACE [Prb.cpp, 1035] - ReadFPGAPacket(0x3018):01 00 0C 5D 82 00 02 30 18 48 12 0D 
2013/07/22 13:47:06:232 [006276] TRACE [Prb.cpp, 835] - RxStream contents:01 00 0C 20 06 5D 00 01 3D 2F 67 0D 
2013/07/22 13:47:06:233 [006276] TRACE [Prb.cpp, 943] - RadioBoardPacket(ACK):01 00 0C 20 06 5D 00 01 3D 2F 67 0D 
2013/07/22 13:47:06:233 [000928] DEBUG [Prb.cpp, 512] - Read FPGA completed, Address=0x3018, Data=0x3D
2013/07/22 13:47:06:234 [000928] TRACE [Prb.cpp, 493] - Reading FPGA, Address=0x301A
2013/07/22 13:47:06:235 [000928] TRACE [Prb.cpp, 1035] - ReadFPGAPacket(0x301A):01 00 0C 5E 82 00 02 30 1A 40 1D 0D 
2013/07/22 13:47:06:235 [006276] TRACE [Prb.cpp, 835] - RxStream contents:01 00 0C 21 06 5E 00 01 00 6B E9 0D 
2013/07/22 13:47:06:236 [006276] TRACE [Prb.cpp, 943] - RadioBoardPacket(ACK):01 00 0C 21 06 5E 00 01 00 6B E9 0D 
2013/07/22 13:47:06:236 [000928] DEBUG [Prb.cpp, 512] - Read FPGA completed, Address=0x301A, Data=0x00
2013/07/22 13:47:06:237 [000928] TRACE [Prb.cpp, 493] - Reading FPGA, Address=0x3070
2013/07/22 13:47:06:237 [000928] TRACE [Prb.cpp, 1035] - ReadFPGAPacket(0x3070):01 00 0C 5F 82 00 02 30 70 B9 62 0D 
2013/07/22 13:47:06:237 [006276] TRACE [Prb.cpp, 835] - RxStream contents:01 00 0C 22 06 5F 00 01 00 77 EA 0D 
2013/07/22 13:47:06:238 [006276] TRACE [Prb.cpp, 943] - RadioBoardPacket(ACK):01 00 0C 22 06 5F 00 01 00 77 EA 0D 
2013/07/22 13:47:06:239 [000928] DEBUG [Prb.cpp, 512] - Read FPGA completed, Address=0x3070, Data=0x00
2013/07/22 13:47:06:239 [000928] DEBUG [ComSysDiagnostics.cpp, 31] - FPGA RSSI/AFC [Linking(valid frame)] linkedRSSI:61 linkedAFC:0 AFC:0
2013/07/22 13:47:06:250 [000928] TRACE [Prb.cpp, 493] - Reading FPGA, Address=0x3018
2013/07/22 13:47:06:251 [000928] TRACE [Prb.cpp, 1035] - ReadFPGAPacket(0x3018):01 00 0C 60 82 00 02 30 18 10 2D 0D 
2013/07/22 13:47:06:251 [006276] TRACE [Prb.cpp, 835] - RxStream contents:01 00 0C 24 06 60 00 01 3C EB 6D 0D 
2013/07/22 13:47:06:252 [006276] TRACE [Prb.cpp, 943] - RadioBoardPacket(ACK):01 00 0C 24 06 60 00 01 3C EB 6D 0D 
2013/07/22 13:47:06:253 [000928] DEBUG [Prb.cpp, 512] - Read FPGA completed, Address=0x3018, Data=0x3C
2013/07/22 13:47:06:253 [000928] TRACE [Prb.cpp, 493] - Reading FPGA, Address=0x301A
2013/07/22 13:47:06:254 [000928] TRACE [Prb.cpp, 1035] - ReadFPGAPacket(0x301A):01 00 0C 61 82 00 02 30 1A 68 21 0D 
2013/07/22 13:47:06:254 [006276] TRACE [Prb.cpp, 835] - RxStream contents:01 00 0C 25 06 61 00 01 00 87 E5 0D 
2013/07/22 13:47:06:255 [006276] TRACE [Prb.cpp, 943] - RadioBoardPacket(ACK):01 00 0C 25 06 61 00 01 00 87 E5 0D 
2013/07/22 13:47:06:256 [000928] DEBUG [Prb.cpp, 512] - Read FPGA completed, Address=0x301A, Data=0x00
2013/07/22 13:47:06:256 [000928] TRACE [Prb.cpp, 493] - Reading FPGA, Address=0x3070
2013/07/22 13:47:06:257 [000928] TRACE [Prb.cpp, 1035] - ReadFPGAPacket(0x3070):01 00 0C 62 82 00 02 30 70 E1 5D 0D 
2013/07/22 13:47:06:257 [006276] TRACE [Prb.cpp, 835] - RxStream contents:01 00 0C 26 06 62 00 01 00 33 E5 0D 
2013/07/22 13:47:06:258 [006276] TRACE [Prb.cpp, 943] - RadioBoardPacket(ACK):01 00 0C 26 06 62 00 01 00 33 E5 0D 
2013/07/22 13:47:06:258 [000928] DEBUG [Prb.cpp, 512] - Read FPGA completed, Address=0x3070, Data=0x00
2013/07/22 13:47:06:259 [000928] DEBUG [ComSysDiagnostics.cpp, 31] - FPGA RSSI/AFC [Linking(valid frame)] linkedRSSI:60 linkedAFC:0 AFC:0
2013/07/22 13:47:06:264 [000928] TRACE [Prb.cpp, 493] - Reading FPGA, Address=0x3018
2013/07/22 13:47:06:265 [000928] TRACE [Prb.cpp, 1035] - ReadFPGAPacket(0x3018):01 00 0C 63 82 00 02 30 18 98 2D 0D 
2013/07/22 13:47:06:265 [006276] TRACE [Prb.cpp, 835] - RxStream contents:01 00 0C 28 06 63 00 01 3C 77 62 0D 
2013/07/22 13:47:06:266 [006276] TRACE [Prb.cpp, 943] - RadioBoardPacket(ACK):01 00 0C 28 06 63 00 01 3C 77 62 0D 
2013/07/22 13:47:06:266 [000928] DEBUG [Prb.cpp, 512] - Read FPGA completed, Address=0x3018, Data=0x3C
2013/07/22 13:47:06:267 [000928] TRACE [Prb.cpp, 493] - Reading FPGA, Address=0x301A
2013/07/22 13:47:06:268 [000928] TRACE [Prb.cpp, 1035] - ReadFPGAPacket(0x301A):01 00 0C 64 82 00 02 30 1A 70 24 0D 
2013/07/22 13:47:06:268 [006276] TRACE [Prb.cpp, 835] - RxStream contents:01 00 0C 29 06 64 00 01 00 63 EA 0D 
2013/07/22 13:47:06:269 [006276] TRACE [Prb.cpp, 943] - RadioBoardPacket(ACK):01 00 0C 29 06 64 00 01 00 63 EA 0D 
2013/07/22 13:47:06:269 [000928] DEBUG [Prb.cpp, 512] - Read FPGA completed, Address=0x301A, Data=0x00
2013/07/22 13:47:06:270 [000928] TRACE [Prb.cpp, 493] - Reading FPGA, Address=0x3070
2013/07/22 13:47:06:270 [000928] TRACE [Prb.cpp, 1035] - ReadFPGAPacket(0x3070):01 00 0C 65 82 00 02 30 70 89 5B 0D 
2013/07/22 13:47:06:270 [006276] TRACE [Prb.cpp, 835] - RxStream contents:01 00 0C 2A 06 65 00 01 FF 7D EB 0D 
2013/07/22 13:47:06:271 [006276] TRACE [Prb.cpp, 943] - RadioBoardPacket(ACK):01 00 0C 2A 06 65 00 01 FF 7D EB 0D 
2013/07/22 13:47:06:272 [000928] DEBUG [Prb.cpp, 512] - Read FPGA completed, Address=0x3070, Data=0xFF
2013/07/22 13:47:06:272 [000928] DEBUG [ComSysDiagnostics.cpp, 31] - FPGA RSSI/AFC [Linking(valid frame)] linkedRSSI:60 linkedAFC:0 AFC:255
2013/07/22 13:47:06:278 [000928] TRACE [Prb.cpp, 493] - Reading FPGA, Address=0x3018
2013/07/22 13:47:06:278 [000928] TRACE [Prb.cpp, 1035] - ReadFPGAPacket(0x3018):01 00 0C 66 82 00 02 30 18 80 28 0D 
2013/07/22 13:47:06:278 [006276] TRACE [Prb.cpp, 835] - RxStream contents:01 00 0C 2C 06 66 00 01 3C D3 64 0D 
2013/07/22 13:47:06:280 [006276] TRACE [Prb.cpp, 943] - RadioBoardPacket(ACK):01 00 0C 2C 06 66 00 01 3C D3 64 0D 
2013/07/22 13:47:06:280 [000928] DEBUG [Prb.cpp, 512] - Read FPGA completed, Address=0x3018, Data=0x3C
2013/07/22 13:47:06:281 [000928] TRACE [Prb.cpp, 493] - Reading FPGA, Address=0x301A
2013/07/22 13:47:06:281 [000928] TRACE [Prb.cpp, 1035] - ReadFPGAPacket(0x301A):01 00 0C 67 82 00 02 30 1A F8 24 0D 
2013/07/22 13:47:06:281 [006276] TRACE [Prb.cpp, 835] - RxStream contents:01 00 0C 2D 06 67 00 01 00 BF EC 0D 
2013/07/22 13:47:06:282 [006276] TRACE [Prb.cpp, 943] - RadioBoardPacket(ACK):01 00 0C 2D 06 67 00 01 00 BF EC 0D 
2013/07/22 13:47:06:283 [000928] DEBUG [Prb.cpp, 512] - Read FPGA completed, Address=0x301A, Data=0x00
2013/07/22 13:47:06:284 [000928] TRACE [Prb.cpp, 493] - Reading FPGA, Address=0x3070
2013/07/22 13:47:06:284 [000928] TRACE [Prb.cpp, 1035] - ReadFPGAPacket(0x3070):01 00 0C 68 82 00 02 30 70 D1 57 0D 
2013/07/22 13:47:06:284 [006276] TRACE [Prb.cpp, 835] - RxStream contents:01 00 0C 2E 06 68 00 01 01 7B E9 0D 
2013/07/22 13:47:06:285 [006276] TRACE [Prb.cpp, 943] - RadioBoardPacket(ACK):01 00 0C 2E 06 68 00 01 01 7B E9 0D 
2013/07/22 13:47:06:286 [000928] DEBUG [Prb.cpp, 512] - Read FPGA completed, Address=0x3070, Data=0x01
2013/07/22 13:47:06:286 [000928] DEBUG [ComSysDiagnostics.cpp, 31] - FPGA RSSI/AFC [Linking(valid frame)] linkedRSSI:60 linkedAFC:0 AFC:1
2013/07/22 13:47:06:297 [000928] TRACE [Prb.cpp, 493] - Reading FPGA, Address=0x3018
2013/07/22 13:47:06:298 [000928] TRACE [Prb.cpp, 1035] - ReadFPGAPacket(0x3018):01 00 0C 69 82 00 02 30 18 A8 27 0D 
2013/07/22 13:47:06:298 [006276] TRACE [Prb.cpp, 835] - RxStream contents:01 00 0C 30 06 69 00 01 3F 3F 73 0D 
2013/07/22 13:47:06:299 [006276] TRACE [Prb.cpp, 943] - RadioBoardPacket(ACK):01 00 0C 30 06 69 00 01 3F 3F 73 0D 
2013/07/22 13:47:06:300 [000928] DEBUG [Prb.cpp, 512] - Read FPGA completed, Address=0x3018, Data=0x3F
2013/07/22 13:47:06:300 [000928] TRACE [Prb.cpp, 493] - Reading FPGA, Address=0x301A
2013/07/22 13:47:06:301 [000928] TRACE [Prb.cpp, 1035] - ReadFPGAPacket(0x301A):01 00 0C 6A 82 00 02 30 1A A0 28 0D 
2013/07/22 13:47:06:301 [006276] TRACE [Prb.cpp, 835] - RxStream contents:01 00 0C 31 06 6A 00 01 FF F9 F0 0D 
2013/07/22 13:47:06:302 [006276] TRACE [Prb.cpp, 943] - RadioBoardPacket(ACK):01 00 0C 31 06 6A 00 01 FF F9 F0 0D 
2013/07/22 13:47:06:302 [000928] DEBUG [Prb.cpp, 512] - Read FPGA completed, Address=0x301A, Data=0xFF
2013/07/22 13:47:06:303 [000928] TRACE [Prb.cpp, 493] - Reading FPGA, Address=0x3070
2013/07/22 13:47:06:304 [000928] TRACE [Prb.cpp, 1035] - ReadFPGAPacket(0x3070):01 00 0C 6B 82 00 02 30 70 59 57 0D 
2013/07/22 13:47:06:304 [006276] TRACE [Prb.cpp, 835] - RxStream contents:01 00 0C 32 06 6B 00 01 FF E5 F3 0D 
2013/07/22 13:47:06:305 [006276] TRACE [Prb.cpp, 943] - RadioBoardPacket(ACK):01 00 0C 32 06 6B 00 01 FF E5 F3 0D 
2013/07/22 13:47:06:305 [000928] DEBUG [Prb.cpp, 512] - Read FPGA completed, Address=0x3070, Data=0xFF
2013/07/22 13:47:06:306 [000928] DEBUG [ComSysDiagnostics.cpp, 31] - FPGA RSSI/AFC [Linking(valid frame)] linkedRSSI:63 linkedAFC:255 AFC:255
2013/07/22 13:47:06:311 [000928] TRACE [Prb.cpp, 493] - Reading FPGA, Address=0x3018
2013/07/22 13:47:06:311 [000928] TRACE [Prb.cpp, 1035] - ReadFPGAPacket(0x3018):01 00 0C 6C 82 00 02 30 18 B0 22 0D 
2013/07/22 13:47:06:312 [006276] TRACE [Prb.cpp, 835] - RxStream contents:01 00 0C 34 06 6C 00 01 3C 9B 7F 0D 
2013/07/22 13:47:06:313 [006276] TRACE [Prb.cpp, 943] - RadioBoardPacket(ACK):01 00 0C 34 06 6C 00 01 3C 9B 7F 0D 
2013/07/22 13:47:06:313 [000928] DEBUG [Prb.cpp, 512] - Read FPGA completed, Address=0x3018, Data=0x3C
2013/07/22 13:47:06:314 [000928] TRACE [Prb.cpp, 493] - Reading FPGA, Address=0x301A
2013/07/22 13:47:06:315 [000928] TRACE [Prb.cpp, 1035] - ReadFPGAPacket(0x301A):01 00 0C 6D 82 00 02 30 1A C8 2E 0D 
2013/07/22 13:47:06:315 [006276] TRACE [Prb.cpp, 835] - RxStream contents:01 00 0C 35 06 6D 00 01 00 F7 F7 0D 
2013/07/22 13:47:06:316 [006276] TRACE [Prb.cpp, 943] - RadioBoardPacket(ACK):01 00 0C 35 06 6D 00 01 00 F7 F7 0D 
2013/07/22 13:47:06:316 [000928] DEBUG [Prb.cpp, 512] - Read FPGA completed, Address=0x301A, Data=0x00
2013/07/22 13:47:06:317 [000928] TRACE [Prb.cpp, 493] - Reading FPGA, Address=0x3070
2013/07/22 13:47:06:318 [000928] TRACE [Prb.cpp, 1035] - ReadFPGAPacket(0x3070):01 00 0C 6E 82 00 02 30 70 41 52 0D 
2013/07/22 13:47:06:318 [006276] TRACE [Prb.cpp, 835] - RxStream contents:01 00 0C 36 06 6E 00 01 00 43 F7 0D 
2013/07/22 13:47:06:319 [006276] TRACE [Prb.cpp, 943] - RadioBoardPacket(ACK):01 00 0C 36 06 6E 00 01 00 43 F7 0D 
2013/07/22 13:47:06:319 [000928] DEBUG [Prb.cpp, 512] - Read FPGA completed, Address=0x3070, Data=0x00
2013/07/22 13:47:06:320 [000928] DEBUG [ComSysDiagnostics.cpp, 31] - FPGA RSSI/AFC [Linking(valid frame)] linkedRSSI:60 linkedAFC:0 AFC:0
2013/07/22 13:47:06:323 [006276] TRACE [Prb.cpp, 835] - RxStream contents:01 00 1F 37 00 00 00 14 04 7F 80 7F 7E 08 00 80 1C 00 94 00 00 00 00 00 
2013/07/22 13:47:06:325 [000928] TRACE [Prb.cpp, 493] - Reading FPGA, Address=0x3018
2013/07/22 13:47:06:325 [000928] TRACE [Prb.cpp, 1035] - ReadFPGAPacket(0x3018):01 00 0C 6F 82 00 02 30 18 38 22 0D 
2013/07/22 13:47:06:326 [006276] TRACE [Prb.cpp, 835] - RxStream contents:01 00 0C 38 06 6F 00 01 3C 07 70 0D 
2013/07/22 13:47:06:327 [006276] TRACE [Prb.cpp, 943] - RadioBoardPacket(ACK):01 00 0C 38 06 6F 00 01 3C 07 70 0D 
2013/07/22 13:47:06:327 [000928] DEBUG [Prb.cpp, 512] - Read FPGA completed, Address=0x3018, Data=0x3C
2013/07/22 13:47:06:328 [000928] TRACE [Prb.cpp, 493] - Reading FPGA, Address=0x301A
2013/07/22 13:47:06:329 [000928] TRACE [Prb.cpp, 1035] - ReadFPGAPacket(0x301A):01 00 0C 70 82 00 02 30 1A 10 30 0D 
2013/07/22 13:47:06:329 [006276] TRACE [Prb.cpp, 835] - RxStream contents:01 00 0C 39 06 70 00 01 02 F3 F2 0D 
2013/07/22 13:47:06:330 [006276] TRACE [Prb.cpp, 943] - RadioBoardPacket(ACK):01 00 0C 39 06 70 00 01 02 F3 F2 0D 
2013/07/22 13:47:06:330 [000928] DEBUG [Prb.cpp, 512] - Read FPGA completed, Address=0x301A, Data=0x02
2013/07/22 13:47:06:331 [000928] TRACE [Prb.cpp, 493] - Reading FPGA, Address=0x3070
2013/07/22 13:47:06:332 [000928] TRACE [Prb.cpp, 1035] - ReadFPGAPacket(0x3070):01 00 0C 71 82 00 02 30 70 E9 4F 0D 
2013/07/22 13:47:06:332 [006276] TRACE [Prb.cpp, 835] - RxStream contents:01 00 0C 3A 06 71 00 01 00 6F FE 0D 
2013/07/22 13:47:06:333 [006276] TRACE [Prb.cpp, 943] - RadioBoardPacket(ACK):01 00 0C 3A 06 71 00 01 00 6F FE 0D 
2013/07/22 13:47:06:333 [000928] DEBUG [Prb.cpp, 512] - Read FPGA completed, Address=0x3070, Data=0x00
2013/07/22 13:47:06:334 [000928] DEBUG [ComSysDiagnostics.cpp, 31] - FPGA RSSI/AFC [Linking(valid frame)] linkedRSSI:60 linkedAFC:2 AFC:0
2013/07/22 13:47:06:344 [000928] TRACE [Prb.cpp, 584] - Reading CC1020, Address=0x0004
2013/07/22 13:47:06:344 [000928] TRACE [Prb.cpp, 1035] - ReadCC1020Packet(0x04):01 00 0C 72 84 00 02 00 04 C1 67 0D 
2013/07/22 13:47:06:354 [006276] TRACE [Prb.cpp, 943] - RadioBoardPacket(ACK):01 00 0C 3C 06 72 00 01 35 C3 45 0D 
2013/07/22 13:47:06:355 [000928] DEBUG [Prb.cpp, 603] - Read CC1020 completed, Address=0x0004, Data=0x35
2013/07/22 13:47:06:355 [000928] TRACE [Prb.cpp, 584] - Reading CC1020, Address=0x0005
2013/07/22 13:47:06:356 [000928] TRACE [Prb.cpp, 1035] - ReadCC1020Packet(0x05):01 00 0C 73 84 00 02 00 05 B9 61 0D 
2013/07/22 13:47:06:370 [006276] TRACE [Prb.cpp, 943] - RadioBoardPacket(ACK):01 00 0C 3E 06 73 00 01 EF A5 9A 0D 
2013/07/22 13:47:06:370 [000928] DEBUG [Prb.cpp, 603] - Read CC1020 completed, Address=0x0005, Data=0xEF
2013/07/22 13:47:06:371 [000928] TRACE [Prb.cpp, 584] - Reading CC1020, Address=0x0006
2013/07/22 13:47:06:372 [000928] TRACE [Prb.cpp, 1035] - ReadCC1020Packet(0x06):01 00 0C 74 84 00 02 00 06 D1 6D 0D 
2013/07/22 13:47:06:385 [006276] TRACE [Prb.cpp, 943] - RadioBoardPacket(ACK):01 00 0C 40 06 74 00 01 B3 18 29 0D 
2013/07/22 13:47:06:386 [000928] DEBUG [Prb.cpp, 603] - Read CC1020 completed, Address=0x0006, Data=0xB3
2013/07/22 13:47:06:387 [000928] TRACE [Prb.cpp, 584] - Reading CC1020, Address=0x0008
2013/07/22 13:47:06:387 [000928] TRACE [Prb.cpp, 1035] - ReadCC1020Packet(0x08):01 00 0C 75 84 00 02 00 08 A9 49 0D 
2013/07/22 13:47:06:401 [006276] TRACE [Prb.cpp, 943] - RadioBoardPacket(ACK):01 00 0C 42 06 75 00 01 35 7F 3E 0D 
2013/07/22 13:47:06:402 [000928] DEBUG [Prb.cpp, 603] - Read CC1020 completed, Address=0x0008, Data=0x35
2013/07/22 13:47:06:402 [000928] TRACE [Prb.cpp, 584] - Reading CC1020, Address=0x0009
2013/07/22 13:47:06:403 [000928] TRACE [Prb.cpp, 1035] - ReadCC1020Packet(0x09):01 00 0C 76 84 00 02 00 09 A1 4C 0D 
2013/07/22 13:47:06:417 [006276] TRACE [Prb.cpp, 835] - RxStream contents:01 00 0C 44 06 76 00 01 FA D1 99 0D 
2013/07/22 13:47:06:417 [006276] TRACE [Prb.cpp, 943] - RadioBoardPacket(ACK):01 00 0C 44 06 76 00 01 FA D1 99 0D 
2013/07/22 13:47:06:418 [000928] DEBUG [Prb.cpp, 603] - Read CC1020 completed, Address=0x0009, Data=0xFA
2013/07/22 13:47:06:418 [000928] TRACE [Prb.cpp, 584] - Reading CC1020, Address=0x000A
2013/07/22 13:47:06:419 [000928] TRACE [Prb.cpp, 1035] - ReadCC1020Packet(0x0A):01 00 0C 77 84 00 02 00 0A 59 45 0D 
2013/07/22 13:47:06:432 [006276] TRACE [Prb.cpp, 943] - RadioBoardPacket(ACK):01 00 0C 46 06 77 00 01 5D B6 48 0D 
2013/07/22 13:47:06:433 [000928] DEBUG [Prb.cpp, 603] - Read CC1020 completed, Address=0x000A, Data=0x5D
2013/07/22 13:47:06:434 [000928] TRACE [Prb.cpp, 584] - Reading CC1020, Address=0x000F
2013/07/22 13:47:06:435 [000928] TRACE [Prb.cpp, 1035] - ReadCC1020Packet(0x0F):01 00 0C 78 84 00 02 00 0F 71 54 0D 
2013/07/22 13:47:06:448 [006276] TRACE [Prb.cpp, 835] - RxStream contents:01 00 0C 48 06 78 00 01 DF A9 48 0D 
2013/07/22 13:47:06:449 [006276] TRACE [Prb.cpp, 943] - RadioBoardPacket(ACK):01 00 0C 48 06 78 00 01 DF A9 48 0D 
2013/07/22 13:47:06:449 [000928] DEBUG [Prb.cpp, 603] - Read CC1020 completed, Address=0x000F, Data=0xDF
2013/07/22 13:47:06:450 [000928] TRACE [Prb.cpp, 584] - Reading CC1020, Address=0x0010
2013/07/22 13:47:06:451 [000928] TRACE [Prb.cpp, 1035] - ReadCC1020Packet(0x10):01 00 0C 79 84 00 02 00 10 09 16 0D 
2013/07/22 13:47:06:464 [006276] TRACE [Prb.cpp, 943] - RadioBoardPacket(ACK):01 00 0C 4A 06 79 00 01 22 CF 45 0D 
2013/07/22 13:47:06:464 [000928] DEBUG [Prb.cpp, 603] - Read CC1020 completed, Address=0x0010, Data=0x22
2013/07/22 13:47:06:465 [000928] TRACE [Prb.cpp, 584] - Reading CC1020, Address=0x0013
2013/07/22 13:47:06:466 [000928] TRACE [Prb.cpp, 1035] - ReadCC1020Packet(0x13):01 00 0C 7A 84 00 02 00 13 81 1C 0D 
2013/07/22 13:47:06:479 [006276] TRACE [Prb.cpp, 943] - RadioBoardPacket(ACK):01 00 0C 4C 06 7A 00 01 2F E3 6D 0D 
2013/07/22 13:47:06:480 [000928] DEBUG [Prb.cpp, 603] - Read CC1020 completed, Address=0x0013, Data=0x2F
2013/07/22 13:47:06:481 [000928] TRACE [Prb.cpp, 584] - Reading CC1020, Address=0x0014
2013/07/22 13:47:06:481 [000928] TRACE [Prb.cpp, 1035] - ReadCC1020Packet(0x14):01 00 0C 7B 84 00 02 00 14 F9 0E 0D 
2013/07/22 13:47:06:495 [006276] TRACE [Prb.cpp, 835] - RxStream contents:01 00 0C 4E 06 7B 00 01 2F 07 6D 0D 01 
2013/07/22 13:47:06:496 [006276] TRACE [Prb.cpp, 943] - RadioBoardPacket(ACK):01 00 0C 4E 06 7B 00 01 2F 07 6D 0D 
2013/07/22 13:47:06:496 [000928] DEBUG [Prb.cpp, 603] - Read CC1020 completed, Address=0x0014, Data=0x2F
2013/07/22 13:47:06:497 [000928] TRACE [Prb.cpp, 584] - Reading CC1020, Address=0x0043
2013/07/22 13:47:06:498 [000928] TRACE [Prb.cpp, 1035] - ReadCC1020Packet(0x43):01 00 0C 7C 84 00 02 00 43 10 F9 0D 
2013/07/22 13:47:06:511 [006276] TRACE [Prb.cpp, 943] - RadioBoardPacket(ACK):01 00 0C 50 06 7C 00 01 00 3B 91 0D 
2013/07/22 13:47:06:511 [000928] DEBUG [Prb.cpp, 603] - Read CC1020 completed, Address=0x0043, Data=0x00
2013/07/22 13:47:06:512 [000928] DEBUG [ComSysDiagnostics.cpp, 63] - CC1020 [Link complete] FREQ_2A: 0x35 FREQ_1A: 0xef FREQ_0A: 0xb3
2013/07/22 13:47:06:513 [000928] DEBUG [ComSysDiagnostics.cpp, 67] - CC1020 [Link complete] FREQ_2B: 0x35 FREQ_1B: 0xfa FREQ_0B: 0x5d
2013/07/22 13:47:06:513 [000928] DEBUG [ComSysDiagnostics.cpp, 72] - CC1020 [Link complete] AFC_CONTROL: 0xdf FILTER: 0x22 VGA3: 0x2f VGA4: 0x2f AFC: 0x00
2013/07/22 13:47:06:514 [000928] TRACE [Prb.cpp, 493] - Reading FPGA, Address=0x3018
2013/07/22 13:47:06:514 [000928] TRACE [Prb.cpp, 1035] - ReadFPGAPacket(0x3018):01 00 0C 7D 82 00 02 30 18 C8 33 0D 
2013/07/22 13:47:06:514 [006276] TRACE [Prb.cpp, 835] - RxStream contents:01 00 0C 52 06 7D 00 01 3B 5F 08 0D 
2013/07/22 13:47:06:516 [006276] TRACE [Prb.cpp, 943] - RadioBoardPacket(ACK):01 00 0C 52 06 7D 00 01 3B 5F 08 0D 
2013/07/22 13:47:06:516 [000928] DEBUG [Prb.cpp, 512] - Read FPGA completed, Address=0x3018, Data=0x3B
2013/07/22 13:47:06:517 [000928] TRACE [Prb.cpp, 493] - Reading FPGA, Address=0x301A
2013/07/22 13:47:06:517 [000928] TRACE [Prb.cpp, 1035] - ReadFPGAPacket(0x301A):01 00 0C 7E 82 00 02 30 1A C0 3C 0D 
2013/07/22 13:47:06:517 [006276] TRACE [Prb.cpp, 835] - RxStream contents:01 00 0C 53 06 7E 00 01 01 9B 97 0D 
2013/07/22 13:47:06:518 [006276] TRACE [Prb.cpp, 943] - RadioBoardPacket(ACK):01 00 0C 53 06 7E 00 01 01 9B 97 0D 
2013/07/22 13:47:06:519 [000928] DEBUG [Prb.cpp, 512] - Read FPGA completed, Address=0x301A, Data=0x01
2013/07/22 13:47:06:519 [000928] TRACE [Prb.cpp, 493] - Reading FPGA, Address=0x3070
2013/07/22 13:47:06:520 [000928] TRACE [Prb.cpp, 1035] - ReadFPGAPacket(0x3070):01 00 0C 7F 82 00 02 30 70 39 43 0D 
2013/07/22 13:47:06:520 [006276] TRACE [Prb.cpp, 835] - RxStream contents:01 00 0C 54 06 7F 00 01 00 E7 97 0D 
2013/07/22 13:47:06:521 [006276] TRACE [Prb.cpp, 943] - RadioBoardPacket(ACK):01 00 0C 54 06 7F 00 01 00 E7 97 0D 
2013/07/22 13:47:06:522 [000928] DEBUG [Prb.cpp, 512] - Read FPGA completed, Address=0x3070, Data=0x00
2013/07/22 13:47:06:522 [000928] DEBUG [ComSysDiagnostics.cpp, 31] - FPGA RSSI/AFC [Link complete] linkedRSSI:59 linkedAFC:1 AFC:0
2013/07/22 13:47:06:523 [000928] INFO [ComSysDiagnostics.cpp, 79] - Status Counters [Link complete] FrameErrorsInLastSecond:1 EcgErrorsInLastSecond:0 MarkerOrImplantIdErrorsInLastSecond:0 TotalFrameErrors:1 TotalEcgErrors:0 TotalMarkerOrImplantIdErrors:0 TotalSentCommands:0 TotalGoodResponses:0 TotalBadResponses:0 TotalResponseTimeouts:0
2013/07/22 13:47:06:524 [000928] TRACE [Prb.cpp, 493] - Reading FPGA, Address=0x301C
2013/07/22 13:47:06:525 [000928] TRACE [Prb.cpp, 1035] - ReadFPGAPacket(0x301C):01 00 0C 80 82 00 02 30 1C 10 DB 0D 
2013/07/22 13:47:06:525 [006276] TRACE [Prb.cpp, 835] - RxStream contents:01 00 0C 55 06 80 00 01 01 93 B9 0D 
2013/07/22 13:47:06:526 [006276] TRACE [Prb.cpp, 943] - RadioBoardPacket(ACK):01 00 0C 55 06 80 00 01 01 93 B9 0D 
2013/07/22 13:47:06:526 [000928] DEBUG [Prb.cpp, 512] - Read FPGA completed, Address=0x301C, Data=0x01
2013/07/22 13:47:06:527 [000928] DEBUG [ComSysDiagnostics.cpp, 89] - FPGA Frame Error Counter [Link complete]:1
2013/07/22 13:47:06:528 [000928] INFO [CrossTalkDetector.cpp, 68] - CrossTalkDetector state changing from LinkingState to LinkedState
2013/07/22 13:47:06:529 [000928] INFO [CommunicationSystemStates.cpp, 221] - Link complete.
2013/07/22 13:47:06:543 [002724] INFO 0x801C0094 [CommunicationSystemStateMachine.cpp, 237] - Command: 0x82. Retries: 3. Timeout: 78 ms.
2013/07/22 13:47:06:547 [002724] INFO 0x801C0094 [CommunicationSystemStateMachine.cpp, 252] - Send Command:82 04 F5 6C 17 08 
2013/07/22 13:47:06:548 [002724] TRACE 0x801C0094 [Prb.cpp, 493] - Reading FPGA, Address=0x3018
2013/07/22 13:47:06:548 [002724] TRACE 0x801C0094 [Prb.cpp, 1035] - ReadFPGAPacket(0x3018):01 00 0C 81 82 00 02 30 18 68 C3 0D 
2013/07/22 13:47:06:548 [006276] TRACE 0x801C0094 [Prb.cpp, 835] - RxStream contents:01 00 0C 58 06 81 00 01 3C DF 3B 0D 
2013/07/22 13:47:06:549 [006276] TRACE 0x801C0094 [Prb.cpp, 943] - RadioBoardPacket(ACK):01 00 0C 58 06 81 00 01 3C DF 3B 0D 
2013/07/22 13:47:06:550 [002724] DEBUG 0x801C0094 [Prb.cpp, 512] - Read FPGA completed, Address=0x3018, Data=0x3C
2013/07/22 13:47:06:551 [002724] TRACE 0x801C0094 [Prb.cpp, 493] - Reading FPGA, Address=0x301A
2013/07/22 13:47:06:551 [002724] TRACE 0x801C0094 [Prb.cpp, 1035] - ReadFPGAPacket(0x301A):01 00 0C 82 82 00 02 30 1A 60 CC 0D 
2013/07/22 13:47:06:551 [006276] TRACE 0x801C0094 [Prb.cpp, 835] - RxStream contents:01 00 0C 59 06 82 00 01 01 9B B5 0D 
2013/07/22 13:47:06:552 [006276] TRACE 0x801C0094 [Prb.cpp, 943] - RadioBoardPacket(ACK):01 00 0C 59 06 82 00 01 01 9B B5 0D 
2013/07/22 13:47:06:553 [002724] DEBUG 0x801C0094 [Prb.cpp, 512] - Read FPGA completed, Address=0x301A, Data=0x01
2013/07/22 13:47:06:553 [002724] TRACE 0x801C0094 [Prb.cpp, 493] - Reading FPGA, Address=0x3070
2013/07/22 13:47:06:554 [002724] TRACE 0x801C0094 [Prb.cpp, 1035] - ReadFPGAPacket(0x3070):01 00 0C 83 82 00 02 30 70 99 B3 0D 
2013/07/22 13:47:06:554 [006276] TRACE 0x801C0094 [Prb.cpp, 835] - RxStream contents:01 00 0C 5A 06 83 00 01 FF 05 B1 0D 
2013/07/22 13:47:06:555 [006276] TRACE 0x801C0094 [Prb.cpp, 943] - RadioBoardPacket(ACK):01 00 0C 5A 06 83 00 01 FF 05 B1 0D 
2013/07/22 13:47:06:556 [002724] DEBUG 0x801C0094 [Prb.cpp, 512] - Read FPGA completed, Address=0x3070, Data=0xFF
2013/07/22 13:47:06:556 [002724] DEBUG 0x801C0094 [ComSysDiagnostics.cpp, 31] - FPGA RSSI/AFC [Send Command] linkedRSSI:60 linkedAFC:1 AFC:255
2013/07/22 13:47:06:557 [002724] TRACE 0x801C0094 [Prb.cpp, 383] - Send Command, Command=0x82
2013/07/22 13:47:06:557 [002724] TRACE 0x801C0094 [Prb.cpp, 1035] - WriteTransmitterPacket():01 00 10 84 87 00 06 82 04 F5 6C 17 08 7B B9 0D 
2013/07/22 13:47:06:557 [006276] TRACE 0x801C0094 [Prb.cpp, 835] - RxStream contents:01 00 0B 5B 06 84 00 00 20 92 0D 
2013/07/22 13:47:06:558 [006276] TRACE 0x801C0094 [Prb.cpp, 943] - RadioBoardPacket(ACK):01 00 0B 5B 06 84 00 00 20 92 0D 
2013/07/22 13:47:06:559 [002724] DEBUG 0x801C0094 [Prb.cpp, 402] - Send Command completed, Command=0x82
2013/07/22 13:47:06:599 [000928] INFO 0x801C0094 [CommunicationSystemStateMachine.cpp, 773] - Command Completed:82 B0 E6 9C A3 FE FF 98 
2013/07/22 13:47:06:600 [000928] DEBUG 0x801C0094 [CommunicationSystemStateMachine.cpp, 330] - ... after 15 frames.
2013/07/22 13:47:06:611 [002724] INFO 0x801C0094 [CommunicationSystemStateMachine.cpp, 237] - Command: 0x60. Retries: 3. Timeout: 500 ms.
2013/07/22 13:47:06:611 [002724] INFO 0x801C0094 [CommunicationSystemStateMachine.cpp, 252] - Send Command:70 04 00 1E C0 
2013/07/22 13:47:06:612 [002724] TRACE 0x801C0094 [Prb.cpp, 493] - Reading FPGA, Address=0x3018
2013/07/22 13:47:06:613 [002724] TRACE 0x801C0094 [Prb.cpp, 1035] - ReadFPGAPacket(0x3018):01 00 0C 85 82 00 02 30 18 88 C5 0D 
2013/07/22 13:47:06:613 [006276] TRACE 0x801C0094 [Prb.cpp, 835] - RxStream contents:01 00 0C 60 06 85 00 01 3C 4F 02 0D 
2013/07/22 13:47:06:614 [006276] TRACE 0x801C0094 [Prb.cpp, 943] - RadioBoardPacket(ACK):01 00 0C 60 06 85 00 01 3C 4F 02 0D 
2013/07/22 13:47:06:615 [002724] DEBUG 0x801C0094 [Prb.cpp, 512] - Read FPGA completed, Address=0x3018, Data=0x3C
2013/07/22 13:47:06:615 [002724] TRACE 0x801C0094 [Prb.cpp, 493] - Reading FPGA, Address=0x301A
2013/07/22 13:47:06:616 [002724] TRACE 0x801C0094 [Prb.cpp, 1035] - ReadFPGAPacket(0x301A):01 00 0C 86 82 00 02 30 1A 80 CA 0D 
2013/07/22 13:47:06:616 [006276] TRACE 0x801C0094 [Prb.cpp, 835] - RxStream contents:01 00 0C 61 06 86 00 01 00 8B 89 0D 
2013/07/22 13:47:06:617 [006276] TRACE 0x801C0094 [Prb.cpp, 943] - RadioBoardPacket(ACK):01 00 0C 61 06 86 00 01 00 8B 89 0D 
2013/07/22 13:47:06:617 [002724] DEBUG 0x801C0094 [Prb.cpp, 512] - Read FPGA completed, Address=0x301A, Data=0x00
2013/07/22 13:47:06:618 [002724] TRACE 0x801C0094 [Prb.cpp, 493] - Reading FPGA, Address=0x3070
2013/07/22 13:47:06:619 [002724] TRACE 0x801C0094 [Prb.cpp, 1035] - ReadFPGAPacket(0x3070):01 00 0C 87 82 00 02 30 70 79 B5 0D 
2013/07/22 13:47:06:619 [006276] TRACE 0x801C0094 [Prb.cpp, 835] - RxStream contents:01 00 0C 62 06 87 00 01 00 97 8A 0D 
2013/07/22 13:47:06:620 [006276] TRACE 0x801C0094 [Prb.cpp, 943] - RadioBoardPacket(ACK):01 00 0C 62 06 87 00 01 00 97 8A 0D 
2013/07/22 13:47:06:620 [002724] DEBUG 0x801C0094 [Prb.cpp, 512] - Read FPGA completed, Address=0x3070, Data=0x00
2013/07/22 13:47:06:621 [002724] DEBUG 0x801C0094 [ComSysDiagnostics.cpp, 31] - FPGA RSSI/AFC [Send Command] linkedRSSI:60 linkedAFC:0 AFC:0
2013/07/22 13:47:06:621 [002724] TRACE 0x801C0094 [Prb.cpp, 383] - Send Command, Command=0x70
2013/07/22 13:47:06:622 [002724] TRACE 0x801C0094 [Prb.cpp, 1035] - WriteTransmitterPacket():01 00 0F 88 87 00 05 70 04 00 1E C0 48 ED 0D 
2013/07/22 13:47:06:622 [006276] TRACE 0x801C0094 [Prb.cpp, 835] - RxStream contents:01 00 0B 64 06 88 00 00 2A 4A 0D 
2013/07/22 13:47:06:623 [006276] TRACE 0x801C0094 [Prb.cpp, 943] - RadioBoardPacket(ACK):01 00 0B 64 06 88 00 00 2A 4A 0D 
2013/07/22 13:47:06:624 [002724] DEBUG 0x801C0094 [Prb.cpp, 402] - Send Command completed, Command=0x70
2013/07/22 13:47:06:639 [000928] INFO 0x801C0094 [CommunicationSystem.cpp, 360] - Marker:9D 00 40 F5 36 
2013/07/22 13:47:06:655 [000928] INFO 0x801C0094 [CommunicationSystemStateMachine.cpp, 773] - Command Completed:70 82 80 1C 00 94 3E 73 
2013/07/22 13:47:06:655 [000928] DEBUG 0x801C0094 [CommunicationSystemStateMachine.cpp, 330] - ... after 2 frames.
2013/07/22 13:47:06:656 [000928] INFO 0x801C0094 [CommunicationSystemStateMachine.cpp, 237] - Command: 0x82. Retries: 3. Timeout: 78 ms.
2013/07/22 13:47:06:657 [000928] INFO 0x801C0094 [CommunicationSystemStateMachine.cpp, 252] - Send Command:82 04 F5 6C 17 08 
2013/07/22 13:47:06:657 [000928] TRACE 0x801C0094 [Prb.cpp, 493] - Reading FPGA, Address=0x3018
2013/07/22 13:47:06:658 [000928] TRACE 0x801C0094 [Prb.cpp, 1035] - ReadFPGAPacket(0x3018):01 00 0C 89 82 00 02 30 18 28 CA 0D 
2013/07/22 13:47:06:658 [006276] TRACE 0x801C0094 [Prb.cpp, 835] - RxStream contents:01 00 0C 67 06 89 00 01 3D 57 01 0D 
2013/07/22 13:47:06:659 [006276] TRACE 0x801C0094 [Prb.cpp, 943] - RadioBoardPacket(ACK):01 00 0C 67 06 89 00 01 3D 57 01 0D 
2013/07/22 13:47:06:659 [000928] DEBUG 0x801C0094 [Prb.cpp, 512] - Read FPGA completed, Address=0x3018, Data=0x3D
2013/07/22 13:47:06:660 [000928] TRACE 0x801C0094 [Prb.cpp, 493] - Reading FPGA, Address=0x301A
2013/07/22 13:47:06:661 [006276] TRACE 0x801C0094 [Prb.cpp, 835] - RxStream contents:01 00 0C 68 06 8A 00 01 01 43 86 0D 
2013/07/22 13:47:06:661 [000928] TRACE 0x801C0094 [Prb.cpp, 1035] - ReadFPGAPacket(0x301A):01 00 0C 8A 82 00 02 30 1A 20 C5 0D 
2013/07/22 13:47:06:661 [006276] TRACE 0x801C0094 [Prb.cpp, 943] - RadioBoardPacket(ACK):01 00 0C 68 06 8A 00 01 01 43 86 0D 
2013/07/22 13:47:06:662 [000928] DEBUG 0x801C0094 [Prb.cpp, 512] - Read FPGA completed, Address=0x301A, Data=0x01
2013/07/22 13:47:06:663 [000928] TRACE 0x801C0094 [Prb.cpp, 493] - Reading FPGA, Address=0x3070
2013/07/22 13:47:06:665 [000928] TRACE 0x801C0094 [Prb.cpp, 1035] - ReadFPGAPacket(0x3070):01 00 0C 8B 82 00 02 30 70 D9 BA 0D 
2013/07/22 13:47:06:665 [006276] TRACE 0x801C0094 [Prb.cpp, 835] - RxStream contents:01 00 0C 69 06 8B 00 01 00 AF 83 0D 
2013/07/22 13:47:06:666 [006276] TRACE 0x801C0094 [Prb.cpp, 943] - RadioBoardPacket(ACK):01 00 0C 69 06 8B 00 01 00 AF 83 0D 
2013/07/22 13:47:06:667 [000928] DEBUG 0x801C0094 [Prb.cpp, 512] - Read FPGA completed, Address=0x3070, Data=0x00
2013/07/22 13:47:06:668 [000928] DEBUG 0x801C0094 [ComSysDiagnostics.cpp, 31] - FPGA RSSI/AFC [Send Command] linkedRSSI:61 linkedAFC:1 AFC:0
2013/07/22 13:47:06:668 [000928] TRACE 0x801C0094 [Prb.cpp, 383] - Send Command, Command=0x82
2013/07/22 13:47:06:669 [000928] TRACE 0x801C0094 [Prb.cpp, 1035] - WriteTransmitterPacket():01 00 10 8C 87 00 06 82 04 F5 6C 17 08 FB 10 0D 
2013/07/22 13:47:06:669 [006276] TRACE 0x801C0094 [Prb.cpp, 835] - RxStream contents:01 00 0B 6B 06 8C 00 00 A8 B1 0D 
2013/07/22 13:47:06:670 [006276] TRACE 0x801C0094 [Prb.cpp, 943] - RadioBoardPacket(ACK):01 00 0B 6B 06 8C 00 00 A8 B1 0D 
2013/07/22 13:47:06:670 [000928] DEBUG 0x801C0094 [Prb.cpp, 402] - Send Command completed, Command=0x82
2013/07/22 13:47:06:716 [000928] INFO 0x801C0094 [CommunicationSystemStateMachine.cpp, 773] - Command Completed:82 B0 E6 9C A3 FE FF 98 
2013/07/22 13:47:06:716 [000928] DEBUG 0x801C0094 [CommunicationSystemStateMachine.cpp, 330] - ... after 4 frames.
2013/07/22 13:47:06:717 [000928] INFO 0x801C0094 [CommunicationSystemStateMachine.cpp, 237] - Command: 0xe4. Retries: 3. Timeout: 500 ms.
2013/07/22 13:47:06:718 [000928] INFO 0x801C0094 [CommunicationSystemStateMachine.cpp, 252] - Send Command:F4 82 3B 
2013/07/22 13:47:06:718 [000928] TRACE 0x801C0094 [Prb.cpp, 493] - Reading FPGA, Address=0x3018
2013/07/22 13:47:06:719 [000928] TRACE 0x801C0094 [Prb.cpp, 1035] - ReadFPGAPacket(0x3018):01 00 0C 8D 82 00 02 30 18 C8 CC 0D 
2013/07/22 13:47:06:719 [006276] TRACE 0x801C0094 [Prb.cpp, 835] - RxStream contents:01 00 0C 6F 06 8D 00 01 3E C7 01 0D 
2013/07/22 13:47:06:720 [006276] TRACE 0x801C0094 [Prb.cpp, 943] - RadioBoardPacket(ACK):01 00 0C 6F 06 8D 00 01 3E C7 01 0D 
2013/07/22 13:47:06:720 [000928] DEBUG 0x801C0094 [Prb.cpp, 512] - Read FPGA completed, Address=0x3018, Data=0x3E
2013/07/22 13:47:06:721 [000928] TRACE 0x801C0094 [Prb.cpp, 493] - Reading FPGA, Address=0x301A
2013/07/22 13:47:06:722 [000928] TRACE 0x801C0094 [Prb.cpp, 1035] - ReadFPGAPacket(0x301A):01 00 0C 8E 82 00 02 30 1A C0 C3 0D 
2013/07/22 13:47:06:722 [006276] TRACE 0x801C0094 [Prb.cpp, 835] - RxStream contents:01 00 0C 70 06 8E 00 01 00 D3 9B 0D 
2013/07/22 13:47:06:723 [006276] TRACE 0x801C0094 [Prb.cpp, 943] - RadioBoardPacket(ACK):01 00 0C 70 06 8E 00 01 00 D3 9B 0D 
2013/07/22 13:47:06:723 [000928] DEBUG 0x801C0094 [Prb.cpp, 512] - Read FPGA completed, Address=0x301A, Data=0x00
2013/07/22 13:47:06:724 [000928] TRACE 0x801C0094 [Prb.cpp, 493] - Reading FPGA, Address=0x3070
2013/07/22 13:47:06:724 [000928] TRACE 0x801C0094 [Prb.cpp, 1035] - ReadFPGAPacket(0x3070):01 00 0C 8F 82 00 02 30 70 39 BC 0D 
2013/07/22 13:47:06:724 [006276] TRACE 0x801C0094 [Prb.cpp, 835] - RxStream contents:01 00 0C 71 06 8F 00 01 00 BF 9B 0D 
2013/07/22 13:47:06:725 [006276] TRACE 0x801C0094 [Prb.cpp, 943] - RadioBoardPacket(ACK):01 00 0C 71 06 8F 00 01 00 BF 9B 0D 
2013/07/22 13:47:06:726 [000928] DEBUG 0x801C0094 [Prb.cpp, 512] - Read FPGA completed, Address=0x3070, Data=0x00
2013/07/22 13:47:06:726 [000928] DEBUG 0x801C0094 [ComSysDiagnostics.cpp, 31] - FPGA RSSI/AFC [Send Command] linkedRSSI:62 linkedAFC:0 AFC:0
2013/07/22 13:47:06:727 [000928] TRACE 0x801C0094 [Prb.cpp, 383] - Send Command, Command=0xf4
2013/07/22 13:47:06:728 [000928] TRACE 0x801C0094 [Prb.cpp, 1035] - WriteTransmitterPacket():01 00 0D 90 87 00 03 F4 82 3B 9D A3 0D 
2013/07/22 13:47:06:728 [006276] TRACE 0x801C0094 [Prb.cpp, 835] - RxStream contents:01 00 0B 72 06 90 00 00 AD 39 0D 
2013/07/22 13:47:06:729 [006276] TRACE 0x801C0094 [Prb.cpp, 943] - RadioBoardPacket(ACK):01 00 0B 72 06 90 00 00 AD 39 0D 
2013/07/22 13:47:06:729 [000928] DEBUG 0x801C0094 [Prb.cpp, 402] - Send Command completed, Command=0xf4
2013/07/22 13:47:06:985 [000928] INFO 0x801C0094 [CommunicationSystem.cpp, 360] - Marker:95 10 80 22 E2 
2013/07/22 13:47:07:016 [000928] INFO 0x801C0094 [CommunicationSystem.cpp, 360] - Marker:8C 80 F3 22 17 
2013/07/22 13:47:07:245 [002724] INFO 0x801C0094 [CommunicationSystem.cpp, 780] - Number of frames received since the command was sent: 34
2013/07/22 13:47:07:246 [002724] INFO 0x801C0094 [CommunicationSystemStates.cpp, 503] - Break link failed: timer expired.
2013/07/22 13:47:07:247 [002724] INFO 0x801C0094 [ComSysDiagnostics.cpp, 79] - Status Counters [Command retry] FrameErrorsInLastSecond:0 EcgErrorsInLastSecond:0 MarkerOrImplantIdErrorsInLastSecond:0 TotalFrameErrors:1 TotalEcgErrors:0 TotalMarkerOrImplantIdErrors:0 TotalSentCommands:4 TotalGoodResponses:3 TotalBadResponses:0 TotalResponseTimeouts:1
2013/07/22 13:47:07:247 [002724] TRACE 0x801C0094 [Prb.cpp, 493] - Reading FPGA, Address=0x301C
2013/07/22 13:47:07:248 [002724] TRACE 0x801C0094 [Prb.cpp, 1035] - ReadFPGAPacket(0x301C):01 00 0C 91 82 00 02 30 1C 68 CA 0D 
2013/07/22 13:47:07:248 [006276] TRACE 0x801C0094 [Prb.cpp, 835] - RxStream contents:01 00 0C 95 06 91 00 01 01 47 70 0D 
2013/07/22 13:47:07:249 [006276] TRACE 0x801C0094 [Prb.cpp, 943] - RadioBoardPacket(ACK):01 00 0C 95 06 91 00 01 01 47 70 0D 
2013/07/22 13:47:07:250 [002724] DEBUG 0x801C0094 [Prb.cpp, 512] - Read FPGA completed, Address=0x301C, Data=0x01
2013/07/22 13:47:07:251 [002724] DEBUG 0x801C0094 [ComSysDiagnostics.cpp, 89] - FPGA Frame Error Counter [Command retry]:1
2013/07/22 13:47:07:251 [002724] INFO 0x801C0094 [CommunicationSystemStateMachine.cpp, 252] - Send Command:E4 02 58 
2013/07/22 13:47:07:252 [002724] TRACE 0x801C0094 [Prb.cpp, 493] - Reading FPGA, Address=0x3018
2013/07/22 13:47:07:252 [002724] TRACE 0x801C0094 [Prb.cpp, 1035] - ReadFPGAPacket(0x3018):01 00 0C 92 82 00 02 30 18 60 D1 0D 
2013/07/22 13:47:07:252 [006276] TRACE 0x801C0094 [Prb.cpp, 835] - RxStream contents:01 00 0C 96 06 92 00 01 3C 73 FD 0D 
2013/07/22 13:47:07:253 [006276] TRACE 0x801C0094 [Prb.cpp, 943] - RadioBoardPacket(ACK):01 00 0C 96 06 92 00 01 3C 73 FD 0D 
2013/07/22 13:47:07:254 [002724] DEBUG 0x801C0094 [Prb.cpp, 512] - Read FPGA completed, Address=0x3018, Data=0x3C
2013/07/22 13:47:07:254 [002724] TRACE 0x801C0094 [Prb.cpp, 493] - Reading FPGA, Address=0x301A
2013/07/22 13:47:07:255 [002724] TRACE 0x801C0094 [Prb.cpp, 1035] - ReadFPGAPacket(0x301A):01 00 0C 93 82 00 02 30 1A 18 DD 0D 
2013/07/22 13:47:07:255 [006276] TRACE 0x801C0094 [Prb.cpp, 835] - RxStream contents:01 00 0C 97 06 93 00 01 00 1F 75 0D 
2013/07/22 13:47:07:256 [006276] TRACE 0x801C0094 [Prb.cpp, 943] - RadioBoardPacket(ACK):01 00 0C 97 06 93 00 01 00 1F 75 0D 
2013/07/22 13:47:07:257 [002724] DEBUG 0x801C0094 [Prb.cpp, 512] - Read FPGA completed, Address=0x301A, Data=0x00
2013/07/22 13:47:07:257 [002724] TRACE 0x801C0094 [Prb.cpp, 493] - Reading FPGA, Address=0x3070
2013/07/22 13:47:07:258 [002724] TRACE 0x801C0094 [Prb.cpp, 1035] - ReadFPGAPacket(0x3070):01 00 0C 94 82 00 02 30 70 71 A7 0D 
2013/07/22 13:47:07:258 [006276] TRACE 0x801C0094 [Prb.cpp, 835] - RxStream contents:01 00 0C 98 06 94 00 01 00 DB 79 0D 
2013/07/22 13:47:07:259 [006276] TRACE 0x801C0094 [Prb.cpp, 943] - RadioBoardPacket(ACK):01 00 0C 98 06 94 00 01 00 DB 79 0D 
2013/07/22 13:47:07:260 [002724] DEBUG 0x801C0094 [Prb.cpp, 512] - Read FPGA completed, Address=0x3070, Data=0x00
2013/07/22 13:47:07:260 [002724] DEBUG 0x801C0094 [ComSysDiagnostics.cpp, 31] - FPGA RSSI/AFC [Send Command] linkedRSSI:60 linkedAFC:0 AFC:0
2013/07/22 13:47:07:261 [002724] TRACE 0x801C0094 [Prb.cpp, 383] - Send Command, Command=0xe4
2013/07/22 13:47:07:261 [002724] TRACE 0x801C0094 [Prb.cpp, 1035] - WriteTransmitterPacket():01 00 0D 95 87 00 03 E4 02 58 98 F3 0D 
2013/07/22 13:47:07:261 [006276] TRACE 0x801C0094 [Prb.cpp, 835] - RxStream contents:01 00 0B 99 06 95 00 00 83 35 0D 
2013/07/22 13:47:07:262 [006276] TRACE 0x801C0094 [Prb.cpp, 943] - RadioBoardPacket(ACK):01 00 0B 99 06 95 00 00 83 35 0D 
2013/07/22 13:47:07:263 [002724] DEBUG 0x801C0094 [Prb.cpp, 402] - Send Command completed, Command=0xe4
2013/07/22 13:47:07:404 [000928] INFO 0x801C0094 [ComSysDiagnostics.cpp, 79] - Status Counters [Link lost] FrameErrorsInLastSecond:8 EcgErrorsInLastSecond:0 MarkerOrImplantIdErrorsInLastSecond:0 TotalFrameErrors:9 TotalEcgErrors:0 TotalMarkerOrImplantIdErrors:0 TotalSentCommands:5 TotalGoodResponses:3 TotalBadResponses:0 TotalResponseTimeouts:1
2013/07/22 13:47:07:405 [000928] TRACE 0x801C0094 [Prb.cpp, 493] - Reading FPGA, Address=0x301C
2013/07/22 13:47:07:405 [000928] TRACE 0x801C0094 [Prb.cpp, 1035] - ReadFPGAPacket(0x301C):01 00 0C 96 82 00 02 30 1C 00 CC 0D 
2013/07/22 13:47:07:405 [006276] TRACE 0x801C0094 [Prb.cpp, 835] - RxStream contents:01 00 0C A4 06 96 00 01 0A D3 7A 0D 
2013/07/22 13:47:07:407 [006276] TRACE 0x801C0094 [Prb.cpp, 943] - RadioBoardPacket(ACK):01 00 0C A4 06 96 00 01 0A D3 7A 0D 
2013/07/22 13:47:07:407 [000928] DEBUG 0x801C0094 [Prb.cpp, 512] - Read FPGA completed, Address=0x301C, Data=0x0A
2013/07/22 13:47:07:408 [000928] DEBUG 0x801C0094 [ComSysDiagnostics.cpp, 89] - FPGA Frame Error Counter [Link lost]:10
2013/07/22 13:47:07:409 [000928] INFO 0x801C0094 [CommunicationSystemStateMachine.cpp, 769] - Command Completed
2013/07/22 13:47:07:409 [000928] DEBUG 0x801C0094 [CommunicationSystemStateMachine.cpp, 330] - ... after 10 frames.
2013/07/22 13:47:07:410 [000928] TRACE 0x801C0094 [Prb.cpp, 448] - Writing FPGA, Address=0x1008, Data=0x08
2013/07/22 13:47:07:411 [000928] TRACE 0x801C0094 [Prb.cpp, 1035] - WriteFPGAPacket(0x1008, 0x08):01 00 0D 97 81 00 03 10 08 08 3B A6 0D 
2013/07/22 13:47:07:411 [006276] TRACE 0x801C0094 [Prb.cpp, 835] - RxStream contents:01 00 0B A5 06 97 00 00 09 BE 0D 
2013/07/22 13:47:07:412 [006276] TRACE 0x801C0094 [Prb.cpp, 943] - RadioBoardPacket(ACK):01 00 0B A5 06 97 00 00 09 BE 0D 
2013/07/22 13:47:07:413 [000928] DEBUG 0x801C0094 [Prb.cpp, 466] - Write FPGA completed, Address=0x1008, Data=0x08
2013/07/22 13:47:07:429 [000928] TRACE 0x801C0094 [Prb.cpp, 493] - Reading FPGA, Address=0x300A
2013/07/22 13:47:07:429 [000928] TRACE 0x801C0094 [Prb.cpp, 1035] - ReadFPGAPacket(0x300A):01 00 0C 98 82 00 02 30 0A 50 B7 0D 
2013/07/22 13:47:07:429 [006276] TRACE 0x801C0094 [Prb.cpp, 835] - RxStream contents:01 00 0C A6 06 98 00 01 00 FB 46 0D 
2013/07/22 13:47:07:431 [006276] TRACE 0x801C0094 [Prb.cpp, 943] - RadioBoardPacket(ACK):01 00 0C A6 06 98 00 01 00 FB 46 0D 
2013/07/22 13:47:07:431 [000928] DEBUG 0x801C0094 [Prb.cpp, 512] - Read FPGA completed, Address=0x300A, Data=0x00
2013/07/22 13:47:07:432 [000928] TRACE 0x801C0094 [Prb.cpp, 448] - Writing FPGA, Address=0x300A, Data=0x03
2013/07/22 13:47:07:433 [000928] TRACE 0x801C0094 [Prb.cpp, 1035] - WriteFPGAPacket(0x300A, 0x03):01 00 0D 99 81 00 03 30 0A 03 3B FC 0D 
2013/07/22 13:47:07:433 [006276] TRACE 0x801C0094 [Prb.cpp, 835] - RxStream contents:01 00 0B A7 06 99 00 00 09 96 0D 
2013/07/22 13:47:07:434 [006276] TRACE 0x801C0094 [Prb.cpp, 943] - RadioBoardPacket(ACK):01 00 0B A7 06 99 00 00 09 96 0D 
2013/07/22 13:47:07:434 [000928] DEBUG 0x801C0094 [Prb.cpp, 466] - Write FPGA completed, Address=0x300A, Data=0x03
2013/07/22 13:47:07:573 [004696] INFO [NCommunicationSystem.cpp, 747] - Disposing: 1
2013/07/22 13:47:07:575 [004696] INFO [CrossAppDomainEventMarshaller.cpp, 44] - Disposing: 1
2013/07/22 13:47:07:576 [004696] INFO [CrossAppDomainEventMarshaller.cpp, 155] - abortGetNextEvent called
2013/07/22 13:47:07:577 [004696] INFO [CrossAppDomainEventMarshaller.cpp, 48] - Waiting for CrossDomainEventTranslator::m_pHandleEventsThread to stop
2013/07/22 13:47:07:577 [006580] INFO [CrossAppDomainEventMarshaller.cpp, 80] - handleEventsThread exiting (thread aborted)
2013/07/22 13:47:07:578 [004696] INFO [CrossAppDomainEventMarshaller.cpp, 54] - CrossDomainEventTranslator::m_pHandleEventsThread stopped
2013/07/22 13:47:07:580 [004696] INFO [CrossAppDomainEventMarshaller.cpp, 110] - EventHandler dtor
2013/07/22 13:47:07:580 [004696] INFO [CrossAppDomainEventMarshaller.cpp, 60] - Disposed.
2013/07/22 13:47:07:581 [006276] DEBUG [Prb.cpp, 867] - Prb receive thread terminated.
2013/07/22 13:47:07:585 [000928] INFO [ExceptionCatchingThread.cpp, 170] - Exited the interrupt thread procedure with return value 0.
2013/07/22 13:47:07:683 [002724] INFO [ExceptionCatchingThread.cpp, 170] - Exited the dispatch thread procedure with return value 0.
2013/07/22 13:47:07:685 [000504] INFO [ExceptionCatchingThread.cpp, 170] - Exited the timer thread procedure with return value 0.
2013/07/22 13:47:07:787 [004696] INFO [NCommunicationSystem.cpp, 779] - Disposed.
<<<<< Log Footer: 07/22/2013 13:47:07 >>>>>
