2013/07/17 22:09:54:120  INFO:   Loaded Symbol File C:\ISV System\Config\FirmwareSymbols\build178.sym for firmware Build #178
2013/07/17 22:09:54:135  INFO:   CommunicationSystemLog properties: .\CommunicationSystem.logger.properties
2013/07/17 22:09:54:135  INFO:   CommunicationSystemLog log       : .\logs\systemBerScriptLog 2013.07.17 22.09.54_CommunicationSystem.Log
2013/07/17 22:09:57:894  INFO:   Setting the event sink for ScriptEngineProcedure
2013/07/17 22:09:57:894  INFO:   Program parameters checks are enabled
2013/07/17 22:09:57:899  INFO:   ********************************************************************************
2013/07/17 22:09:57:899  INFO:   Starting ScriptEngineProcedure, Assembly  version 
2013/07/17 22:09:57:903  INFO:   Config: ICD (NCommunicationSystem ver: nCommunicationSystem, Version=1.8.2.1, Culture=neutral, PublicKeyToken=56b5378c99c0bcfd; FTDI Driver ver: 2.08.24.0; PRB FPGA ver: 7)
2013/07/17 22:09:57:903  INFO:   Setting the radio board transmit power to level 0x7.
2013/07/17 22:09:57:906  INFO:   Radio board power level set to 7.
2013/07/17 22:09:57:907  INFO:   ECG Timeout Interval set to 10 seconds.
2013/07/17 22:09:57:908  STATE:  Changing state to ScriptExecStateMachine.WaitForNextCmdState, ID[1]
2013/07/17 22:09:57:908  INFO:   FwDvtSystem Started the event processing thread
2013/07/17 22:09:57:937  ACTION: Read PRB FPGA: Address=0x3000 Data=0x07
2013/07/17 22:09:57:942  RESULT: FPGA 0x3000 Expected: 18 Actual: 7
2013/07/17 22:09:57:944  RESULT: ERROR Expected: 18 Actual: 7
2013/07/17 22:09:57:944  ACTION: Calibrate CC1020
2013/07/17 22:09:58:037  INFO:   CC1020 calibration passed
2013/07/17 22:09:58:045  ACTION: Read C1020: Address 0x04 Data=0x35
2013/07/17 22:09:58:050  ACTION: Read C1020: Address 0x05 Data=0xF0
2013/07/17 22:09:58:054  ACTION: Read C1020: Address 0x06 Data=0x21
2013/07/17 22:09:58:057  ACTION: Read C1020: Address 0x07 Data=0x38
2013/07/17 22:09:58:061  ACTION: Read C1020: Address 0x08 Data=0x35
2013/07/17 22:09:58:064  ACTION: Read C1020: Address 0x09 Data=0xFA
2013/07/17 22:09:58:068  ACTION: Read C1020: Address 0x0A Data=0xCB
2013/07/17 22:09:58:072  ACTION: Read C1020: Address 0x0B Data=0x38
2013/07/17 22:09:58:075  ACTION: Read C1020: Address 0x1D Data=0x00
2013/07/17 22:09:58:080  ACTION: Read C1020: Address 0x45 Data=0x4C
2013/07/17 22:09:58:083  ACTION: Read C1020: Address 0x46 Data=0x66
2013/07/17 22:09:58:087  ACTION: Read C1020: Address 0x47 Data=0x44
2013/07/17 22:09:58:098  ACTION: Read PRB FPGA: Address=0x305E Data=0x00
2013/07/17 22:09:58:101  ACTION: Read PRB FPGA: Address=0x3060 Data=0x00
2013/07/17 22:09:58:105  ACTION: Read PRB FPGA: Address=0x3062 Data=0x00
2013/07/17 22:09:58:112  ACTION: Read PRB FPGA: Address=0x3066 Data=0x00
2013/07/17 22:09:58:115  ACTION: Read PRB FPGA: Address=0x3068 Data=0x00
2013/07/17 22:09:58:117  ACTION: Read PRB FPGA: Address=0x306A Data=0x00
2013/07/17 22:09:58:119  ACTION: Write PRB FPGA: Address=0x1026 Data=0x01
2013/07/17 22:09:58:126  INFO:   EXECUTING STATE: SMLibrary.Dvt.IcdCmd+ScanState Timeout: 00:00:30
2013/07/17 22:09:58:127  EVENT:  SCRIPT-EXEC:EXEC-STATE - TES.Dvt.ScriptExecStateMachine, ID[11]
2013/07/17 22:09:58:128  STATE:  Changing state to ScriptExecStateMachine.ExecState, ID[4]
2013/07/17 22:09:58:129  INFO:   Setting the radio board transmit power to level 0x7.
2013/07/17 22:09:58:132  INFO:   Radio board power level set to 7.
2013/07/17 22:09:58:133  ACTION: Setting radio board configuration for hybrid.
2013/07/17 22:09:58:133  ACTION: Set radio board to DIO inverting mode.
2013/07/17 22:09:58:133  ACTION: Write PRB FPGA: Address=0x3012 Data=0x01
2013/07/17 22:09:58:137  ACTION: PRB Set Link Data Rate: Slow
2013/07/17 22:09:58:140  ACTION: Read PRB FPGA: Address=0x1004 Data=0x00
2013/07/17 22:09:58:140  ACTION: Write PRB FPGA: Address=0x1004 Data=0x00
2013/07/17 22:09:58:143  ACTION: Scanning for devices, primary scan duration = 9 sec, secondary scan duration = 2 sec
2013/07/17 22:10:09:319  INFO:   Primary scan device IDs: No devices found
2013/07/17 22:10:13:477  INFO:   Secondary scan device IDs: 0x801C0094 0x80000009 
2013/07/17 22:10:13:479  EVENT:  Device ID List, ID[17]
                                 DeviceID[0] : ID 0x801C0094 (Model 0, Serial 148, SW Version 7, Is Implanted)
                                 DeviceID[1] : ID 0x80000009 (Model 0, Serial 9, SW Version 0, Is Implanted)
2013/07/17 22:10:13:480  STATE:  Changing state to ScriptExecStateMachine.WaitForNextCmdState, ID[1]
2013/07/17 22:10:13:480  INFO:   STATE EXITED: SMLibrary.Dvt.IcdCmd+ScanState
2013/07/17 22:10:13:491  INFO:   EXECUTING STATE: SMLibrary.Dvt.IcdCmd+ConnectState Timeout: 00:00:24
2013/07/17 22:10:13:491  EVENT:  SCRIPT-EXEC:EXEC-STATE - TES.Dvt.ScriptExecStateMachine, ID[11]
2013/07/17 22:10:13:491  STATE:  Changing state to ScriptExecStateMachine.ExecState, ID[4]
2013/07/17 22:10:13:491  ACTION: PRB Set Link Data Rate: Slow
2013/07/17 22:10:13:494  ACTION: Read PRB FPGA: Address=0x1004 Data=0x00
2013/07/17 22:10:13:494  ACTION: Write PRB FPGA: Address=0x1004 Data=0x00
2013/07/17 22:10:13:498  ACTION: Connecting to device ID 0x801C0094 (Model 0, Serial 148, SW Version 7, Is Implanted)
2013/07/17 22:10:16:327  INFO:   Registering the ICD session delegates
2013/07/17 22:10:16:327  EVENT:  Connect Succeeded, ID[19]
2013/07/17 22:10:16:327  STATE:  Changing state to ScriptExecStateMachine.WaitForNextCmdState, ID[1]
2013/07/17 22:10:16:328  INFO:   STATE EXITED: SMLibrary.Dvt.IcdCmd+ConnectState
2013/07/17 22:10:16:336  INFO:   EXECUTING STATE MACHINE: SMLibrary.ReadSM Timeout: 00:00:01.3120000
2013/07/17 22:10:16:336  EVENT:  SCRIPT-EXEC:EXEC-SM - TES.Dvt.ScriptExecStateMachine, ID[9]
2013/07/17 22:10:16:336  STATE:  Changing state to ScriptExecStateMachine.ExecStateMachineWithCustomExitEventsState, ID[2]
2013/07/17 22:10:16:337  STATE:  Changing state to ReadSM.ReadingState, ID[8]
2013/07/17 22:10:16:337  ACTION: READ_FROM_16_BIT_ADDR_WITH_CRC32, Address=SYS_ERRORS(0xF56C) Length=1
2013/07/17 22:10:16:403  EVENT:  Command Completed, ID[23], Command=0x82 (READ_FROM_16_BIT_ADDR_WITH_CRC32), CRC32=0xE69CA3FE, Data=0xB0
2013/07/17 22:10:16:405  EVENT:  Read Memory Complete, ID[24]
2013/07/17 22:10:16:405  STATE:  Changing state to ReadSM.IdleState, ID[6]
2013/07/17 22:10:16:405  STATE:  Changing state to ScriptExecStateMachine.WaitForNextCmdState, ID[1]
2013/07/17 22:10:16:405  INFO:   STATE MACHINE EXITED: SMLibrary.ReadSM
2013/07/17 22:10:16:440  EVENT:  Marker (Device Summary), ID[25], Timestamp=0x03[full:not set], Data[0]=0x00, Data[1]=0x40 DynamicShockPolarity=HVA_POSITIVE SystemErrorOccurred 
2013/07/17 22:10:16:967  INFO:   Enabling the timestamp/interval calculations
2013/07/17 22:10:16:970  EVENT:  Marker (Beat Detected - WA Suspect), ID[26], Timestamp=0x48[full:72], ID=247,Data=0x80 Interval is invalid or exceeds 2 seconds
2013/07/17 22:10:17:003  EVENT:  Marker (Data), ID[27], Timestamp=0x48[full:72], Data[0]=0x80, Data[1]=0x58
2013/07/17 22:10:17:267  EVENT:  Marker (Device Summary), ID[28], Timestamp=0x6E[full:110], Data[0]=0x00, Data[1]=0x40 DynamicShockPolarity=HVA_POSITIVE SystemErrorOccurred 
2013/07/17 22:10:17:532  EVENT:  Marker (Beat Detected - WA Suspect), ID[29], Timestamp=0x91[full:145], ID=248,Data=0x80 Interval = 570 ms
2013/07/17 22:10:17:562  EVENT:  Marker (Data), ID[30], Timestamp=0x91[full:145], Data[0]=0x80, Data[1]=0x58
2013/07/17 22:10:18:172  EVENT:  Marker (Beat Detected - WA Suspect), ID[31], Timestamp=0xE2[full:226], ID=249,Data=0x80 Interval = 633 ms
2013/07/17 22:10:18:207  EVENT:  Marker (Data), ID[32], Timestamp=0xE2[full:226], Data[0]=0x80, Data[1]=0x58
2013/07/17 22:10:18:332  EVENT:  Marker (Device Summary), ID[33], Timestamp=0xEE[full:238], Data[0]=0x00, Data[1]=0x40 DynamicShockPolarity=HVA_POSITIVE SystemErrorOccurred 
2013/07/17 22:10:18:739  EVENT:  Marker (Beat Detected - WA Suspect), ID[34], Timestamp=0x2A[full:298], ID=250,Data=0x80 Interval = 562 ms
2013/07/17 22:10:18:768  EVENT:  Marker (Data), ID[35], Timestamp=0x2A[full:298], Data[0]=0x80, Data[1]=0x58
2013/07/17 22:10:19:273  EVENT:  Marker (Device Summary), ID[36], Timestamp=0x6E[full:366], Data[0]=0x00, Data[1]=0x40 DynamicShockPolarity=HVA_POSITIVE SystemErrorOccurred 
2013/07/17 22:10:19:398  EVENT:  Marker (Beat Detected - WA Suspect), ID[37], Timestamp=0x7B[full:379], ID=251,Data=0x80 Interval = 633 ms
2013/07/17 22:10:19:428  EVENT:  Marker (Data), ID[38], Timestamp=0x7B[full:379], Data[0]=0x80, Data[1]=0x58
2013/07/17 22:10:19:978  EVENT:  Marker (Beat Detected - WA Suspect), ID[39], Timestamp=0xC8[full:456], ID=252,Data=0x80 Interval = 602 ms
2013/07/17 22:10:20:008  EVENT:  Marker (Data), ID[40], Timestamp=0xC8[full:456], Data[0]=0x80, Data[1]=0x58
2013/07/17 22:10:20:258  EVENT:  Marker (Device Summary), ID[41], Timestamp=0xEE[full:494], Data[0]=0x00, Data[1]=0x40 DynamicShockPolarity=HVA_POSITIVE SystemErrorOccurred 
2013/07/17 22:10:20:538  EVENT:  Marker (Beat Detected - WA Suspect), ID[42], Timestamp=0x11[full:529], ID=253,Data=0x80 Interval = 570 ms
2013/07/17 22:10:20:573  EVENT:  Marker (Data), ID[43], Timestamp=0x11[full:529], Data[0]=0x80, Data[1]=0x58
2013/07/17 22:10:21:213  EVENT:  Marker (Beat Detected - WA Suspect), ID[44], Timestamp=0x68[full:616], ID=254,Data=0x80 Interval = 680 ms
2013/07/17 22:10:21:243  EVENT:  Marker (Data), ID[45], Timestamp=0x68[full:616], Data[0]=0x80, Data[1]=0x58
2013/07/17 22:10:21:383  EVENT:  Marker (Device Summary), ID[46], Timestamp=0x6E[full:622], Data[0]=0x00, Data[1]=0x40 DynamicShockPolarity=HVA_POSITIVE SystemErrorOccurred 
2013/07/17 22:10:21:413  INFO:   EXECUTING STATE: IronPython.NewTypes.System.Object#IScriptExecState_5$5 Timeout: 00:00:02
2013/07/17 22:10:21:413  EVENT:  SCRIPT-EXEC:EXEC-STATE - TES.Dvt.ScriptExecStateMachine, ID[11]
2013/07/17 22:10:21:413  STATE:  Changing state to ScriptExecStateMachine.ExecState, ID[4]
2013/07/17 22:10:21:414  ACTION: Break Link
2013/07/17 22:10:21:793  INFO:   Enabling the timestamp/interval calculations
2013/07/17 22:10:21:793  EVENT:  Marker (Beat Detected - WA Suspect), ID[48], Timestamp=0xB1[full:177], ID=255,Data=0x80 Interval is invalid or exceeds 2 seconds
2013/07/17 22:10:21:823  EVENT:  Marker (Data), ID[49], Timestamp=0xB1[full:177], Data[0]=0x80, Data[1]=0x58
2013/07/17 22:10:22:109  INFO:   Unregistering the ICD session delegates
2013/07/17 22:10:22:109  EVENT:  Command Completed, ID[50], Command=0xE4 (Break Link)
2013/07/17 22:10:22:269  EVENT:  Disconnected, ID[51], clean
2013/07/17 22:10:22:269  STATE:  Changing state to ScriptExecStateMachine.WaitForNextCmdState, ID[1]
2013/07/17 22:10:22:269  INFO:   STATE EXITED: IronPython.NewTypes.System.Object#IScriptExecState_5$5
2013/07/17 22:10:27:272  EVENT:  SCRIPT-EXEC:EXIT - TES.Dvt.ScriptExecStateMachine, ID[8]
2013/07/17 22:10:27:273  INFO:   Terminating ScriptEngineProcedure
2013/07/17 22:10:27:273  EVENT:  Terminate Dispatch, ID[52]
2013/07/17 22:10:27:273  EVENT:  TES.Dvt.ScriptExecStateMachine.DoneEvent, ID[6]
2013/07/17 22:10:27:273  STATE:  Changing state to ScriptExecStateMachine.IdleState, ID[6]
2013/07/17 22:10:27:283  INFO:   ScriptEngineProcedure Completed
2013/07/17 22:10:27:283  INFO:   Testcase Summary:
2013/07/17 22:10:27:284  RESULT: Test Procedure ScriptEngineProcedure (FAILED)
2013/07/17 22:10:27:284  INFO:   Procedure Runtime = 00:00:29
2013/07/17 22:10:27:293  INFO:   The event dispatch thread ScriptEngineProcedure exited.
