2013/07/19 12:30:43:103  INFO:   Loaded Symbol File C:\ISV System\Config\FirmwareSymbols\build178.sym for firmware Build #178
2013/07/19 12:30:43:117  INFO:   CommunicationSystemLog properties: .\CommunicationSystem.logger.properties
2013/07/19 12:30:43:117  INFO:   CommunicationSystemLog log       : .\logs\systemBerScriptLog 2013.07.19 12.30.43_CommunicationSystem.Log
2013/07/19 12:30:46:882  INFO:   Setting the event sink for ScriptEngineProcedure
2013/07/19 12:30:46:882  INFO:   Program parameters checks are enabled
2013/07/19 12:30:46:887  INFO:   ********************************************************************************
2013/07/19 12:30:46:887  INFO:   Starting ScriptEngineProcedure, Assembly  version 
2013/07/19 12:30:46:892  INFO:   Config: ICD (NCommunicationSystem ver: nCommunicationSystem, Version=1.8.2.1, Culture=neutral, PublicKeyToken=56b5378c99c0bcfd; FTDI Driver ver: 2.08.24.0; PRB FPGA ver: 7)
2013/07/19 12:30:46:892  INFO:   Setting the radio board transmit power to level 0x7.
2013/07/19 12:30:46:895  INFO:   Radio board power level set to 7.
2013/07/19 12:30:46:895  INFO:   ECG Timeout Interval set to 10 seconds.
2013/07/19 12:30:46:896  STATE:  Changing state to ScriptExecStateMachine.WaitForNextCmdState, ID[1]
2013/07/19 12:30:46:897  INFO:   FwDvtSystem Started the event processing thread
2013/07/19 12:30:46:927  ACTION: Read PRB FPGA: Address=0x3000 Data=0x07
2013/07/19 12:30:46:932  RESULT: FPGA 0x3000 Expected: 18 Actual: 7
2013/07/19 12:30:46:934  RESULT: ERROR Expected: 18 Actual: 7
2013/07/19 12:30:46:934  ACTION: Calibrate CC1020
2013/07/19 12:30:47:026  INFO:   CC1020 calibration passed
2013/07/19 12:30:47:034  ACTION: Read C1020: Address 0x04 Data=0x35
2013/07/19 12:30:47:039  ACTION: Read C1020: Address 0x05 Data=0xF0
2013/07/19 12:30:47:042  ACTION: Read C1020: Address 0x06 Data=0x21
2013/07/19 12:30:47:046  ACTION: Read C1020: Address 0x07 Data=0x38
2013/07/19 12:30:47:049  ACTION: Read C1020: Address 0x08 Data=0x35
2013/07/19 12:30:47:053  ACTION: Read C1020: Address 0x09 Data=0xFA
2013/07/19 12:30:47:056  ACTION: Read C1020: Address 0x0A Data=0xCB
2013/07/19 12:30:47:060  ACTION: Read C1020: Address 0x0B Data=0x38
2013/07/19 12:30:47:063  ACTION: Read C1020: Address 0x1D Data=0x00
2013/07/19 12:30:47:067  ACTION: Read C1020: Address 0x45 Data=0x4C
2013/07/19 12:30:47:071  ACTION: Read C1020: Address 0x46 Data=0x66
2013/07/19 12:30:47:074  ACTION: Read C1020: Address 0x47 Data=0x44
2013/07/19 12:30:47:085  ACTION: Read PRB FPGA: Address=0x305E Data=0x00
2013/07/19 12:30:47:088  ACTION: Read PRB FPGA: Address=0x3060 Data=0x00
2013/07/19 12:30:47:091  ACTION: Read PRB FPGA: Address=0x3062 Data=0x00
2013/07/19 12:30:47:098  ACTION: Read PRB FPGA: Address=0x3066 Data=0x00
2013/07/19 12:30:47:101  ACTION: Read PRB FPGA: Address=0x3068 Data=0x00
2013/07/19 12:30:47:104  ACTION: Read PRB FPGA: Address=0x306A Data=0x00
2013/07/19 12:30:47:106  ACTION: Write PRB FPGA: Address=0x1026 Data=0x01
2013/07/19 12:30:47:113  INFO:   EXECUTING STATE: SMLibrary.Dvt.IcdCmd+ScanState Timeout: 00:00:30
2013/07/19 12:30:47:113  EVENT:  SCRIPT-EXEC:EXEC-STATE - TES.Dvt.ScriptExecStateMachine, ID[11]
2013/07/19 12:30:47:115  STATE:  Changing state to ScriptExecStateMachine.ExecState, ID[4]
2013/07/19 12:30:47:115  INFO:   Setting the radio board transmit power to level 0x7.
2013/07/19 12:30:47:119  INFO:   Radio board power level set to 7.
2013/07/19 12:30:47:120  ACTION: Setting radio board configuration for hybrid.
2013/07/19 12:30:47:120  ACTION: Set radio board to DIO inverting mode.
2013/07/19 12:30:47:120  ACTION: Write PRB FPGA: Address=0x3012 Data=0x01
2013/07/19 12:30:47:123  ACTION: PRB Set Link Data Rate: Slow
2013/07/19 12:30:47:126  ACTION: Read PRB FPGA: Address=0x1004 Data=0x00
2013/07/19 12:30:47:126  ACTION: Write PRB FPGA: Address=0x1004 Data=0x00
2013/07/19 12:30:47:129  ACTION: Scanning for devices, primary scan duration = 9 sec, secondary scan duration = 2 sec
2013/07/19 12:30:58:304  INFO:   Primary scan device IDs: No devices found
2013/07/19 12:31:02:464  INFO:   Secondary scan device IDs: 0x801C0094 
2013/07/19 12:31:02:467  EVENT:  Device ID List, ID[17]
                                 DeviceID[0] : ID 0x801C0094 (Model 0, Serial 148, SW Version 7, Is Implanted)
2013/07/19 12:31:02:467  STATE:  Changing state to ScriptExecStateMachine.WaitForNextCmdState, ID[1]
2013/07/19 12:31:02:467  INFO:   STATE EXITED: SMLibrary.Dvt.IcdCmd+ScanState
2013/07/19 12:31:02:478  INFO:   EXECUTING STATE: SMLibrary.Dvt.IcdCmd+ConnectState Timeout: 00:00:24
2013/07/19 12:31:02:478  EVENT:  SCRIPT-EXEC:EXEC-STATE - TES.Dvt.ScriptExecStateMachine, ID[11]
2013/07/19 12:31:02:478  STATE:  Changing state to ScriptExecStateMachine.ExecState, ID[4]
2013/07/19 12:31:02:478  ACTION: PRB Set Link Data Rate: Slow
2013/07/19 12:31:02:482  ACTION: Read PRB FPGA: Address=0x1004 Data=0x00
2013/07/19 12:31:02:482  ACTION: Write PRB FPGA: Address=0x1004 Data=0x00
2013/07/19 12:31:02:484  ACTION: Connecting to device ID 0x801C0094 (Model 0, Serial 148, SW Version 7, Is Implanted)
2013/07/19 12:31:05:852  INFO:   Registering the ICD session delegates
2013/07/19 12:31:05:852  EVENT:  Connect Succeeded, ID[19]
2013/07/19 12:31:05:852  STATE:  Changing state to ScriptExecStateMachine.WaitForNextCmdState, ID[1]
2013/07/19 12:31:05:852  INFO:   STATE EXITED: SMLibrary.Dvt.IcdCmd+ConnectState
2013/07/19 12:31:05:860  INFO:   EXECUTING STATE MACHINE: SMLibrary.ReadSM Timeout: 00:00:01.3120000
2013/07/19 12:31:05:860  EVENT:  SCRIPT-EXEC:EXEC-SM - TES.Dvt.ScriptExecStateMachine, ID[9]
2013/07/19 12:31:05:860  STATE:  Changing state to ScriptExecStateMachine.ExecStateMachineWithCustomExitEventsState, ID[2]
2013/07/19 12:31:05:861  STATE:  Changing state to ReadSM.ReadingState, ID[8]
2013/07/19 12:31:05:862  ACTION: READ_FROM_16_BIT_ADDR_WITH_CRC32, Address=SYS_ERRORS(0xF56C) Length=1
2013/07/19 12:31:05:942  EVENT:  Command Completed, ID[23], Command=0x82 (READ_FROM_16_BIT_ADDR_WITH_CRC32), CRC32=0xC0459352, Data=0x80
2013/07/19 12:31:05:944  EVENT:  Read Memory Complete, ID[24]
2013/07/19 12:31:05:944  STATE:  Changing state to ReadSM.IdleState, ID[6]
2013/07/19 12:31:05:944  STATE:  Changing state to ScriptExecStateMachine.WaitForNextCmdState, ID[1]
2013/07/19 12:31:05:944  INFO:   STATE MACHINE EXITED: SMLibrary.ReadSM
2013/07/19 12:31:05:948  ACTION: Return Last Command
2013/07/19 12:31:05:954  INFO:   EXECUTING STATE: IronPython.NewTypes.System.Object#IScriptExecState_5$5 Timeout: 00:00:02
2013/07/19 12:31:05:954  EVENT:  SCRIPT-EXEC:EXEC-STATE - TES.Dvt.ScriptExecStateMachine, ID[11]
2013/07/19 12:31:05:954  STATE:  Changing state to ScriptExecStateMachine.ExecState, ID[4]
2013/07/19 12:31:05:955  ACTION: Break Link
2013/07/19 12:31:05:981  EVENT:  Marker (Device Summary), ID[26], Timestamp=0xF5[full:not set], Data[0]=0x00, Data[1]=0x40 DynamicShockPolarity=HVA_POSITIVE SystemErrorOccurred 
2013/07/19 12:31:05:994  EVENT:  Command Completed, ID[27], Command=0x60 (Return Last Command), time since last CMDCompleted: 53 ms,
                                 0x00 : 82801C00 94   
2013/07/19 12:31:06:170  INFO:   Unregistering the ICD session delegates
2013/07/19 12:31:06:170  EVENT:  Command Completed, ID[28], Command=0xE4 (Break Link), time since last CMDCompleted: 176 ms
2013/07/19 12:31:06:330  EVENT:  Disconnected, ID[29], clean
2013/07/19 12:31:06:330  STATE:  Changing state to ScriptExecStateMachine.WaitForNextCmdState, ID[1]
2013/07/19 12:31:06:330  INFO:   STATE EXITED: IronPython.NewTypes.System.Object#IScriptExecState_5$5
2013/07/19 12:31:11:335  EVENT:  SCRIPT-EXEC:EXIT - TES.Dvt.ScriptExecStateMachine, ID[8]
2013/07/19 12:31:11:336  INFO:   Terminating ScriptEngineProcedure
2013/07/19 12:31:11:336  EVENT:  Terminate Dispatch, ID[30]
2013/07/19 12:31:11:336  EVENT:  TES.Dvt.ScriptExecStateMachine.DoneEvent, ID[6]
2013/07/19 12:31:11:336  STATE:  Changing state to ScriptExecStateMachine.IdleState, ID[6]
2013/07/19 12:31:11:345  INFO:   ScriptEngineProcedure Completed
2013/07/19 12:31:11:346  INFO:   Testcase Summary:
2013/07/19 12:31:11:346  RESULT: Test Procedure ScriptEngineProcedure (FAILED)
2013/07/19 12:31:11:346  INFO:   Procedure Runtime = 00:00:24
2013/07/19 12:31:11:354  INFO:   The event dispatch thread ScriptEngineProcedure exited.
