2013/07/17 22:05:57:564  INFO:   Loaded Symbol File C:\ISV System\Config\FirmwareSymbols\build178.sym for firmware Build #178
2013/07/17 22:05:57:579  INFO:   CommunicationSystemLog properties: .\CommunicationSystem.logger.properties
2013/07/17 22:05:57:579  INFO:   CommunicationSystemLog log       : .\logs\systemBerScriptLog 2013.07.17 22.05.57_CommunicationSystem.Log
2013/07/17 22:06:01:337  INFO:   Setting the event sink for ScriptEngineProcedure
2013/07/17 22:06:01:337  INFO:   Program parameters checks are enabled
2013/07/17 22:06:01:342  INFO:   ********************************************************************************
2013/07/17 22:06:01:342  INFO:   Starting ScriptEngineProcedure, Assembly  version 
2013/07/17 22:06:01:347  INFO:   Config: ICD (NCommunicationSystem ver: nCommunicationSystem, Version=1.8.2.1, Culture=neutral, PublicKeyToken=56b5378c99c0bcfd; FTDI Driver ver: 2.08.24.0; PRB FPGA ver: 7)
2013/07/17 22:06:01:347  INFO:   Setting the radio board transmit power to level 0x7.
2013/07/17 22:06:01:350  INFO:   Radio board power level set to 7.
2013/07/17 22:06:01:350  INFO:   ECG Timeout Interval set to 10 seconds.
2013/07/17 22:06:01:351  STATE:  Changing state to ScriptExecStateMachine.WaitForNextCmdState, ID[1]
2013/07/17 22:06:01:351  INFO:   FwDvtSystem Started the event processing thread
2013/07/17 22:06:01:381  ACTION: Read PRB FPGA: Address=0x3000 Data=0x07
2013/07/17 22:06:01:385  RESULT: FPGA 0x3000 Expected: 18 Actual: 7
2013/07/17 22:06:01:387  RESULT: ERROR Expected: 18 Actual: 7
2013/07/17 22:06:01:388  ACTION: Calibrate CC1020
2013/07/17 22:06:01:481  INFO:   CC1020 calibration passed
2013/07/17 22:06:01:489  ACTION: Read C1020: Address 0x04 Data=0x35
2013/07/17 22:06:01:493  ACTION: Read C1020: Address 0x05 Data=0xF0
2013/07/17 22:06:01:497  ACTION: Read C1020: Address 0x06 Data=0x21
2013/07/17 22:06:01:500  ACTION: Read C1020: Address 0x07 Data=0x38
2013/07/17 22:06:01:503  ACTION: Read C1020: Address 0x08 Data=0x35
2013/07/17 22:06:01:507  ACTION: Read C1020: Address 0x09 Data=0xFA
2013/07/17 22:06:01:510  ACTION: Read C1020: Address 0x0A Data=0xCB
2013/07/17 22:06:01:514  ACTION: Read C1020: Address 0x0B Data=0x38
2013/07/17 22:06:01:517  ACTION: Read C1020: Address 0x1D Data=0x00
2013/07/17 22:06:01:521  ACTION: Read C1020: Address 0x45 Data=0x4C
2013/07/17 22:06:01:524  ACTION: Read C1020: Address 0x46 Data=0x66
2013/07/17 22:06:01:527  ACTION: Read C1020: Address 0x47 Data=0x44
2013/07/17 22:06:01:540  ACTION: Read PRB FPGA: Address=0x305E Data=0x00
2013/07/17 22:06:01:542  ACTION: Read PRB FPGA: Address=0x3060 Data=0x00
2013/07/17 22:06:01:545  ACTION: Read PRB FPGA: Address=0x3062 Data=0x00
2013/07/17 22:06:01:552  ACTION: Read PRB FPGA: Address=0x3066 Data=0x00
2013/07/17 22:06:01:555  ACTION: Read PRB FPGA: Address=0x3068 Data=0x00
2013/07/17 22:06:01:557  ACTION: Read PRB FPGA: Address=0x306A Data=0x00
2013/07/17 22:06:01:559  ACTION: Write PRB FPGA: Address=0x1026 Data=0x01
2013/07/17 22:06:01:566  INFO:   EXECUTING STATE: SMLibrary.Dvt.IcdCmd+ScanState Timeout: 00:00:30
2013/07/17 22:06:01:567  EVENT:  SCRIPT-EXEC:EXEC-STATE - TES.Dvt.ScriptExecStateMachine, ID[11]
2013/07/17 22:06:01:568  STATE:  Changing state to ScriptExecStateMachine.ExecState, ID[4]
2013/07/17 22:06:01:568  INFO:   Setting the radio board transmit power to level 0x7.
2013/07/17 22:06:01:572  INFO:   Radio board power level set to 7.
2013/07/17 22:06:01:574  ACTION: Setting radio board configuration for hybrid.
2013/07/17 22:06:01:574  ACTION: Set radio board to DIO inverting mode.
2013/07/17 22:06:01:574  ACTION: Write PRB FPGA: Address=0x3012 Data=0x01
2013/07/17 22:06:01:577  ACTION: PRB Set Link Data Rate: Slow
2013/07/17 22:06:01:580  ACTION: Read PRB FPGA: Address=0x1004 Data=0x00
2013/07/17 22:06:01:580  ACTION: Write PRB FPGA: Address=0x1004 Data=0x00
2013/07/17 22:06:01:583  ACTION: Scanning for devices, primary scan duration = 9 sec, secondary scan duration = 2 sec
2013/07/17 22:06:12:758  INFO:   Primary scan device IDs: 0x801C0094 
2013/07/17 22:06:16:910  INFO:   Secondary scan device IDs: 0x801C0094 
2013/07/17 22:06:16:913  EVENT:  Device ID List, ID[17]
                                 DeviceID[0] : ID 0x801C0094 (Model 0, Serial 148, SW Version 7, Is Implanted)
2013/07/17 22:06:16:913  STATE:  Changing state to ScriptExecStateMachine.WaitForNextCmdState, ID[1]
2013/07/17 22:06:16:913  INFO:   STATE EXITED: SMLibrary.Dvt.IcdCmd+ScanState
2013/07/17 22:06:16:923  INFO:   EXECUTING STATE: SMLibrary.Dvt.IcdCmd+ConnectState Timeout: 00:00:24
2013/07/17 22:06:16:923  EVENT:  SCRIPT-EXEC:EXEC-STATE - TES.Dvt.ScriptExecStateMachine, ID[11]
2013/07/17 22:06:16:923  STATE:  Changing state to ScriptExecStateMachine.ExecState, ID[4]
2013/07/17 22:06:16:924  ACTION: PRB Set Link Data Rate: Slow
2013/07/17 22:06:16:927  ACTION: Read PRB FPGA: Address=0x1004 Data=0x00
2013/07/17 22:06:16:927  ACTION: Write PRB FPGA: Address=0x1004 Data=0x00
2013/07/17 22:06:16:930  ACTION: Connecting to device ID 0x801C0094 (Model 0, Serial 148, SW Version 7, Is Implanted)
2013/07/17 22:06:20:321  INFO:   Registering the ICD session delegates
2013/07/17 22:06:20:321  EVENT:  Connect Succeeded, ID[19]
2013/07/17 22:06:20:321  STATE:  Changing state to ScriptExecStateMachine.WaitForNextCmdState, ID[1]
2013/07/17 22:06:20:321  INFO:   STATE EXITED: SMLibrary.Dvt.IcdCmd+ConnectState
2013/07/17 22:06:20:325  INFO:   EXECUTING STATE MACHINE: SMLibrary.ReadSM Timeout: 00:00:01.3120000
2013/07/17 22:06:20:325  EVENT:  SCRIPT-EXEC:EXEC-SM - TES.Dvt.ScriptExecStateMachine, ID[9]
2013/07/17 22:06:20:325  STATE:  Changing state to ScriptExecStateMachine.ExecStateMachineWithCustomExitEventsState, ID[2]
2013/07/17 22:06:20:326  STATE:  Changing state to ReadSM.ReadingState, ID[8]
2013/07/17 22:06:20:327  ACTION: READ_FROM_16_BIT_ADDR_WITH_CRC32, Address=SYS_ERRORS(0xF56C) Length=1
2013/07/17 22:06:20:401  EVENT:  Command Completed, ID[23], Command=0x82 (READ_FROM_16_BIT_ADDR_WITH_CRC32), CRC32=0xE69CA3FE, Data=0xB0
2013/07/17 22:06:20:403  EVENT:  Read Memory Complete, ID[24]
2013/07/17 22:06:20:403  STATE:  Changing state to ReadSM.IdleState, ID[6]
2013/07/17 22:06:20:403  STATE:  Changing state to ScriptExecStateMachine.WaitForNextCmdState, ID[1]
2013/07/17 22:06:20:403  INFO:   STATE MACHINE EXITED: SMLibrary.ReadSM
2013/07/17 22:06:20:436  EVENT:  Marker (Device Summary), ID[25], Timestamp=0x03[full:not set], Data[0]=0x00, Data[1]=0x40 DynamicShockPolarity=HVA_POSITIVE SystemErrorOccurred 
2013/07/17 22:06:20:758  INFO:   Enabling the timestamp/interval calculations
2013/07/17 22:06:20:761  EVENT:  Marker (Beat Detected - WA Suspect), ID[26], Timestamp=0x2E[full:46], ID=198,Data=0x80 Interval is invalid or exceeds 2 seconds
2013/07/17 22:06:20:789  EVENT:  Marker (Data), ID[27], Timestamp=0x2E[full:46], Data[0]=0x82, Data[1]=0x58
2013/07/17 22:06:21:258  EVENT:  Marker (Device Summary), ID[28], Timestamp=0x6E[full:110], Data[0]=0x00, Data[1]=0x40 DynamicShockPolarity=HVA_POSITIVE SystemErrorOccurred 
2013/07/17 22:06:21:383  EVENT:  Marker (Beat Detected - WA Suspect), ID[29], Timestamp=0x77[full:119], ID=199,Data=0x80 Interval = 570 ms
2013/07/17 22:06:21:418  EVENT:  Marker (Data), ID[30], Timestamp=0x77[full:119], Data[0]=0x82, Data[1]=0x58
2013/07/17 22:06:21:963  EVENT:  Marker (Beat Detected - WA Suspect), ID[31], Timestamp=0xC8[full:200], ID=200,Data=0x80 Interval = 633 ms
2013/07/17 22:06:21:993  EVENT:  Marker (Data), ID[32], Timestamp=0xC8[full:200], Data[0]=0x82, Data[1]=0x58
2013/07/17 22:06:22:263  EVENT:  Marker (Device Summary), ID[33], Timestamp=0xEE[full:238], Data[0]=0x00, Data[1]=0x40 DynamicShockPolarity=HVA_POSITIVE SystemErrorOccurred 
2013/07/17 22:06:22:543  EVENT:  Marker (Beat Detected - WA Suspect), ID[34], Timestamp=0x12[full:274], ID=201,Data=0x80 Interval = 578 ms
2013/07/17 22:06:22:573  EVENT:  Marker (Data), ID[35], Timestamp=0x12[full:274], Data[0]=0x82, Data[1]=0x58
2013/07/17 22:06:23:108  EVENT:  Marker (Beat Detected - WA Suspect), ID[36], Timestamp=0x5A[full:346], ID=202,Data=0x80 Interval = 562 ms
2013/07/17 22:06:23:138  EVENT:  Marker (Data), ID[37], Timestamp=0x5A[full:346], Data[0]=0x82, Data[1]=0x58
2013/07/17 22:06:23:263  EVENT:  Marker (Device Summary), ID[38], Timestamp=0x6E[full:366], Data[0]=0x00, Data[1]=0x40 DynamicShockPolarity=HVA_POSITIVE SystemErrorOccurred 
2013/07/17 22:06:23:828  EVENT:  Marker (Beat Detected - WA Suspect), ID[39], Timestamp=0xB7[full:439], ID=203,Data=0x80 Interval = 727 ms
2013/07/17 22:06:23:858  EVENT:  Marker (Data), ID[40], Timestamp=0xB7[full:439], Data[0]=0x82, Data[1]=0x58
2013/07/17 22:06:24:263  EVENT:  Marker (Device Summary), ID[41], Timestamp=0xEE[full:494], Data[0]=0x00, Data[1]=0x40 DynamicShockPolarity=HVA_POSITIVE SystemErrorOccurred 
2013/07/17 22:06:24:453  EVENT:  Marker (Beat Detected - WA Suspect), ID[42], Timestamp=0x07[full:519], ID=204,Data=0x80 Interval = 625 ms
2013/07/17 22:06:24:483  EVENT:  Marker (Data), ID[43], Timestamp=0x07[full:519], Data[0]=0x82, Data[1]=0x58
2013/07/17 22:06:25:143  EVENT:  Marker (Beat Detected - WA Suspect), ID[44], Timestamp=0x5F[full:607], ID=205,Data=0x80 Interval = 688 ms
2013/07/17 22:06:25:173  EVENT:  Marker (Data), ID[45], Timestamp=0x5F[full:607], Data[0]=0x82, Data[1]=0x58
2013/07/17 22:06:25:313  EVENT:  Marker (Device Summary), ID[46], Timestamp=0x6E[full:622], Data[0]=0x00, Data[1]=0x40 DynamicShockPolarity=HVA_POSITIVE SystemErrorOccurred 
2013/07/17 22:06:25:410  INFO:   EXECUTING STATE: IronPython.NewTypes.System.Object#IScriptExecState_5$5 Timeout: 00:00:02
2013/07/17 22:06:25:410  EVENT:  SCRIPT-EXEC:EXEC-STATE - TES.Dvt.ScriptExecStateMachine, ID[11]
2013/07/17 22:06:25:410  STATE:  Changing state to ScriptExecStateMachine.ExecState, ID[4]
2013/07/17 22:06:25:411  ACTION: Break Link
2013/07/17 22:06:25:720  INFO:   Enabling the timestamp/interval calculations
2013/07/17 22:06:25:720  EVENT:  Marker (Beat Detected - WA Suspect), ID[48], Timestamp=0xAA[full:170], ID=206,Data=0x80 Interval is invalid or exceeds 2 seconds
2013/07/17 22:06:25:750  EVENT:  Marker (Data), ID[49], Timestamp=0xAA[full:170], Data[0]=0x82, Data[1]=0x58
2013/07/17 22:06:26:088  INFO:   Unregistering the ICD session delegates
2013/07/17 22:06:26:088  EVENT:  Command Completed, ID[50], Command=0xE4 (Break Link)
2013/07/17 22:06:26:248  EVENT:  Disconnected, ID[51], clean
2013/07/17 22:06:26:248  STATE:  Changing state to ScriptExecStateMachine.WaitForNextCmdState, ID[1]
2013/07/17 22:06:26:248  INFO:   STATE EXITED: IronPython.NewTypes.System.Object#IScriptExecState_5$5
2013/07/17 22:06:31:252  EVENT:  SCRIPT-EXEC:EXIT - TES.Dvt.ScriptExecStateMachine, ID[8]
2013/07/17 22:06:31:253  INFO:   Terminating ScriptEngineProcedure
2013/07/17 22:06:31:253  EVENT:  Terminate Dispatch, ID[52]
2013/07/17 22:06:31:253  EVENT:  TES.Dvt.ScriptExecStateMachine.DoneEvent, ID[6]
2013/07/17 22:06:31:253  STATE:  Changing state to ScriptExecStateMachine.IdleState, ID[6]
2013/07/17 22:06:31:262  INFO:   ScriptEngineProcedure Completed
2013/07/17 22:06:31:263  INFO:   Testcase Summary:
2013/07/17 22:06:31:263  RESULT: Test Procedure ScriptEngineProcedure (FAILED)
2013/07/17 22:06:31:263  INFO:   Procedure Runtime = 00:00:29
2013/07/17 22:06:31:271  INFO:   The event dispatch thread ScriptEngineProcedure exited.
