2013/07/31 20:21:54:181  INFO:   Loaded Symbol File C:\ISV System\Config\FirmwareSymbols\build178.sym for firmware Build #178
2013/07/31 20:21:54:196  INFO:   CommunicationSystemLog properties: .\CommunicationSystem.logger.properties
2013/07/31 20:21:54:196  INFO:   CommunicationSystemLog log       : .\logs\systemBerScriptLog 2013.07.31 20.21.54_CommunicationSystem.Log
2013/07/31 20:21:57:953  INFO:   Setting the event sink for ScriptEngineProcedure
2013/07/31 20:21:57:953  INFO:   Program parameters checks are enabled
2013/07/31 20:21:57:958  INFO:   ********************************************************************************
2013/07/31 20:21:57:958  INFO:   Starting ScriptEngineProcedure, Assembly  version 
2013/07/31 20:21:57:963  INFO:   Config: ICD (NCommunicationSystem ver: nCommunicationSystem, Version=1.8.2.1, Culture=neutral, PublicKeyToken=56b5378c99c0bcfd; FTDI Driver ver: 2.08.24.0; PRB FPGA ver: 7)
2013/07/31 20:21:57:963  INFO:   Setting the radio board transmit power to level 0x7.
2013/07/31 20:21:57:966  INFO:   Radio board power level set to 7.
2013/07/31 20:21:57:966  INFO:   ECG Timeout Interval set to 10 seconds.
2013/07/31 20:21:57:967  STATE:  Changing state to ScriptExecStateMachine.WaitForNextCmdState, ID[1]
2013/07/31 20:21:57:967  INFO:   FwDvtSystem Started the event processing thread
2013/07/31 20:21:58:016  ACTION: Read PRB FPGA: Address=0x3000 Data=0x07
2013/07/31 20:21:58:020  RESULT: FPGA 0x3000 Expected: 18 Actual: 7
2013/07/31 20:21:58:022  RESULT: ERROR Expected: 18 Actual: 7
2013/07/31 20:21:58:023  ACTION: Calibrate CC1020
2013/07/31 20:21:58:120  INFO:   CC1020 calibration passed
2013/07/31 20:21:58:128  ACTION: Read C1020: Address 0x04 Data=0x35
2013/07/31 20:21:58:133  ACTION: Read C1020: Address 0x05 Data=0xF0
2013/07/31 20:21:58:137  ACTION: Read C1020: Address 0x06 Data=0x21
2013/07/31 20:21:58:140  ACTION: Read C1020: Address 0x07 Data=0x38
2013/07/31 20:21:58:144  ACTION: Read C1020: Address 0x08 Data=0x35
2013/07/31 20:21:58:147  ACTION: Read C1020: Address 0x09 Data=0xFA
2013/07/31 20:21:58:150  ACTION: Read C1020: Address 0x0A Data=0xCB
2013/07/31 20:21:58:155  ACTION: Read C1020: Address 0x0B Data=0x38
2013/07/31 20:21:58:159  ACTION: Read C1020: Address 0x1D Data=0x00
2013/07/31 20:21:58:162  ACTION: Read C1020: Address 0x45 Data=0x5C
2013/07/31 20:21:58:166  ACTION: Read C1020: Address 0x46 Data=0x66
2013/07/31 20:21:58:171  ACTION: Read C1020: Address 0x47 Data=0x44
2013/07/31 20:21:58:182  ACTION: Read PRB FPGA: Address=0x305E Data=0x00
2013/07/31 20:21:58:184  ACTION: Read PRB FPGA: Address=0x3060 Data=0x00
2013/07/31 20:21:58:187  ACTION: Read PRB FPGA: Address=0x3062 Data=0x00
2013/07/31 20:21:58:195  ACTION: Read PRB FPGA: Address=0x3066 Data=0x00
2013/07/31 20:21:58:198  ACTION: Read PRB FPGA: Address=0x3068 Data=0x00
2013/07/31 20:21:58:201  ACTION: Read PRB FPGA: Address=0x306A Data=0x00
2013/07/31 20:21:58:203  ACTION: Write PRB FPGA: Address=0x1026 Data=0x00
2013/07/31 20:21:58:210  INFO:   EXECUTING STATE: SMLibrary.Dvt.IcdCmd+ScanState Timeout: 00:00:30
2013/07/31 20:21:58:210  EVENT:  SCRIPT-EXEC:EXEC-STATE - TES.Dvt.ScriptExecStateMachine, ID[11]
2013/07/31 20:21:58:212  STATE:  Changing state to ScriptExecStateMachine.ExecState, ID[4]
2013/07/31 20:21:58:212  INFO:   Setting the radio board transmit power to level 0x7.
2013/07/31 20:21:58:216  INFO:   Radio board power level set to 7.
2013/07/31 20:21:58:217  ACTION: Setting radio board configuration for hybrid.
2013/07/31 20:21:58:217  ACTION: Set radio board to DIO inverting mode.
2013/07/31 20:21:58:217  ACTION: Write PRB FPGA: Address=0x3012 Data=0x01
2013/07/31 20:21:58:220  ACTION: PRB Set Link Data Rate: Slow
2013/07/31 20:21:58:223  ACTION: Read PRB FPGA: Address=0x1004 Data=0x00
2013/07/31 20:21:58:223  ACTION: Write PRB FPGA: Address=0x1004 Data=0x00
2013/07/31 20:21:58:226  ACTION: Scanning for devices, primary scan duration = 9 sec, secondary scan duration = 2 sec
2013/07/31 20:22:09:404  INFO:   Primary scan device IDs: 0x801C0094 
2013/07/31 20:22:13:557  INFO:   Secondary scan device IDs: 0x801C0094 0x801C9999 
2013/07/31 20:22:13:560  EVENT:  Device ID List, ID[17]
                                 DeviceID[0] : ID 0x801C9999 (Model 0, Serial 39321, SW Version 7, Is Implanted)
                                 DeviceID[1] : ID 0x801C0094 (Model 0, Serial 148, SW Version 7, Is Implanted)
2013/07/31 20:22:13:560  STATE:  Changing state to ScriptExecStateMachine.WaitForNextCmdState, ID[1]
2013/07/31 20:22:13:560  INFO:   STATE EXITED: SMLibrary.Dvt.IcdCmd+ScanState
2013/07/31 20:22:13:577  INFO:   EXECUTING STATE: SMLibrary.Dvt.IcdCmd+ConnectState Timeout: 00:00:24
2013/07/31 20:22:13:577  EVENT:  SCRIPT-EXEC:EXEC-STATE - TES.Dvt.ScriptExecStateMachine, ID[11]
2013/07/31 20:22:13:577  STATE:  Changing state to ScriptExecStateMachine.ExecState, ID[4]
2013/07/31 20:22:13:578  ACTION: PRB Set Link Data Rate: Slow
2013/07/31 20:22:13:581  ACTION: Read PRB FPGA: Address=0x1004 Data=0x00
2013/07/31 20:22:13:581  ACTION: Write PRB FPGA: Address=0x1004 Data=0x00
2013/07/31 20:22:13:584  ACTION: Connecting to device ID 0x801C0094 (Model 0, Serial 148, SW Version 7, Is Implanted)
2013/07/31 20:22:16:273  INFO:   Registering the ICD session delegates
2013/07/31 20:22:16:273  EVENT:  Connect Succeeded, ID[19]
2013/07/31 20:22:16:273  STATE:  Changing state to ScriptExecStateMachine.WaitForNextCmdState, ID[1]
2013/07/31 20:22:16:273  INFO:   STATE EXITED: SMLibrary.Dvt.IcdCmd+ConnectState
2013/07/31 20:22:16:279  INFO:   EXECUTING STATE MACHINE: SMLibrary.ReadSM Timeout: 00:00:01.3120000
2013/07/31 20:22:16:279  EVENT:  SCRIPT-EXEC:EXEC-SM - TES.Dvt.ScriptExecStateMachine, ID[9]
2013/07/31 20:22:16:280  STATE:  Changing state to ScriptExecStateMachine.ExecStateMachineWithCustomExitEventsState, ID[2]
2013/07/31 20:22:16:280  STATE:  Changing state to ReadSM.ReadingState, ID[8]
2013/07/31 20:22:16:281  ACTION: READ_FROM_16_BIT_ADDR_WITH_CRC32, Address=SYS_ERRORS(0xF56C) Length=1
2013/07/31 20:22:16:353  EVENT:  Command Completed, ID[23], Command=0x82 (READ_FROM_16_BIT_ADDR_WITH_CRC32), CRC32=0xE69CA3FE, Data=0xB0
2013/07/31 20:22:16:354  EVENT:  Read Memory Complete, ID[24]
2013/07/31 20:22:16:355  STATE:  Changing state to ReadSM.IdleState, ID[6]
2013/07/31 20:22:16:355  STATE:  Changing state to ScriptExecStateMachine.WaitForNextCmdState, ID[1]
2013/07/31 20:22:16:355  INFO:   STATE MACHINE EXITED: SMLibrary.ReadSM
2013/07/31 20:22:16:359  INFO:   EXECUTING STATE: IronPython.NewTypes.System.Object#IScriptExecState_5$5 Timeout: 00:00:02
2013/07/31 20:22:16:359  EVENT:  SCRIPT-EXEC:EXEC-STATE - TES.Dvt.ScriptExecStateMachine, ID[11]
2013/07/31 20:22:16:359  STATE:  Changing state to ScriptExecStateMachine.ExecState, ID[4]
2013/07/31 20:22:16:361  ACTION: Return Last Command
2013/07/31 20:22:16:384  EVENT:  Marker (Device Summary), ID[26], Timestamp=0xF6[full:not set], Data[0]=0x00, Data[1]=0x40 DynamicShockPolarity=HVA_POSITIVE SystemErrorOccurred 
2013/07/31 20:22:16:397  EVENT:  Command Completed, ID[27], Command=0x60 (Return Last Command), time since last CMDCompleted: 45 ms,
                                 0x00 : 82801C00 94   
2013/07/31 20:22:16:404  STATE:  Changing state to ScriptExecStateMachine.WaitForNextCmdState, ID[1]
2013/07/31 20:22:16:404  INFO:   STATE EXITED: IronPython.NewTypes.System.Object#IScriptExecState_5$5
2013/07/31 20:22:16:416  INFO:   EXECUTING STATE: IronPython.NewTypes.System.Object#IScriptExecState_5$5 Timeout: 00:00:02
2013/07/31 20:22:16:416  EVENT:  SCRIPT-EXEC:EXEC-STATE - TES.Dvt.ScriptExecStateMachine, ID[11]
2013/07/31 20:22:16:416  STATE:  Changing state to ScriptExecStateMachine.ExecState, ID[4]
2013/07/31 20:22:16:416  ACTION: Return Last Command
2013/07/31 20:22:16:459  EVENT:  Command Completed, ID[29], Command=0x60 (Return Last Command), time since last CMDCompleted: 62 ms,
                                 0x00 : 82801C00 94   
2013/07/31 20:22:16:465  STATE:  Changing state to ScriptExecStateMachine.WaitForNextCmdState, ID[1]
2013/07/31 20:22:16:465  INFO:   STATE EXITED: IronPython.NewTypes.System.Object#IScriptExecState_5$5
2013/07/31 20:22:16:467  INFO:   EXECUTING STATE MACHINE: SMLibrary.ReadSM Timeout: 00:00:01.3120000
2013/07/31 20:22:16:467  EVENT:  SCRIPT-EXEC:EXEC-SM - TES.Dvt.ScriptExecStateMachine, ID[9]
2013/07/31 20:22:16:467  STATE:  Changing state to ScriptExecStateMachine.ExecStateMachineWithCustomExitEventsState, ID[2]
2013/07/31 20:22:16:467  STATE:  Changing state to ReadSM.ReadingState, ID[9]
2013/07/31 20:22:16:467  ACTION: READ_FROM_16_BIT_ADDR_WITH_CRC32, Address=SYS_ERRORS(0xF56C) Length=1
2013/07/31 20:22:16:525  EVENT:  Command Completed, ID[33], Command=0x82 (READ_FROM_16_BIT_ADDR_WITH_CRC32), time since last CMDCompleted: 66 ms, CRC32=0xE69CA3FE, Data=0xB0
2013/07/31 20:22:16:525  EVENT:  Read Memory Complete, ID[34]
2013/07/31 20:22:16:525  STATE:  Changing state to ReadSM.IdleState, ID[6]
2013/07/31 20:22:16:525  STATE:  Changing state to ScriptExecStateMachine.WaitForNextCmdState, ID[1]
2013/07/31 20:22:16:525  INFO:   STATE MACHINE EXITED: SMLibrary.ReadSM
2013/07/31 20:22:16:526  INFO:   EXECUTING STATE: IronPython.NewTypes.System.Object#IScriptExecState_5$5 Timeout: 00:00:02
2013/07/31 20:22:16:526  EVENT:  SCRIPT-EXEC:EXEC-STATE - TES.Dvt.ScriptExecStateMachine, ID[11]
2013/07/31 20:22:16:526  STATE:  Changing state to ScriptExecStateMachine.ExecState, ID[4]
2013/07/31 20:22:16:526  ACTION: Return Last Command
2013/07/31 20:22:16:571  EVENT:  Command Completed, ID[36], Command=0x60 (Return Last Command), time since last CMDCompleted: 46 ms,
                                 0x00 : 92801C00 94   
2013/07/31 20:22:16:581  STATE:  Changing state to ScriptExecStateMachine.WaitForNextCmdState, ID[1]
2013/07/31 20:22:16:582  INFO:   STATE EXITED: IronPython.NewTypes.System.Object#IScriptExecState_5$5
2013/07/31 20:22:16:614  INFO:   EXECUTING STATE MACHINE: SMLibrary.ReadSM Timeout: 00:00:01.3120000
2013/07/31 20:22:16:614  EVENT:  SCRIPT-EXEC:EXEC-SM - TES.Dvt.ScriptExecStateMachine, ID[9]
2013/07/31 20:22:16:615  STATE:  Changing state to ScriptExecStateMachine.ExecStateMachineWithCustomExitEventsState, ID[2]
2013/07/31 20:22:16:615  STATE:  Changing state to ReadSM.ReadingState, ID[10]
2013/07/31 20:22:16:615  ACTION: READ_FROM_16_BIT_ADDR_WITH_CRC32, Address=SYS_ERRORS(0xF56C) Length=1
2013/07/31 20:22:16:663  EVENT:  Command Completed, ID[40], Command=0x82 (READ_FROM_16_BIT_ADDR_WITH_CRC32), time since last CMDCompleted: 92 ms, CRC32=0xE69CA3FE, Data=0xB0
2013/07/31 20:22:16:663  EVENT:  Read Memory Complete, ID[41]
2013/07/31 20:22:16:663  STATE:  Changing state to ReadSM.IdleState, ID[6]
2013/07/31 20:22:16:663  STATE:  Changing state to ScriptExecStateMachine.WaitForNextCmdState, ID[1]
2013/07/31 20:22:16:663  INFO:   STATE MACHINE EXITED: SMLibrary.ReadSM
2013/07/31 20:22:16:664  INFO:   EXECUTING STATE: IronPython.NewTypes.System.Object#IScriptExecState_5$5 Timeout: 00:00:02
2013/07/31 20:22:16:664  EVENT:  SCRIPT-EXEC:EXEC-STATE - TES.Dvt.ScriptExecStateMachine, ID[11]
2013/07/31 20:22:16:664  STATE:  Changing state to ScriptExecStateMachine.ExecState, ID[4]
2013/07/31 20:22:16:664  ACTION: Return Last Command
2013/07/31 20:22:16:694  EVENT:  Command Completed, ID[43], Command=0x60 (Return Last Command), time since last CMDCompleted: 31 ms,
                                 0x00 : 92801C00 94   
2013/07/31 20:22:16:696  STATE:  Changing state to ScriptExecStateMachine.WaitForNextCmdState, ID[1]
2013/07/31 20:22:16:696  INFO:   STATE EXITED: IronPython.NewTypes.System.Object#IScriptExecState_5$5
2013/07/31 20:22:16:716  INFO:   EXECUTING STATE MACHINE: SMLibrary.ReadSM Timeout: 00:00:01.3120000
2013/07/31 20:22:16:716  EVENT:  SCRIPT-EXEC:EXEC-SM - TES.Dvt.ScriptExecStateMachine, ID[9]
2013/07/31 20:22:16:716  STATE:  Changing state to ScriptExecStateMachine.ExecStateMachineWithCustomExitEventsState, ID[2]
2013/07/31 20:22:16:716  STATE:  Changing state to ReadSM.ReadingState, ID[11]
2013/07/31 20:22:16:716  ACTION: READ_FROM_16_BIT_ADDR_WITH_CRC32, Address=SYS_ERRORS(0xF56C) Length=1
2013/07/31 20:22:16:775  EVENT:  Command Completed, ID[47], Command=0x82 (READ_FROM_16_BIT_ADDR_WITH_CRC32), time since last CMDCompleted: 81 ms, CRC32=0xE69CA3FE, Data=0xB0
2013/07/31 20:22:16:775  EVENT:  Read Memory Complete, ID[48]
2013/07/31 20:22:16:775  STATE:  Changing state to ReadSM.IdleState, ID[6]
2013/07/31 20:22:16:775  STATE:  Changing state to ScriptExecStateMachine.WaitForNextCmdState, ID[1]
2013/07/31 20:22:16:775  INFO:   STATE MACHINE EXITED: SMLibrary.ReadSM
2013/07/31 20:22:16:776  INFO:   EXECUTING STATE: IronPython.NewTypes.System.Object#IScriptExecState_5$5 Timeout: 00:00:02
2013/07/31 20:22:16:776  EVENT:  SCRIPT-EXEC:EXEC-STATE - TES.Dvt.ScriptExecStateMachine, ID[11]
2013/07/31 20:22:16:776  STATE:  Changing state to ScriptExecStateMachine.ExecState, ID[4]
2013/07/31 20:22:16:776  ACTION: Return Last Command
2013/07/31 20:22:16:821  EVENT:  Command Completed, ID[50], Command=0x60 (Return Last Command), time since last CMDCompleted: 46 ms,
                                 0x00 : 92801C00 94   
2013/07/31 20:22:16:825  STATE:  Changing state to ScriptExecStateMachine.WaitForNextCmdState, ID[1]
2013/07/31 20:22:16:825  INFO:   STATE EXITED: IronPython.NewTypes.System.Object#IScriptExecState_5$5
2013/07/31 20:22:16:835  INFO:   EXECUTING STATE MACHINE: SMLibrary.WriteSM Timeout: 00:00:01.4360000
2013/07/31 20:22:16:835  EVENT:  SCRIPT-EXEC:EXEC-DVT-SM - TES.Dvt.ScriptExecStateMachine, ID[10]
2013/07/31 20:22:16:835  STATE:  Changing state to ScriptExecStateMachine.ExecStateMachineState, ID[3]
2013/07/31 20:22:16:836  STATE:  Changing state to WriteSM.WritingState, ID[12]
2013/07/31 20:22:16:837  ACTION: Write RAM, Address=(0x00F1C0), Length=1, Data=0x07
2013/07/31 20:22:16:899  EVENT:  Command Completed, ID[54], Command=0x81 (Write to 16-bit Address), time since last CMDCompleted: 78 ms
2013/07/31 20:22:16:900  EVENT:  SMLibrary.WriteSM.DoneEvent, ID[51]
2013/07/31 20:22:16:900  STATE:  Changing state to WriteSM.IdleState, ID[6]
2013/07/31 20:22:16:900  STATE:  Changing state to ScriptExecStateMachine.WaitForNextCmdState, ID[1]
2013/07/31 20:22:16:900  INFO:   STATE MACHINE EXITED: SMLibrary.WriteSM
2013/07/31 20:22:16:900  INFO:   EXECUTING STATE: IronPython.NewTypes.System.Object#IScriptExecState_5$5 Timeout: 00:00:02
2013/07/31 20:22:16:900  EVENT:  SCRIPT-EXEC:EXEC-STATE - TES.Dvt.ScriptExecStateMachine, ID[11]
2013/07/31 20:22:16:900  STATE:  Changing state to ScriptExecStateMachine.ExecState, ID[4]
2013/07/31 20:22:16:900  ACTION: Return Last Command
2013/07/31 20:22:16:930  EVENT:  Command Completed, ID[56], Command=0x60 (Return Last Command), time since last CMDCompleted: 31 ms,
                                 0x00 : 91801C00 94   
2013/07/31 20:22:16:936  STATE:  Changing state to ScriptExecStateMachine.WaitForNextCmdState, ID[1]
2013/07/31 20:22:16:937  INFO:   STATE EXITED: IronPython.NewTypes.System.Object#IScriptExecState_5$5
2013/07/31 20:22:16:951  INFO:   EXECUTING STATE MACHINE: SMLibrary.WriteSM Timeout: 00:00:01.4360000
2013/07/31 20:22:16:951  EVENT:  SCRIPT-EXEC:EXEC-DVT-SM - TES.Dvt.ScriptExecStateMachine, ID[10]
2013/07/31 20:22:16:951  STATE:  Changing state to ScriptExecStateMachine.ExecStateMachineState, ID[3]
2013/07/31 20:22:16:951  STATE:  Changing state to WriteSM.WritingState, ID[13]
2013/07/31 20:22:16:951  ACTION: Write RAM, Address=(0x00F1C0), Length=1, Data=0x07
2013/07/31 20:22:17:009  EVENT:  Command Completed, ID[60], Command=0x81 (Write to 16-bit Address), time since last CMDCompleted: 79 ms
2013/07/31 20:22:17:009  EVENT:  SMLibrary.WriteSM.DoneEvent, ID[57]
2013/07/31 20:22:17:009  STATE:  Changing state to WriteSM.IdleState, ID[6]
2013/07/31 20:22:17:009  STATE:  Changing state to ScriptExecStateMachine.WaitForNextCmdState, ID[1]
2013/07/31 20:22:17:009  INFO:   STATE MACHINE EXITED: SMLibrary.WriteSM
2013/07/31 20:22:17:009  INFO:   EXECUTING STATE: IronPython.NewTypes.System.Object#IScriptExecState_5$5 Timeout: 00:00:02
2013/07/31 20:22:17:009  EVENT:  SCRIPT-EXEC:EXEC-STATE - TES.Dvt.ScriptExecStateMachine, ID[11]
2013/07/31 20:22:17:009  STATE:  Changing state to ScriptExecStateMachine.ExecState, ID[4]
2013/07/31 20:22:17:009  ACTION: Return Last Command
2013/07/31 20:22:17:040  EVENT:  Command Completed, ID[62], Command=0x60 (Return Last Command), time since last CMDCompleted: 31 ms,
                                 0x00 : 91801C00 94   
2013/07/31 20:22:17:043  STATE:  Changing state to ScriptExecStateMachine.WaitForNextCmdState, ID[1]
2013/07/31 20:22:17:043  INFO:   STATE EXITED: IronPython.NewTypes.System.Object#IScriptExecState_5$5
2013/07/31 20:22:17:048  INFO:   EXECUTING STATE MACHINE: SMLibrary.WriteSM Timeout: 00:00:01.4360000
2013/07/31 20:22:17:048  EVENT:  SCRIPT-EXEC:EXEC-DVT-SM - TES.Dvt.ScriptExecStateMachine, ID[10]
2013/07/31 20:22:17:048  STATE:  Changing state to ScriptExecStateMachine.ExecStateMachineState, ID[3]
2013/07/31 20:22:17:048  STATE:  Changing state to WriteSM.WritingState, ID[14]
2013/07/31 20:22:17:048  ACTION: Write RAM, Address=(0x00F1C0), Length=1, Data=0x07
2013/07/31 20:22:17:102  EVENT:  Command Completed, ID[66], Command=0x81 (Write to 16-bit Address), time since last CMDCompleted: 62 ms
2013/07/31 20:22:17:102  EVENT:  SMLibrary.WriteSM.DoneEvent, ID[63]
2013/07/31 20:22:17:102  STATE:  Changing state to WriteSM.IdleState, ID[6]
2013/07/31 20:22:17:102  STATE:  Changing state to ScriptExecStateMachine.WaitForNextCmdState, ID[1]
2013/07/31 20:22:17:102  INFO:   STATE MACHINE EXITED: SMLibrary.WriteSM
2013/07/31 20:22:17:102  INFO:   EXECUTING STATE: IronPython.NewTypes.System.Object#IScriptExecState_5$5 Timeout: 00:00:02
2013/07/31 20:22:17:102  EVENT:  SCRIPT-EXEC:EXEC-STATE - TES.Dvt.ScriptExecStateMachine, ID[11]
2013/07/31 20:22:17:102  STATE:  Changing state to ScriptExecStateMachine.ExecState, ID[4]
2013/07/31 20:22:17:102  ACTION: Return Last Command
2013/07/31 20:22:17:133  EVENT:  Command Completed, ID[68], Command=0x60 (Return Last Command), time since last CMDCompleted: 31 ms,
                                 0x00 : 91801C00 94   
2013/07/31 20:22:17:136  STATE:  Changing state to ScriptExecStateMachine.WaitForNextCmdState, ID[1]
2013/07/31 20:22:17:136  INFO:   STATE EXITED: IronPython.NewTypes.System.Object#IScriptExecState_5$5
2013/07/31 20:22:17:143  INFO:   EXECUTING STATE MACHINE: SMLibrary.ReadSM Timeout: 00:00:01.3120000
2013/07/31 20:22:17:143  EVENT:  SCRIPT-EXEC:EXEC-SM - TES.Dvt.ScriptExecStateMachine, ID[9]
2013/07/31 20:22:17:143  STATE:  Changing state to ScriptExecStateMachine.ExecStateMachineWithCustomExitEventsState, ID[2]
2013/07/31 20:22:17:143  STATE:  Changing state to ReadSM.ReadingState, ID[15]
2013/07/31 20:22:17:143  ACTION: READ_FROM_16_BIT_ADDR_WITH_CRC32, Address=SYS_ERRORS(0xF56C) Length=1
2013/07/31 20:22:17:196  EVENT:  Command Completed, ID[72], Command=0x82 (READ_FROM_16_BIT_ADDR_WITH_CRC32), time since last CMDCompleted: 63 ms, CRC32=0xE69CA3FE, Data=0xB0
2013/07/31 20:22:17:196  EVENT:  Read Memory Complete, ID[73]
2013/07/31 20:22:17:196  STATE:  Changing state to ReadSM.IdleState, ID[6]
2013/07/31 20:22:17:196  STATE:  Changing state to ScriptExecStateMachine.WaitForNextCmdState, ID[1]
2013/07/31 20:22:17:196  INFO:   STATE MACHINE EXITED: SMLibrary.ReadSM
2013/07/31 20:22:17:196  INFO:   EXECUTING STATE: IronPython.NewTypes.System.Object#IScriptExecState_5$5 Timeout: 00:00:02
2013/07/31 20:22:17:196  EVENT:  SCRIPT-EXEC:EXEC-STATE - TES.Dvt.ScriptExecStateMachine, ID[11]
2013/07/31 20:22:17:196  STATE:  Changing state to ScriptExecStateMachine.ExecState, ID[4]
2013/07/31 20:22:17:196  ACTION: Return Last Command
2013/07/31 20:22:17:227  EVENT:  Command Completed, ID[75], Command=0x60 (Return Last Command), time since last CMDCompleted: 31 ms,
                                 0x00 : 92801C00 94   
2013/07/31 20:22:17:230  STATE:  Changing state to ScriptExecStateMachine.WaitForNextCmdState, ID[1]
2013/07/31 20:22:17:230  INFO:   STATE EXITED: IronPython.NewTypes.System.Object#IScriptExecState_5$5
2013/07/31 20:22:17:249  INFO:   EXECUTING STATE MACHINE: SMLibrary.ReadSM Timeout: 00:00:01.0780000
2013/07/31 20:22:17:249  EVENT:  SCRIPT-EXEC:EXEC-SM - TES.Dvt.ScriptExecStateMachine, ID[9]
2013/07/31 20:22:17:249  STATE:  Changing state to ScriptExecStateMachine.ExecStateMachineWithCustomExitEventsState, ID[2]
2013/07/31 20:22:17:249  STATE:  Changing state to ReadSM.ReadingState, ID[16]
2013/07/31 20:22:17:249  ACTION: READ_FROM_16_BIT_ADDR_WITH_CRC32, Address=SYS_ERRORS(0xF56C) Length=1
2013/07/31 20:22:17:308  EVENT:  Command Completed, ID[79], Command=0x82 (READ_FROM_16_BIT_ADDR_WITH_CRC32), time since last CMDCompleted: 81 ms, CRC32=0xE69CA3FE, Data=0xB0
2013/07/31 20:22:17:308  EVENT:  Read Memory Complete, ID[80]
2013/07/31 20:22:17:308  STATE:  Changing state to ReadSM.IdleState, ID[6]
2013/07/31 20:22:17:308  STATE:  Changing state to ScriptExecStateMachine.WaitForNextCmdState, ID[1]
2013/07/31 20:22:17:308  INFO:   STATE MACHINE EXITED: SMLibrary.ReadSM
2013/07/31 20:22:17:310  INFO:   EXECUTING STATE MACHINE: SMLibrary.ReadSM Timeout: 00:00:01.0780000
2013/07/31 20:22:17:310  EVENT:  SCRIPT-EXEC:EXEC-SM - TES.Dvt.ScriptExecStateMachine, ID[9]
2013/07/31 20:22:17:310  STATE:  Changing state to ScriptExecStateMachine.ExecStateMachineWithCustomExitEventsState, ID[2]
2013/07/31 20:22:17:310  STATE:  Changing state to ReadSM.ReadingState, ID[17]
2013/07/31 20:22:17:310  ACTION: READ_FROM_16_BIT_ADDR_WITH_CRC32, Address=SYS_ERRORS(0xF56C) Length=1
2013/07/31 20:22:17:323  INFO:   Enabling the timestamp/interval calculations
2013/07/31 20:22:17:325  EVENT:  Marker (Device Summary), ID[84], Timestamp=0x6E[full:110], Data[0]=0x00, Data[1]=0x40 DynamicShockPolarity=HVA_POSITIVE SystemErrorOccurred 
2013/07/31 20:22:17:369  EVENT:  Command Completed, ID[85], Command=0x82 (READ_FROM_16_BIT_ADDR_WITH_CRC32), time since last CMDCompleted: 61 ms, CRC32=0xE69CA3FE, Data=0xB0
2013/07/31 20:22:17:369  EVENT:  Read Memory Complete, ID[86]
2013/07/31 20:22:17:369  STATE:  Changing state to ReadSM.IdleState, ID[6]
2013/07/31 20:22:17:369  STATE:  Changing state to ScriptExecStateMachine.WaitForNextCmdState, ID[1]
2013/07/31 20:22:17:369  INFO:   STATE MACHINE EXITED: SMLibrary.ReadSM
2013/07/31 20:22:17:370  INFO:   EXECUTING STATE MACHINE: SMLibrary.ReadSM Timeout: 00:00:01.0780000
2013/07/31 20:22:17:370  EVENT:  SCRIPT-EXEC:EXEC-SM - TES.Dvt.ScriptExecStateMachine, ID[9]
2013/07/31 20:22:17:370  STATE:  Changing state to ScriptExecStateMachine.ExecStateMachineWithCustomExitEventsState, ID[2]
2013/07/31 20:22:17:370  STATE:  Changing state to ReadSM.ReadingState, ID[18]
2013/07/31 20:22:17:370  ACTION: READ_FROM_16_BIT_ADDR_WITH_CRC32, Address=SYS_ERRORS(0xF56C) Length=1
2013/07/31 20:22:17:415  EVENT:  Command Completed, ID[90], Command=0x82 (READ_FROM_16_BIT_ADDR_WITH_CRC32), time since last CMDCompleted: 46 ms, CRC32=0xE69CA3FE, Data=0xB0
2013/07/31 20:22:17:415  EVENT:  Read Memory Complete, ID[91]
2013/07/31 20:22:17:415  STATE:  Changing state to ReadSM.IdleState, ID[6]
2013/07/31 20:22:17:415  STATE:  Changing state to ScriptExecStateMachine.WaitForNextCmdState, ID[1]
2013/07/31 20:22:17:415  INFO:   STATE MACHINE EXITED: SMLibrary.ReadSM
2013/07/31 20:22:17:438  INFO:   EXECUTING STATE MACHINE: SMLibrary.ReadSM Timeout: 00:00:01.3120000
2013/07/31 20:22:17:438  EVENT:  SCRIPT-EXEC:EXEC-SM - TES.Dvt.ScriptExecStateMachine, ID[9]
2013/07/31 20:22:17:438  STATE:  Changing state to ScriptExecStateMachine.ExecStateMachineWithCustomExitEventsState, ID[2]
2013/07/31 20:22:17:438  STATE:  Changing state to ReadSM.ReadingState, ID[19]
2013/07/31 20:22:17:438  ACTION: READ_FROM_16_BIT_ADDR_WITH_CRC32, Address=SYS_ERRORS16(0xF56C) Length=2
2013/07/31 20:22:17:496  EVENT:  Command Completed, ID[95], Command=0x82 (READ_FROM_16_BIT_ADDR_WITH_CRC32), time since last CMDCompleted: 81 ms, CRC32=0x2C3F0228, Data=0xB040
2013/07/31 20:22:17:496  EVENT:  Read Memory Complete, ID[96]
2013/07/31 20:22:17:496  STATE:  Changing state to ReadSM.IdleState, ID[6]
2013/07/31 20:22:17:496  STATE:  Changing state to ScriptExecStateMachine.WaitForNextCmdState, ID[1]
2013/07/31 20:22:17:496  INFO:   STATE MACHINE EXITED: SMLibrary.ReadSM
2013/07/31 20:22:17:501  EVENT:  SCRIPT-EXEC:EXIT - TES.Dvt.ScriptExecStateMachine, ID[8]
2013/07/31 20:22:17:502  EVENT:  TES.Dvt.ScriptExecStateMachine.DoneEvent, ID[6]
2013/07/31 20:22:17:502  INFO:   Terminating ScriptEngineProcedure
2013/07/31 20:22:17:502  STATE:  Changing state to ScriptExecStateMachine.IdleState, ID[6]
2013/07/31 20:22:17:502  EVENT:  Terminate Dispatch, ID[97]
2013/07/31 20:22:17:514  INFO:   ScriptEngineProcedure Completed
2013/07/31 20:22:17:515  INFO:   Testcase Summary:
2013/07/31 20:22:17:515  RESULT: Test Procedure ScriptEngineProcedure (FAILED)
2013/07/31 20:22:17:515  INFO:   Procedure Runtime = 00:00:19
2013/07/31 20:22:17:521  INFO:   The event dispatch thread ScriptEngineProcedure exited.
