<<<<< Log Header: 07/17/2013 22:16:46 >>>>>
2013/07/17 22:16:46:292 [004300] INFO [NCommunicationSystem.cpp, 108] - nCommunicationSystem, Version=1.8.2.1, Culture=neutral, PublicKeyToken=56b5378c99c0bcfd
2013/07/17 22:16:46:308 [004300] INFO [ExceptionCatchingThread.cpp, 257] - Created the timer thread with id 4496 (0x1190).
2013/07/17 22:16:46:310 [004496] INFO [ExceptionCatchingThread.cpp, 168] - Executing the timer thread procedure...
2013/07/17 22:16:46:314 [004300] INFO [ExceptionCatchingThread.cpp, 257] - Created the dispatch thread with id 6700 (0x1a2c).
2013/07/17 22:16:46:314 [006700] INFO [ExceptionCatchingThread.cpp, 168] - Executing the dispatch thread procedure...
2013/07/17 22:16:49:317 [004300] DEBUG [Prb.cpp, 252] - PRB logging started.
2013/07/17 22:16:49:325 [004300] DEBUG [Prb.cpp, 130] - Number of FTDI devices: 1
2013/07/17 22:16:49:325 [004300] DEBUG [Prb.cpp, 158] - FTDI Device[0]: ID=67330069
2013/07/17 22:16:49:329 [004300] DEBUG [Prb.cpp, 169] - FTDI handle=161955112
2013/07/17 22:16:49:329 [004300] INFO [Prb.cpp, 179] - FTDI Driver Version 2.08.24.0
2013/07/17 22:16:49:586 [004300] INFO [Prb.cpp, 205] - FTDI Configuration: MaxCurrent=200, CBus5=21, CBus6=0x4
2013/07/17 22:16:49:837 [004300] INFO [Prb.cpp, 246] - PRB driver initialized.
2013/07/17 22:16:49:837 [004300] TRACE [Prb.cpp, 448] - Writing FPGA, Address=0x1008, Data=0x08
2013/07/17 22:16:49:838 [004300] TRACE [Prb.cpp, 1035] - WriteFPGAPacket(0x1008, 0x08):01 00 0D 00 81 00 03 10 08 08 25 D5 0D 
2013/07/17 22:16:49:838 [006636] TRACE [Prb.cpp, 835] - RxStream contents:01 00 0B 21 06 00 00 00 BF 71 0D 
2013/07/17 22:16:49:839 [006636] TRACE [Prb.cpp, 943] - RadioBoardPacket(ACK):01 00 0B 21 06 00 00 00 BF 71 0D 
2013/07/17 22:16:49:840 [004300] DEBUG [Prb.cpp, 466] - Write FPGA completed, Address=0x1008, Data=0x08
2013/07/17 22:16:49:856 [004300] TRACE [Prb.cpp, 493] - Reading FPGA, Address=0x300A
2013/07/17 22:16:49:856 [004300] TRACE [Prb.cpp, 1035] - ReadFPGAPacket(0x300A):01 00 0C 01 82 00 02 30 0A E8 24 0D 
2013/07/17 22:16:49:856 [006636] TRACE [Prb.cpp, 835] - RxStream contents:01 00 0C 22 06 01 00 01 00 EF F2 0D 
2013/07/17 22:16:49:858 [006636] TRACE [Prb.cpp, 943] - RadioBoardPacket(ACK):01 00 0C 22 06 01 00 01 00 EF F2 0D 
2013/07/17 22:16:49:858 [004300] DEBUG [Prb.cpp, 512] - Read FPGA completed, Address=0x300A, Data=0x00
2013/07/17 22:16:49:859 [004300] TRACE [Prb.cpp, 448] - Writing FPGA, Address=0x300A, Data=0x03
2013/07/17 22:16:49:859 [004300] TRACE [Prb.cpp, 1035] - WriteFPGAPacket(0x300A, 0x03):01 00 0D 02 81 00 03 30 0A 03 29 4F 0D 
2013/07/17 22:16:49:859 [006636] TRACE [Prb.cpp, 835] - RxStream contents:01 00 0B 23 06 02 00 00 BF A9 0D 
2013/07/17 22:16:49:860 [006636] TRACE [Prb.cpp, 943] - RadioBoardPacket(ACK):01 00 0B 23 06 02 00 00 BF A9 0D 
2013/07/17 22:16:49:861 [004300] DEBUG [Prb.cpp, 466] - Write FPGA completed, Address=0x300A, Data=0x03
2013/07/17 22:16:49:875 [004300] INFO [CrossTalkDetector.cpp, 14] - EnterCrossTalkThreshold = 8
2013/07/17 22:16:49:876 [004300] INFO [CrossTalkDetector.cpp, 21] - LeaveCrossTalkThreshold = 4
2013/07/17 22:16:49:877 [004300] INFO [CrossTalkDetector.cpp, 28] - LinkThreshold = 8
2013/07/17 22:16:49:878 [004300] INFO [ExceptionCatchingThread.cpp, 257] - Created the interrupt thread with id 5880 (0x16f8).
2013/07/17 22:16:49:878 [005880] INFO [ExceptionCatchingThread.cpp, 168] - Executing the interrupt thread procedure...
2013/07/17 22:16:49:879 [004300] DEBUG [Prb.cpp, 252] - PRB logging started.
2013/07/17 22:16:49:881 [004300] INFO [CommunicationSystem.cpp, 640] - Calibrating the PRB CC1020.
2013/07/17 22:16:49:883 [004300] TRACE [Prb.cpp, 448] - Writing FPGA, Address=0x1008, Data=0x01
2013/07/17 22:16:49:883 [004300] TRACE [Prb.cpp, 1035] - WriteFPGAPacket(0x1008, 0x01):01 00 0D 03 81 00 03 10 08 01 26 D3 0D 
2013/07/17 22:16:49:883 [006636] TRACE [Prb.cpp, 835] - RxStream contents:01 00 0B 24 06 03 00 00 BE D5 0D 
2013/07/17 22:16:49:884 [006636] TRACE [Prb.cpp, 943] - RadioBoardPacket(ACK):01 00 0B 24 06 03 00 00 BE D5 0D 
2013/07/17 22:16:49:885 [004300] DEBUG [Prb.cpp, 466] - Write FPGA completed, Address=0x1008, Data=0x01
2013/07/17 22:16:49:966 [006636] TRACE [Prb.cpp, 835] - RxStream contents:01 00 0D 25 00 00 00 02 09 00 C1 56 0D 
2013/07/17 22:16:49:968 [005880] DEBUG [CommunicationSystem.cpp, 1120] - Calibration complete.
2013/07/17 22:16:49:968 [004300] TRACE [Prb.cpp, 493] - Reading FPGA, Address=0x2012
2013/07/17 22:16:49:969 [004300] TRACE [Prb.cpp, 1035] - ReadFPGAPacket(0x2012):01 00 0C 04 82 00 02 20 12 10 72 0D 
2013/07/17 22:16:49:969 [006636] TRACE [Prb.cpp, 835] - RxStream contents:01 00 0C 26 06 04 00 01 00 4B F4 0D 
2013/07/17 22:16:49:970 [006636] TRACE [Prb.cpp, 943] - RadioBoardPacket(ACK):01 00 0C 26 06 04 00 01 00 4B F4 0D 
2013/07/17 22:16:49:971 [004300] DEBUG [Prb.cpp, 512] - Read FPGA completed, Address=0x2012, Data=0x00
2013/07/17 22:16:49:971 [004300] INFO [CommunicationSystem.cpp, 653] - CC1020 Calibration succeeded.
2013/07/17 22:16:49:972 [004300] TRACE [Prb.cpp, 448] - Writing FPGA, Address=0x1006, Data=0x08
2013/07/17 22:16:49:972 [004300] TRACE [Prb.cpp, 1035] - WriteFPGAPacket(0x1006, 0x08):01 00 0D 05 81 00 03 10 06 08 84 86 0D 
2013/07/17 22:16:49:972 [006636] TRACE [Prb.cpp, 835] - RxStream contents:01 00 0B 27 06 05 00 00 BE 25 0D 
2013/07/17 22:16:49:973 [006636] TRACE [Prb.cpp, 943] - RadioBoardPacket(ACK):01 00 0B 27 06 05 00 00 BE 25 0D 
2013/07/17 22:16:49:974 [004300] DEBUG [Prb.cpp, 466] - Write FPGA completed, Address=0x1006, Data=0x08
2013/07/17 22:16:49:974 [004300] TRACE [Prb.cpp, 493] - Reading FPGA, Address=0x3000
2013/07/17 22:16:49:975 [004300] TRACE [Prb.cpp, 1035] - ReadFPGAPacket(0x3000):01 00 0C 06 82 00 02 30 00 80 1E 0D 
2013/07/17 22:16:49:975 [006636] TRACE [Prb.cpp, 835] - RxStream contents:01 00 0C 28 06 06 00 01 07 B3 EA 0D 
2013/07/17 22:16:49:976 [006636] TRACE [Prb.cpp, 943] - RadioBoardPacket(ACK):01 00 0C 28 06 06 00 01 07 B3 EA 0D 
2013/07/17 22:16:49:976 [004300] DEBUG [Prb.cpp, 512] - Read FPGA completed, Address=0x3000, Data=0x07
2013/07/17 22:16:49:977 [004300] INFO [CommunicationSystem.cpp, 613] - FPGA Revision 7.
2013/07/17 22:16:49:978 [004300] TRACE [Prb.cpp, 584] - Reading CC1020, Address=0x0004
2013/07/17 22:16:49:978 [004300] TRACE [Prb.cpp, 1035] - ReadCC1020Packet(0x04):01 00 0C 07 84 00 02 00 04 59 16 0D 
2013/07/17 22:16:49:978 [006636] TRACE [Prb.cpp, 835] - RxStream contents:01 00 0C 29 06 07 00 01 35 5F 45 0D 
2013/07/17 22:16:49:979 [006636] TRACE [Prb.cpp, 943] - RadioBoardPacket(ACK):01 00 0C 29 06 07 00 01 35 5F 45 0D 
2013/07/17 22:16:49:980 [004300] DEBUG [Prb.cpp, 603] - Read CC1020 completed, Address=0x0004, Data=0x35
2013/07/17 22:16:49:980 [004300] INFO [CommunicationSystem.cpp, 614] - CC1020 Frequency 2A 0x35.
2013/07/17 22:16:49:981 [004300] TRACE [Prb.cpp, 584] - Reading CC1020, Address=0x0005
2013/07/17 22:16:49:981 [004300] TRACE [Prb.cpp, 1035] - ReadCC1020Packet(0x05):01 00 0C 08 84 00 02 00 05 F1 1C 0D 
2013/07/17 22:16:49:981 [006636] TRACE [Prb.cpp, 835] - RxStream contents:01 00 0C 2A 06 08 00 01 F0 19 DB 0D 
2013/07/17 22:16:49:982 [006636] TRACE [Prb.cpp, 943] - RadioBoardPacket(ACK):01 00 0C 2A 06 08 00 01 F0 19 DB 0D 
2013/07/17 22:16:49:983 [004300] DEBUG [Prb.cpp, 603] - Read CC1020 completed, Address=0x0005, Data=0xF0
2013/07/17 22:16:49:983 [004300] INFO [CommunicationSystem.cpp, 615] - CC1020 Frequency 1A 0xf0.
2013/07/17 22:16:49:984 [004300] TRACE [Prb.cpp, 584] - Reading CC1020, Address=0x0006
2013/07/17 22:16:49:984 [004300] TRACE [Prb.cpp, 1035] - ReadCC1020Packet(0x06):01 00 0C 09 84 00 02 00 06 09 15 0D 
2013/07/17 22:16:49:984 [006636] TRACE [Prb.cpp, 835] - RxStream contents:01 00 0C 2B 06 09 00 01 21 77 3D 0D 
2013/07/17 22:16:49:985 [006636] TRACE [Prb.cpp, 943] - RadioBoardPacket(ACK):01 00 0C 2B 06 09 00 01 21 77 3D 0D 
2013/07/17 22:16:49:986 [004300] DEBUG [Prb.cpp, 603] - Read CC1020 completed, Address=0x0006, Data=0x21
2013/07/17 22:16:49:986 [004300] INFO [CommunicationSystem.cpp, 616] - CC1020 Frequency 0A 0x21.
2013/07/17 22:16:49:987 [004300] TRACE [Prb.cpp, 584] - Reading CC1020, Address=0x0008
2013/07/17 22:16:49:987 [004300] TRACE [Prb.cpp, 1035] - ReadCC1020Packet(0x08):01 00 0C 0A 84 00 02 00 08 01 32 0D 
2013/07/17 22:16:49:987 [006636] TRACE [Prb.cpp, 835] - RxStream contents:01 00 0C 2C 06 0A 00 01 35 23 43 0D 
2013/07/17 22:16:49:988 [006636] TRACE [Prb.cpp, 943] - RadioBoardPacket(ACK):01 00 0C 2C 06 0A 00 01 35 23 43 0D 
2013/07/17 22:16:49:989 [004300] DEBUG [Prb.cpp, 603] - Read CC1020 completed, Address=0x0008, Data=0x35
2013/07/17 22:16:49:989 [004300] INFO [CommunicationSystem.cpp, 617] - CC1020 Frequency 2B 0x35.
2013/07/17 22:16:49:990 [004300] TRACE [Prb.cpp, 584] - Reading CC1020, Address=0x0009
2013/07/17 22:16:49:990 [004300] TRACE [Prb.cpp, 1035] - ReadCC1020Packet(0x09):01 00 0C 0B 84 00 02 00 09 79 34 0D 
2013/07/17 22:16:49:990 [006636] TRACE [Prb.cpp, 835] - RxStream contents:01 00 0C 2D 06 0B 00 01 FA 4D E1 0D 
2013/07/17 22:16:49:991 [006636] TRACE [Prb.cpp, 943] - RadioBoardPacket(ACK):01 00 0C 2D 06 0B 00 01 FA 4D E1 0D 
2013/07/17 22:16:49:992 [004300] DEBUG [Prb.cpp, 603] - Read CC1020 completed, Address=0x0009, Data=0xFA
2013/07/17 22:16:49:992 [004300] INFO [CommunicationSystem.cpp, 618] - CC1020 Frequency 1B 0xfa.
2013/07/17 22:16:49:993 [004300] TRACE [Prb.cpp, 584] - Reading CC1020, Address=0x000A
2013/07/17 22:16:49:993 [004300] TRACE [Prb.cpp, 1035] - ReadCC1020Packet(0x0A):01 00 0C 0C 84 00 02 00 0A 11 38 0D 
2013/07/17 22:16:49:993 [006636] TRACE [Prb.cpp, 835] - RxStream contents:01 00 0C 2E 06 0C 00 01 CB A9 47 0D 
2013/07/17 22:16:49:994 [006636] TRACE [Prb.cpp, 943] - RadioBoardPacket(ACK):01 00 0C 2E 06 0C 00 01 CB A9 47 0D 
2013/07/17 22:16:49:995 [004300] DEBUG [Prb.cpp, 603] - Read CC1020 completed, Address=0x000A, Data=0xCB
2013/07/17 22:16:49:995 [004300] INFO [CommunicationSystem.cpp, 619] - CC1020 Frequency 0B 0xcb.
2013/07/17 22:16:49:996 [004300] DEBUG [Prb.cpp, 650] - Read EEPROM completed, Address=0x060A, Data=0x00
2013/07/17 22:16:49:996 [004300] INFO [CommunicationSystem.cpp, 620] - RSSI Calibration Reference Center Channel 0.
2013/07/17 22:16:49:997 [004300] TRACE [Prb.cpp, 493] - Reading FPGA, Address=0x3054
2013/07/17 22:16:49:997 [004300] TRACE [Prb.cpp, 1035] - ReadFPGAPacket(0x3054):01 00 0C 0D 82 00 02 30 54 C9 EC 0D 
2013/07/17 22:16:49:997 [006636] TRACE [Prb.cpp, 835] - RxStream contents:01 00 0C 2F 06 0D 00 01 07 C7 EF 0D 
2013/07/17 22:16:49:998 [006636] TRACE [Prb.cpp, 943] - RadioBoardPacket(ACK):01 00 0C 2F 06 0D 00 01 07 C7 EF 0D 
2013/07/17 22:16:49:999 [004300] DEBUG [Prb.cpp, 512] - Read FPGA completed, Address=0x3054, Data=0x07
2013/07/17 22:16:49:999 [004300] INFO [CommunicationSystem.cpp, 621] - CC1020 PA_POWER 0x7.
2013/07/17 22:16:50:000 [004300] TRACE [Prb.cpp, 584] - Reading CC1020, Address=0x001C
2013/07/17 22:16:50:000 [004300] TRACE [Prb.cpp, 1035] - ReadCC1020Packet(0x1C):01 00 0C 0E 84 00 02 00 1C E1 4C 0D 
2013/07/17 22:16:50:000 [006636] TRACE [Prb.cpp, 835] - RxStream contents:01 00 0C 30 06 0E 00 01 07 53 F2 0D 
2013/07/17 22:16:50:001 [006636] TRACE [Prb.cpp, 943] - RadioBoardPacket(ACK):01 00 0C 30 06 0E 00 01 07 53 F2 0D 
2013/07/17 22:16:50:002 [004300] DEBUG [Prb.cpp, 603] - Read CC1020 completed, Address=0x001C, Data=0x07
2013/07/17 22:16:50:002 [004300] INFO [CommunicationSystem.cpp, 622] - CC1020 Transmit Power 0x7.
2013/07/17 22:16:50:003 [004300] TRACE [Prb.cpp, 493] - Reading FPGA, Address=0x3014
2013/07/17 22:16:50:003 [004300] TRACE [Prb.cpp, 1035] - ReadFPGAPacket(0x3014):01 00 0C 0F 82 00 02 30 14 38 6C 0D 
2013/07/17 22:16:50:003 [006636] TRACE [Prb.cpp, 835] - RxStream contents:01 00 0C 31 06 0F 00 01 00 BF E3 0D 
2013/07/17 22:16:50:004 [006636] TRACE [Prb.cpp, 943] - RadioBoardPacket(ACK):01 00 0C 31 06 0F 00 01 00 BF E3 0D 
2013/07/17 22:16:50:005 [004300] DEBUG [Prb.cpp, 512] - Read FPGA completed, Address=0x3014, Data=0x00
2013/07/17 22:16:50:005 [004300] INFO [CommunicationSystem.cpp, 623] - Low Noise Amplifier Circumvented 0.
2013/07/17 22:16:50:006 [004300] TRACE [Prb.cpp, 584] - Reading CC1020, Address=0x0001
2013/07/17 22:16:50:006 [004300] TRACE [Prb.cpp, 1035] - ReadCC1020Packet(0x01):01 00 0C 10 84 00 02 00 01 B1 1C 0D 
2013/07/17 22:16:50:006 [006636] TRACE [Prb.cpp, 835] - RxStream contents:01 00 0C 32 06 10 00 01 0F BB C7 0D 
2013/07/17 22:16:50:007 [006636] TRACE [Prb.cpp, 943] - RadioBoardPacket(ACK):01 00 0C 32 06 10 00 01 0F BB C7 0D 
2013/07/17 22:16:50:008 [004300] DEBUG [Prb.cpp, 603] - Read CC1020 completed, Address=0x0001, Data=0x0F
2013/07/17 22:16:50:008 [004300] INFO [CommunicationSystem.cpp, 624] - Low Noise Amplifier 0xf.
2013/07/17 22:16:50:009 [004300] TRACE [Prb.cpp, 493] - Reading FPGA, Address=0x1006
2013/07/17 22:16:50:009 [004300] TRACE [Prb.cpp, 1035] - ReadFPGAPacket(0x1006):01 00 0C 11 82 00 02 10 06 28 1D 0D 
2013/07/17 22:16:50:009 [006636] TRACE [Prb.cpp, 835] - RxStream contents:01 00 0C 33 06 11 00 01 08 57 D6 0D 
2013/07/17 22:16:50:010 [006636] TRACE [Prb.cpp, 943] - RadioBoardPacket(ACK):01 00 0C 33 06 11 00 01 08 57 D6 0D 
2013/07/17 22:16:50:011 [004300] DEBUG [Prb.cpp, 512] - Read FPGA completed, Address=0x1006, Data=0x08
2013/07/17 22:16:50:011 [004300] INFO [CommunicationSystem.cpp, 625] - Allowed Framing Errors 8.
2013/07/17 22:16:50:014 [004300] INFO [CrossTalkDetector.cpp, 28] - LinkThreshold = 8
2013/07/17 22:16:50:015 [004300] INFO [CrossTalkDetector.cpp, 14] - EnterCrossTalkThreshold = 8
2013/07/17 22:16:50:015 [004300] INFO [CrossTalkDetector.cpp, 21] - LeaveCrossTalkThreshold = 4
2013/07/17 22:16:50:024 [005392] TRACE [Prb.cpp, 493] - Reading FPGA, Address=0x3000
2013/07/17 22:16:50:025 [005392] TRACE [Prb.cpp, 1035] - ReadFPGAPacket(0x3000):01 00 0C 12 82 00 02 30 00 E0 0A 0D 
2013/07/17 22:16:50:025 [006636] TRACE [Prb.cpp, 835] - RxStream contents:01 00 0C 34 06 12 00 01 07 03 F2 0D 
2013/07/17 22:16:50:027 [006636] TRACE [Prb.cpp, 943] - RadioBoardPacket(ACK):01 00 0C 34 06 12 00 01 07 03 F2 0D 
2013/07/17 22:16:50:027 [005392] DEBUG [Prb.cpp, 512] - Read FPGA completed, Address=0x3000, Data=0x07
2013/07/17 22:16:50:028 [005392] TRACE [Prb.cpp, 539] - Writing CC1020, Address=0x001C, Data=0x07
2013/07/17 22:16:50:029 [005392] TRACE [Prb.cpp, 1035] - WriteCC1020Packet(0x1C, 0x07):01 00 0D 13 83 00 03 00 1C 07 3E 84 0D 
2013/07/17 22:16:50:029 [006636] TRACE [Prb.cpp, 835] - RxStream contents:01 00 0B 35 06 13 00 00 38 6E 0D 
2013/07/17 22:16:50:030 [006636] TRACE [Prb.cpp, 943] - RadioBoardPacket(ACK):01 00 0B 35 06 13 00 00 38 6E 0D 
2013/07/17 22:16:50:030 [005392] DEBUG [Prb.cpp, 557] - Write CC1020 completed, Address=0x001C, Data=0x07
2013/07/17 22:18:35:935 [004524] INFO [CrossAppDomainEventMarshaller.cpp, 44] - Disposing: 0
2013/07/17 22:18:35:936 [004524] INFO [CrossAppDomainEventMarshaller.cpp, 155] - abortGetNextEvent called
2013/07/17 22:18:35:937 [004524] INFO [CrossAppDomainEventMarshaller.cpp, 110] - EventHandler dtor
2013/07/17 22:18:35:938 [004524] INFO [CrossAppDomainEventMarshaller.cpp, 60] - Disposed.
2013/07/17 22:18:35:940 [004524] INFO [NCommunicationSystem.cpp, 747] - Disposing: 0
