2013/07/22 15:36:29:408  INFO:   Loaded Symbol File C:\ISV System\Config\FirmwareSymbols\build178.sym for firmware Build #178
2013/07/22 15:36:29:422  INFO:   CommunicationSystemLog properties: .\CommunicationSystem.logger.properties
2013/07/22 15:36:29:422  INFO:   CommunicationSystemLog log       : .\logs\systemBerScriptLog 2013.07.22 15.36.29_CommunicationSystem.Log
2013/07/22 15:36:33:187  INFO:   Setting the event sink for ScriptEngineProcedure
2013/07/22 15:36:33:187  INFO:   Program parameters checks are enabled
2013/07/22 15:36:33:192  INFO:   ********************************************************************************
2013/07/22 15:36:33:192  INFO:   Starting ScriptEngineProcedure, Assembly  version 
2013/07/22 15:36:33:197  INFO:   Config: ICD (NCommunicationSystem ver: nCommunicationSystem, Version=1.8.2.1, Culture=neutral, PublicKeyToken=56b5378c99c0bcfd; FTDI Driver ver: 2.08.24.0; PRB FPGA ver: 7)
2013/07/22 15:36:33:197  INFO:   Setting the radio board transmit power to level 0x7.
2013/07/22 15:36:33:200  INFO:   Radio board power level set to 7.
2013/07/22 15:36:33:200  INFO:   ECG Timeout Interval set to 10 seconds.
2013/07/22 15:36:33:201  STATE:  Changing state to ScriptExecStateMachine.WaitForNextCmdState, ID[1]
2013/07/22 15:36:33:202  INFO:   FwDvtSystem Started the event processing thread
2013/07/22 15:36:33:232  ACTION: Read PRB FPGA: Address=0x3000 Data=0x07
2013/07/22 15:36:33:236  RESULT: FPGA 0x3000 Expected: 18 Actual: 7
2013/07/22 15:36:33:238  RESULT: ERROR Expected: 18 Actual: 7
2013/07/22 15:36:33:239  ACTION: Calibrate CC1020
2013/07/22 15:36:33:328  INFO:   CC1020 calibration passed
2013/07/22 15:36:33:336  ACTION: Read C1020: Address 0x04 Data=0x35
2013/07/22 15:36:33:341  ACTION: Read C1020: Address 0x05 Data=0xF0
2013/07/22 15:36:33:344  ACTION: Read C1020: Address 0x06 Data=0x21
2013/07/22 15:36:33:348  ACTION: Read C1020: Address 0x07 Data=0x38
2013/07/22 15:36:33:351  ACTION: Read C1020: Address 0x08 Data=0x35
2013/07/22 15:36:33:355  ACTION: Read C1020: Address 0x09 Data=0xFA
2013/07/22 15:36:33:358  ACTION: Read C1020: Address 0x0A Data=0xCB
2013/07/22 15:36:33:361  ACTION: Read C1020: Address 0x0B Data=0x38
2013/07/22 15:36:33:365  ACTION: Read C1020: Address 0x1D Data=0x00
2013/07/22 15:36:33:368  ACTION: Read C1020: Address 0x45 Data=0x4C
2013/07/22 15:36:33:372  ACTION: Read C1020: Address 0x46 Data=0x66
2013/07/22 15:36:33:375  ACTION: Read C1020: Address 0x47 Data=0x44
2013/07/22 15:36:33:385  ACTION: Read PRB FPGA: Address=0x305E Data=0x00
2013/07/22 15:36:33:388  ACTION: Read PRB FPGA: Address=0x3060 Data=0x00
2013/07/22 15:36:33:391  ACTION: Read PRB FPGA: Address=0x3062 Data=0x00
2013/07/22 15:36:33:398  ACTION: Read PRB FPGA: Address=0x3066 Data=0x00
2013/07/22 15:36:33:401  ACTION: Read PRB FPGA: Address=0x3068 Data=0x00
2013/07/22 15:36:33:404  ACTION: Read PRB FPGA: Address=0x306A Data=0x00
2013/07/22 15:36:33:405  ACTION: Write PRB FPGA: Address=0x1026 Data=0x00
2013/07/22 15:36:33:412  INFO:   EXECUTING STATE: SMLibrary.Dvt.IcdCmd+ScanState Timeout: 00:00:30
2013/07/22 15:36:33:413  EVENT:  SCRIPT-EXEC:EXEC-STATE - TES.Dvt.ScriptExecStateMachine, ID[11]
2013/07/22 15:36:33:414  STATE:  Changing state to ScriptExecStateMachine.ExecState, ID[4]
2013/07/22 15:36:33:415  INFO:   Setting the radio board transmit power to level 0x7.
2013/07/22 15:36:33:418  INFO:   Radio board power level set to 7.
2013/07/22 15:36:33:419  ACTION: Setting radio board configuration for hybrid.
2013/07/22 15:36:33:419  ACTION: Set radio board to DIO inverting mode.
2013/07/22 15:36:33:419  ACTION: Write PRB FPGA: Address=0x3012 Data=0x01
2013/07/22 15:36:33:422  ACTION: PRB Set Link Data Rate: Slow
2013/07/22 15:36:33:425  ACTION: Read PRB FPGA: Address=0x1004 Data=0x00
2013/07/22 15:36:33:425  ACTION: Write PRB FPGA: Address=0x1004 Data=0x00
2013/07/22 15:36:33:428  ACTION: Scanning for devices, primary scan duration = 9 sec, secondary scan duration = 2 sec
2013/07/22 15:36:44:608  INFO:   Primary scan device IDs: 0x801C0094 
2013/07/22 15:36:48:760  INFO:   Secondary scan device IDs: 0x801C0094 
2013/07/22 15:36:48:763  EVENT:  Device ID List, ID[17]
                                 DeviceID[0] : ID 0x801C0094 (Model 0, Serial 148, SW Version 7, Is Implanted)
2013/07/22 15:36:48:763  STATE:  Changing state to ScriptExecStateMachine.WaitForNextCmdState, ID[1]
2013/07/22 15:36:48:763  INFO:   STATE EXITED: SMLibrary.Dvt.IcdCmd+ScanState
2013/07/22 15:36:48:777  INFO:   EXECUTING STATE: SMLibrary.Dvt.IcdCmd+ConnectState Timeout: 00:00:24
2013/07/22 15:36:48:777  EVENT:  SCRIPT-EXEC:EXEC-STATE - TES.Dvt.ScriptExecStateMachine, ID[11]
2013/07/22 15:36:48:777  STATE:  Changing state to ScriptExecStateMachine.ExecState, ID[4]
2013/07/22 15:36:48:778  ACTION: PRB Set Link Data Rate: Slow
2013/07/22 15:36:48:781  ACTION: Read PRB FPGA: Address=0x1004 Data=0x00
2013/07/22 15:36:48:781  ACTION: Write PRB FPGA: Address=0x1004 Data=0x00
2013/07/22 15:36:48:784  ACTION: Connecting to device ID 0x801C0094 (Model 0, Serial 148, SW Version 7, Is Implanted)
2013/07/22 15:36:51:686  INFO:   Registering the ICD session delegates
2013/07/22 15:36:51:686  EVENT:  Connect Succeeded, ID[19]
2013/07/22 15:36:51:686  INFO:   STATE EXITED: SMLibrary.Dvt.IcdCmd+ConnectState
2013/07/22 15:36:51:686  STATE:  Changing state to ScriptExecStateMachine.WaitForNextCmdState, ID[1]
2013/07/22 15:36:51:690  INFO:   EXECUTING STATE MACHINE: SMLibrary.ReadSM Timeout: 00:00:01.3120000
2013/07/22 15:36:51:690  EVENT:  SCRIPT-EXEC:EXEC-SM - TES.Dvt.ScriptExecStateMachine, ID[9]
2013/07/22 15:36:51:690  STATE:  Changing state to ScriptExecStateMachine.ExecStateMachineWithCustomExitEventsState, ID[2]
2013/07/22 15:36:51:691  STATE:  Changing state to ReadSM.ReadingState, ID[8]
2013/07/22 15:36:51:692  ACTION: READ_FROM_16_BIT_ADDR_WITH_CRC32, Address=SYS_ERRORS(0xF56C) Length=1
2013/07/22 15:36:51:763  EVENT:  Command Completed, ID[23], Command=0x82 (READ_FROM_16_BIT_ADDR_WITH_CRC32), CRC32=0xE69CA3FE, Data=0xB0
2013/07/22 15:36:51:764  EVENT:  Read Memory Complete, ID[24]
2013/07/22 15:36:51:764  STATE:  Changing state to ReadSM.IdleState, ID[6]
2013/07/22 15:36:51:765  STATE:  Changing state to ScriptExecStateMachine.WaitForNextCmdState, ID[1]
2013/07/22 15:36:51:765  INFO:   STATE MACHINE EXITED: SMLibrary.ReadSM
2013/07/22 15:36:51:770  INFO:   EXECUTING STATE: IronPython.NewTypes.System.Object#IScriptExecState_5$5 Timeout: 00:00:02
2013/07/22 15:36:51:770  EVENT:  SCRIPT-EXEC:EXEC-STATE - TES.Dvt.ScriptExecStateMachine, ID[11]
2013/07/22 15:36:51:770  STATE:  Changing state to ScriptExecStateMachine.ExecState, ID[4]
2013/07/22 15:36:51:771  ACTION: Return Last Command
2013/07/22 15:36:51:799  EVENT:  Marker (Device Summary), ID[26], Timestamp=0x76[full:not set], Data[0]=0x00, Data[1]=0x40 DynamicShockPolarity=HVA_POSITIVE SystemErrorOccurred 
2013/07/22 15:36:51:812  EVENT:  Command Completed, ID[27], Command=0x60 (Return Last Command), time since last CMDCompleted: 50 ms,
                                 0x00 : 82801C00 94   
2013/07/22 15:36:51:813  STATE:  Changing state to ScriptExecStateMachine.WaitForNextCmdState, ID[1]
2013/07/22 15:36:51:813  INFO:   STATE EXITED: IronPython.NewTypes.System.Object#IScriptExecState_5$5
2013/07/22 15:36:51:813  INFO:   EXECUTING STATE MACHINE: SMLibrary.ReadSM Timeout: 00:00:01.3120000
2013/07/22 15:36:51:813  EVENT:  SCRIPT-EXEC:EXEC-SM - TES.Dvt.ScriptExecStateMachine, ID[9]
2013/07/22 15:36:51:813  STATE:  Changing state to ScriptExecStateMachine.ExecStateMachineWithCustomExitEventsState, ID[2]
2013/07/22 15:36:51:813  STATE:  Changing state to ReadSM.ReadingState, ID[9]
2013/07/22 15:36:51:813  ACTION: READ_FROM_16_BIT_ADDR_WITH_CRC32, Address=SYS_ERRORS(0xF56C) Length=1
2013/07/22 15:36:51:873  EVENT:  Command Completed, ID[31], Command=0x82 (READ_FROM_16_BIT_ADDR_WITH_CRC32), time since last CMDCompleted: 61 ms, CRC32=0xE69CA3FE, Data=0xB0
2013/07/22 15:36:51:873  EVENT:  Read Memory Complete, ID[32]
2013/07/22 15:36:51:873  STATE:  Changing state to ReadSM.IdleState, ID[6]
2013/07/22 15:36:51:873  STATE:  Changing state to ScriptExecStateMachine.WaitForNextCmdState, ID[1]
2013/07/22 15:36:51:873  INFO:   STATE MACHINE EXITED: SMLibrary.ReadSM
2013/07/22 15:36:51:875  ACTION: Return Last Command
2013/07/22 15:36:51:888  ACTION: Return Last Command
2013/07/22 15:36:51:890  ACTION: Read PRB EEPROM: Address=0x80 Data=0x00
2013/07/22 15:36:51:891  ACTION: Read PRB EEPROM: Address=0x81 Data=0x00
2013/07/22 15:36:51:892  ACTION: Read PRB EEPROM: Address=0x82 Data=0x00
2013/07/22 15:36:51:905  ACTION: Read PRB EEPROM: Address=0x83 Data=0x00
2013/07/22 15:36:51:906  ACTION: Read PRB EEPROM: Address=0x84 Data=0x00
2013/07/22 15:36:51:907  ACTION: Read PRB EEPROM: Address=0x85 Data=0x00
2013/07/22 15:36:51:908  ACTION: Read PRB EEPROM: Address=0x86 Data=0x00
2013/07/22 15:36:51:909  ACTION: Read PRB EEPROM: Address=0x87 Data=0x00
2013/07/22 15:36:51:910  ACTION: Read PRB EEPROM: Address=0x88 Data=0x00
2013/07/22 15:36:51:911  ACTION: Read PRB EEPROM: Address=0x89 Data=0x00
2013/07/22 15:36:51:912  ACTION: Read PRB EEPROM: Address=0x8A Data=0x00
2013/07/22 15:36:51:913  ACTION: Read PRB EEPROM: Address=0x8B Data=0x00
2013/07/22 15:36:51:914  ACTION: Read PRB EEPROM: Address=0x8C Data=0x00
2013/07/22 15:36:51:915  ACTION: Read PRB EEPROM: Address=0xA8 Data=0x00
2013/07/22 15:36:51:916  ACTION: Read PRB EEPROM: Address=0xA9 Data=0x00
2013/07/22 15:36:51:917  INFO:   EXECUTING STATE: IronPython.NewTypes.System.Object#IScriptExecState_5$5 Timeout: 00:00:02
2013/07/22 15:36:51:917  EVENT:  SCRIPT-EXEC:EXEC-STATE - TES.Dvt.ScriptExecStateMachine, ID[11]
2013/07/22 15:36:51:917  STATE:  Changing state to ScriptExecStateMachine.ExecState, ID[4]
2013/07/22 15:36:51:917  ACTION: Break Link
2013/07/22 15:36:51:931  EVENT:  Command Completed, ID[34], Command=0x60 (Return Last Command), time since last CMDCompleted: 58 ms,
                                 0x00 : 82801C00 94   
2013/07/22 15:36:51:952  EVENT:  Command Completed, ID[35], Command=0x60 (Return Last Command), time since last CMDCompleted: 21 ms,
                                 0x00 : 82801C00 94   
2013/07/22 15:36:52:373  INFO:   Enabling the timestamp/interval calculations
2013/07/22 15:36:52:374  EVENT:  Marker (Two Second), ID[36], Timestamp=0xC2[full:194]
2013/07/22 15:36:53:915  INFO:   Unregistering the ICD session delegates
2013/07/22 15:36:53:915  EVENT:  Command Completed, ID[37], Command=0xE4 (Break Link)
2013/07/22 15:36:53:922  EVENT:  State (TES.Dvt.ScriptExecStateMachine, ID[0]) Timed Out, ID[33]
2013/07/22 15:36:53:922  STATE:  Changing state to ScriptExecStateMachine.WaitForNextCmdState, ID[1]
2013/07/22 15:36:54:075  EVENT:  Disconnected, ID[38], clean
2013/07/22 15:36:58:930  EVENT:  SCRIPT-EXEC:EXIT - TES.Dvt.ScriptExecStateMachine, ID[8]
2013/07/22 15:36:58:930  INFO:   Terminating ScriptEngineProcedure
2013/07/22 15:36:58:930  EVENT:  Terminate Dispatch, ID[39]
2013/07/22 15:36:58:930  EVENT:  TES.Dvt.ScriptExecStateMachine.DoneEvent, ID[6]
2013/07/22 15:36:58:930  STATE:  Changing state to ScriptExecStateMachine.IdleState, ID[6]
2013/07/22 15:36:58:943  INFO:   ScriptEngineProcedure Completed
2013/07/22 15:36:58:943  INFO:   Testcase Summary:
2013/07/22 15:36:58:944  RESULT: Test Procedure ScriptEngineProcedure (FAILED)
2013/07/22 15:36:58:944  INFO:   Procedure Runtime = 00:00:25
2013/07/22 15:36:58:951  INFO:   The event dispatch thread ScriptEngineProcedure exited.
