2013/07/16 19:09:45:701  INFO:   Loaded Symbol File C:\ISV System\Config\FirmwareSymbols\build178.sym for firmware Build #178
2013/07/16 19:09:45:715  INFO:   CommunicationSystemLog properties: .\CommunicationSystem.logger.properties
2013/07/16 19:09:45:715  INFO:   CommunicationSystemLog log       : .\logs\systemBerScriptLog 2013.07.16 19.09.45_CommunicationSystem.Log
2013/07/16 19:09:49:470  INFO:   Setting the event sink for ScriptEngineProcedure
2013/07/16 19:09:49:470  INFO:   Program parameters checks are enabled
2013/07/16 19:09:49:474  INFO:   ********************************************************************************
2013/07/16 19:09:49:474  INFO:   Starting ScriptEngineProcedure, Assembly  version 
2013/07/16 19:09:49:479  INFO:   Config: ICD (NCommunicationSystem ver: nCommunicationSystem, Version=1.8.2.1, Culture=neutral, PublicKeyToken=56b5378c99c0bcfd; FTDI Driver ver: 2.08.24.0; PRB FPGA ver: 7)
2013/07/16 19:09:49:479  INFO:   Setting the radio board transmit power to level 0x7.
2013/07/16 19:09:49:482  INFO:   Radio board power level set to 7.
2013/07/16 19:09:49:482  INFO:   ECG Timeout Interval set to 10 seconds.
2013/07/16 19:09:49:483  STATE:  Changing state to ScriptExecStateMachine.WaitForNextCmdState, ID[1]
2013/07/16 19:09:49:483  INFO:   FwDvtSystem Started the event processing thread
2013/07/16 19:09:49:512  ACTION: Read PRB FPGA: Address=0x3000 Data=0x07
2013/07/16 19:09:49:517  RESULT: FPGA 0x3000 Expected: 18 Actual: 7
2013/07/16 19:09:49:519  RESULT: ERROR Expected: 18 Actual: 7
2013/07/16 19:09:49:520  ACTION: Calibrate CC1020
2013/07/16 19:09:49:612  INFO:   CC1020 calibration passed
2013/07/16 19:09:49:620  ACTION: Read C1020: Address 0x04 Data=0x35
2013/07/16 19:09:49:625  ACTION: Read C1020: Address 0x05 Data=0xF0
2013/07/16 19:09:49:628  ACTION: Read C1020: Address 0x06 Data=0x21
2013/07/16 19:09:49:632  ACTION: Read C1020: Address 0x07 Data=0x38
2013/07/16 19:09:49:635  ACTION: Read C1020: Address 0x08 Data=0x35
2013/07/16 19:09:49:639  ACTION: Read C1020: Address 0x09 Data=0xFA
2013/07/16 19:09:49:643  ACTION: Read C1020: Address 0x0A Data=0xCB
2013/07/16 19:09:49:646  ACTION: Read C1020: Address 0x0B Data=0x38
2013/07/16 19:09:49:649  ACTION: Read C1020: Address 0x1D Data=0x00
2013/07/16 19:09:49:653  ACTION: Read C1020: Address 0x45 Data=0x4C
2013/07/16 19:09:49:656  ACTION: Read C1020: Address 0x46 Data=0x66
2013/07/16 19:09:49:660  ACTION: Read C1020: Address 0x47 Data=0x44
2013/07/16 19:09:49:671  ACTION: Read PRB FPGA: Address=0x305E Data=0x00
2013/07/16 19:09:49:674  ACTION: Read PRB FPGA: Address=0x3060 Data=0x00
2013/07/16 19:09:49:677  ACTION: Read PRB FPGA: Address=0x3062 Data=0x00
2013/07/16 19:09:49:683  ACTION: Read PRB FPGA: Address=0x3066 Data=0x00
2013/07/16 19:09:49:686  ACTION: Read PRB FPGA: Address=0x3068 Data=0x00
2013/07/16 19:09:49:689  ACTION: Read PRB FPGA: Address=0x306A Data=0x00
2013/07/16 19:09:49:690  ACTION: Write PRB FPGA: Address=0x1026 Data=0x01
2013/07/16 19:09:49:696  INFO:   EXECUTING STATE: SMLibrary.Dvt.IcdCmd+ScanState Timeout: 00:00:30
2013/07/16 19:09:49:697  EVENT:  SCRIPT-EXEC:EXEC-STATE - TES.Dvt.ScriptExecStateMachine, ID[11]
2013/07/16 19:09:49:698  STATE:  Changing state to ScriptExecStateMachine.ExecState, ID[4]
2013/07/16 19:09:49:699  INFO:   Setting the radio board transmit power to level 0x7.
2013/07/16 19:09:49:702  INFO:   Radio board power level set to 7.
2013/07/16 19:09:49:703  ACTION: Setting radio board configuration for hybrid.
2013/07/16 19:09:49:703  ACTION: Set radio board to DIO inverting mode.
2013/07/16 19:09:49:703  ACTION: Write PRB FPGA: Address=0x3012 Data=0x01
2013/07/16 19:09:49:707  ACTION: PRB Set Link Data Rate: Slow
2013/07/16 19:09:49:709  ACTION: Read PRB FPGA: Address=0x1004 Data=0x00
2013/07/16 19:09:49:709  ACTION: Write PRB FPGA: Address=0x1004 Data=0x00
2013/07/16 19:09:49:712  ACTION: Scanning for devices, primary scan duration = 9 sec, secondary scan duration = 2 sec
2013/07/16 19:10:00:881  INFO:   Primary scan device IDs: No devices found
2013/07/16 19:10:05:036  INFO:   Secondary scan device IDs: 0x801C0094 
2013/07/16 19:10:05:039  EVENT:  Device ID List, ID[17]
                                 DeviceID[0] : ID 0x801C0094 (Model 0, Serial 148, SW Version 7, Is Implanted)
2013/07/16 19:10:05:039  STATE:  Changing state to ScriptExecStateMachine.WaitForNextCmdState, ID[1]
2013/07/16 19:10:05:039  INFO:   STATE EXITED: SMLibrary.Dvt.IcdCmd+ScanState
2013/07/16 19:10:05:046  EVENT:  SCRIPT-EXEC:EXIT - TES.Dvt.ScriptExecStateMachine, ID[8]
2013/07/16 19:10:05:046  INFO:   Terminating ScriptEngineProcedure
2013/07/16 19:10:05:046  EVENT:  Terminate Dispatch, ID[18]
2013/07/16 19:10:05:046  EVENT:  TES.Dvt.ScriptExecStateMachine.DoneEvent, ID[6]
2013/07/16 19:10:05:047  STATE:  Changing state to ScriptExecStateMachine.IdleState, ID[6]
2013/07/16 19:10:05:054  INFO:   ScriptEngineProcedure Completed
2013/07/16 19:10:05:055  INFO:   Testcase Summary:
2013/07/16 19:10:05:055  RESULT: Test Procedure ScriptEngineProcedure (FAILED)
2013/07/16 19:10:05:055  INFO:   Procedure Runtime = 00:00:15
2013/07/16 19:10:05:062  INFO:   The event dispatch thread ScriptEngineProcedure exited.
