2013/07/31 20:38:53:111  INFO:   Loaded Symbol File C:\ISV System\Config\FirmwareSymbols\build178.sym for firmware Build #178
2013/07/31 20:38:53:125  INFO:   CommunicationSystemLog properties: .\CommunicationSystem.logger.properties
2013/07/31 20:38:53:125  INFO:   CommunicationSystemLog log       : .\logs\systemBerScriptLog 2013.07.31 20.38.53_CommunicationSystem.Log
2013/07/31 20:38:56:879  INFO:   Setting the event sink for ScriptEngineProcedure
2013/07/31 20:38:56:879  INFO:   Program parameters checks are enabled
2013/07/31 20:38:56:884  INFO:   ********************************************************************************
2013/07/31 20:38:56:884  INFO:   Starting ScriptEngineProcedure, Assembly  version 
2013/07/31 20:38:56:888  INFO:   Config: ICD (NCommunicationSystem ver: nCommunicationSystem, Version=1.8.2.1, Culture=neutral, PublicKeyToken=56b5378c99c0bcfd; FTDI Driver ver: 2.08.24.0; PRB FPGA ver: 7)
2013/07/31 20:38:56:888  INFO:   Setting the radio board transmit power to level 0x7.
2013/07/31 20:38:56:891  INFO:   Radio board power level set to 7.
2013/07/31 20:38:56:892  INFO:   ECG Timeout Interval set to 10 seconds.
2013/07/31 20:38:56:893  STATE:  Changing state to ScriptExecStateMachine.WaitForNextCmdState, ID[1]
2013/07/31 20:38:56:893  INFO:   FwDvtSystem Started the event processing thread
2013/07/31 20:38:56:927  ACTION: Read PRB FPGA: Address=0x3000 Data=0x07
2013/07/31 20:38:56:932  RESULT: FPGA 0x3000 Expected: 18 Actual: 7
2013/07/31 20:38:56:934  RESULT: ERROR Expected: 18 Actual: 7
2013/07/31 20:38:56:935  ACTION: Calibrate CC1020
2013/07/31 20:38:57:027  INFO:   CC1020 calibration passed
2013/07/31 20:38:57:034  ACTION: Read C1020: Address 0x04 Data=0x35
2013/07/31 20:38:57:039  ACTION: Read C1020: Address 0x05 Data=0xF0
2013/07/31 20:38:57:042  ACTION: Read C1020: Address 0x06 Data=0x21
2013/07/31 20:38:57:045  ACTION: Read C1020: Address 0x07 Data=0x38
2013/07/31 20:38:57:049  ACTION: Read C1020: Address 0x08 Data=0x35
2013/07/31 20:38:57:052  ACTION: Read C1020: Address 0x09 Data=0xFA
2013/07/31 20:38:57:055  ACTION: Read C1020: Address 0x0A Data=0xCB
2013/07/31 20:38:57:058  ACTION: Read C1020: Address 0x0B Data=0x38
2013/07/31 20:38:57:061  ACTION: Read C1020: Address 0x1D Data=0x00
2013/07/31 20:38:57:064  ACTION: Read C1020: Address 0x45 Data=0x4C
2013/07/31 20:38:57:068  ACTION: Read C1020: Address 0x46 Data=0x66
2013/07/31 20:38:57:071  ACTION: Read C1020: Address 0x47 Data=0x44
2013/07/31 20:38:57:081  ACTION: Read PRB FPGA: Address=0x305E Data=0x00
2013/07/31 20:38:57:084  ACTION: Read PRB FPGA: Address=0x3060 Data=0x00
2013/07/31 20:38:57:086  ACTION: Read PRB FPGA: Address=0x3062 Data=0x00
2013/07/31 20:38:57:093  ACTION: Read PRB FPGA: Address=0x3066 Data=0x00
2013/07/31 20:38:57:096  ACTION: Read PRB FPGA: Address=0x3068 Data=0x00
2013/07/31 20:38:57:098  ACTION: Read PRB FPGA: Address=0x306A Data=0x00
2013/07/31 20:38:57:100  ACTION: Write PRB FPGA: Address=0x1026 Data=0x00
2013/07/31 20:38:57:107  INFO:   EXECUTING STATE: SMLibrary.Dvt.IcdCmd+ScanState Timeout: 00:00:30
2013/07/31 20:38:57:108  EVENT:  SCRIPT-EXEC:EXEC-STATE - TES.Dvt.ScriptExecStateMachine, ID[11]
2013/07/31 20:38:57:109  STATE:  Changing state to ScriptExecStateMachine.ExecState, ID[4]
2013/07/31 20:38:57:109  INFO:   Setting the radio board transmit power to level 0x7.
2013/07/31 20:38:57:113  INFO:   Radio board power level set to 7.
2013/07/31 20:38:57:114  ACTION: Setting radio board configuration for hybrid.
2013/07/31 20:38:57:114  ACTION: Set radio board to DIO inverting mode.
2013/07/31 20:38:57:114  ACTION: Write PRB FPGA: Address=0x3012 Data=0x01
2013/07/31 20:38:57:117  ACTION: PRB Set Link Data Rate: Slow
2013/07/31 20:38:57:120  ACTION: Read PRB FPGA: Address=0x1004 Data=0x00
2013/07/31 20:38:57:120  ACTION: Write PRB FPGA: Address=0x1004 Data=0x00
2013/07/31 20:38:57:123  ACTION: Scanning for devices, primary scan duration = 9 sec, secondary scan duration = 2 sec
2013/07/31 20:39:08:301  INFO:   Primary scan device IDs: 0x801C0094 
2013/07/31 20:39:12:453  INFO:   Secondary scan device IDs: 0x801C0094 
2013/07/31 20:39:12:456  EVENT:  Device ID List, ID[17]
                                 DeviceID[0] : ID 0x801C0094 (Model 0, Serial 148, SW Version 7, Is Implanted)
2013/07/31 20:39:12:456  STATE:  Changing state to ScriptExecStateMachine.WaitForNextCmdState, ID[1]
2013/07/31 20:39:12:456  INFO:   STATE EXITED: SMLibrary.Dvt.IcdCmd+ScanState
2013/07/31 20:39:12:471  INFO:   EXECUTING STATE: SMLibrary.Dvt.IcdCmd+ConnectState Timeout: 00:00:24
2013/07/31 20:39:12:471  EVENT:  SCRIPT-EXEC:EXEC-STATE - TES.Dvt.ScriptExecStateMachine, ID[11]
2013/07/31 20:39:12:471  STATE:  Changing state to ScriptExecStateMachine.ExecState, ID[4]
2013/07/31 20:39:12:471  ACTION: PRB Set Link Data Rate: Slow
2013/07/31 20:39:12:474  ACTION: Read PRB FPGA: Address=0x1004 Data=0x00
2013/07/31 20:39:12:474  ACTION: Write PRB FPGA: Address=0x1004 Data=0x00
2013/07/31 20:39:12:478  ACTION: Connecting to device ID 0x801C0094 (Model 0, Serial 148, SW Version 7, Is Implanted)
2013/07/31 20:39:15:310  INFO:   Registering the ICD session delegates
2013/07/31 20:39:15:310  EVENT:  Connect Succeeded, ID[19]
2013/07/31 20:39:15:310  INFO:   STATE EXITED: SMLibrary.Dvt.IcdCmd+ConnectState
2013/07/31 20:39:15:310  STATE:  Changing state to ScriptExecStateMachine.WaitForNextCmdState, ID[1]
2013/07/31 20:39:15:314  INFO:   EXECUTING STATE MACHINE: SMLibrary.ReadSM Timeout: 00:00:01.3120000
2013/07/31 20:39:15:314  EVENT:  SCRIPT-EXEC:EXEC-SM - TES.Dvt.ScriptExecStateMachine, ID[9]
2013/07/31 20:39:15:314  STATE:  Changing state to ScriptExecStateMachine.ExecStateMachineWithCustomExitEventsState, ID[2]
2013/07/31 20:39:15:315  STATE:  Changing state to ReadSM.ReadingState, ID[8]
2013/07/31 20:39:15:315  ACTION: READ_FROM_16_BIT_ADDR_WITH_CRC32, Address=SYS_ERRORS(0xF56C) Length=1
2013/07/31 20:39:15:386  EVENT:  Command Completed, ID[23], Command=0x82 (READ_FROM_16_BIT_ADDR_WITH_CRC32), CRC32=0xE69CA3FE, Data=0xB0
2013/07/31 20:39:15:388  EVENT:  Read Memory Complete, ID[24]
2013/07/31 20:39:15:388  STATE:  Changing state to ReadSM.IdleState, ID[6]
2013/07/31 20:39:15:388  STATE:  Changing state to ScriptExecStateMachine.WaitForNextCmdState, ID[1]
2013/07/31 20:39:15:388  INFO:   STATE MACHINE EXITED: SMLibrary.ReadSM
2013/07/31 20:39:15:392  INFO:   EXECUTING STATE: IronPython.NewTypes.System.Object#IScriptExecState_5$5 Timeout: 00:00:02
2013/07/31 20:39:15:392  EVENT:  SCRIPT-EXEC:EXEC-STATE - TES.Dvt.ScriptExecStateMachine, ID[11]
2013/07/31 20:39:15:392  STATE:  Changing state to ScriptExecStateMachine.ExecState, ID[4]
2013/07/31 20:39:15:393  ACTION: Return Last Command
2013/07/31 20:39:15:421  EVENT:  Marker (Device Summary), ID[26], Timestamp=0x78[full:not set], Data[0]=0x00, Data[1]=0x40 DynamicShockPolarity=HVA_POSITIVE SystemErrorOccurred 
2013/07/31 20:39:15:434  EVENT:  Command Completed, ID[27], Command=0x60 (Return Last Command), time since last CMDCompleted: 49 ms,
                                 0x00 : 82801C00 94   
2013/07/31 20:39:15:438  STATE:  Changing state to ScriptExecStateMachine.WaitForNextCmdState, ID[1]
2013/07/31 20:39:15:438  INFO:   STATE EXITED: IronPython.NewTypes.System.Object#IScriptExecState_5$5
2013/07/31 20:39:15:439  INFO:   EXECUTING STATE: IronPython.NewTypes.System.Object#IScriptExecState_5$5 Timeout: 00:00:02
2013/07/31 20:39:15:439  EVENT:  SCRIPT-EXEC:EXEC-STATE - TES.Dvt.ScriptExecStateMachine, ID[11]
2013/07/31 20:39:15:439  STATE:  Changing state to ScriptExecStateMachine.ExecState, ID[4]
2013/07/31 20:39:15:439  ACTION: Return Last Command
2013/07/31 20:39:15:482  EVENT:  Command Completed, ID[29], Command=0x60 (Return Last Command), time since last CMDCompleted: 48 ms,
                                 0x00 : 82801C00 94   
2013/07/31 20:39:15:483  STATE:  Changing state to ScriptExecStateMachine.WaitForNextCmdState, ID[1]
2013/07/31 20:39:15:483  INFO:   STATE EXITED: IronPython.NewTypes.System.Object#IScriptExecState_5$5
2013/07/31 20:39:15:483  INFO:   EXECUTING STATE MACHINE: SMLibrary.ReadSM Timeout: 00:00:01.3120000
2013/07/31 20:39:15:483  EVENT:  SCRIPT-EXEC:EXEC-SM - TES.Dvt.ScriptExecStateMachine, ID[9]
2013/07/31 20:39:15:483  STATE:  Changing state to ScriptExecStateMachine.ExecStateMachineWithCustomExitEventsState, ID[2]
2013/07/31 20:39:15:483  STATE:  Changing state to ReadSM.ReadingState, ID[9]
2013/07/31 20:39:15:483  ACTION: READ_FROM_16_BIT_ADDR_WITH_CRC32, Address=SYS_ERRORS(0xF56C) Length=1
2013/07/31 20:39:15:528  EVENT:  Command Completed, ID[33], Command=0x82 (READ_FROM_16_BIT_ADDR_WITH_CRC32), time since last CMDCompleted: 46 ms, CRC32=0xE69CA3FE, Data=0xB0
2013/07/31 20:39:15:528  EVENT:  Read Memory Complete, ID[34]
2013/07/31 20:39:15:528  STATE:  Changing state to ReadSM.IdleState, ID[6]
2013/07/31 20:39:15:528  STATE:  Changing state to ScriptExecStateMachine.WaitForNextCmdState, ID[1]
2013/07/31 20:39:15:528  INFO:   STATE MACHINE EXITED: SMLibrary.ReadSM
2013/07/31 20:39:15:529  INFO:   EXECUTING STATE: IronPython.NewTypes.System.Object#IScriptExecState_5$5 Timeout: 00:00:02
2013/07/31 20:39:15:529  EVENT:  SCRIPT-EXEC:EXEC-STATE - TES.Dvt.ScriptExecStateMachine, ID[11]
2013/07/31 20:39:15:529  STATE:  Changing state to ScriptExecStateMachine.ExecState, ID[4]
2013/07/31 20:39:15:529  ACTION: Return Last Command
2013/07/31 20:39:15:559  EVENT:  Command Completed, ID[36], Command=0x60 (Return Last Command), time since last CMDCompleted: 31 ms,
                                 0x00 : 92801C00 94   
2013/07/31 20:39:15:560  STATE:  Changing state to ScriptExecStateMachine.WaitForNextCmdState, ID[1]
2013/07/31 20:39:15:560  INFO:   STATE EXITED: IronPython.NewTypes.System.Object#IScriptExecState_5$5
2013/07/31 20:39:15:561  INFO:   EXECUTING STATE MACHINE: SMLibrary.ReadSM Timeout: 00:00:01.3120000
2013/07/31 20:39:15:561  EVENT:  SCRIPT-EXEC:EXEC-SM - TES.Dvt.ScriptExecStateMachine, ID[9]
2013/07/31 20:39:15:561  STATE:  Changing state to ScriptExecStateMachine.ExecStateMachineWithCustomExitEventsState, ID[2]
2013/07/31 20:39:15:561  STATE:  Changing state to ReadSM.ReadingState, ID[10]
2013/07/31 20:39:15:561  ACTION: READ_FROM_16_BIT_ADDR_WITH_CRC32, Address=SYS_ERRORS(0xF56C) Length=1
2013/07/31 20:39:15:610  EVENT:  Command Completed, ID[40], Command=0x82 (READ_FROM_16_BIT_ADDR_WITH_CRC32), time since last CMDCompleted: 51 ms, CRC32=0xE69CA3FE, Data=0xB0
2013/07/31 20:39:15:610  EVENT:  Read Memory Complete, ID[41]
2013/07/31 20:39:15:610  STATE:  Changing state to ReadSM.IdleState, ID[6]
2013/07/31 20:39:15:610  STATE:  Changing state to ScriptExecStateMachine.WaitForNextCmdState, ID[1]
2013/07/31 20:39:15:610  INFO:   STATE MACHINE EXITED: SMLibrary.ReadSM
2013/07/31 20:39:15:610  INFO:   EXECUTING STATE: IronPython.NewTypes.System.Object#IScriptExecState_5$5 Timeout: 00:00:02
2013/07/31 20:39:15:610  EVENT:  SCRIPT-EXEC:EXEC-STATE - TES.Dvt.ScriptExecStateMachine, ID[11]
2013/07/31 20:39:15:610  STATE:  Changing state to ScriptExecStateMachine.ExecState, ID[4]
2013/07/31 20:39:15:610  ACTION: Return Last Command
2013/07/31 20:39:15:654  EVENT:  Command Completed, ID[43], Command=0x60 (Return Last Command), time since last CMDCompleted: 44 ms,
                                 0x00 : 92801C00 94   
2013/07/31 20:39:15:655  STATE:  Changing state to ScriptExecStateMachine.WaitForNextCmdState, ID[1]
2013/07/31 20:39:15:655  INFO:   STATE EXITED: IronPython.NewTypes.System.Object#IScriptExecState_5$5
2013/07/31 20:39:15:656  INFO:   EXECUTING STATE MACHINE: SMLibrary.ReadSM Timeout: 00:00:01.3120000
2013/07/31 20:39:15:656  EVENT:  SCRIPT-EXEC:EXEC-SM - TES.Dvt.ScriptExecStateMachine, ID[9]
2013/07/31 20:39:15:656  STATE:  Changing state to ScriptExecStateMachine.ExecStateMachineWithCustomExitEventsState, ID[2]
2013/07/31 20:39:15:656  STATE:  Changing state to ReadSM.ReadingState, ID[11]
2013/07/31 20:39:15:656  ACTION: READ_FROM_16_BIT_ADDR_WITH_CRC32, Address=SYS_ERRORS(0xF56C) Length=1
2013/07/31 20:39:15:700  EVENT:  Command Completed, ID[47], Command=0x82 (READ_FROM_16_BIT_ADDR_WITH_CRC32), time since last CMDCompleted: 46 ms, CRC32=0xE69CA3FE, Data=0xB0
2013/07/31 20:39:15:700  EVENT:  Read Memory Complete, ID[48]
2013/07/31 20:39:15:700  STATE:  Changing state to ReadSM.IdleState, ID[6]
2013/07/31 20:39:15:700  STATE:  Changing state to ScriptExecStateMachine.WaitForNextCmdState, ID[1]
2013/07/31 20:39:15:700  INFO:   STATE MACHINE EXITED: SMLibrary.ReadSM
2013/07/31 20:39:15:701  INFO:   EXECUTING STATE: IronPython.NewTypes.System.Object#IScriptExecState_5$5 Timeout: 00:00:02
2013/07/31 20:39:15:701  EVENT:  SCRIPT-EXEC:EXEC-STATE - TES.Dvt.ScriptExecStateMachine, ID[11]
2013/07/31 20:39:15:701  STATE:  Changing state to ScriptExecStateMachine.ExecState, ID[4]
2013/07/31 20:39:15:701  ACTION: Return Last Command
2013/07/31 20:39:15:731  EVENT:  Command Completed, ID[50], Command=0x60 (Return Last Command), time since last CMDCompleted: 31 ms,
                                 0x00 : 92801C00 94   
2013/07/31 20:39:15:732  STATE:  Changing state to ScriptExecStateMachine.WaitForNextCmdState, ID[1]
2013/07/31 20:39:15:732  INFO:   STATE EXITED: IronPython.NewTypes.System.Object#IScriptExecState_5$5
2013/07/31 20:39:15:735  INFO:   EXECUTING STATE MACHINE: SMLibrary.WriteSM Timeout: 00:00:01.4360000
2013/07/31 20:39:15:735  EVENT:  SCRIPT-EXEC:EXEC-DVT-SM - TES.Dvt.ScriptExecStateMachine, ID[10]
2013/07/31 20:39:15:735  STATE:  Changing state to ScriptExecStateMachine.ExecStateMachineState, ID[3]
2013/07/31 20:39:15:736  STATE:  Changing state to WriteSM.WritingState, ID[12]
2013/07/31 20:39:15:737  ACTION: Write RAM, Address=(0x00F1C0), Length=1, Data=0x07
2013/07/31 20:39:15:798  EVENT:  Command Completed, ID[54], Command=0x81 (Write to 16-bit Address), time since last CMDCompleted: 67 ms
2013/07/31 20:39:15:799  EVENT:  SMLibrary.WriteSM.DoneEvent, ID[51]
2013/07/31 20:39:15:799  STATE:  Changing state to WriteSM.IdleState, ID[6]
2013/07/31 20:39:15:799  STATE:  Changing state to ScriptExecStateMachine.WaitForNextCmdState, ID[1]
2013/07/31 20:39:15:799  INFO:   STATE MACHINE EXITED: SMLibrary.WriteSM
2013/07/31 20:39:15:799  INFO:   EXECUTING STATE: IronPython.NewTypes.System.Object#IScriptExecState_5$5 Timeout: 00:00:02
2013/07/31 20:39:15:799  EVENT:  SCRIPT-EXEC:EXEC-STATE - TES.Dvt.ScriptExecStateMachine, ID[11]
2013/07/31 20:39:15:799  STATE:  Changing state to ScriptExecStateMachine.ExecState, ID[4]
2013/07/31 20:39:15:799  ACTION: Return Last Command
2013/07/31 20:39:15:844  EVENT:  Command Completed, ID[56], Command=0x60 (Return Last Command), time since last CMDCompleted: 46 ms,
                                 0x00 : 91801C00 94   
2013/07/31 20:39:15:845  STATE:  Changing state to ScriptExecStateMachine.WaitForNextCmdState, ID[1]
2013/07/31 20:39:15:845  INFO:   STATE EXITED: IronPython.NewTypes.System.Object#IScriptExecState_5$5
2013/07/31 20:39:15:845  INFO:   EXECUTING STATE MACHINE: SMLibrary.WriteSM Timeout: 00:00:01.4360000
2013/07/31 20:39:15:845  EVENT:  SCRIPT-EXEC:EXEC-DVT-SM - TES.Dvt.ScriptExecStateMachine, ID[10]
2013/07/31 20:39:15:845  STATE:  Changing state to ScriptExecStateMachine.ExecStateMachineState, ID[3]
2013/07/31 20:39:15:845  STATE:  Changing state to WriteSM.WritingState, ID[13]
2013/07/31 20:39:15:845  ACTION: Write RAM, Address=(0x00F1C0), Length=1, Data=0x07
2013/07/31 20:39:15:905  EVENT:  Command Completed, ID[60], Command=0x81 (Write to 16-bit Address), time since last CMDCompleted: 61 ms
2013/07/31 20:39:15:905  EVENT:  SMLibrary.WriteSM.DoneEvent, ID[57]
2013/07/31 20:39:15:905  STATE:  Changing state to WriteSM.IdleState, ID[6]
2013/07/31 20:39:15:905  STATE:  Changing state to ScriptExecStateMachine.WaitForNextCmdState, ID[1]
2013/07/31 20:39:15:905  INFO:   STATE MACHINE EXITED: SMLibrary.WriteSM
2013/07/31 20:39:15:905  INFO:   EXECUTING STATE: IronPython.NewTypes.System.Object#IScriptExecState_5$5 Timeout: 00:00:02
2013/07/31 20:39:15:905  EVENT:  SCRIPT-EXEC:EXEC-STATE - TES.Dvt.ScriptExecStateMachine, ID[11]
2013/07/31 20:39:15:905  STATE:  Changing state to ScriptExecStateMachine.ExecState, ID[4]
2013/07/31 20:39:15:905  ACTION: Return Last Command
2013/07/31 20:39:15:936  EVENT:  Command Completed, ID[62], Command=0x60 (Return Last Command), time since last CMDCompleted: 31 ms,
                                 0x00 : 91801C00 94   
2013/07/31 20:39:15:937  STATE:  Changing state to ScriptExecStateMachine.WaitForNextCmdState, ID[1]
2013/07/31 20:39:15:937  INFO:   STATE EXITED: IronPython.NewTypes.System.Object#IScriptExecState_5$5
2013/07/31 20:39:15:937  INFO:   EXECUTING STATE MACHINE: SMLibrary.WriteSM Timeout: 00:00:01.4360000
2013/07/31 20:39:15:937  EVENT:  SCRIPT-EXEC:EXEC-DVT-SM - TES.Dvt.ScriptExecStateMachine, ID[10]
2013/07/31 20:39:15:937  STATE:  Changing state to ScriptExecStateMachine.ExecStateMachineState, ID[3]
2013/07/31 20:39:15:937  STATE:  Changing state to WriteSM.WritingState, ID[14]
2013/07/31 20:39:15:937  ACTION: Write RAM, Address=(0x00F1C0), Length=1, Data=0x07
2013/07/31 20:39:15:982  EVENT:  Command Completed, ID[66], Command=0x81 (Write to 16-bit Address), time since last CMDCompleted: 46 ms
2013/07/31 20:39:15:982  EVENT:  SMLibrary.WriteSM.DoneEvent, ID[63]
2013/07/31 20:39:15:982  STATE:  Changing state to WriteSM.IdleState, ID[6]
2013/07/31 20:39:15:982  STATE:  Changing state to ScriptExecStateMachine.WaitForNextCmdState, ID[1]
2013/07/31 20:39:15:982  INFO:   STATE MACHINE EXITED: SMLibrary.WriteSM
2013/07/31 20:39:15:982  INFO:   EXECUTING STATE: IronPython.NewTypes.System.Object#IScriptExecState_5$5 Timeout: 00:00:02
2013/07/31 20:39:15:982  EVENT:  SCRIPT-EXEC:EXEC-STATE - TES.Dvt.ScriptExecStateMachine, ID[11]
2013/07/31 20:39:15:982  STATE:  Changing state to ScriptExecStateMachine.ExecState, ID[4]
2013/07/31 20:39:15:982  ACTION: Return Last Command
2013/07/31 20:39:16:013  EVENT:  Command Completed, ID[68], Command=0x60 (Return Last Command), time since last CMDCompleted: 31 ms,
                                 0x00 : 91801C00 94   
2013/07/31 20:39:16:014  STATE:  Changing state to ScriptExecStateMachine.WaitForNextCmdState, ID[1]
2013/07/31 20:39:16:014  INFO:   STATE EXITED: IronPython.NewTypes.System.Object#IScriptExecState_5$5
2013/07/31 20:39:16:015  INFO:   EXECUTING STATE MACHINE: SMLibrary.ReadSM Timeout: 00:00:01.3120000
2013/07/31 20:39:16:015  EVENT:  SCRIPT-EXEC:EXEC-SM - TES.Dvt.ScriptExecStateMachine, ID[9]
2013/07/31 20:39:16:015  STATE:  Changing state to ScriptExecStateMachine.ExecStateMachineWithCustomExitEventsState, ID[2]
2013/07/31 20:39:16:015  STATE:  Changing state to ReadSM.ReadingState, ID[15]
2013/07/31 20:39:16:015  ACTION: READ_FROM_16_BIT_ADDR_WITH_CRC32, Address=SYS_ERRORS(0xF56C) Length=1
2013/07/31 20:39:16:064  EVENT:  Command Completed, ID[72], Command=0x82 (READ_FROM_16_BIT_ADDR_WITH_CRC32), time since last CMDCompleted: 51 ms, CRC32=0xE69CA3FE, Data=0xB0
2013/07/31 20:39:16:064  EVENT:  Read Memory Complete, ID[73]
2013/07/31 20:39:16:064  STATE:  Changing state to ReadSM.IdleState, ID[6]
2013/07/31 20:39:16:064  STATE:  Changing state to ScriptExecStateMachine.WaitForNextCmdState, ID[1]
2013/07/31 20:39:16:064  INFO:   STATE MACHINE EXITED: SMLibrary.ReadSM
2013/07/31 20:39:16:065  INFO:   EXECUTING STATE: IronPython.NewTypes.System.Object#IScriptExecState_5$5 Timeout: 00:00:02
2013/07/31 20:39:16:065  EVENT:  SCRIPT-EXEC:EXEC-STATE - TES.Dvt.ScriptExecStateMachine, ID[11]
2013/07/31 20:39:16:065  STATE:  Changing state to ScriptExecStateMachine.ExecState, ID[4]
2013/07/31 20:39:16:065  ACTION: Return Last Command
2013/07/31 20:39:16:110  EVENT:  Command Completed, ID[75], Command=0x60 (Return Last Command), time since last CMDCompleted: 46 ms,
                                 0x00 : 92801C00 94   
2013/07/31 20:39:16:111  STATE:  Changing state to ScriptExecStateMachine.WaitForNextCmdState, ID[1]
2013/07/31 20:39:16:111  INFO:   STATE EXITED: IronPython.NewTypes.System.Object#IScriptExecState_5$5
2013/07/31 20:39:16:113  INFO:   EXECUTING STATE MACHINE: SMLibrary.ReadSM Timeout: 00:00:01.0780000
2013/07/31 20:39:16:113  EVENT:  SCRIPT-EXEC:EXEC-SM - TES.Dvt.ScriptExecStateMachine, ID[9]
2013/07/31 20:39:16:113  STATE:  Changing state to ScriptExecStateMachine.ExecStateMachineWithCustomExitEventsState, ID[2]
2013/07/31 20:39:16:113  STATE:  Changing state to ReadSM.ReadingState, ID[16]
2013/07/31 20:39:16:113  ACTION: READ_FROM_16_BIT_ADDR_WITH_CRC32, Address=SYS_ERRORS(0xF56C) Length=1
2013/07/31 20:39:16:171  EVENT:  Command Completed, ID[79], Command=0x82 (READ_FROM_16_BIT_ADDR_WITH_CRC32), time since last CMDCompleted: 61 ms, CRC32=0xE69CA3FE, Data=0xB0
2013/07/31 20:39:16:171  EVENT:  Read Memory Complete, ID[80]
2013/07/31 20:39:16:171  STATE:  Changing state to ReadSM.IdleState, ID[6]
2013/07/31 20:39:16:171  STATE:  Changing state to ScriptExecStateMachine.WaitForNextCmdState, ID[1]
2013/07/31 20:39:16:171  INFO:   STATE MACHINE EXITED: SMLibrary.ReadSM
2013/07/31 20:39:16:172  INFO:   EXECUTING STATE MACHINE: SMLibrary.ReadSM Timeout: 00:00:01.0780000
2013/07/31 20:39:16:172  EVENT:  SCRIPT-EXEC:EXEC-SM - TES.Dvt.ScriptExecStateMachine, ID[9]
2013/07/31 20:39:16:172  STATE:  Changing state to ScriptExecStateMachine.ExecStateMachineWithCustomExitEventsState, ID[2]
2013/07/31 20:39:16:172  STATE:  Changing state to ReadSM.ReadingState, ID[17]
2013/07/31 20:39:16:172  ACTION: READ_FROM_16_BIT_ADDR_WITH_CRC32, Address=SYS_ERRORS(0xF56C) Length=1
2013/07/31 20:39:16:217  EVENT:  Command Completed, ID[84], Command=0x82 (READ_FROM_16_BIT_ADDR_WITH_CRC32), time since last CMDCompleted: 46 ms, CRC32=0xE69CA3FE, Data=0xB0
2013/07/31 20:39:16:217  EVENT:  Read Memory Complete, ID[85]
2013/07/31 20:39:16:217  STATE:  Changing state to ReadSM.IdleState, ID[6]
2013/07/31 20:39:16:217  STATE:  Changing state to ScriptExecStateMachine.WaitForNextCmdState, ID[1]
2013/07/31 20:39:16:217  INFO:   STATE MACHINE EXITED: SMLibrary.ReadSM
2013/07/31 20:39:16:218  INFO:   EXECUTING STATE MACHINE: SMLibrary.ReadSM Timeout: 00:00:01.0780000
2013/07/31 20:39:16:218  EVENT:  SCRIPT-EXEC:EXEC-SM - TES.Dvt.ScriptExecStateMachine, ID[9]
2013/07/31 20:39:16:218  STATE:  Changing state to ScriptExecStateMachine.ExecStateMachineWithCustomExitEventsState, ID[2]
2013/07/31 20:39:16:218  STATE:  Changing state to ReadSM.ReadingState, ID[18]
2013/07/31 20:39:16:218  ACTION: READ_FROM_16_BIT_ADDR_WITH_CRC32, Address=SYS_ERRORS(0xF56C) Length=1
2013/07/31 20:39:16:263  EVENT:  Command Completed, ID[89], Command=0x82 (READ_FROM_16_BIT_ADDR_WITH_CRC32), time since last CMDCompleted: 46 ms, CRC32=0xE69CA3FE, Data=0xB0
2013/07/31 20:39:16:263  EVENT:  Read Memory Complete, ID[90]
2013/07/31 20:39:16:263  STATE:  Changing state to ReadSM.IdleState, ID[6]
2013/07/31 20:39:16:263  STATE:  Changing state to ScriptExecStateMachine.WaitForNextCmdState, ID[1]
2013/07/31 20:39:16:263  INFO:   STATE MACHINE EXITED: SMLibrary.ReadSM
2013/07/31 20:39:16:267  INFO:   EXECUTING STATE MACHINE: SMLibrary.ReadSM Timeout: 00:00:01.3120000
2013/07/31 20:39:16:267  EVENT:  SCRIPT-EXEC:EXEC-SM - TES.Dvt.ScriptExecStateMachine, ID[9]
2013/07/31 20:39:16:267  STATE:  Changing state to ScriptExecStateMachine.ExecStateMachineWithCustomExitEventsState, ID[2]
2013/07/31 20:39:16:267  STATE:  Changing state to ReadSM.ReadingState, ID[19]
2013/07/31 20:39:16:267  ACTION: READ_FROM_16_BIT_ADDR_WITH_CRC32, Address=SYS_ERRORS16(0xF56C) Length=2
2013/07/31 20:39:16:326  EVENT:  Command Completed, ID[94], Command=0x82 (READ_FROM_16_BIT_ADDR_WITH_CRC32), time since last CMDCompleted: 63 ms, CRC32=0x2C3F0228, Data=0xB040
2013/07/31 20:39:16:326  EVENT:  Read Memory Complete, ID[95]
2013/07/31 20:39:16:326  STATE:  Changing state to ReadSM.IdleState, ID[6]
2013/07/31 20:39:16:326  STATE:  Changing state to ScriptExecStateMachine.WaitForNextCmdState, ID[1]
2013/07/31 20:39:16:326  INFO:   STATE MACHINE EXITED: SMLibrary.ReadSM
2013/07/31 20:39:16:341  INFO:   Enabling the timestamp/interval calculations
2013/07/31 20:39:16:342  EVENT:  Marker (Device Summary), ID[96], Timestamp=0xEE[full:238], Data[0]=0x00, Data[1]=0x40 DynamicShockPolarity=HVA_POSITIVE SystemErrorOccurred 
2013/07/31 20:39:16:350  EVENT:  SCRIPT-EXEC:EXIT - TES.Dvt.ScriptExecStateMachine, ID[8]
2013/07/31 20:39:16:351  EVENT:  TES.Dvt.ScriptExecStateMachine.DoneEvent, ID[6]
2013/07/31 20:39:16:351  STATE:  Changing state to ScriptExecStateMachine.IdleState, ID[6]
2013/07/31 20:39:16:351  INFO:   Terminating ScriptEngineProcedure
2013/07/31 20:39:16:351  EVENT:  Terminate Dispatch, ID[97]
2013/07/31 20:39:16:363  INFO:   ScriptEngineProcedure Completed
2013/07/31 20:39:16:363  INFO:   Testcase Summary:
2013/07/31 20:39:16:364  RESULT: Test Procedure ScriptEngineProcedure (FAILED)
2013/07/31 20:39:16:364  INFO:   Procedure Runtime = 00:00:19
2013/07/31 20:39:16:371  INFO:   The event dispatch thread ScriptEngineProcedure exited.
