<<<<< Log Header: 07/17/2013 22:13:17 >>>>>
2013/07/17 22:13:17:864 [006360] INFO [NCommunicationSystem.cpp, 108] - nCommunicationSystem, Version=1.8.2.1, Culture=neutral, PublicKeyToken=56b5378c99c0bcfd
2013/07/17 22:13:17:880 [006360] INFO [ExceptionCatchingThread.cpp, 257] - Created the timer thread with id 4300 (0x10cc).
2013/07/17 22:13:17:882 [004300] INFO [ExceptionCatchingThread.cpp, 168] - Executing the timer thread procedure...
2013/07/17 22:13:17:886 [006360] INFO [ExceptionCatchingThread.cpp, 257] - Created the dispatch thread with id 6164 (0x1814).
2013/07/17 22:13:17:886 [006164] INFO [ExceptionCatchingThread.cpp, 168] - Executing the dispatch thread procedure...
2013/07/17 22:13:20:889 [006360] DEBUG [Prb.cpp, 252] - PRB logging started.
2013/07/17 22:13:20:897 [006360] DEBUG [Prb.cpp, 130] - Number of FTDI devices: 1
2013/07/17 22:13:20:897 [006360] DEBUG [Prb.cpp, 158] - FTDI Device[0]: ID=67330069
2013/07/17 22:13:20:901 [006360] DEBUG [Prb.cpp, 169] - FTDI handle=165821736
2013/07/17 22:13:20:901 [006360] INFO [Prb.cpp, 179] - FTDI Driver Version 2.08.24.0
2013/07/17 22:13:21:158 [006360] INFO [Prb.cpp, 205] - FTDI Configuration: MaxCurrent=200, CBus5=21, CBus6=0x4
2013/07/17 22:13:21:409 [006360] INFO [Prb.cpp, 246] - PRB driver initialized.
2013/07/17 22:13:21:409 [006360] TRACE [Prb.cpp, 448] - Writing FPGA, Address=0x1008, Data=0x08
2013/07/17 22:13:21:410 [006360] TRACE [Prb.cpp, 1035] - WriteFPGAPacket(0x1008, 0x08):01 00 0D 00 81 00 03 10 08 08 25 D5 0D 
2013/07/17 22:13:21:410 [006884] TRACE [Prb.cpp, 835] - RxStream contents:01 00 0B CD 06 00 00 00 10 52 0D 
2013/07/17 22:13:21:411 [006884] TRACE [Prb.cpp, 943] - RadioBoardPacket(ACK):01 00 0B CD 06 00 00 00 10 52 0D 
2013/07/17 22:13:21:412 [006360] DEBUG [Prb.cpp, 466] - Write FPGA completed, Address=0x1008, Data=0x08
2013/07/17 22:13:21:428 [006360] TRACE [Prb.cpp, 493] - Reading FPGA, Address=0x300A
2013/07/17 22:13:21:428 [006360] TRACE [Prb.cpp, 1035] - ReadFPGAPacket(0x300A):01 00 0C 01 82 00 02 30 0A E8 24 0D 
2013/07/17 22:13:21:428 [006884] TRACE [Prb.cpp, 835] - RxStream contents:01 00 0C CE 06 01 00 01 00 CF 10 0D 
2013/07/17 22:13:21:430 [006884] TRACE [Prb.cpp, 943] - RadioBoardPacket(ACK):01 00 0C CE 06 01 00 01 00 CF 10 0D 
2013/07/17 22:13:21:430 [006360] DEBUG [Prb.cpp, 512] - Read FPGA completed, Address=0x300A, Data=0x00
2013/07/17 22:13:21:431 [006360] TRACE [Prb.cpp, 448] - Writing FPGA, Address=0x300A, Data=0x03
2013/07/17 22:13:21:431 [006360] TRACE [Prb.cpp, 1035] - WriteFPGAPacket(0x300A, 0x03):01 00 0D 02 81 00 03 30 0A 03 29 4F 0D 
2013/07/17 22:13:21:431 [006884] TRACE [Prb.cpp, 835] - RxStream contents:01 00 0B CF 06 02 00 00 10 8A 0D 
2013/07/17 22:13:21:432 [006884] TRACE [Prb.cpp, 943] - RadioBoardPacket(ACK):01 00 0B CF 06 02 00 00 10 8A 0D 
2013/07/17 22:13:21:433 [006360] DEBUG [Prb.cpp, 466] - Write FPGA completed, Address=0x300A, Data=0x03
2013/07/17 22:13:21:446 [006360] INFO [CrossTalkDetector.cpp, 14] - EnterCrossTalkThreshold = 8
2013/07/17 22:13:21:447 [006360] INFO [CrossTalkDetector.cpp, 21] - LeaveCrossTalkThreshold = 4
2013/07/17 22:13:21:448 [006360] INFO [CrossTalkDetector.cpp, 28] - LinkThreshold = 8
2013/07/17 22:13:21:450 [006360] INFO [ExceptionCatchingThread.cpp, 257] - Created the interrupt thread with id 6892 (0x1aec).
2013/07/17 22:13:21:450 [006360] DEBUG [Prb.cpp, 252] - PRB logging started.
2013/07/17 22:13:21:450 [006892] INFO [ExceptionCatchingThread.cpp, 168] - Executing the interrupt thread procedure...
2013/07/17 22:13:21:452 [006360] INFO [CommunicationSystem.cpp, 640] - Calibrating the PRB CC1020.
2013/07/17 22:13:21:452 [006360] TRACE [Prb.cpp, 448] - Writing FPGA, Address=0x1008, Data=0x01
2013/07/17 22:13:21:453 [006360] TRACE [Prb.cpp, 1035] - WriteFPGAPacket(0x1008, 0x01):01 00 0D 03 81 00 03 10 08 01 26 D3 0D 
2013/07/17 22:13:21:453 [006884] TRACE [Prb.cpp, 835] - RxStream contents:01 00 0B D0 06 03 00 00 15 B6 0D 
2013/07/17 22:13:21:454 [006884] TRACE [Prb.cpp, 943] - RadioBoardPacket(ACK):01 00 0B D0 06 03 00 00 15 B6 0D 
2013/07/17 22:13:21:454 [006360] DEBUG [Prb.cpp, 466] - Write FPGA completed, Address=0x1008, Data=0x01
2013/07/17 22:13:21:536 [006884] TRACE [Prb.cpp, 835] - RxStream contents:01 00 0D D1 00 00 00 02 09 00 BA 15 0D 
2013/07/17 22:13:21:540 [006892] DEBUG [CommunicationSystem.cpp, 1120] - Calibration complete.
2013/07/17 22:13:21:540 [006360] TRACE [Prb.cpp, 493] - Reading FPGA, Address=0x2012
2013/07/17 22:13:21:541 [006360] TRACE [Prb.cpp, 1035] - ReadFPGAPacket(0x2012):01 00 0C 04 82 00 02 20 12 10 72 0D 
2013/07/17 22:13:21:541 [006884] TRACE [Prb.cpp, 835] - RxStream contents:01 00 0C D2 06 04 00 01 00 AB 0D 0D 
2013/07/17 22:13:21:542 [006884] TRACE [Prb.cpp, 943] - RadioBoardPacket(ACK):01 00 0C D2 06 04 00 01 00 AB 0D 0D 
2013/07/17 22:13:21:543 [006360] DEBUG [Prb.cpp, 512] - Read FPGA completed, Address=0x2012, Data=0x00
2013/07/17 22:13:21:543 [006360] INFO [CommunicationSystem.cpp, 653] - CC1020 Calibration succeeded.
2013/07/17 22:13:21:544 [006360] TRACE [Prb.cpp, 448] - Writing FPGA, Address=0x1006, Data=0x08
2013/07/17 22:13:21:544 [006360] TRACE [Prb.cpp, 1035] - WriteFPGAPacket(0x1006, 0x08):01 00 0D 05 81 00 03 10 06 08 84 86 0D 
2013/07/17 22:13:21:544 [006884] TRACE [Prb.cpp, 835] - RxStream contents:01 00 0B D3 06 05 00 00 15 46 0D 
2013/07/17 22:13:21:545 [006884] TRACE [Prb.cpp, 943] - RadioBoardPacket(ACK):01 00 0B D3 06 05 00 00 15 46 0D 
2013/07/17 22:13:21:546 [006360] DEBUG [Prb.cpp, 466] - Write FPGA completed, Address=0x1006, Data=0x08
2013/07/17 22:13:21:546 [006360] TRACE [Prb.cpp, 493] - Reading FPGA, Address=0x3000
2013/07/17 22:13:21:547 [006360] TRACE [Prb.cpp, 1035] - ReadFPGAPacket(0x3000):01 00 0C 06 82 00 02 30 00 80 1E 0D 
2013/07/17 22:13:21:547 [006884] TRACE [Prb.cpp, 835] - RxStream contents:01 00 0C D4 06 06 00 01 07 13 1A 0D 
2013/07/17 22:13:21:548 [006884] TRACE [Prb.cpp, 943] - RadioBoardPacket(ACK):01 00 0C D4 06 06 00 01 07 13 1A 0D 
2013/07/17 22:13:21:549 [006360] DEBUG [Prb.cpp, 512] - Read FPGA completed, Address=0x3000, Data=0x07
2013/07/17 22:13:21:549 [006360] INFO [CommunicationSystem.cpp, 613] - FPGA Revision 7.
2013/07/17 22:13:21:550 [006360] TRACE [Prb.cpp, 584] - Reading CC1020, Address=0x0004
2013/07/17 22:13:21:550 [006360] TRACE [Prb.cpp, 1035] - ReadCC1020Packet(0x04):01 00 0C 07 84 00 02 00 04 59 16 0D 
2013/07/17 22:13:21:551 [006884] TRACE [Prb.cpp, 835] - RxStream contents:01 00 0C D5 06 07 00 01 35 FF B5 0D 
2013/07/17 22:13:21:552 [006884] TRACE [Prb.cpp, 943] - RadioBoardPacket(ACK):01 00 0C D5 06 07 00 01 35 FF B5 0D 
2013/07/17 22:13:21:552 [006360] DEBUG [Prb.cpp, 603] - Read CC1020 completed, Address=0x0004, Data=0x35
2013/07/17 22:13:21:553 [006360] INFO [CommunicationSystem.cpp, 614] - CC1020 Frequency 2A 0x35.
2013/07/17 22:13:21:553 [006360] TRACE [Prb.cpp, 584] - Reading CC1020, Address=0x0005
2013/07/17 22:13:21:554 [006360] TRACE [Prb.cpp, 1035] - ReadCC1020Packet(0x05):01 00 0C 08 84 00 02 00 05 F1 1C 0D 
2013/07/17 22:13:21:554 [006884] TRACE [Prb.cpp, 835] - RxStream contents:01 00 0C D6 06 08 00 01 F0 B9 2B 0D 
2013/07/17 22:13:21:555 [006884] TRACE [Prb.cpp, 943] - RadioBoardPacket(ACK):01 00 0C D6 06 08 00 01 F0 B9 2B 0D 
2013/07/17 22:13:21:555 [006360] DEBUG [Prb.cpp, 603] - Read CC1020 completed, Address=0x0005, Data=0xF0
2013/07/17 22:13:21:556 [006360] INFO [CommunicationSystem.cpp, 615] - CC1020 Frequency 1A 0xf0.
2013/07/17 22:13:21:556 [006360] TRACE [Prb.cpp, 584] - Reading CC1020, Address=0x0006
2013/07/17 22:13:21:557 [006360] TRACE [Prb.cpp, 1035] - ReadCC1020Packet(0x06):01 00 0C 09 84 00 02 00 06 09 15 0D 
2013/07/17 22:13:21:557 [006884] TRACE [Prb.cpp, 835] - RxStream contents:01 00 0C D7 06 09 00 01 21 D7 CD 0D 
2013/07/17 22:13:21:558 [006884] TRACE [Prb.cpp, 943] - RadioBoardPacket(ACK):01 00 0C D7 06 09 00 01 21 D7 CD 0D 
2013/07/17 22:13:21:558 [006360] DEBUG [Prb.cpp, 603] - Read CC1020 completed, Address=0x0006, Data=0x21
2013/07/17 22:13:21:559 [006360] INFO [CommunicationSystem.cpp, 616] - CC1020 Frequency 0A 0x21.
2013/07/17 22:13:21:559 [006360] TRACE [Prb.cpp, 584] - Reading CC1020, Address=0x0008
2013/07/17 22:13:21:560 [006360] TRACE [Prb.cpp, 1035] - ReadCC1020Packet(0x08):01 00 0C 0A 84 00 02 00 08 01 32 0D 
2013/07/17 22:13:21:560 [006884] TRACE [Prb.cpp, 835] - RxStream contents:01 00 0C D8 06 0A 00 01 35 C3 BA 0D 
2013/07/17 22:13:21:561 [006884] TRACE [Prb.cpp, 943] - RadioBoardPacket(ACK):01 00 0C D8 06 0A 00 01 35 C3 BA 0D 
2013/07/17 22:13:21:561 [006360] DEBUG [Prb.cpp, 603] - Read CC1020 completed, Address=0x0008, Data=0x35
2013/07/17 22:13:21:562 [006360] INFO [CommunicationSystem.cpp, 617] - CC1020 Frequency 2B 0x35.
2013/07/17 22:13:21:563 [006360] TRACE [Prb.cpp, 584] - Reading CC1020, Address=0x0009
2013/07/17 22:13:21:564 [006360] TRACE [Prb.cpp, 1035] - ReadCC1020Packet(0x09):01 00 0C 0B 84 00 02 00 09 79 34 0D 
2013/07/17 22:13:21:564 [006884] TRACE [Prb.cpp, 835] - RxStream contents:01 00 0C D9 06 0B 00 01 FA AD 18 0D 
2013/07/17 22:13:21:565 [006884] TRACE [Prb.cpp, 943] - RadioBoardPacket(ACK):01 00 0C D9 06 0B 00 01 FA AD 18 0D 
2013/07/17 22:13:21:565 [006360] DEBUG [Prb.cpp, 603] - Read CC1020 completed, Address=0x0009, Data=0xFA
2013/07/17 22:13:21:566 [006360] INFO [CommunicationSystem.cpp, 618] - CC1020 Frequency 1B 0xfa.
2013/07/17 22:13:21:566 [006360] TRACE [Prb.cpp, 584] - Reading CC1020, Address=0x000A
2013/07/17 22:13:21:567 [006360] TRACE [Prb.cpp, 1035] - ReadCC1020Packet(0x0A):01 00 0C 0C 84 00 02 00 0A 11 38 0D 
2013/07/17 22:13:21:567 [006884] TRACE [Prb.cpp, 835] - RxStream contents:01 00 0C DA 06 0C 00 01 CB 49 BE 0D 
2013/07/17 22:13:21:568 [006884] TRACE [Prb.cpp, 943] - RadioBoardPacket(ACK):01 00 0C DA 06 0C 00 01 CB 49 BE 0D 
2013/07/17 22:13:21:568 [006360] DEBUG [Prb.cpp, 603] - Read CC1020 completed, Address=0x000A, Data=0xCB
2013/07/17 22:13:21:569 [006360] INFO [CommunicationSystem.cpp, 619] - CC1020 Frequency 0B 0xcb.
2013/07/17 22:13:21:569 [006360] DEBUG [Prb.cpp, 650] - Read EEPROM completed, Address=0x060A, Data=0x00
2013/07/17 22:13:21:570 [006360] INFO [CommunicationSystem.cpp, 620] - RSSI Calibration Reference Center Channel 0.
2013/07/17 22:13:21:570 [006360] TRACE [Prb.cpp, 493] - Reading FPGA, Address=0x3054
2013/07/17 22:13:21:571 [006360] TRACE [Prb.cpp, 1035] - ReadFPGAPacket(0x3054):01 00 0C 0D 82 00 02 30 54 C9 EC 0D 
2013/07/17 22:13:21:571 [006884] TRACE [Prb.cpp, 835] - RxStream contents:01 00 0C DB 06 0D 00 01 07 27 16 0D 
2013/07/17 22:13:21:572 [006884] TRACE [Prb.cpp, 943] - RadioBoardPacket(ACK):01 00 0C DB 06 0D 00 01 07 27 16 0D 
2013/07/17 22:13:21:573 [006360] DEBUG [Prb.cpp, 512] - Read FPGA completed, Address=0x3054, Data=0x07
2013/07/17 22:13:21:573 [006360] INFO [CommunicationSystem.cpp, 621] - CC1020 PA_POWER 0x7.
2013/07/17 22:13:21:574 [006360] TRACE [Prb.cpp, 584] - Reading CC1020, Address=0x001C
2013/07/17 22:13:21:574 [006360] TRACE [Prb.cpp, 1035] - ReadCC1020Packet(0x1C):01 00 0C 0E 84 00 02 00 1C E1 4C 0D 
2013/07/17 22:13:21:574 [006884] TRACE [Prb.cpp, 835] - RxStream contents:01 00 0C DC 06 0E 00 01 07 73 10 0D 
2013/07/17 22:13:21:575 [006884] TRACE [Prb.cpp, 943] - RadioBoardPacket(ACK):01 00 0C DC 06 0E 00 01 07 73 10 0D 
2013/07/17 22:13:21:576 [006360] DEBUG [Prb.cpp, 603] - Read CC1020 completed, Address=0x001C, Data=0x07
2013/07/17 22:13:21:576 [006360] INFO [CommunicationSystem.cpp, 622] - CC1020 Transmit Power 0x7.
2013/07/17 22:13:21:577 [006360] TRACE [Prb.cpp, 493] - Reading FPGA, Address=0x3014
2013/07/17 22:13:21:577 [006360] TRACE [Prb.cpp, 1035] - ReadFPGAPacket(0x3014):01 00 0C 0F 82 00 02 30 14 38 6C 0D 
2013/07/17 22:13:21:577 [006884] TRACE [Prb.cpp, 835] - RxStream contents:01 00 0C DD 06 0F 00 01 00 9F 01 0D 
2013/07/17 22:13:21:578 [006884] TRACE [Prb.cpp, 943] - RadioBoardPacket(ACK):01 00 0C DD 06 0F 00 01 00 9F 01 0D 
2013/07/17 22:13:21:579 [006360] DEBUG [Prb.cpp, 512] - Read FPGA completed, Address=0x3014, Data=0x00
2013/07/17 22:13:21:579 [006360] INFO [CommunicationSystem.cpp, 623] - Low Noise Amplifier Circumvented 0.
2013/07/17 22:13:21:580 [006360] TRACE [Prb.cpp, 584] - Reading CC1020, Address=0x0001
2013/07/17 22:13:21:581 [006360] TRACE [Prb.cpp, 1035] - ReadCC1020Packet(0x01):01 00 0C 10 84 00 02 00 01 B1 1C 0D 
2013/07/17 22:13:21:581 [006884] TRACE [Prb.cpp, 835] - RxStream contents:01 00 0C DE 06 10 00 01 0F 9B 25 0D 
2013/07/17 22:13:21:582 [006884] TRACE [Prb.cpp, 943] - RadioBoardPacket(ACK):01 00 0C DE 06 10 00 01 0F 9B 25 0D 
2013/07/17 22:13:21:582 [006360] DEBUG [Prb.cpp, 603] - Read CC1020 completed, Address=0x0001, Data=0x0F
2013/07/17 22:13:21:583 [006360] INFO [CommunicationSystem.cpp, 624] - Low Noise Amplifier 0xf.
2013/07/17 22:13:21:583 [006360] TRACE [Prb.cpp, 493] - Reading FPGA, Address=0x1006
2013/07/17 22:13:21:584 [006360] TRACE [Prb.cpp, 1035] - ReadFPGAPacket(0x1006):01 00 0C 11 82 00 02 10 06 28 1D 0D 
2013/07/17 22:13:21:584 [006884] TRACE [Prb.cpp, 835] - RxStream contents:01 00 0C DF 06 11 00 01 08 77 34 0D 
2013/07/17 22:13:21:585 [006884] TRACE [Prb.cpp, 943] - RadioBoardPacket(ACK):01 00 0C DF 06 11 00 01 08 77 34 0D 
2013/07/17 22:13:21:585 [006360] DEBUG [Prb.cpp, 512] - Read FPGA completed, Address=0x1006, Data=0x08
2013/07/17 22:13:21:586 [006360] INFO [CommunicationSystem.cpp, 625] - Allowed Framing Errors 8.
2013/07/17 22:13:21:588 [006360] INFO [CrossTalkDetector.cpp, 28] - LinkThreshold = 8
2013/07/17 22:13:21:589 [006360] INFO [CrossTalkDetector.cpp, 14] - EnterCrossTalkThreshold = 8
2013/07/17 22:13:21:589 [006360] INFO [CrossTalkDetector.cpp, 21] - LeaveCrossTalkThreshold = 4
2013/07/17 22:13:21:598 [001704] TRACE [Prb.cpp, 493] - Reading FPGA, Address=0x3000
2013/07/17 22:13:21:599 [001704] TRACE [Prb.cpp, 1035] - ReadFPGAPacket(0x3000):01 00 0C 12 82 00 02 30 00 E0 0A 0D 
2013/07/17 22:13:21:599 [006884] TRACE [Prb.cpp, 835] - RxStream contents:01 00 0C E0 06 12 00 01 07 63 2A 0D 
2013/07/17 22:13:21:600 [006884] TRACE [Prb.cpp, 943] - RadioBoardPacket(ACK):01 00 0C E0 06 12 00 01 07 63 2A 0D 
2013/07/17 22:13:21:601 [001704] DEBUG [Prb.cpp, 512] - Read FPGA completed, Address=0x3000, Data=0x07
2013/07/17 22:13:21:602 [001704] TRACE [Prb.cpp, 539] - Writing CC1020, Address=0x001C, Data=0x07
2013/07/17 22:13:21:603 [001704] TRACE [Prb.cpp, 1035] - WriteCC1020Packet(0x1C, 0x07):01 00 0D 13 83 00 03 00 1C 07 3E 84 0D 
2013/07/17 22:13:21:603 [006884] TRACE [Prb.cpp, 835] - RxStream contents:01 00 0B E1 06 13 00 00 1C 0E 0D 
2013/07/17 22:13:21:604 [006884] TRACE [Prb.cpp, 943] - RadioBoardPacket(ACK):01 00 0B E1 06 13 00 00 1C 0E 0D 
2013/07/17 22:13:21:604 [001704] DEBUG [Prb.cpp, 557] - Write CC1020 completed, Address=0x001C, Data=0x07
2013/07/17 22:13:21:632 [006360] TRACE [Prb.cpp, 493] - Reading FPGA, Address=0x3000
2013/07/17 22:13:21:633 [006360] TRACE [Prb.cpp, 1035] - ReadFPGAPacket(0x3000):01 00 0C 14 82 00 02 30 00 70 0F 0D 
2013/07/17 22:13:21:633 [006884] TRACE [Prb.cpp, 835] - RxStream contents:01 00 0C E2 06 14 00 01 07 6B 29 0D 
2013/07/17 22:13:21:635 [006884] TRACE [Prb.cpp, 943] - RadioBoardPacket(ACK):01 00 0C E2 06 14 00 01 07 6B 29 0D 
2013/07/17 22:13:21:635 [006360] DEBUG [Prb.cpp, 512] - Read FPGA completed, Address=0x3000, Data=0x07
2013/07/17 22:13:21:643 [006360] INFO [CommunicationSystem.cpp, 640] - Calibrating the PRB CC1020.
2013/07/17 22:13:21:644 [006360] TRACE [Prb.cpp, 448] - Writing FPGA, Address=0x1008, Data=0x01
2013/07/17 22:13:21:645 [006360] TRACE [Prb.cpp, 1035] - WriteFPGAPacket(0x1008, 0x01):01 00 0D 15 81 00 03 10 08 01 B1 B0 0D 
2013/07/17 22:13:21:645 [006884] TRACE [Prb.cpp, 835] - RxStream contents:01 00 0B E3 06 15 00 00 9C 85 0D 
2013/07/17 22:13:21:646 [006884] TRACE [Prb.cpp, 943] - RadioBoardPacket(ACK):01 00 0B E3 06 15 00 00 9C 85 0D 
2013/07/17 22:13:21:646 [006360] DEBUG [Prb.cpp, 466] - Write FPGA completed, Address=0x1008, Data=0x01
2013/07/17 22:13:21:728 [006884] TRACE [Prb.cpp, 835] - RxStream contents:01 00 0D E4 00 00 00 02 09 00 8C 45 0D 
2013/07/17 22:13:21:730 [006892] DEBUG [CommunicationSystem.cpp, 1120] - Calibration complete.
2013/07/17 22:13:21:730 [006360] TRACE [Prb.cpp, 493] - Reading FPGA, Address=0x2012
2013/07/17 22:13:21:731 [006360] TRACE [Prb.cpp, 1035] - ReadFPGAPacket(0x2012):01 00 0C 16 82 00 02 20 12 E0 63 0D 
2013/07/17 22:13:21:731 [006884] TRACE [Prb.cpp, 835] - RxStream contents:01 00 0C E5 06 16 00 01 00 2B 3D 0D 
2013/07/17 22:13:21:732 [006884] TRACE [Prb.cpp, 943] - RadioBoardPacket(ACK):01 00 0C E5 06 16 00 01 00 2B 3D 0D 
2013/07/17 22:13:21:733 [006360] DEBUG [Prb.cpp, 512] - Read FPGA completed, Address=0x2012, Data=0x00
2013/07/17 22:13:21:733 [006360] INFO [CommunicationSystem.cpp, 653] - CC1020 Calibration succeeded.
2013/07/17 22:13:21:739 [006360] TRACE [Prb.cpp, 584] - Reading CC1020, Address=0x0004
2013/07/17 22:13:21:739 [006360] TRACE [Prb.cpp, 1035] - ReadCC1020Packet(0x04):01 00 0C 17 84 00 02 00 04 D9 04 0D 
2013/07/17 22:13:21:739 [006884] TRACE [Prb.cpp, 835] - RxStream contents:01 00 0C E6 06 17 00 01 35 37 80 0D 
2013/07/17 22:13:21:741 [006884] TRACE [Prb.cpp, 943] - RadioBoardPacket(ACK):01 00 0C E6 06 17 00 01 35 37 80 0D 
2013/07/17 22:13:21:741 [006360] DEBUG [Prb.cpp, 603] - Read CC1020 completed, Address=0x0004, Data=0x35
2013/07/17 22:13:21:743 [006360] TRACE [Prb.cpp, 584] - Reading CC1020, Address=0x0005
2013/07/17 22:13:21:744 [006360] TRACE [Prb.cpp, 1035] - ReadCC1020Packet(0x05):01 00 0C 18 84 00 02 00 05 71 0E 0D 
2013/07/17 22:13:21:744 [006884] TRACE [Prb.cpp, 835] - RxStream contents:01 00 0C E7 06 18 00 01 F0 01 1D 0D 
2013/07/17 22:13:21:746 [006884] TRACE [Prb.cpp, 943] - RadioBoardPacket(ACK):01 00 0C E7 06 18 00 01 F0 01 1D 0D 
2013/07/17 22:13:21:746 [006360] DEBUG [Prb.cpp, 603] - Read CC1020 completed, Address=0x0005, Data=0xF0
2013/07/17 22:13:21:748 [006360] TRACE [Prb.cpp, 584] - Reading CC1020, Address=0x0006
2013/07/17 22:13:21:748 [006360] TRACE [Prb.cpp, 1035] - ReadCC1020Packet(0x06):01 00 0C 19 84 00 02 00 06 89 07 0D 
2013/07/17 22:13:21:749 [006884] TRACE [Prb.cpp, 835] - RxStream contents:01 00 0C E8 06 19 00 01 21 BF F7 0D 
2013/07/17 22:13:21:750 [006884] TRACE [Prb.cpp, 943] - RadioBoardPacket(ACK):01 00 0C E8 06 19 00 01 21 BF F7 0D 
2013/07/17 22:13:21:750 [006360] DEBUG [Prb.cpp, 603] - Read CC1020 completed, Address=0x0006, Data=0x21
2013/07/17 22:13:21:751 [006360] TRACE [Prb.cpp, 584] - Reading CC1020, Address=0x0007
2013/07/17 22:13:21:752 [006360] TRACE [Prb.cpp, 1035] - ReadCC1020Packet(0x07):01 00 0C 1A 84 00 02 00 07 81 02 0D 
2013/07/17 22:13:21:752 [006884] TRACE [Prb.cpp, 835] - RxStream contents:01 00 0C E9 06 1A 00 01 38 FB A1 0D 
2013/07/17 22:13:21:753 [006884] TRACE [Prb.cpp, 943] - RadioBoardPacket(ACK):01 00 0C E9 06 1A 00 01 38 FB A1 0D 
2013/07/17 22:13:21:754 [006360] DEBUG [Prb.cpp, 603] - Read CC1020 completed, Address=0x0007, Data=0x38
2013/07/17 22:13:21:755 [006360] TRACE [Prb.cpp, 584] - Reading CC1020, Address=0x0008
2013/07/17 22:13:21:755 [006360] TRACE [Prb.cpp, 1035] - ReadCC1020Packet(0x08):01 00 0C 1B 84 00 02 00 08 79 23 0D 
2013/07/17 22:13:21:755 [006884] TRACE [Prb.cpp, 835] - RxStream contents:01 00 0C EA 06 1B 00 01 35 67 8F 0D 
2013/07/17 22:13:21:757 [006884] TRACE [Prb.cpp, 943] - RadioBoardPacket(ACK):01 00 0C EA 06 1B 00 01 35 67 8F 0D 
2013/07/17 22:13:21:757 [006360] DEBUG [Prb.cpp, 603] - Read CC1020 completed, Address=0x0008, Data=0x35
2013/07/17 22:13:21:758 [006360] TRACE [Prb.cpp, 584] - Reading CC1020, Address=0x0009
2013/07/17 22:13:21:759 [006360] TRACE [Prb.cpp, 1035] - ReadCC1020Packet(0x09):01 00 0C 1C 84 00 02 00 09 91 20 0D 
2013/07/17 22:13:21:759 [006884] TRACE [Prb.cpp, 835] - RxStream contents:01 00 0C EB 06 1C 00 01 FA 71 2D 0D 
2013/07/17 22:13:21:760 [006884] TRACE [Prb.cpp, 943] - RadioBoardPacket(ACK):01 00 0C EB 06 1C 00 01 FA 71 2D 0D 
2013/07/17 22:13:21:760 [006360] DEBUG [Prb.cpp, 603] - Read CC1020 completed, Address=0x0009, Data=0xFA
2013/07/17 22:13:21:762 [006360] TRACE [Prb.cpp, 584] - Reading CC1020, Address=0x000A
2013/07/17 22:13:21:762 [006360] TRACE [Prb.cpp, 1035] - ReadCC1020Packet(0x0A):01 00 0C 1D 84 00 02 00 0A 69 29 0D 
2013/07/17 22:13:21:762 [006884] TRACE [Prb.cpp, 835] - RxStream contents:01 00 0C EC 06 1D 00 01 CB 0D 8D 0D 
2013/07/17 22:13:21:763 [006884] TRACE [Prb.cpp, 943] - RadioBoardPacket(ACK):01 00 0C EC 06 1D 00 01 CB 0D 8D 0D 
2013/07/17 22:13:21:764 [006360] DEBUG [Prb.cpp, 603] - Read CC1020 completed, Address=0x000A, Data=0xCB
2013/07/17 22:13:21:765 [006360] TRACE [Prb.cpp, 584] - Reading CC1020, Address=0x000B
2013/07/17 22:13:21:766 [006360] TRACE [Prb.cpp, 1035] - ReadCC1020Packet(0x0B):01 00 0C 1E 84 00 02 00 0B 61 2C 0D 
2013/07/17 22:13:21:766 [006884] TRACE [Prb.cpp, 835] - RxStream contents:01 00 0C ED 06 1E 00 01 38 CB A4 0D 
2013/07/17 22:13:21:767 [006884] TRACE [Prb.cpp, 943] - RadioBoardPacket(ACK):01 00 0C ED 06 1E 00 01 38 CB A4 0D 
2013/07/17 22:13:21:767 [006360] DEBUG [Prb.cpp, 603] - Read CC1020 completed, Address=0x000B, Data=0x38
2013/07/17 22:13:21:769 [006360] TRACE [Prb.cpp, 584] - Reading CC1020, Address=0x001D
2013/07/17 22:13:21:769 [006360] TRACE [Prb.cpp, 1035] - ReadCC1020Packet(0x1D):01 00 0C 1F 84 00 02 00 1D 19 58 0D 
2013/07/17 22:13:21:770 [006884] TRACE [Prb.cpp, 835] - RxStream contents:01 00 0C EE 06 1F 00 01 00 57 34 0D 
2013/07/17 22:13:21:770 [006884] TRACE [Prb.cpp, 943] - RadioBoardPacket(ACK):01 00 0C EE 06 1F 00 01 00 57 34 0D 
2013/07/17 22:13:21:771 [006360] DEBUG [Prb.cpp, 603] - Read CC1020 completed, Address=0x001D, Data=0x00
2013/07/17 22:13:21:772 [006360] TRACE [Prb.cpp, 584] - Reading CC1020, Address=0x0045
2013/07/17 22:13:21:773 [006360] TRACE [Prb.cpp, 1035] - ReadCC1020Packet(0x45):01 00 0C 20 84 00 02 00 45 B0 B7 0D 
2013/07/17 22:13:21:773 [006884] TRACE [Prb.cpp, 835] - RxStream contents:01 00 0C EF 06 20 00 01 4C 22 96 0D 
2013/07/17 22:13:21:775 [006884] TRACE [Prb.cpp, 943] - RadioBoardPacket(ACK):01 00 0C EF 06 20 00 01 4C 22 96 0D 
2013/07/17 22:13:21:776 [006360] DEBUG [Prb.cpp, 603] - Read CC1020 completed, Address=0x0045, Data=0x4C
2013/07/17 22:13:21:777 [006360] TRACE [Prb.cpp, 584] - Reading CC1020, Address=0x0046
2013/07/17 22:13:21:778 [006884] TRACE [Prb.cpp, 835] - RxStream contents:01 00 0C F0 06 21 00 01 66 9E 77 0D 
2013/07/17 22:13:21:778 [006884] TRACE [Prb.cpp, 943] - RadioBoardPacket(ACK):01 00 0C F0 06 21 00 01 66 9E 77 0D 
2013/07/17 22:13:21:778 [006360] TRACE [Prb.cpp, 1035] - ReadCC1020Packet(0x46):01 00 0C 21 84 00 02 00 46 48 BE 0D 
2013/07/17 22:13:21:779 [006360] DEBUG [Prb.cpp, 603] - Read CC1020 completed, Address=0x0046, Data=0x66
2013/07/17 22:13:21:780 [006360] TRACE [Prb.cpp, 584] - Reading CC1020, Address=0x0047
2013/07/17 22:13:21:781 [006360] TRACE [Prb.cpp, 1035] - ReadCC1020Packet(0x47):01 00 0C 22 84 00 02 00 47 40 BB 0D 
2013/07/17 22:13:21:781 [006884] TRACE [Prb.cpp, 835] - RxStream contents:01 00 0C F1 06 22 00 01 44 5A B8 0D 
2013/07/17 22:13:21:782 [006884] TRACE [Prb.cpp, 943] - RadioBoardPacket(ACK):01 00 0C F1 06 22 00 01 44 5A B8 0D 
2013/07/17 22:13:21:783 [006360] DEBUG [Prb.cpp, 603] - Read CC1020 completed, Address=0x0047, Data=0x44
2013/07/17 22:13:21:791 [006360] TRACE [Prb.cpp, 493] - Reading FPGA, Address=0x305E
2013/07/17 22:13:21:792 [006360] TRACE [Prb.cpp, 1035] - ReadFPGAPacket(0x305E):01 00 0C 23 82 00 02 30 5E 99 FD 0D 
2013/07/17 22:13:21:792 [006884] TRACE [Prb.cpp, 835] - RxStream contents:01 00 0C F2 06 23 00 01 00 47 23 0D 
2013/07/17 22:13:21:793 [006884] TRACE [Prb.cpp, 943] - RadioBoardPacket(ACK):01 00 0C F2 06 23 00 01 00 47 23 0D 
2013/07/17 22:13:21:794 [006360] DEBUG [Prb.cpp, 512] - Read FPGA completed, Address=0x305E, Data=0x00
2013/07/17 22:13:21:795 [006360] TRACE [Prb.cpp, 493] - Reading FPGA, Address=0x3060
2013/07/17 22:13:21:795 [006360] TRACE [Prb.cpp, 1035] - ReadFPGAPacket(0x3060):01 00 0C 24 82 00 02 30 60 71 7C 0D 
2013/07/17 22:13:21:795 [006884] TRACE [Prb.cpp, 835] - RxStream contents:01 00 0C F3 06 24 00 01 00 53 23 0D 
2013/07/17 22:13:21:796 [006884] TRACE [Prb.cpp, 943] - RadioBoardPacket(ACK):01 00 0C F3 06 24 00 01 00 53 23 0D 
2013/07/17 22:13:21:797 [006360] DEBUG [Prb.cpp, 512] - Read FPGA completed, Address=0x3060, Data=0x00
2013/07/17 22:13:21:797 [006360] TRACE [Prb.cpp, 493] - Reading FPGA, Address=0x3062
2013/07/17 22:13:21:798 [006360] TRACE [Prb.cpp, 1035] - ReadFPGAPacket(0x3062):01 00 0C 25 82 00 02 30 62 09 70 0D 
2013/07/17 22:13:21:798 [006884] TRACE [Prb.cpp, 835] - RxStream contents:01 00 0C F4 06 25 00 01 00 AF 26 0D 
2013/07/17 22:13:21:799 [006884] TRACE [Prb.cpp, 943] - RadioBoardPacket(ACK):01 00 0C F4 06 25 00 01 00 AF 26 0D 
2013/07/17 22:13:21:800 [006360] DEBUG [Prb.cpp, 512] - Read FPGA completed, Address=0x3062, Data=0x00
2013/07/17 22:13:21:805 [006360] TRACE [Prb.cpp, 493] - Reading FPGA, Address=0x3066
2013/07/17 22:13:21:806 [006360] TRACE [Prb.cpp, 1035] - ReadFPGAPacket(0x3066):01 00 0C 26 82 00 02 30 66 01 6B 0D 
2013/07/17 22:13:21:806 [006884] TRACE [Prb.cpp, 835] - RxStream contents:01 00 0C F5 06 26 00 01 00 6B 25 0D 
2013/07/17 22:13:21:807 [006884] TRACE [Prb.cpp, 943] - RadioBoardPacket(ACK):01 00 0C F5 06 26 00 01 00 6B 25 0D 
2013/07/17 22:13:21:807 [006360] DEBUG [Prb.cpp, 512] - Read FPGA completed, Address=0x3066, Data=0x00
2013/07/17 22:13:21:808 [006360] TRACE [Prb.cpp, 493] - Reading FPGA, Address=0x3068
2013/07/17 22:13:21:809 [006360] TRACE [Prb.cpp, 1035] - ReadFPGAPacket(0x3068):01 00 0C 27 82 00 02 30 68 79 4F 0D 
2013/07/17 22:13:21:809 [006884] TRACE [Prb.cpp, 835] - RxStream contents:01 00 0C F6 06 27 00 01 00 77 26 0D 
2013/07/17 22:13:21:810 [006884] TRACE [Prb.cpp, 943] - RadioBoardPacket(ACK):01 00 0C F6 06 27 00 01 00 77 26 0D 
2013/07/17 22:13:21:810 [006360] DEBUG [Prb.cpp, 512] - Read FPGA completed, Address=0x3068, Data=0x00
2013/07/17 22:13:21:811 [006360] TRACE [Prb.cpp, 493] - Reading FPGA, Address=0x306A
2013/07/17 22:13:21:811 [006360] TRACE [Prb.cpp, 1035] - ReadFPGAPacket(0x306A):01 00 0C 28 82 00 02 30 6A D1 4F 0D 
2013/07/17 22:13:21:812 [006884] TRACE [Prb.cpp, 835] - RxStream contents:01 00 0C F7 06 28 00 01 00 43 25 0D 
2013/07/17 22:13:21:812 [006884] TRACE [Prb.cpp, 943] - RadioBoardPacket(ACK):01 00 0C F7 06 28 00 01 00 43 25 0D 
2013/07/17 22:13:21:813 [006360] DEBUG [Prb.cpp, 512] - Read FPGA completed, Address=0x306A, Data=0x00
2013/07/17 22:13:21:815 [006360] TRACE [Prb.cpp, 448] - Writing FPGA, Address=0x1026, Data=0x01
2013/07/17 22:13:21:816 [006360] TRACE [Prb.cpp, 1035] - WriteFPGAPacket(0x1026, 0x01):01 00 0D 29 81 00 03 10 26 01 6A 70 0D 
2013/07/17 22:13:21:816 [006884] TRACE [Prb.cpp, 835] - RxStream contents:01 00 0B F8 06 29 00 00 9B 7D 0D 
2013/07/17 22:13:21:817 [006884] TRACE [Prb.cpp, 943] - RadioBoardPacket(ACK):01 00 0B F8 06 29 00 00 9B 7D 0D 
2013/07/17 22:13:21:817 [006360] DEBUG [Prb.cpp, 466] - Write FPGA completed, Address=0x1026, Data=0x01
2013/07/17 22:13:21:824 [001704] TRACE [Prb.cpp, 539] - Writing CC1020, Address=0x001C, Data=0x07
2013/07/17 22:13:21:825 [001704] TRACE [Prb.cpp, 1035] - WriteCC1020Packet(0x1C, 0x07):01 00 0D 2A 83 00 03 00 1C 07 04 14 0D 
2013/07/17 22:13:21:825 [006884] TRACE [Prb.cpp, 835] - RxStream contents:01 00 0B F9 06 2A 00 00 1B 3A 0D 
2013/07/17 22:13:21:826 [006884] TRACE [Prb.cpp, 943] - RadioBoardPacket(ACK):01 00 0B F9 06 2A 00 00 1B 3A 0D 
2013/07/17 22:13:21:827 [001704] DEBUG [Prb.cpp, 557] - Write CC1020 completed, Address=0x001C, Data=0x07
2013/07/17 22:13:21:829 [001704] TRACE [Prb.cpp, 448] - Writing FPGA, Address=0x3012, Data=0x01
2013/07/17 22:13:21:830 [001704] TRACE [Prb.cpp, 1035] - WriteFPGAPacket(0x3012, 0x01):01 00 0D 2B 81 00 03 30 12 01 52 D3 0D 
2013/07/17 22:13:21:830 [006884] TRACE [Prb.cpp, 835] - RxStream contents:01 00 0B FA 06 2B 00 00 9B A5 0D 
2013/07/17 22:13:21:831 [006884] TRACE [Prb.cpp, 943] - RadioBoardPacket(ACK):01 00 0B FA 06 2B 00 00 9B A5 0D 
2013/07/17 22:13:21:831 [001704] DEBUG [Prb.cpp, 466] - Write FPGA completed, Address=0x3012, Data=0x01
2013/07/17 22:13:21:832 [001704] TRACE [Prb.cpp, 493] - Reading FPGA, Address=0x1004
2013/07/17 22:13:21:833 [001704] TRACE [Prb.cpp, 1035] - ReadFPGAPacket(0x1004):01 00 0C 2C 82 00 02 10 04 F0 2D 0D 
2013/07/17 22:13:21:833 [006884] TRACE [Prb.cpp, 835] - RxStream contents:01 00 0C FB 06 2C 00 01 00 33 29 0D 
2013/07/17 22:13:21:834 [006884] TRACE [Prb.cpp, 943] - RadioBoardPacket(ACK):01 00 0C FB 06 2C 00 01 00 33 29 0D 
2013/07/17 22:13:21:834 [001704] DEBUG [Prb.cpp, 512] - Read FPGA completed, Address=0x1004, Data=0x00
2013/07/17 22:13:21:835 [001704] TRACE [Prb.cpp, 448] - Writing FPGA, Address=0x1004, Data=0x00
2013/07/17 22:13:21:836 [001704] TRACE [Prb.cpp, 1035] - WriteFPGAPacket(0x1004, 0x00):01 00 0D 2D 81 00 03 10 04 00 A2 36 0D 
2013/07/17 22:13:21:836 [006884] TRACE [Prb.cpp, 835] - RxStream contents:01 00 0B FC 06 2D 00 00 9A CD 0D 
2013/07/17 22:13:21:837 [006884] TRACE [Prb.cpp, 943] - RadioBoardPacket(ACK):01 00 0B FC 06 2D 00 00 9A CD 0D 
2013/07/17 22:13:21:837 [001704] DEBUG [Prb.cpp, 466] - Write FPGA completed, Address=0x1004, Data=0x00
2013/07/17 22:13:21:840 [006164] INFO [CommunicationSystemStates.cpp, 130] - Scan requested. Preamble Burst Duration: 9 seconds. Preamble Burst Data Rate: 2.
2013/07/17 22:13:21:840 [006164] TRACE [Prb.cpp, 448] - Writing FPGA, Address=0x1002, Data=0x09
2013/07/17 22:13:21:841 [006164] TRACE [Prb.cpp, 1035] - WriteFPGAPacket(0x1002, 0x09):01 00 0D 2E 81 00 03 10 02 09 B5 30 0D 
2013/07/17 22:13:21:841 [006884] TRACE [Prb.cpp, 835] - RxStream contents:01 00 0B FD 06 2E 00 00 1A 8A 0D 
2013/07/17 22:13:21:842 [006884] TRACE [Prb.cpp, 943] - RadioBoardPacket(ACK):01 00 0B FD 06 2E 00 00 1A 8A 0D 
2013/07/17 22:13:21:843 [006164] DEBUG [Prb.cpp, 466] - Write FPGA completed, Address=0x1002, Data=0x09
2013/07/17 22:13:21:843 [006164] TRACE [Prb.cpp, 493] - Reading FPGA, Address=0x1004
2013/07/17 22:13:21:844 [006164] TRACE [Prb.cpp, 1035] - ReadFPGAPacket(0x1004):01 00 0C 2F 82 00 02 10 04 78 2D 0D 
2013/07/17 22:13:21:844 [006884] TRACE [Prb.cpp, 835] - RxStream contents:01 00 0C FE 06 2F 00 01 00 17 2C 0D 
2013/07/17 22:13:21:845 [006884] TRACE [Prb.cpp, 943] - RadioBoardPacket(ACK):01 00 0C FE 06 2F 00 01 00 17 2C 0D 
2013/07/17 22:13:21:846 [006164] DEBUG [Prb.cpp, 512] - Read FPGA completed, Address=0x1004, Data=0x00
2013/07/17 22:13:21:846 [006164] TRACE [Prb.cpp, 448] - Writing FPGA, Address=0x1004, Data=0x08
2013/07/17 22:13:21:847 [006164] TRACE [Prb.cpp, 1035] - WriteFPGAPacket(0x1004, 0x08):01 00 0D 30 81 00 03 10 04 08 3E D5 0D 
2013/07/17 22:13:21:847 [006884] TRACE [Prb.cpp, 835] - RxStream contents:01 00 0B FF 06 30 00 00 9B E1 0D 
2013/07/17 22:13:21:848 [006884] TRACE [Prb.cpp, 943] - RadioBoardPacket(ACK):01 00 0B FF 06 30 00 00 9B E1 0D 
2013/07/17 22:13:21:849 [006164] DEBUG [Prb.cpp, 466] - Write FPGA completed, Address=0x1004, Data=0x08
2013/07/17 22:13:21:849 [006164] TRACE [Prb.cpp, 448] - Writing FPGA, Address=0x1008, Data=0x02
2013/07/17 22:13:21:850 [006164] TRACE [Prb.cpp, 1035] - WriteFPGAPacket(0x1008, 0x02):01 00 0D 31 81 00 03 10 08 02 97 FA 0D 
2013/07/17 22:13:21:850 [006884] TRACE [Prb.cpp, 835] - RxStream contents:01 00 0B 00 06 31 00 00 33 DE 0D 
2013/07/17 22:13:21:851 [006884] TRACE [Prb.cpp, 943] - RadioBoardPacket(ACK):01 00 0B 00 06 31 00 00 33 DE 0D 
2013/07/17 22:13:21:852 [006164] DEBUG [Prb.cpp, 466] - Write FPGA completed, Address=0x1008, Data=0x02
2013/07/17 22:13:32:978 [006892] INFO [CommunicationSystemStates.cpp, 168] - Scan complete
2013/07/17 22:13:32:980 [006892] TRACE [Prb.cpp, 584] - Reading CC1020, Address=0x0004
2013/07/17 22:13:32:980 [006892] TRACE [Prb.cpp, 1035] - ReadCC1020Packet(0x04):01 00 0C 32 84 00 02 00 04 41 20 0D 
2013/07/17 22:13:32:980 [006884] TRACE [Prb.cpp, 835] - RxStream contents:01 00 0C 02 06 32 00 01 35 93 67 0D 
2013/07/17 22:13:32:982 [006884] TRACE [Prb.cpp, 943] - RadioBoardPacket(ACK):01 00 0C 02 06 32 00 01 35 93 67 0D 
2013/07/17 22:13:32:982 [006892] DEBUG [Prb.cpp, 603] - Read CC1020 completed, Address=0x0004, Data=0x35
2013/07/17 22:13:32:983 [006892] TRACE [Prb.cpp, 584] - Reading CC1020, Address=0x0005
2013/07/17 22:13:32:983 [006892] TRACE [Prb.cpp, 1035] - ReadCC1020Packet(0x05):01 00 0C 33 84 00 02 00 05 39 26 0D 
2013/07/17 22:13:32:983 [006884] TRACE [Prb.cpp, 835] - RxStream contents:01 00 0C 03 06 33 00 01 F0 FD F9 0D 
2013/07/17 22:13:32:984 [006884] TRACE [Prb.cpp, 943] - RadioBoardPacket(ACK):01 00 0C 03 06 33 00 01 F0 FD F9 0D 
2013/07/17 22:13:32:985 [006892] DEBUG [Prb.cpp, 603] - Read CC1020 completed, Address=0x0005, Data=0xF0
2013/07/17 22:13:32:985 [006892] TRACE [Prb.cpp, 584] - Reading CC1020, Address=0x0006
2013/07/17 22:13:32:986 [006892] TRACE [Prb.cpp, 1035] - ReadCC1020Packet(0x06):01 00 0C 34 84 00 02 00 06 51 2A 0D 
2013/07/17 22:13:32:986 [006884] TRACE [Prb.cpp, 835] - RxStream contents:01 00 0C 04 06 34 00 01 21 7B 1A 0D 
2013/07/17 22:13:32:987 [006884] TRACE [Prb.cpp, 943] - RadioBoardPacket(ACK):01 00 0C 04 06 34 00 01 21 7B 1A 0D 
2013/07/17 22:13:32:988 [006892] DEBUG [Prb.cpp, 603] - Read CC1020 completed, Address=0x0006, Data=0x21
2013/07/17 22:13:32:988 [006892] TRACE [Prb.cpp, 584] - Reading CC1020, Address=0x0008
2013/07/17 22:13:32:989 [006892] TRACE [Prb.cpp, 1035] - ReadCC1020Packet(0x08):01 00 0C 35 84 00 02 00 08 29 0E 0D 
2013/07/17 22:13:32:989 [006884] TRACE [Prb.cpp, 835] - RxStream contents:01 00 0C 05 06 35 00 01 35 17 62 0D 
2013/07/17 22:13:32:990 [006884] TRACE [Prb.cpp, 943] - RadioBoardPacket(ACK):01 00 0C 05 06 35 00 01 35 17 62 0D 
2013/07/17 22:13:32:990 [006892] DEBUG [Prb.cpp, 603] - Read CC1020 completed, Address=0x0008, Data=0x35
2013/07/17 22:13:32:991 [006892] TRACE [Prb.cpp, 584] - Reading CC1020, Address=0x0009
2013/07/17 22:13:32:992 [006892] TRACE [Prb.cpp, 1035] - ReadCC1020Packet(0x09):01 00 0C 36 84 00 02 00 09 21 0B 0D 
2013/07/17 22:13:32:992 [006884] TRACE [Prb.cpp, 835] - RxStream contents:01 00 0C 06 06 36 00 01 FA A1 C0 0D 
2013/07/17 22:13:32:993 [006884] TRACE [Prb.cpp, 943] - RadioBoardPacket(ACK):01 00 0C 06 06 36 00 01 FA A1 C0 0D 
2013/07/17 22:13:32:993 [006892] DEBUG [Prb.cpp, 603] - Read CC1020 completed, Address=0x0009, Data=0xFA
2013/07/17 22:13:32:994 [006892] TRACE [Prb.cpp, 584] - Reading CC1020, Address=0x000A
2013/07/17 22:13:32:994 [006892] TRACE [Prb.cpp, 1035] - ReadCC1020Packet(0x0A):01 00 0C 37 84 00 02 00 0A D9 02 0D 
2013/07/17 22:13:32:994 [006884] TRACE [Prb.cpp, 835] - RxStream contents:01 00 0C 07 06 37 00 01 CB 4D 65 0D 
2013/07/17 22:13:32:995 [006884] TRACE [Prb.cpp, 943] - RadioBoardPacket(ACK):01 00 0C 07 06 37 00 01 CB 4D 65 0D 
2013/07/17 22:13:32:996 [006892] DEBUG [Prb.cpp, 603] - Read CC1020 completed, Address=0x000A, Data=0xCB
2013/07/17 22:13:32:997 [006892] TRACE [Prb.cpp, 584] - Reading CC1020, Address=0x000F
2013/07/17 22:13:32:997 [006892] TRACE [Prb.cpp, 1035] - ReadCC1020Packet(0x0F):01 00 0C 38 84 00 02 00 0F F1 13 0D 
2013/07/17 22:13:32:997 [006884] TRACE [Prb.cpp, 835] - RxStream contents:01 00 0C 08 06 38 00 01 DF A9 12 0D 
2013/07/17 22:13:32:998 [006884] TRACE [Prb.cpp, 943] - RadioBoardPacket(ACK):01 00 0C 08 06 38 00 01 DF A9 12 0D 
2013/07/17 22:13:32:999 [006892] DEBUG [Prb.cpp, 603] - Read CC1020 completed, Address=0x000F, Data=0xDF
2013/07/17 22:13:32:999 [006892] TRACE [Prb.cpp, 584] - Reading CC1020, Address=0x0010
2013/07/17 22:13:33:000 [006892] TRACE [Prb.cpp, 1035] - ReadCC1020Packet(0x10):01 00 0C 39 84 00 02 00 10 89 51 0D 
2013/07/17 22:13:33:000 [006884] TRACE [Prb.cpp, 835] - RxStream contents:01 00 0C 09 06 39 00 01 80 C4 D0 0D 
2013/07/17 22:13:33:001 [006884] TRACE [Prb.cpp, 943] - RadioBoardPacket(ACK):01 00 0C 09 06 39 00 01 80 C4 D0 0D 
2013/07/17 22:13:33:001 [006892] DEBUG [Prb.cpp, 603] - Read CC1020 completed, Address=0x0010, Data=0x80
2013/07/17 22:13:33:002 [006892] TRACE [Prb.cpp, 584] - Reading CC1020, Address=0x0013
2013/07/17 22:13:33:003 [006892] TRACE [Prb.cpp, 1035] - ReadCC1020Packet(0x13):01 00 0C 3A 84 00 02 00 13 01 5B 0D 
2013/07/17 22:13:33:003 [006884] TRACE [Prb.cpp, 835] - RxStream contents:01 00 0C 0A 06 3A 00 01 33 F3 79 0D 
2013/07/17 22:13:33:004 [006884] TRACE [Prb.cpp, 943] - RadioBoardPacket(ACK):01 00 0C 0A 06 3A 00 01 33 F3 79 0D 
2013/07/17 22:13:33:004 [006892] DEBUG [Prb.cpp, 603] - Read CC1020 completed, Address=0x0013, Data=0x33
2013/07/17 22:13:33:005 [006892] TRACE [Prb.cpp, 584] - Reading CC1020, Address=0x0014
2013/07/17 22:13:33:005 [006892] TRACE [Prb.cpp, 1035] - ReadCC1020Packet(0x14):01 00 0C 3B 84 00 02 00 14 79 49 0D 
2013/07/17 22:13:33:005 [006884] TRACE [Prb.cpp, 835] - RxStream contents:01 00 0C 0B 06 3B 00 01 3D 1F 5E 0D 
2013/07/17 22:13:33:006 [006884] TRACE [Prb.cpp, 943] - RadioBoardPacket(ACK):01 00 0C 0B 06 3B 00 01 3D 1F 5E 0D 
2013/07/17 22:13:33:007 [006892] DEBUG [Prb.cpp, 603] - Read CC1020 completed, Address=0x0014, Data=0x3D
2013/07/17 22:13:33:007 [006892] TRACE [Prb.cpp, 584] - Reading CC1020, Address=0x0043
2013/07/17 22:13:33:008 [006892] TRACE [Prb.cpp, 1035] - ReadCC1020Packet(0x43):01 00 0C 3C 84 00 02 00 43 90 BE 0D 
2013/07/17 22:13:33:008 [006884] TRACE [Prb.cpp, 835] - RxStream contents:01 00 0C 0C 06 3C 00 01 00 1B D6 0D 
2013/07/17 22:13:33:009 [006884] TRACE [Prb.cpp, 943] - RadioBoardPacket(ACK):01 00 0C 0C 06 3C 00 01 00 1B D6 0D 
2013/07/17 22:13:33:010 [006892] DEBUG [Prb.cpp, 603] - Read CC1020 completed, Address=0x0043, Data=0x00
2013/07/17 22:13:33:010 [006892] DEBUG [ComSysDiagnostics.cpp, 63] - CC1020 [Scan complete] FREQ_2A: 0x35 FREQ_1A: 0xf0 FREQ_0A: 0x21
2013/07/17 22:13:33:011 [006892] DEBUG [ComSysDiagnostics.cpp, 67] - CC1020 [Scan complete] FREQ_2B: 0x35 FREQ_1B: 0xfa FREQ_0B: 0xcb
2013/07/17 22:13:33:012 [006892] DEBUG [ComSysDiagnostics.cpp, 72] - CC1020 [Scan complete] AFC_CONTROL: 0xdf FILTER: 0x80 VGA3: 0x33 VGA4: 0x3d AFC: 0x00
2013/07/17 22:13:33:012 [006892] INFO [CommunicationSystemStates.cpp, 173] - Found 1 valid ids during the scan operation.
2013/07/17 22:13:33:014 [006892] INFO [CommunicationSystemStates.cpp, 190] - Id: 0x801c0094.
2013/07/17 22:13:33:015 [006892] INFO [CommunicationSystemStates.cpp, 198] - Found 0 invalid ids during the scan operation.
2013/07/17 22:13:33:019 [006164] INFO [CommunicationSystemStates.cpp, 130] - Scan requested. Preamble Burst Duration: 2 seconds. Preamble Burst Data Rate: 0.
2013/07/17 22:13:33:019 [006164] TRACE [Prb.cpp, 448] - Writing FPGA, Address=0x1002, Data=0x02
2013/07/17 22:13:33:020 [006164] TRACE [Prb.cpp, 1035] - WriteFPGAPacket(0x1002, 0x02):01 00 0D 3D 81 00 03 10 02 02 A7 3A 0D 
2013/07/17 22:13:33:020 [006884] TRACE [Prb.cpp, 835] - RxStream contents:01 00 0B 0D 06 3D 00 00 B1 75 0D 
2013/07/17 22:13:33:022 [006884] TRACE [Prb.cpp, 943] - RadioBoardPacket(ACK):01 00 0B 0D 06 3D 00 00 B1 75 0D 
2013/07/17 22:13:33:022 [006164] DEBUG [Prb.cpp, 466] - Write FPGA completed, Address=0x1002, Data=0x02
2013/07/17 22:13:33:023 [006164] TRACE [Prb.cpp, 493] - Reading FPGA, Address=0x1004
2013/07/17 22:13:33:023 [006164] TRACE [Prb.cpp, 1035] - ReadFPGAPacket(0x1004):01 00 0C 3E 82 00 02 10 04 00 3C 0D 
2013/07/17 22:13:33:023 [006884] TRACE [Prb.cpp, 835] - RxStream contents:01 00 0C 0E 06 3E 00 01 08 43 E5 0D 
2013/07/17 22:13:33:025 [006884] TRACE [Prb.cpp, 943] - RadioBoardPacket(ACK):01 00 0C 0E 06 3E 00 01 08 43 E5 0D 
2013/07/17 22:13:33:025 [006164] DEBUG [Prb.cpp, 512] - Read FPGA completed, Address=0x1004, Data=0x08
2013/07/17 22:13:33:026 [006164] TRACE [Prb.cpp, 448] - Writing FPGA, Address=0x1004, Data=0x00
2013/07/17 22:13:33:026 [006164] TRACE [Prb.cpp, 1035] - WriteFPGAPacket(0x1004, 0x00):01 00 0D 3F 81 00 03 10 04 00 B1 16 0D 
2013/07/17 22:13:33:026 [006884] TRACE [Prb.cpp, 835] - RxStream contents:01 00 0B 0F 06 3F 00 00 B1 AD 0D 
2013/07/17 22:13:33:028 [006884] TRACE [Prb.cpp, 943] - RadioBoardPacket(ACK):01 00 0B 0F 06 3F 00 00 B1 AD 0D 
2013/07/17 22:13:33:028 [006164] DEBUG [Prb.cpp, 466] - Write FPGA completed, Address=0x1004, Data=0x00
2013/07/17 22:13:33:029 [006164] TRACE [Prb.cpp, 448] - Writing FPGA, Address=0x1008, Data=0x02
2013/07/17 22:13:33:030 [006164] TRACE [Prb.cpp, 1035] - WriteFPGAPacket(0x1008, 0x02):01 00 0D 40 81 00 03 10 08 02 E1 EA 0D 
2013/07/17 22:13:33:030 [006884] TRACE [Prb.cpp, 835] - RxStream contents:01 00 0B 10 06 40 00 00 B2 89 0D 
2013/07/17 22:13:33:031 [006884] TRACE [Prb.cpp, 943] - RadioBoardPacket(ACK):01 00 0B 10 06 40 00 00 B2 89 0D 
2013/07/17 22:13:33:031 [006164] DEBUG [Prb.cpp, 466] - Write FPGA completed, Address=0x1008, Data=0x02
2013/07/17 22:13:37:142 [006892] INFO [CommunicationSystemStates.cpp, 168] - Scan complete
2013/07/17 22:13:37:142 [006892] TRACE [Prb.cpp, 584] - Reading CC1020, Address=0x0004
2013/07/17 22:13:37:143 [006892] TRACE [Prb.cpp, 1035] - ReadCC1020Packet(0x04):01 00 0C 41 84 00 02 00 04 49 54 0D 
2013/07/17 22:13:37:143 [006884] TRACE [Prb.cpp, 835] - RxStream contents:01 00 0C 12 06 41 00 01 35 6F 62 0D 
2013/07/17 22:13:37:144 [006884] TRACE [Prb.cpp, 943] - RadioBoardPacket(ACK):01 00 0C 12 06 41 00 01 35 6F 62 0D 
2013/07/17 22:13:37:145 [006892] DEBUG [Prb.cpp, 603] - Read CC1020 completed, Address=0x0004, Data=0x35
2013/07/17 22:13:37:145 [006892] TRACE [Prb.cpp, 584] - Reading CC1020, Address=0x0005
2013/07/17 22:13:37:146 [006892] TRACE [Prb.cpp, 1035] - ReadCC1020Packet(0x05):01 00 0C 42 84 00 02 00 05 41 51 0D 
2013/07/17 22:13:37:146 [006884] TRACE [Prb.cpp, 835] - RxStream contents:01 00 0C 13 06 42 00 01 F0 A9 FF 0D 
2013/07/17 22:13:37:147 [006884] TRACE [Prb.cpp, 943] - RadioBoardPacket(ACK):01 00 0C 13 06 42 00 01 F0 A9 FF 0D 
2013/07/17 22:13:37:148 [006892] DEBUG [Prb.cpp, 603] - Read CC1020 completed, Address=0x0005, Data=0xF0
2013/07/17 22:13:37:148 [006892] TRACE [Prb.cpp, 584] - Reading CC1020, Address=0x0006
2013/07/17 22:13:37:149 [006892] TRACE [Prb.cpp, 1035] - ReadCC1020Packet(0x06):01 00 0C 43 84 00 02 00 06 B9 58 0D 
2013/07/17 22:13:37:149 [006884] TRACE [Prb.cpp, 835] - RxStream contents:01 00 0C 14 06 43 00 01 21 57 1C 0D 
2013/07/17 22:13:37:150 [006884] TRACE [Prb.cpp, 943] - RadioBoardPacket(ACK):01 00 0C 14 06 43 00 01 21 57 1C 0D 
2013/07/17 22:13:37:151 [006892] DEBUG [Prb.cpp, 603] - Read CC1020 completed, Address=0x0006, Data=0x21
2013/07/17 22:13:37:151 [006892] TRACE [Prb.cpp, 584] - Reading CC1020, Address=0x0008
2013/07/17 22:13:37:152 [006892] TRACE [Prb.cpp, 1035] - ReadCC1020Packet(0x08):01 00 0C 44 84 00 02 00 08 51 79 0D 
2013/07/17 22:13:37:152 [006884] TRACE [Prb.cpp, 835] - RxStream contents:01 00 0C 15 06 44 00 01 35 43 64 0D 
2013/07/17 22:13:37:153 [006884] TRACE [Prb.cpp, 943] - RadioBoardPacket(ACK):01 00 0C 15 06 44 00 01 35 43 64 0D 
2013/07/17 22:13:37:154 [006892] DEBUG [Prb.cpp, 603] - Read CC1020 completed, Address=0x0008, Data=0x35
2013/07/17 22:13:37:154 [006892] TRACE [Prb.cpp, 584] - Reading CC1020, Address=0x0009
2013/07/17 22:13:37:155 [006892] TRACE [Prb.cpp, 1035] - ReadCC1020Packet(0x09):01 00 0C 45 84 00 02 00 09 29 7F 0D 
2013/07/17 22:13:37:155 [006884] TRACE [Prb.cpp, 835] - RxStream contents:01 00 0C 16 06 45 00 01 FA 5D C5 0D 
2013/07/17 22:13:37:156 [006884] TRACE [Prb.cpp, 943] - RadioBoardPacket(ACK):01 00 0C 16 06 45 00 01 FA 5D C5 0D 
2013/07/17 22:13:37:156 [006892] DEBUG [Prb.cpp, 603] - Read CC1020 completed, Address=0x0009, Data=0xFA
2013/07/17 22:13:37:157 [006892] TRACE [Prb.cpp, 584] - Reading CC1020, Address=0x000A
2013/07/17 22:13:37:158 [006892] TRACE [Prb.cpp, 1035] - ReadCC1020Packet(0x0A):01 00 0C 46 84 00 02 00 0A A1 75 0D 
2013/07/17 22:13:37:158 [006884] TRACE [Prb.cpp, 835] - RxStream contents:01 00 0C 17 06 46 00 01 CB 19 63 0D 
2013/07/17 22:13:37:159 [006884] TRACE [Prb.cpp, 943] - RadioBoardPacket(ACK):01 00 0C 17 06 46 00 01 CB 19 63 0D 
2013/07/17 22:13:37:159 [006892] DEBUG [Prb.cpp, 603] - Read CC1020 completed, Address=0x000A, Data=0xCB
2013/07/17 22:13:37:160 [006892] TRACE [Prb.cpp, 584] - Reading CC1020, Address=0x000F
2013/07/17 22:13:37:160 [006892] TRACE [Prb.cpp, 1035] - ReadCC1020Packet(0x0F):01 00 0C 47 84 00 02 00 0F 59 68 0D 
2013/07/17 22:13:37:160 [006884] TRACE [Prb.cpp, 835] - RxStream contents:01 00 0C 18 06 47 00 01 DF A5 17 0D 
2013/07/17 22:13:37:161 [006884] TRACE [Prb.cpp, 943] - RadioBoardPacket(ACK):01 00 0C 18 06 47 00 01 DF A5 17 0D 
2013/07/17 22:13:37:162 [006892] DEBUG [Prb.cpp, 603] - Read CC1020 completed, Address=0x000F, Data=0xDF
2013/07/17 22:13:37:162 [006892] TRACE [Prb.cpp, 584] - Reading CC1020, Address=0x0010
2013/07/17 22:13:37:163 [006892] TRACE [Prb.cpp, 1035] - ReadCC1020Packet(0x10):01 00 0C 48 84 00 02 00 10 F1 26 0D 
2013/07/17 22:13:37:163 [006884] TRACE [Prb.cpp, 835] - RxStream contents:01 00 0C 19 06 48 00 01 80 90 D6 0D 
2013/07/17 22:13:37:164 [006884] TRACE [Prb.cpp, 943] - RadioBoardPacket(ACK):01 00 0C 19 06 48 00 01 80 90 D6 0D 
2013/07/17 22:13:37:164 [006892] DEBUG [Prb.cpp, 603] - Read CC1020 completed, Address=0x0010, Data=0x80
2013/07/17 22:13:37:165 [006892] TRACE [Prb.cpp, 584] - Reading CC1020, Address=0x0013
2013/07/17 22:13:37:165 [006892] TRACE [Prb.cpp, 1035] - ReadCC1020Packet(0x13):01 00 0C 49 84 00 02 00 13 09 2F 0D 
2013/07/17 22:13:37:165 [006884] TRACE [Prb.cpp, 835] - RxStream contents:01 00 0C 1A 06 49 00 01 33 0F 7C 0D 
2013/07/17 22:13:37:166 [006884] TRACE [Prb.cpp, 943] - RadioBoardPacket(ACK):01 00 0C 1A 06 49 00 01 33 0F 7C 0D 
2013/07/17 22:13:37:167 [006892] DEBUG [Prb.cpp, 603] - Read CC1020 completed, Address=0x0013, Data=0x33
2013/07/17 22:13:37:167 [006892] TRACE [Prb.cpp, 584] - Reading CC1020, Address=0x0014
2013/07/17 22:13:37:168 [006892] TRACE [Prb.cpp, 1035] - ReadCC1020Packet(0x14):01 00 0C 4A 84 00 02 00 14 01 3E 0D 
2013/07/17 22:13:37:168 [006884] TRACE [Prb.cpp, 835] - RxStream contents:01 00 0C 1B 06 4A 00 01 3D 4B 58 0D 
2013/07/17 22:13:37:169 [006884] TRACE [Prb.cpp, 943] - RadioBoardPacket(ACK):01 00 0C 1B 06 4A 00 01 3D 4B 58 0D 
2013/07/17 22:13:37:169 [006892] DEBUG [Prb.cpp, 603] - Read CC1020 completed, Address=0x0014, Data=0x3D
2013/07/17 22:13:37:170 [006892] TRACE [Prb.cpp, 584] - Reading CC1020, Address=0x0043
2013/07/17 22:13:37:170 [006892] TRACE [Prb.cpp, 1035] - ReadCC1020Packet(0x43):01 00 0C 4B 84 00 02 00 43 78 CC 0D 
2013/07/17 22:13:37:170 [006884] TRACE [Prb.cpp, 835] - RxStream contents:01 00 0C 1C 06 4B 00 01 00 37 D0 0D 
2013/07/17 22:13:37:171 [006884] TRACE [Prb.cpp, 943] - RadioBoardPacket(ACK):01 00 0C 1C 06 4B 00 01 00 37 D0 0D 
2013/07/17 22:13:37:172 [006892] DEBUG [Prb.cpp, 603] - Read CC1020 completed, Address=0x0043, Data=0x00
2013/07/17 22:13:37:172 [006892] DEBUG [ComSysDiagnostics.cpp, 63] - CC1020 [Scan complete] FREQ_2A: 0x35 FREQ_1A: 0xf0 FREQ_0A: 0x21
2013/07/17 22:13:37:173 [006892] DEBUG [ComSysDiagnostics.cpp, 67] - CC1020 [Scan complete] FREQ_2B: 0x35 FREQ_1B: 0xfa FREQ_0B: 0xcb
2013/07/17 22:13:37:173 [006892] DEBUG [ComSysDiagnostics.cpp, 72] - CC1020 [Scan complete] AFC_CONTROL: 0xdf FILTER: 0x80 VGA3: 0x33 VGA4: 0x3d AFC: 0x00
2013/07/17 22:13:37:174 [006892] INFO [CommunicationSystemStates.cpp, 173] - Found 2 valid ids during the scan operation.
2013/07/17 22:13:37:174 [006892] INFO [CommunicationSystemStates.cpp, 190] - Id: 0x801c0094.
2013/07/17 22:13:37:175 [006892] INFO [CommunicationSystemStates.cpp, 190] - Id: 0x80000009.
2013/07/17 22:13:37:175 [006892] INFO [CommunicationSystemStates.cpp, 198] - Found 0 invalid ids during the scan operation.
2013/07/17 22:13:37:192 [001704] TRACE [Prb.cpp, 493] - Reading FPGA, Address=0x1004
2013/07/17 22:13:37:193 [001704] TRACE [Prb.cpp, 1035] - ReadFPGAPacket(0x1004):01 00 0C 4C 82 00 02 10 04 F0 4B 0D 
2013/07/17 22:13:37:193 [006884] TRACE [Prb.cpp, 835] - RxStream contents:01 00 0C 1D 06 4C 00 01 00 23 D0 0D 
2013/07/17 22:13:37:194 [006884] TRACE [Prb.cpp, 943] - RadioBoardPacket(ACK):01 00 0C 1D 06 4C 00 01 00 23 D0 0D 
2013/07/17 22:13:37:194 [001704] DEBUG [Prb.cpp, 512] - Read FPGA completed, Address=0x1004, Data=0x00
2013/07/17 22:13:37:195 [001704] TRACE [Prb.cpp, 448] - Writing FPGA, Address=0x1004, Data=0x00
2013/07/17 22:13:37:195 [001704] TRACE [Prb.cpp, 1035] - WriteFPGAPacket(0x1004, 0x00):01 00 0D 4D 81 00 03 10 04 00 C4 36 0D 
2013/07/17 22:13:37:195 [006884] TRACE [Prb.cpp, 835] - RxStream contents:01 00 0B 1E 06 4D 00 00 B0 BD 0D 
2013/07/17 22:13:37:196 [006884] TRACE [Prb.cpp, 943] - RadioBoardPacket(ACK):01 00 0B 1E 06 4D 00 00 B0 BD 0D 
2013/07/17 22:13:37:197 [001704] DEBUG [Prb.cpp, 466] - Write FPGA completed, Address=0x1004, Data=0x00
2013/07/17 22:13:37:198 [006164] INFO [CrossTalkDetectorStates.cpp, 98] - LinkTimeout = 4523 ms
2013/07/17 22:13:37:199 [006164] INFO [CrossTalkDetector.cpp, 68] - CrossTalkDetector state changing from IdleState to LinkingState
2013/07/17 22:13:37:200 [006164] INFO [CommunicationSystemStates.cpp, 147] - Link requested. Id: 0x801c0094. Preamble Burst Duration: 2 seconds. Preamble Burst Data Rate: 0.
2013/07/17 22:13:37:201 [006164] DEBUG [ComSysDiagnostics.cpp, 95] - Resetting FPGA Frame Error Counter
2013/07/17 22:13:37:202 [006164] TRACE [Prb.cpp, 448] - Writing FPGA, Address=0x301C, Data=0x00
2013/07/17 22:13:37:202 [006164] TRACE [Prb.cpp, 1035] - WriteFPGAPacket(0x301C, 0x00):01 00 0D 4E 81 00 03 30 1C 00 15 85 0D 
2013/07/17 22:13:37:203 [006884] TRACE [Prb.cpp, 835] - RxStream contents:01 00 0B 1F 06 4E 00 00 30 FA 0D 
2013/07/17 22:13:37:204 [006884] TRACE [Prb.cpp, 943] - RadioBoardPacket(ACK):01 00 0B 1F 06 4E 00 00 30 FA 0D 
2013/07/17 22:13:37:205 [006164] DEBUG [Prb.cpp, 466] - Write FPGA completed, Address=0x301C, Data=0x00
2013/07/17 22:13:37:205 [006164] TRACE [Prb.cpp, 448] - Writing FPGA, Address=0x2000, Data=0x80
2013/07/17 22:13:37:206 [006164] TRACE [Prb.cpp, 1035] - WriteFPGAPacket(0x2000, 0x80):01 00 0D 4F 81 00 03 20 00 80 5E D5 0D 
2013/07/17 22:13:37:206 [006884] TRACE [Prb.cpp, 835] - RxStream contents:01 00 0B 20 06 4F 00 00 BA C5 0D 
2013/07/17 22:13:37:207 [006884] TRACE [Prb.cpp, 943] - RadioBoardPacket(ACK):01 00 0B 20 06 4F 00 00 BA C5 0D 
2013/07/17 22:13:37:208 [006164] DEBUG [Prb.cpp, 466] - Write FPGA completed, Address=0x2000, Data=0x80
2013/07/17 22:13:37:209 [006164] TRACE [Prb.cpp, 448] - Writing FPGA, Address=0x2002, Data=0x1C
2013/07/17 22:13:37:209 [006164] TRACE [Prb.cpp, 1035] - WriteFPGAPacket(0x2002, 0x1C):01 00 0D 50 81 00 03 20 02 1C 4F 6D 0D 
2013/07/17 22:13:37:209 [006884] TRACE [Prb.cpp, 835] - RxStream contents:01 00 0B 21 06 50 00 00 BB 31 0D 
2013/07/17 22:13:37:210 [006884] TRACE [Prb.cpp, 943] - RadioBoardPacket(ACK):01 00 0B 21 06 50 00 00 BB 31 0D 
2013/07/17 22:13:37:211 [006164] DEBUG [Prb.cpp, 466] - Write FPGA completed, Address=0x2002, Data=0x1C
2013/07/17 22:13:37:211 [006164] TRACE [Prb.cpp, 448] - Writing FPGA, Address=0x2004, Data=0x00
2013/07/17 22:13:37:212 [006164] TRACE [Prb.cpp, 1035] - WriteFPGAPacket(0x2004, 0x00):01 00 0D 51 81 00 03 20 04 00 5A 35 0D 
2013/07/17 22:13:37:212 [006884] TRACE [Prb.cpp, 835] - RxStream contents:01 00 0B 22 06 51 00 00 3B AE 0D 
2013/07/17 22:13:37:213 [006884] TRACE [Prb.cpp, 943] - RadioBoardPacket(ACK):01 00 0B 22 06 51 00 00 3B AE 0D 
2013/07/17 22:13:37:214 [006164] DEBUG [Prb.cpp, 466] - Write FPGA completed, Address=0x2004, Data=0x00
2013/07/17 22:13:37:214 [006164] TRACE [Prb.cpp, 448] - Writing FPGA, Address=0x2006, Data=0x94
2013/07/17 22:13:37:215 [006164] TRACE [Prb.cpp, 1035] - WriteFPGAPacket(0x2006, 0x94):01 00 0D 52 81 00 03 20 06 94 56 7D 0D 
2013/07/17 22:13:37:215 [006884] TRACE [Prb.cpp, 835] - RxStream contents:01 00 0B 23 06 52 00 00 BB E9 0D 
2013/07/17 22:13:37:216 [006884] TRACE [Prb.cpp, 943] - RadioBoardPacket(ACK):01 00 0B 23 06 52 00 00 BB E9 0D 
2013/07/17 22:13:37:216 [006164] DEBUG [Prb.cpp, 466] - Write FPGA completed, Address=0x2006, Data=0x94
2013/07/17 22:13:37:217 [006164] TRACE [Prb.cpp, 448] - Writing FPGA, Address=0x1002, Data=0x02
2013/07/17 22:13:37:217 [006164] TRACE [Prb.cpp, 1035] - WriteFPGAPacket(0x1002, 0x02):01 00 0D 53 81 00 03 10 02 02 4F D9 0D 
2013/07/17 22:13:37:217 [006884] TRACE [Prb.cpp, 835] - RxStream contents:01 00 0B 24 06 53 00 00 BA 95 0D 
2013/07/17 22:13:37:218 [006884] TRACE [Prb.cpp, 943] - RadioBoardPacket(ACK):01 00 0B 24 06 53 00 00 BA 95 0D 
2013/07/17 22:13:37:219 [006164] DEBUG [Prb.cpp, 466] - Write FPGA completed, Address=0x1002, Data=0x02
2013/07/17 22:13:37:219 [006164] TRACE [Prb.cpp, 493] - Reading FPGA, Address=0x1004
2013/07/17 22:13:37:220 [006164] TRACE [Prb.cpp, 1035] - ReadFPGAPacket(0x1004):01 00 0C 54 82 00 02 10 04 30 50 0D 
2013/07/17 22:13:37:220 [006884] TRACE [Prb.cpp, 835] - RxStream contents:01 00 0C 25 06 54 00 01 00 03 EF 0D 
2013/07/17 22:13:37:221 [006884] TRACE [Prb.cpp, 943] - RadioBoardPacket(ACK):01 00 0C 25 06 54 00 01 00 03 EF 0D 
2013/07/17 22:13:37:221 [006164] DEBUG [Prb.cpp, 512] - Read FPGA completed, Address=0x1004, Data=0x00
2013/07/17 22:13:37:222 [006164] TRACE [Prb.cpp, 448] - Writing FPGA, Address=0x1004, Data=0x00
2013/07/17 22:13:37:222 [006164] TRACE [Prb.cpp, 1035] - WriteFPGAPacket(0x1004, 0x00):01 00 0D 55 81 00 03 10 04 00 DD B6 0D 
2013/07/17 22:13:37:222 [006884] TRACE [Prb.cpp, 835] - RxStream contents:01 00 0B 26 06 55 00 00 3A 1E 0D 
2013/07/17 22:13:37:223 [006884] TRACE [Prb.cpp, 943] - RadioBoardPacket(ACK):01 00 0B 26 06 55 00 00 3A 1E 0D 
2013/07/17 22:13:37:224 [006164] DEBUG [Prb.cpp, 466] - Write FPGA completed, Address=0x1004, Data=0x00
2013/07/17 22:13:37:224 [006164] TRACE [Prb.cpp, 448] - Writing FPGA, Address=0x1008, Data=0x04
2013/07/17 22:13:37:225 [006164] TRACE [Prb.cpp, 1035] - WriteFPGAPacket(0x1008, 0x04):01 00 0D 56 81 00 03 10 08 04 76 9D 0D 
2013/07/17 22:13:37:225 [006884] TRACE [Prb.cpp, 835] - RxStream contents:01 00 0B 27 06 56 00 00 BA 59 0D 
2013/07/17 22:13:37:226 [006884] TRACE [Prb.cpp, 943] - RadioBoardPacket(ACK):01 00 0B 27 06 56 00 00 BA 59 0D 
2013/07/17 22:13:37:226 [006164] DEBUG [Prb.cpp, 466] - Write FPGA completed, Address=0x1008, Data=0x04
2013/07/17 22:13:40:012 [006892] INFO [CrossTalkDetectorStates.cpp, 174] - Invalid frame while linking
2013/07/17 22:13:40:013 [006892] TRACE [Prb.cpp, 493] - Reading FPGA, Address=0x3018
2013/07/17 22:13:40:014 [006892] TRACE [Prb.cpp, 1035] - ReadFPGAPacket(0x3018):01 00 0C 57 82 00 02 30 18 78 18 0D 
2013/07/17 22:13:40:014 [006884] TRACE [Prb.cpp, 835] - RxStream contents:01 00 0C 29 06 57 00 01 3B 1F 79 0D 
2013/07/17 22:13:40:015 [006884] TRACE [Prb.cpp, 943] - RadioBoardPacket(ACK):01 00 0C 29 06 57 00 01 3B 1F 79 0D 
2013/07/17 22:13:40:015 [006892] DEBUG [Prb.cpp, 512] - Read FPGA completed, Address=0x3018, Data=0x3B
2013/07/17 22:13:40:016 [006892] TRACE [Prb.cpp, 493] - Reading FPGA, Address=0x301A
2013/07/17 22:13:40:016 [006892] TRACE [Prb.cpp, 1035] - ReadFPGAPacket(0x301A):01 00 0C 58 82 00 02 30 1A D0 18 0D 
2013/07/17 22:13:40:016 [006884] TRACE [Prb.cpp, 835] - RxStream contents:01 00 0C 2A 06 58 00 01 01 5B E5 0D 
2013/07/17 22:13:40:017 [006884] TRACE [Prb.cpp, 943] - RadioBoardPacket(ACK):01 00 0C 2A 06 58 00 01 01 5B E5 0D 
2013/07/17 22:13:40:018 [006892] DEBUG [Prb.cpp, 512] - Read FPGA completed, Address=0x301A, Data=0x01
2013/07/17 22:13:40:018 [006892] TRACE [Prb.cpp, 493] - Reading FPGA, Address=0x3070
2013/07/17 22:13:40:019 [006892] TRACE [Prb.cpp, 1035] - ReadFPGAPacket(0x3070):01 00 0C 59 82 00 02 30 70 29 67 0D 
2013/07/17 22:13:40:019 [006884] TRACE [Prb.cpp, 835] - RxStream contents:01 00 0C 2B 06 59 00 01 FE 35 E7 0D 
2013/07/17 22:13:40:020 [006884] TRACE [Prb.cpp, 943] - RadioBoardPacket(ACK):01 00 0C 2B 06 59 00 01 FE 35 E7 0D 
2013/07/17 22:13:40:020 [006892] DEBUG [Prb.cpp, 512] - Read FPGA completed, Address=0x3070, Data=0xFE
2013/07/17 22:13:40:021 [006892] DEBUG [ComSysDiagnostics.cpp, 31] - FPGA RSSI/AFC [Linking(invalid frame)] linkedRSSI:59 linkedAFC:1 AFC:254
2013/07/17 22:13:40:026 [006892] TRACE [Prb.cpp, 493] - Reading FPGA, Address=0x3018
2013/07/17 22:13:40:027 [006892] TRACE [Prb.cpp, 1035] - ReadFPGAPacket(0x3018):01 00 0C 5A 82 00 02 30 18 20 14 0D 
2013/07/17 22:13:40:027 [006884] TRACE [Prb.cpp, 835] - RxStream contents:01 00 0C 2D 06 5A 00 01 3F 1B 67 0D 
2013/07/17 22:13:40:028 [006884] TRACE [Prb.cpp, 943] - RadioBoardPacket(ACK):01 00 0C 2D 06 5A 00 01 3F 1B 67 0D 
2013/07/17 22:13:40:029 [006892] DEBUG [Prb.cpp, 512] - Read FPGA completed, Address=0x3018, Data=0x3F
2013/07/17 22:13:40:029 [006892] TRACE [Prb.cpp, 493] - Reading FPGA, Address=0x301A
2013/07/17 22:13:40:030 [006892] TRACE [Prb.cpp, 1035] - ReadFPGAPacket(0x301A):01 00 0C 5B 82 00 02 30 1A 58 18 0D 
2013/07/17 22:13:40:030 [006884] TRACE [Prb.cpp, 835] - RxStream contents:01 00 0C 2E 06 5B 00 01 FF 05 E4 0D 
2013/07/17 22:13:40:031 [006884] TRACE [Prb.cpp, 943] - RadioBoardPacket(ACK):01 00 0C 2E 06 5B 00 01 FF 05 E4 0D 
2013/07/17 22:13:40:032 [006892] DEBUG [Prb.cpp, 512] - Read FPGA completed, Address=0x301A, Data=0xFF
2013/07/17 22:13:40:032 [006892] TRACE [Prb.cpp, 493] - Reading FPGA, Address=0x3070
2013/07/17 22:13:40:033 [006892] TRACE [Prb.cpp, 1035] - ReadFPGAPacket(0x3070):01 00 0C 5C 82 00 02 30 70 31 62 0D 
2013/07/17 22:13:40:033 [006884] TRACE [Prb.cpp, 835] - RxStream contents:01 00 0C 2F 06 5C 00 01 01 93 E3 0D 
2013/07/17 22:13:40:034 [006884] TRACE [Prb.cpp, 943] - RadioBoardPacket(ACK):01 00 0C 2F 06 5C 00 01 01 93 E3 0D 
2013/07/17 22:13:40:035 [006892] DEBUG [Prb.cpp, 512] - Read FPGA completed, Address=0x3070, Data=0x01
2013/07/17 22:13:40:035 [006892] DEBUG [ComSysDiagnostics.cpp, 31] - FPGA RSSI/AFC [Linking(valid frame)] linkedRSSI:63 linkedAFC:255 AFC:1
2013/07/17 22:13:40:046 [006892] TRACE [Prb.cpp, 493] - Reading FPGA, Address=0x3018
2013/07/17 22:13:40:046 [006892] TRACE [Prb.cpp, 1035] - ReadFPGAPacket(0x3018):01 00 0C 5D 82 00 02 30 18 48 12 0D 
2013/07/17 22:13:40:047 [006884] TRACE [Prb.cpp, 835] - RxStream contents:01 00 0C 31 06 5D 00 01 40 56 78 0D 
2013/07/17 22:13:40:048 [006884] TRACE [Prb.cpp, 943] - RadioBoardPacket(ACK):01 00 0C 31 06 5D 00 01 40 56 78 0D 
2013/07/17 22:13:40:048 [006892] DEBUG [Prb.cpp, 512] - Read FPGA completed, Address=0x3018, Data=0x40
2013/07/17 22:13:40:049 [006892] TRACE [Prb.cpp, 493] - Reading FPGA, Address=0x301A
2013/07/17 22:13:40:050 [006892] TRACE [Prb.cpp, 1035] - ReadFPGAPacket(0x301A):01 00 0C 5E 82 00 02 30 1A 40 1D 0D 
2013/07/17 22:13:40:050 [006884] TRACE [Prb.cpp, 835] - RxStream contents:01 00 0C 32 06 5E 00 01 01 E3 FE 0D 
2013/07/17 22:13:40:051 [006884] TRACE [Prb.cpp, 943] - RadioBoardPacket(ACK):01 00 0C 32 06 5E 00 01 01 E3 FE 0D 
2013/07/17 22:13:40:051 [006892] DEBUG [Prb.cpp, 512] - Read FPGA completed, Address=0x301A, Data=0x01
2013/07/17 22:13:40:052 [006892] TRACE [Prb.cpp, 493] - Reading FPGA, Address=0x3070
2013/07/17 22:13:40:053 [006892] TRACE [Prb.cpp, 1035] - ReadFPGAPacket(0x3070):01 00 0C 5F 82 00 02 30 70 B9 62 0D 
2013/07/17 22:13:40:053 [006884] TRACE [Prb.cpp, 835] - RxStream contents:01 00 0C 33 06 5F 00 01 00 0F FB 0D 
2013/07/17 22:13:40:054 [006884] TRACE [Prb.cpp, 943] - RadioBoardPacket(ACK):01 00 0C 33 06 5F 00 01 00 0F FB 0D 
2013/07/17 22:13:40:054 [006892] DEBUG [Prb.cpp, 512] - Read FPGA completed, Address=0x3070, Data=0x00
2013/07/17 22:13:40:055 [006892] DEBUG [ComSysDiagnostics.cpp, 31] - FPGA RSSI/AFC [Linking(valid frame)] linkedRSSI:64 linkedAFC:1 AFC:0
2013/07/17 22:13:40:060 [006892] TRACE [Prb.cpp, 493] - Reading FPGA, Address=0x3018
2013/07/17 22:13:40:060 [006892] TRACE [Prb.cpp, 1035] - ReadFPGAPacket(0x3018):01 00 0C 60 82 00 02 30 18 10 2D 0D 
2013/07/17 22:13:40:060 [006884] TRACE [Prb.cpp, 835] - RxStream contents:01 00 0C 35 06 60 00 01 40 12 77 0D 
2013/07/17 22:13:40:061 [006884] TRACE [Prb.cpp, 943] - RadioBoardPacket(ACK):01 00 0C 35 06 60 00 01 40 12 77 0D 
2013/07/17 22:13:40:062 [006892] DEBUG [Prb.cpp, 512] - Read FPGA completed, Address=0x3018, Data=0x40
2013/07/17 22:13:40:062 [006892] TRACE [Prb.cpp, 493] - Reading FPGA, Address=0x301A
2013/07/17 22:13:40:063 [006892] TRACE [Prb.cpp, 1035] - ReadFPGAPacket(0x301A):01 00 0C 61 82 00 02 30 1A 68 21 0D 
2013/07/17 22:13:40:063 [006884] TRACE [Prb.cpp, 835] - RxStream contents:01 00 0C 36 06 61 00 01 01 0F F2 0D 
2013/07/17 22:13:40:064 [006884] TRACE [Prb.cpp, 943] - RadioBoardPacket(ACK):01 00 0C 36 06 61 00 01 01 0F F2 0D 
2013/07/17 22:13:40:064 [006892] DEBUG [Prb.cpp, 512] - Read FPGA completed, Address=0x301A, Data=0x01
2013/07/17 22:13:40:065 [006892] TRACE [Prb.cpp, 493] - Reading FPGA, Address=0x3070
2013/07/17 22:13:40:065 [006892] TRACE [Prb.cpp, 1035] - ReadFPGAPacket(0x3070):01 00 0C 62 82 00 02 30 70 E1 5D 0D 
2013/07/17 22:13:40:066 [006884] TRACE [Prb.cpp, 835] - RxStream contents:01 00 0C 37 06 62 00 01 01 CB F1 0D 
2013/07/17 22:13:40:066 [006884] TRACE [Prb.cpp, 943] - RadioBoardPacket(ACK):01 00 0C 37 06 62 00 01 01 CB F1 0D 
2013/07/17 22:13:40:067 [006892] DEBUG [Prb.cpp, 512] - Read FPGA completed, Address=0x3070, Data=0x01
2013/07/17 22:13:40:067 [006892] DEBUG [ComSysDiagnostics.cpp, 31] - FPGA RSSI/AFC [Linking(valid frame)] linkedRSSI:64 linkedAFC:1 AFC:1
2013/07/17 22:13:40:073 [006892] TRACE [Prb.cpp, 493] - Reading FPGA, Address=0x3018
2013/07/17 22:13:40:073 [006892] TRACE [Prb.cpp, 1035] - ReadFPGAPacket(0x3018):01 00 0C 63 82 00 02 30 18 98 2D 0D 
2013/07/17 22:13:40:074 [006884] TRACE [Prb.cpp, 835] - RxStream contents:01 00 0C 39 06 63 00 01 3F 0F 79 0D 
2013/07/17 22:13:40:075 [006884] TRACE [Prb.cpp, 943] - RadioBoardPacket(ACK):01 00 0C 39 06 63 00 01 3F 0F 79 0D 
2013/07/17 22:13:40:075 [006892] DEBUG [Prb.cpp, 512] - Read FPGA completed, Address=0x3018, Data=0x3F
2013/07/17 22:13:40:076 [006892] TRACE [Prb.cpp, 493] - Reading FPGA, Address=0x301A
2013/07/17 22:13:40:077 [006892] TRACE [Prb.cpp, 1035] - ReadFPGAPacket(0x301A):01 00 0C 64 82 00 02 30 1A 70 24 0D 
2013/07/17 22:13:40:077 [006884] TRACE [Prb.cpp, 835] - RxStream contents:01 00 0C 3A 06 64 00 01 01 EB FD 0D 
2013/07/17 22:13:40:078 [006884] TRACE [Prb.cpp, 943] - RadioBoardPacket(ACK):01 00 0C 3A 06 64 00 01 01 EB FD 0D 
2013/07/17 22:13:40:078 [006892] DEBUG [Prb.cpp, 512] - Read FPGA completed, Address=0x301A, Data=0x01
2013/07/17 22:13:40:079 [006892] TRACE [Prb.cpp, 493] - Reading FPGA, Address=0x3070
2013/07/17 22:13:40:080 [006892] TRACE [Prb.cpp, 1035] - ReadFPGAPacket(0x3070):01 00 0C 65 82 00 02 30 70 89 5B 0D 
2013/07/17 22:13:40:080 [006884] TRACE [Prb.cpp, 835] - RxStream contents:01 00 0C 3B 06 65 00 01 01 87 FD 0D 
2013/07/17 22:13:40:081 [006884] TRACE [Prb.cpp, 943] - RadioBoardPacket(ACK):01 00 0C 3B 06 65 00 01 01 87 FD 0D 
2013/07/17 22:13:40:081 [006892] DEBUG [Prb.cpp, 512] - Read FPGA completed, Address=0x3070, Data=0x01
2013/07/17 22:13:40:081 [006892] DEBUG [ComSysDiagnostics.cpp, 31] - FPGA RSSI/AFC [Linking(valid frame)] linkedRSSI:63 linkedAFC:1 AFC:1
2013/07/17 22:13:40:092 [006892] TRACE [Prb.cpp, 493] - Reading FPGA, Address=0x3018
2013/07/17 22:13:40:092 [006892] TRACE [Prb.cpp, 1035] - ReadFPGAPacket(0x3018):01 00 0C 66 82 00 02 30 18 80 28 0D 
2013/07/17 22:13:40:093 [006884] TRACE [Prb.cpp, 835] - RxStream contents:01 00 0C 3D 06 66 00 01 3B 2B 64 0D 
2013/07/17 22:13:40:094 [006884] TRACE [Prb.cpp, 943] - RadioBoardPacket(ACK):01 00 0C 3D 06 66 00 01 3B 2B 64 0D 
2013/07/17 22:13:40:094 [006892] DEBUG [Prb.cpp, 512] - Read FPGA completed, Address=0x3018, Data=0x3B
2013/07/17 22:13:40:095 [006892] TRACE [Prb.cpp, 493] - Reading FPGA, Address=0x301A
2013/07/17 22:13:40:096 [006892] TRACE [Prb.cpp, 1035] - ReadFPGAPacket(0x301A):01 00 0C 67 82 00 02 30 1A F8 24 0D 
2013/07/17 22:13:40:096 [006884] TRACE [Prb.cpp, 835] - RxStream contents:01 00 0C 3E 06 67 00 01 01 37 FB 0D 
2013/07/17 22:13:40:097 [006884] TRACE [Prb.cpp, 943] - RadioBoardPacket(ACK):01 00 0C 3E 06 67 00 01 01 37 FB 0D 
2013/07/17 22:13:40:097 [006892] DEBUG [Prb.cpp, 512] - Read FPGA completed, Address=0x301A, Data=0x01
2013/07/17 22:13:40:098 [006892] TRACE [Prb.cpp, 493] - Reading FPGA, Address=0x3070
2013/07/17 22:13:40:099 [006892] TRACE [Prb.cpp, 1035] - ReadFPGAPacket(0x3070):01 00 0C 68 82 00 02 30 70 D1 57 0D 
2013/07/17 22:13:40:099 [006884] TRACE [Prb.cpp, 835] - RxStream contents:01 00 0C 3F 06 68 00 01 01 03 F8 0D 
2013/07/17 22:13:40:100 [006884] TRACE [Prb.cpp, 943] - RadioBoardPacket(ACK):01 00 0C 3F 06 68 00 01 01 03 F8 0D 
2013/07/17 22:13:40:100 [006892] DEBUG [Prb.cpp, 512] - Read FPGA completed, Address=0x3070, Data=0x01
2013/07/17 22:13:40:101 [006892] DEBUG [ComSysDiagnostics.cpp, 31] - FPGA RSSI/AFC [Linking(valid frame)] linkedRSSI:59 linkedAFC:1 AFC:1
2013/07/17 22:13:40:106 [006892] TRACE [Prb.cpp, 493] - Reading FPGA, Address=0x3018
2013/07/17 22:13:40:106 [006892] TRACE [Prb.cpp, 1035] - ReadFPGAPacket(0x3018):01 00 0C 69 82 00 02 30 18 A8 27 0D 
2013/07/17 22:13:40:106 [006884] TRACE [Prb.cpp, 835] - RxStream contents:01 00 0C 41 06 69 00 01 3F 47 04 0D 
2013/07/17 22:13:40:107 [006884] TRACE [Prb.cpp, 943] - RadioBoardPacket(ACK):01 00 0C 41 06 69 00 01 3F 47 04 0D 
2013/07/17 22:13:40:108 [006892] DEBUG [Prb.cpp, 512] - Read FPGA completed, Address=0x3018, Data=0x3F
2013/07/17 22:13:40:109 [006892] TRACE [Prb.cpp, 493] - Reading FPGA, Address=0x301A
2013/07/17 22:13:40:109 [006892] TRACE [Prb.cpp, 1035] - ReadFPGAPacket(0x301A):01 00 0C 6A 82 00 02 30 1A A0 28 0D 
2013/07/17 22:13:40:109 [006884] TRACE [Prb.cpp, 835] - RxStream contents:01 00 0C 42 06 6A 00 01 01 73 83 0D 
2013/07/17 22:13:40:110 [006884] TRACE [Prb.cpp, 943] - RadioBoardPacket(ACK):01 00 0C 42 06 6A 00 01 01 73 83 0D 
2013/07/17 22:13:40:111 [006892] DEBUG [Prb.cpp, 512] - Read FPGA completed, Address=0x301A, Data=0x01
2013/07/17 22:13:40:111 [006892] TRACE [Prb.cpp, 493] - Reading FPGA, Address=0x3070
2013/07/17 22:13:40:112 [006892] TRACE [Prb.cpp, 1035] - ReadFPGAPacket(0x3070):01 00 0C 6B 82 00 02 30 70 59 57 0D 
2013/07/17 22:13:40:112 [006884] TRACE [Prb.cpp, 835] - RxStream contents:01 00 0C 43 06 6B 00 01 00 9F 86 0D 
2013/07/17 22:13:40:113 [006884] TRACE [Prb.cpp, 943] - RadioBoardPacket(ACK):01 00 0C 43 06 6B 00 01 00 9F 86 0D 
2013/07/17 22:13:40:114 [006892] DEBUG [Prb.cpp, 512] - Read FPGA completed, Address=0x3070, Data=0x00
2013/07/17 22:13:40:114 [006892] DEBUG [ComSysDiagnostics.cpp, 31] - FPGA RSSI/AFC [Linking(valid frame)] linkedRSSI:63 linkedAFC:1 AFC:0
2013/07/17 22:13:40:120 [006892] TRACE [Prb.cpp, 493] - Reading FPGA, Address=0x3018
2013/07/17 22:13:40:120 [006892] TRACE [Prb.cpp, 1035] - ReadFPGAPacket(0x3018):01 00 0C 6C 82 00 02 30 18 B0 22 0D 
2013/07/17 22:13:40:121 [006884] TRACE [Prb.cpp, 835] - RxStream contents:01 00 0C 45 06 6C 00 01 3B 63 19 0D 
2013/07/17 22:13:40:122 [006884] TRACE [Prb.cpp, 943] - RadioBoardPacket(ACK):01 00 0C 45 06 6C 00 01 3B 63 19 0D 
2013/07/17 22:13:40:122 [006892] DEBUG [Prb.cpp, 512] - Read FPGA completed, Address=0x3018, Data=0x3B
2013/07/17 22:13:40:123 [006892] TRACE [Prb.cpp, 493] - Reading FPGA, Address=0x301A
2013/07/17 22:13:40:123 [006892] TRACE [Prb.cpp, 1035] - ReadFPGAPacket(0x301A):01 00 0C 6D 82 00 02 30 1A C8 2E 0D 
2013/07/17 22:13:40:123 [006884] TRACE [Prb.cpp, 835] - RxStream contents:01 00 0C 46 06 6D 00 01 01 7F 86 0D 
2013/07/17 22:13:40:125 [006884] TRACE [Prb.cpp, 943] - RadioBoardPacket(ACK):01 00 0C 46 06 6D 00 01 01 7F 86 0D 
2013/07/17 22:13:40:125 [006892] DEBUG [Prb.cpp, 512] - Read FPGA completed, Address=0x301A, Data=0x01
2013/07/17 22:13:40:126 [006892] TRACE [Prb.cpp, 493] - Reading FPGA, Address=0x3070
2013/07/17 22:13:40:126 [006892] TRACE [Prb.cpp, 1035] - ReadFPGAPacket(0x3070):01 00 0C 6E 82 00 02 30 70 41 52 0D 
2013/07/17 22:13:40:126 [006884] TRACE [Prb.cpp, 835] - RxStream contents:01 00 0C 47 06 6E 00 01 00 3B 80 0D 
2013/07/17 22:13:40:127 [006884] TRACE [Prb.cpp, 943] - RadioBoardPacket(ACK):01 00 0C 47 06 6E 00 01 00 3B 80 0D 
2013/07/17 22:13:40:128 [006892] DEBUG [Prb.cpp, 512] - Read FPGA completed, Address=0x3070, Data=0x00
2013/07/17 22:13:40:128 [006892] DEBUG [ComSysDiagnostics.cpp, 31] - FPGA RSSI/AFC [Linking(valid frame)] linkedRSSI:59 linkedAFC:1 AFC:0
2013/07/17 22:13:40:139 [006892] TRACE [Prb.cpp, 493] - Reading FPGA, Address=0x3018
2013/07/17 22:13:40:139 [006892] TRACE [Prb.cpp, 1035] - ReadFPGAPacket(0x3018):01 00 0C 6F 82 00 02 30 18 38 22 0D 
2013/07/17 22:13:40:140 [006884] TRACE [Prb.cpp, 835] - RxStream contents:01 00 0C 49 06 6F 00 01 3C 7F 07 0D 
2013/07/17 22:13:40:141 [006884] TRACE [Prb.cpp, 943] - RadioBoardPacket(ACK):01 00 0C 49 06 6F 00 01 3C 7F 07 0D 
2013/07/17 22:13:40:141 [006892] DEBUG [Prb.cpp, 512] - Read FPGA completed, Address=0x3018, Data=0x3C
2013/07/17 22:13:40:142 [006892] TRACE [Prb.cpp, 493] - Reading FPGA, Address=0x301A
2013/07/17 22:13:40:143 [006892] TRACE [Prb.cpp, 1035] - ReadFPGAPacket(0x301A):01 00 0C 70 82 00 02 30 1A 10 30 0D 
2013/07/17 22:13:40:143 [006884] TRACE [Prb.cpp, 835] - RxStream contents:01 00 0C 4A 06 70 00 01 00 7B 89 0D 
2013/07/17 22:13:40:144 [006884] TRACE [Prb.cpp, 943] - RadioBoardPacket(ACK):01 00 0C 4A 06 70 00 01 00 7B 89 0D 
2013/07/17 22:13:40:144 [006892] DEBUG [Prb.cpp, 512] - Read FPGA completed, Address=0x301A, Data=0x00
2013/07/17 22:13:40:145 [006892] TRACE [Prb.cpp, 493] - Reading FPGA, Address=0x3070
2013/07/17 22:13:40:146 [006892] TRACE [Prb.cpp, 1035] - ReadFPGAPacket(0x3070):01 00 0C 71 82 00 02 30 70 E9 4F 0D 
2013/07/17 22:13:40:146 [006884] TRACE [Prb.cpp, 835] - RxStream contents:01 00 0C 4B 06 71 00 01 00 17 89 0D 
2013/07/17 22:13:40:147 [006884] TRACE [Prb.cpp, 943] - RadioBoardPacket(ACK):01 00 0C 4B 06 71 00 01 00 17 89 0D 
2013/07/17 22:13:40:147 [006892] DEBUG [Prb.cpp, 512] - Read FPGA completed, Address=0x3070, Data=0x00
2013/07/17 22:13:40:148 [006892] DEBUG [ComSysDiagnostics.cpp, 31] - FPGA RSSI/AFC [Linking(valid frame)] linkedRSSI:60 linkedAFC:0 AFC:0
2013/07/17 22:13:40:153 [006892] TRACE [Prb.cpp, 584] - Reading CC1020, Address=0x0004
2013/07/17 22:13:40:153 [006892] TRACE [Prb.cpp, 1035] - ReadCC1020Packet(0x04):01 00 0C 72 84 00 02 00 04 C1 67 0D 
2013/07/17 22:13:40:166 [006884] TRACE [Prb.cpp, 835] - RxStream contents:01 00 0C 4D 06 72 00 01 35 BB 32 0D 
2013/07/17 22:13:40:166 [006884] TRACE [Prb.cpp, 943] - RadioBoardPacket(ACK):01 00 0C 4D 06 72 00 01 35 BB 32 0D 
2013/07/17 22:13:40:167 [006892] DEBUG [Prb.cpp, 603] - Read CC1020 completed, Address=0x0004, Data=0x35
2013/07/17 22:13:40:168 [006892] TRACE [Prb.cpp, 584] - Reading CC1020, Address=0x0005
2013/07/17 22:13:40:168 [006892] TRACE [Prb.cpp, 1035] - ReadCC1020Packet(0x05):01 00 0C 73 84 00 02 00 05 B9 61 0D 
2013/07/17 22:13:40:182 [006884] TRACE [Prb.cpp, 943] - RadioBoardPacket(ACK):01 00 0C 4F 06 73 00 01 EF DD ED 0D 
2013/07/17 22:13:40:182 [006892] DEBUG [Prb.cpp, 603] - Read CC1020 completed, Address=0x0005, Data=0xEF
2013/07/17 22:13:40:183 [006892] TRACE [Prb.cpp, 584] - Reading CC1020, Address=0x0006
2013/07/17 22:13:40:183 [006892] TRACE [Prb.cpp, 1035] - ReadCC1020Packet(0x06):01 00 0C 74 84 00 02 00 06 D1 6D 0D 
2013/07/17 22:13:40:197 [006884] TRACE [Prb.cpp, 943] - RadioBoardPacket(ACK):01 00 0C 51 06 74 00 01 B3 60 38 0D 
2013/07/17 22:13:40:198 [006892] DEBUG [Prb.cpp, 603] - Read CC1020 completed, Address=0x0006, Data=0xB3
2013/07/17 22:13:40:198 [006892] TRACE [Prb.cpp, 584] - Reading CC1020, Address=0x0008
2013/07/17 22:13:40:199 [006892] TRACE [Prb.cpp, 1035] - ReadCC1020Packet(0x08):01 00 0C 75 84 00 02 00 08 A9 49 0D 
2013/07/17 22:13:40:213 [006884] TRACE [Prb.cpp, 835] - RxStream contents:01 00 0C 53 06 75 00 01 35 07 2F 0D 
2013/07/17 22:13:40:213 [006884] TRACE [Prb.cpp, 943] - RadioBoardPacket(ACK):01 00 0C 53 06 75 00 01 35 07 2F 0D 
2013/07/17 22:13:40:214 [006892] DEBUG [Prb.cpp, 603] - Read CC1020 completed, Address=0x0008, Data=0x35
2013/07/17 22:13:40:214 [006892] TRACE [Prb.cpp, 584] - Reading CC1020, Address=0x0009
2013/07/17 22:13:40:215 [006892] TRACE [Prb.cpp, 1035] - ReadCC1020Packet(0x09):01 00 0C 76 84 00 02 00 09 A1 4C 0D 
2013/07/17 22:13:40:229 [006884] TRACE [Prb.cpp, 943] - RadioBoardPacket(ACK):01 00 0C 55 06 76 00 01 FA A9 88 0D 
2013/07/17 22:13:40:229 [006892] DEBUG [Prb.cpp, 603] - Read CC1020 completed, Address=0x0009, Data=0xFA
2013/07/17 22:13:40:230 [006892] TRACE [Prb.cpp, 584] - Reading CC1020, Address=0x000A
2013/07/17 22:13:40:231 [006892] TRACE [Prb.cpp, 1035] - ReadCC1020Packet(0x0A):01 00 0C 77 84 00 02 00 0A 59 45 0D 
2013/07/17 22:13:40:244 [006884] TRACE [Prb.cpp, 835] - RxStream contents:01 00 0C 57 06 77 00 01 5D CE 59 0D 01 00 1F 58 00 00 00 14 04 82 81 
2013/07/17 22:13:40:245 [006884] TRACE [Prb.cpp, 943] - RadioBoardPacket(ACK):01 00 0C 57 06 77 00 01 5D CE 59 0D 
2013/07/17 22:13:40:245 [006892] DEBUG [Prb.cpp, 603] - Read CC1020 completed, Address=0x000A, Data=0x5D
2013/07/17 22:13:40:246 [006892] TRACE [Prb.cpp, 584] - Reading CC1020, Address=0x000F
2013/07/17 22:13:40:247 [006892] TRACE [Prb.cpp, 1035] - ReadCC1020Packet(0x0F):01 00 0C 78 84 00 02 00 0F 71 54 0D 
2013/07/17 22:13:40:260 [006884] TRACE [Prb.cpp, 943] - RadioBoardPacket(ACK):01 00 0C 59 06 78 00 01 DF D1 59 0D 
2013/07/17 22:13:40:260 [006892] DEBUG [Prb.cpp, 603] - Read CC1020 completed, Address=0x000F, Data=0xDF
2013/07/17 22:13:40:261 [006892] TRACE [Prb.cpp, 584] - Reading CC1020, Address=0x0010
2013/07/17 22:13:40:262 [006892] TRACE [Prb.cpp, 1035] - ReadCC1020Packet(0x10):01 00 0C 79 84 00 02 00 10 09 16 0D 
2013/07/17 22:13:40:275 [006884] TRACE [Prb.cpp, 943] - RadioBoardPacket(ACK):01 00 0C 5B 06 79 00 01 22 B7 54 0D 
2013/07/17 22:13:40:276 [006892] DEBUG [Prb.cpp, 603] - Read CC1020 completed, Address=0x0010, Data=0x22
2013/07/17 22:13:40:277 [006892] TRACE [Prb.cpp, 584] - Reading CC1020, Address=0x0013
2013/07/17 22:13:40:278 [006892] TRACE [Prb.cpp, 1035] - ReadCC1020Packet(0x13):01 00 0C 7A 84 00 02 00 13 81 1C 0D 
2013/07/17 22:13:40:291 [006884] TRACE [Prb.cpp, 943] - RadioBoardPacket(ACK):01 00 0C 5D 06 7A 00 01 2F 9B 7C 0D 
2013/07/17 22:13:40:292 [006892] DEBUG [Prb.cpp, 603] - Read CC1020 completed, Address=0x0013, Data=0x2F
2013/07/17 22:13:40:292 [006892] TRACE [Prb.cpp, 584] - Reading CC1020, Address=0x0014
2013/07/17 22:13:40:293 [006892] TRACE [Prb.cpp, 1035] - ReadCC1020Packet(0x14):01 00 0C 7B 84 00 02 00 14 F9 0E 0D 
2013/07/17 22:13:40:307 [006884] TRACE [Prb.cpp, 943] - RadioBoardPacket(ACK):01 00 0C 5F 06 7B 00 01 2F 7F 7C 0D 
2013/07/17 22:13:40:307 [006892] DEBUG [Prb.cpp, 603] - Read CC1020 completed, Address=0x0014, Data=0x2F
2013/07/17 22:13:40:308 [006892] TRACE [Prb.cpp, 584] - Reading CC1020, Address=0x0043
2013/07/17 22:13:40:309 [006892] TRACE [Prb.cpp, 1035] - ReadCC1020Packet(0x43):01 00 0C 7C 84 00 02 00 43 10 F9 0D 
2013/07/17 22:13:40:322 [006884] TRACE [Prb.cpp, 943] - RadioBoardPacket(ACK):01 00 0C 61 06 7C 00 01 01 43 A4 0D 
2013/07/17 22:13:40:323 [006892] DEBUG [Prb.cpp, 603] - Read CC1020 completed, Address=0x0043, Data=0x01
2013/07/17 22:13:40:324 [006892] DEBUG [ComSysDiagnostics.cpp, 63] - CC1020 [Link complete] FREQ_2A: 0x35 FREQ_1A: 0xef FREQ_0A: 0xb3
2013/07/17 22:13:40:324 [006892] DEBUG [ComSysDiagnostics.cpp, 67] - CC1020 [Link complete] FREQ_2B: 0x35 FREQ_1B: 0xfa FREQ_0B: 0x5d
2013/07/17 22:13:40:325 [006892] DEBUG [ComSysDiagnostics.cpp, 72] - CC1020 [Link complete] AFC_CONTROL: 0xdf FILTER: 0x22 VGA3: 0x2f VGA4: 0x2f AFC: 0x01
2013/07/17 22:13:40:325 [006892] TRACE [Prb.cpp, 493] - Reading FPGA, Address=0x3018
2013/07/17 22:13:40:326 [006892] TRACE [Prb.cpp, 1035] - ReadFPGAPacket(0x3018):01 00 0C 7D 82 00 02 30 18 C8 33 0D 
2013/07/17 22:13:40:326 [006884] TRACE [Prb.cpp, 835] - RxStream contents:01 00 0C 63 06 7D 00 01 3E A7 26 0D 
2013/07/17 22:13:40:327 [006884] TRACE [Prb.cpp, 943] - RadioBoardPacket(ACK):01 00 0C 63 06 7D 00 01 3E A7 26 0D 
2013/07/17 22:13:40:328 [006892] DEBUG [Prb.cpp, 512] - Read FPGA completed, Address=0x3018, Data=0x3E
2013/07/17 22:13:40:328 [006892] TRACE [Prb.cpp, 493] - Reading FPGA, Address=0x301A
2013/07/17 22:13:40:329 [006892] TRACE [Prb.cpp, 1035] - ReadFPGAPacket(0x301A):01 00 0C 7E 82 00 02 30 1A C0 3C 0D 
2013/07/17 22:13:40:329 [006884] TRACE [Prb.cpp, 835] - RxStream contents:01 00 0C 64 06 7E 00 01 01 F3 A2 0D 
2013/07/17 22:13:40:330 [006884] TRACE [Prb.cpp, 943] - RadioBoardPacket(ACK):01 00 0C 64 06 7E 00 01 01 F3 A2 0D 
2013/07/17 22:13:40:331 [006892] DEBUG [Prb.cpp, 512] - Read FPGA completed, Address=0x301A, Data=0x01
2013/07/17 22:13:40:331 [006892] TRACE [Prb.cpp, 493] - Reading FPGA, Address=0x3070
2013/07/17 22:13:40:332 [006892] TRACE [Prb.cpp, 1035] - ReadFPGAPacket(0x3070):01 00 0C 7F 82 00 02 30 70 39 43 0D 
2013/07/17 22:13:40:332 [006884] TRACE [Prb.cpp, 835] - RxStream contents:01 00 0C 65 06 7F 00 01 01 9F A2 0D 
2013/07/17 22:13:40:333 [006884] TRACE [Prb.cpp, 943] - RadioBoardPacket(ACK):01 00 0C 65 06 7F 00 01 01 9F A2 0D 
2013/07/17 22:13:40:333 [006892] DEBUG [Prb.cpp, 512] - Read FPGA completed, Address=0x3070, Data=0x01
2013/07/17 22:13:40:334 [006892] DEBUG [ComSysDiagnostics.cpp, 31] - FPGA RSSI/AFC [Link complete] linkedRSSI:62 linkedAFC:1 AFC:1
2013/07/17 22:13:40:335 [006892] INFO [ComSysDiagnostics.cpp, 79] - Status Counters [Link complete] FrameErrorsInLastSecond:1 EcgErrorsInLastSecond:0 MarkerOrImplantIdErrorsInLastSecond:0 TotalFrameErrors:1 TotalEcgErrors:0 TotalMarkerOrImplantIdErrors:0 TotalSentCommands:0 TotalGoodResponses:0 TotalBadResponses:0 TotalResponseTimeouts:0
2013/07/17 22:13:40:336 [006892] TRACE [Prb.cpp, 493] - Reading FPGA, Address=0x301C
2013/07/17 22:13:40:337 [006892] TRACE [Prb.cpp, 1035] - ReadFPGAPacket(0x301C):01 00 0C 80 82 00 02 30 1C 10 DB 0D 
2013/07/17 22:13:40:337 [006884] TRACE [Prb.cpp, 835] - RxStream contents:01 00 0C 66 06 80 00 01 01 1B 8A 0D 
2013/07/17 22:13:40:338 [006884] TRACE [Prb.cpp, 943] - RadioBoardPacket(ACK):01 00 0C 66 06 80 00 01 01 1B 8A 0D 
2013/07/17 22:13:40:338 [006892] DEBUG [Prb.cpp, 512] - Read FPGA completed, Address=0x301C, Data=0x01
2013/07/17 22:13:40:339 [006892] DEBUG [ComSysDiagnostics.cpp, 89] - FPGA Frame Error Counter [Link complete]:1
2013/07/17 22:13:40:339 [006892] INFO [CrossTalkDetector.cpp, 68] - CrossTalkDetector state changing from LinkingState to LinkedState
2013/07/17 22:13:40:340 [006892] INFO [CommunicationSystemStates.cpp, 221] - Link complete.
2013/07/17 22:13:40:368 [006164] INFO 0x801C0094 [CommunicationSystemStateMachine.cpp, 237] - Command: 0x82. Retries: 3. Timeout: 78 ms.
2013/07/17 22:13:40:372 [006164] INFO 0x801C0094 [CommunicationSystemStateMachine.cpp, 252] - Send Command:82 04 F5 6C 17 08 
2013/07/17 22:13:40:372 [006164] TRACE 0x801C0094 [Prb.cpp, 493] - Reading FPGA, Address=0x3018
2013/07/17 22:13:40:373 [006164] TRACE 0x801C0094 [Prb.cpp, 1035] - ReadFPGAPacket(0x3018):01 00 0C 81 82 00 02 30 18 68 C3 0D 
2013/07/17 22:13:40:373 [006884] TRACE 0x801C0094 [Prb.cpp, 835] - RxStream contents:01 00 0C 6A 06 81 00 01 40 2E 00 0D 
2013/07/17 22:13:40:374 [006884] TRACE 0x801C0094 [Prb.cpp, 943] - RadioBoardPacket(ACK):01 00 0C 6A 06 81 00 01 40 2E 00 0D 
2013/07/17 22:13:40:375 [006164] DEBUG 0x801C0094 [Prb.cpp, 512] - Read FPGA completed, Address=0x3018, Data=0x40
2013/07/17 22:13:40:375 [006164] TRACE 0x801C0094 [Prb.cpp, 493] - Reading FPGA, Address=0x301A
2013/07/17 22:13:40:376 [006164] TRACE 0x801C0094 [Prb.cpp, 1035] - ReadFPGAPacket(0x301A):01 00 0C 82 82 00 02 30 1A 60 CC 0D 
2013/07/17 22:13:40:376 [006884] TRACE 0x801C0094 [Prb.cpp, 835] - RxStream contents:01 00 0C 6B 06 82 00 01 00 6B 80 0D 
2013/07/17 22:13:40:377 [006884] TRACE 0x801C0094 [Prb.cpp, 943] - RadioBoardPacket(ACK):01 00 0C 6B 06 82 00 01 00 6B 80 0D 
2013/07/17 22:13:40:378 [006164] DEBUG 0x801C0094 [Prb.cpp, 512] - Read FPGA completed, Address=0x301A, Data=0x00
2013/07/17 22:13:40:378 [006164] TRACE 0x801C0094 [Prb.cpp, 493] - Reading FPGA, Address=0x3070
2013/07/17 22:13:40:379 [006164] TRACE 0x801C0094 [Prb.cpp, 1035] - ReadFPGAPacket(0x3070):01 00 0C 83 82 00 02 30 70 99 B3 0D 
2013/07/17 22:13:40:379 [006884] TRACE 0x801C0094 [Prb.cpp, 835] - RxStream contents:01 00 0C 6C 06 83 00 01 01 17 80 0D 
2013/07/17 22:13:40:380 [006884] TRACE 0x801C0094 [Prb.cpp, 943] - RadioBoardPacket(ACK):01 00 0C 6C 06 83 00 01 01 17 80 0D 
2013/07/17 22:13:40:380 [006164] DEBUG 0x801C0094 [Prb.cpp, 512] - Read FPGA completed, Address=0x3070, Data=0x01
2013/07/17 22:13:40:381 [006164] DEBUG 0x801C0094 [ComSysDiagnostics.cpp, 31] - FPGA RSSI/AFC [Send Command] linkedRSSI:64 linkedAFC:0 AFC:1
2013/07/17 22:13:40:381 [006164] TRACE 0x801C0094 [Prb.cpp, 383] - Send Command, Command=0x82
2013/07/17 22:13:40:382 [006164] TRACE 0x801C0094 [Prb.cpp, 1035] - WriteTransmitterPacket():01 00 10 84 87 00 06 82 04 F5 6C 17 08 7B B9 0D 
2013/07/17 22:13:40:382 [006884] TRACE 0x801C0094 [Prb.cpp, 835] - RxStream contents:01 00 0B 6D 06 84 00 00 29 02 0D 
2013/07/17 22:13:40:383 [006884] TRACE 0x801C0094 [Prb.cpp, 943] - RadioBoardPacket(ACK):01 00 0B 6D 06 84 00 00 29 02 0D 
2013/07/17 22:13:40:383 [006164] DEBUG 0x801C0094 [Prb.cpp, 402] - Send Command completed, Command=0x82
2013/07/17 22:13:40:430 [006892] INFO 0x801C0094 [CommunicationSystemStateMachine.cpp, 773] - Command Completed:82 B0 E6 9C A3 FE FF 98 
2013/07/17 22:13:40:431 [006892] DEBUG 0x801C0094 [CommunicationSystemStateMachine.cpp, 330] - ... after 16 frames.
2013/07/17 22:13:40:468 [006892] INFO 0x801C0094 [CommunicationSystem.cpp, 360] - Marker:9D 00 40 07 E6 
2013/07/17 22:13:40:794 [006892] INFO 0x801C0094 [CommunicationSystem.cpp, 360] - Marker:81 F9 80 32 59 
2013/07/17 22:13:40:824 [006892] INFO 0x801C0094 [CommunicationSystem.cpp, 360] - Marker:8C 7F 58 32 C3 
2013/07/17 22:13:40:839 [006884] TRACE 0x801C0094 [Prb.cpp, 835] - RxStream contents:01 00 1F 
2013/07/17 22:13:41:264 [006892] INFO 0x801C0094 [CommunicationSystem.cpp, 360] - Marker:9D 00 40 6E FE 
2013/07/17 22:13:41:579 [006892] INFO 0x801C0094 [CommunicationSystem.cpp, 360] - Marker:81 FA 80 96 91 
2013/07/17 22:13:41:609 [006892] INFO 0x801C0094 [CommunicationSystem.cpp, 360] - Marker:8C 7F 58 96 B6 
2013/07/17 22:13:42:219 [006892] INFO 0x801C0094 [CommunicationSystem.cpp, 360] - Marker:81 FB 80 E8 87 
2013/07/17 22:13:42:249 [006892] INFO 0x801C0094 [CommunicationSystem.cpp, 360] - Marker:8C 7F 58 E8 CB 
2013/07/17 22:13:42:394 [006892] INFO 0x801C0094 [CommunicationSystem.cpp, 360] - Marker:9D 00 40 EE 77 
2013/07/17 22:13:42:829 [006892] INFO 0x801C0094 [CommunicationSystem.cpp, 360] - Marker:81 FC 80 36 85 
2013/07/17 22:13:42:859 [006892] INFO 0x801C0094 [CommunicationSystem.cpp, 360] - Marker:8C 7F 58 36 DF 
2013/07/17 22:13:43:269 [006892] INFO 0x801C0094 [CommunicationSystem.cpp, 360] - Marker:9D 00 40 6E FE 
2013/07/17 22:13:43:489 [006892] INFO 0x801C0094 [CommunicationSystem.cpp, 360] - Marker:81 FD 80 89 DA 
2013/07/17 22:13:43:519 [006892] INFO 0x801C0094 [CommunicationSystem.cpp, 360] - Marker:8C 7F 58 89 EB 
2013/07/17 22:13:44:069 [006892] INFO 0x801C0094 [CommunicationSystem.cpp, 360] - Marker:81 FE 80 D4 F3 
2013/07/17 22:13:44:099 [006892] INFO 0x801C0094 [CommunicationSystem.cpp, 360] - Marker:8C 7F 58 D4 7F 
2013/07/17 22:13:44:269 [006892] INFO 0x801C0094 [CommunicationSystem.cpp, 360] - Marker:9D 00 40 EE 77 
2013/07/17 22:13:44:724 [006892] INFO 0x801C0094 [CommunicationSystem.cpp, 360] - Marker:81 FF 80 29 65 
2013/07/17 22:13:44:754 [006892] INFO 0x801C0094 [CommunicationSystem.cpp, 360] - Marker:8C 7F 58 29 82 
2013/07/17 22:13:45:274 [006892] INFO 0x801C0094 [CommunicationSystem.cpp, 360] - Marker:9D 00 40 6E FE 
2013/07/17 22:13:45:399 [006892] INFO 0x801C0094 [CommunicationSystem.cpp, 360] - Marker:81 00 80 72 C8 
2013/07/17 22:13:45:429 [006892] INFO 0x801C0094 [CommunicationSystem.cpp, 360] - Marker:8C 7F 58 72 04 
2013/07/17 22:13:45:445 [006164] INFO 0x801C0094 [CommunicationSystemStateMachine.cpp, 237] - Command: 0xe4. Retries: 3. Timeout: 500 ms.
2013/07/17 22:13:45:446 [006164] INFO 0x801C0094 [CommunicationSystemStateMachine.cpp, 252] - Send Command:F4 82 3B 
2013/07/17 22:13:45:447 [006164] TRACE 0x801C0094 [Prb.cpp, 493] - Reading FPGA, Address=0x3018
2013/07/17 22:13:45:447 [006164] TRACE 0x801C0094 [Prb.cpp, 1035] - ReadFPGAPacket(0x3018):01 00 0C 85 82 00 02 30 18 88 C5 0D 
2013/07/17 22:13:45:447 [006884] TRACE 0x801C0094 [Prb.cpp, 835] - RxStream contents:01 00 0C B2 06 85 00 01 3F BF D5 0D 
2013/07/17 22:13:45:449 [006884] TRACE 0x801C0094 [Prb.cpp, 943] - RadioBoardPacket(ACK):01 00 0C B2 06 85 00 01 3F BF D5 0D 
2013/07/17 22:13:45:449 [006164] DEBUG 0x801C0094 [Prb.cpp, 512] - Read FPGA completed, Address=0x3018, Data=0x3F
2013/07/17 22:13:45:450 [006164] TRACE 0x801C0094 [Prb.cpp, 493] - Reading FPGA, Address=0x301A
2013/07/17 22:13:45:450 [006164] TRACE 0x801C0094 [Prb.cpp, 1035] - ReadFPGAPacket(0x301A):01 00 0C 86 82 00 02 30 1A 80 CA 0D 
2013/07/17 22:13:45:450 [006884] TRACE 0x801C0094 [Prb.cpp, 835] - RxStream contents:01 00 0C B3 06 86 00 01 01 FB 51 0D 
2013/07/17 22:13:45:451 [006884] TRACE 0x801C0094 [Prb.cpp, 943] - RadioBoardPacket(ACK):01 00 0C B3 06 86 00 01 01 FB 51 0D 
2013/07/17 22:13:45:452 [006164] DEBUG 0x801C0094 [Prb.cpp, 512] - Read FPGA completed, Address=0x301A, Data=0x01
2013/07/17 22:13:45:453 [006164] TRACE 0x801C0094 [Prb.cpp, 493] - Reading FPGA, Address=0x3070
2013/07/17 22:13:45:453 [006164] TRACE 0x801C0094 [Prb.cpp, 1035] - ReadFPGAPacket(0x3070):01 00 0C 87 82 00 02 30 70 79 B5 0D 
2013/07/17 22:13:45:453 [006884] TRACE 0x801C0094 [Prb.cpp, 835] - RxStream contents:01 00 0C B4 06 87 00 01 01 07 54 0D 
2013/07/17 22:13:45:454 [006884] TRACE 0x801C0094 [Prb.cpp, 943] - RadioBoardPacket(ACK):01 00 0C B4 06 87 00 01 01 07 54 0D 
2013/07/17 22:13:45:455 [006164] DEBUG 0x801C0094 [Prb.cpp, 512] - Read FPGA completed, Address=0x3070, Data=0x01
2013/07/17 22:13:45:456 [006164] DEBUG 0x801C0094 [ComSysDiagnostics.cpp, 31] - FPGA RSSI/AFC [Send Command] linkedRSSI:63 linkedAFC:1 AFC:1
2013/07/17 22:13:45:456 [006164] TRACE 0x801C0094 [Prb.cpp, 383] - Send Command, Command=0xf4
2013/07/17 22:13:45:457 [006164] TRACE 0x801C0094 [Prb.cpp, 1035] - WriteTransmitterPacket():01 00 0D 88 87 00 03 F4 82 3B 84 23 0D 
2013/07/17 22:13:45:457 [006884] TRACE 0x801C0094 [Prb.cpp, 835] - RxStream contents:01 00 0B B5 06 88 00 00 0F B2 0D 
2013/07/17 22:13:45:458 [006884] TRACE 0x801C0094 [Prb.cpp, 943] - RadioBoardPacket(ACK):01 00 0B B5 06 88 00 00 0F B2 0D 
2013/07/17 22:13:45:459 [006164] DEBUG 0x801C0094 [Prb.cpp, 402] - Send Command completed, Command=0xf4
2013/07/17 22:13:45:968 [006164] INFO 0x801C0094 [CommunicationSystem.cpp, 780] - Number of frames received since the command was sent: 33
2013/07/17 22:13:45:969 [006164] INFO 0x801C0094 [CommunicationSystemStates.cpp, 503] - Break link failed: timer expired.
2013/07/17 22:13:45:970 [006164] INFO 0x801C0094 [ComSysDiagnostics.cpp, 79] - Status Counters [Command retry] FrameErrorsInLastSecond:0 EcgErrorsInLastSecond:0 MarkerOrImplantIdErrorsInLastSecond:0 TotalFrameErrors:1 TotalEcgErrors:0 TotalMarkerOrImplantIdErrors:0 TotalSentCommands:2 TotalGoodResponses:1 TotalBadResponses:0 TotalResponseTimeouts:1
2013/07/17 22:13:45:970 [006164] TRACE 0x801C0094 [Prb.cpp, 493] - Reading FPGA, Address=0x301C
2013/07/17 22:13:45:971 [006164] TRACE 0x801C0094 [Prb.cpp, 1035] - ReadFPGAPacket(0x301C):01 00 0C 89 82 00 02 30 1C A8 D1 0D 
2013/07/17 22:13:45:971 [006884] TRACE 0x801C0094 [Prb.cpp, 835] - RxStream contents:01 00 0C D7 06 89 00 01 01 D7 31 0D 
2013/07/17 22:13:45:972 [006884] TRACE 0x801C0094 [Prb.cpp, 943] - RadioBoardPacket(ACK):01 00 0C D7 06 89 00 01 01 D7 31 0D 
2013/07/17 22:13:45:973 [006164] DEBUG 0x801C0094 [Prb.cpp, 512] - Read FPGA completed, Address=0x301C, Data=0x01
2013/07/17 22:13:45:973 [006164] DEBUG 0x801C0094 [ComSysDiagnostics.cpp, 89] - FPGA Frame Error Counter [Command retry]:1
2013/07/17 22:13:45:974 [006164] INFO 0x801C0094 [CommunicationSystemStateMachine.cpp, 252] - Send Command:E4 02 58 
2013/07/17 22:13:45:974 [006164] TRACE 0x801C0094 [Prb.cpp, 493] - Reading FPGA, Address=0x3018
2013/07/17 22:13:45:975 [006164] TRACE 0x801C0094 [Prb.cpp, 1035] - ReadFPGAPacket(0x3018):01 00 0C 8A 82 00 02 30 18 A0 CA 0D 
2013/07/17 22:13:45:975 [006884] TRACE 0x801C0094 [Prb.cpp, 835] - RxStream contents:01 00 0C D9 06 8A 00 01 3E 3B BF 0D 
2013/07/17 22:13:45:976 [006884] TRACE 0x801C0094 [Prb.cpp, 943] - RadioBoardPacket(ACK):01 00 0C D9 06 8A 00 01 3E 3B BF 0D 
2013/07/17 22:13:45:977 [006164] DEBUG 0x801C0094 [Prb.cpp, 512] - Read FPGA completed, Address=0x3018, Data=0x3E
2013/07/17 22:13:45:977 [006164] TRACE 0x801C0094 [Prb.cpp, 493] - Reading FPGA, Address=0x301A
2013/07/17 22:13:45:978 [006164] TRACE 0x801C0094 [Prb.cpp, 1035] - ReadFPGAPacket(0x301A):01 00 0C 8B 82 00 02 30 1A D8 C6 0D 
2013/07/17 22:13:45:978 [006884] TRACE 0x801C0094 [Prb.cpp, 835] - RxStream contents:01 00 0C DA 06 8B 00 01 01 27 3E 0D 
2013/07/17 22:13:45:979 [006884] TRACE 0x801C0094 [Prb.cpp, 943] - RadioBoardPacket(ACK):01 00 0C DA 06 8B 00 01 01 27 3E 0D 
2013/07/17 22:13:45:979 [006164] DEBUG 0x801C0094 [Prb.cpp, 512] - Read FPGA completed, Address=0x301A, Data=0x01
2013/07/17 22:13:45:980 [006164] TRACE 0x801C0094 [Prb.cpp, 493] - Reading FPGA, Address=0x3070
2013/07/17 22:13:45:981 [006164] TRACE 0x801C0094 [Prb.cpp, 1035] - ReadFPGAPacket(0x3070):01 00 0C 8C 82 00 02 30 70 B1 BC 0D 
2013/07/17 22:13:45:981 [006884] TRACE 0x801C0094 [Prb.cpp, 835] - RxStream contents:01 00 0C DB 06 8C 00 01 00 B3 3B 0D 
2013/07/17 22:13:45:982 [006884] TRACE 0x801C0094 [Prb.cpp, 943] - RadioBoardPacket(ACK):01 00 0C DB 06 8C 00 01 00 B3 3B 0D 
2013/07/17 22:13:45:982 [006164] DEBUG 0x801C0094 [Prb.cpp, 512] - Read FPGA completed, Address=0x3070, Data=0x00
2013/07/17 22:13:45:983 [006164] DEBUG 0x801C0094 [ComSysDiagnostics.cpp, 31] - FPGA RSSI/AFC [Send Command] linkedRSSI:62 linkedAFC:1 AFC:0
2013/07/17 22:13:45:983 [006164] TRACE 0x801C0094 [Prb.cpp, 383] - Send Command, Command=0xe4
2013/07/17 22:13:45:984 [006164] TRACE 0x801C0094 [Prb.cpp, 1035] - WriteTransmitterPacket():01 00 0D 8D 87 00 03 E4 02 58 81 73 0D 
2013/07/17 22:13:45:984 [006884] TRACE 0x801C0094 [Prb.cpp, 835] - RxStream contents:01 00 0B DC 06 8D 00 00 1D 4E 0D 
2013/07/17 22:13:45:985 [006884] TRACE 0x801C0094 [Prb.cpp, 943] - RadioBoardPacket(ACK):01 00 0B DC 06 8D 00 00 1D 4E 0D 
2013/07/17 22:13:45:985 [006164] DEBUG 0x801C0094 [Prb.cpp, 402] - Send Command completed, Command=0xe4
2013/07/17 22:13:46:131 [006892] INFO 0x801C0094 [ComSysDiagnostics.cpp, 79] - Status Counters [Link lost] FrameErrorsInLastSecond:8 EcgErrorsInLastSecond:0 MarkerOrImplantIdErrorsInLastSecond:0 TotalFrameErrors:9 TotalEcgErrors:0 TotalMarkerOrImplantIdErrors:0 TotalSentCommands:3 TotalGoodResponses:1 TotalBadResponses:0 TotalResponseTimeouts:1
2013/07/17 22:13:46:131 [006892] TRACE 0x801C0094 [Prb.cpp, 493] - Reading FPGA, Address=0x301C
2013/07/17 22:13:46:132 [006892] TRACE 0x801C0094 [Prb.cpp, 1035] - ReadFPGAPacket(0x301C):01 00 0C 8E 82 00 02 30 1C C0 D7 0D 
2013/07/17 22:13:46:132 [006884] TRACE 0x801C0094 [Prb.cpp, 835] - RxStream contents:01 00 0C E7 06 8E 00 01 0A BB 38 0D 
2013/07/17 22:13:46:133 [006884] TRACE 0x801C0094 [Prb.cpp, 943] - RadioBoardPacket(ACK):01 00 0C E7 06 8E 00 01 0A BB 38 0D 
2013/07/17 22:13:46:134 [006892] DEBUG 0x801C0094 [Prb.cpp, 512] - Read FPGA completed, Address=0x301C, Data=0x0A
2013/07/17 22:13:46:134 [006892] DEBUG 0x801C0094 [ComSysDiagnostics.cpp, 89] - FPGA Frame Error Counter [Link lost]:10
2013/07/17 22:13:46:135 [006892] INFO 0x801C0094 [CommunicationSystemStateMachine.cpp, 769] - Command Completed
2013/07/17 22:13:46:136 [006892] DEBUG 0x801C0094 [CommunicationSystemStateMachine.cpp, 330] - ... after 10 frames.
2013/07/17 22:13:46:137 [006892] TRACE 0x801C0094 [Prb.cpp, 448] - Writing FPGA, Address=0x1008, Data=0x08
2013/07/17 22:13:46:137 [006892] TRACE 0x801C0094 [Prb.cpp, 1035] - WriteFPGAPacket(0x1008, 0x08):01 00 0D 8F 81 00 03 10 08 08 22 26 0D 
2013/07/17 22:13:46:137 [006884] TRACE 0x801C0094 [Prb.cpp, 835] - RxStream contents:01 00 0B E8 06 8F 00 00 14 06 0D 
2013/07/17 22:13:46:138 [006884] TRACE 0x801C0094 [Prb.cpp, 943] - RadioBoardPacket(ACK):01 00 0B E8 06 8F 00 00 14 06 0D 
2013/07/17 22:13:46:139 [006892] DEBUG 0x801C0094 [Prb.cpp, 466] - Write FPGA completed, Address=0x1008, Data=0x08
2013/07/17 22:13:46:155 [006892] TRACE 0x801C0094 [Prb.cpp, 493] - Reading FPGA, Address=0x300A
2013/07/17 22:13:46:156 [006892] TRACE 0x801C0094 [Prb.cpp, 1035] - ReadFPGAPacket(0x300A):01 00 0C 90 82 00 02 30 0A 10 BE 0D 
2013/07/17 22:13:46:156 [006884] TRACE 0x801C0094 [Prb.cpp, 835] - RxStream contents:01 00 0C E9 06 90 00 01 00 73 0D 0D 
2013/07/17 22:13:46:157 [006884] TRACE 0x801C0094 [Prb.cpp, 943] - RadioBoardPacket(ACK):01 00 0C E9 06 90 00 01 00 73 0D 0D 
2013/07/17 22:13:46:157 [006892] DEBUG 0x801C0094 [Prb.cpp, 512] - Read FPGA completed, Address=0x300A, Data=0x00
2013/07/17 22:13:46:158 [006892] TRACE 0x801C0094 [Prb.cpp, 448] - Writing FPGA, Address=0x300A, Data=0x03
2013/07/17 22:13:46:159 [006892] TRACE 0x801C0094 [Prb.cpp, 1035] - WriteFPGAPacket(0x300A, 0x03):01 00 0D 91 81 00 03 30 0A 03 B3 7F 0D 
2013/07/17 22:13:46:159 [006884] TRACE 0x801C0094 [Prb.cpp, 835] - RxStream contents:01 00 0B EA 06 91 00 00 95 6D 0D 
2013/07/17 22:13:46:160 [006884] TRACE 0x801C0094 [Prb.cpp, 943] - RadioBoardPacket(ACK):01 00 0B EA 06 91 00 00 95 6D 0D 
2013/07/17 22:13:46:160 [006892] DEBUG 0x801C0094 [Prb.cpp, 466] - Write FPGA completed, Address=0x300A, Data=0x03
2013/07/17 22:13:51:328 [006360] INFO [NCommunicationSystem.cpp, 747] - Disposing: 1
2013/07/17 22:13:51:330 [006360] INFO [CrossAppDomainEventMarshaller.cpp, 44] - Disposing: 1
2013/07/17 22:13:51:331 [006360] INFO [CrossAppDomainEventMarshaller.cpp, 155] - abortGetNextEvent called
2013/07/17 22:13:51:332 [006360] INFO [CrossAppDomainEventMarshaller.cpp, 48] - Waiting for CrossDomainEventTranslator::m_pHandleEventsThread to stop
2013/07/17 22:13:51:332 [006696] INFO [CrossAppDomainEventMarshaller.cpp, 80] - handleEventsThread exiting (thread aborted)
2013/07/17 22:13:51:333 [006360] INFO [CrossAppDomainEventMarshaller.cpp, 54] - CrossDomainEventTranslator::m_pHandleEventsThread stopped
2013/07/17 22:13:51:334 [006360] INFO [CrossAppDomainEventMarshaller.cpp, 110] - EventHandler dtor
2013/07/17 22:13:51:335 [006360] INFO [CrossAppDomainEventMarshaller.cpp, 60] - Disposed.
2013/07/17 22:13:51:336 [006884] DEBUG [Prb.cpp, 867] - Prb receive thread terminated.
2013/07/17 22:13:51:337 [006892] INFO [ExceptionCatchingThread.cpp, 170] - Exited the interrupt thread procedure with return value 0.
2013/07/17 22:13:51:438 [006164] INFO [ExceptionCatchingThread.cpp, 170] - Exited the dispatch thread procedure with return value 0.
2013/07/17 22:13:51:440 [004300] INFO [ExceptionCatchingThread.cpp, 170] - Exited the timer thread procedure with return value 0.
2013/07/17 22:13:51:542 [006360] INFO [NCommunicationSystem.cpp, 779] - Disposed.
<<<<< Log Footer: 07/17/2013 22:13:51 >>>>>
