<<<<< Log Header: 07/17/2013 22:30:22 >>>>>
2013/07/17 22:30:22:176 [006292] INFO [NCommunicationSystem.cpp, 108] - nCommunicationSystem, Version=1.8.2.1, Culture=neutral, PublicKeyToken=56b5378c99c0bcfd
2013/07/17 22:30:22:191 [006292] INFO [ExceptionCatchingThread.cpp, 257] - Created the timer thread with id 664 (0x298).
2013/07/17 22:30:22:193 [000664] INFO [ExceptionCatchingThread.cpp, 168] - Executing the timer thread procedure...
2013/07/17 22:30:22:197 [006292] INFO [ExceptionCatchingThread.cpp, 257] - Created the dispatch thread with id 4380 (0x111c).
2013/07/17 22:30:22:197 [004380] INFO [ExceptionCatchingThread.cpp, 168] - Executing the dispatch thread procedure...
2013/07/17 22:30:25:199 [006292] DEBUG [Prb.cpp, 252] - PRB logging started.
2013/07/17 22:30:25:206 [006292] DEBUG [Prb.cpp, 130] - Number of FTDI devices: 1
2013/07/17 22:30:25:206 [006292] DEBUG [Prb.cpp, 158] - FTDI Device[0]: ID=67330069
2013/07/17 22:30:25:208 [006292] DEBUG [Prb.cpp, 169] - FTDI handle=163003688
2013/07/17 22:30:25:208 [006292] INFO [Prb.cpp, 179] - FTDI Driver Version 2.08.24.0
2013/07/17 22:30:25:465 [006292] INFO [Prb.cpp, 205] - FTDI Configuration: MaxCurrent=200, CBus5=21, CBus6=0x4
2013/07/17 22:30:25:716 [006292] INFO [Prb.cpp, 246] - PRB driver initialized.
2013/07/17 22:30:25:716 [006292] TRACE [Prb.cpp, 448] - Writing FPGA, Address=0x1008, Data=0x08
2013/07/17 22:30:25:717 [006292] TRACE [Prb.cpp, 1035] - WriteFPGAPacket(0x1008, 0x08):01 00 0D 00 81 00 03 10 08 08 25 D5 0D 
2013/07/17 22:30:25:717 [004368] TRACE [Prb.cpp, 835] - RxStream contents:01 00 0B 8A 06 00 00 00 0F 3A 0D 
2013/07/17 22:30:25:718 [004368] TRACE [Prb.cpp, 943] - RadioBoardPacket(ACK):01 00 0B 8A 06 00 00 00 0F 3A 0D 
2013/07/17 22:30:25:719 [006292] DEBUG [Prb.cpp, 466] - Write FPGA completed, Address=0x1008, Data=0x08
2013/07/17 22:30:25:736 [006292] TRACE [Prb.cpp, 493] - Reading FPGA, Address=0x300A
2013/07/17 22:30:25:736 [006292] TRACE [Prb.cpp, 1035] - ReadFPGAPacket(0x300A):01 00 0C 01 82 00 02 30 0A E8 24 0D 
2013/07/17 22:30:25:736 [004368] TRACE [Prb.cpp, 835] - RxStream contents:01 00 0C 8B 06 01 00 01 00 57 52 0D 
2013/07/17 22:30:25:737 [004368] TRACE [Prb.cpp, 943] - RadioBoardPacket(ACK):01 00 0C 8B 06 01 00 01 00 57 52 0D 
2013/07/17 22:30:25:738 [006292] DEBUG [Prb.cpp, 512] - Read FPGA completed, Address=0x300A, Data=0x00
2013/07/17 22:30:25:739 [006292] TRACE [Prb.cpp, 448] - Writing FPGA, Address=0x300A, Data=0x03
2013/07/17 22:30:25:739 [006292] TRACE [Prb.cpp, 1035] - WriteFPGAPacket(0x300A, 0x03):01 00 0D 02 81 00 03 30 0A 03 29 4F 0D 
2013/07/17 22:30:25:739 [004368] TRACE [Prb.cpp, 835] - RxStream contents:01 00 0B 8C 06 02 00 00 8E 01 0D 
2013/07/17 22:30:25:741 [004368] TRACE [Prb.cpp, 943] - RadioBoardPacket(ACK):01 00 0B 8C 06 02 00 00 8E 01 0D 
2013/07/17 22:30:25:741 [006292] DEBUG [Prb.cpp, 466] - Write FPGA completed, Address=0x300A, Data=0x03
2013/07/17 22:30:25:754 [006292] INFO [CrossTalkDetector.cpp, 14] - EnterCrossTalkThreshold = 8
2013/07/17 22:30:25:755 [006292] INFO [CrossTalkDetector.cpp, 21] - LeaveCrossTalkThreshold = 4
2013/07/17 22:30:25:756 [006292] INFO [CrossTalkDetector.cpp, 28] - LinkThreshold = 8
2013/07/17 22:30:25:757 [006292] INFO [ExceptionCatchingThread.cpp, 257] - Created the interrupt thread with id 6468 (0x1944).
2013/07/17 22:30:25:758 [006292] DEBUG [Prb.cpp, 252] - PRB logging started.
2013/07/17 22:30:25:758 [006468] INFO [ExceptionCatchingThread.cpp, 168] - Executing the interrupt thread procedure...
2013/07/17 22:30:25:759 [006292] INFO [CommunicationSystem.cpp, 640] - Calibrating the PRB CC1020.
2013/07/17 22:30:25:760 [006292] TRACE [Prb.cpp, 448] - Writing FPGA, Address=0x1008, Data=0x01
2013/07/17 22:30:25:760 [006292] TRACE [Prb.cpp, 1035] - WriteFPGAPacket(0x1008, 0x01):01 00 0D 03 81 00 03 10 08 01 26 D3 0D 
2013/07/17 22:30:25:760 [004368] TRACE [Prb.cpp, 835] - RxStream contents:01 00 0B 8D 06 03 00 00 8E 6D 0D 
2013/07/17 22:30:25:761 [004368] TRACE [Prb.cpp, 943] - RadioBoardPacket(ACK):01 00 0B 8D 06 03 00 00 8E 6D 0D 
2013/07/17 22:30:25:762 [006292] DEBUG [Prb.cpp, 466] - Write FPGA completed, Address=0x1008, Data=0x01
2013/07/17 22:30:25:850 [004368] TRACE [Prb.cpp, 835] - RxStream contents:01 00 0D 8E 00 00 00 02 09 00 E0 E5 0D 
2013/07/17 22:30:25:853 [006468] DEBUG [CommunicationSystem.cpp, 1120] - Calibration complete.
2013/07/17 22:30:25:853 [006292] TRACE [Prb.cpp, 493] - Reading FPGA, Address=0x2012
2013/07/17 22:30:25:854 [006292] TRACE [Prb.cpp, 1035] - ReadFPGAPacket(0x2012):01 00 0C 04 82 00 02 20 12 10 72 0D 
2013/07/17 22:30:25:854 [004368] TRACE [Prb.cpp, 835] - RxStream contents:01 00 0C 8F 06 04 00 01 00 F3 54 0D 
2013/07/17 22:30:25:855 [004368] TRACE [Prb.cpp, 943] - RadioBoardPacket(ACK):01 00 0C 8F 06 04 00 01 00 F3 54 0D 
2013/07/17 22:30:25:855 [006292] DEBUG [Prb.cpp, 512] - Read FPGA completed, Address=0x2012, Data=0x00
2013/07/17 22:30:25:856 [006292] INFO [CommunicationSystem.cpp, 653] - CC1020 Calibration succeeded.
2013/07/17 22:30:25:856 [006292] TRACE [Prb.cpp, 448] - Writing FPGA, Address=0x1006, Data=0x08
2013/07/17 22:30:25:857 [006292] TRACE [Prb.cpp, 1035] - WriteFPGAPacket(0x1006, 0x08):01 00 0D 05 81 00 03 10 06 08 84 86 0D 
2013/07/17 22:30:25:857 [004368] TRACE [Prb.cpp, 835] - RxStream contents:01 00 0B 90 06 05 00 00 8B CD 0D 
2013/07/17 22:30:25:858 [004368] TRACE [Prb.cpp, 943] - RadioBoardPacket(ACK):01 00 0B 90 06 05 00 00 8B CD 0D 
2013/07/17 22:30:25:858 [006292] DEBUG [Prb.cpp, 466] - Write FPGA completed, Address=0x1006, Data=0x08
2013/07/17 22:30:25:859 [006292] TRACE [Prb.cpp, 493] - Reading FPGA, Address=0x3000
2013/07/17 22:30:25:859 [006292] TRACE [Prb.cpp, 1035] - ReadFPGAPacket(0x3000):01 00 0C 06 82 00 02 30 00 80 1E 0D 
2013/07/17 22:30:25:859 [004368] TRACE [Prb.cpp, 835] - RxStream contents:01 00 0C 91 06 06 00 01 07 8B 58 0D 
2013/07/17 22:30:25:860 [004368] TRACE [Prb.cpp, 943] - RadioBoardPacket(ACK):01 00 0C 91 06 06 00 01 07 8B 58 0D 
2013/07/17 22:30:25:861 [006292] DEBUG [Prb.cpp, 512] - Read FPGA completed, Address=0x3000, Data=0x07
2013/07/17 22:30:25:862 [006292] INFO [CommunicationSystem.cpp, 613] - FPGA Revision 7.
2013/07/17 22:30:25:862 [006292] TRACE [Prb.cpp, 584] - Reading CC1020, Address=0x0004
2013/07/17 22:30:25:863 [006292] TRACE [Prb.cpp, 1035] - ReadCC1020Packet(0x04):01 00 0C 07 84 00 02 00 04 59 16 0D 
2013/07/17 22:30:25:863 [004368] TRACE [Prb.cpp, 835] - RxStream contents:01 00 0C 92 06 07 00 01 35 17 F4 0D 
2013/07/17 22:30:25:864 [004368] TRACE [Prb.cpp, 943] - RadioBoardPacket(ACK):01 00 0C 92 06 07 00 01 35 17 F4 0D 
2013/07/17 22:30:25:864 [006292] DEBUG [Prb.cpp, 603] - Read CC1020 completed, Address=0x0004, Data=0x35
2013/07/17 22:30:25:865 [006292] INFO [CommunicationSystem.cpp, 614] - CC1020 Frequency 2A 0x35.
2013/07/17 22:30:25:865 [006292] TRACE [Prb.cpp, 584] - Reading CC1020, Address=0x0005
2013/07/17 22:30:25:866 [006292] TRACE [Prb.cpp, 1035] - ReadCC1020Packet(0x05):01 00 0C 08 84 00 02 00 05 F1 1C 0D 
2013/07/17 22:30:25:866 [004368] TRACE [Prb.cpp, 835] - RxStream contents:01 00 0C 93 06 08 00 01 F0 21 69 0D 
2013/07/17 22:30:25:867 [004368] TRACE [Prb.cpp, 943] - RadioBoardPacket(ACK):01 00 0C 93 06 08 00 01 F0 21 69 0D 
2013/07/17 22:30:25:867 [006292] DEBUG [Prb.cpp, 603] - Read CC1020 completed, Address=0x0005, Data=0xF0
2013/07/17 22:30:25:868 [006292] INFO [CommunicationSystem.cpp, 615] - CC1020 Frequency 1A 0xf0.
2013/07/17 22:30:25:868 [006292] TRACE [Prb.cpp, 584] - Reading CC1020, Address=0x0006
2013/07/17 22:30:25:869 [006292] TRACE [Prb.cpp, 1035] - ReadCC1020Packet(0x06):01 00 0C 09 84 00 02 00 06 09 15 0D 
2013/07/17 22:30:25:869 [004368] TRACE [Prb.cpp, 835] - RxStream contents:01 00 0C 94 06 09 00 01 21 DF 8A 0D 
2013/07/17 22:30:25:870 [004368] TRACE [Prb.cpp, 943] - RadioBoardPacket(ACK):01 00 0C 94 06 09 00 01 21 DF 8A 0D 
2013/07/17 22:30:25:870 [006292] DEBUG [Prb.cpp, 603] - Read CC1020 completed, Address=0x0006, Data=0x21
2013/07/17 22:30:25:871 [006292] INFO [CommunicationSystem.cpp, 616] - CC1020 Frequency 0A 0x21.
2013/07/17 22:30:25:871 [006292] TRACE [Prb.cpp, 584] - Reading CC1020, Address=0x0008
2013/07/17 22:30:25:872 [006292] TRACE [Prb.cpp, 1035] - ReadCC1020Packet(0x08):01 00 0C 0A 84 00 02 00 08 01 32 0D 
2013/07/17 22:30:25:872 [004368] TRACE [Prb.cpp, 835] - RxStream contents:01 00 0C 95 06 0A 00 01 35 1B F1 0D 
2013/07/17 22:30:25:873 [004368] TRACE [Prb.cpp, 943] - RadioBoardPacket(ACK):01 00 0C 95 06 0A 00 01 35 1B F1 0D 
2013/07/17 22:30:25:873 [006292] DEBUG [Prb.cpp, 603] - Read CC1020 completed, Address=0x0008, Data=0x35
2013/07/17 22:30:25:874 [006292] INFO [CommunicationSystem.cpp, 617] - CC1020 Frequency 2B 0x35.
2013/07/17 22:30:25:874 [006292] TRACE [Prb.cpp, 584] - Reading CC1020, Address=0x0009
2013/07/17 22:30:25:875 [006292] TRACE [Prb.cpp, 1035] - ReadCC1020Packet(0x09):01 00 0C 0B 84 00 02 00 09 79 34 0D 
2013/07/17 22:30:25:875 [004368] TRACE [Prb.cpp, 835] - RxStream contents:01 00 0C 96 06 0B 00 01 FA 05 50 0D 
2013/07/17 22:30:25:876 [004368] TRACE [Prb.cpp, 943] - RadioBoardPacket(ACK):01 00 0C 96 06 0B 00 01 FA 05 50 0D 
2013/07/17 22:30:25:876 [006292] DEBUG [Prb.cpp, 603] - Read CC1020 completed, Address=0x0009, Data=0xFA
2013/07/17 22:30:25:877 [006292] INFO [CommunicationSystem.cpp, 618] - CC1020 Frequency 1B 0xfa.
2013/07/17 22:30:25:877 [006292] TRACE [Prb.cpp, 584] - Reading CC1020, Address=0x000A
2013/07/17 22:30:25:878 [006292] TRACE [Prb.cpp, 1035] - ReadCC1020Packet(0x0A):01 00 0C 0C 84 00 02 00 0A 11 38 0D 
2013/07/17 22:30:25:878 [004368] TRACE [Prb.cpp, 835] - RxStream contents:01 00 0C 97 06 0C 00 01 CB 91 F5 0D 
2013/07/17 22:30:25:879 [004368] TRACE [Prb.cpp, 943] - RadioBoardPacket(ACK):01 00 0C 97 06 0C 00 01 CB 91 F5 0D 
2013/07/17 22:30:25:879 [006292] DEBUG [Prb.cpp, 603] - Read CC1020 completed, Address=0x000A, Data=0xCB
2013/07/17 22:30:25:880 [006292] INFO [CommunicationSystem.cpp, 619] - CC1020 Frequency 0B 0xcb.
2013/07/17 22:30:25:880 [006292] DEBUG [Prb.cpp, 650] - Read EEPROM completed, Address=0x060A, Data=0x00
2013/07/17 22:30:25:881 [006292] INFO [CommunicationSystem.cpp, 620] - RSSI Calibration Reference Center Channel 0.
2013/07/17 22:30:25:881 [006292] TRACE [Prb.cpp, 493] - Reading FPGA, Address=0x3054
2013/07/17 22:30:25:882 [006292] TRACE [Prb.cpp, 1035] - ReadFPGAPacket(0x3054):01 00 0C 0D 82 00 02 30 54 C9 EC 0D 
2013/07/17 22:30:25:882 [004368] TRACE [Prb.cpp, 835] - RxStream contents:01 00 0C 98 06 0D 00 01 07 2F 51 0D 
2013/07/17 22:30:25:883 [004368] TRACE [Prb.cpp, 943] - RadioBoardPacket(ACK):01 00 0C 98 06 0D 00 01 07 2F 51 0D 
2013/07/17 22:30:25:883 [006292] DEBUG [Prb.cpp, 512] - Read FPGA completed, Address=0x3054, Data=0x07
2013/07/17 22:30:25:884 [006292] INFO [CommunicationSystem.cpp, 621] - CC1020 PA_POWER 0x7.
2013/07/17 22:30:25:884 [006292] TRACE [Prb.cpp, 584] - Reading CC1020, Address=0x001C
2013/07/17 22:30:25:885 [006292] TRACE [Prb.cpp, 1035] - ReadCC1020Packet(0x1C):01 00 0C 0E 84 00 02 00 1C E1 4C 0D 
2013/07/17 22:30:25:885 [004368] TRACE [Prb.cpp, 835] - RxStream contents:01 00 0C 99 06 0E 00 01 07 EB 52 0D 
2013/07/17 22:30:25:886 [004368] TRACE [Prb.cpp, 943] - RadioBoardPacket(ACK):01 00 0C 99 06 0E 00 01 07 EB 52 0D 
2013/07/17 22:30:25:886 [006292] DEBUG [Prb.cpp, 603] - Read CC1020 completed, Address=0x001C, Data=0x07
2013/07/17 22:30:25:887 [006292] INFO [CommunicationSystem.cpp, 622] - CC1020 Transmit Power 0x7.
2013/07/17 22:30:25:887 [006292] TRACE [Prb.cpp, 493] - Reading FPGA, Address=0x3014
2013/07/17 22:30:25:888 [006292] TRACE [Prb.cpp, 1035] - ReadFPGAPacket(0x3014):01 00 0C 0F 82 00 02 30 14 38 6C 0D 
2013/07/17 22:30:25:888 [004368] TRACE [Prb.cpp, 835] - RxStream contents:01 00 0C 9A 06 0F 00 01 00 77 40 0D 
2013/07/17 22:30:25:889 [004368] TRACE [Prb.cpp, 943] - RadioBoardPacket(ACK):01 00 0C 9A 06 0F 00 01 00 77 40 0D 
2013/07/17 22:30:25:889 [006292] DEBUG [Prb.cpp, 512] - Read FPGA completed, Address=0x3014, Data=0x00
2013/07/17 22:30:25:890 [006292] INFO [CommunicationSystem.cpp, 623] - Low Noise Amplifier Circumvented 0.
2013/07/17 22:30:25:890 [006292] TRACE [Prb.cpp, 584] - Reading CC1020, Address=0x0001
2013/07/17 22:30:25:891 [006292] TRACE [Prb.cpp, 1035] - ReadCC1020Packet(0x01):01 00 0C 10 84 00 02 00 01 B1 1C 0D 
2013/07/17 22:30:25:891 [004368] TRACE [Prb.cpp, 835] - RxStream contents:01 00 0C 9B 06 10 00 01 0F 03 67 0D 
2013/07/17 22:30:25:892 [004368] TRACE [Prb.cpp, 943] - RadioBoardPacket(ACK):01 00 0C 9B 06 10 00 01 0F 03 67 0D 
2013/07/17 22:30:25:892 [006292] DEBUG [Prb.cpp, 603] - Read CC1020 completed, Address=0x0001, Data=0x0F
2013/07/17 22:30:25:893 [006292] INFO [CommunicationSystem.cpp, 624] - Low Noise Amplifier 0xf.
2013/07/17 22:30:25:893 [006292] TRACE [Prb.cpp, 493] - Reading FPGA, Address=0x1006
2013/07/17 22:30:25:894 [006292] TRACE [Prb.cpp, 1035] - ReadFPGAPacket(0x1006):01 00 0C 11 82 00 02 10 06 28 1D 0D 
2013/07/17 22:30:25:894 [004368] TRACE [Prb.cpp, 835] - RxStream contents:01 00 0C 9C 06 11 00 01 08 7F 73 0D 
2013/07/17 22:30:25:895 [004368] TRACE [Prb.cpp, 943] - RadioBoardPacket(ACK):01 00 0C 9C 06 11 00 01 08 7F 73 0D 
2013/07/17 22:30:25:895 [006292] DEBUG [Prb.cpp, 512] - Read FPGA completed, Address=0x1006, Data=0x08
2013/07/17 22:30:25:896 [006292] INFO [CommunicationSystem.cpp, 625] - Allowed Framing Errors 8.
2013/07/17 22:30:25:899 [006292] INFO [CrossTalkDetector.cpp, 28] - LinkThreshold = 8
2013/07/17 22:30:25:899 [006292] INFO [CrossTalkDetector.cpp, 14] - EnterCrossTalkThreshold = 8
2013/07/17 22:30:25:900 [006292] INFO [CrossTalkDetector.cpp, 21] - LeaveCrossTalkThreshold = 4
2013/07/17 22:30:25:909 [006668] TRACE [Prb.cpp, 493] - Reading FPGA, Address=0x3000
2013/07/17 22:30:25:910 [006668] TRACE [Prb.cpp, 1035] - ReadFPGAPacket(0x3000):01 00 0C 12 82 00 02 30 00 E0 0A 0D 
2013/07/17 22:30:25:910 [004368] TRACE [Prb.cpp, 835] - RxStream contents:01 00 0C 9D 06 12 00 01 07 BB 52 0D 
2013/07/17 22:30:25:911 [004368] TRACE [Prb.cpp, 943] - RadioBoardPacket(ACK):01 00 0C 9D 06 12 00 01 07 BB 52 0D 
2013/07/17 22:30:25:911 [006668] DEBUG [Prb.cpp, 512] - Read FPGA completed, Address=0x3000, Data=0x07
2013/07/17 22:30:25:912 [006668] TRACE [Prb.cpp, 539] - Writing CC1020, Address=0x001C, Data=0x07
2013/07/17 22:30:25:913 [006668] TRACE [Prb.cpp, 1035] - WriteCC1020Packet(0x1C, 0x07):01 00 0D 13 83 00 03 00 1C 07 3E 84 0D 
2013/07/17 22:30:25:913 [004368] TRACE [Prb.cpp, 835] - RxStream contents:01 00 0B 9E 06 13 00 00 88 25 0D 
2013/07/17 22:30:25:914 [004368] TRACE [Prb.cpp, 943] - RadioBoardPacket(ACK):01 00 0B 9E 06 13 00 00 88 25 0D 
2013/07/17 22:30:25:915 [006668] DEBUG [Prb.cpp, 557] - Write CC1020 completed, Address=0x001C, Data=0x07
2013/07/17 23:11:16:991 [003936] INFO [CrossAppDomainEventMarshaller.cpp, 44] - Disposing: 0
2013/07/17 23:11:16:992 [003936] INFO [CrossAppDomainEventMarshaller.cpp, 155] - abortGetNextEvent called
2013/07/17 23:11:16:993 [003936] INFO [CrossAppDomainEventMarshaller.cpp, 110] - EventHandler dtor
2013/07/17 23:11:16:994 [003936] INFO [CrossAppDomainEventMarshaller.cpp, 60] - Disposed.
2013/07/17 23:11:16:996 [003936] INFO [NCommunicationSystem.cpp, 747] - Disposing: 0
