2013/07/17 23:50:25:219  INFO:   Loaded Symbol File C:\ISV System\Config\FirmwareSymbols\build178.sym for firmware Build #178
2013/07/17 23:50:25:233  INFO:   CommunicationSystemLog properties: .\CommunicationSystem.logger.properties
2013/07/17 23:50:25:233  INFO:   CommunicationSystemLog log       : .\logs\systemBerScriptLog 2013.07.17 23.50.25_CommunicationSystem.Log
2013/07/17 23:50:28:987  INFO:   Setting the event sink for ScriptEngineProcedure
2013/07/17 23:50:28:987  INFO:   Program parameters checks are enabled
2013/07/17 23:50:28:991  INFO:   ********************************************************************************
2013/07/17 23:50:28:991  INFO:   Starting ScriptEngineProcedure, Assembly  version 
2013/07/17 23:50:28:996  INFO:   Config: ICD (NCommunicationSystem ver: nCommunicationSystem, Version=1.8.2.1, Culture=neutral, PublicKeyToken=56b5378c99c0bcfd; FTDI Driver ver: 2.08.24.0; PRB FPGA ver: 7)
2013/07/17 23:50:28:996  INFO:   Setting the radio board transmit power to level 0x7.
2013/07/17 23:50:28:999  INFO:   Radio board power level set to 7.
2013/07/17 23:50:29:000  INFO:   ECG Timeout Interval set to 10 seconds.
2013/07/17 23:50:29:001  STATE:  Changing state to ScriptExecStateMachine.WaitForNextCmdState, ID[1]
2013/07/17 23:50:29:001  INFO:   FwDvtSystem Started the event processing thread
2013/07/17 23:50:29:032  ACTION: Read PRB FPGA: Address=0x3000 Data=0x07
2013/07/17 23:50:29:037  RESULT: FPGA 0x3000 Expected: 18 Actual: 7
2013/07/17 23:50:29:039  RESULT: ERROR Expected: 18 Actual: 7
2013/07/17 23:50:29:039  ACTION: Calibrate CC1020
2013/07/17 23:50:29:131  INFO:   CC1020 calibration passed
2013/07/17 23:50:29:139  ACTION: Read C1020: Address 0x04 Data=0x35
2013/07/17 23:50:29:143  ACTION: Read C1020: Address 0x05 Data=0xF0
2013/07/17 23:50:29:146  ACTION: Read C1020: Address 0x06 Data=0x21
2013/07/17 23:50:29:150  ACTION: Read C1020: Address 0x07 Data=0x38
2013/07/17 23:50:29:153  ACTION: Read C1020: Address 0x08 Data=0x35
2013/07/17 23:50:29:158  ACTION: Read C1020: Address 0x09 Data=0xFA
2013/07/17 23:50:29:162  ACTION: Read C1020: Address 0x0A Data=0xCB
2013/07/17 23:50:29:165  ACTION: Read C1020: Address 0x0B Data=0x38
2013/07/17 23:50:29:169  ACTION: Read C1020: Address 0x1D Data=0x00
2013/07/17 23:50:29:172  ACTION: Read C1020: Address 0x45 Data=0x4C
2013/07/17 23:50:29:176  ACTION: Read C1020: Address 0x46 Data=0x66
2013/07/17 23:50:29:179  ACTION: Read C1020: Address 0x47 Data=0x44
2013/07/17 23:50:29:189  ACTION: Read PRB FPGA: Address=0x305E Data=0x00
2013/07/17 23:50:29:192  ACTION: Read PRB FPGA: Address=0x3060 Data=0x00
2013/07/17 23:50:29:195  ACTION: Read PRB FPGA: Address=0x3062 Data=0x00
2013/07/17 23:50:29:202  ACTION: Read PRB FPGA: Address=0x3066 Data=0x00
2013/07/17 23:50:29:205  ACTION: Read PRB FPGA: Address=0x3068 Data=0x00
2013/07/17 23:50:29:208  ACTION: Read PRB FPGA: Address=0x306A Data=0x00
2013/07/17 23:50:29:210  ACTION: Write PRB FPGA: Address=0x1026 Data=0x01
2013/07/17 23:50:29:217  INFO:   EXECUTING STATE: SMLibrary.Dvt.IcdCmd+ScanState Timeout: 00:00:30
2013/07/17 23:50:29:217  EVENT:  SCRIPT-EXEC:EXEC-STATE - TES.Dvt.ScriptExecStateMachine, ID[11]
2013/07/17 23:50:29:219  STATE:  Changing state to ScriptExecStateMachine.ExecState, ID[4]
2013/07/17 23:50:29:219  INFO:   Setting the radio board transmit power to level 0x7.
2013/07/17 23:50:29:222  INFO:   Radio board power level set to 7.
2013/07/17 23:50:29:224  ACTION: Setting radio board configuration for hybrid.
2013/07/17 23:50:29:224  ACTION: Set radio board to DIO inverting mode.
2013/07/17 23:50:29:224  ACTION: Write PRB FPGA: Address=0x3012 Data=0x01
2013/07/17 23:50:29:227  ACTION: PRB Set Link Data Rate: Slow
2013/07/17 23:50:29:230  ACTION: Read PRB FPGA: Address=0x1004 Data=0x00
2013/07/17 23:50:29:230  ACTION: Write PRB FPGA: Address=0x1004 Data=0x00
2013/07/17 23:50:29:232  ACTION: Scanning for devices, primary scan duration = 9 sec, secondary scan duration = 2 sec
2013/07/17 23:50:40:408  INFO:   Primary scan device IDs: No devices found
2013/07/17 23:50:44:563  INFO:   Secondary scan device IDs: No devices found
2013/07/17 23:50:44:564  EVENT:  No Implants Found, ID[17]
2013/07/17 23:50:44:565  STATE:  Changing state to ScriptExecStateMachine.WaitForNextCmdState, ID[1]
2013/07/17 23:50:44:565  INFO:   STATE EXITED: SMLibrary.Dvt.IcdCmd+ScanState
2013/07/17 23:50:44:566  INFO:   EXECUTING STATE: SMLibrary.Dvt.IcdCmd+ScanState Timeout: 00:00:30
2013/07/17 23:50:44:566  EVENT:  SCRIPT-EXEC:EXEC-STATE - TES.Dvt.ScriptExecStateMachine, ID[11]
2013/07/17 23:50:44:566  STATE:  Changing state to ScriptExecStateMachine.ExecState, ID[4]
2013/07/17 23:50:44:566  INFO:   Setting the radio board transmit power to level 0x7.
2013/07/17 23:50:44:569  INFO:   Radio board power level set to 7.
2013/07/17 23:50:44:569  ACTION: Setting radio board configuration for hybrid.
2013/07/17 23:50:44:569  ACTION: Set radio board to DIO inverting mode.
2013/07/17 23:50:44:569  ACTION: Write PRB FPGA: Address=0x3012 Data=0x01
2013/07/17 23:50:44:572  ACTION: PRB Set Link Data Rate: Slow
2013/07/17 23:50:44:574  ACTION: Read PRB FPGA: Address=0x1004 Data=0x00
2013/07/17 23:50:44:574  ACTION: Write PRB FPGA: Address=0x1004 Data=0x00
2013/07/17 23:50:44:577  ACTION: Scanning for devices, primary scan duration = 9 sec, secondary scan duration = 2 sec
2013/07/17 23:50:55:744  INFO:   Primary scan device IDs: 0x801C0094 
2013/07/17 23:50:59:898  INFO:   Secondary scan device IDs: 0x801C0094 
2013/07/17 23:50:59:899  EVENT:  Device ID List, ID[20]
                                 DeviceID[0] : ID 0x801C0094 (Model 0, Serial 148, SW Version 7, Is Implanted)
2013/07/17 23:50:59:899  STATE:  Changing state to ScriptExecStateMachine.WaitForNextCmdState, ID[1]
2013/07/17 23:50:59:899  INFO:   STATE EXITED: SMLibrary.Dvt.IcdCmd+ScanState
2013/07/17 23:50:59:909  INFO:   EXECUTING STATE: SMLibrary.Dvt.IcdCmd+ConnectState Timeout: 00:00:24
2013/07/17 23:50:59:909  EVENT:  SCRIPT-EXEC:EXEC-STATE - TES.Dvt.ScriptExecStateMachine, ID[11]
2013/07/17 23:50:59:909  STATE:  Changing state to ScriptExecStateMachine.ExecState, ID[4]
2013/07/17 23:50:59:910  ACTION: PRB Set Link Data Rate: Slow
2013/07/17 23:50:59:913  ACTION: Read PRB FPGA: Address=0x1004 Data=0x00
2013/07/17 23:50:59:913  ACTION: Write PRB FPGA: Address=0x1004 Data=0x00
2013/07/17 23:50:59:916  ACTION: Connecting to device ID 0x801C0094 (Model 0, Serial 148, SW Version 7, Is Implanted)
2013/07/17 23:51:03:392  INFO:   Registering the ICD session delegates
2013/07/17 23:51:03:392  EVENT:  Connect Succeeded, ID[22]
2013/07/17 23:51:03:392  STATE:  Changing state to ScriptExecStateMachine.WaitForNextCmdState, ID[1]
2013/07/17 23:51:03:392  INFO:   STATE EXITED: SMLibrary.Dvt.IcdCmd+ConnectState
2013/07/17 23:51:03:400  INFO:   EXECUTING STATE MACHINE: SMLibrary.ReadSM Timeout: 00:00:01.3120000
2013/07/17 23:51:03:400  EVENT:  SCRIPT-EXEC:EXEC-SM - TES.Dvt.ScriptExecStateMachine, ID[9]
2013/07/17 23:51:03:400  STATE:  Changing state to ScriptExecStateMachine.ExecStateMachineWithCustomExitEventsState, ID[2]
2013/07/17 23:51:03:401  STATE:  Changing state to ReadSM.ReadingState, ID[8]
2013/07/17 23:51:03:402  ACTION: READ_FROM_16_BIT_ADDR_WITH_CRC32, Address=SYS_ERRORS(0xF56C) Length=1
2013/07/17 23:51:03:482  EVENT:  Command Completed, ID[26], Command=0x82 (READ_FROM_16_BIT_ADDR_WITH_CRC32), CRC32=0x2DFD1072, Data=0x00
2013/07/17 23:51:03:484  EVENT:  Read Memory Complete, ID[27]
2013/07/17 23:51:03:484  STATE:  Changing state to ReadSM.IdleState, ID[6]
2013/07/17 23:51:03:484  STATE:  Changing state to ScriptExecStateMachine.WaitForNextCmdState, ID[1]
2013/07/17 23:51:03:484  INFO:   STATE MACHINE EXITED: SMLibrary.ReadSM
2013/07/17 23:51:03:485  INFO:   EXECUTING STATE MACHINE: SMLibrary.ReadSM Timeout: 00:00:01.6240000
2013/07/17 23:51:03:485  EVENT:  SCRIPT-EXEC:EXEC-SM - TES.Dvt.ScriptExecStateMachine, ID[9]
2013/07/17 23:51:03:485  STATE:  Changing state to ScriptExecStateMachine.ExecStateMachineWithCustomExitEventsState, ID[2]
2013/07/17 23:51:03:485  STATE:  Changing state to ReadSM.ReadingState, ID[9]
2013/07/17 23:51:03:485  ACTION: READ_FROM_16_BIT_ADDR_WITH_CRC32, Address=PERM_PROGRAM_BUFFER(0xF56F) Length=47
2013/07/17 23:51:03:519  EVENT:  Marker (Device Summary), ID[31], Timestamp=0x8C[full:not set], Data[0]=0x00, Data[1]=0x00 DynamicShockPolarity=HVA_POSITIVE 
2013/07/17 23:51:03:612  EVENT:  Command Completed, ID[32], Command=0x82 (READ_FROM_16_BIT_ADDR_WITH_CRC32), time since last CMDCompleted: 131 ms, CRC32=0xDD06E6A8,
                                 0x00 : D79AF549 0000002F 33CD0433 80149A00 
                                 0x10 : 28601007 5A05120E F3202327 07180305 
                                 0x20 : 02E180E1 3E4D0F08 00000000 000000 
2013/07/17 23:51:03:612  EVENT:  Read Memory Complete, ID[33]
2013/07/17 23:51:03:612  STATE:  Changing state to ReadSM.IdleState, ID[6]
2013/07/17 23:51:03:612  STATE:  Changing state to ScriptExecStateMachine.WaitForNextCmdState, ID[1]
2013/07/17 23:51:03:612  INFO:   STATE MACHINE EXITED: SMLibrary.ReadSM
2013/07/17 23:51:03:619  INFO:   EXECUTING STATE MACHINE: SMLibrary.Dvt.PerformIcdCommandSM Timeout: 00:00:13
2013/07/17 23:51:03:619  EVENT:  SCRIPT-EXEC:EXEC-DVT-SM - TES.Dvt.ScriptExecStateMachine, ID[10]
2013/07/17 23:51:03:619  STATE:  Changing state to ScriptExecStateMachine.ExecStateMachineState, ID[3]
2013/07/17 23:51:03:619  STATE:  Changing state to PerformIcdCommandSM.SendCommandState, ID[11]
2013/07/17 23:51:03:638  EVENT:  SCRIPT-EXEC:EXIT - TES.Dvt.ScriptExecStateMachine, ID[8]
2013/07/17 23:51:03:638  INFO:   Terminating ScriptEngineProcedure
2013/07/17 23:51:03:638  EVENT:  Terminate Dispatch, ID[36]
2013/07/17 23:51:03:648  ERROR:  TES.StateMachineException - Exception while processing event (SCRIPT-EXEC:EXEC-DVT-SM - TES.Dvt.ScriptExecStateMachine) in TES.Dvt.ScriptExecStateMachine.ExecStateMachineState, ID[3]
                                 Stack Trace:
                                    at TES.EventSink.dispatchEvents(IStateMachine sm)
                                    at SMLibrary.Dvt.FwDvtSystem.ScriptEngineProcedure.runTestProcedure()
                                    at TES.TestProcedure.runATestProcedure()
                                    at TES.TestProcedure.run()
                                 Inner Exception: TES.ParameterSet+ConfictRuleViolatedException - Conflict rule #8: (HVShockVoltage minimum voltage > DumpHysteresisVoltage) violated when testing 4 > 8
                                 Inner Exception Stack Trace:
                                    at TES.ParameterSet.checkConflictRules(ConflictRulesCheckingOptions options)
                                    at TES.ICD.doCharge(ParameterSet parms, UInt16 address1, UInt16 address2, UInt32 retryCount, String logMsg)
                                    at TES.ICD.chargeWithNoRetries(ParameterSet parms, String key1, String key2)
                                    at TES.HVCharge.performSend()
                                    at SMLibrary.Dvt.PerformTelemetryCommandBaseState.doEntryAction(StateMachine owner)
                                    at TES.StateMachine.start()
                                    at TES.StateMachine.set_NestedStateMachine(StateMachine value)
                                    at TES.Dvt.ScriptExecStateMachine.ExecStateMachineState.doEntryAction(StateMachine owner)
                                    at TES.StateMachine.process(Event ev)
                                    at TES.EventSink.dispatchEvents(IStateMachine sm)
2013/07/17 23:51:03:649  INFO:   Testcase Summary:
2013/07/17 23:51:03:649  RESULT: Test Procedure ScriptEngineProcedure (FAILED)
2013/07/17 23:51:03:650  INFO:   Procedure Runtime = 00:00:34
2013/07/17 23:51:03:657  INFO:   The event dispatch thread ScriptEngineProcedure exited.
