2013/07/18 13:22:43:643  INFO:   Loaded Symbol File C:\ISV System\Config\FirmwareSymbols\build178.sym for firmware Build #178
2013/07/18 13:22:43:658  INFO:   CommunicationSystemLog properties: .\CommunicationSystem.logger.properties
2013/07/18 13:22:43:658  INFO:   CommunicationSystemLog log       : .\logs\systemBerScriptLog 2013.07.18 13.22.43_CommunicationSystem.Log
2013/07/18 13:22:47:416  INFO:   Setting the event sink for ScriptEngineProcedure
2013/07/18 13:22:47:416  INFO:   Program parameters checks are enabled
2013/07/18 13:22:47:420  INFO:   ********************************************************************************
2013/07/18 13:22:47:420  INFO:   Starting ScriptEngineProcedure, Assembly  version 
2013/07/18 13:22:47:425  INFO:   Config: ICD (NCommunicationSystem ver: nCommunicationSystem, Version=1.8.2.1, Culture=neutral, PublicKeyToken=56b5378c99c0bcfd; FTDI Driver ver: 2.08.24.0; PRB FPGA ver: 7)
2013/07/18 13:22:47:425  INFO:   Setting the radio board transmit power to level 0x7.
2013/07/18 13:22:47:428  INFO:   Radio board power level set to 7.
2013/07/18 13:22:47:428  INFO:   ECG Timeout Interval set to 10 seconds.
2013/07/18 13:22:47:429  STATE:  Changing state to ScriptExecStateMachine.WaitForNextCmdState, ID[1]
2013/07/18 13:22:47:429  INFO:   FwDvtSystem Started the event processing thread
2013/07/18 13:22:47:461  ACTION: Read PRB FPGA: Address=0x3000 Data=0x07
2013/07/18 13:22:47:465  RESULT: FPGA 0x3000 Expected: 18 Actual: 7
2013/07/18 13:22:47:468  RESULT: ERROR Expected: 18 Actual: 7
2013/07/18 13:22:47:468  ACTION: Calibrate CC1020
2013/07/18 13:22:47:557  INFO:   CC1020 calibration passed
2013/07/18 13:22:47:565  ACTION: Read C1020: Address 0x04 Data=0x35
2013/07/18 13:22:47:570  ACTION: Read C1020: Address 0x05 Data=0xF0
2013/07/18 13:22:47:574  ACTION: Read C1020: Address 0x06 Data=0x21
2013/07/18 13:22:47:577  ACTION: Read C1020: Address 0x07 Data=0x38
2013/07/18 13:22:47:581  ACTION: Read C1020: Address 0x08 Data=0x35
2013/07/18 13:22:47:585  ACTION: Read C1020: Address 0x09 Data=0xFA
2013/07/18 13:22:47:588  ACTION: Read C1020: Address 0x0A Data=0xCB
2013/07/18 13:22:47:591  ACTION: Read C1020: Address 0x0B Data=0x38
2013/07/18 13:22:47:594  ACTION: Read C1020: Address 0x1D Data=0x00
2013/07/18 13:22:47:598  ACTION: Read C1020: Address 0x45 Data=0x4C
2013/07/18 13:22:47:601  ACTION: Read C1020: Address 0x46 Data=0x66
2013/07/18 13:22:47:604  ACTION: Read C1020: Address 0x47 Data=0x44
2013/07/18 13:22:47:615  ACTION: Read PRB FPGA: Address=0x305E Data=0x00
2013/07/18 13:22:47:618  ACTION: Read PRB FPGA: Address=0x3060 Data=0x00
2013/07/18 13:22:47:621  ACTION: Read PRB FPGA: Address=0x3062 Data=0x00
2013/07/18 13:22:47:628  ACTION: Read PRB FPGA: Address=0x3066 Data=0x00
2013/07/18 13:22:47:631  ACTION: Read PRB FPGA: Address=0x3068 Data=0x00
2013/07/18 13:22:47:634  ACTION: Read PRB FPGA: Address=0x306A Data=0x00
2013/07/18 13:22:47:636  ACTION: Write PRB FPGA: Address=0x1026 Data=0x01
2013/07/18 13:22:47:643  INFO:   EXECUTING STATE: SMLibrary.Dvt.IcdCmd+ScanState Timeout: 00:00:30
2013/07/18 13:22:47:643  EVENT:  SCRIPT-EXEC:EXEC-STATE - TES.Dvt.ScriptExecStateMachine, ID[11]
2013/07/18 13:22:47:645  STATE:  Changing state to ScriptExecStateMachine.ExecState, ID[4]
2013/07/18 13:22:47:645  INFO:   Setting the radio board transmit power to level 0x7.
2013/07/18 13:22:47:648  INFO:   Radio board power level set to 7.
2013/07/18 13:22:47:649  ACTION: Setting radio board configuration for hybrid.
2013/07/18 13:22:47:649  ACTION: Set radio board to DIO inverting mode.
2013/07/18 13:22:47:649  ACTION: Write PRB FPGA: Address=0x3012 Data=0x01
2013/07/18 13:22:47:652  ACTION: PRB Set Link Data Rate: Slow
2013/07/18 13:22:47:655  ACTION: Read PRB FPGA: Address=0x1004 Data=0x00
2013/07/18 13:22:47:655  ACTION: Write PRB FPGA: Address=0x1004 Data=0x00
2013/07/18 13:22:47:658  ACTION: Scanning for devices, primary scan duration = 9 sec, secondary scan duration = 2 sec
2013/07/18 13:22:58:835  INFO:   Primary scan device IDs: 0x801C0094 
2013/07/18 13:23:02:993  INFO:   Secondary scan device IDs: 0x801C0094 
2013/07/18 13:23:02:996  EVENT:  Device ID List, ID[17]
                                 DeviceID[0] : ID 0x801C0094 (Model 0, Serial 148, SW Version 7, Is Implanted)
2013/07/18 13:23:02:996  STATE:  Changing state to ScriptExecStateMachine.WaitForNextCmdState, ID[1]
2013/07/18 13:23:02:996  INFO:   STATE EXITED: SMLibrary.Dvt.IcdCmd+ScanState
2013/07/18 13:23:03:008  INFO:   EXECUTING STATE: SMLibrary.Dvt.IcdCmd+ConnectState Timeout: 00:00:24
2013/07/18 13:23:03:008  EVENT:  SCRIPT-EXEC:EXEC-STATE - TES.Dvt.ScriptExecStateMachine, ID[11]
2013/07/18 13:23:03:008  STATE:  Changing state to ScriptExecStateMachine.ExecState, ID[4]
2013/07/18 13:23:03:008  ACTION: PRB Set Link Data Rate: Slow
2013/07/18 13:23:03:011  ACTION: Read PRB FPGA: Address=0x1004 Data=0x00
2013/07/18 13:23:03:011  ACTION: Write PRB FPGA: Address=0x1004 Data=0x00
2013/07/18 13:23:03:013  ACTION: Connecting to device ID 0x801C0094 (Model 0, Serial 148, SW Version 7, Is Implanted)
2013/07/18 13:23:06:286  INFO:   Registering the ICD session delegates
2013/07/18 13:23:06:286  EVENT:  Connect Succeeded, ID[19]
2013/07/18 13:23:06:287  STATE:  Changing state to ScriptExecStateMachine.WaitForNextCmdState, ID[1]
2013/07/18 13:23:06:287  INFO:   STATE EXITED: SMLibrary.Dvt.IcdCmd+ConnectState
2013/07/18 13:23:06:295  INFO:   EXECUTING STATE MACHINE: SMLibrary.ReadSM Timeout: 00:00:01.3120000
2013/07/18 13:23:06:295  EVENT:  SCRIPT-EXEC:EXEC-SM - TES.Dvt.ScriptExecStateMachine, ID[9]
2013/07/18 13:23:06:295  STATE:  Changing state to ScriptExecStateMachine.ExecStateMachineWithCustomExitEventsState, ID[2]
2013/07/18 13:23:06:296  STATE:  Changing state to ReadSM.ReadingState, ID[8]
2013/07/18 13:23:06:297  ACTION: READ_FROM_16_BIT_ADDR_WITH_CRC32, Address=SYS_ERRORS(0xF56C) Length=1
2013/07/18 13:23:06:361  EVENT:  Command Completed, ID[23], Command=0x82 (READ_FROM_16_BIT_ADDR_WITH_CRC32), CRC32=0x2DFD1072, Data=0x00
2013/07/18 13:23:06:363  EVENT:  Read Memory Complete, ID[24]
2013/07/18 13:23:06:363  STATE:  Changing state to ReadSM.IdleState, ID[6]
2013/07/18 13:23:06:363  STATE:  Changing state to ScriptExecStateMachine.WaitForNextCmdState, ID[1]
2013/07/18 13:23:06:363  INFO:   STATE MACHINE EXITED: SMLibrary.ReadSM
2013/07/18 13:23:06:381  INFO:   EXECUTING STATE MACHINE: SMLibrary.ReadSM Timeout: 00:00:01.7520000
2013/07/18 13:23:06:381  EVENT:  SCRIPT-EXEC:EXEC-SM - TES.Dvt.ScriptExecStateMachine, ID[9]
2013/07/18 13:23:06:381  STATE:  Changing state to ScriptExecStateMachine.ExecStateMachineWithCustomExitEventsState, ID[2]
2013/07/18 13:23:06:381  STATE:  Changing state to ReadSM.ReadingState, ID[9]
2013/07/18 13:23:06:381  ACTION: READ_FROM_16_BIT_ADDR_WITH_CRC32, Address=CTR_BASE_FOLLOWUP(0x7F6A) Length=60
2013/07/18 13:23:06:399  EVENT:  Marker (Device Summary), ID[28], Timestamp=0x22[full:not set], Data[0]=0x00, Data[1]=0x00 DynamicShockPolarity=HVA_POSITIVE 
2013/07/18 13:23:06:552  EVENT:  Command Completed, ID[29], Command=0x82 (READ_FROM_16_BIT_ADDR_WITH_CRC32), time since last CMDCompleted: 192 ms, CRC32=0xE448DE6A,
                                 0x00 : 00000000 00000000 00000000 00000000 
                                 0x10 : 00000000 00000000 00090000 00000000 
                                 0x20 : 58220000 00000000 00000000 00000000 
                                 0x30 : 00000000 00000000 00000000  
2013/07/18 13:23:06:552  EVENT:  Read Memory Complete, ID[30]
2013/07/18 13:23:06:552  STATE:  Changing state to ReadSM.IdleState, ID[6]
2013/07/18 13:23:06:552  STATE:  Changing state to ScriptExecStateMachine.WaitForNextCmdState, ID[1]
2013/07/18 13:23:06:552  INFO:   STATE MACHINE EXITED: SMLibrary.ReadSM
2013/07/18 13:23:06:593  INFO:   EXECUTING STATE: IronPython.NewTypes.System.Object#IScriptExecState_5$5 Timeout: 00:00:02
2013/07/18 13:23:06:593  EVENT:  SCRIPT-EXEC:EXEC-STATE - TES.Dvt.ScriptExecStateMachine, ID[11]
2013/07/18 13:23:06:593  STATE:  Changing state to ScriptExecStateMachine.ExecState, ID[4]
2013/07/18 13:23:06:594  ACTION: Break Link
2013/07/18 13:23:06:758  INFO:   Unregistering the ICD session delegates
2013/07/18 13:23:06:758  EVENT:  Command Completed, ID[32], Command=0xE4 (Break Link)
2013/07/18 13:23:06:918  EVENT:  Disconnected, ID[33], clean
2013/07/18 13:23:06:918  STATE:  Changing state to ScriptExecStateMachine.WaitForNextCmdState, ID[1]
2013/07/18 13:23:06:918  INFO:   STATE EXITED: IronPython.NewTypes.System.Object#IScriptExecState_5$5
2013/07/18 13:23:11:923  EVENT:  SCRIPT-EXEC:EXIT - TES.Dvt.ScriptExecStateMachine, ID[8]
2013/07/18 13:23:11:924  INFO:   Terminating ScriptEngineProcedure
2013/07/18 13:23:11:924  EVENT:  Terminate Dispatch, ID[34]
2013/07/18 13:23:11:924  EVENT:  TES.Dvt.ScriptExecStateMachine.DoneEvent, ID[6]
2013/07/18 13:23:11:924  STATE:  Changing state to ScriptExecStateMachine.IdleState, ID[6]
2013/07/18 13:23:11:936  INFO:   ScriptEngineProcedure Completed
2013/07/18 13:23:11:936  INFO:   Testcase Summary:
2013/07/18 13:23:11:937  RESULT: Test Procedure ScriptEngineProcedure (FAILED)
2013/07/18 13:23:11:937  INFO:   Procedure Runtime = 00:00:24
2013/07/18 13:23:11:943  INFO:   The event dispatch thread ScriptEngineProcedure exited.
