<<<<< Log Header: 07/16/2013 21:44:00 >>>>>
2013/07/16 21:44:00:467 [007436] INFO [NCommunicationSystem.cpp, 108] - nCommunicationSystem, Version=1.8.2.1, Culture=neutral, PublicKeyToken=56b5378c99c0bcfd
2013/07/16 21:44:00:482 [007436] INFO [ExceptionCatchingThread.cpp, 257] - Created the timer thread with id 7272 (0x1c68).
2013/07/16 21:44:00:485 [007272] INFO [ExceptionCatchingThread.cpp, 168] - Executing the timer thread procedure...
2013/07/16 21:44:00:488 [007436] INFO [ExceptionCatchingThread.cpp, 257] - Created the dispatch thread with id 2368 (0x940).
2013/07/16 21:44:00:489 [002368] INFO [ExceptionCatchingThread.cpp, 168] - Executing the dispatch thread procedure...
2013/07/16 21:44:03:491 [007436] DEBUG [Prb.cpp, 252] - PRB logging started.
2013/07/16 21:44:03:498 [007436] DEBUG [Prb.cpp, 130] - Number of FTDI devices: 1
2013/07/16 21:44:03:499 [007436] DEBUG [Prb.cpp, 158] - FTDI Device[0]: ID=67330069
2013/07/16 21:44:03:502 [007436] DEBUG [Prb.cpp, 169] - FTDI handle=170278192
2013/07/16 21:44:03:503 [007436] INFO [Prb.cpp, 179] - FTDI Driver Version 2.08.24.0
2013/07/16 21:44:03:759 [007436] INFO [Prb.cpp, 205] - FTDI Configuration: MaxCurrent=200, CBus5=21, CBus6=0x4
2013/07/16 21:44:04:010 [007436] INFO [Prb.cpp, 246] - PRB driver initialized.
2013/07/16 21:44:04:010 [007436] TRACE [Prb.cpp, 448] - Writing FPGA, Address=0x1008, Data=0x08
2013/07/16 21:44:04:011 [007436] TRACE [Prb.cpp, 1035] - WriteFPGAPacket(0x1008, 0x08):01 00 0D 00 81 00 03 10 08 08 25 D5 0D 
2013/07/16 21:44:04:011 [007052] TRACE [Prb.cpp, 835] - RxStream contents:01 00 0B 07 06 00 00 00 31 62 0D 
2013/07/16 21:44:04:012 [007052] TRACE [Prb.cpp, 943] - RadioBoardPacket(ACK):01 00 0B 07 06 00 00 00 31 62 0D 
2013/07/16 21:44:04:013 [007436] DEBUG [Prb.cpp, 466] - Write FPGA completed, Address=0x1008, Data=0x08
2013/07/16 21:44:04:029 [007436] TRACE [Prb.cpp, 493] - Reading FPGA, Address=0x300A
2013/07/16 21:44:04:029 [007436] TRACE [Prb.cpp, 1035] - ReadFPGAPacket(0x300A):01 00 0C 01 82 00 02 30 0A E8 24 0D 
2013/07/16 21:44:04:029 [007052] TRACE [Prb.cpp, 835] - RxStream contents:01 00 0C 08 06 01 00 01 00 5F D9 0D 
2013/07/16 21:44:04:031 [007052] TRACE [Prb.cpp, 943] - RadioBoardPacket(ACK):01 00 0C 08 06 01 00 01 00 5F D9 0D 
2013/07/16 21:44:04:031 [007436] DEBUG [Prb.cpp, 512] - Read FPGA completed, Address=0x300A, Data=0x00
2013/07/16 21:44:04:032 [007436] TRACE [Prb.cpp, 448] - Writing FPGA, Address=0x300A, Data=0x03
2013/07/16 21:44:04:033 [007436] TRACE [Prb.cpp, 1035] - WriteFPGAPacket(0x300A, 0x03):01 00 0D 02 81 00 03 30 0A 03 29 4F 0D 
2013/07/16 21:44:04:033 [007052] TRACE [Prb.cpp, 835] - RxStream contents:01 00 0B 09 06 02 00 00 33 9A 0D 
2013/07/16 21:44:04:034 [007052] TRACE [Prb.cpp, 943] - RadioBoardPacket(ACK):01 00 0B 09 06 02 00 00 33 9A 0D 
2013/07/16 21:44:04:034 [007436] DEBUG [Prb.cpp, 466] - Write FPGA completed, Address=0x300A, Data=0x03
2013/07/16 21:44:04:047 [007436] INFO [CrossTalkDetector.cpp, 14] - EnterCrossTalkThreshold = 8
2013/07/16 21:44:04:048 [007436] INFO [CrossTalkDetector.cpp, 21] - LeaveCrossTalkThreshold = 4
2013/07/16 21:44:04:049 [007436] INFO [CrossTalkDetector.cpp, 28] - LinkThreshold = 8
2013/07/16 21:44:04:050 [007436] INFO [ExceptionCatchingThread.cpp, 257] - Created the interrupt thread with id 6796 (0x1a8c).
2013/07/16 21:44:04:051 [007436] DEBUG [Prb.cpp, 252] - PRB logging started.
2013/07/16 21:44:04:050 [006796] INFO [ExceptionCatchingThread.cpp, 168] - Executing the interrupt thread procedure...
2013/07/16 21:44:04:052 [007436] INFO [CommunicationSystem.cpp, 640] - Calibrating the PRB CC1020.
2013/07/16 21:44:04:052 [007436] TRACE [Prb.cpp, 448] - Writing FPGA, Address=0x1008, Data=0x01
2013/07/16 21:44:04:053 [007436] TRACE [Prb.cpp, 1035] - WriteFPGAPacket(0x1008, 0x01):01 00 0D 03 81 00 03 10 08 01 26 D3 0D 
2013/07/16 21:44:04:053 [007052] TRACE [Prb.cpp, 835] - RxStream contents:01 00 0B 0A 06 03 00 00 B3 05 0D 
2013/07/16 21:44:04:054 [007052] TRACE [Prb.cpp, 943] - RadioBoardPacket(ACK):01 00 0B 0A 06 03 00 00 B3 05 0D 
2013/07/16 21:44:04:054 [007436] DEBUG [Prb.cpp, 466] - Write FPGA completed, Address=0x1008, Data=0x01
2013/07/16 21:44:04:137 [007052] TRACE [Prb.cpp, 835] - RxStream contents:01 00 0D 0B 00 00 00 02 09 00 ED B6 0D 
2013/07/16 21:44:04:140 [006796] DEBUG [CommunicationSystem.cpp, 1120] - Calibration complete.
2013/07/16 21:44:04:140 [007436] TRACE [Prb.cpp, 493] - Reading FPGA, Address=0x2012
2013/07/16 21:44:04:141 [007436] TRACE [Prb.cpp, 1035] - ReadFPGAPacket(0x2012):01 00 0C 04 82 00 02 20 12 10 72 0D 
2013/07/16 21:44:04:141 [007052] TRACE [Prb.cpp, 835] - RxStream contents:01 00 0C 0C 06 04 00 01 00 FB DF 0D 
2013/07/16 21:44:04:142 [007052] TRACE [Prb.cpp, 943] - RadioBoardPacket(ACK):01 00 0C 0C 06 04 00 01 00 FB DF 0D 
2013/07/16 21:44:04:142 [007436] DEBUG [Prb.cpp, 512] - Read FPGA completed, Address=0x2012, Data=0x00
2013/07/16 21:44:04:143 [007436] INFO [CommunicationSystem.cpp, 653] - CC1020 Calibration succeeded.
2013/07/16 21:44:04:143 [007436] TRACE [Prb.cpp, 448] - Writing FPGA, Address=0x1006, Data=0x08
2013/07/16 21:44:04:144 [007436] TRACE [Prb.cpp, 1035] - WriteFPGAPacket(0x1006, 0x08):01 00 0D 05 81 00 03 10 06 08 84 86 0D 
2013/07/16 21:44:04:144 [007052] TRACE [Prb.cpp, 835] - RxStream contents:01 00 0B 0D 06 05 00 00 32 16 0D 
2013/07/16 21:44:04:145 [007052] TRACE [Prb.cpp, 943] - RadioBoardPacket(ACK):01 00 0B 0D 06 05 00 00 32 16 0D 
2013/07/16 21:44:04:146 [007436] DEBUG [Prb.cpp, 466] - Write FPGA completed, Address=0x1006, Data=0x08
2013/07/16 21:44:04:146 [007436] TRACE [Prb.cpp, 493] - Reading FPGA, Address=0x3000
2013/07/16 21:44:04:147 [007436] TRACE [Prb.cpp, 1035] - ReadFPGAPacket(0x3000):01 00 0C 06 82 00 02 30 00 80 1E 0D 
2013/07/16 21:44:04:147 [007052] TRACE [Prb.cpp, 835] - RxStream contents:01 00 0C 0E 06 06 00 01 07 A3 CE 0D 
2013/07/16 21:44:04:148 [007052] TRACE [Prb.cpp, 943] - RadioBoardPacket(ACK):01 00 0C 0E 06 06 00 01 07 A3 CE 0D 
2013/07/16 21:44:04:148 [007436] DEBUG [Prb.cpp, 512] - Read FPGA completed, Address=0x3000, Data=0x07
2013/07/16 21:44:04:149 [007436] INFO [CommunicationSystem.cpp, 613] - FPGA Revision 7.
2013/07/16 21:44:04:149 [007436] TRACE [Prb.cpp, 584] - Reading CC1020, Address=0x0004
2013/07/16 21:44:04:150 [007436] TRACE [Prb.cpp, 1035] - ReadCC1020Packet(0x04):01 00 0C 07 84 00 02 00 04 59 16 0D 
2013/07/16 21:44:04:150 [007052] TRACE [Prb.cpp, 835] - RxStream contents:01 00 0C 0F 06 07 00 01 35 4F 61 0D 
2013/07/16 21:44:04:151 [007052] TRACE [Prb.cpp, 943] - RadioBoardPacket(ACK):01 00 0C 0F 06 07 00 01 35 4F 61 0D 
2013/07/16 21:44:04:152 [007436] DEBUG [Prb.cpp, 603] - Read CC1020 completed, Address=0x0004, Data=0x35
2013/07/16 21:44:04:152 [007436] INFO [CommunicationSystem.cpp, 614] - CC1020 Frequency 2A 0x35.
2013/07/16 21:44:04:153 [007436] TRACE [Prb.cpp, 584] - Reading CC1020, Address=0x0005
2013/07/16 21:44:04:153 [007436] TRACE [Prb.cpp, 1035] - ReadCC1020Packet(0x05):01 00 0C 08 84 00 02 00 05 F1 1C 0D 
2013/07/16 21:44:04:153 [007052] TRACE [Prb.cpp, 835] - RxStream contents:01 00 0C 10 06 08 
2013/07/16 21:44:04:154 [007052] TRACE [Prb.cpp, 835] - RxStream contents:01 00 0C 10 06 08 00 01 F0 29 E2 0D 
2013/07/16 21:44:04:155 [007052] TRACE [Prb.cpp, 943] - RadioBoardPacket(ACK):01 00 0C 10 06 08 00 01 F0 29 E2 0D 
2013/07/16 21:44:04:155 [007436] DEBUG [Prb.cpp, 603] - Read CC1020 completed, Address=0x0005, Data=0xF0
2013/07/16 21:44:04:156 [007436] INFO [CommunicationSystem.cpp, 615] - CC1020 Frequency 1A 0xf0.
2013/07/16 21:44:04:156 [007436] TRACE [Prb.cpp, 584] - Reading CC1020, Address=0x0006
2013/07/16 21:44:04:157 [007436] TRACE [Prb.cpp, 1035] - ReadCC1020Packet(0x06):01 00 0C 09 84 00 02 00 06 09 15 0D 
2013/07/16 21:44:04:157 [007052] TRACE [Prb.cpp, 835] - RxStream contents:01 00 0C 11 06 09 00 01 21 47 04 0D 
2013/07/16 21:44:04:158 [007052] TRACE [Prb.cpp, 943] - RadioBoardPacket(ACK):01 00 0C 11 06 09 00 01 21 47 04 0D 
2013/07/16 21:44:04:158 [007436] DEBUG [Prb.cpp, 603] - Read CC1020 completed, Address=0x0006, Data=0x21
2013/07/16 21:44:04:159 [007436] INFO [CommunicationSystem.cpp, 616] - CC1020 Frequency 0A 0x21.
2013/07/16 21:44:04:159 [007436] TRACE [Prb.cpp, 584] - Reading CC1020, Address=0x0008
2013/07/16 21:44:04:160 [007436] TRACE [Prb.cpp, 1035] - ReadCC1020Packet(0x08):01 00 0C 0A 84 00 02 00 08 01 32 0D 
2013/07/16 21:44:04:160 [007052] TRACE [Prb.cpp, 835] - RxStream contents:01 00 0C 12 06 0A 00 01 35 F3 7C 0D 
2013/07/16 21:44:04:161 [007052] TRACE [Prb.cpp, 943] - RadioBoardPacket(ACK):01 00 0C 12 06 0A 00 01 35 F3 7C 0D 
2013/07/16 21:44:04:161 [007436] DEBUG [Prb.cpp, 603] - Read CC1020 completed, Address=0x0008, Data=0x35
2013/07/16 21:44:04:162 [007436] INFO [CommunicationSystem.cpp, 617] - CC1020 Frequency 2B 0x35.
2013/07/16 21:44:04:162 [007436] TRACE [Prb.cpp, 584] - Reading CC1020, Address=0x0009
2013/07/16 21:44:04:163 [007436] TRACE [Prb.cpp, 1035] - ReadCC1020Packet(0x09):01 00 0C 0B 84 00 02 00 09 79 34 0D 
2013/07/16 21:44:04:163 [007052] TRACE [Prb.cpp, 835] - RxStream contents:01 00 0C 13 06 0B 00 01 FA 9D DE 0D 
2013/07/16 21:44:04:164 [007052] TRACE [Prb.cpp, 943] - RadioBoardPacket(ACK):01 00 0C 13 06 0B 00 01 FA 9D DE 0D 
2013/07/16 21:44:04:164 [007436] DEBUG [Prb.cpp, 603] - Read CC1020 completed, Address=0x0009, Data=0xFA
2013/07/16 21:44:04:165 [007436] INFO [CommunicationSystem.cpp, 618] - CC1020 Frequency 1B 0xfa.
2013/07/16 21:44:04:165 [007436] TRACE [Prb.cpp, 584] - Reading CC1020, Address=0x000A
2013/07/16 21:44:04:166 [007436] TRACE [Prb.cpp, 1035] - ReadCC1020Packet(0x0A):01 00 0C 0C 84 00 02 00 0A 11 38 0D 
2013/07/16 21:44:04:166 [007052] TRACE [Prb.cpp, 835] - RxStream contents:01 00 0C 14 06 0C 00 01 CB 99 7E 0D 
2013/07/16 21:44:04:167 [007052] TRACE [Prb.cpp, 943] - RadioBoardPacket(ACK):01 00 0C 14 06 0C 00 01 CB 99 7E 0D 
2013/07/16 21:44:04:167 [007436] DEBUG [Prb.cpp, 603] - Read CC1020 completed, Address=0x000A, Data=0xCB
2013/07/16 21:44:04:168 [007436] INFO [CommunicationSystem.cpp, 619] - CC1020 Frequency 0B 0xcb.
2013/07/16 21:44:04:168 [007436] DEBUG [Prb.cpp, 650] - Read EEPROM completed, Address=0x060A, Data=0x00
2013/07/16 21:44:04:169 [007436] INFO [CommunicationSystem.cpp, 620] - RSSI Calibration Reference Center Channel 0.
2013/07/16 21:44:04:169 [007436] TRACE [Prb.cpp, 493] - Reading FPGA, Address=0x3054
2013/07/16 21:44:04:170 [007436] TRACE [Prb.cpp, 1035] - ReadFPGAPacket(0x3054):01 00 0C 0D 82 00 02 30 54 C9 EC 0D 
2013/07/16 21:44:04:170 [007052] TRACE [Prb.cpp, 835] - RxStream contents:01 00 0C 15 06 0D 00 01 07 F7 D6 0D 
2013/07/16 21:44:04:171 [007052] TRACE [Prb.cpp, 943] - RadioBoardPacket(ACK):01 00 0C 15 06 0D 00 01 07 F7 D6 0D 
2013/07/16 21:44:04:171 [007436] DEBUG [Prb.cpp, 512] - Read FPGA completed, Address=0x3054, Data=0x07
2013/07/16 21:44:04:172 [007436] INFO [CommunicationSystem.cpp, 621] - CC1020 PA_POWER 0x7.
2013/07/16 21:44:04:172 [007436] TRACE [Prb.cpp, 584] - Reading CC1020, Address=0x001C
2013/07/16 21:44:04:172 [007436] TRACE [Prb.cpp, 1035] - ReadCC1020Packet(0x1C):01 00 0C 0E 84 00 02 00 1C E1 4C 0D 
2013/07/16 21:44:04:173 [007052] TRACE [Prb.cpp, 835] - RxStream contents:01 00 0C 16 06 0E 00 01 07 43 D6 0D 
2013/07/16 21:44:04:173 [007052] TRACE [Prb.cpp, 943] - RadioBoardPacket(ACK):01 00 0C 16 06 0E 00 01 07 43 D6 0D 
2013/07/16 21:44:04:174 [007436] DEBUG [Prb.cpp, 603] - Read CC1020 completed, Address=0x001C, Data=0x07
2013/07/16 21:44:04:174 [007436] INFO [CommunicationSystem.cpp, 622] - CC1020 Transmit Power 0x7.
2013/07/16 21:44:04:175 [007436] TRACE [Prb.cpp, 493] - Reading FPGA, Address=0x3014
2013/07/16 21:44:04:176 [007436] TRACE [Prb.cpp, 1035] - ReadFPGAPacket(0x3014):01 00 0C 0F 82 00 02 30 14 38 6C 0D 
2013/07/16 21:44:04:176 [007052] TRACE [Prb.cpp, 835] - RxStream contents:01 00 0C 17 06 0F 00 01 00 AF C7 0D 
2013/07/16 21:44:04:176 [007052] TRACE [Prb.cpp, 943] - RadioBoardPacket(ACK):01 00 0C 17 06 0F 00 01 00 AF C7 0D 
2013/07/16 21:44:04:177 [007436] DEBUG [Prb.cpp, 512] - Read FPGA completed, Address=0x3014, Data=0x00
2013/07/16 21:44:04:178 [007436] INFO [CommunicationSystem.cpp, 623] - Low Noise Amplifier Circumvented 0.
2013/07/16 21:44:04:178 [007436] TRACE [Prb.cpp, 584] - Reading CC1020, Address=0x0001
2013/07/16 21:44:04:179 [007436] TRACE [Prb.cpp, 1035] - ReadCC1020Packet(0x01):01 00 0C 10 84 00 02 00 01 B1 1C 0D 
2013/07/16 21:44:04:179 [007052] TRACE [Prb.cpp, 835] - RxStream contents:01 00 0C 18 06 10 00 01 0F 0B EC 0D 
2013/07/16 21:44:04:180 [007052] TRACE [Prb.cpp, 943] - RadioBoardPacket(ACK):01 00 0C 18 06 10 00 01 0F 0B EC 0D 
2013/07/16 21:44:04:180 [007436] DEBUG [Prb.cpp, 603] - Read CC1020 completed, Address=0x0001, Data=0x0F
2013/07/16 21:44:04:181 [007436] INFO [CommunicationSystem.cpp, 624] - Low Noise Amplifier 0xf.
2013/07/16 21:44:04:181 [007436] TRACE [Prb.cpp, 493] - Reading FPGA, Address=0x1006
2013/07/16 21:44:04:182 [007436] TRACE [Prb.cpp, 1035] - ReadFPGAPacket(0x1006):01 00 0C 11 82 00 02 10 06 28 1D 0D 
2013/07/16 21:44:04:182 [007052] TRACE [Prb.cpp, 835] - RxStream contents:01 00 0C 19 06 11 00 01 08 E7 FD 0D 
2013/07/16 21:44:04:183 [007052] TRACE [Prb.cpp, 943] - RadioBoardPacket(ACK):01 00 0C 19 06 11 00 01 08 E7 FD 0D 
2013/07/16 21:44:04:183 [007436] DEBUG [Prb.cpp, 512] - Read FPGA completed, Address=0x1006, Data=0x08
2013/07/16 21:44:04:184 [007436] INFO [CommunicationSystem.cpp, 625] - Allowed Framing Errors 8.
2013/07/16 21:44:04:186 [007436] INFO [CrossTalkDetector.cpp, 28] - LinkThreshold = 8
2013/07/16 21:44:04:187 [007436] INFO [CrossTalkDetector.cpp, 14] - EnterCrossTalkThreshold = 8
2013/07/16 21:44:04:187 [007436] INFO [CrossTalkDetector.cpp, 21] - LeaveCrossTalkThreshold = 4
2013/07/16 21:44:04:196 [004752] TRACE [Prb.cpp, 493] - Reading FPGA, Address=0x3000
2013/07/16 21:44:04:197 [004752] TRACE [Prb.cpp, 1035] - ReadFPGAPacket(0x3000):01 00 0C 12 82 00 02 30 00 E0 0A 0D 
2013/07/16 21:44:04:197 [007052] TRACE [Prb.cpp, 835] - RxStream contents:01 00 0C 1A 06 12 00 01 07 53 DF 0D 
2013/07/16 21:44:04:198 [007052] TRACE [Prb.cpp, 943] - RadioBoardPacket(ACK):01 00 0C 1A 06 12 00 01 07 53 DF 0D 
2013/07/16 21:44:04:199 [004752] DEBUG [Prb.cpp, 512] - Read FPGA completed, Address=0x3000, Data=0x07
2013/07/16 21:44:04:200 [004752] TRACE [Prb.cpp, 539] - Writing CC1020, Address=0x001C, Data=0x07
2013/07/16 21:44:04:201 [004752] TRACE [Prb.cpp, 1035] - WriteCC1020Packet(0x1C, 0x07):01 00 0D 13 83 00 03 00 1C 07 3E 84 0D 
2013/07/16 21:44:04:201 [007052] TRACE [Prb.cpp, 835] - RxStream contents:01 00 0B 1B 06 13 00 00 35 BE 0D 
2013/07/16 21:44:04:202 [007052] TRACE [Prb.cpp, 943] - RadioBoardPacket(ACK):01 00 0B 1B 06 13 00 00 35 BE 0D 
2013/07/16 21:44:04:202 [004752] DEBUG [Prb.cpp, 557] - Write CC1020 completed, Address=0x001C, Data=0x07
2013/07/16 21:44:04:231 [007436] TRACE [Prb.cpp, 493] - Reading FPGA, Address=0x3000
2013/07/16 21:44:04:232 [007436] TRACE [Prb.cpp, 1035] - ReadFPGAPacket(0x3000):01 00 0C 14 82 00 02 30 00 70 0F 0D 
2013/07/16 21:44:04:232 [007052] TRACE [Prb.cpp, 835] - RxStream contents:01 00 0C 1C 06 14 00 01 07 BB DA 0D 
2013/07/16 21:44:04:234 [007052] TRACE [Prb.cpp, 943] - RadioBoardPacket(ACK):01 00 0C 1C 06 14 00 01 07 BB DA 0D 
2013/07/16 21:44:04:234 [007436] DEBUG [Prb.cpp, 512] - Read FPGA completed, Address=0x3000, Data=0x07
2013/07/16 21:44:04:242 [007436] INFO [CommunicationSystem.cpp, 640] - Calibrating the PRB CC1020.
2013/07/16 21:44:04:243 [007436] TRACE [Prb.cpp, 448] - Writing FPGA, Address=0x1008, Data=0x01
2013/07/16 21:44:04:244 [007436] TRACE [Prb.cpp, 1035] - WriteFPGAPacket(0x1008, 0x01):01 00 0D 15 81 00 03 10 08 01 B1 B0 0D 
2013/07/16 21:44:04:244 [007052] TRACE [Prb.cpp, 835] - RxStream contents:01 00 0B 1D 06 15 00 00 34 D6 0D 
2013/07/16 21:44:04:245 [007052] TRACE [Prb.cpp, 943] - RadioBoardPacket(ACK):01 00 0B 1D 06 15 00 00 34 D6 0D 
2013/07/16 21:44:04:245 [007436] DEBUG [Prb.cpp, 466] - Write FPGA completed, Address=0x1008, Data=0x01
2013/07/16 21:44:04:327 [007052] TRACE [Prb.cpp, 835] - RxStream contents:01 00 0D 1E 00 00 00 02 09 00 79 E5 0D 
2013/07/16 21:44:04:330 [006796] DEBUG [CommunicationSystem.cpp, 1120] - Calibration complete.
2013/07/16 21:44:04:330 [007436] TRACE [Prb.cpp, 493] - Reading FPGA, Address=0x2012
2013/07/16 21:44:04:331 [007436] TRACE [Prb.cpp, 1035] - ReadFPGAPacket(0x2012):01 00 0C 16 82 00 02 20 12 E0 63 0D 
2013/07/16 21:44:04:331 [007052] TRACE [Prb.cpp, 835] - RxStream contents:01 00 0C 1F 06 16 00 01 00 1B C8 0D 
2013/07/16 21:44:04:333 [007052] TRACE [Prb.cpp, 943] - RadioBoardPacket(ACK):01 00 0C 1F 06 16 00 01 00 1B C8 0D 
2013/07/16 21:44:04:334 [007436] DEBUG [Prb.cpp, 512] - Read FPGA completed, Address=0x2012, Data=0x00
2013/07/16 21:44:04:335 [007436] INFO [CommunicationSystem.cpp, 653] - CC1020 Calibration succeeded.
2013/07/16 21:44:04:341 [007436] TRACE [Prb.cpp, 584] - Reading CC1020, Address=0x0004
2013/07/16 21:44:04:342 [007436] TRACE [Prb.cpp, 1035] - ReadCC1020Packet(0x04):01 00 0C 17 84 00 02 00 04 D9 04 0D 
2013/07/16 21:44:04:342 [007052] TRACE [Prb.cpp, 835] - RxStream contents:01 00 0C 20 06 17 00 01 35 A7 49 0D 
2013/07/16 21:44:04:343 [007052] TRACE [Prb.cpp, 943] - RadioBoardPacket(ACK):01 00 0C 20 06 17 00 01 35 A7 49 0D 
2013/07/16 21:44:04:343 [007436] DEBUG [Prb.cpp, 603] - Read CC1020 completed, Address=0x0004, Data=0x35
2013/07/16 21:44:04:345 [007436] TRACE [Prb.cpp, 584] - Reading CC1020, Address=0x0005
2013/07/16 21:44:04:347 [007436] TRACE [Prb.cpp, 1035] - ReadCC1020Packet(0x05):01 00 0C 18 84 00 02 00 05 71 0E 0D 
2013/07/16 21:44:04:347 [007052] TRACE [Prb.cpp, 835] - RxStream contents:01 00 0C 21 06 18 00 01 F0 91 D4 0D 
2013/07/16 21:44:04:349 [007052] TRACE [Prb.cpp, 943] - RadioBoardPacket(ACK):01 00 0C 21 06 18 00 01 F0 91 D4 0D 
2013/07/16 21:44:04:350 [007436] DEBUG [Prb.cpp, 603] - Read CC1020 completed, Address=0x0005, Data=0xF0
2013/07/16 21:44:04:352 [007436] TRACE [Prb.cpp, 584] - Reading CC1020, Address=0x0006
2013/07/16 21:44:04:353 [007436] TRACE [Prb.cpp, 1035] - ReadCC1020Packet(0x06):01 00 0C 19 84 00 02 00 06 89 07 0D 
2013/07/16 21:44:04:353 [007052] TRACE [Prb.cpp, 835] - RxStream contents:01 00 0C 22 06 19 00 01 21 8F 31 0D 
2013/07/16 21:44:04:355 [007052] TRACE [Prb.cpp, 943] - RadioBoardPacket(ACK):01 00 0C 22 06 19 00 01 21 8F 31 0D 
2013/07/16 21:44:04:356 [007436] DEBUG [Prb.cpp, 603] - Read CC1020 completed, Address=0x0006, Data=0x21
2013/07/16 21:44:04:357 [007436] TRACE [Prb.cpp, 584] - Reading CC1020, Address=0x0007
2013/07/16 21:44:04:359 [007436] TRACE [Prb.cpp, 1035] - ReadCC1020Packet(0x07):01 00 0C 1A 84 00 02 00 07 81 02 0D 
2013/07/16 21:44:04:359 [007052] TRACE [Prb.cpp, 835] - RxStream contents:01 00 0C 23 06 1A 00 01 38 CB 67 0D 
2013/07/16 21:44:04:361 [007052] TRACE [Prb.cpp, 943] - RadioBoardPacket(ACK):01 00 0C 23 06 1A 00 01 38 CB 67 0D 
2013/07/16 21:44:04:361 [007436] DEBUG [Prb.cpp, 603] - Read CC1020 completed, Address=0x0007, Data=0x38
2013/07/16 21:44:04:363 [007436] TRACE [Prb.cpp, 584] - Reading CC1020, Address=0x0008
2013/07/16 21:44:04:364 [007436] TRACE [Prb.cpp, 1035] - ReadCC1020Packet(0x08):01 00 0C 1B 84 00 02 00 08 79 23 0D 
2013/07/16 21:44:04:364 [007052] TRACE [Prb.cpp, 835] - RxStream contents:01 00 0C 24 06 1B 00 01 35 B7 4F 0D 
2013/07/16 21:44:04:365 [007052] TRACE [Prb.cpp, 943] - RadioBoardPacket(ACK):01 00 0C 24 06 1B 00 01 35 B7 4F 0D 
2013/07/16 21:44:04:366 [007436] DEBUG [Prb.cpp, 603] - Read CC1020 completed, Address=0x0008, Data=0x35
2013/07/16 21:44:04:367 [007436] TRACE [Prb.cpp, 584] - Reading CC1020, Address=0x0009
2013/07/16 21:44:04:368 [007436] TRACE [Prb.cpp, 1035] - ReadCC1020Packet(0x09):01 00 0C 1C 84 00 02 00 09 91 20 0D 
2013/07/16 21:44:04:368 [007052] TRACE [Prb.cpp, 835] - RxStream contents:01 00 0C 25 06 1C 00 01 FA A1 ED 0D 
2013/07/16 21:44:04:369 [007052] TRACE [Prb.cpp, 943] - RadioBoardPacket(ACK):01 00 0C 25 06 1C 00 01 FA A1 ED 0D 
2013/07/16 21:44:04:370 [007436] DEBUG [Prb.cpp, 603] - Read CC1020 completed, Address=0x0009, Data=0xFA
2013/07/16 21:44:04:371 [007436] TRACE [Prb.cpp, 584] - Reading CC1020, Address=0x000A
2013/07/16 21:44:04:373 [007436] TRACE [Prb.cpp, 1035] - ReadCC1020Packet(0x0A):01 00 0C 1D 84 00 02 00 0A 69 29 0D 
2013/07/16 21:44:04:373 [007052] TRACE [Prb.cpp, 835] - RxStream contents:01 00 0C 26 06 1D 00 01 CB 3D 4B 0D 
2013/07/16 21:44:04:375 [007052] TRACE [Prb.cpp, 943] - RadioBoardPacket(ACK):01 00 0C 26 06 1D 00 01 CB 3D 4B 0D 
2013/07/16 21:44:04:376 [007436] DEBUG [Prb.cpp, 603] - Read CC1020 completed, Address=0x000A, Data=0xCB
2013/07/16 21:44:04:377 [007436] TRACE [Prb.cpp, 584] - Reading CC1020, Address=0x000B
2013/07/16 21:44:04:379 [007436] TRACE [Prb.cpp, 1035] - ReadCC1020Packet(0x0B):01 00 0C 1E 84 00 02 00 0B 61 2C 0D 
2013/07/16 21:44:04:379 [007052] TRACE [Prb.cpp, 835] - RxStream contents:01 00 0C 27 06 1E 00 01 38 FB 62 0D 
2013/07/16 21:44:04:381 [007052] TRACE [Prb.cpp, 943] - RadioBoardPacket(ACK):01 00 0C 27 06 1E 00 01 38 FB 62 0D 
2013/07/16 21:44:04:382 [007436] DEBUG [Prb.cpp, 603] - Read CC1020 completed, Address=0x000B, Data=0x38
2013/07/16 21:44:04:383 [007436] TRACE [Prb.cpp, 584] - Reading CC1020, Address=0x001D
2013/07/16 21:44:04:384 [007436] TRACE [Prb.cpp, 1035] - ReadCC1020Packet(0x1D):01 00 0C 1F 84 00 02 00 1D 19 58 0D 
2013/07/16 21:44:04:384 [007052] TRACE [Prb.cpp, 835] - RxStream contents:01 00 0C 28 06 1F 00 01 00 C7 FD 0D 
2013/07/16 21:44:04:385 [007052] TRACE [Prb.cpp, 943] - RadioBoardPacket(ACK):01 00 0C 28 06 1F 00 01 00 C7 FD 0D 
2013/07/16 21:44:04:386 [007436] DEBUG [Prb.cpp, 603] - Read CC1020 completed, Address=0x001D, Data=0x00
2013/07/16 21:44:04:387 [007436] TRACE [Prb.cpp, 584] - Reading CC1020, Address=0x0045
2013/07/16 21:44:04:388 [007436] TRACE [Prb.cpp, 1035] - ReadCC1020Packet(0x45):01 00 0C 20 84 00 02 00 45 B0 B7 0D 
2013/07/16 21:44:04:388 [007052] TRACE [Prb.cpp, 835] - RxStream contents:01 00 0C 29 06 20 00 01 4C B2 5F 0D 
2013/07/16 21:44:04:389 [007052] TRACE [Prb.cpp, 943] - RadioBoardPacket(ACK):01 00 0C 29 06 20 00 01 4C B2 5F 0D 
2013/07/16 21:44:04:389 [007436] DEBUG [Prb.cpp, 603] - Read CC1020 completed, Address=0x0045, Data=0x4C
2013/07/16 21:44:04:391 [007436] TRACE [Prb.cpp, 584] - Reading CC1020, Address=0x0046
2013/07/16 21:44:04:391 [007436] TRACE [Prb.cpp, 1035] - ReadCC1020Packet(0x46):01 00 0C 21 84 00 02 00 46 48 BE 0D 
2013/07/16 21:44:04:391 [007052] TRACE [Prb.cpp, 835] - RxStream contents:01 00 0C 2A 06 21 00 01 66 2E A3 0D 
2013/07/16 21:44:04:392 [007052] TRACE [Prb.cpp, 943] - RadioBoardPacket(ACK):01 00 0C 2A 06 21 00 01 66 2E A3 0D 
2013/07/16 21:44:04:394 [007436] DEBUG [Prb.cpp, 603] - Read CC1020 completed, Address=0x0046, Data=0x66
2013/07/16 21:44:04:396 [007436] TRACE [Prb.cpp, 584] - Reading CC1020, Address=0x0047
2013/07/16 21:44:04:397 [007436] TRACE [Prb.cpp, 1035] - ReadCC1020Packet(0x47):01 00 0C 22 84 00 02 00 47 40 BB 0D 
2013/07/16 21:44:04:397 [007052] TRACE [Prb.cpp, 835] - RxStream contents:01 00 0C 2B 06 22 00 01 44 EA 6C 0D 
2013/07/16 21:44:04:399 [007052] TRACE [Prb.cpp, 943] - RadioBoardPacket(ACK):01 00 0C 2B 06 22 00 01 44 EA 6C 0D 
2013/07/16 21:44:04:400 [007436] DEBUG [Prb.cpp, 603] - Read CC1020 completed, Address=0x0047, Data=0x44
2013/07/16 21:44:04:408 [007436] TRACE [Prb.cpp, 493] - Reading FPGA, Address=0x305E
2013/07/16 21:44:04:409 [007436] TRACE [Prb.cpp, 1035] - ReadFPGAPacket(0x305E):01 00 0C 23 82 00 02 30 5E 99 FD 0D 
2013/07/16 21:44:04:409 [007052] TRACE [Prb.cpp, 835] - RxStream contents:01 00 0C 2C 06 23 00 01 00 17 F1 0D 
2013/07/16 21:44:04:410 [007052] TRACE [Prb.cpp, 943] - RadioBoardPacket(ACK):01 00 0C 2C 06 23 00 01 00 17 F1 0D 
2013/07/16 21:44:04:411 [007436] DEBUG [Prb.cpp, 512] - Read FPGA completed, Address=0x305E, Data=0x00
2013/07/16 21:44:04:411 [007436] TRACE [Prb.cpp, 493] - Reading FPGA, Address=0x3060
2013/07/16 21:44:04:412 [007436] TRACE [Prb.cpp, 1035] - ReadFPGAPacket(0x3060):01 00 0C 24 82 00 02 30 60 71 7C 0D 
2013/07/16 21:44:04:412 [007052] TRACE [Prb.cpp, 835] - RxStream contents:01 00 0C 2D 06 24 00 01 00 03 F1 0D 
2013/07/16 21:44:04:413 [007052] TRACE [Prb.cpp, 943] - RadioBoardPacket(ACK):01 00 0C 2D 06 24 00 01 00 03 F1 0D 
2013/07/16 21:44:04:413 [007436] DEBUG [Prb.cpp, 512] - Read FPGA completed, Address=0x3060, Data=0x00
2013/07/16 21:44:04:414 [007436] TRACE [Prb.cpp, 493] - Reading FPGA, Address=0x3062
2013/07/16 21:44:04:414 [007436] TRACE [Prb.cpp, 1035] - ReadFPGAPacket(0x3062):01 00 0C 25 82 00 02 30 62 09 70 0D 
2013/07/16 21:44:04:414 [007052] TRACE [Prb.cpp, 835] - RxStream contents:01 00 0C 2E 06 25 00 01 00 1F F2 0D 
2013/07/16 21:44:04:415 [007052] TRACE [Prb.cpp, 943] - RadioBoardPacket(ACK):01 00 0C 2E 06 25 00 01 00 1F F2 0D 
2013/07/16 21:44:04:416 [007436] DEBUG [Prb.cpp, 512] - Read FPGA completed, Address=0x3062, Data=0x00
2013/07/16 21:44:04:420 [007436] TRACE [Prb.cpp, 493] - Reading FPGA, Address=0x3066
2013/07/16 21:44:04:421 [007436] TRACE [Prb.cpp, 1035] - ReadFPGAPacket(0x3066):01 00 0C 26 82 00 02 30 66 01 6B 0D 
2013/07/16 21:44:04:421 [007052] TRACE [Prb.cpp, 835] - RxStream contents:01 00 0C 2F 06 26 00 01 00 DB F1 0D 
2013/07/16 21:44:04:422 [007052] TRACE [Prb.cpp, 943] - RadioBoardPacket(ACK):01 00 0C 2F 06 26 00 01 00 DB F1 0D 
2013/07/16 21:44:04:423 [007436] DEBUG [Prb.cpp, 512] - Read FPGA completed, Address=0x3066, Data=0x00
2013/07/16 21:44:04:423 [007436] TRACE [Prb.cpp, 493] - Reading FPGA, Address=0x3068
2013/07/16 21:44:04:424 [007436] TRACE [Prb.cpp, 1035] - ReadFPGAPacket(0x3068):01 00 0C 27 82 00 02 30 68 79 4F 0D 
2013/07/16 21:44:04:424 [007052] TRACE [Prb.cpp, 835] - RxStream contents:01 00 0C 30 06 27 00 01 00 E7 EF 0D 
2013/07/16 21:44:04:425 [007052] TRACE [Prb.cpp, 943] - RadioBoardPacket(ACK):01 00 0C 30 06 27 00 01 00 E7 EF 0D 
2013/07/16 21:44:04:425 [007436] DEBUG [Prb.cpp, 512] - Read FPGA completed, Address=0x3068, Data=0x00
2013/07/16 21:44:04:426 [007436] TRACE [Prb.cpp, 493] - Reading FPGA, Address=0x306A
2013/07/16 21:44:04:426 [007436] TRACE [Prb.cpp, 1035] - ReadFPGAPacket(0x306A):01 00 0C 28 82 00 02 30 6A D1 4F 0D 
2013/07/16 21:44:04:426 [007052] TRACE [Prb.cpp, 835] - RxStream contents:01 00 0C 31 06 28 00 01 00 D3 EC 0D 
2013/07/16 21:44:04:427 [007052] TRACE [Prb.cpp, 943] - RadioBoardPacket(ACK):01 00 0C 31 06 28 00 01 00 D3 EC 0D 
2013/07/16 21:44:04:428 [007436] DEBUG [Prb.cpp, 512] - Read FPGA completed, Address=0x306A, Data=0x00
2013/07/16 21:44:04:430 [007436] TRACE [Prb.cpp, 448] - Writing FPGA, Address=0x1026, Data=0x01
2013/07/16 21:44:04:431 [007436] TRACE [Prb.cpp, 1035] - WriteFPGAPacket(0x1026, 0x01):01 00 0D 29 81 00 03 10 26 01 6A 70 0D 
2013/07/16 21:44:04:431 [007052] TRACE [Prb.cpp, 835] - RxStream contents:01 00 0B 32 06 29 00 00 BA 4D 0D 
2013/07/16 21:44:04:432 [007052] TRACE [Prb.cpp, 943] - RadioBoardPacket(ACK):01 00 0B 32 06 29 00 00 BA 4D 0D 
2013/07/16 21:44:04:432 [007436] DEBUG [Prb.cpp, 466] - Write FPGA completed, Address=0x1026, Data=0x01
2013/07/16 21:44:04:440 [004752] TRACE [Prb.cpp, 539] - Writing CC1020, Address=0x001C, Data=0x07
2013/07/16 21:44:04:441 [004752] TRACE [Prb.cpp, 1035] - WriteCC1020Packet(0x1C, 0x07):01 00 0D 2A 83 00 03 00 1C 07 04 14 0D 
2013/07/16 21:44:04:441 [007052] TRACE [Prb.cpp, 835] - RxStream contents:01 00 0B 33 06 2A 00 00 3A 0A 0D 
2013/07/16 21:44:04:442 [007052] TRACE [Prb.cpp, 943] - RadioBoardPacket(ACK):01 00 0B 33 06 2A 00 00 3A 0A 0D 
2013/07/16 21:44:04:443 [004752] DEBUG [Prb.cpp, 557] - Write CC1020 completed, Address=0x001C, Data=0x07
2013/07/16 21:44:04:444 [004752] TRACE [Prb.cpp, 448] - Writing FPGA, Address=0x3012, Data=0x01
2013/07/16 21:44:04:445 [004752] TRACE [Prb.cpp, 1035] - WriteFPGAPacket(0x3012, 0x01):01 00 0D 2B 81 00 03 30 12 01 52 D3 0D 
2013/07/16 21:44:04:445 [007052] TRACE [Prb.cpp, 835] - RxStream contents:01 00 0B 34 06 2B 00 00 3B 76 0D 
2013/07/16 21:44:04:446 [007052] TRACE [Prb.cpp, 943] - RadioBoardPacket(ACK):01 00 0B 34 06 2B 00 00 3B 76 0D 
2013/07/16 21:44:04:447 [004752] DEBUG [Prb.cpp, 466] - Write FPGA completed, Address=0x3012, Data=0x01
2013/07/16 21:44:04:447 [004752] TRACE [Prb.cpp, 493] - Reading FPGA, Address=0x1004
2013/07/16 21:44:04:448 [004752] TRACE [Prb.cpp, 1035] - ReadFPGAPacket(0x1004):01 00 0C 2C 82 00 02 10 04 F0 2D 0D 
2013/07/16 21:44:04:448 [007052] TRACE [Prb.cpp, 835] - RxStream contents:01 00 0C 35 06 2C 00 01 00 E3 E9 0D 
2013/07/16 21:44:04:449 [007052] TRACE [Prb.cpp, 943] - RadioBoardPacket(ACK):01 00 0C 35 06 2C 00 01 00 E3 E9 0D 
2013/07/16 21:44:04:449 [004752] DEBUG [Prb.cpp, 512] - Read FPGA completed, Address=0x1004, Data=0x00
2013/07/16 21:44:04:450 [004752] TRACE [Prb.cpp, 448] - Writing FPGA, Address=0x1004, Data=0x00
2013/07/16 21:44:04:450 [004752] TRACE [Prb.cpp, 1035] - WriteFPGAPacket(0x1004, 0x00):01 00 0D 2D 81 00 03 10 04 00 A2 36 0D 
2013/07/16 21:44:04:450 [007052] TRACE [Prb.cpp, 835] - RxStream contents:01 00 0B 36 06 2D 00 00 BB FD 0D 
2013/07/16 21:44:04:451 [007052] TRACE [Prb.cpp, 943] - RadioBoardPacket(ACK):01 00 0B 36 06 2D 00 00 BB FD 0D 
2013/07/16 21:44:04:452 [004752] DEBUG [Prb.cpp, 466] - Write FPGA completed, Address=0x1004, Data=0x00
2013/07/16 21:44:04:454 [002368] INFO [CommunicationSystemStates.cpp, 130] - Scan requested. Preamble Burst Duration: 9 seconds. Preamble Burst Data Rate: 2.
2013/07/16 21:44:04:455 [002368] TRACE [Prb.cpp, 448] - Writing FPGA, Address=0x1002, Data=0x09
2013/07/16 21:44:04:455 [002368] TRACE [Prb.cpp, 1035] - WriteFPGAPacket(0x1002, 0x09):01 00 0D 2E 81 00 03 10 02 09 B5 30 0D 
2013/07/16 21:44:04:456 [007052] TRACE [Prb.cpp, 835] - RxStream contents:01 00 0B 37 06 2E 00 00 3B BA 0D 
2013/07/16 21:44:04:456 [007052] TRACE [Prb.cpp, 943] - RadioBoardPacket(ACK):01 00 0B 37 06 2E 00 00 3B BA 0D 
2013/07/16 21:44:04:457 [002368] DEBUG [Prb.cpp, 466] - Write FPGA completed, Address=0x1002, Data=0x09
2013/07/16 21:44:04:457 [002368] TRACE [Prb.cpp, 493] - Reading FPGA, Address=0x1004
2013/07/16 21:44:04:458 [007052] TRACE [Prb.cpp, 835] - RxStream contents:01 00 0C 38 06 2F 00 01 00 87 E5 0D 
2013/07/16 21:44:04:458 [007052] TRACE [Prb.cpp, 943] - RadioBoardPacket(ACK):01 00 0C 38 06 2F 00 01 00 87 E5 0D 
2013/07/16 21:44:04:458 [002368] TRACE [Prb.cpp, 1035] - ReadFPGAPacket(0x1004):01 00 0C 2F 82 00 02 10 04 78 2D 0D 
2013/07/16 21:44:04:459 [002368] DEBUG [Prb.cpp, 512] - Read FPGA completed, Address=0x1004, Data=0x00
2013/07/16 21:44:04:460 [002368] TRACE [Prb.cpp, 448] - Writing FPGA, Address=0x1004, Data=0x08
2013/07/16 21:44:04:460 [002368] TRACE [Prb.cpp, 1035] - WriteFPGAPacket(0x1004, 0x08):01 00 0D 30 81 00 03 10 04 08 3E D5 0D 
2013/07/16 21:44:04:460 [007052] TRACE [Prb.cpp, 835] - RxStream contents:01 00 0B 39 06 30 00 00 B8 F1 0D 
2013/07/16 21:44:04:461 [007052] TRACE [Prb.cpp, 943] - RadioBoardPacket(ACK):01 00 0B 39 06 30 00 00 B8 F1 0D 
2013/07/16 21:44:04:462 [002368] DEBUG [Prb.cpp, 466] - Write FPGA completed, Address=0x1004, Data=0x08
2013/07/16 21:44:04:462 [002368] TRACE [Prb.cpp, 448] - Writing FPGA, Address=0x1008, Data=0x02
2013/07/16 21:44:04:463 [002368] TRACE [Prb.cpp, 1035] - WriteFPGAPacket(0x1008, 0x02):01 00 0D 31 81 00 03 10 08 02 97 FA 0D 
2013/07/16 21:44:04:463 [007052] TRACE [Prb.cpp, 835] - RxStream contents:01 00 0B 3A 06 31 00 00 38 6E 0D 
2013/07/16 21:44:04:464 [007052] TRACE [Prb.cpp, 943] - RadioBoardPacket(ACK):01 00 0B 3A 06 31 00 00 38 6E 0D 
2013/07/16 21:44:04:464 [002368] DEBUG [Prb.cpp, 466] - Write FPGA completed, Address=0x1008, Data=0x02
2013/07/16 21:44:15:588 [006796] INFO [CommunicationSystemStates.cpp, 168] - Scan complete
2013/07/16 21:44:15:590 [006796] TRACE [Prb.cpp, 584] - Reading CC1020, Address=0x0004
2013/07/16 21:44:15:590 [006796] TRACE [Prb.cpp, 1035] - ReadCC1020Packet(0x04):01 00 0C 32 84 00 02 00 04 41 20 0D 
2013/07/16 21:44:15:591 [007052] TRACE [Prb.cpp, 835] - RxStream contents:01 00 0C 3C 06 32 00 01 35 43 58 0D 
2013/07/16 21:44:15:592 [007052] TRACE [Prb.cpp, 943] - RadioBoardPacket(ACK):01 00 0C 3C 06 32 00 01 35 43 58 0D 
2013/07/16 21:44:15:592 [006796] DEBUG [Prb.cpp, 603] - Read CC1020 completed, Address=0x0004, Data=0x35
2013/07/16 21:44:15:593 [006796] TRACE [Prb.cpp, 584] - Reading CC1020, Address=0x0005
2013/07/16 21:44:15:594 [006796] TRACE [Prb.cpp, 1035] - ReadCC1020Packet(0x05):01 00 0C 33 84 00 02 00 05 39 26 0D 
2013/07/16 21:44:15:594 [007052] TRACE [Prb.cpp, 835] - RxStream contents:01 00 0C 3D 06 33 00 01 F0 2D C6 0D 
2013/07/16 21:44:15:595 [007052] TRACE [Prb.cpp, 943] - RadioBoardPacket(ACK):01 00 0C 3D 06 33 00 01 F0 2D C6 0D 
2013/07/16 21:44:15:595 [006796] DEBUG [Prb.cpp, 603] - Read CC1020 completed, Address=0x0005, Data=0xF0
2013/07/16 21:44:15:596 [006796] TRACE [Prb.cpp, 584] - Reading CC1020, Address=0x0006
2013/07/16 21:44:15:597 [006796] TRACE [Prb.cpp, 1035] - ReadCC1020Packet(0x06):01 00 0C 34 84 00 02 00 06 51 2A 0D 
2013/07/16 21:44:15:597 [007052] TRACE [Prb.cpp, 835] - RxStream contents:01 00 0C 3E 06 34 00 01 21 4B 23 0D 
2013/07/16 21:44:15:598 [007052] TRACE [Prb.cpp, 943] - RadioBoardPacket(ACK):01 00 0C 3E 06 34 00 01 21 4B 23 0D 
2013/07/16 21:44:15:598 [006796] DEBUG [Prb.cpp, 603] - Read CC1020 completed, Address=0x0006, Data=0x21
2013/07/16 21:44:15:599 [006796] TRACE [Prb.cpp, 584] - Reading CC1020, Address=0x0008
2013/07/16 21:44:15:599 [006796] TRACE [Prb.cpp, 1035] - ReadCC1020Packet(0x08):01 00 0C 35 84 00 02 00 08 29 0E 0D 
2013/07/16 21:44:15:599 [007052] TRACE [Prb.cpp, 835] - RxStream contents:01 00 0C 3F 06 35 00 01 35 27 5B 0D 
2013/07/16 21:44:15:600 [007052] TRACE [Prb.cpp, 943] - RadioBoardPacket(ACK):01 00 0C 3F 06 35 00 01 35 27 5B 0D 
2013/07/16 21:44:15:601 [006796] DEBUG [Prb.cpp, 603] - Read CC1020 completed, Address=0x0008, Data=0x35
2013/07/16 21:44:15:602 [006796] TRACE [Prb.cpp, 584] - Reading CC1020, Address=0x0009
2013/07/16 21:44:15:602 [006796] TRACE [Prb.cpp, 1035] - ReadCC1020Packet(0x09):01 00 0C 36 84 00 02 00 09 21 0B 0D 
2013/07/16 21:44:15:602 [007052] TRACE [Prb.cpp, 835] - RxStream contents:01 00 0C 40 06 36 00 01 FA B1 82 0D 
2013/07/16 21:44:15:603 [007052] TRACE [Prb.cpp, 943] - RadioBoardPacket(ACK):01 00 0C 40 06 36 00 01 FA B1 82 0D 
2013/07/16 21:44:15:604 [006796] DEBUG [Prb.cpp, 603] - Read CC1020 completed, Address=0x0009, Data=0xFA
2013/07/16 21:44:15:604 [006796] TRACE [Prb.cpp, 584] - Reading CC1020, Address=0x000A
2013/07/16 21:44:15:605 [006796] TRACE [Prb.cpp, 1035] - ReadCC1020Packet(0x0A):01 00 0C 37 84 00 02 00 0A D9 02 0D 
2013/07/16 21:44:15:605 [007052] TRACE [Prb.cpp, 835] - RxStream contents:01 00 0C 41 06 37 00 01 CB 5D 27 0D 
2013/07/16 21:44:15:606 [007052] TRACE [Prb.cpp, 943] - RadioBoardPacket(ACK):01 00 0C 41 06 37 00 01 CB 5D 27 0D 
2013/07/16 21:44:15:607 [006796] DEBUG [Prb.cpp, 603] - Read CC1020 completed, Address=0x000A, Data=0xCB
2013/07/16 21:44:15:607 [006796] TRACE [Prb.cpp, 584] - Reading CC1020, Address=0x000F
2013/07/16 21:44:15:608 [006796] TRACE [Prb.cpp, 1035] - ReadCC1020Packet(0x0F):01 00 0C 38 84 00 02 00 0F F1 13 0D 
2013/07/16 21:44:15:608 [007052] TRACE [Prb.cpp, 835] - RxStream contents:01 00 0C 42 06 38 00 01 DF 19 5F 0D 
2013/07/16 21:44:15:609 [007052] TRACE [Prb.cpp, 943] - RadioBoardPacket(ACK):01 00 0C 42 06 38 00 01 DF 19 5F 0D 
2013/07/16 21:44:15:609 [006796] DEBUG [Prb.cpp, 603] - Read CC1020 completed, Address=0x000F, Data=0xDF
2013/07/16 21:44:15:610 [006796] TRACE [Prb.cpp, 584] - Reading CC1020, Address=0x0010
2013/07/16 21:44:15:611 [006796] TRACE [Prb.cpp, 1035] - ReadCC1020Packet(0x10):01 00 0C 39 84 00 02 00 10 89 51 0D 
2013/07/16 21:44:15:611 [007052] TRACE [Prb.cpp, 835] - RxStream contents:01 00 0C 43 06 39 00 01 80 74 9D 0D 
2013/07/16 21:44:15:612 [007052] TRACE [Prb.cpp, 943] - RadioBoardPacket(ACK):01 00 0C 43 06 39 00 01 80 74 9D 0D 
2013/07/16 21:44:15:612 [006796] DEBUG [Prb.cpp, 603] - Read CC1020 completed, Address=0x0010, Data=0x80
2013/07/16 21:44:15:613 [006796] TRACE [Prb.cpp, 584] - Reading CC1020, Address=0x0013
2013/07/16 21:44:15:614 [006796] TRACE [Prb.cpp, 1035] - ReadCC1020Packet(0x13):01 00 0C 3A 84 00 02 00 13 01 5B 0D 
2013/07/16 21:44:15:614 [007052] TRACE [Prb.cpp, 835] - RxStream contents:01 00 0C 44 06 3A 00 01 33 A3 32 0D 
2013/07/16 21:44:15:615 [007052] TRACE [Prb.cpp, 943] - RadioBoardPacket(ACK):01 00 0C 44 06 3A 00 01 33 A3 32 0D 
2013/07/16 21:44:15:615 [006796] DEBUG [Prb.cpp, 603] - Read CC1020 completed, Address=0x0013, Data=0x33
2013/07/16 21:44:15:616 [006796] TRACE [Prb.cpp, 584] - Reading CC1020, Address=0x0014
2013/07/16 21:44:15:616 [006796] TRACE [Prb.cpp, 1035] - ReadCC1020Packet(0x14):01 00 0C 3B 84 00 02 00 14 79 49 0D 
2013/07/16 21:44:15:616 [007052] TRACE [Prb.cpp, 835] - RxStream contents:01 00 0C 45 06 3B 00 01 3D 4F 15 0D 
2013/07/16 21:44:15:617 [007052] TRACE [Prb.cpp, 943] - RadioBoardPacket(ACK):01 00 0C 45 06 3B 00 01 3D 4F 15 0D 
2013/07/16 21:44:15:618 [006796] DEBUG [Prb.cpp, 603] - Read CC1020 completed, Address=0x0014, Data=0x3D
2013/07/16 21:44:15:618 [006796] TRACE [Prb.cpp, 584] - Reading CC1020, Address=0x0043
2013/07/16 21:44:15:619 [006796] TRACE [Prb.cpp, 1035] - ReadCC1020Packet(0x43):01 00 0C 3C 84 00 02 00 43 90 BE 0D 
2013/07/16 21:44:15:619 [007052] TRACE [Prb.cpp, 835] - RxStream contents:01 00 0C 46 06 3C 00 01 00 AB 9B 0D 
2013/07/16 21:44:15:620 [007052] TRACE [Prb.cpp, 943] - RadioBoardPacket(ACK):01 00 0C 46 06 3C 00 01 00 AB 9B 0D 
2013/07/16 21:44:15:621 [006796] DEBUG [Prb.cpp, 603] - Read CC1020 completed, Address=0x0043, Data=0x00
2013/07/16 21:44:15:621 [006796] DEBUG [ComSysDiagnostics.cpp, 63] - CC1020 [Scan complete] FREQ_2A: 0x35 FREQ_1A: 0xf0 FREQ_0A: 0x21
2013/07/16 21:44:15:622 [006796] DEBUG [ComSysDiagnostics.cpp, 67] - CC1020 [Scan complete] FREQ_2B: 0x35 FREQ_1B: 0xfa FREQ_0B: 0xcb
2013/07/16 21:44:15:623 [006796] DEBUG [ComSysDiagnostics.cpp, 72] - CC1020 [Scan complete] AFC_CONTROL: 0xdf FILTER: 0x80 VGA3: 0x33 VGA4: 0x3d AFC: 0x00
2013/07/16 21:44:15:623 [006796] INFO [CommunicationSystemStates.cpp, 173] - Found 1 valid ids during the scan operation.
2013/07/16 21:44:15:625 [006796] INFO [CommunicationSystemStates.cpp, 190] - Id: 0x801c0094.
2013/07/16 21:44:15:627 [006796] INFO [CommunicationSystemStates.cpp, 198] - Found 0 invalid ids during the scan operation.
2013/07/16 21:44:15:630 [002368] INFO [CommunicationSystemStates.cpp, 130] - Scan requested. Preamble Burst Duration: 2 seconds. Preamble Burst Data Rate: 0.
2013/07/16 21:44:15:630 [002368] TRACE [Prb.cpp, 448] - Writing FPGA, Address=0x1002, Data=0x02
2013/07/16 21:44:15:631 [007052] TRACE [Prb.cpp, 835] - RxStream contents:01 00 0B 47 06 3D 00 00 2C 46 0D 
2013/07/16 21:44:15:632 [007052] TRACE [Prb.cpp, 943] - RadioBoardPacket(ACK):01 00 0B 47 06 3D 00 00 2C 46 0D 
2013/07/16 21:44:15:631 [002368] TRACE [Prb.cpp, 1035] - WriteFPGAPacket(0x1002, 0x02):01 00 0D 3D 81 00 03 10 02 02 A7 3A 0D 
2013/07/16 21:44:15:633 [002368] DEBUG [Prb.cpp, 466] - Write FPGA completed, Address=0x1002, Data=0x02
2013/07/16 21:44:15:633 [002368] TRACE [Prb.cpp, 493] - Reading FPGA, Address=0x1004
2013/07/16 21:44:15:634 [002368] TRACE [Prb.cpp, 1035] - ReadFPGAPacket(0x1004):01 00 0C 3E 82 00 02 10 04 00 3C 0D 
2013/07/16 21:44:15:634 [007052] TRACE [Prb.cpp, 835] - RxStream contents:01 00 0C 48 06 3E 00 01 08 53 A7 0D 
2013/07/16 21:44:15:635 [007052] TRACE [Prb.cpp, 943] - RadioBoardPacket(ACK):01 00 0C 48 06 3E 00 01 08 53 A7 0D 
2013/07/16 21:44:15:636 [002368] DEBUG [Prb.cpp, 512] - Read FPGA completed, Address=0x1004, Data=0x08
2013/07/16 21:44:15:636 [002368] TRACE [Prb.cpp, 448] - Writing FPGA, Address=0x1004, Data=0x00
2013/07/16 21:44:15:637 [002368] TRACE [Prb.cpp, 1035] - WriteFPGAPacket(0x1004, 0x00):01 00 0D 3F 81 00 03 10 04 00 B1 16 0D 
2013/07/16 21:44:15:637 [007052] TRACE [Prb.cpp, 835] - RxStream contents:01 00 0B 49 06 3F 00 00 2E BE 0D 
2013/07/16 21:44:15:638 [007052] TRACE [Prb.cpp, 943] - RadioBoardPacket(ACK):01 00 0B 49 06 3F 00 00 2E BE 0D 
2013/07/16 21:44:15:638 [002368] DEBUG [Prb.cpp, 466] - Write FPGA completed, Address=0x1004, Data=0x00
2013/07/16 21:44:15:639 [002368] TRACE [Prb.cpp, 448] - Writing FPGA, Address=0x1008, Data=0x02
2013/07/16 21:44:15:639 [002368] TRACE [Prb.cpp, 1035] - WriteFPGAPacket(0x1008, 0x02):01 00 0D 40 81 00 03 10 08 02 E1 EA 0D 
2013/07/16 21:44:15:639 [007052] TRACE [Prb.cpp, 835] - RxStream contents:01 00 0B 4A 06 40 00 00 A8 39 0D 
2013/07/16 21:44:15:640 [007052] TRACE [Prb.cpp, 943] - RadioBoardPacket(ACK):01 00 0B 4A 06 40 00 00 A8 39 0D 
2013/07/16 21:44:15:641 [002368] DEBUG [Prb.cpp, 466] - Write FPGA completed, Address=0x1008, Data=0x02
2013/07/16 21:44:19:753 [006796] INFO [CommunicationSystemStates.cpp, 168] - Scan complete
2013/07/16 21:44:19:753 [006796] TRACE [Prb.cpp, 584] - Reading CC1020, Address=0x0004
2013/07/16 21:44:19:754 [006796] TRACE [Prb.cpp, 1035] - ReadCC1020Packet(0x04):01 00 0C 41 84 00 02 00 04 49 54 0D 
2013/07/16 21:44:19:754 [007052] TRACE [Prb.cpp, 835] - RxStream contents:01 00 0C 4C 06 41 00 01 35 BF 3B 0D 
2013/07/16 21:44:19:755 [007052] TRACE [Prb.cpp, 943] - RadioBoardPacket(ACK):01 00 0C 4C 06 41 00 01 35 BF 3B 0D 
2013/07/16 21:44:19:755 [006796] DEBUG [Prb.cpp, 603] - Read CC1020 completed, Address=0x0004, Data=0x35
2013/07/16 21:44:19:756 [006796] TRACE [Prb.cpp, 584] - Reading CC1020, Address=0x0005
2013/07/16 21:44:19:757 [006796] TRACE [Prb.cpp, 1035] - ReadCC1020Packet(0x05):01 00 0C 42 84 00 02 00 05 41 51 0D 
2013/07/16 21:44:19:757 [007052] TRACE [Prb.cpp, 835] - RxStream contents:01 00 0C 4D 06 42 00 01 F0 79 A6 0D 
2013/07/16 21:44:19:758 [007052] TRACE [Prb.cpp, 943] - RadioBoardPacket(ACK):01 00 0C 4D 06 42 00 01 F0 79 A6 0D 
2013/07/16 21:44:19:758 [006796] DEBUG [Prb.cpp, 603] - Read CC1020 completed, Address=0x0005, Data=0xF0
2013/07/16 21:44:19:759 [006796] TRACE [Prb.cpp, 584] - Reading CC1020, Address=0x0006
2013/07/16 21:44:19:759 [006796] TRACE [Prb.cpp, 1035] - ReadCC1020Packet(0x06):01 00 0C 43 84 00 02 00 06 B9 58 0D 
2013/07/16 21:44:19:759 [007052] TRACE [Prb.cpp, 835] - RxStream contents:01 00 0C 4E 06 43 00 01 21 67 43 0D 
2013/07/16 21:44:19:760 [007052] TRACE [Prb.cpp, 943] - RadioBoardPacket(ACK):01 00 0C 4E 06 43 00 01 21 67 43 0D 
2013/07/16 21:44:19:761 [006796] DEBUG [Prb.cpp, 603] - Read CC1020 completed, Address=0x0006, Data=0x21
2013/07/16 21:44:19:761 [006796] TRACE [Prb.cpp, 584] - Reading CC1020, Address=0x0008
2013/07/16 21:44:19:762 [006796] TRACE [Prb.cpp, 1035] - ReadCC1020Packet(0x08):01 00 0C 44 84 00 02 00 08 51 79 0D 
2013/07/16 21:44:19:762 [007052] TRACE [Prb.cpp, 835] - RxStream contents:01 00 0C 4F 06 44 00 01 35 73 3B 0D 
2013/07/16 21:44:19:763 [007052] TRACE [Prb.cpp, 943] - RadioBoardPacket(ACK):01 00 0C 4F 06 44 00 01 35 73 3B 0D 
2013/07/16 21:44:19:764 [006796] DEBUG [Prb.cpp, 603] - Read CC1020 completed, Address=0x0008, Data=0x35
2013/07/16 21:44:19:764 [006796] TRACE [Prb.cpp, 584] - Reading CC1020, Address=0x0009
2013/07/16 21:44:19:765 [006796] TRACE [Prb.cpp, 1035] - ReadCC1020Packet(0x09):01 00 0C 45 84 00 02 00 09 29 7F 0D 
2013/07/16 21:44:19:765 [007052] TRACE [Prb.cpp, 835] - RxStream contents:01 00 0C 50 06 45 00 01 FA 4D 87 0D 
2013/07/16 21:44:19:766 [007052] TRACE [Prb.cpp, 943] - RadioBoardPacket(ACK):01 00 0C 50 06 45 00 01 FA 4D 87 0D 
2013/07/16 21:44:19:767 [006796] DEBUG [Prb.cpp, 603] - Read CC1020 completed, Address=0x0009, Data=0xFA
2013/07/16 21:44:19:767 [006796] TRACE [Prb.cpp, 584] - Reading CC1020, Address=0x000A
2013/07/16 21:44:19:768 [006796] TRACE [Prb.cpp, 1035] - ReadCC1020Packet(0x0A):01 00 0C 46 84 00 02 00 0A A1 75 0D 
2013/07/16 21:44:19:768 [007052] TRACE [Prb.cpp, 835] - RxStream contents:01 00 0C 51 06 46 00 01 CB 09 21 0D 
2013/07/16 21:44:19:769 [007052] TRACE [Prb.cpp, 943] - RadioBoardPacket(ACK):01 00 0C 51 06 46 00 01 CB 09 21 0D 
2013/07/16 21:44:19:770 [006796] DEBUG [Prb.cpp, 603] - Read CC1020 completed, Address=0x000A, Data=0xCB
2013/07/16 21:44:19:770 [006796] TRACE [Prb.cpp, 584] - Reading CC1020, Address=0x000F
2013/07/16 21:44:19:771 [006796] TRACE [Prb.cpp, 1035] - ReadCC1020Packet(0x0F):01 00 0C 47 84 00 02 00 0F 59 68 0D 
2013/07/16 21:44:19:771 [007052] TRACE [Prb.cpp, 835] - RxStream contents:01 00 0C 52 06 47 00 01 DF 15 5A 0D 
2013/07/16 21:44:19:772 [007052] TRACE [Prb.cpp, 943] - RadioBoardPacket(ACK):01 00 0C 52 06 47 00 01 DF 15 5A 0D 
2013/07/16 21:44:19:772 [006796] DEBUG [Prb.cpp, 603] - Read CC1020 completed, Address=0x000F, Data=0xDF
2013/07/16 21:44:19:773 [006796] TRACE [Prb.cpp, 584] - Reading CC1020, Address=0x0010
2013/07/16 21:44:19:774 [006796] TRACE [Prb.cpp, 1035] - ReadCC1020Packet(0x10):01 00 0C 48 84 00 02 00 10 F1 26 0D 
2013/07/16 21:44:19:774 [007052] TRACE [Prb.cpp, 835] - RxStream contents:01 00 0C 53 06 48 00 01 80 20 9B 0D 
2013/07/16 21:44:19:775 [007052] TRACE [Prb.cpp, 943] - RadioBoardPacket(ACK):01 00 0C 53 06 48 00 01 80 20 9B 0D 
2013/07/16 21:44:19:775 [006796] DEBUG [Prb.cpp, 603] - Read CC1020 completed, Address=0x0010, Data=0x80
2013/07/16 21:44:19:776 [006796] TRACE [Prb.cpp, 584] - Reading CC1020, Address=0x0013
2013/07/16 21:44:19:776 [006796] TRACE [Prb.cpp, 1035] - ReadCC1020Packet(0x13):01 00 0C 49 84 00 02 00 13 09 2F 0D 
2013/07/16 21:44:19:776 [007052] TRACE [Prb.cpp, 835] - RxStream contents:01 00 0C 54 06 49 00 01 33 5F 37 0D 
2013/07/16 21:44:19:777 [007052] TRACE [Prb.cpp, 943] - RadioBoardPacket(ACK):01 00 0C 54 06 49 00 01 33 5F 37 0D 
2013/07/16 21:44:19:778 [006796] DEBUG [Prb.cpp, 603] - Read CC1020 completed, Address=0x0013, Data=0x33
2013/07/16 21:44:19:778 [006796] TRACE [Prb.cpp, 584] - Reading CC1020, Address=0x0014
2013/07/16 21:44:19:779 [006796] TRACE [Prb.cpp, 1035] - ReadCC1020Packet(0x14):01 00 0C 4A 84 00 02 00 14 01 3E 0D 
2013/07/16 21:44:19:779 [007052] TRACE [Prb.cpp, 835] - RxStream contents:01 00 0C 55 06 4A 00 01 3D 1B 13 0D 
2013/07/16 21:44:19:780 [007052] TRACE [Prb.cpp, 943] - RadioBoardPacket(ACK):01 00 0C 55 06 4A 00 01 3D 1B 13 0D 
2013/07/16 21:44:19:780 [006796] DEBUG [Prb.cpp, 603] - Read CC1020 completed, Address=0x0014, Data=0x3D
2013/07/16 21:44:19:781 [006796] TRACE [Prb.cpp, 584] - Reading CC1020, Address=0x0043
2013/07/16 21:44:19:782 [006796] TRACE [Prb.cpp, 1035] - ReadCC1020Packet(0x43):01 00 0C 4B 84 00 02 00 43 78 CC 0D 
2013/07/16 21:44:19:782 [007052] TRACE [Prb.cpp, 835] - RxStream contents:01 00 0C 56 06 4B 00 01 00 87 9D 0D 
2013/07/16 21:44:19:782 [007052] TRACE [Prb.cpp, 943] - RadioBoardPacket(ACK):01 00 0C 56 06 4B 00 01 00 87 9D 0D 
2013/07/16 21:44:19:783 [006796] DEBUG [Prb.cpp, 603] - Read CC1020 completed, Address=0x0043, Data=0x00
2013/07/16 21:44:19:784 [006796] DEBUG [ComSysDiagnostics.cpp, 63] - CC1020 [Scan complete] FREQ_2A: 0x35 FREQ_1A: 0xf0 FREQ_0A: 0x21
2013/07/16 21:44:19:784 [006796] DEBUG [ComSysDiagnostics.cpp, 67] - CC1020 [Scan complete] FREQ_2B: 0x35 FREQ_1B: 0xfa FREQ_0B: 0xcb
2013/07/16 21:44:19:785 [006796] DEBUG [ComSysDiagnostics.cpp, 72] - CC1020 [Scan complete] AFC_CONTROL: 0xdf FILTER: 0x80 VGA3: 0x33 VGA4: 0x3d AFC: 0x00
2013/07/16 21:44:19:785 [006796] INFO [CommunicationSystemStates.cpp, 173] - Found 1 valid ids during the scan operation.
2013/07/16 21:44:19:786 [006796] INFO [CommunicationSystemStates.cpp, 190] - Id: 0x801c0094.
2013/07/16 21:44:19:786 [006796] INFO [CommunicationSystemStates.cpp, 198] - Found 0 invalid ids during the scan operation.
2013/07/16 21:44:19:797 [004752] TRACE [Prb.cpp, 493] - Reading FPGA, Address=0x1004
2013/07/16 21:44:19:798 [004752] TRACE [Prb.cpp, 1035] - ReadFPGAPacket(0x1004):01 00 0C 4C 82 00 02 10 04 F0 4B 0D 
2013/07/16 21:44:19:798 [007052] TRACE [Prb.cpp, 835] - RxStream contents:01 00 0C 57 06 4C 00 01 00 93 9D 0D 
2013/07/16 21:44:19:799 [007052] TRACE [Prb.cpp, 943] - RadioBoardPacket(ACK):01 00 0C 57 06 4C 00 01 00 93 9D 0D 
2013/07/16 21:44:19:800 [004752] DEBUG [Prb.cpp, 512] - Read FPGA completed, Address=0x1004, Data=0x00
2013/07/16 21:44:19:800 [004752] TRACE [Prb.cpp, 448] - Writing FPGA, Address=0x1004, Data=0x00
2013/07/16 21:44:19:801 [004752] TRACE [Prb.cpp, 1035] - WriteFPGAPacket(0x1004, 0x00):01 00 0D 4D 81 00 03 10 04 00 C4 36 0D 
2013/07/16 21:44:19:801 [007052] TRACE [Prb.cpp, 835] - RxStream contents:01 00 0B 58 06 4D 00 00 2F AE 0D 
2013/07/16 21:44:19:802 [007052] TRACE [Prb.cpp, 943] - RadioBoardPacket(ACK):01 00 0B 58 06 4D 00 00 2F AE 0D 
2013/07/16 21:44:19:802 [004752] DEBUG [Prb.cpp, 466] - Write FPGA completed, Address=0x1004, Data=0x00
2013/07/16 21:44:19:804 [002368] INFO [CrossTalkDetectorStates.cpp, 98] - LinkTimeout = 4523 ms
2013/07/16 21:44:19:805 [002368] INFO [CrossTalkDetector.cpp, 68] - CrossTalkDetector state changing from IdleState to LinkingState
2013/07/16 21:44:19:806 [002368] INFO [CommunicationSystemStates.cpp, 147] - Link requested. Id: 0x801c0094. Preamble Burst Duration: 2 seconds. Preamble Burst Data Rate: 0.
2013/07/16 21:44:19:807 [002368] DEBUG [ComSysDiagnostics.cpp, 95] - Resetting FPGA Frame Error Counter
2013/07/16 21:44:19:807 [002368] TRACE [Prb.cpp, 448] - Writing FPGA, Address=0x301C, Data=0x00
2013/07/16 21:44:19:808 [002368] TRACE [Prb.cpp, 1035] - WriteFPGAPacket(0x301C, 0x00):01 00 0D 4E 81 00 03 30 1C 00 15 85 0D 
2013/07/16 21:44:19:808 [007052] TRACE [Prb.cpp, 835] - RxStream contents:01 00 0B 59 06 4E 00 00 AF E9 0D 
2013/07/16 21:44:19:809 [007052] TRACE [Prb.cpp, 943] - RadioBoardPacket(ACK):01 00 0B 59 06 4E 00 00 AF E9 0D 
2013/07/16 21:44:19:809 [002368] DEBUG [Prb.cpp, 466] - Write FPGA completed, Address=0x301C, Data=0x00
2013/07/16 21:44:19:810 [002368] TRACE [Prb.cpp, 448] - Writing FPGA, Address=0x2000, Data=0x80
2013/07/16 21:44:19:811 [002368] TRACE [Prb.cpp, 1035] - WriteFPGAPacket(0x2000, 0x80):01 00 0D 4F 81 00 03 20 00 80 5E D5 0D 
2013/07/16 21:44:19:811 [007052] TRACE [Prb.cpp, 835] - RxStream contents:01 00 0B 5A 06 4F 00 00 2F 76 0D 
2013/07/16 21:44:19:812 [007052] TRACE [Prb.cpp, 943] - RadioBoardPacket(ACK):01 00 0B 5A 06 4F 00 00 2F 76 0D 
2013/07/16 21:44:19:812 [002368] DEBUG [Prb.cpp, 466] - Write FPGA completed, Address=0x2000, Data=0x80
2013/07/16 21:44:19:813 [002368] TRACE [Prb.cpp, 448] - Writing FPGA, Address=0x2002, Data=0x1C
2013/07/16 21:44:19:814 [002368] TRACE [Prb.cpp, 1035] - WriteFPGAPacket(0x2002, 0x1C):01 00 0D 50 81 00 03 20 02 1C 4F 6D 0D 
2013/07/16 21:44:19:814 [007052] TRACE [Prb.cpp, 835] - RxStream contents:01 00 0B 5B 06 50 00 00 2E 82 0D 
2013/07/16 21:44:19:815 [007052] TRACE [Prb.cpp, 943] - RadioBoardPacket(ACK):01 00 0B 5B 06 50 00 00 2E 82 0D 
2013/07/16 21:44:19:815 [002368] DEBUG [Prb.cpp, 466] - Write FPGA completed, Address=0x2002, Data=0x1C
2013/07/16 21:44:19:816 [002368] TRACE [Prb.cpp, 448] - Writing FPGA, Address=0x2004, Data=0x00
2013/07/16 21:44:19:817 [002368] TRACE [Prb.cpp, 1035] - WriteFPGAPacket(0x2004, 0x00):01 00 0D 51 81 00 03 20 04 00 5A 35 0D 
2013/07/16 21:44:19:817 [007052] TRACE [Prb.cpp, 835] - RxStream contents:01 00 0B 5C 06 51 00 00 2F FE 0D 
2013/07/16 21:44:19:818 [007052] TRACE [Prb.cpp, 943] - RadioBoardPacket(ACK):01 00 0B 5C 06 51 00 00 2F FE 0D 
2013/07/16 21:44:19:818 [002368] DEBUG [Prb.cpp, 466] - Write FPGA completed, Address=0x2004, Data=0x00
2013/07/16 21:44:19:819 [002368] TRACE [Prb.cpp, 448] - Writing FPGA, Address=0x2006, Data=0x94
2013/07/16 21:44:19:819 [002368] TRACE [Prb.cpp, 1035] - WriteFPGAPacket(0x2006, 0x94):01 00 0D 52 81 00 03 20 06 94 56 7D 0D 
2013/07/16 21:44:19:819 [007052] TRACE [Prb.cpp, 835] - RxStream contents:01 00 0B 5D 06 52 00 00 AF B9 0D 
2013/07/16 21:44:19:820 [007052] TRACE [Prb.cpp, 943] - RadioBoardPacket(ACK):01 00 0B 5D 06 52 00 00 AF B9 0D 
2013/07/16 21:44:19:821 [002368] DEBUG [Prb.cpp, 466] - Write FPGA completed, Address=0x2006, Data=0x94
2013/07/16 21:44:19:821 [002368] TRACE [Prb.cpp, 448] - Writing FPGA, Address=0x1002, Data=0x02
2013/07/16 21:44:19:822 [002368] TRACE [Prb.cpp, 1035] - WriteFPGAPacket(0x1002, 0x02):01 00 0D 53 81 00 03 10 02 02 4F D9 0D 
2013/07/16 21:44:19:822 [007052] TRACE [Prb.cpp, 835] - RxStream contents:01 00 0B 5E 06 53 00 00 2F 26 0D 
2013/07/16 21:44:19:823 [007052] TRACE [Prb.cpp, 943] - RadioBoardPacket(ACK):01 00 0B 5E 06 53 00 00 2F 26 0D 
2013/07/16 21:44:19:823 [002368] DEBUG [Prb.cpp, 466] - Write FPGA completed, Address=0x1002, Data=0x02
2013/07/16 21:44:19:824 [002368] TRACE [Prb.cpp, 493] - Reading FPGA, Address=0x1004
2013/07/16 21:44:19:824 [002368] TRACE [Prb.cpp, 1035] - ReadFPGAPacket(0x1004):01 00 0C 54 82 00 02 10 04 30 50 0D 
2013/07/16 21:44:19:824 [007052] TRACE [Prb.cpp, 835] - RxStream contents:01 00 0C 5F 06 54 00 01 00 B3 91 0D 
2013/07/16 21:44:19:825 [007052] TRACE [Prb.cpp, 943] - RadioBoardPacket(ACK):01 00 0C 5F 06 54 00 01 00 B3 91 0D 
2013/07/16 21:44:19:826 [002368] DEBUG [Prb.cpp, 512] - Read FPGA completed, Address=0x1004, Data=0x00
2013/07/16 21:44:19:826 [002368] TRACE [Prb.cpp, 448] - Writing FPGA, Address=0x1004, Data=0x00
2013/07/16 21:44:19:827 [002368] TRACE [Prb.cpp, 1035] - WriteFPGAPacket(0x1004, 0x00):01 00 0D 55 81 00 03 10 04 00 DD B6 0D 
2013/07/16 21:44:19:827 [007052] TRACE [Prb.cpp, 835] - RxStream contents:01 00 0B 60 06 55 00 00 A5 0D 0D 
2013/07/16 21:44:19:828 [007052] TRACE [Prb.cpp, 943] - RadioBoardPacket(ACK):01 00 0B 60 06 55 00 00 A5 0D 0D 
2013/07/16 21:44:19:828 [002368] DEBUG [Prb.cpp, 466] - Write FPGA completed, Address=0x1004, Data=0x00
2013/07/16 21:44:19:829 [002368] TRACE [Prb.cpp, 448] - Writing FPGA, Address=0x1008, Data=0x04
2013/07/16 21:44:19:829 [002368] TRACE [Prb.cpp, 1035] - WriteFPGAPacket(0x1008, 0x04):01 00 0D 56 81 00 03 10 08 04 76 9D 0D 
2013/07/16 21:44:19:829 [007052] TRACE [Prb.cpp, 835] - RxStream contents:01 00 0B 61 06 56 00 00 25 4A 0D 
2013/07/16 21:44:19:830 [007052] TRACE [Prb.cpp, 943] - RadioBoardPacket(ACK):01 00 0B 61 06 56 00 00 25 4A 0D 
2013/07/16 21:44:19:831 [002368] DEBUG [Prb.cpp, 466] - Write FPGA completed, Address=0x1008, Data=0x04
2013/07/16 21:44:23:002 [006796] INFO [CrossTalkDetectorStates.cpp, 174] - Invalid frame while linking
2013/07/16 21:44:23:003 [006796] TRACE [Prb.cpp, 493] - Reading FPGA, Address=0x3018
2013/07/16 21:44:23:004 [006796] TRACE [Prb.cpp, 1035] - ReadFPGAPacket(0x3018):01 00 0C 57 82 00 02 30 18 78 18 0D 
2013/07/16 21:44:23:004 [007052] TRACE [Prb.cpp, 835] - RxStream contents:01 00 0C 63 06 57 00 01 3D AF 20 0D 
2013/07/16 21:44:23:005 [007052] TRACE [Prb.cpp, 943] - RadioBoardPacket(ACK):01 00 0C 63 06 57 00 01 3D AF 20 0D 
2013/07/16 21:44:23:006 [006796] DEBUG [Prb.cpp, 512] - Read FPGA completed, Address=0x3018, Data=0x3D
2013/07/16 21:44:23:006 [006796] TRACE [Prb.cpp, 493] - Reading FPGA, Address=0x301A
2013/07/16 21:44:23:007 [006796] TRACE [Prb.cpp, 1035] - ReadFPGAPacket(0x301A):01 00 0C 58 82 00 02 30 1A D0 18 0D 
2013/07/16 21:44:23:007 [007052] TRACE [Prb.cpp, 835] - RxStream contents:01 00 0C 64 06 58 00 01 00 8B AB 0D 
2013/07/16 21:44:23:008 [007052] TRACE [Prb.cpp, 943] - RadioBoardPacket(ACK):01 00 0C 64 06 58 00 01 00 8B AB 0D 
2013/07/16 21:44:23:008 [006796] DEBUG [Prb.cpp, 512] - Read FPGA completed, Address=0x301A, Data=0x00
2013/07/16 21:44:23:009 [006796] TRACE [Prb.cpp, 493] - Reading FPGA, Address=0x3070
2013/07/16 21:44:23:010 [006796] TRACE [Prb.cpp, 1035] - ReadFPGAPacket(0x3070):01 00 0C 59 82 00 02 30 70 29 67 0D 
2013/07/16 21:44:23:010 [007052] TRACE [Prb.cpp, 835] - RxStream contents:01 00 0C 65 06 59 00 01 FF E5 A9 0D 
2013/07/16 21:44:23:011 [007052] TRACE [Prb.cpp, 943] - RadioBoardPacket(ACK):01 00 0C 65 06 59 00 01 FF E5 A9 0D 
2013/07/16 21:44:23:011 [006796] DEBUG [Prb.cpp, 512] - Read FPGA completed, Address=0x3070, Data=0xFF
2013/07/16 21:44:23:012 [006796] DEBUG [ComSysDiagnostics.cpp, 31] - FPGA RSSI/AFC [Linking(invalid frame)] linkedRSSI:61 linkedAFC:0 AFC:255
2013/07/16 21:44:23:017 [006796] TRACE [Prb.cpp, 493] - Reading FPGA, Address=0x3018
2013/07/16 21:44:23:018 [006796] TRACE [Prb.cpp, 1035] - ReadFPGAPacket(0x3018):01 00 0C 5A 82 00 02 30 18 20 14 0D 
2013/07/16 21:44:23:018 [007052] TRACE [Prb.cpp, 835] - RxStream contents:01 00 0C 67 06 5A 00 01 3D 2B 25 0D 
2013/07/16 21:44:23:019 [007052] TRACE [Prb.cpp, 943] - RadioBoardPacket(ACK):01 00 0C 67 06 5A 00 01 3D 2B 25 0D 
2013/07/16 21:44:23:020 [006796] DEBUG [Prb.cpp, 512] - Read FPGA completed, Address=0x3018, Data=0x3D
2013/07/16 21:44:23:020 [006796] TRACE [Prb.cpp, 493] - Reading FPGA, Address=0x301A
2013/07/16 21:44:23:021 [006796] TRACE [Prb.cpp, 1035] - ReadFPGAPacket(0x301A):01 00 0C 5B 82 00 02 30 1A 58 18 0D 
2013/07/16 21:44:23:021 [007052] TRACE [Prb.cpp, 835] - RxStream contents:01 00 0C 68 06 5B 00 01 00 17 A4 0D 
2013/07/16 21:44:23:022 [007052] TRACE [Prb.cpp, 943] - RadioBoardPacket(ACK):01 00 0C 68 06 5B 00 01 00 17 A4 0D 
2013/07/16 21:44:23:022 [006796] DEBUG [Prb.cpp, 512] - Read FPGA completed, Address=0x301A, Data=0x00
2013/07/16 21:44:23:023 [006796] TRACE [Prb.cpp, 493] - Reading FPGA, Address=0x3070
2013/07/16 21:44:23:024 [006796] TRACE [Prb.cpp, 1035] - ReadFPGAPacket(0x3070):01 00 0C 5C 82 00 02 30 70 31 62 0D 
2013/07/16 21:44:23:024 [007052] TRACE [Prb.cpp, 835] - RxStream contents:01 00 0C 69 06 5C 00 01 FF 01 A6 0D 
2013/07/16 21:44:23:025 [007052] TRACE [Prb.cpp, 943] - RadioBoardPacket(ACK):01 00 0C 69 06 5C 00 01 FF 01 A6 0D 
2013/07/16 21:44:23:025 [006796] DEBUG [Prb.cpp, 512] - Read FPGA completed, Address=0x3070, Data=0xFF
2013/07/16 21:44:23:026 [006796] DEBUG [ComSysDiagnostics.cpp, 31] - FPGA RSSI/AFC [Linking(valid frame)] linkedRSSI:61 linkedAFC:0 AFC:255
2013/07/16 21:44:23:031 [006796] TRACE [Prb.cpp, 493] - Reading FPGA, Address=0x3018
2013/07/16 21:44:23:031 [006796] TRACE [Prb.cpp, 1035] - ReadFPGAPacket(0x3018):01 00 0C 5D 82 00 02 30 18 48 12 0D 
2013/07/16 21:44:23:032 [007052] TRACE [Prb.cpp, 835] - RxStream contents:01 00 0C 6B 06 5D 00 01 3E 67 23 0D 
2013/07/16 21:44:23:033 [007052] TRACE [Prb.cpp, 943] - RadioBoardPacket(ACK):01 00 0C 6B 06 5D 00 01 3E 67 23 0D 
2013/07/16 21:44:23:033 [006796] DEBUG [Prb.cpp, 512] - Read FPGA completed, Address=0x3018, Data=0x3E
2013/07/16 21:44:23:034 [006796] TRACE [Prb.cpp, 493] - Reading FPGA, Address=0x301A
2013/07/16 21:44:23:035 [006796] TRACE [Prb.cpp, 1035] - ReadFPGAPacket(0x301A):01 00 0C 5E 82 00 02 30 1A 40 1D 0D 
2013/07/16 21:44:23:035 [007052] TRACE [Prb.cpp, 835] - RxStream contents:01 00 0C 6C 06 5E 00 01 01 33 A7 0D 
2013/07/16 21:44:23:036 [007052] TRACE [Prb.cpp, 943] - RadioBoardPacket(ACK):01 00 0C 6C 06 5E 00 01 01 33 A7 0D 
2013/07/16 21:44:23:036 [006796] DEBUG [Prb.cpp, 512] - Read FPGA completed, Address=0x301A, Data=0x01
2013/07/16 21:44:23:037 [006796] TRACE [Prb.cpp, 493] - Reading FPGA, Address=0x3070
2013/07/16 21:44:23:037 [006796] TRACE [Prb.cpp, 1035] - ReadFPGAPacket(0x3070):01 00 0C 5F 82 00 02 30 70 B9 62 0D 
2013/07/16 21:44:23:037 [007052] TRACE [Prb.cpp, 835] - RxStream contents:01 00 0C 6D 06 5F 00 01 00 DF A2 0D 
2013/07/16 21:44:23:038 [007052] TRACE [Prb.cpp, 943] - RadioBoardPacket(ACK):01 00 0C 6D 06 5F 00 01 00 DF A2 0D 
2013/07/16 21:44:23:039 [006796] DEBUG [Prb.cpp, 512] - Read FPGA completed, Address=0x3070, Data=0x00
2013/07/16 21:44:23:039 [006796] DEBUG [ComSysDiagnostics.cpp, 31] - FPGA RSSI/AFC [Linking(valid frame)] linkedRSSI:62 linkedAFC:1 AFC:0
2013/07/16 21:44:23:045 [006796] TRACE [Prb.cpp, 493] - Reading FPGA, Address=0x3018
2013/07/16 21:44:23:045 [006796] TRACE [Prb.cpp, 1035] - ReadFPGAPacket(0x3018):01 00 0C 60 82 00 02 30 18 10 2D 0D 
2013/07/16 21:44:23:046 [007052] TRACE [Prb.cpp, 835] - RxStream contents:01 00 0C 6F 06 60 00 01 3F A3 29 0D 
2013/07/16 21:44:23:047 [007052] TRACE [Prb.cpp, 943] - RadioBoardPacket(ACK):01 00 0C 6F 06 60 00 01 3F A3 29 0D 
2013/07/16 21:44:23:047 [006796] DEBUG [Prb.cpp, 512] - Read FPGA completed, Address=0x3018, Data=0x3F
2013/07/16 21:44:23:048 [006796] TRACE [Prb.cpp, 493] - Reading FPGA, Address=0x301A
2013/07/16 21:44:23:049 [006796] TRACE [Prb.cpp, 1035] - ReadFPGAPacket(0x301A):01 00 0C 61 82 00 02 30 1A 68 21 0D 
2013/07/16 21:44:23:049 [007052] TRACE [Prb.cpp, 835] - RxStream contents:01 00 0C 70 06 61 00 01 00 9F B5 0D 
2013/07/16 21:44:23:050 [007052] TRACE [Prb.cpp, 943] - RadioBoardPacket(ACK):01 00 0C 70 06 61 00 01 00 9F B5 0D 
2013/07/16 21:44:23:050 [006796] DEBUG [Prb.cpp, 512] - Read FPGA completed, Address=0x301A, Data=0x00
2013/07/16 21:44:23:051 [006796] TRACE [Prb.cpp, 493] - Reading FPGA, Address=0x3070
2013/07/16 21:44:23:052 [006796] TRACE [Prb.cpp, 1035] - ReadFPGAPacket(0x3070):01 00 0C 62 82 00 02 30 70 E1 5D 0D 
2013/07/16 21:44:23:052 [007052] TRACE [Prb.cpp, 835] - RxStream contents:01 00 0C 71 06 62 00 01 00 5B B6 0D 
2013/07/16 21:44:23:053 [007052] TRACE [Prb.cpp, 943] - RadioBoardPacket(ACK):01 00 0C 71 06 62 00 01 00 5B B6 0D 
2013/07/16 21:44:23:053 [006796] DEBUG [Prb.cpp, 512] - Read FPGA completed, Address=0x3070, Data=0x00
2013/07/16 21:44:23:054 [006796] DEBUG [ComSysDiagnostics.cpp, 31] - FPGA RSSI/AFC [Linking(valid frame)] linkedRSSI:63 linkedAFC:0 AFC:0
2013/07/16 21:44:23:064 [006796] TRACE [Prb.cpp, 493] - Reading FPGA, Address=0x3018
2013/07/16 21:44:23:064 [006796] TRACE [Prb.cpp, 1035] - ReadFPGAPacket(0x3018):01 00 0C 63 82 00 02 30 18 98 2D 0D 
2013/07/16 21:44:23:064 [007052] TRACE [Prb.cpp, 835] - RxStream contents:01 00 0C 73 06 63 00 01 3C BF 3E 0D 
2013/07/16 21:44:23:066 [007052] TRACE [Prb.cpp, 943] - RadioBoardPacket(ACK):01 00 0C 73 06 63 00 01 3C BF 3E 0D 
2013/07/16 21:44:23:066 [006796] DEBUG [Prb.cpp, 512] - Read FPGA completed, Address=0x3018, Data=0x3C
2013/07/16 21:44:23:067 [006796] TRACE [Prb.cpp, 493] - Reading FPGA, Address=0x301A
2013/07/16 21:44:23:067 [006796] TRACE [Prb.cpp, 1035] - ReadFPGAPacket(0x301A):01 00 0C 64 82 00 02 30 1A 70 24 0D 
2013/07/16 21:44:23:068 [007052] TRACE [Prb.cpp, 835] - RxStream contents:01 00 0C 74 06 64 00 01 01 BB B6 0D 
2013/07/16 21:44:23:069 [007052] TRACE [Prb.cpp, 943] - RadioBoardPacket(ACK):01 00 0C 74 06 64 00 01 01 BB B6 0D 
2013/07/16 21:44:23:069 [006796] DEBUG [Prb.cpp, 512] - Read FPGA completed, Address=0x301A, Data=0x01
2013/07/16 21:44:23:070 [006796] TRACE [Prb.cpp, 493] - Reading FPGA, Address=0x3070
2013/07/16 21:44:23:070 [006796] TRACE [Prb.cpp, 1035] - ReadFPGAPacket(0x3070):01 00 0C 65 82 00 02 30 70 89 5B 0D 
2013/07/16 21:44:23:070 [007052] TRACE [Prb.cpp, 835] - RxStream contents:01 00 0C 75 06 65 00 01 00 57 B3 0D 
2013/07/16 21:44:23:071 [007052] TRACE [Prb.cpp, 943] - RadioBoardPacket(ACK):01 00 0C 75 06 65 00 01 00 57 B3 0D 
2013/07/16 21:44:23:072 [006796] DEBUG [Prb.cpp, 512] - Read FPGA completed, Address=0x3070, Data=0x00
2013/07/16 21:44:23:072 [006796] DEBUG [ComSysDiagnostics.cpp, 31] - FPGA RSSI/AFC [Linking(valid frame)] linkedRSSI:60 linkedAFC:1 AFC:0
2013/07/16 21:44:23:078 [006796] TRACE [Prb.cpp, 493] - Reading FPGA, Address=0x3018
2013/07/16 21:44:23:079 [006796] TRACE [Prb.cpp, 1035] - ReadFPGAPacket(0x3018):01 00 0C 66 82 00 02 30 18 80 28 0D 
2013/07/16 21:44:23:079 [007052] TRACE [Prb.cpp, 835] - RxStream contents:01 00 0C 77 06 66 00 01 3E 9B 37 0D 
2013/07/16 21:44:23:080 [007052] TRACE [Prb.cpp, 943] - RadioBoardPacket(ACK):01 00 0C 77 06 66 00 01 3E 9B 37 0D 
2013/07/16 21:44:23:080 [006796] DEBUG [Prb.cpp, 512] - Read FPGA completed, Address=0x3018, Data=0x3E
2013/07/16 21:44:23:081 [006796] TRACE [Prb.cpp, 493] - Reading FPGA, Address=0x301A
2013/07/16 21:44:23:082 [006796] TRACE [Prb.cpp, 1035] - ReadFPGAPacket(0x301A):01 00 0C 67 82 00 02 30 1A F8 24 0D 
2013/07/16 21:44:23:082 [007052] TRACE [Prb.cpp, 835] - RxStream contents:01 00 0C 78 06 67 00 01 01 27 B9 0D 
2013/07/16 21:44:23:083 [007052] TRACE [Prb.cpp, 943] - RadioBoardPacket(ACK):01 00 0C 78 06 67 00 01 01 27 B9 0D 
2013/07/16 21:44:23:084 [006796] DEBUG [Prb.cpp, 512] - Read FPGA completed, Address=0x301A, Data=0x01
2013/07/16 21:44:23:084 [006796] TRACE [Prb.cpp, 493] - Reading FPGA, Address=0x3070
2013/07/16 21:44:23:085 [006796] TRACE [Prb.cpp, 1035] - ReadFPGAPacket(0x3070):01 00 0C 68 82 00 02 30 70 D1 57 0D 
2013/07/16 21:44:23:085 [007052] TRACE [Prb.cpp, 835] - RxStream contents:01 00 0C 79 06 68 00 01 00 93 BF 0D 
2013/07/16 21:44:23:086 [007052] TRACE [Prb.cpp, 943] - RadioBoardPacket(ACK):01 00 0C 79 06 68 00 01 00 93 BF 0D 
2013/07/16 21:44:23:086 [006796] DEBUG [Prb.cpp, 512] - Read FPGA completed, Address=0x3070, Data=0x00
2013/07/16 21:44:23:087 [006796] DEBUG [ComSysDiagnostics.cpp, 31] - FPGA RSSI/AFC [Linking(valid frame)] linkedRSSI:62 linkedAFC:1 AFC:0
2013/07/16 21:44:23:092 [006796] TRACE [Prb.cpp, 493] - Reading FPGA, Address=0x3018
2013/07/16 21:44:23:092 [006796] TRACE [Prb.cpp, 1035] - ReadFPGAPacket(0x3018):01 00 0C 69 82 00 02 30 18 A8 27 0D 
2013/07/16 21:44:23:092 [007052] TRACE [Prb.cpp, 835] - RxStream contents:01 00 0C 7B 06 69 00 01 3E F7 38 0D 
2013/07/16 21:44:23:093 [007052] TRACE [Prb.cpp, 943] - RadioBoardPacket(ACK):01 00 0C 7B 06 69 00 01 3E F7 38 0D 
2013/07/16 21:44:23:094 [006796] DEBUG [Prb.cpp, 512] - Read FPGA completed, Address=0x3018, Data=0x3E
2013/07/16 21:44:23:095 [006796] TRACE [Prb.cpp, 493] - Reading FPGA, Address=0x301A
2013/07/16 21:44:23:095 [006796] TRACE [Prb.cpp, 1035] - ReadFPGAPacket(0x301A):01 00 0C 6A 82 00 02 30 1A A0 28 0D 
2013/07/16 21:44:23:095 [007052] TRACE [Prb.cpp, 835] - RxStream contents:01 00 0C 7C 06 6A 00 01 00 23 B9 0D 
2013/07/16 21:44:23:096 [007052] TRACE [Prb.cpp, 943] - RadioBoardPacket(ACK):01 00 0C 7C 06 6A 00 01 00 23 B9 0D 
2013/07/16 21:44:23:097 [006796] DEBUG [Prb.cpp, 512] - Read FPGA completed, Address=0x301A, Data=0x00
2013/07/16 21:44:23:097 [006796] TRACE [Prb.cpp, 493] - Reading FPGA, Address=0x3070
2013/07/16 21:44:23:098 [006796] TRACE [Prb.cpp, 1035] - ReadFPGAPacket(0x3070):01 00 0C 6B 82 00 02 30 70 59 57 0D 
2013/07/16 21:44:23:098 [007052] TRACE [Prb.cpp, 835] - RxStream contents:01 00 0C 7D 06 6B 00 01 00 4F B9 0D 
2013/07/16 21:44:23:099 [007052] TRACE [Prb.cpp, 943] - RadioBoardPacket(ACK):01 00 0C 7D 06 6B 00 01 00 4F B9 0D 
2013/07/16 21:44:23:100 [006796] DEBUG [Prb.cpp, 512] - Read FPGA completed, Address=0x3070, Data=0x00
2013/07/16 21:44:23:100 [006796] DEBUG [ComSysDiagnostics.cpp, 31] - FPGA RSSI/AFC [Linking(valid frame)] linkedRSSI:62 linkedAFC:0 AFC:0
2013/07/16 21:44:23:111 [006796] TRACE [Prb.cpp, 493] - Reading FPGA, Address=0x3018
2013/07/16 21:44:23:112 [006796] TRACE [Prb.cpp, 1035] - ReadFPGAPacket(0x3018):01 00 0C 6C 82 00 02 30 18 B0 22 0D 
2013/07/16 21:44:23:112 [007052] TRACE [Prb.cpp, 835] - RxStream contents:01 00 0C 7F 06 6C 00 01 3F D3 3B 0D 
2013/07/16 21:44:23:113 [007052] TRACE [Prb.cpp, 943] - RadioBoardPacket(ACK):01 00 0C 7F 06 6C 00 01 3F D3 3B 0D 
2013/07/16 21:44:23:113 [006796] DEBUG [Prb.cpp, 512] - Read FPGA completed, Address=0x3018, Data=0x3F
2013/07/16 21:44:23:114 [006796] TRACE [Prb.cpp, 493] - Reading FPGA, Address=0x301A
2013/07/16 21:44:23:115 [006796] TRACE [Prb.cpp, 1035] - ReadFPGAPacket(0x301A):01 00 0C 6D 82 00 02 30 1A C8 2E 0D 
2013/07/16 21:44:23:115 [007052] TRACE [Prb.cpp, 835] - RxStream contents:01 00 0C 80 06 6D 00 01 01 EF 4F 0D 
2013/07/16 21:44:23:116 [007052] TRACE [Prb.cpp, 943] - RadioBoardPacket(ACK):01 00 0C 80 06 6D 00 01 01 EF 4F 0D 
2013/07/16 21:44:23:116 [006796] DEBUG [Prb.cpp, 512] - Read FPGA completed, Address=0x301A, Data=0x01
2013/07/16 21:44:23:117 [006796] TRACE [Prb.cpp, 493] - Reading FPGA, Address=0x3070
2013/07/16 21:44:23:118 [006796] TRACE [Prb.cpp, 1035] - ReadFPGAPacket(0x3070):01 00 0C 6E 82 00 02 30 70 41 52 0D 
2013/07/16 21:44:23:118 [007052] TRACE [Prb.cpp, 835] - RxStream contents:01 00 0C 81 06 6E 00 01 00 AB 49 0D 
2013/07/16 21:44:23:119 [007052] TRACE [Prb.cpp, 943] - RadioBoardPacket(ACK):01 00 0C 81 06 6E 00 01 00 AB 49 0D 
2013/07/16 21:44:23:119 [006796] DEBUG [Prb.cpp, 512] - Read FPGA completed, Address=0x3070, Data=0x00
2013/07/16 21:44:23:120 [006796] DEBUG [ComSysDiagnostics.cpp, 31] - FPGA RSSI/AFC [Linking(valid frame)] linkedRSSI:63 linkedAFC:1 AFC:0
2013/07/16 21:44:23:125 [006796] TRACE [Prb.cpp, 493] - Reading FPGA, Address=0x3018
2013/07/16 21:44:23:126 [006796] TRACE [Prb.cpp, 1035] - ReadFPGAPacket(0x3018):01 00 0C 6F 82 00 02 30 18 38 22 0D 
2013/07/16 21:44:23:126 [007052] TRACE [Prb.cpp, 835] - RxStream contents:01 00 0C 83 06 6F 00 01 3E CF CE 0D 
2013/07/16 21:44:23:127 [007052] TRACE [Prb.cpp, 943] - RadioBoardPacket(ACK):01 00 0C 83 06 6F 00 01 3E CF CE 0D 
2013/07/16 21:44:23:127 [006796] DEBUG [Prb.cpp, 512] - Read FPGA completed, Address=0x3018, Data=0x3E
2013/07/16 21:44:23:128 [006796] TRACE [Prb.cpp, 493] - Reading FPGA, Address=0x301A
2013/07/16 21:44:23:129 [006796] TRACE [Prb.cpp, 1035] - ReadFPGAPacket(0x301A):01 00 0C 70 82 00 02 30 1A 10 30 0D 
2013/07/16 21:44:23:129 [007052] TRACE [Prb.cpp, 835] - RxStream contents:01 00 0C 84 06 70 00 01 FF A9 4B 0D 
2013/07/16 21:44:23:130 [007052] TRACE [Prb.cpp, 943] - RadioBoardPacket(ACK):01 00 0C 84 06 70 00 01 FF A9 4B 0D 
2013/07/16 21:44:23:130 [006796] DEBUG [Prb.cpp, 512] - Read FPGA completed, Address=0x301A, Data=0xFF
2013/07/16 21:44:23:131 [006796] TRACE [Prb.cpp, 493] - Reading FPGA, Address=0x3070
2013/07/16 21:44:23:132 [006796] TRACE [Prb.cpp, 1035] - ReadFPGAPacket(0x3070):01 00 0C 71 82 00 02 30 70 E9 4F 0D 
2013/07/16 21:44:23:132 [007052] TRACE [Prb.cpp, 835] - RxStream contents:01 00 0C 85 06 71 00 01 FF C5 4B 0D 
2013/07/16 21:44:23:133 [007052] TRACE [Prb.cpp, 943] - RadioBoardPacket(ACK):01 00 0C 85 06 71 00 01 FF C5 4B 0D 
2013/07/16 21:44:23:133 [006796] DEBUG [Prb.cpp, 512] - Read FPGA completed, Address=0x3070, Data=0xFF
2013/07/16 21:44:23:134 [006796] DEBUG [ComSysDiagnostics.cpp, 31] - FPGA RSSI/AFC [Linking(valid frame)] linkedRSSI:62 linkedAFC:255 AFC:255
2013/07/16 21:44:23:139 [006796] TRACE [Prb.cpp, 584] - Reading CC1020, Address=0x0004
2013/07/16 21:44:23:139 [006796] TRACE [Prb.cpp, 1035] - ReadCC1020Packet(0x04):01 00 0C 72 84 00 02 00 04 C1 67 0D 
2013/07/16 21:44:23:154 [007052] TRACE [Prb.cpp, 943] - RadioBoardPacket(ACK):01 00 0C 87 06 72 00 01 35 8B F4 0D 
2013/07/16 21:44:23:154 [006796] DEBUG [Prb.cpp, 603] - Read CC1020 completed, Address=0x0004, Data=0x35
2013/07/16 21:44:23:155 [006796] TRACE [Prb.cpp, 584] - Reading CC1020, Address=0x0005
2013/07/16 21:44:23:156 [006796] TRACE [Prb.cpp, 1035] - ReadCC1020Packet(0x05):01 00 0C 73 84 00 02 00 05 B9 61 0D 
2013/07/16 21:44:23:170 [007052] TRACE [Prb.cpp, 943] - RadioBoardPacket(ACK):01 00 0C 89 06 73 00 01 EF 4D 24 0D 
2013/07/16 21:44:23:170 [006796] DEBUG [Prb.cpp, 603] - Read CC1020 completed, Address=0x0005, Data=0xEF
2013/07/16 21:44:23:171 [006796] TRACE [Prb.cpp, 584] - Reading CC1020, Address=0x0006
2013/07/16 21:44:23:171 [006796] TRACE [Prb.cpp, 1035] - ReadCC1020Packet(0x06):01 00 0C 74 84 00 02 00 06 D1 6D 0D 
2013/07/16 21:44:23:185 [007052] TRACE [Prb.cpp, 943] - RadioBoardPacket(ACK):01 00 0C 8B 06 74 00 01 BD 50 CB 0D 
2013/07/16 21:44:23:186 [006796] DEBUG [Prb.cpp, 603] - Read CC1020 completed, Address=0x0006, Data=0xBD
2013/07/16 21:44:23:187 [006796] TRACE [Prb.cpp, 584] - Reading CC1020, Address=0x0008
2013/07/16 21:44:23:187 [006796] TRACE [Prb.cpp, 1035] - ReadCC1020Packet(0x08):01 00 0C 75 84 00 02 00 08 A9 49 0D 
2013/07/16 21:44:23:201 [007052] TRACE [Prb.cpp, 835] - RxStream contents:01 00 0C 8D 06 75 00 01 35 57 FD 0D 
2013/07/16 21:44:23:201 [007052] TRACE [Prb.cpp, 943] - RadioBoardPacket(ACK):01 00 0C 8D 06 75 00 01 35 57 FD 0D 
2013/07/16 21:44:23:202 [006796] DEBUG [Prb.cpp, 603] - Read CC1020 completed, Address=0x0008, Data=0x35
2013/07/16 21:44:23:203 [006796] TRACE [Prb.cpp, 584] - Reading CC1020, Address=0x0009
2013/07/16 21:44:23:203 [006796] TRACE [Prb.cpp, 1035] - ReadCC1020Packet(0x09):01 00 0C 76 84 00 02 00 09 A1 4C 0D 
2013/07/16 21:44:23:217 [007052] TRACE [Prb.cpp, 943] - RadioBoardPacket(ACK):01 00 0C 8F 06 76 00 01 FA 19 5C 0D 
2013/07/16 21:44:23:217 [006796] DEBUG [Prb.cpp, 603] - Read CC1020 completed, Address=0x0009, Data=0xFA
2013/07/16 21:44:23:218 [006796] TRACE [Prb.cpp, 584] - Reading CC1020, Address=0x000A
2013/07/16 21:44:23:218 [006796] TRACE [Prb.cpp, 1035] - ReadCC1020Packet(0x0A):01 00 0C 77 84 00 02 00 0A 59 45 0D 
2013/07/16 21:44:23:232 [007052] TRACE [Prb.cpp, 943] - RadioBoardPacket(ACK):01 00 0C 91 06 77 00 01 67 5E 0C 0D 
2013/07/16 21:44:23:233 [006796] DEBUG [Prb.cpp, 603] - Read CC1020 completed, Address=0x000A, Data=0x67
2013/07/16 21:44:23:233 [006796] TRACE [Prb.cpp, 584] - Reading CC1020, Address=0x000F
2013/07/16 21:44:23:234 [006796] TRACE [Prb.cpp, 1035] - ReadCC1020Packet(0x0F):01 00 0C 78 84 00 02 00 0F 71 54 0D 
2013/07/16 21:44:23:248 [007052] TRACE [Prb.cpp, 943] - RadioBoardPacket(ACK):01 00 0C 93 06 78 00 01 DF E1 9F 0D 
2013/07/16 21:44:23:248 [006796] DEBUG [Prb.cpp, 603] - Read CC1020 completed, Address=0x000F, Data=0xDF
2013/07/16 21:44:23:249 [006796] TRACE [Prb.cpp, 584] - Reading CC1020, Address=0x0010
2013/07/16 21:44:23:250 [006796] TRACE [Prb.cpp, 1035] - ReadCC1020Packet(0x10):01 00 0C 79 84 00 02 00 10 09 16 0D 
2013/07/16 21:44:23:263 [007052] TRACE [Prb.cpp, 943] - RadioBoardPacket(ACK):01 00 0C 95 06 79 00 01 22 67 94 0D 
2013/07/16 21:44:23:264 [006796] DEBUG [Prb.cpp, 603] - Read CC1020 completed, Address=0x0010, Data=0x22
2013/07/16 21:44:23:265 [006796] TRACE [Prb.cpp, 584] - Reading CC1020, Address=0x0013
2013/07/16 21:44:23:265 [006796] TRACE [Prb.cpp, 1035] - ReadCC1020Packet(0x13):01 00 0C 7A 84 00 02 00 13 81 1C 0D 
2013/07/16 21:44:23:279 [007052] TRACE [Prb.cpp, 943] - RadioBoardPacket(ACK):01 00 0C 97 06 7A 00 01 2F AB BA 0D 
2013/07/16 21:44:23:280 [006796] DEBUG [Prb.cpp, 603] - Read CC1020 completed, Address=0x0013, Data=0x2F
2013/07/16 21:44:23:280 [006796] TRACE [Prb.cpp, 584] - Reading CC1020, Address=0x0014
2013/07/16 21:44:23:281 [006796] TRACE [Prb.cpp, 1035] - ReadCC1020Packet(0x14):01 00 0C 7B 84 00 02 00 14 F9 0E 0D 
2013/07/16 21:44:23:295 [007052] TRACE [Prb.cpp, 835] - RxStream contents:01 00 0C 99 06 7B 00 01 2F EF B5 0D 
2013/07/16 21:44:23:295 [007052] TRACE [Prb.cpp, 943] - RadioBoardPacket(ACK):01 00 0C 99 06 7B 00 01 2F EF B5 0D 
2013/07/16 21:44:23:296 [006796] DEBUG [Prb.cpp, 603] - Read CC1020 completed, Address=0x0014, Data=0x2F
2013/07/16 21:44:23:296 [006796] TRACE [Prb.cpp, 584] - Reading CC1020, Address=0x0043
2013/07/16 21:44:23:297 [006796] TRACE [Prb.cpp, 1035] - ReadCC1020Packet(0x43):01 00 0C 7C 84 00 02 00 43 10 F9 0D 
2013/07/16 21:44:23:310 [007052] TRACE [Prb.cpp, 943] - RadioBoardPacket(ACK):01 00 0C 9B 06 7C 00 01 00 F3 54 0D 
2013/07/16 21:44:23:311 [006796] DEBUG [Prb.cpp, 603] - Read CC1020 completed, Address=0x0043, Data=0x00
2013/07/16 21:44:23:311 [006796] DEBUG [ComSysDiagnostics.cpp, 63] - CC1020 [Link complete] FREQ_2A: 0x35 FREQ_1A: 0xef FREQ_0A: 0xbd
2013/07/16 21:44:23:312 [006796] DEBUG [ComSysDiagnostics.cpp, 67] - CC1020 [Link complete] FREQ_2B: 0x35 FREQ_1B: 0xfa FREQ_0B: 0x67
2013/07/16 21:44:23:313 [006796] DEBUG [ComSysDiagnostics.cpp, 72] - CC1020 [Link complete] AFC_CONTROL: 0xdf FILTER: 0x22 VGA3: 0x2f VGA4: 0x2f AFC: 0x00
2013/07/16 21:44:23:313 [006796] TRACE [Prb.cpp, 493] - Reading FPGA, Address=0x3018
2013/07/16 21:44:23:314 [006796] TRACE [Prb.cpp, 1035] - ReadFPGAPacket(0x3018):01 00 0C 7D 82 00 02 30 18 C8 33 0D 
2013/07/16 21:44:23:314 [007052] TRACE [Prb.cpp, 835] - RxStream contents:01 00 0C 9D 06 7D 00 01 3C F7 DA 0D 
2013/07/16 21:44:23:315 [007052] TRACE [Prb.cpp, 943] - RadioBoardPacket(ACK):01 00 0C 9D 06 7D 00 01 3C F7 DA 0D 
2013/07/16 21:44:23:315 [006796] DEBUG [Prb.cpp, 512] - Read FPGA completed, Address=0x3018, Data=0x3C
2013/07/16 21:44:23:316 [006796] TRACE [Prb.cpp, 493] - Reading FPGA, Address=0x301A
2013/07/16 21:44:23:317 [006796] TRACE [Prb.cpp, 1035] - ReadFPGAPacket(0x301A):01 00 0C 7E 82 00 02 30 1A C0 3C 0D 
2013/07/16 21:44:23:317 [007052] TRACE [Prb.cpp, 835] - RxStream contents:01 00 0C 9E 06 7E 00 01 01 C3 57 0D 
2013/07/16 21:44:23:318 [007052] TRACE [Prb.cpp, 943] - RadioBoardPacket(ACK):01 00 0C 9E 06 7E 00 01 01 C3 57 0D 
2013/07/16 21:44:23:318 [006796] DEBUG [Prb.cpp, 512] - Read FPGA completed, Address=0x301A, Data=0x01
2013/07/16 21:44:23:319 [006796] TRACE [Prb.cpp, 493] - Reading FPGA, Address=0x3070
2013/07/16 21:44:23:319 [006796] TRACE [Prb.cpp, 1035] - ReadFPGAPacket(0x3070):01 00 0C 7F 82 00 02 30 70 39 43 0D 
2013/07/16 21:44:23:319 [007052] TRACE [Prb.cpp, 835] - RxStream contents:01 00 0C 9F 06 7F 00 01 00 2F 52 0D 
2013/07/16 21:44:23:320 [007052] TRACE [Prb.cpp, 943] - RadioBoardPacket(ACK):01 00 0C 9F 06 7F 00 01 00 2F 52 0D 
2013/07/16 21:44:23:321 [006796] DEBUG [Prb.cpp, 512] - Read FPGA completed, Address=0x3070, Data=0x00
2013/07/16 21:44:23:321 [006796] DEBUG [ComSysDiagnostics.cpp, 31] - FPGA RSSI/AFC [Link complete] linkedRSSI:60 linkedAFC:1 AFC:0
2013/07/16 21:44:23:323 [006796] INFO [ComSysDiagnostics.cpp, 79] - Status Counters [Link complete] FrameErrorsInLastSecond:1 EcgErrorsInLastSecond:0 MarkerOrImplantIdErrorsInLastSecond:0 TotalFrameErrors:1 TotalEcgErrors:0 TotalMarkerOrImplantIdErrors:0 TotalSentCommands:0 TotalGoodResponses:0 TotalBadResponses:0 TotalResponseTimeouts:0
2013/07/16 21:44:23:323 [006796] TRACE [Prb.cpp, 493] - Reading FPGA, Address=0x301C
2013/07/16 21:44:23:324 [006796] TRACE [Prb.cpp, 1035] - ReadFPGAPacket(0x301C):01 00 0C 80 82 00 02 30 1C 10 DB 0D 
2013/07/16 21:44:23:324 [007052] TRACE [Prb.cpp, 835] - RxStream contents:01 00 0C A0 06 80 00 01 01 8B 43 0D 
2013/07/16 21:44:23:325 [007052] TRACE [Prb.cpp, 943] - RadioBoardPacket(ACK):01 00 0C A0 06 80 00 01 01 8B 43 0D 
2013/07/16 21:44:23:325 [006796] DEBUG [Prb.cpp, 512] - Read FPGA completed, Address=0x301C, Data=0x01
2013/07/16 21:44:23:326 [006796] DEBUG [ComSysDiagnostics.cpp, 89] - FPGA Frame Error Counter [Link complete]:1
2013/07/16 21:44:23:327 [006796] INFO [CrossTalkDetector.cpp, 68] - CrossTalkDetector state changing from LinkingState to LinkedState
2013/07/16 21:44:23:328 [006796] INFO [CommunicationSystemStates.cpp, 221] - Link complete.
2013/07/16 21:44:28:344 [002368] INFO 0x801C0094 [CommunicationSystemStateMachine.cpp, 237] - Command: 0xe4. Retries: 3. Timeout: 500 ms.
2013/07/16 21:44:28:347 [002368] INFO 0x801C0094 [CommunicationSystemStateMachine.cpp, 252] - Send Command:E4 02 58 
2013/07/16 21:44:28:348 [002368] TRACE 0x801C0094 [Prb.cpp, 493] - Reading FPGA, Address=0x3018
2013/07/16 21:44:28:348 [002368] TRACE 0x801C0094 [Prb.cpp, 1035] - ReadFPGAPacket(0x3018):01 00 0C 81 82 00 02 30 18 68 C3 0D 
2013/07/16 21:44:28:348 [007052] TRACE 0x801C0094 [Prb.cpp, 835] - RxStream contents:01 00 0C E2 06 81 00 01 3E EF 86 0D 
2013/07/16 21:44:28:349 [007052] TRACE 0x801C0094 [Prb.cpp, 943] - RadioBoardPacket(ACK):01 00 0C E2 06 81 00 01 3E EF 86 0D 
2013/07/16 21:44:28:350 [002368] DEBUG 0x801C0094 [Prb.cpp, 512] - Read FPGA completed, Address=0x3018, Data=0x3E
2013/07/16 21:44:28:351 [002368] TRACE 0x801C0094 [Prb.cpp, 493] - Reading FPGA, Address=0x301A
2013/07/16 21:44:28:351 [002368] TRACE 0x801C0094 [Prb.cpp, 1035] - ReadFPGAPacket(0x301A):01 00 0C 82 82 00 02 30 1A 60 CC 0D 
2013/07/16 21:44:28:351 [007052] TRACE 0x801C0094 [Prb.cpp, 943] - RadioBoardPacket(ACK):01 00 0C E4 06 82 00 01 00 C3 04 0D 
2013/07/16 21:44:28:352 [002368] DEBUG 0x801C0094 [Prb.cpp, 512] - Read FPGA completed, Address=0x301A, Data=0x00
2013/07/16 21:44:28:353 [002368] TRACE 0x801C0094 [Prb.cpp, 493] - Reading FPGA, Address=0x3070
2013/07/16 21:44:28:354 [002368] TRACE 0x801C0094 [Prb.cpp, 1035] - ReadFPGAPacket(0x3070):01 00 0C 83 82 00 02 30 70 99 B3 0D 
2013/07/16 21:44:28:354 [007052] TRACE 0x801C0094 [Prb.cpp, 835] - RxStream contents:01 00 0C E5 06 83 00 01 00 AF 04 0D 
2013/07/16 21:44:28:355 [007052] TRACE 0x801C0094 [Prb.cpp, 943] - RadioBoardPacket(ACK):01 00 0C E5 06 83 00 01 00 AF 04 0D 
2013/07/16 21:44:28:355 [002368] DEBUG 0x801C0094 [Prb.cpp, 512] - Read FPGA completed, Address=0x3070, Data=0x00
2013/07/16 21:44:28:356 [002368] DEBUG 0x801C0094 [ComSysDiagnostics.cpp, 31] - FPGA RSSI/AFC [Send Command] linkedRSSI:62 linkedAFC:0 AFC:0
2013/07/16 21:44:28:356 [002368] TRACE 0x801C0094 [Prb.cpp, 383] - Send Command, Command=0xe4
2013/07/16 21:44:28:357 [002368] TRACE 0x801C0094 [Prb.cpp, 1035] - WriteTransmitterPacket():01 00 0D 84 87 00 03 E4 02 58 88 E3 0D 
2013/07/16 21:44:28:357 [007052] TRACE 0x801C0094 [Prb.cpp, 835] - RxStream contents:01 00 0B E6 06 84 00 00 16 4A 0D 
2013/07/16 21:44:28:358 [007052] TRACE 0x801C0094 [Prb.cpp, 943] - RadioBoardPacket(ACK):01 00 0B E6 06 84 00 00 16 4A 0D 
2013/07/16 21:44:28:358 [002368] DEBUG 0x801C0094 [Prb.cpp, 402] - Send Command completed, Command=0xe4
2013/07/16 21:44:28:509 [006796] INFO 0x801C0094 [ComSysDiagnostics.cpp, 79] - Status Counters [Link lost] FrameErrorsInLastSecond:8 EcgErrorsInLastSecond:0 MarkerOrImplantIdErrorsInLastSecond:0 TotalFrameErrors:9 TotalEcgErrors:0 TotalMarkerOrImplantIdErrors:0 TotalSentCommands:1 TotalGoodResponses:0 TotalBadResponses:0 TotalResponseTimeouts:0
2013/07/16 21:44:28:510 [006796] TRACE 0x801C0094 [Prb.cpp, 493] - Reading FPGA, Address=0x301C
2013/07/16 21:44:28:510 [006796] TRACE 0x801C0094 [Prb.cpp, 1035] - ReadFPGAPacket(0x301C):01 00 0C 85 82 00 02 30 1C 08 DE 0D 
2013/07/16 21:44:28:510 [007052] TRACE 0x801C0094 [Prb.cpp, 835] - RxStream contents:01 00 0C F1 06 85 00 01 0A B7 2C 0D 
2013/07/16 21:44:28:512 [007052] TRACE 0x801C0094 [Prb.cpp, 943] - RadioBoardPacket(ACK):01 00 0C F1 06 85 00 01 0A B7 2C 0D 
2013/07/16 21:44:28:512 [006796] DEBUG 0x801C0094 [Prb.cpp, 512] - Read FPGA completed, Address=0x301C, Data=0x0A
2013/07/16 21:44:28:513 [006796] DEBUG 0x801C0094 [ComSysDiagnostics.cpp, 89] - FPGA Frame Error Counter [Link lost]:10
2013/07/16 21:44:28:521 [006796] INFO 0x801C0094 [CommunicationSystemStateMachine.cpp, 769] - Command Completed
2013/07/16 21:44:28:521 [006796] DEBUG 0x801C0094 [CommunicationSystemStateMachine.cpp, 330] - ... after 10 frames.
2013/07/16 21:44:28:524 [006796] TRACE 0x801C0094 [Prb.cpp, 448] - Writing FPGA, Address=0x1008, Data=0x08
2013/07/16 21:44:28:524 [006796] TRACE 0x801C0094 [Prb.cpp, 1035] - WriteFPGAPacket(0x1008, 0x08):01 00 0D 86 81 00 03 10 08 08 2B B6 0D 
2013/07/16 21:44:28:524 [007052] TRACE 0x801C0094 [Prb.cpp, 835] - RxStream contents:01 00 0B F3 06 86 00 00 10 7A 0D 
2013/07/16 21:44:28:526 [007052] TRACE 0x801C0094 [Prb.cpp, 943] - RadioBoardPacket(ACK):01 00 0B F3 06 86 00 00 10 7A 0D 
2013/07/16 21:44:28:526 [006796] DEBUG 0x801C0094 [Prb.cpp, 466] - Write FPGA completed, Address=0x1008, Data=0x08
2013/07/16 21:44:28:543 [006796] TRACE 0x801C0094 [Prb.cpp, 493] - Reading FPGA, Address=0x300A
2013/07/16 21:44:28:544 [006796] TRACE 0x801C0094 [Prb.cpp, 1035] - ReadFPGAPacket(0x300A):01 00 0C 87 82 00 02 30 0A F8 AA 0D 
2013/07/16 21:44:28:544 [007052] TRACE 0x801C0094 [Prb.cpp, 835] - RxStream contents:01 00 0C F4 06 87 00 01 00 07 16 0D 
2013/07/16 21:44:28:545 [007052] TRACE 0x801C0094 [Prb.cpp, 943] - RadioBoardPacket(ACK):01 00 0C F4 06 87 00 01 00 07 16 0D 
2013/07/16 21:44:28:545 [006796] DEBUG 0x801C0094 [Prb.cpp, 512] - Read FPGA completed, Address=0x300A, Data=0x00
2013/07/16 21:44:28:546 [006796] TRACE 0x801C0094 [Prb.cpp, 448] - Writing FPGA, Address=0x300A, Data=0x03
2013/07/16 21:44:28:547 [006796] TRACE 0x801C0094 [Prb.cpp, 1035] - WriteFPGAPacket(0x300A, 0x03):01 00 0D 88 81 00 03 30 0A 03 2B EC 0D 
2013/07/16 21:44:28:547 [007052] TRACE 0x801C0094 [Prb.cpp, 835] - RxStream contents:01 00 0B F5 06 88 00 00 91 B1 0D 
2013/07/16 21:44:28:548 [007052] TRACE 0x801C0094 [Prb.cpp, 943] - RadioBoardPacket(ACK):01 00 0B F5 06 88 00 00 91 B1 0D 
2013/07/16 21:44:28:548 [006796] DEBUG 0x801C0094 [Prb.cpp, 466] - Write FPGA completed, Address=0x300A, Data=0x03
2013/07/16 21:44:33:717 [007436] INFO [NCommunicationSystem.cpp, 747] - Disposing: 1
2013/07/16 21:44:33:719 [007436] INFO [CrossAppDomainEventMarshaller.cpp, 44] - Disposing: 1
2013/07/16 21:44:33:720 [007436] INFO [CrossAppDomainEventMarshaller.cpp, 155] - abortGetNextEvent called
2013/07/16 21:44:33:721 [007436] INFO [CrossAppDomainEventMarshaller.cpp, 48] - Waiting for CrossDomainEventTranslator::m_pHandleEventsThread to stop
2013/07/16 21:44:33:721 [004180] INFO [CrossAppDomainEventMarshaller.cpp, 80] - handleEventsThread exiting (thread aborted)
2013/07/16 21:44:33:722 [007436] INFO [CrossAppDomainEventMarshaller.cpp, 54] - CrossDomainEventTranslator::m_pHandleEventsThread stopped
2013/07/16 21:44:33:723 [007436] INFO [CrossAppDomainEventMarshaller.cpp, 110] - EventHandler dtor
2013/07/16 21:44:33:724 [007436] INFO [CrossAppDomainEventMarshaller.cpp, 60] - Disposed.
2013/07/16 21:44:33:725 [007052] DEBUG [Prb.cpp, 867] - Prb receive thread terminated.
2013/07/16 21:44:33:730 [006796] INFO [ExceptionCatchingThread.cpp, 170] - Exited the interrupt thread procedure with return value 0.
2013/07/16 21:44:33:827 [002368] INFO [ExceptionCatchingThread.cpp, 170] - Exited the dispatch thread procedure with return value 0.
2013/07/16 21:44:33:829 [007272] INFO [ExceptionCatchingThread.cpp, 170] - Exited the timer thread procedure with return value 0.
2013/07/16 21:44:33:932 [007436] INFO [NCommunicationSystem.cpp, 779] - Disposed.
<<<<< Log Footer: 07/16/2013 21:44:33 >>>>>
