<<<<< Log Header: 07/17/2013 20:16:57 >>>>>
2013/07/17 20:16:57:363 [006152] INFO [NCommunicationSystem.cpp, 108] - nCommunicationSystem, Version=1.8.2.1, Culture=neutral, PublicKeyToken=56b5378c99c0bcfd
2013/07/17 20:16:57:379 [006152] INFO [ExceptionCatchingThread.cpp, 257] - Created the timer thread with id 6572 (0x19ac).
2013/07/17 20:16:57:381 [006572] INFO [ExceptionCatchingThread.cpp, 168] - Executing the timer thread procedure...
2013/07/17 20:16:57:385 [006152] INFO [ExceptionCatchingThread.cpp, 257] - Created the dispatch thread with id 6244 (0x1864).
2013/07/17 20:16:57:385 [006244] INFO [ExceptionCatchingThread.cpp, 168] - Executing the dispatch thread procedure...
2013/07/17 20:17:00:388 [006152] DEBUG [Prb.cpp, 252] - PRB logging started.
2013/07/17 20:17:00:396 [006152] DEBUG [Prb.cpp, 130] - Number of FTDI devices: 1
2013/07/17 20:17:00:397 [006152] DEBUG [Prb.cpp, 158] - FTDI Device[0]: ID=67330069
2013/07/17 20:17:00:399 [006152] DEBUG [Prb.cpp, 169] - FTDI handle=158678312
2013/07/17 20:17:00:399 [006152] INFO [Prb.cpp, 179] - FTDI Driver Version 2.08.24.0
2013/07/17 20:17:00:657 [006152] INFO [Prb.cpp, 205] - FTDI Configuration: MaxCurrent=200, CBus5=21, CBus6=0x4
2013/07/17 20:17:00:908 [006152] INFO [Prb.cpp, 246] - PRB driver initialized.
2013/07/17 20:17:00:908 [006152] TRACE [Prb.cpp, 448] - Writing FPGA, Address=0x1008, Data=0x08
2013/07/17 20:17:00:909 [006152] TRACE [Prb.cpp, 1035] - WriteFPGAPacket(0x1008, 0x08):01 00 0D 00 81 00 03 10 08 08 25 D5 0D 
2013/07/17 20:17:00:909 [006524] TRACE [Prb.cpp, 835] - RxStream contents:01 00 0B 5F 06 00 00 00 AB 21 0D 
2013/07/17 20:17:00:910 [006524] TRACE [Prb.cpp, 943] - RadioBoardPacket(ACK):01 00 0B 5F 06 00 00 00 AB 21 0D 
2013/07/17 20:17:00:911 [006152] DEBUG [Prb.cpp, 466] - Write FPGA completed, Address=0x1008, Data=0x08
2013/07/17 20:17:00:927 [006152] TRACE [Prb.cpp, 493] - Reading FPGA, Address=0x300A
2013/07/17 20:17:00:927 [006152] TRACE [Prb.cpp, 1035] - ReadFPGAPacket(0x300A):01 00 0C 01 82 00 02 30 0A E8 24 0D 
2013/07/17 20:17:00:927 [006524] TRACE [Prb.cpp, 835] - RxStream contents:01 00 0C 60 06 01 00 01 00 1F B6 0D 
2013/07/17 20:17:00:929 [006524] TRACE [Prb.cpp, 943] - RadioBoardPacket(ACK):01 00 0C 60 06 01 00 01 00 1F B6 0D 
2013/07/17 20:17:00:929 [006152] DEBUG [Prb.cpp, 512] - Read FPGA completed, Address=0x300A, Data=0x00
2013/07/17 20:17:00:930 [006152] TRACE [Prb.cpp, 448] - Writing FPGA, Address=0x300A, Data=0x03
2013/07/17 20:17:00:930 [006152] TRACE [Prb.cpp, 1035] - WriteFPGAPacket(0x300A, 0x03):01 00 0D 02 81 00 03 30 0A 03 29 4F 0D 
2013/07/17 20:17:00:930 [006524] TRACE [Prb.cpp, 835] - RxStream contents:01 00 0B 61 06 02 00 00 A1 59 0D 
2013/07/17 20:17:00:931 [006524] TRACE [Prb.cpp, 943] - RadioBoardPacket(ACK):01 00 0B 61 06 02 00 00 A1 59 0D 
2013/07/17 20:17:00:932 [006152] DEBUG [Prb.cpp, 466] - Write FPGA completed, Address=0x300A, Data=0x03
2013/07/17 20:17:00:944 [006152] INFO [CrossTalkDetector.cpp, 14] - EnterCrossTalkThreshold = 8
2013/07/17 20:17:00:945 [006152] INFO [CrossTalkDetector.cpp, 21] - LeaveCrossTalkThreshold = 4
2013/07/17 20:17:00:946 [006152] INFO [CrossTalkDetector.cpp, 28] - LinkThreshold = 8
2013/07/17 20:17:00:948 [006152] INFO [ExceptionCatchingThread.cpp, 257] - Created the interrupt thread with id 6228 (0x1854).
2013/07/17 20:17:00:949 [006152] DEBUG [Prb.cpp, 252] - PRB logging started.
2013/07/17 20:17:00:948 [006228] INFO [ExceptionCatchingThread.cpp, 168] - Executing the interrupt thread procedure...
2013/07/17 20:17:00:950 [006152] INFO [CommunicationSystem.cpp, 640] - Calibrating the PRB CC1020.
2013/07/17 20:17:00:951 [006152] TRACE [Prb.cpp, 448] - Writing FPGA, Address=0x1008, Data=0x01
2013/07/17 20:17:00:951 [006152] TRACE [Prb.cpp, 1035] - WriteFPGAPacket(0x1008, 0x01):01 00 0D 03 81 00 03 10 08 01 26 D3 0D 
2013/07/17 20:17:00:951 [006524] TRACE [Prb.cpp, 835] - RxStream contents:01 00 0B 62 06 03 00 00 21 C6 0D 
2013/07/17 20:17:00:952 [006524] TRACE [Prb.cpp, 943] - RadioBoardPacket(ACK):01 00 0B 62 06 03 00 00 21 C6 0D 
2013/07/17 20:17:00:953 [006152] DEBUG [Prb.cpp, 466] - Write FPGA completed, Address=0x1008, Data=0x01
2013/07/17 20:17:01:035 [006524] TRACE [Prb.cpp, 835] - RxStream contents:01 00 0D 63 00 00 00 02 09 00 03 35 0D 
2013/07/17 20:17:01:038 [006228] DEBUG [CommunicationSystem.cpp, 1120] - Calibration complete.
2013/07/17 20:17:01:038 [006152] TRACE [Prb.cpp, 493] - Reading FPGA, Address=0x2012
2013/07/17 20:17:01:039 [006152] TRACE [Prb.cpp, 1035] - ReadFPGAPacket(0x2012):01 00 0C 04 82 00 02 20 12 10 72 0D 
2013/07/17 20:17:01:039 [006524] TRACE [Prb.cpp, 835] - RxStream contents:01 00 0C 64 06 04 00 01 00 BB B0 0D 
2013/07/17 20:17:01:040 [006524] TRACE [Prb.cpp, 943] - RadioBoardPacket(ACK):01 00 0C 64 06 04 00 01 00 BB B0 0D 
2013/07/17 20:17:01:041 [006152] DEBUG [Prb.cpp, 512] - Read FPGA completed, Address=0x2012, Data=0x00
2013/07/17 20:17:01:041 [006152] INFO [CommunicationSystem.cpp, 653] - CC1020 Calibration succeeded.
2013/07/17 20:17:01:042 [006152] TRACE [Prb.cpp, 448] - Writing FPGA, Address=0x1006, Data=0x08
2013/07/17 20:17:01:042 [006152] TRACE [Prb.cpp, 1035] - WriteFPGAPacket(0x1006, 0x08):01 00 0D 05 81 00 03 10 06 08 84 86 0D 
2013/07/17 20:17:01:042 [006524] TRACE [Prb.cpp, 835] - RxStream contents:01 00 0B 65 06 05 00 00 A0 D5 0D 
2013/07/17 20:17:01:043 [006524] TRACE [Prb.cpp, 943] - RadioBoardPacket(ACK):01 00 0B 65 06 05 00 00 A0 D5 0D 
2013/07/17 20:17:01:044 [006152] DEBUG [Prb.cpp, 466] - Write FPGA completed, Address=0x1006, Data=0x08
2013/07/17 20:17:01:044 [006152] TRACE [Prb.cpp, 493] - Reading FPGA, Address=0x3000
2013/07/17 20:17:01:045 [006152] TRACE [Prb.cpp, 1035] - ReadFPGAPacket(0x3000):01 00 0C 06 82 00 02 30 00 80 1E 0D 
2013/07/17 20:17:01:045 [006524] TRACE [Prb.cpp, 835] - RxStream contents:01 00 0C 66 06 06 00 01 07 E3 A1 0D 
2013/07/17 20:17:01:046 [006524] TRACE [Prb.cpp, 943] - RadioBoardPacket(ACK):01 00 0C 66 06 06 00 01 07 E3 A1 0D 
2013/07/17 20:17:01:047 [006152] DEBUG [Prb.cpp, 512] - Read FPGA completed, Address=0x3000, Data=0x07
2013/07/17 20:17:01:047 [006152] INFO [CommunicationSystem.cpp, 613] - FPGA Revision 7.
2013/07/17 20:17:01:048 [006152] TRACE [Prb.cpp, 584] - Reading CC1020, Address=0x0004
2013/07/17 20:17:01:049 [006152] TRACE [Prb.cpp, 1035] - ReadCC1020Packet(0x04):01 00 0C 07 84 00 02 00 04 59 16 0D 
2013/07/17 20:17:01:049 [006524] TRACE [Prb.cpp, 835] - RxStream contents:01 00 0C 67 06 07 00 01 35 0F 0E 0D 
2013/07/17 20:17:01:050 [006524] TRACE [Prb.cpp, 943] - RadioBoardPacket(ACK):01 00 0C 67 06 07 00 01 35 0F 0E 0D 
2013/07/17 20:17:01:050 [006152] DEBUG [Prb.cpp, 603] - Read CC1020 completed, Address=0x0004, Data=0x35
2013/07/17 20:17:01:051 [006152] INFO [CommunicationSystem.cpp, 614] - CC1020 Frequency 2A 0x35.
2013/07/17 20:17:01:052 [006152] TRACE [Prb.cpp, 584] - Reading CC1020, Address=0x0005
2013/07/17 20:17:01:052 [006152] TRACE [Prb.cpp, 1035] - ReadCC1020Packet(0x05):01 00 0C 08 84 00 02 00 05 F1 1C 0D 
2013/07/17 20:17:01:052 [006524] TRACE [Prb.cpp, 835] - RxStream contents:01 00 0C 68 06 08 00 01 F0 E9 9F 0D 
2013/07/17 20:17:01:053 [006524] TRACE [Prb.cpp, 943] - RadioBoardPacket(ACK):01 00 0C 68 06 08 00 01 F0 E9 9F 0D 
2013/07/17 20:17:01:054 [006152] DEBUG [Prb.cpp, 603] - Read CC1020 completed, Address=0x0005, Data=0xF0
2013/07/17 20:17:01:054 [006152] INFO [CommunicationSystem.cpp, 615] - CC1020 Frequency 1A 0xf0.
2013/07/17 20:17:01:055 [006152] TRACE [Prb.cpp, 584] - Reading CC1020, Address=0x0006
2013/07/17 20:17:01:055 [006152] TRACE [Prb.cpp, 1035] - ReadCC1020Packet(0x06):01 00 0C 09 84 00 02 00 06 09 15 0D 
2013/07/17 20:17:01:055 [006524] TRACE [Prb.cpp, 835] - RxStream contents:01 00 0C 69 06 09 00 01 21 87 79 0D 
2013/07/17 20:17:01:056 [006524] TRACE [Prb.cpp, 943] - RadioBoardPacket(ACK):01 00 0C 69 06 09 00 01 21 87 79 0D 
2013/07/17 20:17:01:057 [006152] DEBUG [Prb.cpp, 603] - Read CC1020 completed, Address=0x0006, Data=0x21
2013/07/17 20:17:01:057 [006152] INFO [CommunicationSystem.cpp, 616] - CC1020 Frequency 0A 0x21.
2013/07/17 20:17:01:058 [006152] TRACE [Prb.cpp, 584] - Reading CC1020, Address=0x0008
2013/07/17 20:17:01:058 [006152] TRACE [Prb.cpp, 1035] - ReadCC1020Packet(0x08):01 00 0C 0A 84 00 02 00 08 01 32 0D 
2013/07/17 20:17:01:059 [006524] TRACE [Prb.cpp, 835] - RxStream contents:01 00 0C 6A 06 0A 00 01 35 33 01 0D 
2013/07/17 20:17:01:059 [006524] TRACE [Prb.cpp, 943] - RadioBoardPacket(ACK):01 00 0C 6A 06 0A 00 01 35 33 01 0D 
2013/07/17 20:17:01:060 [006152] DEBUG [Prb.cpp, 603] - Read CC1020 completed, Address=0x0008, Data=0x35
2013/07/17 20:17:01:060 [006152] INFO [CommunicationSystem.cpp, 617] - CC1020 Frequency 2B 0x35.
2013/07/17 20:17:01:061 [006152] TRACE [Prb.cpp, 584] - Reading CC1020, Address=0x0009
2013/07/17 20:17:01:061 [006152] TRACE [Prb.cpp, 1035] - ReadCC1020Packet(0x09):01 00 0C 0B 84 00 02 00 09 79 34 0D 
2013/07/17 20:17:01:062 [006524] TRACE [Prb.cpp, 835] - RxStream contents:01 00 0C 6B 06 0B 00 01 FA 5D A3 0D 
2013/07/17 20:17:01:062 [006524] TRACE [Prb.cpp, 943] - RadioBoardPacket(ACK):01 00 0C 6B 06 0B 00 01 FA 5D A3 0D 
2013/07/17 20:17:01:063 [006152] DEBUG [Prb.cpp, 603] - Read CC1020 completed, Address=0x0009, Data=0xFA
2013/07/17 20:17:01:063 [006152] INFO [CommunicationSystem.cpp, 618] - CC1020 Frequency 1B 0xfa.
2013/07/17 20:17:01:064 [006152] TRACE [Prb.cpp, 584] - Reading CC1020, Address=0x000A
2013/07/17 20:17:01:064 [006152] TRACE [Prb.cpp, 1035] - ReadCC1020Packet(0x0A):01 00 0C 0C 84 00 02 00 0A 11 38 0D 
2013/07/17 20:17:01:064 [006524] TRACE [Prb.cpp, 835] - RxStream contents:01 00 0C 6C 06 0C 00 01 CB 59 03 0D 
2013/07/17 20:17:01:065 [006524] TRACE [Prb.cpp, 943] - RadioBoardPacket(ACK):01 00 0C 6C 06 0C 00 01 CB 59 03 0D 
2013/07/17 20:17:01:066 [006152] DEBUG [Prb.cpp, 603] - Read CC1020 completed, Address=0x000A, Data=0xCB
2013/07/17 20:17:01:066 [006152] INFO [CommunicationSystem.cpp, 619] - CC1020 Frequency 0B 0xcb.
2013/07/17 20:17:01:067 [006152] DEBUG [Prb.cpp, 650] - Read EEPROM completed, Address=0x060A, Data=0x00
2013/07/17 20:17:01:067 [006152] INFO [CommunicationSystem.cpp, 620] - RSSI Calibration Reference Center Channel 0.
2013/07/17 20:17:01:068 [006152] TRACE [Prb.cpp, 493] - Reading FPGA, Address=0x3054
2013/07/17 20:17:01:068 [006152] TRACE [Prb.cpp, 1035] - ReadFPGAPacket(0x3054):01 00 0C 0D 82 00 02 30 54 C9 EC 0D 
2013/07/17 20:17:01:069 [006524] TRACE [Prb.cpp, 835] - RxStream contents:01 00 0C 6D 06 0D 00 01 07 37 AB 0D 
2013/07/17 20:17:01:069 [006524] TRACE [Prb.cpp, 943] - RadioBoardPacket(ACK):01 00 0C 6D 06 0D 00 01 07 37 AB 0D 
2013/07/17 20:17:01:070 [006152] DEBUG [Prb.cpp, 512] - Read FPGA completed, Address=0x3054, Data=0x07
2013/07/17 20:17:01:070 [006152] INFO [CommunicationSystem.cpp, 621] - CC1020 PA_POWER 0x7.
2013/07/17 20:17:01:071 [006152] TRACE [Prb.cpp, 584] - Reading CC1020, Address=0x001C
2013/07/17 20:17:01:072 [006152] TRACE [Prb.cpp, 1035] - ReadCC1020Packet(0x1C):01 00 0C 0E 84 00 02 00 1C E1 4C 0D 
2013/07/17 20:17:01:072 [006524] TRACE [Prb.cpp, 835] - RxStream contents:01 00 0C 6E 06 0E 00 01 07 83 AB 0D 
2013/07/17 20:17:01:073 [006524] TRACE [Prb.cpp, 943] - RadioBoardPacket(ACK):01 00 0C 6E 06 0E 00 01 07 83 AB 0D 
2013/07/17 20:17:01:073 [006152] DEBUG [Prb.cpp, 603] - Read CC1020 completed, Address=0x001C, Data=0x07
2013/07/17 20:17:01:073 [006152] INFO [CommunicationSystem.cpp, 622] - CC1020 Transmit Power 0x7.
2013/07/17 20:17:01:074 [006152] TRACE [Prb.cpp, 493] - Reading FPGA, Address=0x3014
2013/07/17 20:17:01:075 [006152] TRACE [Prb.cpp, 1035] - ReadFPGAPacket(0x3014):01 00 0C 0F 82 00 02 30 14 38 6C 0D 
2013/07/17 20:17:01:075 [006524] TRACE [Prb.cpp, 835] - RxStream contents:01 00 0C 6F 06 0F 00 01 00 6F BA 0D 
2013/07/17 20:17:01:076 [006524] TRACE [Prb.cpp, 943] - RadioBoardPacket(ACK):01 00 0C 6F 06 0F 00 01 00 6F BA 0D 
2013/07/17 20:17:01:076 [006152] DEBUG [Prb.cpp, 512] - Read FPGA completed, Address=0x3014, Data=0x00
2013/07/17 20:17:01:077 [006152] INFO [CommunicationSystem.cpp, 623] - Low Noise Amplifier Circumvented 0.
2013/07/17 20:17:01:077 [006152] TRACE [Prb.cpp, 584] - Reading CC1020, Address=0x0001
2013/07/17 20:17:01:078 [006152] TRACE [Prb.cpp, 1035] - ReadCC1020Packet(0x01):01 00 0C 10 84 00 02 00 01 B1 1C 0D 
2013/07/17 20:17:01:078 [006524] TRACE [Prb.cpp, 835] - RxStream contents:01 00 0C 70 06 10 00 01 0F 4B 83 0D 
2013/07/17 20:17:01:079 [006524] TRACE [Prb.cpp, 943] - RadioBoardPacket(ACK):01 00 0C 70 06 10 00 01 0F 4B 83 0D 
2013/07/17 20:17:01:079 [006152] DEBUG [Prb.cpp, 603] - Read CC1020 completed, Address=0x0001, Data=0x0F
2013/07/17 20:17:01:080 [006152] INFO [CommunicationSystem.cpp, 624] - Low Noise Amplifier 0xf.
2013/07/17 20:17:01:080 [006152] TRACE [Prb.cpp, 493] - Reading FPGA, Address=0x1006
2013/07/17 20:17:01:081 [006152] TRACE [Prb.cpp, 1035] - ReadFPGAPacket(0x1006):01 00 0C 11 82 00 02 10 06 28 1D 0D 
2013/07/17 20:17:01:081 [006524] TRACE [Prb.cpp, 835] - RxStream contents:01 00 0C 71 06 11 00 01 08 A7 92 0D 
2013/07/17 20:17:01:082 [006524] TRACE [Prb.cpp, 943] - RadioBoardPacket(ACK):01 00 0C 71 06 11 00 01 08 A7 92 0D 
2013/07/17 20:17:01:082 [006152] DEBUG [Prb.cpp, 512] - Read FPGA completed, Address=0x1006, Data=0x08
2013/07/17 20:17:01:083 [006152] INFO [CommunicationSystem.cpp, 625] - Allowed Framing Errors 8.
2013/07/17 20:17:01:086 [006152] INFO [CrossTalkDetector.cpp, 28] - LinkThreshold = 8
2013/07/17 20:17:01:086 [006152] INFO [CrossTalkDetector.cpp, 14] - EnterCrossTalkThreshold = 8
2013/07/17 20:17:01:087 [006152] INFO [CrossTalkDetector.cpp, 21] - LeaveCrossTalkThreshold = 4
2013/07/17 20:17:01:096 [006592] TRACE [Prb.cpp, 493] - Reading FPGA, Address=0x3000
2013/07/17 20:17:01:097 [006592] TRACE [Prb.cpp, 1035] - ReadFPGAPacket(0x3000):01 00 0C 12 82 00 02 30 00 E0 0A 0D 
2013/07/17 20:17:01:097 [006524] TRACE [Prb.cpp, 835] - RxStream contents:01 00 0C 72 06 12 00 01 07 13 B0 0D 
2013/07/17 20:17:01:098 [006524] TRACE [Prb.cpp, 943] - RadioBoardPacket(ACK):01 00 0C 72 06 12 00 01 07 13 B0 0D 
2013/07/17 20:17:01:098 [006592] DEBUG [Prb.cpp, 512] - Read FPGA completed, Address=0x3000, Data=0x07
2013/07/17 20:17:01:099 [006592] TRACE [Prb.cpp, 539] - Writing CC1020, Address=0x001C, Data=0x07
2013/07/17 20:17:01:100 [006592] TRACE [Prb.cpp, 1035] - WriteCC1020Packet(0x1C, 0x07):01 00 0D 13 83 00 03 00 1C 07 3E 84 0D 
2013/07/17 20:17:01:100 [006524] TRACE [Prb.cpp, 835] - RxStream contents:01 00 0B 73 06 13 00 00 A7 7D 0D 
2013/07/17 20:17:01:102 [006524] TRACE [Prb.cpp, 943] - RadioBoardPacket(ACK):01 00 0B 73 06 13 00 00 A7 7D 0D 
2013/07/17 20:17:01:102 [006592] DEBUG [Prb.cpp, 557] - Write CC1020 completed, Address=0x001C, Data=0x07
2013/07/17 20:17:01:132 [006152] TRACE [Prb.cpp, 493] - Reading FPGA, Address=0x3000
2013/07/17 20:17:01:133 [006152] TRACE [Prb.cpp, 1035] - ReadFPGAPacket(0x3000):01 00 0C 14 82 00 02 30 00 70 0F 0D 
2013/07/17 20:17:01:133 [006524] TRACE [Prb.cpp, 835] - RxStream contents:01 00 0C 74 06 14 00 01 07 FB B5 0D 
2013/07/17 20:17:01:134 [006524] TRACE [Prb.cpp, 943] - RadioBoardPacket(ACK):01 00 0C 74 06 14 00 01 07 FB B5 0D 
2013/07/17 20:17:01:134 [006152] DEBUG [Prb.cpp, 512] - Read FPGA completed, Address=0x3000, Data=0x07
2013/07/17 20:17:01:142 [006152] INFO [CommunicationSystem.cpp, 640] - Calibrating the PRB CC1020.
2013/07/17 20:17:01:143 [006152] TRACE [Prb.cpp, 448] - Writing FPGA, Address=0x1008, Data=0x01
2013/07/17 20:17:01:144 [006152] TRACE [Prb.cpp, 1035] - WriteFPGAPacket(0x1008, 0x01):01 00 0D 15 81 00 03 10 08 01 B1 B0 0D 
2013/07/17 20:17:01:144 [006524] TRACE [Prb.cpp, 835] - RxStream contents:01 00 0B 75 06 15 00 00 A6 15 0D 
2013/07/17 20:17:01:145 [006524] TRACE [Prb.cpp, 943] - RadioBoardPacket(ACK):01 00 0B 75 06 15 00 00 A6 15 0D 
2013/07/17 20:17:01:146 [006152] DEBUG [Prb.cpp, 466] - Write FPGA completed, Address=0x1008, Data=0x01
2013/07/17 20:17:01:227 [006524] TRACE [Prb.cpp, 835] - RxStream contents:01 00 0D 76 00 00 00 02 09 00 97 66 0D 
2013/07/17 20:17:01:229 [006228] DEBUG [CommunicationSystem.cpp, 1120] - Calibration complete.
2013/07/17 20:17:01:229 [006152] TRACE [Prb.cpp, 493] - Reading FPGA, Address=0x2012
2013/07/17 20:17:01:230 [006152] TRACE [Prb.cpp, 1035] - ReadFPGAPacket(0x2012):01 00 0C 16 82 00 02 20 12 E0 63 0D 
2013/07/17 20:17:01:230 [006524] TRACE [Prb.cpp, 835] - RxStream contents:01 00 0C 77 06 16 00 01 00 5B A7 0D 
2013/07/17 20:17:01:231 [006524] TRACE [Prb.cpp, 943] - RadioBoardPacket(ACK):01 00 0C 77 06 16 00 01 00 5B A7 0D 
2013/07/17 20:17:01:231 [006152] DEBUG [Prb.cpp, 512] - Read FPGA completed, Address=0x2012, Data=0x00
2013/07/17 20:17:01:232 [006152] INFO [CommunicationSystem.cpp, 653] - CC1020 Calibration succeeded.
2013/07/17 20:17:01:237 [006152] TRACE [Prb.cpp, 584] - Reading CC1020, Address=0x0004
2013/07/17 20:17:01:238 [006152] TRACE [Prb.cpp, 1035] - ReadCC1020Packet(0x04):01 00 0C 17 84 00 02 00 04 D9 04 0D 
2013/07/17 20:17:01:238 [006524] TRACE [Prb.cpp, 835] - RxStream contents:01 00 0C 78 06 17 00 01 35 E7 15 0D 
2013/07/17 20:17:01:239 [006524] TRACE [Prb.cpp, 943] - RadioBoardPacket(ACK):01 00 0C 78 06 17 00 01 35 E7 15 0D 
2013/07/17 20:17:01:240 [006152] DEBUG [Prb.cpp, 603] - Read CC1020 completed, Address=0x0004, Data=0x35
2013/07/17 20:17:01:242 [006152] TRACE [Prb.cpp, 584] - Reading CC1020, Address=0x0005
2013/07/17 20:17:01:243 [006152] TRACE [Prb.cpp, 1035] - ReadCC1020Packet(0x05):01 00 0C 18 84 00 02 00 05 71 0E 0D 
2013/07/17 20:17:01:243 [006524] TRACE [Prb.cpp, 835] - RxStream contents:01 00 0C 79 06 18 00 01 F0 D1 88 0D 
2013/07/17 20:17:01:244 [006524] TRACE [Prb.cpp, 943] - RadioBoardPacket(ACK):01 00 0C 79 06 18 00 01 F0 D1 88 0D 
2013/07/17 20:17:01:244 [006152] DEBUG [Prb.cpp, 603] - Read CC1020 completed, Address=0x0005, Data=0xF0
2013/07/17 20:17:01:246 [006152] TRACE [Prb.cpp, 584] - Reading CC1020, Address=0x0006
2013/07/17 20:17:01:246 [006152] TRACE [Prb.cpp, 1035] - ReadCC1020Packet(0x06):01 00 0C 19 84 00 02 00 06 89 07 0D 
2013/07/17 20:17:01:246 [006524] TRACE [Prb.cpp, 835] - RxStream contents:01 00 0C 7A 06 19 00 01 21 CF 6D 0D 
2013/07/17 20:17:01:247 [006524] TRACE [Prb.cpp, 943] - RadioBoardPacket(ACK):01 00 0C 7A 06 19 00 01 21 CF 6D 0D 
2013/07/17 20:17:01:248 [006152] DEBUG [Prb.cpp, 603] - Read CC1020 completed, Address=0x0006, Data=0x21
2013/07/17 20:17:01:257 [006152] TRACE [Prb.cpp, 584] - Reading CC1020, Address=0x0007
2013/07/17 20:17:01:258 [006152] TRACE [Prb.cpp, 1035] - ReadCC1020Packet(0x07):01 00 0C 1A 84 00 02 00 07 81 02 0D 
2013/07/17 20:17:01:258 [006524] TRACE [Prb.cpp, 835] - RxStream contents:01 00 0C 7B 06 1A 00 01 38 8B 3B 0D 
2013/07/17 20:17:01:259 [006524] TRACE [Prb.cpp, 943] - RadioBoardPacket(ACK):01 00 0C 7B 06 1A 00 01 38 8B 3B 0D 
2013/07/17 20:17:01:259 [006152] DEBUG [Prb.cpp, 603] - Read CC1020 completed, Address=0x0007, Data=0x38
2013/07/17 20:17:01:262 [006152] TRACE [Prb.cpp, 584] - Reading CC1020, Address=0x0008
2013/07/17 20:17:01:262 [006152] TRACE [Prb.cpp, 1035] - ReadCC1020Packet(0x08):01 00 0C 1B 84 00 02 00 08 79 23 0D 
2013/07/17 20:17:01:262 [006524] TRACE [Prb.cpp, 835] - RxStream contents:01 00 0C 7C 06 1B 00 01 35 F7 13 0D 
2013/07/17 20:17:01:264 [006524] TRACE [Prb.cpp, 943] - RadioBoardPacket(ACK):01 00 0C 7C 06 1B 00 01 35 F7 13 0D 
2013/07/17 20:17:01:264 [006152] DEBUG [Prb.cpp, 603] - Read CC1020 completed, Address=0x0008, Data=0x35
2013/07/17 20:17:01:265 [006152] TRACE [Prb.cpp, 584] - Reading CC1020, Address=0x0009
2013/07/17 20:17:01:266 [006152] TRACE [Prb.cpp, 1035] - ReadCC1020Packet(0x09):01 00 0C 1C 84 00 02 00 09 91 20 0D 
2013/07/17 20:17:01:266 [006524] TRACE [Prb.cpp, 835] - RxStream contents:01 00 0C 7D 06 1C 00 01 FA E1 B1 0D 
2013/07/17 20:17:01:267 [006524] TRACE [Prb.cpp, 943] - RadioBoardPacket(ACK):01 00 0C 7D 06 1C 00 01 FA E1 B1 0D 
2013/07/17 20:17:01:268 [006152] DEBUG [Prb.cpp, 603] - Read CC1020 completed, Address=0x0009, Data=0xFA
2013/07/17 20:17:01:269 [006152] TRACE [Prb.cpp, 584] - Reading CC1020, Address=0x000A
2013/07/17 20:17:01:270 [006152] TRACE [Prb.cpp, 1035] - ReadCC1020Packet(0x0A):01 00 0C 1D 84 00 02 00 0A 69 29 0D 
2013/07/17 20:17:01:270 [006524] TRACE [Prb.cpp, 835] - RxStream contents:01 00 0C 7E 06 1D 00 01 CB 7D 17 0D 
2013/07/17 20:17:01:271 [006524] TRACE [Prb.cpp, 943] - RadioBoardPacket(ACK):01 00 0C 7E 06 1D 00 01 CB 7D 17 0D 
2013/07/17 20:17:01:271 [006152] DEBUG [Prb.cpp, 603] - Read CC1020 completed, Address=0x000A, Data=0xCB
2013/07/17 20:17:01:272 [006152] TRACE [Prb.cpp, 584] - Reading CC1020, Address=0x000B
2013/07/17 20:17:01:273 [006152] TRACE [Prb.cpp, 1035] - ReadCC1020Packet(0x0B):01 00 0C 1E 84 00 02 00 0B 61 2C 0D 
2013/07/17 20:17:01:273 [006524] TRACE [Prb.cpp, 835] - RxStream contents:01 00 0C 7F 06 1E 00 01 38 BB 3E 0D 
2013/07/17 20:17:01:274 [006524] TRACE [Prb.cpp, 943] - RadioBoardPacket(ACK):01 00 0C 7F 06 1E 00 01 38 BB 3E 0D 
2013/07/17 20:17:01:274 [006152] DEBUG [Prb.cpp, 603] - Read CC1020 completed, Address=0x000B, Data=0x38
2013/07/17 20:17:01:276 [006152] TRACE [Prb.cpp, 584] - Reading CC1020, Address=0x001D
2013/07/17 20:17:01:277 [006152] TRACE [Prb.cpp, 1035] - ReadCC1020Packet(0x1D):01 00 0C 1F 84 00 02 00 1D 19 58 0D 
2013/07/17 20:17:01:277 [006524] TRACE [Prb.cpp, 835] - RxStream contents:01 00 0C 80 06 1F 00 01 00 87 5E 0D 
2013/07/17 20:17:01:277 [006524] TRACE [Prb.cpp, 943] - RadioBoardPacket(ACK):01 00 0C 80 06 1F 00 01 00 87 5E 0D 
2013/07/17 20:17:01:278 [006152] DEBUG [Prb.cpp, 603] - Read CC1020 completed, Address=0x001D, Data=0x00
2013/07/17 20:17:01:279 [006152] TRACE [Prb.cpp, 584] - Reading CC1020, Address=0x0045
2013/07/17 20:17:01:280 [006152] TRACE [Prb.cpp, 1035] - ReadCC1020Packet(0x45):01 00 0C 20 84 00 02 00 45 B0 B7 0D 
2013/07/17 20:17:01:280 [006524] TRACE [Prb.cpp, 835] - RxStream contents:01 00 0C 81 06 20 00 01 4C F2 FC 0D 
2013/07/17 20:17:01:281 [006524] TRACE [Prb.cpp, 943] - RadioBoardPacket(ACK):01 00 0C 81 06 20 00 01 4C F2 FC 0D 
2013/07/17 20:17:01:281 [006152] DEBUG [Prb.cpp, 603] - Read CC1020 completed, Address=0x0045, Data=0x4C
2013/07/17 20:17:01:295 [006152] TRACE [Prb.cpp, 584] - Reading CC1020, Address=0x0046
2013/07/17 20:17:01:296 [006152] TRACE [Prb.cpp, 1035] - ReadCC1020Packet(0x46):01 00 0C 21 84 00 02 00 46 48 BE 0D 
2013/07/17 20:17:01:296 [006524] TRACE [Prb.cpp, 835] - RxStream contents:01 00 0C 82 06 21 00 01 66 6E 00 0D 
2013/07/17 20:17:01:297 [006524] TRACE [Prb.cpp, 943] - RadioBoardPacket(ACK):01 00 0C 82 06 21 00 01 66 6E 00 0D 
2013/07/17 20:17:01:297 [006152] DEBUG [Prb.cpp, 603] - Read CC1020 completed, Address=0x0046, Data=0x66
2013/07/17 20:17:01:299 [006152] TRACE [Prb.cpp, 584] - Reading CC1020, Address=0x0047
2013/07/17 20:17:01:299 [006152] TRACE [Prb.cpp, 1035] - ReadCC1020Packet(0x47):01 00 0C 22 84 00 02 00 47 40 BB 0D 
2013/07/17 20:17:01:299 [006524] TRACE [Prb.cpp, 835] - RxStream contents:01 00 0C 83 06 22 00 01 44 AA CF 0D 
2013/07/17 20:17:01:300 [006524] TRACE [Prb.cpp, 943] - RadioBoardPacket(ACK):01 00 0C 83 06 22 00 01 44 AA CF 0D 
2013/07/17 20:17:01:301 [006152] DEBUG [Prb.cpp, 603] - Read CC1020 completed, Address=0x0047, Data=0x44
2013/07/17 20:17:01:309 [006152] TRACE [Prb.cpp, 493] - Reading FPGA, Address=0x305E
2013/07/17 20:17:01:310 [006152] TRACE [Prb.cpp, 1035] - ReadFPGAPacket(0x305E):01 00 0C 23 82 00 02 30 5E 99 FD 0D 
2013/07/17 20:17:01:310 [006524] TRACE [Prb.cpp, 835] - RxStream contents:01 00 0C 84 06 23 00 01 00 57 52 0D 
2013/07/17 20:17:01:311 [006524] TRACE [Prb.cpp, 943] - RadioBoardPacket(ACK):01 00 0C 84 06 23 00 01 00 57 52 0D 
2013/07/17 20:17:01:312 [006152] DEBUG [Prb.cpp, 512] - Read FPGA completed, Address=0x305E, Data=0x00
2013/07/17 20:17:01:312 [006152] TRACE [Prb.cpp, 493] - Reading FPGA, Address=0x3060
2013/07/17 20:17:01:313 [006152] TRACE [Prb.cpp, 1035] - ReadFPGAPacket(0x3060):01 00 0C 24 82 00 02 30 60 71 7C 0D 
2013/07/17 20:17:01:313 [006524] TRACE [Prb.cpp, 835] - RxStream contents:01 00 0C 85 06 24 00 01 00 43 52 0D 
2013/07/17 20:17:01:314 [006524] TRACE [Prb.cpp, 943] - RadioBoardPacket(ACK):01 00 0C 85 06 24 00 01 00 43 52 0D 
2013/07/17 20:17:01:315 [006152] DEBUG [Prb.cpp, 512] - Read FPGA completed, Address=0x3060, Data=0x00
2013/07/17 20:17:01:315 [006152] TRACE [Prb.cpp, 493] - Reading FPGA, Address=0x3062
2013/07/17 20:17:01:316 [006152] TRACE [Prb.cpp, 1035] - ReadFPGAPacket(0x3062):01 00 0C 25 82 00 02 30 62 09 70 0D 
2013/07/17 20:17:01:316 [006524] TRACE [Prb.cpp, 835] - RxStream contents:01 00 0C 86 06 25 00 01 00 5F 51 0D 
2013/07/17 20:17:01:317 [006524] TRACE [Prb.cpp, 943] - RadioBoardPacket(ACK):01 00 0C 86 06 25 00 01 00 5F 51 0D 
2013/07/17 20:17:01:318 [006152] DEBUG [Prb.cpp, 512] - Read FPGA completed, Address=0x3062, Data=0x00
2013/07/17 20:17:01:322 [006152] TRACE [Prb.cpp, 493] - Reading FPGA, Address=0x3066
2013/07/17 20:17:01:323 [006152] TRACE [Prb.cpp, 1035] - ReadFPGAPacket(0x3066):01 00 0C 26 82 00 02 30 66 01 6B 0D 
2013/07/17 20:17:01:323 [006524] TRACE [Prb.cpp, 835] - RxStream contents:01 00 0C 87 06 26 00 01 00 9B 52 0D 
2013/07/17 20:17:01:324 [006524] TRACE [Prb.cpp, 943] - RadioBoardPacket(ACK):01 00 0C 87 06 26 00 01 00 9B 52 0D 
2013/07/17 20:17:01:325 [006152] DEBUG [Prb.cpp, 512] - Read FPGA completed, Address=0x3066, Data=0x00
2013/07/17 20:17:01:325 [006152] TRACE [Prb.cpp, 493] - Reading FPGA, Address=0x3068
2013/07/17 20:17:01:326 [006152] TRACE [Prb.cpp, 1035] - ReadFPGAPacket(0x3068):01 00 0C 27 82 00 02 30 68 79 4F 0D 
2013/07/17 20:17:01:326 [006524] TRACE [Prb.cpp, 835] - RxStream contents:01 00 0C 88 06 27 00 01 00 27 5E 0D 
2013/07/17 20:17:01:327 [006524] TRACE [Prb.cpp, 943] - RadioBoardPacket(ACK):01 00 0C 88 06 27 00 01 00 27 5E 0D 
2013/07/17 20:17:01:327 [006152] DEBUG [Prb.cpp, 512] - Read FPGA completed, Address=0x3068, Data=0x00
2013/07/17 20:17:01:328 [006152] TRACE [Prb.cpp, 493] - Reading FPGA, Address=0x306A
2013/07/17 20:17:01:328 [006152] TRACE [Prb.cpp, 1035] - ReadFPGAPacket(0x306A):01 00 0C 28 82 00 02 30 6A D1 4F 0D 
2013/07/17 20:17:01:328 [006524] TRACE [Prb.cpp, 835] - RxStream contents:01 00 0C 89 06 28 00 01 00 13 5D 0D 
2013/07/17 20:17:01:329 [006524] TRACE [Prb.cpp, 943] - RadioBoardPacket(ACK):01 00 0C 89 06 28 00 01 00 13 5D 0D 
2013/07/17 20:17:01:330 [006152] DEBUG [Prb.cpp, 512] - Read FPGA completed, Address=0x306A, Data=0x00
2013/07/17 20:17:01:332 [006152] TRACE [Prb.cpp, 448] - Writing FPGA, Address=0x1026, Data=0x01
2013/07/17 20:17:01:333 [006152] TRACE [Prb.cpp, 1035] - WriteFPGAPacket(0x1026, 0x01):01 00 0D 29 81 00 03 10 26 01 6A 70 0D 
2013/07/17 20:17:01:333 [006524] TRACE [Prb.cpp, 835] - RxStream contents:01 00 0B 8A 06 29 00 00 8D 0D 0D 
2013/07/17 20:17:01:334 [006524] TRACE [Prb.cpp, 943] - RadioBoardPacket(ACK):01 00 0B 8A 06 29 00 00 8D 0D 0D 
2013/07/17 20:17:01:334 [006152] DEBUG [Prb.cpp, 466] - Write FPGA completed, Address=0x1026, Data=0x01
2013/07/17 20:17:01:341 [006592] TRACE [Prb.cpp, 539] - Writing CC1020, Address=0x001C, Data=0x07
2013/07/17 20:17:01:343 [006592] TRACE [Prb.cpp, 1035] - WriteCC1020Packet(0x1C, 0x07):01 00 0D 2A 83 00 03 00 1C 07 04 14 0D 
2013/07/17 20:17:01:343 [006524] TRACE [Prb.cpp, 835] - RxStream contents:01 00 0B 8B 06 2A 00 00 0D 4A 0D 
2013/07/17 20:17:01:344 [006524] TRACE [Prb.cpp, 943] - RadioBoardPacket(ACK):01 00 0B 8B 06 2A 00 00 0D 4A 0D 
2013/07/17 20:17:01:345 [006592] DEBUG [Prb.cpp, 557] - Write CC1020 completed, Address=0x001C, Data=0x07
2013/07/17 20:17:01:347 [006592] TRACE [Prb.cpp, 448] - Writing FPGA, Address=0x3012, Data=0x01
2013/07/17 20:17:01:347 [006592] TRACE [Prb.cpp, 1035] - WriteFPGAPacket(0x3012, 0x01):01 00 0D 2B 81 00 03 30 12 01 52 D3 0D 
2013/07/17 20:17:01:347 [006524] TRACE [Prb.cpp, 835] - RxStream contents:01 00 0B 8C 06 2B 00 00 0C 36 0D 
2013/07/17 20:17:01:348 [006524] TRACE [Prb.cpp, 943] - RadioBoardPacket(ACK):01 00 0B 8C 06 2B 00 00 0C 36 0D 
2013/07/17 20:17:01:349 [006592] DEBUG [Prb.cpp, 466] - Write FPGA completed, Address=0x3012, Data=0x01
2013/07/17 20:17:01:349 [006592] TRACE [Prb.cpp, 493] - Reading FPGA, Address=0x1004
2013/07/17 20:17:01:350 [006592] TRACE [Prb.cpp, 1035] - ReadFPGAPacket(0x1004):01 00 0C 2C 82 00 02 10 04 F0 2D 0D 
2013/07/17 20:17:01:350 [006524] TRACE [Prb.cpp, 835] - RxStream contents:01 00 0C 8D 06 2C 00 01 00 23 58 0D 
2013/07/17 20:17:01:351 [006524] TRACE [Prb.cpp, 943] - RadioBoardPacket(ACK):01 00 0C 8D 06 2C 00 01 00 23 58 0D 
2013/07/17 20:17:01:352 [006592] DEBUG [Prb.cpp, 512] - Read FPGA completed, Address=0x1004, Data=0x00
2013/07/17 20:17:01:352 [006592] TRACE [Prb.cpp, 448] - Writing FPGA, Address=0x1004, Data=0x00
2013/07/17 20:17:01:353 [006592] TRACE [Prb.cpp, 1035] - WriteFPGAPacket(0x1004, 0x00):01 00 0D 2D 81 00 03 10 04 00 A2 36 0D 
2013/07/17 20:17:01:353 [006524] TRACE [Prb.cpp, 835] - RxStream contents:01 00 0B 8E 06 2D 00 00 8C BD 0D 
2013/07/17 20:17:01:354 [006524] TRACE [Prb.cpp, 943] - RadioBoardPacket(ACK):01 00 0B 8E 06 2D 00 00 8C BD 0D 
2013/07/17 20:17:01:355 [006592] DEBUG [Prb.cpp, 466] - Write FPGA completed, Address=0x1004, Data=0x00
2013/07/17 20:17:01:357 [006244] INFO [CommunicationSystemStates.cpp, 130] - Scan requested. Preamble Burst Duration: 9 seconds. Preamble Burst Data Rate: 2.
2013/07/17 20:17:01:358 [006244] TRACE [Prb.cpp, 448] - Writing FPGA, Address=0x1002, Data=0x09
2013/07/17 20:17:01:358 [006244] TRACE [Prb.cpp, 1035] - WriteFPGAPacket(0x1002, 0x09):01 00 0D 2E 81 00 03 10 02 09 B5 30 0D 
2013/07/17 20:17:01:358 [006524] TRACE [Prb.cpp, 835] - RxStream contents:01 00 0B 8F 06 2E 00 00 0C FA 0D 
2013/07/17 20:17:01:360 [006524] TRACE [Prb.cpp, 943] - RadioBoardPacket(ACK):01 00 0B 8F 06 2E 00 00 0C FA 0D 
2013/07/17 20:17:01:360 [006244] DEBUG [Prb.cpp, 466] - Write FPGA completed, Address=0x1002, Data=0x09
2013/07/17 20:17:01:361 [006244] TRACE [Prb.cpp, 493] - Reading FPGA, Address=0x1004
2013/07/17 20:17:01:361 [006244] TRACE [Prb.cpp, 1035] - ReadFPGAPacket(0x1004):01 00 0C 2F 82 00 02 10 04 78 2D 0D 
2013/07/17 20:17:01:361 [006524] TRACE [Prb.cpp, 835] - RxStream contents:01 00 0C 90 06 2F 00 01 00 C7 46 0D 
2013/07/17 20:17:01:362 [006524] TRACE [Prb.cpp, 943] - RadioBoardPacket(ACK):01 00 0C 90 06 2F 00 01 00 C7 46 0D 
2013/07/17 20:17:01:363 [006244] DEBUG [Prb.cpp, 512] - Read FPGA completed, Address=0x1004, Data=0x00
2013/07/17 20:17:01:363 [006244] TRACE [Prb.cpp, 448] - Writing FPGA, Address=0x1004, Data=0x08
2013/07/17 20:17:01:364 [006244] TRACE [Prb.cpp, 1035] - WriteFPGAPacket(0x1004, 0x08):01 00 0D 30 81 00 03 10 04 08 3E D5 0D 
2013/07/17 20:17:01:364 [006524] TRACE [Prb.cpp, 835] - RxStream contents:01 00 0B 91 06 30 00 00 08 32 0D 
2013/07/17 20:17:01:365 [006524] TRACE [Prb.cpp, 943] - RadioBoardPacket(ACK):01 00 0B 91 06 30 00 00 08 32 0D 
2013/07/17 20:17:01:366 [006244] DEBUG [Prb.cpp, 466] - Write FPGA completed, Address=0x1004, Data=0x08
2013/07/17 20:17:01:366 [006244] TRACE [Prb.cpp, 448] - Writing FPGA, Address=0x1008, Data=0x02
2013/07/17 20:17:01:367 [006244] TRACE [Prb.cpp, 1035] - WriteFPGAPacket(0x1008, 0x02):01 00 0D 31 81 00 03 10 08 02 97 FA 0D 
2013/07/17 20:17:01:367 [006524] TRACE [Prb.cpp, 835] - RxStream contents:01 00 0B 92 06 31 00 00 88 AD 0D 
2013/07/17 20:17:01:368 [006524] TRACE [Prb.cpp, 943] - RadioBoardPacket(ACK):01 00 0B 92 06 31 00 00 88 AD 0D 
2013/07/17 20:17:01:368 [006244] DEBUG [Prb.cpp, 466] - Write FPGA completed, Address=0x1008, Data=0x02
2013/07/17 20:17:12:492 [006228] INFO [CommunicationSystemStates.cpp, 168] - Scan complete
2013/07/17 20:17:12:494 [006228] TRACE [Prb.cpp, 584] - Reading CC1020, Address=0x0004
2013/07/17 20:17:12:495 [006228] TRACE [Prb.cpp, 1035] - ReadCC1020Packet(0x04):01 00 0C 32 84 00 02 00 04 41 20 0D 
2013/07/17 20:17:12:495 [006524] TRACE [Prb.cpp, 835] - RxStream contents:01 00 0C 94 06 32 00 01 35 03 FB 0D 
2013/07/17 20:17:12:496 [006524] TRACE [Prb.cpp, 943] - RadioBoardPacket(ACK):01 00 0C 94 06 32 00 01 35 03 FB 0D 
2013/07/17 20:17:12:496 [006228] DEBUG [Prb.cpp, 603] - Read CC1020 completed, Address=0x0004, Data=0x35
2013/07/17 20:17:12:497 [006228] TRACE [Prb.cpp, 584] - Reading CC1020, Address=0x0005
2013/07/17 20:17:12:498 [006228] TRACE [Prb.cpp, 1035] - ReadCC1020Packet(0x05):01 00 0C 33 84 00 02 00 05 39 26 0D 
2013/07/17 20:17:12:498 [006524] TRACE [Prb.cpp, 835] - RxStream contents:01 00 0C 95 06 33 00 01 F0 6D 65 0D 
2013/07/17 20:17:12:499 [006524] TRACE [Prb.cpp, 943] - RadioBoardPacket(ACK):01 00 0C 95 06 33 00 01 F0 6D 65 0D 
2013/07/17 20:17:12:499 [006228] DEBUG [Prb.cpp, 603] - Read CC1020 completed, Address=0x0005, Data=0xF0
2013/07/17 20:17:12:500 [006228] TRACE [Prb.cpp, 584] - Reading CC1020, Address=0x0006
2013/07/17 20:17:12:500 [006228] TRACE [Prb.cpp, 1035] - ReadCC1020Packet(0x06):01 00 0C 34 84 00 02 00 06 51 2A 0D 
2013/07/17 20:17:12:500 [006524] TRACE [Prb.cpp, 835] - RxStream contents:01 00 0C 96 06 34 00 01 21 0B 80 0D 
2013/07/17 20:17:12:501 [006524] TRACE [Prb.cpp, 943] - RadioBoardPacket(ACK):01 00 0C 96 06 34 00 01 21 0B 80 0D 
2013/07/17 20:17:12:502 [006228] DEBUG [Prb.cpp, 603] - Read CC1020 completed, Address=0x0006, Data=0x21
2013/07/17 20:17:12:502 [006228] TRACE [Prb.cpp, 584] - Reading CC1020, Address=0x0008
2013/07/17 20:17:12:503 [006228] TRACE [Prb.cpp, 1035] - ReadCC1020Packet(0x08):01 00 0C 35 84 00 02 00 08 29 0E 0D 
2013/07/17 20:17:12:503 [006524] TRACE [Prb.cpp, 835] - RxStream contents:01 00 0C 97 06 35 00 01 35 67 F8 0D 
2013/07/17 20:17:12:504 [006524] TRACE [Prb.cpp, 943] - RadioBoardPacket(ACK):01 00 0C 97 06 35 00 01 35 67 F8 0D 
2013/07/17 20:17:12:505 [006228] DEBUG [Prb.cpp, 603] - Read CC1020 completed, Address=0x0008, Data=0x35
2013/07/17 20:17:12:505 [006228] TRACE [Prb.cpp, 584] - Reading CC1020, Address=0x0009
2013/07/17 20:17:12:506 [006228] TRACE [Prb.cpp, 1035] - ReadCC1020Packet(0x09):01 00 0C 36 84 00 02 00 09 21 0B 0D 
2013/07/17 20:17:12:506 [006524] TRACE [Prb.cpp, 835] - RxStream contents:01 00 0C 98 06 36 00 01 FA 71 55 0D 
2013/07/17 20:17:12:507 [006524] TRACE [Prb.cpp, 943] - RadioBoardPacket(ACK):01 00 0C 98 06 36 00 01 FA 71 55 0D 
2013/07/17 20:17:12:507 [006228] DEBUG [Prb.cpp, 603] - Read CC1020 completed, Address=0x0009, Data=0xFA
2013/07/17 20:17:12:508 [006228] TRACE [Prb.cpp, 584] - Reading CC1020, Address=0x000A
2013/07/17 20:17:12:508 [006228] TRACE [Prb.cpp, 1035] - ReadCC1020Packet(0x0A):01 00 0C 37 84 00 02 00 0A D9 02 0D 
2013/07/17 20:17:12:508 [006524] TRACE [Prb.cpp, 835] - RxStream contents:01 00 0C 99 06 37 00 01 CB 9D F0 0D 
2013/07/17 20:17:12:509 [006524] TRACE [Prb.cpp, 943] - RadioBoardPacket(ACK):01 00 0C 99 06 37 00 01 CB 9D F0 0D 
2013/07/17 20:17:12:510 [006228] DEBUG [Prb.cpp, 603] - Read CC1020 completed, Address=0x000A, Data=0xCB
2013/07/17 20:17:12:510 [006228] TRACE [Prb.cpp, 584] - Reading CC1020, Address=0x000F
2013/07/17 20:17:12:511 [006228] TRACE [Prb.cpp, 1035] - ReadCC1020Packet(0x0F):01 00 0C 38 84 00 02 00 0F F1 13 0D 
2013/07/17 20:17:12:511 [006524] TRACE [Prb.cpp, 835] - RxStream contents:01 00 0C 9A 06 38 00 01 DF D9 88 0D 
2013/07/17 20:17:12:512 [006524] TRACE [Prb.cpp, 943] - RadioBoardPacket(ACK):01 00 0C 9A 06 38 00 01 DF D9 88 0D 
2013/07/17 20:17:12:513 [006228] DEBUG [Prb.cpp, 603] - Read CC1020 completed, Address=0x000F, Data=0xDF
2013/07/17 20:17:12:513 [006228] TRACE [Prb.cpp, 584] - Reading CC1020, Address=0x0010
2013/07/17 20:17:12:514 [006228] TRACE [Prb.cpp, 1035] - ReadCC1020Packet(0x10):01 00 0C 39 84 00 02 00 10 89 51 0D 
2013/07/17 20:17:12:514 [006524] TRACE [Prb.cpp, 835] - RxStream contents:01 00 0C 9B 06 39 00 01 80 B4 4A 0D 
2013/07/17 20:17:12:515 [006524] TRACE [Prb.cpp, 943] - RadioBoardPacket(ACK):01 00 0C 9B 06 39 00 01 80 B4 4A 0D 
2013/07/17 20:17:12:515 [006228] DEBUG [Prb.cpp, 603] - Read CC1020 completed, Address=0x0010, Data=0x80
2013/07/17 20:17:12:516 [006228] TRACE [Prb.cpp, 584] - Reading CC1020, Address=0x0013
2013/07/17 20:17:12:516 [006228] TRACE [Prb.cpp, 1035] - ReadCC1020Packet(0x13):01 00 0C 3A 84 00 02 00 13 01 5B 0D 
2013/07/17 20:17:12:516 [006524] TRACE [Prb.cpp, 835] - RxStream contents:01 00 0C 9C 06 3A 00 01 33 63 E5 0D 
2013/07/17 20:17:12:517 [006524] TRACE [Prb.cpp, 943] - RadioBoardPacket(ACK):01 00 0C 9C 06 3A 00 01 33 63 E5 0D 
2013/07/17 20:17:12:518 [006228] DEBUG [Prb.cpp, 603] - Read CC1020 completed, Address=0x0013, Data=0x33
2013/07/17 20:17:12:518 [006228] TRACE [Prb.cpp, 584] - Reading CC1020, Address=0x0014
2013/07/17 20:17:12:519 [006228] TRACE [Prb.cpp, 1035] - ReadCC1020Packet(0x14):01 00 0C 3B 84 00 02 00 14 79 49 0D 
2013/07/17 20:17:12:519 [006524] TRACE [Prb.cpp, 835] - RxStream contents:01 00 0C 9D 06 3B 00 01 3D 8F C2 0D 
2013/07/17 20:17:12:520 [006524] TRACE [Prb.cpp, 943] - RadioBoardPacket(ACK):01 00 0C 9D 06 3B 00 01 3D 8F C2 0D 
2013/07/17 20:17:12:521 [006228] DEBUG [Prb.cpp, 603] - Read CC1020 completed, Address=0x0014, Data=0x3D
2013/07/17 20:17:12:521 [006228] TRACE [Prb.cpp, 584] - Reading CC1020, Address=0x0043
2013/07/17 20:17:12:522 [006228] TRACE [Prb.cpp, 1035] - ReadCC1020Packet(0x43):01 00 0C 3C 84 00 02 00 43 90 BE 0D 
2013/07/17 20:17:12:522 [006524] TRACE [Prb.cpp, 835] - RxStream contents:01 00 0C 9E 06 3C 00 01 00 6B 4C 0D 
2013/07/17 20:17:12:522 [006524] TRACE [Prb.cpp, 943] - RadioBoardPacket(ACK):01 00 0C 9E 06 3C 00 01 00 6B 4C 0D 
2013/07/17 20:17:12:523 [006228] DEBUG [Prb.cpp, 603] - Read CC1020 completed, Address=0x0043, Data=0x00
2013/07/17 20:17:12:524 [006228] DEBUG [ComSysDiagnostics.cpp, 63] - CC1020 [Scan complete] FREQ_2A: 0x35 FREQ_1A: 0xf0 FREQ_0A: 0x21
2013/07/17 20:17:12:524 [006228] DEBUG [ComSysDiagnostics.cpp, 67] - CC1020 [Scan complete] FREQ_2B: 0x35 FREQ_1B: 0xfa FREQ_0B: 0xcb
2013/07/17 20:17:12:525 [006228] DEBUG [ComSysDiagnostics.cpp, 72] - CC1020 [Scan complete] AFC_CONTROL: 0xdf FILTER: 0x80 VGA3: 0x33 VGA4: 0x3d AFC: 0x00
2013/07/17 20:17:12:525 [006228] INFO [CommunicationSystemStates.cpp, 173] - Found 1 valid ids during the scan operation.
2013/07/17 20:17:12:527 [006228] INFO [CommunicationSystemStates.cpp, 190] - Id: 0x801c0094.
2013/07/17 20:17:12:529 [006228] INFO [CommunicationSystemStates.cpp, 198] - Found 0 invalid ids during the scan operation.
2013/07/17 20:17:12:532 [006244] INFO [CommunicationSystemStates.cpp, 130] - Scan requested. Preamble Burst Duration: 2 seconds. Preamble Burst Data Rate: 0.
2013/07/17 20:17:12:533 [006244] TRACE [Prb.cpp, 448] - Writing FPGA, Address=0x1002, Data=0x02
2013/07/17 20:17:12:534 [006244] TRACE [Prb.cpp, 1035] - WriteFPGAPacket(0x1002, 0x02):01 00 0D 3D 81 00 03 10 02 02 A7 3A 0D 
2013/07/17 20:17:12:534 [006524] TRACE [Prb.cpp, 835] - RxStream contents:01 00 0B 9F 06 3D 00 00 0A 06 0D 
2013/07/17 20:17:12:534 [006524] TRACE [Prb.cpp, 943] - RadioBoardPacket(ACK):01 00 0B 9F 06 3D 00 00 0A 06 0D 
2013/07/17 20:17:12:535 [006244] DEBUG [Prb.cpp, 466] - Write FPGA completed, Address=0x1002, Data=0x02
2013/07/17 20:17:12:535 [006244] TRACE [Prb.cpp, 493] - Reading FPGA, Address=0x1004
2013/07/17 20:17:12:536 [006244] TRACE [Prb.cpp, 1035] - ReadFPGAPacket(0x1004):01 00 0C 3E 82 00 02 10 04 00 3C 0D 
2013/07/17 20:17:12:536 [006524] TRACE [Prb.cpp, 835] - RxStream contents:01 00 0C A0 06 3E 00 01 08 93 43 0D 
2013/07/17 20:17:12:537 [006524] TRACE [Prb.cpp, 943] - RadioBoardPacket(ACK):01 00 0C A0 06 3E 00 01 08 93 43 0D 
2013/07/17 20:17:12:538 [006244] DEBUG [Prb.cpp, 512] - Read FPGA completed, Address=0x1004, Data=0x08
2013/07/17 20:17:12:538 [006244] TRACE [Prb.cpp, 448] - Writing FPGA, Address=0x1004, Data=0x00
2013/07/17 20:17:12:539 [006244] TRACE [Prb.cpp, 1035] - WriteFPGAPacket(0x1004, 0x00):01 00 0D 3F 81 00 03 10 04 00 B1 16 0D 
2013/07/17 20:17:12:539 [006524] TRACE [Prb.cpp, 835] - RxStream contents:01 00 0B A1 06 3F 00 00 00 7E 0D 
2013/07/17 20:17:12:540 [006524] TRACE [Prb.cpp, 943] - RadioBoardPacket(ACK):01 00 0B A1 06 3F 00 00 00 7E 0D 
2013/07/17 20:17:12:540 [006244] DEBUG [Prb.cpp, 466] - Write FPGA completed, Address=0x1004, Data=0x00
2013/07/17 20:17:12:541 [006244] TRACE [Prb.cpp, 448] - Writing FPGA, Address=0x1008, Data=0x02
2013/07/17 20:17:12:541 [006244] TRACE [Prb.cpp, 1035] - WriteFPGAPacket(0x1008, 0x02):01 00 0D 40 81 00 03 10 08 02 E1 EA 0D 
2013/07/17 20:17:12:541 [006524] TRACE [Prb.cpp, 835] - RxStream contents:01 00 0B A2 06 40 00 00 86 F9 0D 
2013/07/17 20:17:12:542 [006524] TRACE [Prb.cpp, 943] - RadioBoardPacket(ACK):01 00 0B A2 06 40 00 00 86 F9 0D 
2013/07/17 20:17:12:543 [006244] DEBUG [Prb.cpp, 466] - Write FPGA completed, Address=0x1008, Data=0x02
2013/07/17 20:17:16:655 [006228] INFO [CommunicationSystemStates.cpp, 168] - Scan complete
2013/07/17 20:17:16:655 [006228] TRACE [Prb.cpp, 584] - Reading CC1020, Address=0x0004
2013/07/17 20:17:16:656 [006228] TRACE [Prb.cpp, 1035] - ReadCC1020Packet(0x04):01 00 0C 41 84 00 02 00 04 49 54 0D 
2013/07/17 20:17:16:656 [006524] TRACE [Prb.cpp, 835] - RxStream contents:01 00 0C A4 06 41 00 01 35 7F DF 0D 
2013/07/17 20:17:16:657 [006524] TRACE [Prb.cpp, 943] - RadioBoardPacket(ACK):01 00 0C A4 06 41 00 01 35 7F DF 0D 
2013/07/17 20:17:16:658 [006228] DEBUG [Prb.cpp, 603] - Read CC1020 completed, Address=0x0004, Data=0x35
2013/07/17 20:17:16:658 [006228] TRACE [Prb.cpp, 584] - Reading CC1020, Address=0x0005
2013/07/17 20:17:16:659 [006228] TRACE [Prb.cpp, 1035] - ReadCC1020Packet(0x05):01 00 0C 42 84 00 02 00 05 41 51 0D 
2013/07/17 20:17:16:659 [006524] TRACE [Prb.cpp, 835] - RxStream contents:01 00 0C A5 06 42 00 01 F0 B9 42 0D 
2013/07/17 20:17:16:660 [006524] TRACE [Prb.cpp, 943] - RadioBoardPacket(ACK):01 00 0C A5 06 42 00 01 F0 B9 42 0D 
2013/07/17 20:17:16:660 [006228] DEBUG [Prb.cpp, 603] - Read CC1020 completed, Address=0x0005, Data=0xF0
2013/07/17 20:17:16:661 [006228] TRACE [Prb.cpp, 584] - Reading CC1020, Address=0x0006
2013/07/17 20:17:16:662 [006228] TRACE [Prb.cpp, 1035] - ReadCC1020Packet(0x06):01 00 0C 43 84 00 02 00 06 B9 58 0D 
2013/07/17 20:17:16:662 [006524] TRACE [Prb.cpp, 835] - RxStream contents:01 00 0C A6 06 43 00 01 21 A7 A7 0D 
2013/07/17 20:17:16:663 [006524] TRACE [Prb.cpp, 943] - RadioBoardPacket(ACK):01 00 0C A6 06 43 00 01 21 A7 A7 0D 
2013/07/17 20:17:16:663 [006228] DEBUG [Prb.cpp, 603] - Read CC1020 completed, Address=0x0006, Data=0x21
2013/07/17 20:17:16:664 [006228] TRACE [Prb.cpp, 584] - Reading CC1020, Address=0x0008
2013/07/17 20:17:16:664 [006228] TRACE [Prb.cpp, 1035] - ReadCC1020Packet(0x08):01 00 0C 44 84 00 02 00 08 51 79 0D 
2013/07/17 20:17:16:664 [006524] TRACE [Prb.cpp, 835] - RxStream contents:01 00 0C A7 06 44 00 01 35 B3 DF 0D 
2013/07/17 20:17:16:665 [006524] TRACE [Prb.cpp, 943] - RadioBoardPacket(ACK):01 00 0C A7 06 44 00 01 35 B3 DF 0D 
2013/07/17 20:17:16:666 [006228] DEBUG [Prb.cpp, 603] - Read CC1020 completed, Address=0x0008, Data=0x35
2013/07/17 20:17:16:666 [006228] TRACE [Prb.cpp, 584] - Reading CC1020, Address=0x0009
2013/07/17 20:17:16:667 [006228] TRACE [Prb.cpp, 1035] - ReadCC1020Packet(0x09):01 00 0C 45 84 00 02 00 09 29 7F 0D 
2013/07/17 20:17:16:667 [006524] TRACE [Prb.cpp, 835] - RxStream contents:01 00 0C A8 06 45 00 01 FA 0D 71 0D 
2013/07/17 20:17:16:668 [006524] TRACE [Prb.cpp, 943] - RadioBoardPacket(ACK):01 00 0C A8 06 45 00 01 FA 0D 71 0D 
2013/07/17 20:17:16:669 [006228] DEBUG [Prb.cpp, 603] - Read CC1020 completed, Address=0x0009, Data=0xFA
2013/07/17 20:17:16:669 [006228] TRACE [Prb.cpp, 584] - Reading CC1020, Address=0x000A
2013/07/17 20:17:16:670 [006228] TRACE [Prb.cpp, 1035] - ReadCC1020Packet(0x0A):01 00 0C 46 84 00 02 00 0A A1 75 0D 
2013/07/17 20:17:16:670 [006524] TRACE [Prb.cpp, 835] - RxStream contents:01 00 0C A9 06 46 00 01 CB 49 D7 0D 
2013/07/17 20:17:16:671 [006524] TRACE [Prb.cpp, 943] - RadioBoardPacket(ACK):01 00 0C A9 06 46 00 01 CB 49 D7 0D 
2013/07/17 20:17:16:671 [006228] DEBUG [Prb.cpp, 603] - Read CC1020 completed, Address=0x000A, Data=0xCB
2013/07/17 20:17:16:672 [006228] TRACE [Prb.cpp, 584] - Reading CC1020, Address=0x000F
2013/07/17 20:17:16:672 [006228] TRACE [Prb.cpp, 1035] - ReadCC1020Packet(0x0F):01 00 0C 47 84 00 02 00 0F 59 68 0D 
2013/07/17 20:17:16:673 [006524] TRACE [Prb.cpp, 835] - RxStream contents:01 00 0C AA 06 47 00 01 DF 55 AC 0D 
2013/07/17 20:17:16:673 [006524] TRACE [Prb.cpp, 943] - RadioBoardPacket(ACK):01 00 0C AA 06 47 00 01 DF 55 AC 0D 
2013/07/17 20:17:16:674 [006228] DEBUG [Prb.cpp, 603] - Read CC1020 completed, Address=0x000F, Data=0xDF
2013/07/17 20:17:16:674 [006228] TRACE [Prb.cpp, 584] - Reading CC1020, Address=0x0010
2013/07/17 20:17:16:675 [006228] TRACE [Prb.cpp, 1035] - ReadCC1020Packet(0x10):01 00 0C 48 84 00 02 00 10 F1 26 0D 
2013/07/17 20:17:16:675 [006524] TRACE [Prb.cpp, 835] - RxStream contents:01 00 0C AB 06 48 00 01 80 60 6D 0D 
2013/07/17 20:17:16:676 [006524] TRACE [Prb.cpp, 943] - RadioBoardPacket(ACK):01 00 0C AB 06 48 00 01 80 60 6D 0D 
2013/07/17 20:17:16:676 [006228] DEBUG [Prb.cpp, 603] - Read CC1020 completed, Address=0x0010, Data=0x80
2013/07/17 20:17:16:677 [006228] TRACE [Prb.cpp, 584] - Reading CC1020, Address=0x0013
2013/07/17 20:17:16:677 [006228] TRACE [Prb.cpp, 1035] - ReadCC1020Packet(0x13):01 00 0C 49 84 00 02 00 13 09 2F 0D 
2013/07/17 20:17:16:677 [006524] TRACE [Prb.cpp, 835] - RxStream contents:01 00 0C AC 06 49 00 01 33 1F C1 0D 
2013/07/17 20:17:16:678 [006524] TRACE [Prb.cpp, 943] - RadioBoardPacket(ACK):01 00 0C AC 06 49 00 01 33 1F C1 0D 
2013/07/17 20:17:16:679 [006228] DEBUG [Prb.cpp, 603] - Read CC1020 completed, Address=0x0013, Data=0x33
2013/07/17 20:17:16:679 [006228] TRACE [Prb.cpp, 584] - Reading CC1020, Address=0x0014
2013/07/17 20:17:16:680 [006228] TRACE [Prb.cpp, 1035] - ReadCC1020Packet(0x14):01 00 0C 4A 84 00 02 00 14 01 3E 0D 
2013/07/17 20:17:16:680 [006524] TRACE [Prb.cpp, 835] - RxStream contents:01 00 0C AD 06 4A 00 01 3D 5B E5 0D 
2013/07/17 20:17:16:681 [006524] TRACE [Prb.cpp, 943] - RadioBoardPacket(ACK):01 00 0C AD 06 4A 00 01 3D 5B E5 0D 
2013/07/17 20:17:16:681 [006228] DEBUG [Prb.cpp, 603] - Read CC1020 completed, Address=0x0014, Data=0x3D
2013/07/17 20:17:16:682 [006228] TRACE [Prb.cpp, 584] - Reading CC1020, Address=0x0043
2013/07/17 20:17:16:682 [006228] TRACE [Prb.cpp, 1035] - ReadCC1020Packet(0x43):01 00 0C 4B 84 00 02 00 43 78 CC 0D 
2013/07/17 20:17:16:682 [006524] TRACE [Prb.cpp, 835] - RxStream contents:01 00 0C AE 06 4B 00 01 00 C7 6B 0D 
2013/07/17 20:17:16:683 [006524] TRACE [Prb.cpp, 943] - RadioBoardPacket(ACK):01 00 0C AE 06 4B 00 01 00 C7 6B 0D 
2013/07/17 20:17:16:684 [006228] DEBUG [Prb.cpp, 603] - Read CC1020 completed, Address=0x0043, Data=0x00
2013/07/17 20:17:16:684 [006228] DEBUG [ComSysDiagnostics.cpp, 63] - CC1020 [Scan complete] FREQ_2A: 0x35 FREQ_1A: 0xf0 FREQ_0A: 0x21
2013/07/17 20:17:16:684 [006228] DEBUG [ComSysDiagnostics.cpp, 67] - CC1020 [Scan complete] FREQ_2B: 0x35 FREQ_1B: 0xfa FREQ_0B: 0xcb
2013/07/17 20:17:16:685 [006228] DEBUG [ComSysDiagnostics.cpp, 72] - CC1020 [Scan complete] AFC_CONTROL: 0xdf FILTER: 0x80 VGA3: 0x33 VGA4: 0x3d AFC: 0x00
2013/07/17 20:17:16:685 [006228] INFO [CommunicationSystemStates.cpp, 173] - Found 2 valid ids during the scan operation.
2013/07/17 20:17:16:686 [006228] INFO [CommunicationSystemStates.cpp, 190] - Id: 0x801c0094.
2013/07/17 20:17:16:686 [006228] INFO [CommunicationSystemStates.cpp, 190] - Id: 0x80000009.
2013/07/17 20:17:16:687 [006228] INFO [CommunicationSystemStates.cpp, 198] - Found 0 invalid ids during the scan operation.
2013/07/17 20:17:16:707 [006592] TRACE [Prb.cpp, 493] - Reading FPGA, Address=0x1004
2013/07/17 20:17:16:708 [006592] TRACE [Prb.cpp, 1035] - ReadFPGAPacket(0x1004):01 00 0C 4C 82 00 02 10 04 F0 4B 0D 
2013/07/17 20:17:16:708 [006524] TRACE [Prb.cpp, 835] - RxStream contents:01 00 0C AF 06 4C 00 01 00 D3 6B 0D 
2013/07/17 20:17:16:709 [006524] TRACE [Prb.cpp, 943] - RadioBoardPacket(ACK):01 00 0C AF 06 4C 00 01 00 D3 6B 0D 
2013/07/17 20:17:16:710 [006592] DEBUG [Prb.cpp, 512] - Read FPGA completed, Address=0x1004, Data=0x00
2013/07/17 20:17:16:710 [006592] TRACE [Prb.cpp, 448] - Writing FPGA, Address=0x1004, Data=0x00
2013/07/17 20:17:16:711 [006592] TRACE [Prb.cpp, 1035] - WriteFPGAPacket(0x1004, 0x00):01 00 0D 4D 81 00 03 10 04 00 C4 36 0D 
2013/07/17 20:17:16:711 [006524] TRACE [Prb.cpp, 835] - RxStream contents:01 00 0B B0 06 4D 00 00 01 6E 0D 
2013/07/17 20:17:16:712 [006524] TRACE [Prb.cpp, 943] - RadioBoardPacket(ACK):01 00 0B B0 06 4D 00 00 01 6E 0D 
2013/07/17 20:17:16:713 [006592] DEBUG [Prb.cpp, 466] - Write FPGA completed, Address=0x1004, Data=0x00
2013/07/17 20:17:16:714 [006244] INFO [CrossTalkDetectorStates.cpp, 98] - LinkTimeout = 4523 ms
2013/07/17 20:17:16:715 [006244] INFO [CrossTalkDetector.cpp, 68] - CrossTalkDetector state changing from IdleState to LinkingState
2013/07/17 20:17:16:716 [006244] INFO [CommunicationSystemStates.cpp, 147] - Link requested. Id: 0x801c0094. Preamble Burst Duration: 2 seconds. Preamble Burst Data Rate: 0.
2013/07/17 20:17:16:717 [006244] DEBUG [ComSysDiagnostics.cpp, 95] - Resetting FPGA Frame Error Counter
2013/07/17 20:17:16:717 [006244] TRACE [Prb.cpp, 448] - Writing FPGA, Address=0x301C, Data=0x00
2013/07/17 20:17:16:718 [006244] TRACE [Prb.cpp, 1035] - WriteFPGAPacket(0x301C, 0x00):01 00 0D 4E 81 00 03 30 1C 00 15 85 0D 
2013/07/17 20:17:16:718 [006524] TRACE [Prb.cpp, 835] - RxStream contents:01 00 0B B1 06 4E 00 00 81 29 0D 
2013/07/17 20:17:16:719 [006524] TRACE [Prb.cpp, 943] - RadioBoardPacket(ACK):01 00 0B B1 06 4E 00 00 81 29 0D 
2013/07/17 20:17:16:720 [006244] DEBUG [Prb.cpp, 466] - Write FPGA completed, Address=0x301C, Data=0x00
2013/07/17 20:17:16:720 [006244] TRACE [Prb.cpp, 448] - Writing FPGA, Address=0x2000, Data=0x80
2013/07/17 20:17:16:721 [006244] TRACE [Prb.cpp, 1035] - WriteFPGAPacket(0x2000, 0x80):01 00 0D 4F 81 00 03 20 00 80 5E D5 0D 
2013/07/17 20:17:16:721 [006524] TRACE [Prb.cpp, 835] - RxStream contents:01 00 0B B2 06 4F 00 00 01 B6 0D 
2013/07/17 20:17:16:722 [006524] TRACE [Prb.cpp, 943] - RadioBoardPacket(ACK):01 00 0B B2 06 4F 00 00 01 B6 0D 
2013/07/17 20:17:16:722 [006244] DEBUG [Prb.cpp, 466] - Write FPGA completed, Address=0x2000, Data=0x80
2013/07/17 20:17:16:723 [006244] TRACE [Prb.cpp, 448] - Writing FPGA, Address=0x2002, Data=0x1C
2013/07/17 20:17:16:723 [006244] TRACE [Prb.cpp, 1035] - WriteFPGAPacket(0x2002, 0x1C):01 00 0D 50 81 00 03 20 02 1C 4F 6D 0D 
2013/07/17 20:17:16:723 [006524] TRACE [Prb.cpp, 835] - RxStream contents:01 00 0B B3 06 50 00 00 00 42 0D 
2013/07/17 20:17:16:724 [006524] TRACE [Prb.cpp, 943] - RadioBoardPacket(ACK):01 00 0B B3 06 50 00 00 00 42 0D 
2013/07/17 20:17:16:725 [006244] DEBUG [Prb.cpp, 466] - Write FPGA completed, Address=0x2002, Data=0x1C
2013/07/17 20:17:16:725 [006244] TRACE [Prb.cpp, 448] - Writing FPGA, Address=0x2004, Data=0x00
2013/07/17 20:17:16:726 [006244] TRACE [Prb.cpp, 1035] - WriteFPGAPacket(0x2004, 0x00):01 00 0D 51 81 00 03 20 04 00 5A 35 0D 
2013/07/17 20:17:16:726 [006524] TRACE [Prb.cpp, 835] - RxStream contents:01 00 0B B4 06 51 00 00 01 3E 0D 
2013/07/17 20:17:16:727 [006524] TRACE [Prb.cpp, 943] - RadioBoardPacket(ACK):01 00 0B B4 06 51 00 00 01 3E 0D 
2013/07/17 20:17:16:727 [006244] DEBUG [Prb.cpp, 466] - Write FPGA completed, Address=0x2004, Data=0x00
2013/07/17 20:17:16:727 [006244] TRACE [Prb.cpp, 448] - Writing FPGA, Address=0x2006, Data=0x94
2013/07/17 20:17:16:728 [006244] TRACE [Prb.cpp, 1035] - WriteFPGAPacket(0x2006, 0x94):01 00 0D 52 81 00 03 20 06 94 56 7D 0D 
2013/07/17 20:17:16:728 [006524] TRACE [Prb.cpp, 835] - RxStream contents:01 00 0B B5 06 52 00 00 81 79 0D 
2013/07/17 20:17:16:729 [006524] TRACE [Prb.cpp, 943] - RadioBoardPacket(ACK):01 00 0B B5 06 52 00 00 81 79 0D 
2013/07/17 20:17:16:730 [006244] DEBUG [Prb.cpp, 466] - Write FPGA completed, Address=0x2006, Data=0x94
2013/07/17 20:17:16:730 [006244] TRACE [Prb.cpp, 448] - Writing FPGA, Address=0x1002, Data=0x02
2013/07/17 20:17:16:731 [006244] TRACE [Prb.cpp, 1035] - WriteFPGAPacket(0x1002, 0x02):01 00 0D 53 81 00 03 10 02 02 4F D9 0D 
2013/07/17 20:17:16:731 [006524] TRACE [Prb.cpp, 835] - RxStream contents:01 00 0B B6 06 53 00 00 01 E6 0D 
2013/07/17 20:17:16:732 [006524] TRACE [Prb.cpp, 943] - RadioBoardPacket(ACK):01 00 0B B6 06 53 00 00 01 E6 0D 
2013/07/17 20:17:16:732 [006244] DEBUG [Prb.cpp, 466] - Write FPGA completed, Address=0x1002, Data=0x02
2013/07/17 20:17:16:733 [006244] TRACE [Prb.cpp, 493] - Reading FPGA, Address=0x1004
2013/07/17 20:17:16:733 [006244] TRACE [Prb.cpp, 1035] - ReadFPGAPacket(0x1004):01 00 0C 54 82 00 02 10 04 30 50 0D 
2013/07/17 20:17:16:733 [006524] TRACE [Prb.cpp, 835] - RxStream contents:01 00 0C B7 06 54 00 01 00 73 75 0D 
2013/07/17 20:17:16:734 [006524] TRACE [Prb.cpp, 943] - RadioBoardPacket(ACK):01 00 0C B7 06 54 00 01 00 73 75 0D 
2013/07/17 20:17:16:734 [006244] DEBUG [Prb.cpp, 512] - Read FPGA completed, Address=0x1004, Data=0x00
2013/07/17 20:17:16:735 [006244] TRACE [Prb.cpp, 448] - Writing FPGA, Address=0x1004, Data=0x00
2013/07/17 20:17:16:735 [006244] TRACE [Prb.cpp, 1035] - WriteFPGAPacket(0x1004, 0x00):01 00 0D 55 81 00 03 10 04 00 DD B6 0D 
2013/07/17 20:17:16:736 [006524] TRACE [Prb.cpp, 835] - RxStream contents:01 00 0B B8 06 55 00 00 83 4D 0D 
2013/07/17 20:17:16:736 [006524] TRACE [Prb.cpp, 943] - RadioBoardPacket(ACK):01 00 0B B8 06 55 00 00 83 4D 0D 
2013/07/17 20:17:16:737 [006244] DEBUG [Prb.cpp, 466] - Write FPGA completed, Address=0x1004, Data=0x00
2013/07/17 20:17:16:737 [006244] TRACE [Prb.cpp, 448] - Writing FPGA, Address=0x1008, Data=0x04
2013/07/17 20:17:16:738 [006244] TRACE [Prb.cpp, 1035] - WriteFPGAPacket(0x1008, 0x04):01 00 0D 56 81 00 03 10 08 04 76 9D 0D 
2013/07/17 20:17:16:738 [006524] TRACE [Prb.cpp, 835] - RxStream contents:01 00 0B B9 06 56 00 00 03 0A 0D 
2013/07/17 20:17:16:739 [006524] TRACE [Prb.cpp, 943] - RadioBoardPacket(ACK):01 00 0B B9 06 56 00 00 03 0A 0D 
2013/07/17 20:17:16:739 [006244] DEBUG [Prb.cpp, 466] - Write FPGA completed, Address=0x1008, Data=0x04
2013/07/17 20:17:19:028 [006228] INFO [CrossTalkDetectorStates.cpp, 174] - Invalid frame while linking
2013/07/17 20:17:19:030 [006228] TRACE [Prb.cpp, 493] - Reading FPGA, Address=0x3018
2013/07/17 20:17:19:031 [006228] TRACE [Prb.cpp, 1035] - ReadFPGAPacket(0x3018):01 00 0C 57 82 00 02 30 18 78 18 0D 
2013/07/17 20:17:19:031 [006524] TRACE [Prb.cpp, 835] - RxStream contents:01 00 0C BB 06 57 00 01 3C EF F2 0D 
2013/07/17 20:17:19:032 [006524] TRACE [Prb.cpp, 943] - RadioBoardPacket(ACK):01 00 0C BB 06 57 00 01 3C EF F2 0D 
2013/07/17 20:17:19:033 [006228] DEBUG [Prb.cpp, 512] - Read FPGA completed, Address=0x3018, Data=0x3C
2013/07/17 20:17:19:033 [006228] TRACE [Prb.cpp, 493] - Reading FPGA, Address=0x301A
2013/07/17 20:17:19:034 [006228] TRACE [Prb.cpp, 1035] - ReadFPGAPacket(0x301A):01 00 0C 58 82 00 02 30 1A D0 18 0D 
2013/07/17 20:17:19:034 [006524] TRACE [Prb.cpp, 835] - RxStream contents:01 00 0C BC 06 58 00 01 00 4B 7C 0D 
2013/07/17 20:17:19:035 [006524] TRACE [Prb.cpp, 943] - RadioBoardPacket(ACK):01 00 0C BC 06 58 00 01 00 4B 7C 0D 
2013/07/17 20:17:19:035 [006228] DEBUG [Prb.cpp, 512] - Read FPGA completed, Address=0x301A, Data=0x00
2013/07/17 20:17:19:036 [006228] TRACE [Prb.cpp, 493] - Reading FPGA, Address=0x3070
2013/07/17 20:17:19:036 [006228] TRACE [Prb.cpp, 1035] - ReadFPGAPacket(0x3070):01 00 0C 59 82 00 02 30 70 29 67 0D 
2013/07/17 20:17:19:036 [006524] TRACE [Prb.cpp, 835] - RxStream contents:01 00 0C BD 06 59 00 01 00 27 7C 0D 
2013/07/17 20:17:19:037 [006524] TRACE [Prb.cpp, 943] - RadioBoardPacket(ACK):01 00 0C BD 06 59 00 01 00 27 7C 0D 
2013/07/17 20:17:19:038 [006228] DEBUG [Prb.cpp, 512] - Read FPGA completed, Address=0x3070, Data=0x00
2013/07/17 20:17:19:038 [006228] DEBUG [ComSysDiagnostics.cpp, 31] - FPGA RSSI/AFC [Linking(invalid frame)] linkedRSSI:60 linkedAFC:0 AFC:0
2013/07/17 20:17:19:044 [006228] TRACE [Prb.cpp, 493] - Reading FPGA, Address=0x3018
2013/07/17 20:17:19:045 [006228] TRACE [Prb.cpp, 1035] - ReadFPGAPacket(0x3018):01 00 0C 5A 82 00 02 30 18 20 14 0D 
2013/07/17 20:17:19:045 [006524] TRACE [Prb.cpp, 835] - RxStream contents:01 00 0C BF 06 5A 00 01 3B EB E6 0D 
2013/07/17 20:17:19:046 [006524] TRACE [Prb.cpp, 943] - RadioBoardPacket(ACK):01 00 0C BF 06 5A 00 01 3B EB E6 0D 
2013/07/17 20:17:19:047 [006228] DEBUG [Prb.cpp, 512] - Read FPGA completed, Address=0x3018, Data=0x3B
2013/07/17 20:17:19:047 [006228] TRACE [Prb.cpp, 493] - Reading FPGA, Address=0x301A
2013/07/17 20:17:19:048 [006524] TRACE [Prb.cpp, 835] - RxStream contents:01 00 0C C0 06 5B 00 01 00 57 07 0D 
2013/07/17 20:17:19:048 [006228] TRACE [Prb.cpp, 1035] - ReadFPGAPacket(0x301A):01 00 0C 5B 82 00 02 30 1A 58 18 0D 
2013/07/17 20:17:19:049 [006524] TRACE [Prb.cpp, 943] - RadioBoardPacket(ACK):01 00 0C C0 06 5B 00 01 00 57 07 0D 
2013/07/17 20:17:19:049 [006228] DEBUG [Prb.cpp, 512] - Read FPGA completed, Address=0x301A, Data=0x00
2013/07/17 20:17:19:050 [006228] TRACE [Prb.cpp, 493] - Reading FPGA, Address=0x3070
2013/07/17 20:17:19:051 [006228] TRACE [Prb.cpp, 1035] - ReadFPGAPacket(0x3070):01 00 0C 5C 82 00 02 30 70 31 62 0D 
2013/07/17 20:17:19:051 [006524] TRACE [Prb.cpp, 835] - RxStream contents:01 00 0C C1 06 5C 00 01 FF 41 05 0D 
2013/07/17 20:17:19:051 [006524] TRACE [Prb.cpp, 943] - RadioBoardPacket(ACK):01 00 0C C1 06 5C 00 01 FF 41 05 0D 
2013/07/17 20:17:19:052 [006228] DEBUG [Prb.cpp, 512] - Read FPGA completed, Address=0x3070, Data=0xFF
2013/07/17 20:17:19:052 [006228] DEBUG [ComSysDiagnostics.cpp, 31] - FPGA RSSI/AFC [Linking(valid frame)] linkedRSSI:59 linkedAFC:0 AFC:255
2013/07/17 20:17:19:058 [006228] TRACE [Prb.cpp, 493] - Reading FPGA, Address=0x3018
2013/07/17 20:17:19:059 [006228] TRACE [Prb.cpp, 1035] - ReadFPGAPacket(0x3018):01 00 0C 5D 82 00 02 30 18 48 12 0D 
2013/07/17 20:17:19:059 [006524] TRACE [Prb.cpp, 835] - RxStream contents:01 00 0C C3 06 5D 00 01 3B 27 9E 0D 
2013/07/17 20:17:19:060 [006524] TRACE [Prb.cpp, 943] - RadioBoardPacket(ACK):01 00 0C C3 06 5D 00 01 3B 27 9E 0D 
2013/07/17 20:17:19:060 [006228] DEBUG [Prb.cpp, 512] - Read FPGA completed, Address=0x3018, Data=0x3B
2013/07/17 20:17:19:061 [006228] TRACE [Prb.cpp, 493] - Reading FPGA, Address=0x301A
2013/07/17 20:17:19:062 [006228] TRACE [Prb.cpp, 1035] - ReadFPGAPacket(0x301A):01 00 0C 5E 82 00 02 30 1A 40 1D 0D 
2013/07/17 20:17:19:062 [006524] TRACE [Prb.cpp, 835] - RxStream contents:01 00 0C C4 06 5E 00 01 00 F3 01 0D 
2013/07/17 20:17:19:063 [006524] TRACE [Prb.cpp, 943] - RadioBoardPacket(ACK):01 00 0C C4 06 5E 00 01 00 F3 01 0D 
2013/07/17 20:17:19:063 [006228] DEBUG [Prb.cpp, 512] - Read FPGA completed, Address=0x301A, Data=0x00
2013/07/17 20:17:19:064 [006228] TRACE [Prb.cpp, 493] - Reading FPGA, Address=0x3070
2013/07/17 20:17:19:064 [006228] TRACE [Prb.cpp, 1035] - ReadFPGAPacket(0x3070):01 00 0C 5F 82 00 02 30 70 B9 62 0D 
2013/07/17 20:17:19:064 [006524] TRACE [Prb.cpp, 835] - RxStream contents:01 00 0C C5 06 5F 00 01 FF 9D 03 0D 
2013/07/17 20:17:19:065 [006524] TRACE [Prb.cpp, 943] - RadioBoardPacket(ACK):01 00 0C C5 06 5F 00 01 FF 9D 03 0D 
2013/07/17 20:17:19:066 [006228] DEBUG [Prb.cpp, 512] - Read FPGA completed, Address=0x3070, Data=0xFF
2013/07/17 20:17:19:067 [006228] DEBUG [ComSysDiagnostics.cpp, 31] - FPGA RSSI/AFC [Linking(valid frame)] linkedRSSI:59 linkedAFC:0 AFC:255
2013/07/17 20:17:19:077 [006228] TRACE [Prb.cpp, 493] - Reading FPGA, Address=0x3018
2013/07/17 20:17:19:077 [006228] TRACE [Prb.cpp, 1035] - ReadFPGAPacket(0x3018):01 00 0C 60 82 00 02 30 18 10 2D 0D 
2013/07/17 20:17:19:077 [006524] TRACE [Prb.cpp, 835] - RxStream contents:01 00 0C C7 06 60 00 01 3B 63 91 0D 
2013/07/17 20:17:19:078 [006524] TRACE [Prb.cpp, 943] - RadioBoardPacket(ACK):01 00 0C C7 06 60 00 01 3B 63 91 0D 
2013/07/17 20:17:19:079 [006228] DEBUG [Prb.cpp, 512] - Read FPGA completed, Address=0x3018, Data=0x3B
2013/07/17 20:17:19:079 [006228] TRACE [Prb.cpp, 493] - Reading FPGA, Address=0x301A
2013/07/17 20:17:19:080 [006228] TRACE [Prb.cpp, 1035] - ReadFPGAPacket(0x301A):01 00 0C 61 82 00 02 30 1A 68 21 0D 
2013/07/17 20:17:19:080 [006524] TRACE [Prb.cpp, 835] - RxStream contents:01 00 0C C8 06 61 00 01 00 5F 04 0D 
2013/07/17 20:17:19:081 [006524] TRACE [Prb.cpp, 943] - RadioBoardPacket(ACK):01 00 0C C8 06 61 00 01 00 5F 04 0D 
2013/07/17 20:17:19:082 [006228] DEBUG [Prb.cpp, 512] - Read FPGA completed, Address=0x301A, Data=0x00
2013/07/17 20:17:19:082 [006228] TRACE [Prb.cpp, 493] - Reading FPGA, Address=0x3070
2013/07/17 20:17:19:083 [006228] TRACE [Prb.cpp, 1035] - ReadFPGAPacket(0x3070):01 00 0C 62 82 00 02 30 70 E1 5D 0D 
2013/07/17 20:17:19:083 [006524] TRACE [Prb.cpp, 835] - RxStream contents:01 00 0C C9 06 62 00 01 FE 19 00 0D 
2013/07/17 20:17:19:084 [006524] TRACE [Prb.cpp, 943] - RadioBoardPacket(ACK):01 00 0C C9 06 62 00 01 FE 19 00 0D 
2013/07/17 20:17:19:084 [006228] DEBUG [Prb.cpp, 512] - Read FPGA completed, Address=0x3070, Data=0xFE
2013/07/17 20:17:19:085 [006228] DEBUG [ComSysDiagnostics.cpp, 31] - FPGA RSSI/AFC [Linking(valid frame)] linkedRSSI:59 linkedAFC:0 AFC:254
2013/07/17 20:17:19:090 [006228] TRACE [Prb.cpp, 493] - Reading FPGA, Address=0x3018
2013/07/17 20:17:19:091 [006228] TRACE [Prb.cpp, 1035] - ReadFPGAPacket(0x3018):01 00 0C 63 82 00 02 30 18 98 2D 0D 
2013/07/17 20:17:19:091 [006524] TRACE [Prb.cpp, 835] - RxStream contents:01 00 0C CB 06 63 00 01 3C 7F 8F 0D 
2013/07/17 20:17:19:092 [006524] TRACE [Prb.cpp, 943] - RadioBoardPacket(ACK):01 00 0C CB 06 63 00 01 3C 7F 8F 0D 
2013/07/17 20:17:19:092 [006228] DEBUG [Prb.cpp, 512] - Read FPGA completed, Address=0x3018, Data=0x3C
2013/07/17 20:17:19:093 [006228] TRACE [Prb.cpp, 493] - Reading FPGA, Address=0x301A
2013/07/17 20:17:19:094 [006228] TRACE [Prb.cpp, 1035] - ReadFPGAPacket(0x301A):01 00 0C 64 82 00 02 30 1A 70 24 0D 
2013/07/17 20:17:19:094 [006524] TRACE [Prb.cpp, 835] - RxStream contents:01 00 0C CC 06 64 00 01 00 FB 02 0D 
2013/07/17 20:17:19:095 [006524] TRACE [Prb.cpp, 943] - RadioBoardPacket(ACK):01 00 0C CC 06 64 00 01 00 FB 02 0D 
2013/07/17 20:17:19:095 [006228] DEBUG [Prb.cpp, 512] - Read FPGA completed, Address=0x301A, Data=0x00
2013/07/17 20:17:19:096 [006228] TRACE [Prb.cpp, 493] - Reading FPGA, Address=0x3070
2013/07/17 20:17:19:096 [006228] TRACE [Prb.cpp, 1035] - ReadFPGAPacket(0x3070):01 00 0C 65 82 00 02 30 70 89 5B 0D 
2013/07/17 20:17:19:096 [006524] TRACE [Prb.cpp, 835] - RxStream contents:01 00 0C CD 06 65 00 01 FE 15 05 0D 
2013/07/17 20:17:19:097 [006524] TRACE [Prb.cpp, 943] - RadioBoardPacket(ACK):01 00 0C CD 06 65 00 01 FE 15 05 0D 
2013/07/17 20:17:19:098 [006228] DEBUG [Prb.cpp, 512] - Read FPGA completed, Address=0x3070, Data=0xFE
2013/07/17 20:17:19:098 [006228] DEBUG [ComSysDiagnostics.cpp, 31] - FPGA RSSI/AFC [Linking(valid frame)] linkedRSSI:60 linkedAFC:0 AFC:254
2013/07/17 20:17:19:104 [006228] TRACE [Prb.cpp, 493] - Reading FPGA, Address=0x3018
2013/07/17 20:17:19:104 [006228] TRACE [Prb.cpp, 1035] - ReadFPGAPacket(0x3018):01 00 0C 66 82 00 02 30 18 80 28 0D 
2013/07/17 20:17:19:104 [006524] TRACE [Prb.cpp, 835] - RxStream contents:01 00 0C CF 06 66 00 01 3C DB 89 0D 
2013/07/17 20:17:19:106 [006524] TRACE [Prb.cpp, 943] - RadioBoardPacket(ACK):01 00 0C CF 06 66 00 01 3C DB 89 0D 
2013/07/17 20:17:19:106 [006228] DEBUG [Prb.cpp, 512] - Read FPGA completed, Address=0x3018, Data=0x3C
2013/07/17 20:17:19:107 [006228] TRACE [Prb.cpp, 493] - Reading FPGA, Address=0x301A
2013/07/17 20:17:19:108 [006228] TRACE [Prb.cpp, 1035] - ReadFPGAPacket(0x301A):01 00 0C 67 82 00 02 30 1A F8 24 0D 
2013/07/17 20:17:19:108 [006524] TRACE [Prb.cpp, 835] - RxStream contents:01 00 0C D0 06 67 00 01 FF E5 1D 0D 
2013/07/17 20:17:19:109 [006524] TRACE [Prb.cpp, 943] - RadioBoardPacket(ACK):01 00 0C D0 06 67 00 01 FF E5 1D 0D 
2013/07/17 20:17:19:109 [006228] DEBUG [Prb.cpp, 512] - Read FPGA completed, Address=0x301A, Data=0xFF
2013/07/17 20:17:19:110 [006228] TRACE [Prb.cpp, 493] - Reading FPGA, Address=0x3070
2013/07/17 20:17:19:111 [006228] TRACE [Prb.cpp, 1035] - ReadFPGAPacket(0x3070):01 00 0C 68 82 00 02 30 70 D1 57 0D 
2013/07/17 20:17:19:111 [006524] TRACE [Prb.cpp, 835] - RxStream contents:01 00 0C D1 06 68 00 01 FF D1 1E 0D 
2013/07/17 20:17:19:112 [006524] TRACE [Prb.cpp, 943] - RadioBoardPacket(ACK):01 00 0C D1 06 68 00 01 FF D1 1E 0D 
2013/07/17 20:17:19:112 [006228] DEBUG [Prb.cpp, 512] - Read FPGA completed, Address=0x3070, Data=0xFF
2013/07/17 20:17:19:113 [006228] DEBUG [ComSysDiagnostics.cpp, 31] - FPGA RSSI/AFC [Linking(valid frame)] linkedRSSI:60 linkedAFC:255 AFC:255
2013/07/17 20:17:19:123 [006228] TRACE [Prb.cpp, 493] - Reading FPGA, Address=0x3018
2013/07/17 20:17:19:123 [006228] TRACE [Prb.cpp, 1035] - ReadFPGAPacket(0x3018):01 00 0C 69 82 00 02 30 18 A8 27 0D 
2013/07/17 20:17:19:123 [006524] TRACE [Prb.cpp, 835] - RxStream contents:01 00 0C D3 06 69 00 01 3B B7 85 0D 
2013/07/17 20:17:19:124 [006524] TRACE [Prb.cpp, 943] - RadioBoardPacket(ACK):01 00 0C D3 06 69 00 01 3B B7 85 0D 
2013/07/17 20:17:19:125 [006228] DEBUG [Prb.cpp, 512] - Read FPGA completed, Address=0x3018, Data=0x3B
2013/07/17 20:17:19:125 [006228] TRACE [Prb.cpp, 493] - Reading FPGA, Address=0x301A
2013/07/17 20:17:19:126 [006228] TRACE [Prb.cpp, 1035] - ReadFPGAPacket(0x301A):01 00 0C 6A 82 00 02 30 1A A0 28 0D 
2013/07/17 20:17:19:126 [006524] TRACE [Prb.cpp, 835] - RxStream contents:01 00 0C D4 06 6A 00 01 FF 61 18 0D 
2013/07/17 20:17:19:127 [006524] TRACE [Prb.cpp, 943] - RadioBoardPacket(ACK):01 00 0C D4 06 6A 00 01 FF 61 18 0D 
2013/07/17 20:17:19:127 [006228] DEBUG [Prb.cpp, 512] - Read FPGA completed, Address=0x301A, Data=0xFF
2013/07/17 20:17:19:128 [006228] TRACE [Prb.cpp, 493] - Reading FPGA, Address=0x3070
2013/07/17 20:17:19:128 [006228] TRACE [Prb.cpp, 1035] - ReadFPGAPacket(0x3070):01 00 0C 6B 82 00 02 30 70 59 57 0D 
2013/07/17 20:17:19:128 [006524] TRACE [Prb.cpp, 835] - RxStream contents:01 00 0C D5 06 6B 00 01 FF 0D 18 0D 
2013/07/17 20:17:19:129 [006524] TRACE [Prb.cpp, 943] - RadioBoardPacket(ACK):01 00 0C D5 06 6B 00 01 FF 0D 18 0D 
2013/07/17 20:17:19:130 [006228] DEBUG [Prb.cpp, 512] - Read FPGA completed, Address=0x3070, Data=0xFF
2013/07/17 20:17:19:130 [006228] DEBUG [ComSysDiagnostics.cpp, 31] - FPGA RSSI/AFC [Linking(valid frame)] linkedRSSI:59 linkedAFC:255 AFC:255
2013/07/17 20:17:19:136 [006228] TRACE [Prb.cpp, 493] - Reading FPGA, Address=0x3018
2013/07/17 20:17:19:136 [006228] TRACE [Prb.cpp, 1035] - ReadFPGAPacket(0x3018):01 00 0C 6C 82 00 02 30 18 B0 22 0D 
2013/07/17 20:17:19:136 [006524] TRACE [Prb.cpp, 835] - RxStream contents:01 00 0C D7 06 6C 00 01 3C 93 92 0D 
2013/07/17 20:17:19:137 [006524] TRACE [Prb.cpp, 943] - RadioBoardPacket(ACK):01 00 0C D7 06 6C 00 01 3C 93 92 0D 
2013/07/17 20:17:19:138 [006228] DEBUG [Prb.cpp, 512] - Read FPGA completed, Address=0x3018, Data=0x3C
2013/07/17 20:17:19:138 [006228] TRACE [Prb.cpp, 493] - Reading FPGA, Address=0x301A
2013/07/17 20:17:19:139 [006228] TRACE [Prb.cpp, 1035] - ReadFPGAPacket(0x301A):01 00 0C 6D 82 00 02 30 1A C8 2E 0D 
2013/07/17 20:17:19:139 [006524] TRACE [Prb.cpp, 835] - RxStream contents:01 00 0C D8 06 6D 00 01 FF 2D 14 0D 
2013/07/17 20:17:19:140 [006524] TRACE [Prb.cpp, 943] - RadioBoardPacket(ACK):01 00 0C D8 06 6D 00 01 FF 2D 14 0D 
2013/07/17 20:17:19:141 [006228] DEBUG [Prb.cpp, 512] - Read FPGA completed, Address=0x301A, Data=0xFF
2013/07/17 20:17:19:141 [006228] TRACE [Prb.cpp, 493] - Reading FPGA, Address=0x3070
2013/07/17 20:17:19:142 [006228] TRACE [Prb.cpp, 1035] - ReadFPGAPacket(0x3070):01 00 0C 6E 82 00 02 30 70 41 52 0D 
2013/07/17 20:17:19:142 [006524] TRACE [Prb.cpp, 835] - RxStream contents:01 00 0C D9 06 6E 00 01 FF E9 17 0D 
2013/07/17 20:17:19:143 [006524] TRACE [Prb.cpp, 943] - RadioBoardPacket(ACK):01 00 0C D9 06 6E 00 01 FF E9 17 0D 
2013/07/17 20:17:19:143 [006228] DEBUG [Prb.cpp, 512] - Read FPGA completed, Address=0x3070, Data=0xFF
2013/07/17 20:17:19:144 [006228] DEBUG [ComSysDiagnostics.cpp, 31] - FPGA RSSI/AFC [Linking(valid frame)] linkedRSSI:60 linkedAFC:255 AFC:255
2013/07/17 20:17:19:154 [006228] TRACE [Prb.cpp, 493] - Reading FPGA, Address=0x3018
2013/07/17 20:17:19:155 [006228] TRACE [Prb.cpp, 1035] - ReadFPGAPacket(0x3018):01 00 0C 6F 82 00 02 30 18 38 22 0D 
2013/07/17 20:17:19:155 [006524] TRACE [Prb.cpp, 835] - RxStream contents:01 00 0C DB 06 6F 00 01 3C 0F 9D 0D 
2013/07/17 20:17:19:156 [006524] TRACE [Prb.cpp, 943] - RadioBoardPacket(ACK):01 00 0C DB 06 6F 00 01 3C 0F 9D 0D 
2013/07/17 20:17:19:156 [006228] DEBUG [Prb.cpp, 512] - Read FPGA completed, Address=0x3018, Data=0x3C
2013/07/17 20:17:19:157 [006228] TRACE [Prb.cpp, 493] - Reading FPGA, Address=0x301A
2013/07/17 20:17:19:158 [006228] TRACE [Prb.cpp, 1035] - ReadFPGAPacket(0x301A):01 00 0C 70 82 00 02 30 1A 10 30 0D 
2013/07/17 20:17:19:158 [006524] TRACE [Prb.cpp, 835] - RxStream contents:01 00 0C DC 06 70 00 01 FF E9 17 0D 
2013/07/17 20:17:19:159 [006524] TRACE [Prb.cpp, 943] - RadioBoardPacket(ACK):01 00 0C DC 06 70 00 01 FF E9 17 0D 
2013/07/17 20:17:19:159 [006228] DEBUG [Prb.cpp, 512] - Read FPGA completed, Address=0x301A, Data=0xFF
2013/07/17 20:17:19:160 [006228] TRACE [Prb.cpp, 493] - Reading FPGA, Address=0x3070
2013/07/17 20:17:19:160 [006228] TRACE [Prb.cpp, 1035] - ReadFPGAPacket(0x3070):01 00 0C 71 82 00 02 30 70 E9 4F 0D 
2013/07/17 20:17:19:160 [006524] TRACE [Prb.cpp, 835] - RxStream contents:01 00 0C DD 06 71 00 01 FE 05 12 0D 
2013/07/17 20:17:19:161 [006524] TRACE [Prb.cpp, 943] - RadioBoardPacket(ACK):01 00 0C DD 06 71 00 01 FE 05 12 0D 
2013/07/17 20:17:19:162 [006228] DEBUG [Prb.cpp, 512] - Read FPGA completed, Address=0x3070, Data=0xFE
2013/07/17 20:17:19:162 [006228] DEBUG [ComSysDiagnostics.cpp, 31] - FPGA RSSI/AFC [Linking(valid frame)] linkedRSSI:60 linkedAFC:255 AFC:254
2013/07/17 20:17:19:168 [006228] TRACE [Prb.cpp, 493] - Reading FPGA, Address=0x3018
2013/07/17 20:17:19:169 [006228] TRACE [Prb.cpp, 1035] - ReadFPGAPacket(0x3018):01 00 0C 72 82 00 02 30 18 E0 3C 0D 
2013/07/17 20:17:19:169 [006524] TRACE [Prb.cpp, 835] - RxStream contents:01 00 0C DF 06 72 00 01 3C CB 9E 0D 
2013/07/17 20:17:19:170 [006524] TRACE [Prb.cpp, 943] - RadioBoardPacket(ACK):01 00 0C DF 06 72 00 01 3C CB 9E 0D 
2013/07/17 20:17:19:170 [006228] DEBUG [Prb.cpp, 512] - Read FPGA completed, Address=0x3018, Data=0x3C
2013/07/17 20:17:19:171 [006228] TRACE [Prb.cpp, 493] - Reading FPGA, Address=0x301A
2013/07/17 20:17:19:172 [006228] TRACE [Prb.cpp, 1035] - ReadFPGAPacket(0x301A):01 00 0C 73 82 00 02 30 1A 98 30 0D 
2013/07/17 20:17:19:172 [006524] TRACE [Prb.cpp, 835] - RxStream contents:01 00 0C E0 06 73 00 01 00 77 29 0D 
2013/07/17 20:17:19:173 [006524] TRACE [Prb.cpp, 943] - RadioBoardPacket(ACK):01 00 0C E0 06 73 00 01 00 77 29 0D 
2013/07/17 20:17:19:173 [006228] DEBUG [Prb.cpp, 512] - Read FPGA completed, Address=0x301A, Data=0x00
2013/07/17 20:17:19:174 [006228] TRACE [Prb.cpp, 493] - Reading FPGA, Address=0x3070
2013/07/17 20:17:19:175 [006228] TRACE [Prb.cpp, 1035] - ReadFPGAPacket(0x3070):01 00 0C 74 82 00 02 30 70 F1 4A 0D 
2013/07/17 20:17:19:175 [006524] TRACE [Prb.cpp, 835] - RxStream contents:01 00 0C E1 06 74 00 01 FF 61 2B 0D 
2013/07/17 20:17:19:176 [006524] TRACE [Prb.cpp, 943] - RadioBoardPacket(ACK):01 00 0C E1 06 74 00 01 FF 61 2B 0D 
2013/07/17 20:17:19:176 [006228] DEBUG [Prb.cpp, 512] - Read FPGA completed, Address=0x3070, Data=0xFF
2013/07/17 20:17:19:177 [006228] DEBUG [ComSysDiagnostics.cpp, 31] - FPGA RSSI/AFC [Linking(valid frame)] linkedRSSI:60 linkedAFC:0 AFC:255
2013/07/17 20:17:19:183 [006228] TRACE [Prb.cpp, 584] - Reading CC1020, Address=0x0004
2013/07/17 20:17:19:183 [006228] TRACE [Prb.cpp, 1035] - ReadCC1020Packet(0x04):01 00 0C 75 84 00 02 00 04 A9 61 0D 
2013/07/17 20:17:19:197 [006524] TRACE [Prb.cpp, 835] - RxStream contents:01 00 0C E3 06 75 00 01 35 87 97 0D 
2013/07/17 20:17:19:198 [006524] TRACE [Prb.cpp, 943] - RadioBoardPacket(ACK):01 00 0C E3 06 75 00 01 35 87 97 0D 
2013/07/17 20:17:19:198 [006228] DEBUG [Prb.cpp, 603] - Read CC1020 completed, Address=0x0004, Data=0x35
2013/07/17 20:17:19:199 [006228] TRACE [Prb.cpp, 584] - Reading CC1020, Address=0x0005
2013/07/17 20:17:19:200 [006228] TRACE [Prb.cpp, 1035] - ReadCC1020Packet(0x05):01 00 0C 76 84 00 02 00 05 A1 64 0D 
2013/07/17 20:17:19:212 [006524] TRACE [Prb.cpp, 835] - RxStream contents:01 00 0C E5 06 76 00 01 EF A9 4D 0D 01 00 1F E6 00 00 00 14 04 80 81 7F 7D 
2013/07/17 20:17:19:213 [006524] TRACE [Prb.cpp, 943] - RadioBoardPacket(ACK):01 00 0C E5 06 76 00 01 EF A9 4D 0D 
2013/07/17 20:17:19:214 [006228] DEBUG [Prb.cpp, 603] - Read CC1020 completed, Address=0x0005, Data=0xEF
2013/07/17 20:17:19:214 [006228] TRACE [Prb.cpp, 584] - Reading CC1020, Address=0x0006
2013/07/17 20:17:19:215 [006228] TRACE [Prb.cpp, 1035] - ReadCC1020Packet(0x06):01 00 0C 77 84 00 02 00 06 59 6D 0D 
2013/07/17 20:17:19:228 [006524] TRACE [Prb.cpp, 943] - RadioBoardPacket(ACK):01 00 0C E7 06 77 00 01 C7 4D BD 0D 
2013/07/17 20:17:19:229 [006228] DEBUG [Prb.cpp, 603] - Read CC1020 completed, Address=0x0006, Data=0xC7
2013/07/17 20:17:19:229 [006228] TRACE [Prb.cpp, 584] - Reading CC1020, Address=0x0008
2013/07/17 20:17:19:230 [006228] TRACE [Prb.cpp, 1035] - ReadCC1020Packet(0x08):01 00 0C 78 84 00 02 00 08 F1 45 0D 
2013/07/17 20:17:19:244 [006524] TRACE [Prb.cpp, 943] - RadioBoardPacket(ACK):01 00 0C E9 06 78 00 01 35 D3 9E 0D 
2013/07/17 20:17:19:245 [006228] DEBUG [Prb.cpp, 603] - Read CC1020 completed, Address=0x0008, Data=0x35
2013/07/17 20:17:19:245 [006228] TRACE [Prb.cpp, 584] - Reading CC1020, Address=0x0009
2013/07/17 20:17:19:246 [006228] TRACE [Prb.cpp, 1035] - ReadCC1020Packet(0x09):01 00 0C 79 84 00 02 00 09 89 43 0D 
2013/07/17 20:17:19:259 [006524] TRACE [Prb.cpp, 943] - RadioBoardPacket(ACK):01 00 0C EB 06 79 00 01 FA 35 3C 0D 
2013/07/17 20:17:19:260 [006228] DEBUG [Prb.cpp, 603] - Read CC1020 completed, Address=0x0009, Data=0xFA
2013/07/17 20:17:19:261 [006228] TRACE [Prb.cpp, 584] - Reading CC1020, Address=0x000A
2013/07/17 20:17:19:261 [006228] TRACE [Prb.cpp, 1035] - ReadCC1020Packet(0x0A):01 00 0C 7A 84 00 02 00 0A 01 49 0D 
2013/07/17 20:17:19:275 [006524] TRACE [Prb.cpp, 943] - RadioBoardPacket(ACK):01 00 0C ED 06 7A 00 01 71 9A 03 0D 
2013/07/17 20:17:19:276 [006228] DEBUG [Prb.cpp, 603] - Read CC1020 completed, Address=0x000A, Data=0x71
2013/07/17 20:17:19:276 [006228] TRACE [Prb.cpp, 584] - Reading CC1020, Address=0x000F
2013/07/17 20:17:19:277 [006228] TRACE [Prb.cpp, 1035] - ReadCC1020Packet(0x0F):01 00 0C 7B 84 00 02 00 0F F9 54 0D 
2013/07/17 20:17:19:291 [006524] TRACE [Prb.cpp, 943] - RadioBoardPacket(ACK):01 00 0C EF 06 7B 00 01 DF FD E4 0D 
2013/07/17 20:17:19:292 [006228] DEBUG [Prb.cpp, 603] - Read CC1020 completed, Address=0x000F, Data=0xDF
2013/07/17 20:17:19:292 [006228] TRACE [Prb.cpp, 584] - Reading CC1020, Address=0x0010
2013/07/17 20:17:19:293 [006228] TRACE [Prb.cpp, 1035] - ReadCC1020Packet(0x10):01 00 0C 7C 84 00 02 00 10 11 13 0D 
2013/07/17 20:17:19:306 [006524] TRACE [Prb.cpp, 943] - RadioBoardPacket(ACK):01 00 0C F1 06 7C 00 01 22 C3 F4 0D 
2013/07/17 20:17:19:307 [006228] DEBUG [Prb.cpp, 603] - Read CC1020 completed, Address=0x0010, Data=0x22
2013/07/17 20:17:19:308 [006228] TRACE [Prb.cpp, 584] - Reading CC1020, Address=0x0013
2013/07/17 20:17:19:308 [006228] TRACE [Prb.cpp, 1035] - ReadCC1020Packet(0x13):01 00 0C 7D 84 00 02 00 13 E9 1A 0D 
2013/07/17 20:17:19:322 [006524] TRACE [Prb.cpp, 835] - RxStream contents:01 00 0C F3 06 7D 00 01 2F A7 D9 0D 
2013/07/17 20:17:19:322 [006524] TRACE [Prb.cpp, 943] - RadioBoardPacket(ACK):01 00 0C F3 06 7D 00 01 2F A7 D9 0D 
2013/07/17 20:17:19:323 [006228] DEBUG [Prb.cpp, 603] - Read CC1020 completed, Address=0x0013, Data=0x2F
2013/07/17 20:17:19:323 [006228] TRACE [Prb.cpp, 584] - Reading CC1020, Address=0x0014
2013/07/17 20:17:19:324 [006228] TRACE [Prb.cpp, 1035] - ReadCC1020Packet(0x14):01 00 0C 7E 84 00 02 00 14 E1 0B 0D 
2013/07/17 20:17:19:338 [006524] TRACE [Prb.cpp, 943] - RadioBoardPacket(ACK):01 00 0C F5 06 7E 00 01 2F 0B DC 0D 
2013/07/17 20:17:19:339 [006228] DEBUG [Prb.cpp, 603] - Read CC1020 completed, Address=0x0014, Data=0x2F
2013/07/17 20:17:19:339 [006228] TRACE [Prb.cpp, 584] - Reading CC1020, Address=0x0043
2013/07/17 20:17:19:340 [006228] TRACE [Prb.cpp, 1035] - ReadCC1020Packet(0x43):01 00 0C 7F 84 00 02 00 43 98 F9 0D 
2013/07/17 20:17:19:353 [006524] TRACE [Prb.cpp, 943] - RadioBoardPacket(ACK):01 00 0C F7 06 7F 00 01 FF 6D 3F 0D 
2013/07/17 20:17:19:354 [006228] DEBUG [Prb.cpp, 603] - Read CC1020 completed, Address=0x0043, Data=0xFF
2013/07/17 20:17:19:354 [006228] DEBUG [ComSysDiagnostics.cpp, 63] - CC1020 [Link complete] FREQ_2A: 0x35 FREQ_1A: 0xef FREQ_0A: 0xc7
2013/07/17 20:17:19:355 [006228] DEBUG [ComSysDiagnostics.cpp, 67] - CC1020 [Link complete] FREQ_2B: 0x35 FREQ_1B: 0xfa FREQ_0B: 0x71
2013/07/17 20:17:19:355 [006228] DEBUG [ComSysDiagnostics.cpp, 72] - CC1020 [Link complete] AFC_CONTROL: 0xdf FILTER: 0x22 VGA3: 0x2f VGA4: 0x2f AFC: 0xff
2013/07/17 20:17:19:356 [006228] TRACE [Prb.cpp, 493] - Reading FPGA, Address=0x3018
2013/07/17 20:17:19:357 [006228] TRACE [Prb.cpp, 1035] - ReadFPGAPacket(0x3018):01 00 0C 80 82 00 02 30 18 90 C0 0D 
2013/07/17 20:17:19:357 [006524] TRACE [Prb.cpp, 835] - RxStream contents:01 00 0C F9 06 80 00 01 3E 33 9E 0D 
2013/07/17 20:17:19:358 [006524] TRACE [Prb.cpp, 943] - RadioBoardPacket(ACK):01 00 0C F9 06 80 00 01 3E 33 9E 0D 
2013/07/17 20:17:19:358 [006228] DEBUG [Prb.cpp, 512] - Read FPGA completed, Address=0x3018, Data=0x3E
2013/07/17 20:17:19:359 [006228] TRACE [Prb.cpp, 493] - Reading FPGA, Address=0x301A
2013/07/17 20:17:19:359 [006228] TRACE [Prb.cpp, 1035] - ReadFPGAPacket(0x301A):01 00 0C 81 82 00 02 30 1A E8 CC 0D 
2013/07/17 20:17:19:359 [006524] TRACE [Prb.cpp, 835] - RxStream contents:01 00 0C FA 06 81 00 01 00 AF 1A 0D 
2013/07/17 20:17:19:360 [006524] TRACE [Prb.cpp, 943] - RadioBoardPacket(ACK):01 00 0C FA 06 81 00 01 00 AF 1A 0D 
2013/07/17 20:17:19:361 [006228] DEBUG [Prb.cpp, 512] - Read FPGA completed, Address=0x301A, Data=0x00
2013/07/17 20:17:19:361 [006228] TRACE [Prb.cpp, 493] - Reading FPGA, Address=0x3070
2013/07/17 20:17:19:362 [006228] TRACE [Prb.cpp, 1035] - ReadFPGAPacket(0x3070):01 00 0C 82 82 00 02 30 70 61 B0 0D 
2013/07/17 20:17:19:362 [006524] TRACE [Prb.cpp, 835] - RxStream contents:01 00 0C FB 06 82 00 01 FE E9 1E 0D 
2013/07/17 20:17:19:363 [006524] TRACE [Prb.cpp, 943] - RadioBoardPacket(ACK):01 00 0C FB 06 82 00 01 FE E9 1E 0D 
2013/07/17 20:17:19:363 [006228] DEBUG [Prb.cpp, 512] - Read FPGA completed, Address=0x3070, Data=0xFE
2013/07/17 20:17:19:364 [006228] DEBUG [ComSysDiagnostics.cpp, 31] - FPGA RSSI/AFC [Link complete] linkedRSSI:62 linkedAFC:0 AFC:254
2013/07/17 20:17:19:365 [006228] INFO [ComSysDiagnostics.cpp, 79] - Status Counters [Link complete] FrameErrorsInLastSecond:1 EcgErrorsInLastSecond:0 MarkerOrImplantIdErrorsInLastSecond:0 TotalFrameErrors:1 TotalEcgErrors:0 TotalMarkerOrImplantIdErrors:0 TotalSentCommands:0 TotalGoodResponses:0 TotalBadResponses:0 TotalResponseTimeouts:0
2013/07/17 20:17:19:366 [006228] TRACE [Prb.cpp, 493] - Reading FPGA, Address=0x301C
2013/07/17 20:17:19:367 [006228] TRACE [Prb.cpp, 1035] - ReadFPGAPacket(0x301C):01 00 0C 83 82 00 02 30 1C 98 DB 0D 
2013/07/17 20:17:19:367 [006524] TRACE [Prb.cpp, 835] - RxStream contents:01 00 0C FC 06 83 00 01 01 17 19 0D 
2013/07/17 20:17:19:368 [006524] TRACE [Prb.cpp, 943] - RadioBoardPacket(ACK):01 00 0C FC 06 83 00 01 01 17 19 0D 
2013/07/17 20:17:19:368 [006228] DEBUG [Prb.cpp, 512] - Read FPGA completed, Address=0x301C, Data=0x01
2013/07/17 20:17:19:369 [006228] DEBUG [ComSysDiagnostics.cpp, 89] - FPGA Frame Error Counter [Link complete]:1
2013/07/17 20:17:19:370 [006228] INFO [CrossTalkDetector.cpp, 68] - CrossTalkDetector state changing from LinkingState to LinkedState
2013/07/17 20:17:19:371 [006228] INFO [CommunicationSystemStates.cpp, 221] - Link complete.
2013/07/17 20:17:19:381 [006244] INFO 0x801C0094 [CommunicationSystemStateMachine.cpp, 237] - Command: 0x82. Retries: 3. Timeout: 78 ms.
2013/07/17 20:17:19:385 [006244] INFO 0x801C0094 [CommunicationSystemStateMachine.cpp, 252] - Send Command:82 04 F5 6C 17 08 
2013/07/17 20:17:19:385 [006244] TRACE 0x801C0094 [Prb.cpp, 493] - Reading FPGA, Address=0x3018
2013/07/17 20:17:19:386 [006244] TRACE 0x801C0094 [Prb.cpp, 1035] - ReadFPGAPacket(0x3018):01 00 0C 84 82 00 02 30 18 70 C6 0D 
2013/07/17 20:17:19:386 [006524] TRACE 0x801C0094 [Prb.cpp, 835] - RxStream contents:01 00 0C FF 06 84 00 01 3C F3 97 0D 
2013/07/17 20:17:19:387 [006524] TRACE 0x801C0094 [Prb.cpp, 943] - RadioBoardPacket(ACK):01 00 0C FF 06 84 00 01 3C F3 97 0D 
2013/07/17 20:17:19:387 [006244] DEBUG 0x801C0094 [Prb.cpp, 512] - Read FPGA completed, Address=0x3018, Data=0x3C
2013/07/17 20:17:19:388 [006244] TRACE 0x801C0094 [Prb.cpp, 493] - Reading FPGA, Address=0x301A
2013/07/17 20:17:19:389 [006244] TRACE 0x801C0094 [Prb.cpp, 1035] - ReadFPGAPacket(0x301A):01 00 0C 85 82 00 02 30 1A 08 CA 0D 
2013/07/17 20:17:19:389 [006524] TRACE 0x801C0094 [Prb.cpp, 835] - RxStream contents:01 00 0C 00 06 85 00 01 FF 4D EE 0D 
2013/07/17 20:17:19:390 [006524] TRACE 0x801C0094 [Prb.cpp, 943] - RadioBoardPacket(ACK):01 00 0C 00 06 85 00 01 FF 4D EE 0D 
2013/07/17 20:17:19:390 [006244] DEBUG 0x801C0094 [Prb.cpp, 512] - Read FPGA completed, Address=0x301A, Data=0xFF
2013/07/17 20:17:19:391 [006244] TRACE 0x801C0094 [Prb.cpp, 493] - Reading FPGA, Address=0x3070
2013/07/17 20:17:19:391 [006244] TRACE 0x801C0094 [Prb.cpp, 1035] - ReadFPGAPacket(0x3070):01 00 0C 86 82 00 02 30 70 81 B6 0D 
2013/07/17 20:17:19:391 [006524] TRACE 0x801C0094 [Prb.cpp, 835] - RxStream contents:01 00 0C 01 06 86 00 01 FE 09 E8 0D 
2013/07/17 20:17:19:392 [006524] TRACE 0x801C0094 [Prb.cpp, 943] - RadioBoardPacket(ACK):01 00 0C 01 06 86 00 01 FE 09 E8 0D 
2013/07/17 20:17:19:393 [006244] DEBUG 0x801C0094 [Prb.cpp, 512] - Read FPGA completed, Address=0x3070, Data=0xFE
2013/07/17 20:17:19:393 [006244] DEBUG 0x801C0094 [ComSysDiagnostics.cpp, 31] - FPGA RSSI/AFC [Send Command] linkedRSSI:60 linkedAFC:255 AFC:254
2013/07/17 20:17:19:394 [006244] TRACE 0x801C0094 [Prb.cpp, 383] - Send Command, Command=0x82
2013/07/17 20:17:19:394 [006244] TRACE 0x801C0094 [Prb.cpp, 1035] - WriteTransmitterPacket():01 00 10 87 87 00 06 82 04 F5 6C 17 08 DB 85 0D 
2013/07/17 20:17:19:394 [006524] TRACE 0x801C0094 [Prb.cpp, 835] - RxStream contents:01 00 0B 02 06 87 00 00 3A 96 0D 
2013/07/17 20:17:19:395 [006524] TRACE 0x801C0094 [Prb.cpp, 943] - RadioBoardPacket(ACK):01 00 0B 02 06 87 00 00 3A 96 0D 
2013/07/17 20:17:19:396 [006244] DEBUG 0x801C0094 [Prb.cpp, 402] - Send Command completed, Command=0x82
2013/07/17 20:17:19:443 [006228] INFO 0x801C0094 [CommunicationSystemStateMachine.cpp, 773] - Command Completed:82 B0 E6 9C A3 FE FF 98 
2013/07/17 20:17:19:444 [006228] DEBUG 0x801C0094 [CommunicationSystemStateMachine.cpp, 330] - ... after 15 frames.
2013/07/17 20:17:19:481 [006228] INFO 0x801C0094 [CommunicationSystem.cpp, 360] - Marker:9D 00 40 81 7D 
2013/07/17 20:17:19:484 [006244] INFO 0x801C0094 [CommunicationSystemStateMachine.cpp, 237] - Command: 0xe4. Retries: 3. Timeout: 500 ms.
2013/07/17 20:17:19:485 [006244] INFO 0x801C0094 [CommunicationSystemStateMachine.cpp, 252] - Send Command:F4 82 3B 
2013/07/17 20:17:19:486 [006244] TRACE 0x801C0094 [Prb.cpp, 493] - Reading FPGA, Address=0x3018
2013/07/17 20:17:19:487 [006244] TRACE 0x801C0094 [Prb.cpp, 1035] - ReadFPGAPacket(0x3018):01 00 0C 88 82 00 02 30 18 D0 C9 0D 
2013/07/17 20:17:19:487 [006524] TRACE 0x801C0094 [Prb.cpp, 835] - RxStream contents:01 00 0C 09 06 88 00 01 3C 93 6D 0D 
2013/07/17 20:17:19:488 [006524] TRACE 0x801C0094 [Prb.cpp, 943] - RadioBoardPacket(ACK):01 00 0C 09 06 88 00 01 3C 93 6D 0D 
2013/07/17 20:17:19:488 [006244] DEBUG 0x801C0094 [Prb.cpp, 512] - Read FPGA completed, Address=0x3018, Data=0x3C
2013/07/17 20:17:19:489 [006244] TRACE 0x801C0094 [Prb.cpp, 493] - Reading FPGA, Address=0x301A
2013/07/17 20:17:19:490 [006244] TRACE 0x801C0094 [Prb.cpp, 1035] - ReadFPGAPacket(0x301A):01 00 0C 89 82 00 02 30 1A A8 C5 0D 
2013/07/17 20:17:19:490 [006524] TRACE 0x801C0094 [Prb.cpp, 835] - RxStream contents:01 00 0C 0A 06 89 00 01 FF 8D E4 0D 
2013/07/17 20:17:19:491 [006524] TRACE 0x801C0094 [Prb.cpp, 943] - RadioBoardPacket(ACK):01 00 0C 0A 06 89 00 01 FF 8D E4 0D 
2013/07/17 20:17:19:491 [006244] DEBUG 0x801C0094 [Prb.cpp, 512] - Read FPGA completed, Address=0x301A, Data=0xFF
2013/07/17 20:17:19:492 [006244] TRACE 0x801C0094 [Prb.cpp, 493] - Reading FPGA, Address=0x3070
2013/07/17 20:17:19:492 [006244] TRACE 0x801C0094 [Prb.cpp, 1035] - ReadFPGAPacket(0x3070):01 00 0C 8A 82 00 02 30 70 21 B9 0D 
2013/07/17 20:17:19:492 [006524] TRACE 0x801C0094 [Prb.cpp, 835] - RxStream contents:01 00 0C 0B 06 8A 00 01 FF 49 E7 0D 
2013/07/17 20:17:19:493 [006524] TRACE 0x801C0094 [Prb.cpp, 943] - RadioBoardPacket(ACK):01 00 0C 0B 06 8A 00 01 FF 49 E7 0D 
2013/07/17 20:17:19:494 [006244] DEBUG 0x801C0094 [Prb.cpp, 512] - Read FPGA completed, Address=0x3070, Data=0xFF
2013/07/17 20:17:19:494 [006244] DEBUG 0x801C0094 [ComSysDiagnostics.cpp, 31] - FPGA RSSI/AFC [Send Command] linkedRSSI:60 linkedAFC:255 AFC:255
2013/07/17 20:17:19:495 [006244] TRACE 0x801C0094 [Prb.cpp, 383] - Send Command, Command=0xf4
2013/07/17 20:17:19:495 [006244] TRACE 0x801C0094 [Prb.cpp, 1035] - WriteTransmitterPacket():01 00 0D 8B 87 00 03 F4 82 3B 87 13 0D 
2013/07/17 20:17:19:495 [006524] TRACE 0x801C0094 [Prb.cpp, 835] - RxStream contents:01 00 0B 0D 06 8B 00 00 38 CE 0D 
2013/07/17 20:17:19:496 [006524] TRACE 0x801C0094 [Prb.cpp, 943] - RadioBoardPacket(ACK):01 00 0B 0D 06 8B 00 00 38 CE 0D 
2013/07/17 20:17:19:497 [006244] DEBUG 0x801C0094 [Prb.cpp, 402] - Send Command completed, Command=0xf4
2013/07/17 20:17:19:998 [006244] INFO 0x801C0094 [CommunicationSystem.cpp, 780] - Number of frames received since the command was sent: 33
2013/07/17 20:17:19:999 [006244] INFO 0x801C0094 [CommunicationSystemStates.cpp, 503] - Break link failed: timer expired.
2013/07/17 20:17:19:999 [006244] INFO 0x801C0094 [ComSysDiagnostics.cpp, 79] - Status Counters [Command retry] FrameErrorsInLastSecond:1 EcgErrorsInLastSecond:0 MarkerOrImplantIdErrorsInLastSecond:0 TotalFrameErrors:1 TotalEcgErrors:0 TotalMarkerOrImplantIdErrors:0 TotalSentCommands:2 TotalGoodResponses:1 TotalBadResponses:0 TotalResponseTimeouts:1
2013/07/17 20:17:20:000 [006244] TRACE 0x801C0094 [Prb.cpp, 493] - Reading FPGA, Address=0x301C
2013/07/17 20:17:20:000 [006244] TRACE 0x801C0094 [Prb.cpp, 1035] - ReadFPGAPacket(0x301C):01 00 0C 8C 82 00 02 30 1C B0 D4 0D 
2013/07/17 20:17:20:000 [006524] TRACE 0x801C0094 [Prb.cpp, 835] - RxStream contents:01 00 0C 2E 06 8C 00 01 01 2B C4 0D 
2013/07/17 20:17:20:001 [006524] TRACE 0x801C0094 [Prb.cpp, 943] - RadioBoardPacket(ACK):01 00 0C 2E 06 8C 00 01 01 2B C4 0D 
2013/07/17 20:17:20:002 [006244] DEBUG 0x801C0094 [Prb.cpp, 512] - Read FPGA completed, Address=0x301C, Data=0x01
2013/07/17 20:17:20:002 [006244] DEBUG 0x801C0094 [ComSysDiagnostics.cpp, 89] - FPGA Frame Error Counter [Command retry]:1
2013/07/17 20:17:20:003 [006244] INFO 0x801C0094 [CommunicationSystemStateMachine.cpp, 252] - Send Command:E4 02 58 
2013/07/17 20:17:20:003 [006244] TRACE 0x801C0094 [Prb.cpp, 493] - Reading FPGA, Address=0x3018
2013/07/17 20:17:20:004 [006244] TRACE 0x801C0094 [Prb.cpp, 1035] - ReadFPGAPacket(0x3018):01 00 0C 8D 82 00 02 30 18 C8 CC 0D 
2013/07/17 20:17:20:004 [006524] TRACE 0x801C0094 [Prb.cpp, 835] - RxStream contents:01 00 0C 2F 06 8D 00 01 3F C7 43 0D 
2013/07/17 20:17:20:005 [006524] TRACE 0x801C0094 [Prb.cpp, 943] - RadioBoardPacket(ACK):01 00 0C 2F 06 8D 00 01 3F C7 43 0D 
2013/07/17 20:17:20:005 [006244] DEBUG 0x801C0094 [Prb.cpp, 512] - Read FPGA completed, Address=0x3018, Data=0x3F
2013/07/17 20:17:20:006 [006244] TRACE 0x801C0094 [Prb.cpp, 493] - Reading FPGA, Address=0x301A
2013/07/17 20:17:20:006 [006244] TRACE 0x801C0094 [Prb.cpp, 1035] - ReadFPGAPacket(0x301A):01 00 0C 8E 82 00 02 30 1A C0 C3 0D 
2013/07/17 20:17:20:006 [006524] TRACE 0x801C0094 [Prb.cpp, 835] - RxStream contents:01 00 0C 30 06 8E 00 01 00 53 DC 0D 
2013/07/17 20:17:20:007 [006524] TRACE 0x801C0094 [Prb.cpp, 943] - RadioBoardPacket(ACK):01 00 0C 30 06 8E 00 01 00 53 DC 0D 
2013/07/17 20:17:20:008 [006244] DEBUG 0x801C0094 [Prb.cpp, 512] - Read FPGA completed, Address=0x301A, Data=0x00
2013/07/17 20:17:20:008 [006244] TRACE 0x801C0094 [Prb.cpp, 493] - Reading FPGA, Address=0x3070
2013/07/17 20:17:20:009 [006244] TRACE 0x801C0094 [Prb.cpp, 1035] - ReadFPGAPacket(0x3070):01 00 0C 8F 82 00 02 30 70 39 BC 0D 
2013/07/17 20:17:20:009 [006524] TRACE 0x801C0094 [Prb.cpp, 835] - RxStream contents:01 00 0C 31 06 8F 00 01 FF 3D DE 0D 
2013/07/17 20:17:20:010 [006524] TRACE 0x801C0094 [Prb.cpp, 943] - RadioBoardPacket(ACK):01 00 0C 31 06 8F 00 01 FF 3D DE 0D 
2013/07/17 20:17:20:010 [006244] DEBUG 0x801C0094 [Prb.cpp, 512] - Read FPGA completed, Address=0x3070, Data=0xFF
2013/07/17 20:17:20:011 [006244] DEBUG 0x801C0094 [ComSysDiagnostics.cpp, 31] - FPGA RSSI/AFC [Send Command] linkedRSSI:63 linkedAFC:0 AFC:255
2013/07/17 20:17:20:011 [006244] TRACE 0x801C0094 [Prb.cpp, 383] - Send Command, Command=0xe4
2013/07/17 20:17:20:012 [006244] TRACE 0x801C0094 [Prb.cpp, 1035] - WriteTransmitterPacket():01 00 0D 90 87 00 03 E4 02 58 9D A3 0D 
2013/07/17 20:17:20:012 [006524] TRACE 0x801C0094 [Prb.cpp, 835] - RxStream contents:01 00 0B 33 06 90 00 00 B3 41 0D 
2013/07/17 20:17:20:013 [006524] TRACE 0x801C0094 [Prb.cpp, 943] - RadioBoardPacket(ACK):01 00 0B 33 06 90 00 00 B3 41 0D 
2013/07/17 20:17:20:013 [006244] DEBUG 0x801C0094 [Prb.cpp, 402] - Send Command completed, Command=0xe4
2013/07/17 20:17:20:169 [006228] INFO 0x801C0094 [ComSysDiagnostics.cpp, 79] - Status Counters [Link lost] FrameErrorsInLastSecond:8 EcgErrorsInLastSecond:0 MarkerOrImplantIdErrorsInLastSecond:0 TotalFrameErrors:9 TotalEcgErrors:0 TotalMarkerOrImplantIdErrors:0 TotalSentCommands:3 TotalGoodResponses:1 TotalBadResponses:0 TotalResponseTimeouts:1
2013/07/17 20:17:20:170 [006228] TRACE 0x801C0094 [Prb.cpp, 493] - Reading FPGA, Address=0x301C
2013/07/17 20:17:20:170 [006228] TRACE 0x801C0094 [Prb.cpp, 1035] - ReadFPGAPacket(0x301C):01 00 0C 91 82 00 02 30 1C 68 CA 0D 
2013/07/17 20:17:20:170 [006524] TRACE 0x801C0094 [Prb.cpp, 835] - RxStream contents:01 00 0C 3E 06 91 00 01 0A 0F EA 0D 
2013/07/17 20:17:20:171 [006524] TRACE 0x801C0094 [Prb.cpp, 943] - RadioBoardPacket(ACK):01 00 0C 3E 06 91 00 01 0A 0F EA 0D 
2013/07/17 20:17:20:172 [006228] DEBUG 0x801C0094 [Prb.cpp, 512] - Read FPGA completed, Address=0x301C, Data=0x0A
2013/07/17 20:17:20:172 [006228] DEBUG 0x801C0094 [ComSysDiagnostics.cpp, 89] - FPGA Frame Error Counter [Link lost]:10
2013/07/17 20:17:20:173 [006228] INFO 0x801C0094 [CommunicationSystemStateMachine.cpp, 769] - Command Completed
2013/07/17 20:17:20:173 [006228] DEBUG 0x801C0094 [CommunicationSystemStateMachine.cpp, 330] - ... after 10 frames.
2013/07/17 20:17:20:175 [006228] TRACE 0x801C0094 [Prb.cpp, 448] - Writing FPGA, Address=0x1008, Data=0x08
2013/07/17 20:17:20:175 [006228] TRACE 0x801C0094 [Prb.cpp, 1035] - WriteFPGAPacket(0x1008, 0x08):01 00 0D 92 81 00 03 10 08 08 3E F6 0D 
2013/07/17 20:17:20:175 [006524] TRACE 0x801C0094 [Prb.cpp, 835] - RxStream contents:01 00 0B 3F 06 92 00 00 31 4A 0D 
2013/07/17 20:17:20:177 [006524] TRACE 0x801C0094 [Prb.cpp, 943] - RadioBoardPacket(ACK):01 00 0B 3F 06 92 00 00 31 4A 0D 
2013/07/17 20:17:20:177 [006228] DEBUG 0x801C0094 [Prb.cpp, 466] - Write FPGA completed, Address=0x1008, Data=0x08
2013/07/17 20:17:20:194 [006228] TRACE 0x801C0094 [Prb.cpp, 493] - Reading FPGA, Address=0x300A
2013/07/17 20:17:20:194 [006228] TRACE 0x801C0094 [Prb.cpp, 1035] - ReadFPGAPacket(0x300A):01 00 0C 93 82 00 02 30 0A 98 BE 0D 
2013/07/17 20:17:20:194 [006524] TRACE 0x801C0094 [Prb.cpp, 835] - RxStream contents:01 00 0C 40 06 93 00 01 00 F7 AD 0D 
2013/07/17 20:17:20:195 [006524] TRACE 0x801C0094 [Prb.cpp, 943] - RadioBoardPacket(ACK):01 00 0C 40 06 93 00 01 00 F7 AD 0D 
2013/07/17 20:17:20:196 [006228] DEBUG 0x801C0094 [Prb.cpp, 512] - Read FPGA completed, Address=0x300A, Data=0x00
2013/07/17 20:17:20:196 [006228] TRACE 0x801C0094 [Prb.cpp, 448] - Writing FPGA, Address=0x300A, Data=0x03
2013/07/17 20:17:20:197 [006228] TRACE 0x801C0094 [Prb.cpp, 1035] - WriteFPGAPacket(0x300A, 0x03):01 00 0D 94 81 00 03 30 0A 03 B6 2F 0D 
2013/07/17 20:17:20:197 [006524] TRACE 0x801C0094 [Prb.cpp, 835] - RxStream contents:01 00 0B 41 06 94 00 00 25 62 0D 
2013/07/17 20:17:20:198 [006524] TRACE 0x801C0094 [Prb.cpp, 943] - RadioBoardPacket(ACK):01 00 0B 41 06 94 00 00 25 62 0D 
2013/07/17 20:17:20:198 [006228] DEBUG 0x801C0094 [Prb.cpp, 466] - Write FPGA completed, Address=0x300A, Data=0x03
2013/07/17 20:17:20:337 [006152] INFO [NCommunicationSystem.cpp, 747] - Disposing: 1
2013/07/17 20:17:20:340 [006152] INFO [CrossAppDomainEventMarshaller.cpp, 44] - Disposing: 1
2013/07/17 20:17:20:341 [006152] INFO [CrossAppDomainEventMarshaller.cpp, 155] - abortGetNextEvent called
2013/07/17 20:17:20:341 [006152] INFO [CrossAppDomainEventMarshaller.cpp, 48] - Waiting for CrossDomainEventTranslator::m_pHandleEventsThread to stop
2013/07/17 20:17:20:341 [006804] INFO [CrossAppDomainEventMarshaller.cpp, 80] - handleEventsThread exiting (thread aborted)
2013/07/17 20:17:20:343 [006152] INFO [CrossAppDomainEventMarshaller.cpp, 54] - CrossDomainEventTranslator::m_pHandleEventsThread stopped
2013/07/17 20:17:20:344 [006152] INFO [CrossAppDomainEventMarshaller.cpp, 110] - EventHandler dtor
2013/07/17 20:17:20:346 [006152] INFO [CrossAppDomainEventMarshaller.cpp, 60] - Disposed.
2013/07/17 20:17:20:347 [006524] DEBUG [Prb.cpp, 867] - Prb receive thread terminated.
2013/07/17 20:17:20:349 [006228] INFO [ExceptionCatchingThread.cpp, 170] - Exited the interrupt thread procedure with return value 0.
2013/07/17 20:17:20:450 [006244] INFO [ExceptionCatchingThread.cpp, 170] - Exited the dispatch thread procedure with return value 0.
2013/07/17 20:17:20:451 [006572] INFO [ExceptionCatchingThread.cpp, 170] - Exited the timer thread procedure with return value 0.
2013/07/17 20:17:20:555 [006152] INFO [NCommunicationSystem.cpp, 779] - Disposed.
<<<<< Log Footer: 07/17/2013 20:17:20 >>>>>
