<<<<< Log Header: 07/19/2013 12:30:43 >>>>>
2013/07/19 12:30:43:149 [004220] INFO [NCommunicationSystem.cpp, 108] - nCommunicationSystem, Version=1.8.2.1, Culture=neutral, PublicKeyToken=56b5378c99c0bcfd
2013/07/19 12:30:43:165 [004220] INFO [ExceptionCatchingThread.cpp, 257] - Created the timer thread with id 1108 (0x454).
2013/07/19 12:30:43:167 [001108] INFO [ExceptionCatchingThread.cpp, 168] - Executing the timer thread procedure...
2013/07/19 12:30:43:171 [004220] INFO [ExceptionCatchingThread.cpp, 257] - Created the dispatch thread with id 6024 (0x1788).
2013/07/19 12:30:43:172 [006024] INFO [ExceptionCatchingThread.cpp, 168] - Executing the dispatch thread procedure...
2013/07/19 12:30:46:175 [004220] DEBUG [Prb.cpp, 252] - PRB logging started.
2013/07/19 12:30:46:182 [004220] DEBUG [Prb.cpp, 130] - Number of FTDI devices: 1
2013/07/19 12:30:46:183 [004220] DEBUG [Prb.cpp, 158] - FTDI Device[0]: ID=67330069
2013/07/19 12:30:46:186 [004220] DEBUG [Prb.cpp, 169] - FTDI handle=161758504
2013/07/19 12:30:46:187 [004220] INFO [Prb.cpp, 179] - FTDI Driver Version 2.08.24.0
2013/07/19 12:30:46:443 [004220] INFO [Prb.cpp, 205] - FTDI Configuration: MaxCurrent=200, CBus5=21, CBus6=0x4
2013/07/19 12:30:46:694 [004220] INFO [Prb.cpp, 246] - PRB driver initialized.
2013/07/19 12:30:46:694 [004220] TRACE [Prb.cpp, 448] - Writing FPGA, Address=0x1008, Data=0x08
2013/07/19 12:30:46:695 [004220] TRACE [Prb.cpp, 1035] - WriteFPGAPacket(0x1008, 0x08):01 00 0D 00 81 00 03 10 08 08 25 D5 0D 
2013/07/19 12:30:46:695 [006900] TRACE [Prb.cpp, 835] - RxStream contents:01 00 0B 93 06 00 00 00 8B 01 0D 
2013/07/19 12:30:46:697 [006900] TRACE [Prb.cpp, 943] - RadioBoardPacket(ACK):01 00 0B 93 06 00 00 00 8B 01 0D 
2013/07/19 12:30:46:697 [004220] DEBUG [Prb.cpp, 466] - Write FPGA completed, Address=0x1008, Data=0x08
2013/07/19 12:30:46:714 [004220] TRACE [Prb.cpp, 493] - Reading FPGA, Address=0x300A
2013/07/19 12:30:46:715 [004220] TRACE [Prb.cpp, 1035] - ReadFPGAPacket(0x300A):01 00 0C 01 82 00 02 30 0A E8 24 0D 
2013/07/19 12:30:46:715 [006900] TRACE [Prb.cpp, 835] - RxStream contents:01 00 0C 94 06 01 00 01 00 FF 4F 0D 
2013/07/19 12:30:46:716 [006900] TRACE [Prb.cpp, 943] - RadioBoardPacket(ACK):01 00 0C 94 06 01 00 01 00 FF 4F 0D 
2013/07/19 12:30:46:716 [004220] DEBUG [Prb.cpp, 512] - Read FPGA completed, Address=0x300A, Data=0x00
2013/07/19 12:30:46:717 [004220] TRACE [Prb.cpp, 448] - Writing FPGA, Address=0x300A, Data=0x03
2013/07/19 12:30:46:718 [004220] TRACE [Prb.cpp, 1035] - WriteFPGAPacket(0x300A, 0x03):01 00 0D 02 81 00 03 30 0A 03 29 4F 0D 
2013/07/19 12:30:46:718 [006900] TRACE [Prb.cpp, 835] - RxStream contents:01 00 0B 95 06 02 00 00 0A 3A 0D 
2013/07/19 12:30:46:719 [006900] TRACE [Prb.cpp, 943] - RadioBoardPacket(ACK):01 00 0B 95 06 02 00 00 0A 3A 0D 
2013/07/19 12:30:46:719 [004220] DEBUG [Prb.cpp, 466] - Write FPGA completed, Address=0x300A, Data=0x03
2013/07/19 12:30:46:732 [004220] INFO [CrossTalkDetector.cpp, 14] - EnterCrossTalkThreshold = 8
2013/07/19 12:30:46:733 [004220] INFO [CrossTalkDetector.cpp, 21] - LeaveCrossTalkThreshold = 4
2013/07/19 12:30:46:734 [004220] INFO [CrossTalkDetector.cpp, 28] - LinkThreshold = 8
2013/07/19 12:30:46:735 [004220] INFO [ExceptionCatchingThread.cpp, 257] - Created the interrupt thread with id 5264 (0x1490).
2013/07/19 12:30:46:736 [004220] DEBUG [Prb.cpp, 252] - PRB logging started.
2013/07/19 12:30:46:736 [005264] INFO [ExceptionCatchingThread.cpp, 168] - Executing the interrupt thread procedure...
2013/07/19 12:30:46:737 [004220] INFO [CommunicationSystem.cpp, 640] - Calibrating the PRB CC1020.
2013/07/19 12:30:46:738 [004220] TRACE [Prb.cpp, 448] - Writing FPGA, Address=0x1008, Data=0x01
2013/07/19 12:30:46:739 [004220] TRACE [Prb.cpp, 1035] - WriteFPGAPacket(0x1008, 0x01):01 00 0D 03 81 00 03 10 08 01 26 D3 0D 
2013/07/19 12:30:46:739 [006900] TRACE [Prb.cpp, 835] - RxStream contents:01 00 0B 96 06 03 00 00 8A A5 0D 
2013/07/19 12:30:46:740 [006900] TRACE [Prb.cpp, 943] - RadioBoardPacket(ACK):01 00 0B 96 06 03 00 00 8A A5 0D 
2013/07/19 12:30:46:740 [004220] DEBUG [Prb.cpp, 466] - Write FPGA completed, Address=0x1008, Data=0x01
2013/07/19 12:30:46:820 [006900] TRACE [Prb.cpp, 835] - RxStream contents:01 00 0D 97 00 00 00 02 09 00 78 76 0D 
2013/07/19 12:30:46:826 [005264] DEBUG [CommunicationSystem.cpp, 1120] - Calibration complete.
2013/07/19 12:30:46:826 [004220] TRACE [Prb.cpp, 493] - Reading FPGA, Address=0x2012
2013/07/19 12:30:46:827 [004220] TRACE [Prb.cpp, 1035] - ReadFPGAPacket(0x2012):01 00 0C 04 82 00 02 20 12 10 72 0D 
2013/07/19 12:30:46:827 [006900] TRACE [Prb.cpp, 835] - RxStream contents:01 00 0C 98 06 04 00 01 00 1B 40 0D 
2013/07/19 12:30:46:829 [006900] TRACE [Prb.cpp, 943] - RadioBoardPacket(ACK):01 00 0C 98 06 04 00 01 00 1B 40 0D 
2013/07/19 12:30:46:829 [004220] DEBUG [Prb.cpp, 512] - Read FPGA completed, Address=0x2012, Data=0x00
2013/07/19 12:30:46:830 [004220] INFO [CommunicationSystem.cpp, 653] - CC1020 Calibration succeeded.
2013/07/19 12:30:46:830 [004220] TRACE [Prb.cpp, 448] - Writing FPGA, Address=0x1006, Data=0x08
2013/07/19 12:30:46:831 [004220] TRACE [Prb.cpp, 1035] - WriteFPGAPacket(0x1006, 0x08):01 00 0D 05 81 00 03 10 06 08 84 86 0D 
2013/07/19 12:30:46:831 [006900] TRACE [Prb.cpp, 835] - RxStream contents:01 00 0B 99 06 05 00 00 88 75 0D 
2013/07/19 12:30:46:832 [006900] TRACE [Prb.cpp, 943] - RadioBoardPacket(ACK):01 00 0B 99 06 05 00 00 88 75 0D 
2013/07/19 12:30:46:833 [004220] DEBUG [Prb.cpp, 466] - Write FPGA completed, Address=0x1006, Data=0x08
2013/07/19 12:30:46:833 [004220] TRACE [Prb.cpp, 493] - Reading FPGA, Address=0x3000
2013/07/19 12:30:46:834 [004220] TRACE [Prb.cpp, 1035] - ReadFPGAPacket(0x3000):01 00 0C 06 82 00 02 30 00 80 1E 0D 
2013/07/19 12:30:46:834 [006900] TRACE [Prb.cpp, 835] - RxStream contents:01 00 0C 9A 06 06 00 01 07 43 51 0D 
2013/07/19 12:30:46:835 [006900] TRACE [Prb.cpp, 943] - RadioBoardPacket(ACK):01 00 0C 9A 06 06 00 01 07 43 51 0D 
2013/07/19 12:30:46:835 [004220] DEBUG [Prb.cpp, 512] - Read FPGA completed, Address=0x3000, Data=0x07
2013/07/19 12:30:46:836 [004220] INFO [CommunicationSystem.cpp, 613] - FPGA Revision 7.
2013/07/19 12:30:46:837 [004220] TRACE [Prb.cpp, 584] - Reading CC1020, Address=0x0004
2013/07/19 12:30:46:837 [004220] TRACE [Prb.cpp, 1035] - ReadCC1020Packet(0x04):01 00 0C 07 84 00 02 00 04 59 16 0D 
2013/07/19 12:30:46:837 [006900] TRACE [Prb.cpp, 835] - RxStream contents:01 00 0C 9B 06 07 00 01 35 AF FE 0D 
2013/07/19 12:30:46:838 [006900] TRACE [Prb.cpp, 943] - RadioBoardPacket(ACK):01 00 0C 9B 06 07 00 01 35 AF FE 0D 
2013/07/19 12:30:46:839 [004220] DEBUG [Prb.cpp, 603] - Read CC1020 completed, Address=0x0004, Data=0x35
2013/07/19 12:30:46:839 [004220] INFO [CommunicationSystem.cpp, 614] - CC1020 Frequency 2A 0x35.
2013/07/19 12:30:46:840 [004220] TRACE [Prb.cpp, 584] - Reading CC1020, Address=0x0005
2013/07/19 12:30:46:841 [004220] TRACE [Prb.cpp, 1035] - ReadCC1020Packet(0x05):01 00 0C 08 84 00 02 00 05 F1 1C 0D 
2013/07/19 12:30:46:841 [006900] TRACE [Prb.cpp, 835] - RxStream contents:01 00 0C 9C 06 08 00 01 F0 09 66 0D 
2013/07/19 12:30:46:842 [006900] TRACE [Prb.cpp, 943] - RadioBoardPacket(ACK):01 00 0C 9C 06 08 00 01 F0 09 66 0D 
2013/07/19 12:30:46:842 [004220] DEBUG [Prb.cpp, 603] - Read CC1020 completed, Address=0x0005, Data=0xF0
2013/07/19 12:30:46:843 [004220] INFO [CommunicationSystem.cpp, 615] - CC1020 Frequency 1A 0xf0.
2013/07/19 12:30:46:843 [004220] TRACE [Prb.cpp, 584] - Reading CC1020, Address=0x0006
2013/07/19 12:30:46:844 [004220] TRACE [Prb.cpp, 1035] - ReadCC1020Packet(0x06):01 00 0C 09 84 00 02 00 06 09 15 0D 
2013/07/19 12:30:46:844 [006900] TRACE [Prb.cpp, 835] - RxStream contents:01 00 0C 9D 06 09 00 01 21 67 80 0D 
2013/07/19 12:30:46:845 [006900] TRACE [Prb.cpp, 943] - RadioBoardPacket(ACK):01 00 0C 9D 06 09 00 01 21 67 80 0D 
2013/07/19 12:30:46:846 [004220] DEBUG [Prb.cpp, 603] - Read CC1020 completed, Address=0x0006, Data=0x21
2013/07/19 12:30:46:846 [004220] INFO [CommunicationSystem.cpp, 616] - CC1020 Frequency 0A 0x21.
2013/07/19 12:30:46:847 [004220] TRACE [Prb.cpp, 584] - Reading CC1020, Address=0x0008
2013/07/19 12:30:46:847 [004220] TRACE [Prb.cpp, 1035] - ReadCC1020Packet(0x08):01 00 0C 0A 84 00 02 00 08 01 32 0D 
2013/07/19 12:30:46:847 [006900] TRACE [Prb.cpp, 835] - RxStream contents:01 00 0C 9E 06 0A 00 01 35 D3 F8 0D 
2013/07/19 12:30:46:848 [006900] TRACE [Prb.cpp, 943] - RadioBoardPacket(ACK):01 00 0C 9E 06 0A 00 01 35 D3 F8 0D 
2013/07/19 12:30:46:849 [004220] DEBUG [Prb.cpp, 603] - Read CC1020 completed, Address=0x0008, Data=0x35
2013/07/19 12:30:46:849 [004220] INFO [CommunicationSystem.cpp, 617] - CC1020 Frequency 2B 0x35.
2013/07/19 12:30:46:850 [004220] TRACE [Prb.cpp, 584] - Reading CC1020, Address=0x0009
2013/07/19 12:30:46:850 [004220] TRACE [Prb.cpp, 1035] - ReadCC1020Packet(0x09):01 00 0C 0B 84 00 02 00 09 79 34 0D 
2013/07/19 12:30:46:851 [006900] TRACE [Prb.cpp, 835] - RxStream contents:01 00 0C 9F 06 0B 00 01 FA BD 5A 0D 
2013/07/19 12:30:46:852 [006900] TRACE [Prb.cpp, 943] - RadioBoardPacket(ACK):01 00 0C 9F 06 0B 00 01 FA BD 5A 0D 
2013/07/19 12:30:46:852 [004220] DEBUG [Prb.cpp, 603] - Read CC1020 completed, Address=0x0009, Data=0xFA
2013/07/19 12:30:46:853 [004220] INFO [CommunicationSystem.cpp, 618] - CC1020 Frequency 1B 0xfa.
2013/07/19 12:30:46:853 [004220] TRACE [Prb.cpp, 584] - Reading CC1020, Address=0x000A
2013/07/19 12:30:46:854 [004220] TRACE [Prb.cpp, 1035] - ReadCC1020Packet(0x0A):01 00 0C 0C 84 00 02 00 0A 11 38 0D 
2013/07/19 12:30:46:854 [006900] TRACE [Prb.cpp, 835] - RxStream contents:01 00 0C A0 06 0C 00 01 CB F9 C0 0D 
2013/07/19 12:30:46:855 [006900] TRACE [Prb.cpp, 943] - RadioBoardPacket(ACK):01 00 0C A0 06 0C 00 01 CB F9 C0 0D 
2013/07/19 12:30:46:855 [004220] DEBUG [Prb.cpp, 603] - Read CC1020 completed, Address=0x000A, Data=0xCB
2013/07/19 12:30:46:856 [004220] INFO [CommunicationSystem.cpp, 619] - CC1020 Frequency 0B 0xcb.
2013/07/19 12:30:46:857 [004220] DEBUG [Prb.cpp, 650] - Read EEPROM completed, Address=0x060A, Data=0x00
2013/07/19 12:30:46:857 [004220] INFO [CommunicationSystem.cpp, 620] - RSSI Calibration Reference Center Channel 0.
2013/07/19 12:30:46:858 [004220] TRACE [Prb.cpp, 493] - Reading FPGA, Address=0x3054
2013/07/19 12:30:46:858 [004220] TRACE [Prb.cpp, 1035] - ReadFPGAPacket(0x3054):01 00 0C 0D 82 00 02 30 54 C9 EC 0D 
2013/07/19 12:30:46:859 [006900] TRACE [Prb.cpp, 835] - RxStream contents:01 00 0C A1 06 0D 00 01 07 97 68 0D 
2013/07/19 12:30:46:860 [006900] TRACE [Prb.cpp, 943] - RadioBoardPacket(ACK):01 00 0C A1 06 0D 00 01 07 97 68 0D 
2013/07/19 12:30:46:860 [004220] DEBUG [Prb.cpp, 512] - Read FPGA completed, Address=0x3054, Data=0x07
2013/07/19 12:30:46:861 [004220] INFO [CommunicationSystem.cpp, 621] - CC1020 PA_POWER 0x7.
2013/07/19 12:30:46:861 [004220] TRACE [Prb.cpp, 584] - Reading CC1020, Address=0x001C
2013/07/19 12:30:46:862 [004220] TRACE [Prb.cpp, 1035] - ReadCC1020Packet(0x1C):01 00 0C 0E 84 00 02 00 1C E1 4C 0D 
2013/07/19 12:30:46:862 [006900] TRACE [Prb.cpp, 835] - RxStream contents:01 00 0C A2 06 0E 00 01 07 23 68 0D 
2013/07/19 12:30:46:863 [006900] TRACE [Prb.cpp, 943] - RadioBoardPacket(ACK):01 00 0C A2 06 0E 00 01 07 23 68 0D 
2013/07/19 12:30:46:863 [004220] DEBUG [Prb.cpp, 603] - Read CC1020 completed, Address=0x001C, Data=0x07
2013/07/19 12:30:46:864 [004220] INFO [CommunicationSystem.cpp, 622] - CC1020 Transmit Power 0x7.
2013/07/19 12:30:46:864 [004220] TRACE [Prb.cpp, 493] - Reading FPGA, Address=0x3014
2013/07/19 12:30:46:865 [004220] TRACE [Prb.cpp, 1035] - ReadFPGAPacket(0x3014):01 00 0C 0F 82 00 02 30 14 38 6C 0D 
2013/07/19 12:30:46:865 [006900] TRACE [Prb.cpp, 835] - RxStream contents:01 00 0C A3 06 0F 00 01 00 CF 79 0D 
2013/07/19 12:30:46:866 [006900] TRACE [Prb.cpp, 943] - RadioBoardPacket(ACK):01 00 0C A3 06 0F 00 01 00 CF 79 0D 
2013/07/19 12:30:46:867 [004220] DEBUG [Prb.cpp, 512] - Read FPGA completed, Address=0x3014, Data=0x00
2013/07/19 12:30:46:867 [004220] INFO [CommunicationSystem.cpp, 623] - Low Noise Amplifier Circumvented 0.
2013/07/19 12:30:46:868 [004220] TRACE [Prb.cpp, 584] - Reading CC1020, Address=0x0001
2013/07/19 12:30:46:869 [004220] TRACE [Prb.cpp, 1035] - ReadCC1020Packet(0x01):01 00 0C 10 84 00 02 00 01 B1 1C 0D 
2013/07/19 12:30:46:869 [006900] TRACE [Prb.cpp, 835] - RxStream contents:01 00 0C A4 06 10 00 01 0F 2B 5B 0D 
2013/07/19 12:30:46:870 [006900] TRACE [Prb.cpp, 943] - RadioBoardPacket(ACK):01 00 0C A4 06 10 00 01 0F 2B 5B 0D 
2013/07/19 12:30:46:870 [004220] DEBUG [Prb.cpp, 603] - Read CC1020 completed, Address=0x0001, Data=0x0F
2013/07/19 12:30:46:871 [004220] INFO [CommunicationSystem.cpp, 624] - Low Noise Amplifier 0xf.
2013/07/19 12:30:46:871 [004220] TRACE [Prb.cpp, 493] - Reading FPGA, Address=0x1006
2013/07/19 12:30:46:872 [004220] TRACE [Prb.cpp, 1035] - ReadFPGAPacket(0x1006):01 00 0C 11 82 00 02 10 06 28 1D 0D 
2013/07/19 12:30:46:872 [006900] TRACE [Prb.cpp, 835] - RxStream contents:01 00 0C A5 06 11 00 01 08 C7 4A 0D 
2013/07/19 12:30:46:873 [006900] TRACE [Prb.cpp, 943] - RadioBoardPacket(ACK):01 00 0C A5 06 11 00 01 08 C7 4A 0D 
2013/07/19 12:30:46:874 [004220] DEBUG [Prb.cpp, 512] - Read FPGA completed, Address=0x1006, Data=0x08
2013/07/19 12:30:46:874 [004220] INFO [CommunicationSystem.cpp, 625] - Allowed Framing Errors 8.
2013/07/19 12:30:46:877 [004220] INFO [CrossTalkDetector.cpp, 28] - LinkThreshold = 8
2013/07/19 12:30:46:878 [004220] INFO [CrossTalkDetector.cpp, 14] - EnterCrossTalkThreshold = 8
2013/07/19 12:30:46:879 [004220] INFO [CrossTalkDetector.cpp, 21] - LeaveCrossTalkThreshold = 4
2013/07/19 12:30:46:888 [004776] TRACE [Prb.cpp, 493] - Reading FPGA, Address=0x3000
2013/07/19 12:30:46:889 [004776] TRACE [Prb.cpp, 1035] - ReadFPGAPacket(0x3000):01 00 0C 12 82 00 02 30 00 E0 0A 0D 
2013/07/19 12:30:46:889 [006900] TRACE [Prb.cpp, 835] - RxStream contents:01 00 0C A6 06 12 00 01 07 73 68 0D 
2013/07/19 12:30:46:890 [006900] TRACE [Prb.cpp, 943] - RadioBoardPacket(ACK):01 00 0C A6 06 12 00 01 07 73 68 0D 
2013/07/19 12:30:46:891 [004776] DEBUG [Prb.cpp, 512] - Read FPGA completed, Address=0x3000, Data=0x07
2013/07/19 12:30:46:892 [004776] TRACE [Prb.cpp, 539] - Writing CC1020, Address=0x001C, Data=0x07
2013/07/19 12:30:46:893 [004776] TRACE [Prb.cpp, 1035] - WriteCC1020Packet(0x1C, 0x07):01 00 0D 13 83 00 03 00 1C 07 3E 84 0D 
2013/07/19 12:30:46:893 [006900] TRACE [Prb.cpp, 835] - RxStream contents:01 00 0B A7 06 13 00 00 83 1D 0D 
2013/07/19 12:30:46:894 [006900] TRACE [Prb.cpp, 943] - RadioBoardPacket(ACK):01 00 0B A7 06 13 00 00 83 1D 0D 
2013/07/19 12:30:46:894 [004776] DEBUG [Prb.cpp, 557] - Write CC1020 completed, Address=0x001C, Data=0x07
2013/07/19 12:30:46:924 [004220] TRACE [Prb.cpp, 493] - Reading FPGA, Address=0x3000
2013/07/19 12:30:46:925 [004220] TRACE [Prb.cpp, 1035] - ReadFPGAPacket(0x3000):01 00 0C 14 82 00 02 30 00 70 0F 0D 
2013/07/19 12:30:46:925 [006900] TRACE [Prb.cpp, 835] - RxStream contents:01 00 0C A8 06 14 00 01 07 DB 64 0D 
2013/07/19 12:30:46:926 [006900] TRACE [Prb.cpp, 943] - RadioBoardPacket(ACK):01 00 0C A8 06 14 00 01 07 DB 64 0D 
2013/07/19 12:30:46:927 [004220] DEBUG [Prb.cpp, 512] - Read FPGA completed, Address=0x3000, Data=0x07
2013/07/19 12:30:46:934 [004220] INFO [CommunicationSystem.cpp, 640] - Calibrating the PRB CC1020.
2013/07/19 12:30:46:935 [004220] TRACE [Prb.cpp, 448] - Writing FPGA, Address=0x1008, Data=0x01
2013/07/19 12:30:46:936 [004220] TRACE [Prb.cpp, 1035] - WriteFPGAPacket(0x1008, 0x01):01 00 0D 15 81 00 03 10 08 01 B1 B0 0D 
2013/07/19 12:30:46:936 [006900] TRACE [Prb.cpp, 835] - RxStream contents:01 00 0B A9 06 15 00 00 01 B6 0D 
2013/07/19 12:30:46:937 [006900] TRACE [Prb.cpp, 943] - RadioBoardPacket(ACK):01 00 0B A9 06 15 00 00 01 B6 0D 
2013/07/19 12:30:46:938 [004220] DEBUG [Prb.cpp, 466] - Write FPGA completed, Address=0x1008, Data=0x01
2013/07/19 12:30:47:018 [006900] TRACE [Prb.cpp, 835] - RxStream contents:01 00 0D AA 00 00 00 02 09 00 C6 A5 0D 
2013/07/19 12:30:47:022 [005264] DEBUG [CommunicationSystem.cpp, 1120] - Calibration complete.
2013/07/19 12:30:47:022 [004220] TRACE [Prb.cpp, 493] - Reading FPGA, Address=0x2012
2013/07/19 12:30:47:023 [004220] TRACE [Prb.cpp, 1035] - ReadFPGAPacket(0x2012):01 00 0C 16 82 00 02 20 12 E0 63 0D 
2013/07/19 12:30:47:023 [006900] TRACE [Prb.cpp, 835] - RxStream contents:01 00 0C AB 06 16 00 01 00 7B 76 0D 
2013/07/19 12:30:47:024 [006900] TRACE [Prb.cpp, 943] - RadioBoardPacket(ACK):01 00 0C AB 06 16 00 01 00 7B 76 0D 
2013/07/19 12:30:47:025 [004220] DEBUG [Prb.cpp, 512] - Read FPGA completed, Address=0x2012, Data=0x00
2013/07/19 12:30:47:025 [004220] INFO [CommunicationSystem.cpp, 653] - CC1020 Calibration succeeded.
2013/07/19 12:30:47:031 [004220] TRACE [Prb.cpp, 584] - Reading CC1020, Address=0x0004
2013/07/19 12:30:47:032 [004220] TRACE [Prb.cpp, 1035] - ReadCC1020Packet(0x04):01 00 0C 17 84 00 02 00 04 D9 04 0D 
2013/07/19 12:30:47:032 [006900] TRACE [Prb.cpp, 835] - RxStream contents:01 00 0C AC 06 17 00 01 35 87 CD 0D 
2013/07/19 12:30:47:033 [006900] TRACE [Prb.cpp, 943] - RadioBoardPacket(ACK):01 00 0C AC 06 17 00 01 35 87 CD 0D 
2013/07/19 12:30:47:033 [004220] DEBUG [Prb.cpp, 603] - Read CC1020 completed, Address=0x0004, Data=0x35
2013/07/19 12:30:47:036 [004220] TRACE [Prb.cpp, 584] - Reading CC1020, Address=0x0005
2013/07/19 12:30:47:037 [004220] TRACE [Prb.cpp, 1035] - ReadCC1020Packet(0x05):01 00 0C 18 84 00 02 00 05 71 0E 0D 
2013/07/19 12:30:47:037 [006900] TRACE [Prb.cpp, 835] - RxStream contents:01 00 0C AD 06 18 00 01 F0 B1 50 0D 
2013/07/19 12:30:47:038 [006900] TRACE [Prb.cpp, 943] - RadioBoardPacket(ACK):01 00 0C AD 06 18 00 01 F0 B1 50 0D 
2013/07/19 12:30:47:038 [004220] DEBUG [Prb.cpp, 603] - Read CC1020 completed, Address=0x0005, Data=0xF0
2013/07/19 12:30:47:040 [004220] TRACE [Prb.cpp, 584] - Reading CC1020, Address=0x0006
2013/07/19 12:30:47:040 [004220] TRACE [Prb.cpp, 1035] - ReadCC1020Packet(0x06):01 00 0C 19 84 00 02 00 06 89 07 0D 
2013/07/19 12:30:47:040 [006900] TRACE [Prb.cpp, 835] - RxStream contents:01 00 0C AE 06 19 00 01 21 AF B5 0D 
2013/07/19 12:30:47:041 [006900] TRACE [Prb.cpp, 943] - RadioBoardPacket(ACK):01 00 0C AE 06 19 00 01 21 AF B5 0D 
2013/07/19 12:30:47:042 [004220] DEBUG [Prb.cpp, 603] - Read CC1020 completed, Address=0x0006, Data=0x21
2013/07/19 12:30:47:043 [004220] TRACE [Prb.cpp, 584] - Reading CC1020, Address=0x0007
2013/07/19 12:30:47:044 [004220] TRACE [Prb.cpp, 1035] - ReadCC1020Packet(0x07):01 00 0C 1A 84 00 02 00 07 81 02 0D 
2013/07/19 12:30:47:044 [006900] TRACE [Prb.cpp, 835] - RxStream contents:01 00 0C AF 06 1A 00 01 38 EB E3 0D 
2013/07/19 12:30:47:045 [006900] TRACE [Prb.cpp, 943] - RadioBoardPacket(ACK):01 00 0C AF 06 1A 00 01 38 EB E3 0D 
2013/07/19 12:30:47:045 [004220] DEBUG [Prb.cpp, 603] - Read CC1020 completed, Address=0x0007, Data=0x38
2013/07/19 12:30:47:047 [004220] TRACE [Prb.cpp, 584] - Reading CC1020, Address=0x0008
2013/07/19 12:30:47:047 [004220] TRACE [Prb.cpp, 1035] - ReadCC1020Packet(0x08):01 00 0C 1B 84 00 02 00 08 79 23 0D 
2013/07/19 12:30:47:047 [006900] TRACE [Prb.cpp, 835] - RxStream contents:01 00 0C B0 06 1B 00 01 35 57 D0 0D 
2013/07/19 12:30:47:048 [006900] TRACE [Prb.cpp, 943] - RadioBoardPacket(ACK):01 00 0C B0 06 1B 00 01 35 57 D0 0D 
2013/07/19 12:30:47:049 [004220] DEBUG [Prb.cpp, 603] - Read CC1020 completed, Address=0x0008, Data=0x35
2013/07/19 12:30:47:050 [004220] TRACE [Prb.cpp, 584] - Reading CC1020, Address=0x0009
2013/07/19 12:30:47:051 [004220] TRACE [Prb.cpp, 1035] - ReadCC1020Packet(0x09):01 00 0C 1C 84 00 02 00 09 91 20 0D 
2013/07/19 12:30:47:051 [006900] TRACE [Prb.cpp, 835] - RxStream contents:01 00 0C B1 06 1C 00 01 FA 41 72 0D 
2013/07/19 12:30:47:052 [006900] TRACE [Prb.cpp, 943] - RadioBoardPacket(ACK):01 00 0C B1 06 1C 00 01 FA 41 72 0D 
2013/07/19 12:30:47:052 [004220] DEBUG [Prb.cpp, 603] - Read CC1020 completed, Address=0x0009, Data=0xFA
2013/07/19 12:30:47:054 [004220] TRACE [Prb.cpp, 584] - Reading CC1020, Address=0x000A
2013/07/19 12:30:47:054 [004220] TRACE [Prb.cpp, 1035] - ReadCC1020Packet(0x0A):01 00 0C 1D 84 00 02 00 0A 69 29 0D 
2013/07/19 12:30:47:054 [006900] TRACE [Prb.cpp, 835] - RxStream contents:01 00 0C B2 06 1D 00 01 CB DD D4 0D 
2013/07/19 12:30:47:055 [006900] TRACE [Prb.cpp, 943] - RadioBoardPacket(ACK):01 00 0C B2 06 1D 00 01 CB DD D4 0D 
2013/07/19 12:30:47:056 [004220] DEBUG [Prb.cpp, 603] - Read CC1020 completed, Address=0x000A, Data=0xCB
2013/07/19 12:30:47:057 [004220] TRACE [Prb.cpp, 584] - Reading CC1020, Address=0x000B
2013/07/19 12:30:47:058 [004220] TRACE [Prb.cpp, 1035] - ReadCC1020Packet(0x0B):01 00 0C 1E 84 00 02 00 0B 61 2C 0D 
2013/07/19 12:30:47:058 [006900] TRACE [Prb.cpp, 835] - RxStream contents:01 00 0C B3 06 1E 00 01 38 1B FD 0D 
2013/07/19 12:30:47:059 [006900] TRACE [Prb.cpp, 943] - RadioBoardPacket(ACK):01 00 0C B3 06 1E 00 01 38 1B FD 0D 
2013/07/19 12:30:47:059 [004220] DEBUG [Prb.cpp, 603] - Read CC1020 completed, Address=0x000B, Data=0x38
2013/07/19 12:30:47:061 [004220] TRACE [Prb.cpp, 584] - Reading CC1020, Address=0x001D
2013/07/19 12:30:47:061 [004220] TRACE [Prb.cpp, 1035] - ReadCC1020Packet(0x1D):01 00 0C 1F 84 00 02 00 1D 19 58 0D 
2013/07/19 12:30:47:061 [006900] TRACE [Prb.cpp, 835] - RxStream contents:01 00 0C B4 06 1F 00 01 00 67 6B 0D 
2013/07/19 12:30:47:062 [006900] TRACE [Prb.cpp, 943] - RadioBoardPacket(ACK):01 00 0C B4 06 1F 00 01 00 67 6B 0D 
2013/07/19 12:30:47:063 [004220] DEBUG [Prb.cpp, 603] - Read CC1020 completed, Address=0x001D, Data=0x00
2013/07/19 12:30:47:064 [004220] TRACE [Prb.cpp, 584] - Reading CC1020, Address=0x0045
2013/07/19 12:30:47:065 [004220] TRACE [Prb.cpp, 1035] - ReadCC1020Packet(0x45):01 00 0C 20 84 00 02 00 45 B0 B7 0D 
2013/07/19 12:30:47:065 [006900] TRACE [Prb.cpp, 835] - RxStream contents:01 00 0C B5 06 20 00 01 4C 12 C9 0D 
2013/07/19 12:30:47:066 [006900] TRACE [Prb.cpp, 943] - RadioBoardPacket(ACK):01 00 0C B5 06 20 00 01 4C 12 C9 0D 
2013/07/19 12:30:47:067 [004220] DEBUG [Prb.cpp, 603] - Read CC1020 completed, Address=0x0045, Data=0x4C
2013/07/19 12:30:47:068 [004220] TRACE [Prb.cpp, 584] - Reading CC1020, Address=0x0046
2013/07/19 12:30:47:069 [004220] TRACE [Prb.cpp, 1035] - ReadCC1020Packet(0x46):01 00 0C 21 84 00 02 00 46 48 BE 0D 
2013/07/19 12:30:47:069 [006900] TRACE [Prb.cpp, 835] - RxStream contents:01 00 0C B6 06 21 00 01 66 8E 35 0D 
2013/07/19 12:30:47:070 [006900] TRACE [Prb.cpp, 943] - RadioBoardPacket(ACK):01 00 0C B6 06 21 00 01 66 8E 35 0D 
2013/07/19 12:30:47:070 [004220] DEBUG [Prb.cpp, 603] - Read CC1020 completed, Address=0x0046, Data=0x66
2013/07/19 12:30:47:071 [004220] TRACE [Prb.cpp, 584] - Reading CC1020, Address=0x0047
2013/07/19 12:30:47:072 [004220] TRACE [Prb.cpp, 1035] - ReadCC1020Packet(0x47):01 00 0C 22 84 00 02 00 47 40 BB 0D 
2013/07/19 12:30:47:072 [006900] TRACE [Prb.cpp, 835] - RxStream contents:01 00 0C B7 06 22 00 01 44 4A FA 0D 
2013/07/19 12:30:47:073 [006900] TRACE [Prb.cpp, 943] - RadioBoardPacket(ACK):01 00 0C B7 06 22 00 01 44 4A FA 0D 
2013/07/19 12:30:47:074 [004220] DEBUG [Prb.cpp, 603] - Read CC1020 completed, Address=0x0047, Data=0x44
2013/07/19 12:30:47:081 [004220] TRACE [Prb.cpp, 493] - Reading FPGA, Address=0x305E
2013/07/19 12:30:47:082 [004220] TRACE [Prb.cpp, 1035] - ReadFPGAPacket(0x305E):01 00 0C 23 82 00 02 30 5E 99 FD 0D 
2013/07/19 12:30:47:082 [006900] TRACE [Prb.cpp, 835] - RxStream contents:01 00 0C B8 06 23 00 01 00 F7 6E 0D 
2013/07/19 12:30:47:084 [006900] TRACE [Prb.cpp, 943] - RadioBoardPacket(ACK):01 00 0C B8 06 23 00 01 00 F7 6E 0D 
2013/07/19 12:30:47:084 [004220] DEBUG [Prb.cpp, 512] - Read FPGA completed, Address=0x305E, Data=0x00
2013/07/19 12:30:47:085 [004220] TRACE [Prb.cpp, 493] - Reading FPGA, Address=0x3060
2013/07/19 12:30:47:086 [004220] TRACE [Prb.cpp, 1035] - ReadFPGAPacket(0x3060):01 00 0C 24 82 00 02 30 60 71 7C 0D 
2013/07/19 12:30:47:086 [006900] TRACE [Prb.cpp, 835] - RxStream contents:01 00 0C B9 06 24 00 01 00 E3 6E 0D 
2013/07/19 12:30:47:087 [006900] TRACE [Prb.cpp, 943] - RadioBoardPacket(ACK):01 00 0C B9 06 24 00 01 00 E3 6E 0D 
2013/07/19 12:30:47:088 [004220] DEBUG [Prb.cpp, 512] - Read FPGA completed, Address=0x3060, Data=0x00
2013/07/19 12:30:47:088 [004220] TRACE [Prb.cpp, 493] - Reading FPGA, Address=0x3062
2013/07/19 12:30:47:089 [004220] TRACE [Prb.cpp, 1035] - ReadFPGAPacket(0x3062):01 00 0C 25 82 00 02 30 62 09 70 0D 
2013/07/19 12:30:47:089 [006900] TRACE [Prb.cpp, 835] - RxStream contents:01 00 0C BA 06 25 00 01 00 FF 6D 0D 
2013/07/19 12:30:47:090 [006900] TRACE [Prb.cpp, 943] - RadioBoardPacket(ACK):01 00 0C BA 06 25 00 01 00 FF 6D 0D 
2013/07/19 12:30:47:090 [004220] DEBUG [Prb.cpp, 512] - Read FPGA completed, Address=0x3062, Data=0x00
2013/07/19 12:30:47:095 [004220] TRACE [Prb.cpp, 493] - Reading FPGA, Address=0x3066
2013/07/19 12:30:47:096 [004220] TRACE [Prb.cpp, 1035] - ReadFPGAPacket(0x3066):01 00 0C 26 82 00 02 30 66 01 6B 0D 
2013/07/19 12:30:47:096 [006900] TRACE [Prb.cpp, 835] - RxStream contents:01 00 0C BB 06 26 00 01 00 3B 6E 0D 
2013/07/19 12:30:47:097 [006900] TRACE [Prb.cpp, 943] - RadioBoardPacket(ACK):01 00 0C BB 06 26 00 01 00 3B 6E 0D 
2013/07/19 12:30:47:098 [004220] DEBUG [Prb.cpp, 512] - Read FPGA completed, Address=0x3066, Data=0x00
2013/07/19 12:30:47:098 [004220] TRACE [Prb.cpp, 493] - Reading FPGA, Address=0x3068
2013/07/19 12:30:47:099 [004220] TRACE [Prb.cpp, 1035] - ReadFPGAPacket(0x3068):01 00 0C 27 82 00 02 30 68 79 4F 0D 
2013/07/19 12:30:47:099 [006900] TRACE [Prb.cpp, 835] - RxStream contents:01 00 0C BC 06 27 00 01 00 C7 6B 0D 
2013/07/19 12:30:47:100 [006900] TRACE [Prb.cpp, 943] - RadioBoardPacket(ACK):01 00 0C BC 06 27 00 01 00 C7 6B 0D 
2013/07/19 12:30:47:101 [004220] DEBUG [Prb.cpp, 512] - Read FPGA completed, Address=0x3068, Data=0x00
2013/07/19 12:30:47:101 [004220] TRACE [Prb.cpp, 493] - Reading FPGA, Address=0x306A
2013/07/19 12:30:47:102 [004220] TRACE [Prb.cpp, 1035] - ReadFPGAPacket(0x306A):01 00 0C 28 82 00 02 30 6A D1 4F 0D 
2013/07/19 12:30:47:102 [006900] TRACE [Prb.cpp, 835] - RxStream contents:01 00 0C BD 06 28 00 01 00 F3 68 0D 
2013/07/19 12:30:47:103 [006900] TRACE [Prb.cpp, 943] - RadioBoardPacket(ACK):01 00 0C BD 06 28 00 01 00 F3 68 0D 
2013/07/19 12:30:47:104 [004220] DEBUG [Prb.cpp, 512] - Read FPGA completed, Address=0x306A, Data=0x00
2013/07/19 12:30:47:106 [004220] TRACE [Prb.cpp, 448] - Writing FPGA, Address=0x1026, Data=0x01
2013/07/19 12:30:47:107 [004220] TRACE [Prb.cpp, 1035] - WriteFPGAPacket(0x1026, 0x01):01 00 0D 29 81 00 03 10 26 01 6A 70 0D 
2013/07/19 12:30:47:107 [006900] TRACE [Prb.cpp, 835] - RxStream contents:01 00 0B BE 06 29 00 00 04 6E 0D 
2013/07/19 12:30:47:108 [006900] TRACE [Prb.cpp, 943] - RadioBoardPacket(ACK):01 00 0B BE 06 29 00 00 04 6E 0D 
2013/07/19 12:30:47:108 [004220] DEBUG [Prb.cpp, 466] - Write FPGA completed, Address=0x1026, Data=0x01
2013/07/19 12:30:47:115 [004776] TRACE [Prb.cpp, 539] - Writing CC1020, Address=0x001C, Data=0x07
2013/07/19 12:30:47:116 [004776] TRACE [Prb.cpp, 1035] - WriteCC1020Packet(0x1C, 0x07):01 00 0D 2A 83 00 03 00 1C 07 04 14 0D 
2013/07/19 12:30:47:116 [006900] TRACE [Prb.cpp, 835] - RxStream contents:01 00 0B BF 06 2A 00 00 84 29 0D 
2013/07/19 12:30:47:117 [006900] TRACE [Prb.cpp, 943] - RadioBoardPacket(ACK):01 00 0B BF 06 2A 00 00 84 29 0D 
2013/07/19 12:30:47:118 [004776] DEBUG [Prb.cpp, 557] - Write CC1020 completed, Address=0x001C, Data=0x07
2013/07/19 12:30:47:120 [004776] TRACE [Prb.cpp, 448] - Writing FPGA, Address=0x3012, Data=0x01
2013/07/19 12:30:47:121 [004776] TRACE [Prb.cpp, 1035] - WriteFPGAPacket(0x3012, 0x01):01 00 0D 2B 81 00 03 30 12 01 52 D3 0D 
2013/07/19 12:30:47:121 [006900] TRACE [Prb.cpp, 835] - RxStream contents:01 00 0B C0 06 2B 00 00 90 15 0D 
2013/07/19 12:30:47:122 [006900] TRACE [Prb.cpp, 943] - RadioBoardPacket(ACK):01 00 0B C0 06 2B 00 00 90 15 0D 
2013/07/19 12:30:47:122 [004776] DEBUG [Prb.cpp, 466] - Write FPGA completed, Address=0x3012, Data=0x01
2013/07/19 12:30:47:123 [004776] TRACE [Prb.cpp, 493] - Reading FPGA, Address=0x1004
2013/07/19 12:30:47:124 [004776] TRACE [Prb.cpp, 1035] - ReadFPGAPacket(0x1004):01 00 0C 2C 82 00 02 10 04 F0 2D 0D 
2013/07/19 12:30:47:124 [006900] TRACE [Prb.cpp, 835] - RxStream contents:01 00 0C C1 06 2C 00 01 00 03 10 0D 
2013/07/19 12:30:47:125 [006900] TRACE [Prb.cpp, 943] - RadioBoardPacket(ACK):01 00 0C C1 06 2C 00 01 00 03 10 0D 
2013/07/19 12:30:47:125 [004776] DEBUG [Prb.cpp, 512] - Read FPGA completed, Address=0x1004, Data=0x00
2013/07/19 12:30:47:126 [004776] TRACE [Prb.cpp, 448] - Writing FPGA, Address=0x1004, Data=0x00
2013/07/19 12:30:47:127 [004776] TRACE [Prb.cpp, 1035] - WriteFPGAPacket(0x1004, 0x00):01 00 0D 2D 81 00 03 10 04 00 A2 36 0D 
2013/07/19 12:30:47:127 [006900] TRACE [Prb.cpp, 835] - RxStream contents:01 00 0B C2 06 2D 00 00 10 9E 0D 
2013/07/19 12:30:47:128 [006900] TRACE [Prb.cpp, 943] - RadioBoardPacket(ACK):01 00 0B C2 06 2D 00 00 10 9E 0D 
2013/07/19 12:30:47:128 [004776] DEBUG [Prb.cpp, 466] - Write FPGA completed, Address=0x1004, Data=0x00
2013/07/19 12:30:47:131 [006024] INFO [CommunicationSystemStates.cpp, 130] - Scan requested. Preamble Burst Duration: 9 seconds. Preamble Burst Data Rate: 2.
2013/07/19 12:30:47:131 [006024] TRACE [Prb.cpp, 448] - Writing FPGA, Address=0x1002, Data=0x09
2013/07/19 12:30:47:132 [006024] TRACE [Prb.cpp, 1035] - WriteFPGAPacket(0x1002, 0x09):01 00 0D 2E 81 00 03 10 02 09 B5 30 0D 
2013/07/19 12:30:47:132 [006900] TRACE [Prb.cpp, 835] - RxStream contents:01 00 0B C3 06 2E 00 00 90 D9 0D 
2013/07/19 12:30:47:133 [006900] TRACE [Prb.cpp, 943] - RadioBoardPacket(ACK):01 00 0B C3 06 2E 00 00 90 D9 0D 
2013/07/19 12:30:47:134 [006024] DEBUG [Prb.cpp, 466] - Write FPGA completed, Address=0x1002, Data=0x09
2013/07/19 12:30:47:134 [006024] TRACE [Prb.cpp, 493] - Reading FPGA, Address=0x1004
2013/07/19 12:30:47:135 [006024] TRACE [Prb.cpp, 1035] - ReadFPGAPacket(0x1004):01 00 0C 2F 82 00 02 10 04 78 2D 0D 
2013/07/19 12:30:47:135 [006900] TRACE [Prb.cpp, 835] - RxStream contents:01 00 0C C4 06 2F 00 01 00 27 15 0D 
2013/07/19 12:30:47:136 [006900] TRACE [Prb.cpp, 943] - RadioBoardPacket(ACK):01 00 0C C4 06 2F 00 01 00 27 15 0D 
2013/07/19 12:30:47:137 [006024] DEBUG [Prb.cpp, 512] - Read FPGA completed, Address=0x1004, Data=0x00
2013/07/19 12:30:47:137 [006024] TRACE [Prb.cpp, 448] - Writing FPGA, Address=0x1004, Data=0x08
2013/07/19 12:30:47:138 [006024] TRACE [Prb.cpp, 1035] - WriteFPGAPacket(0x1004, 0x08):01 00 0D 30 81 00 03 10 04 08 3E D5 0D 
2013/07/19 12:30:47:138 [006900] TRACE [Prb.cpp, 835] - RxStream contents:01 00 0B C5 06 30 00 00 90 51 0D 
2013/07/19 12:30:47:139 [006900] TRACE [Prb.cpp, 943] - RadioBoardPacket(ACK):01 00 0B C5 06 30 00 00 90 51 0D 
2013/07/19 12:30:47:140 [006024] DEBUG [Prb.cpp, 466] - Write FPGA completed, Address=0x1004, Data=0x08
2013/07/19 12:30:47:140 [006024] TRACE [Prb.cpp, 448] - Writing FPGA, Address=0x1008, Data=0x02
2013/07/19 12:30:47:141 [006024] TRACE [Prb.cpp, 1035] - WriteFPGAPacket(0x1008, 0x02):01 00 0D 31 81 00 03 10 08 02 97 FA 0D 
2013/07/19 12:30:47:141 [006900] TRACE [Prb.cpp, 835] - RxStream contents:01 00 0B C6 06 31 00 00 10 CE 0D 
2013/07/19 12:30:47:142 [006900] TRACE [Prb.cpp, 943] - RadioBoardPacket(ACK):01 00 0B C6 06 31 00 00 10 CE 0D 
2013/07/19 12:30:47:142 [006024] DEBUG [Prb.cpp, 466] - Write FPGA completed, Address=0x1008, Data=0x02
2013/07/19 12:30:58:266 [005264] INFO [CommunicationSystemStates.cpp, 168] - Scan complete
2013/07/19 12:30:58:268 [005264] TRACE [Prb.cpp, 584] - Reading CC1020, Address=0x0004
2013/07/19 12:30:58:269 [005264] TRACE [Prb.cpp, 1035] - ReadCC1020Packet(0x04):01 00 0C 32 84 00 02 00 04 41 20 0D 
2013/07/19 12:30:58:269 [006900] TRACE [Prb.cpp, 835] - RxStream contents:01 00 0C C8 06 32 00 01 35 A3 A1 0D 
2013/07/19 12:30:58:270 [006900] TRACE [Prb.cpp, 943] - RadioBoardPacket(ACK):01 00 0C C8 06 32 00 01 35 A3 A1 0D 
2013/07/19 12:30:58:270 [005264] DEBUG [Prb.cpp, 603] - Read CC1020 completed, Address=0x0004, Data=0x35
2013/07/19 12:30:58:271 [005264] TRACE [Prb.cpp, 584] - Reading CC1020, Address=0x0005
2013/07/19 12:30:58:271 [005264] TRACE [Prb.cpp, 1035] - ReadCC1020Packet(0x05):01 00 0C 33 84 00 02 00 05 39 26 0D 
2013/07/19 12:30:58:271 [006900] TRACE [Prb.cpp, 835] - RxStream contents:01 00 0C C9 06 33 00 01 F0 CD 3F 0D 
2013/07/19 12:30:58:273 [006900] TRACE [Prb.cpp, 943] - RadioBoardPacket(ACK):01 00 0C C9 06 33 00 01 F0 CD 3F 0D 
2013/07/19 12:30:58:273 [005264] DEBUG [Prb.cpp, 603] - Read CC1020 completed, Address=0x0005, Data=0xF0
2013/07/19 12:30:58:274 [005264] TRACE [Prb.cpp, 584] - Reading CC1020, Address=0x0006
2013/07/19 12:30:58:274 [005264] TRACE [Prb.cpp, 1035] - ReadCC1020Packet(0x06):01 00 0C 34 84 00 02 00 06 51 2A 0D 
2013/07/19 12:30:58:274 [006900] TRACE [Prb.cpp, 835] - RxStream contents:01 00 0C CA 06 34 00 01 21 AB DA 0D 
2013/07/19 12:30:58:275 [006900] TRACE [Prb.cpp, 943] - RadioBoardPacket(ACK):01 00 0C CA 06 34 00 01 21 AB DA 0D 
2013/07/19 12:30:58:276 [005264] DEBUG [Prb.cpp, 603] - Read CC1020 completed, Address=0x0006, Data=0x21
2013/07/19 12:30:58:276 [005264] TRACE [Prb.cpp, 584] - Reading CC1020, Address=0x0008
2013/07/19 12:30:58:277 [005264] TRACE [Prb.cpp, 1035] - ReadCC1020Packet(0x08):01 00 0C 35 84 00 02 00 08 29 0E 0D 
2013/07/19 12:30:58:277 [006900] TRACE [Prb.cpp, 835] - RxStream contents:01 00 0C CB 06 35 00 01 35 C7 A2 0D 
2013/07/19 12:30:58:278 [006900] TRACE [Prb.cpp, 943] - RadioBoardPacket(ACK):01 00 0C CB 06 35 00 01 35 C7 A2 0D 
2013/07/19 12:30:58:279 [005264] DEBUG [Prb.cpp, 603] - Read CC1020 completed, Address=0x0008, Data=0x35
2013/07/19 12:30:58:279 [005264] TRACE [Prb.cpp, 584] - Reading CC1020, Address=0x0009
2013/07/19 12:30:58:280 [005264] TRACE [Prb.cpp, 1035] - ReadCC1020Packet(0x09):01 00 0C 36 84 00 02 00 09 21 0B 0D 
2013/07/19 12:30:58:280 [006900] TRACE [Prb.cpp, 835] - RxStream contents:01 00 0C CC 06 36 00 01 FA 91 06 0D 
2013/07/19 12:30:58:281 [006900] TRACE [Prb.cpp, 943] - RadioBoardPacket(ACK):01 00 0C CC 06 36 00 01 FA 91 06 0D 
2013/07/19 12:30:58:281 [005264] DEBUG [Prb.cpp, 603] - Read CC1020 completed, Address=0x0009, Data=0xFA
2013/07/19 12:30:58:282 [005264] TRACE [Prb.cpp, 584] - Reading CC1020, Address=0x000A
2013/07/19 12:30:58:282 [005264] TRACE [Prb.cpp, 1035] - ReadCC1020Packet(0x0A):01 00 0C 37 84 00 02 00 0A D9 02 0D 
2013/07/19 12:30:58:282 [006900] TRACE [Prb.cpp, 835] - RxStream contents:01 00 0C CD 06 37 00 01 CB 7D A3 0D 
2013/07/19 12:30:58:283 [006900] TRACE [Prb.cpp, 943] - RadioBoardPacket(ACK):01 00 0C CD 06 37 00 01 CB 7D A3 0D 
2013/07/19 12:30:58:284 [005264] DEBUG [Prb.cpp, 603] - Read CC1020 completed, Address=0x000A, Data=0xCB
2013/07/19 12:30:58:284 [005264] TRACE [Prb.cpp, 584] - Reading CC1020, Address=0x000F
2013/07/19 12:30:58:285 [005264] TRACE [Prb.cpp, 1035] - ReadCC1020Packet(0x0F):01 00 0C 38 84 00 02 00 0F F1 13 0D 
2013/07/19 12:30:58:285 [006900] TRACE [Prb.cpp, 835] - RxStream contents:01 00 0C CE 06 38 00 01 DF 39 DB 0D 
2013/07/19 12:30:58:285 [006900] TRACE [Prb.cpp, 943] - RadioBoardPacket(ACK):01 00 0C CE 06 38 00 01 DF 39 DB 0D 
2013/07/19 12:30:58:286 [005264] DEBUG [Prb.cpp, 603] - Read CC1020 completed, Address=0x000F, Data=0xDF
2013/07/19 12:30:58:286 [005264] TRACE [Prb.cpp, 584] - Reading CC1020, Address=0x0010
2013/07/19 12:30:58:287 [005264] TRACE [Prb.cpp, 1035] - ReadCC1020Packet(0x10):01 00 0C 39 84 00 02 00 10 89 51 0D 
2013/07/19 12:30:58:287 [006900] TRACE [Prb.cpp, 835] - RxStream contents:01 00 0C CF 06 39 00 01 80 54 19 0D 
2013/07/19 12:30:58:288 [006900] TRACE [Prb.cpp, 943] - RadioBoardPacket(ACK):01 00 0C CF 06 39 00 01 80 54 19 0D 
2013/07/19 12:30:58:289 [005264] DEBUG [Prb.cpp, 603] - Read CC1020 completed, Address=0x0010, Data=0x80
2013/07/19 12:30:58:289 [005264] TRACE [Prb.cpp, 584] - Reading CC1020, Address=0x0013
2013/07/19 12:30:58:290 [005264] TRACE [Prb.cpp, 1035] - ReadCC1020Packet(0x13):01 00 0C 3A 84 00 02 00 13 01 5B 0D 
2013/07/19 12:30:58:290 [006900] TRACE [Prb.cpp, 835] - RxStream contents:01 00 0C D0 06 3A 00 01 33 43 AD 0D 
2013/07/19 12:30:58:291 [006900] TRACE [Prb.cpp, 943] - RadioBoardPacket(ACK):01 00 0C D0 06 3A 00 01 33 43 AD 0D 
2013/07/19 12:30:58:292 [005264] DEBUG [Prb.cpp, 603] - Read CC1020 completed, Address=0x0013, Data=0x33
2013/07/19 12:30:58:292 [005264] TRACE [Prb.cpp, 584] - Reading CC1020, Address=0x0014
2013/07/19 12:30:58:293 [005264] TRACE [Prb.cpp, 1035] - ReadCC1020Packet(0x14):01 00 0C 3B 84 00 02 00 14 79 49 0D 
2013/07/19 12:30:58:293 [006900] TRACE [Prb.cpp, 835] - RxStream contents:01 00 0C D1 06 3B 00 01 3D AF 8A 0D 
2013/07/19 12:30:58:294 [006900] TRACE [Prb.cpp, 943] - RadioBoardPacket(ACK):01 00 0C D1 06 3B 00 01 3D AF 8A 0D 
2013/07/19 12:30:58:294 [005264] DEBUG [Prb.cpp, 603] - Read CC1020 completed, Address=0x0014, Data=0x3D
2013/07/19 12:30:58:295 [005264] TRACE [Prb.cpp, 584] - Reading CC1020, Address=0x0043
2013/07/19 12:30:58:295 [005264] TRACE [Prb.cpp, 1035] - ReadCC1020Packet(0x43):01 00 0C 3C 84 00 02 00 43 90 BE 0D 
2013/07/19 12:30:58:295 [006900] TRACE [Prb.cpp, 835] - RxStream contents:01 00 0C D2 06 3C 00 01 00 4B 04 0D 
2013/07/19 12:30:58:296 [006900] TRACE [Prb.cpp, 943] - RadioBoardPacket(ACK):01 00 0C D2 06 3C 00 01 00 4B 04 0D 
2013/07/19 12:30:58:297 [005264] DEBUG [Prb.cpp, 603] - Read CC1020 completed, Address=0x0043, Data=0x00
2013/07/19 12:30:58:298 [005264] DEBUG [ComSysDiagnostics.cpp, 63] - CC1020 [Scan complete] FREQ_2A: 0x35 FREQ_1A: 0xf0 FREQ_0A: 0x21
2013/07/19 12:30:58:298 [005264] DEBUG [ComSysDiagnostics.cpp, 67] - CC1020 [Scan complete] FREQ_2B: 0x35 FREQ_1B: 0xfa FREQ_0B: 0xcb
2013/07/19 12:30:58:299 [005264] DEBUG [ComSysDiagnostics.cpp, 72] - CC1020 [Scan complete] AFC_CONTROL: 0xdf FILTER: 0x80 VGA3: 0x33 VGA4: 0x3d AFC: 0x00
2013/07/19 12:30:58:299 [005264] INFO [CommunicationSystemStates.cpp, 173] - Found 0 valid ids during the scan operation.
2013/07/19 12:30:58:301 [005264] INFO [CommunicationSystemStates.cpp, 198] - Found 0 invalid ids during the scan operation.
2013/07/19 12:30:58:304 [006024] INFO [CommunicationSystemStates.cpp, 130] - Scan requested. Preamble Burst Duration: 2 seconds. Preamble Burst Data Rate: 0.
2013/07/19 12:30:58:305 [006024] TRACE [Prb.cpp, 448] - Writing FPGA, Address=0x1002, Data=0x02
2013/07/19 12:30:58:305 [006024] TRACE [Prb.cpp, 1035] - WriteFPGAPacket(0x1002, 0x02):01 00 0D 3D 81 00 03 10 02 02 A7 3A 0D 
2013/07/19 12:30:58:305 [006900] TRACE [Prb.cpp, 835] - RxStream contents:01 00 0B D3 06 3D 00 00 96 25 0D 
2013/07/19 12:30:58:306 [006900] TRACE [Prb.cpp, 943] - RadioBoardPacket(ACK):01 00 0B D3 06 3D 00 00 96 25 0D 
2013/07/19 12:30:58:307 [006024] DEBUG [Prb.cpp, 466] - Write FPGA completed, Address=0x1002, Data=0x02
2013/07/19 12:30:58:307 [006024] TRACE [Prb.cpp, 493] - Reading FPGA, Address=0x1004
2013/07/19 12:30:58:308 [006024] TRACE [Prb.cpp, 1035] - ReadFPGAPacket(0x1004):01 00 0C 3E 82 00 02 10 04 00 3C 0D 
2013/07/19 12:30:58:308 [006900] TRACE [Prb.cpp, 835] - RxStream contents:01 00 0C D4 06 3E 00 01 08 F3 31 0D 
2013/07/19 12:30:58:309 [006900] TRACE [Prb.cpp, 943] - RadioBoardPacket(ACK):01 00 0C D4 06 3E 00 01 08 F3 31 0D 
2013/07/19 12:30:58:310 [006024] DEBUG [Prb.cpp, 512] - Read FPGA completed, Address=0x1004, Data=0x08
2013/07/19 12:30:58:310 [006024] TRACE [Prb.cpp, 448] - Writing FPGA, Address=0x1004, Data=0x00
2013/07/19 12:30:58:311 [006024] TRACE [Prb.cpp, 1035] - WriteFPGAPacket(0x1004, 0x00):01 00 0D 3F 81 00 03 10 04 00 B1 16 0D 
2013/07/19 12:30:58:311 [006900] TRACE [Prb.cpp, 835] - RxStream contents:01 00 0B D5 06 3F 00 00 17 1E 0D 
2013/07/19 12:30:58:312 [006900] TRACE [Prb.cpp, 943] - RadioBoardPacket(ACK):01 00 0B D5 06 3F 00 00 17 1E 0D 
2013/07/19 12:30:58:313 [006024] DEBUG [Prb.cpp, 466] - Write FPGA completed, Address=0x1004, Data=0x00
2013/07/19 12:30:58:313 [006024] TRACE [Prb.cpp, 448] - Writing FPGA, Address=0x1008, Data=0x02
2013/07/19 12:30:58:314 [006024] TRACE [Prb.cpp, 1035] - WriteFPGAPacket(0x1008, 0x02):01 00 0D 40 81 00 03 10 08 02 E1 EA 0D 
2013/07/19 12:30:58:314 [006900] TRACE [Prb.cpp, 835] - RxStream contents:01 00 0B D6 06 40 00 00 91 99 0D 
2013/07/19 12:30:58:315 [006900] TRACE [Prb.cpp, 943] - RadioBoardPacket(ACK):01 00 0B D6 06 40 00 00 91 99 0D 
2013/07/19 12:30:58:315 [006024] DEBUG [Prb.cpp, 466] - Write FPGA completed, Address=0x1008, Data=0x02
2013/07/19 12:31:02:428 [005264] INFO [CommunicationSystemStates.cpp, 168] - Scan complete
2013/07/19 12:31:02:428 [005264] TRACE [Prb.cpp, 584] - Reading CC1020, Address=0x0004
2013/07/19 12:31:02:429 [005264] TRACE [Prb.cpp, 1035] - ReadCC1020Packet(0x04):01 00 0C 41 84 00 02 00 04 49 54 0D 
2013/07/19 12:31:02:429 [006900] TRACE [Prb.cpp, 835] - RxStream contents:01 00 0C D8 06 41 00 01 35 5F A4 0D 
2013/07/19 12:31:02:430 [006900] TRACE [Prb.cpp, 943] - RadioBoardPacket(ACK):01 00 0C D8 06 41 00 01 35 5F A4 0D 
2013/07/19 12:31:02:431 [005264] DEBUG [Prb.cpp, 603] - Read CC1020 completed, Address=0x0004, Data=0x35
2013/07/19 12:31:02:432 [005264] TRACE [Prb.cpp, 584] - Reading CC1020, Address=0x0005
2013/07/19 12:31:02:432 [005264] TRACE [Prb.cpp, 1035] - ReadCC1020Packet(0x05):01 00 0C 42 84 00 02 00 05 41 51 0D 
2013/07/19 12:31:02:432 [006900] TRACE [Prb.cpp, 835] - RxStream contents:01 00 0C D9 06 42 00 01 F0 99 39 0D 
2013/07/19 12:31:02:433 [006900] TRACE [Prb.cpp, 943] - RadioBoardPacket(ACK):01 00 0C D9 06 42 00 01 F0 99 39 0D 
2013/07/19 12:31:02:434 [005264] DEBUG [Prb.cpp, 603] - Read CC1020 completed, Address=0x0005, Data=0xF0
2013/07/19 12:31:02:434 [005264] TRACE [Prb.cpp, 584] - Reading CC1020, Address=0x0006
2013/07/19 12:31:02:435 [005264] TRACE [Prb.cpp, 1035] - ReadCC1020Packet(0x06):01 00 0C 43 84 00 02 00 06 B9 58 0D 
2013/07/19 12:31:02:435 [006900] TRACE [Prb.cpp, 835] - RxStream contents:01 00 0C DA 06 43 00 01 21 87 DC 0D 
2013/07/19 12:31:02:436 [006900] TRACE [Prb.cpp, 943] - RadioBoardPacket(ACK):01 00 0C DA 06 43 00 01 21 87 DC 0D 
2013/07/19 12:31:02:437 [005264] DEBUG [Prb.cpp, 603] - Read CC1020 completed, Address=0x0006, Data=0x21
2013/07/19 12:31:02:437 [005264] TRACE [Prb.cpp, 584] - Reading CC1020, Address=0x0008
2013/07/19 12:31:02:438 [005264] TRACE [Prb.cpp, 1035] - ReadCC1020Packet(0x08):01 00 0C 44 84 00 02 00 08 51 79 0D 
2013/07/19 12:31:02:438 [006900] TRACE [Prb.cpp, 835] - RxStream contents:01 00 0C DB 06 44 00 01 35 93 A4 0D 
2013/07/19 12:31:02:439 [006900] TRACE [Prb.cpp, 943] - RadioBoardPacket(ACK):01 00 0C DB 06 44 00 01 35 93 A4 0D 
2013/07/19 12:31:02:439 [005264] DEBUG [Prb.cpp, 603] - Read CC1020 completed, Address=0x0008, Data=0x35
2013/07/19 12:31:02:440 [005264] TRACE [Prb.cpp, 584] - Reading CC1020, Address=0x0009
2013/07/19 12:31:02:441 [005264] TRACE [Prb.cpp, 1035] - ReadCC1020Packet(0x09):01 00 0C 45 84 00 02 00 09 29 7F 0D 
2013/07/19 12:31:02:441 [006900] TRACE [Prb.cpp, 835] - RxStream contents:01 00 0C DC 06 45 00 01 FA 6D 03 0D 
2013/07/19 12:31:02:442 [006900] TRACE [Prb.cpp, 943] - RadioBoardPacket(ACK):01 00 0C DC 06 45 00 01 FA 6D 03 0D 
2013/07/19 12:31:02:442 [005264] DEBUG [Prb.cpp, 603] - Read CC1020 completed, Address=0x0009, Data=0xFA
2013/07/19 12:31:02:443 [005264] TRACE [Prb.cpp, 584] - Reading CC1020, Address=0x000A
2013/07/19 12:31:02:444 [005264] TRACE [Prb.cpp, 1035] - ReadCC1020Packet(0x0A):01 00 0C 46 84 00 02 00 0A A1 75 0D 
2013/07/19 12:31:02:444 [006900] TRACE [Prb.cpp, 835] - RxStream contents:01 00 0C DD 06 46 00 01 CB 29 A5 0D 
2013/07/19 12:31:02:445 [006900] TRACE [Prb.cpp, 943] - RadioBoardPacket(ACK):01 00 0C DD 06 46 00 01 CB 29 A5 0D 
2013/07/19 12:31:02:445 [005264] DEBUG [Prb.cpp, 603] - Read CC1020 completed, Address=0x000A, Data=0xCB
2013/07/19 12:31:02:446 [005264] TRACE [Prb.cpp, 584] - Reading CC1020, Address=0x000F
2013/07/19 12:31:02:446 [005264] TRACE [Prb.cpp, 1035] - ReadCC1020Packet(0x0F):01 00 0C 47 84 00 02 00 0F 59 68 0D 
2013/07/19 12:31:02:446 [006900] TRACE [Prb.cpp, 835] - RxStream contents:01 00 0C DE 06 47 00 01 DF 35 DE 0D 
2013/07/19 12:31:02:447 [006900] TRACE [Prb.cpp, 943] - RadioBoardPacket(ACK):01 00 0C DE 06 47 00 01 DF 35 DE 0D 
2013/07/19 12:31:02:448 [005264] DEBUG [Prb.cpp, 603] - Read CC1020 completed, Address=0x000F, Data=0xDF
2013/07/19 12:31:02:448 [005264] TRACE [Prb.cpp, 584] - Reading CC1020, Address=0x0010
2013/07/19 12:31:02:449 [005264] TRACE [Prb.cpp, 1035] - ReadCC1020Packet(0x10):01 00 0C 48 84 00 02 00 10 F1 26 0D 
2013/07/19 12:31:02:449 [006900] TRACE [Prb.cpp, 835] - RxStream contents:01 00 0C DF 06 48 00 01 80 00 1F 0D 
2013/07/19 12:31:02:450 [006900] TRACE [Prb.cpp, 943] - RadioBoardPacket(ACK):01 00 0C DF 06 48 00 01 80 00 1F 0D 
2013/07/19 12:31:02:451 [005264] DEBUG [Prb.cpp, 603] - Read CC1020 completed, Address=0x0010, Data=0x80
2013/07/19 12:31:02:451 [005264] TRACE [Prb.cpp, 584] - Reading CC1020, Address=0x0013
2013/07/19 12:31:02:452 [005264] TRACE [Prb.cpp, 1035] - ReadCC1020Packet(0x13):01 00 0C 49 84 00 02 00 13 09 2F 0D 
2013/07/19 12:31:02:452 [006900] TRACE [Prb.cpp, 835] - RxStream contents:01 00 0C E0 06 49 00 01 33 3F 89 0D 
2013/07/19 12:31:02:453 [006900] TRACE [Prb.cpp, 943] - RadioBoardPacket(ACK):01 00 0C E0 06 49 00 01 33 3F 89 0D 
2013/07/19 12:31:02:453 [005264] DEBUG [Prb.cpp, 603] - Read CC1020 completed, Address=0x0013, Data=0x33
2013/07/19 12:31:02:454 [005264] TRACE [Prb.cpp, 584] - Reading CC1020, Address=0x0014
2013/07/19 12:31:02:455 [005264] TRACE [Prb.cpp, 1035] - ReadCC1020Packet(0x14):01 00 0C 4A 84 00 02 00 14 01 3E 0D 
2013/07/19 12:31:02:455 [006900] TRACE [Prb.cpp, 835] - RxStream contents:01 00 0C E1 06 4A 00 01 3D 7B AD 0D 
2013/07/19 12:31:02:456 [006900] TRACE [Prb.cpp, 943] - RadioBoardPacket(ACK):01 00 0C E1 06 4A 00 01 3D 7B AD 0D 
2013/07/19 12:31:02:456 [005264] DEBUG [Prb.cpp, 603] - Read CC1020 completed, Address=0x0014, Data=0x3D
2013/07/19 12:31:02:457 [005264] TRACE [Prb.cpp, 584] - Reading CC1020, Address=0x0043
2013/07/19 12:31:02:457 [005264] TRACE [Prb.cpp, 1035] - ReadCC1020Packet(0x43):01 00 0C 4B 84 00 02 00 43 78 CC 0D 
2013/07/19 12:31:02:457 [006900] TRACE [Prb.cpp, 835] - RxStream contents:01 00 0C E2 06 4B 00 01 00 E7 23 0D 
2013/07/19 12:31:02:458 [006900] TRACE [Prb.cpp, 943] - RadioBoardPacket(ACK):01 00 0C E2 06 4B 00 01 00 E7 23 0D 
2013/07/19 12:31:02:459 [005264] DEBUG [Prb.cpp, 603] - Read CC1020 completed, Address=0x0043, Data=0x00
2013/07/19 12:31:02:459 [005264] DEBUG [ComSysDiagnostics.cpp, 63] - CC1020 [Scan complete] FREQ_2A: 0x35 FREQ_1A: 0xf0 FREQ_0A: 0x21
2013/07/19 12:31:02:460 [005264] DEBUG [ComSysDiagnostics.cpp, 67] - CC1020 [Scan complete] FREQ_2B: 0x35 FREQ_1B: 0xfa FREQ_0B: 0xcb
2013/07/19 12:31:02:460 [005264] DEBUG [ComSysDiagnostics.cpp, 72] - CC1020 [Scan complete] AFC_CONTROL: 0xdf FILTER: 0x80 VGA3: 0x33 VGA4: 0x3d AFC: 0x00
2013/07/19 12:31:02:461 [005264] INFO [CommunicationSystemStates.cpp, 173] - Found 1 valid ids during the scan operation.
2013/07/19 12:31:02:463 [005264] INFO [CommunicationSystemStates.cpp, 190] - Id: 0x801c0094.
2013/07/19 12:31:02:464 [005264] INFO [CommunicationSystemStates.cpp, 198] - Found 0 invalid ids during the scan operation.
2013/07/19 12:31:02:478 [004776] TRACE [Prb.cpp, 493] - Reading FPGA, Address=0x1004
2013/07/19 12:31:02:479 [004776] TRACE [Prb.cpp, 1035] - ReadFPGAPacket(0x1004):01 00 0C 4C 82 00 02 10 04 F0 4B 0D 
2013/07/19 12:31:02:479 [006900] TRACE [Prb.cpp, 835] - RxStream contents:01 00 0C E3 06 4C 00 01 00 F3 23 0D 
2013/07/19 12:31:02:480 [006900] TRACE [Prb.cpp, 943] - RadioBoardPacket(ACK):01 00 0C E3 06 4C 00 01 00 F3 23 0D 
2013/07/19 12:31:02:481 [004776] DEBUG [Prb.cpp, 512] - Read FPGA completed, Address=0x1004, Data=0x00
2013/07/19 12:31:02:482 [004776] TRACE [Prb.cpp, 448] - Writing FPGA, Address=0x1004, Data=0x00
2013/07/19 12:31:02:482 [004776] TRACE [Prb.cpp, 1035] - WriteFPGAPacket(0x1004, 0x00):01 00 0D 4D 81 00 03 10 04 00 C4 36 0D 
2013/07/19 12:31:02:482 [006900] TRACE [Prb.cpp, 835] - RxStream contents:01 00 0B E4 06 4D 00 00 99 0D 0D 
2013/07/19 12:31:02:483 [006900] TRACE [Prb.cpp, 943] - RadioBoardPacket(ACK):01 00 0B E4 06 4D 00 00 99 0D 0D 
2013/07/19 12:31:02:484 [004776] DEBUG [Prb.cpp, 466] - Write FPGA completed, Address=0x1004, Data=0x00
2013/07/19 12:31:02:485 [006024] INFO [CrossTalkDetectorStates.cpp, 98] - LinkTimeout = 4523 ms
2013/07/19 12:31:02:486 [006024] INFO [CrossTalkDetector.cpp, 68] - CrossTalkDetector state changing from IdleState to LinkingState
2013/07/19 12:31:02:488 [006024] INFO [CommunicationSystemStates.cpp, 147] - Link requested. Id: 0x801c0094. Preamble Burst Duration: 2 seconds. Preamble Burst Data Rate: 0.
2013/07/19 12:31:02:488 [006024] DEBUG [ComSysDiagnostics.cpp, 95] - Resetting FPGA Frame Error Counter
2013/07/19 12:31:02:489 [006024] TRACE [Prb.cpp, 448] - Writing FPGA, Address=0x301C, Data=0x00
2013/07/19 12:31:02:490 [006024] TRACE [Prb.cpp, 1035] - WriteFPGAPacket(0x301C, 0x00):01 00 0D 4E 81 00 03 30 1C 00 15 85 0D 
2013/07/19 12:31:02:490 [006900] TRACE [Prb.cpp, 835] - RxStream contents:01 00 0B E5 06 4E 00 00 19 4A 0D 
2013/07/19 12:31:02:491 [006900] TRACE [Prb.cpp, 943] - RadioBoardPacket(ACK):01 00 0B E5 06 4E 00 00 19 4A 0D 
2013/07/19 12:31:02:491 [006024] DEBUG [Prb.cpp, 466] - Write FPGA completed, Address=0x301C, Data=0x00
2013/07/19 12:31:02:492 [006024] TRACE [Prb.cpp, 448] - Writing FPGA, Address=0x2000, Data=0x80
2013/07/19 12:31:02:492 [006024] TRACE [Prb.cpp, 1035] - WriteFPGAPacket(0x2000, 0x80):01 00 0D 4F 81 00 03 20 00 80 5E D5 0D 
2013/07/19 12:31:02:492 [006900] TRACE [Prb.cpp, 835] - RxStream contents:01 00 0B E6 06 4F 00 00 99 D5 0D 
2013/07/19 12:31:02:493 [006900] TRACE [Prb.cpp, 943] - RadioBoardPacket(ACK):01 00 0B E6 06 4F 00 00 99 D5 0D 
2013/07/19 12:31:02:494 [006024] DEBUG [Prb.cpp, 466] - Write FPGA completed, Address=0x2000, Data=0x80
2013/07/19 12:31:02:494 [006024] TRACE [Prb.cpp, 448] - Writing FPGA, Address=0x2002, Data=0x1C
2013/07/19 12:31:02:495 [006024] TRACE [Prb.cpp, 1035] - WriteFPGAPacket(0x2002, 0x1C):01 00 0D 50 81 00 03 20 02 1C 4F 6D 0D 
2013/07/19 12:31:02:495 [006900] TRACE [Prb.cpp, 835] - RxStream contents:01 00 0B E7 06 50 00 00 98 21 0D 
2013/07/19 12:31:02:496 [006900] TRACE [Prb.cpp, 943] - RadioBoardPacket(ACK):01 00 0B E7 06 50 00 00 98 21 0D 
2013/07/19 12:31:02:497 [006024] DEBUG [Prb.cpp, 466] - Write FPGA completed, Address=0x2002, Data=0x1C
2013/07/19 12:31:02:497 [006024] TRACE [Prb.cpp, 448] - Writing FPGA, Address=0x2004, Data=0x00
2013/07/19 12:31:02:498 [006024] TRACE [Prb.cpp, 1035] - WriteFPGAPacket(0x2004, 0x00):01 00 0D 51 81 00 03 20 04 00 5A 35 0D 
2013/07/19 12:31:02:498 [006900] TRACE [Prb.cpp, 835] - RxStream contents:01 00 0B E8 06 51 00 00 1A 9E 0D 
2013/07/19 12:31:02:499 [006900] TRACE [Prb.cpp, 943] - RadioBoardPacket(ACK):01 00 0B E8 06 51 00 00 1A 9E 0D 
2013/07/19 12:31:02:499 [006024] DEBUG [Prb.cpp, 466] - Write FPGA completed, Address=0x2004, Data=0x00
2013/07/19 12:31:02:500 [006024] TRACE [Prb.cpp, 448] - Writing FPGA, Address=0x2006, Data=0x94
2013/07/19 12:31:02:501 [006024] TRACE [Prb.cpp, 1035] - WriteFPGAPacket(0x2006, 0x94):01 00 0D 52 81 00 03 20 06 94 56 7D 0D 
2013/07/19 12:31:02:501 [006900] TRACE [Prb.cpp, 835] - RxStream contents:01 00 0B E9 06 52 00 00 9A D9 0D 
2013/07/19 12:31:02:502 [006900] TRACE [Prb.cpp, 943] - RadioBoardPacket(ACK):01 00 0B E9 06 52 00 00 9A D9 0D 
2013/07/19 12:31:02:502 [006024] DEBUG [Prb.cpp, 466] - Write FPGA completed, Address=0x2006, Data=0x94
2013/07/19 12:31:02:503 [006024] TRACE [Prb.cpp, 448] - Writing FPGA, Address=0x1002, Data=0x02
2013/07/19 12:31:02:503 [006024] TRACE [Prb.cpp, 1035] - WriteFPGAPacket(0x1002, 0x02):01 00 0D 53 81 00 03 10 02 02 4F D9 0D 
2013/07/19 12:31:02:503 [006900] TRACE [Prb.cpp, 835] - RxStream contents:01 00 0B EA 06 53 00 00 1A 46 0D 
2013/07/19 12:31:02:504 [006900] TRACE [Prb.cpp, 943] - RadioBoardPacket(ACK):01 00 0B EA 06 53 00 00 1A 46 0D 
2013/07/19 12:31:02:505 [006024] DEBUG [Prb.cpp, 466] - Write FPGA completed, Address=0x1002, Data=0x02
2013/07/19 12:31:02:505 [006024] TRACE [Prb.cpp, 493] - Reading FPGA, Address=0x1004
2013/07/19 12:31:02:506 [006024] TRACE [Prb.cpp, 1035] - ReadFPGAPacket(0x1004):01 00 0C 54 82 00 02 10 04 30 50 0D 
2013/07/19 12:31:02:506 [006900] TRACE [Prb.cpp, 835] - RxStream contents:01 00 0C EB 06 54 00 01 00 D3 2F 0D 
2013/07/19 12:31:02:507 [006900] TRACE [Prb.cpp, 943] - RadioBoardPacket(ACK):01 00 0C EB 06 54 00 01 00 D3 2F 0D 
2013/07/19 12:31:02:508 [006024] DEBUG [Prb.cpp, 512] - Read FPGA completed, Address=0x1004, Data=0x00
2013/07/19 12:31:02:508 [006024] TRACE [Prb.cpp, 448] - Writing FPGA, Address=0x1004, Data=0x00
2013/07/19 12:31:02:509 [006024] TRACE [Prb.cpp, 1035] - WriteFPGAPacket(0x1004, 0x00):01 00 0D 55 81 00 03 10 04 00 DD B6 0D 
2013/07/19 12:31:02:509 [006900] TRACE [Prb.cpp, 835] - RxStream contents:01 00 0B EC 06 55 00 00 1B 2E 0D 
2013/07/19 12:31:02:510 [006900] TRACE [Prb.cpp, 943] - RadioBoardPacket(ACK):01 00 0B EC 06 55 00 00 1B 2E 0D 
2013/07/19 12:31:02:510 [006024] DEBUG [Prb.cpp, 466] - Write FPGA completed, Address=0x1004, Data=0x00
2013/07/19 12:31:02:511 [006024] TRACE [Prb.cpp, 448] - Writing FPGA, Address=0x1008, Data=0x04
2013/07/19 12:31:02:512 [006024] TRACE [Prb.cpp, 1035] - WriteFPGAPacket(0x1008, 0x04):01 00 0D 56 81 00 03 10 08 04 76 9D 0D 
2013/07/19 12:31:02:512 [006900] TRACE [Prb.cpp, 835] - RxStream contents:01 00 0B ED 06 56 00 00 9B 69 0D 
2013/07/19 12:31:02:513 [006900] TRACE [Prb.cpp, 943] - RadioBoardPacket(ACK):01 00 0B ED 06 56 00 00 9B 69 0D 
2013/07/19 12:31:02:513 [006024] DEBUG [Prb.cpp, 466] - Write FPGA completed, Address=0x1008, Data=0x04
2013/07/19 12:31:05:520 [005264] INFO [CrossTalkDetectorStates.cpp, 174] - Invalid frame while linking
2013/07/19 12:31:05:521 [005264] TRACE [Prb.cpp, 493] - Reading FPGA, Address=0x3018
2013/07/19 12:31:05:522 [005264] TRACE [Prb.cpp, 1035] - ReadFPGAPacket(0x3018):01 00 0C 57 82 00 02 30 18 78 18 0D 
2013/07/19 12:31:05:522 [006900] TRACE [Prb.cpp, 835] - RxStream contents:01 00 0C EF 06 57 00 01 3D 8F A4 0D 
2013/07/19 12:31:05:523 [006900] TRACE [Prb.cpp, 943] - RadioBoardPacket(ACK):01 00 0C EF 06 57 00 01 3D 8F A4 0D 
2013/07/19 12:31:05:524 [005264] DEBUG [Prb.cpp, 512] - Read FPGA completed, Address=0x3018, Data=0x3D
2013/07/19 12:31:05:524 [005264] TRACE [Prb.cpp, 493] - Reading FPGA, Address=0x301A
2013/07/19 12:31:05:525 [005264] TRACE [Prb.cpp, 1035] - ReadFPGAPacket(0x301A):01 00 0C 58 82 00 02 30 1A D0 18 0D 
2013/07/19 12:31:05:525 [006900] TRACE [Prb.cpp, 835] - RxStream contents:01 00 0C F0 06 58 00 01 FF 69 36 0D 
2013/07/19 12:31:05:526 [006900] TRACE [Prb.cpp, 943] - RadioBoardPacket(ACK):01 00 0C F0 06 58 00 01 FF 69 36 0D 
2013/07/19 12:31:05:527 [005264] DEBUG [Prb.cpp, 512] - Read FPGA completed, Address=0x301A, Data=0xFF
2013/07/19 12:31:05:527 [005264] TRACE [Prb.cpp, 493] - Reading FPGA, Address=0x3070
2013/07/19 12:31:05:528 [005264] TRACE [Prb.cpp, 1035] - ReadFPGAPacket(0x3070):01 00 0C 59 82 00 02 30 70 29 67 0D 
2013/07/19 12:31:05:528 [006900] TRACE [Prb.cpp, 835] - RxStream contents:01 00 0C F1 06 59 00 01 FE 85 33 0D 
2013/07/19 12:31:05:529 [006900] TRACE [Prb.cpp, 943] - RadioBoardPacket(ACK):01 00 0C F1 06 59 00 01 FE 85 33 0D 
2013/07/19 12:31:05:530 [005264] DEBUG [Prb.cpp, 512] - Read FPGA completed, Address=0x3070, Data=0xFE
2013/07/19 12:31:05:530 [005264] DEBUG [ComSysDiagnostics.cpp, 31] - FPGA RSSI/AFC [Linking(invalid frame)] linkedRSSI:61 linkedAFC:255 AFC:254
2013/07/19 12:31:05:536 [005264] TRACE [Prb.cpp, 493] - Reading FPGA, Address=0x3018
2013/07/19 12:31:05:537 [005264] TRACE [Prb.cpp, 1035] - ReadFPGAPacket(0x3018):01 00 0C 5A 82 00 02 30 18 20 14 0D 
2013/07/19 12:31:05:537 [006900] TRACE [Prb.cpp, 835] - RxStream contents:01 00 0C F3 06 5A 00 01 3C 4B BF 0D 
2013/07/19 12:31:05:538 [006900] TRACE [Prb.cpp, 943] - RadioBoardPacket(ACK):01 00 0C F3 06 5A 00 01 3C 4B BF 0D 
2013/07/19 12:31:05:539 [005264] DEBUG [Prb.cpp, 512] - Read FPGA completed, Address=0x3018, Data=0x3C
2013/07/19 12:31:05:539 [005264] TRACE [Prb.cpp, 493] - Reading FPGA, Address=0x301A
2013/07/19 12:31:05:540 [005264] TRACE [Prb.cpp, 1035] - ReadFPGAPacket(0x301A):01 00 0C 5B 82 00 02 30 1A 58 18 0D 
2013/07/19 12:31:05:540 [006900] TRACE [Prb.cpp, 835] - RxStream contents:01 00 0C F4 06 5B 00 01 FF B5 30 0D 
2013/07/19 12:31:05:541 [006900] TRACE [Prb.cpp, 943] - RadioBoardPacket(ACK):01 00 0C F4 06 5B 00 01 FF B5 30 0D 
2013/07/19 12:31:05:542 [005264] DEBUG [Prb.cpp, 512] - Read FPGA completed, Address=0x301A, Data=0xFF
2013/07/19 12:31:05:542 [005264] TRACE [Prb.cpp, 493] - Reading FPGA, Address=0x3070
2013/07/19 12:31:05:543 [005264] TRACE [Prb.cpp, 1035] - ReadFPGAPacket(0x3070):01 00 0C 5C 82 00 02 30 70 31 62 0D 
2013/07/19 12:31:05:543 [006900] TRACE [Prb.cpp, 835] - RxStream contents:01 00 0C F5 06 5C 00 01 00 A3 32 0D 
2013/07/19 12:31:05:544 [006900] TRACE [Prb.cpp, 943] - RadioBoardPacket(ACK):01 00 0C F5 06 5C 00 01 00 A3 32 0D 
2013/07/19 12:31:05:545 [005264] DEBUG [Prb.cpp, 512] - Read FPGA completed, Address=0x3070, Data=0x00
2013/07/19 12:31:05:545 [005264] DEBUG [ComSysDiagnostics.cpp, 31] - FPGA RSSI/AFC [Linking(valid frame)] linkedRSSI:60 linkedAFC:255 AFC:0
2013/07/19 12:31:05:551 [005264] TRACE [Prb.cpp, 493] - Reading FPGA, Address=0x3018
2013/07/19 12:31:05:552 [005264] TRACE [Prb.cpp, 1035] - ReadFPGAPacket(0x3018):01 00 0C 5D 82 00 02 30 18 48 12 0D 
2013/07/19 12:31:05:552 [006900] TRACE [Prb.cpp, 835] - RxStream contents:01 00 0C F7 06 5D 00 01 3F 47 B0 0D 
2013/07/19 12:31:05:553 [006900] TRACE [Prb.cpp, 943] - RadioBoardPacket(ACK):01 00 0C F7 06 5D 00 01 3F 47 B0 0D 
2013/07/19 12:31:05:553 [005264] DEBUG [Prb.cpp, 512] - Read FPGA completed, Address=0x3018, Data=0x3F
2013/07/19 12:31:05:554 [005264] TRACE [Prb.cpp, 493] - Reading FPGA, Address=0x301A
2013/07/19 12:31:05:555 [005264] TRACE [Prb.cpp, 1035] - ReadFPGAPacket(0x301A):01 00 0C 5E 82 00 02 30 1A 40 1D 0D 
2013/07/19 12:31:05:555 [006900] TRACE [Prb.cpp, 835] - RxStream contents:01 00 0C F8 06 5E 00 01 01 D3 38 0D 
2013/07/19 12:31:05:556 [006900] TRACE [Prb.cpp, 943] - RadioBoardPacket(ACK):01 00 0C F8 06 5E 00 01 01 D3 38 0D 
2013/07/19 12:31:05:556 [005264] DEBUG [Prb.cpp, 512] - Read FPGA completed, Address=0x301A, Data=0x01
2013/07/19 12:31:05:557 [005264] TRACE [Prb.cpp, 493] - Reading FPGA, Address=0x3070
2013/07/19 12:31:05:557 [005264] TRACE [Prb.cpp, 1035] - ReadFPGAPacket(0x3070):01 00 0C 5F 82 00 02 30 70 B9 62 0D 
2013/07/19 12:31:05:557 [006900] TRACE [Prb.cpp, 835] - RxStream contents:01 00 0C F9 06 5F 00 01 00 3F 3D 0D 
2013/07/19 12:31:05:558 [006900] TRACE [Prb.cpp, 943] - RadioBoardPacket(ACK):01 00 0C F9 06 5F 00 01 00 3F 3D 0D 
2013/07/19 12:31:05:559 [005264] DEBUG [Prb.cpp, 512] - Read FPGA completed, Address=0x3070, Data=0x00
2013/07/19 12:31:05:559 [005264] DEBUG [ComSysDiagnostics.cpp, 31] - FPGA RSSI/AFC [Linking(valid frame)] linkedRSSI:63 linkedAFC:1 AFC:0
2013/07/19 12:31:05:570 [005264] TRACE [Prb.cpp, 493] - Reading FPGA, Address=0x3018
2013/07/19 12:31:05:571 [005264] TRACE [Prb.cpp, 1035] - ReadFPGAPacket(0x3018):01 00 0C 60 82 00 02 30 18 10 2D 0D 
2013/07/19 12:31:05:571 [006900] TRACE [Prb.cpp, 835] - RxStream contents:01 00 0C FB 06 60 00 01 3E C3 B3 0D 
2013/07/19 12:31:05:572 [006900] TRACE [Prb.cpp, 943] - RadioBoardPacket(ACK):01 00 0C FB 06 60 00 01 3E C3 B3 0D 
2013/07/19 12:31:05:572 [005264] DEBUG [Prb.cpp, 512] - Read FPGA completed, Address=0x3018, Data=0x3E
2013/07/19 12:31:05:573 [005264] TRACE [Prb.cpp, 493] - Reading FPGA, Address=0x301A
2013/07/19 12:31:05:574 [005264] TRACE [Prb.cpp, 1035] - ReadFPGAPacket(0x301A):01 00 0C 61 82 00 02 30 1A 68 21 0D 
2013/07/19 12:31:05:574 [006900] TRACE [Prb.cpp, 835] - RxStream contents:01 00 0C FC 06 61 00 01 00 BF 31 0D 
2013/07/19 12:31:05:575 [006900] TRACE [Prb.cpp, 943] - RadioBoardPacket(ACK):01 00 0C FC 06 61 00 01 00 BF 31 0D 
2013/07/19 12:31:05:576 [005264] DEBUG [Prb.cpp, 512] - Read FPGA completed, Address=0x301A, Data=0x00
2013/07/19 12:31:05:576 [005264] TRACE [Prb.cpp, 493] - Reading FPGA, Address=0x3070
2013/07/19 12:31:05:577 [005264] TRACE [Prb.cpp, 1035] - ReadFPGAPacket(0x3070):01 00 0C 62 82 00 02 30 70 E1 5D 0D 
2013/07/19 12:31:05:577 [006900] TRACE [Prb.cpp, 835] - RxStream contents:01 00 0C FD 06 62 00 01 00 7B 32 0D 
2013/07/19 12:31:05:578 [006900] TRACE [Prb.cpp, 943] - RadioBoardPacket(ACK):01 00 0C FD 06 62 00 01 00 7B 32 0D 
2013/07/19 12:31:05:578 [005264] DEBUG [Prb.cpp, 512] - Read FPGA completed, Address=0x3070, Data=0x00
2013/07/19 12:31:05:579 [005264] DEBUG [ComSysDiagnostics.cpp, 31] - FPGA RSSI/AFC [Linking(valid frame)] linkedRSSI:62 linkedAFC:0 AFC:0
2013/07/19 12:31:05:584 [005264] TRACE [Prb.cpp, 493] - Reading FPGA, Address=0x3018
2013/07/19 12:31:05:584 [005264] TRACE [Prb.cpp, 1035] - ReadFPGAPacket(0x3018):01 00 0C 63 82 00 02 30 18 98 2D 0D 
2013/07/19 12:31:05:584 [006900] TRACE [Prb.cpp, 835] - RxStream contents:01 00 0C FF 06 63 00 01 3F 9F B0 0D 
2013/07/19 12:31:05:586 [006900] TRACE [Prb.cpp, 943] - RadioBoardPacket(ACK):01 00 0C FF 06 63 00 01 3F 9F B0 0D 
2013/07/19 12:31:05:586 [005264] DEBUG [Prb.cpp, 512] - Read FPGA completed, Address=0x3018, Data=0x3F
2013/07/19 12:31:05:587 [005264] TRACE [Prb.cpp, 493] - Reading FPGA, Address=0x301A
2013/07/19 12:31:05:588 [005264] TRACE [Prb.cpp, 1035] - ReadFPGAPacket(0x301A):01 00 0C 64 82 00 02 30 1A 70 24 0D 
2013/07/19 12:31:05:588 [006900] TRACE [Prb.cpp, 835] - RxStream contents:01 00 0C 00 06 64 00 01 00 5B C1 0D 
2013/07/19 12:31:05:589 [006900] TRACE [Prb.cpp, 943] - RadioBoardPacket(ACK):01 00 0C 00 06 64 00 01 00 5B C1 0D 
2013/07/19 12:31:05:589 [005264] DEBUG [Prb.cpp, 512] - Read FPGA completed, Address=0x301A, Data=0x00
2013/07/19 12:31:05:590 [005264] TRACE [Prb.cpp, 493] - Reading FPGA, Address=0x3070
2013/07/19 12:31:05:590 [005264] TRACE [Prb.cpp, 1035] - ReadFPGAPacket(0x3070):01 00 0C 65 82 00 02 30 70 89 5B 0D 
2013/07/19 12:31:05:591 [006900] TRACE [Prb.cpp, 835] - RxStream contents:01 00 0C 01 06 65 00 01 00 37 C1 0D 
2013/07/19 12:31:05:592 [006900] TRACE [Prb.cpp, 943] - RadioBoardPacket(ACK):01 00 0C 01 06 65 00 01 00 37 C1 0D 
2013/07/19 12:31:05:592 [005264] DEBUG [Prb.cpp, 512] - Read FPGA completed, Address=0x3070, Data=0x00
2013/07/19 12:31:05:593 [005264] DEBUG [ComSysDiagnostics.cpp, 31] - FPGA RSSI/AFC [Linking(valid frame)] linkedRSSI:63 linkedAFC:0 AFC:0
2013/07/19 12:31:05:598 [005264] TRACE [Prb.cpp, 493] - Reading FPGA, Address=0x3018
2013/07/19 12:31:05:598 [006900] TRACE [Prb.cpp, 835] - RxStream contents:01 00 0C 03 06 66 00 01 3E FB 45 0D 
2013/07/19 12:31:05:599 [006900] TRACE [Prb.cpp, 943] - RadioBoardPacket(ACK):01 00 0C 03 06 66 00 01 3E FB 45 0D 
2013/07/19 12:31:05:598 [005264] TRACE [Prb.cpp, 1035] - ReadFPGAPacket(0x3018):01 00 0C 66 82 00 02 30 18 80 28 0D 
2013/07/19 12:31:05:600 [005264] DEBUG [Prb.cpp, 512] - Read FPGA completed, Address=0x3018, Data=0x3E
2013/07/19 12:31:05:601 [005264] TRACE [Prb.cpp, 493] - Reading FPGA, Address=0x301A
2013/07/19 12:31:05:601 [005264] TRACE [Prb.cpp, 1035] - ReadFPGAPacket(0x301A):01 00 0C 67 82 00 02 30 1A F8 24 0D 
2013/07/19 12:31:05:602 [006900] TRACE [Prb.cpp, 835] - RxStream contents:01 00 0C 04 06 67 00 01 01 07 C2 0D 
2013/07/19 12:31:05:603 [006900] TRACE [Prb.cpp, 943] - RadioBoardPacket(ACK):01 00 0C 04 06 67 00 01 01 07 C2 0D 
2013/07/19 12:31:05:603 [005264] DEBUG [Prb.cpp, 512] - Read FPGA completed, Address=0x301A, Data=0x01
2013/07/19 12:31:05:604 [005264] TRACE [Prb.cpp, 493] - Reading FPGA, Address=0x3070
2013/07/19 12:31:05:604 [005264] TRACE [Prb.cpp, 1035] - ReadFPGAPacket(0x3070):01 00 0C 68 82 00 02 30 70 D1 57 0D 
2013/07/19 12:31:05:604 [006900] TRACE [Prb.cpp, 835] - RxStream contents:01 00 0C 05 06 68 00 01 00 B3 C4 0D 
2013/07/19 12:31:05:605 [006900] TRACE [Prb.cpp, 943] - RadioBoardPacket(ACK):01 00 0C 05 06 68 00 01 00 B3 C4 0D 
2013/07/19 12:31:05:606 [005264] DEBUG [Prb.cpp, 512] - Read FPGA completed, Address=0x3070, Data=0x00
2013/07/19 12:31:05:606 [005264] DEBUG [ComSysDiagnostics.cpp, 31] - FPGA RSSI/AFC [Linking(valid frame)] linkedRSSI:62 linkedAFC:1 AFC:0
2013/07/19 12:31:05:617 [005264] TRACE [Prb.cpp, 493] - Reading FPGA, Address=0x3018
2013/07/19 12:31:05:618 [005264] TRACE [Prb.cpp, 1035] - ReadFPGAPacket(0x3018):01 00 0C 69 82 00 02 30 18 A8 27 0D 
2013/07/19 12:31:05:618 [006900] TRACE [Prb.cpp, 835] - RxStream contents:01 00 0C 07 06 69 00 01 3E D7 43 0D 
2013/07/19 12:31:05:619 [006900] TRACE [Prb.cpp, 943] - RadioBoardPacket(ACK):01 00 0C 07 06 69 00 01 3E D7 43 0D 
2013/07/19 12:31:05:619 [005264] DEBUG [Prb.cpp, 512] - Read FPGA completed, Address=0x3018, Data=0x3E
2013/07/19 12:31:05:620 [005264] TRACE [Prb.cpp, 493] - Reading FPGA, Address=0x301A
2013/07/19 12:31:05:621 [005264] TRACE [Prb.cpp, 1035] - ReadFPGAPacket(0x301A):01 00 0C 6A 82 00 02 30 1A A0 28 0D 
2013/07/19 12:31:05:621 [006900] TRACE [Prb.cpp, 835] - RxStream contents:01 00 0C 08 06 6A 00 01 01 C3 CE 0D 
2013/07/19 12:31:05:622 [006900] TRACE [Prb.cpp, 943] - RadioBoardPacket(ACK):01 00 0C 08 06 6A 00 01 01 C3 CE 0D 
2013/07/19 12:31:05:622 [005264] DEBUG [Prb.cpp, 512] - Read FPGA completed, Address=0x301A, Data=0x01
2013/07/19 12:31:05:623 [005264] TRACE [Prb.cpp, 493] - Reading FPGA, Address=0x3070
2013/07/19 12:31:05:624 [005264] TRACE [Prb.cpp, 1035] - ReadFPGAPacket(0x3070):01 00 0C 6B 82 00 02 30 70 59 57 0D 
2013/07/19 12:31:05:624 [006900] TRACE [Prb.cpp, 835] - RxStream contents:01 00 0C 09 06 6B 00 01 00 2F CB 0D 
2013/07/19 12:31:05:625 [006900] TRACE [Prb.cpp, 943] - RadioBoardPacket(ACK):01 00 0C 09 06 6B 00 01 00 2F CB 0D 
2013/07/19 12:31:05:625 [005264] DEBUG [Prb.cpp, 512] - Read FPGA completed, Address=0x3070, Data=0x00
2013/07/19 12:31:05:626 [005264] DEBUG [ComSysDiagnostics.cpp, 31] - FPGA RSSI/AFC [Linking(valid frame)] linkedRSSI:62 linkedAFC:1 AFC:0
2013/07/19 12:31:05:631 [005264] TRACE [Prb.cpp, 493] - Reading FPGA, Address=0x3018
2013/07/19 12:31:05:631 [005264] TRACE [Prb.cpp, 1035] - ReadFPGAPacket(0x3018):01 00 0C 6C 82 00 02 30 18 B0 22 0D 
2013/07/19 12:31:05:631 [006900] TRACE [Prb.cpp, 835] - RxStream contents:01 00 0C 0B 06 6C 00 01 3F B3 49 0D 
2013/07/19 12:31:05:633 [006900] TRACE [Prb.cpp, 943] - RadioBoardPacket(ACK):01 00 0C 0B 06 6C 00 01 3F B3 49 0D 
2013/07/19 12:31:05:633 [005264] DEBUG [Prb.cpp, 512] - Read FPGA completed, Address=0x3018, Data=0x3F
2013/07/19 12:31:05:634 [005264] TRACE [Prb.cpp, 493] - Reading FPGA, Address=0x301A
2013/07/19 12:31:05:634 [005264] TRACE [Prb.cpp, 1035] - ReadFPGAPacket(0x301A):01 00 0C 6D 82 00 02 30 1A C8 2E 0D 
2013/07/19 12:31:05:634 [006900] TRACE [Prb.cpp, 835] - RxStream contents:01 00 0C 0C 06 6D 00 01 01 CF CB 0D 
2013/07/19 12:31:05:635 [006900] TRACE [Prb.cpp, 943] - RadioBoardPacket(ACK):01 00 0C 0C 06 6D 00 01 01 CF CB 0D 
2013/07/19 12:31:05:636 [005264] DEBUG [Prb.cpp, 512] - Read FPGA completed, Address=0x301A, Data=0x01
2013/07/19 12:31:05:636 [005264] TRACE [Prb.cpp, 493] - Reading FPGA, Address=0x3070
2013/07/19 12:31:05:637 [005264] TRACE [Prb.cpp, 1035] - ReadFPGAPacket(0x3070):01 00 0C 6E 82 00 02 30 70 41 52 0D 
2013/07/19 12:31:05:637 [006900] TRACE [Prb.cpp, 835] - RxStream contents:01 00 0C 0D 06 6E 00 01 00 8B CD 0D 
2013/07/19 12:31:05:638 [006900] TRACE [Prb.cpp, 943] - RadioBoardPacket(ACK):01 00 0C 0D 06 6E 00 01 00 8B CD 0D 
2013/07/19 12:31:05:639 [005264] DEBUG [Prb.cpp, 512] - Read FPGA completed, Address=0x3070, Data=0x00
2013/07/19 12:31:05:639 [005264] DEBUG [ComSysDiagnostics.cpp, 31] - FPGA RSSI/AFC [Linking(valid frame)] linkedRSSI:63 linkedAFC:1 AFC:0
2013/07/19 12:31:05:645 [005264] TRACE [Prb.cpp, 493] - Reading FPGA, Address=0x3018
2013/07/19 12:31:05:646 [005264] TRACE [Prb.cpp, 1035] - ReadFPGAPacket(0x3018):01 00 0C 6F 82 00 02 30 18 38 22 0D 
2013/07/19 12:31:05:646 [006900] TRACE [Prb.cpp, 835] - RxStream contents:01 00 0C 0F 06 6F 00 01 3C 6F 45 0D 
2013/07/19 12:31:05:647 [006900] TRACE [Prb.cpp, 943] - RadioBoardPacket(ACK):01 00 0C 0F 06 6F 00 01 3C 6F 45 0D 
2013/07/19 12:31:05:647 [005264] DEBUG [Prb.cpp, 512] - Read FPGA completed, Address=0x3018, Data=0x3C
2013/07/19 12:31:05:648 [005264] TRACE [Prb.cpp, 493] - Reading FPGA, Address=0x301A
2013/07/19 12:31:05:649 [005264] TRACE [Prb.cpp, 1035] - ReadFPGAPacket(0x301A):01 00 0C 70 82 00 02 30 1A 10 30 0D 
2013/07/19 12:31:05:649 [006900] TRACE [Prb.cpp, 835] - RxStream contents:01 00 0C 10 06 70 00 01 01 CB D3 0D 
2013/07/19 12:31:05:650 [006900] TRACE [Prb.cpp, 943] - RadioBoardPacket(ACK):01 00 0C 10 06 70 00 01 01 CB D3 0D 
2013/07/19 12:31:05:650 [005264] DEBUG [Prb.cpp, 512] - Read FPGA completed, Address=0x301A, Data=0x01
2013/07/19 12:31:05:651 [005264] TRACE [Prb.cpp, 493] - Reading FPGA, Address=0x3070
2013/07/19 12:31:05:652 [005264] TRACE [Prb.cpp, 1035] - ReadFPGAPacket(0x3070):01 00 0C 71 82 00 02 30 70 E9 4F 0D 
2013/07/19 12:31:05:652 [006900] TRACE [Prb.cpp, 835] - RxStream contents:01 00 0C 11 06 71 00 01 00 27 D6 0D 
2013/07/19 12:31:05:653 [006900] TRACE [Prb.cpp, 943] - RadioBoardPacket(ACK):01 00 0C 11 06 71 00 01 00 27 D6 0D 
2013/07/19 12:31:05:653 [005264] DEBUG [Prb.cpp, 512] - Read FPGA completed, Address=0x3070, Data=0x00
2013/07/19 12:31:05:654 [005264] DEBUG [ComSysDiagnostics.cpp, 31] - FPGA RSSI/AFC [Linking(valid frame)] linkedRSSI:60 linkedAFC:1 AFC:0
2013/07/19 12:31:05:664 [005264] TRACE [Prb.cpp, 584] - Reading CC1020, Address=0x0004
2013/07/19 12:31:05:665 [005264] TRACE [Prb.cpp, 1035] - ReadCC1020Packet(0x04):01 00 0C 72 84 00 02 00 04 C1 67 0D 
2013/07/19 12:31:05:676 [006900] TRACE [Prb.cpp, 943] - RadioBoardPacket(ACK):01 00 0C 13 06 72 00 01 35 6B 6B 0D 
2013/07/19 12:31:05:676 [005264] DEBUG [Prb.cpp, 603] - Read CC1020 completed, Address=0x0004, Data=0x35
2013/07/19 12:31:05:677 [005264] TRACE [Prb.cpp, 584] - Reading CC1020, Address=0x0005
2013/07/19 12:31:05:678 [005264] TRACE [Prb.cpp, 1035] - ReadCC1020Packet(0x05):01 00 0C 73 84 00 02 00 05 B9 61 0D 
2013/07/19 12:31:05:691 [006900] TRACE [Prb.cpp, 943] - RadioBoardPacket(ACK):01 00 0C 15 06 73 00 01 EF ED B2 0D 
2013/07/19 12:31:05:692 [005264] DEBUG [Prb.cpp, 603] - Read CC1020 completed, Address=0x0005, Data=0xEF
2013/07/19 12:31:05:692 [005264] TRACE [Prb.cpp, 584] - Reading CC1020, Address=0x0006
2013/07/19 12:31:05:693 [005264] TRACE [Prb.cpp, 1035] - ReadCC1020Packet(0x06):01 00 0C 74 84 00 02 00 06 D1 6D 0D 
2013/07/19 12:31:05:707 [006900] TRACE [Prb.cpp, 943] - RadioBoardPacket(ACK):01 00 0C 17 06 74 00 01 B3 70 7A 0D 
2013/07/19 12:31:05:707 [005264] DEBUG [Prb.cpp, 603] - Read CC1020 completed, Address=0x0006, Data=0xB3
2013/07/19 12:31:05:708 [005264] TRACE [Prb.cpp, 584] - Reading CC1020, Address=0x0008
2013/07/19 12:31:05:709 [005264] TRACE [Prb.cpp, 1035] - ReadCC1020Packet(0x08):01 00 0C 75 84 00 02 00 08 A9 49 0D 
2013/07/19 12:31:05:722 [006900] TRACE [Prb.cpp, 943] - RadioBoardPacket(ACK):01 00 0C 19 06 75 00 01 35 B7 62 0D 
2013/07/19 12:31:05:723 [005264] DEBUG [Prb.cpp, 603] - Read CC1020 completed, Address=0x0008, Data=0x35
2013/07/19 12:31:05:724 [005264] TRACE [Prb.cpp, 584] - Reading CC1020, Address=0x0009
2013/07/19 12:31:05:724 [005264] TRACE [Prb.cpp, 1035] - ReadCC1020Packet(0x09):01 00 0C 76 84 00 02 00 09 A1 4C 0D 
2013/07/19 12:31:05:738 [006900] TRACE [Prb.cpp, 943] - RadioBoardPacket(ACK):01 00 0C 1B 06 76 00 01 FA F9 C3 0D 
2013/07/19 12:31:05:739 [005264] DEBUG [Prb.cpp, 603] - Read CC1020 completed, Address=0x0009, Data=0xFA
2013/07/19 12:31:05:739 [005264] TRACE [Prb.cpp, 584] - Reading CC1020, Address=0x000A
2013/07/19 12:31:05:740 [005264] TRACE [Prb.cpp, 1035] - ReadCC1020Packet(0x0A):01 00 0C 77 84 00 02 00 0A 59 45 0D 
2013/07/19 12:31:05:753 [006900] TRACE [Prb.cpp, 835] - RxStream contents:01 00 0C 1D 06 77 00 01 5D 7E 14 0D 
2013/07/19 12:31:05:754 [006900] TRACE [Prb.cpp, 943] - RadioBoardPacket(ACK):01 00 0C 1D 06 77 00 01 5D 7E 14 0D 
2013/07/19 12:31:05:755 [005264] DEBUG [Prb.cpp, 603] - Read CC1020 completed, Address=0x000A, Data=0x5D
2013/07/19 12:31:05:755 [005264] TRACE [Prb.cpp, 584] - Reading CC1020, Address=0x000F
2013/07/19 12:31:05:756 [005264] TRACE [Prb.cpp, 1035] - ReadCC1020Packet(0x0F):01 00 0C 78 84 00 02 00 0F 71 54 0D 
2013/07/19 12:31:05:770 [006900] TRACE [Prb.cpp, 943] - RadioBoardPacket(ACK):01 00 0C 1F 06 78 00 01 DF C1 1B 0D 
2013/07/19 12:31:05:770 [005264] DEBUG [Prb.cpp, 603] - Read CC1020 completed, Address=0x000F, Data=0xDF
2013/07/19 12:31:05:771 [005264] TRACE [Prb.cpp, 584] - Reading CC1020, Address=0x0010
2013/07/19 12:31:05:772 [005264] TRACE [Prb.cpp, 1035] - ReadCC1020Packet(0x10):01 00 0C 79 84 00 02 00 10 09 16 0D 
2013/07/19 12:31:05:785 [006900] TRACE [Prb.cpp, 943] - RadioBoardPacket(ACK):01 00 0C 21 06 79 00 01 22 07 2A 0D 
2013/07/19 12:31:05:786 [005264] DEBUG [Prb.cpp, 603] - Read CC1020 completed, Address=0x0010, Data=0x22
2013/07/19 12:31:05:786 [005264] TRACE [Prb.cpp, 584] - Reading CC1020, Address=0x0013
2013/07/19 12:31:05:787 [005264] TRACE [Prb.cpp, 1035] - ReadCC1020Packet(0x13):01 00 0C 7A 84 00 02 00 13 81 1C 0D 
2013/07/19 12:31:05:801 [006900] TRACE [Prb.cpp, 943] - RadioBoardPacket(ACK):01 00 0C 23 06 7A 00 01 2F CB 04 0D 
2013/07/19 12:31:05:801 [005264] DEBUG [Prb.cpp, 603] - Read CC1020 completed, Address=0x0013, Data=0x2F
2013/07/19 12:31:05:802 [005264] TRACE [Prb.cpp, 584] - Reading CC1020, Address=0x0014
2013/07/19 12:31:05:803 [005264] TRACE [Prb.cpp, 1035] - ReadCC1020Packet(0x14):01 00 0C 7B 84 00 02 00 14 F9 0E 0D 
2013/07/19 12:31:05:816 [006900] TRACE [Prb.cpp, 943] - RadioBoardPacket(ACK):01 00 0C 25 06 7B 00 01 2F CF 02 0D 
2013/07/19 12:31:05:817 [005264] DEBUG [Prb.cpp, 603] - Read CC1020 completed, Address=0x0014, Data=0x2F
2013/07/19 12:31:05:818 [005264] TRACE [Prb.cpp, 584] - Reading CC1020, Address=0x0043
2013/07/19 12:31:05:818 [005264] TRACE [Prb.cpp, 1035] - ReadCC1020Packet(0x43):01 00 0C 7C 84 00 02 00 43 10 F9 0D 
2013/07/19 12:31:05:832 [006900] TRACE [Prb.cpp, 943] - RadioBoardPacket(ACK):01 00 0C 27 06 7C 00 01 00 D3 E3 0D 
2013/07/19 12:31:05:833 [005264] DEBUG [Prb.cpp, 603] - Read CC1020 completed, Address=0x0043, Data=0x00
2013/07/19 12:31:05:833 [005264] DEBUG [ComSysDiagnostics.cpp, 63] - CC1020 [Link complete] FREQ_2A: 0x35 FREQ_1A: 0xef FREQ_0A: 0xb3
2013/07/19 12:31:05:834 [005264] DEBUG [ComSysDiagnostics.cpp, 67] - CC1020 [Link complete] FREQ_2B: 0x35 FREQ_1B: 0xfa FREQ_0B: 0x5d
2013/07/19 12:31:05:834 [005264] DEBUG [ComSysDiagnostics.cpp, 72] - CC1020 [Link complete] AFC_CONTROL: 0xdf FILTER: 0x22 VGA3: 0x2f VGA4: 0x2f AFC: 0x00
2013/07/19 12:31:05:835 [005264] TRACE [Prb.cpp, 493] - Reading FPGA, Address=0x3018
2013/07/19 12:31:05:836 [005264] TRACE [Prb.cpp, 1035] - ReadFPGAPacket(0x3018):01 00 0C 7D 82 00 02 30 18 C8 33 0D 
2013/07/19 12:31:05:836 [006900] TRACE [Prb.cpp, 835] - RxStream contents:01 00 0C 29 06 7D 00 01 3E 17 6B 0D 
2013/07/19 12:31:05:837 [006900] TRACE [Prb.cpp, 943] - RadioBoardPacket(ACK):01 00 0C 29 06 7D 00 01 3E 17 6B 0D 
2013/07/19 12:31:05:837 [005264] DEBUG [Prb.cpp, 512] - Read FPGA completed, Address=0x3018, Data=0x3E
2013/07/19 12:31:05:838 [005264] TRACE [Prb.cpp, 493] - Reading FPGA, Address=0x301A
2013/07/19 12:31:05:839 [005264] TRACE [Prb.cpp, 1035] - ReadFPGAPacket(0x301A):01 00 0C 7E 82 00 02 30 1A C0 3C 0D 
2013/07/19 12:31:05:839 [006900] TRACE [Prb.cpp, 835] - RxStream contents:01 00 0C 2A 06 7E 00 01 02 A3 E3 0D 
2013/07/19 12:31:05:840 [006900] TRACE [Prb.cpp, 943] - RadioBoardPacket(ACK):01 00 0C 2A 06 7E 00 01 02 A3 E3 0D 
2013/07/19 12:31:05:840 [005264] DEBUG [Prb.cpp, 512] - Read FPGA completed, Address=0x301A, Data=0x02
2013/07/19 12:31:05:841 [005264] TRACE [Prb.cpp, 493] - Reading FPGA, Address=0x3070
2013/07/19 12:31:05:841 [005264] TRACE [Prb.cpp, 1035] - ReadFPGAPacket(0x3070):01 00 0C 7F 82 00 02 30 70 39 43 0D 
2013/07/19 12:31:05:841 [006900] TRACE [Prb.cpp, 835] - RxStream contents:01 00 0C 2B 06 7F 00 01 00 4F EC 0D 
2013/07/19 12:31:05:842 [006900] TRACE [Prb.cpp, 943] - RadioBoardPacket(ACK):01 00 0C 2B 06 7F 00 01 00 4F EC 0D 
2013/07/19 12:31:05:843 [005264] DEBUG [Prb.cpp, 512] - Read FPGA completed, Address=0x3070, Data=0x00
2013/07/19 12:31:05:843 [005264] DEBUG [ComSysDiagnostics.cpp, 31] - FPGA RSSI/AFC [Link complete] linkedRSSI:62 linkedAFC:2 AFC:0
2013/07/19 12:31:05:845 [005264] INFO [ComSysDiagnostics.cpp, 79] - Status Counters [Link complete] FrameErrorsInLastSecond:1 EcgErrorsInLastSecond:0 MarkerOrImplantIdErrorsInLastSecond:0 TotalFrameErrors:1 TotalEcgErrors:0 TotalMarkerOrImplantIdErrors:0 TotalSentCommands:0 TotalGoodResponses:0 TotalBadResponses:0 TotalResponseTimeouts:0
2013/07/19 12:31:05:846 [005264] TRACE [Prb.cpp, 493] - Reading FPGA, Address=0x301C
2013/07/19 12:31:05:846 [005264] TRACE [Prb.cpp, 1035] - ReadFPGAPacket(0x301C):01 00 0C 80 82 00 02 30 1C 10 DB 0D 
2013/07/19 12:31:05:846 [006900] TRACE [Prb.cpp, 835] - RxStream contents:01 00 0C 2C 06 80 00 01 01 AB C7 0D 
2013/07/19 12:31:05:847 [006900] TRACE [Prb.cpp, 943] - RadioBoardPacket(ACK):01 00 0C 2C 06 80 00 01 01 AB C7 0D 
2013/07/19 12:31:05:848 [005264] DEBUG [Prb.cpp, 512] - Read FPGA completed, Address=0x301C, Data=0x01
2013/07/19 12:31:05:848 [005264] DEBUG [ComSysDiagnostics.cpp, 89] - FPGA Frame Error Counter [Link complete]:1
2013/07/19 12:31:05:849 [005264] INFO [CrossTalkDetector.cpp, 68] - CrossTalkDetector state changing from LinkingState to LinkedState
2013/07/19 12:31:05:850 [005264] INFO [CommunicationSystemStates.cpp, 221] - Link complete.
2013/07/19 12:31:05:865 [006024] INFO 0x801C0094 [CommunicationSystemStateMachine.cpp, 237] - Command: 0x82. Retries: 3. Timeout: 78 ms.
2013/07/19 12:31:05:868 [006024] INFO 0x801C0094 [CommunicationSystemStateMachine.cpp, 252] - Send Command:82 04 F5 6C 17 08 
2013/07/19 12:31:05:869 [006024] TRACE 0x801C0094 [Prb.cpp, 493] - Reading FPGA, Address=0x3018
2013/07/19 12:31:05:870 [006024] TRACE 0x801C0094 [Prb.cpp, 1035] - ReadFPGAPacket(0x3018):01 00 0C 81 82 00 02 30 18 68 C3 0D 
2013/07/19 12:31:05:870 [006900] TRACE 0x801C0094 [Prb.cpp, 835] - RxStream contents:01 00 0C 2F 06 81 00 01 3F 37 43 0D 
2013/07/19 12:31:05:871 [006900] TRACE 0x801C0094 [Prb.cpp, 943] - RadioBoardPacket(ACK):01 00 0C 2F 06 81 00 01 3F 37 43 0D 
2013/07/19 12:31:05:872 [006024] DEBUG 0x801C0094 [Prb.cpp, 512] - Read FPGA completed, Address=0x3018, Data=0x3F
2013/07/19 12:31:05:872 [006024] TRACE 0x801C0094 [Prb.cpp, 493] - Reading FPGA, Address=0x301A
2013/07/19 12:31:05:873 [006024] TRACE 0x801C0094 [Prb.cpp, 1035] - ReadFPGAPacket(0x301A):01 00 0C 82 82 00 02 30 1A 60 CC 0D 
2013/07/19 12:31:05:873 [006900] TRACE 0x801C0094 [Prb.cpp, 835] - RxStream contents:01 00 0C 30 06 82 00 01 01 23 D9 0D 
2013/07/19 12:31:05:874 [006900] TRACE 0x801C0094 [Prb.cpp, 943] - RadioBoardPacket(ACK):01 00 0C 30 06 82 00 01 01 23 D9 0D 
2013/07/19 12:31:05:875 [006024] DEBUG 0x801C0094 [Prb.cpp, 512] - Read FPGA completed, Address=0x301A, Data=0x01
2013/07/19 12:31:05:875 [006024] TRACE 0x801C0094 [Prb.cpp, 493] - Reading FPGA, Address=0x3070
2013/07/19 12:31:05:876 [006024] TRACE 0x801C0094 [Prb.cpp, 1035] - ReadFPGAPacket(0x3070):01 00 0C 83 82 00 02 30 70 99 B3 0D 
2013/07/19 12:31:05:876 [006900] TRACE 0x801C0094 [Prb.cpp, 835] - RxStream contents:01 00 0C 31 06 83 00 01 FF CD DE 0D 
2013/07/19 12:31:05:877 [006900] TRACE 0x801C0094 [Prb.cpp, 943] - RadioBoardPacket(ACK):01 00 0C 31 06 83 00 01 FF CD DE 0D 
2013/07/19 12:31:05:877 [006024] DEBUG 0x801C0094 [Prb.cpp, 512] - Read FPGA completed, Address=0x3070, Data=0xFF
2013/07/19 12:31:05:878 [006024] DEBUG 0x801C0094 [ComSysDiagnostics.cpp, 31] - FPGA RSSI/AFC [Send Command] linkedRSSI:63 linkedAFC:1 AFC:255
2013/07/19 12:31:05:878 [006024] TRACE 0x801C0094 [Prb.cpp, 383] - Send Command, Command=0x82
2013/07/19 12:31:05:879 [006024] TRACE 0x801C0094 [Prb.cpp, 1035] - WriteTransmitterPacket():01 00 10 84 87 00 06 82 04 F5 6C 17 08 7B B9 0D 
2013/07/19 12:31:05:879 [006900] TRACE 0x801C0094 [Prb.cpp, 835] - RxStream contents:01 00 0B 33 06 84 00 00 B2 51 0D 
2013/07/19 12:31:05:880 [006900] TRACE 0x801C0094 [Prb.cpp, 943] - RadioBoardPacket(ACK):01 00 0B 33 06 84 00 00 B2 51 0D 
2013/07/19 12:31:05:881 [006024] DEBUG 0x801C0094 [Prb.cpp, 402] - Send Command completed, Command=0x82
2013/07/19 12:31:05:936 [005264] INFO 0x801C0094 [CommunicationSystemStateMachine.cpp, 773] - Command Completed:82 80 C0 45 93 52 22 0B 
2013/07/19 12:31:05:937 [005264] DEBUG 0x801C0094 [CommunicationSystemStateMachine.cpp, 330] - ... after 16 frames.
2013/07/19 12:31:05:948 [006024] INFO 0x801C0094 [CommunicationSystemStateMachine.cpp, 237] - Command: 0x60. Retries: 3. Timeout: 500 ms.
2013/07/19 12:31:05:949 [006024] INFO 0x801C0094 [CommunicationSystemStateMachine.cpp, 252] - Send Command:70 04 00 1E C0 
2013/07/19 12:31:05:950 [006024] TRACE 0x801C0094 [Prb.cpp, 493] - Reading FPGA, Address=0x3018
2013/07/19 12:31:05:950 [006024] TRACE 0x801C0094 [Prb.cpp, 1035] - ReadFPGAPacket(0x3018):01 00 0C 85 82 00 02 30 18 88 C5 0D 
2013/07/19 12:31:05:950 [006900] TRACE 0x801C0094 [Prb.cpp, 835] - RxStream contents:01 00 0C 38 06 85 00 01 3B 8F 4F 0D 
2013/07/19 12:31:05:951 [006900] TRACE 0x801C0094 [Prb.cpp, 943] - RadioBoardPacket(ACK):01 00 0C 38 06 85 00 01 3B 8F 4F 0D 
2013/07/19 12:31:05:952 [006024] DEBUG 0x801C0094 [Prb.cpp, 512] - Read FPGA completed, Address=0x3018, Data=0x3B
2013/07/19 12:31:05:952 [006024] TRACE 0x801C0094 [Prb.cpp, 493] - Reading FPGA, Address=0x301A
2013/07/19 12:31:05:953 [006024] TRACE 0x801C0094 [Prb.cpp, 1035] - ReadFPGAPacket(0x301A):01 00 0C 86 82 00 02 30 1A 80 CA 0D 
2013/07/19 12:31:05:953 [006900] TRACE 0x801C0094 [Prb.cpp, 835] - RxStream contents:01 00 0C 39 06 86 00 01 00 CB D5 0D 
2013/07/19 12:31:05:954 [006900] TRACE 0x801C0094 [Prb.cpp, 943] - RadioBoardPacket(ACK):01 00 0C 39 06 86 00 01 00 CB D5 0D 
2013/07/19 12:31:05:955 [006024] DEBUG 0x801C0094 [Prb.cpp, 512] - Read FPGA completed, Address=0x301A, Data=0x00
2013/07/19 12:31:05:955 [006024] TRACE 0x801C0094 [Prb.cpp, 493] - Reading FPGA, Address=0x3070
2013/07/19 12:31:05:956 [006024] TRACE 0x801C0094 [Prb.cpp, 1035] - ReadFPGAPacket(0x3070):01 00 0C 87 82 00 02 30 70 79 B5 0D 
2013/07/19 12:31:05:956 [006900] TRACE 0x801C0094 [Prb.cpp, 835] - RxStream contents:01 00 0C 3A 06 87 00 01 00 D7 D6 0D 
2013/07/19 12:31:05:957 [006900] TRACE 0x801C0094 [Prb.cpp, 943] - RadioBoardPacket(ACK):01 00 0C 3A 06 87 00 01 00 D7 D6 0D 
2013/07/19 12:31:05:958 [006024] DEBUG 0x801C0094 [Prb.cpp, 512] - Read FPGA completed, Address=0x3070, Data=0x00
2013/07/19 12:31:05:958 [006024] DEBUG 0x801C0094 [ComSysDiagnostics.cpp, 31] - FPGA RSSI/AFC [Send Command] linkedRSSI:59 linkedAFC:0 AFC:0
2013/07/19 12:31:05:959 [006024] TRACE 0x801C0094 [Prb.cpp, 383] - Send Command, Command=0x70
2013/07/19 12:31:05:959 [006024] TRACE 0x801C0094 [Prb.cpp, 1035] - WriteTransmitterPacket():01 00 0F 88 87 00 05 70 04 00 1E C0 48 ED 0D 
2013/07/19 12:31:05:959 [006900] TRACE 0x801C0094 [Prb.cpp, 835] - RxStream contents:01 00 0B 3C 06 88 00 00 B0 09 0D 
2013/07/19 12:31:05:961 [006900] TRACE 0x801C0094 [Prb.cpp, 943] - RadioBoardPacket(ACK):01 00 0B 3C 06 88 00 00 B0 09 0D 
2013/07/19 12:31:05:961 [006024] DEBUG 0x801C0094 [Prb.cpp, 402] - Send Command completed, Command=0x70
2013/07/19 12:31:05:977 [005264] INFO 0x801C0094 [CommunicationSystem.cpp, 360] - Marker:9D 00 40 F5 36 
2013/07/19 12:31:05:993 [005264] INFO 0x801C0094 [CommunicationSystemStateMachine.cpp, 773] - Command Completed:70 82 80 1C 00 94 3E 73 
2013/07/19 12:31:05:993 [005264] DEBUG 0x801C0094 [CommunicationSystemStateMachine.cpp, 330] - ... after 2 frames.
2013/07/19 12:31:05:994 [005264] INFO 0x801C0094 [CommunicationSystemStateMachine.cpp, 237] - Command: 0xe4. Retries: 3. Timeout: 500 ms.
2013/07/19 12:31:05:995 [005264] INFO 0x801C0094 [CommunicationSystemStateMachine.cpp, 252] - Send Command:E4 02 58 
2013/07/19 12:31:05:996 [005264] TRACE 0x801C0094 [Prb.cpp, 493] - Reading FPGA, Address=0x3018
2013/07/19 12:31:05:996 [006900] TRACE 0x801C0094 [Prb.cpp, 835] - RxStream contents:01 00 0C 3F 06 89 00 01 3C 97 58 0D 
2013/07/19 12:31:05:997 [006900] TRACE 0x801C0094 [Prb.cpp, 943] - RadioBoardPacket(ACK):01 00 0C 3F 06 89 00 01 3C 97 58 0D 
2013/07/19 12:31:05:996 [005264] TRACE 0x801C0094 [Prb.cpp, 1035] - ReadFPGAPacket(0x3018):01 00 0C 89 82 00 02 30 18 28 CA 0D 
2013/07/19 12:31:05:998 [005264] DEBUG 0x801C0094 [Prb.cpp, 512] - Read FPGA completed, Address=0x3018, Data=0x3C
2013/07/19 12:31:05:999 [005264] TRACE 0x801C0094 [Prb.cpp, 493] - Reading FPGA, Address=0x301A
2013/07/19 12:31:05:999 [005264] TRACE 0x801C0094 [Prb.cpp, 1035] - ReadFPGAPacket(0x301A):01 00 0C 8A 82 00 02 30 1A 20 C5 0D 
2013/07/19 12:31:05:999 [006900] TRACE 0x801C0094 [Prb.cpp, 835] - RxStream contents:01 00 0C 40 06 8A 00 01 00 03 AB 0D 
2013/07/19 12:31:06:000 [006900] TRACE 0x801C0094 [Prb.cpp, 943] - RadioBoardPacket(ACK):01 00 0C 40 06 8A 00 01 00 03 AB 0D 
2013/07/19 12:31:06:001 [005264] DEBUG 0x801C0094 [Prb.cpp, 512] - Read FPGA completed, Address=0x301A, Data=0x00
2013/07/19 12:31:06:001 [005264] TRACE 0x801C0094 [Prb.cpp, 493] - Reading FPGA, Address=0x3070
2013/07/19 12:31:06:002 [005264] TRACE 0x801C0094 [Prb.cpp, 1035] - ReadFPGAPacket(0x3070):01 00 0C 8B 82 00 02 30 70 D9 BA 0D 
2013/07/19 12:31:06:002 [006900] TRACE 0x801C0094 [Prb.cpp, 835] - RxStream contents:01 00 0C 41 06 8B 00 01 FF 6D A9 0D 
2013/07/19 12:31:06:003 [006900] TRACE 0x801C0094 [Prb.cpp, 943] - RadioBoardPacket(ACK):01 00 0C 41 06 8B 00 01 FF 6D A9 0D 
2013/07/19 12:31:06:004 [005264] DEBUG 0x801C0094 [Prb.cpp, 512] - Read FPGA completed, Address=0x3070, Data=0xFF
2013/07/19 12:31:06:004 [005264] DEBUG 0x801C0094 [ComSysDiagnostics.cpp, 31] - FPGA RSSI/AFC [Send Command] linkedRSSI:60 linkedAFC:0 AFC:255
2013/07/19 12:31:06:005 [005264] TRACE 0x801C0094 [Prb.cpp, 383] - Send Command, Command=0xe4
2013/07/19 12:31:06:005 [005264] TRACE 0x801C0094 [Prb.cpp, 1035] - WriteTransmitterPacket():01 00 0D 8C 87 00 03 E4 02 58 00 60 0D 
2013/07/19 12:31:06:005 [006900] TRACE 0x801C0094 [Prb.cpp, 835] - RxStream contents:01 00 0B 43 06 8C 00 00 A4 71 0D 
2013/07/19 12:31:06:006 [006900] TRACE 0x801C0094 [Prb.cpp, 943] - RadioBoardPacket(ACK):01 00 0B 43 06 8C 00 00 A4 71 0D 
2013/07/19 12:31:06:007 [005264] DEBUG 0x801C0094 [Prb.cpp, 402] - Send Command completed, Command=0xe4
2013/07/19 12:31:06:163 [005264] INFO 0x801C0094 [ComSysDiagnostics.cpp, 79] - Status Counters [Link lost] FrameErrorsInLastSecond:9 EcgErrorsInLastSecond:0 MarkerOrImplantIdErrorsInLastSecond:0 TotalFrameErrors:9 TotalEcgErrors:0 TotalMarkerOrImplantIdErrors:0 TotalSentCommands:3 TotalGoodResponses:2 TotalBadResponses:0 TotalResponseTimeouts:0
2013/07/19 12:31:06:164 [005264] TRACE 0x801C0094 [Prb.cpp, 493] - Reading FPGA, Address=0x301C
2013/07/19 12:31:06:164 [005264] TRACE 0x801C0094 [Prb.cpp, 1035] - ReadFPGAPacket(0x301C):01 00 0C 8D 82 00 02 30 1C 48 D7 0D 
2013/07/19 12:31:06:165 [006900] TRACE 0x801C0094 [Prb.cpp, 835] - RxStream contents:01 00 0C 4E 06 8D 00 01 0A 3F 98 0D 
2013/07/19 12:31:06:166 [006900] TRACE 0x801C0094 [Prb.cpp, 943] - RadioBoardPacket(ACK):01 00 0C 4E 06 8D 00 01 0A 3F 98 0D 
2013/07/19 12:31:06:166 [005264] DEBUG 0x801C0094 [Prb.cpp, 512] - Read FPGA completed, Address=0x301C, Data=0x0A
2013/07/19 12:31:06:167 [005264] DEBUG 0x801C0094 [ComSysDiagnostics.cpp, 89] - FPGA Frame Error Counter [Link lost]:10
2013/07/19 12:31:06:168 [005264] INFO 0x801C0094 [CommunicationSystemStateMachine.cpp, 769] - Command Completed
2013/07/19 12:31:06:168 [005264] DEBUG 0x801C0094 [CommunicationSystemStateMachine.cpp, 330] - ... after 11 frames.
2013/07/19 12:31:06:169 [005264] TRACE 0x801C0094 [Prb.cpp, 448] - Writing FPGA, Address=0x1008, Data=0x08
2013/07/19 12:31:06:170 [005264] TRACE 0x801C0094 [Prb.cpp, 1035] - WriteFPGAPacket(0x1008, 0x08):01 00 0D 8E 81 00 03 10 08 08 A3 35 0D 
2013/07/19 12:31:06:170 [006900] TRACE 0x801C0094 [Prb.cpp, 835] - RxStream contents:01 00 0B 4F 06 8E 00 00 26 7A 0D 
2013/07/19 12:31:06:171 [006900] TRACE 0x801C0094 [Prb.cpp, 943] - RadioBoardPacket(ACK):01 00 0B 4F 06 8E 00 00 26 7A 0D 
2013/07/19 12:31:06:172 [005264] DEBUG 0x801C0094 [Prb.cpp, 466] - Write FPGA completed, Address=0x1008, Data=0x08
2013/07/19 12:31:06:188 [005264] TRACE 0x801C0094 [Prb.cpp, 493] - Reading FPGA, Address=0x300A
2013/07/19 12:31:06:188 [005264] TRACE 0x801C0094 [Prb.cpp, 1035] - ReadFPGAPacket(0x300A):01 00 0C 8F 82 00 02 30 0A B8 A3 0D 
2013/07/19 12:31:06:189 [006900] TRACE 0x801C0094 [Prb.cpp, 835] - RxStream contents:01 00 0C 50 06 8F 00 01 00 C7 B9 0D 
2013/07/19 12:31:06:190 [006900] TRACE 0x801C0094 [Prb.cpp, 943] - RadioBoardPacket(ACK):01 00 0C 50 06 8F 00 01 00 C7 B9 0D 
2013/07/19 12:31:06:190 [005264] DEBUG 0x801C0094 [Prb.cpp, 512] - Read FPGA completed, Address=0x300A, Data=0x00
2013/07/19 12:31:06:191 [005264] TRACE 0x801C0094 [Prb.cpp, 448] - Writing FPGA, Address=0x300A, Data=0x03
2013/07/19 12:31:06:192 [005264] TRACE 0x801C0094 [Prb.cpp, 1035] - WriteFPGAPacket(0x300A, 0x03):01 00 0D 90 81 00 03 30 0A 03 32 6C 0D 
2013/07/19 12:31:06:192 [006900] TRACE 0x801C0094 [Prb.cpp, 835] - RxStream contents:01 00 0B 51 06 90 00 00 22 B2 0D 
2013/07/19 12:31:06:193 [006900] TRACE 0x801C0094 [Prb.cpp, 943] - RadioBoardPacket(ACK):01 00 0B 51 06 90 00 00 22 B2 0D 
2013/07/19 12:31:06:193 [005264] DEBUG 0x801C0094 [Prb.cpp, 466] - Write FPGA completed, Address=0x300A, Data=0x03
2013/07/19 12:31:11:363 [004220] INFO [NCommunicationSystem.cpp, 747] - Disposing: 1
2013/07/19 12:31:11:366 [004220] INFO [CrossAppDomainEventMarshaller.cpp, 44] - Disposing: 1
2013/07/19 12:31:11:367 [004220] INFO [CrossAppDomainEventMarshaller.cpp, 155] - abortGetNextEvent called
2013/07/19 12:31:11:368 [004220] INFO [CrossAppDomainEventMarshaller.cpp, 48] - Waiting for CrossDomainEventTranslator::m_pHandleEventsThread to stop
2013/07/19 12:31:11:368 [006256] INFO [CrossAppDomainEventMarshaller.cpp, 80] - handleEventsThread exiting (thread aborted)
2013/07/19 12:31:11:369 [004220] INFO [CrossAppDomainEventMarshaller.cpp, 54] - CrossDomainEventTranslator::m_pHandleEventsThread stopped
2013/07/19 12:31:11:371 [004220] INFO [CrossAppDomainEventMarshaller.cpp, 110] - EventHandler dtor
2013/07/19 12:31:11:371 [004220] INFO [CrossAppDomainEventMarshaller.cpp, 60] - Disposed.
2013/07/19 12:31:11:372 [006900] DEBUG [Prb.cpp, 867] - Prb receive thread terminated.
2013/07/19 12:31:11:375 [005264] INFO [ExceptionCatchingThread.cpp, 170] - Exited the interrupt thread procedure with return value 0.
2013/07/19 12:31:11:475 [006024] INFO [ExceptionCatchingThread.cpp, 170] - Exited the dispatch thread procedure with return value 0.
2013/07/19 12:31:11:476 [001108] INFO [ExceptionCatchingThread.cpp, 170] - Exited the timer thread procedure with return value 0.
2013/07/19 12:31:11:578 [004220] INFO [NCommunicationSystem.cpp, 779] - Disposed.
<<<<< Log Footer: 07/19/2013 12:31:11 >>>>>
