2013/07/22 15:51:19:991  INFO:   Loaded Symbol File C:\ISV System\Config\FirmwareSymbols\build178.sym for firmware Build #178
2013/07/22 15:51:20:005  INFO:   CommunicationSystemLog properties: .\CommunicationSystem.logger.properties
2013/07/22 15:51:20:005  INFO:   CommunicationSystemLog log       : .\logs\systemBerScriptLog 2013.07.22 15.51.19_CommunicationSystem.Log
2013/07/22 15:51:23:752  INFO:   Setting the event sink for ScriptEngineProcedure
2013/07/22 15:51:23:752  INFO:   Program parameters checks are enabled
2013/07/22 15:51:23:756  INFO:   ********************************************************************************
2013/07/22 15:51:23:756  INFO:   Starting ScriptEngineProcedure, Assembly  version 
2013/07/22 15:51:23:760  INFO:   Config: ICD (NCommunicationSystem ver: nCommunicationSystem, Version=1.8.2.1, Culture=neutral, PublicKeyToken=56b5378c99c0bcfd; FTDI Driver ver: 2.08.24.0; PRB FPGA ver: 7)
2013/07/22 15:51:23:761  INFO:   Setting the radio board transmit power to level 0x7.
2013/07/22 15:51:23:763  INFO:   Radio board power level set to 7.
2013/07/22 15:51:23:764  INFO:   ECG Timeout Interval set to 10 seconds.
2013/07/22 15:51:23:765  STATE:  Changing state to ScriptExecStateMachine.WaitForNextCmdState, ID[1]
2013/07/22 15:51:23:765  INFO:   FwDvtSystem Started the event processing thread
2013/07/22 15:51:23:795  ACTION: Read PRB FPGA: Address=0x3000 Data=0x07
2013/07/22 15:51:23:800  RESULT: FPGA 0x3000 Expected: 18 Actual: 7
2013/07/22 15:51:23:802  RESULT: ERROR Expected: 18 Actual: 7
2013/07/22 15:51:23:803  ACTION: Calibrate CC1020
2013/07/22 15:51:23:900  INFO:   CC1020 calibration passed
2013/07/22 15:51:23:908  ACTION: Read C1020: Address 0x04 Data=0x35
2013/07/22 15:51:23:913  ACTION: Read C1020: Address 0x05 Data=0xF0
2013/07/22 15:51:23:916  ACTION: Read C1020: Address 0x06 Data=0x21
2013/07/22 15:51:23:919  ACTION: Read C1020: Address 0x07 Data=0x38
2013/07/22 15:51:23:922  ACTION: Read C1020: Address 0x08 Data=0x35
2013/07/22 15:51:23:925  ACTION: Read C1020: Address 0x09 Data=0xFA
2013/07/22 15:51:23:928  ACTION: Read C1020: Address 0x0A Data=0xCB
2013/07/22 15:51:23:932  ACTION: Read C1020: Address 0x0B Data=0x38
2013/07/22 15:51:23:935  ACTION: Read C1020: Address 0x1D Data=0x00
2013/07/22 15:51:23:939  ACTION: Read C1020: Address 0x45 Data=0x5C
2013/07/22 15:51:23:942  ACTION: Read C1020: Address 0x46 Data=0x66
2013/07/22 15:51:23:945  ACTION: Read C1020: Address 0x47 Data=0x44
2013/07/22 15:51:23:955  ACTION: Read PRB FPGA: Address=0x305E Data=0x00
2013/07/22 15:51:23:958  ACTION: Read PRB FPGA: Address=0x3060 Data=0x00
2013/07/22 15:51:23:961  ACTION: Read PRB FPGA: Address=0x3062 Data=0x00
2013/07/22 15:51:23:968  ACTION: Read PRB FPGA: Address=0x3066 Data=0x00
2013/07/22 15:51:23:970  ACTION: Read PRB FPGA: Address=0x3068 Data=0x00
2013/07/22 15:51:23:973  ACTION: Read PRB FPGA: Address=0x306A Data=0x00
2013/07/22 15:51:23:975  ACTION: Write PRB FPGA: Address=0x1026 Data=0x00
2013/07/22 15:51:23:981  INFO:   EXECUTING STATE: SMLibrary.Dvt.IcdCmd+ScanState Timeout: 00:00:30
2013/07/22 15:51:23:982  EVENT:  SCRIPT-EXEC:EXEC-STATE - TES.Dvt.ScriptExecStateMachine, ID[11]
2013/07/22 15:51:23:983  STATE:  Changing state to ScriptExecStateMachine.ExecState, ID[4]
2013/07/22 15:51:23:984  INFO:   Setting the radio board transmit power to level 0x7.
2013/07/22 15:51:23:987  INFO:   Radio board power level set to 7.
2013/07/22 15:51:23:988  ACTION: Setting radio board configuration for hybrid.
2013/07/22 15:51:23:988  ACTION: Set radio board to DIO inverting mode.
2013/07/22 15:51:23:988  ACTION: Write PRB FPGA: Address=0x3012 Data=0x01
2013/07/22 15:51:23:991  ACTION: PRB Set Link Data Rate: Slow
2013/07/22 15:51:23:993  ACTION: Read PRB FPGA: Address=0x1004 Data=0x00
2013/07/22 15:51:23:993  ACTION: Write PRB FPGA: Address=0x1004 Data=0x00
2013/07/22 15:51:23:996  ACTION: Scanning for devices, primary scan duration = 9 sec, secondary scan duration = 2 sec
2013/07/22 15:51:35:168  INFO:   Primary scan device IDs: No devices found
2013/07/22 15:51:39:327  INFO:   Secondary scan device IDs: 0x801C0094 
2013/07/22 15:51:39:329  EVENT:  Device ID List, ID[17]
                                 DeviceID[0] : ID 0x801C0094 (Model 0, Serial 148, SW Version 7, Is Implanted)
2013/07/22 15:51:39:330  STATE:  Changing state to ScriptExecStateMachine.WaitForNextCmdState, ID[1]
2013/07/22 15:51:39:330  INFO:   STATE EXITED: SMLibrary.Dvt.IcdCmd+ScanState
2013/07/22 15:51:39:345  INFO:   EXECUTING STATE: SMLibrary.Dvt.IcdCmd+ConnectState Timeout: 00:00:24
2013/07/22 15:51:39:345  EVENT:  SCRIPT-EXEC:EXEC-STATE - TES.Dvt.ScriptExecStateMachine, ID[11]
2013/07/22 15:51:39:345  STATE:  Changing state to ScriptExecStateMachine.ExecState, ID[4]
2013/07/22 15:51:39:345  ACTION: PRB Set Link Data Rate: Slow
2013/07/22 15:51:39:348  ACTION: Read PRB FPGA: Address=0x1004 Data=0x00
2013/07/22 15:51:39:348  ACTION: Write PRB FPGA: Address=0x1004 Data=0x00
2013/07/22 15:51:39:351  ACTION: Connecting to device ID 0x801C0094 (Model 0, Serial 148, SW Version 7, Is Implanted)
2013/07/22 15:51:42:742  INFO:   Registering the ICD session delegates
2013/07/22 15:51:42:742  EVENT:  Connect Succeeded, ID[19]
2013/07/22 15:51:42:742  INFO:   STATE EXITED: SMLibrary.Dvt.IcdCmd+ConnectState
2013/07/22 15:51:42:742  STATE:  Changing state to ScriptExecStateMachine.WaitForNextCmdState, ID[1]
2013/07/22 15:51:42:746  INFO:   EXECUTING STATE MACHINE: SMLibrary.ReadSM Timeout: 00:00:01.3120000
2013/07/22 15:51:42:746  EVENT:  SCRIPT-EXEC:EXEC-SM - TES.Dvt.ScriptExecStateMachine, ID[9]
2013/07/22 15:51:42:746  STATE:  Changing state to ScriptExecStateMachine.ExecStateMachineWithCustomExitEventsState, ID[2]
2013/07/22 15:51:42:747  STATE:  Changing state to ReadSM.ReadingState, ID[8]
2013/07/22 15:51:42:748  ACTION: READ_FROM_16_BIT_ADDR_WITH_CRC32, Address=SYS_ERRORS(0xF56C) Length=1
2013/07/22 15:51:42:818  EVENT:  Command Completed, ID[23], Command=0x82 (READ_FROM_16_BIT_ADDR_WITH_CRC32), CRC32=0xE69CA3FE, Data=0xB0
2013/07/22 15:51:42:819  EVENT:  Read Memory Complete, ID[24]
2013/07/22 15:51:42:820  STATE:  Changing state to ReadSM.IdleState, ID[6]
2013/07/22 15:51:42:820  STATE:  Changing state to ScriptExecStateMachine.WaitForNextCmdState, ID[1]
2013/07/22 15:51:42:820  INFO:   STATE MACHINE EXITED: SMLibrary.ReadSM
2013/07/22 15:51:42:824  INFO:   EXECUTING STATE: IronPython.NewTypes.System.Object#IScriptExecState_5$5 Timeout: 00:00:02
2013/07/22 15:51:42:824  EVENT:  SCRIPT-EXEC:EXEC-STATE - TES.Dvt.ScriptExecStateMachine, ID[11]
2013/07/22 15:51:42:824  STATE:  Changing state to ScriptExecStateMachine.ExecState, ID[4]
2013/07/22 15:51:42:825  ACTION: Return Last Command
2013/07/22 15:51:42:853  EVENT:  Marker (Device Summary), ID[26], Timestamp=0xFB[full:not set], Data[0]=0x00, Data[1]=0x40 DynamicShockPolarity=HVA_POSITIVE SystemErrorOccurred 
2013/07/22 15:51:42:866  EVENT:  Command Completed, ID[27], Command=0x60 (Return Last Command), time since last CMDCompleted: 49 ms,
                                 0x00 : 82801C00 94   
2013/07/22 15:51:42:874  INFO:   EXECUTING STATE MACHINE: SMLibrary.ReadSM Timeout: 00:00:01.3120000
2013/07/22 15:51:42:874  EVENT:  SCRIPT-EXEC:EXEC-SM - TES.Dvt.ScriptExecStateMachine, ID[9]
2013/07/22 15:51:42:881  ERROR:  TES.StateMachineException - Exception while processing event (Command Completed) in TES.Dvt.ScriptExecStateMachine.ExecState, ID[4]
                                 Stack Trace:
                                    at TES.EventSink.dispatchEvents(IStateMachine sm)
                                    at SMLibrary.Dvt.FwDvtSystem.ScriptEngineProcedure.runTestProcedure()
                                    at TES.TestProcedure.runATestProcedure()
                                    at TES.TestProcedure.run()
                                 Inner Exception: Microsoft.Scripting.ArgumentTypeException - CMDCompleted() takes at least 2 arguments (1 given)
                                 Inner Exception Stack Trace:
                                    at Microsoft.Scripting.Interpreter.ThrowInstruction.Run(InterpretedFrame frame)
                                    at Microsoft.Scripting.Interpreter.Interpreter.Run(InterpretedFrame frame)
                                    at Microsoft.Scripting.Interpreter.LightLambda.Run4[T0,T1,T2,T3,TRet](T0 arg0, T1 arg1, T2 arg2, T3 arg3)
                                    at System.Dynamic.UpdateDelegates.UpdateAndExecute3[T0,T1,T2,TRet](CallSite site, T0 arg0, T1 arg1, T2 arg2)
                                    at IronPython.Runtime.Types.PythonType.GetPythonType(CallSite site, CodeContext context, Object type, Object instance)
                                    at IronPython.Compiler.Ast.CallExpression.Invoke1Instruction.Run(InterpretedFrame frame)
                                    at Microsoft.Scripting.Interpreter.Interpreter.Run(InterpretedFrame frame)
                                    at Microsoft.Scripting.Interpreter.LightLambda.Run4[T0,T1,T2,T3,TRet](T0 arg0, T1 arg1, T2 arg2, T3 arg3)
                                    at IronPython.Runtime.FunctionCaller`3.Call3(CallSite site, CodeContext context, Object func, T0 arg0, T1 arg1, T2 arg2)
                                    at IronPython.Runtime.Method.MethodBinding`2.SelfTarget(CallSite site, CodeContext context, Object target, T0 arg0, T1 arg1)
                                    at IronPython.NewTypes.System.Object#IScriptExecState_5$5.processEvent(StateMachine owner, Event ev)
                                    at TES.Dvt.ScriptExecStateMachine.ExecState.processEvent(StateMachine owner, Event ev)
                                    at TES.StateMachine.process(Event ev)
                                    at TES.EventSink.dispatchEvents(IStateMachine sm)
2013/07/22 15:51:42:882  INFO:   Testcase Summary:
2013/07/22 15:51:42:883  RESULT: Test Procedure ScriptEngineProcedure (FAILED)
2013/07/22 15:51:42:883  INFO:   Procedure Runtime = 00:00:19
2013/07/22 15:51:43:741  INFO:   Enabling the timestamp/interval calculations
2013/07/22 15:51:43:743  EVENT:  Marker (Device Summary), ID[30], Timestamp=0x6E[full:110], Data[0]=0x00, Data[1]=0x40 DynamicShockPolarity=HVA_POSITIVE SystemErrorOccurred 
2013/07/22 15:51:44:462  EVENT:  Marker (Two Second), ID[31], Timestamp=0xC9[full:201]
2013/07/22 15:51:44:747  EVENT:  Marker (Device Summary), ID[32], Timestamp=0xEE[full:238], Data[0]=0x00, Data[1]=0x40 DynamicShockPolarity=HVA_POSITIVE SystemErrorOccurred 
2013/07/22 15:51:44:833  EVENT:  State (TES.Dvt.ScriptExecStateMachine, ID[0]) Timed Out, ID[25]
2013/07/22 15:51:45:748  EVENT:  Marker (Device Summary), ID[33], Timestamp=0x6E[full:366], Data[0]=0x00, Data[1]=0x40 DynamicShockPolarity=HVA_POSITIVE SystemErrorOccurred 
2013/07/22 15:51:46:452  EVENT:  Marker (Two Second), ID[34], Timestamp=0xC9[full:457]
2013/07/22 15:51:46:747  EVENT:  Marker (Device Summary), ID[35], Timestamp=0xEE[full:494], Data[0]=0x00, Data[1]=0x40 DynamicShockPolarity=HVA_POSITIVE SystemErrorOccurred 
2013/07/22 15:51:47:752  EVENT:  Marker (Device Summary), ID[36], Timestamp=0x6E[full:622], Data[0]=0x00, Data[1]=0x40 DynamicShockPolarity=HVA_POSITIVE SystemErrorOccurred 
2013/07/22 15:51:48:452  EVENT:  Marker (Two Second), ID[37], Timestamp=0xC9[full:713]
2013/07/22 15:51:48:737  EVENT:  Marker (Device Summary), ID[38], Timestamp=0xEE[full:750], Data[0]=0x00, Data[1]=0x40 DynamicShockPolarity=HVA_POSITIVE SystemErrorOccurred 
