2013/07/19 15:09:20:695  INFO:   Loaded Symbol File C:\ISV System\Config\FirmwareSymbols\build178.sym for firmware Build #178
2013/07/19 15:09:20:709  INFO:   CommunicationSystemLog properties: .\CommunicationSystem.logger.properties
2013/07/19 15:09:20:709  INFO:   CommunicationSystemLog log       : .\logs\systemBerScriptLog 2013.07.19 15.09.20_CommunicationSystem.Log
2013/07/19 15:09:24:467  INFO:   Setting the event sink for ScriptEngineProcedure
2013/07/19 15:09:24:467  INFO:   Program parameters checks are enabled
2013/07/19 15:09:24:472  INFO:   ********************************************************************************
2013/07/19 15:09:24:472  INFO:   Starting ScriptEngineProcedure, Assembly  version 
2013/07/19 15:09:24:476  INFO:   Config: ICD (NCommunicationSystem ver: nCommunicationSystem, Version=1.8.2.1, Culture=neutral, PublicKeyToken=56b5378c99c0bcfd; FTDI Driver ver: 2.08.24.0; PRB FPGA ver: 18)
2013/07/19 15:09:24:476  INFO:   Setting the radio board transmit power to level 0x7.
2013/07/19 15:09:24:479  INFO:   Radio board power level set to 7.
2013/07/19 15:09:24:480  INFO:   ECG Timeout Interval set to 10 seconds.
2013/07/19 15:09:24:481  STATE:  Changing state to ScriptExecStateMachine.WaitForNextCmdState, ID[1]
2013/07/19 15:09:24:481  INFO:   FwDvtSystem Started the event processing thread
2013/07/19 15:09:24:511  ACTION: Read PRB FPGA: Address=0x3000 Data=0x12
2013/07/19 15:09:24:516  RESULT: FPGA 0x3000 Expected: 18 Actual: 18
2013/07/19 15:09:24:519  ACTION: Calibrate CC1020
2013/07/19 15:09:24:613  INFO:   CC1020 calibration passed
2013/07/19 15:09:24:621  ACTION: Read C1020: Address 0x04 Data=0x35
2013/07/19 15:09:24:626  ACTION: Read C1020: Address 0x05 Data=0xF0
2013/07/19 15:09:24:629  ACTION: Read C1020: Address 0x06 Data=0x21
2013/07/19 15:09:24:632  ACTION: Read C1020: Address 0x07 Data=0x38
2013/07/19 15:09:24:636  ACTION: Read C1020: Address 0x08 Data=0x35
2013/07/19 15:09:24:639  ACTION: Read C1020: Address 0x09 Data=0xFA
2013/07/19 15:09:24:642  ACTION: Read C1020: Address 0x0A Data=0xCB
2013/07/19 15:09:24:646  ACTION: Read C1020: Address 0x0B Data=0x38
2013/07/19 15:09:24:649  ACTION: Read C1020: Address 0x1D Data=0x00
2013/07/19 15:09:24:652  ACTION: Read C1020: Address 0x45 Data=0x6C
2013/07/19 15:09:24:656  ACTION: Read C1020: Address 0x46 Data=0x66
2013/07/19 15:09:24:659  ACTION: Read C1020: Address 0x47 Data=0x44
2013/07/19 15:09:24:669  ACTION: Read PRB FPGA: Address=0x305E Data=0x35
2013/07/19 15:09:24:672  ACTION: Read PRB FPGA: Address=0x3060 Data=0xD8
2013/07/19 15:09:24:675  ACTION: Read PRB FPGA: Address=0x3062 Data=0x15
2013/07/19 15:09:24:682  ACTION: Read PRB FPGA: Address=0x3066 Data=0x35
2013/07/19 15:09:24:685  ACTION: Read PRB FPGA: Address=0x3068 Data=0xE2
2013/07/19 15:09:24:688  ACTION: Read PRB FPGA: Address=0x306A Data=0xBF
2013/07/19 15:09:24:690  ACTION: Write PRB FPGA: Address=0x1026 Data=0x00
2013/07/19 15:09:24:696  INFO:   EXECUTING STATE: SMLibrary.Dvt.IcdCmd+ScanState Timeout: 00:00:30
2013/07/19 15:09:24:697  EVENT:  SCRIPT-EXEC:EXEC-STATE - TES.Dvt.ScriptExecStateMachine, ID[11]
2013/07/19 15:09:24:698  STATE:  Changing state to ScriptExecStateMachine.ExecState, ID[4]
2013/07/19 15:09:24:699  INFO:   Setting the radio board transmit power to level 0x7.
2013/07/19 15:09:24:702  INFO:   Radio board power level set to 7.
2013/07/19 15:09:24:703  ACTION: Setting radio board configuration for hybrid.
2013/07/19 15:09:24:703  ACTION: Set radio board to DIO inverting mode.
2013/07/19 15:09:24:703  ACTION: Write PRB FPGA: Address=0x3012 Data=0x01
2013/07/19 15:09:24:707  ACTION: PRB Set Link Data Rate: Slow
2013/07/19 15:09:24:710  ACTION: Read PRB FPGA: Address=0x1004 Data=0x00
2013/07/19 15:09:24:710  ACTION: Write PRB FPGA: Address=0x1004 Data=0x00
2013/07/19 15:09:24:713  ACTION: Scanning for devices, primary scan duration = 9 sec, secondary scan duration = 2 sec
2013/07/19 15:09:35:892  INFO:   Primary scan device IDs: 0x801C0094 0x802004F2 
2013/07/19 15:09:40:050  INFO:   Secondary scan device IDs: 0x00100508 0x802004F2 0x80201085 0x801C0094 
2013/07/19 15:09:40:053  EVENT:  Device ID List, ID[17]
                                 DeviceID[0] : ID 0x00100508 (Model 0, Serial 1288, SW Version 4, Is Not Implanted)
                                 DeviceID[1] : ID 0x80201085 (Model 0, Serial 4229, SW Version 8, Is Implanted)
                                 DeviceID[2] : ID 0x801C0094 (Model 0, Serial 148, SW Version 7, Is Implanted)
                                 DeviceID[3] : ID 0x802004F2 (Model 0, Serial 1266, SW Version 8, Is Implanted)
2013/07/19 15:09:40:053  STATE:  Changing state to ScriptExecStateMachine.WaitForNextCmdState, ID[1]
2013/07/19 15:09:40:053  INFO:   STATE EXITED: SMLibrary.Dvt.IcdCmd+ScanState
2013/07/19 15:09:40:064  INFO:   EXECUTING STATE: SMLibrary.Dvt.IcdCmd+ConnectState Timeout: 00:00:24
2013/07/19 15:09:40:064  EVENT:  SCRIPT-EXEC:EXEC-STATE - TES.Dvt.ScriptExecStateMachine, ID[11]
2013/07/19 15:09:40:064  STATE:  Changing state to ScriptExecStateMachine.ExecState, ID[4]
2013/07/19 15:09:40:064  ACTION: PRB Set Link Data Rate: Slow
2013/07/19 15:09:40:068  ACTION: Read PRB FPGA: Address=0x1004 Data=0x00
2013/07/19 15:09:40:068  ACTION: Write PRB FPGA: Address=0x1004 Data=0x00
2013/07/19 15:09:40:075  ACTION: Connecting to device ID 0x801C0094 (Model 0, Serial 148, SW Version 7, Is Implanted)
2013/07/19 15:09:43:227  INFO:   Registering the ICD session delegates
2013/07/19 15:09:43:227  EVENT:  Connect Succeeded, ID[19]
2013/07/19 15:09:43:227  STATE:  Changing state to ScriptExecStateMachine.WaitForNextCmdState, ID[1]
2013/07/19 15:09:43:227  INFO:   STATE EXITED: SMLibrary.Dvt.IcdCmd+ConnectState
2013/07/19 15:09:43:230  INFO:   EXECUTING STATE MACHINE: SMLibrary.ReadSM Timeout: 00:00:01.3120000
2013/07/19 15:09:43:230  EVENT:  SCRIPT-EXEC:EXEC-SM - TES.Dvt.ScriptExecStateMachine, ID[9]
2013/07/19 15:09:43:230  STATE:  Changing state to ScriptExecStateMachine.ExecStateMachineWithCustomExitEventsState, ID[2]
2013/07/19 15:09:43:231  STATE:  Changing state to ReadSM.ReadingState, ID[8]
2013/07/19 15:09:43:232  ACTION: READ_FROM_16_BIT_ADDR_WITH_CRC32, Address=SYS_ERRORS(0xF56C) Length=1
2013/07/19 15:09:43:303  EVENT:  Command Completed, ID[23], Command=0x82 (READ_FROM_16_BIT_ADDR_WITH_CRC32), CRC32=0xE69CA3FE, Data=0xB0
2013/07/19 15:09:43:304  EVENT:  Read Memory Complete, ID[24]
2013/07/19 15:09:43:304  STATE:  Changing state to ReadSM.IdleState, ID[6]
2013/07/19 15:09:43:304  STATE:  Changing state to ScriptExecStateMachine.WaitForNextCmdState, ID[1]
2013/07/19 15:09:43:304  INFO:   STATE MACHINE EXITED: SMLibrary.ReadSM
2013/07/19 15:09:43:306  INFO:   EXECUTING STATE MACHINE: SMLibrary.ReadSM Timeout: 00:00:01.3120000
2013/07/19 15:09:43:306  EVENT:  SCRIPT-EXEC:EXEC-SM - TES.Dvt.ScriptExecStateMachine, ID[9]
2013/07/19 15:09:43:306  STATE:  Changing state to ScriptExecStateMachine.ExecStateMachineWithCustomExitEventsState, ID[2]
2013/07/19 15:09:43:306  STATE:  Changing state to ReadSM.ReadingState, ID[9]
2013/07/19 15:09:43:306  ACTION: READ_FROM_16_BIT_ADDR_WITH_CRC32, Address=SYS_ERRORS(0xF56C) Length=1
2013/07/19 15:09:43:341  EVENT:  Marker (Device Summary), ID[28], Timestamp=0x75[full:not set], Data[0]=0x00, Data[1]=0x40 DynamicShockPolarity=HVA_POSITIVE SystemErrorOccurred 
2013/07/19 15:09:43:368  EVENT:  Command Completed, ID[29], Command=0x82 (READ_FROM_16_BIT_ADDR_WITH_CRC32), time since last CMDCompleted: 66 ms, CRC32=0xE69CA3FE, Data=0xB0
2013/07/19 15:09:43:368  EVENT:  Read Memory Complete, ID[30]
2013/07/19 15:09:43:368  STATE:  Changing state to ReadSM.IdleState, ID[6]
2013/07/19 15:09:43:368  STATE:  Changing state to ScriptExecStateMachine.WaitForNextCmdState, ID[1]
2013/07/19 15:09:43:368  INFO:   STATE MACHINE EXITED: SMLibrary.ReadSM
2013/07/19 15:09:43:369  ACTION: Return Last Command
2013/07/19 15:09:43:383  ACTION: Return Last Command
2013/07/19 15:09:43:385  ACTION: Read PRB EEPROM: Address=0x80 Data=0x00
2013/07/19 15:09:43:386  ACTION: Read PRB EEPROM: Address=0x81 Data=0x07
2013/07/19 15:09:43:387  ACTION: Read PRB EEPROM: Address=0x82 Data=0x00
2013/07/19 15:09:43:387  ACTION: Read PRB EEPROM: Address=0x83 Data=0x00
2013/07/19 15:09:43:388  ACTION: Read PRB EEPROM: Address=0x84 Data=0x01
2013/07/19 15:09:43:389  ACTION: Read PRB EEPROM: Address=0x85 Data=0x20
2013/07/19 15:09:43:390  ACTION: Read PRB EEPROM: Address=0x86 Data=0x01
2013/07/19 15:09:43:391  ACTION: Read PRB EEPROM: Address=0x87 Data=0xCD
2013/07/19 15:09:43:392  ACTION: Read PRB EEPROM: Address=0x88 Data=0x43
2013/07/19 15:09:43:393  ACTION: Read PRB EEPROM: Address=0x89 Data=0x94
2013/07/19 15:09:43:394  ACTION: Read PRB EEPROM: Address=0x8A Data=0xA4
2013/07/19 15:09:43:395  ACTION: Read PRB EEPROM: Address=0x8B Data=0x23
2013/07/19 15:09:43:396  ACTION: Read PRB EEPROM: Address=0x8C Data=0x1F
2013/07/19 15:09:43:397  ACTION: Read PRB EEPROM: Address=0xA8 Data=0x07
2013/07/19 15:09:43:398  ACTION: Read PRB EEPROM: Address=0xA9 Data=0x03
2013/07/19 15:09:43:403  INFO:   EXECUTING STATE: IronPython.NewTypes.System.Object#IScriptExecState_5$5 Timeout: 00:00:02
2013/07/19 15:09:43:403  EVENT:  SCRIPT-EXEC:EXEC-STATE - TES.Dvt.ScriptExecStateMachine, ID[11]
2013/07/19 15:09:43:403  STATE:  Changing state to ScriptExecStateMachine.ExecState, ID[4]
2013/07/19 15:09:43:404  ACTION: Break Link
2013/07/19 15:09:43:414  EVENT:  Command Completed, ID[32], Command=0x60 (Return Last Command), time since last CMDCompleted: 46 ms,
                                 0x00 : 92801C00 94   
2013/07/19 15:09:43:443  EVENT:  Command Completed, ID[33], Command=0x60 (Return Last Command), time since last CMDCompleted: 29 ms,
                                 0x00 : 92801C00 94   
2013/07/19 15:09:43:607  INFO:   Unregistering the ICD session delegates
2013/07/19 15:09:43:607  EVENT:  Command Completed, ID[34], Command=0xE4 (Break Link), time since last CMDCompleted: 164 ms
2013/07/19 15:09:43:767  EVENT:  Disconnected, ID[35], clean
2013/07/19 15:09:43:767  STATE:  Changing state to ScriptExecStateMachine.WaitForNextCmdState, ID[1]
2013/07/19 15:09:43:767  INFO:   STATE EXITED: IronPython.NewTypes.System.Object#IScriptExecState_5$5
2013/07/19 15:09:48:772  EVENT:  SCRIPT-EXEC:EXIT - TES.Dvt.ScriptExecStateMachine, ID[8]
2013/07/19 15:09:48:772  INFO:   Terminating ScriptEngineProcedure
2013/07/19 15:09:48:772  EVENT:  Terminate Dispatch, ID[36]
2013/07/19 15:09:48:772  EVENT:  TES.Dvt.ScriptExecStateMachine.DoneEvent, ID[6]
2013/07/19 15:09:48:772  STATE:  Changing state to ScriptExecStateMachine.IdleState, ID[6]
2013/07/19 15:09:48:782  INFO:   ScriptEngineProcedure Completed
2013/07/19 15:09:48:783  INFO:   Testcase Summary:
2013/07/19 15:09:48:783  RESULT: Test Procedure ScriptEngineProcedure (FAILED)
2013/07/19 15:09:48:783  INFO:   Procedure Runtime = 00:00:24
2013/07/19 15:09:48:789  INFO:   The event dispatch thread ScriptEngineProcedure exited.
