2013/07/22 13:46:44:584  INFO:   Loaded Symbol File C:\ISV System\Config\FirmwareSymbols\build178.sym for firmware Build #178
2013/07/22 13:46:44:598  INFO:   CommunicationSystemLog properties: .\CommunicationSystem.logger.properties
2013/07/22 13:46:44:598  INFO:   CommunicationSystemLog log       : .\logs\systemBerScriptLog 2013.07.22 13.46.44_CommunicationSystem.Log
2013/07/22 13:46:48:361  INFO:   Setting the event sink for ScriptEngineProcedure
2013/07/22 13:46:48:361  INFO:   Program parameters checks are enabled
2013/07/22 13:46:48:365  INFO:   ********************************************************************************
2013/07/22 13:46:48:365  INFO:   Starting ScriptEngineProcedure, Assembly  version 
2013/07/22 13:46:48:370  INFO:   Config: ICD (NCommunicationSystem ver: nCommunicationSystem, Version=1.8.2.1, Culture=neutral, PublicKeyToken=56b5378c99c0bcfd; FTDI Driver ver: 2.08.24.0; PRB FPGA ver: 7)
2013/07/22 13:46:48:370  INFO:   Setting the radio board transmit power to level 0x7.
2013/07/22 13:46:48:374  INFO:   Radio board power level set to 7.
2013/07/22 13:46:48:374  INFO:   ECG Timeout Interval set to 10 seconds.
2013/07/22 13:46:48:375  STATE:  Changing state to ScriptExecStateMachine.WaitForNextCmdState, ID[1]
2013/07/22 13:46:48:375  INFO:   FwDvtSystem Started the event processing thread
2013/07/22 13:46:48:405  ACTION: Read PRB FPGA: Address=0x3000 Data=0x07
2013/07/22 13:46:48:409  RESULT: FPGA 0x3000 Expected: 18 Actual: 7
2013/07/22 13:46:48:411  RESULT: ERROR Expected: 18 Actual: 7
2013/07/22 13:46:48:412  ACTION: Calibrate CC1020
2013/07/22 13:46:48:503  INFO:   CC1020 calibration passed
2013/07/22 13:46:48:511  ACTION: Read C1020: Address 0x04 Data=0x35
2013/07/22 13:46:48:516  ACTION: Read C1020: Address 0x05 Data=0xF0
2013/07/22 13:46:48:519  ACTION: Read C1020: Address 0x06 Data=0x21
2013/07/22 13:46:48:523  ACTION: Read C1020: Address 0x07 Data=0x38
2013/07/22 13:46:48:526  ACTION: Read C1020: Address 0x08 Data=0x35
2013/07/22 13:46:48:530  ACTION: Read C1020: Address 0x09 Data=0xFA
2013/07/22 13:46:48:533  ACTION: Read C1020: Address 0x0A Data=0xCB
2013/07/22 13:46:48:536  ACTION: Read C1020: Address 0x0B Data=0x38
2013/07/22 13:46:48:540  ACTION: Read C1020: Address 0x1D Data=0x00
2013/07/22 13:46:48:543  ACTION: Read C1020: Address 0x45 Data=0x4C
2013/07/22 13:46:48:546  ACTION: Read C1020: Address 0x46 Data=0x66
2013/07/22 13:46:48:550  ACTION: Read C1020: Address 0x47 Data=0x44
2013/07/22 13:46:48:560  ACTION: Read PRB FPGA: Address=0x305E Data=0x00
2013/07/22 13:46:48:563  ACTION: Read PRB FPGA: Address=0x3060 Data=0x00
2013/07/22 13:46:48:566  ACTION: Read PRB FPGA: Address=0x3062 Data=0x00
2013/07/22 13:46:48:573  ACTION: Read PRB FPGA: Address=0x3066 Data=0x00
2013/07/22 13:46:48:576  ACTION: Read PRB FPGA: Address=0x3068 Data=0x00
2013/07/22 13:46:48:579  ACTION: Read PRB FPGA: Address=0x306A Data=0x00
2013/07/22 13:46:48:580  ACTION: Write PRB FPGA: Address=0x1026 Data=0x00
2013/07/22 13:46:48:586  INFO:   EXECUTING STATE: SMLibrary.Dvt.IcdCmd+ScanState Timeout: 00:00:30
2013/07/22 13:46:48:587  EVENT:  SCRIPT-EXEC:EXEC-STATE - TES.Dvt.ScriptExecStateMachine, ID[11]
2013/07/22 13:46:48:588  STATE:  Changing state to ScriptExecStateMachine.ExecState, ID[4]
2013/07/22 13:46:48:589  INFO:   Setting the radio board transmit power to level 0x7.
2013/07/22 13:46:48:592  INFO:   Radio board power level set to 7.
2013/07/22 13:46:48:593  ACTION: Setting radio board configuration for hybrid.
2013/07/22 13:46:48:593  ACTION: Set radio board to DIO inverting mode.
2013/07/22 13:46:48:593  ACTION: Write PRB FPGA: Address=0x3012 Data=0x01
2013/07/22 13:46:48:597  ACTION: PRB Set Link Data Rate: Slow
2013/07/22 13:46:48:599  ACTION: Read PRB FPGA: Address=0x1004 Data=0x00
2013/07/22 13:46:48:599  ACTION: Write PRB FPGA: Address=0x1004 Data=0x00
2013/07/22 13:46:48:602  ACTION: Scanning for devices, primary scan duration = 9 sec, secondary scan duration = 2 sec
2013/07/22 13:46:59:782  INFO:   Primary scan device IDs: 0x801C0094 
2013/07/22 13:47:03:940  INFO:   Secondary scan device IDs: 0x801C0094 
2013/07/22 13:47:03:942  EVENT:  Device ID List, ID[17]
                                 DeviceID[0] : ID 0x801C0094 (Model 0, Serial 148, SW Version 7, Is Implanted)
2013/07/22 13:47:03:943  STATE:  Changing state to ScriptExecStateMachine.WaitForNextCmdState, ID[1]
2013/07/22 13:47:03:943  INFO:   STATE EXITED: SMLibrary.Dvt.IcdCmd+ScanState
2013/07/22 13:47:03:952  INFO:   EXECUTING STATE: SMLibrary.Dvt.IcdCmd+ConnectState Timeout: 00:00:24
2013/07/22 13:47:03:952  EVENT:  SCRIPT-EXEC:EXEC-STATE - TES.Dvt.ScriptExecStateMachine, ID[11]
2013/07/22 13:47:03:953  STATE:  Changing state to ScriptExecStateMachine.ExecState, ID[4]
2013/07/22 13:47:03:953  ACTION: PRB Set Link Data Rate: Slow
2013/07/22 13:47:03:956  ACTION: Read PRB FPGA: Address=0x1004 Data=0x00
2013/07/22 13:47:03:956  ACTION: Write PRB FPGA: Address=0x1004 Data=0x00
2013/07/22 13:47:03:959  ACTION: Connecting to device ID 0x801C0094 (Model 0, Serial 148, SW Version 7, Is Implanted)
2013/07/22 13:47:06:530  INFO:   Registering the ICD session delegates
2013/07/22 13:47:06:530  EVENT:  Connect Succeeded, ID[19]
2013/07/22 13:47:06:531  STATE:  Changing state to ScriptExecStateMachine.WaitForNextCmdState, ID[1]
2013/07/22 13:47:06:531  INFO:   STATE EXITED: SMLibrary.Dvt.IcdCmd+ConnectState
2013/07/22 13:47:06:539  INFO:   EXECUTING STATE MACHINE: SMLibrary.ReadSM Timeout: 00:00:01.3120000
2013/07/22 13:47:06:539  EVENT:  SCRIPT-EXEC:EXEC-SM - TES.Dvt.ScriptExecStateMachine, ID[9]
2013/07/22 13:47:06:539  STATE:  Changing state to ScriptExecStateMachine.ExecStateMachineWithCustomExitEventsState, ID[2]
2013/07/22 13:47:06:540  STATE:  Changing state to ReadSM.ReadingState, ID[8]
2013/07/22 13:47:06:540  ACTION: READ_FROM_16_BIT_ADDR_WITH_CRC32, Address=SYS_ERRORS(0xF56C) Length=1
2013/07/22 13:47:06:605  EVENT:  Command Completed, ID[23], Command=0x82 (READ_FROM_16_BIT_ADDR_WITH_CRC32), CRC32=0xE69CA3FE, Data=0xB0
2013/07/22 13:47:06:607  EVENT:  Read Memory Complete, ID[24]
2013/07/22 13:47:06:607  STATE:  Changing state to ReadSM.IdleState, ID[6]
2013/07/22 13:47:06:607  STATE:  Changing state to ScriptExecStateMachine.WaitForNextCmdState, ID[1]
2013/07/22 13:47:06:607  INFO:   STATE MACHINE EXITED: SMLibrary.ReadSM
2013/07/22 13:47:06:610  ACTION: Return Last Command
2013/07/22 13:47:06:611  INFO:   EXECUTING STATE MACHINE: SMLibrary.ReadSM Timeout: 00:00:01.3120000
2013/07/22 13:47:06:611  EVENT:  SCRIPT-EXEC:EXEC-SM - TES.Dvt.ScriptExecStateMachine, ID[9]
2013/07/22 13:47:06:611  STATE:  Changing state to ScriptExecStateMachine.ExecStateMachineWithCustomExitEventsState, ID[2]
2013/07/22 13:47:06:611  STATE:  Changing state to ReadSM.ReadingState, ID[9]
2013/07/22 13:47:06:611  ACTION: READ_FROM_16_BIT_ADDR_WITH_CRC32, Address=SYS_ERRORS(0xF56C) Length=1
2013/07/22 13:47:06:644  EVENT:  Marker (Device Summary), ID[28], Timestamp=0xF5[full:not set], Data[0]=0x00, Data[1]=0x40 DynamicShockPolarity=HVA_POSITIVE SystemErrorOccurred 
2013/07/22 13:47:06:656  EVENT:  Command Completed, ID[29], Command=0x60 (Return Last Command), time since last CMDCompleted: 52 ms,
                                 0x00 : 82801C00 94   
2013/07/22 13:47:06:656  EVENT:  Read Memory Failed, ID[30]
2013/07/22 13:47:06:656  STATE:  Changing state to ReadSM.IdleState, ID[6]
2013/07/22 13:47:06:656  STATE:  Changing state to ScriptExecStateMachine.WaitForNextCmdState, ID[1]
2013/07/22 13:47:06:656  INFO:   STATE MACHINE EXITED: SMLibrary.ReadSM
2013/07/22 13:47:06:659  EVENT:  SCRIPT-EXEC:EXIT - TES.Dvt.ScriptExecStateMachine, ID[8]
2013/07/22 13:47:06:660  INFO:   Terminating ScriptEngineProcedure
2013/07/22 13:47:06:660  EVENT:  Terminate Dispatch, ID[31]
2013/07/22 13:47:06:660  EVENT:  TES.Dvt.ScriptExecStateMachine.DoneEvent, ID[6]
2013/07/22 13:47:06:660  STATE:  Changing state to ScriptExecStateMachine.IdleState, ID[6]
2013/07/22 13:47:06:669  INFO:   ScriptEngineProcedure Completed
2013/07/22 13:47:06:669  INFO:   Testcase Summary:
2013/07/22 13:47:06:670  RESULT: Test Procedure ScriptEngineProcedure (FAILED)
2013/07/22 13:47:06:670  INFO:   Procedure Runtime = 00:00:18
2013/07/22 13:47:06:677  INFO:   The event dispatch thread ScriptEngineProcedure exited.
