2013/07/29 11:57:32:819  INFO:   Loaded Symbol File C:\ISV System\Config\FirmwareSymbols\build178.sym for firmware Build #178
2013/07/29 11:57:32:834  INFO:   CommunicationSystemLog properties: .\CommunicationSystem.logger.properties
2013/07/29 11:57:32:834  INFO:   CommunicationSystemLog log       : .\logs\systemBerScriptLog 2013.07.29 11.57.32_CommunicationSystem.Log
2013/07/29 11:57:36:592  INFO:   Setting the event sink for ScriptEngineProcedure
2013/07/29 11:57:36:592  INFO:   Program parameters checks are enabled
2013/07/29 11:57:36:597  INFO:   ********************************************************************************
2013/07/29 11:57:36:597  INFO:   Starting ScriptEngineProcedure, Assembly  version 
2013/07/29 11:57:36:601  INFO:   Config: ICD (NCommunicationSystem ver: nCommunicationSystem, Version=1.8.2.1, Culture=neutral, PublicKeyToken=56b5378c99c0bcfd; FTDI Driver ver: 2.08.24.0; PRB FPGA ver: 7)
2013/07/29 11:57:36:602  INFO:   Setting the radio board transmit power to level 0x7.
2013/07/29 11:57:36:605  INFO:   Radio board power level set to 7.
2013/07/29 11:57:36:605  INFO:   ECG Timeout Interval set to 10 seconds.
2013/07/29 11:57:36:606  STATE:  Changing state to ScriptExecStateMachine.WaitForNextCmdState, ID[1]
2013/07/29 11:57:36:606  INFO:   FwDvtSystem Started the event processing thread
2013/07/29 11:57:36:641  ACTION: Read PRB FPGA: Address=0x3000 Data=0x07
2013/07/29 11:57:36:645  RESULT: FPGA 0x3000 Expected: 18 Actual: 7
2013/07/29 11:57:36:648  RESULT: ERROR Expected: 18 Actual: 7
2013/07/29 11:57:36:648  ACTION: Calibrate CC1020
2013/07/29 11:57:36:738  INFO:   CC1020 calibration passed
2013/07/29 11:57:36:747  ACTION: Read C1020: Address 0x04 Data=0x35
2013/07/29 11:57:36:752  ACTION: Read C1020: Address 0x05 Data=0xF0
2013/07/29 11:57:36:756  ACTION: Read C1020: Address 0x06 Data=0x21
2013/07/29 11:57:36:759  ACTION: Read C1020: Address 0x07 Data=0x38
2013/07/29 11:57:36:762  ACTION: Read C1020: Address 0x08 Data=0x35
2013/07/29 11:57:36:765  ACTION: Read C1020: Address 0x09 Data=0xFA
2013/07/29 11:57:36:769  ACTION: Read C1020: Address 0x0A Data=0xCB
2013/07/29 11:57:36:772  ACTION: Read C1020: Address 0x0B Data=0x38
2013/07/29 11:57:36:775  ACTION: Read C1020: Address 0x1D Data=0x00
2013/07/29 11:57:36:778  ACTION: Read C1020: Address 0x45 Data=0x4C
2013/07/29 11:57:36:781  ACTION: Read C1020: Address 0x46 Data=0x66
2013/07/29 11:57:36:785  ACTION: Read C1020: Address 0x47 Data=0x44
2013/07/29 11:57:36:794  ACTION: Read PRB FPGA: Address=0x305E Data=0x00
2013/07/29 11:57:36:797  ACTION: Read PRB FPGA: Address=0x3060 Data=0x00
2013/07/29 11:57:36:800  ACTION: Read PRB FPGA: Address=0x3062 Data=0x00
2013/07/29 11:57:36:807  ACTION: Read PRB FPGA: Address=0x3066 Data=0x00
2013/07/29 11:57:36:809  ACTION: Read PRB FPGA: Address=0x3068 Data=0x00
2013/07/29 11:57:36:812  ACTION: Read PRB FPGA: Address=0x306A Data=0x00
2013/07/29 11:57:36:814  ACTION: Write PRB FPGA: Address=0x1026 Data=0x00
2013/07/29 11:57:36:820  INFO:   EXECUTING STATE: SMLibrary.Dvt.IcdCmd+ScanState Timeout: 00:00:30
2013/07/29 11:57:36:821  EVENT:  SCRIPT-EXEC:EXEC-STATE - TES.Dvt.ScriptExecStateMachine, ID[11]
2013/07/29 11:57:36:822  STATE:  Changing state to ScriptExecStateMachine.ExecState, ID[4]
2013/07/29 11:57:36:823  INFO:   Setting the radio board transmit power to level 0x7.
2013/07/29 11:57:36:826  INFO:   Radio board power level set to 7.
2013/07/29 11:57:36:827  ACTION: Setting radio board configuration for hybrid.
2013/07/29 11:57:36:827  ACTION: Set radio board to DIO inverting mode.
2013/07/29 11:57:36:827  ACTION: Write PRB FPGA: Address=0x3012 Data=0x01
2013/07/29 11:57:36:831  ACTION: PRB Set Link Data Rate: Slow
2013/07/29 11:57:36:833  ACTION: Read PRB FPGA: Address=0x1004 Data=0x00
2013/07/29 11:57:36:833  ACTION: Write PRB FPGA: Address=0x1004 Data=0x00
2013/07/29 11:57:36:836  ACTION: Scanning for devices, primary scan duration = 9 sec, secondary scan duration = 2 sec
2013/07/29 11:57:48:009  INFO:   Primary scan device IDs: No devices found
2013/07/29 11:57:52:165  INFO:   Secondary scan device IDs: 0x801C0094 
2013/07/29 11:57:52:168  EVENT:  Device ID List, ID[17]
                                 DeviceID[0] : ID 0x801C0094 (Model 0, Serial 148, SW Version 7, Is Implanted)
2013/07/29 11:57:52:168  STATE:  Changing state to ScriptExecStateMachine.WaitForNextCmdState, ID[1]
2013/07/29 11:57:52:168  INFO:   STATE EXITED: SMLibrary.Dvt.IcdCmd+ScanState
2013/07/29 11:57:52:183  INFO:   EXECUTING STATE: SMLibrary.Dvt.IcdCmd+ConnectState Timeout: 00:00:24
2013/07/29 11:57:52:183  EVENT:  SCRIPT-EXEC:EXEC-STATE - TES.Dvt.ScriptExecStateMachine, ID[11]
2013/07/29 11:57:52:183  STATE:  Changing state to ScriptExecStateMachine.ExecState, ID[4]
2013/07/29 11:57:52:183  ACTION: PRB Set Link Data Rate: Slow
2013/07/29 11:57:52:186  ACTION: Read PRB FPGA: Address=0x1004 Data=0x00
2013/07/29 11:57:52:186  ACTION: Write PRB FPGA: Address=0x1004 Data=0x00
2013/07/29 11:57:52:189  ACTION: Connecting to device ID 0x801C0094 (Model 0, Serial 148, SW Version 7, Is Implanted)
2013/07/29 11:57:54:933  INFO:   Registering the ICD session delegates
2013/07/29 11:57:54:933  EVENT:  Connect Succeeded, ID[19]
2013/07/29 11:57:54:933  INFO:   STATE EXITED: SMLibrary.Dvt.IcdCmd+ConnectState
2013/07/29 11:57:54:933  STATE:  Changing state to ScriptExecStateMachine.WaitForNextCmdState, ID[1]
2013/07/29 11:57:54:937  INFO:   EXECUTING STATE MACHINE: SMLibrary.ReadSM Timeout: 00:00:01.3120000
2013/07/29 11:57:54:937  EVENT:  SCRIPT-EXEC:EXEC-SM - TES.Dvt.ScriptExecStateMachine, ID[9]
2013/07/29 11:57:54:937  STATE:  Changing state to ScriptExecStateMachine.ExecStateMachineWithCustomExitEventsState, ID[2]
2013/07/29 11:57:54:938  STATE:  Changing state to ReadSM.ReadingState, ID[8]
2013/07/29 11:57:54:939  ACTION: READ_FROM_16_BIT_ADDR_WITH_CRC32, Address=SYS_ERRORS(0xF56C) Length=1
2013/07/29 11:57:55:009  EVENT:  Command Completed, ID[23], Command=0x82 (READ_FROM_16_BIT_ADDR_WITH_CRC32), CRC32=0xE69CA3FE, Data=0xB0
2013/07/29 11:57:55:011  EVENT:  Read Memory Complete, ID[24]
2013/07/29 11:57:55:011  STATE:  Changing state to ReadSM.IdleState, ID[6]
2013/07/29 11:57:55:011  STATE:  Changing state to ScriptExecStateMachine.WaitForNextCmdState, ID[1]
2013/07/29 11:57:55:011  INFO:   STATE MACHINE EXITED: SMLibrary.ReadSM
2013/07/29 11:57:55:016  INFO:   EXECUTING STATE: IronPython.NewTypes.System.Object#IScriptExecState_5$5 Timeout: 00:00:02
2013/07/29 11:57:55:016  EVENT:  SCRIPT-EXEC:EXEC-STATE - TES.Dvt.ScriptExecStateMachine, ID[11]
2013/07/29 11:57:55:016  STATE:  Changing state to ScriptExecStateMachine.ExecState, ID[4]
2013/07/29 11:57:55:017  ACTION: Return Last Command
2013/07/29 11:57:55:046  EVENT:  Marker (Device Summary), ID[26], Timestamp=0xC8[full:not set], Data[0]=0x00, Data[1]=0x40 DynamicShockPolarity=HVA_POSITIVE SystemErrorOccurred 
2013/07/29 11:57:55:058  EVENT:  Command Completed, ID[27], Command=0x60 (Return Last Command), time since last CMDCompleted: 50 ms,
                                 0x00 : 82801C00 94   
2013/07/29 11:57:55:062  STATE:  Changing state to ScriptExecStateMachine.WaitForNextCmdState, ID[1]
2013/07/29 11:57:55:062  INFO:   STATE EXITED: IronPython.NewTypes.System.Object#IScriptExecState_5$5
2013/07/29 11:57:55:063  INFO:   EXECUTING STATE: IronPython.NewTypes.System.Object#IScriptExecState_5$5 Timeout: 00:00:02
2013/07/29 11:57:55:063  EVENT:  SCRIPT-EXEC:EXEC-STATE - TES.Dvt.ScriptExecStateMachine, ID[11]
2013/07/29 11:57:55:063  STATE:  Changing state to ScriptExecStateMachine.ExecState, ID[4]
2013/07/29 11:57:55:063  ACTION: Return Last Command
2013/07/29 11:57:55:106  EVENT:  Command Completed, ID[29], Command=0x60 (Return Last Command), time since last CMDCompleted: 48 ms,
                                 0x00 : 82801C00 94   
2013/07/29 11:57:55:107  STATE:  Changing state to ScriptExecStateMachine.WaitForNextCmdState, ID[1]
2013/07/29 11:57:55:107  INFO:   STATE EXITED: IronPython.NewTypes.System.Object#IScriptExecState_5$5
2013/07/29 11:57:55:108  INFO:   EXECUTING STATE MACHINE: SMLibrary.ReadSM Timeout: 00:00:01.3120000
2013/07/29 11:57:55:108  EVENT:  SCRIPT-EXEC:EXEC-SM - TES.Dvt.ScriptExecStateMachine, ID[9]
2013/07/29 11:57:55:108  STATE:  Changing state to ScriptExecStateMachine.ExecStateMachineWithCustomExitEventsState, ID[2]
2013/07/29 11:57:55:108  STATE:  Changing state to ReadSM.ReadingState, ID[9]
2013/07/29 11:57:55:108  ACTION: READ_FROM_16_BIT_ADDR_WITH_CRC32, Address=SYS_ERRORS(0xF56C) Length=1
2013/07/29 11:57:55:167  EVENT:  Command Completed, ID[33], Command=0x82 (READ_FROM_16_BIT_ADDR_WITH_CRC32), time since last CMDCompleted: 61 ms, CRC32=0xE69CA3FE, Data=0xB0
2013/07/29 11:57:55:167  EVENT:  Read Memory Complete, ID[34]
2013/07/29 11:57:55:167  STATE:  Changing state to ReadSM.IdleState, ID[6]
2013/07/29 11:57:55:167  STATE:  Changing state to ScriptExecStateMachine.WaitForNextCmdState, ID[1]
2013/07/29 11:57:55:167  INFO:   STATE MACHINE EXITED: SMLibrary.ReadSM
2013/07/29 11:57:55:168  INFO:   EXECUTING STATE: IronPython.NewTypes.System.Object#IScriptExecState_5$5 Timeout: 00:00:02
2013/07/29 11:57:55:168  EVENT:  SCRIPT-EXEC:EXEC-STATE - TES.Dvt.ScriptExecStateMachine, ID[11]
2013/07/29 11:57:55:168  STATE:  Changing state to ScriptExecStateMachine.ExecState, ID[4]
2013/07/29 11:57:55:168  ACTION: Return Last Command
2013/07/29 11:57:55:198  EVENT:  Command Completed, ID[36], Command=0x60 (Return Last Command), time since last CMDCompleted: 31 ms,
                                 0x00 : 92801C00 94   
2013/07/29 11:57:55:199  STATE:  Changing state to ScriptExecStateMachine.WaitForNextCmdState, ID[1]
2013/07/29 11:57:55:199  INFO:   STATE EXITED: IronPython.NewTypes.System.Object#IScriptExecState_5$5
2013/07/29 11:57:55:199  INFO:   EXECUTING STATE MACHINE: SMLibrary.ReadSM Timeout: 00:00:01.3120000
2013/07/29 11:57:55:199  EVENT:  SCRIPT-EXEC:EXEC-SM - TES.Dvt.ScriptExecStateMachine, ID[9]
2013/07/29 11:57:55:199  STATE:  Changing state to ScriptExecStateMachine.ExecStateMachineWithCustomExitEventsState, ID[2]
2013/07/29 11:57:55:199  STATE:  Changing state to ReadSM.ReadingState, ID[10]
2013/07/29 11:57:55:199  ACTION: READ_FROM_16_BIT_ADDR_WITH_CRC32, Address=SYS_ERRORS(0xF56C) Length=1
2013/07/29 11:57:55:244  EVENT:  Command Completed, ID[40], Command=0x82 (READ_FROM_16_BIT_ADDR_WITH_CRC32), time since last CMDCompleted: 46 ms, CRC32=0xE69CA3FE, Data=0xB0
2013/07/29 11:57:55:244  EVENT:  Read Memory Complete, ID[41]
2013/07/29 11:57:55:244  STATE:  Changing state to ReadSM.IdleState, ID[6]
2013/07/29 11:57:55:244  STATE:  Changing state to ScriptExecStateMachine.WaitForNextCmdState, ID[1]
2013/07/29 11:57:55:244  INFO:   STATE MACHINE EXITED: SMLibrary.ReadSM
2013/07/29 11:57:55:244  INFO:   EXECUTING STATE: IronPython.NewTypes.System.Object#IScriptExecState_5$5 Timeout: 00:00:02
2013/07/29 11:57:55:244  EVENT:  SCRIPT-EXEC:EXEC-STATE - TES.Dvt.ScriptExecStateMachine, ID[11]
2013/07/29 11:57:55:244  STATE:  Changing state to ScriptExecStateMachine.ExecState, ID[4]
2013/07/29 11:57:55:244  ACTION: Return Last Command
2013/07/29 11:57:55:275  EVENT:  Command Completed, ID[43], Command=0x60 (Return Last Command), time since last CMDCompleted: 31 ms,
                                 0x00 : 92801C00 94   
2013/07/29 11:57:55:276  STATE:  Changing state to ScriptExecStateMachine.WaitForNextCmdState, ID[1]
2013/07/29 11:57:55:276  INFO:   STATE EXITED: IronPython.NewTypes.System.Object#IScriptExecState_5$5
2013/07/29 11:57:55:277  INFO:   EXECUTING STATE MACHINE: SMLibrary.ReadSM Timeout: 00:00:01.3120000
2013/07/29 11:57:55:277  EVENT:  SCRIPT-EXEC:EXEC-SM - TES.Dvt.ScriptExecStateMachine, ID[9]
2013/07/29 11:57:55:277  STATE:  Changing state to ScriptExecStateMachine.ExecStateMachineWithCustomExitEventsState, ID[2]
2013/07/29 11:57:55:277  STATE:  Changing state to ReadSM.ReadingState, ID[11]
2013/07/29 11:57:55:277  ACTION: READ_FROM_16_BIT_ADDR_WITH_CRC32, Address=SYS_ERRORS(0xF56C) Length=1
2013/07/29 11:57:55:326  EVENT:  Command Completed, ID[47], Command=0x82 (READ_FROM_16_BIT_ADDR_WITH_CRC32), time since last CMDCompleted: 51 ms, CRC32=0xE69CA3FE, Data=0xB0
2013/07/29 11:57:55:326  EVENT:  Read Memory Complete, ID[48]
2013/07/29 11:57:55:326  STATE:  Changing state to ReadSM.IdleState, ID[6]
2013/07/29 11:57:55:326  STATE:  Changing state to ScriptExecStateMachine.WaitForNextCmdState, ID[1]
2013/07/29 11:57:55:326  INFO:   STATE MACHINE EXITED: SMLibrary.ReadSM
2013/07/29 11:57:55:327  INFO:   EXECUTING STATE: IronPython.NewTypes.System.Object#IScriptExecState_5$5 Timeout: 00:00:02
2013/07/29 11:57:55:327  EVENT:  SCRIPT-EXEC:EXEC-STATE - TES.Dvt.ScriptExecStateMachine, ID[11]
2013/07/29 11:57:55:327  STATE:  Changing state to ScriptExecStateMachine.ExecState, ID[4]
2013/07/29 11:57:55:327  ACTION: Return Last Command
2013/07/29 11:57:55:372  EVENT:  Command Completed, ID[50], Command=0x60 (Return Last Command), time since last CMDCompleted: 46 ms,
                                 0x00 : 92801C00 94   
2013/07/29 11:57:55:373  STATE:  Changing state to ScriptExecStateMachine.WaitForNextCmdState, ID[1]
2013/07/29 11:57:55:373  INFO:   STATE EXITED: IronPython.NewTypes.System.Object#IScriptExecState_5$5
2013/07/29 11:57:55:377  INFO:   EXECUTING STATE MACHINE: SMLibrary.WriteSM Timeout: 00:00:01.4360000
2013/07/29 11:57:55:377  EVENT:  SCRIPT-EXEC:EXEC-DVT-SM - TES.Dvt.ScriptExecStateMachine, ID[10]
2013/07/29 11:57:55:377  STATE:  Changing state to ScriptExecStateMachine.ExecStateMachineState, ID[3]
2013/07/29 11:57:55:378  STATE:  Changing state to WriteSM.WritingState, ID[12]
2013/07/29 11:57:55:379  ACTION: Write RAM, Address=(0x00F1C0), Length=1, Data=0x07
2013/07/29 11:57:55:436  EVENT:  Command Completed, ID[54], Command=0x81 (Write to 16-bit Address), time since last CMDCompleted: 64 ms
2013/07/29 11:57:55:437  EVENT:  SMLibrary.WriteSM.DoneEvent, ID[51]
2013/07/29 11:57:55:437  STATE:  Changing state to WriteSM.IdleState, ID[6]
2013/07/29 11:57:55:437  STATE:  Changing state to ScriptExecStateMachine.WaitForNextCmdState, ID[1]
2013/07/29 11:57:55:437  INFO:   STATE MACHINE EXITED: SMLibrary.WriteSM
2013/07/29 11:57:55:437  INFO:   EXECUTING STATE: IronPython.NewTypes.System.Object#IScriptExecState_5$5 Timeout: 00:00:02
2013/07/29 11:57:55:437  EVENT:  SCRIPT-EXEC:EXEC-STATE - TES.Dvt.ScriptExecStateMachine, ID[11]
2013/07/29 11:57:55:437  STATE:  Changing state to ScriptExecStateMachine.ExecState, ID[4]
2013/07/29 11:57:55:437  ACTION: Return Last Command
2013/07/29 11:57:55:482  EVENT:  Command Completed, ID[56], Command=0x60 (Return Last Command), time since last CMDCompleted: 45 ms,
                                 0x00 : 91801C00 94   
2013/07/29 11:57:55:482  STATE:  Changing state to ScriptExecStateMachine.WaitForNextCmdState, ID[1]
2013/07/29 11:57:55:482  INFO:   STATE EXITED: IronPython.NewTypes.System.Object#IScriptExecState_5$5
2013/07/29 11:57:55:483  INFO:   EXECUTING STATE MACHINE: SMLibrary.WriteSM Timeout: 00:00:01.4360000
2013/07/29 11:57:55:483  EVENT:  SCRIPT-EXEC:EXEC-DVT-SM - TES.Dvt.ScriptExecStateMachine, ID[10]
2013/07/29 11:57:55:483  STATE:  Changing state to ScriptExecStateMachine.ExecStateMachineState, ID[3]
2013/07/29 11:57:55:483  STATE:  Changing state to WriteSM.WritingState, ID[13]
2013/07/29 11:57:55:483  ACTION: Write RAM, Address=(0x00F1C0), Length=1, Data=0x07
2013/07/29 11:57:55:542  EVENT:  Command Completed, ID[60], Command=0x81 (Write to 16-bit Address), time since last CMDCompleted: 61 ms
2013/07/29 11:57:55:542  EVENT:  SMLibrary.WriteSM.DoneEvent, ID[57]
2013/07/29 11:57:55:542  STATE:  Changing state to WriteSM.IdleState, ID[6]
2013/07/29 11:57:55:542  STATE:  Changing state to ScriptExecStateMachine.WaitForNextCmdState, ID[1]
2013/07/29 11:57:55:542  INFO:   STATE MACHINE EXITED: SMLibrary.WriteSM
2013/07/29 11:57:55:542  INFO:   EXECUTING STATE: IronPython.NewTypes.System.Object#IScriptExecState_5$5 Timeout: 00:00:02
2013/07/29 11:57:55:542  EVENT:  SCRIPT-EXEC:EXEC-STATE - TES.Dvt.ScriptExecStateMachine, ID[11]
2013/07/29 11:57:55:542  STATE:  Changing state to ScriptExecStateMachine.ExecState, ID[4]
2013/07/29 11:57:55:542  ACTION: Return Last Command
2013/07/29 11:57:55:573  EVENT:  Command Completed, ID[62], Command=0x60 (Return Last Command), time since last CMDCompleted: 31 ms,
                                 0x00 : 91801C00 94   
2013/07/29 11:57:55:574  STATE:  Changing state to ScriptExecStateMachine.WaitForNextCmdState, ID[1]
2013/07/29 11:57:55:574  INFO:   STATE EXITED: IronPython.NewTypes.System.Object#IScriptExecState_5$5
2013/07/29 11:57:55:575  INFO:   EXECUTING STATE MACHINE: SMLibrary.WriteSM Timeout: 00:00:01.4360000
2013/07/29 11:57:55:575  EVENT:  SCRIPT-EXEC:EXEC-DVT-SM - TES.Dvt.ScriptExecStateMachine, ID[10]
2013/07/29 11:57:55:575  STATE:  Changing state to ScriptExecStateMachine.ExecStateMachineState, ID[3]
2013/07/29 11:57:55:575  STATE:  Changing state to WriteSM.WritingState, ID[14]
2013/07/29 11:57:55:575  ACTION: Write RAM, Address=(0x00F1C0), Length=1, Data=0x07
2013/07/29 11:57:55:637  EVENT:  Command Completed, ID[66], Command=0x81 (Write to 16-bit Address), time since last CMDCompleted: 64 ms
2013/07/29 11:57:55:637  EVENT:  SMLibrary.WriteSM.DoneEvent, ID[63]
2013/07/29 11:57:55:637  STATE:  Changing state to WriteSM.IdleState, ID[6]
2013/07/29 11:57:55:637  STATE:  Changing state to ScriptExecStateMachine.WaitForNextCmdState, ID[1]
2013/07/29 11:57:55:637  INFO:   STATE MACHINE EXITED: SMLibrary.WriteSM
2013/07/29 11:57:55:637  INFO:   EXECUTING STATE: IronPython.NewTypes.System.Object#IScriptExecState_5$5 Timeout: 00:00:02
2013/07/29 11:57:55:637  EVENT:  SCRIPT-EXEC:EXEC-STATE - TES.Dvt.ScriptExecStateMachine, ID[11]
2013/07/29 11:57:55:637  STATE:  Changing state to ScriptExecStateMachine.ExecState, ID[4]
2013/07/29 11:57:55:637  ACTION: Return Last Command
2013/07/29 11:57:55:668  EVENT:  Command Completed, ID[68], Command=0x60 (Return Last Command), time since last CMDCompleted: 31 ms,
                                 0x00 : 91801C00 94   
2013/07/29 11:57:55:669  STATE:  Changing state to ScriptExecStateMachine.WaitForNextCmdState, ID[1]
2013/07/29 11:57:55:669  INFO:   STATE EXITED: IronPython.NewTypes.System.Object#IScriptExecState_5$5
2013/07/29 11:57:55:669  INFO:   EXECUTING STATE MACHINE: SMLibrary.ReadSM Timeout: 00:00:01.3120000
2013/07/29 11:57:55:669  EVENT:  SCRIPT-EXEC:EXEC-SM - TES.Dvt.ScriptExecStateMachine, ID[9]
2013/07/29 11:57:55:669  STATE:  Changing state to ScriptExecStateMachine.ExecStateMachineWithCustomExitEventsState, ID[2]
2013/07/29 11:57:55:669  STATE:  Changing state to ReadSM.ReadingState, ID[15]
2013/07/29 11:57:55:669  ACTION: READ_FROM_16_BIT_ADDR_WITH_CRC32, Address=SYS_ERRORS(0xF56C) Length=1
2013/07/29 11:57:55:714  EVENT:  Command Completed, ID[72], Command=0x82 (READ_FROM_16_BIT_ADDR_WITH_CRC32), time since last CMDCompleted: 46 ms, CRC32=0xE69CA3FE, Data=0xB0
2013/07/29 11:57:55:714  EVENT:  Read Memory Complete, ID[73]
2013/07/29 11:57:55:714  STATE:  Changing state to ReadSM.IdleState, ID[6]
2013/07/29 11:57:55:714  STATE:  Changing state to ScriptExecStateMachine.WaitForNextCmdState, ID[1]
2013/07/29 11:57:55:714  INFO:   STATE MACHINE EXITED: SMLibrary.ReadSM
2013/07/29 11:57:55:714  INFO:   EXECUTING STATE: IronPython.NewTypes.System.Object#IScriptExecState_5$5 Timeout: 00:00:02
2013/07/29 11:57:55:714  EVENT:  SCRIPT-EXEC:EXEC-STATE - TES.Dvt.ScriptExecStateMachine, ID[11]
2013/07/29 11:57:55:714  STATE:  Changing state to ScriptExecStateMachine.ExecState, ID[4]
2013/07/29 11:57:55:714  ACTION: Return Last Command
2013/07/29 11:57:55:745  EVENT:  Command Completed, ID[75], Command=0x60 (Return Last Command), time since last CMDCompleted: 31 ms,
                                 0x00 : 92801C00 94   
2013/07/29 11:57:55:745  STATE:  Changing state to ScriptExecStateMachine.WaitForNextCmdState, ID[1]
2013/07/29 11:57:55:745  INFO:   STATE EXITED: IronPython.NewTypes.System.Object#IScriptExecState_5$5
2013/07/29 11:57:55:747  INFO:   EXECUTING STATE MACHINE: SMLibrary.ReadSM Timeout: 00:00:01.0780000
2013/07/29 11:57:55:747  EVENT:  SCRIPT-EXEC:EXEC-SM - TES.Dvt.ScriptExecStateMachine, ID[9]
2013/07/29 11:57:55:747  STATE:  Changing state to ScriptExecStateMachine.ExecStateMachineWithCustomExitEventsState, ID[2]
2013/07/29 11:57:55:747  STATE:  Changing state to ReadSM.ReadingState, ID[16]
2013/07/29 11:57:55:747  ACTION: READ_FROM_16_BIT_ADDR_WITH_CRC32, Address=SYS_ERRORS(0xF56C) Length=1
2013/07/29 11:57:55:796  EVENT:  Command Completed, ID[79], Command=0x82 (READ_FROM_16_BIT_ADDR_WITH_CRC32), time since last CMDCompleted: 51 ms, CRC32=0xE69CA3FE, Data=0xB0
2013/07/29 11:57:55:796  EVENT:  Read Memory Complete, ID[80]
2013/07/29 11:57:55:796  STATE:  Changing state to ReadSM.IdleState, ID[6]
2013/07/29 11:57:55:796  STATE:  Changing state to ScriptExecStateMachine.WaitForNextCmdState, ID[1]
2013/07/29 11:57:55:796  INFO:   STATE MACHINE EXITED: SMLibrary.ReadSM
2013/07/29 11:57:55:796  INFO:   EXECUTING STATE MACHINE: SMLibrary.ReadSM Timeout: 00:00:01.0780000
2013/07/29 11:57:55:796  EVENT:  SCRIPT-EXEC:EXEC-SM - TES.Dvt.ScriptExecStateMachine, ID[9]
2013/07/29 11:57:55:796  STATE:  Changing state to ScriptExecStateMachine.ExecStateMachineWithCustomExitEventsState, ID[2]
2013/07/29 11:57:55:796  STATE:  Changing state to ReadSM.ReadingState, ID[17]
2013/07/29 11:57:55:796  ACTION: READ_FROM_16_BIT_ADDR_WITH_CRC32, Address=SYS_ERRORS(0xF56C) Length=1
2013/07/29 11:57:55:838  INFO:   Enabling the timestamp/interval calculations
2013/07/29 11:57:55:840  EVENT:  Marker (Device Summary), ID[84], Timestamp=0x2E[full:46], Data[0]=0x00, Data[1]=0x40 DynamicShockPolarity=HVA_POSITIVE SystemErrorOccurred 
2013/07/29 11:57:55:854  EVENT:  Command Completed, ID[85], Command=0x82 (READ_FROM_16_BIT_ADDR_WITH_CRC32), time since last CMDCompleted: 58 ms, CRC32=0xE69CA3FE, Data=0xB0
2013/07/29 11:57:55:854  EVENT:  Read Memory Complete, ID[86]
2013/07/29 11:57:55:854  STATE:  Changing state to ReadSM.IdleState, ID[6]
2013/07/29 11:57:55:854  STATE:  Changing state to ScriptExecStateMachine.WaitForNextCmdState, ID[1]
2013/07/29 11:57:55:854  INFO:   STATE MACHINE EXITED: SMLibrary.ReadSM
2013/07/29 11:57:55:854  INFO:   EXECUTING STATE MACHINE: SMLibrary.ReadSM Timeout: 00:00:01.0780000
2013/07/29 11:57:55:854  EVENT:  SCRIPT-EXEC:EXEC-SM - TES.Dvt.ScriptExecStateMachine, ID[9]
2013/07/29 11:57:55:855  STATE:  Changing state to ScriptExecStateMachine.ExecStateMachineWithCustomExitEventsState, ID[2]
2013/07/29 11:57:55:855  STATE:  Changing state to ReadSM.ReadingState, ID[18]
2013/07/29 11:57:55:855  ACTION: READ_FROM_16_BIT_ADDR_WITH_CRC32, Address=SYS_ERRORS(0xF56C) Length=1
2013/07/29 11:57:55:870  EVENT:  Marker (Two Second), ID[90], Timestamp=0x31[full:49]
2013/07/29 11:57:55:905  EVENT:  Command Completed, ID[91], Command=0x82 (READ_FROM_16_BIT_ADDR_WITH_CRC32), time since last CMDCompleted: 51 ms, CRC32=0xE69CA3FE, Data=0xB0
2013/07/29 11:57:55:905  EVENT:  Read Memory Complete, ID[92]
2013/07/29 11:57:55:905  STATE:  Changing state to ReadSM.IdleState, ID[6]
2013/07/29 11:57:55:905  STATE:  Changing state to ScriptExecStateMachine.WaitForNextCmdState, ID[1]
2013/07/29 11:57:55:905  INFO:   STATE MACHINE EXITED: SMLibrary.ReadSM
2013/07/29 11:57:55:910  ACTION: Read PRB EEPROM: Address=0x80 Data=0x00
2013/07/29 11:57:55:912  ACTION: Read PRB EEPROM: Address=0x81 Data=0x00
2013/07/29 11:57:55:912  ACTION: Read PRB EEPROM: Address=0x82 Data=0x00
2013/07/29 11:57:55:913  ACTION: Read PRB EEPROM: Address=0x83 Data=0x00
2013/07/29 11:57:55:914  ACTION: Read PRB EEPROM: Address=0x84 Data=0x00
2013/07/29 11:57:55:915  ACTION: Read PRB EEPROM: Address=0x85 Data=0x00
2013/07/29 11:57:55:916  ACTION: Read PRB EEPROM: Address=0x86 Data=0x00
2013/07/29 11:57:55:917  ACTION: Read PRB EEPROM: Address=0x87 Data=0x00
2013/07/29 11:57:55:918  ACTION: Read PRB EEPROM: Address=0x88 Data=0x00
2013/07/29 11:57:55:919  ACTION: Read PRB EEPROM: Address=0x89 Data=0x00
2013/07/29 11:57:55:920  ACTION: Read PRB EEPROM: Address=0x8A Data=0x00
2013/07/29 11:57:55:920  ACTION: Read PRB EEPROM: Address=0x8B Data=0x00
2013/07/29 11:57:55:921  ACTION: Read PRB EEPROM: Address=0x8C Data=0x00
2013/07/29 11:57:55:922  ACTION: Read PRB EEPROM: Address=0xA8 Data=0x00
2013/07/29 11:57:55:923  ACTION: Read PRB EEPROM: Address=0xA9 Data=0x00
2013/07/29 11:57:55:925  INFO:   EXECUTING STATE: IronPython.NewTypes.System.Object#IScriptExecState_5$5 Timeout: 00:00:02
2013/07/29 11:57:55:925  EVENT:  SCRIPT-EXEC:EXEC-STATE - TES.Dvt.ScriptExecStateMachine, ID[11]
2013/07/29 11:57:55:925  STATE:  Changing state to ScriptExecStateMachine.ExecState, ID[4]
2013/07/29 11:57:55:926  ACTION: Break Link
2013/07/29 11:57:56:095  INFO:   Unregistering the ICD session delegates
2013/07/29 11:57:56:095  EVENT:  Command Completed, ID[94], Command=0xE4 (Break Link), time since last CMDCompleted: 190 ms
2013/07/29 11:57:56:255  EVENT:  Disconnected, ID[95], clean
2013/07/29 11:57:56:255  STATE:  Changing state to ScriptExecStateMachine.WaitForNextCmdState, ID[1]
2013/07/29 11:57:56:255  INFO:   STATE EXITED: IronPython.NewTypes.System.Object#IScriptExecState_5$5
2013/07/29 11:58:01:258  EVENT:  SCRIPT-EXEC:EXIT - TES.Dvt.ScriptExecStateMachine, ID[8]
2013/07/29 11:58:01:259  EVENT:  TES.Dvt.ScriptExecStateMachine.DoneEvent, ID[6]
2013/07/29 11:58:01:259  STATE:  Changing state to ScriptExecStateMachine.IdleState, ID[6]
2013/07/29 11:58:01:259  INFO:   Terminating ScriptEngineProcedure
2013/07/29 11:58:01:259  EVENT:  Terminate Dispatch, ID[96]
2013/07/29 11:58:01:271  INFO:   ScriptEngineProcedure Completed
2013/07/29 11:58:01:272  INFO:   Testcase Summary:
2013/07/29 11:58:01:272  RESULT: Test Procedure ScriptEngineProcedure (FAILED)
2013/07/29 11:58:01:272  INFO:   Procedure Runtime = 00:00:24
2013/07/29 11:58:01:279  INFO:   The event dispatch thread ScriptEngineProcedure exited.
