2013/07/17 20:26:33:125  INFO:   Loaded Symbol File C:\ISV System\Config\FirmwareSymbols\build178.sym for firmware Build #178
2013/07/17 20:26:33:139  INFO:   CommunicationSystemLog properties: .\CommunicationSystem.logger.properties
2013/07/17 20:26:33:139  INFO:   CommunicationSystemLog log       : .\logs\systemBerScriptLog 2013.07.17 20.26.33_CommunicationSystem.Log
2013/07/17 20:26:36:892  INFO:   Setting the event sink for ScriptEngineProcedure
2013/07/17 20:26:36:892  INFO:   Program parameters checks are enabled
2013/07/17 20:26:36:897  INFO:   ********************************************************************************
2013/07/17 20:26:36:897  INFO:   Starting ScriptEngineProcedure, Assembly  version 
2013/07/17 20:26:36:901  INFO:   Config: ICD (NCommunicationSystem ver: nCommunicationSystem, Version=1.8.2.1, Culture=neutral, PublicKeyToken=56b5378c99c0bcfd; FTDI Driver ver: 2.08.24.0; PRB FPGA ver: 7)
2013/07/17 20:26:36:901  INFO:   Setting the radio board transmit power to level 0x7.
2013/07/17 20:26:36:904  INFO:   Radio board power level set to 7.
2013/07/17 20:26:36:905  INFO:   ECG Timeout Interval set to 10 seconds.
2013/07/17 20:26:36:906  STATE:  Changing state to ScriptExecStateMachine.WaitForNextCmdState, ID[1]
2013/07/17 20:26:36:906  INFO:   FwDvtSystem Started the event processing thread
2013/07/17 20:26:36:936  ACTION: Read PRB FPGA: Address=0x3000 Data=0x07
2013/07/17 20:26:36:941  RESULT: FPGA 0x3000 Expected: 18 Actual: 7
2013/07/17 20:26:36:943  RESULT: ERROR Expected: 18 Actual: 7
2013/07/17 20:26:36:944  ACTION: Calibrate CC1020
2013/07/17 20:26:37:044  INFO:   CC1020 calibration passed
2013/07/17 20:26:37:055  ACTION: Read C1020: Address 0x04 Data=0x35
2013/07/17 20:26:37:061  ACTION: Read C1020: Address 0x05 Data=0xF0
2013/07/17 20:26:37:065  ACTION: Read C1020: Address 0x06 Data=0x21
2013/07/17 20:26:37:070  ACTION: Read C1020: Address 0x07 Data=0x38
2013/07/17 20:26:37:075  ACTION: Read C1020: Address 0x08 Data=0x35
2013/07/17 20:26:37:080  ACTION: Read C1020: Address 0x09 Data=0xFA
2013/07/17 20:26:37:084  ACTION: Read C1020: Address 0x0A Data=0xCB
2013/07/17 20:26:37:088  ACTION: Read C1020: Address 0x0B Data=0x38
2013/07/17 20:26:37:098  ACTION: Read C1020: Address 0x1D Data=0x00
2013/07/17 20:26:37:102  ACTION: Read C1020: Address 0x45 Data=0x5C
2013/07/17 20:26:37:106  ACTION: Read C1020: Address 0x46 Data=0x66
2013/07/17 20:26:37:114  ACTION: Read C1020: Address 0x47 Data=0x44
2013/07/17 20:26:37:129  ACTION: Read PRB FPGA: Address=0x305E Data=0x00
2013/07/17 20:26:37:132  ACTION: Read PRB FPGA: Address=0x3060 Data=0x00
2013/07/17 20:26:37:135  ACTION: Read PRB FPGA: Address=0x3062 Data=0x00
2013/07/17 20:26:37:143  ACTION: Read PRB FPGA: Address=0x3066 Data=0x00
2013/07/17 20:26:37:146  ACTION: Read PRB FPGA: Address=0x3068 Data=0x00
2013/07/17 20:26:37:148  ACTION: Read PRB FPGA: Address=0x306A Data=0x00
2013/07/17 20:26:37:150  ACTION: Write PRB FPGA: Address=0x1026 Data=0x01
2013/07/17 20:26:37:157  INFO:   EXECUTING STATE: SMLibrary.Dvt.IcdCmd+ScanState Timeout: 00:00:30
2013/07/17 20:26:37:158  EVENT:  SCRIPT-EXEC:EXEC-STATE - TES.Dvt.ScriptExecStateMachine, ID[11]
2013/07/17 20:26:37:159  STATE:  Changing state to ScriptExecStateMachine.ExecState, ID[4]
2013/07/17 20:26:37:160  INFO:   Setting the radio board transmit power to level 0x7.
2013/07/17 20:26:37:163  INFO:   Radio board power level set to 7.
2013/07/17 20:26:37:164  ACTION: Setting radio board configuration for hybrid.
2013/07/17 20:26:37:164  ACTION: Set radio board to DIO inverting mode.
2013/07/17 20:26:37:164  ACTION: Write PRB FPGA: Address=0x3012 Data=0x01
2013/07/17 20:26:37:167  ACTION: PRB Set Link Data Rate: Slow
2013/07/17 20:26:37:170  ACTION: Read PRB FPGA: Address=0x1004 Data=0x00
2013/07/17 20:26:37:170  ACTION: Write PRB FPGA: Address=0x1004 Data=0x00
2013/07/17 20:26:37:173  ACTION: Scanning for devices, primary scan duration = 9 sec, secondary scan duration = 2 sec
2013/07/17 20:26:48:348  INFO:   Primary scan device IDs: 0x801C0094 
2013/07/17 20:26:52:499  INFO:   Secondary scan device IDs: 0x801C0094 
2013/07/17 20:26:52:502  EVENT:  Device ID List, ID[17]
                                 DeviceID[0] : ID 0x801C0094 (Model 0, Serial 148, SW Version 7, Is Implanted)
2013/07/17 20:26:52:502  STATE:  Changing state to ScriptExecStateMachine.WaitForNextCmdState, ID[1]
2013/07/17 20:26:52:502  INFO:   STATE EXITED: SMLibrary.Dvt.IcdCmd+ScanState
2013/07/17 20:26:52:521  INFO:   EXECUTING STATE: SMLibrary.Dvt.IcdCmd+ConnectState Timeout: 00:00:24
2013/07/17 20:26:52:521  EVENT:  SCRIPT-EXEC:EXEC-STATE - TES.Dvt.ScriptExecStateMachine, ID[11]
2013/07/17 20:26:52:521  STATE:  Changing state to ScriptExecStateMachine.ExecState, ID[4]
2013/07/17 20:26:52:522  ACTION: PRB Set Link Data Rate: Slow
2013/07/17 20:26:52:525  ACTION: Read PRB FPGA: Address=0x1004 Data=0x00
2013/07/17 20:26:52:525  ACTION: Write PRB FPGA: Address=0x1004 Data=0x00
2013/07/17 20:26:52:528  ACTION: Connecting to device ID 0x801C0094 (Model 0, Serial 148, SW Version 7, Is Implanted)
2013/07/17 20:26:55:380  INFO:   Registering the ICD session delegates
2013/07/17 20:26:55:380  EVENT:  Connect Succeeded, ID[19]
2013/07/17 20:26:55:381  INFO:   STATE EXITED: SMLibrary.Dvt.IcdCmd+ConnectState
2013/07/17 20:26:55:381  STATE:  Changing state to ScriptExecStateMachine.WaitForNextCmdState, ID[1]
2013/07/17 20:26:55:385  INFO:   EXECUTING STATE MACHINE: SMLibrary.ReadSM Timeout: 00:00:01.3120000
2013/07/17 20:26:55:385  EVENT:  SCRIPT-EXEC:EXEC-SM - TES.Dvt.ScriptExecStateMachine, ID[9]
2013/07/17 20:26:55:385  STATE:  Changing state to ScriptExecStateMachine.ExecStateMachineWithCustomExitEventsState, ID[2]
2013/07/17 20:26:55:386  STATE:  Changing state to ReadSM.ReadingState, ID[8]
2013/07/17 20:26:55:386  ACTION: READ_FROM_16_BIT_ADDR_WITH_CRC32, Address=SYS_ERRORS(0xF56C) Length=1
2013/07/17 20:26:55:457  EVENT:  Command Completed, ID[23], Command=0x82 (READ_FROM_16_BIT_ADDR_WITH_CRC32), CRC32=0xE69CA3FE, Data=0xB0
2013/07/17 20:26:55:458  EVENT:  Read Memory Complete, ID[24]
2013/07/17 20:26:55:459  STATE:  Changing state to ReadSM.IdleState, ID[6]
2013/07/17 20:26:55:459  STATE:  Changing state to ScriptExecStateMachine.WaitForNextCmdState, ID[1]
2013/07/17 20:26:55:459  INFO:   STATE MACHINE EXITED: SMLibrary.ReadSM
2013/07/17 20:26:55:494  EVENT:  Marker (Device Summary), ID[25], Timestamp=0x81[full:not set], Data[0]=0x00, Data[1]=0x40 DynamicShockPolarity=HVA_POSITIVE SystemErrorOccurred 
2013/07/17 20:26:55:727  INFO:   Enabling the timestamp/interval calculations
2013/07/17 20:26:55:729  EVENT:  Marker (Beat Detected - WA Suspect), ID[26], Timestamp=0x9F[full:159], ID=156,Data=0x80 Interval is invalid or exceeds 2 seconds
2013/07/17 20:26:55:758  EVENT:  Marker (Data), ID[27], Timestamp=0x9F[full:159], Data[0]=0x80, Data[1]=0x58
2013/07/17 20:26:56:303  EVENT:  Marker (Beat Detected - WA Suspect), ID[28], Timestamp=0xEA[full:234], ID=157,Data=0x80 Interval = 586 ms
2013/07/17 20:26:56:333  EVENT:  Marker (Data), ID[29], Timestamp=0xEA[full:234], Data[0]=0x80, Data[1]=0x58
2013/07/17 20:26:56:458  EVENT:  Marker (Device Summary), ID[30], Timestamp=0xEE[full:238], Data[0]=0x00, Data[1]=0x40 DynamicShockPolarity=HVA_POSITIVE SystemErrorOccurred 
2013/07/17 20:26:56:868  EVENT:  Marker (Beat Detected - WA Suspect), ID[31], Timestamp=0x32[full:306], ID=158,Data=0x80 Interval = 562 ms
2013/07/17 20:26:56:898  EVENT:  Marker (Data), ID[32], Timestamp=0x32[full:306], Data[0]=0x80, Data[1]=0x58
2013/07/17 20:26:57:338  EVENT:  Marker (Device Summary), ID[33], Timestamp=0x6E[full:366], Data[0]=0x00, Data[1]=0x40 DynamicShockPolarity=HVA_POSITIVE SystemErrorOccurred 
2013/07/17 20:26:57:463  EVENT:  Marker (Beat Detected - WA Suspect), ID[34], Timestamp=0x7B[full:379], ID=159,Data=0x80 Interval = 570 ms
2013/07/17 20:26:57:493  EVENT:  Marker (Data), ID[35], Timestamp=0x7B[full:379], Data[0]=0x80, Data[1]=0x58
2013/07/17 20:26:58:135  EVENT:  Marker (Beat Detected - WA Suspect), ID[36], Timestamp=0xD4[full:468], ID=160,Data=0x80 Interval = 695 ms
2013/07/17 20:26:58:169  EVENT:  Marker (Data), ID[37], Timestamp=0xD4[full:468], Data[0]=0x80, Data[1]=0x58
2013/07/17 20:26:58:339  EVENT:  Marker (Device Summary), ID[38], Timestamp=0xEE[full:494], Data[0]=0x00, Data[1]=0x40 DynamicShockPolarity=HVA_POSITIVE SystemErrorOccurred 
2013/07/17 20:26:58:904  EVENT:  Marker (Beat Detected - WA Suspect), ID[39], Timestamp=0x37[full:567], ID=161,Data=0x80 Interval = 773 ms
2013/07/17 20:26:58:934  EVENT:  Marker (Data), ID[40], Timestamp=0x37[full:567], Data[0]=0x80, Data[1]=0x58
2013/07/17 20:26:59:339  EVENT:  Marker (Device Summary), ID[41], Timestamp=0x6E[full:622], Data[0]=0x00, Data[1]=0x40 DynamicShockPolarity=HVA_POSITIVE SystemErrorOccurred 
2013/07/17 20:26:59:574  EVENT:  Marker (Beat Detected - WA Suspect), ID[42], Timestamp=0x8C[full:652], ID=162,Data=0x80 Interval = 664 ms
2013/07/17 20:26:59:609  EVENT:  Marker (Data), ID[43], Timestamp=0x8C[full:652], Data[0]=0x80, Data[1]=0x58
2013/07/17 20:27:00:344  EVENT:  Marker (Device Summary), ID[44], Timestamp=0xEE[full:750], Data[0]=0x00, Data[1]=0x40 DynamicShockPolarity=HVA_POSITIVE SystemErrorOccurred 
2013/07/17 20:27:00:468  INFO:   EXECUTING STATE: IronPython.NewTypes.System.Object#IScriptExecState_5$5 Timeout: 00:00:02
2013/07/17 20:27:00:468  EVENT:  SCRIPT-EXEC:EXEC-STATE - TES.Dvt.ScriptExecStateMachine, ID[11]
2013/07/17 20:27:00:468  STATE:  Changing state to ScriptExecStateMachine.ExecState, ID[4]
2013/07/17 20:27:00:469  ACTION: Break Link
2013/07/17 20:27:00:484  INFO:   Enabling the timestamp/interval calculations
2013/07/17 20:27:00:484  EVENT:  Marker (Beat Detected - WA Suspect), ID[46], Timestamp=0xF4[full:244], ID=163,Data=0x80 Interval is invalid or exceeds 2 seconds
2013/07/17 20:27:00:514  EVENT:  Marker (Data), ID[47], Timestamp=0xF4[full:244], Data[0]=0x80, Data[1]=0x58
2013/07/17 20:27:01:000  EVENT:  Marker (Beat Detected - WA Suspect), ID[48], Timestamp=0x43[full:323], ID=164,Data=0x80 Interval = 617 ms
2013/07/17 20:27:01:147  INFO:   Unregistering the ICD session delegates
2013/07/17 20:27:01:147  EVENT:  Command Completed, ID[49], Command=0xE4 (Break Link)
2013/07/17 20:27:01:307  EVENT:  Disconnected, ID[50], clean
2013/07/17 20:27:01:307  STATE:  Changing state to ScriptExecStateMachine.WaitForNextCmdState, ID[1]
2013/07/17 20:27:01:307  INFO:   STATE EXITED: IronPython.NewTypes.System.Object#IScriptExecState_5$5
2013/07/17 20:27:06:310  EVENT:  SCRIPT-EXEC:EXIT - TES.Dvt.ScriptExecStateMachine, ID[8]
2013/07/17 20:27:06:311  INFO:   Terminating ScriptEngineProcedure
2013/07/17 20:27:06:311  EVENT:  Terminate Dispatch, ID[51]
2013/07/17 20:27:06:311  EVENT:  TES.Dvt.ScriptExecStateMachine.DoneEvent, ID[6]
2013/07/17 20:27:06:311  STATE:  Changing state to ScriptExecStateMachine.IdleState, ID[6]
2013/07/17 20:27:06:320  INFO:   ScriptEngineProcedure Completed
2013/07/17 20:27:06:321  INFO:   Testcase Summary:
2013/07/17 20:27:06:321  RESULT: Test Procedure ScriptEngineProcedure (FAILED)
2013/07/17 20:27:06:321  INFO:   Procedure Runtime = 00:00:29
2013/07/17 20:27:06:328  INFO:   The event dispatch thread ScriptEngineProcedure exited.
