2013/07/24 14:08:18:281  INFO:   Loaded Symbol File C:\ISV System\Config\FirmwareSymbols\build178.sym for firmware Build #178
2013/07/24 14:08:18:296  INFO:   CommunicationSystemLog properties: .\CommunicationSystem.logger.properties
2013/07/24 14:08:18:296  INFO:   CommunicationSystemLog log       : .\logs\systemBerScriptLog 2013.07.24 14.08.18_CommunicationSystem.Log
2013/07/24 14:08:22:056  INFO:   Setting the event sink for ScriptEngineProcedure
2013/07/24 14:08:22:056  INFO:   Program parameters checks are enabled
2013/07/24 14:08:22:061  INFO:   ********************************************************************************
2013/07/24 14:08:22:061  INFO:   Starting ScriptEngineProcedure, Assembly  version 
2013/07/24 14:08:22:066  INFO:   Config: ICD (NCommunicationSystem ver: nCommunicationSystem, Version=1.8.2.1, Culture=neutral, PublicKeyToken=56b5378c99c0bcfd; FTDI Driver ver: 2.08.24.0; PRB FPGA ver: 7)
2013/07/24 14:08:22:067  INFO:   Setting the radio board transmit power to level 0x7.
2013/07/24 14:08:22:069  INFO:   Radio board power level set to 7.
2013/07/24 14:08:22:070  INFO:   ECG Timeout Interval set to 10 seconds.
2013/07/24 14:08:22:071  STATE:  Changing state to ScriptExecStateMachine.WaitForNextCmdState, ID[1]
2013/07/24 14:08:22:071  INFO:   FwDvtSystem Started the event processing thread
2013/07/24 14:08:22:118  ACTION: Read PRB FPGA: Address=0x3000 Data=0x07
2013/07/24 14:08:22:123  RESULT: FPGA 0x3000 Expected: 18 Actual: 7
2013/07/24 14:08:22:125  RESULT: ERROR Expected: 18 Actual: 7
2013/07/24 14:08:22:125  ACTION: Calibrate CC1020
2013/07/24 14:08:22:215  INFO:   CC1020 calibration passed
2013/07/24 14:08:22:223  ACTION: Read C1020: Address 0x04 Data=0x35
2013/07/24 14:08:22:227  ACTION: Read C1020: Address 0x05 Data=0xF0
2013/07/24 14:08:22:231  ACTION: Read C1020: Address 0x06 Data=0x21
2013/07/24 14:08:22:234  ACTION: Read C1020: Address 0x07 Data=0x38
2013/07/24 14:08:22:238  ACTION: Read C1020: Address 0x08 Data=0x35
2013/07/24 14:08:22:242  ACTION: Read C1020: Address 0x09 Data=0xFA
2013/07/24 14:08:22:245  ACTION: Read C1020: Address 0x0A Data=0xCB
2013/07/24 14:08:22:248  ACTION: Read C1020: Address 0x0B Data=0x38
2013/07/24 14:08:22:252  ACTION: Read C1020: Address 0x1D Data=0x00
2013/07/24 14:08:22:255  ACTION: Read C1020: Address 0x45 Data=0x4C
2013/07/24 14:08:22:259  ACTION: Read C1020: Address 0x46 Data=0x66
2013/07/24 14:08:22:262  ACTION: Read C1020: Address 0x47 Data=0x44
2013/07/24 14:08:22:271  ACTION: Read PRB FPGA: Address=0x305E Data=0x00
2013/07/24 14:08:22:274  ACTION: Read PRB FPGA: Address=0x3060 Data=0x00
2013/07/24 14:08:22:277  ACTION: Read PRB FPGA: Address=0x3062 Data=0x00
2013/07/24 14:08:22:285  ACTION: Read PRB FPGA: Address=0x3066 Data=0x00
2013/07/24 14:08:22:288  ACTION: Read PRB FPGA: Address=0x3068 Data=0x00
2013/07/24 14:08:22:291  ACTION: Read PRB FPGA: Address=0x306A Data=0x00
2013/07/24 14:08:22:292  ACTION: Write PRB FPGA: Address=0x1026 Data=0x00
2013/07/24 14:08:22:300  INFO:   EXECUTING STATE: SMLibrary.Dvt.IcdCmd+ScanState Timeout: 00:00:30
2013/07/24 14:08:22:300  EVENT:  SCRIPT-EXEC:EXEC-STATE - TES.Dvt.ScriptExecStateMachine, ID[11]
2013/07/24 14:08:22:302  STATE:  Changing state to ScriptExecStateMachine.ExecState, ID[4]
2013/07/24 14:08:22:302  INFO:   Setting the radio board transmit power to level 0x7.
2013/07/24 14:08:22:305  INFO:   Radio board power level set to 7.
2013/07/24 14:08:22:307  ACTION: Setting radio board configuration for hybrid.
2013/07/24 14:08:22:307  ACTION: Set radio board to DIO inverting mode.
2013/07/24 14:08:22:307  ACTION: Write PRB FPGA: Address=0x3012 Data=0x01
2013/07/24 14:08:22:310  ACTION: PRB Set Link Data Rate: Slow
2013/07/24 14:08:22:313  ACTION: Read PRB FPGA: Address=0x1004 Data=0x00
2013/07/24 14:08:22:313  ACTION: Write PRB FPGA: Address=0x1004 Data=0x00
2013/07/24 14:08:22:316  ACTION: Scanning for devices, primary scan duration = 9 sec, secondary scan duration = 2 sec
2013/07/24 14:08:33:492  INFO:   Primary scan device IDs: No devices found
2013/07/24 14:08:37:645  INFO:   Secondary scan device IDs: 0x801C0094 
2013/07/24 14:08:37:648  EVENT:  Device ID List, ID[17]
                                 DeviceID[0] : ID 0x801C0094 (Model 0, Serial 148, SW Version 7, Is Implanted)
2013/07/24 14:08:37:648  STATE:  Changing state to ScriptExecStateMachine.WaitForNextCmdState, ID[1]
2013/07/24 14:08:37:649  INFO:   STATE EXITED: SMLibrary.Dvt.IcdCmd+ScanState
2013/07/24 14:08:37:663  INFO:   EXECUTING STATE: SMLibrary.Dvt.IcdCmd+ConnectState Timeout: 00:00:24
2013/07/24 14:08:37:664  EVENT:  SCRIPT-EXEC:EXEC-STATE - TES.Dvt.ScriptExecStateMachine, ID[11]
2013/07/24 14:08:37:664  STATE:  Changing state to ScriptExecStateMachine.ExecState, ID[4]
2013/07/24 14:08:37:664  ACTION: PRB Set Link Data Rate: Slow
2013/07/24 14:08:37:667  ACTION: Read PRB FPGA: Address=0x1004 Data=0x00
2013/07/24 14:08:37:667  ACTION: Write PRB FPGA: Address=0x1004 Data=0x00
2013/07/24 14:08:37:670  ACTION: Connecting to device ID 0x801C0094 (Model 0, Serial 148, SW Version 7, Is Implanted)
2013/07/24 14:08:40:444  INFO:   Registering the ICD session delegates
2013/07/24 14:08:40:444  EVENT:  Connect Succeeded, ID[19]
2013/07/24 14:08:40:444  INFO:   STATE EXITED: SMLibrary.Dvt.IcdCmd+ConnectState
2013/07/24 14:08:40:444  STATE:  Changing state to ScriptExecStateMachine.WaitForNextCmdState, ID[1]
2013/07/24 14:08:40:449  INFO:   EXECUTING STATE MACHINE: SMLibrary.ReadSM Timeout: 00:00:01.3120000
2013/07/24 14:08:40:449  EVENT:  SCRIPT-EXEC:EXEC-SM - TES.Dvt.ScriptExecStateMachine, ID[9]
2013/07/24 14:08:40:449  STATE:  Changing state to ScriptExecStateMachine.ExecStateMachineWithCustomExitEventsState, ID[2]
2013/07/24 14:08:40:450  STATE:  Changing state to ReadSM.ReadingState, ID[8]
2013/07/24 14:08:40:451  ACTION: READ_FROM_16_BIT_ADDR_WITH_CRC32, Address=SYS_ERRORS(0xF56C) Length=1
2013/07/24 14:08:40:522  EVENT:  Command Completed, ID[23], Command=0x82 (READ_FROM_16_BIT_ADDR_WITH_CRC32), CRC32=0xE69CA3FE, Data=0xB0
2013/07/24 14:08:40:524  EVENT:  Read Memory Complete, ID[24]
2013/07/24 14:08:40:524  STATE:  Changing state to ReadSM.IdleState, ID[6]
2013/07/24 14:08:40:524  STATE:  Changing state to ScriptExecStateMachine.WaitForNextCmdState, ID[1]
2013/07/24 14:08:40:524  INFO:   STATE MACHINE EXITED: SMLibrary.ReadSM
2013/07/24 14:08:40:528  INFO:   EXECUTING STATE: IronPython.NewTypes.System.Object#IScriptExecState_5$5 Timeout: 00:00:05
2013/07/24 14:08:40:528  EVENT:  SCRIPT-EXEC:EXEC-STATE - TES.Dvt.ScriptExecStateMachine, ID[11]
2013/07/24 14:08:40:528  STATE:  Changing state to ScriptExecStateMachine.ExecState, ID[4]
2013/07/24 14:08:40:530  ACTION: Return Last Command
2013/07/24 14:08:40:559  EVENT:  Marker (Device Summary), ID[26], Timestamp=0x74[full:not set], Data[0]=0x00, Data[1]=0x40 DynamicShockPolarity=HVA_POSITIVE SystemErrorOccurred 
2013/07/24 14:08:40:571  EVENT:  Command Completed, ID[27], Command=0x60 (Return Last Command), time since last CMDCompleted: 50 ms,
                                 0x00 : 82801C00 94   
2013/07/24 14:08:40:574  STATE:  Changing state to ScriptExecStateMachine.WaitForNextCmdState, ID[1]
2013/07/24 14:08:40:574  INFO:   STATE EXITED: IronPython.NewTypes.System.Object#IScriptExecState_5$5
2013/07/24 14:08:40:575  INFO:   EXECUTING STATE MACHINE: SMLibrary.ReadSM Timeout: 00:00:01.3120000
2013/07/24 14:08:40:575  EVENT:  SCRIPT-EXEC:EXEC-SM - TES.Dvt.ScriptExecStateMachine, ID[9]
2013/07/24 14:08:40:575  STATE:  Changing state to ScriptExecStateMachine.ExecStateMachineWithCustomExitEventsState, ID[2]
2013/07/24 14:08:40:575  STATE:  Changing state to ReadSM.ReadingState, ID[9]
2013/07/24 14:08:40:575  ACTION: READ_FROM_16_BIT_ADDR_WITH_CRC32, Address=SYS_ERRORS(0xF56C) Length=1
2013/07/24 14:08:40:634  EVENT:  Command Completed, ID[31], Command=0x82 (READ_FROM_16_BIT_ADDR_WITH_CRC32), time since last CMDCompleted: 63 ms, CRC32=0xE69CA3FE, Data=0xB0
2013/07/24 14:08:40:634  EVENT:  Read Memory Complete, ID[32]
2013/07/24 14:08:40:634  STATE:  Changing state to ReadSM.IdleState, ID[6]
2013/07/24 14:08:40:634  STATE:  Changing state to ScriptExecStateMachine.WaitForNextCmdState, ID[1]
2013/07/24 14:08:40:634  INFO:   STATE MACHINE EXITED: SMLibrary.ReadSM
2013/07/24 14:08:40:636  ACTION: Return Last Command
2013/07/24 14:08:40:649  ACTION: Return Last Command
2013/07/24 14:08:40:651  ACTION: Read PRB EEPROM: Address=0x80 Data=0x00
2013/07/24 14:08:40:652  ACTION: Read PRB EEPROM: Address=0x81 Data=0x00
2013/07/24 14:08:40:653  ACTION: Read PRB EEPROM: Address=0x82 Data=0x00
2013/07/24 14:08:40:654  ACTION: Read PRB EEPROM: Address=0x83 Data=0x00
2013/07/24 14:08:40:655  ACTION: Read PRB EEPROM: Address=0x84 Data=0x00
2013/07/24 14:08:40:656  ACTION: Read PRB EEPROM: Address=0x85 Data=0x00
2013/07/24 14:08:40:657  ACTION: Read PRB EEPROM: Address=0x86 Data=0x00
2013/07/24 14:08:40:658  ACTION: Read PRB EEPROM: Address=0x87 Data=0x00
2013/07/24 14:08:40:659  ACTION: Read PRB EEPROM: Address=0x88 Data=0x00
2013/07/24 14:08:40:660  ACTION: Read PRB EEPROM: Address=0x89 Data=0x00
2013/07/24 14:08:40:661  ACTION: Read PRB EEPROM: Address=0x8A Data=0x00
2013/07/24 14:08:40:662  ACTION: Read PRB EEPROM: Address=0x8B Data=0x00
2013/07/24 14:08:40:663  ACTION: Read PRB EEPROM: Address=0x8C Data=0x00
2013/07/24 14:08:40:664  ACTION: Read PRB EEPROM: Address=0xA8 Data=0x00
2013/07/24 14:08:40:665  ACTION: Read PRB EEPROM: Address=0xA9 Data=0x00
2013/07/24 14:08:40:667  INFO:   EXECUTING STATE: IronPython.NewTypes.System.Object#IScriptExecState_5$5 Timeout: 00:00:02
2013/07/24 14:08:40:667  EVENT:  SCRIPT-EXEC:EXEC-STATE - TES.Dvt.ScriptExecStateMachine, ID[11]
2013/07/24 14:08:40:667  STATE:  Changing state to ScriptExecStateMachine.ExecState, ID[4]
2013/07/24 14:08:40:668  ACTION: Break Link
2013/07/24 14:08:40:680  EVENT:  Command Completed, ID[34], Command=0x60 (Return Last Command), time since last CMDCompleted: 46 ms,
                                 0x00 : 82801C00 94   
2013/07/24 14:08:40:709  EVENT:  Command Completed, ID[35], Command=0x60 (Return Last Command), time since last CMDCompleted: 29 ms,
                                 0x00 : 82801C00 94   
2013/07/24 14:08:41:152  INFO:   Enabling the timestamp/interval calculations
2013/07/24 14:08:41:153  EVENT:  Marker (Two Second), ID[36], Timestamp=0xC2[full:194]
2013/07/24 14:08:41:408  INFO:   Unregistering the ICD session delegates
2013/07/24 14:08:41:408  EVENT:  Command Completed, ID[37], Command=0xE4 (Break Link)
2013/07/24 14:08:41:568  EVENT:  Disconnected, ID[38], clean
2013/07/24 14:08:41:568  STATE:  Changing state to ScriptExecStateMachine.WaitForNextCmdState, ID[1]
2013/07/24 14:08:41:568  INFO:   STATE EXITED: IronPython.NewTypes.System.Object#IScriptExecState_5$5
2013/07/24 14:08:46:572  EVENT:  SCRIPT-EXEC:EXIT - TES.Dvt.ScriptExecStateMachine, ID[8]
2013/07/24 14:08:46:572  INFO:   Terminating ScriptEngineProcedure
2013/07/24 14:08:46:573  EVENT:  Terminate Dispatch, ID[39]
2013/07/24 14:08:46:573  EVENT:  TES.Dvt.ScriptExecStateMachine.DoneEvent, ID[6]
2013/07/24 14:08:46:573  STATE:  Changing state to ScriptExecStateMachine.IdleState, ID[6]
2013/07/24 14:08:46:582  INFO:   ScriptEngineProcedure Completed
2013/07/24 14:08:46:583  INFO:   Testcase Summary:
2013/07/24 14:08:46:583  RESULT: Test Procedure ScriptEngineProcedure (FAILED)
2013/07/24 14:08:46:583  INFO:   Procedure Runtime = 00:00:24
2013/07/24 14:08:46:590  INFO:   The event dispatch thread ScriptEngineProcedure exited.
