<<<<< Log Header: 07/22/2013 13:40:15 >>>>>
2013/07/22 13:40:15:840 [006256] INFO [NCommunicationSystem.cpp, 108] - nCommunicationSystem, Version=1.8.2.1, Culture=neutral, PublicKeyToken=56b5378c99c0bcfd
2013/07/22 13:40:15:856 [006256] INFO [ExceptionCatchingThread.cpp, 257] - Created the timer thread with id 3832 (0xef8).
2013/07/22 13:40:15:858 [003832] INFO [ExceptionCatchingThread.cpp, 168] - Executing the timer thread procedure...
2013/07/22 13:40:15:862 [006256] INFO [ExceptionCatchingThread.cpp, 257] - Created the dispatch thread with id 6196 (0x1834).
2013/07/22 13:40:15:862 [006196] INFO [ExceptionCatchingThread.cpp, 168] - Executing the dispatch thread procedure...
2013/07/22 13:40:18:865 [006256] DEBUG [Prb.cpp, 252] - PRB logging started.
2013/07/22 13:40:18:946 [006256] DEBUG [Prb.cpp, 130] - Number of FTDI devices: 1
2013/07/22 13:40:18:947 [006256] DEBUG [Prb.cpp, 158] - FTDI Device[0]: ID=67330069
2013/07/22 13:40:18:950 [006256] DEBUG [Prb.cpp, 169] - FTDI handle=162610472
2013/07/22 13:40:18:951 [006256] INFO [Prb.cpp, 179] - FTDI Driver Version 2.08.24.0
2013/07/22 13:40:19:208 [006256] INFO [Prb.cpp, 205] - FTDI Configuration: MaxCurrent=200, CBus5=21, CBus6=0x4
2013/07/22 13:40:19:459 [006256] INFO [Prb.cpp, 246] - PRB driver initialized.
2013/07/22 13:40:19:459 [006256] TRACE [Prb.cpp, 448] - Writing FPGA, Address=0x1008, Data=0x08
2013/07/22 13:40:19:460 [006256] TRACE [Prb.cpp, 1035] - WriteFPGAPacket(0x1008, 0x08):01 00 0D 00 81 00 03 10 08 08 25 D5 0D 
2013/07/22 13:40:19:460 [006376] TRACE [Prb.cpp, 835] - RxStream contents:01 00 0B F1 06 00 00 00 1A F2 0D 
2013/07/22 13:40:19:461 [006376] TRACE [Prb.cpp, 943] - RadioBoardPacket(ACK):01 00 0B F1 06 00 00 00 1A F2 0D 
2013/07/22 13:40:19:462 [006256] DEBUG [Prb.cpp, 466] - Write FPGA completed, Address=0x1008, Data=0x08
2013/07/22 13:40:19:479 [006256] TRACE [Prb.cpp, 493] - Reading FPGA, Address=0x300A
2013/07/22 13:40:19:479 [006256] TRACE [Prb.cpp, 1035] - ReadFPGAPacket(0x300A):01 00 0C 01 82 00 02 30 0A E8 24 0D 
2013/07/22 13:40:19:479 [006376] TRACE [Prb.cpp, 835] - RxStream contents:01 00 0C F2 06 01 00 01 00 6F 2C 0D 
2013/07/22 13:40:19:481 [006376] TRACE [Prb.cpp, 943] - RadioBoardPacket(ACK):01 00 0C F2 06 01 00 01 00 6F 2C 0D 
2013/07/22 13:40:19:481 [006256] DEBUG [Prb.cpp, 512] - Read FPGA completed, Address=0x300A, Data=0x00
2013/07/22 13:40:19:482 [006256] TRACE [Prb.cpp, 448] - Writing FPGA, Address=0x300A, Data=0x03
2013/07/22 13:40:19:483 [006256] TRACE [Prb.cpp, 1035] - WriteFPGAPacket(0x300A, 0x03):01 00 0D 02 81 00 03 30 0A 03 29 4F 0D 
2013/07/22 13:40:19:483 [006376] TRACE [Prb.cpp, 835] - RxStream contents:01 00 0B F3 06 02 00 00 1A 2A 0D 
2013/07/22 13:40:19:484 [006376] TRACE [Prb.cpp, 943] - RadioBoardPacket(ACK):01 00 0B F3 06 02 00 00 1A 2A 0D 
2013/07/22 13:40:19:484 [006256] DEBUG [Prb.cpp, 466] - Write FPGA completed, Address=0x300A, Data=0x03
2013/07/22 13:40:19:497 [006256] INFO [CrossTalkDetector.cpp, 14] - EnterCrossTalkThreshold = 8
2013/07/22 13:40:19:498 [006256] INFO [CrossTalkDetector.cpp, 21] - LeaveCrossTalkThreshold = 4
2013/07/22 13:40:19:499 [006256] INFO [CrossTalkDetector.cpp, 28] - LinkThreshold = 8
2013/07/22 13:40:19:500 [006256] INFO [ExceptionCatchingThread.cpp, 257] - Created the interrupt thread with id 6668 (0x1a0c).
2013/07/22 13:40:19:500 [006668] INFO [ExceptionCatchingThread.cpp, 168] - Executing the interrupt thread procedure...
2013/07/22 13:40:19:501 [006256] DEBUG [Prb.cpp, 252] - PRB logging started.
2013/07/22 13:40:19:502 [006256] INFO [CommunicationSystem.cpp, 640] - Calibrating the PRB CC1020.
2013/07/22 13:40:19:503 [006256] TRACE [Prb.cpp, 448] - Writing FPGA, Address=0x1008, Data=0x01
2013/07/22 13:40:19:504 [006256] TRACE [Prb.cpp, 1035] - WriteFPGAPacket(0x1008, 0x01):01 00 0D 03 81 00 03 10 08 01 26 D3 0D 
2013/07/22 13:40:19:504 [006376] TRACE [Prb.cpp, 835] - RxStream contents:01 00 0B F4 06 03 00 00 1B 56 0D 
2013/07/22 13:40:19:505 [006376] TRACE [Prb.cpp, 943] - RadioBoardPacket(ACK):01 00 0B F4 06 03 00 00 1B 56 0D 
2013/07/22 13:40:19:505 [006256] DEBUG [Prb.cpp, 466] - Write FPGA completed, Address=0x1008, Data=0x01
2013/07/22 13:40:19:586 [006376] TRACE [Prb.cpp, 835] - RxStream contents:01 00 0D F5 00 00 00 02 09 00 9C 55 0D 
2013/07/22 13:40:19:590 [006668] DEBUG [CommunicationSystem.cpp, 1120] - Calibration complete.
2013/07/22 13:40:19:590 [006256] TRACE [Prb.cpp, 493] - Reading FPGA, Address=0x2012
2013/07/22 13:40:19:591 [006256] TRACE [Prb.cpp, 1035] - ReadFPGAPacket(0x2012):01 00 0C 04 82 00 02 20 12 10 72 0D 
2013/07/22 13:40:19:591 [006376] TRACE [Prb.cpp, 835] - RxStream contents:01 00 0C F6 06 04 00 01 00 CB 2A 0D 
2013/07/22 13:40:19:592 [006376] TRACE [Prb.cpp, 943] - RadioBoardPacket(ACK):01 00 0C F6 06 04 00 01 00 CB 2A 0D 
2013/07/22 13:40:19:593 [006256] DEBUG [Prb.cpp, 512] - Read FPGA completed, Address=0x2012, Data=0x00
2013/07/22 13:40:19:594 [006256] INFO [CommunicationSystem.cpp, 653] - CC1020 Calibration succeeded.
2013/07/22 13:40:19:594 [006256] TRACE [Prb.cpp, 448] - Writing FPGA, Address=0x1006, Data=0x08
2013/07/22 13:40:19:595 [006256] TRACE [Prb.cpp, 1035] - WriteFPGAPacket(0x1006, 0x08):01 00 0D 05 81 00 03 10 06 08 84 86 0D 
2013/07/22 13:40:19:595 [006376] TRACE [Prb.cpp, 835] - RxStream contents:01 00 0B F7 06 05 00 00 1B A6 0D 
2013/07/22 13:40:19:596 [006376] TRACE [Prb.cpp, 943] - RadioBoardPacket(ACK):01 00 0B F7 06 05 00 00 1B A6 0D 
2013/07/22 13:40:19:596 [006256] DEBUG [Prb.cpp, 466] - Write FPGA completed, Address=0x1006, Data=0x08
2013/07/22 13:40:19:597 [006256] TRACE [Prb.cpp, 493] - Reading FPGA, Address=0x3000
2013/07/22 13:40:19:598 [006256] TRACE [Prb.cpp, 1035] - ReadFPGAPacket(0x3000):01 00 0C 06 82 00 02 30 00 80 1E 0D 
2013/07/22 13:40:19:598 [006376] TRACE [Prb.cpp, 835] - RxStream contents:01 00 0C F8 06 06 00 01 07 33 34 0D 
2013/07/22 13:40:19:599 [006376] TRACE [Prb.cpp, 943] - RadioBoardPacket(ACK):01 00 0C F8 06 06 00 01 07 33 34 0D 
2013/07/22 13:40:19:599 [006256] DEBUG [Prb.cpp, 512] - Read FPGA completed, Address=0x3000, Data=0x07
2013/07/22 13:40:19:600 [006256] INFO [CommunicationSystem.cpp, 613] - FPGA Revision 7.
2013/07/22 13:40:19:601 [006256] TRACE [Prb.cpp, 584] - Reading CC1020, Address=0x0004
2013/07/22 13:40:19:601 [006256] TRACE [Prb.cpp, 1035] - ReadCC1020Packet(0x04):01 00 0C 07 84 00 02 00 04 59 16 0D 
2013/07/22 13:40:19:601 [006376] TRACE [Prb.cpp, 835] - RxStream contents:01 00 0C F9 06 07 00 01 35 DF 9B 0D 
2013/07/22 13:40:19:602 [006376] TRACE [Prb.cpp, 943] - RadioBoardPacket(ACK):01 00 0C F9 06 07 00 01 35 DF 9B 0D 
2013/07/22 13:40:19:603 [006256] DEBUG [Prb.cpp, 603] - Read CC1020 completed, Address=0x0004, Data=0x35
2013/07/22 13:40:19:603 [006256] INFO [CommunicationSystem.cpp, 614] - CC1020 Frequency 2A 0x35.
2013/07/22 13:40:19:604 [006256] TRACE [Prb.cpp, 584] - Reading CC1020, Address=0x0005
2013/07/22 13:40:19:604 [006256] TRACE [Prb.cpp, 1035] - ReadCC1020Packet(0x05):01 00 0C 08 84 00 02 00 05 F1 1C 0D 
2013/07/22 13:40:19:604 [006376] TRACE [Prb.cpp, 835] - RxStream contents:01 00 0C FA 06 08 00 01 F0 99 05 0D 
2013/07/22 13:40:19:605 [006376] TRACE [Prb.cpp, 943] - RadioBoardPacket(ACK):01 00 0C FA 06 08 00 01 F0 99 05 0D 
2013/07/22 13:40:19:606 [006256] DEBUG [Prb.cpp, 603] - Read CC1020 completed, Address=0x0005, Data=0xF0
2013/07/22 13:40:19:606 [006256] INFO [CommunicationSystem.cpp, 615] - CC1020 Frequency 1A 0xf0.
2013/07/22 13:40:19:607 [006256] TRACE [Prb.cpp, 584] - Reading CC1020, Address=0x0006
2013/07/22 13:40:19:608 [006256] TRACE [Prb.cpp, 1035] - ReadCC1020Packet(0x06):01 00 0C 09 84 00 02 00 06 09 15 0D 
2013/07/22 13:40:19:608 [006376] TRACE [Prb.cpp, 835] - RxStream contents:01 00 0C FB 06 09 00 01 21 F7 E3 0D 
2013/07/22 13:40:19:609 [006376] TRACE [Prb.cpp, 943] - RadioBoardPacket(ACK):01 00 0C FB 06 09 00 01 21 F7 E3 0D 
2013/07/22 13:40:19:609 [006256] DEBUG [Prb.cpp, 603] - Read CC1020 completed, Address=0x0006, Data=0x21
2013/07/22 13:40:19:610 [006256] INFO [CommunicationSystem.cpp, 616] - CC1020 Frequency 0A 0x21.
2013/07/22 13:40:19:610 [006256] TRACE [Prb.cpp, 584] - Reading CC1020, Address=0x0008
2013/07/22 13:40:19:611 [006256] TRACE [Prb.cpp, 1035] - ReadCC1020Packet(0x08):01 00 0C 0A 84 00 02 00 08 01 32 0D 
2013/07/22 13:40:19:611 [006376] TRACE [Prb.cpp, 835] - RxStream contents:01 00 0C FC 06 0A 00 01 35 A3 9D 0D 
2013/07/22 13:40:19:612 [006376] TRACE [Prb.cpp, 943] - RadioBoardPacket(ACK):01 00 0C FC 06 0A 00 01 35 A3 9D 0D 
2013/07/22 13:40:19:612 [006256] DEBUG [Prb.cpp, 603] - Read CC1020 completed, Address=0x0008, Data=0x35
2013/07/22 13:40:19:613 [006256] INFO [CommunicationSystem.cpp, 617] - CC1020 Frequency 2B 0x35.
2013/07/22 13:40:19:613 [006256] TRACE [Prb.cpp, 584] - Reading CC1020, Address=0x0009
2013/07/22 13:40:19:614 [006256] TRACE [Prb.cpp, 1035] - ReadCC1020Packet(0x09):01 00 0C 0B 84 00 02 00 09 79 34 0D 
2013/07/22 13:40:19:614 [006376] TRACE [Prb.cpp, 835] - RxStream contents:01 00 0C FD 06 0B 00 01 FA CD 3F 0D 
2013/07/22 13:40:19:615 [006376] TRACE [Prb.cpp, 943] - RadioBoardPacket(ACK):01 00 0C FD 06 0B 00 01 FA CD 3F 0D 
2013/07/22 13:40:19:616 [006256] DEBUG [Prb.cpp, 603] - Read CC1020 completed, Address=0x0009, Data=0xFA
2013/07/22 13:40:19:616 [006256] INFO [CommunicationSystem.cpp, 618] - CC1020 Frequency 1B 0xfa.
2013/07/22 13:40:19:617 [006256] TRACE [Prb.cpp, 584] - Reading CC1020, Address=0x000A
2013/07/22 13:40:19:617 [006256] TRACE [Prb.cpp, 1035] - ReadCC1020Packet(0x0A):01 00 0C 0C 84 00 02 00 0A 11 38 0D 
2013/07/22 13:40:19:617 [006376] TRACE [Prb.cpp, 835] - RxStream contents:01 00 0C FE 06 0C 00 01 CB 29 99 0D 
2013/07/22 13:40:19:618 [006376] TRACE [Prb.cpp, 943] - RadioBoardPacket(ACK):01 00 0C FE 06 0C 00 01 CB 29 99 0D 
2013/07/22 13:40:19:619 [006256] DEBUG [Prb.cpp, 603] - Read CC1020 completed, Address=0x000A, Data=0xCB
2013/07/22 13:40:19:619 [006256] INFO [CommunicationSystem.cpp, 619] - CC1020 Frequency 0B 0xcb.
2013/07/22 13:40:19:620 [006256] DEBUG [Prb.cpp, 650] - Read EEPROM completed, Address=0x060A, Data=0x00
2013/07/22 13:40:19:620 [006256] INFO [CommunicationSystem.cpp, 620] - RSSI Calibration Reference Center Channel 0.
2013/07/22 13:40:19:621 [006256] TRACE [Prb.cpp, 493] - Reading FPGA, Address=0x3054
2013/07/22 13:40:19:622 [006256] TRACE [Prb.cpp, 1035] - ReadFPGAPacket(0x3054):01 00 0C 0D 82 00 02 30 54 C9 EC 0D 
2013/07/22 13:40:19:622 [006376] TRACE [Prb.cpp, 835] - RxStream contents:01 00 0C FF 06 0D 00 01 07 47 31 0D 
2013/07/22 13:40:19:623 [006376] TRACE [Prb.cpp, 943] - RadioBoardPacket(ACK):01 00 0C FF 06 0D 00 01 07 47 31 0D 
2013/07/22 13:40:19:623 [006256] DEBUG [Prb.cpp, 512] - Read FPGA completed, Address=0x3054, Data=0x07
2013/07/22 13:40:19:624 [006256] INFO [CommunicationSystem.cpp, 621] - CC1020 PA_POWER 0x7.
2013/07/22 13:40:19:624 [006256] TRACE [Prb.cpp, 584] - Reading CC1020, Address=0x001C
2013/07/22 13:40:19:625 [006256] TRACE [Prb.cpp, 1035] - ReadCC1020Packet(0x1C):01 00 0C 0E 84 00 02 00 1C E1 4C 0D 
2013/07/22 13:40:19:625 [006376] TRACE [Prb.cpp, 835] - RxStream contents:01 00 0C 00 06 0E 00 01 07 53 C1 0D 
2013/07/22 13:40:19:626 [006376] TRACE [Prb.cpp, 943] - RadioBoardPacket(ACK):01 00 0C 00 06 0E 00 01 07 53 C1 0D 
2013/07/22 13:40:19:626 [006256] DEBUG [Prb.cpp, 603] - Read CC1020 completed, Address=0x001C, Data=0x07
2013/07/22 13:40:19:627 [006256] INFO [CommunicationSystem.cpp, 622] - CC1020 Transmit Power 0x7.
2013/07/22 13:40:19:627 [006256] TRACE [Prb.cpp, 493] - Reading FPGA, Address=0x3014
2013/07/22 13:40:19:628 [006256] TRACE [Prb.cpp, 1035] - ReadFPGAPacket(0x3014):01 00 0C 0F 82 00 02 30 14 38 6C 0D 
2013/07/22 13:40:19:628 [006376] TRACE [Prb.cpp, 835] - RxStream contents:01 00 0C 01 06 0F 00 01 00 BF D0 0D 
2013/07/22 13:40:19:629 [006376] TRACE [Prb.cpp, 943] - RadioBoardPacket(ACK):01 00 0C 01 06 0F 00 01 00 BF D0 0D 
2013/07/22 13:40:19:629 [006256] DEBUG [Prb.cpp, 512] - Read FPGA completed, Address=0x3014, Data=0x00
2013/07/22 13:40:19:630 [006256] INFO [CommunicationSystem.cpp, 623] - Low Noise Amplifier Circumvented 0.
2013/07/22 13:40:19:631 [006256] TRACE [Prb.cpp, 584] - Reading CC1020, Address=0x0001
2013/07/22 13:40:19:631 [006256] TRACE [Prb.cpp, 1035] - ReadCC1020Packet(0x01):01 00 0C 10 84 00 02 00 01 B1 1C 0D 
2013/07/22 13:40:19:631 [006376] TRACE [Prb.cpp, 835] - RxStream contents:01 00 0C 02 06 10 00 01 0F BB F4 0D 
2013/07/22 13:40:19:632 [006376] TRACE [Prb.cpp, 943] - RadioBoardPacket(ACK):01 00 0C 02 06 10 00 01 0F BB F4 0D 
2013/07/22 13:40:19:633 [006256] DEBUG [Prb.cpp, 603] - Read CC1020 completed, Address=0x0001, Data=0x0F
2013/07/22 13:40:19:633 [006256] INFO [CommunicationSystem.cpp, 624] - Low Noise Amplifier 0xf.
2013/07/22 13:40:19:634 [006256] TRACE [Prb.cpp, 493] - Reading FPGA, Address=0x1006
2013/07/22 13:40:19:634 [006256] TRACE [Prb.cpp, 1035] - ReadFPGAPacket(0x1006):01 00 0C 11 82 00 02 10 06 28 1D 0D 
2013/07/22 13:40:19:634 [006376] TRACE [Prb.cpp, 835] - RxStream contents:01 00 0C 03 06 11 00 01 08 57 E5 0D 
2013/07/22 13:40:19:635 [006376] TRACE [Prb.cpp, 943] - RadioBoardPacket(ACK):01 00 0C 03 06 11 00 01 08 57 E5 0D 
2013/07/22 13:40:19:636 [006256] DEBUG [Prb.cpp, 512] - Read FPGA completed, Address=0x1006, Data=0x08
2013/07/22 13:40:19:636 [006256] INFO [CommunicationSystem.cpp, 625] - Allowed Framing Errors 8.
2013/07/22 13:40:19:639 [006256] INFO [CrossTalkDetector.cpp, 28] - LinkThreshold = 8
2013/07/22 13:40:19:640 [006256] INFO [CrossTalkDetector.cpp, 14] - EnterCrossTalkThreshold = 8
2013/07/22 13:40:19:640 [006256] INFO [CrossTalkDetector.cpp, 21] - LeaveCrossTalkThreshold = 4
2013/07/22 13:40:19:649 [003064] TRACE [Prb.cpp, 493] - Reading FPGA, Address=0x3000
2013/07/22 13:40:19:650 [003064] TRACE [Prb.cpp, 1035] - ReadFPGAPacket(0x3000):01 00 0C 12 82 00 02 30 00 E0 0A 0D 
2013/07/22 13:40:19:650 [006376] TRACE [Prb.cpp, 835] - RxStream contents:01 00 0C 04 06 12 00 01 07 03 C1 0D 
2013/07/22 13:40:19:652 [006376] TRACE [Prb.cpp, 943] - RadioBoardPacket(ACK):01 00 0C 04 06 12 00 01 07 03 C1 0D 
2013/07/22 13:40:19:652 [003064] DEBUG [Prb.cpp, 512] - Read FPGA completed, Address=0x3000, Data=0x07
2013/07/22 13:40:19:653 [003064] TRACE [Prb.cpp, 539] - Writing CC1020, Address=0x001C, Data=0x07
2013/07/22 13:40:19:654 [003064] TRACE [Prb.cpp, 1035] - WriteCC1020Packet(0x1C, 0x07):01 00 0D 13 83 00 03 00 1C 07 3E 84 0D 
2013/07/22 13:40:19:654 [006376] TRACE [Prb.cpp, 835] - RxStream contents:01 00 0B 05 06 13 00 00 30 EE 0D 
2013/07/22 13:40:19:655 [006376] TRACE [Prb.cpp, 943] - RadioBoardPacket(ACK):01 00 0B 05 06 13 00 00 30 EE 0D 
2013/07/22 13:40:19:656 [003064] DEBUG [Prb.cpp, 557] - Write CC1020 completed, Address=0x001C, Data=0x07
2013/07/22 13:40:19:678 [006256] TRACE [Prb.cpp, 493] - Reading FPGA, Address=0x3000
2013/07/22 13:40:19:679 [006256] TRACE [Prb.cpp, 1035] - ReadFPGAPacket(0x3000):01 00 0C 14 82 00 02 30 00 70 0F 0D 
2013/07/22 13:40:19:679 [006376] TRACE [Prb.cpp, 835] - RxStream contents:01 00 0C 06 06 14 00 01 07 0B C2 0D 
2013/07/22 13:40:19:681 [006376] TRACE [Prb.cpp, 943] - RadioBoardPacket(ACK):01 00 0C 06 06 14 00 01 07 0B C2 0D 
2013/07/22 13:40:19:681 [006256] DEBUG [Prb.cpp, 512] - Read FPGA completed, Address=0x3000, Data=0x07
2013/07/22 13:40:19:689 [006256] INFO [CommunicationSystem.cpp, 640] - Calibrating the PRB CC1020.
2013/07/22 13:40:19:690 [006256] TRACE [Prb.cpp, 448] - Writing FPGA, Address=0x1008, Data=0x01
2013/07/22 13:40:19:690 [006256] TRACE [Prb.cpp, 1035] - WriteFPGAPacket(0x1008, 0x01):01 00 0D 15 81 00 03 10 08 01 B1 B0 0D 
2013/07/22 13:40:19:691 [006376] TRACE [Prb.cpp, 835] - RxStream contents:01 00 0B 07 06 15 00 00 B0 65 0D 
2013/07/22 13:40:19:692 [006376] TRACE [Prb.cpp, 943] - RadioBoardPacket(ACK):01 00 0B 07 06 15 00 00 B0 65 0D 
2013/07/22 13:40:19:692 [006256] DEBUG [Prb.cpp, 466] - Write FPGA completed, Address=0x1008, Data=0x01
2013/07/22 13:40:19:779 [006376] TRACE [Prb.cpp, 835] - RxStream contents:01 00 0D 08 00 00 00 02 09 00 EE 86 0D 
2013/07/22 13:40:19:780 [006668] DEBUG [CommunicationSystem.cpp, 1120] - Calibration complete.
2013/07/22 13:40:19:780 [006256] TRACE [Prb.cpp, 493] - Reading FPGA, Address=0x2012
2013/07/22 13:40:19:781 [006256] TRACE [Prb.cpp, 1035] - ReadFPGAPacket(0x2012):01 00 0C 16 82 00 02 20 12 E0 63 0D 
2013/07/22 13:40:19:781 [006376] TRACE [Prb.cpp, 835] - RxStream contents:01 00 0C 09 06 16 00 01 00 0B DF 0D 
2013/07/22 13:40:19:782 [006376] TRACE [Prb.cpp, 943] - RadioBoardPacket(ACK):01 00 0C 09 06 16 00 01 00 0B DF 0D 
2013/07/22 13:40:19:783 [006256] DEBUG [Prb.cpp, 512] - Read FPGA completed, Address=0x2012, Data=0x00
2013/07/22 13:40:19:783 [006256] INFO [CommunicationSystem.cpp, 653] - CC1020 Calibration succeeded.
2013/07/22 13:40:19:789 [006256] TRACE [Prb.cpp, 584] - Reading CC1020, Address=0x0004
2013/07/22 13:40:19:789 [006256] TRACE [Prb.cpp, 1035] - ReadCC1020Packet(0x04):01 00 0C 17 84 00 02 00 04 D9 04 0D 
2013/07/22 13:40:19:790 [006376] TRACE [Prb.cpp, 835] - RxStream contents:01 00 0C 0A 06 17 00 01 35 17 62 0D 
2013/07/22 13:40:19:791 [006376] TRACE [Prb.cpp, 943] - RadioBoardPacket(ACK):01 00 0C 0A 06 17 00 01 35 17 62 0D 
2013/07/22 13:40:19:791 [006256] DEBUG [Prb.cpp, 603] - Read CC1020 completed, Address=0x0004, Data=0x35
2013/07/22 13:40:19:794 [006256] TRACE [Prb.cpp, 584] - Reading CC1020, Address=0x0005
2013/07/22 13:40:19:794 [006256] TRACE [Prb.cpp, 1035] - ReadCC1020Packet(0x05):01 00 0C 18 84 00 02 00 05 71 0E 0D 
2013/07/22 13:40:19:794 [006376] TRACE [Prb.cpp, 835] - RxStream contents:01 00 0C 0B 06 18 00 01 F0 21 FF 0D 
2013/07/22 13:40:19:795 [006376] TRACE [Prb.cpp, 943] - RadioBoardPacket(ACK):01 00 0C 0B 06 18 00 01 F0 21 FF 0D 
2013/07/22 13:40:19:796 [006256] DEBUG [Prb.cpp, 603] - Read CC1020 completed, Address=0x0005, Data=0xF0
2013/07/22 13:40:19:797 [006256] TRACE [Prb.cpp, 584] - Reading CC1020, Address=0x0006
2013/07/22 13:40:19:798 [006256] TRACE [Prb.cpp, 1035] - ReadCC1020Packet(0x06):01 00 0C 19 84 00 02 00 06 89 07 0D 
2013/07/22 13:40:19:798 [006376] TRACE [Prb.cpp, 835] - RxStream contents:01 00 0C 0C 06 19 00 01 21 DF 1C 0D 
2013/07/22 13:40:19:799 [006376] TRACE [Prb.cpp, 943] - RadioBoardPacket(ACK):01 00 0C 0C 06 19 00 01 21 DF 1C 0D 
2013/07/22 13:40:19:800 [006256] DEBUG [Prb.cpp, 603] - Read CC1020 completed, Address=0x0006, Data=0x21
2013/07/22 13:40:19:801 [006256] TRACE [Prb.cpp, 584] - Reading CC1020, Address=0x0007
2013/07/22 13:40:19:801 [006256] TRACE [Prb.cpp, 1035] - ReadCC1020Packet(0x07):01 00 0C 1A 84 00 02 00 07 81 02 0D 
2013/07/22 13:40:19:801 [006376] TRACE [Prb.cpp, 835] - RxStream contents:01 00 0C 0D 06 1A 00 01 38 9B 4A 0D 
2013/07/22 13:40:19:803 [006376] TRACE [Prb.cpp, 943] - RadioBoardPacket(ACK):01 00 0C 0D 06 1A 00 01 38 9B 4A 0D 
2013/07/22 13:40:19:803 [006256] DEBUG [Prb.cpp, 603] - Read CC1020 completed, Address=0x0007, Data=0x38
2013/07/22 13:40:19:804 [006256] TRACE [Prb.cpp, 584] - Reading CC1020, Address=0x0008
2013/07/22 13:40:19:805 [006256] TRACE [Prb.cpp, 1035] - ReadCC1020Packet(0x08):01 00 0C 1B 84 00 02 00 08 79 23 0D 
2013/07/22 13:40:19:805 [006376] TRACE [Prb.cpp, 835] - RxStream contents:01 00 0C 0E 06 1B 00 01 35 07 64 0D 
2013/07/22 13:40:19:806 [006376] TRACE [Prb.cpp, 943] - RadioBoardPacket(ACK):01 00 0C 0E 06 1B 00 01 35 07 64 0D 
2013/07/22 13:40:19:806 [006256] DEBUG [Prb.cpp, 603] - Read CC1020 completed, Address=0x0008, Data=0x35
2013/07/22 13:40:19:808 [006256] TRACE [Prb.cpp, 584] - Reading CC1020, Address=0x0009
2013/07/22 13:40:19:808 [006256] TRACE [Prb.cpp, 1035] - ReadCC1020Packet(0x09):01 00 0C 1C 84 00 02 00 09 91 20 0D 
2013/07/22 13:40:19:808 [006376] TRACE [Prb.cpp, 835] - RxStream contents:01 00 0C 0F 06 1C 00 01 FA 11 C6 0D 
2013/07/22 13:40:19:809 [006376] TRACE [Prb.cpp, 943] - RadioBoardPacket(ACK):01 00 0C 0F 06 1C 00 01 FA 11 C6 0D 
2013/07/22 13:40:19:810 [006256] DEBUG [Prb.cpp, 603] - Read CC1020 completed, Address=0x0009, Data=0xFA
2013/07/22 13:40:19:811 [006256] TRACE [Prb.cpp, 584] - Reading CC1020, Address=0x000A
2013/07/22 13:40:19:812 [006256] TRACE [Prb.cpp, 1035] - ReadCC1020Packet(0x0A):01 00 0C 1D 84 00 02 00 0A 69 29 0D 
2013/07/22 13:40:19:812 [006376] TRACE [Prb.cpp, 835] - RxStream contents:01 00 0C 10 06 1D 00 01 CB AD 7D 0D 
2013/07/22 13:40:19:813 [006376] TRACE [Prb.cpp, 943] - RadioBoardPacket(ACK):01 00 0C 10 06 1D 00 01 CB AD 7D 0D 
2013/07/22 13:40:19:813 [006256] DEBUG [Prb.cpp, 603] - Read CC1020 completed, Address=0x000A, Data=0xCB
2013/07/22 13:40:19:814 [006256] TRACE [Prb.cpp, 584] - Reading CC1020, Address=0x000B
2013/07/22 13:40:19:815 [006256] TRACE [Prb.cpp, 1035] - ReadCC1020Packet(0x0B):01 00 0C 1E 84 00 02 00 0B 61 2C 0D 
2013/07/22 13:40:19:815 [006376] TRACE [Prb.cpp, 835] - RxStream contents:01 00 0C 11 06 1E 00 01 38 6B 54 0D 
2013/07/22 13:40:19:816 [006376] TRACE [Prb.cpp, 943] - RadioBoardPacket(ACK):01 00 0C 11 06 1E 00 01 38 6B 54 0D 
2013/07/22 13:40:19:816 [006256] DEBUG [Prb.cpp, 603] - Read CC1020 completed, Address=0x000B, Data=0x38
2013/07/22 13:40:19:818 [006256] TRACE [Prb.cpp, 584] - Reading CC1020, Address=0x001D
2013/07/22 13:40:19:818 [006256] TRACE [Prb.cpp, 1035] - ReadCC1020Packet(0x1D):01 00 0C 1F 84 00 02 00 1D 19 58 0D 
2013/07/22 13:40:19:818 [006376] TRACE [Prb.cpp, 835] - RxStream contents:01 00 0C 12 06 1F 00 01 00 F7 C4 0D 
2013/07/22 13:40:19:819 [006376] TRACE [Prb.cpp, 943] - RadioBoardPacket(ACK):01 00 0C 12 06 1F 00 01 00 F7 C4 0D 
2013/07/22 13:40:19:820 [006256] DEBUG [Prb.cpp, 603] - Read CC1020 completed, Address=0x001D, Data=0x00
2013/07/22 13:40:19:821 [006256] TRACE [Prb.cpp, 584] - Reading CC1020, Address=0x0045
2013/07/22 13:40:19:822 [006256] TRACE [Prb.cpp, 1035] - ReadCC1020Packet(0x45):01 00 0C 20 84 00 02 00 45 B0 B7 0D 
2013/07/22 13:40:19:822 [006376] TRACE [Prb.cpp, 835] - RxStream contents:01 00 0C 13 06 20 00 01 5C 02 05 0D 
2013/07/22 13:40:19:823 [006376] TRACE [Prb.cpp, 943] - RadioBoardPacket(ACK):01 00 0C 13 06 20 00 01 5C 02 05 0D 
2013/07/22 13:40:19:823 [006256] DEBUG [Prb.cpp, 603] - Read CC1020 completed, Address=0x0045, Data=0x5C
2013/07/22 13:40:19:824 [006256] TRACE [Prb.cpp, 584] - Reading CC1020, Address=0x0046
2013/07/22 13:40:19:825 [006256] TRACE [Prb.cpp, 1035] - ReadCC1020Packet(0x46):01 00 0C 21 84 00 02 00 46 48 BE 0D 
2013/07/22 13:40:19:825 [006376] TRACE [Prb.cpp, 835] - RxStream contents:01 00 0C 14 06 21 00 01 66 FE 9C 0D 
2013/07/22 13:40:19:826 [006376] TRACE [Prb.cpp, 943] - RadioBoardPacket(ACK):01 00 0C 14 06 21 00 01 66 FE 9C 0D 
2013/07/22 13:40:19:826 [006256] DEBUG [Prb.cpp, 603] - Read CC1020 completed, Address=0x0046, Data=0x66
2013/07/22 13:40:19:828 [006256] TRACE [Prb.cpp, 584] - Reading CC1020, Address=0x0047
2013/07/22 13:40:19:828 [006256] TRACE [Prb.cpp, 1035] - ReadCC1020Packet(0x47):01 00 0C 22 84 00 02 00 47 40 BB 0D 
2013/07/22 13:40:19:828 [006376] TRACE [Prb.cpp, 835] - RxStream contents:01 00 0C 15 06 22 00 01 44 3A 53 0D 
2013/07/22 13:40:19:829 [006376] TRACE [Prb.cpp, 943] - RadioBoardPacket(ACK):01 00 0C 15 06 22 00 01 44 3A 53 0D 
2013/07/22 13:40:19:830 [006256] DEBUG [Prb.cpp, 603] - Read CC1020 completed, Address=0x0047, Data=0x44
2013/07/22 13:40:19:837 [006256] TRACE [Prb.cpp, 493] - Reading FPGA, Address=0x305E
2013/07/22 13:40:19:838 [006256] TRACE [Prb.cpp, 1035] - ReadFPGAPacket(0x305E):01 00 0C 23 82 00 02 30 5E 99 FD 0D 
2013/07/22 13:40:19:838 [006376] TRACE [Prb.cpp, 835] - RxStream contents:01 00 0C 16 06 23 00 01 00 27 C8 0D 
2013/07/22 13:40:19:839 [006376] TRACE [Prb.cpp, 943] - RadioBoardPacket(ACK):01 00 0C 16 06 23 00 01 00 27 C8 0D 
2013/07/22 13:40:19:840 [006256] DEBUG [Prb.cpp, 512] - Read FPGA completed, Address=0x305E, Data=0x00
2013/07/22 13:40:19:840 [006256] TRACE [Prb.cpp, 493] - Reading FPGA, Address=0x3060
2013/07/22 13:40:19:841 [006256] TRACE [Prb.cpp, 1035] - ReadFPGAPacket(0x3060):01 00 0C 24 82 00 02 30 60 71 7C 0D 
2013/07/22 13:40:19:841 [006376] TRACE [Prb.cpp, 835] - RxStream contents:01 00 0C 17 06 24 00 01 00 33 C8 0D 
2013/07/22 13:40:19:842 [006376] TRACE [Prb.cpp, 943] - RadioBoardPacket(ACK):01 00 0C 17 06 24 00 01 00 33 C8 0D 
2013/07/22 13:40:19:843 [006256] DEBUG [Prb.cpp, 512] - Read FPGA completed, Address=0x3060, Data=0x00
2013/07/22 13:40:19:843 [006256] TRACE [Prb.cpp, 493] - Reading FPGA, Address=0x3062
2013/07/22 13:40:19:844 [006256] TRACE [Prb.cpp, 1035] - ReadFPGAPacket(0x3062):01 00 0C 25 82 00 02 30 62 09 70 0D 
2013/07/22 13:40:19:844 [006376] TRACE [Prb.cpp, 835] - RxStream contents:01 00 0C 18 06 25 00 01 00 8F C4 0D 
2013/07/22 13:40:19:845 [006376] TRACE [Prb.cpp, 943] - RadioBoardPacket(ACK):01 00 0C 18 06 25 00 01 00 8F C4 0D 
2013/07/22 13:40:19:846 [006256] DEBUG [Prb.cpp, 512] - Read FPGA completed, Address=0x3062, Data=0x00
2013/07/22 13:40:19:850 [006256] TRACE [Prb.cpp, 493] - Reading FPGA, Address=0x3066
2013/07/22 13:40:19:851 [006256] TRACE [Prb.cpp, 1035] - ReadFPGAPacket(0x3066):01 00 0C 26 82 00 02 30 66 01 6B 0D 
2013/07/22 13:40:19:851 [006376] TRACE [Prb.cpp, 835] - RxStream contents:01 00 0C 19 06 26 00 01 00 4B C7 0D 
2013/07/22 13:40:19:852 [006376] TRACE [Prb.cpp, 943] - RadioBoardPacket(ACK):01 00 0C 19 06 26 00 01 00 4B C7 0D 
2013/07/22 13:40:19:853 [006256] DEBUG [Prb.cpp, 512] - Read FPGA completed, Address=0x3066, Data=0x00
2013/07/22 13:40:19:853 [006256] TRACE [Prb.cpp, 493] - Reading FPGA, Address=0x3068
2013/07/22 13:40:19:854 [006256] TRACE [Prb.cpp, 1035] - ReadFPGAPacket(0x3068):01 00 0C 27 82 00 02 30 68 79 4F 0D 
2013/07/22 13:40:19:854 [006376] TRACE [Prb.cpp, 835] - RxStream contents:01 00 0C 1A 06 27 00 01 00 57 C4 0D 
2013/07/22 13:40:19:855 [006376] TRACE [Prb.cpp, 943] - RadioBoardPacket(ACK):01 00 0C 1A 06 27 00 01 00 57 C4 0D 
2013/07/22 13:40:19:856 [006256] DEBUG [Prb.cpp, 512] - Read FPGA completed, Address=0x3068, Data=0x00
2013/07/22 13:40:19:856 [006256] TRACE [Prb.cpp, 493] - Reading FPGA, Address=0x306A
2013/07/22 13:40:19:857 [006256] TRACE [Prb.cpp, 1035] - ReadFPGAPacket(0x306A):01 00 0C 28 82 00 02 30 6A D1 4F 0D 
2013/07/22 13:40:19:857 [006376] TRACE [Prb.cpp, 835] - RxStream contents:01 00 0C 1B 06 28 00 01 00 63 C7 0D 
2013/07/22 13:40:19:858 [006376] TRACE [Prb.cpp, 943] - RadioBoardPacket(ACK):01 00 0C 1B 06 28 00 01 00 63 C7 0D 
2013/07/22 13:40:19:858 [006256] DEBUG [Prb.cpp, 512] - Read FPGA completed, Address=0x306A, Data=0x00
2013/07/22 13:40:19:861 [006256] TRACE [Prb.cpp, 448] - Writing FPGA, Address=0x1026, Data=0x00
2013/07/22 13:40:19:861 [006256] TRACE [Prb.cpp, 1035] - WriteFPGAPacket(0x1026, 0x00):01 00 0D 29 81 00 03 10 26 00 EA 75 0D 
2013/07/22 13:40:19:861 [006376] TRACE [Prb.cpp, 835] - RxStream contents:01 00 0B 1C 06 29 00 00 B7 9D 0D 
2013/07/22 13:40:19:862 [006376] TRACE [Prb.cpp, 943] - RadioBoardPacket(ACK):01 00 0B 1C 06 29 00 00 B7 9D 0D 
2013/07/22 13:40:19:863 [006256] DEBUG [Prb.cpp, 466] - Write FPGA completed, Address=0x1026, Data=0x00
2013/07/22 13:40:19:869 [003064] TRACE [Prb.cpp, 539] - Writing CC1020, Address=0x001C, Data=0x07
2013/07/22 13:40:19:870 [003064] TRACE [Prb.cpp, 1035] - WriteCC1020Packet(0x1C, 0x07):01 00 0D 2A 83 00 03 00 1C 07 04 14 0D 
2013/07/22 13:40:19:870 [006376] TRACE [Prb.cpp, 835] - RxStream contents:01 00 0B 1D 06 2A 00 00 37 DA 0D 
2013/07/22 13:40:19:872 [006376] TRACE [Prb.cpp, 943] - RadioBoardPacket(ACK):01 00 0B 1D 06 2A 00 00 37 DA 0D 
2013/07/22 13:40:19:872 [003064] DEBUG [Prb.cpp, 557] - Write CC1020 completed, Address=0x001C, Data=0x07
2013/07/22 13:40:19:874 [003064] TRACE [Prb.cpp, 448] - Writing FPGA, Address=0x3012, Data=0x01
2013/07/22 13:40:19:875 [003064] TRACE [Prb.cpp, 1035] - WriteFPGAPacket(0x3012, 0x01):01 00 0D 2B 81 00 03 30 12 01 52 D3 0D 
2013/07/22 13:40:19:875 [006376] TRACE [Prb.cpp, 835] - RxStream contents:01 00 0B 1E 06 2B 00 00 B7 45 0D 
2013/07/22 13:40:19:876 [006376] TRACE [Prb.cpp, 943] - RadioBoardPacket(ACK):01 00 0B 1E 06 2B 00 00 B7 45 0D 
2013/07/22 13:40:19:877 [003064] DEBUG [Prb.cpp, 466] - Write FPGA completed, Address=0x3012, Data=0x01
2013/07/22 13:40:19:877 [003064] TRACE [Prb.cpp, 493] - Reading FPGA, Address=0x1004
2013/07/22 13:40:19:878 [003064] TRACE [Prb.cpp, 1035] - ReadFPGAPacket(0x1004):01 00 0C 2C 82 00 02 10 04 F0 2D 0D 
2013/07/22 13:40:19:878 [006376] TRACE [Prb.cpp, 835] - RxStream contents:01 00 0C 1F 06 2C 00 01 00 53 C2 0D 
2013/07/22 13:40:19:879 [006376] TRACE [Prb.cpp, 943] - RadioBoardPacket(ACK):01 00 0C 1F 06 2C 00 01 00 53 C2 0D 
2013/07/22 13:40:19:880 [003064] DEBUG [Prb.cpp, 512] - Read FPGA completed, Address=0x1004, Data=0x00
2013/07/22 13:40:19:880 [003064] TRACE [Prb.cpp, 448] - Writing FPGA, Address=0x1004, Data=0x00
2013/07/22 13:40:19:881 [003064] TRACE [Prb.cpp, 1035] - WriteFPGAPacket(0x1004, 0x00):01 00 0D 2D 81 00 03 10 04 00 A2 36 0D 
2013/07/22 13:40:19:881 [006376] TRACE [Prb.cpp, 835] - RxStream contents:01 00 0B 20 06 2D 00 00 3D 6E 0D 
2013/07/22 13:40:19:882 [006376] TRACE [Prb.cpp, 943] - RadioBoardPacket(ACK):01 00 0B 20 06 2D 00 00 3D 6E 0D 
2013/07/22 13:40:19:883 [003064] DEBUG [Prb.cpp, 466] - Write FPGA completed, Address=0x1004, Data=0x00
2013/07/22 13:40:19:885 [006196] INFO [CommunicationSystemStates.cpp, 130] - Scan requested. Preamble Burst Duration: 9 seconds. Preamble Burst Data Rate: 2.
2013/07/22 13:40:19:886 [006196] TRACE [Prb.cpp, 448] - Writing FPGA, Address=0x1002, Data=0x09
2013/07/22 13:40:19:886 [006196] TRACE [Prb.cpp, 1035] - WriteFPGAPacket(0x1002, 0x09):01 00 0D 2E 81 00 03 10 02 09 B5 30 0D 
2013/07/22 13:40:19:886 [006376] TRACE [Prb.cpp, 835] - RxStream contents:01 00 0B 21 06 2E 00 00 BD 29 0D 
2013/07/22 13:40:19:888 [006376] TRACE [Prb.cpp, 943] - RadioBoardPacket(ACK):01 00 0B 21 06 2E 00 00 BD 29 0D 
2013/07/22 13:40:19:888 [006196] DEBUG [Prb.cpp, 466] - Write FPGA completed, Address=0x1002, Data=0x09
2013/07/22 13:40:19:889 [006196] TRACE [Prb.cpp, 493] - Reading FPGA, Address=0x1004
2013/07/22 13:40:19:889 [006196] TRACE [Prb.cpp, 1035] - ReadFPGAPacket(0x1004):01 00 0C 2F 82 00 02 10 04 78 2D 0D 
2013/07/22 13:40:19:889 [006376] TRACE [Prb.cpp, 835] - RxStream contents:01 00 0C 22 06 2F 00 01 00 37 FD 0D 
2013/07/22 13:40:19:890 [006376] TRACE [Prb.cpp, 943] - RadioBoardPacket(ACK):01 00 0C 22 06 2F 00 01 00 37 FD 0D 
2013/07/22 13:40:19:891 [006196] DEBUG [Prb.cpp, 512] - Read FPGA completed, Address=0x1004, Data=0x00
2013/07/22 13:40:19:891 [006196] TRACE [Prb.cpp, 448] - Writing FPGA, Address=0x1004, Data=0x08
2013/07/22 13:40:19:892 [006196] TRACE [Prb.cpp, 1035] - WriteFPGAPacket(0x1004, 0x08):01 00 0D 30 81 00 03 10 04 08 3E D5 0D 
2013/07/22 13:40:19:892 [006376] TRACE [Prb.cpp, 835] - RxStream contents:01 00 0B 23 06 30 00 00 3C 42 0D 
2013/07/22 13:40:19:893 [006376] TRACE [Prb.cpp, 943] - RadioBoardPacket(ACK):01 00 0B 23 06 30 00 00 3C 42 0D 
2013/07/22 13:40:19:893 [006196] DEBUG [Prb.cpp, 466] - Write FPGA completed, Address=0x1004, Data=0x08
2013/07/22 13:40:19:894 [006196] TRACE [Prb.cpp, 448] - Writing FPGA, Address=0x1008, Data=0x02
2013/07/22 13:40:19:895 [006196] TRACE [Prb.cpp, 1035] - WriteFPGAPacket(0x1008, 0x02):01 00 0D 31 81 00 03 10 08 02 97 FA 0D 
2013/07/22 13:40:19:895 [006376] TRACE [Prb.cpp, 835] - RxStream contents:01 00 0B 24 06 31 00 00 3D 3E 0D 
2013/07/22 13:40:19:896 [006376] TRACE [Prb.cpp, 943] - RadioBoardPacket(ACK):01 00 0B 24 06 31 00 00 3D 3E 0D 
2013/07/22 13:40:19:896 [006196] DEBUG [Prb.cpp, 466] - Write FPGA completed, Address=0x1008, Data=0x02
2013/07/22 13:40:31:018 [006668] INFO [CommunicationSystemStates.cpp, 168] - Scan complete
2013/07/22 13:40:31:019 [006668] TRACE [Prb.cpp, 584] - Reading CC1020, Address=0x0004
2013/07/22 13:40:31:020 [006668] TRACE [Prb.cpp, 1035] - ReadCC1020Packet(0x04):01 00 0C 32 84 00 02 00 04 41 20 0D 
2013/07/22 13:40:31:020 [006376] TRACE [Prb.cpp, 835] - RxStream contents:01 00 0C 26 06 32 00 01 35 F3 40 0D 
2013/07/22 13:40:31:021 [006376] TRACE [Prb.cpp, 943] - RadioBoardPacket(ACK):01 00 0C 26 06 32 00 01 35 F3 40 0D 
2013/07/22 13:40:31:022 [006668] DEBUG [Prb.cpp, 603] - Read CC1020 completed, Address=0x0004, Data=0x35
2013/07/22 13:40:31:022 [006668] TRACE [Prb.cpp, 584] - Reading CC1020, Address=0x0005
2013/07/22 13:40:31:023 [006668] TRACE [Prb.cpp, 1035] - ReadCC1020Packet(0x05):01 00 0C 33 84 00 02 00 05 39 26 0D 
2013/07/22 13:40:31:023 [006376] TRACE [Prb.cpp, 835] - RxStream contents:01 00 0C 27 06 33 00 01 F0 9D DE 0D 
2013/07/22 13:40:31:024 [006376] TRACE [Prb.cpp, 943] - RadioBoardPacket(ACK):01 00 0C 27 06 33 00 01 F0 9D DE 0D 
2013/07/22 13:40:31:024 [006668] DEBUG [Prb.cpp, 603] - Read CC1020 completed, Address=0x0005, Data=0xF0
2013/07/22 13:40:31:025 [006668] TRACE [Prb.cpp, 584] - Reading CC1020, Address=0x0006
2013/07/22 13:40:31:025 [006668] TRACE [Prb.cpp, 1035] - ReadCC1020Packet(0x06):01 00 0C 34 84 00 02 00 06 51 2A 0D 
2013/07/22 13:40:31:026 [006376] TRACE [Prb.cpp, 835] - RxStream contents:01 00 0C 28 06 34 00 01 21 5B 34 0D 
2013/07/22 13:40:31:026 [006376] TRACE [Prb.cpp, 943] - RadioBoardPacket(ACK):01 00 0C 28 06 34 00 01 21 5B 34 0D 
2013/07/22 13:40:31:027 [006668] DEBUG [Prb.cpp, 603] - Read CC1020 completed, Address=0x0006, Data=0x21
2013/07/22 13:40:31:027 [006668] TRACE [Prb.cpp, 584] - Reading CC1020, Address=0x0008
2013/07/22 13:40:31:028 [006376] TRACE [Prb.cpp, 835] - RxStream contents:01 00 0C 29 06 35 00 01 35 37 4C 0D 
2013/07/22 13:40:31:028 [006668] TRACE [Prb.cpp, 1035] - ReadCC1020Packet(0x08):01 00 0C 35 84 00 02 00 08 29 0E 0D 
2013/07/22 13:40:31:029 [006376] TRACE [Prb.cpp, 943] - RadioBoardPacket(ACK):01 00 0C 29 06 35 00 01 35 37 4C 0D 
2013/07/22 13:40:31:030 [006668] DEBUG [Prb.cpp, 603] - Read CC1020 completed, Address=0x0008, Data=0x35
2013/07/22 13:40:31:030 [006668] TRACE [Prb.cpp, 584] - Reading CC1020, Address=0x0009
2013/07/22 13:40:31:031 [006668] TRACE [Prb.cpp, 1035] - ReadCC1020Packet(0x09):01 00 0C 36 84 00 02 00 09 21 0B 0D 
2013/07/22 13:40:31:031 [006376] TRACE [Prb.cpp, 835] - RxStream contents:01 00 0C 2A 06 36 00 01 FA 81 EE 0D 
2013/07/22 13:40:31:032 [006376] TRACE [Prb.cpp, 943] - RadioBoardPacket(ACK):01 00 0C 2A 06 36 00 01 FA 81 EE 0D 
2013/07/22 13:40:31:033 [006668] DEBUG [Prb.cpp, 603] - Read CC1020 completed, Address=0x0009, Data=0xFA
2013/07/22 13:40:31:033 [006668] TRACE [Prb.cpp, 584] - Reading CC1020, Address=0x000A
2013/07/22 13:40:31:034 [006668] TRACE [Prb.cpp, 1035] - ReadCC1020Packet(0x0A):01 00 0C 37 84 00 02 00 0A D9 02 0D 
2013/07/22 13:40:31:034 [006376] TRACE [Prb.cpp, 835] - RxStream contents:01 00 0C 2B 06 37 00 01 CB 6D 4B 0D 
2013/07/22 13:40:31:035 [006376] TRACE [Prb.cpp, 943] - RadioBoardPacket(ACK):01 00 0C 2B 06 37 00 01 CB 6D 4B 0D 
2013/07/22 13:40:31:035 [006668] DEBUG [Prb.cpp, 603] - Read CC1020 completed, Address=0x000A, Data=0xCB
2013/07/22 13:40:31:036 [006668] TRACE [Prb.cpp, 584] - Reading CC1020, Address=0x000F
2013/07/22 13:40:31:036 [006668] TRACE [Prb.cpp, 1035] - ReadCC1020Packet(0x0F):01 00 0C 38 84 00 02 00 0F F1 13 0D 
2013/07/22 13:40:31:036 [006376] TRACE [Prb.cpp, 835] - RxStream contents:01 00 0C 2C 06 38 00 01 DF C9 35 0D 
2013/07/22 13:40:31:037 [006376] TRACE [Prb.cpp, 943] - RadioBoardPacket(ACK):01 00 0C 2C 06 38 00 01 DF C9 35 0D 
2013/07/22 13:40:31:038 [006668] DEBUG [Prb.cpp, 603] - Read CC1020 completed, Address=0x000F, Data=0xDF
2013/07/22 13:40:31:038 [006668] TRACE [Prb.cpp, 584] - Reading CC1020, Address=0x0010
2013/07/22 13:40:31:039 [006668] TRACE [Prb.cpp, 1035] - ReadCC1020Packet(0x10):01 00 0C 39 84 00 02 00 10 89 51 0D 
2013/07/22 13:40:31:039 [006376] TRACE [Prb.cpp, 835] - RxStream contents:01 00 0C 2D 06 39 00 01 80 A4 F7 0D 
2013/07/22 13:40:31:040 [006376] TRACE [Prb.cpp, 943] - RadioBoardPacket(ACK):01 00 0C 2D 06 39 00 01 80 A4 F7 0D 
2013/07/22 13:40:31:041 [006668] DEBUG [Prb.cpp, 603] - Read CC1020 completed, Address=0x0010, Data=0x80
2013/07/22 13:40:31:041 [006668] TRACE [Prb.cpp, 584] - Reading CC1020, Address=0x0013
2013/07/22 13:40:31:042 [006668] TRACE [Prb.cpp, 1035] - ReadCC1020Packet(0x13):01 00 0C 3A 84 00 02 00 13 01 5B 0D 
2013/07/22 13:40:31:042 [006376] TRACE [Prb.cpp, 835] - RxStream contents:01 00 0C 2E 06 3A 00 01 33 93 5E 0D 
2013/07/22 13:40:31:043 [006376] TRACE [Prb.cpp, 943] - RadioBoardPacket(ACK):01 00 0C 2E 06 3A 00 01 33 93 5E 0D 
2013/07/22 13:40:31:043 [006668] DEBUG [Prb.cpp, 603] - Read CC1020 completed, Address=0x0013, Data=0x33
2013/07/22 13:40:31:044 [006668] TRACE [Prb.cpp, 584] - Reading CC1020, Address=0x0014
2013/07/22 13:40:31:044 [006668] TRACE [Prb.cpp, 1035] - ReadCC1020Packet(0x14):01 00 0C 3B 84 00 02 00 14 79 49 0D 
2013/07/22 13:40:31:044 [006376] TRACE [Prb.cpp, 835] - RxStream contents:01 00 0C 2F 06 3B 00 01 3D 7F 79 0D 
2013/07/22 13:40:31:045 [006376] TRACE [Prb.cpp, 943] - RadioBoardPacket(ACK):01 00 0C 2F 06 3B 00 01 3D 7F 79 0D 
2013/07/22 13:40:31:046 [006668] DEBUG [Prb.cpp, 603] - Read CC1020 completed, Address=0x0014, Data=0x3D
2013/07/22 13:40:31:046 [006668] TRACE [Prb.cpp, 584] - Reading CC1020, Address=0x0043
2013/07/22 13:40:31:047 [006376] TRACE [Prb.cpp, 835] - RxStream contents:01 00 0C 30 06 3C 00 01 00 BB EA 0D 
2013/07/22 13:40:31:047 [006668] TRACE [Prb.cpp, 1035] - ReadCC1020Packet(0x43):01 00 0C 3C 84 00 02 00 43 90 BE 0D 
2013/07/22 13:40:31:048 [006376] TRACE [Prb.cpp, 943] - RadioBoardPacket(ACK):01 00 0C 30 06 3C 00 01 00 BB EA 0D 
2013/07/22 13:40:31:049 [006668] DEBUG [Prb.cpp, 603] - Read CC1020 completed, Address=0x0043, Data=0x00
2013/07/22 13:40:31:049 [006668] DEBUG [ComSysDiagnostics.cpp, 63] - CC1020 [Scan complete] FREQ_2A: 0x35 FREQ_1A: 0xf0 FREQ_0A: 0x21
2013/07/22 13:40:31:050 [006668] DEBUG [ComSysDiagnostics.cpp, 67] - CC1020 [Scan complete] FREQ_2B: 0x35 FREQ_1B: 0xfa FREQ_0B: 0xcb
2013/07/22 13:40:31:051 [006668] DEBUG [ComSysDiagnostics.cpp, 72] - CC1020 [Scan complete] AFC_CONTROL: 0xdf FILTER: 0x80 VGA3: 0x33 VGA4: 0x3d AFC: 0x00
2013/07/22 13:40:31:051 [006668] INFO [CommunicationSystemStates.cpp, 173] - Found 1 valid ids during the scan operation.
2013/07/22 13:40:31:053 [006668] INFO [CommunicationSystemStates.cpp, 190] - Id: 0x801c0094.
2013/07/22 13:40:31:055 [006668] INFO [CommunicationSystemStates.cpp, 198] - Found 0 invalid ids during the scan operation.
2013/07/22 13:40:31:058 [006196] INFO [CommunicationSystemStates.cpp, 130] - Scan requested. Preamble Burst Duration: 2 seconds. Preamble Burst Data Rate: 0.
2013/07/22 13:40:31:058 [006196] TRACE [Prb.cpp, 448] - Writing FPGA, Address=0x1002, Data=0x02
2013/07/22 13:40:31:059 [006196] TRACE [Prb.cpp, 1035] - WriteFPGAPacket(0x1002, 0x02):01 00 0D 3D 81 00 03 10 02 02 A7 3A 0D 
2013/07/22 13:40:31:059 [006376] TRACE [Prb.cpp, 835] - RxStream contents:01 00 0B 31 06 3D 00 00 BB D5 0D 
2013/07/22 13:40:31:060 [006376] TRACE [Prb.cpp, 943] - RadioBoardPacket(ACK):01 00 0B 31 06 3D 00 00 BB D5 0D 
2013/07/22 13:40:31:061 [006196] DEBUG [Prb.cpp, 466] - Write FPGA completed, Address=0x1002, Data=0x02
2013/07/22 13:40:31:061 [006196] TRACE [Prb.cpp, 493] - Reading FPGA, Address=0x1004
2013/07/22 13:40:31:062 [006196] TRACE [Prb.cpp, 1035] - ReadFPGAPacket(0x1004):01 00 0C 3E 82 00 02 10 04 00 3C 0D 
2013/07/22 13:40:31:062 [006376] TRACE [Prb.cpp, 835] - RxStream contents:01 00 0C 32 06 3E 00 01 08 E3 D9 0D 
2013/07/22 13:40:31:063 [006376] TRACE [Prb.cpp, 943] - RadioBoardPacket(ACK):01 00 0C 32 06 3E 00 01 08 E3 D9 0D 
2013/07/22 13:40:31:064 [006196] DEBUG [Prb.cpp, 512] - Read FPGA completed, Address=0x1004, Data=0x08
2013/07/22 13:40:31:064 [006196] TRACE [Prb.cpp, 448] - Writing FPGA, Address=0x1004, Data=0x00
2013/07/22 13:40:31:065 [006196] TRACE [Prb.cpp, 1035] - WriteFPGAPacket(0x1004, 0x00):01 00 0D 3F 81 00 03 10 04 00 B1 16 0D 
2013/07/22 13:40:31:065 [006376] TRACE [Prb.cpp, 835] - RxStream contents:01 00 0B 33 06 3F 00 00 BB 0D 0D 
2013/07/22 13:40:31:066 [006376] TRACE [Prb.cpp, 943] - RadioBoardPacket(ACK):01 00 0B 33 06 3F 00 00 BB 0D 0D 
2013/07/22 13:40:31:066 [006196] DEBUG [Prb.cpp, 466] - Write FPGA completed, Address=0x1004, Data=0x00
2013/07/22 13:40:31:067 [006196] TRACE [Prb.cpp, 448] - Writing FPGA, Address=0x1008, Data=0x02
2013/07/22 13:40:31:068 [006196] TRACE [Prb.cpp, 1035] - WriteFPGAPacket(0x1008, 0x02):01 00 0D 40 81 00 03 10 08 02 E1 EA 0D 
2013/07/22 13:40:31:068 [006376] TRACE [Prb.cpp, 835] - RxStream contents:01 00 0B 34 06 40 00 00 BC 69 0D 
2013/07/22 13:40:31:069 [006376] TRACE [Prb.cpp, 943] - RadioBoardPacket(ACK):01 00 0B 34 06 40 00 00 BC 69 0D 
2013/07/22 13:40:31:069 [006196] DEBUG [Prb.cpp, 466] - Write FPGA completed, Address=0x1008, Data=0x02
2013/07/22 13:40:35:181 [006668] INFO [CommunicationSystemStates.cpp, 168] - Scan complete
2013/07/22 13:40:35:181 [006668] TRACE [Prb.cpp, 584] - Reading CC1020, Address=0x0004
2013/07/22 13:40:35:182 [006668] TRACE [Prb.cpp, 1035] - ReadCC1020Packet(0x04):01 00 0C 41 84 00 02 00 04 49 54 0D 
2013/07/22 13:40:35:182 [006376] TRACE [Prb.cpp, 835] - RxStream contents:01 00 0C 36 06 41 00 01 35 0F 45 0D 
2013/07/22 13:40:35:184 [006376] TRACE [Prb.cpp, 943] - RadioBoardPacket(ACK):01 00 0C 36 06 41 00 01 35 0F 45 0D 
2013/07/22 13:40:35:184 [006668] DEBUG [Prb.cpp, 603] - Read CC1020 completed, Address=0x0004, Data=0x35
2013/07/22 13:40:35:185 [006668] TRACE [Prb.cpp, 584] - Reading CC1020, Address=0x0005
2013/07/22 13:40:35:185 [006668] TRACE [Prb.cpp, 1035] - ReadCC1020Packet(0x05):01 00 0C 42 84 00 02 00 05 41 51 0D 
2013/07/22 13:40:35:185 [006376] TRACE [Prb.cpp, 835] - RxStream contents:01 00 0C 37 06 42 00 01 F0 C9 D8 0D 
2013/07/22 13:40:35:187 [006376] TRACE [Prb.cpp, 943] - RadioBoardPacket(ACK):01 00 0C 37 06 42 00 01 F0 C9 D8 0D 
2013/07/22 13:40:35:187 [006668] DEBUG [Prb.cpp, 603] - Read CC1020 completed, Address=0x0005, Data=0xF0
2013/07/22 13:40:35:188 [006668] TRACE [Prb.cpp, 584] - Reading CC1020, Address=0x0006
2013/07/22 13:40:35:188 [006668] TRACE [Prb.cpp, 1035] - ReadCC1020Packet(0x06):01 00 0C 43 84 00 02 00 06 B9 58 0D 
2013/07/22 13:40:35:188 [006376] TRACE [Prb.cpp, 835] - RxStream contents:01 00 0C 38 06 43 00 01 21 77 32 0D 
2013/07/22 13:40:35:190 [006376] TRACE [Prb.cpp, 943] - RadioBoardPacket(ACK):01 00 0C 38 06 43 00 01 21 77 32 0D 
2013/07/22 13:40:35:190 [006668] DEBUG [Prb.cpp, 603] - Read CC1020 completed, Address=0x0006, Data=0x21
2013/07/22 13:40:35:191 [006668] TRACE [Prb.cpp, 584] - Reading CC1020, Address=0x0008
2013/07/22 13:40:35:191 [006668] TRACE [Prb.cpp, 1035] - ReadCC1020Packet(0x08):01 00 0C 44 84 00 02 00 08 51 79 0D 
2013/07/22 13:40:35:191 [006376] TRACE [Prb.cpp, 835] - RxStream contents:01 00 0C 39 06 44 00 01 35 63 4A 0D 
2013/07/22 13:40:35:192 [006376] TRACE [Prb.cpp, 943] - RadioBoardPacket(ACK):01 00 0C 39 06 44 00 01 35 63 4A 0D 
2013/07/22 13:40:35:193 [006668] DEBUG [Prb.cpp, 603] - Read CC1020 completed, Address=0x0008, Data=0x35
2013/07/22 13:40:35:193 [006668] TRACE [Prb.cpp, 584] - Reading CC1020, Address=0x0009
2013/07/22 13:40:35:194 [006668] TRACE [Prb.cpp, 1035] - ReadCC1020Packet(0x09):01 00 0C 45 84 00 02 00 09 29 7F 0D 
2013/07/22 13:40:35:194 [006376] TRACE [Prb.cpp, 835] - RxStream contents:01 00 0C 3A 06 45 00 01 FA 7D EB 0D 
2013/07/22 13:40:35:195 [006376] TRACE [Prb.cpp, 943] - RadioBoardPacket(ACK):01 00 0C 3A 06 45 00 01 FA 7D EB 0D 
2013/07/22 13:40:35:196 [006668] DEBUG [Prb.cpp, 603] - Read CC1020 completed, Address=0x0009, Data=0xFA
2013/07/22 13:40:35:196 [006668] TRACE [Prb.cpp, 584] - Reading CC1020, Address=0x000A
2013/07/22 13:40:35:197 [006668] TRACE [Prb.cpp, 1035] - ReadCC1020Packet(0x0A):01 00 0C 46 84 00 02 00 0A A1 75 0D 
2013/07/22 13:40:35:197 [006376] TRACE [Prb.cpp, 835] - RxStream contents:01 00 0C 3B 06 46 00 01 CB 39 4D 0D 
2013/07/22 13:40:35:198 [006376] TRACE [Prb.cpp, 943] - RadioBoardPacket(ACK):01 00 0C 3B 06 46 00 01 CB 39 4D 0D 
2013/07/22 13:40:35:198 [006668] DEBUG [Prb.cpp, 603] - Read CC1020 completed, Address=0x000A, Data=0xCB
2013/07/22 13:40:35:199 [006668] TRACE [Prb.cpp, 584] - Reading CC1020, Address=0x000F
2013/07/22 13:40:35:200 [006668] TRACE [Prb.cpp, 1035] - ReadCC1020Packet(0x0F):01 00 0C 47 84 00 02 00 0F 59 68 0D 
2013/07/22 13:40:35:200 [006376] TRACE [Prb.cpp, 835] - RxStream contents:01 00 0C 3C 06 47 00 01 DF C5 30 0D 
2013/07/22 13:40:35:201 [006376] TRACE [Prb.cpp, 943] - RadioBoardPacket(ACK):01 00 0C 3C 06 47 00 01 DF C5 30 0D 
2013/07/22 13:40:35:201 [006668] DEBUG [Prb.cpp, 603] - Read CC1020 completed, Address=0x000F, Data=0xDF
2013/07/22 13:40:35:202 [006668] TRACE [Prb.cpp, 584] - Reading CC1020, Address=0x0010
2013/07/22 13:40:35:202 [006668] TRACE [Prb.cpp, 1035] - ReadCC1020Packet(0x10):01 00 0C 48 84 00 02 00 10 F1 26 0D 
2013/07/22 13:40:35:202 [006376] TRACE [Prb.cpp, 835] - RxStream contents:01 00 0C 3D 06 48 00 01 80 F0 F1 0D 
2013/07/22 13:40:35:203 [006376] TRACE [Prb.cpp, 943] - RadioBoardPacket(ACK):01 00 0C 3D 06 48 00 01 80 F0 F1 0D 
2013/07/22 13:40:35:204 [006668] DEBUG [Prb.cpp, 603] - Read CC1020 completed, Address=0x0010, Data=0x80
2013/07/22 13:40:35:204 [006668] TRACE [Prb.cpp, 584] - Reading CC1020, Address=0x0013
2013/07/22 13:40:35:205 [006668] TRACE [Prb.cpp, 1035] - ReadCC1020Packet(0x13):01 00 0C 49 84 00 02 00 13 09 2F 0D 
2013/07/22 13:40:35:205 [006376] TRACE [Prb.cpp, 835] - RxStream contents:01 00 0C 3E 06 49 00 01 33 6F 5B 0D 
2013/07/22 13:40:35:206 [006376] TRACE [Prb.cpp, 943] - RadioBoardPacket(ACK):01 00 0C 3E 06 49 00 01 33 6F 5B 0D 
2013/07/22 13:40:35:206 [006668] DEBUG [Prb.cpp, 603] - Read CC1020 completed, Address=0x0013, Data=0x33
2013/07/22 13:40:35:207 [006668] TRACE [Prb.cpp, 584] - Reading CC1020, Address=0x0014
2013/07/22 13:40:35:208 [006668] TRACE [Prb.cpp, 1035] - ReadCC1020Packet(0x14):01 00 0C 4A 84 00 02 00 14 01 3E 0D 
2013/07/22 13:40:35:208 [006376] TRACE [Prb.cpp, 835] - RxStream contents:01 00 0C 3F 06 4A 00 01 3D 2B 7F 0D 
2013/07/22 13:40:35:209 [006376] TRACE [Prb.cpp, 943] - RadioBoardPacket(ACK):01 00 0C 3F 06 4A 00 01 3D 2B 7F 0D 
2013/07/22 13:40:35:209 [006668] DEBUG [Prb.cpp, 603] - Read CC1020 completed, Address=0x0014, Data=0x3D
2013/07/22 13:40:35:210 [006668] TRACE [Prb.cpp, 584] - Reading CC1020, Address=0x0043
2013/07/22 13:40:35:210 [006668] TRACE [Prb.cpp, 1035] - ReadCC1020Packet(0x43):01 00 0C 4B 84 00 02 00 43 78 CC 0D 
2013/07/22 13:40:35:210 [006376] TRACE [Prb.cpp, 835] - RxStream contents:01 00 0C 40 06 4B 00 01 00 97 8A 0D 
2013/07/22 13:40:35:211 [006376] TRACE [Prb.cpp, 943] - RadioBoardPacket(ACK):01 00 0C 40 06 4B 00 01 00 97 8A 0D 
2013/07/22 13:40:35:212 [006668] DEBUG [Prb.cpp, 603] - Read CC1020 completed, Address=0x0043, Data=0x00
2013/07/22 13:40:35:212 [006668] DEBUG [ComSysDiagnostics.cpp, 63] - CC1020 [Scan complete] FREQ_2A: 0x35 FREQ_1A: 0xf0 FREQ_0A: 0x21
2013/07/22 13:40:35:213 [006668] DEBUG [ComSysDiagnostics.cpp, 67] - CC1020 [Scan complete] FREQ_2B: 0x35 FREQ_1B: 0xfa FREQ_0B: 0xcb
2013/07/22 13:40:35:213 [006668] DEBUG [ComSysDiagnostics.cpp, 72] - CC1020 [Scan complete] AFC_CONTROL: 0xdf FILTER: 0x80 VGA3: 0x33 VGA4: 0x3d AFC: 0x00
2013/07/22 13:40:35:214 [006668] INFO [CommunicationSystemStates.cpp, 173] - Found 1 valid ids during the scan operation.
2013/07/22 13:40:35:214 [006668] INFO [CommunicationSystemStates.cpp, 190] - Id: 0x801c0094.
2013/07/22 13:40:35:215 [006668] INFO [CommunicationSystemStates.cpp, 198] - Found 0 invalid ids during the scan operation.
2013/07/22 13:40:35:253 [003064] TRACE [Prb.cpp, 493] - Reading FPGA, Address=0x1004
2013/07/22 13:40:35:254 [003064] TRACE [Prb.cpp, 1035] - ReadFPGAPacket(0x1004):01 00 0C 4C 82 00 02 10 04 F0 4B 0D 
2013/07/22 13:40:35:254 [006376] TRACE [Prb.cpp, 835] - RxStream contents:01 00 0C 41 06 4C 00 01 00 83 8A 0D 
2013/07/22 13:40:35:255 [006376] TRACE [Prb.cpp, 943] - RadioBoardPacket(ACK):01 00 0C 41 06 4C 00 01 00 83 8A 0D 
2013/07/22 13:40:35:256 [003064] DEBUG [Prb.cpp, 512] - Read FPGA completed, Address=0x1004, Data=0x00
2013/07/22 13:40:35:256 [003064] TRACE [Prb.cpp, 448] - Writing FPGA, Address=0x1004, Data=0x00
2013/07/22 13:40:35:257 [003064] TRACE [Prb.cpp, 1035] - WriteFPGAPacket(0x1004, 0x00):01 00 0D 4D 81 00 03 10 04 00 C4 36 0D 
2013/07/22 13:40:35:257 [006376] TRACE [Prb.cpp, 835] - RxStream contents:01 00 0B 42 06 4D 00 00 AB 1D 0D 
2013/07/22 13:40:35:258 [006376] TRACE [Prb.cpp, 943] - RadioBoardPacket(ACK):01 00 0B 42 06 4D 00 00 AB 1D 0D 
2013/07/22 13:40:35:259 [003064] DEBUG [Prb.cpp, 466] - Write FPGA completed, Address=0x1004, Data=0x00
2013/07/22 13:40:35:260 [006196] INFO [CrossTalkDetectorStates.cpp, 98] - LinkTimeout = 4523 ms
2013/07/22 13:40:35:261 [006196] INFO [CrossTalkDetector.cpp, 68] - CrossTalkDetector state changing from IdleState to LinkingState
2013/07/22 13:40:35:262 [006196] INFO [CommunicationSystemStates.cpp, 147] - Link requested. Id: 0x801c0094. Preamble Burst Duration: 2 seconds. Preamble Burst Data Rate: 0.
2013/07/22 13:40:35:263 [006196] DEBUG [ComSysDiagnostics.cpp, 95] - Resetting FPGA Frame Error Counter
2013/07/22 13:40:35:264 [006196] TRACE [Prb.cpp, 448] - Writing FPGA, Address=0x301C, Data=0x00
2013/07/22 13:40:35:264 [006196] TRACE [Prb.cpp, 1035] - WriteFPGAPacket(0x301C, 0x00):01 00 0D 4E 81 00 03 30 1C 00 15 85 0D 
2013/07/22 13:40:35:264 [006376] TRACE [Prb.cpp, 835] - RxStream contents:01 00 0B 43 06 4E 00 00 2B 5A 0D 
2013/07/22 13:40:35:265 [006376] TRACE [Prb.cpp, 943] - RadioBoardPacket(ACK):01 00 0B 43 06 4E 00 00 2B 5A 0D 
2013/07/22 13:40:35:266 [006196] DEBUG [Prb.cpp, 466] - Write FPGA completed, Address=0x301C, Data=0x00
2013/07/22 13:40:35:266 [006196] TRACE [Prb.cpp, 448] - Writing FPGA, Address=0x2000, Data=0x80
2013/07/22 13:40:35:267 [006196] TRACE [Prb.cpp, 1035] - WriteFPGAPacket(0x2000, 0x80):01 00 0D 4F 81 00 03 20 00 80 5E D5 0D 
2013/07/22 13:40:35:267 [006376] TRACE [Prb.cpp, 835] - RxStream contents:01 00 0B 44 06 4F 00 00 2A 26 0D 
2013/07/22 13:40:35:268 [006376] TRACE [Prb.cpp, 943] - RadioBoardPacket(ACK):01 00 0B 44 06 4F 00 00 2A 26 0D 
2013/07/22 13:40:35:269 [006196] DEBUG [Prb.cpp, 466] - Write FPGA completed, Address=0x2000, Data=0x80
2013/07/22 13:40:35:269 [006196] TRACE [Prb.cpp, 448] - Writing FPGA, Address=0x2002, Data=0x1C
2013/07/22 13:40:35:270 [006196] TRACE [Prb.cpp, 1035] - WriteFPGAPacket(0x2002, 0x1C):01 00 0D 50 81 00 03 20 02 1C 4F 6D 0D 
2013/07/22 13:40:35:270 [006376] TRACE [Prb.cpp, 835] - RxStream contents:01 00 0B 45 06 50 00 00 2B D2 0D 
2013/07/22 13:40:35:271 [006376] TRACE [Prb.cpp, 943] - RadioBoardPacket(ACK):01 00 0B 45 06 50 00 00 2B D2 0D 
2013/07/22 13:40:35:271 [006196] DEBUG [Prb.cpp, 466] - Write FPGA completed, Address=0x2002, Data=0x1C
2013/07/22 13:40:35:272 [006196] TRACE [Prb.cpp, 448] - Writing FPGA, Address=0x2004, Data=0x00
2013/07/22 13:40:35:273 [006196] TRACE [Prb.cpp, 1035] - WriteFPGAPacket(0x2004, 0x00):01 00 0D 51 81 00 03 20 04 00 5A 35 0D 
2013/07/22 13:40:35:273 [006376] TRACE [Prb.cpp, 835] - RxStream contents:01 00 0B 46 06 51 00 00 AB 4D 0D 
2013/07/22 13:40:35:274 [006376] TRACE [Prb.cpp, 943] - RadioBoardPacket(ACK):01 00 0B 46 06 51 00 00 AB 4D 0D 
2013/07/22 13:40:35:274 [006196] DEBUG [Prb.cpp, 466] - Write FPGA completed, Address=0x2004, Data=0x00
2013/07/22 13:40:35:275 [006196] TRACE [Prb.cpp, 448] - Writing FPGA, Address=0x2006, Data=0x94
2013/07/22 13:40:35:275 [006196] TRACE [Prb.cpp, 1035] - WriteFPGAPacket(0x2006, 0x94):01 00 0D 52 81 00 03 20 06 94 56 7D 0D 
2013/07/22 13:40:35:275 [006376] TRACE [Prb.cpp, 835] - RxStream contents:01 00 0B 47 06 52 00 00 2B 0A 0D 
2013/07/22 13:40:35:276 [006376] TRACE [Prb.cpp, 943] - RadioBoardPacket(ACK):01 00 0B 47 06 52 00 00 2B 0A 0D 
2013/07/22 13:40:35:277 [006196] DEBUG [Prb.cpp, 466] - Write FPGA completed, Address=0x2006, Data=0x94
2013/07/22 13:40:35:277 [006196] TRACE [Prb.cpp, 448] - Writing FPGA, Address=0x1002, Data=0x02
2013/07/22 13:40:35:278 [006196] TRACE [Prb.cpp, 1035] - WriteFPGAPacket(0x1002, 0x02):01 00 0D 53 81 00 03 10 02 02 4F D9 0D 
2013/07/22 13:40:35:278 [006376] TRACE [Prb.cpp, 835] - RxStream contents:01 00 0B 48 06 53 00 00 A9 B5 0D 
2013/07/22 13:40:35:279 [006376] TRACE [Prb.cpp, 943] - RadioBoardPacket(ACK):01 00 0B 48 06 53 00 00 A9 B5 0D 
2013/07/22 13:40:35:279 [006196] DEBUG [Prb.cpp, 466] - Write FPGA completed, Address=0x1002, Data=0x02
2013/07/22 13:40:35:280 [006196] TRACE [Prb.cpp, 493] - Reading FPGA, Address=0x1004
2013/07/22 13:40:35:281 [006196] TRACE [Prb.cpp, 1035] - ReadFPGAPacket(0x1004):01 00 0C 54 82 00 02 10 04 30 50 0D 
2013/07/22 13:40:35:281 [006376] TRACE [Prb.cpp, 835] - RxStream contents:01 00 0C 49 06 54 00 01 00 A3 86 0D 
2013/07/22 13:40:35:282 [006376] TRACE [Prb.cpp, 943] - RadioBoardPacket(ACK):01 00 0C 49 06 54 00 01 00 A3 86 0D 
2013/07/22 13:40:35:282 [006196] DEBUG [Prb.cpp, 512] - Read FPGA completed, Address=0x1004, Data=0x00
2013/07/22 13:40:35:283 [006196] TRACE [Prb.cpp, 448] - Writing FPGA, Address=0x1004, Data=0x00
2013/07/22 13:40:35:283 [006196] TRACE [Prb.cpp, 1035] - WriteFPGAPacket(0x1004, 0x00):01 00 0D 55 81 00 03 10 04 00 DD B6 0D 
2013/07/22 13:40:35:283 [006376] TRACE [Prb.cpp, 835] - RxStream contents:01 00 0B 4A 06 55 00 00 29 3E 0D 
2013/07/22 13:40:35:284 [006376] TRACE [Prb.cpp, 943] - RadioBoardPacket(ACK):01 00 0B 4A 06 55 00 00 29 3E 0D 
2013/07/22 13:40:35:285 [006196] DEBUG [Prb.cpp, 466] - Write FPGA completed, Address=0x1004, Data=0x00
2013/07/22 13:40:35:285 [006196] TRACE [Prb.cpp, 448] - Writing FPGA, Address=0x1008, Data=0x04
2013/07/22 13:40:35:286 [006196] TRACE [Prb.cpp, 1035] - WriteFPGAPacket(0x1008, 0x04):01 00 0D 56 81 00 03 10 08 04 76 9D 0D 
2013/07/22 13:40:35:286 [006376] TRACE [Prb.cpp, 835] - RxStream contents:01 00 0B 4B 06 56 00 00 A9 79 0D 
2013/07/22 13:40:35:287 [006376] TRACE [Prb.cpp, 943] - RadioBoardPacket(ACK):01 00 0B 4B 06 56 00 00 A9 79 0D 
2013/07/22 13:40:35:288 [006196] DEBUG [Prb.cpp, 466] - Write FPGA completed, Address=0x1008, Data=0x04
2013/07/22 13:40:38:186 [006668] INFO [CrossTalkDetectorStates.cpp, 174] - Invalid frame while linking
2013/07/22 13:40:38:187 [006668] TRACE [Prb.cpp, 493] - Reading FPGA, Address=0x3018
2013/07/22 13:40:38:188 [006668] TRACE [Prb.cpp, 1035] - ReadFPGAPacket(0x3018):01 00 0C 57 82 00 02 30 18 78 18 0D 
2013/07/22 13:40:38:188 [006376] TRACE [Prb.cpp, 835] - RxStream contents:01 00 0C 4D 06 57 00 01 3C 7F 08 0D 
2013/07/22 13:40:38:189 [006376] TRACE [Prb.cpp, 943] - RadioBoardPacket(ACK):01 00 0C 4D 06 57 00 01 3C 7F 08 0D 
2013/07/22 13:40:38:190 [006668] DEBUG [Prb.cpp, 512] - Read FPGA completed, Address=0x3018, Data=0x3C
2013/07/22 13:40:38:190 [006668] TRACE [Prb.cpp, 493] - Reading FPGA, Address=0x301A
2013/07/22 13:40:38:191 [006668] TRACE [Prb.cpp, 1035] - ReadFPGAPacket(0x301A):01 00 0C 58 82 00 02 30 1A D0 18 0D 
2013/07/22 13:40:38:191 [006376] TRACE [Prb.cpp, 835] - RxStream contents:01 00 0C 4E 06 58 00 01 01 BB 85 0D 
2013/07/22 13:40:38:192 [006376] TRACE [Prb.cpp, 943] - RadioBoardPacket(ACK):01 00 0C 4E 06 58 00 01 01 BB 85 0D 
2013/07/22 13:40:38:193 [006668] DEBUG [Prb.cpp, 512] - Read FPGA completed, Address=0x301A, Data=0x01
2013/07/22 13:40:38:193 [006668] TRACE [Prb.cpp, 493] - Reading FPGA, Address=0x3070
2013/07/22 13:40:38:194 [006668] TRACE [Prb.cpp, 1035] - ReadFPGAPacket(0x3070):01 00 0C 59 82 00 02 30 70 29 67 0D 
2013/07/22 13:40:38:194 [006376] TRACE [Prb.cpp, 835] - RxStream contents:01 00 0C 4F 06 59 00 01 FE D5 87 0D 
2013/07/22 13:40:38:195 [006376] TRACE [Prb.cpp, 943] - RadioBoardPacket(ACK):01 00 0C 4F 06 59 00 01 FE D5 87 0D 
2013/07/22 13:40:38:195 [006668] DEBUG [Prb.cpp, 512] - Read FPGA completed, Address=0x3070, Data=0xFE
2013/07/22 13:40:38:196 [006668] DEBUG [ComSysDiagnostics.cpp, 31] - FPGA RSSI/AFC [Linking(invalid frame)] linkedRSSI:60 linkedAFC:1 AFC:254
2013/07/22 13:40:38:201 [006668] TRACE [Prb.cpp, 493] - Reading FPGA, Address=0x3018
2013/07/22 13:40:38:202 [006668] TRACE [Prb.cpp, 1035] - ReadFPGAPacket(0x3018):01 00 0C 5A 82 00 02 30 18 20 14 0D 
2013/07/22 13:40:38:202 [006376] TRACE [Prb.cpp, 835] - RxStream contents:01 00 0C 51 06 5A 00 01 3E BB 19 0D 
2013/07/22 13:40:38:203 [006376] TRACE [Prb.cpp, 943] - RadioBoardPacket(ACK):01 00 0C 51 06 5A 00 01 3E BB 19 0D 
2013/07/22 13:40:38:203 [006668] DEBUG [Prb.cpp, 512] - Read FPGA completed, Address=0x3018, Data=0x3E
2013/07/22 13:40:38:204 [006668] TRACE [Prb.cpp, 493] - Reading FPGA, Address=0x301A
2013/07/22 13:40:38:205 [006668] TRACE [Prb.cpp, 1035] - ReadFPGAPacket(0x301A):01 00 0C 5B 82 00 02 30 1A 58 18 0D 
2013/07/22 13:40:38:205 [006376] TRACE [Prb.cpp, 835] - RxStream contents:01 00 0C 52 06 5B 00 01 FF 25 9F 0D 
2013/07/22 13:40:38:206 [006376] TRACE [Prb.cpp, 943] - RadioBoardPacket(ACK):01 00 0C 52 06 5B 00 01 FF 25 9F 0D 
2013/07/22 13:40:38:206 [006668] DEBUG [Prb.cpp, 512] - Read FPGA completed, Address=0x301A, Data=0xFF
2013/07/22 13:40:38:207 [006668] TRACE [Prb.cpp, 493] - Reading FPGA, Address=0x3070
2013/07/22 13:40:38:207 [006668] TRACE [Prb.cpp, 1035] - ReadFPGAPacket(0x3070):01 00 0C 5C 82 00 02 30 70 31 62 0D 
2013/07/22 13:40:38:208 [006376] TRACE [Prb.cpp, 835] - RxStream contents:01 00 0C 53 06 5C 00 01 00 33 9D 0D 
2013/07/22 13:40:38:209 [006376] TRACE [Prb.cpp, 943] - RadioBoardPacket(ACK):01 00 0C 53 06 5C 00 01 00 33 9D 0D 
2013/07/22 13:40:38:209 [006668] DEBUG [Prb.cpp, 512] - Read FPGA completed, Address=0x3070, Data=0x00
2013/07/22 13:40:38:210 [006668] DEBUG [ComSysDiagnostics.cpp, 31] - FPGA RSSI/AFC [Linking(valid frame)] linkedRSSI:62 linkedAFC:255 AFC:0
2013/07/22 13:40:38:215 [006668] TRACE [Prb.cpp, 493] - Reading FPGA, Address=0x3018
2013/07/22 13:40:38:215 [006668] TRACE [Prb.cpp, 1035] - ReadFPGAPacket(0x3018):01 00 0C 5D 82 00 02 30 18 48 12 0D 
2013/07/22 13:40:38:215 [006376] TRACE [Prb.cpp, 835] - RxStream contents:01 00 0C 55 06 5D 00 01 3C 37 13 0D 
2013/07/22 13:40:38:217 [006376] TRACE [Prb.cpp, 943] - RadioBoardPacket(ACK):01 00 0C 55 06 5D 00 01 3C 37 13 0D 
2013/07/22 13:40:38:217 [006668] DEBUG [Prb.cpp, 512] - Read FPGA completed, Address=0x3018, Data=0x3C
2013/07/22 13:40:38:218 [006668] TRACE [Prb.cpp, 493] - Reading FPGA, Address=0x301A
2013/07/22 13:40:38:219 [006668] TRACE [Prb.cpp, 1035] - ReadFPGAPacket(0x301A):01 00 0C 5E 82 00 02 30 1A 40 1D 0D 
2013/07/22 13:40:38:219 [006376] TRACE [Prb.cpp, 835] - RxStream contents:01 00 0C 56 06 5E 00 01 00 83 9B 0D 
2013/07/22 13:40:38:220 [006376] TRACE [Prb.cpp, 943] - RadioBoardPacket(ACK):01 00 0C 56 06 5E 00 01 00 83 9B 0D 
2013/07/22 13:40:38:220 [006668] DEBUG [Prb.cpp, 512] - Read FPGA completed, Address=0x301A, Data=0x00
2013/07/22 13:40:38:221 [006668] TRACE [Prb.cpp, 493] - Reading FPGA, Address=0x3070
2013/07/22 13:40:38:221 [006668] TRACE [Prb.cpp, 1035] - ReadFPGAPacket(0x3070):01 00 0C 5F 82 00 02 30 70 B9 62 0D 
2013/07/22 13:40:38:221 [006376] TRACE [Prb.cpp, 835] - RxStream contents:01 00 0C 57 06 5F 00 01 00 EF 9B 0D 
2013/07/22 13:40:38:222 [006376] TRACE [Prb.cpp, 943] - RadioBoardPacket(ACK):01 00 0C 57 06 5F 00 01 00 EF 9B 0D 
2013/07/22 13:40:38:223 [006668] DEBUG [Prb.cpp, 512] - Read FPGA completed, Address=0x3070, Data=0x00
2013/07/22 13:40:38:224 [006668] DEBUG [ComSysDiagnostics.cpp, 31] - FPGA RSSI/AFC [Linking(valid frame)] linkedRSSI:60 linkedAFC:0 AFC:0
2013/07/22 13:40:38:234 [006668] TRACE [Prb.cpp, 493] - Reading FPGA, Address=0x3018
2013/07/22 13:40:38:235 [006668] TRACE [Prb.cpp, 1035] - ReadFPGAPacket(0x3018):01 00 0C 60 82 00 02 30 18 10 2D 0D 
2013/07/22 13:40:38:235 [006376] TRACE [Prb.cpp, 835] - RxStream contents:01 00 0C 59 06 60 00 01 3C 33 15 0D 
2013/07/22 13:40:38:236 [006376] TRACE [Prb.cpp, 943] - RadioBoardPacket(ACK):01 00 0C 59 06 60 00 01 3C 33 15 0D 
2013/07/22 13:40:38:236 [006668] DEBUG [Prb.cpp, 512] - Read FPGA completed, Address=0x3018, Data=0x3C
2013/07/22 13:40:38:237 [006668] TRACE [Prb.cpp, 493] - Reading FPGA, Address=0x301A
2013/07/22 13:40:38:238 [006668] TRACE [Prb.cpp, 1035] - ReadFPGAPacket(0x301A):01 00 0C 61 82 00 02 30 1A 68 21 0D 
2013/07/22 13:40:38:238 [006376] TRACE [Prb.cpp, 835] - RxStream contents:01 00 0C 5A 06 61 00 01 00 2F 9E 0D 
2013/07/22 13:40:38:239 [006376] TRACE [Prb.cpp, 943] - RadioBoardPacket(ACK):01 00 0C 5A 06 61 00 01 00 2F 9E 0D 
2013/07/22 13:40:38:239 [006668] DEBUG [Prb.cpp, 512] - Read FPGA completed, Address=0x301A, Data=0x00
2013/07/22 13:40:38:240 [006668] TRACE [Prb.cpp, 493] - Reading FPGA, Address=0x3070
2013/07/22 13:40:38:241 [006668] TRACE [Prb.cpp, 1035] - ReadFPGAPacket(0x3070):01 00 0C 62 82 00 02 30 70 E1 5D 0D 
2013/07/22 13:40:38:241 [006376] TRACE [Prb.cpp, 835] - RxStream contents:01 00 0C 5B 06 62 00 01 00 EB 9D 0D 
2013/07/22 13:40:38:242 [006376] TRACE [Prb.cpp, 943] - RadioBoardPacket(ACK):01 00 0C 5B 06 62 00 01 00 EB 9D 0D 
2013/07/22 13:40:38:242 [006668] DEBUG [Prb.cpp, 512] - Read FPGA completed, Address=0x3070, Data=0x00
2013/07/22 13:40:38:243 [006668] DEBUG [ComSysDiagnostics.cpp, 31] - FPGA RSSI/AFC [Linking(valid frame)] linkedRSSI:60 linkedAFC:0 AFC:0
2013/07/22 13:40:38:248 [006668] TRACE [Prb.cpp, 493] - Reading FPGA, Address=0x3018
2013/07/22 13:40:38:248 [006668] TRACE [Prb.cpp, 1035] - ReadFPGAPacket(0x3018):01 00 0C 63 82 00 02 30 18 98 2D 0D 
2013/07/22 13:40:38:248 [006376] TRACE [Prb.cpp, 835] - RxStream contents:01 00 0C 5D 06 63 00 01 40 6E 18 0D 
2013/07/22 13:40:38:250 [006376] TRACE [Prb.cpp, 943] - RadioBoardPacket(ACK):01 00 0C 5D 06 63 00 01 40 6E 18 0D 
2013/07/22 13:40:38:250 [006668] DEBUG [Prb.cpp, 512] - Read FPGA completed, Address=0x3018, Data=0x40
2013/07/22 13:40:38:251 [006668] TRACE [Prb.cpp, 493] - Reading FPGA, Address=0x301A
2013/07/22 13:40:38:251 [006668] TRACE [Prb.cpp, 1035] - ReadFPGAPacket(0x301A):01 00 0C 64 82 00 02 30 1A 70 24 0D 
2013/07/22 13:40:38:251 [006376] TRACE [Prb.cpp, 835] - RxStream contents:01 00 0C 5E 06 64 00 01 FF 89 9A 0D 
2013/07/22 13:40:38:252 [006376] TRACE [Prb.cpp, 943] - RadioBoardPacket(ACK):01 00 0C 5E 06 64 00 01 FF 89 9A 0D 
2013/07/22 13:40:38:253 [006668] DEBUG [Prb.cpp, 512] - Read FPGA completed, Address=0x301A, Data=0xFF
2013/07/22 13:40:38:254 [006668] TRACE [Prb.cpp, 493] - Reading FPGA, Address=0x3070
2013/07/22 13:40:38:254 [006668] TRACE [Prb.cpp, 1035] - ReadFPGAPacket(0x3070):01 00 0C 65 82 00 02 30 70 89 5B 0D 
2013/07/22 13:40:38:254 [006376] TRACE [Prb.cpp, 835] - RxStream contents:01 00 0C 5F 06 65 00 01 00 E7 98 0D 
2013/07/22 13:40:38:255 [006376] TRACE [Prb.cpp, 943] - RadioBoardPacket(ACK):01 00 0C 5F 06 65 00 01 00 E7 98 0D 
2013/07/22 13:40:38:256 [006668] DEBUG [Prb.cpp, 512] - Read FPGA completed, Address=0x3070, Data=0x00
2013/07/22 13:40:38:256 [006668] DEBUG [ComSysDiagnostics.cpp, 31] - FPGA RSSI/AFC [Linking(valid frame)] linkedRSSI:64 linkedAFC:255 AFC:0
2013/07/22 13:40:38:262 [006668] TRACE [Prb.cpp, 493] - Reading FPGA, Address=0x3018
2013/07/22 13:40:38:262 [006668] TRACE [Prb.cpp, 1035] - ReadFPGAPacket(0x3018):01 00 0C 66 82 00 02 30 18 80 28 0D 
2013/07/22 13:40:38:262 [006376] TRACE [Prb.cpp, 835] - RxStream contents:01 00 0C 61 06 66 00 01 3F 0B 25 0D 
2013/07/22 13:40:38:264 [006376] TRACE [Prb.cpp, 943] - RadioBoardPacket(ACK):01 00 0C 61 06 66 00 01 3F 0B 25 0D 
2013/07/22 13:40:38:264 [006668] DEBUG [Prb.cpp, 512] - Read FPGA completed, Address=0x3018, Data=0x3F
2013/07/22 13:40:38:265 [006668] TRACE [Prb.cpp, 493] - Reading FPGA, Address=0x301A
2013/07/22 13:40:38:266 [006668] TRACE [Prb.cpp, 1035] - ReadFPGAPacket(0x301A):01 00 0C 67 82 00 02 30 1A F8 24 0D 
2013/07/22 13:40:38:266 [006376] TRACE [Prb.cpp, 835] - RxStream contents:01 00 0C 62 06 67 00 01 FF 15 A6 0D 
2013/07/22 13:40:38:267 [006376] TRACE [Prb.cpp, 943] - RadioBoardPacket(ACK):01 00 0C 62 06 67 00 01 FF 15 A6 0D 
2013/07/22 13:40:38:267 [006668] DEBUG [Prb.cpp, 512] - Read FPGA completed, Address=0x301A, Data=0xFF
2013/07/22 13:40:38:268 [006668] TRACE [Prb.cpp, 493] - Reading FPGA, Address=0x3070
2013/07/22 13:40:38:268 [006668] TRACE [Prb.cpp, 1035] - ReadFPGAPacket(0x3070):01 00 0C 68 82 00 02 30 70 D1 57 0D 
2013/07/22 13:40:38:269 [006376] TRACE [Prb.cpp, 835] - RxStream contents:01 00 0C 63 06 68 00 01 00 23 A7 0D 
2013/07/22 13:40:38:270 [006376] TRACE [Prb.cpp, 943] - RadioBoardPacket(ACK):01 00 0C 63 06 68 00 01 00 23 A7 0D 
2013/07/22 13:40:38:270 [006668] DEBUG [Prb.cpp, 512] - Read FPGA completed, Address=0x3070, Data=0x00
2013/07/22 13:40:38:271 [006668] DEBUG [ComSysDiagnostics.cpp, 31] - FPGA RSSI/AFC [Linking(valid frame)] linkedRSSI:63 linkedAFC:255 AFC:0
2013/07/22 13:40:38:281 [006668] TRACE [Prb.cpp, 493] - Reading FPGA, Address=0x3018
2013/07/22 13:40:38:281 [006668] TRACE [Prb.cpp, 1035] - ReadFPGAPacket(0x3018):01 00 0C 69 82 00 02 30 18 A8 27 0D 
2013/07/22 13:40:38:282 [006376] TRACE [Prb.cpp, 835] - RxStream contents:01 00 0C 65 06 69 00 01 3D A7 2C 0D 
2013/07/22 13:40:38:283 [006376] TRACE [Prb.cpp, 943] - RadioBoardPacket(ACK):01 00 0C 65 06 69 00 01 3D A7 2C 0D 
2013/07/22 13:40:38:283 [006668] DEBUG [Prb.cpp, 512] - Read FPGA completed, Address=0x3018, Data=0x3D
2013/07/22 13:40:38:284 [006668] TRACE [Prb.cpp, 493] - Reading FPGA, Address=0x301A
2013/07/22 13:40:38:285 [006668] TRACE [Prb.cpp, 1035] - ReadFPGAPacket(0x301A):01 00 0C 6A 82 00 02 30 1A A0 28 0D 
2013/07/22 13:40:38:285 [006376] TRACE [Prb.cpp, 835] - RxStream contents:01 00 0C 66 06 6A 00 01 00 93 A1 0D 
2013/07/22 13:40:38:286 [006376] TRACE [Prb.cpp, 943] - RadioBoardPacket(ACK):01 00 0C 66 06 6A 00 01 00 93 A1 0D 
2013/07/22 13:40:38:286 [006668] DEBUG [Prb.cpp, 512] - Read FPGA completed, Address=0x301A, Data=0x00
2013/07/22 13:40:38:287 [006668] TRACE [Prb.cpp, 493] - Reading FPGA, Address=0x3070
2013/07/22 13:40:38:287 [006668] TRACE [Prb.cpp, 1035] - ReadFPGAPacket(0x3070):01 00 0C 6B 82 00 02 30 70 59 57 0D 
2013/07/22 13:40:38:288 [006376] TRACE [Prb.cpp, 835] - RxStream contents:01 00 0C 67 06 6B 00 01 00 FF A1 0D 
2013/07/22 13:40:38:289 [006376] TRACE [Prb.cpp, 943] - RadioBoardPacket(ACK):01 00 0C 67 06 6B 00 01 00 FF A1 0D 
2013/07/22 13:40:38:289 [006668] DEBUG [Prb.cpp, 512] - Read FPGA completed, Address=0x3070, Data=0x00
2013/07/22 13:40:38:290 [006668] DEBUG [ComSysDiagnostics.cpp, 31] - FPGA RSSI/AFC [Linking(valid frame)] linkedRSSI:61 linkedAFC:0 AFC:0
2013/07/22 13:40:38:295 [006668] TRACE [Prb.cpp, 493] - Reading FPGA, Address=0x3018
2013/07/22 13:40:38:296 [006668] TRACE [Prb.cpp, 1035] - ReadFPGAPacket(0x3018):01 00 0C 6C 82 00 02 30 18 B0 22 0D 
2013/07/22 13:40:38:296 [006376] TRACE [Prb.cpp, 835] - RxStream contents:01 00 0C 69 06 6C 00 01 3C C3 26 0D 
2013/07/22 13:40:38:297 [006376] TRACE [Prb.cpp, 943] - RadioBoardPacket(ACK):01 00 0C 69 06 6C 00 01 3C C3 26 0D 
2013/07/22 13:40:38:297 [006668] DEBUG [Prb.cpp, 512] - Read FPGA completed, Address=0x3018, Data=0x3C
2013/07/22 13:40:38:298 [006668] TRACE [Prb.cpp, 493] - Reading FPGA, Address=0x301A
2013/07/22 13:40:38:299 [006668] TRACE [Prb.cpp, 1035] - ReadFPGAPacket(0x301A):01 00 0C 6D 82 00 02 30 1A C8 2E 0D 
2013/07/22 13:40:38:299 [006376] TRACE [Prb.cpp, 835] - RxStream contents:01 00 0C 6A 06 6D 00 01 00 DF AD 0D 
2013/07/22 13:40:38:300 [006376] TRACE [Prb.cpp, 943] - RadioBoardPacket(ACK):01 00 0C 6A 06 6D 00 01 00 DF AD 0D 
2013/07/22 13:40:38:300 [006668] DEBUG [Prb.cpp, 512] - Read FPGA completed, Address=0x301A, Data=0x00
2013/07/22 13:40:38:301 [006668] TRACE [Prb.cpp, 493] - Reading FPGA, Address=0x3070
2013/07/22 13:40:38:302 [006668] TRACE [Prb.cpp, 1035] - ReadFPGAPacket(0x3070):01 00 0C 6E 82 00 02 30 70 41 52 0D 
2013/07/22 13:40:38:302 [006376] TRACE [Prb.cpp, 835] - RxStream contents:01 00 0C 6B 06 6E 00 01 00 1B AE 0D 
2013/07/22 13:40:38:303 [006376] TRACE [Prb.cpp, 943] - RadioBoardPacket(ACK):01 00 0C 6B 06 6E 00 01 00 1B AE 0D 
2013/07/22 13:40:38:303 [006668] DEBUG [Prb.cpp, 512] - Read FPGA completed, Address=0x3070, Data=0x00
2013/07/22 13:40:38:304 [006668] DEBUG [ComSysDiagnostics.cpp, 31] - FPGA RSSI/AFC [Linking(valid frame)] linkedRSSI:60 linkedAFC:0 AFC:0
2013/07/22 13:40:38:309 [006668] TRACE [Prb.cpp, 493] - Reading FPGA, Address=0x3018
2013/07/22 13:40:38:310 [006668] TRACE [Prb.cpp, 1035] - ReadFPGAPacket(0x3018):01 00 0C 6F 82 00 02 30 18 38 22 0D 
2013/07/22 13:40:38:310 [006376] TRACE [Prb.cpp, 835] - RxStream contents:01 00 0C 6D 06 6F 00 01 40 9E 2B 0D 
2013/07/22 13:40:38:311 [006376] TRACE [Prb.cpp, 943] - RadioBoardPacket(ACK):01 00 0C 6D 06 6F 00 01 40 9E 2B 0D 
2013/07/22 13:40:38:311 [006668] DEBUG [Prb.cpp, 512] - Read FPGA completed, Address=0x3018, Data=0x40
2013/07/22 13:40:38:312 [006668] TRACE [Prb.cpp, 493] - Reading FPGA, Address=0x301A
2013/07/22 13:40:38:313 [006668] TRACE [Prb.cpp, 1035] - ReadFPGAPacket(0x301A):01 00 0C 70 82 00 02 30 1A 10 30 0D 
2013/07/22 13:40:38:313 [006376] TRACE [Prb.cpp, 835] - RxStream contents:01 00 0C 6E 06 70 00 01 00 1B AE 0D 
2013/07/22 13:40:38:314 [006376] TRACE [Prb.cpp, 943] - RadioBoardPacket(ACK):01 00 0C 6E 06 70 00 01 00 1B AE 0D 
2013/07/22 13:40:38:314 [006668] DEBUG [Prb.cpp, 512] - Read FPGA completed, Address=0x301A, Data=0x00
2013/07/22 13:40:38:315 [006668] TRACE [Prb.cpp, 493] - Reading FPGA, Address=0x3070
2013/07/22 13:40:38:316 [006668] TRACE [Prb.cpp, 1035] - ReadFPGAPacket(0x3070):01 00 0C 71 82 00 02 30 70 E9 4F 0D 
2013/07/22 13:40:38:316 [006376] TRACE [Prb.cpp, 835] - RxStream contents:01 00 0C 6F 06 71 00 01 FF 75 AC 0D 
2013/07/22 13:40:38:317 [006376] TRACE [Prb.cpp, 943] - RadioBoardPacket(ACK):01 00 0C 6F 06 71 00 01 FF 75 AC 0D 
2013/07/22 13:40:38:317 [006668] DEBUG [Prb.cpp, 512] - Read FPGA completed, Address=0x3070, Data=0xFF
2013/07/22 13:40:38:318 [006668] DEBUG [ComSysDiagnostics.cpp, 31] - FPGA RSSI/AFC [Linking(valid frame)] linkedRSSI:64 linkedAFC:0 AFC:255
2013/07/22 13:40:38:328 [006668] TRACE [Prb.cpp, 584] - Reading CC1020, Address=0x0004
2013/07/22 13:40:38:329 [006668] TRACE [Prb.cpp, 1035] - ReadCC1020Packet(0x04):01 00 0C 72 84 00 02 00 04 C1 67 0D 
2013/07/22 13:40:38:339 [006376] TRACE [Prb.cpp, 943] - RadioBoardPacket(ACK):01 00 0C 71 06 72 00 01 35 1B 0E 0D 
2013/07/22 13:40:38:339 [006668] DEBUG [Prb.cpp, 603] - Read CC1020 completed, Address=0x0004, Data=0x35
2013/07/22 13:40:38:340 [006668] TRACE [Prb.cpp, 584] - Reading CC1020, Address=0x0005
2013/07/22 13:40:38:341 [006668] TRACE [Prb.cpp, 1035] - ReadCC1020Packet(0x05):01 00 0C 73 84 00 02 00 05 B9 61 0D 
2013/07/22 13:40:38:354 [006376] TRACE [Prb.cpp, 943] - RadioBoardPacket(ACK):01 00 0C 73 06 73 00 01 EF 7D D1 0D 
2013/07/22 13:40:38:355 [006668] DEBUG [Prb.cpp, 603] - Read CC1020 completed, Address=0x0005, Data=0xEF
2013/07/22 13:40:38:355 [006668] TRACE [Prb.cpp, 584] - Reading CC1020, Address=0x0006
2013/07/22 13:40:38:356 [006668] TRACE [Prb.cpp, 1035] - ReadCC1020Packet(0x06):01 00 0C 74 84 00 02 00 06 D1 6D 0D 
2013/07/22 13:40:38:370 [006376] TRACE [Prb.cpp, 835] - RxStream contents:01 00 0C 75 06 74 00 01 B3 00 1F 0D 
2013/07/22 13:40:38:371 [006376] TRACE [Prb.cpp, 943] - RadioBoardPacket(ACK):01 00 0C 75 06 74 00 01 B3 00 1F 0D 
2013/07/22 13:40:38:371 [006668] DEBUG [Prb.cpp, 603] - Read CC1020 completed, Address=0x0006, Data=0xB3
2013/07/22 13:40:38:372 [006668] TRACE [Prb.cpp, 584] - Reading CC1020, Address=0x0008
2013/07/22 13:40:38:373 [006668] TRACE [Prb.cpp, 1035] - ReadCC1020Packet(0x08):01 00 0C 75 84 00 02 00 08 A9 49 0D 
2013/07/22 13:40:38:385 [006376] TRACE [Prb.cpp, 835] - RxStream contents:01 00 0C 77 06 75 00 01 35 67 08 0D 
2013/07/22 13:40:38:386 [006376] TRACE [Prb.cpp, 943] - RadioBoardPacket(ACK):01 00 0C 77 06 75 00 01 35 67 08 0D 
2013/07/22 13:40:38:387 [006668] DEBUG [Prb.cpp, 603] - Read CC1020 completed, Address=0x0008, Data=0x35
2013/07/22 13:40:38:387 [006668] TRACE [Prb.cpp, 584] - Reading CC1020, Address=0x0009
2013/07/22 13:40:38:388 [006668] TRACE [Prb.cpp, 1035] - ReadCC1020Packet(0x09):01 00 0C 76 84 00 02 00 09 A1 4C 0D 
2013/07/22 13:40:38:401 [006376] TRACE [Prb.cpp, 943] - RadioBoardPacket(ACK):01 00 0C 79 06 76 00 01 FA 89 A6 0D 
2013/07/22 13:40:38:402 [006668] DEBUG [Prb.cpp, 603] - Read CC1020 completed, Address=0x0009, Data=0xFA
2013/07/22 13:40:38:403 [006668] TRACE [Prb.cpp, 584] - Reading CC1020, Address=0x000A
2013/07/22 13:40:38:403 [006668] TRACE [Prb.cpp, 1035] - ReadCC1020Packet(0x0A):01 00 0C 77 84 00 02 00 0A 59 45 0D 
2013/07/22 13:40:38:417 [006376] TRACE [Prb.cpp, 835] - RxStream contents:01 00 0C 7B 06 77 00 01 5D EE 77 0D 
2013/07/22 13:40:38:418 [006376] TRACE [Prb.cpp, 943] - RadioBoardPacket(ACK):01 00 0C 7B 06 77 00 01 5D EE 77 0D 
2013/07/22 13:40:38:418 [006668] DEBUG [Prb.cpp, 603] - Read CC1020 completed, Address=0x000A, Data=0x5D
2013/07/22 13:40:38:419 [006668] TRACE [Prb.cpp, 584] - Reading CC1020, Address=0x000F
2013/07/22 13:40:38:420 [006668] TRACE [Prb.cpp, 1035] - ReadCC1020Packet(0x0F):01 00 0C 78 84 00 02 00 0F 71 54 0D 
2013/07/22 13:40:38:432 [006376] TRACE [Prb.cpp, 835] - RxStream contents:01 00 0C 7D 06 78 00 01 DF B1 7E 0D 
2013/07/22 13:40:38:433 [006376] TRACE [Prb.cpp, 943] - RadioBoardPacket(ACK):01 00 0C 7D 06 78 00 01 DF B1 7E 0D 
2013/07/22 13:40:38:434 [006668] DEBUG [Prb.cpp, 603] - Read CC1020 completed, Address=0x000F, Data=0xDF
2013/07/22 13:40:38:434 [006668] TRACE [Prb.cpp, 584] - Reading CC1020, Address=0x0010
2013/07/22 13:40:38:435 [006668] TRACE [Prb.cpp, 1035] - ReadCC1020Packet(0x10):01 00 0C 79 84 00 02 00 10 09 16 0D 
2013/07/22 13:40:38:449 [006376] TRACE [Prb.cpp, 943] - RadioBoardPacket(ACK):01 00 0C 7F 06 79 00 01 22 D7 73 0D 
2013/07/22 13:40:38:450 [006668] DEBUG [Prb.cpp, 603] - Read CC1020 completed, Address=0x0010, Data=0x22
2013/07/22 13:40:38:451 [006668] TRACE [Prb.cpp, 584] - Reading CC1020, Address=0x0013
2013/07/22 13:40:38:451 [006668] TRACE [Prb.cpp, 1035] - ReadCC1020Packet(0x13):01 00 0C 7A 84 00 02 00 13 81 1C 0D 
2013/07/22 13:40:38:465 [006376] TRACE [Prb.cpp, 943] - RadioBoardPacket(ACK):01 00 0C 81 06 7A 00 01 2F BB AD 0D 
2013/07/22 13:40:38:466 [006668] DEBUG [Prb.cpp, 603] - Read CC1020 completed, Address=0x0013, Data=0x2F
2013/07/22 13:40:38:466 [006668] TRACE [Prb.cpp, 584] - Reading CC1020, Address=0x0014
2013/07/22 13:40:38:467 [006668] TRACE [Prb.cpp, 1035] - ReadCC1020Packet(0x14):01 00 0C 7B 84 00 02 00 14 F9 0E 0D 
2013/07/22 13:40:38:480 [006376] TRACE [Prb.cpp, 835] - RxStream contents:01 00 0C 83 06 7B 00 01 2F 5F AD 0D 01 00 1F 84 00 00 00 14 04 80 80 80 81 08 00 80 1C 
2013/07/22 13:40:38:481 [006376] TRACE [Prb.cpp, 943] - RadioBoardPacket(ACK):01 00 0C 83 06 7B 00 01 2F 5F AD 0D 
2013/07/22 13:40:38:482 [006668] DEBUG [Prb.cpp, 603] - Read CC1020 completed, Address=0x0014, Data=0x2F
2013/07/22 13:40:38:482 [006668] TRACE [Prb.cpp, 584] - Reading CC1020, Address=0x0043
2013/07/22 13:40:38:483 [006668] TRACE [Prb.cpp, 1035] - ReadCC1020Packet(0x43):01 00 0C 7C 84 00 02 00 43 10 F9 0D 
2013/07/22 13:40:38:496 [006376] TRACE [Prb.cpp, 943] - RadioBoardPacket(ACK):01 00 0C 85 06 7C 00 01 00 A3 4A 0D 
2013/07/22 13:40:38:497 [006668] DEBUG [Prb.cpp, 603] - Read CC1020 completed, Address=0x0043, Data=0x00
2013/07/22 13:40:38:498 [006668] DEBUG [ComSysDiagnostics.cpp, 63] - CC1020 [Link complete] FREQ_2A: 0x35 FREQ_1A: 0xef FREQ_0A: 0xb3
2013/07/22 13:40:38:498 [006668] DEBUG [ComSysDiagnostics.cpp, 67] - CC1020 [Link complete] FREQ_2B: 0x35 FREQ_1B: 0xfa FREQ_0B: 0x5d
2013/07/22 13:40:38:499 [006668] DEBUG [ComSysDiagnostics.cpp, 72] - CC1020 [Link complete] AFC_CONTROL: 0xdf FILTER: 0x22 VGA3: 0x2f VGA4: 0x2f AFC: 0x00
2013/07/22 13:40:38:499 [006668] TRACE [Prb.cpp, 493] - Reading FPGA, Address=0x3018
2013/07/22 13:40:38:500 [006668] TRACE [Prb.cpp, 1035] - ReadFPGAPacket(0x3018):01 00 0C 7D 82 00 02 30 18 C8 33 0D 
2013/07/22 13:40:38:500 [006376] TRACE [Prb.cpp, 835] - RxStream contents:01 00 0C 87 06 7D 00 01 3D C7 C7 0D 
2013/07/22 13:40:38:501 [006376] TRACE [Prb.cpp, 943] - RadioBoardPacket(ACK):01 00 0C 87 06 7D 00 01 3D C7 C7 0D 
2013/07/22 13:40:38:501 [006668] DEBUG [Prb.cpp, 512] - Read FPGA completed, Address=0x3018, Data=0x3D
2013/07/22 13:40:38:502 [006668] TRACE [Prb.cpp, 493] - Reading FPGA, Address=0x301A
2013/07/22 13:40:38:503 [006668] TRACE [Prb.cpp, 1035] - ReadFPGAPacket(0x301A):01 00 0C 7E 82 00 02 30 1A C0 3C 0D 
2013/07/22 13:40:38:503 [006376] TRACE [Prb.cpp, 835] - RxStream contents:01 00 0C 88 06 7E 00 01 00 53 45 0D 
2013/07/22 13:40:38:504 [006376] TRACE [Prb.cpp, 943] - RadioBoardPacket(ACK):01 00 0C 88 06 7E 00 01 00 53 45 0D 
2013/07/22 13:40:38:504 [006668] DEBUG [Prb.cpp, 512] - Read FPGA completed, Address=0x301A, Data=0x00
2013/07/22 13:40:38:505 [006668] TRACE [Prb.cpp, 493] - Reading FPGA, Address=0x3070
2013/07/22 13:40:38:505 [006668] TRACE [Prb.cpp, 1035] - ReadFPGAPacket(0x3070):01 00 0C 7F 82 00 02 30 70 39 43 0D 
2013/07/22 13:40:38:506 [006376] TRACE [Prb.cpp, 835] - RxStream contents:01 00 0C 89 06 7F 00 01 00 3F 45 0D 
2013/07/22 13:40:38:507 [006376] TRACE [Prb.cpp, 943] - RadioBoardPacket(ACK):01 00 0C 89 06 7F 00 01 00 3F 45 0D 
2013/07/22 13:40:38:507 [006668] DEBUG [Prb.cpp, 512] - Read FPGA completed, Address=0x3070, Data=0x00
2013/07/22 13:40:38:508 [006668] DEBUG [ComSysDiagnostics.cpp, 31] - FPGA RSSI/AFC [Link complete] linkedRSSI:61 linkedAFC:0 AFC:0
2013/07/22 13:40:38:509 [006668] INFO [ComSysDiagnostics.cpp, 79] - Status Counters [Link complete] FrameErrorsInLastSecond:1 EcgErrorsInLastSecond:0 MarkerOrImplantIdErrorsInLastSecond:0 TotalFrameErrors:1 TotalEcgErrors:0 TotalMarkerOrImplantIdErrors:0 TotalSentCommands:0 TotalGoodResponses:0 TotalBadResponses:0 TotalResponseTimeouts:0
2013/07/22 13:40:38:510 [006668] TRACE [Prb.cpp, 493] - Reading FPGA, Address=0x301C
2013/07/22 13:40:38:510 [006668] TRACE [Prb.cpp, 1035] - ReadFPGAPacket(0x301C):01 00 0C 80 82 00 02 30 1C 10 DB 0D 
2013/07/22 13:40:38:510 [006376] TRACE [Prb.cpp, 835] - RxStream contents:01 00 0C 8A 06 80 00 01 01 3B 68 0D 
2013/07/22 13:40:38:511 [006376] TRACE [Prb.cpp, 943] - RadioBoardPacket(ACK):01 00 0C 8A 06 80 00 01 01 3B 68 0D 
2013/07/22 13:40:38:512 [006668] DEBUG [Prb.cpp, 512] - Read FPGA completed, Address=0x301C, Data=0x01
2013/07/22 13:40:38:513 [006668] DEBUG [ComSysDiagnostics.cpp, 89] - FPGA Frame Error Counter [Link complete]:1
2013/07/22 13:40:38:513 [006668] INFO [CrossTalkDetector.cpp, 68] - CrossTalkDetector state changing from LinkingState to LinkedState
2013/07/22 13:40:38:514 [006668] INFO [CommunicationSystemStates.cpp, 221] - Link complete.
2013/07/22 13:40:38:525 [006196] INFO 0x801C0094 [CommunicationSystemStateMachine.cpp, 237] - Command: 0x82. Retries: 3. Timeout: 78 ms.
2013/07/22 13:40:38:528 [006196] INFO 0x801C0094 [CommunicationSystemStateMachine.cpp, 252] - Send Command:82 04 F5 6C 17 08 
2013/07/22 13:40:38:529 [006196] TRACE 0x801C0094 [Prb.cpp, 493] - Reading FPGA, Address=0x3018
2013/07/22 13:40:38:530 [006196] TRACE 0x801C0094 [Prb.cpp, 1035] - ReadFPGAPacket(0x3018):01 00 0C 81 82 00 02 30 18 68 C3 0D 
2013/07/22 13:40:38:530 [006376] TRACE 0x801C0094 [Prb.cpp, 835] - RxStream contents:01 00 0C 8D 06 81 00 01 3C 47 E0 0D 
2013/07/22 13:40:38:531 [006376] TRACE 0x801C0094 [Prb.cpp, 943] - RadioBoardPacket(ACK):01 00 0C 8D 06 81 00 01 3C 47 E0 0D 
2013/07/22 13:40:38:532 [006196] DEBUG 0x801C0094 [Prb.cpp, 512] - Read FPGA completed, Address=0x3018, Data=0x3C
2013/07/22 13:40:38:532 [006196] TRACE 0x801C0094 [Prb.cpp, 493] - Reading FPGA, Address=0x301A
2013/07/22 13:40:38:533 [006196] TRACE 0x801C0094 [Prb.cpp, 1035] - ReadFPGAPacket(0x301A):01 00 0C 82 82 00 02 30 1A 60 CC 0D 
2013/07/22 13:40:38:533 [006376] TRACE 0x801C0094 [Prb.cpp, 835] - RxStream contents:01 00 0C 8E 06 82 00 01 00 F3 68 0D 
2013/07/22 13:40:38:534 [006376] TRACE 0x801C0094 [Prb.cpp, 943] - RadioBoardPacket(ACK):01 00 0C 8E 06 82 00 01 00 F3 68 0D 
2013/07/22 13:40:38:535 [006196] DEBUG 0x801C0094 [Prb.cpp, 512] - Read FPGA completed, Address=0x301A, Data=0x00
2013/07/22 13:40:38:535 [006196] TRACE 0x801C0094 [Prb.cpp, 493] - Reading FPGA, Address=0x3070
2013/07/22 13:40:38:536 [006196] TRACE 0x801C0094 [Prb.cpp, 1035] - ReadFPGAPacket(0x3070):01 00 0C 83 82 00 02 30 70 99 B3 0D 
2013/07/22 13:40:38:536 [006376] TRACE 0x801C0094 [Prb.cpp, 835] - RxStream contents:01 00 0C 8F 06 83 00 01 00 9F 68 0D 
2013/07/22 13:40:38:537 [006376] TRACE 0x801C0094 [Prb.cpp, 943] - RadioBoardPacket(ACK):01 00 0C 8F 06 83 00 01 00 9F 68 0D 
2013/07/22 13:40:38:538 [006196] DEBUG 0x801C0094 [Prb.cpp, 512] - Read FPGA completed, Address=0x3070, Data=0x00
2013/07/22 13:40:38:538 [006196] DEBUG 0x801C0094 [ComSysDiagnostics.cpp, 31] - FPGA RSSI/AFC [Send Command] linkedRSSI:60 linkedAFC:0 AFC:0
2013/07/22 13:40:38:539 [006196] TRACE 0x801C0094 [Prb.cpp, 383] - Send Command, Command=0x82
2013/07/22 13:40:38:539 [006196] TRACE 0x801C0094 [Prb.cpp, 1035] - WriteTransmitterPacket():01 00 10 84 87 00 06 82 04 F5 6C 17 08 7B B9 0D 
2013/07/22 13:40:38:539 [006376] TRACE 0x801C0094 [Prb.cpp, 835] - RxStream contents:01 00 0B 90 06 84 00 00 81 D9 0D 
2013/07/22 13:40:38:540 [006376] TRACE 0x801C0094 [Prb.cpp, 943] - RadioBoardPacket(ACK):01 00 0B 90 06 84 00 00 81 D9 0D 
2013/07/22 13:40:38:541 [006196] DEBUG 0x801C0094 [Prb.cpp, 402] - Send Command completed, Command=0x82
2013/07/22 13:40:38:587 [006668] INFO 0x801C0094 [CommunicationSystemStateMachine.cpp, 773] - Command Completed:82 B0 E6 9C A3 FE FF 98 
2013/07/22 13:40:38:588 [006668] DEBUG 0x801C0094 [CommunicationSystemStateMachine.cpp, 330] - ... after 15 frames.
2013/07/22 13:40:38:596 [006196] INFO 0x801C0094 [CommunicationSystemStateMachine.cpp, 237] - Command: 0x82. Retries: 3. Timeout: 78 ms.
2013/07/22 13:40:38:597 [006196] INFO 0x801C0094 [CommunicationSystemStateMachine.cpp, 252] - Send Command:92 04 F5 6C 57 0E 
2013/07/22 13:40:38:598 [006196] TRACE 0x801C0094 [Prb.cpp, 493] - Reading FPGA, Address=0x3018
2013/07/22 13:40:38:598 [006196] TRACE 0x801C0094 [Prb.cpp, 1035] - ReadFPGAPacket(0x3018):01 00 0C 85 82 00 02 30 18 88 C5 0D 
2013/07/22 13:40:38:598 [006376] TRACE 0x801C0094 [Prb.cpp, 835] - RxStream contents:01 00 0C 95 06 85 00 01 40 D6 F3 0D 
2013/07/22 13:40:38:600 [006376] TRACE 0x801C0094 [Prb.cpp, 943] - RadioBoardPacket(ACK):01 00 0C 95 06 85 00 01 40 D6 F3 0D 
2013/07/22 13:40:38:600 [006196] DEBUG 0x801C0094 [Prb.cpp, 512] - Read FPGA completed, Address=0x3018, Data=0x40
2013/07/22 13:40:38:601 [006196] TRACE 0x801C0094 [Prb.cpp, 493] - Reading FPGA, Address=0x301A
2013/07/22 13:40:38:601 [006196] TRACE 0x801C0094 [Prb.cpp, 1035] - ReadFPGAPacket(0x301A):01 00 0C 86 82 00 02 30 1A 80 CA 0D 
2013/07/22 13:40:38:601 [006376] TRACE 0x801C0094 [Prb.cpp, 835] - RxStream contents:01 00 0C 96 06 86 00 01 00 E3 70 0D 
2013/07/22 13:40:38:602 [006376] TRACE 0x801C0094 [Prb.cpp, 943] - RadioBoardPacket(ACK):01 00 0C 96 06 86 00 01 00 E3 70 0D 
2013/07/22 13:40:38:603 [006196] DEBUG 0x801C0094 [Prb.cpp, 512] - Read FPGA completed, Address=0x301A, Data=0x00
2013/07/22 13:40:38:603 [006196] TRACE 0x801C0094 [Prb.cpp, 493] - Reading FPGA, Address=0x3070
2013/07/22 13:40:38:604 [006196] TRACE 0x801C0094 [Prb.cpp, 1035] - ReadFPGAPacket(0x3070):01 00 0C 87 82 00 02 30 70 79 B5 0D 
2013/07/22 13:40:38:604 [006376] TRACE 0x801C0094 [Prb.cpp, 835] - RxStream contents:01 00 0C 97 06 87 00 01 00 8F 70 0D 
2013/07/22 13:40:38:605 [006376] TRACE 0x801C0094 [Prb.cpp, 943] - RadioBoardPacket(ACK):01 00 0C 97 06 87 00 01 00 8F 70 0D 
2013/07/22 13:40:38:606 [006196] DEBUG 0x801C0094 [Prb.cpp, 512] - Read FPGA completed, Address=0x3070, Data=0x00
2013/07/22 13:40:38:606 [006196] DEBUG 0x801C0094 [ComSysDiagnostics.cpp, 31] - FPGA RSSI/AFC [Send Command] linkedRSSI:64 linkedAFC:0 AFC:0
2013/07/22 13:40:38:607 [006196] TRACE 0x801C0094 [Prb.cpp, 383] - Send Command, Command=0x92
2013/07/22 13:40:38:607 [006196] TRACE 0x801C0094 [Prb.cpp, 1035] - WriteTransmitterPacket():01 00 10 88 87 00 06 92 04 F5 6C 57 0E 7B 46 0D 
2013/07/22 13:40:38:607 [006376] TRACE 0x801C0094 [Prb.cpp, 835] - RxStream contents:01 00 0B 99 06 88 00 00 82 91 0D 
2013/07/22 13:40:38:608 [006376] TRACE 0x801C0094 [Prb.cpp, 943] - RadioBoardPacket(ACK):01 00 0B 99 06 88 00 00 82 91 0D 
2013/07/22 13:40:38:609 [006196] DEBUG 0x801C0094 [Prb.cpp, 402] - Send Command completed, Command=0x92
2013/07/22 13:40:38:626 [006668] INFO 0x801C0094 [CommunicationSystem.cpp, 360] - Marker:9D 00 40 F4 31 
2013/07/22 13:40:38:653 [006376] TRACE 0x801C0094 [Prb.cpp, 835] - RxStream contents:01 
2013/07/22 13:40:38:657 [006668] INFO 0x801C0094 [CommunicationSystemStateMachine.cpp, 773] - Command Completed:92 B0 E6 9C A3 FE 7F 8A 
2013/07/22 13:40:38:657 [006668] DEBUG 0x801C0094 [CommunicationSystemStateMachine.cpp, 330] - ... after 3 frames.
2013/07/22 13:40:38:659 [006196] INFO 0x801C0094 [CommunicationSystemStateMachine.cpp, 237] - Command: 0x60. Retries: 3. Timeout: 500 ms.
2013/07/22 13:40:38:660 [006196] INFO 0x801C0094 [CommunicationSystemStateMachine.cpp, 252] - Send Command:60 04 00 9F 83 
2013/07/22 13:40:38:661 [006196] TRACE 0x801C0094 [Prb.cpp, 493] - Reading FPGA, Address=0x3018
2013/07/22 13:40:38:661 [006196] TRACE 0x801C0094 [Prb.cpp, 1035] - ReadFPGAPacket(0x3018):01 00 0C 89 82 00 02 30 18 28 CA 0D 
2013/07/22 13:40:38:661 [006376] TRACE 0x801C0094 [Prb.cpp, 835] - RxStream contents:01 00 0C 9D 06 89 00 01 40 66 FA 0D 
2013/07/22 13:40:38:662 [006376] TRACE 0x801C0094 [Prb.cpp, 943] - RadioBoardPacket(ACK):01 00 0C 9D 06 89 00 01 40 66 FA 0D 
2013/07/22 13:40:38:663 [006196] DEBUG 0x801C0094 [Prb.cpp, 512] - Read FPGA completed, Address=0x3018, Data=0x40
2013/07/22 13:40:38:663 [006196] TRACE 0x801C0094 [Prb.cpp, 493] - Reading FPGA, Address=0x301A
2013/07/22 13:40:38:664 [006196] TRACE 0x801C0094 [Prb.cpp, 1035] - ReadFPGAPacket(0x301A):01 00 0C 8A 82 00 02 30 1A 20 C5 0D 
2013/07/22 13:40:38:664 [006376] TRACE 0x801C0094 [Prb.cpp, 835] - RxStream contents:01 00 0C 9E 06 8A 00 01 FF 51 7B 0D 
2013/07/22 13:40:38:665 [006376] TRACE 0x801C0094 [Prb.cpp, 943] - RadioBoardPacket(ACK):01 00 0C 9E 06 8A 00 01 FF 51 7B 0D 
2013/07/22 13:40:38:666 [006196] DEBUG 0x801C0094 [Prb.cpp, 512] - Read FPGA completed, Address=0x301A, Data=0xFF
2013/07/22 13:40:38:666 [006196] TRACE 0x801C0094 [Prb.cpp, 493] - Reading FPGA, Address=0x3070
2013/07/22 13:40:38:667 [006196] TRACE 0x801C0094 [Prb.cpp, 1035] - ReadFPGAPacket(0x3070):01 00 0C 8B 82 00 02 30 70 D9 BA 0D 
2013/07/22 13:40:38:667 [006376] TRACE 0x801C0094 [Prb.cpp, 835] - RxStream contents:01 00 0C 9F 06 8B 00 01 00 3F 79 0D 
2013/07/22 13:40:38:668 [006376] TRACE 0x801C0094 [Prb.cpp, 943] - RadioBoardPacket(ACK):01 00 0C 9F 06 8B 00 01 00 3F 79 0D 
2013/07/22 13:40:38:668 [006196] DEBUG 0x801C0094 [Prb.cpp, 512] - Read FPGA completed, Address=0x3070, Data=0x00
2013/07/22 13:40:38:669 [006196] DEBUG 0x801C0094 [ComSysDiagnostics.cpp, 31] - FPGA RSSI/AFC [Send Command] linkedRSSI:64 linkedAFC:255 AFC:0
2013/07/22 13:40:38:669 [006196] TRACE 0x801C0094 [Prb.cpp, 383] - Send Command, Command=0x60
2013/07/22 13:40:38:670 [006196] TRACE 0x801C0094 [Prb.cpp, 1035] - WriteTransmitterPacket():01 00 0F 8C 87 00 05 60 04 00 9F 83 D1 6E 0D 
2013/07/22 13:40:38:670 [006376] TRACE 0x801C0094 [Prb.cpp, 835] - RxStream contents:01 00 0B A1 06 8C 00 00 89 81 0D 
2013/07/22 13:40:38:671 [006376] TRACE 0x801C0094 [Prb.cpp, 943] - RadioBoardPacket(ACK):01 00 0B A1 06 8C 00 00 89 81 0D 
2013/07/22 13:40:38:672 [006196] DEBUG 0x801C0094 [Prb.cpp, 402] - Send Command completed, Command=0x60
2013/07/22 13:40:38:674 [006256] DEBUG 0x801C0094 [Prb.cpp, 650] - Read EEPROM completed, Address=0x0080, Data=0x00
2013/07/22 13:40:38:675 [006256] DEBUG 0x801C0094 [Prb.cpp, 650] - Read EEPROM completed, Address=0x0081, Data=0x00
2013/07/22 13:40:38:676 [006256] DEBUG 0x801C0094 [Prb.cpp, 650] - Read EEPROM completed, Address=0x0082, Data=0x00
2013/07/22 13:40:38:677 [006256] DEBUG 0x801C0094 [Prb.cpp, 650] - Read EEPROM completed, Address=0x0083, Data=0x00
2013/07/22 13:40:38:678 [006256] DEBUG 0x801C0094 [Prb.cpp, 650] - Read EEPROM completed, Address=0x0084, Data=0x00
2013/07/22 13:40:38:679 [006256] DEBUG 0x801C0094 [Prb.cpp, 650] - Read EEPROM completed, Address=0x0085, Data=0x00
2013/07/22 13:40:38:680 [006256] DEBUG 0x801C0094 [Prb.cpp, 650] - Read EEPROM completed, Address=0x0086, Data=0x00
2013/07/22 13:40:38:681 [006256] DEBUG 0x801C0094 [Prb.cpp, 650] - Read EEPROM completed, Address=0x0087, Data=0x00
2013/07/22 13:40:38:682 [006256] DEBUG 0x801C0094 [Prb.cpp, 650] - Read EEPROM completed, Address=0x0088, Data=0x00
2013/07/22 13:40:38:683 [006256] DEBUG 0x801C0094 [Prb.cpp, 650] - Read EEPROM completed, Address=0x0089, Data=0x00
2013/07/22 13:40:38:683 [006256] DEBUG 0x801C0094 [Prb.cpp, 650] - Read EEPROM completed, Address=0x008A, Data=0x00
2013/07/22 13:40:38:684 [006256] DEBUG 0x801C0094 [Prb.cpp, 650] - Read EEPROM completed, Address=0x008B, Data=0x00
2013/07/22 13:40:38:685 [006256] DEBUG 0x801C0094 [Prb.cpp, 650] - Read EEPROM completed, Address=0x008C, Data=0x00
2013/07/22 13:40:38:686 [006256] DEBUG 0x801C0094 [Prb.cpp, 650] - Read EEPROM completed, Address=0x00A8, Data=0x00
2013/07/22 13:40:38:687 [006256] DEBUG 0x801C0094 [Prb.cpp, 650] - Read EEPROM completed, Address=0x00A9, Data=0x00
2013/07/22 13:40:38:703 [006668] INFO 0x801C0094 [CommunicationSystemStateMachine.cpp, 773] - Command Completed:60 92 80 1C 00 94 39 E2 
2013/07/22 13:40:38:703 [006668] DEBUG 0x801C0094 [CommunicationSystemStateMachine.cpp, 330] - ... after 2 frames.
2013/07/22 13:40:38:704 [006668] INFO 0x801C0094 [CommunicationSystemStateMachine.cpp, 237] - Command: 0x60. Retries: 3. Timeout: 500 ms.
2013/07/22 13:40:38:705 [006668] INFO 0x801C0094 [CommunicationSystemStateMachine.cpp, 252] - Send Command:70 04 00 1E C0 
2013/07/22 13:40:38:705 [006668] TRACE 0x801C0094 [Prb.cpp, 493] - Reading FPGA, Address=0x3018
2013/07/22 13:40:38:706 [006668] TRACE 0x801C0094 [Prb.cpp, 1035] - ReadFPGAPacket(0x3018):01 00 0C 8D 82 00 02 30 18 C8 CC 0D 
2013/07/22 13:40:38:706 [006376] TRACE 0x801C0094 [Prb.cpp, 835] - RxStream contents:01 00 0C A4 06 8D 00 01 40 0E C0 0D 
2013/07/22 13:40:38:707 [006376] TRACE 0x801C0094 [Prb.cpp, 943] - RadioBoardPacket(ACK):01 00 0C A4 06 8D 00 01 40 0E C0 0D 
2013/07/22 13:40:38:708 [006668] DEBUG 0x801C0094 [Prb.cpp, 512] - Read FPGA completed, Address=0x3018, Data=0x40
2013/07/22 13:40:38:708 [006668] TRACE 0x801C0094 [Prb.cpp, 493] - Reading FPGA, Address=0x301A
2013/07/22 13:40:38:709 [006668] TRACE 0x801C0094 [Prb.cpp, 1035] - ReadFPGAPacket(0x301A):01 00 0C 8E 82 00 02 30 1A C0 C3 0D 
2013/07/22 13:40:38:709 [006376] TRACE 0x801C0094 [Prb.cpp, 835] - RxStream contents:01 00 0C A5 06 8E 00 01 00 4B 40 0D 
2013/07/22 13:40:38:710 [006376] TRACE 0x801C0094 [Prb.cpp, 943] - RadioBoardPacket(ACK):01 00 0C A5 06 8E 00 01 00 4B 40 0D 
2013/07/22 13:40:38:710 [006668] DEBUG 0x801C0094 [Prb.cpp, 512] - Read FPGA completed, Address=0x301A, Data=0x00
2013/07/22 13:40:38:711 [006668] TRACE 0x801C0094 [Prb.cpp, 493] - Reading FPGA, Address=0x3070
2013/07/22 13:40:38:712 [006668] TRACE 0x801C0094 [Prb.cpp, 1035] - ReadFPGAPacket(0x3070):01 00 0C 8F 82 00 02 30 70 39 BC 0D 
2013/07/22 13:40:38:712 [006376] TRACE 0x801C0094 [Prb.cpp, 835] - RxStream contents:01 00 0C A6 06 8F 00 01 00 57 43 0D 
2013/07/22 13:40:38:713 [006376] TRACE 0x801C0094 [Prb.cpp, 943] - RadioBoardPacket(ACK):01 00 0C A6 06 8F 00 01 00 57 43 0D 
2013/07/22 13:40:38:713 [006668] DEBUG 0x801C0094 [Prb.cpp, 512] - Read FPGA completed, Address=0x3070, Data=0x00
2013/07/22 13:40:38:714 [006668] DEBUG 0x801C0094 [ComSysDiagnostics.cpp, 31] - FPGA RSSI/AFC [Send Command] linkedRSSI:64 linkedAFC:0 AFC:0
2013/07/22 13:40:38:714 [006668] TRACE 0x801C0094 [Prb.cpp, 383] - Send Command, Command=0x70
2013/07/22 13:40:38:715 [006668] TRACE 0x801C0094 [Prb.cpp, 1035] - WriteTransmitterPacket():01 00 0F 90 87 00 05 70 04 00 1E C0 1D ED 0D 
2013/07/22 13:40:38:715 [006376] TRACE 0x801C0094 [Prb.cpp, 835] - RxStream contents:01 00 0B A7 06 90 00 00 09 22 0D 
2013/07/22 13:40:38:716 [006376] TRACE 0x801C0094 [Prb.cpp, 943] - RadioBoardPacket(ACK):01 00 0B A7 06 90 00 00 09 22 0D 
2013/07/22 13:40:38:716 [006668] DEBUG 0x801C0094 [Prb.cpp, 402] - Send Command completed, Command=0x70
2013/07/22 13:40:38:732 [006668] INFO 0x801C0094 [CommunicationSystemStateMachine.cpp, 773] - Command Completed:70 92 80 1C 00 94 B9 F0 
2013/07/22 13:40:38:732 [006668] DEBUG 0x801C0094 [CommunicationSystemStateMachine.cpp, 330] - ... after 2 frames.
2013/07/22 13:40:38:733 [006668] INFO 0x801C0094 [CommunicationSystemStateMachine.cpp, 237] - Command: 0xe4. Retries: 3. Timeout: 500 ms.
2013/07/22 13:40:38:734 [006668] INFO 0x801C0094 [CommunicationSystemStateMachine.cpp, 252] - Send Command:E4 02 58 
2013/07/22 13:40:38:734 [006668] TRACE 0x801C0094 [Prb.cpp, 493] - Reading FPGA, Address=0x3018
2013/07/22 13:40:38:735 [006668] TRACE 0x801C0094 [Prb.cpp, 1035] - ReadFPGAPacket(0x3018):01 00 0C 91 82 00 02 30 18 E8 D1 0D 
2013/07/22 13:40:38:735 [006376] TRACE 0x801C0094 [Prb.cpp, 835] - RxStream contents:01 00 0C AA 06 91 00 01 3F EF CB 0D 
2013/07/22 13:40:38:736 [006376] TRACE 0x801C0094 [Prb.cpp, 943] - RadioBoardPacket(ACK):01 00 0C AA 06 91 00 01 3F EF CB 0D 
2013/07/22 13:40:38:737 [006668] DEBUG 0x801C0094 [Prb.cpp, 512] - Read FPGA completed, Address=0x3018, Data=0x3F
2013/07/22 13:40:38:737 [006668] TRACE 0x801C0094 [Prb.cpp, 493] - Reading FPGA, Address=0x301A
2013/07/22 13:40:38:738 [006668] TRACE 0x801C0094 [Prb.cpp, 1035] - ReadFPGAPacket(0x301A):01 00 0C 92 82 00 02 30 1A E0 DE 0D 
2013/07/22 13:40:38:738 [006376] TRACE 0x801C0094 [Prb.cpp, 835] - RxStream contents:01 00 0C AB 06 92 00 01 01 AB 4F 0D 
2013/07/22 13:40:38:739 [006376] TRACE 0x801C0094 [Prb.cpp, 943] - RadioBoardPacket(ACK):01 00 0C AB 06 92 00 01 01 AB 4F 0D 
2013/07/22 13:40:38:740 [006668] DEBUG 0x801C0094 [Prb.cpp, 512] - Read FPGA completed, Address=0x301A, Data=0x01
2013/07/22 13:40:38:740 [006668] TRACE 0x801C0094 [Prb.cpp, 493] - Reading FPGA, Address=0x3070
2013/07/22 13:40:38:741 [006668] TRACE 0x801C0094 [Prb.cpp, 1035] - ReadFPGAPacket(0x3070):01 00 0C 93 82 00 02 30 70 19 A1 0D 
2013/07/22 13:40:38:741 [006376] TRACE 0x801C0094 [Prb.cpp, 835] - RxStream contents:01 00 0C AC 06 93 00 01 FF D5 4D 0D 
2013/07/22 13:40:38:742 [006376] TRACE 0x801C0094 [Prb.cpp, 943] - RadioBoardPacket(ACK):01 00 0C AC 06 93 00 01 FF D5 4D 0D 
2013/07/22 13:40:38:742 [006668] DEBUG 0x801C0094 [Prb.cpp, 512] - Read FPGA completed, Address=0x3070, Data=0xFF
2013/07/22 13:40:38:743 [006668] DEBUG 0x801C0094 [ComSysDiagnostics.cpp, 31] - FPGA RSSI/AFC [Send Command] linkedRSSI:63 linkedAFC:1 AFC:255
2013/07/22 13:40:38:744 [006668] TRACE 0x801C0094 [Prb.cpp, 383] - Send Command, Command=0xe4
2013/07/22 13:40:38:744 [006668] TRACE 0x801C0094 [Prb.cpp, 1035] - WriteTransmitterPacket():01 00 0D 94 87 00 03 E4 02 58 19 E0 0D 
2013/07/22 13:40:38:744 [006376] TRACE 0x801C0094 [Prb.cpp, 835] - RxStream contents:01 00 0B AD 06 94 00 00 8A 41 0D 
2013/07/22 13:40:38:745 [006376] TRACE 0x801C0094 [Prb.cpp, 943] - RadioBoardPacket(ACK):01 00 0B AD 06 94 00 00 8A 41 0D 
2013/07/22 13:40:38:746 [006668] DEBUG 0x801C0094 [Prb.cpp, 402] - Send Command completed, Command=0xe4
2013/07/22 13:40:38:891 [006668] INFO 0x801C0094 [ComSysDiagnostics.cpp, 79] - Status Counters [Link lost] FrameErrorsInLastSecond:9 EcgErrorsInLastSecond:0 MarkerOrImplantIdErrorsInLastSecond:0 TotalFrameErrors:9 TotalEcgErrors:0 TotalMarkerOrImplantIdErrors:0 TotalSentCommands:5 TotalGoodResponses:4 TotalBadResponses:0 TotalResponseTimeouts:0
2013/07/22 13:40:38:892 [006668] TRACE 0x801C0094 [Prb.cpp, 493] - Reading FPGA, Address=0x301C
2013/07/22 13:40:38:892 [006668] TRACE 0x801C0094 [Prb.cpp, 1035] - ReadFPGAPacket(0x301C):01 00 0C 95 82 00 02 30 1C 88 CC 0D 
2013/07/22 13:40:38:893 [006376] TRACE 0x801C0094 [Prb.cpp, 835] - RxStream contents:01 00 0C B8 06 95 00 01 0A CF 67 0D 
2013/07/22 13:40:38:894 [006376] TRACE 0x801C0094 [Prb.cpp, 943] - RadioBoardPacket(ACK):01 00 0C B8 06 95 00 01 0A CF 67 0D 
2013/07/22 13:40:38:894 [006668] DEBUG 0x801C0094 [Prb.cpp, 512] - Read FPGA completed, Address=0x301C, Data=0x0A
2013/07/22 13:40:38:895 [006668] DEBUG 0x801C0094 [ComSysDiagnostics.cpp, 89] - FPGA Frame Error Counter [Link lost]:10
2013/07/22 13:40:38:896 [006668] INFO 0x801C0094 [CommunicationSystemStateMachine.cpp, 769] - Command Completed
2013/07/22 13:40:38:896 [006668] DEBUG 0x801C0094 [CommunicationSystemStateMachine.cpp, 330] - ... after 10 frames.
2013/07/22 13:40:38:897 [006668] TRACE 0x801C0094 [Prb.cpp, 448] - Writing FPGA, Address=0x1008, Data=0x08
2013/07/22 13:40:38:898 [006668] TRACE 0x801C0094 [Prb.cpp, 1035] - WriteFPGAPacket(0x1008, 0x08):01 00 0D 96 81 00 03 10 08 08 BA B5 0D 
2013/07/22 13:40:38:898 [006376] TRACE 0x801C0094 [Prb.cpp, 835] - RxStream contents:01 00 0B B9 06 96 00 00 0C 0A 0D 
2013/07/22 13:40:38:899 [006376] TRACE 0x801C0094 [Prb.cpp, 943] - RadioBoardPacket(ACK):01 00 0B B9 06 96 00 00 0C 0A 0D 
2013/07/22 13:40:38:900 [006668] DEBUG 0x801C0094 [Prb.cpp, 466] - Write FPGA completed, Address=0x1008, Data=0x08
2013/07/22 13:40:38:916 [006668] TRACE 0x801C0094 [Prb.cpp, 493] - Reading FPGA, Address=0x300A
2013/07/22 13:40:38:916 [006668] TRACE 0x801C0094 [Prb.cpp, 1035] - ReadFPGAPacket(0x300A):01 00 0C 97 82 00 02 30 0A 78 B8 0D 
2013/07/22 13:40:38:917 [006376] TRACE 0x801C0094 [Prb.cpp, 835] - RxStream contents:01 00 0C BA 06 97 00 01 00 17 5B 0D 
2013/07/22 13:40:38:919 [006376] TRACE 0x801C0094 [Prb.cpp, 943] - RadioBoardPacket(ACK):01 00 0C BA 06 97 00 01 00 17 5B 0D 
2013/07/22 13:40:38:919 [006668] DEBUG 0x801C0094 [Prb.cpp, 512] - Read FPGA completed, Address=0x300A, Data=0x00
2013/07/22 13:40:38:920 [006668] TRACE 0x801C0094 [Prb.cpp, 448] - Writing FPGA, Address=0x300A, Data=0x03
2013/07/22 13:40:38:920 [006668] TRACE 0x801C0094 [Prb.cpp, 1035] - WriteFPGAPacket(0x300A, 0x03):01 00 0D 98 81 00 03 30 0A 03 BA EF 0D 
2013/07/22 13:40:38:921 [006376] TRACE 0x801C0094 [Prb.cpp, 835] - RxStream contents:01 00 0B BB 06 98 00 00 0C 22 0D 
2013/07/22 13:40:38:922 [006376] TRACE 0x801C0094 [Prb.cpp, 943] - RadioBoardPacket(ACK):01 00 0B BB 06 98 00 00 0C 22 0D 
2013/07/22 13:40:38:922 [006668] DEBUG 0x801C0094 [Prb.cpp, 466] - Write FPGA completed, Address=0x300A, Data=0x03
2013/07/22 13:40:44:088 [006256] INFO [NCommunicationSystem.cpp, 747] - Disposing: 1
2013/07/22 13:40:44:091 [006256] INFO [CrossAppDomainEventMarshaller.cpp, 44] - Disposing: 1
2013/07/22 13:40:44:092 [006256] INFO [CrossAppDomainEventMarshaller.cpp, 155] - abortGetNextEvent called
2013/07/22 13:40:44:092 [006256] INFO [CrossAppDomainEventMarshaller.cpp, 48] - Waiting for CrossDomainEventTranslator::m_pHandleEventsThread to stop
2013/07/22 13:40:44:092 [002752] INFO [CrossAppDomainEventMarshaller.cpp, 80] - handleEventsThread exiting (thread aborted)
2013/07/22 13:40:44:094 [006256] INFO [CrossAppDomainEventMarshaller.cpp, 54] - CrossDomainEventTranslator::m_pHandleEventsThread stopped
2013/07/22 13:40:44:095 [006256] INFO [CrossAppDomainEventMarshaller.cpp, 110] - EventHandler dtor
2013/07/22 13:40:44:096 [006256] INFO [CrossAppDomainEventMarshaller.cpp, 60] - Disposed.
2013/07/22 13:40:44:097 [006376] DEBUG [Prb.cpp, 867] - Prb receive thread terminated.
2013/07/22 13:40:44:098 [006668] INFO [ExceptionCatchingThread.cpp, 170] - Exited the interrupt thread procedure with return value 0.
2013/07/22 13:40:44:199 [006196] INFO [ExceptionCatchingThread.cpp, 170] - Exited the dispatch thread procedure with return value 0.
2013/07/22 13:40:44:201 [003832] INFO [ExceptionCatchingThread.cpp, 170] - Exited the timer thread procedure with return value 0.
2013/07/22 13:40:44:302 [006256] INFO [NCommunicationSystem.cpp, 779] - Disposed.
<<<<< Log Footer: 07/22/2013 13:40:44 >>>>>
