2013/07/22 13:40:15:756  INFO:   Loaded Symbol File C:\ISV System\Config\FirmwareSymbols\build178.sym for firmware Build #178
2013/07/22 13:40:15:808  INFO:   CommunicationSystemLog properties: .\CommunicationSystem.logger.properties
2013/07/22 13:40:15:808  INFO:   CommunicationSystemLog log       : .\logs\systemBerScriptLog 2013.07.22 13.40.15_CommunicationSystem.Log
2013/07/22 13:40:19:643  INFO:   Setting the event sink for ScriptEngineProcedure
2013/07/22 13:40:19:643  INFO:   Program parameters checks are enabled
2013/07/22 13:40:19:648  INFO:   ********************************************************************************
2013/07/22 13:40:19:648  INFO:   Starting ScriptEngineProcedure, Assembly  version 
2013/07/22 13:40:19:653  INFO:   Config: ICD (NCommunicationSystem ver: nCommunicationSystem, Version=1.8.2.1, Culture=neutral, PublicKeyToken=56b5378c99c0bcfd; FTDI Driver ver: 2.08.24.0; PRB FPGA ver: 7)
2013/07/22 13:40:19:653  INFO:   Setting the radio board transmit power to level 0x7.
2013/07/22 13:40:19:656  INFO:   Radio board power level set to 7.
2013/07/22 13:40:19:657  INFO:   ECG Timeout Interval set to 10 seconds.
2013/07/22 13:40:19:658  STATE:  Changing state to ScriptExecStateMachine.WaitForNextCmdState, ID[1]
2013/07/22 13:40:19:658  INFO:   FwDvtSystem Started the event processing thread
2013/07/22 13:40:19:682  ACTION: Read PRB FPGA: Address=0x3000 Data=0x07
2013/07/22 13:40:19:686  RESULT: FPGA 0x3000 Expected: 18 Actual: 7
2013/07/22 13:40:19:688  RESULT: ERROR Expected: 18 Actual: 7
2013/07/22 13:40:19:689  ACTION: Calibrate CC1020
2013/07/22 13:40:19:784  INFO:   CC1020 calibration passed
2013/07/22 13:40:19:792  ACTION: Read C1020: Address 0x04 Data=0x35
2013/07/22 13:40:19:797  ACTION: Read C1020: Address 0x05 Data=0xF0
2013/07/22 13:40:19:800  ACTION: Read C1020: Address 0x06 Data=0x21
2013/07/22 13:40:19:804  ACTION: Read C1020: Address 0x07 Data=0x38
2013/07/22 13:40:19:807  ACTION: Read C1020: Address 0x08 Data=0x35
2013/07/22 13:40:19:810  ACTION: Read C1020: Address 0x09 Data=0xFA
2013/07/22 13:40:19:814  ACTION: Read C1020: Address 0x0A Data=0xCB
2013/07/22 13:40:19:817  ACTION: Read C1020: Address 0x0B Data=0x38
2013/07/22 13:40:19:820  ACTION: Read C1020: Address 0x1D Data=0x00
2013/07/22 13:40:19:824  ACTION: Read C1020: Address 0x45 Data=0x5C
2013/07/22 13:40:19:827  ACTION: Read C1020: Address 0x46 Data=0x66
2013/07/22 13:40:19:830  ACTION: Read C1020: Address 0x47 Data=0x44
2013/07/22 13:40:19:840  ACTION: Read PRB FPGA: Address=0x305E Data=0x00
2013/07/22 13:40:19:843  ACTION: Read PRB FPGA: Address=0x3060 Data=0x00
2013/07/22 13:40:19:846  ACTION: Read PRB FPGA: Address=0x3062 Data=0x00
2013/07/22 13:40:19:853  ACTION: Read PRB FPGA: Address=0x3066 Data=0x00
2013/07/22 13:40:19:856  ACTION: Read PRB FPGA: Address=0x3068 Data=0x00
2013/07/22 13:40:19:859  ACTION: Read PRB FPGA: Address=0x306A Data=0x00
2013/07/22 13:40:19:860  ACTION: Write PRB FPGA: Address=0x1026 Data=0x00
2013/07/22 13:40:19:867  INFO:   EXECUTING STATE: SMLibrary.Dvt.IcdCmd+ScanState Timeout: 00:00:30
2013/07/22 13:40:19:868  EVENT:  SCRIPT-EXEC:EXEC-STATE - TES.Dvt.ScriptExecStateMachine, ID[11]
2013/07/22 13:40:19:869  STATE:  Changing state to ScriptExecStateMachine.ExecState, ID[4]
2013/07/22 13:40:19:869  INFO:   Setting the radio board transmit power to level 0x7.
2013/07/22 13:40:19:873  INFO:   Radio board power level set to 7.
2013/07/22 13:40:19:874  ACTION: Setting radio board configuration for hybrid.
2013/07/22 13:40:19:874  ACTION: Set radio board to DIO inverting mode.
2013/07/22 13:40:19:874  ACTION: Write PRB FPGA: Address=0x3012 Data=0x01
2013/07/22 13:40:19:877  ACTION: PRB Set Link Data Rate: Slow
2013/07/22 13:40:19:880  ACTION: Read PRB FPGA: Address=0x1004 Data=0x00
2013/07/22 13:40:19:880  ACTION: Write PRB FPGA: Address=0x1004 Data=0x00
2013/07/22 13:40:19:883  ACTION: Scanning for devices, primary scan duration = 9 sec, secondary scan duration = 2 sec
2013/07/22 13:40:31:058  INFO:   Primary scan device IDs: 0x801C0094 
2013/07/22 13:40:35:215  INFO:   Secondary scan device IDs: 0x801C0094 
2013/07/22 13:40:35:217  EVENT:  Device ID List, ID[17]
                                 DeviceID[0] : ID 0x801C0094 (Model 0, Serial 148, SW Version 7, Is Implanted)
2013/07/22 13:40:35:218  STATE:  Changing state to ScriptExecStateMachine.WaitForNextCmdState, ID[1]
2013/07/22 13:40:35:218  INFO:   STATE EXITED: SMLibrary.Dvt.IcdCmd+ScanState
2013/07/22 13:40:35:252  INFO:   EXECUTING STATE: SMLibrary.Dvt.IcdCmd+ConnectState Timeout: 00:00:24
2013/07/22 13:40:35:252  EVENT:  SCRIPT-EXEC:EXEC-STATE - TES.Dvt.ScriptExecStateMachine, ID[11]
2013/07/22 13:40:35:253  STATE:  Changing state to ScriptExecStateMachine.ExecState, ID[4]
2013/07/22 13:40:35:253  ACTION: PRB Set Link Data Rate: Slow
2013/07/22 13:40:35:256  ACTION: Read PRB FPGA: Address=0x1004 Data=0x00
2013/07/22 13:40:35:256  ACTION: Write PRB FPGA: Address=0x1004 Data=0x00
2013/07/22 13:40:35:259  ACTION: Connecting to device ID 0x801C0094 (Model 0, Serial 148, SW Version 7, Is Implanted)
2013/07/22 13:40:38:516  INFO:   Registering the ICD session delegates
2013/07/22 13:40:38:516  EVENT:  Connect Succeeded, ID[19]
2013/07/22 13:40:38:516  STATE:  Changing state to ScriptExecStateMachine.WaitForNextCmdState, ID[1]
2013/07/22 13:40:38:516  INFO:   STATE EXITED: SMLibrary.Dvt.IcdCmd+ConnectState
2013/07/22 13:40:38:520  INFO:   EXECUTING STATE MACHINE: SMLibrary.ReadSM Timeout: 00:00:01.3120000
2013/07/22 13:40:38:520  EVENT:  SCRIPT-EXEC:EXEC-SM - TES.Dvt.ScriptExecStateMachine, ID[9]
2013/07/22 13:40:38:520  STATE:  Changing state to ScriptExecStateMachine.ExecStateMachineWithCustomExitEventsState, ID[2]
2013/07/22 13:40:38:521  STATE:  Changing state to ReadSM.ReadingState, ID[8]
2013/07/22 13:40:38:522  ACTION: READ_FROM_16_BIT_ADDR_WITH_CRC32, Address=SYS_ERRORS(0xF56C) Length=1
2013/07/22 13:40:38:593  EVENT:  Command Completed, ID[23], Command=0x82 (READ_FROM_16_BIT_ADDR_WITH_CRC32), CRC32=0xE69CA3FE, Data=0xB0
2013/07/22 13:40:38:594  EVENT:  Read Memory Complete, ID[24]
2013/07/22 13:40:38:594  STATE:  Changing state to ReadSM.IdleState, ID[6]
2013/07/22 13:40:38:594  STATE:  Changing state to ScriptExecStateMachine.WaitForNextCmdState, ID[1]
2013/07/22 13:40:38:594  INFO:   STATE MACHINE EXITED: SMLibrary.ReadSM
2013/07/22 13:40:38:596  INFO:   EXECUTING STATE MACHINE: SMLibrary.ReadSM Timeout: 00:00:01.3120000
2013/07/22 13:40:38:596  EVENT:  SCRIPT-EXEC:EXEC-SM - TES.Dvt.ScriptExecStateMachine, ID[9]
2013/07/22 13:40:38:596  STATE:  Changing state to ScriptExecStateMachine.ExecStateMachineWithCustomExitEventsState, ID[2]
2013/07/22 13:40:38:596  STATE:  Changing state to ReadSM.ReadingState, ID[9]
2013/07/22 13:40:38:596  ACTION: READ_FROM_16_BIT_ADDR_WITH_CRC32, Address=SYS_ERRORS(0xF56C) Length=1
2013/07/22 13:40:38:630  EVENT:  Marker (Device Summary), ID[28], Timestamp=0xF4[full:not set], Data[0]=0x00, Data[1]=0x40 DynamicShockPolarity=HVA_POSITIVE SystemErrorOccurred 
2013/07/22 13:40:38:658  EVENT:  Command Completed, ID[29], Command=0x82 (READ_FROM_16_BIT_ADDR_WITH_CRC32), time since last CMDCompleted: 66 ms, CRC32=0xE69CA3FE, Data=0xB0
2013/07/22 13:40:38:658  EVENT:  Read Memory Complete, ID[30]
2013/07/22 13:40:38:658  STATE:  Changing state to ReadSM.IdleState, ID[6]
2013/07/22 13:40:38:658  STATE:  Changing state to ScriptExecStateMachine.WaitForNextCmdState, ID[1]
2013/07/22 13:40:38:658  INFO:   STATE MACHINE EXITED: SMLibrary.ReadSM
2013/07/22 13:40:38:659  ACTION: Return Last Command
2013/07/22 13:40:38:672  ACTION: Return Last Command
2013/07/22 13:40:38:674  ACTION: Read PRB EEPROM: Address=0x80 Data=0x00
2013/07/22 13:40:38:675  ACTION: Read PRB EEPROM: Address=0x81 Data=0x00
2013/07/22 13:40:38:676  ACTION: Read PRB EEPROM: Address=0x82 Data=0x00
2013/07/22 13:40:38:677  ACTION: Read PRB EEPROM: Address=0x83 Data=0x00
2013/07/22 13:40:38:678  ACTION: Read PRB EEPROM: Address=0x84 Data=0x00
2013/07/22 13:40:38:679  ACTION: Read PRB EEPROM: Address=0x85 Data=0x00
2013/07/22 13:40:38:680  ACTION: Read PRB EEPROM: Address=0x86 Data=0x00
2013/07/22 13:40:38:681  ACTION: Read PRB EEPROM: Address=0x87 Data=0x00
2013/07/22 13:40:38:682  ACTION: Read PRB EEPROM: Address=0x88 Data=0x00
2013/07/22 13:40:38:683  ACTION: Read PRB EEPROM: Address=0x89 Data=0x00
2013/07/22 13:40:38:684  ACTION: Read PRB EEPROM: Address=0x8A Data=0x00
2013/07/22 13:40:38:685  ACTION: Read PRB EEPROM: Address=0x8B Data=0x00
2013/07/22 13:40:38:686  ACTION: Read PRB EEPROM: Address=0x8C Data=0x00
2013/07/22 13:40:38:687  ACTION: Read PRB EEPROM: Address=0xA8 Data=0x00
2013/07/22 13:40:38:687  ACTION: Read PRB EEPROM: Address=0xA9 Data=0x00
2013/07/22 13:40:38:693  INFO:   EXECUTING STATE: IronPython.NewTypes.System.Object#IScriptExecState_5$5 Timeout: 00:00:02
2013/07/22 13:40:38:693  EVENT:  SCRIPT-EXEC:EXEC-STATE - TES.Dvt.ScriptExecStateMachine, ID[11]
2013/07/22 13:40:38:693  STATE:  Changing state to ScriptExecStateMachine.ExecState, ID[4]
2013/07/22 13:40:38:694  ACTION: Break Link
2013/07/22 13:40:38:704  EVENT:  Command Completed, ID[32], Command=0x60 (Return Last Command), time since last CMDCompleted: 46 ms,
                                 0x00 : 92801C00 94   
2013/07/22 13:40:38:733  EVENT:  Command Completed, ID[33], Command=0x60 (Return Last Command), time since last CMDCompleted: 29 ms,
                                 0x00 : 92801C00 94   
2013/07/22 13:40:38:898  INFO:   Unregistering the ICD session delegates
2013/07/22 13:40:38:898  EVENT:  Command Completed, ID[34], Command=0xE4 (Break Link), time since last CMDCompleted: 165 ms
2013/07/22 13:40:39:058  EVENT:  Disconnected, ID[35], clean
2013/07/22 13:40:39:058  STATE:  Changing state to ScriptExecStateMachine.WaitForNextCmdState, ID[1]
2013/07/22 13:40:39:058  INFO:   STATE EXITED: IronPython.NewTypes.System.Object#IScriptExecState_5$5
2013/07/22 13:40:44:061  EVENT:  SCRIPT-EXEC:EXIT - TES.Dvt.ScriptExecStateMachine, ID[8]
2013/07/22 13:40:44:061  INFO:   Terminating ScriptEngineProcedure
2013/07/22 13:40:44:062  EVENT:  Terminate Dispatch, ID[36]
2013/07/22 13:40:44:062  EVENT:  TES.Dvt.ScriptExecStateMachine.DoneEvent, ID[6]
2013/07/22 13:40:44:062  STATE:  Changing state to ScriptExecStateMachine.IdleState, ID[6]
2013/07/22 13:40:44:071  INFO:   ScriptEngineProcedure Completed
2013/07/22 13:40:44:072  INFO:   Testcase Summary:
2013/07/22 13:40:44:072  RESULT: Test Procedure ScriptEngineProcedure (FAILED)
2013/07/22 13:40:44:072  INFO:   Procedure Runtime = 00:00:24
2013/07/22 13:40:44:079  INFO:   The event dispatch thread ScriptEngineProcedure exited.
