2013/07/25 21:04:02:342  INFO:   Loaded Symbol File C:\ISV System\Config\FirmwareSymbols\build178.sym for firmware Build #178
2013/07/25 21:04:02:356  INFO:   CommunicationSystemLog properties: .\CommunicationSystem.logger.properties
2013/07/25 21:04:02:356  INFO:   CommunicationSystemLog log       : .\logs\systemBerScriptLog 2013.07.25 21.04.02_CommunicationSystem.Log
2013/07/25 21:04:06:113  INFO:   Setting the event sink for ScriptEngineProcedure
2013/07/25 21:04:06:113  INFO:   Program parameters checks are enabled
2013/07/25 21:04:06:117  INFO:   ********************************************************************************
2013/07/25 21:04:06:117  INFO:   Starting ScriptEngineProcedure, Assembly  version 
2013/07/25 21:04:06:122  INFO:   Config: ICD (NCommunicationSystem ver: nCommunicationSystem, Version=1.8.2.1, Culture=neutral, PublicKeyToken=56b5378c99c0bcfd; FTDI Driver ver: 2.08.24.0; PRB FPGA ver: 7)
2013/07/25 21:04:06:122  INFO:   Setting the radio board transmit power to level 0x7.
2013/07/25 21:04:06:125  INFO:   Radio board power level set to 7.
2013/07/25 21:04:06:126  INFO:   ECG Timeout Interval set to 10 seconds.
2013/07/25 21:04:06:127  STATE:  Changing state to ScriptExecStateMachine.WaitForNextCmdState, ID[1]
2013/07/25 21:04:06:127  INFO:   FwDvtSystem Started the event processing thread
2013/07/25 21:04:06:160  ACTION: Read PRB FPGA: Address=0x3000 Data=0x07
2013/07/25 21:04:06:165  RESULT: FPGA 0x3000 Expected: 18 Actual: 7
2013/07/25 21:04:06:167  RESULT: ERROR Expected: 18 Actual: 7
2013/07/25 21:04:06:167  ACTION: Calibrate CC1020
2013/07/25 21:04:06:258  INFO:   CC1020 calibration passed
2013/07/25 21:04:06:266  ACTION: Read C1020: Address 0x04 Data=0x35
2013/07/25 21:04:06:271  ACTION: Read C1020: Address 0x05 Data=0xF0
2013/07/25 21:04:06:274  ACTION: Read C1020: Address 0x06 Data=0x21
2013/07/25 21:04:06:278  ACTION: Read C1020: Address 0x07 Data=0x38
2013/07/25 21:04:06:281  ACTION: Read C1020: Address 0x08 Data=0x35
2013/07/25 21:04:06:284  ACTION: Read C1020: Address 0x09 Data=0xFA
2013/07/25 21:04:06:287  ACTION: Read C1020: Address 0x0A Data=0xCB
2013/07/25 21:04:06:291  ACTION: Read C1020: Address 0x0B Data=0x38
2013/07/25 21:04:06:294  ACTION: Read C1020: Address 0x1D Data=0x00
2013/07/25 21:04:06:297  ACTION: Read C1020: Address 0x45 Data=0x4C
2013/07/25 21:04:06:300  ACTION: Read C1020: Address 0x46 Data=0x66
2013/07/25 21:04:06:303  ACTION: Read C1020: Address 0x47 Data=0x44
2013/07/25 21:04:06:313  ACTION: Read PRB FPGA: Address=0x305E Data=0x00
2013/07/25 21:04:06:316  ACTION: Read PRB FPGA: Address=0x3060 Data=0x00
2013/07/25 21:04:06:319  ACTION: Read PRB FPGA: Address=0x3062 Data=0x00
2013/07/25 21:04:06:326  ACTION: Read PRB FPGA: Address=0x3066 Data=0x00
2013/07/25 21:04:06:328  ACTION: Read PRB FPGA: Address=0x3068 Data=0x00
2013/07/25 21:04:06:331  ACTION: Read PRB FPGA: Address=0x306A Data=0x00
2013/07/25 21:04:06:333  ACTION: Write PRB FPGA: Address=0x1026 Data=0x00
2013/07/25 21:04:06:339  INFO:   EXECUTING STATE: SMLibrary.Dvt.IcdCmd+ScanState Timeout: 00:00:30
2013/07/25 21:04:06:340  EVENT:  SCRIPT-EXEC:EXEC-STATE - TES.Dvt.ScriptExecStateMachine, ID[11]
2013/07/25 21:04:06:341  STATE:  Changing state to ScriptExecStateMachine.ExecState, ID[4]
2013/07/25 21:04:06:342  INFO:   Setting the radio board transmit power to level 0x7.
2013/07/25 21:04:06:345  INFO:   Radio board power level set to 7.
2013/07/25 21:04:06:346  ACTION: Setting radio board configuration for hybrid.
2013/07/25 21:04:06:346  ACTION: Set radio board to DIO inverting mode.
2013/07/25 21:04:06:346  ACTION: Write PRB FPGA: Address=0x3012 Data=0x01
2013/07/25 21:04:06:350  ACTION: PRB Set Link Data Rate: Slow
2013/07/25 21:04:06:353  ACTION: Read PRB FPGA: Address=0x1004 Data=0x00
2013/07/25 21:04:06:353  ACTION: Write PRB FPGA: Address=0x1004 Data=0x00
2013/07/25 21:04:06:355  ACTION: Scanning for devices, primary scan duration = 9 sec, secondary scan duration = 2 sec
2013/07/25 21:04:17:531  INFO:   Primary scan device IDs: 0x801C0094 
2013/07/25 21:04:21:691  INFO:   Secondary scan device IDs: 0x801C0094 
2013/07/25 21:04:21:693  EVENT:  Device ID List, ID[17]
                                 DeviceID[0] : ID 0x801C0094 (Model 0, Serial 148, SW Version 7, Is Implanted)
2013/07/25 21:04:21:694  STATE:  Changing state to ScriptExecStateMachine.WaitForNextCmdState, ID[1]
2013/07/25 21:04:21:694  INFO:   STATE EXITED: SMLibrary.Dvt.IcdCmd+ScanState
2013/07/25 21:04:21:709  INFO:   EXECUTING STATE: SMLibrary.Dvt.IcdCmd+ConnectState Timeout: 00:00:24
2013/07/25 21:04:21:709  EVENT:  SCRIPT-EXEC:EXEC-STATE - TES.Dvt.ScriptExecStateMachine, ID[11]
2013/07/25 21:04:21:709  STATE:  Changing state to ScriptExecStateMachine.ExecState, ID[4]
2013/07/25 21:04:21:710  ACTION: PRB Set Link Data Rate: Slow
2013/07/25 21:04:21:713  ACTION: Read PRB FPGA: Address=0x1004 Data=0x00
2013/07/25 21:04:21:713  ACTION: Write PRB FPGA: Address=0x1004 Data=0x00
2013/07/25 21:04:21:715  ACTION: Connecting to device ID 0x801C0094 (Model 0, Serial 148, SW Version 7, Is Implanted)
2013/07/25 21:04:24:748  INFO:   Registering the ICD session delegates
2013/07/25 21:04:24:748  EVENT:  Connect Succeeded, ID[19]
2013/07/25 21:04:24:748  INFO:   STATE EXITED: SMLibrary.Dvt.IcdCmd+ConnectState
2013/07/25 21:04:24:748  STATE:  Changing state to ScriptExecStateMachine.WaitForNextCmdState, ID[1]
2013/07/25 21:04:24:752  INFO:   EXECUTING STATE MACHINE: SMLibrary.ReadSM Timeout: 00:00:01.3120000
2013/07/25 21:04:24:752  EVENT:  SCRIPT-EXEC:EXEC-SM - TES.Dvt.ScriptExecStateMachine, ID[9]
2013/07/25 21:04:24:752  STATE:  Changing state to ScriptExecStateMachine.ExecStateMachineWithCustomExitEventsState, ID[2]
2013/07/25 21:04:24:753  STATE:  Changing state to ReadSM.ReadingState, ID[8]
2013/07/25 21:04:24:754  ACTION: READ_FROM_16_BIT_ADDR_WITH_CRC32, Address=SYS_ERRORS(0xF56C) Length=1
2013/07/25 21:04:24:828  EVENT:  Command Completed, ID[23], Command=0x82 (READ_FROM_16_BIT_ADDR_WITH_CRC32), CRC32=0xE69CA3FE, Data=0xB0
2013/07/25 21:04:24:830  EVENT:  Read Memory Complete, ID[24]
2013/07/25 21:04:24:830  STATE:  Changing state to ReadSM.IdleState, ID[6]
2013/07/25 21:04:24:830  STATE:  Changing state to ScriptExecStateMachine.WaitForNextCmdState, ID[1]
2013/07/25 21:04:24:830  INFO:   STATE MACHINE EXITED: SMLibrary.ReadSM
2013/07/25 21:04:24:834  INFO:   EXECUTING STATE: IronPython.NewTypes.System.Object#IScriptExecState_5$5 Timeout: 00:00:02
2013/07/25 21:04:24:834  EVENT:  SCRIPT-EXEC:EXEC-STATE - TES.Dvt.ScriptExecStateMachine, ID[11]
2013/07/25 21:04:24:834  STATE:  Changing state to ScriptExecStateMachine.ExecState, ID[4]
2013/07/25 21:04:24:835  ACTION: Return Last Command
2013/07/25 21:04:24:863  EVENT:  Marker (Device Summary), ID[26], Timestamp=0x2E[full:not set], Data[0]=0x00, Data[1]=0x40 DynamicShockPolarity=HVA_POSITIVE SystemErrorOccurred 
2013/07/25 21:04:24:876  EVENT:  Command Completed, ID[27], Command=0x60 (Return Last Command), time since last CMDCompleted: 49 ms,
                                 0x00 : 82801C00 94   
2013/07/25 21:04:24:880  STATE:  Changing state to ScriptExecStateMachine.WaitForNextCmdState, ID[1]
2013/07/25 21:04:24:880  INFO:   STATE EXITED: IronPython.NewTypes.System.Object#IScriptExecState_5$5
2013/07/25 21:04:24:881  INFO:   EXECUTING STATE: IronPython.NewTypes.System.Object#IScriptExecState_5$5 Timeout: 00:00:02
2013/07/25 21:04:24:881  EVENT:  SCRIPT-EXEC:EXEC-STATE - TES.Dvt.ScriptExecStateMachine, ID[11]
2013/07/25 21:04:24:881  STATE:  Changing state to ScriptExecStateMachine.ExecState, ID[4]
2013/07/25 21:04:24:881  ACTION: Return Last Command
2013/07/25 21:04:24:919  EVENT:  Command Completed, ID[29], Command=0x60 (Return Last Command), time since last CMDCompleted: 43 ms,
                                 0x00 : 82801C00 94   
2013/07/25 21:04:24:920  STATE:  Changing state to ScriptExecStateMachine.WaitForNextCmdState, ID[1]
2013/07/25 21:04:24:920  INFO:   STATE EXITED: IronPython.NewTypes.System.Object#IScriptExecState_5$5
2013/07/25 21:04:24:921  INFO:   EXECUTING STATE MACHINE: SMLibrary.ReadSM Timeout: 00:00:01.3120000
2013/07/25 21:04:24:921  EVENT:  SCRIPT-EXEC:EXEC-SM - TES.Dvt.ScriptExecStateMachine, ID[9]
2013/07/25 21:04:24:921  STATE:  Changing state to ScriptExecStateMachine.ExecStateMachineWithCustomExitEventsState, ID[2]
2013/07/25 21:04:24:921  STATE:  Changing state to ReadSM.ReadingState, ID[9]
2013/07/25 21:04:24:921  ACTION: READ_FROM_16_BIT_ADDR_WITH_CRC32, Address=SYS_ERRORS(0xF56C) Length=1
2013/07/25 21:04:24:970  EVENT:  Command Completed, ID[33], Command=0x82 (READ_FROM_16_BIT_ADDR_WITH_CRC32), time since last CMDCompleted: 51 ms, CRC32=0xE69CA3FE, Data=0xB0
2013/07/25 21:04:24:970  EVENT:  Read Memory Complete, ID[34]
2013/07/25 21:04:24:970  STATE:  Changing state to ReadSM.IdleState, ID[6]
2013/07/25 21:04:24:970  STATE:  Changing state to ScriptExecStateMachine.WaitForNextCmdState, ID[1]
2013/07/25 21:04:24:970  INFO:   STATE MACHINE EXITED: SMLibrary.ReadSM
2013/07/25 21:04:24:970  INFO:   EXECUTING STATE: IronPython.NewTypes.System.Object#IScriptExecState_5$5 Timeout: 00:00:02
2013/07/25 21:04:24:970  EVENT:  SCRIPT-EXEC:EXEC-STATE - TES.Dvt.ScriptExecStateMachine, ID[11]
2013/07/25 21:04:24:971  STATE:  Changing state to ScriptExecStateMachine.ExecState, ID[4]
2013/07/25 21:04:24:971  ACTION: Return Last Command
2013/07/25 21:04:25:016  EVENT:  Command Completed, ID[36], Command=0x60 (Return Last Command), time since last CMDCompleted: 46 ms,
                                 0x00 : 92801C00 94   
2013/07/25 21:04:25:017  STATE:  Changing state to ScriptExecStateMachine.WaitForNextCmdState, ID[1]
2013/07/25 21:04:25:017  INFO:   STATE EXITED: IronPython.NewTypes.System.Object#IScriptExecState_5$5
2013/07/25 21:04:25:017  INFO:   EXECUTING STATE MACHINE: SMLibrary.ReadSM Timeout: 00:00:01.3120000
2013/07/25 21:04:25:017  EVENT:  SCRIPT-EXEC:EXEC-SM - TES.Dvt.ScriptExecStateMachine, ID[9]
2013/07/25 21:04:25:017  STATE:  Changing state to ScriptExecStateMachine.ExecStateMachineWithCustomExitEventsState, ID[2]
2013/07/25 21:04:25:017  STATE:  Changing state to ReadSM.ReadingState, ID[10]
2013/07/25 21:04:25:017  ACTION: READ_FROM_16_BIT_ADDR_WITH_CRC32, Address=SYS_ERRORS(0xF56C) Length=1
2013/07/25 21:04:25:077  EVENT:  Command Completed, ID[40], Command=0x82 (READ_FROM_16_BIT_ADDR_WITH_CRC32), time since last CMDCompleted: 61 ms, CRC32=0xE69CA3FE, Data=0xB0
2013/07/25 21:04:25:077  EVENT:  Read Memory Complete, ID[41]
2013/07/25 21:04:25:077  STATE:  Changing state to ReadSM.IdleState, ID[6]
2013/07/25 21:04:25:077  STATE:  Changing state to ScriptExecStateMachine.WaitForNextCmdState, ID[1]
2013/07/25 21:04:25:077  INFO:   STATE MACHINE EXITED: SMLibrary.ReadSM
2013/07/25 21:04:25:077  INFO:   EXECUTING STATE: IronPython.NewTypes.System.Object#IScriptExecState_5$5 Timeout: 00:00:02
2013/07/25 21:04:25:077  EVENT:  SCRIPT-EXEC:EXEC-STATE - TES.Dvt.ScriptExecStateMachine, ID[11]
2013/07/25 21:04:25:078  STATE:  Changing state to ScriptExecStateMachine.ExecState, ID[4]
2013/07/25 21:04:25:078  ACTION: Return Last Command
2013/07/25 21:04:25:108  EVENT:  Command Completed, ID[43], Command=0x60 (Return Last Command), time since last CMDCompleted: 31 ms,
                                 0x00 : 92801C00 94   
2013/07/25 21:04:25:109  STATE:  Changing state to ScriptExecStateMachine.WaitForNextCmdState, ID[1]
2013/07/25 21:04:25:109  INFO:   STATE EXITED: IronPython.NewTypes.System.Object#IScriptExecState_5$5
2013/07/25 21:04:25:109  INFO:   EXECUTING STATE MACHINE: SMLibrary.ReadSM Timeout: 00:00:01.3120000
2013/07/25 21:04:25:109  EVENT:  SCRIPT-EXEC:EXEC-SM - TES.Dvt.ScriptExecStateMachine, ID[9]
2013/07/25 21:04:25:109  STATE:  Changing state to ScriptExecStateMachine.ExecStateMachineWithCustomExitEventsState, ID[2]
2013/07/25 21:04:25:109  STATE:  Changing state to ReadSM.ReadingState, ID[11]
2013/07/25 21:04:25:109  ACTION: READ_FROM_16_BIT_ADDR_WITH_CRC32, Address=SYS_ERRORS(0xF56C) Length=1
2013/07/25 21:04:25:154  EVENT:  Command Completed, ID[47], Command=0x82 (READ_FROM_16_BIT_ADDR_WITH_CRC32), time since last CMDCompleted: 46 ms, CRC32=0xE69CA3FE, Data=0xB0
2013/07/25 21:04:25:154  EVENT:  Read Memory Complete, ID[48]
2013/07/25 21:04:25:154  STATE:  Changing state to ReadSM.IdleState, ID[6]
2013/07/25 21:04:25:154  STATE:  Changing state to ScriptExecStateMachine.WaitForNextCmdState, ID[1]
2013/07/25 21:04:25:154  INFO:   STATE MACHINE EXITED: SMLibrary.ReadSM
2013/07/25 21:04:25:155  INFO:   EXECUTING STATE: IronPython.NewTypes.System.Object#IScriptExecState_5$5 Timeout: 00:00:02
2013/07/25 21:04:25:155  EVENT:  SCRIPT-EXEC:EXEC-STATE - TES.Dvt.ScriptExecStateMachine, ID[11]
2013/07/25 21:04:25:155  STATE:  Changing state to ScriptExecStateMachine.ExecState, ID[4]
2013/07/25 21:04:25:155  ACTION: Return Last Command
2013/07/25 21:04:25:185  EVENT:  Command Completed, ID[50], Command=0x60 (Return Last Command), time since last CMDCompleted: 31 ms,
                                 0x00 : 92801C00 94   
2013/07/25 21:04:25:186  STATE:  Changing state to ScriptExecStateMachine.WaitForNextCmdState, ID[1]
2013/07/25 21:04:25:186  INFO:   STATE EXITED: IronPython.NewTypes.System.Object#IScriptExecState_5$5
2013/07/25 21:04:25:189  INFO:   EXECUTING STATE MACHINE: SMLibrary.WriteSM Timeout: 00:00:01.4360000
2013/07/25 21:04:25:189  EVENT:  SCRIPT-EXEC:EXEC-DVT-SM - TES.Dvt.ScriptExecStateMachine, ID[10]
2013/07/25 21:04:25:189  STATE:  Changing state to ScriptExecStateMachine.ExecStateMachineState, ID[3]
2013/07/25 21:04:25:190  STATE:  Changing state to WriteSM.WritingState, ID[12]
2013/07/25 21:04:25:191  ACTION: Write RAM, Address=(0x00F1C0), Length=1, Data=0x07
2013/07/25 21:04:25:248  EVENT:  Command Completed, ID[54], Command=0x81 (Write to 16-bit Address), time since last CMDCompleted: 63 ms
2013/07/25 21:04:25:249  EVENT:  SMLibrary.WriteSM.DoneEvent, ID[51]
2013/07/25 21:04:25:249  STATE:  Changing state to WriteSM.IdleState, ID[6]
2013/07/25 21:04:25:249  STATE:  Changing state to ScriptExecStateMachine.WaitForNextCmdState, ID[1]
2013/07/25 21:04:25:249  INFO:   STATE MACHINE EXITED: SMLibrary.WriteSM
2013/07/25 21:04:25:249  INFO:   EXECUTING STATE: IronPython.NewTypes.System.Object#IScriptExecState_5$5 Timeout: 00:00:02
2013/07/25 21:04:25:249  EVENT:  SCRIPT-EXEC:EXEC-STATE - TES.Dvt.ScriptExecStateMachine, ID[11]
2013/07/25 21:04:25:249  STATE:  Changing state to ScriptExecStateMachine.ExecState, ID[4]
2013/07/25 21:04:25:249  ACTION: Return Last Command
2013/07/25 21:04:25:279  EVENT:  Command Completed, ID[56], Command=0x60 (Return Last Command), time since last CMDCompleted: 31 ms,
                                 0x00 : 91801C00 94   
2013/07/25 21:04:25:280  STATE:  Changing state to ScriptExecStateMachine.WaitForNextCmdState, ID[1]
2013/07/25 21:04:25:280  INFO:   STATE EXITED: IronPython.NewTypes.System.Object#IScriptExecState_5$5
2013/07/25 21:04:25:280  INFO:   EXECUTING STATE MACHINE: SMLibrary.WriteSM Timeout: 00:00:01.4360000
2013/07/25 21:04:25:280  EVENT:  SCRIPT-EXEC:EXEC-DVT-SM - TES.Dvt.ScriptExecStateMachine, ID[10]
2013/07/25 21:04:25:280  STATE:  Changing state to ScriptExecStateMachine.ExecStateMachineState, ID[3]
2013/07/25 21:04:25:280  STATE:  Changing state to WriteSM.WritingState, ID[13]
2013/07/25 21:04:25:280  ACTION: Write RAM, Address=(0x00F1C0), Length=1, Data=0x07
2013/07/25 21:04:25:330  EVENT:  Command Completed, ID[60], Command=0x81 (Write to 16-bit Address), time since last CMDCompleted: 51 ms
2013/07/25 21:04:25:330  EVENT:  SMLibrary.WriteSM.DoneEvent, ID[57]
2013/07/25 21:04:25:330  STATE:  Changing state to WriteSM.IdleState, ID[6]
2013/07/25 21:04:25:330  STATE:  Changing state to ScriptExecStateMachine.WaitForNextCmdState, ID[1]
2013/07/25 21:04:25:330  INFO:   STATE MACHINE EXITED: SMLibrary.WriteSM
2013/07/25 21:04:25:330  INFO:   EXECUTING STATE: IronPython.NewTypes.System.Object#IScriptExecState_5$5 Timeout: 00:00:02
2013/07/25 21:04:25:330  EVENT:  SCRIPT-EXEC:EXEC-STATE - TES.Dvt.ScriptExecStateMachine, ID[11]
2013/07/25 21:04:25:330  STATE:  Changing state to ScriptExecStateMachine.ExecState, ID[4]
2013/07/25 21:04:25:330  ACTION: Return Last Command
2013/07/25 21:04:25:376  EVENT:  Command Completed, ID[62], Command=0x60 (Return Last Command), time since last CMDCompleted: 46 ms,
                                 0x00 : 91801C00 94   
2013/07/25 21:04:25:377  STATE:  Changing state to ScriptExecStateMachine.WaitForNextCmdState, ID[1]
2013/07/25 21:04:25:377  INFO:   STATE EXITED: IronPython.NewTypes.System.Object#IScriptExecState_5$5
2013/07/25 21:04:25:378  INFO:   EXECUTING STATE MACHINE: SMLibrary.WriteSM Timeout: 00:00:01.4360000
2013/07/25 21:04:25:378  EVENT:  SCRIPT-EXEC:EXEC-DVT-SM - TES.Dvt.ScriptExecStateMachine, ID[10]
2013/07/25 21:04:25:378  STATE:  Changing state to ScriptExecStateMachine.ExecStateMachineState, ID[3]
2013/07/25 21:04:25:378  STATE:  Changing state to WriteSM.WritingState, ID[14]
2013/07/25 21:04:25:378  ACTION: Write RAM, Address=(0x00F1C0), Length=1, Data=0x07
2013/07/25 21:04:25:437  EVENT:  Command Completed, ID[66], Command=0x81 (Write to 16-bit Address), time since last CMDCompleted: 61 ms
2013/07/25 21:04:25:437  EVENT:  SMLibrary.WriteSM.DoneEvent, ID[63]
2013/07/25 21:04:25:437  STATE:  Changing state to WriteSM.IdleState, ID[6]
2013/07/25 21:04:25:437  STATE:  Changing state to ScriptExecStateMachine.WaitForNextCmdState, ID[1]
2013/07/25 21:04:25:437  INFO:   STATE MACHINE EXITED: SMLibrary.WriteSM
2013/07/25 21:04:25:437  INFO:   EXECUTING STATE: IronPython.NewTypes.System.Object#IScriptExecState_5$5 Timeout: 00:00:02
2013/07/25 21:04:25:437  EVENT:  SCRIPT-EXEC:EXEC-STATE - TES.Dvt.ScriptExecStateMachine, ID[11]
2013/07/25 21:04:25:437  STATE:  Changing state to ScriptExecStateMachine.ExecState, ID[4]
2013/07/25 21:04:25:437  ACTION: Return Last Command
2013/07/25 21:04:25:468  EVENT:  Command Completed, ID[68], Command=0x60 (Return Last Command), time since last CMDCompleted: 31 ms,
                                 0x00 : 91801C00 94   
2013/07/25 21:04:25:469  INFO:   Enabling the timestamp/interval calculations
2013/07/25 21:04:25:469  STATE:  Changing state to ScriptExecStateMachine.WaitForNextCmdState, ID[1]
2013/07/25 21:04:25:469  INFO:   STATE EXITED: IronPython.NewTypes.System.Object#IScriptExecState_5$5
2013/07/25 21:04:25:469  INFO:   EXECUTING STATE MACHINE: SMLibrary.ReadSM Timeout: 00:00:01.3120000
2013/07/25 21:04:25:469  EVENT:  SCRIPT-EXEC:EXEC-SM - TES.Dvt.ScriptExecStateMachine, ID[9]
2013/07/25 21:04:25:469  STATE:  Changing state to ScriptExecStateMachine.ExecStateMachineWithCustomExitEventsState, ID[2]
2013/07/25 21:04:25:469  STATE:  Changing state to ReadSM.ReadingState, ID[15]
2013/07/25 21:04:25:469  ACTION: READ_FROM_16_BIT_ADDR_WITH_CRC32, Address=SYS_ERRORS(0xF56C) Length=1
2013/07/25 21:04:25:470  EVENT:  Marker (Two Second), ID[69], Timestamp=0x7D[full:125]
2013/07/25 21:04:25:515  EVENT:  Command Completed, ID[73], Command=0x82 (READ_FROM_16_BIT_ADDR_WITH_CRC32), time since last CMDCompleted: 47 ms, CRC32=0xE69CA3FE, Data=0xB0
2013/07/25 21:04:25:515  EVENT:  Read Memory Complete, ID[74]
2013/07/25 21:04:25:515  STATE:  Changing state to ReadSM.IdleState, ID[6]
2013/07/25 21:04:25:515  STATE:  Changing state to ScriptExecStateMachine.WaitForNextCmdState, ID[1]
2013/07/25 21:04:25:515  INFO:   STATE MACHINE EXITED: SMLibrary.ReadSM
2013/07/25 21:04:25:515  INFO:   EXECUTING STATE: IronPython.NewTypes.System.Object#IScriptExecState_5$5 Timeout: 00:00:02
2013/07/25 21:04:25:515  EVENT:  SCRIPT-EXEC:EXEC-STATE - TES.Dvt.ScriptExecStateMachine, ID[11]
2013/07/25 21:04:25:515  STATE:  Changing state to ScriptExecStateMachine.ExecState, ID[4]
2013/07/25 21:04:25:515  ACTION: Return Last Command
2013/07/25 21:04:25:546  EVENT:  Command Completed, ID[76], Command=0x60 (Return Last Command), time since last CMDCompleted: 31 ms,
                                 0x00 : 92801C00 94   
2013/07/25 21:04:25:547  STATE:  Changing state to ScriptExecStateMachine.WaitForNextCmdState, ID[1]
2013/07/25 21:04:25:547  INFO:   STATE EXITED: IronPython.NewTypes.System.Object#IScriptExecState_5$5
2013/07/25 21:04:25:572  EVENT:  SCRIPT-EXEC:EXIT - TES.Dvt.ScriptExecStateMachine, ID[8]
2013/07/25 21:04:25:572  EVENT:  TES.Dvt.ScriptExecStateMachine.DoneEvent, ID[6]
2013/07/25 21:04:25:572  STATE:  Changing state to ScriptExecStateMachine.IdleState, ID[6]
2013/07/25 21:04:25:572  INFO:   Terminating ScriptEngineProcedure
2013/07/25 21:04:25:572  EVENT:  Terminate Dispatch, ID[77]
2013/07/25 21:04:25:583  INFO:   ScriptEngineProcedure Completed
2013/07/25 21:04:25:584  INFO:   Testcase Summary:
2013/07/25 21:04:25:585  RESULT: Test Procedure ScriptEngineProcedure (FAILED)
2013/07/25 21:04:25:585  INFO:   Procedure Runtime = 00:00:19
2013/07/25 21:04:25:591  INFO:   The event dispatch thread ScriptEngineProcedure exited.
