2013/07/19 13:16:57:260  INFO:   Loaded Symbol File C:\ISV System\Config\FirmwareSymbols\build178.sym for firmware Build #178
2013/07/19 13:16:57:274  INFO:   CommunicationSystemLog properties: .\CommunicationSystem.logger.properties
2013/07/19 13:16:57:274  INFO:   CommunicationSystemLog log       : .\logs\systemBerScriptLog 2013.07.19 13.16.57_CommunicationSystem.Log
2013/07/19 13:17:01:036  INFO:   Setting the event sink for ScriptEngineProcedure
2013/07/19 13:17:01:036  INFO:   Program parameters checks are enabled
2013/07/19 13:17:01:041  INFO:   ********************************************************************************
2013/07/19 13:17:01:041  INFO:   Starting ScriptEngineProcedure, Assembly  version 
2013/07/19 13:17:01:046  INFO:   Config: ICD (NCommunicationSystem ver: nCommunicationSystem, Version=1.8.2.1, Culture=neutral, PublicKeyToken=56b5378c99c0bcfd; FTDI Driver ver: 2.08.24.0; PRB FPGA ver: 7)
2013/07/19 13:17:01:046  INFO:   Setting the radio board transmit power to level 0x7.
2013/07/19 13:17:01:049  INFO:   Radio board power level set to 7.
2013/07/19 13:17:01:050  INFO:   ECG Timeout Interval set to 10 seconds.
2013/07/19 13:17:01:051  STATE:  Changing state to ScriptExecStateMachine.WaitForNextCmdState, ID[1]
2013/07/19 13:17:01:051  INFO:   FwDvtSystem Started the event processing thread
2013/07/19 13:17:01:080  ACTION: Read PRB FPGA: Address=0x3000 Data=0x07
2013/07/19 13:17:01:085  RESULT: FPGA 0x3000 Expected: 18 Actual: 7
2013/07/19 13:17:01:087  RESULT: ERROR Expected: 18 Actual: 7
2013/07/19 13:17:01:088  ACTION: Calibrate CC1020
2013/07/19 13:17:01:178  INFO:   CC1020 calibration passed
2013/07/19 13:17:01:186  ACTION: Read C1020: Address 0x04 Data=0x35
2013/07/19 13:17:01:191  ACTION: Read C1020: Address 0x05 Data=0xF0
2013/07/19 13:17:01:194  ACTION: Read C1020: Address 0x06 Data=0x21
2013/07/19 13:17:01:198  ACTION: Read C1020: Address 0x07 Data=0x38
2013/07/19 13:17:01:201  ACTION: Read C1020: Address 0x08 Data=0x35
2013/07/19 13:17:01:205  ACTION: Read C1020: Address 0x09 Data=0xFA
2013/07/19 13:17:01:208  ACTION: Read C1020: Address 0x0A Data=0xCB
2013/07/19 13:17:01:212  ACTION: Read C1020: Address 0x0B Data=0x38
2013/07/19 13:17:01:215  ACTION: Read C1020: Address 0x1D Data=0x00
2013/07/19 13:17:01:219  ACTION: Read C1020: Address 0x45 Data=0x4C
2013/07/19 13:17:01:222  ACTION: Read C1020: Address 0x46 Data=0x66
2013/07/19 13:17:01:226  ACTION: Read C1020: Address 0x47 Data=0x44
2013/07/19 13:17:01:236  ACTION: Read PRB FPGA: Address=0x305E Data=0x00
2013/07/19 13:17:01:239  ACTION: Read PRB FPGA: Address=0x3060 Data=0x00
2013/07/19 13:17:01:241  ACTION: Read PRB FPGA: Address=0x3062 Data=0x00
2013/07/19 13:17:01:249  ACTION: Read PRB FPGA: Address=0x3066 Data=0x00
2013/07/19 13:17:01:252  ACTION: Read PRB FPGA: Address=0x3068 Data=0x00
2013/07/19 13:17:01:254  ACTION: Read PRB FPGA: Address=0x306A Data=0x00
2013/07/19 13:17:01:256  ACTION: Write PRB FPGA: Address=0x1026 Data=0x01
2013/07/19 13:17:01:263  INFO:   EXECUTING STATE: SMLibrary.Dvt.IcdCmd+ScanState Timeout: 00:00:30
2013/07/19 13:17:01:264  EVENT:  SCRIPT-EXEC:EXEC-STATE - TES.Dvt.ScriptExecStateMachine, ID[11]
2013/07/19 13:17:01:265  STATE:  Changing state to ScriptExecStateMachine.ExecState, ID[4]
2013/07/19 13:17:01:265  INFO:   Setting the radio board transmit power to level 0x7.
2013/07/19 13:17:01:269  INFO:   Radio board power level set to 7.
2013/07/19 13:17:01:270  ACTION: Setting radio board configuration for hybrid.
2013/07/19 13:17:01:270  ACTION: Set radio board to DIO inverting mode.
2013/07/19 13:17:01:270  ACTION: Write PRB FPGA: Address=0x3012 Data=0x01
2013/07/19 13:17:01:273  ACTION: PRB Set Link Data Rate: Slow
2013/07/19 13:17:01:276  ACTION: Read PRB FPGA: Address=0x1004 Data=0x08
2013/07/19 13:17:01:276  ACTION: Write PRB FPGA: Address=0x1004 Data=0x08
2013/07/19 13:17:01:279  ACTION: Scanning for devices, primary scan duration = 9 sec, secondary scan duration = 2 sec
2013/07/19 13:17:12:459  INFO:   Primary scan device IDs: 0x80201085 
2013/07/19 13:17:16:618  INFO:   Secondary scan device IDs: 0x80201085 0x801C0094 
2013/07/19 13:17:16:620  EVENT:  Device ID List, ID[17]
                                 DeviceID[0] : ID 0x80201085 (Model 0, Serial 4229, SW Version 8, Is Implanted)
                                 DeviceID[1] : ID 0x801C0094 (Model 0, Serial 148, SW Version 7, Is Implanted)
2013/07/19 13:17:16:620  STATE:  Changing state to ScriptExecStateMachine.WaitForNextCmdState, ID[1]
2013/07/19 13:17:16:621  INFO:   STATE EXITED: SMLibrary.Dvt.IcdCmd+ScanState
2013/07/19 13:17:16:633  INFO:   EXECUTING STATE: SMLibrary.Dvt.IcdCmd+ConnectState Timeout: 00:00:24
2013/07/19 13:17:16:633  EVENT:  SCRIPT-EXEC:EXEC-STATE - TES.Dvt.ScriptExecStateMachine, ID[11]
2013/07/19 13:17:16:633  STATE:  Changing state to ScriptExecStateMachine.ExecState, ID[4]
2013/07/19 13:17:16:633  ACTION: PRB Set Link Data Rate: Slow
2013/07/19 13:17:16:636  ACTION: Read PRB FPGA: Address=0x1004 Data=0x00
2013/07/19 13:17:16:636  ACTION: Write PRB FPGA: Address=0x1004 Data=0x00
2013/07/19 13:17:16:644  ACTION: Connecting to device ID 0x801C0094 (Model 0, Serial 148, SW Version 7, Is Implanted)
2013/07/19 13:17:19:909  INFO:   Registering the ICD session delegates
2013/07/19 13:17:19:909  EVENT:  Connect Succeeded, ID[19]
2013/07/19 13:17:19:909  STATE:  Changing state to ScriptExecStateMachine.WaitForNextCmdState, ID[1]
2013/07/19 13:17:19:909  INFO:   STATE EXITED: SMLibrary.Dvt.IcdCmd+ConnectState
2013/07/19 13:17:19:913  INFO:   EXECUTING STATE MACHINE: SMLibrary.ReadSM Timeout: 00:00:01.3120000
2013/07/19 13:17:19:913  EVENT:  SCRIPT-EXEC:EXEC-SM - TES.Dvt.ScriptExecStateMachine, ID[9]
2013/07/19 13:17:19:913  STATE:  Changing state to ScriptExecStateMachine.ExecStateMachineWithCustomExitEventsState, ID[2]
2013/07/19 13:17:19:914  STATE:  Changing state to ReadSM.ReadingState, ID[8]
2013/07/19 13:17:19:914  ACTION: READ_FROM_16_BIT_ADDR_WITH_CRC32, Address=SYS_ERRORS(0xF56C) Length=1
2013/07/19 13:17:19:986  EVENT:  Command Completed, ID[23], Command=0x82 (READ_FROM_16_BIT_ADDR_WITH_CRC32), CRC32=0xC0459352, Data=0x80
2013/07/19 13:17:19:987  EVENT:  Read Memory Complete, ID[24]
2013/07/19 13:17:19:988  STATE:  Changing state to ReadSM.IdleState, ID[6]
2013/07/19 13:17:19:988  STATE:  Changing state to ScriptExecStateMachine.WaitForNextCmdState, ID[1]
2013/07/19 13:17:19:988  INFO:   STATE MACHINE EXITED: SMLibrary.ReadSM
2013/07/19 13:17:19:989  INFO:   EXECUTING STATE MACHINE: SMLibrary.ReadSM Timeout: 00:00:01.3120000
2013/07/19 13:17:19:989  EVENT:  SCRIPT-EXEC:EXEC-SM - TES.Dvt.ScriptExecStateMachine, ID[9]
2013/07/19 13:17:19:989  STATE:  Changing state to ScriptExecStateMachine.ExecStateMachineWithCustomExitEventsState, ID[2]
2013/07/19 13:17:19:989  STATE:  Changing state to ReadSM.ReadingState, ID[9]
2013/07/19 13:17:19:989  ACTION: READ_FROM_16_BIT_ADDR_WITH_CRC32, Address=SYS_ERRORS(0xF56C) Length=1
2013/07/19 13:17:20:021  EVENT:  Marker (Device Summary), ID[28], Timestamp=0xF7[full:not set], Data[0]=0x00, Data[1]=0x40 DynamicShockPolarity=HVA_POSITIVE SystemErrorOccurred 
2013/07/19 13:17:20:049  EVENT:  Command Completed, ID[29], Command=0x82 (READ_FROM_16_BIT_ADDR_WITH_CRC32), time since last CMDCompleted: 64 ms, CRC32=0xC0459352, Data=0x80
2013/07/19 13:17:20:049  EVENT:  Read Memory Complete, ID[30]
2013/07/19 13:17:20:049  STATE:  Changing state to ReadSM.IdleState, ID[6]
2013/07/19 13:17:20:049  STATE:  Changing state to ScriptExecStateMachine.WaitForNextCmdState, ID[1]
2013/07/19 13:17:20:049  INFO:   STATE MACHINE EXITED: SMLibrary.ReadSM
2013/07/19 13:17:20:051  ACTION: Return Last Command
2013/07/19 13:17:20:065  ACTION: Return Last Command
2013/07/19 13:17:20:069  ACTION: Read PRB EEPROM: Address=0x80 Data=0x00
2013/07/19 13:17:20:070  ACTION: Read PRB EEPROM: Address=0x81 Data=0x00
2013/07/19 13:17:20:072  ACTION: Read PRB EEPROM: Address=0x82 Data=0x00
2013/07/19 13:17:20:073  ACTION: Read PRB EEPROM: Address=0x83 Data=0x00
2013/07/19 13:17:20:074  ACTION: Read PRB EEPROM: Address=0x84 Data=0x00
2013/07/19 13:17:20:075  ACTION: Read PRB EEPROM: Address=0x85 Data=0x00
2013/07/19 13:17:20:077  ACTION: Read PRB EEPROM: Address=0x86 Data=0x00
2013/07/19 13:17:20:078  ACTION: Read PRB EEPROM: Address=0x87 Data=0x00
2013/07/19 13:17:20:079  ACTION: Read PRB EEPROM: Address=0x88 Data=0x00
2013/07/19 13:17:20:081  ACTION: Read PRB EEPROM: Address=0x89 Data=0x00
2013/07/19 13:17:20:087  INFO:   EXECUTING STATE: IronPython.NewTypes.System.Object#IScriptExecState_5$5 Timeout: 00:00:02
2013/07/19 13:17:20:087  EVENT:  SCRIPT-EXEC:EXEC-STATE - TES.Dvt.ScriptExecStateMachine, ID[11]
2013/07/19 13:17:20:087  STATE:  Changing state to ScriptExecStateMachine.ExecState, ID[4]
2013/07/19 13:17:20:088  ACTION: Break Link
2013/07/19 13:17:20:095  EVENT:  Command Completed, ID[32], Command=0x60 (Return Last Command), time since last CMDCompleted: 46 ms,
                                 0x00 : 92801C00 94   
2013/07/19 13:17:20:130  EVENT:  Command Completed, ID[33], Command=0x60 (Return Last Command), time since last CMDCompleted: 35 ms,
                                 0x00 : 92801C00 94   
2013/07/19 13:17:20:149  INFO:   Enabling the timestamp/interval calculations
2013/07/19 13:17:20:152  EVENT:  Marker (Beat Detected - WA Suspect), ID[34], Timestamp=0x08[full:8], ID=178,Data=0x80 Interval is invalid or exceeds 2 seconds
2013/07/19 13:17:20:306  INFO:   Unregistering the ICD session delegates
2013/07/19 13:17:20:306  EVENT:  Command Completed, ID[35], Command=0xE4 (Break Link), time since last CMDCompleted: 176 ms
2013/07/19 13:17:20:466  EVENT:  Disconnected, ID[36], clean
2013/07/19 13:17:20:466  STATE:  Changing state to ScriptExecStateMachine.WaitForNextCmdState, ID[1]
2013/07/19 13:17:20:466  INFO:   STATE EXITED: IronPython.NewTypes.System.Object#IScriptExecState_5$5
2013/07/19 13:17:25:472  EVENT:  SCRIPT-EXEC:EXIT - TES.Dvt.ScriptExecStateMachine, ID[8]
2013/07/19 13:17:25:472  INFO:   Terminating ScriptEngineProcedure
2013/07/19 13:17:25:472  EVENT:  Terminate Dispatch, ID[37]
2013/07/19 13:17:25:472  EVENT:  TES.Dvt.ScriptExecStateMachine.DoneEvent, ID[6]
2013/07/19 13:17:25:472  STATE:  Changing state to ScriptExecStateMachine.IdleState, ID[6]
2013/07/19 13:17:25:482  INFO:   ScriptEngineProcedure Completed
2013/07/19 13:17:25:483  INFO:   Testcase Summary:
2013/07/19 13:17:25:483  RESULT: Test Procedure ScriptEngineProcedure (FAILED)
2013/07/19 13:17:25:483  INFO:   Procedure Runtime = 00:00:24
2013/07/19 13:17:25:490  INFO:   The event dispatch thread ScriptEngineProcedure exited.
