<<<<< Log Header: 07/17/2013 23:36:57 >>>>>
2013/07/17 23:36:57:540 [004284] INFO [NCommunicationSystem.cpp, 108] - nCommunicationSystem, Version=1.8.2.1, Culture=neutral, PublicKeyToken=56b5378c99c0bcfd
2013/07/17 23:36:57:556 [004284] INFO [ExceptionCatchingThread.cpp, 257] - Created the timer thread with id 2428 (0x97c).
2013/07/17 23:36:57:558 [002428] INFO [ExceptionCatchingThread.cpp, 168] - Executing the timer thread procedure...
2013/07/17 23:36:57:562 [004284] INFO [ExceptionCatchingThread.cpp, 257] - Created the dispatch thread with id 6800 (0x1a90).
2013/07/17 23:36:57:562 [006800] INFO [ExceptionCatchingThread.cpp, 168] - Executing the dispatch thread procedure...
2013/07/17 23:37:00:565 [004284] DEBUG [Prb.cpp, 252] - PRB logging started.
2013/07/17 23:37:00:573 [004284] DEBUG [Prb.cpp, 130] - Number of FTDI devices: 1
2013/07/17 23:37:00:573 [004284] DEBUG [Prb.cpp, 158] - FTDI Device[0]: ID=67330069
2013/07/17 23:37:00:575 [004284] DEBUG [Prb.cpp, 169] - FTDI handle=165231912
2013/07/17 23:37:00:576 [004284] INFO [Prb.cpp, 179] - FTDI Driver Version 2.08.24.0
2013/07/17 23:37:00:833 [004284] INFO [Prb.cpp, 205] - FTDI Configuration: MaxCurrent=200, CBus5=21, CBus6=0x4
2013/07/17 23:37:01:083 [004284] INFO [Prb.cpp, 246] - PRB driver initialized.
2013/07/17 23:37:01:083 [004284] TRACE [Prb.cpp, 448] - Writing FPGA, Address=0x1008, Data=0x08
2013/07/17 23:37:01:084 [004284] TRACE [Prb.cpp, 1035] - WriteFPGAPacket(0x1008, 0x08):01 00 0D 00 81 00 03 10 08 08 25 D5 0D 
2013/07/17 23:37:01:084 [002328] TRACE [Prb.cpp, 835] - RxStream contents:01 00 0B C2 06 00 00 00 12 FA 0D 
2013/07/17 23:37:01:085 [002328] TRACE [Prb.cpp, 943] - RadioBoardPacket(ACK):01 00 0B C2 06 00 00 00 12 FA 0D 
2013/07/17 23:37:01:086 [004284] DEBUG [Prb.cpp, 466] - Write FPGA completed, Address=0x1008, Data=0x08
2013/07/17 23:37:01:102 [004284] TRACE [Prb.cpp, 493] - Reading FPGA, Address=0x300A
2013/07/17 23:37:01:102 [004284] TRACE [Prb.cpp, 1035] - ReadFPGAPacket(0x300A):01 00 0C 01 82 00 02 30 0A E8 24 0D 
2013/07/17 23:37:01:102 [002328] TRACE [Prb.cpp, 835] - RxStream contents:01 00 0C C3 06 01 00 01 00 97 1C 0D 
2013/07/17 23:37:01:104 [002328] TRACE [Prb.cpp, 943] - RadioBoardPacket(ACK):01 00 0C C3 06 01 00 01 00 97 1C 0D 
2013/07/17 23:37:01:104 [004284] DEBUG [Prb.cpp, 512] - Read FPGA completed, Address=0x300A, Data=0x00
2013/07/17 23:37:01:105 [004284] TRACE [Prb.cpp, 448] - Writing FPGA, Address=0x300A, Data=0x03
2013/07/17 23:37:01:105 [004284] TRACE [Prb.cpp, 1035] - WriteFPGAPacket(0x300A, 0x03):01 00 0D 02 81 00 03 30 0A 03 29 4F 0D 
2013/07/17 23:37:01:105 [002328] TRACE [Prb.cpp, 835] - RxStream contents:01 00 0B C4 06 02 00 00 93 C1 0D 
2013/07/17 23:37:01:106 [002328] TRACE [Prb.cpp, 943] - RadioBoardPacket(ACK):01 00 0B C4 06 02 00 00 93 C1 0D 
2013/07/17 23:37:01:107 [004284] DEBUG [Prb.cpp, 466] - Write FPGA completed, Address=0x300A, Data=0x03
2013/07/17 23:37:01:120 [004284] INFO [CrossTalkDetector.cpp, 14] - EnterCrossTalkThreshold = 8
2013/07/17 23:37:01:121 [004284] INFO [CrossTalkDetector.cpp, 21] - LeaveCrossTalkThreshold = 4
2013/07/17 23:37:01:122 [004284] INFO [CrossTalkDetector.cpp, 28] - LinkThreshold = 8
2013/07/17 23:37:01:123 [004284] INFO [ExceptionCatchingThread.cpp, 257] - Created the interrupt thread with id 7096 (0x1bb8).
2013/07/17 23:37:01:124 [004284] DEBUG [Prb.cpp, 252] - PRB logging started.
2013/07/17 23:37:01:124 [007096] INFO [ExceptionCatchingThread.cpp, 168] - Executing the interrupt thread procedure...
2013/07/17 23:37:01:126 [004284] INFO [CommunicationSystem.cpp, 640] - Calibrating the PRB CC1020.
2013/07/17 23:37:01:126 [004284] TRACE [Prb.cpp, 448] - Writing FPGA, Address=0x1008, Data=0x01
2013/07/17 23:37:01:127 [004284] TRACE [Prb.cpp, 1035] - WriteFPGAPacket(0x1008, 0x01):01 00 0D 03 81 00 03 10 08 01 26 D3 0D 
2013/07/17 23:37:01:127 [002328] TRACE [Prb.cpp, 835] - RxStream contents:01 00 0B C5 06 03 00 00 93 AD 0D 
2013/07/17 23:37:01:128 [002328] TRACE [Prb.cpp, 943] - RadioBoardPacket(ACK):01 00 0B C5 06 03 00 00 93 AD 0D 
2013/07/17 23:37:01:128 [004284] DEBUG [Prb.cpp, 466] - Write FPGA completed, Address=0x1008, Data=0x01
2013/07/17 23:37:01:210 [002328] TRACE [Prb.cpp, 835] - RxStream contents:01 00 0D C6 00 00 00 02 09 00 AC 65 0D 
2013/07/17 23:37:01:214 [007096] DEBUG [CommunicationSystem.cpp, 1120] - Calibration complete.
2013/07/17 23:37:01:214 [004284] TRACE [Prb.cpp, 493] - Reading FPGA, Address=0x2012
2013/07/17 23:37:01:215 [004284] TRACE [Prb.cpp, 1035] - ReadFPGAPacket(0x2012):01 00 0C 04 82 00 02 20 12 10 72 0D 
2013/07/17 23:37:01:215 [002328] TRACE [Prb.cpp, 835] - RxStream contents:01 00 0C C7 06 04 00 01 00 33 1A 0D 
2013/07/17 23:37:01:216 [002328] TRACE [Prb.cpp, 943] - RadioBoardPacket(ACK):01 00 0C C7 06 04 00 01 00 33 1A 0D 
2013/07/17 23:37:01:217 [004284] DEBUG [Prb.cpp, 512] - Read FPGA completed, Address=0x2012, Data=0x00
2013/07/17 23:37:01:217 [004284] INFO [CommunicationSystem.cpp, 653] - CC1020 Calibration succeeded.
2013/07/17 23:37:01:218 [004284] TRACE [Prb.cpp, 448] - Writing FPGA, Address=0x1006, Data=0x08
2013/07/17 23:37:01:218 [004284] TRACE [Prb.cpp, 1035] - WriteFPGAPacket(0x1006, 0x08):01 00 0D 05 81 00 03 10 06 08 84 86 0D 
2013/07/17 23:37:01:219 [002328] TRACE [Prb.cpp, 835] - RxStream contents:01 00 0B C8 06 05 00 00 11 8E 0D 
2013/07/17 23:37:01:220 [002328] TRACE [Prb.cpp, 943] - RadioBoardPacket(ACK):01 00 0B C8 06 05 00 00 11 8E 0D 
2013/07/17 23:37:01:220 [004284] DEBUG [Prb.cpp, 466] - Write FPGA completed, Address=0x1006, Data=0x08
2013/07/17 23:37:01:221 [004284] TRACE [Prb.cpp, 493] - Reading FPGA, Address=0x3000
2013/07/17 23:37:01:221 [004284] TRACE [Prb.cpp, 1035] - ReadFPGAPacket(0x3000):01 00 0C 06 82 00 02 30 00 80 1E 0D 
2013/07/17 23:37:01:222 [002328] TRACE [Prb.cpp, 835] - RxStream contents:01 00 0C C9 06 06 00 01 07 CB 04 0D 
2013/07/17 23:37:01:223 [002328] TRACE [Prb.cpp, 943] - RadioBoardPacket(ACK):01 00 0C C9 06 06 00 01 07 CB 04 0D 
2013/07/17 23:37:01:223 [004284] DEBUG [Prb.cpp, 512] - Read FPGA completed, Address=0x3000, Data=0x07
2013/07/17 23:37:01:224 [004284] INFO [CommunicationSystem.cpp, 613] - FPGA Revision 7.
2013/07/17 23:37:01:224 [004284] TRACE [Prb.cpp, 584] - Reading CC1020, Address=0x0004
2013/07/17 23:37:01:225 [004284] TRACE [Prb.cpp, 1035] - ReadCC1020Packet(0x04):01 00 0C 07 84 00 02 00 04 59 16 0D 
2013/07/17 23:37:01:225 [002328] TRACE [Prb.cpp, 835] - RxStream contents:01 00 0C CA 06 07 00 01 35 57 A8 0D 
2013/07/17 23:37:01:226 [002328] TRACE [Prb.cpp, 943] - RadioBoardPacket(ACK):01 00 0C CA 06 07 00 01 35 57 A8 0D 
2013/07/17 23:37:01:227 [004284] DEBUG [Prb.cpp, 603] - Read CC1020 completed, Address=0x0004, Data=0x35
2013/07/17 23:37:01:227 [004284] INFO [CommunicationSystem.cpp, 614] - CC1020 Frequency 2A 0x35.
2013/07/17 23:37:01:228 [004284] TRACE [Prb.cpp, 584] - Reading CC1020, Address=0x0005
2013/07/17 23:37:01:228 [004284] TRACE [Prb.cpp, 1035] - ReadCC1020Packet(0x05):01 00 0C 08 84 00 02 00 05 F1 1C 0D 
2013/07/17 23:37:01:228 [002328] TRACE [Prb.cpp, 835] - RxStream contents:01 00 0C CB 06 08 00 01 F0 61 35 0D 
2013/07/17 23:37:01:229 [002328] TRACE [Prb.cpp, 943] - RadioBoardPacket(ACK):01 00 0C CB 06 08 00 01 F0 61 35 0D 
2013/07/17 23:37:01:230 [004284] DEBUG [Prb.cpp, 603] - Read CC1020 completed, Address=0x0005, Data=0xF0
2013/07/17 23:37:01:230 [004284] INFO [CommunicationSystem.cpp, 615] - CC1020 Frequency 1A 0xf0.
2013/07/17 23:37:01:231 [004284] TRACE [Prb.cpp, 584] - Reading CC1020, Address=0x0006
2013/07/17 23:37:01:232 [004284] TRACE [Prb.cpp, 1035] - ReadCC1020Packet(0x06):01 00 0C 09 84 00 02 00 06 09 15 0D 
2013/07/17 23:37:01:232 [002328] TRACE [Prb.cpp, 835] - RxStream contents:01 00 0C CC 06 09 00 01 21 9F D6 0D 
2013/07/17 23:37:01:233 [002328] TRACE [Prb.cpp, 943] - RadioBoardPacket(ACK):01 00 0C CC 06 09 00 01 21 9F D6 0D 
2013/07/17 23:37:01:233 [004284] DEBUG [Prb.cpp, 603] - Read CC1020 completed, Address=0x0006, Data=0x21
2013/07/17 23:37:01:234 [004284] INFO [CommunicationSystem.cpp, 616] - CC1020 Frequency 0A 0x21.
2013/07/17 23:37:01:234 [004284] TRACE [Prb.cpp, 584] - Reading CC1020, Address=0x0008
2013/07/17 23:37:01:235 [004284] TRACE [Prb.cpp, 1035] - ReadCC1020Packet(0x08):01 00 0C 0A 84 00 02 00 08 01 32 0D 
2013/07/17 23:37:01:235 [002328] TRACE [Prb.cpp, 835] - RxStream contents:01 00 0C CD 06 0A 00 01 35 5B AD 0D 
2013/07/17 23:37:01:236 [002328] TRACE [Prb.cpp, 943] - RadioBoardPacket(ACK):01 00 0C CD 06 0A 00 01 35 5B AD 0D 
2013/07/17 23:37:01:236 [004284] DEBUG [Prb.cpp, 603] - Read CC1020 completed, Address=0x0008, Data=0x35
2013/07/17 23:37:01:237 [004284] INFO [CommunicationSystem.cpp, 617] - CC1020 Frequency 2B 0x35.
2013/07/17 23:37:01:237 [004284] TRACE [Prb.cpp, 584] - Reading CC1020, Address=0x0009
2013/07/17 23:37:01:238 [004284] TRACE [Prb.cpp, 1035] - ReadCC1020Packet(0x09):01 00 0C 0B 84 00 02 00 09 79 34 0D 
2013/07/17 23:37:01:238 [002328] TRACE [Prb.cpp, 835] - RxStream contents:01 00 0C CE 06 0B 00 01 FA 45 0C 0D 
2013/07/17 23:37:01:239 [002328] TRACE [Prb.cpp, 943] - RadioBoardPacket(ACK):01 00 0C CE 06 0B 00 01 FA 45 0C 0D 
2013/07/17 23:37:01:240 [004284] DEBUG [Prb.cpp, 603] - Read CC1020 completed, Address=0x0009, Data=0xFA
2013/07/17 23:37:01:240 [004284] INFO [CommunicationSystem.cpp, 618] - CC1020 Frequency 1B 0xfa.
2013/07/17 23:37:01:241 [004284] TRACE [Prb.cpp, 584] - Reading CC1020, Address=0x000A
2013/07/17 23:37:01:242 [004284] TRACE [Prb.cpp, 1035] - ReadCC1020Packet(0x0A):01 00 0C 0C 84 00 02 00 0A 11 38 0D 
2013/07/17 23:37:01:242 [002328] TRACE [Prb.cpp, 835] - RxStream contents:01 00 0C CF 06 0C 00 01 CB D1 A9 0D 
2013/07/17 23:37:01:243 [002328] TRACE [Prb.cpp, 943] - RadioBoardPacket(ACK):01 00 0C CF 06 0C 00 01 CB D1 A9 0D 
2013/07/17 23:37:01:243 [004284] DEBUG [Prb.cpp, 603] - Read CC1020 completed, Address=0x000A, Data=0xCB
2013/07/17 23:37:01:244 [004284] INFO [CommunicationSystem.cpp, 619] - CC1020 Frequency 0B 0xcb.
2013/07/17 23:37:01:245 [004284] DEBUG [Prb.cpp, 650] - Read EEPROM completed, Address=0x060A, Data=0x00
2013/07/17 23:37:01:245 [004284] INFO [CommunicationSystem.cpp, 620] - RSSI Calibration Reference Center Channel 0.
2013/07/17 23:37:01:246 [004284] TRACE [Prb.cpp, 493] - Reading FPGA, Address=0x3054
2013/07/17 23:37:01:246 [004284] TRACE [Prb.cpp, 1035] - ReadFPGAPacket(0x3054):01 00 0C 0D 82 00 02 30 54 C9 EC 0D 
2013/07/17 23:37:01:246 [002328] TRACE [Prb.cpp, 835] - RxStream contents:01 00 0C D0 06 0D 00 01 07 EF 1F 0D 
2013/07/17 23:37:01:247 [002328] TRACE [Prb.cpp, 943] - RadioBoardPacket(ACK):01 00 0C D0 06 0D 00 01 07 EF 1F 0D 
2013/07/17 23:37:01:248 [004284] DEBUG [Prb.cpp, 512] - Read FPGA completed, Address=0x3054, Data=0x07
2013/07/17 23:37:01:248 [004284] INFO [CommunicationSystem.cpp, 621] - CC1020 PA_POWER 0x7.
2013/07/17 23:37:01:249 [004284] TRACE [Prb.cpp, 584] - Reading CC1020, Address=0x001C
2013/07/17 23:37:01:250 [004284] TRACE [Prb.cpp, 1035] - ReadCC1020Packet(0x1C):01 00 0C 0E 84 00 02 00 1C E1 4C 0D 
2013/07/17 23:37:01:250 [002328] TRACE [Prb.cpp, 835] - RxStream contents:01 00 0C D1 06 0E 00 01 07 2B 1C 0D 
2013/07/17 23:37:01:251 [002328] TRACE [Prb.cpp, 943] - RadioBoardPacket(ACK):01 00 0C D1 06 0E 00 01 07 2B 1C 0D 
2013/07/17 23:37:01:251 [004284] DEBUG [Prb.cpp, 603] - Read CC1020 completed, Address=0x001C, Data=0x07
2013/07/17 23:37:01:252 [004284] INFO [CommunicationSystem.cpp, 622] - CC1020 Transmit Power 0x7.
2013/07/17 23:37:01:252 [004284] TRACE [Prb.cpp, 493] - Reading FPGA, Address=0x3014
2013/07/17 23:37:01:253 [004284] TRACE [Prb.cpp, 1035] - ReadFPGAPacket(0x3014):01 00 0C 0F 82 00 02 30 14 38 6C 0D 
2013/07/17 23:37:01:253 [002328] TRACE [Prb.cpp, 835] - RxStream contents:01 00 0C D2 06 0F 00 01 00 B7 0E 0D 
2013/07/17 23:37:01:254 [002328] TRACE [Prb.cpp, 943] - RadioBoardPacket(ACK):01 00 0C D2 06 0F 00 01 00 B7 0E 0D 
2013/07/17 23:37:01:255 [004284] DEBUG [Prb.cpp, 512] - Read FPGA completed, Address=0x3014, Data=0x00
2013/07/17 23:37:01:255 [004284] INFO [CommunicationSystem.cpp, 623] - Low Noise Amplifier Circumvented 0.
2013/07/17 23:37:01:256 [004284] TRACE [Prb.cpp, 584] - Reading CC1020, Address=0x0001
2013/07/17 23:37:01:256 [004284] TRACE [Prb.cpp, 1035] - ReadCC1020Packet(0x01):01 00 0C 10 84 00 02 00 01 B1 1C 0D 
2013/07/17 23:37:01:256 [002328] TRACE [Prb.cpp, 835] - RxStream contents:01 00 0C D3 06 10 00 01 0F C3 29 0D 
2013/07/17 23:37:01:257 [002328] TRACE [Prb.cpp, 943] - RadioBoardPacket(ACK):01 00 0C D3 06 10 00 01 0F C3 29 0D 
2013/07/17 23:37:01:258 [004284] DEBUG [Prb.cpp, 603] - Read CC1020 completed, Address=0x0001, Data=0x0F
2013/07/17 23:37:01:258 [004284] INFO [CommunicationSystem.cpp, 624] - Low Noise Amplifier 0xf.
2013/07/17 23:37:01:259 [004284] TRACE [Prb.cpp, 493] - Reading FPGA, Address=0x1006
2013/07/17 23:37:01:259 [004284] TRACE [Prb.cpp, 1035] - ReadFPGAPacket(0x1006):01 00 0C 11 82 00 02 10 06 28 1D 0D 
2013/07/17 23:37:01:259 [002328] TRACE [Prb.cpp, 835] - RxStream contents:01 00 0C D4 06 11 00 01 08 BF 3D 0D 
2013/07/17 23:37:01:260 [002328] TRACE [Prb.cpp, 943] - RadioBoardPacket(ACK):01 00 0C D4 06 11 00 01 08 BF 3D 0D 
2013/07/17 23:37:01:261 [004284] DEBUG [Prb.cpp, 512] - Read FPGA completed, Address=0x1006, Data=0x08
2013/07/17 23:37:01:261 [004284] INFO [CommunicationSystem.cpp, 625] - Allowed Framing Errors 8.
2013/07/17 23:37:01:264 [004284] INFO [CrossTalkDetector.cpp, 28] - LinkThreshold = 8
2013/07/17 23:37:01:265 [004284] INFO [CrossTalkDetector.cpp, 14] - EnterCrossTalkThreshold = 8
2013/07/17 23:37:01:266 [004284] INFO [CrossTalkDetector.cpp, 21] - LeaveCrossTalkThreshold = 4
2013/07/17 23:37:01:275 [006664] TRACE [Prb.cpp, 493] - Reading FPGA, Address=0x3000
2013/07/17 23:37:01:276 [006664] TRACE [Prb.cpp, 1035] - ReadFPGAPacket(0x3000):01 00 0C 12 82 00 02 30 00 E0 0A 0D 
2013/07/17 23:37:01:276 [002328] TRACE [Prb.cpp, 835] - RxStream contents:01 00 0C D5 06 12 00 01 07 7B 1C 0D 
2013/07/17 23:37:01:277 [002328] TRACE [Prb.cpp, 943] - RadioBoardPacket(ACK):01 00 0C D5 06 12 00 01 07 7B 1C 0D 
2013/07/17 23:37:01:277 [006664] DEBUG [Prb.cpp, 512] - Read FPGA completed, Address=0x3000, Data=0x07
2013/07/17 23:37:01:278 [006664] TRACE [Prb.cpp, 539] - Writing CC1020, Address=0x001C, Data=0x07
2013/07/17 23:37:01:279 [006664] TRACE [Prb.cpp, 1035] - WriteCC1020Packet(0x1C, 0x07):01 00 0D 13 83 00 03 00 1C 07 3E 84 0D 
2013/07/17 23:37:01:279 [002328] TRACE [Prb.cpp, 835] - RxStream contents:01 00 0B D6 06 13 00 00 95 E5 0D 
2013/07/17 23:37:01:280 [002328] TRACE [Prb.cpp, 943] - RadioBoardPacket(ACK):01 00 0B D6 06 13 00 00 95 E5 0D 
2013/07/17 23:37:01:281 [006664] DEBUG [Prb.cpp, 557] - Write CC1020 completed, Address=0x001C, Data=0x07
2013/07/17 23:37:01:331 [004284] TRACE [Prb.cpp, 493] - Reading FPGA, Address=0x3000
2013/07/17 23:37:01:332 [004284] TRACE [Prb.cpp, 1035] - ReadFPGAPacket(0x3000):01 00 0C 14 82 00 02 30 00 70 0F 0D 
2013/07/17 23:37:01:332 [002328] TRACE [Prb.cpp, 835] - RxStream contents:01 00 0C D7 06 14 00 01 07 73 1F 0D 
2013/07/17 23:37:01:333 [002328] TRACE [Prb.cpp, 943] - RadioBoardPacket(ACK):01 00 0C D7 06 14 00 01 07 73 1F 0D 
2013/07/17 23:37:01:334 [004284] DEBUG [Prb.cpp, 512] - Read FPGA completed, Address=0x3000, Data=0x07
2013/07/17 23:37:01:341 [004284] INFO [CommunicationSystem.cpp, 640] - Calibrating the PRB CC1020.
2013/07/17 23:37:01:342 [004284] TRACE [Prb.cpp, 448] - Writing FPGA, Address=0x1008, Data=0x01
2013/07/17 23:37:01:343 [004284] TRACE [Prb.cpp, 1035] - WriteFPGAPacket(0x1008, 0x01):01 00 0D 15 81 00 03 10 08 01 B1 B0 0D 
2013/07/17 23:37:01:343 [002328] TRACE [Prb.cpp, 835] - RxStream contents:01 00 0B D8 06 15 00 00 17 4E 0D 
2013/07/17 23:37:01:344 [002328] TRACE [Prb.cpp, 943] - RadioBoardPacket(ACK):01 00 0B D8 06 15 00 00 17 4E 0D 
2013/07/17 23:37:01:345 [004284] DEBUG [Prb.cpp, 466] - Write FPGA completed, Address=0x1008, Data=0x01
2013/07/17 23:37:01:432 [002328] TRACE [Prb.cpp, 835] - RxStream contents:01 00 0D D9 00 00 00 02 09 00 32 96 0D 
2013/07/17 23:37:01:434 [007096] DEBUG [CommunicationSystem.cpp, 1120] - Calibration complete.
2013/07/17 23:37:01:434 [004284] TRACE [Prb.cpp, 493] - Reading FPGA, Address=0x2012
2013/07/17 23:37:01:435 [004284] TRACE [Prb.cpp, 1035] - ReadFPGAPacket(0x2012):01 00 0C 16 82 00 02 20 12 E0 63 0D 
2013/07/17 23:37:01:435 [002328] TRACE [Prb.cpp, 835] - RxStream contents:01 00 0C DA 06 16 00 01 00 03 01 0D 
2013/07/17 23:37:01:436 [002328] TRACE [Prb.cpp, 943] - RadioBoardPacket(ACK):01 00 0C DA 06 16 00 01 00 03 01 0D 
2013/07/17 23:37:01:437 [004284] DEBUG [Prb.cpp, 512] - Read FPGA completed, Address=0x2012, Data=0x00
2013/07/17 23:37:01:437 [004284] INFO [CommunicationSystem.cpp, 653] - CC1020 Calibration succeeded.
2013/07/17 23:37:01:443 [004284] TRACE [Prb.cpp, 584] - Reading CC1020, Address=0x0004
2013/07/17 23:37:01:443 [004284] TRACE [Prb.cpp, 1035] - ReadCC1020Packet(0x04):01 00 0C 17 84 00 02 00 04 D9 04 0D 
2013/07/17 23:37:01:443 [002328] TRACE [Prb.cpp, 835] - RxStream contents:01 00 0C DB 06 17 00 01 35 6F BF 0D 
2013/07/17 23:37:01:445 [002328] TRACE [Prb.cpp, 943] - RadioBoardPacket(ACK):01 00 0C DB 06 17 00 01 35 6F BF 0D 
2013/07/17 23:37:01:445 [004284] DEBUG [Prb.cpp, 603] - Read CC1020 completed, Address=0x0004, Data=0x35
2013/07/17 23:37:01:447 [004284] TRACE [Prb.cpp, 584] - Reading CC1020, Address=0x0005
2013/07/17 23:37:01:448 [004284] TRACE [Prb.cpp, 1035] - ReadCC1020Packet(0x05):01 00 0C 18 84 00 02 00 05 71 0E 0D 
2013/07/17 23:37:01:448 [002328] TRACE [Prb.cpp, 835] - RxStream contents:01 00 0C DC 06 18 00 01 F0 C9 27 0D 
2013/07/17 23:37:01:449 [002328] TRACE [Prb.cpp, 943] - RadioBoardPacket(ACK):01 00 0C DC 06 18 00 01 F0 C9 27 0D 
2013/07/17 23:37:01:450 [004284] DEBUG [Prb.cpp, 603] - Read CC1020 completed, Address=0x0005, Data=0xF0
2013/07/17 23:37:01:451 [004284] TRACE [Prb.cpp, 584] - Reading CC1020, Address=0x0006
2013/07/17 23:37:01:452 [004284] TRACE [Prb.cpp, 1035] - ReadCC1020Packet(0x06):01 00 0C 19 84 00 02 00 06 89 07 0D 
2013/07/17 23:37:01:452 [002328] TRACE [Prb.cpp, 835] - RxStream contents:01 00 0C DD 06 19 00 01 21 A7 C1 0D 
2013/07/17 23:37:01:453 [002328] TRACE [Prb.cpp, 943] - RadioBoardPacket(ACK):01 00 0C DD 06 19 00 01 21 A7 C1 0D 
2013/07/17 23:37:01:453 [004284] DEBUG [Prb.cpp, 603] - Read CC1020 completed, Address=0x0006, Data=0x21
2013/07/17 23:37:01:455 [004284] TRACE [Prb.cpp, 584] - Reading CC1020, Address=0x0007
2013/07/17 23:37:01:455 [004284] TRACE [Prb.cpp, 1035] - ReadCC1020Packet(0x07):01 00 0C 1A 84 00 02 00 07 81 02 0D 
2013/07/17 23:37:01:455 [002328] TRACE [Prb.cpp, 835] - RxStream contents:01 00 0C DE 06 1A 00 01 38 93 94 0D 
2013/07/17 23:37:01:456 [002328] TRACE [Prb.cpp, 943] - RadioBoardPacket(ACK):01 00 0C DE 06 1A 00 01 38 93 94 0D 
2013/07/17 23:37:01:457 [004284] DEBUG [Prb.cpp, 603] - Read CC1020 completed, Address=0x0007, Data=0x38
2013/07/17 23:37:01:458 [004284] TRACE [Prb.cpp, 584] - Reading CC1020, Address=0x0008
2013/07/17 23:37:01:459 [004284] TRACE [Prb.cpp, 1035] - ReadCC1020Packet(0x08):01 00 0C 1B 84 00 02 00 08 79 23 0D 
2013/07/17 23:37:01:459 [002328] TRACE [Prb.cpp, 835] - RxStream contents:01 00 0C DF 06 1B 00 01 35 7F B9 0D 
2013/07/17 23:37:01:460 [002328] TRACE [Prb.cpp, 943] - RadioBoardPacket(ACK):01 00 0C DF 06 1B 00 01 35 7F B9 0D 
2013/07/17 23:37:01:460 [004284] DEBUG [Prb.cpp, 603] - Read CC1020 completed, Address=0x0008, Data=0x35
2013/07/17 23:37:01:461 [004284] TRACE [Prb.cpp, 584] - Reading CC1020, Address=0x0009
2013/07/17 23:37:01:462 [004284] TRACE [Prb.cpp, 1035] - ReadCC1020Packet(0x09):01 00 0C 1C 84 00 02 00 09 91 20 0D 
2013/07/17 23:37:01:462 [002328] TRACE [Prb.cpp, 835] - RxStream contents:01 00 0C E0 06 1C 00 01 FA B9 24 0D 
2013/07/17 23:37:01:463 [002328] TRACE [Prb.cpp, 943] - RadioBoardPacket(ACK):01 00 0C E0 06 1C 00 01 FA B9 24 0D 
2013/07/17 23:37:01:463 [004284] DEBUG [Prb.cpp, 603] - Read CC1020 completed, Address=0x0009, Data=0xFA
2013/07/17 23:37:01:465 [004284] TRACE [Prb.cpp, 584] - Reading CC1020, Address=0x000A
2013/07/17 23:37:01:466 [004284] TRACE [Prb.cpp, 1035] - ReadCC1020Packet(0x0A):01 00 0C 1D 84 00 02 00 0A 69 29 0D 
2013/07/17 23:37:01:466 [002328] TRACE [Prb.cpp, 835] - RxStream contents:01 00 0C E1 06 1D 00 01 CB 55 81 0D 
2013/07/17 23:37:01:467 [002328] TRACE [Prb.cpp, 943] - RadioBoardPacket(ACK):01 00 0C E1 06 1D 00 01 CB 55 81 0D 
2013/07/17 23:37:01:468 [004284] DEBUG [Prb.cpp, 603] - Read CC1020 completed, Address=0x000A, Data=0xCB
2013/07/17 23:37:01:469 [004284] TRACE [Prb.cpp, 584] - Reading CC1020, Address=0x000B
2013/07/17 23:37:01:470 [004284] TRACE [Prb.cpp, 1035] - ReadCC1020Packet(0x0B):01 00 0C 1E 84 00 02 00 0B 61 2C 0D 
2013/07/17 23:37:01:470 [002328] TRACE [Prb.cpp, 835] - RxStream contents:01 00 0C E2 06 1E 00 01 38 E3 AB 0D 
2013/07/17 23:37:01:471 [002328] TRACE [Prb.cpp, 943] - RadioBoardPacket(ACK):01 00 0C E2 06 1E 00 01 38 E3 AB 0D 
2013/07/17 23:37:01:471 [004284] DEBUG [Prb.cpp, 603] - Read CC1020 completed, Address=0x000B, Data=0x38
2013/07/17 23:37:01:473 [004284] TRACE [Prb.cpp, 584] - Reading CC1020, Address=0x001D
2013/07/17 23:37:01:473 [004284] TRACE [Prb.cpp, 1035] - ReadCC1020Packet(0x1D):01 00 0C 1F 84 00 02 00 1D 19 58 0D 
2013/07/17 23:37:01:473 [002328] TRACE [Prb.cpp, 835] - RxStream contents:01 00 0C E3 06 1F 00 01 00 0F 38 0D 
2013/07/17 23:37:01:474 [002328] TRACE [Prb.cpp, 943] - RadioBoardPacket(ACK):01 00 0C E3 06 1F 00 01 00 0F 38 0D 
2013/07/17 23:37:01:475 [004284] DEBUG [Prb.cpp, 603] - Read CC1020 completed, Address=0x001D, Data=0x00
2013/07/17 23:37:01:476 [004284] TRACE [Prb.cpp, 584] - Reading CC1020, Address=0x0045
2013/07/17 23:37:01:477 [004284] TRACE [Prb.cpp, 1035] - ReadCC1020Packet(0x45):01 00 0C 20 84 00 02 00 45 B0 B7 0D 
2013/07/17 23:37:01:477 [002328] TRACE [Prb.cpp, 835] - RxStream contents:01 00 0C E4 06 20 00 01 5C 6A FC 0D 
2013/07/17 23:37:01:478 [002328] TRACE [Prb.cpp, 943] - RadioBoardPacket(ACK):01 00 0C E4 06 20 00 01 5C 6A FC 0D 
2013/07/17 23:37:01:478 [004284] DEBUG [Prb.cpp, 603] - Read CC1020 completed, Address=0x0045, Data=0x5C
2013/07/17 23:37:01:480 [004284] TRACE [Prb.cpp, 584] - Reading CC1020, Address=0x0046
2013/07/17 23:37:01:480 [004284] TRACE [Prb.cpp, 1035] - ReadCC1020Packet(0x46):01 00 0C 21 84 00 02 00 46 48 BE 0D 
2013/07/17 23:37:01:480 [002328] TRACE [Prb.cpp, 835] - RxStream contents:01 00 0C E5 06 21 00 01 66 06 60 0D 
2013/07/17 23:37:01:481 [002328] TRACE [Prb.cpp, 943] - RadioBoardPacket(ACK):01 00 0C E5 06 21 00 01 66 06 60 0D 
2013/07/17 23:37:01:482 [004284] DEBUG [Prb.cpp, 603] - Read CC1020 completed, Address=0x0046, Data=0x66
2013/07/17 23:37:01:483 [004284] TRACE [Prb.cpp, 584] - Reading CC1020, Address=0x0047
2013/07/17 23:37:01:483 [004284] TRACE [Prb.cpp, 1035] - ReadCC1020Packet(0x47):01 00 0C 22 84 00 02 00 47 40 BB 0D 
2013/07/17 23:37:01:483 [002328] TRACE [Prb.cpp, 835] - RxStream contents:01 00 0C E6 06 22 00 01 44 B2 AC 0D 
2013/07/17 23:37:01:484 [002328] TRACE [Prb.cpp, 943] - RadioBoardPacket(ACK):01 00 0C E6 06 22 00 01 44 B2 AC 0D 
2013/07/17 23:37:01:485 [004284] DEBUG [Prb.cpp, 603] - Read CC1020 completed, Address=0x0047, Data=0x44
2013/07/17 23:37:01:493 [004284] TRACE [Prb.cpp, 493] - Reading FPGA, Address=0x305E
2013/07/17 23:37:01:494 [004284] TRACE [Prb.cpp, 1035] - ReadFPGAPacket(0x305E):01 00 0C 23 82 00 02 30 5E 99 FD 0D 
2013/07/17 23:37:01:494 [002328] TRACE [Prb.cpp, 835] - RxStream contents:01 00 0C E7 06 23 00 01 00 DF 34 0D 
2013/07/17 23:37:01:495 [002328] TRACE [Prb.cpp, 943] - RadioBoardPacket(ACK):01 00 0C E7 06 23 00 01 00 DF 34 0D 
2013/07/17 23:37:01:496 [004284] DEBUG [Prb.cpp, 512] - Read FPGA completed, Address=0x305E, Data=0x00
2013/07/17 23:37:01:496 [004284] TRACE [Prb.cpp, 493] - Reading FPGA, Address=0x3060
2013/07/17 23:37:01:497 [004284] TRACE [Prb.cpp, 1035] - ReadFPGAPacket(0x3060):01 00 0C 24 82 00 02 30 60 71 7C 0D 
2013/07/17 23:37:01:497 [002328] TRACE [Prb.cpp, 835] - RxStream contents:01 00 0C E8 06 24 00 01 00 1B 38 0D 
2013/07/17 23:37:01:498 [002328] TRACE [Prb.cpp, 943] - RadioBoardPacket(ACK):01 00 0C E8 06 24 00 01 00 1B 38 0D 
2013/07/17 23:37:01:499 [004284] DEBUG [Prb.cpp, 512] - Read FPGA completed, Address=0x3060, Data=0x00
2013/07/17 23:37:01:499 [004284] TRACE [Prb.cpp, 493] - Reading FPGA, Address=0x3062
2013/07/17 23:37:01:500 [004284] TRACE [Prb.cpp, 1035] - ReadFPGAPacket(0x3062):01 00 0C 25 82 00 02 30 62 09 70 0D 
2013/07/17 23:37:01:500 [002328] TRACE [Prb.cpp, 835] - RxStream contents:01 00 0C E9 06 25 00 01 00 77 38 0D 
2013/07/17 23:37:01:501 [002328] TRACE [Prb.cpp, 943] - RadioBoardPacket(ACK):01 00 0C E9 06 25 00 01 00 77 38 0D 
2013/07/17 23:37:01:501 [004284] DEBUG [Prb.cpp, 512] - Read FPGA completed, Address=0x3062, Data=0x00
2013/07/17 23:37:01:506 [004284] TRACE [Prb.cpp, 493] - Reading FPGA, Address=0x3066
2013/07/17 23:37:01:507 [004284] TRACE [Prb.cpp, 1035] - ReadFPGAPacket(0x3066):01 00 0C 26 82 00 02 30 66 01 6B 0D 
2013/07/17 23:37:01:507 [002328] TRACE [Prb.cpp, 835] - RxStream contents:01 00 0C EA 06 26 00 01 00 C3 38 0D 
2013/07/17 23:37:01:508 [002328] TRACE [Prb.cpp, 943] - RadioBoardPacket(ACK):01 00 0C EA 06 26 00 01 00 C3 38 0D 
2013/07/17 23:37:01:509 [004284] DEBUG [Prb.cpp, 512] - Read FPGA completed, Address=0x3066, Data=0x00
2013/07/17 23:37:01:509 [004284] TRACE [Prb.cpp, 493] - Reading FPGA, Address=0x3068
2013/07/17 23:37:01:510 [004284] TRACE [Prb.cpp, 1035] - ReadFPGAPacket(0x3068):01 00 0C 27 82 00 02 30 68 79 4F 0D 
2013/07/17 23:37:01:510 [002328] TRACE [Prb.cpp, 835] - RxStream contents:01 00 0C EB 06 27 00 01 00 AF 38 0D 
2013/07/17 23:37:01:511 [002328] TRACE [Prb.cpp, 943] - RadioBoardPacket(ACK):01 00 0C EB 06 27 00 01 00 AF 38 0D 
2013/07/17 23:37:01:511 [004284] DEBUG [Prb.cpp, 512] - Read FPGA completed, Address=0x3068, Data=0x00
2013/07/17 23:37:01:512 [004284] TRACE [Prb.cpp, 493] - Reading FPGA, Address=0x306A
2013/07/17 23:37:01:513 [004284] TRACE [Prb.cpp, 1035] - ReadFPGAPacket(0x306A):01 00 0C 28 82 00 02 30 6A D1 4F 0D 
2013/07/17 23:37:01:513 [002328] TRACE [Prb.cpp, 835] - RxStream contents:01 00 0C EC 06 28 00 01 00 0B 3E 0D 
2013/07/17 23:37:01:513 [002328] TRACE [Prb.cpp, 943] - RadioBoardPacket(ACK):01 00 0C EC 06 28 00 01 00 0B 3E 0D 
2013/07/17 23:37:01:514 [004284] DEBUG [Prb.cpp, 512] - Read FPGA completed, Address=0x306A, Data=0x00
2013/07/17 23:37:01:516 [004284] TRACE [Prb.cpp, 448] - Writing FPGA, Address=0x1026, Data=0x01
2013/07/17 23:37:01:517 [004284] TRACE [Prb.cpp, 1035] - WriteFPGAPacket(0x1026, 0x01):01 00 0D 29 81 00 03 10 26 01 6A 70 0D 
2013/07/17 23:37:01:517 [002328] TRACE [Prb.cpp, 835] - RxStream contents:01 00 0B ED 06 29 00 00 1D 66 0D 
2013/07/17 23:37:01:518 [002328] TRACE [Prb.cpp, 943] - RadioBoardPacket(ACK):01 00 0B ED 06 29 00 00 1D 66 0D 
2013/07/17 23:37:01:519 [004284] DEBUG [Prb.cpp, 466] - Write FPGA completed, Address=0x1026, Data=0x01
2013/07/17 23:37:01:526 [006664] TRACE [Prb.cpp, 539] - Writing CC1020, Address=0x001C, Data=0x07
2013/07/17 23:37:01:527 [006664] TRACE [Prb.cpp, 1035] - WriteCC1020Packet(0x1C, 0x07):01 00 0D 2A 83 00 03 00 1C 07 04 14 0D 
2013/07/17 23:37:01:527 [002328] TRACE [Prb.cpp, 835] - RxStream contents:01 00 0B EE 06 2A 00 00 1D D2 0D 
2013/07/17 23:37:01:528 [002328] TRACE [Prb.cpp, 943] - RadioBoardPacket(ACK):01 00 0B EE 06 2A 00 00 1D D2 0D 
2013/07/17 23:37:01:528 [006664] DEBUG [Prb.cpp, 557] - Write CC1020 completed, Address=0x001C, Data=0x07
2013/07/17 23:37:01:530 [006664] TRACE [Prb.cpp, 448] - Writing FPGA, Address=0x3012, Data=0x01
2013/07/17 23:37:01:531 [006664] TRACE [Prb.cpp, 1035] - WriteFPGAPacket(0x3012, 0x01):01 00 0D 2B 81 00 03 30 12 01 52 D3 0D 
2013/07/17 23:37:01:531 [002328] TRACE [Prb.cpp, 835] - RxStream contents:01 00 0B EF 06 2B 00 00 1D BE 0D 
2013/07/17 23:37:01:532 [002328] TRACE [Prb.cpp, 943] - RadioBoardPacket(ACK):01 00 0B EF 06 2B 00 00 1D BE 0D 
2013/07/17 23:37:01:532 [006664] DEBUG [Prb.cpp, 466] - Write FPGA completed, Address=0x3012, Data=0x01
2013/07/17 23:37:01:533 [006664] TRACE [Prb.cpp, 493] - Reading FPGA, Address=0x1004
2013/07/17 23:37:01:534 [006664] TRACE [Prb.cpp, 1035] - ReadFPGAPacket(0x1004):01 00 0C 2C 82 00 02 10 04 F0 2D 0D 
2013/07/17 23:37:01:534 [002328] TRACE [Prb.cpp, 835] - RxStream contents:01 00 0C F0 06 2C 00 01 00 FB 20 0D 
2013/07/17 23:37:01:535 [002328] TRACE [Prb.cpp, 943] - RadioBoardPacket(ACK):01 00 0C F0 06 2C 00 01 00 FB 20 0D 
2013/07/17 23:37:01:535 [006664] DEBUG [Prb.cpp, 512] - Read FPGA completed, Address=0x1004, Data=0x00
2013/07/17 23:37:01:536 [006664] TRACE [Prb.cpp, 448] - Writing FPGA, Address=0x1004, Data=0x00
2013/07/17 23:37:01:536 [006664] TRACE [Prb.cpp, 1035] - WriteFPGAPacket(0x1004, 0x00):01 00 0D 2D 81 00 03 10 04 00 A2 36 0D 
2013/07/17 23:37:01:536 [002328] TRACE [Prb.cpp, 835] - RxStream contents:01 00 0B F1 06 2D 00 00 18 96 0D 
2013/07/17 23:37:01:537 [002328] TRACE [Prb.cpp, 943] - RadioBoardPacket(ACK):01 00 0B F1 06 2D 00 00 18 96 0D 
2013/07/17 23:37:01:538 [006664] DEBUG [Prb.cpp, 466] - Write FPGA completed, Address=0x1004, Data=0x00
2013/07/17 23:37:01:540 [006800] INFO [CommunicationSystemStates.cpp, 130] - Scan requested. Preamble Burst Duration: 9 seconds. Preamble Burst Data Rate: 2.
2013/07/17 23:37:01:541 [006800] TRACE [Prb.cpp, 448] - Writing FPGA, Address=0x1002, Data=0x09
2013/07/17 23:37:01:542 [006800] TRACE [Prb.cpp, 1035] - WriteFPGAPacket(0x1002, 0x09):01 00 0D 2E 81 00 03 10 02 09 B5 30 0D 
2013/07/17 23:37:01:542 [002328] TRACE [Prb.cpp, 835] - RxStream contents:01 00 0B F2 06 2E 00 00 18 22 0D 
2013/07/17 23:37:01:543 [002328] TRACE [Prb.cpp, 943] - RadioBoardPacket(ACK):01 00 0B F2 06 2E 00 00 18 22 0D 
2013/07/17 23:37:01:543 [006800] DEBUG [Prb.cpp, 466] - Write FPGA completed, Address=0x1002, Data=0x09
2013/07/17 23:37:01:544 [006800] TRACE [Prb.cpp, 493] - Reading FPGA, Address=0x1004
2013/07/17 23:37:01:545 [006800] TRACE [Prb.cpp, 1035] - ReadFPGAPacket(0x1004):01 00 0C 2F 82 00 02 10 04 78 2D 0D 
2013/07/17 23:37:01:545 [002328] TRACE [Prb.cpp, 835] - RxStream contents:01 00 0C F3 06 2F 00 01 00 4F 20 0D 
2013/07/17 23:37:01:546 [002328] TRACE [Prb.cpp, 943] - RadioBoardPacket(ACK):01 00 0C F3 06 2F 00 01 00 4F 20 0D 
2013/07/17 23:37:01:546 [006800] DEBUG [Prb.cpp, 512] - Read FPGA completed, Address=0x1004, Data=0x00
2013/07/17 23:37:01:547 [006800] TRACE [Prb.cpp, 448] - Writing FPGA, Address=0x1004, Data=0x08
2013/07/17 23:37:01:547 [006800] TRACE [Prb.cpp, 1035] - WriteFPGAPacket(0x1004, 0x08):01 00 0D 30 81 00 03 10 04 08 3E D5 0D 
2013/07/17 23:37:01:547 [002328] TRACE [Prb.cpp, 835] - RxStream contents:01 00 0B F4 06 30 00 00 18 AA 0D 
2013/07/17 23:37:01:548 [002328] TRACE [Prb.cpp, 943] - RadioBoardPacket(ACK):01 00 0B F4 06 30 00 00 18 AA 0D 
2013/07/17 23:37:01:549 [006800] DEBUG [Prb.cpp, 466] - Write FPGA completed, Address=0x1004, Data=0x08
2013/07/17 23:37:01:549 [006800] TRACE [Prb.cpp, 448] - Writing FPGA, Address=0x1008, Data=0x02
2013/07/17 23:37:01:550 [006800] TRACE [Prb.cpp, 1035] - WriteFPGAPacket(0x1008, 0x02):01 00 0D 31 81 00 03 10 08 02 97 FA 0D 
2013/07/17 23:37:01:550 [002328] TRACE [Prb.cpp, 835] - RxStream contents:01 00 0B F5 06 31 00 00 18 C6 0D 
2013/07/17 23:37:01:551 [002328] TRACE [Prb.cpp, 943] - RadioBoardPacket(ACK):01 00 0B F5 06 31 00 00 18 C6 0D 
2013/07/17 23:37:01:551 [006800] DEBUG [Prb.cpp, 466] - Write FPGA completed, Address=0x1008, Data=0x02
2013/07/17 23:37:12:677 [007096] INFO [CommunicationSystemStates.cpp, 168] - Scan complete
2013/07/17 23:37:12:679 [007096] TRACE [Prb.cpp, 584] - Reading CC1020, Address=0x0004
2013/07/17 23:37:12:679 [007096] TRACE [Prb.cpp, 1035] - ReadCC1020Packet(0x04):01 00 0C 32 84 00 02 00 04 41 20 0D 
2013/07/17 23:37:12:679 [002328] TRACE [Prb.cpp, 835] - RxStream contents:01 00 0C F7 06 32 00 01 35 8B 9D 0D 
2013/07/17 23:37:12:681 [002328] TRACE [Prb.cpp, 943] - RadioBoardPacket(ACK):01 00 0C F7 06 32 00 01 35 8B 9D 0D 
2013/07/17 23:37:12:681 [007096] DEBUG [Prb.cpp, 603] - Read CC1020 completed, Address=0x0004, Data=0x35
2013/07/17 23:37:12:682 [007096] TRACE [Prb.cpp, 584] - Reading CC1020, Address=0x0005
2013/07/17 23:37:12:682 [007096] TRACE [Prb.cpp, 1035] - ReadCC1020Packet(0x05):01 00 0C 33 84 00 02 00 05 39 26 0D 
2013/07/17 23:37:12:682 [002328] TRACE [Prb.cpp, 835] - RxStream contents:01 00 0C F8 06 33 00 01 F0 35 0F 0D 
2013/07/17 23:37:12:684 [002328] TRACE [Prb.cpp, 943] - RadioBoardPacket(ACK):01 00 0C F8 06 33 00 01 F0 35 0F 0D 
2013/07/17 23:37:12:684 [007096] DEBUG [Prb.cpp, 603] - Read CC1020 completed, Address=0x0005, Data=0xF0
2013/07/17 23:37:12:685 [007096] TRACE [Prb.cpp, 584] - Reading CC1020, Address=0x0006
2013/07/17 23:37:12:686 [007096] TRACE [Prb.cpp, 1035] - ReadCC1020Packet(0x06):01 00 0C 34 84 00 02 00 06 51 2A 0D 
2013/07/17 23:37:12:686 [002328] TRACE [Prb.cpp, 835] - RxStream contents:01 00 0C F9 06 34 00 01 21 23 E9 0D 
2013/07/17 23:37:12:687 [002328] TRACE [Prb.cpp, 943] - RadioBoardPacket(ACK):01 00 0C F9 06 34 00 01 21 23 E9 0D 
2013/07/17 23:37:12:687 [007096] DEBUG [Prb.cpp, 603] - Read CC1020 completed, Address=0x0006, Data=0x21
2013/07/17 23:37:12:688 [007096] TRACE [Prb.cpp, 584] - Reading CC1020, Address=0x0008
2013/07/17 23:37:12:689 [007096] TRACE [Prb.cpp, 1035] - ReadCC1020Packet(0x08):01 00 0C 35 84 00 02 00 08 29 0E 0D 
2013/07/17 23:37:12:689 [002328] TRACE [Prb.cpp, 835] - RxStream contents:01 00 0C FA 06 35 00 01 35 3F 92 0D 
2013/07/17 23:37:12:690 [002328] TRACE [Prb.cpp, 943] - RadioBoardPacket(ACK):01 00 0C FA 06 35 00 01 35 3F 92 0D 
2013/07/17 23:37:12:690 [007096] DEBUG [Prb.cpp, 603] - Read CC1020 completed, Address=0x0008, Data=0x35
2013/07/17 23:37:12:691 [007096] TRACE [Prb.cpp, 584] - Reading CC1020, Address=0x0009
2013/07/17 23:37:12:691 [007096] TRACE [Prb.cpp, 1035] - ReadCC1020Packet(0x09):01 00 0C 36 84 00 02 00 09 21 0B 0D 
2013/07/17 23:37:12:691 [002328] TRACE [Prb.cpp, 835] - RxStream contents:01 00 0C FB 06 36 00 01 FA F9 33 0D 
2013/07/17 23:37:12:693 [002328] TRACE [Prb.cpp, 943] - RadioBoardPacket(ACK):01 00 0C FB 06 36 00 01 FA F9 33 0D 
2013/07/17 23:37:12:693 [007096] DEBUG [Prb.cpp, 603] - Read CC1020 completed, Address=0x0009, Data=0xFA
2013/07/17 23:37:12:694 [007096] TRACE [Prb.cpp, 584] - Reading CC1020, Address=0x000A
2013/07/17 23:37:12:694 [007096] TRACE [Prb.cpp, 1035] - ReadCC1020Packet(0x0A):01 00 0C 37 84 00 02 00 0A D9 02 0D 
2013/07/17 23:37:12:694 [002328] TRACE [Prb.cpp, 835] - RxStream contents:01 00 0C FC 06 37 00 01 CB 85 93 0D 
2013/07/17 23:37:12:696 [002328] TRACE [Prb.cpp, 943] - RadioBoardPacket(ACK):01 00 0C FC 06 37 00 01 CB 85 93 0D 
2013/07/17 23:37:12:696 [007096] DEBUG [Prb.cpp, 603] - Read CC1020 completed, Address=0x000A, Data=0xCB
2013/07/17 23:37:12:697 [007096] TRACE [Prb.cpp, 584] - Reading CC1020, Address=0x000F
2013/07/17 23:37:12:697 [007096] TRACE [Prb.cpp, 1035] - ReadCC1020Packet(0x0F):01 00 0C 38 84 00 02 00 0F F1 13 0D 
2013/07/17 23:37:12:697 [002328] TRACE [Prb.cpp, 835] - RxStream contents:01 00 0C FD 06 38 00 01 DF B1 E8 0D 
2013/07/17 23:37:12:699 [002328] TRACE [Prb.cpp, 943] - RadioBoardPacket(ACK):01 00 0C FD 06 38 00 01 DF B1 E8 0D 
2013/07/17 23:37:12:699 [007096] DEBUG [Prb.cpp, 603] - Read CC1020 completed, Address=0x000F, Data=0xDF
2013/07/17 23:37:12:700 [007096] TRACE [Prb.cpp, 584] - Reading CC1020, Address=0x0010
2013/07/17 23:37:12:700 [007096] TRACE [Prb.cpp, 1035] - ReadCC1020Packet(0x10):01 00 0C 39 84 00 02 00 10 89 51 0D 
2013/07/17 23:37:12:700 [002328] TRACE [Prb.cpp, 835] - RxStream contents:01 00 0C FE 06 39 00 01 80 AC 29 0D 
2013/07/17 23:37:12:701 [002328] TRACE [Prb.cpp, 943] - RadioBoardPacket(ACK):01 00 0C FE 06 39 00 01 80 AC 29 0D 
2013/07/17 23:37:12:702 [007096] DEBUG [Prb.cpp, 603] - Read CC1020 completed, Address=0x0010, Data=0x80
2013/07/17 23:37:12:702 [007096] TRACE [Prb.cpp, 584] - Reading CC1020, Address=0x0013
2013/07/17 23:37:12:703 [007096] TRACE [Prb.cpp, 1035] - ReadCC1020Packet(0x13):01 00 0C 3A 84 00 02 00 13 01 5B 0D 
2013/07/17 23:37:12:703 [002328] TRACE [Prb.cpp, 835] - RxStream contents:01 00 0C FF 06 3A 00 01 33 EB 83 0D 
2013/07/17 23:37:12:704 [002328] TRACE [Prb.cpp, 943] - RadioBoardPacket(ACK):01 00 0C FF 06 3A 00 01 33 EB 83 0D 
2013/07/17 23:37:12:705 [007096] DEBUG [Prb.cpp, 603] - Read CC1020 completed, Address=0x0013, Data=0x33
2013/07/17 23:37:12:705 [007096] TRACE [Prb.cpp, 584] - Reading CC1020, Address=0x0014
2013/07/17 23:37:12:706 [007096] TRACE [Prb.cpp, 1035] - ReadCC1020Packet(0x14):01 00 0C 3B 84 00 02 00 14 79 49 0D 
2013/07/17 23:37:12:706 [002328] TRACE [Prb.cpp, 835] - RxStream contents:01 00 0C 00 06 3B 00 01 3D D7 57 0D 
2013/07/17 23:37:12:707 [002328] TRACE [Prb.cpp, 943] - RadioBoardPacket(ACK):01 00 0C 00 06 3B 00 01 3D D7 57 0D 
2013/07/17 23:37:12:707 [007096] DEBUG [Prb.cpp, 603] - Read CC1020 completed, Address=0x0014, Data=0x3D
2013/07/17 23:37:12:708 [007096] TRACE [Prb.cpp, 584] - Reading CC1020, Address=0x0043
2013/07/17 23:37:12:708 [007096] TRACE [Prb.cpp, 1035] - ReadCC1020Packet(0x43):01 00 0C 3C 84 00 02 00 43 90 BE 0D 
2013/07/17 23:37:12:708 [002328] TRACE [Prb.cpp, 835] - RxStream contents:01 00 0C 01 06 3C 00 01 00 43 DA 0D 
2013/07/17 23:37:12:709 [002328] TRACE [Prb.cpp, 943] - RadioBoardPacket(ACK):01 00 0C 01 06 3C 00 01 00 43 DA 0D 
2013/07/17 23:37:12:710 [007096] DEBUG [Prb.cpp, 603] - Read CC1020 completed, Address=0x0043, Data=0x00
2013/07/17 23:37:12:710 [007096] DEBUG [ComSysDiagnostics.cpp, 63] - CC1020 [Scan complete] FREQ_2A: 0x35 FREQ_1A: 0xf0 FREQ_0A: 0x21
2013/07/17 23:37:12:711 [007096] DEBUG [ComSysDiagnostics.cpp, 67] - CC1020 [Scan complete] FREQ_2B: 0x35 FREQ_1B: 0xfa FREQ_0B: 0xcb
2013/07/17 23:37:12:712 [007096] DEBUG [ComSysDiagnostics.cpp, 72] - CC1020 [Scan complete] AFC_CONTROL: 0xdf FILTER: 0x80 VGA3: 0x33 VGA4: 0x3d AFC: 0x00
2013/07/17 23:37:12:712 [007096] INFO [CommunicationSystemStates.cpp, 173] - Found 1 valid ids during the scan operation.
2013/07/17 23:37:12:714 [007096] INFO [CommunicationSystemStates.cpp, 190] - Id: 0x801c0094.
2013/07/17 23:37:12:716 [007096] INFO [CommunicationSystemStates.cpp, 198] - Found 0 invalid ids during the scan operation.
2013/07/17 23:37:12:719 [006800] INFO [CommunicationSystemStates.cpp, 130] - Scan requested. Preamble Burst Duration: 2 seconds. Preamble Burst Data Rate: 0.
2013/07/17 23:37:12:720 [006800] TRACE [Prb.cpp, 448] - Writing FPGA, Address=0x1002, Data=0x02
2013/07/17 23:37:12:720 [006800] TRACE [Prb.cpp, 1035] - WriteFPGAPacket(0x1002, 0x02):01 00 0D 3D 81 00 03 10 02 02 A7 3A 0D 
2013/07/17 23:37:12:720 [002328] TRACE [Prb.cpp, 835] - RxStream contents:01 00 0B 02 06 3D 00 00 B3 DD 0D 
2013/07/17 23:37:12:721 [002328] TRACE [Prb.cpp, 943] - RadioBoardPacket(ACK):01 00 0B 02 06 3D 00 00 B3 DD 0D 
2013/07/17 23:37:12:722 [006800] DEBUG [Prb.cpp, 466] - Write FPGA completed, Address=0x1002, Data=0x02
2013/07/17 23:37:12:722 [006800] TRACE [Prb.cpp, 493] - Reading FPGA, Address=0x1004
2013/07/17 23:37:12:723 [006800] TRACE [Prb.cpp, 1035] - ReadFPGAPacket(0x1004):01 00 0C 3E 82 00 02 10 04 00 3C 0D 
2013/07/17 23:37:12:723 [002328] TRACE [Prb.cpp, 835] - RxStream contents:01 00 0C 03 06 3E 00 01 08 1B E9 0D 
2013/07/17 23:37:12:724 [002328] TRACE [Prb.cpp, 943] - RadioBoardPacket(ACK):01 00 0C 03 06 3E 00 01 08 1B E9 0D 
2013/07/17 23:37:12:725 [006800] DEBUG [Prb.cpp, 512] - Read FPGA completed, Address=0x1004, Data=0x08
2013/07/17 23:37:12:725 [006800] TRACE [Prb.cpp, 448] - Writing FPGA, Address=0x1004, Data=0x00
2013/07/17 23:37:12:726 [006800] TRACE [Prb.cpp, 1035] - WriteFPGAPacket(0x1004, 0x00):01 00 0D 3F 81 00 03 10 04 00 B1 16 0D 
2013/07/17 23:37:12:726 [002328] TRACE [Prb.cpp, 835] - RxStream contents:01 00 0B 04 06 3F 00 00 32 E6 0D 
2013/07/17 23:37:12:727 [002328] TRACE [Prb.cpp, 943] - RadioBoardPacket(ACK):01 00 0B 04 06 3F 00 00 32 E6 0D 
2013/07/17 23:37:12:727 [006800] DEBUG [Prb.cpp, 466] - Write FPGA completed, Address=0x1004, Data=0x00
2013/07/17 23:37:12:728 [006800] TRACE [Prb.cpp, 448] - Writing FPGA, Address=0x1008, Data=0x02
2013/07/17 23:37:12:728 [006800] TRACE [Prb.cpp, 1035] - WriteFPGAPacket(0x1008, 0x02):01 00 0D 40 81 00 03 10 08 02 E1 EA 0D 
2013/07/17 23:37:12:728 [002328] TRACE [Prb.cpp, 835] - RxStream contents:01 00 0B 05 06 40 00 00 34 92 0D 
2013/07/17 23:37:12:729 [002328] TRACE [Prb.cpp, 943] - RadioBoardPacket(ACK):01 00 0B 05 06 40 00 00 34 92 0D 
2013/07/17 23:37:12:730 [006800] DEBUG [Prb.cpp, 466] - Write FPGA completed, Address=0x1008, Data=0x02
2013/07/17 23:37:16:838 [007096] INFO [CommunicationSystemStates.cpp, 168] - Scan complete
2013/07/17 23:37:16:838 [007096] TRACE [Prb.cpp, 584] - Reading CC1020, Address=0x0004
2013/07/17 23:37:16:839 [007096] TRACE [Prb.cpp, 1035] - ReadCC1020Packet(0x04):01 00 0C 41 84 00 02 00 04 49 54 0D 
2013/07/17 23:37:16:839 [002328] TRACE [Prb.cpp, 835] - RxStream contents:01 00 0C 07 06 41 00 01 35 F7 75 0D 
2013/07/17 23:37:16:840 [002328] TRACE [Prb.cpp, 943] - RadioBoardPacket(ACK):01 00 0C 07 06 41 00 01 35 F7 75 0D 
2013/07/17 23:37:16:841 [007096] DEBUG [Prb.cpp, 603] - Read CC1020 completed, Address=0x0004, Data=0x35
2013/07/17 23:37:16:842 [007096] TRACE [Prb.cpp, 584] - Reading CC1020, Address=0x0005
2013/07/17 23:37:16:842 [007096] TRACE [Prb.cpp, 1035] - ReadCC1020Packet(0x05):01 00 0C 42 84 00 02 00 05 41 51 0D 
2013/07/17 23:37:16:842 [002328] TRACE [Prb.cpp, 835] - RxStream contents:01 00 0C 08 06 42 00 01 F0 E1 E4 0D 
2013/07/17 23:37:16:843 [002328] TRACE [Prb.cpp, 943] - RadioBoardPacket(ACK):01 00 0C 08 06 42 00 01 F0 E1 E4 0D 
2013/07/17 23:37:16:844 [007096] DEBUG [Prb.cpp, 603] - Read CC1020 completed, Address=0x0005, Data=0xF0
2013/07/17 23:37:16:844 [007096] TRACE [Prb.cpp, 584] - Reading CC1020, Address=0x0006
2013/07/17 23:37:16:845 [007096] TRACE [Prb.cpp, 1035] - ReadCC1020Packet(0x06):01 00 0C 43 84 00 02 00 06 B9 58 0D 
2013/07/17 23:37:16:845 [002328] TRACE [Prb.cpp, 835] - RxStream contents:01 00 0C 09 06 43 00 01 21 8F 02 0D 
2013/07/17 23:37:16:846 [002328] TRACE [Prb.cpp, 943] - RadioBoardPacket(ACK):01 00 0C 09 06 43 00 01 21 8F 02 0D 
2013/07/17 23:37:16:847 [007096] DEBUG [Prb.cpp, 603] - Read CC1020 completed, Address=0x0006, Data=0x21
2013/07/17 23:37:16:847 [007096] TRACE [Prb.cpp, 584] - Reading CC1020, Address=0x0008
2013/07/17 23:37:16:848 [007096] TRACE [Prb.cpp, 1035] - ReadCC1020Packet(0x08):01 00 0C 44 84 00 02 00 08 51 79 0D 
2013/07/17 23:37:16:848 [002328] TRACE [Prb.cpp, 835] - RxStream contents:01 00 0C 0A 06 44 00 01 35 EB 79 0D 
2013/07/17 23:37:16:849 [002328] TRACE [Prb.cpp, 943] - RadioBoardPacket(ACK):01 00 0C 0A 06 44 00 01 35 EB 79 0D 
2013/07/17 23:37:16:850 [007096] DEBUG [Prb.cpp, 603] - Read CC1020 completed, Address=0x0008, Data=0x35
2013/07/17 23:37:16:850 [007096] TRACE [Prb.cpp, 584] - Reading CC1020, Address=0x0009
2013/07/17 23:37:16:851 [007096] TRACE [Prb.cpp, 1035] - ReadCC1020Packet(0x09):01 00 0C 45 84 00 02 00 09 29 7F 0D 
2013/07/17 23:37:16:851 [002328] TRACE [Prb.cpp, 835] - RxStream contents:01 00 0C 0B 06 45 00 01 FA 85 DB 0D 
2013/07/17 23:37:16:852 [002328] TRACE [Prb.cpp, 943] - RadioBoardPacket(ACK):01 00 0C 0B 06 45 00 01 FA 85 DB 0D 
2013/07/17 23:37:16:853 [007096] DEBUG [Prb.cpp, 603] - Read CC1020 completed, Address=0x0009, Data=0xFA
2013/07/17 23:37:16:853 [007096] TRACE [Prb.cpp, 584] - Reading CC1020, Address=0x000A
2013/07/17 23:37:16:854 [007096] TRACE [Prb.cpp, 1035] - ReadCC1020Packet(0x0A):01 00 0C 46 84 00 02 00 0A A1 75 0D 
2013/07/17 23:37:16:854 [002328] TRACE [Prb.cpp, 835] - RxStream contents:01 00 0C 0C 06 46 00 01 CB 51 78 0D 
2013/07/17 23:37:16:855 [002328] TRACE [Prb.cpp, 943] - RadioBoardPacket(ACK):01 00 0C 0C 06 46 00 01 CB 51 78 0D 
2013/07/17 23:37:16:855 [007096] DEBUG [Prb.cpp, 603] - Read CC1020 completed, Address=0x000A, Data=0xCB
2013/07/17 23:37:16:856 [007096] TRACE [Prb.cpp, 584] - Reading CC1020, Address=0x000F
2013/07/17 23:37:16:856 [002328] TRACE [Prb.cpp, 835] - RxStream contents:01 00 0C 0D 06 47 00 01 DF 3D 00 0D 
2013/07/17 23:37:16:856 [007096] TRACE [Prb.cpp, 1035] - ReadCC1020Packet(0x0F):01 00 0C 47 84 00 02 00 0F 59 68 0D 
2013/07/17 23:37:16:857 [002328] TRACE [Prb.cpp, 943] - RadioBoardPacket(ACK):01 00 0C 0D 06 47 00 01 DF 3D 00 0D 
2013/07/17 23:37:16:858 [007096] DEBUG [Prb.cpp, 603] - Read CC1020 completed, Address=0x000F, Data=0xDF
2013/07/17 23:37:16:858 [007096] TRACE [Prb.cpp, 584] - Reading CC1020, Address=0x0010
2013/07/17 23:37:16:859 [007096] TRACE [Prb.cpp, 1035] - ReadCC1020Packet(0x10):01 00 0C 48 84 00 02 00 10 F1 26 0D 
2013/07/17 23:37:16:859 [002328] TRACE [Prb.cpp, 835] - RxStream contents:01 00 0C 0E 06 48 00 01 80 78 C2 0D 
2013/07/17 23:37:16:860 [002328] TRACE [Prb.cpp, 943] - RadioBoardPacket(ACK):01 00 0C 0E 06 48 00 01 80 78 C2 0D 
2013/07/17 23:37:16:860 [007096] DEBUG [Prb.cpp, 603] - Read CC1020 completed, Address=0x0010, Data=0x80
2013/07/17 23:37:16:861 [007096] TRACE [Prb.cpp, 584] - Reading CC1020, Address=0x0013
2013/07/17 23:37:16:861 [007096] TRACE [Prb.cpp, 1035] - ReadCC1020Packet(0x13):01 00 0C 49 84 00 02 00 13 09 2F 0D 
2013/07/17 23:37:16:861 [002328] TRACE [Prb.cpp, 835] - RxStream contents:01 00 0C 0F 06 49 00 01 33 97 6B 0D 
2013/07/17 23:37:16:862 [002328] TRACE [Prb.cpp, 943] - RadioBoardPacket(ACK):01 00 0C 0F 06 49 00 01 33 97 6B 0D 
2013/07/17 23:37:16:863 [007096] DEBUG [Prb.cpp, 603] - Read CC1020 completed, Address=0x0013, Data=0x33
2013/07/17 23:37:16:863 [007096] TRACE [Prb.cpp, 584] - Reading CC1020, Address=0x0014
2013/07/17 23:37:16:864 [007096] TRACE [Prb.cpp, 1035] - ReadCC1020Packet(0x14):01 00 0C 4A 84 00 02 00 14 01 3E 0D 
2013/07/17 23:37:16:864 [002328] TRACE [Prb.cpp, 835] - RxStream contents:01 00 0C 10 06 4A 00 01 3D 83 51 0D 
2013/07/17 23:37:16:865 [002328] TRACE [Prb.cpp, 943] - RadioBoardPacket(ACK):01 00 0C 10 06 4A 00 01 3D 83 51 0D 
2013/07/17 23:37:16:865 [007096] DEBUG [Prb.cpp, 603] - Read CC1020 completed, Address=0x0014, Data=0x3D
2013/07/17 23:37:16:866 [007096] TRACE [Prb.cpp, 584] - Reading CC1020, Address=0x0043
2013/07/17 23:37:16:866 [007096] TRACE [Prb.cpp, 1035] - ReadCC1020Packet(0x43):01 00 0C 4B 84 00 02 00 43 78 CC 0D 
2013/07/17 23:37:16:866 [002328] TRACE [Prb.cpp, 835] - RxStream contents:01 00 0C 11 06 4B 00 01 00 6F DC 0D 
2013/07/17 23:37:16:867 [002328] TRACE [Prb.cpp, 943] - RadioBoardPacket(ACK):01 00 0C 11 06 4B 00 01 00 6F DC 0D 
2013/07/17 23:37:16:868 [007096] DEBUG [Prb.cpp, 603] - Read CC1020 completed, Address=0x0043, Data=0x00
2013/07/17 23:37:16:868 [007096] DEBUG [ComSysDiagnostics.cpp, 63] - CC1020 [Scan complete] FREQ_2A: 0x35 FREQ_1A: 0xf0 FREQ_0A: 0x21
2013/07/17 23:37:16:869 [007096] DEBUG [ComSysDiagnostics.cpp, 67] - CC1020 [Scan complete] FREQ_2B: 0x35 FREQ_1B: 0xfa FREQ_0B: 0xcb
2013/07/17 23:37:16:869 [007096] DEBUG [ComSysDiagnostics.cpp, 72] - CC1020 [Scan complete] AFC_CONTROL: 0xdf FILTER: 0x80 VGA3: 0x33 VGA4: 0x3d AFC: 0x00
2013/07/17 23:37:16:870 [007096] INFO [CommunicationSystemStates.cpp, 173] - Found 1 valid ids during the scan operation.
2013/07/17 23:37:16:870 [007096] INFO [CommunicationSystemStates.cpp, 190] - Id: 0x801c0094.
2013/07/17 23:37:16:871 [007096] INFO [CommunicationSystemStates.cpp, 198] - Found 0 invalid ids during the scan operation.
2013/07/17 23:37:16:885 [006664] TRACE [Prb.cpp, 493] - Reading FPGA, Address=0x1004
2013/07/17 23:37:16:886 [006664] TRACE [Prb.cpp, 1035] - ReadFPGAPacket(0x1004):01 00 0C 4C 82 00 02 10 04 F0 4B 0D 
2013/07/17 23:37:16:886 [002328] TRACE [Prb.cpp, 835] - RxStream contents:01 00 0C 12 06 4C 00 01 00 0B DF 0D 
2013/07/17 23:37:16:887 [002328] TRACE [Prb.cpp, 943] - RadioBoardPacket(ACK):01 00 0C 12 06 4C 00 01 00 0B DF 0D 
2013/07/17 23:37:16:887 [006664] DEBUG [Prb.cpp, 512] - Read FPGA completed, Address=0x1004, Data=0x00
2013/07/17 23:37:16:888 [006664] TRACE [Prb.cpp, 448] - Writing FPGA, Address=0x1004, Data=0x00
2013/07/17 23:37:16:889 [006664] TRACE [Prb.cpp, 1035] - WriteFPGAPacket(0x1004, 0x00):01 00 0D 4D 81 00 03 10 04 00 C4 36 0D 
2013/07/17 23:37:16:889 [002328] TRACE [Prb.cpp, 835] - RxStream contents:01 00 0B 13 06 4D 00 00 32 E6 0D 
2013/07/17 23:37:16:890 [002328] TRACE [Prb.cpp, 943] - RadioBoardPacket(ACK):01 00 0B 13 06 4D 00 00 32 E6 0D 
2013/07/17 23:37:16:890 [006664] DEBUG [Prb.cpp, 466] - Write FPGA completed, Address=0x1004, Data=0x00
2013/07/17 23:37:16:891 [006800] INFO [CrossTalkDetectorStates.cpp, 98] - LinkTimeout = 4523 ms
2013/07/17 23:37:16:892 [006800] INFO [CrossTalkDetector.cpp, 68] - CrossTalkDetector state changing from IdleState to LinkingState
2013/07/17 23:37:16:894 [006800] INFO [CommunicationSystemStates.cpp, 147] - Link requested. Id: 0x801c0094. Preamble Burst Duration: 2 seconds. Preamble Burst Data Rate: 0.
2013/07/17 23:37:16:895 [006800] DEBUG [ComSysDiagnostics.cpp, 95] - Resetting FPGA Frame Error Counter
2013/07/17 23:37:16:895 [006800] TRACE [Prb.cpp, 448] - Writing FPGA, Address=0x301C, Data=0x00
2013/07/17 23:37:16:896 [006800] TRACE [Prb.cpp, 1035] - WriteFPGAPacket(0x301C, 0x00):01 00 0D 4E 81 00 03 30 1C 00 15 85 0D 
2013/07/17 23:37:16:896 [002328] TRACE [Prb.cpp, 835] - RxStream contents:01 00 0B 14 06 4E 00 00 B3 B1 0D 
2013/07/17 23:37:16:897 [002328] TRACE [Prb.cpp, 943] - RadioBoardPacket(ACK):01 00 0B 14 06 4E 00 00 B3 B1 0D 
2013/07/17 23:37:16:898 [006800] DEBUG [Prb.cpp, 466] - Write FPGA completed, Address=0x301C, Data=0x00
2013/07/17 23:37:16:898 [006800] TRACE [Prb.cpp, 448] - Writing FPGA, Address=0x2000, Data=0x80
2013/07/17 23:37:16:899 [006800] TRACE [Prb.cpp, 1035] - WriteFPGAPacket(0x2000, 0x80):01 00 0D 4F 81 00 03 20 00 80 5E D5 0D 
2013/07/17 23:37:16:899 [002328] TRACE [Prb.cpp, 835] - RxStream contents:01 00 0B 15 06 4F 00 00 B3 DD 0D 
2013/07/17 23:37:16:900 [002328] TRACE [Prb.cpp, 943] - RadioBoardPacket(ACK):01 00 0B 15 06 4F 00 00 B3 DD 0D 
2013/07/17 23:37:16:901 [006800] DEBUG [Prb.cpp, 466] - Write FPGA completed, Address=0x2000, Data=0x80
2013/07/17 23:37:16:901 [006800] TRACE [Prb.cpp, 448] - Writing FPGA, Address=0x2002, Data=0x1C
2013/07/17 23:37:16:902 [006800] TRACE [Prb.cpp, 1035] - WriteFPGAPacket(0x2002, 0x1C):01 00 0D 50 81 00 03 20 02 1C 4F 6D 0D 
2013/07/17 23:37:16:902 [002328] TRACE [Prb.cpp, 835] - RxStream contents:01 00 0B 16 06 50 00 00 32 DA 0D 
2013/07/17 23:37:16:903 [002328] TRACE [Prb.cpp, 943] - RadioBoardPacket(ACK):01 00 0B 16 06 50 00 00 32 DA 0D 
2013/07/17 23:37:16:904 [006800] DEBUG [Prb.cpp, 466] - Write FPGA completed, Address=0x2002, Data=0x1C
2013/07/17 23:37:16:904 [006800] TRACE [Prb.cpp, 448] - Writing FPGA, Address=0x2004, Data=0x00
2013/07/17 23:37:16:905 [006800] TRACE [Prb.cpp, 1035] - WriteFPGAPacket(0x2004, 0x00):01 00 0D 51 81 00 03 20 04 00 5A 35 0D 
2013/07/17 23:37:16:905 [002328] TRACE [Prb.cpp, 835] - RxStream contents:01 00 0B 17 06 51 00 00 32 B6 0D 
2013/07/17 23:37:16:906 [002328] TRACE [Prb.cpp, 943] - RadioBoardPacket(ACK):01 00 0B 17 06 51 00 00 32 B6 0D 
2013/07/17 23:37:16:906 [006800] DEBUG [Prb.cpp, 466] - Write FPGA completed, Address=0x2004, Data=0x00
2013/07/17 23:37:16:907 [006800] TRACE [Prb.cpp, 448] - Writing FPGA, Address=0x2006, Data=0x94
2013/07/17 23:37:16:907 [006800] TRACE [Prb.cpp, 1035] - WriteFPGAPacket(0x2006, 0x94):01 00 0D 52 81 00 03 20 06 94 56 7D 0D 
2013/07/17 23:37:16:907 [002328] TRACE [Prb.cpp, 835] - RxStream contents:01 00 0B 18 06 52 00 00 30 22 0D 
2013/07/17 23:37:16:908 [002328] TRACE [Prb.cpp, 943] - RadioBoardPacket(ACK):01 00 0B 18 06 52 00 00 30 22 0D 
2013/07/17 23:37:16:909 [006800] DEBUG [Prb.cpp, 466] - Write FPGA completed, Address=0x2006, Data=0x94
2013/07/17 23:37:16:909 [006800] TRACE [Prb.cpp, 448] - Writing FPGA, Address=0x1002, Data=0x02
2013/07/17 23:37:16:910 [006800] TRACE [Prb.cpp, 1035] - WriteFPGAPacket(0x1002, 0x02):01 00 0D 53 81 00 03 10 02 02 4F D9 0D 
2013/07/17 23:37:16:910 [002328] TRACE [Prb.cpp, 835] - RxStream contents:01 00 0B 19 06 53 00 00 30 4E 0D 
2013/07/17 23:37:16:911 [002328] TRACE [Prb.cpp, 943] - RadioBoardPacket(ACK):01 00 0B 19 06 53 00 00 30 4E 0D 
2013/07/17 23:37:16:911 [006800] DEBUG [Prb.cpp, 466] - Write FPGA completed, Address=0x1002, Data=0x02
2013/07/17 23:37:16:912 [006800] TRACE [Prb.cpp, 493] - Reading FPGA, Address=0x1004
2013/07/17 23:37:16:912 [006800] TRACE [Prb.cpp, 1035] - ReadFPGAPacket(0x1004):01 00 0C 54 82 00 02 10 04 30 50 0D 
2013/07/17 23:37:16:912 [002328] TRACE [Prb.cpp, 835] - RxStream contents:01 00 0C 1A 06 54 00 01 00 2B D3 0D 
2013/07/17 23:37:16:913 [002328] TRACE [Prb.cpp, 943] - RadioBoardPacket(ACK):01 00 0C 1A 06 54 00 01 00 2B D3 0D 
2013/07/17 23:37:16:914 [006800] DEBUG [Prb.cpp, 512] - Read FPGA completed, Address=0x1004, Data=0x00
2013/07/17 23:37:16:914 [006800] TRACE [Prb.cpp, 448] - Writing FPGA, Address=0x1004, Data=0x00
2013/07/17 23:37:16:915 [006800] TRACE [Prb.cpp, 1035] - WriteFPGAPacket(0x1004, 0x00):01 00 0D 55 81 00 03 10 04 00 DD B6 0D 
2013/07/17 23:37:16:915 [002328] TRACE [Prb.cpp, 835] - RxStream contents:01 00 0B 1B 06 55 00 00 B0 C5 0D 
2013/07/17 23:37:16:916 [002328] TRACE [Prb.cpp, 943] - RadioBoardPacket(ACK):01 00 0B 1B 06 55 00 00 B0 C5 0D 
2013/07/17 23:37:16:916 [006800] DEBUG [Prb.cpp, 466] - Write FPGA completed, Address=0x1004, Data=0x00
2013/07/17 23:37:16:917 [006800] TRACE [Prb.cpp, 448] - Writing FPGA, Address=0x1008, Data=0x04
2013/07/17 23:37:16:917 [006800] TRACE [Prb.cpp, 1035] - WriteFPGAPacket(0x1008, 0x04):01 00 0D 56 81 00 03 10 08 04 76 9D 0D 
2013/07/17 23:37:16:917 [002328] TRACE [Prb.cpp, 835] - RxStream contents:01 00 0B 1C 06 56 00 00 31 92 0D 
2013/07/17 23:37:16:918 [002328] TRACE [Prb.cpp, 943] - RadioBoardPacket(ACK):01 00 0B 1C 06 56 00 00 31 92 0D 
2013/07/17 23:37:16:919 [006800] DEBUG [Prb.cpp, 466] - Write FPGA completed, Address=0x1008, Data=0x04
2013/07/17 23:37:20:032 [007096] INFO [CrossTalkDetectorStates.cpp, 174] - Invalid frame while linking
2013/07/17 23:37:20:033 [007096] TRACE [Prb.cpp, 493] - Reading FPGA, Address=0x3018
2013/07/17 23:37:20:034 [007096] TRACE [Prb.cpp, 1035] - ReadFPGAPacket(0x3018):01 00 0C 57 82 00 02 30 18 78 18 0D 
2013/07/17 23:37:20:034 [002328] TRACE [Prb.cpp, 835] - RxStream contents:01 00 0C 1E 06 57 00 01 3C F7 5D 0D 
2013/07/17 23:37:20:035 [002328] TRACE [Prb.cpp, 943] - RadioBoardPacket(ACK):01 00 0C 1E 06 57 00 01 3C F7 5D 0D 
2013/07/17 23:37:20:036 [007096] DEBUG [Prb.cpp, 512] - Read FPGA completed, Address=0x3018, Data=0x3C
2013/07/17 23:37:20:036 [007096] TRACE [Prb.cpp, 493] - Reading FPGA, Address=0x301A
2013/07/17 23:37:20:037 [007096] TRACE [Prb.cpp, 1035] - ReadFPGAPacket(0x301A):01 00 0C 58 82 00 02 30 1A D0 18 0D 
2013/07/17 23:37:20:037 [002328] TRACE [Prb.cpp, 835] - RxStream contents:01 00 0C 1F 06 58 00 01 00 C3 D6 0D 
2013/07/17 23:37:20:038 [002328] TRACE [Prb.cpp, 943] - RadioBoardPacket(ACK):01 00 0C 1F 06 58 00 01 00 C3 D6 0D 
2013/07/17 23:37:20:039 [007096] DEBUG [Prb.cpp, 512] - Read FPGA completed, Address=0x301A, Data=0x00
2013/07/17 23:37:20:039 [007096] TRACE [Prb.cpp, 493] - Reading FPGA, Address=0x3070
2013/07/17 23:37:20:040 [007096] TRACE [Prb.cpp, 1035] - ReadFPGAPacket(0x3070):01 00 0C 59 82 00 02 30 70 29 67 0D 
2013/07/17 23:37:20:040 [002328] TRACE [Prb.cpp, 835] - RxStream contents:01 00 0C 20 06 59 00 01 FF 7D EB 0D 
2013/07/17 23:37:20:041 [002328] TRACE [Prb.cpp, 943] - RadioBoardPacket(ACK):01 00 0C 20 06 59 00 01 FF 7D EB 0D 
2013/07/17 23:37:20:042 [007096] DEBUG [Prb.cpp, 512] - Read FPGA completed, Address=0x3070, Data=0xFF
2013/07/17 23:37:20:043 [007096] DEBUG [ComSysDiagnostics.cpp, 31] - FPGA RSSI/AFC [Linking(invalid frame)] linkedRSSI:60 linkedAFC:0 AFC:255
2013/07/17 23:37:20:048 [007096] TRACE [Prb.cpp, 493] - Reading FPGA, Address=0x3018
2013/07/17 23:37:20:049 [007096] TRACE [Prb.cpp, 1035] - ReadFPGAPacket(0x3018):01 00 0C 5A 82 00 02 30 18 20 14 0D 
2013/07/17 23:37:20:049 [002328] TRACE [Prb.cpp, 835] - RxStream contents:01 00 0C 22 06 5A 00 01 3F 33 68 0D 
2013/07/17 23:37:20:050 [002328] TRACE [Prb.cpp, 943] - RadioBoardPacket(ACK):01 00 0C 22 06 5A 00 01 3F 33 68 0D 
2013/07/17 23:37:20:051 [007096] DEBUG [Prb.cpp, 512] - Read FPGA completed, Address=0x3018, Data=0x3F
2013/07/17 23:37:20:051 [007096] TRACE [Prb.cpp, 493] - Reading FPGA, Address=0x301A
2013/07/17 23:37:20:052 [007096] TRACE [Prb.cpp, 1035] - ReadFPGAPacket(0x301A):01 00 0C 5B 82 00 02 30 1A 58 18 0D 
2013/07/17 23:37:20:052 [002328] TRACE [Prb.cpp, 835] - RxStream contents:01 00 0C 23 06 5B 00 01 00 5F EA 0D 
2013/07/17 23:37:20:053 [002328] TRACE [Prb.cpp, 943] - RadioBoardPacket(ACK):01 00 0C 23 06 5B 00 01 00 5F EA 0D 
2013/07/17 23:37:20:054 [007096] DEBUG [Prb.cpp, 512] - Read FPGA completed, Address=0x301A, Data=0x00
2013/07/17 23:37:20:054 [007096] TRACE [Prb.cpp, 493] - Reading FPGA, Address=0x3070
2013/07/17 23:37:20:055 [007096] TRACE [Prb.cpp, 1035] - ReadFPGAPacket(0x3070):01 00 0C 5C 82 00 02 30 70 31 62 0D 
2013/07/17 23:37:20:055 [002328] TRACE [Prb.cpp, 835] - RxStream contents:01 00 0C 24 06 5C 00 01 FF D9 ED 0D 
2013/07/17 23:37:20:056 [002328] TRACE [Prb.cpp, 943] - RadioBoardPacket(ACK):01 00 0C 24 06 5C 00 01 FF D9 ED 0D 
2013/07/17 23:37:20:056 [007096] DEBUG [Prb.cpp, 512] - Read FPGA completed, Address=0x3070, Data=0xFF
2013/07/17 23:37:20:057 [007096] DEBUG [ComSysDiagnostics.cpp, 31] - FPGA RSSI/AFC [Linking(valid frame)] linkedRSSI:63 linkedAFC:0 AFC:255
2013/07/17 23:37:20:062 [007096] TRACE [Prb.cpp, 493] - Reading FPGA, Address=0x3018
2013/07/17 23:37:20:062 [007096] TRACE [Prb.cpp, 1035] - ReadFPGAPacket(0x3018):01 00 0C 5D 82 00 02 30 18 48 12 0D 
2013/07/17 23:37:20:062 [002328] TRACE [Prb.cpp, 835] - RxStream contents:01 00 0C 26 06 5D 00 01 3F 3F 6D 0D 
2013/07/17 23:37:20:063 [002328] TRACE [Prb.cpp, 943] - RadioBoardPacket(ACK):01 00 0C 26 06 5D 00 01 3F 3F 6D 0D 
2013/07/17 23:37:20:064 [007096] DEBUG [Prb.cpp, 512] - Read FPGA completed, Address=0x3018, Data=0x3F
2013/07/17 23:37:20:064 [007096] TRACE [Prb.cpp, 493] - Reading FPGA, Address=0x301A
2013/07/17 23:37:20:065 [002328] TRACE [Prb.cpp, 835] - RxStream contents:01 00 0C 27 06 5E 00 01 01 7B E9 0D 
2013/07/17 23:37:20:065 [002328] TRACE [Prb.cpp, 943] - RadioBoardPacket(ACK):01 00 0C 27 06 5E 00 01 01 7B E9 0D 
2013/07/17 23:37:20:065 [007096] TRACE [Prb.cpp, 1035] - ReadFPGAPacket(0x301A):01 00 0C 5E 82 00 02 30 1A 40 1D 0D 
2013/07/17 23:37:20:066 [007096] DEBUG [Prb.cpp, 512] - Read FPGA completed, Address=0x301A, Data=0x01
2013/07/17 23:37:20:067 [007096] TRACE [Prb.cpp, 493] - Reading FPGA, Address=0x3070
2013/07/17 23:37:20:067 [007096] TRACE [Prb.cpp, 1035] - ReadFPGAPacket(0x3070):01 00 0C 5F 82 00 02 30 70 B9 62 0D 
2013/07/17 23:37:20:067 [002328] TRACE [Prb.cpp, 835] - RxStream contents:01 00 0C 28 06 5F 00 01 FF 45 E2 0D 
2013/07/17 23:37:20:068 [002328] TRACE [Prb.cpp, 943] - RadioBoardPacket(ACK):01 00 0C 28 06 5F 00 01 FF 45 E2 0D 
2013/07/17 23:37:20:069 [007096] DEBUG [Prb.cpp, 512] - Read FPGA completed, Address=0x3070, Data=0xFF
2013/07/17 23:37:20:069 [007096] DEBUG [ComSysDiagnostics.cpp, 31] - FPGA RSSI/AFC [Linking(valid frame)] linkedRSSI:63 linkedAFC:1 AFC:255
2013/07/17 23:37:20:080 [007096] TRACE [Prb.cpp, 493] - Reading FPGA, Address=0x3018
2013/07/17 23:37:20:080 [007096] TRACE [Prb.cpp, 1035] - ReadFPGAPacket(0x3018):01 00 0C 60 82 00 02 30 18 10 2D 0D 
2013/07/17 23:37:20:080 [002328] TRACE [Prb.cpp, 835] - RxStream contents:01 00 0C 2A 06 60 00 01 3C 3B 61 0D 
2013/07/17 23:37:20:081 [002328] TRACE [Prb.cpp, 943] - RadioBoardPacket(ACK):01 00 0C 2A 06 60 00 01 3C 3B 61 0D 
2013/07/17 23:37:20:082 [007096] DEBUG [Prb.cpp, 512] - Read FPGA completed, Address=0x3018, Data=0x3C
2013/07/17 23:37:20:083 [007096] TRACE [Prb.cpp, 493] - Reading FPGA, Address=0x301A
2013/07/17 23:37:20:083 [007096] TRACE [Prb.cpp, 1035] - ReadFPGAPacket(0x301A):01 00 0C 61 82 00 02 30 1A 68 21 0D 
2013/07/17 23:37:20:083 [002328] TRACE [Prb.cpp, 835] - RxStream contents:01 00 0C 2B 06 61 00 01 01 D7 EC 0D 
2013/07/17 23:37:20:084 [002328] TRACE [Prb.cpp, 943] - RadioBoardPacket(ACK):01 00 0C 2B 06 61 00 01 01 D7 EC 0D 
2013/07/17 23:37:20:085 [007096] DEBUG [Prb.cpp, 512] - Read FPGA completed, Address=0x301A, Data=0x01
2013/07/17 23:37:20:086 [007096] TRACE [Prb.cpp, 493] - Reading FPGA, Address=0x3070
2013/07/17 23:37:20:086 [007096] TRACE [Prb.cpp, 1035] - ReadFPGAPacket(0x3070):01 00 0C 62 82 00 02 30 70 E1 5D 0D 
2013/07/17 23:37:20:086 [002328] TRACE [Prb.cpp, 835] - RxStream contents:01 00 0C 2C 06 62 00 01 00 03 EF 0D 
2013/07/17 23:37:20:087 [002328] TRACE [Prb.cpp, 943] - RadioBoardPacket(ACK):01 00 0C 2C 06 62 00 01 00 03 EF 0D 
2013/07/17 23:37:20:088 [007096] DEBUG [Prb.cpp, 512] - Read FPGA completed, Address=0x3070, Data=0x00
2013/07/17 23:37:20:088 [007096] DEBUG [ComSysDiagnostics.cpp, 31] - FPGA RSSI/AFC [Linking(valid frame)] linkedRSSI:60 linkedAFC:1 AFC:0
2013/07/17 23:37:20:094 [007096] TRACE [Prb.cpp, 493] - Reading FPGA, Address=0x3018
2013/07/17 23:37:20:094 [007096] TRACE [Prb.cpp, 1035] - ReadFPGAPacket(0x3018):01 00 0C 63 82 00 02 30 18 98 2D 0D 
2013/07/17 23:37:20:095 [002328] TRACE [Prb.cpp, 835] - RxStream contents:01 00 0C 2E 06 63 00 01 3B 67 76 0D 
2013/07/17 23:37:20:096 [002328] TRACE [Prb.cpp, 943] - RadioBoardPacket(ACK):01 00 0C 2E 06 63 00 01 3B 67 76 0D 
2013/07/17 23:37:20:096 [007096] DEBUG [Prb.cpp, 512] - Read FPGA completed, Address=0x3018, Data=0x3B
2013/07/17 23:37:20:097 [007096] TRACE [Prb.cpp, 493] - Reading FPGA, Address=0x301A
2013/07/17 23:37:20:097 [007096] TRACE [Prb.cpp, 1035] - ReadFPGAPacket(0x301A):01 00 0C 64 82 00 02 30 1A 70 24 0D 
2013/07/17 23:37:20:097 [002328] TRACE [Prb.cpp, 835] - RxStream contents:01 00 0C 2F 06 64 00 01 01 73 EA 0D 
2013/07/17 23:37:20:099 [002328] TRACE [Prb.cpp, 943] - RadioBoardPacket(ACK):01 00 0C 2F 06 64 00 01 01 73 EA 0D 
2013/07/17 23:37:20:099 [007096] DEBUG [Prb.cpp, 512] - Read FPGA completed, Address=0x301A, Data=0x01
2013/07/17 23:37:20:100 [007096] TRACE [Prb.cpp, 493] - Reading FPGA, Address=0x3070
2013/07/17 23:37:20:100 [007096] TRACE [Prb.cpp, 1035] - ReadFPGAPacket(0x3070):01 00 0C 65 82 00 02 30 70 89 5B 0D 
2013/07/17 23:37:20:100 [002328] TRACE [Prb.cpp, 835] - RxStream contents:01 00 0C 30 06 65 00 01 00 CF F1 0D 
2013/07/17 23:37:20:102 [002328] TRACE [Prb.cpp, 943] - RadioBoardPacket(ACK):01 00 0C 30 06 65 00 01 00 CF F1 0D 
2013/07/17 23:37:20:102 [007096] DEBUG [Prb.cpp, 512] - Read FPGA completed, Address=0x3070, Data=0x00
2013/07/17 23:37:20:103 [007096] DEBUG [ComSysDiagnostics.cpp, 31] - FPGA RSSI/AFC [Linking(valid frame)] linkedRSSI:59 linkedAFC:1 AFC:0
2013/07/17 23:37:20:113 [007096] TRACE [Prb.cpp, 493] - Reading FPGA, Address=0x3018
2013/07/17 23:37:20:113 [007096] TRACE [Prb.cpp, 1035] - ReadFPGAPacket(0x3018):01 00 0C 66 82 00 02 30 18 80 28 0D 
2013/07/17 23:37:20:113 [002328] TRACE [Prb.cpp, 835] - RxStream contents:01 00 0C 32 06 66 00 01 3C 83 7A 0D 
2013/07/17 23:37:20:114 [002328] TRACE [Prb.cpp, 943] - RadioBoardPacket(ACK):01 00 0C 32 06 66 00 01 3C 83 7A 0D 
2013/07/17 23:37:20:115 [007096] DEBUG [Prb.cpp, 512] - Read FPGA completed, Address=0x3018, Data=0x3C
2013/07/17 23:37:20:115 [007096] TRACE [Prb.cpp, 493] - Reading FPGA, Address=0x301A
2013/07/17 23:37:20:116 [007096] TRACE [Prb.cpp, 1035] - ReadFPGAPacket(0x301A):01 00 0C 67 82 00 02 30 1A F8 24 0D 
2013/07/17 23:37:20:116 [002328] TRACE [Prb.cpp, 835] - RxStream contents:01 00 0C 33 06 67 00 01 01 6F F7 0D 
2013/07/17 23:37:20:117 [002328] TRACE [Prb.cpp, 943] - RadioBoardPacket(ACK):01 00 0C 33 06 67 00 01 01 6F F7 0D 
2013/07/17 23:37:20:118 [007096] DEBUG [Prb.cpp, 512] - Read FPGA completed, Address=0x301A, Data=0x01
2013/07/17 23:37:20:118 [007096] TRACE [Prb.cpp, 493] - Reading FPGA, Address=0x3070
2013/07/17 23:37:20:119 [007096] TRACE [Prb.cpp, 1035] - ReadFPGAPacket(0x3070):01 00 0C 68 82 00 02 30 70 D1 57 0D 
2013/07/17 23:37:20:119 [002328] TRACE [Prb.cpp, 835] - RxStream contents:01 00 0C 34 06 68 00 01 00 4B F4 0D 
2013/07/17 23:37:20:120 [002328] TRACE [Prb.cpp, 943] - RadioBoardPacket(ACK):01 00 0C 34 06 68 00 01 00 4B F4 0D 
2013/07/17 23:37:20:120 [007096] DEBUG [Prb.cpp, 512] - Read FPGA completed, Address=0x3070, Data=0x00
2013/07/17 23:37:20:121 [007096] DEBUG [ComSysDiagnostics.cpp, 31] - FPGA RSSI/AFC [Linking(valid frame)] linkedRSSI:60 linkedAFC:1 AFC:0
2013/07/17 23:37:20:126 [007096] TRACE [Prb.cpp, 493] - Reading FPGA, Address=0x3018
2013/07/17 23:37:20:126 [007096] TRACE [Prb.cpp, 1035] - ReadFPGAPacket(0x3018):01 00 0C 69 82 00 02 30 18 A8 27 0D 
2013/07/17 23:37:20:127 [002328] TRACE [Prb.cpp, 835] - RxStream contents:01 00 0C 36 06 69 00 01 3B 2F 6D 0D 
2013/07/17 23:37:20:128 [002328] TRACE [Prb.cpp, 943] - RadioBoardPacket(ACK):01 00 0C 36 06 69 00 01 3B 2F 6D 0D 
2013/07/17 23:37:20:128 [007096] DEBUG [Prb.cpp, 512] - Read FPGA completed, Address=0x3018, Data=0x3B
2013/07/17 23:37:20:129 [007096] TRACE [Prb.cpp, 493] - Reading FPGA, Address=0x301A
2013/07/17 23:37:20:130 [007096] TRACE [Prb.cpp, 1035] - ReadFPGAPacket(0x301A):01 00 0C 6A 82 00 02 30 1A A0 28 0D 
2013/07/17 23:37:20:130 [002328] TRACE [Prb.cpp, 835] - RxStream contents:01 00 0C 37 06 6A 00 01 00 6B F7 0D 
2013/07/17 23:37:20:131 [002328] TRACE [Prb.cpp, 943] - RadioBoardPacket(ACK):01 00 0C 37 06 6A 00 01 00 6B F7 0D 
2013/07/17 23:37:20:131 [007096] DEBUG [Prb.cpp, 512] - Read FPGA completed, Address=0x301A, Data=0x00
2013/07/17 23:37:20:132 [007096] TRACE [Prb.cpp, 493] - Reading FPGA, Address=0x3070
2013/07/17 23:37:20:133 [007096] TRACE [Prb.cpp, 1035] - ReadFPGAPacket(0x3070):01 00 0C 6B 82 00 02 30 70 59 57 0D 
2013/07/17 23:37:20:133 [002328] TRACE [Prb.cpp, 835] - RxStream contents:01 00 0C 38 06 6B 00 01 FF D5 F9 0D 
2013/07/17 23:37:20:134 [002328] TRACE [Prb.cpp, 943] - RadioBoardPacket(ACK):01 00 0C 38 06 6B 00 01 FF D5 F9 0D 
2013/07/17 23:37:20:134 [007096] DEBUG [Prb.cpp, 512] - Read FPGA completed, Address=0x3070, Data=0xFF
2013/07/17 23:37:20:135 [007096] DEBUG [ComSysDiagnostics.cpp, 31] - FPGA RSSI/AFC [Linking(valid frame)] linkedRSSI:59 linkedAFC:0 AFC:255
2013/07/17 23:37:20:140 [007096] TRACE [Prb.cpp, 493] - Reading FPGA, Address=0x3018
2013/07/17 23:37:20:140 [007096] TRACE [Prb.cpp, 1035] - ReadFPGAPacket(0x3018):01 00 0C 6C 82 00 02 30 18 B0 22 0D 
2013/07/17 23:37:20:140 [002328] TRACE [Prb.cpp, 835] - RxStream contents:01 00 0C 3A 06 6C 00 01 3C 4B 73 0D 
2013/07/17 23:37:20:141 [002328] TRACE [Prb.cpp, 943] - RadioBoardPacket(ACK):01 00 0C 3A 06 6C 00 01 3C 4B 73 0D 
2013/07/17 23:37:20:142 [007096] DEBUG [Prb.cpp, 512] - Read FPGA completed, Address=0x3018, Data=0x3C
2013/07/17 23:37:20:143 [007096] TRACE [Prb.cpp, 493] - Reading FPGA, Address=0x301A
2013/07/17 23:37:20:143 [007096] TRACE [Prb.cpp, 1035] - ReadFPGAPacket(0x301A):01 00 0C 6D 82 00 02 30 1A C8 2E 0D 
2013/07/17 23:37:20:143 [002328] TRACE [Prb.cpp, 835] - RxStream contents:01 00 0C 3B 06 6D 00 01 00 27 FB 0D 
2013/07/17 23:37:20:144 [002328] TRACE [Prb.cpp, 943] - RadioBoardPacket(ACK):01 00 0C 3B 06 6D 00 01 00 27 FB 0D 
2013/07/17 23:37:20:145 [007096] DEBUG [Prb.cpp, 512] - Read FPGA completed, Address=0x301A, Data=0x00
2013/07/17 23:37:20:146 [007096] TRACE [Prb.cpp, 493] - Reading FPGA, Address=0x3070
2013/07/17 23:37:20:146 [007096] TRACE [Prb.cpp, 1035] - ReadFPGAPacket(0x3070):01 00 0C 6E 82 00 02 30 70 41 52 0D 
2013/07/17 23:37:20:146 [002328] TRACE [Prb.cpp, 835] - RxStream contents:01 00 0C 3C 06 6E 00 01 FF 71 FF 0D 
2013/07/17 23:37:20:148 [002328] TRACE [Prb.cpp, 943] - RadioBoardPacket(ACK):01 00 0C 3C 06 6E 00 01 FF 71 FF 0D 
2013/07/17 23:37:20:148 [007096] DEBUG [Prb.cpp, 512] - Read FPGA completed, Address=0x3070, Data=0xFF
2013/07/17 23:37:20:149 [007096] DEBUG [ComSysDiagnostics.cpp, 31] - FPGA RSSI/AFC [Linking(valid frame)] linkedRSSI:60 linkedAFC:0 AFC:255
2013/07/17 23:37:20:159 [007096] TRACE [Prb.cpp, 493] - Reading FPGA, Address=0x3018
2013/07/17 23:37:20:159 [007096] TRACE [Prb.cpp, 1035] - ReadFPGAPacket(0x3018):01 00 0C 6F 82 00 02 30 18 38 22 0D 
2013/07/17 23:37:20:159 [002328] TRACE [Prb.cpp, 835] - RxStream contents:01 00 0C 3E 06 6F 00 01 3C 97 75 0D 
2013/07/17 23:37:20:160 [002328] TRACE [Prb.cpp, 943] - RadioBoardPacket(ACK):01 00 0C 3E 06 6F 00 01 3C 97 75 0D 
2013/07/17 23:37:20:161 [007096] DEBUG [Prb.cpp, 512] - Read FPGA completed, Address=0x3018, Data=0x3C
2013/07/17 23:37:20:162 [007096] TRACE [Prb.cpp, 493] - Reading FPGA, Address=0x301A
2013/07/17 23:37:20:162 [007096] TRACE [Prb.cpp, 1035] - ReadFPGAPacket(0x301A):01 00 0C 70 82 00 02 30 1A 10 30 0D 
2013/07/17 23:37:20:162 [002328] TRACE [Prb.cpp, 835] - RxStream contents:01 00 0C 3F 06 70 00 01 00 E3 F8 0D 
2013/07/17 23:37:20:163 [002328] TRACE [Prb.cpp, 943] - RadioBoardPacket(ACK):01 00 0C 3F 06 70 00 01 00 E3 F8 0D 
2013/07/17 23:37:20:164 [007096] DEBUG [Prb.cpp, 512] - Read FPGA completed, Address=0x301A, Data=0x00
2013/07/17 23:37:20:164 [007096] TRACE [Prb.cpp, 493] - Reading FPGA, Address=0x3070
2013/07/17 23:37:20:165 [007096] TRACE [Prb.cpp, 1035] - ReadFPGAPacket(0x3070):01 00 0C 71 82 00 02 30 70 E9 4F 0D 
2013/07/17 23:37:20:165 [002328] TRACE [Prb.cpp, 835] - RxStream contents:01 00 0C 40 06 71 00 01 01 5F 85 0D 
2013/07/17 23:37:20:166 [002328] TRACE [Prb.cpp, 943] - RadioBoardPacket(ACK):01 00 0C 40 06 71 00 01 01 5F 85 0D 
2013/07/17 23:37:20:167 [007096] DEBUG [Prb.cpp, 512] - Read FPGA completed, Address=0x3070, Data=0x01
2013/07/17 23:37:20:167 [007096] DEBUG [ComSysDiagnostics.cpp, 31] - FPGA RSSI/AFC [Linking(valid frame)] linkedRSSI:60 linkedAFC:0 AFC:1
2013/07/17 23:37:20:173 [007096] TRACE [Prb.cpp, 584] - Reading CC1020, Address=0x0004
2013/07/17 23:37:20:173 [007096] TRACE [Prb.cpp, 1035] - ReadCC1020Packet(0x04):01 00 0C 72 84 00 02 00 04 C1 67 0D 
2013/07/17 23:37:20:186 [002328] TRACE [Prb.cpp, 943] - RadioBoardPacket(ACK):01 00 0C 42 06 72 00 01 35 93 3D 0D 
2013/07/17 23:37:20:187 [007096] DEBUG [Prb.cpp, 603] - Read CC1020 completed, Address=0x0004, Data=0x35
2013/07/17 23:37:20:188 [007096] TRACE [Prb.cpp, 584] - Reading CC1020, Address=0x0005
2013/07/17 23:37:20:188 [007096] TRACE [Prb.cpp, 1035] - ReadCC1020Packet(0x05):01 00 0C 73 84 00 02 00 05 B9 61 0D 
2013/07/17 23:37:20:202 [002328] TRACE [Prb.cpp, 943] - RadioBoardPacket(ACK):01 00 0C 44 06 73 00 01 EF 15 E4 0D 
2013/07/17 23:37:20:203 [007096] DEBUG [Prb.cpp, 603] - Read CC1020 completed, Address=0x0005, Data=0xEF
2013/07/17 23:37:20:203 [007096] TRACE [Prb.cpp, 584] - Reading CC1020, Address=0x0006
2013/07/17 23:37:20:204 [007096] TRACE [Prb.cpp, 1035] - ReadCC1020Packet(0x06):01 00 0C 74 84 00 02 00 06 D1 6D 0D 
2013/07/17 23:37:20:218 [002328] TRACE [Prb.cpp, 943] - RadioBoardPacket(ACK):01 00 0C 46 06 74 00 01 BD 08 0B 0D 
2013/07/17 23:37:20:218 [007096] DEBUG [Prb.cpp, 603] - Read CC1020 completed, Address=0x0006, Data=0xBD
2013/07/17 23:37:20:219 [007096] TRACE [Prb.cpp, 584] - Reading CC1020, Address=0x0008
2013/07/17 23:37:20:220 [007096] TRACE [Prb.cpp, 1035] - ReadCC1020Packet(0x08):01 00 0C 75 84 00 02 00 08 A9 49 0D 
2013/07/17 23:37:20:233 [002328] TRACE [Prb.cpp, 835] - RxStream contents:01 00 0C 48 06 75 00 01 35 4F 34 0D 
2013/07/17 23:37:20:234 [002328] TRACE [Prb.cpp, 943] - RadioBoardPacket(ACK):01 00 0C 48 06 75 00 01 35 4F 34 0D 
2013/07/17 23:37:20:234 [007096] DEBUG [Prb.cpp, 603] - Read CC1020 completed, Address=0x0008, Data=0x35
2013/07/17 23:37:20:235 [007096] TRACE [Prb.cpp, 584] - Reading CC1020, Address=0x0009
2013/07/17 23:37:20:236 [007096] TRACE [Prb.cpp, 1035] - ReadCC1020Packet(0x09):01 00 0C 76 84 00 02 00 09 A1 4C 0D 
2013/07/17 23:37:20:249 [002328] TRACE [Prb.cpp, 943] - RadioBoardPacket(ACK):01 00 0C 4A 06 76 00 01 FA 01 95 0D 
2013/07/17 23:37:20:250 [007096] DEBUG [Prb.cpp, 603] - Read CC1020 completed, Address=0x0009, Data=0xFA
2013/07/17 23:37:20:250 [007096] TRACE [Prb.cpp, 584] - Reading CC1020, Address=0x000A
2013/07/17 23:37:20:251 [007096] TRACE [Prb.cpp, 1035] - ReadCC1020Packet(0x0A):01 00 0C 77 84 00 02 00 0A 59 45 0D 
2013/07/17 23:37:20:265 [002328] TRACE [Prb.cpp, 943] - RadioBoardPacket(ACK):01 00 0C 4C 06 77 00 01 67 86 DE 0D 
2013/07/17 23:37:20:265 [007096] DEBUG [Prb.cpp, 603] - Read CC1020 completed, Address=0x000A, Data=0x67
2013/07/17 23:37:20:266 [007096] TRACE [Prb.cpp, 584] - Reading CC1020, Address=0x000F
2013/07/17 23:37:20:267 [007096] TRACE [Prb.cpp, 1035] - ReadCC1020Packet(0x0F):01 00 0C 78 84 00 02 00 0F 71 54 0D 
2013/07/17 23:37:20:280 [002328] TRACE [Prb.cpp, 835] - RxStream contents:01 00 0C 4E 06 78 00 01 DF 39 4D 0D 
2013/07/17 23:37:20:281 [002328] TRACE [Prb.cpp, 943] - RadioBoardPacket(ACK):01 00 0C 4E 06 78 00 01 DF 39 4D 0D 
2013/07/17 23:37:20:281 [007096] DEBUG [Prb.cpp, 603] - Read CC1020 completed, Address=0x000F, Data=0xDF
2013/07/17 23:37:20:282 [007096] TRACE [Prb.cpp, 584] - Reading CC1020, Address=0x0010
2013/07/17 23:37:20:282 [007096] TRACE [Prb.cpp, 1035] - ReadCC1020Packet(0x10):01 00 0C 79 84 00 02 00 10 09 16 0D 
2013/07/17 23:37:20:296 [002328] TRACE [Prb.cpp, 943] - RadioBoardPacket(ACK):01 00 0C 50 06 79 00 01 22 7F 5D 0D 
2013/07/17 23:37:20:297 [007096] DEBUG [Prb.cpp, 603] - Read CC1020 completed, Address=0x0010, Data=0x22
2013/07/17 23:37:20:297 [007096] TRACE [Prb.cpp, 584] - Reading CC1020, Address=0x0013
2013/07/17 23:37:20:298 [007096] TRACE [Prb.cpp, 1035] - ReadCC1020Packet(0x13):01 00 0C 7A 84 00 02 00 13 81 1C 0D 
2013/07/17 23:37:20:312 [002328] TRACE [Prb.cpp, 943] - RadioBoardPacket(ACK):01 00 0C 52 06 7A 00 01 2F B3 73 0D 
2013/07/17 23:37:20:312 [007096] DEBUG [Prb.cpp, 603] - Read CC1020 completed, Address=0x0013, Data=0x2F
2013/07/17 23:37:20:313 [007096] TRACE [Prb.cpp, 584] - Reading CC1020, Address=0x0014
2013/07/17 23:37:20:314 [007096] TRACE [Prb.cpp, 1035] - ReadCC1020Packet(0x14):01 00 0C 7B 84 00 02 00 14 F9 0E 0D 
2013/07/17 23:37:20:327 [002328] TRACE [Prb.cpp, 835] - RxStream contents:01 00 0C 54 06 7B 00 01 2F B7 75 0D 
2013/07/17 23:37:20:328 [002328] TRACE [Prb.cpp, 943] - RadioBoardPacket(ACK):01 00 0C 54 06 7B 00 01 2F B7 75 0D 
2013/07/17 23:37:20:328 [007096] DEBUG [Prb.cpp, 603] - Read CC1020 completed, Address=0x0014, Data=0x2F
2013/07/17 23:37:20:329 [007096] TRACE [Prb.cpp, 584] - Reading CC1020, Address=0x0043
2013/07/17 23:37:20:330 [007096] TRACE [Prb.cpp, 1035] - ReadCC1020Packet(0x43):01 00 0C 7C 84 00 02 00 43 10 F9 0D 
2013/07/17 23:37:20:343 [002328] TRACE [Prb.cpp, 943] - RadioBoardPacket(ACK):01 00 0C 56 06 7C 00 01 00 AB 94 0D 
2013/07/17 23:37:20:343 [007096] DEBUG [Prb.cpp, 603] - Read CC1020 completed, Address=0x0043, Data=0x00
2013/07/17 23:37:20:344 [007096] DEBUG [ComSysDiagnostics.cpp, 63] - CC1020 [Link complete] FREQ_2A: 0x35 FREQ_1A: 0xef FREQ_0A: 0xbd
2013/07/17 23:37:20:345 [007096] DEBUG [ComSysDiagnostics.cpp, 67] - CC1020 [Link complete] FREQ_2B: 0x35 FREQ_1B: 0xfa FREQ_0B: 0x67
2013/07/17 23:37:20:345 [007096] DEBUG [ComSysDiagnostics.cpp, 72] - CC1020 [Link complete] AFC_CONTROL: 0xdf FILTER: 0x22 VGA3: 0x2f VGA4: 0x2f AFC: 0x00
2013/07/17 23:37:20:346 [007096] TRACE [Prb.cpp, 493] - Reading FPGA, Address=0x3018
2013/07/17 23:37:20:346 [007096] TRACE [Prb.cpp, 1035] - ReadFPGAPacket(0x3018):01 00 0C 7D 82 00 02 30 18 C8 33 0D 
2013/07/17 23:37:20:346 [002328] TRACE [Prb.cpp, 835] - RxStream contents:01 00 0C 58 06 7D 00 01 3B 6F 02 0D 
2013/07/17 23:37:20:347 [002328] TRACE [Prb.cpp, 943] - RadioBoardPacket(ACK):01 00 0C 58 06 7D 00 01 3B 6F 02 0D 
2013/07/17 23:37:20:348 [007096] DEBUG [Prb.cpp, 512] - Read FPGA completed, Address=0x3018, Data=0x3B
2013/07/17 23:37:20:349 [007096] TRACE [Prb.cpp, 493] - Reading FPGA, Address=0x301A
2013/07/17 23:37:20:349 [007096] TRACE [Prb.cpp, 1035] - ReadFPGAPacket(0x301A):01 00 0C 7E 82 00 02 30 1A C0 3C 0D 
2013/07/17 23:37:20:349 [002328] TRACE [Prb.cpp, 835] - RxStream contents:01 00 0C 59 06 7E 00 01 00 2B 98 0D 
2013/07/17 23:37:20:350 [002328] TRACE [Prb.cpp, 943] - RadioBoardPacket(ACK):01 00 0C 59 06 7E 00 01 00 2B 98 0D 
2013/07/17 23:37:20:351 [007096] DEBUG [Prb.cpp, 512] - Read FPGA completed, Address=0x301A, Data=0x00
2013/07/17 23:37:20:351 [007096] TRACE [Prb.cpp, 493] - Reading FPGA, Address=0x3070
2013/07/17 23:37:20:352 [007096] TRACE [Prb.cpp, 1035] - ReadFPGAPacket(0x3070):01 00 0C 7F 82 00 02 30 70 39 43 0D 
2013/07/17 23:37:20:352 [002328] TRACE [Prb.cpp, 835] - RxStream contents:01 00 0C 5A 06 7F 00 01 FF 35 99 0D 
2013/07/17 23:37:20:353 [002328] TRACE [Prb.cpp, 943] - RadioBoardPacket(ACK):01 00 0C 5A 06 7F 00 01 FF 35 99 0D 
2013/07/17 23:37:20:354 [007096] DEBUG [Prb.cpp, 512] - Read FPGA completed, Address=0x3070, Data=0xFF
2013/07/17 23:37:20:354 [007096] DEBUG [ComSysDiagnostics.cpp, 31] - FPGA RSSI/AFC [Link complete] linkedRSSI:59 linkedAFC:0 AFC:255
2013/07/17 23:37:20:355 [007096] INFO [ComSysDiagnostics.cpp, 79] - Status Counters [Link complete] FrameErrorsInLastSecond:1 EcgErrorsInLastSecond:0 MarkerOrImplantIdErrorsInLastSecond:0 TotalFrameErrors:1 TotalEcgErrors:0 TotalMarkerOrImplantIdErrors:0 TotalSentCommands:0 TotalGoodResponses:0 TotalBadResponses:0 TotalResponseTimeouts:0
2013/07/17 23:37:20:356 [007096] TRACE [Prb.cpp, 493] - Reading FPGA, Address=0x301C
2013/07/17 23:37:20:357 [007096] TRACE [Prb.cpp, 1035] - ReadFPGAPacket(0x301C):01 00 0C 80 82 00 02 30 1C 10 DB 0D 
2013/07/17 23:37:20:357 [002328] TRACE [Prb.cpp, 835] - RxStream contents:01 00 0C 5B 06 80 00 01 01 43 B5 0D 
2013/07/17 23:37:20:358 [002328] TRACE [Prb.cpp, 943] - RadioBoardPacket(ACK):01 00 0C 5B 06 80 00 01 01 43 B5 0D 
2013/07/17 23:37:20:359 [007096] DEBUG [Prb.cpp, 512] - Read FPGA completed, Address=0x301C, Data=0x01
2013/07/17 23:37:20:359 [007096] DEBUG [ComSysDiagnostics.cpp, 89] - FPGA Frame Error Counter [Link complete]:1
2013/07/17 23:37:20:360 [007096] INFO [CrossTalkDetector.cpp, 68] - CrossTalkDetector state changing from LinkingState to LinkedState
2013/07/17 23:37:20:361 [007096] INFO [CommunicationSystemStates.cpp, 221] - Link complete.
2013/07/17 23:37:20:372 [006800] INFO 0x801C0094 [CommunicationSystemStateMachine.cpp, 237] - Command: 0x82. Retries: 3. Timeout: 78 ms.
2013/07/17 23:37:20:376 [006800] INFO 0x801C0094 [CommunicationSystemStateMachine.cpp, 252] - Send Command:82 04 F5 6C 17 08 
2013/07/17 23:37:20:376 [006800] TRACE 0x801C0094 [Prb.cpp, 493] - Reading FPGA, Address=0x3018
2013/07/17 23:37:20:377 [006800] TRACE 0x801C0094 [Prb.cpp, 1035] - ReadFPGAPacket(0x3018):01 00 0C 81 82 00 02 30 18 68 C3 0D 
2013/07/17 23:37:20:377 [002328] TRACE 0x801C0094 [Prb.cpp, 835] - RxStream contents:01 00 0C 5E 06 81 00 01 3B CF 2F 0D 
2013/07/17 23:37:20:378 [002328] TRACE 0x801C0094 [Prb.cpp, 943] - RadioBoardPacket(ACK):01 00 0C 5E 06 81 00 01 3B CF 2F 0D 
2013/07/17 23:37:20:379 [006800] DEBUG 0x801C0094 [Prb.cpp, 512] - Read FPGA completed, Address=0x3018, Data=0x3B
2013/07/17 23:37:20:379 [006800] TRACE 0x801C0094 [Prb.cpp, 493] - Reading FPGA, Address=0x301A
2013/07/17 23:37:20:380 [006800] TRACE 0x801C0094 [Prb.cpp, 1035] - ReadFPGAPacket(0x301A):01 00 0C 82 82 00 02 30 1A 60 CC 0D 
2013/07/17 23:37:20:380 [002328] TRACE 0x801C0094 [Prb.cpp, 835] - RxStream contents:01 00 0C 5F 06 82 00 01 00 8B B5 0D 
2013/07/17 23:37:20:381 [002328] TRACE 0x801C0094 [Prb.cpp, 943] - RadioBoardPacket(ACK):01 00 0C 5F 06 82 00 01 00 8B B5 0D 
2013/07/17 23:37:20:382 [006800] DEBUG 0x801C0094 [Prb.cpp, 512] - Read FPGA completed, Address=0x301A, Data=0x00
2013/07/17 23:37:20:382 [006800] TRACE 0x801C0094 [Prb.cpp, 493] - Reading FPGA, Address=0x3070
2013/07/17 23:37:20:383 [006800] TRACE 0x801C0094 [Prb.cpp, 1035] - ReadFPGAPacket(0x3070):01 00 0C 83 82 00 02 30 70 99 B3 0D 
2013/07/17 23:37:20:383 [002328] TRACE 0x801C0094 [Prb.cpp, 835] - RxStream contents:01 00 0C 60 06 83 00 01 00 37 8A 0D 
2013/07/17 23:37:20:384 [002328] TRACE 0x801C0094 [Prb.cpp, 943] - RadioBoardPacket(ACK):01 00 0C 60 06 83 00 01 00 37 8A 0D 
2013/07/17 23:37:20:385 [006800] DEBUG 0x801C0094 [Prb.cpp, 512] - Read FPGA completed, Address=0x3070, Data=0x00
2013/07/17 23:37:20:385 [006800] DEBUG 0x801C0094 [ComSysDiagnostics.cpp, 31] - FPGA RSSI/AFC [Send Command] linkedRSSI:59 linkedAFC:0 AFC:0
2013/07/17 23:37:20:386 [006800] TRACE 0x801C0094 [Prb.cpp, 383] - Send Command, Command=0x82
2013/07/17 23:37:20:386 [006800] TRACE 0x801C0094 [Prb.cpp, 1035] - WriteTransmitterPacket():01 00 10 84 87 00 06 82 04 F5 6C 17 08 7B B9 0D 
2013/07/17 23:37:20:386 [002328] TRACE 0x801C0094 [Prb.cpp, 835] - RxStream contents:01 00 0B 61 06 84 00 00 2B 22 0D 
2013/07/17 23:37:20:387 [002328] TRACE 0x801C0094 [Prb.cpp, 943] - RadioBoardPacket(ACK):01 00 0B 61 06 84 00 00 2B 22 0D 
2013/07/17 23:37:20:388 [006800] DEBUG 0x801C0094 [Prb.cpp, 402] - Send Command completed, Command=0x82
2013/07/17 23:37:20:435 [007096] INFO 0x801C0094 [CommunicationSystemStateMachine.cpp, 773] - Command Completed:82 B0 E6 9C A3 FE FF 98 
2013/07/17 23:37:20:435 [007096] DEBUG 0x801C0094 [CommunicationSystemStateMachine.cpp, 330] - ... after 15 frames.
2013/07/17 23:37:20:448 [006800] INFO 0x801C0094 [CommunicationSystemStateMachine.cpp, 237] - Command: 0x82. Retries: 3. Timeout: 188 ms.
2013/07/17 23:37:20:448 [006800] INFO 0x801C0094 [CommunicationSystemStateMachine.cpp, 252] - Send Command:92 3F 7F 6A 68 4C 
2013/07/17 23:37:20:449 [006800] TRACE 0x801C0094 [Prb.cpp, 493] - Reading FPGA, Address=0x3018
2013/07/17 23:37:20:450 [006800] TRACE 0x801C0094 [Prb.cpp, 1035] - ReadFPGAPacket(0x3018):01 00 0C 85 82 00 02 30 18 88 C5 0D 
2013/07/17 23:37:20:450 [002328] TRACE 0x801C0094 [Prb.cpp, 835] - RxStream contents:01 00 0C 66 06 85 00 01 3A DF 13 0D 
2013/07/17 23:37:20:451 [002328] TRACE 0x801C0094 [Prb.cpp, 943] - RadioBoardPacket(ACK):01 00 0C 66 06 85 00 01 3A DF 13 0D 
2013/07/17 23:37:20:451 [006800] DEBUG 0x801C0094 [Prb.cpp, 512] - Read FPGA completed, Address=0x3018, Data=0x3A
2013/07/17 23:37:20:452 [006800] TRACE 0x801C0094 [Prb.cpp, 493] - Reading FPGA, Address=0x301A
2013/07/17 23:37:20:452 [006800] TRACE 0x801C0094 [Prb.cpp, 1035] - ReadFPGAPacket(0x301A):01 00 0C 86 82 00 02 30 1A 80 CA 0D 
2013/07/17 23:37:20:452 [002328] TRACE 0x801C0094 [Prb.cpp, 943] - RadioBoardPacket(ACK):01 00 0C 68 06 86 00 01 00 33 83 0D 
2013/07/17 23:37:20:454 [006800] DEBUG 0x801C0094 [Prb.cpp, 512] - Read FPGA completed, Address=0x301A, Data=0x00
2013/07/17 23:37:20:454 [006800] TRACE 0x801C0094 [Prb.cpp, 493] - Reading FPGA, Address=0x3070
2013/07/17 23:37:20:455 [006800] TRACE 0x801C0094 [Prb.cpp, 1035] - ReadFPGAPacket(0x3070):01 00 0C 87 82 00 02 30 70 79 B5 0D 
2013/07/17 23:37:20:455 [002328] TRACE 0x801C0094 [Prb.cpp, 835] - RxStream contents:01 00 0C 69 06 87 00 01 00 5F 83 0D 
2013/07/17 23:37:20:456 [002328] TRACE 0x801C0094 [Prb.cpp, 943] - RadioBoardPacket(ACK):01 00 0C 69 06 87 00 01 00 5F 83 0D 
2013/07/17 23:37:20:456 [006800] DEBUG 0x801C0094 [Prb.cpp, 512] - Read FPGA completed, Address=0x3070, Data=0x00
2013/07/17 23:37:20:457 [006800] DEBUG 0x801C0094 [ComSysDiagnostics.cpp, 31] - FPGA RSSI/AFC [Send Command] linkedRSSI:58 linkedAFC:0 AFC:0
2013/07/17 23:37:20:457 [006800] TRACE 0x801C0094 [Prb.cpp, 383] - Send Command, Command=0x92
2013/07/17 23:37:20:458 [006800] TRACE 0x801C0094 [Prb.cpp, 1035] - WriteTransmitterPacket():01 00 10 88 87 00 06 92 3F 7F 6A 68 4C 7B 46 0D 
2013/07/17 23:37:20:458 [002328] TRACE 0x801C0094 [Prb.cpp, 835] - RxStream contents:01 00 0B 6A 06 88 00 00 A8 99 0D 
2013/07/17 23:37:20:459 [002328] TRACE 0x801C0094 [Prb.cpp, 943] - RadioBoardPacket(ACK):01 00 0B 6A 06 88 00 00 A8 99 0D 
2013/07/17 23:37:20:459 [006800] DEBUG 0x801C0094 [Prb.cpp, 402] - Send Command completed, Command=0x92
2013/07/17 23:37:20:470 [007096] INFO 0x801C0094 [CommunicationSystem.cpp, 360] - Marker:9D 00 40 08 CB 
2013/07/17 23:37:20:611 [007096] INFO 0x801C0094 [CommunicationSystemStateMachine.cpp, 773] - Command Completed:92 EA 4A 0E FE D5 25 ED 29 E4 72 14 3D 6E F4 08 87 A9 30 CC AF 17 30 6D 76 31 88 38 4B B9 7E 4D 81 FF FF 25 57 A5 78 0C B9 A4 35 79 E0 65 6A 97 92 F8 4E 9F 38 51 A4 38 D1 E8 35 3E 77 DC 0E F1 61 48 F8 
2013/07/17 23:37:20:611 [007096] DEBUG 0x801C0094 [CommunicationSystemStateMachine.cpp, 330] - ... after 10 frames.
2013/07/17 23:37:20:612 [007096] INFO 0x801C0094 [CommunicationSystem.cpp, 360] - Marker:81 2C 80 0E 02 
2013/07/17 23:37:20:643 [007096] INFO 0x801C0094 [CommunicationSystem.cpp, 360] - Marker:8C 81 58 0E 37 
2013/07/17 23:37:20:674 [006800] INFO 0x801C0094 [CommunicationSystemStateMachine.cpp, 237] - Command: 0xe4. Retries: 3. Timeout: 500 ms.
2013/07/17 23:37:20:675 [006800] INFO 0x801C0094 [CommunicationSystemStateMachine.cpp, 252] - Send Command:E4 02 58 
2013/07/17 23:37:20:676 [006800] TRACE 0x801C0094 [Prb.cpp, 493] - Reading FPGA, Address=0x3018
2013/07/17 23:37:20:676 [006800] TRACE 0x801C0094 [Prb.cpp, 1035] - ReadFPGAPacket(0x3018):01 00 0C 89 82 00 02 30 18 28 CA 0D 
2013/07/17 23:37:20:676 [002328] TRACE 0x801C0094 [Prb.cpp, 835] - RxStream contents:01 00 0C 79 06 89 00 01 3D 07 1F 0D 
2013/07/17 23:37:20:677 [002328] TRACE 0x801C0094 [Prb.cpp, 943] - RadioBoardPacket(ACK):01 00 0C 79 06 89 00 01 3D 07 1F 0D 
2013/07/17 23:37:20:678 [006800] DEBUG 0x801C0094 [Prb.cpp, 512] - Read FPGA completed, Address=0x3018, Data=0x3D
2013/07/17 23:37:20:678 [006800] TRACE 0x801C0094 [Prb.cpp, 493] - Reading FPGA, Address=0x301A
2013/07/17 23:37:20:679 [006800] TRACE 0x801C0094 [Prb.cpp, 1035] - ReadFPGAPacket(0x301A):01 00 0C 8A 82 00 02 30 1A 20 C5 0D 
2013/07/17 23:37:20:679 [002328] TRACE 0x801C0094 [Prb.cpp, 835] - RxStream contents:01 00 0C 7A 06 8A 00 01 00 33 92 0D 
2013/07/17 23:37:20:680 [002328] TRACE 0x801C0094 [Prb.cpp, 943] - RadioBoardPacket(ACK):01 00 0C 7A 06 8A 00 01 00 33 92 0D 
2013/07/17 23:37:20:681 [006800] DEBUG 0x801C0094 [Prb.cpp, 512] - Read FPGA completed, Address=0x301A, Data=0x00
2013/07/17 23:37:20:681 [006800] TRACE 0x801C0094 [Prb.cpp, 493] - Reading FPGA, Address=0x3070
2013/07/17 23:37:20:682 [006800] TRACE 0x801C0094 [Prb.cpp, 1035] - ReadFPGAPacket(0x3070):01 00 0C 8B 82 00 02 30 70 D9 BA 0D 
2013/07/17 23:37:20:682 [002328] TRACE 0x801C0094 [Prb.cpp, 835] - RxStream contents:01 00 0C 7B 06 8B 00 01 00 5F 92 0D 
2013/07/17 23:37:20:683 [002328] TRACE 0x801C0094 [Prb.cpp, 943] - RadioBoardPacket(ACK):01 00 0C 7B 06 8B 00 01 00 5F 92 0D 
2013/07/17 23:37:20:683 [006800] DEBUG 0x801C0094 [Prb.cpp, 512] - Read FPGA completed, Address=0x3070, Data=0x00
2013/07/17 23:37:20:684 [006800] DEBUG 0x801C0094 [ComSysDiagnostics.cpp, 31] - FPGA RSSI/AFC [Send Command] linkedRSSI:61 linkedAFC:0 AFC:0
2013/07/17 23:37:20:684 [006800] TRACE 0x801C0094 [Prb.cpp, 383] - Send Command, Command=0xe4
2013/07/17 23:37:20:685 [006800] TRACE 0x801C0094 [Prb.cpp, 1035] - WriteTransmitterPacket():01 00 0D 8C 87 00 03 E4 02 58 00 60 0D 
2013/07/17 23:37:20:685 [002328] TRACE 0x801C0094 [Prb.cpp, 835] - RxStream contents:01 00 0B 7C 06 8C 00 00 AE 59 0D 
2013/07/17 23:37:20:686 [002328] TRACE 0x801C0094 [Prb.cpp, 943] - RadioBoardPacket(ACK):01 00 0B 7C 06 8C 00 00 AE 59 0D 
2013/07/17 23:37:20:686 [006800] DEBUG 0x801C0094 [Prb.cpp, 402] - Send Command completed, Command=0xe4
2013/07/17 23:37:20:829 [007096] INFO 0x801C0094 [ComSysDiagnostics.cpp, 79] - Status Counters [Link lost] FrameErrorsInLastSecond:9 EcgErrorsInLastSecond:0 MarkerOrImplantIdErrorsInLastSecond:0 TotalFrameErrors:9 TotalEcgErrors:0 TotalMarkerOrImplantIdErrors:0 TotalSentCommands:3 TotalGoodResponses:2 TotalBadResponses:0 TotalResponseTimeouts:0
2013/07/17 23:37:20:830 [007096] TRACE 0x801C0094 [Prb.cpp, 493] - Reading FPGA, Address=0x301C
2013/07/17 23:37:20:830 [007096] TRACE 0x801C0094 [Prb.cpp, 1035] - ReadFPGAPacket(0x301C):01 00 0C 8D 82 00 02 30 1C 48 D7 0D 
2013/07/17 23:37:20:830 [002328] TRACE 0x801C0094 [Prb.cpp, 835] - RxStream contents:01 00 0C 87 06 8D 00 01 0A 87 5E 0D 
2013/07/17 23:37:20:832 [002328] TRACE 0x801C0094 [Prb.cpp, 943] - RadioBoardPacket(ACK):01 00 0C 87 06 8D 00 01 0A 87 5E 0D 
2013/07/17 23:37:20:832 [007096] DEBUG 0x801C0094 [Prb.cpp, 512] - Read FPGA completed, Address=0x301C, Data=0x0A
2013/07/17 23:37:20:833 [007096] DEBUG 0x801C0094 [ComSysDiagnostics.cpp, 89] - FPGA Frame Error Counter [Link lost]:10
2013/07/17 23:37:20:833 [007096] INFO 0x801C0094 [CommunicationSystemStateMachine.cpp, 769] - Command Completed
2013/07/17 23:37:20:834 [007096] DEBUG 0x801C0094 [CommunicationSystemStateMachine.cpp, 330] - ... after 9 frames.
2013/07/17 23:37:20:835 [007096] TRACE 0x801C0094 [Prb.cpp, 448] - Writing FPGA, Address=0x1008, Data=0x08
2013/07/17 23:37:20:836 [007096] TRACE 0x801C0094 [Prb.cpp, 1035] - WriteFPGAPacket(0x1008, 0x08):01 00 0D 8E 81 00 03 10 08 08 A3 35 0D 
2013/07/17 23:37:20:836 [002328] TRACE 0x801C0094 [Prb.cpp, 835] - RxStream contents:01 00 0B 88 06 8E 00 00 85 11 0D 
2013/07/17 23:37:20:837 [002328] TRACE 0x801C0094 [Prb.cpp, 943] - RadioBoardPacket(ACK):01 00 0B 88 06 8E 00 00 85 11 0D 
2013/07/17 23:37:20:838 [007096] DEBUG 0x801C0094 [Prb.cpp, 466] - Write FPGA completed, Address=0x1008, Data=0x08
2013/07/17 23:37:20:854 [007096] TRACE 0x801C0094 [Prb.cpp, 493] - Reading FPGA, Address=0x300A
2013/07/17 23:37:20:855 [007096] TRACE 0x801C0094 [Prb.cpp, 1035] - ReadFPGAPacket(0x300A):01 00 0C 8F 82 00 02 30 0A B8 A3 0D 
2013/07/17 23:37:20:855 [002328] TRACE 0x801C0094 [Prb.cpp, 835] - RxStream contents:01 00 0C 89 06 8F 00 01 00 FF 6D 0D 
2013/07/17 23:37:20:856 [002328] TRACE 0x801C0094 [Prb.cpp, 943] - RadioBoardPacket(ACK):01 00 0C 89 06 8F 00 01 00 FF 6D 0D 
2013/07/17 23:37:20:856 [007096] DEBUG 0x801C0094 [Prb.cpp, 512] - Read FPGA completed, Address=0x300A, Data=0x00
2013/07/17 23:37:20:857 [007096] TRACE 0x801C0094 [Prb.cpp, 448] - Writing FPGA, Address=0x300A, Data=0x03
2013/07/17 23:37:20:857 [007096] TRACE 0x801C0094 [Prb.cpp, 1035] - WriteFPGAPacket(0x300A, 0x03):01 00 0D 90 81 00 03 30 0A 03 32 6C 0D 
2013/07/17 23:37:20:857 [002328] TRACE 0x801C0094 [Prb.cpp, 835] - RxStream contents:01 00 0B 8A 06 90 00 00 04 7A 0D 
2013/07/17 23:37:20:858 [002328] TRACE 0x801C0094 [Prb.cpp, 943] - RadioBoardPacket(ACK):01 00 0B 8A 06 90 00 00 04 7A 0D 
2013/07/17 23:37:20:859 [007096] DEBUG 0x801C0094 [Prb.cpp, 466] - Write FPGA completed, Address=0x300A, Data=0x03
2013/07/17 23:37:20:998 [004284] INFO [NCommunicationSystem.cpp, 747] - Disposing: 1
2013/07/17 23:37:21:001 [004284] INFO [CrossAppDomainEventMarshaller.cpp, 44] - Disposing: 1
2013/07/17 23:37:21:002 [004284] INFO [CrossAppDomainEventMarshaller.cpp, 155] - abortGetNextEvent called
2013/07/17 23:37:21:002 [004284] INFO [CrossAppDomainEventMarshaller.cpp, 48] - Waiting for CrossDomainEventTranslator::m_pHandleEventsThread to stop
2013/07/17 23:37:21:002 [005672] INFO [CrossAppDomainEventMarshaller.cpp, 80] - handleEventsThread exiting (thread aborted)
2013/07/17 23:37:21:004 [004284] INFO [CrossAppDomainEventMarshaller.cpp, 54] - CrossDomainEventTranslator::m_pHandleEventsThread stopped
2013/07/17 23:37:21:005 [004284] INFO [CrossAppDomainEventMarshaller.cpp, 110] - EventHandler dtor
2013/07/17 23:37:21:006 [004284] INFO [CrossAppDomainEventMarshaller.cpp, 60] - Disposed.
2013/07/17 23:37:21:007 [002328] DEBUG [Prb.cpp, 867] - Prb receive thread terminated.
2013/07/17 23:37:21:009 [007096] INFO [ExceptionCatchingThread.cpp, 170] - Exited the interrupt thread procedure with return value 0.
2013/07/17 23:37:21:109 [006800] INFO [ExceptionCatchingThread.cpp, 170] - Exited the dispatch thread procedure with return value 0.
2013/07/17 23:37:21:111 [002428] INFO [ExceptionCatchingThread.cpp, 170] - Exited the timer thread procedure with return value 0.
2013/07/17 23:37:21:212 [004284] INFO [NCommunicationSystem.cpp, 779] - Disposed.
<<<<< Log Footer: 07/17/2013 23:37:21 >>>>>
