<<<<< Log Header: 07/19/2013 11:33:56 >>>>>
2013/07/19 11:33:56:551 [004808] INFO [NCommunicationSystem.cpp, 108] - nCommunicationSystem, Version=1.8.2.1, Culture=neutral, PublicKeyToken=56b5378c99c0bcfd
2013/07/19 11:33:56:567 [004808] INFO [ExceptionCatchingThread.cpp, 257] - Created the timer thread with id 7156 (0x1bf4).
2013/07/19 11:33:56:569 [007156] INFO [ExceptionCatchingThread.cpp, 168] - Executing the timer thread procedure...
2013/07/19 11:33:56:573 [004808] INFO [ExceptionCatchingThread.cpp, 257] - Created the dispatch thread with id 2288 (0x8f0).
2013/07/19 11:33:56:573 [002288] INFO [ExceptionCatchingThread.cpp, 168] - Executing the dispatch thread procedure...
2013/07/19 11:33:59:575 [004808] DEBUG [Prb.cpp, 252] - PRB logging started.
2013/07/19 11:33:59:582 [004808] DEBUG [Prb.cpp, 130] - Number of FTDI devices: 1
2013/07/19 11:33:59:583 [004808] DEBUG [Prb.cpp, 158] - FTDI Device[0]: ID=67330069
2013/07/19 11:33:59:585 [004808] DEBUG [Prb.cpp, 169] - FTDI handle=161955112
2013/07/19 11:33:59:585 [004808] INFO [Prb.cpp, 179] - FTDI Driver Version 2.08.24.0
2013/07/19 11:33:59:842 [004808] INFO [Prb.cpp, 205] - FTDI Configuration: MaxCurrent=200, CBus5=21, CBus6=0x4
2013/07/19 11:34:00:093 [004808] INFO [Prb.cpp, 246] - PRB driver initialized.
2013/07/19 11:34:00:093 [004808] TRACE [Prb.cpp, 448] - Writing FPGA, Address=0x1008, Data=0x08
2013/07/19 11:34:00:094 [004808] TRACE [Prb.cpp, 1035] - WriteFPGAPacket(0x1008, 0x08):01 00 0D 00 81 00 03 10 08 08 25 D5 0D 
2013/07/19 11:34:00:094 [005900] TRACE [Prb.cpp, 835] - RxStream contents:01 00 0B 9A 06 00 00 00 88 B9 0D 
2013/07/19 11:34:00:095 [005900] TRACE [Prb.cpp, 943] - RadioBoardPacket(ACK):01 00 0B 9A 06 00 00 00 88 B9 0D 
2013/07/19 11:34:00:096 [004808] DEBUG [Prb.cpp, 466] - Write FPGA completed, Address=0x1008, Data=0x08
2013/07/19 11:34:00:113 [004808] TRACE [Prb.cpp, 493] - Reading FPGA, Address=0x300A
2013/07/19 11:34:00:113 [004808] TRACE [Prb.cpp, 1035] - ReadFPGAPacket(0x300A):01 00 0C 01 82 00 02 30 0A E8 24 0D 
2013/07/19 11:34:00:114 [005900] TRACE [Prb.cpp, 835] - RxStream contents:01 00 0C 9B 06 01 00 01 00 D7 40 0D 
2013/07/19 11:34:00:115 [005900] TRACE [Prb.cpp, 943] - RadioBoardPacket(ACK):01 00 0C 9B 06 01 00 01 00 D7 40 0D 
2013/07/19 11:34:00:115 [004808] DEBUG [Prb.cpp, 512] - Read FPGA completed, Address=0x300A, Data=0x00
2013/07/19 11:34:00:116 [004808] TRACE [Prb.cpp, 448] - Writing FPGA, Address=0x300A, Data=0x03
2013/07/19 11:34:00:116 [004808] TRACE [Prb.cpp, 1035] - WriteFPGAPacket(0x300A, 0x03):01 00 0D 02 81 00 03 30 0A 03 29 4F 0D 
2013/07/19 11:34:00:117 [005900] TRACE [Prb.cpp, 835] - RxStream contents:01 00 0B 9C 06 02 00 00 09 82 0D 
2013/07/19 11:34:00:118 [005900] TRACE [Prb.cpp, 943] - RadioBoardPacket(ACK):01 00 0B 9C 06 02 00 00 09 82 0D 
2013/07/19 11:34:00:118 [004808] DEBUG [Prb.cpp, 466] - Write FPGA completed, Address=0x300A, Data=0x03
2013/07/19 11:34:00:131 [004808] INFO [CrossTalkDetector.cpp, 14] - EnterCrossTalkThreshold = 8
2013/07/19 11:34:00:132 [004808] INFO [CrossTalkDetector.cpp, 21] - LeaveCrossTalkThreshold = 4
2013/07/19 11:34:00:133 [004808] INFO [CrossTalkDetector.cpp, 28] - LinkThreshold = 8
2013/07/19 11:34:00:134 [004808] INFO [ExceptionCatchingThread.cpp, 257] - Created the interrupt thread with id 1200 (0x4b0).
2013/07/19 11:34:00:135 [004808] DEBUG [Prb.cpp, 252] - PRB logging started.
2013/07/19 11:34:00:135 [001200] INFO [ExceptionCatchingThread.cpp, 168] - Executing the interrupt thread procedure...
2013/07/19 11:34:00:136 [004808] INFO [CommunicationSystem.cpp, 640] - Calibrating the PRB CC1020.
2013/07/19 11:34:00:138 [004808] TRACE [Prb.cpp, 448] - Writing FPGA, Address=0x1008, Data=0x01
2013/07/19 11:34:00:139 [004808] TRACE [Prb.cpp, 1035] - WriteFPGAPacket(0x1008, 0x01):01 00 0D 03 81 00 03 10 08 01 26 D3 0D 
2013/07/19 11:34:00:139 [005900] TRACE [Prb.cpp, 835] - RxStream contents:01 00 0B 9D 06 03 00 00 09 EE 0D 
2013/07/19 11:34:00:140 [005900] TRACE [Prb.cpp, 943] - RadioBoardPacket(ACK):01 00 0B 9D 06 03 00 00 09 EE 0D 
2013/07/19 11:34:00:141 [004808] DEBUG [Prb.cpp, 466] - Write FPGA completed, Address=0x1008, Data=0x01
2013/07/19 11:34:00:220 [005900] TRACE [Prb.cpp, 835] - RxStream contents:01 00 0D 9E 00 00 00 02 09 00 71 E6 0D 
2013/07/19 11:34:00:225 [001200] DEBUG [CommunicationSystem.cpp, 1120] - Calibration complete.
2013/07/19 11:34:00:225 [004808] TRACE [Prb.cpp, 493] - Reading FPGA, Address=0x2012
2013/07/19 11:34:00:226 [004808] TRACE [Prb.cpp, 1035] - ReadFPGAPacket(0x2012):01 00 0C 04 82 00 02 20 12 10 72 0D 
2013/07/19 11:34:00:226 [005900] TRACE [Prb.cpp, 835] - RxStream contents:01 00 0C 9F 06 04 00 01 00 73 46 0D 
2013/07/19 11:34:00:227 [005900] TRACE [Prb.cpp, 943] - RadioBoardPacket(ACK):01 00 0C 9F 06 04 00 01 00 73 46 0D 
2013/07/19 11:34:00:228 [004808] DEBUG [Prb.cpp, 512] - Read FPGA completed, Address=0x2012, Data=0x00
2013/07/19 11:34:00:228 [004808] INFO [CommunicationSystem.cpp, 653] - CC1020 Calibration succeeded.
2013/07/19 11:34:00:229 [004808] TRACE [Prb.cpp, 448] - Writing FPGA, Address=0x1006, Data=0x08
2013/07/19 11:34:00:229 [004808] TRACE [Prb.cpp, 1035] - WriteFPGAPacket(0x1006, 0x08):01 00 0D 05 81 00 03 10 06 08 84 86 0D 
2013/07/19 11:34:00:229 [005900] TRACE [Prb.cpp, 835] - RxStream contents:01 00 0B A0 06 05 00 00 83 4D 0D 
2013/07/19 11:34:00:230 [005900] TRACE [Prb.cpp, 943] - RadioBoardPacket(ACK):01 00 0B A0 06 05 00 00 83 4D 0D 
2013/07/19 11:34:00:231 [004808] DEBUG [Prb.cpp, 466] - Write FPGA completed, Address=0x1006, Data=0x08
2013/07/19 11:34:00:231 [004808] TRACE [Prb.cpp, 493] - Reading FPGA, Address=0x3000
2013/07/19 11:34:00:232 [004808] TRACE [Prb.cpp, 1035] - ReadFPGAPacket(0x3000):01 00 0C 06 82 00 02 30 00 80 1E 0D 
2013/07/19 11:34:00:232 [005900] TRACE [Prb.cpp, 835] - RxStream contents:01 00 0C A1 06 06 00 01 07 8B 6B 0D 
2013/07/19 11:34:00:233 [005900] TRACE [Prb.cpp, 943] - RadioBoardPacket(ACK):01 00 0C A1 06 06 00 01 07 8B 6B 0D 
2013/07/19 11:34:00:234 [004808] DEBUG [Prb.cpp, 512] - Read FPGA completed, Address=0x3000, Data=0x07
2013/07/19 11:34:00:234 [004808] INFO [CommunicationSystem.cpp, 613] - FPGA Revision 7.
2013/07/19 11:34:00:235 [004808] TRACE [Prb.cpp, 584] - Reading CC1020, Address=0x0004
2013/07/19 11:34:00:236 [004808] TRACE [Prb.cpp, 1035] - ReadCC1020Packet(0x04):01 00 0C 07 84 00 02 00 04 59 16 0D 
2013/07/19 11:34:00:236 [005900] TRACE [Prb.cpp, 835] - RxStream contents:01 00 0C A2 06 07 00 01 35 17 C7 0D 
2013/07/19 11:34:00:237 [005900] TRACE [Prb.cpp, 943] - RadioBoardPacket(ACK):01 00 0C A2 06 07 00 01 35 17 C7 0D 
2013/07/19 11:34:00:237 [004808] DEBUG [Prb.cpp, 603] - Read CC1020 completed, Address=0x0004, Data=0x35
2013/07/19 11:34:00:238 [004808] INFO [CommunicationSystem.cpp, 614] - CC1020 Frequency 2A 0x35.
2013/07/19 11:34:00:238 [004808] TRACE [Prb.cpp, 584] - Reading CC1020, Address=0x0005
2013/07/19 11:34:00:239 [004808] TRACE [Prb.cpp, 1035] - ReadCC1020Packet(0x05):01 00 0C 08 84 00 02 00 05 F1 1C 0D 
2013/07/19 11:34:00:239 [005900] TRACE [Prb.cpp, 835] - RxStream contents:01 00 0C A3 06 08 00 01 F0 21 5A 0D 
2013/07/19 11:34:00:240 [005900] TRACE [Prb.cpp, 943] - RadioBoardPacket(ACK):01 00 0C A3 06 08 00 01 F0 21 5A 0D 
2013/07/19 11:34:00:240 [004808] DEBUG [Prb.cpp, 603] - Read CC1020 completed, Address=0x0005, Data=0xF0
2013/07/19 11:34:00:241 [004808] INFO [CommunicationSystem.cpp, 615] - CC1020 Frequency 1A 0xf0.
2013/07/19 11:34:00:241 [004808] TRACE [Prb.cpp, 584] - Reading CC1020, Address=0x0006
2013/07/19 11:34:00:242 [004808] TRACE [Prb.cpp, 1035] - ReadCC1020Packet(0x06):01 00 0C 09 84 00 02 00 06 09 15 0D 
2013/07/19 11:34:00:242 [005900] TRACE [Prb.cpp, 835] - RxStream contents:01 00 0C A4 06 09 00 01 21 DF B9 0D 
2013/07/19 11:34:00:243 [005900] TRACE [Prb.cpp, 943] - RadioBoardPacket(ACK):01 00 0C A4 06 09 00 01 21 DF B9 0D 
2013/07/19 11:34:00:244 [004808] DEBUG [Prb.cpp, 603] - Read CC1020 completed, Address=0x0006, Data=0x21
2013/07/19 11:34:00:244 [004808] INFO [CommunicationSystem.cpp, 616] - CC1020 Frequency 0A 0x21.
2013/07/19 11:34:00:245 [004808] TRACE [Prb.cpp, 584] - Reading CC1020, Address=0x0008
2013/07/19 11:34:00:245 [004808] TRACE [Prb.cpp, 1035] - ReadCC1020Packet(0x08):01 00 0C 0A 84 00 02 00 08 01 32 0D 
2013/07/19 11:34:00:245 [005900] TRACE [Prb.cpp, 835] - RxStream contents:01 00 0C A5 06 0A 00 01 35 1B C2 0D 
2013/07/19 11:34:00:246 [005900] TRACE [Prb.cpp, 943] - RadioBoardPacket(ACK):01 00 0C A5 06 0A 00 01 35 1B C2 0D 
2013/07/19 11:34:00:247 [004808] DEBUG [Prb.cpp, 603] - Read CC1020 completed, Address=0x0008, Data=0x35
2013/07/19 11:34:00:247 [004808] INFO [CommunicationSystem.cpp, 617] - CC1020 Frequency 2B 0x35.
2013/07/19 11:34:00:248 [004808] TRACE [Prb.cpp, 584] - Reading CC1020, Address=0x0009
2013/07/19 11:34:00:248 [004808] TRACE [Prb.cpp, 1035] - ReadCC1020Packet(0x09):01 00 0C 0B 84 00 02 00 09 79 34 0D 
2013/07/19 11:34:00:248 [005900] TRACE [Prb.cpp, 835] - RxStream contents:01 00 0C A6 06 0B 00 01 FA 05 63 0D 
2013/07/19 11:34:00:249 [005900] TRACE [Prb.cpp, 943] - RadioBoardPacket(ACK):01 00 0C A6 06 0B 00 01 FA 05 63 0D 
2013/07/19 11:34:00:250 [004808] DEBUG [Prb.cpp, 603] - Read CC1020 completed, Address=0x0009, Data=0xFA
2013/07/19 11:34:00:250 [004808] INFO [CommunicationSystem.cpp, 618] - CC1020 Frequency 1B 0xfa.
2013/07/19 11:34:00:251 [004808] TRACE [Prb.cpp, 584] - Reading CC1020, Address=0x000A
2013/07/19 11:34:00:251 [004808] TRACE [Prb.cpp, 1035] - ReadCC1020Packet(0x0A):01 00 0C 0C 84 00 02 00 0A 11 38 0D 
2013/07/19 11:34:00:252 [005900] TRACE [Prb.cpp, 835] - RxStream contents:01 00 0C A7 06 0C 00 01 CB 91 C6 0D 
2013/07/19 11:34:00:252 [005900] TRACE [Prb.cpp, 943] - RadioBoardPacket(ACK):01 00 0C A7 06 0C 00 01 CB 91 C6 0D 
2013/07/19 11:34:00:253 [004808] DEBUG [Prb.cpp, 603] - Read CC1020 completed, Address=0x000A, Data=0xCB
2013/07/19 11:34:00:253 [004808] INFO [CommunicationSystem.cpp, 619] - CC1020 Frequency 0B 0xcb.
2013/07/19 11:34:00:254 [004808] DEBUG [Prb.cpp, 650] - Read EEPROM completed, Address=0x060A, Data=0x00
2013/07/19 11:34:00:255 [004808] INFO [CommunicationSystem.cpp, 620] - RSSI Calibration Reference Center Channel 0.
2013/07/19 11:34:00:255 [004808] TRACE [Prb.cpp, 493] - Reading FPGA, Address=0x3054
2013/07/19 11:34:00:256 [004808] TRACE [Prb.cpp, 1035] - ReadFPGAPacket(0x3054):01 00 0C 0D 82 00 02 30 54 C9 EC 0D 
2013/07/19 11:34:00:256 [005900] TRACE [Prb.cpp, 835] - RxStream contents:01 00 0C A8 06 0D 00 01 07 2F 62 0D 
2013/07/19 11:34:00:257 [005900] TRACE [Prb.cpp, 943] - RadioBoardPacket(ACK):01 00 0C A8 06 0D 00 01 07 2F 62 0D 
2013/07/19 11:34:00:257 [004808] DEBUG [Prb.cpp, 512] - Read FPGA completed, Address=0x3054, Data=0x07
2013/07/19 11:34:00:258 [004808] INFO [CommunicationSystem.cpp, 621] - CC1020 PA_POWER 0x7.
2013/07/19 11:34:00:258 [004808] TRACE [Prb.cpp, 584] - Reading CC1020, Address=0x001C
2013/07/19 11:34:00:259 [004808] TRACE [Prb.cpp, 1035] - ReadCC1020Packet(0x1C):01 00 0C 0E 84 00 02 00 1C E1 4C 0D 
2013/07/19 11:34:00:259 [005900] TRACE [Prb.cpp, 835] - RxStream contents:01 00 0C A9 06 0E 00 01 07 EB 61 0D 
2013/07/19 11:34:00:260 [005900] TRACE [Prb.cpp, 943] - RadioBoardPacket(ACK):01 00 0C A9 06 0E 00 01 07 EB 61 0D 
2013/07/19 11:34:00:261 [004808] DEBUG [Prb.cpp, 603] - Read CC1020 completed, Address=0x001C, Data=0x07
2013/07/19 11:34:00:261 [004808] INFO [CommunicationSystem.cpp, 622] - CC1020 Transmit Power 0x7.
2013/07/19 11:34:00:262 [004808] TRACE [Prb.cpp, 493] - Reading FPGA, Address=0x3014
2013/07/19 11:34:00:262 [004808] TRACE [Prb.cpp, 1035] - ReadFPGAPacket(0x3014):01 00 0C 0F 82 00 02 30 14 38 6C 0D 
2013/07/19 11:34:00:262 [005900] TRACE [Prb.cpp, 835] - RxStream contents:01 00 0C AA 06 0F 00 01 00 77 73 0D 
2013/07/19 11:34:00:263 [005900] TRACE [Prb.cpp, 943] - RadioBoardPacket(ACK):01 00 0C AA 06 0F 00 01 00 77 73 0D 
2013/07/19 11:34:00:264 [004808] DEBUG [Prb.cpp, 512] - Read FPGA completed, Address=0x3014, Data=0x00
2013/07/19 11:34:00:265 [004808] INFO [CommunicationSystem.cpp, 623] - Low Noise Amplifier Circumvented 0.
2013/07/19 11:34:00:265 [004808] TRACE [Prb.cpp, 584] - Reading CC1020, Address=0x0001
2013/07/19 11:34:00:266 [004808] TRACE [Prb.cpp, 1035] - ReadCC1020Packet(0x01):01 00 0C 10 84 00 02 00 01 B1 1C 0D 
2013/07/19 11:34:00:266 [005900] TRACE [Prb.cpp, 835] - RxStream contents:01 00 0C AB 06 10 00 01 0F 03 54 0D 
2013/07/19 11:34:00:267 [005900] TRACE [Prb.cpp, 943] - RadioBoardPacket(ACK):01 00 0C AB 06 10 00 01 0F 03 54 0D 
2013/07/19 11:34:00:267 [004808] DEBUG [Prb.cpp, 603] - Read CC1020 completed, Address=0x0001, Data=0x0F
2013/07/19 11:34:00:268 [004808] INFO [CommunicationSystem.cpp, 624] - Low Noise Amplifier 0xf.
2013/07/19 11:34:00:268 [004808] TRACE [Prb.cpp, 493] - Reading FPGA, Address=0x1006
2013/07/19 11:34:00:269 [004808] TRACE [Prb.cpp, 1035] - ReadFPGAPacket(0x1006):01 00 0C 11 82 00 02 10 06 28 1D 0D 
2013/07/19 11:34:00:269 [005900] TRACE [Prb.cpp, 835] - RxStream contents:01 00 0C AC 06 11 00 01 08 7F 40 0D 
2013/07/19 11:34:00:270 [005900] TRACE [Prb.cpp, 943] - RadioBoardPacket(ACK):01 00 0C AC 06 11 00 01 08 7F 40 0D 
2013/07/19 11:34:00:270 [004808] DEBUG [Prb.cpp, 512] - Read FPGA completed, Address=0x1006, Data=0x08
2013/07/19 11:34:00:271 [004808] INFO [CommunicationSystem.cpp, 625] - Allowed Framing Errors 8.
2013/07/19 11:34:00:274 [004808] INFO [CrossTalkDetector.cpp, 28] - LinkThreshold = 8
2013/07/19 11:34:00:274 [004808] INFO [CrossTalkDetector.cpp, 14] - EnterCrossTalkThreshold = 8
2013/07/19 11:34:00:275 [004808] INFO [CrossTalkDetector.cpp, 21] - LeaveCrossTalkThreshold = 4
2013/07/19 11:34:00:284 [005764] TRACE [Prb.cpp, 493] - Reading FPGA, Address=0x3000
2013/07/19 11:34:00:285 [005764] TRACE [Prb.cpp, 1035] - ReadFPGAPacket(0x3000):01 00 0C 12 82 00 02 30 00 E0 0A 0D 
2013/07/19 11:34:00:285 [005900] TRACE [Prb.cpp, 835] - RxStream contents:01 00 0C AD 06 12 00 01 07 BB 61 0D 
2013/07/19 11:34:00:287 [005900] TRACE [Prb.cpp, 943] - RadioBoardPacket(ACK):01 00 0C AD 06 12 00 01 07 BB 61 0D 
2013/07/19 11:34:00:287 [005764] DEBUG [Prb.cpp, 512] - Read FPGA completed, Address=0x3000, Data=0x07
2013/07/19 11:34:00:288 [005764] TRACE [Prb.cpp, 539] - Writing CC1020, Address=0x001C, Data=0x07
2013/07/19 11:34:00:289 [005764] TRACE [Prb.cpp, 1035] - WriteCC1020Packet(0x1C, 0x07):01 00 0D 13 83 00 03 00 1C 07 3E 84 0D 
2013/07/19 11:34:00:289 [005900] TRACE [Prb.cpp, 835] - RxStream contents:01 00 0B AE 06 13 00 00 80 A5 0D 
2013/07/19 11:34:00:290 [005900] TRACE [Prb.cpp, 943] - RadioBoardPacket(ACK):01 00 0B AE 06 13 00 00 80 A5 0D 
2013/07/19 11:34:00:291 [005764] DEBUG [Prb.cpp, 557] - Write CC1020 completed, Address=0x001C, Data=0x07
2013/07/19 11:34:00:320 [004808] TRACE [Prb.cpp, 493] - Reading FPGA, Address=0x3000
2013/07/19 11:34:00:321 [004808] TRACE [Prb.cpp, 1035] - ReadFPGAPacket(0x3000):01 00 0C 14 82 00 02 30 00 70 0F 0D 
2013/07/19 11:34:00:321 [005900] TRACE [Prb.cpp, 835] - RxStream contents:01 00 0C AF 06 14 00 01 07 B3 62 0D 
2013/07/19 11:34:00:322 [005900] TRACE [Prb.cpp, 943] - RadioBoardPacket(ACK):01 00 0C AF 06 14 00 01 07 B3 62 0D 
2013/07/19 11:34:00:322 [004808] DEBUG [Prb.cpp, 512] - Read FPGA completed, Address=0x3000, Data=0x07
2013/07/19 11:34:00:330 [004808] INFO [CommunicationSystem.cpp, 640] - Calibrating the PRB CC1020.
2013/07/19 11:34:00:331 [004808] TRACE [Prb.cpp, 448] - Writing FPGA, Address=0x1008, Data=0x01
2013/07/19 11:34:00:332 [004808] TRACE [Prb.cpp, 1035] - WriteFPGAPacket(0x1008, 0x01):01 00 0D 15 81 00 03 10 08 01 B1 B0 0D 
2013/07/19 11:34:00:332 [005900] TRACE [Prb.cpp, 835] - RxStream contents:01 00 0B B0 06 15 00 00 85 8D 0D 
2013/07/19 11:34:00:333 [005900] TRACE [Prb.cpp, 943] - RadioBoardPacket(ACK):01 00 0B B0 06 15 00 00 85 8D 0D 
2013/07/19 11:34:00:333 [004808] DEBUG [Prb.cpp, 466] - Write FPGA completed, Address=0x1008, Data=0x01
2013/07/19 11:34:00:419 [005900] TRACE [Prb.cpp, 835] - RxStream contents:01 00 0D B1 00 00 00 02 09 00 DC 15 0D 
2013/07/19 11:34:00:421 [001200] DEBUG [CommunicationSystem.cpp, 1120] - Calibration complete.
2013/07/19 11:34:00:421 [004808] TRACE [Prb.cpp, 493] - Reading FPGA, Address=0x2012
2013/07/19 11:34:00:422 [004808] TRACE [Prb.cpp, 1035] - ReadFPGAPacket(0x2012):01 00 0C 16 82 00 02 20 12 E0 63 0D 
2013/07/19 11:34:00:422 [005900] TRACE [Prb.cpp, 835] - RxStream contents:01 00 0C B2 06 16 00 01 00 43 6E 0D 
2013/07/19 11:34:00:423 [005900] TRACE [Prb.cpp, 943] - RadioBoardPacket(ACK):01 00 0C B2 06 16 00 01 00 43 6E 0D 
2013/07/19 11:34:00:424 [004808] DEBUG [Prb.cpp, 512] - Read FPGA completed, Address=0x2012, Data=0x00
2013/07/19 11:34:00:424 [004808] INFO [CommunicationSystem.cpp, 653] - CC1020 Calibration succeeded.
2013/07/19 11:34:00:430 [004808] TRACE [Prb.cpp, 584] - Reading CC1020, Address=0x0004
2013/07/19 11:34:00:431 [004808] TRACE [Prb.cpp, 1035] - ReadCC1020Packet(0x04):01 00 0C 17 84 00 02 00 04 D9 04 0D 
2013/07/19 11:34:00:431 [005900] TRACE [Prb.cpp, 835] - RxStream contents:01 00 0C B3 06 17 00 01 35 2F D0 0D 
2013/07/19 11:34:00:432 [005900] TRACE [Prb.cpp, 943] - RadioBoardPacket(ACK):01 00 0C B3 06 17 00 01 35 2F D0 0D 
2013/07/19 11:34:00:433 [004808] DEBUG [Prb.cpp, 603] - Read CC1020 completed, Address=0x0004, Data=0x35
2013/07/19 11:34:00:435 [004808] TRACE [Prb.cpp, 584] - Reading CC1020, Address=0x0005
2013/07/19 11:34:00:436 [004808] TRACE [Prb.cpp, 1035] - ReadCC1020Packet(0x05):01 00 0C 18 84 00 02 00 05 71 0E 0D 
2013/07/19 11:34:00:436 [005900] TRACE [Prb.cpp, 835] - RxStream contents:01 00 0C B4 06 18 00 01 F0 89 48 0D 
2013/07/19 11:34:00:437 [005900] TRACE [Prb.cpp, 943] - RadioBoardPacket(ACK):01 00 0C B4 06 18 00 01 F0 89 48 0D 
2013/07/19 11:34:00:438 [004808] DEBUG [Prb.cpp, 603] - Read CC1020 completed, Address=0x0005, Data=0xF0
2013/07/19 11:34:00:439 [004808] TRACE [Prb.cpp, 584] - Reading CC1020, Address=0x0006
2013/07/19 11:34:00:440 [004808] TRACE [Prb.cpp, 1035] - ReadCC1020Packet(0x06):01 00 0C 19 84 00 02 00 06 89 07 0D 
2013/07/19 11:34:00:440 [005900] TRACE [Prb.cpp, 835] - RxStream contents:01 00 0C B5 06 19 00 01 21 E7 AE 0D 
2013/07/19 11:34:00:441 [005900] TRACE [Prb.cpp, 943] - RadioBoardPacket(ACK):01 00 0C B5 06 19 00 01 21 E7 AE 0D 
2013/07/19 11:34:00:441 [004808] DEBUG [Prb.cpp, 603] - Read CC1020 completed, Address=0x0006, Data=0x21
2013/07/19 11:34:00:443 [004808] TRACE [Prb.cpp, 584] - Reading CC1020, Address=0x0007
2013/07/19 11:34:00:444 [004808] TRACE [Prb.cpp, 1035] - ReadCC1020Packet(0x07):01 00 0C 1A 84 00 02 00 07 81 02 0D 
2013/07/19 11:34:00:444 [005900] TRACE [Prb.cpp, 835] - RxStream contents:01 00 0C B6 06 1A 00 01 38 D3 FB 0D 
2013/07/19 11:34:00:445 [005900] TRACE [Prb.cpp, 943] - RadioBoardPacket(ACK):01 00 0C B6 06 1A 00 01 38 D3 FB 0D 
2013/07/19 11:34:00:445 [004808] DEBUG [Prb.cpp, 603] - Read CC1020 completed, Address=0x0007, Data=0x38
2013/07/19 11:34:00:446 [004808] TRACE [Prb.cpp, 584] - Reading CC1020, Address=0x0008
2013/07/19 11:34:00:447 [004808] TRACE [Prb.cpp, 1035] - ReadCC1020Packet(0x08):01 00 0C 1B 84 00 02 00 08 79 23 0D 
2013/07/19 11:34:00:447 [005900] TRACE [Prb.cpp, 835] - RxStream contents:01 00 0C B7 06 1B 00 01 35 3F D6 0D 
2013/07/19 11:34:00:448 [005900] TRACE [Prb.cpp, 943] - RadioBoardPacket(ACK):01 00 0C B7 06 1B 00 01 35 3F D6 0D 
2013/07/19 11:34:00:449 [004808] DEBUG [Prb.cpp, 603] - Read CC1020 completed, Address=0x0008, Data=0x35
2013/07/19 11:34:00:450 [004808] TRACE [Prb.cpp, 584] - Reading CC1020, Address=0x0009
2013/07/19 11:34:00:451 [004808] TRACE [Prb.cpp, 1035] - ReadCC1020Packet(0x09):01 00 0C 1C 84 00 02 00 09 91 20 0D 
2013/07/19 11:34:00:451 [005900] TRACE [Prb.cpp, 835] - RxStream contents:01 00 0C B8 06 1C 00 01 FA F9 78 0D 
2013/07/19 11:34:00:452 [005900] TRACE [Prb.cpp, 943] - RadioBoardPacket(ACK):01 00 0C B8 06 1C 00 01 FA F9 78 0D 
2013/07/19 11:34:00:452 [004808] DEBUG [Prb.cpp, 603] - Read CC1020 completed, Address=0x0009, Data=0xFA
2013/07/19 11:34:00:454 [004808] TRACE [Prb.cpp, 584] - Reading CC1020, Address=0x000A
2013/07/19 11:34:00:454 [004808] TRACE [Prb.cpp, 1035] - ReadCC1020Packet(0x0A):01 00 0C 1D 84 00 02 00 0A 69 29 0D 
2013/07/19 11:34:00:454 [005900] TRACE [Prb.cpp, 835] - RxStream contents:01 00 0C B9 06 1D 00 01 CB 15 DD 0D 
2013/07/19 11:34:00:455 [005900] TRACE [Prb.cpp, 943] - RadioBoardPacket(ACK):01 00 0C B9 06 1D 00 01 CB 15 DD 0D 
2013/07/19 11:34:00:456 [004808] DEBUG [Prb.cpp, 603] - Read CC1020 completed, Address=0x000A, Data=0xCB
2013/07/19 11:34:00:457 [004808] TRACE [Prb.cpp, 584] - Reading CC1020, Address=0x000B
2013/07/19 11:34:00:458 [004808] TRACE [Prb.cpp, 1035] - ReadCC1020Packet(0x0B):01 00 0C 1E 84 00 02 00 0B 61 2C 0D 
2013/07/19 11:34:00:458 [005900] TRACE [Prb.cpp, 835] - RxStream contents:01 00 0C BA 06 1E 00 01 38 A3 F7 0D 
2013/07/19 11:34:00:459 [005900] TRACE [Prb.cpp, 943] - RadioBoardPacket(ACK):01 00 0C BA 06 1E 00 01 38 A3 F7 0D 
2013/07/19 11:34:00:460 [004808] DEBUG [Prb.cpp, 603] - Read CC1020 completed, Address=0x000B, Data=0x38
2013/07/19 11:34:00:461 [004808] TRACE [Prb.cpp, 584] - Reading CC1020, Address=0x001D
2013/07/19 11:34:00:462 [004808] TRACE [Prb.cpp, 1035] - ReadCC1020Packet(0x1D):01 00 0C 1F 84 00 02 00 1D 19 58 0D 
2013/07/19 11:34:00:462 [005900] TRACE [Prb.cpp, 835] - RxStream contents:01 00 0C BB 06 1F 00 01 00 4F 64 0D 
2013/07/19 11:34:00:463 [005900] TRACE [Prb.cpp, 943] - RadioBoardPacket(ACK):01 00 0C BB 06 1F 00 01 00 4F 64 0D 
2013/07/19 11:34:00:463 [004808] DEBUG [Prb.cpp, 603] - Read CC1020 completed, Address=0x001D, Data=0x00
2013/07/19 11:34:00:465 [004808] TRACE [Prb.cpp, 584] - Reading CC1020, Address=0x0045
2013/07/19 11:34:00:465 [004808] TRACE [Prb.cpp, 1035] - ReadCC1020Packet(0x45):01 00 0C 20 84 00 02 00 45 B0 B7 0D 
2013/07/19 11:34:00:465 [005900] TRACE [Prb.cpp, 835] - RxStream contents:01 00 0C BC 06 20 00 01 5C 2A A0 0D 
2013/07/19 11:34:00:466 [005900] TRACE [Prb.cpp, 943] - RadioBoardPacket(ACK):01 00 0C BC 06 20 00 01 5C 2A A0 0D 
2013/07/19 11:34:00:467 [004808] DEBUG [Prb.cpp, 603] - Read CC1020 completed, Address=0x0045, Data=0x5C
2013/07/19 11:34:00:468 [004808] TRACE [Prb.cpp, 584] - Reading CC1020, Address=0x0046
2013/07/19 11:34:00:469 [004808] TRACE [Prb.cpp, 1035] - ReadCC1020Packet(0x46):01 00 0C 21 84 00 02 00 46 48 BE 0D 
2013/07/19 11:34:00:469 [005900] TRACE [Prb.cpp, 835] - RxStream contents:01 00 0C BD 06 21 00 01 66 46 3C 0D 
2013/07/19 11:34:00:470 [005900] TRACE [Prb.cpp, 943] - RadioBoardPacket(ACK):01 00 0C BD 06 21 00 01 66 46 3C 0D 
2013/07/19 11:34:00:471 [004808] DEBUG [Prb.cpp, 603] - Read CC1020 completed, Address=0x0046, Data=0x66
2013/07/19 11:34:00:472 [004808] TRACE [Prb.cpp, 584] - Reading CC1020, Address=0x0047
2013/07/19 11:34:00:472 [004808] TRACE [Prb.cpp, 1035] - ReadCC1020Packet(0x47):01 00 0C 22 84 00 02 00 47 40 BB 0D 
2013/07/19 11:34:00:472 [005900] TRACE [Prb.cpp, 835] - RxStream contents:01 00 0C BE 06 22 00 01 44 F2 F0 0D 
2013/07/19 11:34:00:474 [005900] TRACE [Prb.cpp, 943] - RadioBoardPacket(ACK):01 00 0C BE 06 22 00 01 44 F2 F0 0D 
2013/07/19 11:34:00:474 [004808] DEBUG [Prb.cpp, 603] - Read CC1020 completed, Address=0x0047, Data=0x44
2013/07/19 11:34:00:482 [004808] TRACE [Prb.cpp, 493] - Reading FPGA, Address=0x305E
2013/07/19 11:34:00:483 [004808] TRACE [Prb.cpp, 1035] - ReadFPGAPacket(0x305E):01 00 0C 23 82 00 02 30 5E 99 FD 0D 
2013/07/19 11:34:00:483 [005900] TRACE [Prb.cpp, 835] - RxStream contents:01 00 0C BF 06 23 00 01 00 9F 68 0D 
2013/07/19 11:34:00:484 [005900] TRACE [Prb.cpp, 943] - RadioBoardPacket(ACK):01 00 0C BF 06 23 00 01 00 9F 68 0D 
2013/07/19 11:34:00:485 [004808] DEBUG [Prb.cpp, 512] - Read FPGA completed, Address=0x305E, Data=0x00
2013/07/19 11:34:00:485 [004808] TRACE [Prb.cpp, 493] - Reading FPGA, Address=0x3060
2013/07/19 11:34:00:486 [004808] TRACE [Prb.cpp, 1035] - ReadFPGAPacket(0x3060):01 00 0C 24 82 00 02 30 60 71 7C 0D 
2013/07/19 11:34:00:486 [005900] TRACE [Prb.cpp, 835] - RxStream contents:01 00 0C C0 06 24 00 01 00 DB 10 0D 
2013/07/19 11:34:00:487 [005900] TRACE [Prb.cpp, 943] - RadioBoardPacket(ACK):01 00 0C C0 06 24 00 01 00 DB 10 0D 
2013/07/19 11:34:00:487 [004808] DEBUG [Prb.cpp, 512] - Read FPGA completed, Address=0x3060, Data=0x00
2013/07/19 11:34:00:488 [004808] TRACE [Prb.cpp, 493] - Reading FPGA, Address=0x3062
2013/07/19 11:34:00:489 [004808] TRACE [Prb.cpp, 1035] - ReadFPGAPacket(0x3062):01 00 0C 25 82 00 02 30 62 09 70 0D 
2013/07/19 11:34:00:489 [005900] TRACE [Prb.cpp, 835] - RxStream contents:01 00 0C C1 06 25 00 01 00 B7 10 0D 
2013/07/19 11:34:00:490 [005900] TRACE [Prb.cpp, 943] - RadioBoardPacket(ACK):01 00 0C C1 06 25 00 01 00 B7 10 0D 
2013/07/19 11:34:00:490 [004808] DEBUG [Prb.cpp, 512] - Read FPGA completed, Address=0x3062, Data=0x00
2013/07/19 11:34:00:495 [004808] TRACE [Prb.cpp, 493] - Reading FPGA, Address=0x3066
2013/07/19 11:34:00:496 [004808] TRACE [Prb.cpp, 1035] - ReadFPGAPacket(0x3066):01 00 0C 26 82 00 02 30 66 01 6B 0D 
2013/07/19 11:34:00:496 [005900] TRACE [Prb.cpp, 835] - RxStream contents:01 00 0C C2 06 26 00 01 00 03 10 0D 
2013/07/19 11:34:00:497 [005900] TRACE [Prb.cpp, 943] - RadioBoardPacket(ACK):01 00 0C C2 06 26 00 01 00 03 10 0D 
2013/07/19 11:34:00:497 [004808] DEBUG [Prb.cpp, 512] - Read FPGA completed, Address=0x3066, Data=0x00
2013/07/19 11:34:00:498 [004808] TRACE [Prb.cpp, 493] - Reading FPGA, Address=0x3068
2013/07/19 11:34:00:499 [004808] TRACE [Prb.cpp, 1035] - ReadFPGAPacket(0x3068):01 00 0C 27 82 00 02 30 68 79 4F 0D 
2013/07/19 11:34:00:499 [005900] TRACE [Prb.cpp, 835] - RxStream contents:01 00 0C C3 06 27 00 01 00 6F 10 0D 
2013/07/19 11:34:00:500 [005900] TRACE [Prb.cpp, 943] - RadioBoardPacket(ACK):01 00 0C C3 06 27 00 01 00 6F 10 0D 
2013/07/19 11:34:00:500 [004808] DEBUG [Prb.cpp, 512] - Read FPGA completed, Address=0x3068, Data=0x00
2013/07/19 11:34:00:501 [004808] TRACE [Prb.cpp, 493] - Reading FPGA, Address=0x306A
2013/07/19 11:34:00:502 [004808] TRACE [Prb.cpp, 1035] - ReadFPGAPacket(0x306A):01 00 0C 28 82 00 02 30 6A D1 4F 0D 
2013/07/19 11:34:00:502 [005900] TRACE [Prb.cpp, 835] - RxStream contents:01 00 0C C4 06 28 00 01 00 CB 16 0D 
2013/07/19 11:34:00:503 [005900] TRACE [Prb.cpp, 943] - RadioBoardPacket(ACK):01 00 0C C4 06 28 00 01 00 CB 16 0D 
2013/07/19 11:34:00:503 [004808] DEBUG [Prb.cpp, 512] - Read FPGA completed, Address=0x306A, Data=0x00
2013/07/19 11:34:00:506 [004808] TRACE [Prb.cpp, 448] - Writing FPGA, Address=0x1026, Data=0x01
2013/07/19 11:34:00:506 [004808] TRACE [Prb.cpp, 1035] - WriteFPGAPacket(0x1026, 0x01):01 00 0D 29 81 00 03 10 26 01 6A 70 0D 
2013/07/19 11:34:00:506 [005900] TRACE [Prb.cpp, 835] - RxStream contents:01 00 0B C5 06 29 00 00 11 A6 0D 
2013/07/19 11:34:00:508 [005900] TRACE [Prb.cpp, 943] - RadioBoardPacket(ACK):01 00 0B C5 06 29 00 00 11 A6 0D 
2013/07/19 11:34:00:508 [004808] DEBUG [Prb.cpp, 466] - Write FPGA completed, Address=0x1026, Data=0x01
2013/07/19 11:34:00:515 [005764] TRACE [Prb.cpp, 539] - Writing CC1020, Address=0x001C, Data=0x07
2013/07/19 11:34:00:516 [005764] TRACE [Prb.cpp, 1035] - WriteCC1020Packet(0x1C, 0x07):01 00 0D 2A 83 00 03 00 1C 07 04 14 0D 
2013/07/19 11:34:00:516 [005900] TRACE [Prb.cpp, 835] - RxStream contents:01 00 0B C6 06 2A 00 00 11 12 0D 
2013/07/19 11:34:00:517 [005900] TRACE [Prb.cpp, 943] - RadioBoardPacket(ACK):01 00 0B C6 06 2A 00 00 11 12 0D 
2013/07/19 11:34:00:518 [005764] DEBUG [Prb.cpp, 557] - Write CC1020 completed, Address=0x001C, Data=0x07
2013/07/19 11:34:00:519 [005764] TRACE [Prb.cpp, 448] - Writing FPGA, Address=0x3012, Data=0x01
2013/07/19 11:34:00:520 [005764] TRACE [Prb.cpp, 1035] - WriteFPGAPacket(0x3012, 0x01):01 00 0D 2B 81 00 03 30 12 01 52 D3 0D 
2013/07/19 11:34:00:520 [005900] TRACE [Prb.cpp, 835] - RxStream contents:01 00 0B C7 06 2B 00 00 11 7E 0D 
2013/07/19 11:34:00:521 [005900] TRACE [Prb.cpp, 943] - RadioBoardPacket(ACK):01 00 0B C7 06 2B 00 00 11 7E 0D 
2013/07/19 11:34:00:522 [005764] DEBUG [Prb.cpp, 466] - Write FPGA completed, Address=0x3012, Data=0x01
2013/07/19 11:34:00:523 [005764] TRACE [Prb.cpp, 493] - Reading FPGA, Address=0x1004
2013/07/19 11:34:00:523 [005764] TRACE [Prb.cpp, 1035] - ReadFPGAPacket(0x1004):01 00 0C 2C 82 00 02 10 04 F0 2D 0D 
2013/07/19 11:34:00:523 [005900] TRACE [Prb.cpp, 835] - RxStream contents:01 00 0C C8 06 2C 00 01 00 BB 1A 0D 
2013/07/19 11:34:00:525 [005900] TRACE [Prb.cpp, 943] - RadioBoardPacket(ACK):01 00 0C C8 06 2C 00 01 00 BB 1A 0D 
2013/07/19 11:34:00:525 [005764] DEBUG [Prb.cpp, 512] - Read FPGA completed, Address=0x1004, Data=0x00
2013/07/19 11:34:00:526 [005764] TRACE [Prb.cpp, 448] - Writing FPGA, Address=0x1004, Data=0x00
2013/07/19 11:34:00:526 [005764] TRACE [Prb.cpp, 1035] - WriteFPGAPacket(0x1004, 0x00):01 00 0D 2D 81 00 03 10 04 00 A2 36 0D 
2013/07/19 11:34:00:526 [005900] TRACE [Prb.cpp, 835] - RxStream contents:01 00 0B C9 06 2D 00 00 93 D5 0D 
2013/07/19 11:34:00:527 [005900] TRACE [Prb.cpp, 943] - RadioBoardPacket(ACK):01 00 0B C9 06 2D 00 00 93 D5 0D 
2013/07/19 11:34:00:528 [005764] DEBUG [Prb.cpp, 466] - Write FPGA completed, Address=0x1004, Data=0x00
2013/07/19 11:34:00:531 [002288] INFO [CommunicationSystemStates.cpp, 130] - Scan requested. Preamble Burst Duration: 9 seconds. Preamble Burst Data Rate: 2.
2013/07/19 11:34:00:531 [002288] TRACE [Prb.cpp, 448] - Writing FPGA, Address=0x1002, Data=0x09
2013/07/19 11:34:00:532 [002288] TRACE [Prb.cpp, 1035] - WriteFPGAPacket(0x1002, 0x09):01 00 0D 2E 81 00 03 10 02 09 B5 30 0D 
2013/07/19 11:34:00:532 [005900] TRACE [Prb.cpp, 835] - RxStream contents:01 00 0B CA 06 2E 00 00 93 61 0D 
2013/07/19 11:34:00:533 [005900] TRACE [Prb.cpp, 943] - RadioBoardPacket(ACK):01 00 0B CA 06 2E 00 00 93 61 0D 
2013/07/19 11:34:00:534 [002288] DEBUG [Prb.cpp, 466] - Write FPGA completed, Address=0x1002, Data=0x09
2013/07/19 11:34:00:534 [002288] TRACE [Prb.cpp, 493] - Reading FPGA, Address=0x1004
2013/07/19 11:34:00:535 [002288] TRACE [Prb.cpp, 1035] - ReadFPGAPacket(0x1004):01 00 0C 2F 82 00 02 10 04 78 2D 0D 
2013/07/19 11:34:00:535 [005900] TRACE [Prb.cpp, 835] - RxStream contents:01 00 0C CB 06 2F 00 01 00 0F 1A 0D 
2013/07/19 11:34:00:536 [005900] TRACE [Prb.cpp, 943] - RadioBoardPacket(ACK):01 00 0C CB 06 2F 00 01 00 0F 1A 0D 
2013/07/19 11:34:00:537 [002288] DEBUG [Prb.cpp, 512] - Read FPGA completed, Address=0x1004, Data=0x00
2013/07/19 11:34:00:537 [002288] TRACE [Prb.cpp, 448] - Writing FPGA, Address=0x1004, Data=0x08
2013/07/19 11:34:00:538 [002288] TRACE [Prb.cpp, 1035] - WriteFPGAPacket(0x1004, 0x08):01 00 0D 30 81 00 03 10 04 08 3E D5 0D 
2013/07/19 11:34:00:538 [005900] TRACE [Prb.cpp, 835] - RxStream contents:01 00 0B CC 06 30 00 00 93 E9 0D 
2013/07/19 11:34:00:539 [005900] TRACE [Prb.cpp, 943] - RadioBoardPacket(ACK):01 00 0B CC 06 30 00 00 93 E9 0D 
2013/07/19 11:34:00:539 [002288] DEBUG [Prb.cpp, 466] - Write FPGA completed, Address=0x1004, Data=0x08
2013/07/19 11:34:00:540 [002288] TRACE [Prb.cpp, 448] - Writing FPGA, Address=0x1008, Data=0x02
2013/07/19 11:34:00:541 [002288] TRACE [Prb.cpp, 1035] - WriteFPGAPacket(0x1008, 0x02):01 00 0D 31 81 00 03 10 08 02 97 FA 0D 
2013/07/19 11:34:00:541 [005900] TRACE [Prb.cpp, 835] - RxStream contents:01 00 0B CD 06 31 00 00 93 85 0D 
2013/07/19 11:34:00:542 [005900] TRACE [Prb.cpp, 943] - RadioBoardPacket(ACK):01 00 0B CD 06 31 00 00 93 85 0D 
2013/07/19 11:34:00:542 [002288] DEBUG [Prb.cpp, 466] - Write FPGA completed, Address=0x1008, Data=0x02
2013/07/19 11:34:11:665 [001200] INFO [CommunicationSystemStates.cpp, 168] - Scan complete
2013/07/19 11:34:11:666 [001200] TRACE [Prb.cpp, 584] - Reading CC1020, Address=0x0004
2013/07/19 11:34:11:667 [001200] TRACE [Prb.cpp, 1035] - ReadCC1020Packet(0x04):01 00 0C 32 84 00 02 00 04 41 20 0D 
2013/07/19 11:34:11:667 [005900] TRACE [Prb.cpp, 835] - RxStream contents:01 00 0C CF 06 32 00 01 35 CB A7 0D 
2013/07/19 11:34:11:668 [005900] TRACE [Prb.cpp, 943] - RadioBoardPacket(ACK):01 00 0C CF 06 32 00 01 35 CB A7 0D 
2013/07/19 11:34:11:669 [001200] DEBUG [Prb.cpp, 603] - Read CC1020 completed, Address=0x0004, Data=0x35
2013/07/19 11:34:11:670 [001200] TRACE [Prb.cpp, 584] - Reading CC1020, Address=0x0005
2013/07/19 11:34:11:670 [001200] TRACE [Prb.cpp, 1035] - ReadCC1020Packet(0x05):01 00 0C 33 84 00 02 00 05 39 26 0D 
2013/07/19 11:34:11:670 [005900] TRACE [Prb.cpp, 835] - RxStream contents:01 00 0C D0 06 33 00 01 F0 F5 27 0D 
2013/07/19 11:34:11:671 [005900] TRACE [Prb.cpp, 943] - RadioBoardPacket(ACK):01 00 0C D0 06 33 00 01 F0 F5 27 0D 
2013/07/19 11:34:11:672 [001200] DEBUG [Prb.cpp, 603] - Read CC1020 completed, Address=0x0005, Data=0xF0
2013/07/19 11:34:11:673 [001200] TRACE [Prb.cpp, 584] - Reading CC1020, Address=0x0006
2013/07/19 11:34:11:673 [001200] TRACE [Prb.cpp, 1035] - ReadCC1020Packet(0x06):01 00 0C 34 84 00 02 00 06 51 2A 0D 
2013/07/19 11:34:11:673 [005900] TRACE [Prb.cpp, 835] - RxStream contents:01 00 0C D1 06 34 00 01 21 E3 C1 0D 
2013/07/19 11:34:11:674 [005900] TRACE [Prb.cpp, 943] - RadioBoardPacket(ACK):01 00 0C D1 06 34 00 01 21 E3 C1 0D 
2013/07/19 11:34:11:675 [001200] DEBUG [Prb.cpp, 603] - Read CC1020 completed, Address=0x0006, Data=0x21
2013/07/19 11:34:11:675 [001200] TRACE [Prb.cpp, 584] - Reading CC1020, Address=0x0008
2013/07/19 11:34:11:676 [001200] TRACE [Prb.cpp, 1035] - ReadCC1020Packet(0x08):01 00 0C 35 84 00 02 00 08 29 0E 0D 
2013/07/19 11:34:11:676 [005900] TRACE [Prb.cpp, 835] - RxStream contents:01 00 0C D2 06 35 00 01 35 FF BA 0D 
2013/07/19 11:34:11:677 [005900] TRACE [Prb.cpp, 943] - RadioBoardPacket(ACK):01 00 0C D2 06 35 00 01 35 FF BA 0D 
2013/07/19 11:34:11:678 [001200] DEBUG [Prb.cpp, 603] - Read CC1020 completed, Address=0x0008, Data=0x35
2013/07/19 11:34:11:678 [001200] TRACE [Prb.cpp, 584] - Reading CC1020, Address=0x0009
2013/07/19 11:34:11:679 [001200] TRACE [Prb.cpp, 1035] - ReadCC1020Packet(0x09):01 00 0C 36 84 00 02 00 09 21 0B 0D 
2013/07/19 11:34:11:679 [005900] TRACE [Prb.cpp, 835] - RxStream contents:01 00 0C D3 06 36 00 01 FA 39 1B 0D 
2013/07/19 11:34:11:680 [005900] TRACE [Prb.cpp, 943] - RadioBoardPacket(ACK):01 00 0C D3 06 36 00 01 FA 39 1B 0D 
2013/07/19 11:34:11:680 [001200] DEBUG [Prb.cpp, 603] - Read CC1020 completed, Address=0x0009, Data=0xFA
2013/07/19 11:34:11:681 [001200] TRACE [Prb.cpp, 584] - Reading CC1020, Address=0x000A
2013/07/19 11:34:11:682 [001200] TRACE [Prb.cpp, 1035] - ReadCC1020Packet(0x0A):01 00 0C 37 84 00 02 00 0A D9 02 0D 
2013/07/19 11:34:11:682 [005900] TRACE [Prb.cpp, 835] - RxStream contents:01 00 0C D4 06 37 00 01 CB 45 BB 0D 
2013/07/19 11:34:11:683 [005900] TRACE [Prb.cpp, 943] - RadioBoardPacket(ACK):01 00 0C D4 06 37 00 01 CB 45 BB 0D 
2013/07/19 11:34:11:683 [001200] DEBUG [Prb.cpp, 603] - Read CC1020 completed, Address=0x000A, Data=0xCB
2013/07/19 11:34:11:684 [001200] TRACE [Prb.cpp, 584] - Reading CC1020, Address=0x000F
2013/07/19 11:34:11:684 [001200] TRACE [Prb.cpp, 1035] - ReadCC1020Packet(0x0F):01 00 0C 38 84 00 02 00 0F F1 13 0D 
2013/07/19 11:34:11:684 [005900] TRACE [Prb.cpp, 835] - RxStream contents:01 00 0C D5 06 38 00 01 DF 71 C0 0D 
2013/07/19 11:34:11:685 [005900] TRACE [Prb.cpp, 943] - RadioBoardPacket(ACK):01 00 0C D5 06 38 00 01 DF 71 C0 0D 
2013/07/19 11:34:11:686 [001200] DEBUG [Prb.cpp, 603] - Read CC1020 completed, Address=0x000F, Data=0xDF
2013/07/19 11:34:11:686 [001200] TRACE [Prb.cpp, 584] - Reading CC1020, Address=0x0010
2013/07/19 11:34:11:687 [001200] TRACE [Prb.cpp, 1035] - ReadCC1020Packet(0x10):01 00 0C 39 84 00 02 00 10 89 51 0D 
2013/07/19 11:34:11:687 [005900] TRACE [Prb.cpp, 835] - RxStream contents:01 00 0C D6 06 39 00 01 80 6C 01 0D 
2013/07/19 11:34:11:688 [005900] TRACE [Prb.cpp, 943] - RadioBoardPacket(ACK):01 00 0C D6 06 39 00 01 80 6C 01 0D 
2013/07/19 11:34:11:689 [001200] DEBUG [Prb.cpp, 603] - Read CC1020 completed, Address=0x0010, Data=0x80
2013/07/19 11:34:11:689 [001200] TRACE [Prb.cpp, 584] - Reading CC1020, Address=0x0013
2013/07/19 11:34:11:690 [001200] TRACE [Prb.cpp, 1035] - ReadCC1020Packet(0x13):01 00 0C 3A 84 00 02 00 13 01 5B 0D 
2013/07/19 11:34:11:690 [005900] TRACE [Prb.cpp, 835] - RxStream contents:01 00 0C D7 06 3A 00 01 33 2B AB 0D 
2013/07/19 11:34:11:691 [005900] TRACE [Prb.cpp, 943] - RadioBoardPacket(ACK):01 00 0C D7 06 3A 00 01 33 2B AB 0D 
2013/07/19 11:34:11:691 [001200] DEBUG [Prb.cpp, 603] - Read CC1020 completed, Address=0x0013, Data=0x33
2013/07/19 11:34:11:692 [001200] TRACE [Prb.cpp, 584] - Reading CC1020, Address=0x0014
2013/07/19 11:34:11:692 [001200] TRACE [Prb.cpp, 1035] - ReadCC1020Packet(0x14):01 00 0C 3B 84 00 02 00 14 79 49 0D 
2013/07/19 11:34:11:692 [005900] TRACE [Prb.cpp, 835] - RxStream contents:01 00 0C D8 06 3B 00 01 3D 17 80 0D 
2013/07/19 11:34:11:694 [005900] TRACE [Prb.cpp, 943] - RadioBoardPacket(ACK):01 00 0C D8 06 3B 00 01 3D 17 80 0D 
2013/07/19 11:34:11:694 [001200] DEBUG [Prb.cpp, 603] - Read CC1020 completed, Address=0x0014, Data=0x3D
2013/07/19 11:34:11:695 [001200] TRACE [Prb.cpp, 584] - Reading CC1020, Address=0x0043
2013/07/19 11:34:11:695 [001200] TRACE [Prb.cpp, 1035] - ReadCC1020Packet(0x43):01 00 0C 3C 84 00 02 00 43 90 BE 0D 
2013/07/19 11:34:11:695 [005900] TRACE [Prb.cpp, 835] - RxStream contents:01 00 0C D9 06 3C 00 01 00 83 0D 0D 
2013/07/19 11:34:11:696 [005900] TRACE [Prb.cpp, 943] - RadioBoardPacket(ACK):01 00 0C D9 06 3C 00 01 00 83 0D 0D 
2013/07/19 11:34:11:697 [001200] DEBUG [Prb.cpp, 603] - Read CC1020 completed, Address=0x0043, Data=0x00
2013/07/19 11:34:11:698 [001200] DEBUG [ComSysDiagnostics.cpp, 63] - CC1020 [Scan complete] FREQ_2A: 0x35 FREQ_1A: 0xf0 FREQ_0A: 0x21
2013/07/19 11:34:11:698 [001200] DEBUG [ComSysDiagnostics.cpp, 67] - CC1020 [Scan complete] FREQ_2B: 0x35 FREQ_1B: 0xfa FREQ_0B: 0xcb
2013/07/19 11:34:11:699 [001200] DEBUG [ComSysDiagnostics.cpp, 72] - CC1020 [Scan complete] AFC_CONTROL: 0xdf FILTER: 0x80 VGA3: 0x33 VGA4: 0x3d AFC: 0x00
2013/07/19 11:34:11:699 [001200] INFO [CommunicationSystemStates.cpp, 173] - Found 1 valid ids during the scan operation.
2013/07/19 11:34:11:701 [001200] INFO [CommunicationSystemStates.cpp, 190] - Id: 0x80201085.
2013/07/19 11:34:11:703 [001200] INFO [CommunicationSystemStates.cpp, 198] - Found 0 invalid ids during the scan operation.
2013/07/19 11:34:11:706 [002288] INFO [CommunicationSystemStates.cpp, 130] - Scan requested. Preamble Burst Duration: 2 seconds. Preamble Burst Data Rate: 0.
2013/07/19 11:34:11:707 [002288] TRACE [Prb.cpp, 448] - Writing FPGA, Address=0x1002, Data=0x02
2013/07/19 11:34:11:708 [002288] TRACE [Prb.cpp, 1035] - WriteFPGAPacket(0x1002, 0x02):01 00 0D 3D 81 00 03 10 02 02 A7 3A 0D 
2013/07/19 11:34:11:708 [005900] TRACE [Prb.cpp, 835] - RxStream contents:01 00 0B DA 06 3D 00 00 95 9D 0D 
2013/07/19 11:34:11:709 [005900] TRACE [Prb.cpp, 943] - RadioBoardPacket(ACK):01 00 0B DA 06 3D 00 00 95 9D 0D 
2013/07/19 11:34:11:710 [002288] DEBUG [Prb.cpp, 466] - Write FPGA completed, Address=0x1002, Data=0x02
2013/07/19 11:34:11:710 [002288] TRACE [Prb.cpp, 493] - Reading FPGA, Address=0x1004
2013/07/19 11:34:11:711 [002288] TRACE [Prb.cpp, 1035] - ReadFPGAPacket(0x1004):01 00 0C 3E 82 00 02 10 04 00 3C 0D 
2013/07/19 11:34:11:711 [005900] TRACE [Prb.cpp, 835] - RxStream contents:01 00 0C DB 06 3E 00 01 08 DB 3E 0D 
2013/07/19 11:34:11:712 [005900] TRACE [Prb.cpp, 943] - RadioBoardPacket(ACK):01 00 0C DB 06 3E 00 01 08 DB 3E 0D 
2013/07/19 11:34:11:713 [002288] DEBUG [Prb.cpp, 512] - Read FPGA completed, Address=0x1004, Data=0x08
2013/07/19 11:34:11:713 [002288] TRACE [Prb.cpp, 448] - Writing FPGA, Address=0x1004, Data=0x00
2013/07/19 11:34:11:714 [002288] TRACE [Prb.cpp, 1035] - WriteFPGAPacket(0x1004, 0x00):01 00 0D 3F 81 00 03 10 04 00 B1 16 0D 
2013/07/19 11:34:11:714 [005900] TRACE [Prb.cpp, 835] - RxStream contents:01 00 0B DC 06 3F 00 00 14 A6 0D 
2013/07/19 11:34:11:715 [005900] TRACE [Prb.cpp, 943] - RadioBoardPacket(ACK):01 00 0B DC 06 3F 00 00 14 A6 0D 
2013/07/19 11:34:11:715 [002288] DEBUG [Prb.cpp, 466] - Write FPGA completed, Address=0x1004, Data=0x00
2013/07/19 11:34:11:716 [002288] TRACE [Prb.cpp, 448] - Writing FPGA, Address=0x1008, Data=0x02
2013/07/19 11:34:11:717 [002288] TRACE [Prb.cpp, 1035] - WriteFPGAPacket(0x1008, 0x02):01 00 0D 40 81 00 03 10 08 02 E1 EA 0D 
2013/07/19 11:34:11:717 [005900] TRACE [Prb.cpp, 835] - RxStream contents:01 00 0B DD 06 40 00 00 12 D2 0D 
2013/07/19 11:34:11:718 [005900] TRACE [Prb.cpp, 943] - RadioBoardPacket(ACK):01 00 0B DD 06 40 00 00 12 D2 0D 
2013/07/19 11:34:11:718 [002288] DEBUG [Prb.cpp, 466] - Write FPGA completed, Address=0x1008, Data=0x02
2013/07/19 11:34:15:829 [001200] INFO [CommunicationSystemStates.cpp, 168] - Scan complete
2013/07/19 11:34:15:829 [001200] TRACE [Prb.cpp, 584] - Reading CC1020, Address=0x0004
2013/07/19 11:34:15:830 [001200] TRACE [Prb.cpp, 1035] - ReadCC1020Packet(0x04):01 00 0C 41 84 00 02 00 04 49 54 0D 
2013/07/19 11:34:15:830 [005900] TRACE [Prb.cpp, 835] - RxStream contents:01 00 0C DF 06 41 00 01 35 37 A2 0D 
2013/07/19 11:34:15:831 [005900] TRACE [Prb.cpp, 943] - RadioBoardPacket(ACK):01 00 0C DF 06 41 00 01 35 37 A2 0D 
2013/07/19 11:34:15:832 [001200] DEBUG [Prb.cpp, 603] - Read CC1020 completed, Address=0x0004, Data=0x35
2013/07/19 11:34:15:833 [001200] TRACE [Prb.cpp, 584] - Reading CC1020, Address=0x0005
2013/07/19 11:34:15:833 [001200] TRACE [Prb.cpp, 1035] - ReadCC1020Packet(0x05):01 00 0C 42 84 00 02 00 05 41 51 0D 
2013/07/19 11:34:15:833 [005900] TRACE [Prb.cpp, 835] - RxStream contents:01 00 0C E0 06 42 00 01 F0 21 00 0D 
2013/07/19 11:34:15:834 [005900] TRACE [Prb.cpp, 943] - RadioBoardPacket(ACK):01 00 0C E0 06 42 00 01 F0 21 00 0D 
2013/07/19 11:34:15:835 [001200] DEBUG [Prb.cpp, 603] - Read CC1020 completed, Address=0x0005, Data=0xF0
2013/07/19 11:34:15:835 [001200] TRACE [Prb.cpp, 584] - Reading CC1020, Address=0x0006
2013/07/19 11:34:15:836 [001200] TRACE [Prb.cpp, 1035] - ReadCC1020Packet(0x06):01 00 0C 43 84 00 02 00 06 B9 58 0D 
2013/07/19 11:34:15:836 [005900] TRACE [Prb.cpp, 835] - RxStream contents:01 00 0C E1 06 43 00 01 21 4F E6 0D 
2013/07/19 11:34:15:837 [005900] TRACE [Prb.cpp, 943] - RadioBoardPacket(ACK):01 00 0C E1 06 43 00 01 21 4F E6 0D 
2013/07/19 11:34:15:838 [001200] DEBUG [Prb.cpp, 603] - Read CC1020 completed, Address=0x0006, Data=0x21
2013/07/19 11:34:15:838 [001200] TRACE [Prb.cpp, 584] - Reading CC1020, Address=0x0008
2013/07/19 11:34:15:839 [001200] TRACE [Prb.cpp, 1035] - ReadCC1020Packet(0x08):01 00 0C 44 84 00 02 00 08 51 79 0D 
2013/07/19 11:34:15:839 [005900] TRACE [Prb.cpp, 835] - RxStream contents:01 00 0C E2 06 44 00 01 35 2B 9D 0D 
2013/07/19 11:34:15:840 [005900] TRACE [Prb.cpp, 943] - RadioBoardPacket(ACK):01 00 0C E2 06 44 00 01 35 2B 9D 0D 
2013/07/19 11:34:15:840 [001200] DEBUG [Prb.cpp, 603] - Read CC1020 completed, Address=0x0008, Data=0x35
2013/07/19 11:34:15:841 [001200] TRACE [Prb.cpp, 584] - Reading CC1020, Address=0x0009
2013/07/19 11:34:15:842 [001200] TRACE [Prb.cpp, 1035] - ReadCC1020Packet(0x09):01 00 0C 45 84 00 02 00 09 29 7F 0D 
2013/07/19 11:34:15:842 [005900] TRACE [Prb.cpp, 835] - RxStream contents:01 00 0C E3 06 45 00 01 FA 45 3F 0D 
2013/07/19 11:34:15:843 [005900] TRACE [Prb.cpp, 943] - RadioBoardPacket(ACK):01 00 0C E3 06 45 00 01 FA 45 3F 0D 
2013/07/19 11:34:15:843 [001200] DEBUG [Prb.cpp, 603] - Read CC1020 completed, Address=0x0009, Data=0xFA
2013/07/19 11:34:15:844 [001200] TRACE [Prb.cpp, 584] - Reading CC1020, Address=0x000A
2013/07/19 11:34:15:844 [001200] TRACE [Prb.cpp, 1035] - ReadCC1020Packet(0x0A):01 00 0C 46 84 00 02 00 0A A1 75 0D 
2013/07/19 11:34:15:844 [005900] TRACE [Prb.cpp, 835] - RxStream contents:01 00 0C E4 06 46 00 01 CB 91 9C 0D 
2013/07/19 11:34:15:845 [005900] TRACE [Prb.cpp, 943] - RadioBoardPacket(ACK):01 00 0C E4 06 46 00 01 CB 91 9C 0D 
2013/07/19 11:34:15:846 [001200] DEBUG [Prb.cpp, 603] - Read CC1020 completed, Address=0x000A, Data=0xCB
2013/07/19 11:34:15:846 [001200] TRACE [Prb.cpp, 584] - Reading CC1020, Address=0x000F
2013/07/19 11:34:15:847 [001200] TRACE [Prb.cpp, 1035] - ReadCC1020Packet(0x0F):01 00 0C 47 84 00 02 00 0F 59 68 0D 
2013/07/19 11:34:15:847 [005900] TRACE [Prb.cpp, 835] - RxStream contents:01 00 0C E5 06 47 00 01 DF FD E4 0D 
2013/07/19 11:34:15:848 [005900] TRACE [Prb.cpp, 943] - RadioBoardPacket(ACK):01 00 0C E5 06 47 00 01 DF FD E4 0D 
2013/07/19 11:34:15:849 [001200] DEBUG [Prb.cpp, 603] - Read CC1020 completed, Address=0x000F, Data=0xDF
2013/07/19 11:34:15:849 [001200] TRACE [Prb.cpp, 584] - Reading CC1020, Address=0x0010
2013/07/19 11:34:15:850 [001200] TRACE [Prb.cpp, 1035] - ReadCC1020Packet(0x10):01 00 0C 48 84 00 02 00 10 F1 26 0D 
2013/07/19 11:34:15:850 [005900] TRACE [Prb.cpp, 835] - RxStream contents:01 00 0C E6 06 48 00 01 80 B8 26 0D 
2013/07/19 11:34:15:851 [005900] TRACE [Prb.cpp, 943] - RadioBoardPacket(ACK):01 00 0C E6 06 48 00 01 80 B8 26 0D 
2013/07/19 11:34:15:851 [001200] DEBUG [Prb.cpp, 603] - Read CC1020 completed, Address=0x0010, Data=0x80
2013/07/19 11:34:15:852 [001200] TRACE [Prb.cpp, 584] - Reading CC1020, Address=0x0013
2013/07/19 11:34:15:853 [005900] TRACE [Prb.cpp, 835] - RxStream contents:01 00 0C E7 06 49 00 01 33 57 8F 0D 
2013/07/19 11:34:15:853 [001200] TRACE [Prb.cpp, 1035] - ReadCC1020Packet(0x13):01 00 0C 49 84 00 02 00 13 09 2F 0D 
2013/07/19 11:34:15:853 [005900] TRACE [Prb.cpp, 943] - RadioBoardPacket(ACK):01 00 0C E7 06 49 00 01 33 57 8F 0D 
2013/07/19 11:34:15:854 [001200] DEBUG [Prb.cpp, 603] - Read CC1020 completed, Address=0x0013, Data=0x33
2013/07/19 11:34:15:855 [001200] TRACE [Prb.cpp, 584] - Reading CC1020, Address=0x0014
2013/07/19 11:34:15:855 [001200] TRACE [Prb.cpp, 1035] - ReadCC1020Packet(0x14):01 00 0C 4A 84 00 02 00 14 01 3E 0D 
2013/07/19 11:34:15:855 [005900] TRACE [Prb.cpp, 835] - RxStream contents:01 00 0C E8 06 4A 00 01 3D C3 A7 0D 
2013/07/19 11:34:15:856 [005900] TRACE [Prb.cpp, 943] - RadioBoardPacket(ACK):01 00 0C E8 06 4A 00 01 3D C3 A7 0D 
2013/07/19 11:34:15:857 [001200] DEBUG [Prb.cpp, 603] - Read CC1020 completed, Address=0x0014, Data=0x3D
2013/07/19 11:34:15:858 [001200] TRACE [Prb.cpp, 584] - Reading CC1020, Address=0x0043
2013/07/19 11:34:15:858 [001200] TRACE [Prb.cpp, 1035] - ReadCC1020Packet(0x43):01 00 0C 4B 84 00 02 00 43 78 CC 0D 
2013/07/19 11:34:15:858 [005900] TRACE [Prb.cpp, 835] - RxStream contents:01 00 0C E9 06 4B 00 01 00 2F 2A 0D 
2013/07/19 11:34:15:859 [005900] TRACE [Prb.cpp, 943] - RadioBoardPacket(ACK):01 00 0C E9 06 4B 00 01 00 2F 2A 0D 
2013/07/19 11:34:15:860 [001200] DEBUG [Prb.cpp, 603] - Read CC1020 completed, Address=0x0043, Data=0x00
2013/07/19 11:34:15:860 [001200] DEBUG [ComSysDiagnostics.cpp, 63] - CC1020 [Scan complete] FREQ_2A: 0x35 FREQ_1A: 0xf0 FREQ_0A: 0x21
2013/07/19 11:34:15:861 [001200] DEBUG [ComSysDiagnostics.cpp, 67] - CC1020 [Scan complete] FREQ_2B: 0x35 FREQ_1B: 0xfa FREQ_0B: 0xcb
2013/07/19 11:34:15:861 [001200] DEBUG [ComSysDiagnostics.cpp, 72] - CC1020 [Scan complete] AFC_CONTROL: 0xdf FILTER: 0x80 VGA3: 0x33 VGA4: 0x3d AFC: 0x00
2013/07/19 11:34:15:862 [001200] INFO [CommunicationSystemStates.cpp, 173] - Found 3 valid ids during the scan operation.
2013/07/19 11:34:15:862 [001200] INFO [CommunicationSystemStates.cpp, 190] - Id: 0x80000009.
2013/07/19 11:34:15:863 [001200] INFO [CommunicationSystemStates.cpp, 190] - Id: 0x80201085.
2013/07/19 11:34:15:863 [001200] INFO [CommunicationSystemStates.cpp, 190] - Id: 0x801c0094.
2013/07/19 11:34:15:864 [001200] INFO [CommunicationSystemStates.cpp, 198] - Found 0 invalid ids during the scan operation.
2013/07/19 11:34:15:878 [005764] TRACE [Prb.cpp, 493] - Reading FPGA, Address=0x1004
2013/07/19 11:34:15:879 [005764] TRACE [Prb.cpp, 1035] - ReadFPGAPacket(0x1004):01 00 0C 4C 82 00 02 10 04 F0 4B 0D 
2013/07/19 11:34:15:879 [005900] TRACE [Prb.cpp, 835] - RxStream contents:01 00 0C EA 06 4C 00 01 00 4B 29 0D 
2013/07/19 11:34:15:880 [005900] TRACE [Prb.cpp, 943] - RadioBoardPacket(ACK):01 00 0C EA 06 4C 00 01 00 4B 29 0D 
2013/07/19 11:34:15:880 [005764] DEBUG [Prb.cpp, 512] - Read FPGA completed, Address=0x1004, Data=0x00
2013/07/19 11:34:15:881 [005764] TRACE [Prb.cpp, 448] - Writing FPGA, Address=0x1004, Data=0x00
2013/07/19 11:34:15:882 [005764] TRACE [Prb.cpp, 1035] - WriteFPGAPacket(0x1004, 0x00):01 00 0D 4D 81 00 03 10 04 00 C4 36 0D 
2013/07/19 11:34:15:882 [005900] TRACE [Prb.cpp, 835] - RxStream contents:01 00 0B EB 06 4D 00 00 9B A5 0D 
2013/07/19 11:34:15:883 [005900] TRACE [Prb.cpp, 943] - RadioBoardPacket(ACK):01 00 0B EB 06 4D 00 00 9B A5 0D 
2013/07/19 11:34:15:883 [005764] DEBUG [Prb.cpp, 466] - Write FPGA completed, Address=0x1004, Data=0x00
2013/07/19 11:34:15:884 [002288] INFO [CrossTalkDetectorStates.cpp, 98] - LinkTimeout = 4523 ms
2013/07/19 11:34:15:885 [002288] INFO [CrossTalkDetector.cpp, 68] - CrossTalkDetector state changing from IdleState to LinkingState
2013/07/19 11:34:15:887 [002288] INFO [CommunicationSystemStates.cpp, 147] - Link requested. Id: 0x801c0094. Preamble Burst Duration: 2 seconds. Preamble Burst Data Rate: 0.
2013/07/19 11:34:15:888 [002288] DEBUG [ComSysDiagnostics.cpp, 95] - Resetting FPGA Frame Error Counter
2013/07/19 11:34:15:888 [002288] TRACE [Prb.cpp, 448] - Writing FPGA, Address=0x301C, Data=0x00
2013/07/19 11:34:15:889 [002288] TRACE [Prb.cpp, 1035] - WriteFPGAPacket(0x301C, 0x00):01 00 0D 4E 81 00 03 30 1C 00 15 85 0D 
2013/07/19 11:34:15:889 [005900] TRACE [Prb.cpp, 835] - RxStream contents:01 00 0B EC 06 4E 00 00 1A F2 0D 
2013/07/19 11:34:15:890 [005900] TRACE [Prb.cpp, 943] - RadioBoardPacket(ACK):01 00 0B EC 06 4E 00 00 1A F2 0D 
2013/07/19 11:34:15:891 [002288] DEBUG [Prb.cpp, 466] - Write FPGA completed, Address=0x301C, Data=0x00
2013/07/19 11:34:15:891 [002288] TRACE [Prb.cpp, 448] - Writing FPGA, Address=0x2000, Data=0x80
2013/07/19 11:34:15:892 [002288] TRACE [Prb.cpp, 1035] - WriteFPGAPacket(0x2000, 0x80):01 00 0D 4F 81 00 03 20 00 80 5E D5 0D 
2013/07/19 11:34:15:892 [005900] TRACE [Prb.cpp, 835] - RxStream contents:01 00 0B ED 06 4F 00 00 1A 9E 0D 
2013/07/19 11:34:15:893 [005900] TRACE [Prb.cpp, 943] - RadioBoardPacket(ACK):01 00 0B ED 06 4F 00 00 1A 9E 0D 
2013/07/19 11:34:15:894 [002288] DEBUG [Prb.cpp, 466] - Write FPGA completed, Address=0x2000, Data=0x80
2013/07/19 11:34:15:894 [002288] TRACE [Prb.cpp, 448] - Writing FPGA, Address=0x2002, Data=0x1C
2013/07/19 11:34:15:895 [002288] TRACE [Prb.cpp, 1035] - WriteFPGAPacket(0x2002, 0x1C):01 00 0D 50 81 00 03 20 02 1C 4F 6D 0D 
2013/07/19 11:34:15:895 [005900] TRACE [Prb.cpp, 835] - RxStream contents:01 00 0B EE 06 50 00 00 9B 99 0D 
2013/07/19 11:34:15:896 [005900] TRACE [Prb.cpp, 943] - RadioBoardPacket(ACK):01 00 0B EE 06 50 00 00 9B 99 0D 
2013/07/19 11:34:15:896 [002288] DEBUG [Prb.cpp, 466] - Write FPGA completed, Address=0x2002, Data=0x1C
2013/07/19 11:34:15:897 [002288] TRACE [Prb.cpp, 448] - Writing FPGA, Address=0x2004, Data=0x00
2013/07/19 11:34:15:898 [002288] TRACE [Prb.cpp, 1035] - WriteFPGAPacket(0x2004, 0x00):01 00 0D 51 81 00 03 20 04 00 5A 35 0D 
2013/07/19 11:34:15:898 [005900] TRACE [Prb.cpp, 835] - RxStream contents:01 00 0B EF 06 51 00 00 9B F5 0D 
2013/07/19 11:34:15:899 [005900] TRACE [Prb.cpp, 943] - RadioBoardPacket(ACK):01 00 0B EF 06 51 00 00 9B F5 0D 
2013/07/19 11:34:15:899 [002288] DEBUG [Prb.cpp, 466] - Write FPGA completed, Address=0x2004, Data=0x00
2013/07/19 11:34:15:900 [002288] TRACE [Prb.cpp, 448] - Writing FPGA, Address=0x2006, Data=0x94
2013/07/19 11:34:15:901 [002288] TRACE [Prb.cpp, 1035] - WriteFPGAPacket(0x2006, 0x94):01 00 0D 52 81 00 03 20 06 94 56 7D 0D 
2013/07/19 11:34:15:901 [005900] TRACE [Prb.cpp, 835] - RxStream contents:01 00 0B F0 06 52 00 00 1E E2 0D 
2013/07/19 11:34:15:902 [005900] TRACE [Prb.cpp, 943] - RadioBoardPacket(ACK):01 00 0B F0 06 52 00 00 1E E2 0D 
2013/07/19 11:34:15:902 [002288] DEBUG [Prb.cpp, 466] - Write FPGA completed, Address=0x2006, Data=0x94
2013/07/19 11:34:15:903 [002288] TRACE [Prb.cpp, 448] - Writing FPGA, Address=0x1002, Data=0x02
2013/07/19 11:34:15:903 [002288] TRACE [Prb.cpp, 1035] - WriteFPGAPacket(0x1002, 0x02):01 00 0D 53 81 00 03 10 02 02 4F D9 0D 
2013/07/19 11:34:15:903 [005900] TRACE [Prb.cpp, 835] - RxStream contents:01 00 0B F1 06 53 00 00 1E 8E 0D 
2013/07/19 11:34:15:905 [005900] TRACE [Prb.cpp, 943] - RadioBoardPacket(ACK):01 00 0B F1 06 53 00 00 1E 8E 0D 
2013/07/19 11:34:15:905 [002288] DEBUG [Prb.cpp, 466] - Write FPGA completed, Address=0x1002, Data=0x02
2013/07/19 11:34:15:906 [002288] TRACE [Prb.cpp, 493] - Reading FPGA, Address=0x1004
2013/07/19 11:34:15:906 [002288] TRACE [Prb.cpp, 1035] - ReadFPGAPacket(0x1004):01 00 0C 54 82 00 02 10 04 30 50 0D 
2013/07/19 11:34:15:906 [005900] TRACE [Prb.cpp, 835] - RxStream contents:01 00 0C F2 06 54 00 01 00 EB 37 0D 
2013/07/19 11:34:15:907 [005900] TRACE [Prb.cpp, 943] - RadioBoardPacket(ACK):01 00 0C F2 06 54 00 01 00 EB 37 0D 
2013/07/19 11:34:15:908 [002288] DEBUG [Prb.cpp, 512] - Read FPGA completed, Address=0x1004, Data=0x00
2013/07/19 11:34:15:908 [002288] TRACE [Prb.cpp, 448] - Writing FPGA, Address=0x1004, Data=0x00
2013/07/19 11:34:15:909 [002288] TRACE [Prb.cpp, 1035] - WriteFPGAPacket(0x1004, 0x00):01 00 0D 55 81 00 03 10 04 00 DD B6 0D 
2013/07/19 11:34:15:909 [005900] TRACE [Prb.cpp, 835] - RxStream contents:01 00 0B F3 06 55 00 00 9E 05 0D 
2013/07/19 11:34:15:910 [005900] TRACE [Prb.cpp, 943] - RadioBoardPacket(ACK):01 00 0B F3 06 55 00 00 9E 05 0D 
2013/07/19 11:34:15:911 [002288] DEBUG [Prb.cpp, 466] - Write FPGA completed, Address=0x1004, Data=0x00
2013/07/19 11:34:15:911 [002288] TRACE [Prb.cpp, 448] - Writing FPGA, Address=0x1008, Data=0x04
2013/07/19 11:34:15:912 [002288] TRACE [Prb.cpp, 1035] - WriteFPGAPacket(0x1008, 0x04):01 00 0D 56 81 00 03 10 08 04 76 9D 0D 
2013/07/19 11:34:15:912 [005900] TRACE [Prb.cpp, 835] - RxStream contents:01 00 0B F4 06 56 00 00 1F 52 0D 
2013/07/19 11:34:15:913 [005900] TRACE [Prb.cpp, 943] - RadioBoardPacket(ACK):01 00 0B F4 06 56 00 00 1F 52 0D 
2013/07/19 11:34:15:913 [002288] DEBUG [Prb.cpp, 466] - Write FPGA completed, Address=0x1008, Data=0x04
2013/07/19 11:34:18:819 [001200] INFO [CrossTalkDetectorStates.cpp, 174] - Invalid frame while linking
2013/07/19 11:34:18:820 [001200] TRACE [Prb.cpp, 493] - Reading FPGA, Address=0x3018
2013/07/19 11:34:18:821 [001200] TRACE [Prb.cpp, 1035] - ReadFPGAPacket(0x3018):01 00 0C 57 82 00 02 30 18 78 18 0D 
2013/07/19 11:34:18:821 [005900] TRACE [Prb.cpp, 835] - RxStream contents:01 00 0C F6 06 57 00 01 3F 37 B3 0D 
2013/07/19 11:34:18:822 [005900] TRACE [Prb.cpp, 943] - RadioBoardPacket(ACK):01 00 0C F6 06 57 00 01 3F 37 B3 0D 
2013/07/19 11:34:18:823 [001200] DEBUG [Prb.cpp, 512] - Read FPGA completed, Address=0x3018, Data=0x3F
2013/07/19 11:34:18:823 [001200] TRACE [Prb.cpp, 493] - Reading FPGA, Address=0x301A
2013/07/19 11:34:18:824 [001200] TRACE [Prb.cpp, 1035] - ReadFPGAPacket(0x301A):01 00 0C 58 82 00 02 30 1A D0 18 0D 
2013/07/19 11:34:18:824 [005900] TRACE [Prb.cpp, 835] - RxStream contents:01 00 0C F7 06 58 00 01 01 83 37 0D 
2013/07/19 11:34:18:825 [005900] TRACE [Prb.cpp, 943] - RadioBoardPacket(ACK):01 00 0C F7 06 58 00 01 01 83 37 0D 
2013/07/19 11:34:18:826 [001200] DEBUG [Prb.cpp, 512] - Read FPGA completed, Address=0x301A, Data=0x01
2013/07/19 11:34:18:826 [001200] TRACE [Prb.cpp, 493] - Reading FPGA, Address=0x3070
2013/07/19 11:34:18:827 [001200] TRACE [Prb.cpp, 1035] - ReadFPGAPacket(0x3070):01 00 0C 59 82 00 02 30 70 29 67 0D 
2013/07/19 11:34:18:827 [005900] TRACE [Prb.cpp, 835] - RxStream contents:01 00 0C F8 06 59 00 01 FE 3D 39 0D 
2013/07/19 11:34:18:828 [005900] TRACE [Prb.cpp, 943] - RadioBoardPacket(ACK):01 00 0C F8 06 59 00 01 FE 3D 39 0D 
2013/07/19 11:34:18:828 [001200] DEBUG [Prb.cpp, 512] - Read FPGA completed, Address=0x3070, Data=0xFE
2013/07/19 11:34:18:829 [001200] DEBUG [ComSysDiagnostics.cpp, 31] - FPGA RSSI/AFC [Linking(invalid frame)] linkedRSSI:63 linkedAFC:1 AFC:254
2013/07/19 11:34:18:835 [001200] TRACE [Prb.cpp, 493] - Reading FPGA, Address=0x3018
2013/07/19 11:34:18:836 [001200] TRACE [Prb.cpp, 1035] - ReadFPGAPacket(0x3018):01 00 0C 5A 82 00 02 30 18 20 14 0D 
2013/07/19 11:34:18:836 [005900] TRACE [Prb.cpp, 835] - RxStream contents:01 00 0C FA 06 5A 00 01 40 72 BE 0D 
2013/07/19 11:34:18:837 [005900] TRACE [Prb.cpp, 943] - RadioBoardPacket(ACK):01 00 0C FA 06 5A 00 01 40 72 BE 0D 
2013/07/19 11:34:18:838 [001200] DEBUG [Prb.cpp, 512] - Read FPGA completed, Address=0x3018, Data=0x40
2013/07/19 11:34:18:838 [001200] TRACE [Prb.cpp, 493] - Reading FPGA, Address=0x301A
2013/07/19 11:34:18:839 [001200] TRACE [Prb.cpp, 1035] - ReadFPGAPacket(0x301A):01 00 0C 5B 82 00 02 30 1A 58 18 0D 
2013/07/19 11:34:18:839 [005900] TRACE [Prb.cpp, 835] - RxStream contents:01 00 0C FB 06 5B 00 01 FF 9D 3F 0D 
2013/07/19 11:34:18:840 [005900] TRACE [Prb.cpp, 943] - RadioBoardPacket(ACK):01 00 0C FB 06 5B 00 01 FF 9D 3F 0D 
2013/07/19 11:34:18:841 [001200] DEBUG [Prb.cpp, 512] - Read FPGA completed, Address=0x301A, Data=0xFF
2013/07/19 11:34:18:841 [001200] TRACE [Prb.cpp, 493] - Reading FPGA, Address=0x3070
2013/07/19 11:34:18:842 [001200] TRACE [Prb.cpp, 1035] - ReadFPGAPacket(0x3070):01 00 0C 5C 82 00 02 30 70 31 62 0D 
2013/07/19 11:34:18:842 [005900] TRACE [Prb.cpp, 835] - RxStream contents:01 00 0C FC 06 5C 00 01 00 1B 38 0D 
2013/07/19 11:34:18:843 [005900] TRACE [Prb.cpp, 943] - RadioBoardPacket(ACK):01 00 0C FC 06 5C 00 01 00 1B 38 0D 
2013/07/19 11:34:18:844 [001200] DEBUG [Prb.cpp, 512] - Read FPGA completed, Address=0x3070, Data=0x00
2013/07/19 11:34:18:844 [001200] DEBUG [ComSysDiagnostics.cpp, 31] - FPGA RSSI/AFC [Linking(valid frame)] linkedRSSI:64 linkedAFC:255 AFC:0
2013/07/19 11:34:18:850 [001200] TRACE [Prb.cpp, 493] - Reading FPGA, Address=0x3018
2013/07/19 11:34:18:850 [001200] TRACE [Prb.cpp, 1035] - ReadFPGAPacket(0x3018):01 00 0C 5D 82 00 02 30 18 48 12 0D 
2013/07/19 11:34:18:851 [005900] TRACE [Prb.cpp, 835] - RxStream contents:01 00 0C FE 06 5D 00 01 3F FF BA 0D 
2013/07/19 11:34:18:852 [005900] TRACE [Prb.cpp, 943] - RadioBoardPacket(ACK):01 00 0C FE 06 5D 00 01 3F FF BA 0D 
2013/07/19 11:34:18:852 [001200] DEBUG [Prb.cpp, 512] - Read FPGA completed, Address=0x3018, Data=0x3F
2013/07/19 11:34:18:853 [001200] TRACE [Prb.cpp, 493] - Reading FPGA, Address=0x301A
2013/07/19 11:34:18:854 [001200] TRACE [Prb.cpp, 1035] - ReadFPGAPacket(0x301A):01 00 0C 5E 82 00 02 30 1A 40 1D 0D 
2013/07/19 11:34:18:854 [005900] TRACE [Prb.cpp, 835] - RxStream contents:01 00 0C FF 06 5E 00 01 00 3B 3B 0D 
2013/07/19 11:34:18:855 [005900] TRACE [Prb.cpp, 943] - RadioBoardPacket(ACK):01 00 0C FF 06 5E 00 01 00 3B 3B 0D 
2013/07/19 11:34:18:855 [001200] DEBUG [Prb.cpp, 512] - Read FPGA completed, Address=0x301A, Data=0x00
2013/07/19 11:34:18:856 [001200] TRACE [Prb.cpp, 493] - Reading FPGA, Address=0x3070
2013/07/19 11:34:18:856 [001200] TRACE [Prb.cpp, 1035] - ReadFPGAPacket(0x3070):01 00 0C 5F 82 00 02 30 70 B9 62 0D 
2013/07/19 11:34:18:857 [005900] TRACE [Prb.cpp, 835] - RxStream contents:01 00 0C 00 06 5F 00 01 00 87 C8 0D 
2013/07/19 11:34:18:858 [005900] TRACE [Prb.cpp, 943] - RadioBoardPacket(ACK):01 00 0C 00 06 5F 00 01 00 87 C8 0D 
2013/07/19 11:34:18:858 [001200] DEBUG [Prb.cpp, 512] - Read FPGA completed, Address=0x3070, Data=0x00
2013/07/19 11:34:18:859 [001200] DEBUG [ComSysDiagnostics.cpp, 31] - FPGA RSSI/AFC [Linking(valid frame)] linkedRSSI:63 linkedAFC:0 AFC:0
2013/07/19 11:34:18:869 [001200] TRACE [Prb.cpp, 493] - Reading FPGA, Address=0x3018
2013/07/19 11:34:18:870 [001200] TRACE [Prb.cpp, 1035] - ReadFPGAPacket(0x3018):01 00 0C 60 82 00 02 30 18 10 2D 0D 
2013/07/19 11:34:18:870 [005900] TRACE [Prb.cpp, 835] - RxStream contents:01 00 0C 02 06 60 00 01 3F FB 43 0D 
2013/07/19 11:34:18:871 [005900] TRACE [Prb.cpp, 943] - RadioBoardPacket(ACK):01 00 0C 02 06 60 00 01 3F FB 43 0D 
2013/07/19 11:34:18:871 [001200] DEBUG [Prb.cpp, 512] - Read FPGA completed, Address=0x3018, Data=0x3F
2013/07/19 11:34:18:872 [001200] TRACE [Prb.cpp, 493] - Reading FPGA, Address=0x301A
2013/07/19 11:34:18:873 [001200] TRACE [Prb.cpp, 1035] - ReadFPGAPacket(0x301A):01 00 0C 61 82 00 02 30 1A 68 21 0D 
2013/07/19 11:34:18:873 [005900] TRACE [Prb.cpp, 835] - RxStream contents:01 00 0C 03 06 61 00 01 00 97 C1 0D 
2013/07/19 11:34:18:874 [005900] TRACE [Prb.cpp, 943] - RadioBoardPacket(ACK):01 00 0C 03 06 61 00 01 00 97 C1 0D 
2013/07/19 11:34:18:875 [001200] DEBUG [Prb.cpp, 512] - Read FPGA completed, Address=0x301A, Data=0x00
2013/07/19 11:34:18:875 [001200] TRACE [Prb.cpp, 493] - Reading FPGA, Address=0x3070
2013/07/19 11:34:18:876 [001200] TRACE [Prb.cpp, 1035] - ReadFPGAPacket(0x3070):01 00 0C 62 82 00 02 30 70 E1 5D 0D 
2013/07/19 11:34:18:876 [005900] TRACE [Prb.cpp, 835] - RxStream contents:01 00 0C 04 06 62 00 01 00 C3 C7 0D 
2013/07/19 11:34:18:877 [005900] TRACE [Prb.cpp, 943] - RadioBoardPacket(ACK):01 00 0C 04 06 62 00 01 00 C3 C7 0D 
2013/07/19 11:34:18:877 [001200] DEBUG [Prb.cpp, 512] - Read FPGA completed, Address=0x3070, Data=0x00
2013/07/19 11:34:18:878 [001200] DEBUG [ComSysDiagnostics.cpp, 31] - FPGA RSSI/AFC [Linking(valid frame)] linkedRSSI:63 linkedAFC:0 AFC:0
2013/07/19 11:34:18:883 [001200] TRACE [Prb.cpp, 493] - Reading FPGA, Address=0x3018
2013/07/19 11:34:18:883 [001200] TRACE [Prb.cpp, 1035] - ReadFPGAPacket(0x3018):01 00 0C 63 82 00 02 30 18 98 2D 0D 
2013/07/19 11:34:18:883 [005900] TRACE [Prb.cpp, 835] - RxStream contents:01 00 0C 06 06 63 00 01 3F 27 45 0D 
2013/07/19 11:34:18:885 [005900] TRACE [Prb.cpp, 943] - RadioBoardPacket(ACK):01 00 0C 06 06 63 00 01 3F 27 45 0D 
2013/07/19 11:34:18:885 [001200] DEBUG [Prb.cpp, 512] - Read FPGA completed, Address=0x3018, Data=0x3F
2013/07/19 11:34:18:886 [001200] TRACE [Prb.cpp, 493] - Reading FPGA, Address=0x301A
2013/07/19 11:34:18:886 [001200] TRACE [Prb.cpp, 1035] - ReadFPGAPacket(0x301A):01 00 0C 64 82 00 02 30 1A 70 24 0D 
2013/07/19 11:34:18:886 [005900] TRACE [Prb.cpp, 835] - RxStream contents:01 00 0C 07 06 64 00 01 01 B3 C2 0D 
2013/07/19 11:34:18:887 [005900] TRACE [Prb.cpp, 943] - RadioBoardPacket(ACK):01 00 0C 07 06 64 00 01 01 B3 C2 0D 
2013/07/19 11:34:18:888 [001200] DEBUG [Prb.cpp, 512] - Read FPGA completed, Address=0x301A, Data=0x01
2013/07/19 11:34:18:889 [001200] TRACE [Prb.cpp, 493] - Reading FPGA, Address=0x3070
2013/07/19 11:34:18:889 [001200] TRACE [Prb.cpp, 1035] - ReadFPGAPacket(0x3070):01 00 0C 65 82 00 02 30 70 89 5B 0D 
2013/07/19 11:34:18:889 [005900] TRACE [Prb.cpp, 835] - RxStream contents:01 00 0C 08 06 65 00 01 00 8F CB 0D 
2013/07/19 11:34:18:890 [005900] TRACE [Prb.cpp, 943] - RadioBoardPacket(ACK):01 00 0C 08 06 65 00 01 00 8F CB 0D 
2013/07/19 11:34:18:891 [001200] DEBUG [Prb.cpp, 512] - Read FPGA completed, Address=0x3070, Data=0x00
2013/07/19 11:34:18:891 [001200] DEBUG [ComSysDiagnostics.cpp, 31] - FPGA RSSI/AFC [Linking(valid frame)] linkedRSSI:63 linkedAFC:1 AFC:0
2013/07/19 11:34:18:897 [001200] TRACE [Prb.cpp, 493] - Reading FPGA, Address=0x3018
2013/07/19 11:34:18:897 [001200] TRACE [Prb.cpp, 1035] - ReadFPGAPacket(0x3018):01 00 0C 66 82 00 02 30 18 80 28 0D 
2013/07/19 11:34:18:897 [005900] TRACE [Prb.cpp, 835] - RxStream contents:01 00 0C 0A 06 66 00 01 3E 43 4F 0D 
2013/07/19 11:34:18:899 [005900] TRACE [Prb.cpp, 943] - RadioBoardPacket(ACK):01 00 0C 0A 06 66 00 01 3E 43 4F 0D 
2013/07/19 11:34:18:899 [001200] DEBUG [Prb.cpp, 512] - Read FPGA completed, Address=0x3018, Data=0x3E
2013/07/19 11:34:18:900 [001200] TRACE [Prb.cpp, 493] - Reading FPGA, Address=0x301A
2013/07/19 11:34:18:900 [001200] TRACE [Prb.cpp, 1035] - ReadFPGAPacket(0x301A):01 00 0C 67 82 00 02 30 1A F8 24 0D 
2013/07/19 11:34:18:900 [005900] TRACE [Prb.cpp, 835] - RxStream contents:01 00 0C 0B 06 67 00 01 00 AF C8 0D 
2013/07/19 11:34:18:901 [005900] TRACE [Prb.cpp, 943] - RadioBoardPacket(ACK):01 00 0C 0B 06 67 00 01 00 AF C8 0D 
2013/07/19 11:34:18:902 [001200] DEBUG [Prb.cpp, 512] - Read FPGA completed, Address=0x301A, Data=0x00
2013/07/19 11:34:18:902 [001200] TRACE [Prb.cpp, 493] - Reading FPGA, Address=0x3070
2013/07/19 11:34:18:903 [001200] TRACE [Prb.cpp, 1035] - ReadFPGAPacket(0x3070):01 00 0C 68 82 00 02 30 70 D1 57 0D 
2013/07/19 11:34:18:903 [005900] TRACE [Prb.cpp, 835] - RxStream contents:01 00 0C 0C 06 68 00 01 00 0B CE 0D 
2013/07/19 11:34:18:904 [005900] TRACE [Prb.cpp, 943] - RadioBoardPacket(ACK):01 00 0C 0C 06 68 00 01 00 0B CE 0D 
2013/07/19 11:34:18:905 [001200] DEBUG [Prb.cpp, 512] - Read FPGA completed, Address=0x3070, Data=0x00
2013/07/19 11:34:18:905 [001200] DEBUG [ComSysDiagnostics.cpp, 31] - FPGA RSSI/AFC [Linking(valid frame)] linkedRSSI:62 linkedAFC:0 AFC:0
2013/07/19 11:34:18:916 [001200] TRACE [Prb.cpp, 493] - Reading FPGA, Address=0x3018
2013/07/19 11:34:18:917 [001200] TRACE [Prb.cpp, 1035] - ReadFPGAPacket(0x3018):01 00 0C 69 82 00 02 30 18 A8 27 0D 
2013/07/19 11:34:18:917 [005900] TRACE [Prb.cpp, 835] - RxStream contents:01 00 0C 0E 06 69 00 01 3E 6F 49 0D 
2013/07/19 11:34:18:918 [005900] TRACE [Prb.cpp, 943] - RadioBoardPacket(ACK):01 00 0C 0E 06 69 00 01 3E 6F 49 0D 
2013/07/19 11:34:18:919 [001200] DEBUG [Prb.cpp, 512] - Read FPGA completed, Address=0x3018, Data=0x3E
2013/07/19 11:34:18:919 [001200] TRACE [Prb.cpp, 493] - Reading FPGA, Address=0x301A
2013/07/19 11:34:18:920 [001200] TRACE [Prb.cpp, 1035] - ReadFPGAPacket(0x301A):01 00 0C 6A 82 00 02 30 1A A0 28 0D 
2013/07/19 11:34:18:920 [005900] TRACE [Prb.cpp, 835] - RxStream contents:01 00 0C 0F 06 6A 00 01 00 2B CD 0D 
2013/07/19 11:34:18:921 [005900] TRACE [Prb.cpp, 943] - RadioBoardPacket(ACK):01 00 0C 0F 06 6A 00 01 00 2B CD 0D 
2013/07/19 11:34:18:922 [001200] DEBUG [Prb.cpp, 512] - Read FPGA completed, Address=0x301A, Data=0x00
2013/07/19 11:34:18:922 [001200] TRACE [Prb.cpp, 493] - Reading FPGA, Address=0x3070
2013/07/19 11:34:18:923 [001200] TRACE [Prb.cpp, 1035] - ReadFPGAPacket(0x3070):01 00 0C 6B 82 00 02 30 70 59 57 0D 
2013/07/19 11:34:18:923 [005900] TRACE [Prb.cpp, 835] - RxStream contents:01 00 0C 10 06 6B 00 01 FE 95 D4 0D 
2013/07/19 11:34:18:924 [005900] TRACE [Prb.cpp, 943] - RadioBoardPacket(ACK):01 00 0C 10 06 6B 00 01 FE 95 D4 0D 
2013/07/19 11:34:18:925 [001200] DEBUG [Prb.cpp, 512] - Read FPGA completed, Address=0x3070, Data=0xFE
2013/07/19 11:34:18:925 [001200] DEBUG [ComSysDiagnostics.cpp, 31] - FPGA RSSI/AFC [Linking(valid frame)] linkedRSSI:62 linkedAFC:0 AFC:254
2013/07/19 11:34:18:931 [001200] TRACE [Prb.cpp, 493] - Reading FPGA, Address=0x3018
2013/07/19 11:34:18:931 [001200] TRACE [Prb.cpp, 1035] - ReadFPGAPacket(0x3018):01 00 0C 6C 82 00 02 30 18 B0 22 0D 
2013/07/19 11:34:18:931 [005900] TRACE [Prb.cpp, 835] - RxStream contents:01 00 0C 12 06 6C 00 01 3F 8B 51 0D 
2013/07/19 11:34:18:932 [005900] TRACE [Prb.cpp, 943] - RadioBoardPacket(ACK):01 00 0C 12 06 6C 00 01 3F 8B 51 0D 
2013/07/19 11:34:18:933 [001200] DEBUG [Prb.cpp, 512] - Read FPGA completed, Address=0x3018, Data=0x3F
2013/07/19 11:34:18:933 [001200] TRACE [Prb.cpp, 493] - Reading FPGA, Address=0x301A
2013/07/19 11:34:18:934 [001200] TRACE [Prb.cpp, 1035] - ReadFPGAPacket(0x301A):01 00 0C 6D 82 00 02 30 1A C8 2E 0D 
2013/07/19 11:34:18:934 [005900] TRACE [Prb.cpp, 835] - RxStream contents:01 00 0C 13 06 6D 00 01 02 67 DC 0D 
2013/07/19 11:34:18:935 [005900] TRACE [Prb.cpp, 943] - RadioBoardPacket(ACK):01 00 0C 13 06 6D 00 01 02 67 DC 0D 
2013/07/19 11:34:18:936 [001200] DEBUG [Prb.cpp, 512] - Read FPGA completed, Address=0x301A, Data=0x02
2013/07/19 11:34:18:936 [001200] TRACE [Prb.cpp, 493] - Reading FPGA, Address=0x3070
2013/07/19 11:34:18:937 [001200] TRACE [Prb.cpp, 1035] - ReadFPGAPacket(0x3070):01 00 0C 6E 82 00 02 30 70 41 52 0D 
2013/07/19 11:34:18:937 [005900] TRACE [Prb.cpp, 835] - RxStream contents:01 00 0C 14 06 6E 00 01 00 B3 D5 0D 
2013/07/19 11:34:18:938 [005900] TRACE [Prb.cpp, 943] - RadioBoardPacket(ACK):01 00 0C 14 06 6E 00 01 00 B3 D5 0D 
2013/07/19 11:34:18:938 [001200] DEBUG [Prb.cpp, 512] - Read FPGA completed, Address=0x3070, Data=0x00
2013/07/19 11:34:18:939 [001200] DEBUG [ComSysDiagnostics.cpp, 31] - FPGA RSSI/AFC [Linking(valid frame)] linkedRSSI:63 linkedAFC:2 AFC:0
2013/07/19 11:34:18:944 [001200] TRACE [Prb.cpp, 493] - Reading FPGA, Address=0x3018
2013/07/19 11:34:18:944 [001200] TRACE [Prb.cpp, 1035] - ReadFPGAPacket(0x3018):01 00 0C 6F 82 00 02 30 18 38 22 0D 
2013/07/19 11:34:18:944 [005900] TRACE [Prb.cpp, 835] - RxStream contents:01 00 0C 16 06 6F 00 01 3F 57 57 0D 
2013/07/19 11:34:18:946 [005900] TRACE [Prb.cpp, 943] - RadioBoardPacket(ACK):01 00 0C 16 06 6F 00 01 3F 57 57 0D 
2013/07/19 11:34:18:946 [001200] DEBUG [Prb.cpp, 512] - Read FPGA completed, Address=0x3018, Data=0x3F
2013/07/19 11:34:18:947 [001200] TRACE [Prb.cpp, 493] - Reading FPGA, Address=0x301A
2013/07/19 11:34:18:947 [001200] TRACE [Prb.cpp, 1035] - ReadFPGAPacket(0x301A):01 00 0C 70 82 00 02 30 1A 10 30 0D 
2013/07/19 11:34:18:948 [005900] TRACE [Prb.cpp, 835] - RxStream contents:01 00 0C 17 06 70 00 01 00 23 D0 0D 
2013/07/19 11:34:18:949 [005900] TRACE [Prb.cpp, 943] - RadioBoardPacket(ACK):01 00 0C 17 06 70 00 01 00 23 D0 0D 
2013/07/19 11:34:18:949 [001200] DEBUG [Prb.cpp, 512] - Read FPGA completed, Address=0x301A, Data=0x00
2013/07/19 11:34:18:950 [001200] TRACE [Prb.cpp, 493] - Reading FPGA, Address=0x3070
2013/07/19 11:34:18:950 [001200] TRACE [Prb.cpp, 1035] - ReadFPGAPacket(0x3070):01 00 0C 71 82 00 02 30 70 E9 4F 0D 
2013/07/19 11:34:18:950 [005900] TRACE [Prb.cpp, 835] - RxStream contents:01 00 0C 18 06 71 00 01 00 9F DC 0D 
2013/07/19 11:34:18:951 [005900] TRACE [Prb.cpp, 943] - RadioBoardPacket(ACK):01 00 0C 18 06 71 00 01 00 9F DC 0D 
2013/07/19 11:34:18:952 [001200] DEBUG [Prb.cpp, 512] - Read FPGA completed, Address=0x3070, Data=0x00
2013/07/19 11:34:18:952 [001200] DEBUG [ComSysDiagnostics.cpp, 31] - FPGA RSSI/AFC [Linking(valid frame)] linkedRSSI:63 linkedAFC:0 AFC:0
2013/07/19 11:34:18:963 [001200] TRACE [Prb.cpp, 584] - Reading CC1020, Address=0x0004
2013/07/19 11:34:18:963 [001200] TRACE [Prb.cpp, 1035] - ReadCC1020Packet(0x04):01 00 0C 72 84 00 02 00 04 C1 67 0D 
2013/07/19 11:34:18:974 [005900] TRACE [Prb.cpp, 943] - RadioBoardPacket(ACK):01 00 0C 1A 06 72 00 01 35 D3 61 0D 
2013/07/19 11:34:18:975 [001200] DEBUG [Prb.cpp, 603] - Read CC1020 completed, Address=0x0004, Data=0x35
2013/07/19 11:34:18:976 [001200] TRACE [Prb.cpp, 584] - Reading CC1020, Address=0x0005
2013/07/19 11:34:18:977 [001200] TRACE [Prb.cpp, 1035] - ReadCC1020Packet(0x05):01 00 0C 73 84 00 02 00 05 B9 61 0D 
2013/07/19 11:34:18:990 [005900] TRACE [Prb.cpp, 943] - RadioBoardPacket(ACK):01 00 0C 1C 06 73 00 01 EF 55 B8 0D 
2013/07/19 11:34:18:991 [001200] DEBUG [Prb.cpp, 603] - Read CC1020 completed, Address=0x0005, Data=0xEF
2013/07/19 11:34:18:991 [001200] TRACE [Prb.cpp, 584] - Reading CC1020, Address=0x0006
2013/07/19 11:34:18:992 [001200] TRACE [Prb.cpp, 1035] - ReadCC1020Packet(0x06):01 00 0C 74 84 00 02 00 06 D1 6D 0D 
2013/07/19 11:34:19:006 [005900] TRACE [Prb.cpp, 943] - RadioBoardPacket(ACK):01 00 0C 1E 06 74 00 01 B3 C8 70 0D 
2013/07/19 11:34:19:006 [001200] DEBUG [Prb.cpp, 603] - Read CC1020 completed, Address=0x0006, Data=0xB3
2013/07/19 11:34:19:007 [001200] TRACE [Prb.cpp, 584] - Reading CC1020, Address=0x0008
2013/07/19 11:34:19:007 [001200] TRACE [Prb.cpp, 1035] - ReadCC1020Packet(0x08):01 00 0C 75 84 00 02 00 08 A9 49 0D 
2013/07/19 11:34:19:021 [005900] TRACE [Prb.cpp, 835] - RxStream contents:01 
2013/07/19 11:34:19:022 [005900] TRACE [Prb.cpp, 943] - RadioBoardPacket(ACK):01 00 0C 20 06 75 00 01 35 0F 5B 0D 
2013/07/19 11:34:19:023 [001200] DEBUG [Prb.cpp, 603] - Read CC1020 completed, Address=0x0008, Data=0x35
2013/07/19 11:34:19:023 [001200] TRACE [Prb.cpp, 584] - Reading CC1020, Address=0x0009
2013/07/19 11:34:19:024 [001200] TRACE [Prb.cpp, 1035] - ReadCC1020Packet(0x09):01 00 0C 76 84 00 02 00 09 A1 4C 0D 
2013/07/19 11:34:19:037 [005900] TRACE [Prb.cpp, 943] - RadioBoardPacket(ACK):01 00 0C 22 06 76 00 01 FA 41 FA 0D 
2013/07/19 11:34:19:038 [001200] DEBUG [Prb.cpp, 603] - Read CC1020 completed, Address=0x0009, Data=0xFA
2013/07/19 11:34:19:038 [001200] TRACE [Prb.cpp, 584] - Reading CC1020, Address=0x000A
2013/07/19 11:34:19:039 [001200] TRACE [Prb.cpp, 1035] - ReadCC1020Packet(0x0A):01 00 0C 77 84 00 02 00 0A 59 45 0D 
2013/07/19 11:34:19:053 [005900] TRACE [Prb.cpp, 943] - RadioBoardPacket(ACK):01 00 0C 24 06 77 00 01 5D C6 2D 0D 
2013/07/19 11:34:19:054 [001200] DEBUG [Prb.cpp, 603] - Read CC1020 completed, Address=0x000A, Data=0x5D
2013/07/19 11:34:19:054 [001200] TRACE [Prb.cpp, 584] - Reading CC1020, Address=0x000F
2013/07/19 11:34:19:055 [001200] TRACE [Prb.cpp, 1035] - ReadCC1020Packet(0x0F):01 00 0C 78 84 00 02 00 0F 71 54 0D 
2013/07/19 11:34:19:068 [005900] TRACE [Prb.cpp, 943] - RadioBoardPacket(ACK):01 00 0C 26 06 78 00 01 DF 79 22 0D 
2013/07/19 11:34:19:069 [001200] DEBUG [Prb.cpp, 603] - Read CC1020 completed, Address=0x000F, Data=0xDF
2013/07/19 11:34:19:070 [001200] TRACE [Prb.cpp, 584] - Reading CC1020, Address=0x0010
2013/07/19 11:34:19:070 [001200] TRACE [Prb.cpp, 1035] - ReadCC1020Packet(0x10):01 00 0C 79 84 00 02 00 10 09 16 0D 
2013/07/19 11:34:19:084 [005900] TRACE [Prb.cpp, 943] - RadioBoardPacket(ACK):01 00 0C 28 06 79 00 01 22 BF 20 0D 
2013/07/19 11:34:19:085 [001200] DEBUG [Prb.cpp, 603] - Read CC1020 completed, Address=0x0010, Data=0x22
2013/07/19 11:34:19:085 [001200] TRACE [Prb.cpp, 584] - Reading CC1020, Address=0x0013
2013/07/19 11:34:19:086 [001200] TRACE [Prb.cpp, 1035] - ReadCC1020Packet(0x13):01 00 0C 7A 84 00 02 00 13 81 1C 0D 
2013/07/19 11:34:19:100 [005900] TRACE [Prb.cpp, 943] - RadioBoardPacket(ACK):01 00 0C 2A 06 7A 00 01 2F 73 0E 0D 
2013/07/19 11:34:19:100 [001200] DEBUG [Prb.cpp, 603] - Read CC1020 completed, Address=0x0013, Data=0x2F
2013/07/19 11:34:19:101 [001200] TRACE [Prb.cpp, 584] - Reading CC1020, Address=0x0014
2013/07/19 11:34:19:102 [001200] TRACE [Prb.cpp, 1035] - ReadCC1020Packet(0x14):01 00 0C 7B 84 00 02 00 14 F9 0E 0D 
2013/07/19 11:34:19:115 [005900] TRACE [Prb.cpp, 943] - RadioBoardPacket(ACK):01 00 0C 2C 06 7B 00 01 2F 77 08 0D 
2013/07/19 11:34:19:117 [001200] DEBUG [Prb.cpp, 603] - Read CC1020 completed, Address=0x0014, Data=0x2F
2013/07/19 11:34:19:117 [001200] TRACE [Prb.cpp, 584] - Reading CC1020, Address=0x0043
2013/07/19 11:34:19:118 [001200] TRACE [Prb.cpp, 1035] - ReadCC1020Packet(0x43):01 00 0C 7C 84 00 02 00 43 10 F9 0D 
2013/07/19 11:34:19:131 [005900] TRACE [Prb.cpp, 943] - RadioBoardPacket(ACK):01 00 0C 2E 06 7C 00 01 FF 69 EB 0D 
2013/07/19 11:34:19:132 [001200] DEBUG [Prb.cpp, 603] - Read CC1020 completed, Address=0x0043, Data=0xFF
2013/07/19 11:34:19:132 [001200] DEBUG [ComSysDiagnostics.cpp, 63] - CC1020 [Link complete] FREQ_2A: 0x35 FREQ_1A: 0xef FREQ_0A: 0xb3
2013/07/19 11:34:19:133 [001200] DEBUG [ComSysDiagnostics.cpp, 67] - CC1020 [Link complete] FREQ_2B: 0x35 FREQ_1B: 0xfa FREQ_0B: 0x5d
2013/07/19 11:34:19:133 [001200] DEBUG [ComSysDiagnostics.cpp, 72] - CC1020 [Link complete] AFC_CONTROL: 0xdf FILTER: 0x22 VGA3: 0x2f VGA4: 0x2f AFC: 0xff
2013/07/19 11:34:19:134 [001200] TRACE [Prb.cpp, 493] - Reading FPGA, Address=0x3018
2013/07/19 11:34:19:135 [001200] TRACE [Prb.cpp, 1035] - ReadFPGAPacket(0x3018):01 00 0C 7D 82 00 02 30 18 C8 33 0D 
2013/07/19 11:34:19:135 [005900] TRACE [Prb.cpp, 835] - RxStream contents:01 00 0C 30 06 7D 00 01 3E 2F 73 0D 
2013/07/19 11:34:19:136 [005900] TRACE [Prb.cpp, 943] - RadioBoardPacket(ACK):01 00 0C 30 06 7D 00 01 3E 2F 73 0D 
2013/07/19 11:34:19:136 [001200] DEBUG [Prb.cpp, 512] - Read FPGA completed, Address=0x3018, Data=0x3E
2013/07/19 11:34:19:137 [001200] TRACE [Prb.cpp, 493] - Reading FPGA, Address=0x301A
2013/07/19 11:34:19:137 [001200] TRACE [Prb.cpp, 1035] - ReadFPGAPacket(0x301A):01 00 0C 7E 82 00 02 30 1A C0 3C 0D 
2013/07/19 11:34:19:137 [005900] TRACE [Prb.cpp, 835] - RxStream contents:01 00 0C 31 06 7E 00 01 00 6B F7 0D 
2013/07/19 11:34:19:139 [005900] TRACE [Prb.cpp, 943] - RadioBoardPacket(ACK):01 00 0C 31 06 7E 00 01 00 6B F7 0D 
2013/07/19 11:34:19:139 [001200] DEBUG [Prb.cpp, 512] - Read FPGA completed, Address=0x301A, Data=0x00
2013/07/19 11:34:19:140 [001200] TRACE [Prb.cpp, 493] - Reading FPGA, Address=0x3070
2013/07/19 11:34:19:140 [001200] TRACE [Prb.cpp, 1035] - ReadFPGAPacket(0x3070):01 00 0C 7F 82 00 02 30 70 39 43 0D 
2013/07/19 11:34:19:140 [005900] TRACE [Prb.cpp, 835] - RxStream contents:01 00 0C 32 06 7F 00 01 00 77 F4 0D 
2013/07/19 11:34:19:141 [005900] TRACE [Prb.cpp, 943] - RadioBoardPacket(ACK):01 00 0C 32 06 7F 00 01 00 77 F4 0D 
2013/07/19 11:34:19:142 [001200] DEBUG [Prb.cpp, 512] - Read FPGA completed, Address=0x3070, Data=0x00
2013/07/19 11:34:19:142 [001200] DEBUG [ComSysDiagnostics.cpp, 31] - FPGA RSSI/AFC [Link complete] linkedRSSI:62 linkedAFC:0 AFC:0
2013/07/19 11:34:19:144 [001200] INFO [ComSysDiagnostics.cpp, 79] - Status Counters [Link complete] FrameErrorsInLastSecond:1 EcgErrorsInLastSecond:0 MarkerOrImplantIdErrorsInLastSecond:0 TotalFrameErrors:1 TotalEcgErrors:0 TotalMarkerOrImplantIdErrors:0 TotalSentCommands:0 TotalGoodResponses:0 TotalBadResponses:0 TotalResponseTimeouts:0
2013/07/19 11:34:19:144 [001200] TRACE [Prb.cpp, 493] - Reading FPGA, Address=0x301C
2013/07/19 11:34:19:145 [001200] TRACE [Prb.cpp, 1035] - ReadFPGAPacket(0x301C):01 00 0C 80 82 00 02 30 1C 10 DB 0D 
2013/07/19 11:34:19:145 [005900] TRACE [Prb.cpp, 835] - RxStream contents:01 00 0C 33 06 80 00 01 01 03 DA 0D 
2013/07/19 11:34:19:146 [005900] TRACE [Prb.cpp, 943] - RadioBoardPacket(ACK):01 00 0C 33 06 80 00 01 01 03 DA 0D 
2013/07/19 11:34:19:147 [001200] DEBUG [Prb.cpp, 512] - Read FPGA completed, Address=0x301C, Data=0x01
2013/07/19 11:34:19:147 [001200] DEBUG [ComSysDiagnostics.cpp, 89] - FPGA Frame Error Counter [Link complete]:1
2013/07/19 11:34:19:148 [001200] INFO [CrossTalkDetector.cpp, 68] - CrossTalkDetector state changing from LinkingState to LinkedState
2013/07/19 11:34:19:149 [001200] INFO [CommunicationSystemStates.cpp, 221] - Link complete.
2013/07/19 11:34:19:215 [002288] INFO 0x801C0094 [CommunicationSystemStateMachine.cpp, 237] - Command: 0x82. Retries: 3. Timeout: 78 ms.
2013/07/19 11:34:19:218 [002288] INFO 0x801C0094 [CommunicationSystemStateMachine.cpp, 252] - Send Command:82 04 F5 6C 17 08 
2013/07/19 11:34:19:219 [002288] TRACE 0x801C0094 [Prb.cpp, 493] - Reading FPGA, Address=0x3018
2013/07/19 11:34:19:220 [002288] TRACE 0x801C0094 [Prb.cpp, 1035] - ReadFPGAPacket(0x3018):01 00 0C 81 82 00 02 30 18 68 C3 0D 
2013/07/19 11:34:19:220 [005900] TRACE 0x801C0094 [Prb.cpp, 835] - RxStream contents:01 00 0C 39 06 81 00 01 3C 27 5E 0D 
2013/07/19 11:34:19:221 [005900] TRACE 0x801C0094 [Prb.cpp, 943] - RadioBoardPacket(ACK):01 00 0C 39 06 81 00 01 3C 27 5E 0D 
2013/07/19 11:34:19:221 [002288] DEBUG 0x801C0094 [Prb.cpp, 512] - Read FPGA completed, Address=0x3018, Data=0x3C
2013/07/19 11:34:19:222 [002288] TRACE 0x801C0094 [Prb.cpp, 493] - Reading FPGA, Address=0x301A
2013/07/19 11:34:19:222 [002288] TRACE 0x801C0094 [Prb.cpp, 1035] - ReadFPGAPacket(0x301A):01 00 0C 82 82 00 02 30 1A 60 CC 0D 
2013/07/19 11:34:19:223 [005900] TRACE 0x801C0094 [Prb.cpp, 835] - RxStream contents:01 00 0C 3A 06 82 00 01 01 13 D3 0D 
2013/07/19 11:34:19:224 [005900] TRACE 0x801C0094 [Prb.cpp, 943] - RadioBoardPacket(ACK):01 00 0C 3A 06 82 00 01 01 13 D3 0D 
2013/07/19 11:34:19:224 [002288] DEBUG 0x801C0094 [Prb.cpp, 512] - Read FPGA completed, Address=0x301A, Data=0x01
2013/07/19 11:34:19:225 [002288] TRACE 0x801C0094 [Prb.cpp, 493] - Reading FPGA, Address=0x3070
2013/07/19 11:34:19:226 [002288] TRACE 0x801C0094 [Prb.cpp, 1035] - ReadFPGAPacket(0x3070):01 00 0C 83 82 00 02 30 70 99 B3 0D 
2013/07/19 11:34:19:226 [005900] TRACE 0x801C0094 [Prb.cpp, 835] - RxStream contents:01 00 0C 3C 06 83 00 01 FF 95 D2 0D 
2013/07/19 11:34:19:227 [005900] TRACE 0x801C0094 [Prb.cpp, 943] - RadioBoardPacket(ACK):01 00 0C 3C 06 83 00 01 FF 95 D2 0D 
2013/07/19 11:34:19:227 [002288] DEBUG 0x801C0094 [Prb.cpp, 512] - Read FPGA completed, Address=0x3070, Data=0xFF
2013/07/19 11:34:19:228 [002288] DEBUG 0x801C0094 [ComSysDiagnostics.cpp, 31] - FPGA RSSI/AFC [Send Command] linkedRSSI:60 linkedAFC:1 AFC:255
2013/07/19 11:34:19:228 [002288] TRACE 0x801C0094 [Prb.cpp, 383] - Send Command, Command=0x82
2013/07/19 11:34:19:229 [002288] TRACE 0x801C0094 [Prb.cpp, 1035] - WriteTransmitterPacket():01 00 10 84 87 00 06 82 04 F5 6C 17 08 7B B9 0D 
2013/07/19 11:34:19:229 [005900] TRACE 0x801C0094 [Prb.cpp, 835] - RxStream contents:01 00 0B 3D 06 84 00 00 30 82 0D 
2013/07/19 11:34:19:230 [005900] TRACE 0x801C0094 [Prb.cpp, 943] - RadioBoardPacket(ACK):01 00 0B 3D 06 84 00 00 30 82 0D 
2013/07/19 11:34:19:230 [002288] DEBUG 0x801C0094 [Prb.cpp, 402] - Send Command completed, Command=0x82
2013/07/19 11:34:19:286 [001200] INFO 0x801C0094 [CommunicationSystemStateMachine.cpp, 773] - Command Completed:82 00 2D FD 10 72 79 8F 
2013/07/19 11:34:19:287 [001200] DEBUG 0x801C0094 [CommunicationSystemStateMachine.cpp, 330] - ... after 19 frames.
2013/07/19 11:34:19:296 [002288] INFO 0x801C0094 [CommunicationSystemStateMachine.cpp, 237] - Command: 0x82. Retries: 3. Timeout: 188 ms.
2013/07/19 11:34:19:296 [002288] INFO 0x801C0094 [CommunicationSystemStateMachine.cpp, 252] - Send Command:92 3F 7F 6A 68 4C 
2013/07/19 11:34:19:297 [002288] TRACE 0x801C0094 [Prb.cpp, 493] - Reading FPGA, Address=0x3018
2013/07/19 11:34:19:298 [002288] TRACE 0x801C0094 [Prb.cpp, 1035] - ReadFPGAPacket(0x3018):01 00 0C 85 82 00 02 30 18 88 C5 0D 
2013/07/19 11:34:19:298 [005900] TRACE 0x801C0094 [Prb.cpp, 835] - RxStream contents:01 00 0C 42 06 85 00 01 3C BF 20 0D 
2013/07/19 11:34:19:299 [005900] TRACE 0x801C0094 [Prb.cpp, 943] - RadioBoardPacket(ACK):01 00 0C 42 06 85 00 01 3C BF 20 0D 
2013/07/19 11:34:19:299 [002288] DEBUG 0x801C0094 [Prb.cpp, 512] - Read FPGA completed, Address=0x3018, Data=0x3C
2013/07/19 11:34:19:300 [002288] TRACE 0x801C0094 [Prb.cpp, 493] - Reading FPGA, Address=0x301A
2013/07/19 11:34:19:301 [002288] TRACE 0x801C0094 [Prb.cpp, 1035] - ReadFPGAPacket(0x301A):01 00 0C 86 82 00 02 30 1A 80 CA 0D 
2013/07/19 11:34:19:301 [005900] TRACE 0x801C0094 [Prb.cpp, 835] - RxStream contents:01 00 0C 43 06 86 00 01 FF 79 A9 0D 
2013/07/19 11:34:19:303 [005900] TRACE 0x801C0094 [Prb.cpp, 943] - RadioBoardPacket(ACK):01 00 0C 43 06 86 00 01 FF 79 A9 0D 
2013/07/19 11:34:19:303 [002288] DEBUG 0x801C0094 [Prb.cpp, 512] - Read FPGA completed, Address=0x301A, Data=0xFF
2013/07/19 11:34:19:304 [002288] TRACE 0x801C0094 [Prb.cpp, 493] - Reading FPGA, Address=0x3070
2013/07/19 11:34:19:305 [002288] TRACE 0x801C0094 [Prb.cpp, 1035] - ReadFPGAPacket(0x3070):01 00 0C 87 82 00 02 30 70 79 B5 0D 
2013/07/19 11:34:19:305 [005900] TRACE 0x801C0094 [Prb.cpp, 835] - RxStream contents:01 00 0C 45 06 87 00 01 00 7F AD 0D 
2013/07/19 11:34:19:306 [005900] TRACE 0x801C0094 [Prb.cpp, 943] - RadioBoardPacket(ACK):01 00 0C 45 06 87 00 01 00 7F AD 0D 
2013/07/19 11:34:19:306 [002288] DEBUG 0x801C0094 [Prb.cpp, 512] - Read FPGA completed, Address=0x3070, Data=0x00
2013/07/19 11:34:19:307 [002288] DEBUG 0x801C0094 [ComSysDiagnostics.cpp, 31] - FPGA RSSI/AFC [Send Command] linkedRSSI:60 linkedAFC:255 AFC:0
2013/07/19 11:34:19:307 [002288] TRACE 0x801C0094 [Prb.cpp, 383] - Send Command, Command=0x92
2013/07/19 11:34:19:308 [002288] TRACE 0x801C0094 [Prb.cpp, 1035] - WriteTransmitterPacket():01 00 10 88 87 00 06 92 3F 7F 6A 68 4C 7B 46 0D 
2013/07/19 11:34:19:308 [005900] TRACE 0x801C0094 [Prb.cpp, 835] - RxStream contents:01 00 0B 46 06 88 00 00 25 BA 0D 
2013/07/19 11:34:19:309 [005900] TRACE 0x801C0094 [Prb.cpp, 943] - RadioBoardPacket(ACK):01 00 0B 46 06 88 00 00 25 BA 0D 
2013/07/19 11:34:19:310 [002288] DEBUG 0x801C0094 [Prb.cpp, 402] - Send Command completed, Command=0x92
2013/07/19 11:34:19:320 [001200] INFO 0x801C0094 [CommunicationSystem.cpp, 360] - Marker:9D 00 00 D1 91 
2013/07/19 11:34:19:461 [001200] INFO 0x801C0094 [CommunicationSystemStateMachine.cpp, 773] - Command Completed:92 00 00 00 00 00 00 00 00 00 00 00 00 00 00 00 00 00 00 00 00 00 00 00 00 01 8D 00 00 00 00 00 00 FF FF 00 00 00 00 00 00 00 00 00 00 00 00 00 00 00 00 00 00 00 00 00 00 00 00 00 00 AC 05 59 10 31 7D 
2013/07/19 11:34:19:461 [001200] DEBUG 0x801C0094 [CommunicationSystemStateMachine.cpp, 330] - ... after 10 frames.
2013/07/19 11:34:19:500 [002288] INFO 0x801C0094 [CommunicationSystemStateMachine.cpp, 237] - Command: 0xe4. Retries: 3. Timeout: 500 ms.
2013/07/19 11:34:19:501 [002288] INFO 0x801C0094 [CommunicationSystemStateMachine.cpp, 252] - Send Command:E4 02 58 
2013/07/19 11:34:19:501 [002288] TRACE 0x801C0094 [Prb.cpp, 493] - Reading FPGA, Address=0x3018
2013/07/19 11:34:19:502 [002288] TRACE 0x801C0094 [Prb.cpp, 1035] - ReadFPGAPacket(0x3018):01 00 0C 89 82 00 02 30 18 28 CA 0D 
2013/07/19 11:34:19:502 [005900] TRACE 0x801C0094 [Prb.cpp, 835] - RxStream contents:01 00 0C 53 06 89 00 01 3D B7 34 0D 
2013/07/19 11:34:19:503 [005900] TRACE 0x801C0094 [Prb.cpp, 943] - RadioBoardPacket(ACK):01 00 0C 53 06 89 00 01 3D B7 34 0D 
2013/07/19 11:34:19:504 [002288] DEBUG 0x801C0094 [Prb.cpp, 512] - Read FPGA completed, Address=0x3018, Data=0x3D
2013/07/19 11:34:19:504 [002288] TRACE 0x801C0094 [Prb.cpp, 493] - Reading FPGA, Address=0x301A
2013/07/19 11:34:19:505 [005900] TRACE 0x801C0094 [Prb.cpp, 835] - RxStream contents:01 00 0C 54 06 8A 00 01 01 E3 BA 0D 
2013/07/19 11:34:19:505 [005900] TRACE 0x801C0094 [Prb.cpp, 943] - RadioBoardPacket(ACK):01 00 0C 54 06 8A 00 01 01 E3 BA 0D 
2013/07/19 11:34:19:505 [002288] TRACE 0x801C0094 [Prb.cpp, 1035] - ReadFPGAPacket(0x301A):01 00 0C 8A 82 00 02 30 1A 20 C5 0D 
2013/07/19 11:34:19:507 [002288] DEBUG 0x801C0094 [Prb.cpp, 512] - Read FPGA completed, Address=0x301A, Data=0x01
2013/07/19 11:34:19:507 [002288] TRACE 0x801C0094 [Prb.cpp, 493] - Reading FPGA, Address=0x3070
2013/07/19 11:34:19:508 [002288] TRACE 0x801C0094 [Prb.cpp, 1035] - ReadFPGAPacket(0x3070):01 00 0C 8B 82 00 02 30 70 D9 BA 0D 
2013/07/19 11:34:19:508 [005900] TRACE 0x801C0094 [Prb.cpp, 835] - RxStream contents:01 00 0C 56 06 8B 00 01 00 87 BF 0D 
2013/07/19 11:34:19:509 [005900] TRACE 0x801C0094 [Prb.cpp, 943] - RadioBoardPacket(ACK):01 00 0C 56 06 8B 00 01 00 87 BF 0D 
2013/07/19 11:34:19:509 [002288] DEBUG 0x801C0094 [Prb.cpp, 512] - Read FPGA completed, Address=0x3070, Data=0x00
2013/07/19 11:34:19:510 [002288] DEBUG 0x801C0094 [ComSysDiagnostics.cpp, 31] - FPGA RSSI/AFC [Send Command] linkedRSSI:61 linkedAFC:1 AFC:0
2013/07/19 11:34:19:510 [002288] TRACE 0x801C0094 [Prb.cpp, 383] - Send Command, Command=0xe4
2013/07/19 11:34:19:511 [002288] TRACE 0x801C0094 [Prb.cpp, 1035] - WriteTransmitterPacket():01 00 0D 8C 87 00 03 E4 02 58 00 60 0D 
2013/07/19 11:34:19:511 [005900] TRACE 0x801C0094 [Prb.cpp, 835] - RxStream contents:01 00 0B 57 06 8C 00 00 A2 11 0D 
2013/07/19 11:34:19:512 [005900] TRACE 0x801C0094 [Prb.cpp, 943] - RadioBoardPacket(ACK):01 00 0B 57 06 8C 00 00 A2 11 0D 
2013/07/19 11:34:19:513 [002288] DEBUG 0x801C0094 [Prb.cpp, 402] - Send Command completed, Command=0xe4
2013/07/19 11:34:19:513 [001200] INFO 0x801C0094 [CommunicationSystem.cpp, 360] - Marker:80 1B 29 EA F4 
2013/07/19 11:34:19:664 [001200] INFO 0x801C0094 [ComSysDiagnostics.cpp, 79] - Status Counters [Link lost] FrameErrorsInLastSecond:9 EcgErrorsInLastSecond:0 MarkerOrImplantIdErrorsInLastSecond:0 TotalFrameErrors:9 TotalEcgErrors:0 TotalMarkerOrImplantIdErrors:0 TotalSentCommands:3 TotalGoodResponses:2 TotalBadResponses:0 TotalResponseTimeouts:0
2013/07/19 11:34:19:665 [001200] TRACE 0x801C0094 [Prb.cpp, 493] - Reading FPGA, Address=0x301C
2013/07/19 11:34:19:665 [001200] TRACE 0x801C0094 [Prb.cpp, 1035] - ReadFPGAPacket(0x301C):01 00 0C 8D 82 00 02 30 1C 48 D7 0D 
2013/07/19 11:34:19:665 [005900] TRACE 0x801C0094 [Prb.cpp, 835] - RxStream contents:01 00 0C 62 06 8D 00 01 0A 1F B6 0D 
2013/07/19 11:34:19:667 [005900] TRACE 0x801C0094 [Prb.cpp, 943] - RadioBoardPacket(ACK):01 00 0C 62 06 8D 00 01 0A 1F B6 0D 
2013/07/19 11:34:19:667 [001200] DEBUG 0x801C0094 [Prb.cpp, 512] - Read FPGA completed, Address=0x301C, Data=0x0A
2013/07/19 11:34:19:668 [001200] DEBUG 0x801C0094 [ComSysDiagnostics.cpp, 89] - FPGA Frame Error Counter [Link lost]:10
2013/07/19 11:34:19:668 [001200] INFO 0x801C0094 [CommunicationSystemStateMachine.cpp, 769] - Command Completed
2013/07/19 11:34:19:669 [001200] DEBUG 0x801C0094 [CommunicationSystemStateMachine.cpp, 330] - ... after 10 frames.
2013/07/19 11:34:19:670 [001200] TRACE 0x801C0094 [Prb.cpp, 448] - Writing FPGA, Address=0x1008, Data=0x08
2013/07/19 11:34:19:671 [001200] TRACE 0x801C0094 [Prb.cpp, 1035] - WriteFPGAPacket(0x1008, 0x08):01 00 0D 8E 81 00 03 10 08 08 A3 35 0D 
2013/07/19 11:34:19:671 [005900] TRACE 0x801C0094 [Prb.cpp, 835] - RxStream contents:01 00 0B 63 06 8E 00 00 AB 59 0D 
2013/07/19 11:34:19:671 [005900] TRACE 0x801C0094 [Prb.cpp, 943] - RadioBoardPacket(ACK):01 00 0B 63 06 8E 00 00 AB 59 0D 
2013/07/19 11:34:19:672 [001200] DEBUG 0x801C0094 [Prb.cpp, 466] - Write FPGA completed, Address=0x1008, Data=0x08
2013/07/19 11:34:19:689 [001200] TRACE 0x801C0094 [Prb.cpp, 493] - Reading FPGA, Address=0x300A
2013/07/19 11:34:19:689 [001200] TRACE 0x801C0094 [Prb.cpp, 1035] - ReadFPGAPacket(0x300A):01 00 0C 8F 82 00 02 30 0A B8 A3 0D 
2013/07/19 11:34:19:689 [005900] TRACE 0x801C0094 [Prb.cpp, 835] - RxStream contents:01 00 0C 64 06 8F 00 01 00 27 8C 0D 
2013/07/19 11:34:19:691 [005900] TRACE 0x801C0094 [Prb.cpp, 943] - RadioBoardPacket(ACK):01 00 0C 64 06 8F 00 01 00 27 8C 0D 
2013/07/19 11:34:19:691 [001200] DEBUG 0x801C0094 [Prb.cpp, 512] - Read FPGA completed, Address=0x300A, Data=0x00
2013/07/19 11:34:19:692 [001200] TRACE 0x801C0094 [Prb.cpp, 448] - Writing FPGA, Address=0x300A, Data=0x03
2013/07/19 11:34:19:692 [001200] TRACE 0x801C0094 [Prb.cpp, 1035] - WriteFPGAPacket(0x300A, 0x03):01 00 0D 90 81 00 03 30 0A 03 32 6C 0D 
2013/07/19 11:34:19:692 [005900] TRACE 0x801C0094 [Prb.cpp, 835] - RxStream contents:01 00 0B 65 06 90 00 00 AB D1 0D 
2013/07/19 11:34:19:693 [005900] TRACE 0x801C0094 [Prb.cpp, 943] - RadioBoardPacket(ACK):01 00 0B 65 06 90 00 00 AB D1 0D 
2013/07/19 11:34:19:694 [001200] DEBUG 0x801C0094 [Prb.cpp, 466] - Write FPGA completed, Address=0x300A, Data=0x03
2013/07/19 11:34:19:832 [004808] INFO [NCommunicationSystem.cpp, 747] - Disposing: 1
2013/07/19 11:34:19:834 [004808] INFO [CrossAppDomainEventMarshaller.cpp, 44] - Disposing: 1
2013/07/19 11:34:19:835 [004808] INFO [CrossAppDomainEventMarshaller.cpp, 155] - abortGetNextEvent called
2013/07/19 11:34:19:836 [004808] INFO [CrossAppDomainEventMarshaller.cpp, 48] - Waiting for CrossDomainEventTranslator::m_pHandleEventsThread to stop
2013/07/19 11:34:19:836 [007152] INFO [CrossAppDomainEventMarshaller.cpp, 80] - handleEventsThread exiting (thread aborted)
2013/07/19 11:34:19:837 [004808] INFO [CrossAppDomainEventMarshaller.cpp, 54] - CrossDomainEventTranslator::m_pHandleEventsThread stopped
2013/07/19 11:34:19:839 [004808] INFO [CrossAppDomainEventMarshaller.cpp, 110] - EventHandler dtor
2013/07/19 11:34:19:839 [004808] INFO [CrossAppDomainEventMarshaller.cpp, 60] - Disposed.
2013/07/19 11:34:19:840 [005900] DEBUG [Prb.cpp, 867] - Prb receive thread terminated.
2013/07/19 11:34:19:844 [001200] INFO [ExceptionCatchingThread.cpp, 170] - Exited the interrupt thread procedure with return value 0.
2013/07/19 11:34:19:942 [002288] INFO [ExceptionCatchingThread.cpp, 170] - Exited the dispatch thread procedure with return value 0.
2013/07/19 11:34:19:944 [007156] INFO [ExceptionCatchingThread.cpp, 170] - Exited the timer thread procedure with return value 0.
2013/07/19 11:34:20:046 [004808] INFO [NCommunicationSystem.cpp, 779] - Disposed.
<<<<< Log Footer: 07/19/2013 11:34:20 >>>>>
