2013/07/17 21:49:15:649  INFO:   Loaded Symbol File C:\ISV System\Config\FirmwareSymbols\build178.sym for firmware Build #178
2013/07/17 21:49:15:663  INFO:   CommunicationSystemLog properties: .\CommunicationSystem.logger.properties
2013/07/17 21:49:15:663  INFO:   CommunicationSystemLog log       : .\logs\systemBerScriptLog 2013.07.17 21.49.15_CommunicationSystem.Log
2013/07/17 21:49:19:420  INFO:   Setting the event sink for ScriptEngineProcedure
2013/07/17 21:49:19:421  INFO:   Program parameters checks are enabled
2013/07/17 21:49:19:425  INFO:   ********************************************************************************
2013/07/17 21:49:19:425  INFO:   Starting ScriptEngineProcedure, Assembly  version 
2013/07/17 21:49:19:429  INFO:   Config: ICD (NCommunicationSystem ver: nCommunicationSystem, Version=1.8.2.1, Culture=neutral, PublicKeyToken=56b5378c99c0bcfd; FTDI Driver ver: 2.08.24.0; PRB FPGA ver: 7)
2013/07/17 21:49:19:429  INFO:   Setting the radio board transmit power to level 0x7.
2013/07/17 21:49:19:433  INFO:   Radio board power level set to 7.
2013/07/17 21:49:19:433  INFO:   ECG Timeout Interval set to 10 seconds.
2013/07/17 21:49:19:434  STATE:  Changing state to ScriptExecStateMachine.WaitForNextCmdState, ID[1]
2013/07/17 21:49:19:434  INFO:   FwDvtSystem Started the event processing thread
2013/07/17 21:49:19:464  ACTION: Read PRB FPGA: Address=0x3000 Data=0x07
2013/07/17 21:49:19:469  RESULT: FPGA 0x3000 Expected: 18 Actual: 7
2013/07/17 21:49:19:472  RESULT: ERROR Expected: 18 Actual: 7
2013/07/17 21:49:19:473  ACTION: Calibrate CC1020
2013/07/17 21:49:19:564  INFO:   CC1020 calibration passed
2013/07/17 21:49:19:572  ACTION: Read C1020: Address 0x04 Data=0x35
2013/07/17 21:49:19:580  ACTION: Read C1020: Address 0x05 Data=0xF0
2013/07/17 21:49:19:585  ACTION: Read C1020: Address 0x06 Data=0x21
2013/07/17 21:49:19:589  ACTION: Read C1020: Address 0x07 Data=0x38
2013/07/17 21:49:19:592  ACTION: Read C1020: Address 0x08 Data=0x35
2013/07/17 21:49:19:596  ACTION: Read C1020: Address 0x09 Data=0xFA
2013/07/17 21:49:19:600  ACTION: Read C1020: Address 0x0A Data=0xCB
2013/07/17 21:49:19:603  ACTION: Read C1020: Address 0x0B Data=0x38
2013/07/17 21:49:19:606  ACTION: Read C1020: Address 0x1D Data=0x00
2013/07/17 21:49:19:609  ACTION: Read C1020: Address 0x45 Data=0x4C
2013/07/17 21:49:19:612  ACTION: Read C1020: Address 0x46 Data=0x66
2013/07/17 21:49:19:616  ACTION: Read C1020: Address 0x47 Data=0x44
2013/07/17 21:49:19:625  ACTION: Read PRB FPGA: Address=0x305E Data=0x00
2013/07/17 21:49:19:627  ACTION: Read PRB FPGA: Address=0x3060 Data=0x00
2013/07/17 21:49:19:630  ACTION: Read PRB FPGA: Address=0x3062 Data=0x00
2013/07/17 21:49:19:637  ACTION: Read PRB FPGA: Address=0x3066 Data=0x00
2013/07/17 21:49:19:640  ACTION: Read PRB FPGA: Address=0x3068 Data=0x00
2013/07/17 21:49:19:643  ACTION: Read PRB FPGA: Address=0x306A Data=0x00
2013/07/17 21:49:19:645  ACTION: Write PRB FPGA: Address=0x1026 Data=0x01
2013/07/17 21:49:19:651  INFO:   EXECUTING STATE: SMLibrary.Dvt.IcdCmd+ScanState Timeout: 00:00:30
2013/07/17 21:49:19:652  EVENT:  SCRIPT-EXEC:EXEC-STATE - TES.Dvt.ScriptExecStateMachine, ID[11]
2013/07/17 21:49:19:653  STATE:  Changing state to ScriptExecStateMachine.ExecState, ID[4]
2013/07/17 21:49:19:653  INFO:   Setting the radio board transmit power to level 0x7.
2013/07/17 21:49:19:656  INFO:   Radio board power level set to 7.
2013/07/17 21:49:19:657  ACTION: Setting radio board configuration for hybrid.
2013/07/17 21:49:19:657  ACTION: Set radio board to DIO inverting mode.
2013/07/17 21:49:19:657  ACTION: Write PRB FPGA: Address=0x3012 Data=0x01
2013/07/17 21:49:19:661  ACTION: PRB Set Link Data Rate: Slow
2013/07/17 21:49:19:664  ACTION: Read PRB FPGA: Address=0x1004 Data=0x00
2013/07/17 21:49:19:664  ACTION: Write PRB FPGA: Address=0x1004 Data=0x00
2013/07/17 21:49:19:666  ACTION: Scanning for devices, primary scan duration = 9 sec, secondary scan duration = 2 sec
2013/07/17 21:49:30:842  INFO:   Primary scan device IDs: 0x801C0094 
2013/07/17 21:49:34:997  INFO:   Secondary scan device IDs: 0x801C0094 
2013/07/17 21:49:34:999  EVENT:  Device ID List, ID[17]
                                 DeviceID[0] : ID 0x801C0094 (Model 0, Serial 148, SW Version 7, Is Implanted)
2013/07/17 21:49:35:000  STATE:  Changing state to ScriptExecStateMachine.WaitForNextCmdState, ID[1]
2013/07/17 21:49:35:000  INFO:   STATE EXITED: SMLibrary.Dvt.IcdCmd+ScanState
2013/07/17 21:49:35:010  INFO:   EXECUTING STATE: SMLibrary.Dvt.IcdCmd+ConnectState Timeout: 00:00:24
2013/07/17 21:49:35:010  EVENT:  SCRIPT-EXEC:EXEC-STATE - TES.Dvt.ScriptExecStateMachine, ID[11]
2013/07/17 21:49:35:010  STATE:  Changing state to ScriptExecStateMachine.ExecState, ID[4]
2013/07/17 21:49:35:010  ACTION: PRB Set Link Data Rate: Slow
2013/07/17 21:49:35:013  ACTION: Read PRB FPGA: Address=0x1004 Data=0x00
2013/07/17 21:49:35:013  ACTION: Write PRB FPGA: Address=0x1004 Data=0x00
2013/07/17 21:49:35:016  ACTION: Connecting to device ID 0x801C0094 (Model 0, Serial 148, SW Version 7, Is Implanted)
2013/07/17 21:49:38:381  INFO:   Registering the ICD session delegates
2013/07/17 21:49:38:381  EVENT:  Connect Succeeded, ID[19]
2013/07/17 21:49:38:381  STATE:  Changing state to ScriptExecStateMachine.WaitForNextCmdState, ID[1]
2013/07/17 21:49:38:381  INFO:   STATE EXITED: SMLibrary.Dvt.IcdCmd+ConnectState
2013/07/17 21:49:38:384  INFO:   EXECUTING STATE MACHINE: SMLibrary.ReadSM Timeout: 00:00:01.3120000
2013/07/17 21:49:38:384  EVENT:  SCRIPT-EXEC:EXEC-SM - TES.Dvt.ScriptExecStateMachine, ID[9]
2013/07/17 21:49:38:385  STATE:  Changing state to ScriptExecStateMachine.ExecStateMachineWithCustomExitEventsState, ID[2]
2013/07/17 21:49:38:389  STATE:  Changing state to ReadSM.ReadingState, ID[8]
2013/07/17 21:49:38:390  ACTION: READ_FROM_16_BIT_ADDR_WITH_CRC32, Address=SYS_ERRORS(0xF56C) Length=1
2013/07/17 21:49:38:456  EVENT:  Command Completed, ID[23], Command=0x82 (READ_FROM_16_BIT_ADDR_WITH_CRC32), CRC32=0xE69CA3FE, Data=0xB0
2013/07/17 21:49:38:457  EVENT:  Read Memory Complete, ID[24]
2013/07/17 21:49:38:457  STATE:  Changing state to ReadSM.IdleState, ID[6]
2013/07/17 21:49:38:457  STATE:  Changing state to ScriptExecStateMachine.WaitForNextCmdState, ID[1]
2013/07/17 21:49:38:457  INFO:   STATE MACHINE EXITED: SMLibrary.ReadSM
2013/07/17 21:49:38:461  EVENT:  SCRIPT-EXEC:EXIT - TES.Dvt.ScriptExecStateMachine, ID[8]
2013/07/17 21:49:38:461  INFO:   Terminating ScriptEngineProcedure
2013/07/17 21:49:38:462  EVENT:  Terminate Dispatch, ID[25]
2013/07/17 21:49:38:462  EVENT:  TES.Dvt.ScriptExecStateMachine.DoneEvent, ID[6]
2013/07/17 21:49:38:462  STATE:  Changing state to ScriptExecStateMachine.IdleState, ID[6]
2013/07/17 21:49:38:470  INFO:   ScriptEngineProcedure Completed
2013/07/17 21:49:38:471  INFO:   Testcase Summary:
2013/07/17 21:49:38:471  RESULT: Test Procedure ScriptEngineProcedure (FAILED)
2013/07/17 21:49:38:471  INFO:   Procedure Runtime = 00:00:19
2013/07/17 21:49:38:478  INFO:   The event dispatch thread ScriptEngineProcedure exited.
