2013/07/22 15:52:44:705  INFO:   Loaded Symbol File C:\ISV System\Config\FirmwareSymbols\build178.sym for firmware Build #178
2013/07/22 15:52:44:720  INFO:   CommunicationSystemLog properties: .\CommunicationSystem.logger.properties
2013/07/22 15:52:44:720  INFO:   CommunicationSystemLog log       : .\logs\systemBerScriptLog 2013.07.22 15.52.44_CommunicationSystem.Log
2013/07/22 15:52:48:479  INFO:   Setting the event sink for ScriptEngineProcedure
2013/07/22 15:52:48:479  INFO:   Program parameters checks are enabled
2013/07/22 15:52:48:484  INFO:   ********************************************************************************
2013/07/22 15:52:48:484  INFO:   Starting ScriptEngineProcedure, Assembly  version 
2013/07/22 15:52:48:488  INFO:   Config: ICD (NCommunicationSystem ver: nCommunicationSystem, Version=1.8.2.1, Culture=neutral, PublicKeyToken=56b5378c99c0bcfd; FTDI Driver ver: 2.08.24.0; PRB FPGA ver: 7)
2013/07/22 15:52:48:489  INFO:   Setting the radio board transmit power to level 0x7.
2013/07/22 15:52:48:492  INFO:   Radio board power level set to 7.
2013/07/22 15:52:48:492  INFO:   ECG Timeout Interval set to 10 seconds.
2013/07/22 15:52:48:493  STATE:  Changing state to ScriptExecStateMachine.WaitForNextCmdState, ID[1]
2013/07/22 15:52:48:493  INFO:   FwDvtSystem Started the event processing thread
2013/07/22 15:52:48:523  ACTION: Read PRB FPGA: Address=0x3000 Data=0x07
2013/07/22 15:52:48:528  RESULT: FPGA 0x3000 Expected: 18 Actual: 7
2013/07/22 15:52:48:530  RESULT: ERROR Expected: 18 Actual: 7
2013/07/22 15:52:48:531  ACTION: Calibrate CC1020
2013/07/22 15:52:48:620  INFO:   CC1020 calibration passed
2013/07/22 15:52:48:628  ACTION: Read C1020: Address 0x04 Data=0x35
2013/07/22 15:52:48:633  ACTION: Read C1020: Address 0x05 Data=0xF0
2013/07/22 15:52:48:637  ACTION: Read C1020: Address 0x06 Data=0x21
2013/07/22 15:52:48:640  ACTION: Read C1020: Address 0x07 Data=0x38
2013/07/22 15:52:48:644  ACTION: Read C1020: Address 0x08 Data=0x35
2013/07/22 15:52:48:647  ACTION: Read C1020: Address 0x09 Data=0xFA
2013/07/22 15:52:48:651  ACTION: Read C1020: Address 0x0A Data=0xCB
2013/07/22 15:52:48:654  ACTION: Read C1020: Address 0x0B Data=0x38
2013/07/22 15:52:48:658  ACTION: Read C1020: Address 0x1D Data=0x00
2013/07/22 15:52:48:661  ACTION: Read C1020: Address 0x45 Data=0x4C
2013/07/22 15:52:48:665  ACTION: Read C1020: Address 0x46 Data=0x66
2013/07/22 15:52:48:668  ACTION: Read C1020: Address 0x47 Data=0x44
2013/07/22 15:52:48:679  ACTION: Read PRB FPGA: Address=0x305E Data=0x00
2013/07/22 15:52:48:682  ACTION: Read PRB FPGA: Address=0x3060 Data=0x00
2013/07/22 15:52:48:685  ACTION: Read PRB FPGA: Address=0x3062 Data=0x00
2013/07/22 15:52:48:692  ACTION: Read PRB FPGA: Address=0x3066 Data=0x00
2013/07/22 15:52:48:695  ACTION: Read PRB FPGA: Address=0x3068 Data=0x00
2013/07/22 15:52:48:698  ACTION: Read PRB FPGA: Address=0x306A Data=0x00
2013/07/22 15:52:48:700  ACTION: Write PRB FPGA: Address=0x1026 Data=0x00
2013/07/22 15:52:48:707  INFO:   EXECUTING STATE: SMLibrary.Dvt.IcdCmd+ScanState Timeout: 00:00:30
2013/07/22 15:52:48:708  EVENT:  SCRIPT-EXEC:EXEC-STATE - TES.Dvt.ScriptExecStateMachine, ID[11]
2013/07/22 15:52:48:709  STATE:  Changing state to ScriptExecStateMachine.ExecState, ID[4]
2013/07/22 15:52:48:709  INFO:   Setting the radio board transmit power to level 0x7.
2013/07/22 15:52:48:713  INFO:   Radio board power level set to 7.
2013/07/22 15:52:48:714  ACTION: Setting radio board configuration for hybrid.
2013/07/22 15:52:48:714  ACTION: Set radio board to DIO inverting mode.
2013/07/22 15:52:48:714  ACTION: Write PRB FPGA: Address=0x3012 Data=0x01
2013/07/22 15:52:48:718  ACTION: PRB Set Link Data Rate: Slow
2013/07/22 15:52:48:721  ACTION: Read PRB FPGA: Address=0x1004 Data=0x00
2013/07/22 15:52:48:721  ACTION: Write PRB FPGA: Address=0x1004 Data=0x00
2013/07/22 15:52:48:724  ACTION: Scanning for devices, primary scan duration = 9 sec, secondary scan duration = 2 sec
2013/07/22 15:52:59:906  INFO:   Primary scan device IDs: 0x801C0094 
2013/07/22 15:53:04:059  INFO:   Secondary scan device IDs: 0x801C0094 
2013/07/22 15:53:04:062  EVENT:  Device ID List, ID[17]
                                 DeviceID[0] : ID 0x801C0094 (Model 0, Serial 148, SW Version 7, Is Implanted)
2013/07/22 15:53:04:062  STATE:  Changing state to ScriptExecStateMachine.WaitForNextCmdState, ID[1]
2013/07/22 15:53:04:062  INFO:   STATE EXITED: SMLibrary.Dvt.IcdCmd+ScanState
2013/07/22 15:53:04:076  INFO:   EXECUTING STATE: SMLibrary.Dvt.IcdCmd+ConnectState Timeout: 00:00:24
2013/07/22 15:53:04:076  EVENT:  SCRIPT-EXEC:EXEC-STATE - TES.Dvt.ScriptExecStateMachine, ID[11]
2013/07/22 15:53:04:076  STATE:  Changing state to ScriptExecStateMachine.ExecState, ID[4]
2013/07/22 15:53:04:077  ACTION: PRB Set Link Data Rate: Slow
2013/07/22 15:53:04:080  ACTION: Read PRB FPGA: Address=0x1004 Data=0x00
2013/07/22 15:53:04:080  ACTION: Write PRB FPGA: Address=0x1004 Data=0x00
2013/07/22 15:53:04:083  ACTION: Connecting to device ID 0x801C0094 (Model 0, Serial 148, SW Version 7, Is Implanted)
2013/07/22 15:53:06:720  INFO:   Registering the ICD session delegates
2013/07/22 15:53:06:720  EVENT:  Connect Succeeded, ID[19]
2013/07/22 15:53:06:720  INFO:   STATE EXITED: SMLibrary.Dvt.IcdCmd+ConnectState
2013/07/22 15:53:06:720  STATE:  Changing state to ScriptExecStateMachine.WaitForNextCmdState, ID[1]
2013/07/22 15:53:06:724  INFO:   EXECUTING STATE MACHINE: SMLibrary.ReadSM Timeout: 00:00:01.3120000
2013/07/22 15:53:06:724  EVENT:  SCRIPT-EXEC:EXEC-SM - TES.Dvt.ScriptExecStateMachine, ID[9]
2013/07/22 15:53:06:724  STATE:  Changing state to ScriptExecStateMachine.ExecStateMachineWithCustomExitEventsState, ID[2]
2013/07/22 15:53:06:725  STATE:  Changing state to ReadSM.ReadingState, ID[8]
2013/07/22 15:53:06:725  ACTION: READ_FROM_16_BIT_ADDR_WITH_CRC32, Address=SYS_ERRORS(0xF56C) Length=1
2013/07/22 15:53:06:796  EVENT:  Command Completed, ID[23], Command=0x82 (READ_FROM_16_BIT_ADDR_WITH_CRC32), CRC32=0xE69CA3FE, Data=0xB0
2013/07/22 15:53:06:798  EVENT:  Read Memory Complete, ID[24]
2013/07/22 15:53:06:798  STATE:  Changing state to ReadSM.IdleState, ID[6]
2013/07/22 15:53:06:798  STATE:  Changing state to ScriptExecStateMachine.WaitForNextCmdState, ID[1]
2013/07/22 15:53:06:798  INFO:   STATE MACHINE EXITED: SMLibrary.ReadSM
2013/07/22 15:53:06:803  INFO:   EXECUTING STATE: IronPython.NewTypes.System.Object#IScriptExecState_5$5 Timeout: 00:00:05
2013/07/22 15:53:06:803  EVENT:  SCRIPT-EXEC:EXEC-STATE - TES.Dvt.ScriptExecStateMachine, ID[11]
2013/07/22 15:53:06:803  STATE:  Changing state to ScriptExecStateMachine.ExecState, ID[4]
2013/07/22 15:53:06:804  ACTION: Return Last Command
2013/07/22 15:53:06:843  EVENT:  Command Completed, ID[26], Command=0x60 (Return Last Command), time since last CMDCompleted: 48 ms,
                                 0x00 : 82801C00 94   
2013/07/22 15:53:06:847  EVENT:  Marker (Device Summary), ID[27], Timestamp=0xF8[full:not set], Data[0]=0x00, Data[1]=0x40 DynamicShockPolarity=HVA_POSITIVE SystemErrorOccurred 
2013/07/22 15:53:06:851  INFO:   EXECUTING STATE MACHINE: SMLibrary.ReadSM Timeout: 00:00:01.3120000
2013/07/22 15:53:06:851  EVENT:  SCRIPT-EXEC:EXEC-SM - TES.Dvt.ScriptExecStateMachine, ID[9]
2013/07/22 15:53:06:858  ERROR:  TES.StateMachineException - Exception while processing event (Command Completed) in TES.Dvt.ScriptExecStateMachine.ExecState, ID[4]
                                 Stack Trace:
                                    at TES.EventSink.dispatchEvents(IStateMachine sm)
                                    at SMLibrary.Dvt.FwDvtSystem.ScriptEngineProcedure.runTestProcedure()
                                    at TES.TestProcedure.runATestProcedure()
                                    at TES.TestProcedure.run()
                                 Inner Exception: Microsoft.Scripting.ArgumentTypeException - CMDCompleted() takes at least 2 arguments (1 given)
                                 Inner Exception Stack Trace:
                                    at Microsoft.Scripting.Interpreter.ThrowInstruction.Run(InterpretedFrame frame)
                                    at Microsoft.Scripting.Interpreter.Interpreter.Run(InterpretedFrame frame)
                                    at Microsoft.Scripting.Interpreter.LightLambda.Run4[T0,T1,T2,T3,TRet](T0 arg0, T1 arg1, T2 arg2, T3 arg3)
                                    at System.Dynamic.UpdateDelegates.UpdateAndExecute3[T0,T1,T2,TRet](CallSite site, T0 arg0, T1 arg1, T2 arg2)
                                    at IronPython.Runtime.Types.PythonType.GetPythonType(CallSite site, CodeContext context, Object type, Object instance)
                                    at IronPython.Compiler.Ast.CallExpression.Invoke1Instruction.Run(InterpretedFrame frame)
                                    at Microsoft.Scripting.Interpreter.Interpreter.Run(InterpretedFrame frame)
                                    at Microsoft.Scripting.Interpreter.LightLambda.Run4[T0,T1,T2,T3,TRet](T0 arg0, T1 arg1, T2 arg2, T3 arg3)
                                    at IronPython.Compiler.PythonCallTargets.OriginalCallTarget3(PythonFunction function, Object arg0, Object arg1, Object arg2)
                                    at IronPython.Runtime.FunctionCaller`3.Call3(CallSite site, CodeContext context, Object func, T0 arg0, T1 arg1, T2 arg2)
                                    at System.Dynamic.UpdateDelegates.UpdateAndExecute5[T0,T1,T2,T3,T4,TRet](CallSite site, T0 arg0, T1 arg1, T2 arg2, T3 arg3, T4 arg4)
                                    at IronPython.Runtime.FunctionCaller`3.Default2Call3(CallSite site, CodeContext context, Object func, T0 arg0, T1 arg1, T2 arg2)
                                    at IronPython.Runtime.Method.MethodBinding`2.SelfTarget(CallSite site, CodeContext context, Object target, T0 arg0, T1 arg1)
                                    at System.Dynamic.UpdateDelegates.UpdateAndExecute4[T0,T1,T2,T3,TRet](CallSite site, T0 arg0, T1 arg1, T2 arg2, T3 arg3)
                                    at IronPython.NewTypes.System.Object#IScriptExecState_5$5.processEvent(StateMachine owner, Event ev)
                                    at TES.Dvt.ScriptExecStateMachine.ExecState.processEvent(StateMachine owner, Event ev)
                                    at TES.StateMachine.process(Event ev)
                                    at TES.EventSink.dispatchEvents(IStateMachine sm)
2013/07/22 15:53:06:860  INFO:   Testcase Summary:
2013/07/22 15:53:06:860  RESULT: Test Procedure ScriptEngineProcedure (FAILED)
2013/07/22 15:53:06:860  INFO:   Procedure Runtime = 00:00:18
2013/07/22 15:53:07:754  INFO:   Enabling the timestamp/interval calculations
2013/07/22 15:53:07:756  EVENT:  Marker (Device Summary), ID[30], Timestamp=0x6E[full:110], Data[0]=0x00, Data[1]=0x40 DynamicShockPolarity=HVA_POSITIVE SystemErrorOccurred 
2013/07/22 15:53:07:881  EVENT:  Marker (Two Second), ID[31], Timestamp=0x77[full:119]
2013/07/22 15:53:08:739  EVENT:  Marker (Device Summary), ID[32], Timestamp=0xEE[full:238], Data[0]=0x00, Data[1]=0x40 DynamicShockPolarity=HVA_POSITIVE SystemErrorOccurred 
2013/07/22 15:53:09:740  EVENT:  Marker (Device Summary), ID[33], Timestamp=0x6E[full:366], Data[0]=0x00, Data[1]=0x40 DynamicShockPolarity=HVA_POSITIVE SystemErrorOccurred 
2013/07/22 15:53:09:884  EVENT:  Marker (Two Second), ID[34], Timestamp=0x77[full:375]
2013/07/22 15:53:10:744  EVENT:  Marker (Device Summary), ID[35], Timestamp=0xEE[full:494], Data[0]=0x00, Data[1]=0x40 DynamicShockPolarity=HVA_POSITIVE SystemErrorOccurred 
2013/07/22 15:53:11:744  EVENT:  Marker (Device Summary), ID[36], Timestamp=0x6E[full:622], Data[0]=0x00, Data[1]=0x40 DynamicShockPolarity=HVA_POSITIVE SystemErrorOccurred 
2013/07/22 15:53:11:808  EVENT:  State (TES.Dvt.ScriptExecStateMachine, ID[0]) Timed Out, ID[25]
2013/07/22 15:53:11:869  EVENT:  Marker (Two Second), ID[37], Timestamp=0x77[full:631]
2013/07/22 15:53:12:748  EVENT:  Marker (Device Summary), ID[38], Timestamp=0xEE[full:750], Data[0]=0x00, Data[1]=0x40 DynamicShockPolarity=HVA_POSITIVE SystemErrorOccurred 
