<<<<< Log Header: 07/22/2013 15:25:55 >>>>>
2013/07/22 15:25:55:993 [004752] INFO [NCommunicationSystem.cpp, 108] - nCommunicationSystem, Version=1.8.2.1, Culture=neutral, PublicKeyToken=56b5378c99c0bcfd
2013/07/22 15:25:56:007 [004752] INFO [ExceptionCatchingThread.cpp, 257] - Created the timer thread with id 1384 (0x568).
2013/07/22 15:25:56:009 [001384] INFO [ExceptionCatchingThread.cpp, 168] - Executing the timer thread procedure...
2013/07/22 15:25:56:013 [004752] INFO [ExceptionCatchingThread.cpp, 257] - Created the dispatch thread with id 1480 (0x5c8).
2013/07/22 15:25:56:013 [001480] INFO [ExceptionCatchingThread.cpp, 168] - Executing the dispatch thread procedure...
2013/07/22 15:25:59:015 [004752] DEBUG [Prb.cpp, 252] - PRB logging started.
2013/07/22 15:25:59:022 [004752] DEBUG [Prb.cpp, 130] - Number of FTDI devices: 1
2013/07/22 15:25:59:022 [004752] DEBUG [Prb.cpp, 158] - FTDI Device[0]: ID=67330069
2013/07/22 15:25:59:024 [004752] DEBUG [Prb.cpp, 169] - FTDI handle=171195688
2013/07/22 15:25:59:025 [004752] INFO [Prb.cpp, 179] - FTDI Driver Version 2.08.24.0
2013/07/22 15:25:59:282 [004752] INFO [Prb.cpp, 205] - FTDI Configuration: MaxCurrent=200, CBus5=21, CBus6=0x4
2013/07/22 15:25:59:533 [004752] INFO [Prb.cpp, 246] - PRB driver initialized.
2013/07/22 15:25:59:533 [004752] TRACE [Prb.cpp, 448] - Writing FPGA, Address=0x1008, Data=0x08
2013/07/22 15:25:59:534 [004752] TRACE [Prb.cpp, 1035] - WriteFPGAPacket(0x1008, 0x08):01 00 0D 00 81 00 03 10 08 08 25 D5 0D 
2013/07/22 15:25:59:534 [006764] TRACE [Prb.cpp, 835] - RxStream contents:01 00 0B 83 06 00 00 00 0C 82 0D 
2013/07/22 15:25:59:535 [006764] TRACE [Prb.cpp, 943] - RadioBoardPacket(ACK):01 00 0B 83 06 00 00 00 0C 82 0D 
2013/07/22 15:25:59:536 [004752] DEBUG [Prb.cpp, 466] - Write FPGA completed, Address=0x1008, Data=0x08
2013/07/22 15:25:59:552 [004752] TRACE [Prb.cpp, 493] - Reading FPGA, Address=0x300A
2013/07/22 15:25:59:553 [004752] TRACE [Prb.cpp, 1035] - ReadFPGAPacket(0x300A):01 00 0C 01 82 00 02 30 0A E8 24 0D 
2013/07/22 15:25:59:553 [006764] TRACE [Prb.cpp, 835] - RxStream contents:01 00 0C 84 06 01 00 01 00 7F 5D 0D 
2013/07/22 15:25:59:554 [006764] TRACE [Prb.cpp, 943] - RadioBoardPacket(ACK):01 00 0C 84 06 01 00 01 00 7F 5D 0D 
2013/07/22 15:25:59:555 [004752] DEBUG [Prb.cpp, 512] - Read FPGA completed, Address=0x300A, Data=0x00
2013/07/22 15:25:59:555 [004752] TRACE [Prb.cpp, 448] - Writing FPGA, Address=0x300A, Data=0x03
2013/07/22 15:25:59:556 [004752] TRACE [Prb.cpp, 1035] - WriteFPGAPacket(0x300A, 0x03):01 00 0D 02 81 00 03 30 0A 03 29 4F 0D 
2013/07/22 15:25:59:556 [006764] TRACE [Prb.cpp, 835] - RxStream contents:01 00 0B 85 06 02 00 00 8D B9 0D 
2013/07/22 15:25:59:557 [006764] TRACE [Prb.cpp, 943] - RadioBoardPacket(ACK):01 00 0B 85 06 02 00 00 8D B9 0D 
2013/07/22 15:25:59:558 [004752] DEBUG [Prb.cpp, 466] - Write FPGA completed, Address=0x300A, Data=0x03
2013/07/22 15:25:59:570 [004752] INFO [CrossTalkDetector.cpp, 14] - EnterCrossTalkThreshold = 8
2013/07/22 15:25:59:571 [004752] INFO [CrossTalkDetector.cpp, 21] - LeaveCrossTalkThreshold = 4
2013/07/22 15:25:59:572 [004752] INFO [CrossTalkDetector.cpp, 28] - LinkThreshold = 8
2013/07/22 15:25:59:573 [004752] INFO [ExceptionCatchingThread.cpp, 257] - Created the interrupt thread with id 6036 (0x1794).
2013/07/22 15:25:59:574 [006036] INFO [ExceptionCatchingThread.cpp, 168] - Executing the interrupt thread procedure...
2013/07/22 15:25:59:574 [004752] DEBUG [Prb.cpp, 252] - PRB logging started.
2013/07/22 15:25:59:576 [004752] INFO [CommunicationSystem.cpp, 640] - Calibrating the PRB CC1020.
2013/07/22 15:25:59:576 [004752] TRACE [Prb.cpp, 448] - Writing FPGA, Address=0x1008, Data=0x01
2013/07/22 15:25:59:577 [004752] TRACE [Prb.cpp, 1035] - WriteFPGAPacket(0x1008, 0x01):01 00 0D 03 81 00 03 10 08 01 26 D3 0D 
2013/07/22 15:25:59:577 [006764] TRACE [Prb.cpp, 835] - RxStream contents:01 00 0B 86 06 03 00 00 0D 26 0D 
2013/07/22 15:25:59:578 [006764] TRACE [Prb.cpp, 943] - RadioBoardPacket(ACK):01 00 0B 86 06 03 00 00 0D 26 0D 
2013/07/22 15:25:59:579 [004752] DEBUG [Prb.cpp, 466] - Write FPGA completed, Address=0x1008, Data=0x01
2013/07/22 15:25:59:659 [006764] TRACE [Prb.cpp, 835] - RxStream contents:01 00 0D 87 00 00 00 02 09 00 E9 75 0D 
2013/07/22 15:25:59:663 [006036] DEBUG [CommunicationSystem.cpp, 1120] - Calibration complete.
2013/07/22 15:25:59:663 [004752] TRACE [Prb.cpp, 493] - Reading FPGA, Address=0x2012
2013/07/22 15:25:59:664 [004752] TRACE [Prb.cpp, 1035] - ReadFPGAPacket(0x2012):01 00 0C 04 82 00 02 20 12 10 72 0D 
2013/07/22 15:25:59:664 [006764] TRACE [Prb.cpp, 835] - RxStream contents:01 00 0C 88 06 04 00 01 00 9B 52 0D 
2013/07/22 15:25:59:665 [006764] TRACE [Prb.cpp, 943] - RadioBoardPacket(ACK):01 00 0C 88 06 04 00 01 00 9B 52 0D 
2013/07/22 15:25:59:666 [004752] DEBUG [Prb.cpp, 512] - Read FPGA completed, Address=0x2012, Data=0x00
2013/07/22 15:25:59:666 [004752] INFO [CommunicationSystem.cpp, 653] - CC1020 Calibration succeeded.
2013/07/22 15:25:59:667 [004752] TRACE [Prb.cpp, 448] - Writing FPGA, Address=0x1006, Data=0x08
2013/07/22 15:25:59:668 [004752] TRACE [Prb.cpp, 1035] - WriteFPGAPacket(0x1006, 0x08):01 00 0D 05 81 00 03 10 06 08 84 86 0D 
2013/07/22 15:25:59:668 [006764] TRACE [Prb.cpp, 835] - RxStream contents:01 00 0B 89 06 05 00 00 0F F6 0D 
2013/07/22 15:25:59:669 [006764] TRACE [Prb.cpp, 943] - RadioBoardPacket(ACK):01 00 0B 89 06 05 00 00 0F F6 0D 
2013/07/22 15:25:59:669 [004752] DEBUG [Prb.cpp, 466] - Write FPGA completed, Address=0x1006, Data=0x08
2013/07/22 15:25:59:670 [004752] TRACE [Prb.cpp, 493] - Reading FPGA, Address=0x3000
2013/07/22 15:25:59:670 [004752] TRACE [Prb.cpp, 1035] - ReadFPGAPacket(0x3000):01 00 0C 06 82 00 02 30 00 80 1E 0D 
2013/07/22 15:25:59:670 [006764] TRACE [Prb.cpp, 835] - RxStream contents:01 00 0C 8A 06 06 00 01 07 C3 43 0D 
2013/07/22 15:25:59:671 [006764] TRACE [Prb.cpp, 943] - RadioBoardPacket(ACK):01 00 0C 8A 06 06 00 01 07 C3 43 0D 
2013/07/22 15:25:59:672 [004752] DEBUG [Prb.cpp, 512] - Read FPGA completed, Address=0x3000, Data=0x07
2013/07/22 15:25:59:673 [004752] INFO [CommunicationSystem.cpp, 613] - FPGA Revision 7.
2013/07/22 15:25:59:673 [004752] TRACE [Prb.cpp, 584] - Reading CC1020, Address=0x0004
2013/07/22 15:25:59:674 [004752] TRACE [Prb.cpp, 1035] - ReadCC1020Packet(0x04):01 00 0C 07 84 00 02 00 04 59 16 0D 
2013/07/22 15:25:59:674 [006764] TRACE [Prb.cpp, 835] - RxStream contents:01 00 0C 8B 06 07 00 01 35 2F EC 0D 
2013/07/22 15:25:59:675 [006764] TRACE [Prb.cpp, 943] - RadioBoardPacket(ACK):01 00 0C 8B 06 07 00 01 35 2F EC 0D 
2013/07/22 15:25:59:675 [004752] DEBUG [Prb.cpp, 603] - Read CC1020 completed, Address=0x0004, Data=0x35
2013/07/22 15:25:59:676 [004752] INFO [CommunicationSystem.cpp, 614] - CC1020 Frequency 2A 0x35.
2013/07/22 15:25:59:676 [004752] TRACE [Prb.cpp, 584] - Reading CC1020, Address=0x0005
2013/07/22 15:25:59:677 [004752] TRACE [Prb.cpp, 1035] - ReadCC1020Packet(0x05):01 00 0C 08 84 00 02 00 05 F1 1C 0D 
2013/07/22 15:25:59:677 [006764] TRACE [Prb.cpp, 835] - RxStream contents:01 00 0C 8C 06 08 00 01 F0 89 74 0D 
2013/07/22 15:25:59:678 [006764] TRACE [Prb.cpp, 943] - RadioBoardPacket(ACK):01 00 0C 8C 06 08 00 01 F0 89 74 0D 
2013/07/22 15:25:59:679 [004752] DEBUG [Prb.cpp, 603] - Read CC1020 completed, Address=0x0005, Data=0xF0
2013/07/22 15:25:59:679 [004752] INFO [CommunicationSystem.cpp, 615] - CC1020 Frequency 1A 0xf0.
2013/07/22 15:25:59:680 [004752] TRACE [Prb.cpp, 584] - Reading CC1020, Address=0x0006
2013/07/22 15:25:59:680 [004752] TRACE [Prb.cpp, 1035] - ReadCC1020Packet(0x06):01 00 0C 09 84 00 02 00 06 09 15 0D 
2013/07/22 15:25:59:680 [006764] TRACE [Prb.cpp, 835] - RxStream contents:01 00 0C 8D 06 09 00 01 21 E7 92 0D 
2013/07/22 15:25:59:681 [006764] TRACE [Prb.cpp, 943] - RadioBoardPacket(ACK):01 00 0C 8D 06 09 00 01 21 E7 92 0D 
2013/07/22 15:25:59:682 [004752] DEBUG [Prb.cpp, 603] - Read CC1020 completed, Address=0x0006, Data=0x21
2013/07/22 15:25:59:682 [004752] INFO [CommunicationSystem.cpp, 616] - CC1020 Frequency 0A 0x21.
2013/07/22 15:25:59:683 [004752] TRACE [Prb.cpp, 584] - Reading CC1020, Address=0x0008
2013/07/22 15:25:59:683 [004752] TRACE [Prb.cpp, 1035] - ReadCC1020Packet(0x08):01 00 0C 0A 84 00 02 00 08 01 32 0D 
2013/07/22 15:25:59:684 [006764] TRACE [Prb.cpp, 835] - RxStream contents:01 00 0C 8E 06 0A 00 01 35 53 EA 0D 
2013/07/22 15:25:59:685 [006764] TRACE [Prb.cpp, 943] - RadioBoardPacket(ACK):01 00 0C 8E 06 0A 00 01 35 53 EA 0D 
2013/07/22 15:25:59:685 [004752] DEBUG [Prb.cpp, 603] - Read CC1020 completed, Address=0x0008, Data=0x35
2013/07/22 15:25:59:686 [004752] INFO [CommunicationSystem.cpp, 617] - CC1020 Frequency 2B 0x35.
2013/07/22 15:25:59:686 [004752] TRACE [Prb.cpp, 584] - Reading CC1020, Address=0x0009
2013/07/22 15:25:59:687 [004752] TRACE [Prb.cpp, 1035] - ReadCC1020Packet(0x09):01 00 0C 0B 84 00 02 00 09 79 34 0D 
2013/07/22 15:25:59:687 [006764] TRACE [Prb.cpp, 835] - RxStream contents:01 00 0C 8F 06 0B 00 01 FA 3D 48 0D 
2013/07/22 15:25:59:688 [006764] TRACE [Prb.cpp, 943] - RadioBoardPacket(ACK):01 00 0C 8F 06 0B 00 01 FA 3D 48 0D 
2013/07/22 15:25:59:688 [004752] DEBUG [Prb.cpp, 603] - Read CC1020 completed, Address=0x0009, Data=0xFA
2013/07/22 15:25:59:689 [004752] INFO [CommunicationSystem.cpp, 618] - CC1020 Frequency 1B 0xfa.
2013/07/22 15:25:59:689 [004752] TRACE [Prb.cpp, 584] - Reading CC1020, Address=0x000A
2013/07/22 15:25:59:690 [004752] TRACE [Prb.cpp, 1035] - ReadCC1020Packet(0x0A):01 00 0C 0C 84 00 02 00 0A 11 38 0D 
2013/07/22 15:25:59:690 [006764] TRACE [Prb.cpp, 835] - RxStream contents:01 00 0C 90 06 0C 00 01 CB F9 F3 0D 
2013/07/22 15:25:59:691 [006764] TRACE [Prb.cpp, 943] - RadioBoardPacket(ACK):01 00 0C 90 06 0C 00 01 CB F9 F3 0D 
2013/07/22 15:25:59:691 [004752] DEBUG [Prb.cpp, 603] - Read CC1020 completed, Address=0x000A, Data=0xCB
2013/07/22 15:25:59:692 [004752] INFO [CommunicationSystem.cpp, 619] - CC1020 Frequency 0B 0xcb.
2013/07/22 15:25:59:693 [004752] DEBUG [Prb.cpp, 650] - Read EEPROM completed, Address=0x060A, Data=0x00
2013/07/22 15:25:59:693 [004752] INFO [CommunicationSystem.cpp, 620] - RSSI Calibration Reference Center Channel 0.
2013/07/22 15:25:59:694 [004752] TRACE [Prb.cpp, 493] - Reading FPGA, Address=0x3054
2013/07/22 15:25:59:694 [004752] TRACE [Prb.cpp, 1035] - ReadFPGAPacket(0x3054):01 00 0C 0D 82 00 02 30 54 C9 EC 0D 
2013/07/22 15:25:59:694 [006764] TRACE [Prb.cpp, 835] - RxStream contents:01 00 0C 91 06 0D 00 01 07 97 5B 0D 
2013/07/22 15:25:59:695 [006764] TRACE [Prb.cpp, 943] - RadioBoardPacket(ACK):01 00 0C 91 06 0D 00 01 07 97 5B 0D 
2013/07/22 15:25:59:696 [004752] DEBUG [Prb.cpp, 512] - Read FPGA completed, Address=0x3054, Data=0x07
2013/07/22 15:25:59:696 [004752] INFO [CommunicationSystem.cpp, 621] - CC1020 PA_POWER 0x7.
2013/07/22 15:25:59:697 [004752] TRACE [Prb.cpp, 584] - Reading CC1020, Address=0x001C
2013/07/22 15:25:59:697 [004752] TRACE [Prb.cpp, 1035] - ReadCC1020Packet(0x1C):01 00 0C 0E 84 00 02 00 1C E1 4C 0D 
2013/07/22 15:25:59:697 [006764] TRACE [Prb.cpp, 835] - RxStream contents:01 00 0C 92 06 0E 00 01 07 23 5B 0D 
2013/07/22 15:25:59:699 [006764] TRACE [Prb.cpp, 943] - RadioBoardPacket(ACK):01 00 0C 92 06 0E 00 01 07 23 5B 0D 
2013/07/22 15:25:59:699 [004752] DEBUG [Prb.cpp, 603] - Read CC1020 completed, Address=0x001C, Data=0x07
2013/07/22 15:25:59:700 [004752] INFO [CommunicationSystem.cpp, 622] - CC1020 Transmit Power 0x7.
2013/07/22 15:25:59:700 [004752] TRACE [Prb.cpp, 493] - Reading FPGA, Address=0x3014
2013/07/22 15:25:59:701 [004752] TRACE [Prb.cpp, 1035] - ReadFPGAPacket(0x3014):01 00 0C 0F 82 00 02 30 14 38 6C 0D 
2013/07/22 15:25:59:701 [006764] TRACE [Prb.cpp, 835] - RxStream contents:01 00 0C 93 06 0F 00 01 00 CF 4A 0D 
2013/07/22 15:25:59:702 [006764] TRACE [Prb.cpp, 943] - RadioBoardPacket(ACK):01 00 0C 93 06 0F 00 01 00 CF 4A 0D 
2013/07/22 15:25:59:702 [004752] DEBUG [Prb.cpp, 512] - Read FPGA completed, Address=0x3014, Data=0x00
2013/07/22 15:25:59:703 [004752] INFO [CommunicationSystem.cpp, 623] - Low Noise Amplifier Circumvented 0.
2013/07/22 15:25:59:703 [004752] TRACE [Prb.cpp, 584] - Reading CC1020, Address=0x0001
2013/07/22 15:25:59:704 [004752] TRACE [Prb.cpp, 1035] - ReadCC1020Packet(0x01):01 00 0C 10 84 00 02 00 01 B1 1C 0D 
2013/07/22 15:25:59:704 [006764] TRACE [Prb.cpp, 835] - RxStream contents:01 00 0C 94 06 10 00 01 0F 2B 68 0D 
2013/07/22 15:25:59:705 [006764] TRACE [Prb.cpp, 943] - RadioBoardPacket(ACK):01 00 0C 94 06 10 00 01 0F 2B 68 0D 
2013/07/22 15:25:59:705 [004752] DEBUG [Prb.cpp, 603] - Read CC1020 completed, Address=0x0001, Data=0x0F
2013/07/22 15:25:59:706 [004752] INFO [CommunicationSystem.cpp, 624] - Low Noise Amplifier 0xf.
2013/07/22 15:25:59:706 [004752] TRACE [Prb.cpp, 493] - Reading FPGA, Address=0x1006
2013/07/22 15:25:59:707 [004752] TRACE [Prb.cpp, 1035] - ReadFPGAPacket(0x1006):01 00 0C 11 82 00 02 10 06 28 1D 0D 
2013/07/22 15:25:59:707 [006764] TRACE [Prb.cpp, 835] - RxStream contents:01 00 0C 95 06 11 00 01 08 C7 79 0D 
2013/07/22 15:25:59:708 [006764] TRACE [Prb.cpp, 943] - RadioBoardPacket(ACK):01 00 0C 95 06 11 00 01 08 C7 79 0D 
2013/07/22 15:25:59:709 [004752] DEBUG [Prb.cpp, 512] - Read FPGA completed, Address=0x1006, Data=0x08
2013/07/22 15:25:59:709 [004752] INFO [CommunicationSystem.cpp, 625] - Allowed Framing Errors 8.
2013/07/22 15:25:59:712 [004752] INFO [CrossTalkDetector.cpp, 28] - LinkThreshold = 8
2013/07/22 15:25:59:712 [004752] INFO [CrossTalkDetector.cpp, 14] - EnterCrossTalkThreshold = 8
2013/07/22 15:25:59:713 [004752] INFO [CrossTalkDetector.cpp, 21] - LeaveCrossTalkThreshold = 4
2013/07/22 15:25:59:722 [006500] TRACE [Prb.cpp, 493] - Reading FPGA, Address=0x3000
2013/07/22 15:25:59:723 [006500] TRACE [Prb.cpp, 1035] - ReadFPGAPacket(0x3000):01 00 0C 12 82 00 02 30 00 E0 0A 0D 
2013/07/22 15:25:59:723 [006764] TRACE [Prb.cpp, 835] - RxStream contents:01 00 0C 96 06 12 00 01 07 73 5B 0D 
2013/07/22 15:25:59:724 [006764] TRACE [Prb.cpp, 943] - RadioBoardPacket(ACK):01 00 0C 96 06 12 00 01 07 73 5B 0D 
2013/07/22 15:25:59:725 [006500] DEBUG [Prb.cpp, 512] - Read FPGA completed, Address=0x3000, Data=0x07
2013/07/22 15:25:59:726 [006500] TRACE [Prb.cpp, 539] - Writing CC1020, Address=0x001C, Data=0x07
2013/07/22 15:25:59:727 [006500] TRACE [Prb.cpp, 1035] - WriteCC1020Packet(0x1C, 0x07):01 00 0D 13 83 00 03 00 1C 07 3E 84 0D 
2013/07/22 15:25:59:727 [006764] TRACE [Prb.cpp, 835] - RxStream contents:01 00 0B 97 06 13 00 00 8B 9D 0D 
2013/07/22 15:25:59:728 [006764] TRACE [Prb.cpp, 943] - RadioBoardPacket(ACK):01 00 0B 97 06 13 00 00 8B 9D 0D 
2013/07/22 15:25:59:728 [006500] DEBUG [Prb.cpp, 557] - Write CC1020 completed, Address=0x001C, Data=0x07
2013/07/22 15:25:59:778 [004752] TRACE [Prb.cpp, 493] - Reading FPGA, Address=0x3000
2013/07/22 15:25:59:779 [004752] TRACE [Prb.cpp, 1035] - ReadFPGAPacket(0x3000):01 00 0C 14 82 00 02 30 00 70 0F 0D 
2013/07/22 15:25:59:779 [006764] TRACE [Prb.cpp, 835] - RxStream contents:01 00 0C 98 06 14 00 01 07 DB 57 0D 
2013/07/22 15:25:59:780 [006764] TRACE [Prb.cpp, 943] - RadioBoardPacket(ACK):01 00 0C 98 06 14 00 01 07 DB 57 0D 
2013/07/22 15:25:59:781 [004752] DEBUG [Prb.cpp, 512] - Read FPGA completed, Address=0x3000, Data=0x07
2013/07/22 15:25:59:789 [004752] INFO [CommunicationSystem.cpp, 640] - Calibrating the PRB CC1020.
2013/07/22 15:25:59:790 [004752] TRACE [Prb.cpp, 448] - Writing FPGA, Address=0x1008, Data=0x01
2013/07/22 15:25:59:790 [004752] TRACE [Prb.cpp, 1035] - WriteFPGAPacket(0x1008, 0x01):01 00 0D 15 81 00 03 10 08 01 B1 B0 0D 
2013/07/22 15:25:59:790 [006764] TRACE [Prb.cpp, 835] - RxStream contents:01 00 0B 99 06 15 00 00 09 36 0D 
2013/07/22 15:25:59:792 [006764] TRACE [Prb.cpp, 943] - RadioBoardPacket(ACK):01 00 0B 99 06 15 00 00 09 36 0D 
2013/07/22 15:25:59:792 [004752] DEBUG [Prb.cpp, 466] - Write FPGA completed, Address=0x1008, Data=0x01
2013/07/22 15:25:59:873 [006764] TRACE [Prb.cpp, 835] - RxStream contents:01 00 0D 9A 00 00 00 02 09 00 F5 A5 0D 
2013/07/22 15:25:59:879 [006036] DEBUG [CommunicationSystem.cpp, 1120] - Calibration complete.
2013/07/22 15:25:59:879 [004752] TRACE [Prb.cpp, 493] - Reading FPGA, Address=0x2012
2013/07/22 15:25:59:880 [004752] TRACE [Prb.cpp, 1035] - ReadFPGAPacket(0x2012):01 00 0C 16 82 00 02 20 12 E0 63 0D 
2013/07/22 15:25:59:880 [006764] TRACE [Prb.cpp, 835] - RxStream contents:01 00 0C 9B 06 16 00 01 00 7B 45 0D 
2013/07/22 15:25:59:881 [006764] TRACE [Prb.cpp, 943] - RadioBoardPacket(ACK):01 00 0C 9B 06 16 00 01 00 7B 45 0D 
2013/07/22 15:25:59:882 [004752] DEBUG [Prb.cpp, 512] - Read FPGA completed, Address=0x2012, Data=0x00
2013/07/22 15:25:59:882 [004752] INFO [CommunicationSystem.cpp, 653] - CC1020 Calibration succeeded.
2013/07/22 15:25:59:888 [004752] TRACE [Prb.cpp, 584] - Reading CC1020, Address=0x0004
2013/07/22 15:25:59:889 [004752] TRACE [Prb.cpp, 1035] - ReadCC1020Packet(0x04):01 00 0C 17 84 00 02 00 04 D9 04 0D 
2013/07/22 15:25:59:889 [006764] TRACE [Prb.cpp, 835] - RxStream contents:01 00 0C 9C 06 17 00 01 35 87 FE 0D 
2013/07/22 15:25:59:890 [006764] TRACE [Prb.cpp, 943] - RadioBoardPacket(ACK):01 00 0C 9C 06 17 00 01 35 87 FE 0D 
2013/07/22 15:25:59:890 [004752] DEBUG [Prb.cpp, 603] - Read CC1020 completed, Address=0x0004, Data=0x35
2013/07/22 15:25:59:893 [004752] TRACE [Prb.cpp, 584] - Reading CC1020, Address=0x0005
2013/07/22 15:25:59:894 [004752] TRACE [Prb.cpp, 1035] - ReadCC1020Packet(0x05):01 00 0C 18 84 00 02 00 05 71 0E 0D 
2013/07/22 15:25:59:894 [006764] TRACE [Prb.cpp, 835] - RxStream contents:01 00 0C 9D 06 18 00 01 F0 B1 63 0D 
2013/07/22 15:25:59:895 [006764] TRACE [Prb.cpp, 943] - RadioBoardPacket(ACK):01 00 0C 9D 06 18 00 01 F0 B1 63 0D 
2013/07/22 15:25:59:895 [004752] DEBUG [Prb.cpp, 603] - Read CC1020 completed, Address=0x0005, Data=0xF0
2013/07/22 15:25:59:896 [004752] TRACE [Prb.cpp, 584] - Reading CC1020, Address=0x0006
2013/07/22 15:25:59:897 [004752] TRACE [Prb.cpp, 1035] - ReadCC1020Packet(0x06):01 00 0C 19 84 00 02 00 06 89 07 0D 
2013/07/22 15:25:59:897 [006764] TRACE [Prb.cpp, 835] - RxStream contents:01 00 0C 9E 06 19 00 01 21 AF 86 0D 
2013/07/22 15:25:59:898 [006764] TRACE [Prb.cpp, 943] - RadioBoardPacket(ACK):01 00 0C 9E 06 19 00 01 21 AF 86 0D 
2013/07/22 15:25:59:899 [004752] DEBUG [Prb.cpp, 603] - Read CC1020 completed, Address=0x0006, Data=0x21
2013/07/22 15:25:59:900 [004752] TRACE [Prb.cpp, 584] - Reading CC1020, Address=0x0007
2013/07/22 15:25:59:900 [004752] TRACE [Prb.cpp, 1035] - ReadCC1020Packet(0x07):01 00 0C 1A 84 00 02 00 07 81 02 0D 
2013/07/22 15:25:59:901 [006764] TRACE [Prb.cpp, 835] - RxStream contents:01 00 0C 9F 06 1A 00 01 38 EB D0 0D 
2013/07/22 15:25:59:902 [006764] TRACE [Prb.cpp, 943] - RadioBoardPacket(ACK):01 00 0C 9F 06 1A 00 01 38 EB D0 0D 
2013/07/22 15:25:59:902 [004752] DEBUG [Prb.cpp, 603] - Read CC1020 completed, Address=0x0007, Data=0x38
2013/07/22 15:25:59:903 [004752] TRACE [Prb.cpp, 584] - Reading CC1020, Address=0x0008
2013/07/22 15:25:59:904 [004752] TRACE [Prb.cpp, 1035] - ReadCC1020Packet(0x08):01 00 0C 1B 84 00 02 00 08 79 23 0D 
2013/07/22 15:25:59:904 [006764] TRACE [Prb.cpp, 835] - RxStream contents:01 00 0C A0 06 1B 00 01 35 D7 C2 0D 
2013/07/22 15:25:59:905 [006764] TRACE [Prb.cpp, 943] - RadioBoardPacket(ACK):01 00 0C A0 06 1B 00 01 35 D7 C2 0D 
2013/07/22 15:25:59:906 [004752] DEBUG [Prb.cpp, 603] - Read CC1020 completed, Address=0x0008, Data=0x35
2013/07/22 15:25:59:907 [004752] TRACE [Prb.cpp, 584] - Reading CC1020, Address=0x0009
2013/07/22 15:25:59:908 [004752] TRACE [Prb.cpp, 1035] - ReadCC1020Packet(0x09):01 00 0C 1C 84 00 02 00 09 91 20 0D 
2013/07/22 15:25:59:908 [006764] TRACE [Prb.cpp, 835] - RxStream contents:01 00 0C A1 06 1C 00 01 FA C1 60 0D 
2013/07/22 15:25:59:909 [006764] TRACE [Prb.cpp, 943] - RadioBoardPacket(ACK):01 00 0C A1 06 1C 00 01 FA C1 60 0D 
2013/07/22 15:25:59:909 [004752] DEBUG [Prb.cpp, 603] - Read CC1020 completed, Address=0x0009, Data=0xFA
2013/07/22 15:25:59:910 [004752] TRACE [Prb.cpp, 584] - Reading CC1020, Address=0x000A
2013/07/22 15:25:59:911 [004752] TRACE [Prb.cpp, 1035] - ReadCC1020Packet(0x0A):01 00 0C 1D 84 00 02 00 0A 69 29 0D 
2013/07/22 15:25:59:911 [006764] TRACE [Prb.cpp, 835] - RxStream contents:01 00 0C A2 06 1D 00 01 CB 5D C6 0D 
2013/07/22 15:25:59:912 [006764] TRACE [Prb.cpp, 943] - RadioBoardPacket(ACK):01 00 0C A2 06 1D 00 01 CB 5D C6 0D 
2013/07/22 15:25:59:913 [004752] DEBUG [Prb.cpp, 603] - Read CC1020 completed, Address=0x000A, Data=0xCB
2013/07/22 15:25:59:914 [004752] TRACE [Prb.cpp, 584] - Reading CC1020, Address=0x000B
2013/07/22 15:25:59:914 [004752] TRACE [Prb.cpp, 1035] - ReadCC1020Packet(0x0B):01 00 0C 1E 84 00 02 00 0B 61 2C 0D 
2013/07/22 15:25:59:915 [006764] TRACE [Prb.cpp, 835] - RxStream contents:01 00 0C A3 06 1E 00 01 38 9B EF 0D 
2013/07/22 15:25:59:916 [006764] TRACE [Prb.cpp, 943] - RadioBoardPacket(ACK):01 00 0C A3 06 1E 00 01 38 9B EF 0D 
2013/07/22 15:25:59:916 [004752] DEBUG [Prb.cpp, 603] - Read CC1020 completed, Address=0x000B, Data=0x38
2013/07/22 15:25:59:917 [004752] TRACE [Prb.cpp, 584] - Reading CC1020, Address=0x001D
2013/07/22 15:25:59:918 [004752] TRACE [Prb.cpp, 1035] - ReadCC1020Packet(0x1D):01 00 0C 1F 84 00 02 00 1D 19 58 0D 
2013/07/22 15:25:59:918 [006764] TRACE [Prb.cpp, 835] - RxStream contents:01 00 0C A4 06 1F 00 01 00 E7 79 0D 
2013/07/22 15:25:59:919 [006764] TRACE [Prb.cpp, 943] - RadioBoardPacket(ACK):01 00 0C A4 06 1F 00 01 00 E7 79 0D 
2013/07/22 15:25:59:919 [004752] DEBUG [Prb.cpp, 603] - Read CC1020 completed, Address=0x001D, Data=0x00
2013/07/22 15:25:59:922 [004752] TRACE [Prb.cpp, 584] - Reading CC1020, Address=0x0045
2013/07/22 15:25:59:923 [004752] TRACE [Prb.cpp, 1035] - ReadCC1020Packet(0x45):01 00 0C 20 84 00 02 00 45 B0 B7 0D 
2013/07/22 15:25:59:923 [006764] TRACE [Prb.cpp, 835] - RxStream contents:01 00 0C A5 06 20 00 01 4C 92 DB 0D 
2013/07/22 15:25:59:924 [006764] TRACE [Prb.cpp, 943] - RadioBoardPacket(ACK):01 00 0C A5 06 20 00 01 4C 92 DB 0D 
2013/07/22 15:25:59:924 [004752] DEBUG [Prb.cpp, 603] - Read CC1020 completed, Address=0x0045, Data=0x4C
2013/07/22 15:25:59:925 [004752] TRACE [Prb.cpp, 584] - Reading CC1020, Address=0x0046
2013/07/22 15:25:59:926 [004752] TRACE [Prb.cpp, 1035] - ReadCC1020Packet(0x46):01 00 0C 21 84 00 02 00 46 48 BE 0D 
2013/07/22 15:25:59:926 [006764] TRACE [Prb.cpp, 835] - RxStream contents:01 00 0C A6 06 21 00 01 66 0E 27 0D 
2013/07/22 15:25:59:927 [006764] TRACE [Prb.cpp, 943] - RadioBoardPacket(ACK):01 00 0C A6 06 21 00 01 66 0E 27 0D 
2013/07/22 15:25:59:928 [004752] DEBUG [Prb.cpp, 603] - Read CC1020 completed, Address=0x0046, Data=0x66
2013/07/22 15:25:59:929 [004752] TRACE [Prb.cpp, 584] - Reading CC1020, Address=0x0047
2013/07/22 15:25:59:929 [004752] TRACE [Prb.cpp, 1035] - ReadCC1020Packet(0x47):01 00 0C 22 84 00 02 00 47 40 BB 0D 
2013/07/22 15:25:59:929 [006764] TRACE [Prb.cpp, 835] - RxStream contents:01 00 0C A7 06 22 00 01 44 CA E8 0D 
2013/07/22 15:25:59:931 [006764] TRACE [Prb.cpp, 943] - RadioBoardPacket(ACK):01 00 0C A7 06 22 00 01 44 CA E8 0D 
2013/07/22 15:25:59:931 [004752] DEBUG [Prb.cpp, 603] - Read CC1020 completed, Address=0x0047, Data=0x44
2013/07/22 15:25:59:938 [004752] TRACE [Prb.cpp, 493] - Reading FPGA, Address=0x305E
2013/07/22 15:25:59:939 [004752] TRACE [Prb.cpp, 1035] - ReadFPGAPacket(0x305E):01 00 0C 23 82 00 02 30 5E 99 FD 0D 
2013/07/22 15:25:59:939 [006764] TRACE [Prb.cpp, 835] - RxStream contents:01 00 0C A8 06 23 00 01 00 77 7C 0D 
2013/07/22 15:25:59:940 [006764] TRACE [Prb.cpp, 943] - RadioBoardPacket(ACK):01 00 0C A8 06 23 00 01 00 77 7C 0D 
2013/07/22 15:25:59:941 [004752] DEBUG [Prb.cpp, 512] - Read FPGA completed, Address=0x305E, Data=0x00
2013/07/22 15:25:59:942 [004752] TRACE [Prb.cpp, 493] - Reading FPGA, Address=0x3060
2013/07/22 15:25:59:943 [004752] TRACE [Prb.cpp, 1035] - ReadFPGAPacket(0x3060):01 00 0C 24 82 00 02 30 60 71 7C 0D 
2013/07/22 15:25:59:943 [006764] TRACE [Prb.cpp, 835] - RxStream contents:01 00 0C A9 06 24 00 01 00 63 7C 0D 
2013/07/22 15:25:59:944 [006764] TRACE [Prb.cpp, 943] - RadioBoardPacket(ACK):01 00 0C A9 06 24 00 01 00 63 7C 0D 
2013/07/22 15:25:59:944 [004752] DEBUG [Prb.cpp, 512] - Read FPGA completed, Address=0x3060, Data=0x00
2013/07/22 15:25:59:945 [004752] TRACE [Prb.cpp, 493] - Reading FPGA, Address=0x3062
2013/07/22 15:25:59:946 [004752] TRACE [Prb.cpp, 1035] - ReadFPGAPacket(0x3062):01 00 0C 25 82 00 02 30 62 09 70 0D 
2013/07/22 15:25:59:946 [006764] TRACE [Prb.cpp, 835] - RxStream contents:01 00 0C AA 06 25 00 01 00 7F 7F 0D 
2013/07/22 15:25:59:947 [006764] TRACE [Prb.cpp, 943] - RadioBoardPacket(ACK):01 00 0C AA 06 25 00 01 00 7F 7F 0D 
2013/07/22 15:25:59:947 [004752] DEBUG [Prb.cpp, 512] - Read FPGA completed, Address=0x3062, Data=0x00
2013/07/22 15:25:59:951 [004752] TRACE [Prb.cpp, 493] - Reading FPGA, Address=0x3066
2013/07/22 15:25:59:952 [004752] TRACE [Prb.cpp, 1035] - ReadFPGAPacket(0x3066):01 00 0C 26 82 00 02 30 66 01 6B 0D 
2013/07/22 15:25:59:952 [006764] TRACE [Prb.cpp, 835] - RxStream contents:01 00 0C AB 06 26 00 01 00 BB 7C 0D 
2013/07/22 15:25:59:953 [006764] TRACE [Prb.cpp, 943] - RadioBoardPacket(ACK):01 00 0C AB 06 26 00 01 00 BB 7C 0D 
2013/07/22 15:25:59:954 [004752] DEBUG [Prb.cpp, 512] - Read FPGA completed, Address=0x3066, Data=0x00
2013/07/22 15:25:59:955 [004752] TRACE [Prb.cpp, 493] - Reading FPGA, Address=0x3068
2013/07/22 15:25:59:955 [004752] TRACE [Prb.cpp, 1035] - ReadFPGAPacket(0x3068):01 00 0C 27 82 00 02 30 68 79 4F 0D 
2013/07/22 15:25:59:955 [006764] TRACE [Prb.cpp, 835] - RxStream contents:01 00 0C AC 06 27 00 01 00 47 79 0D 
2013/07/22 15:25:59:956 [006764] TRACE [Prb.cpp, 943] - RadioBoardPacket(ACK):01 00 0C AC 06 27 00 01 00 47 79 0D 
2013/07/22 15:25:59:957 [004752] DEBUG [Prb.cpp, 512] - Read FPGA completed, Address=0x3068, Data=0x00
2013/07/22 15:25:59:957 [004752] TRACE [Prb.cpp, 493] - Reading FPGA, Address=0x306A
2013/07/22 15:25:59:958 [004752] TRACE [Prb.cpp, 1035] - ReadFPGAPacket(0x306A):01 00 0C 28 82 00 02 30 6A D1 4F 0D 
2013/07/22 15:25:59:958 [006764] TRACE [Prb.cpp, 835] - RxStream contents:01 00 0C AD 06 28 00 01 00 73 7A 0D 
2013/07/22 15:25:59:959 [006764] TRACE [Prb.cpp, 943] - RadioBoardPacket(ACK):01 00 0C AD 06 28 00 01 00 73 7A 0D 
2013/07/22 15:25:59:959 [004752] DEBUG [Prb.cpp, 512] - Read FPGA completed, Address=0x306A, Data=0x00
2013/07/22 15:25:59:962 [004752] TRACE [Prb.cpp, 448] - Writing FPGA, Address=0x1026, Data=0x00
2013/07/22 15:25:59:962 [004752] TRACE [Prb.cpp, 1035] - WriteFPGAPacket(0x1026, 0x00):01 00 0D 29 81 00 03 10 26 00 EA 75 0D 
2013/07/22 15:25:59:962 [006764] TRACE [Prb.cpp, 835] - RxStream contents:01 00 0B AE 06 29 00 00 83 ED 0D 
2013/07/22 15:25:59:963 [006764] TRACE [Prb.cpp, 943] - RadioBoardPacket(ACK):01 00 0B AE 06 29 00 00 83 ED 0D 
2013/07/22 15:25:59:964 [004752] DEBUG [Prb.cpp, 466] - Write FPGA completed, Address=0x1026, Data=0x00
2013/07/22 15:25:59:971 [006500] TRACE [Prb.cpp, 539] - Writing CC1020, Address=0x001C, Data=0x07
2013/07/22 15:25:59:972 [006500] TRACE [Prb.cpp, 1035] - WriteCC1020Packet(0x1C, 0x07):01 00 0D 2A 83 00 03 00 1C 07 04 14 0D 
2013/07/22 15:25:59:972 [006764] TRACE [Prb.cpp, 835] - RxStream contents:01 00 0B AF 06 2A 00 00 03 AA 0D 
2013/07/22 15:25:59:973 [006764] TRACE [Prb.cpp, 943] - RadioBoardPacket(ACK):01 00 0B AF 06 2A 00 00 03 AA 0D 
2013/07/22 15:25:59:973 [006500] DEBUG [Prb.cpp, 557] - Write CC1020 completed, Address=0x001C, Data=0x07
2013/07/22 15:25:59:975 [006500] TRACE [Prb.cpp, 448] - Writing FPGA, Address=0x3012, Data=0x01
2013/07/22 15:25:59:976 [006500] TRACE [Prb.cpp, 1035] - WriteFPGAPacket(0x3012, 0x01):01 00 0D 2B 81 00 03 30 12 01 52 D3 0D 
2013/07/22 15:25:59:976 [006764] TRACE [Prb.cpp, 835] - RxStream contents:01 00 0B B0 06 2B 00 00 06 96 0D 
2013/07/22 15:25:59:977 [006764] TRACE [Prb.cpp, 943] - RadioBoardPacket(ACK):01 00 0B B0 06 2B 00 00 06 96 0D 
2013/07/22 15:25:59:977 [006500] DEBUG [Prb.cpp, 466] - Write FPGA completed, Address=0x3012, Data=0x01
2013/07/22 15:25:59:978 [006500] TRACE [Prb.cpp, 493] - Reading FPGA, Address=0x1004
2013/07/22 15:25:59:979 [006500] TRACE [Prb.cpp, 1035] - ReadFPGAPacket(0x1004):01 00 0C 2C 82 00 02 10 04 F0 2D 0D 
2013/07/22 15:25:59:979 [006764] TRACE [Prb.cpp, 835] - RxStream contents:01 00 0C B1 06 2C 00 01 08 03 57 0D 
2013/07/22 15:25:59:980 [006764] TRACE [Prb.cpp, 943] - RadioBoardPacket(ACK):01 00 0C B1 06 2C 00 01 08 03 57 0D 
2013/07/22 15:25:59:981 [006500] DEBUG [Prb.cpp, 512] - Read FPGA completed, Address=0x1004, Data=0x08
2013/07/22 15:25:59:981 [006500] TRACE [Prb.cpp, 448] - Writing FPGA, Address=0x1004, Data=0x08
2013/07/22 15:25:59:982 [006500] TRACE [Prb.cpp, 1035] - WriteFPGAPacket(0x1004, 0x08):01 00 0D 2D 81 00 03 10 04 08 22 05 0D 
2013/07/22 15:25:59:982 [006764] TRACE [Prb.cpp, 835] - RxStream contents:01 00 0B B2 06 2D 00 00 86 1D 0D 
2013/07/22 15:25:59:983 [006764] TRACE [Prb.cpp, 943] - RadioBoardPacket(ACK):01 00 0B B2 06 2D 00 00 86 1D 0D 
2013/07/22 15:25:59:983 [006500] DEBUG [Prb.cpp, 466] - Write FPGA completed, Address=0x1004, Data=0x08
2013/07/22 15:25:59:986 [001480] INFO [CommunicationSystemStates.cpp, 130] - Scan requested. Preamble Burst Duration: 9 seconds. Preamble Burst Data Rate: 2.
2013/07/22 15:25:59:986 [001480] TRACE [Prb.cpp, 448] - Writing FPGA, Address=0x1002, Data=0x09
2013/07/22 15:25:59:987 [001480] TRACE [Prb.cpp, 1035] - WriteFPGAPacket(0x1002, 0x09):01 00 0D 2E 81 00 03 10 02 09 B5 30 0D 
2013/07/22 15:25:59:987 [006764] TRACE [Prb.cpp, 835] - RxStream contents:01 00 0B B3 06 2E 00 00 06 5A 0D 
2013/07/22 15:25:59:988 [006764] TRACE [Prb.cpp, 943] - RadioBoardPacket(ACK):01 00 0B B3 06 2E 00 00 06 5A 0D 
2013/07/22 15:25:59:988 [001480] DEBUG [Prb.cpp, 466] - Write FPGA completed, Address=0x1002, Data=0x09
2013/07/22 15:25:59:989 [001480] TRACE [Prb.cpp, 493] - Reading FPGA, Address=0x1004
2013/07/22 15:25:59:990 [001480] TRACE [Prb.cpp, 1035] - ReadFPGAPacket(0x1004):01 00 0C 2F 82 00 02 10 04 78 2D 0D 
2013/07/22 15:25:59:990 [006764] TRACE [Prb.cpp, 835] - RxStream contents:01 00 0C B4 06 2F 00 01 08 27 52 0D 
2013/07/22 15:25:59:991 [006764] TRACE [Prb.cpp, 943] - RadioBoardPacket(ACK):01 00 0C B4 06 2F 00 01 08 27 52 0D 
2013/07/22 15:25:59:991 [001480] DEBUG [Prb.cpp, 512] - Read FPGA completed, Address=0x1004, Data=0x08
2013/07/22 15:25:59:992 [001480] TRACE [Prb.cpp, 448] - Writing FPGA, Address=0x1004, Data=0x08
2013/07/22 15:25:59:992 [001480] TRACE [Prb.cpp, 1035] - WriteFPGAPacket(0x1004, 0x08):01 00 0D 30 81 00 03 10 04 08 3E D5 0D 
2013/07/22 15:25:59:993 [006764] TRACE [Prb.cpp, 835] - RxStream contents:01 00 0B B5 06 30 00 00 06 D2 0D 
2013/07/22 15:25:59:994 [006764] TRACE [Prb.cpp, 943] - RadioBoardPacket(ACK):01 00 0B B5 06 30 00 00 06 D2 0D 
2013/07/22 15:25:59:994 [001480] DEBUG [Prb.cpp, 466] - Write FPGA completed, Address=0x1004, Data=0x08
2013/07/22 15:25:59:995 [001480] TRACE [Prb.cpp, 448] - Writing FPGA, Address=0x1008, Data=0x02
2013/07/22 15:25:59:995 [001480] TRACE [Prb.cpp, 1035] - WriteFPGAPacket(0x1008, 0x02):01 00 0D 31 81 00 03 10 08 02 97 FA 0D 
2013/07/22 15:25:59:995 [006764] TRACE [Prb.cpp, 835] - RxStream contents:01 00 0B B6 06 31 00 00 86 4D 0D 
2013/07/22 15:25:59:996 [006764] TRACE [Prb.cpp, 943] - RadioBoardPacket(ACK):01 00 0B B6 06 31 00 00 86 4D 0D 
2013/07/22 15:25:59:997 [001480] DEBUG [Prb.cpp, 466] - Write FPGA completed, Address=0x1008, Data=0x02
2013/07/22 15:26:11:122 [006036] INFO [CommunicationSystemStates.cpp, 168] - Scan complete
2013/07/22 15:26:11:123 [006036] TRACE [Prb.cpp, 584] - Reading CC1020, Address=0x0004
2013/07/22 15:26:11:124 [006036] TRACE [Prb.cpp, 1035] - ReadCC1020Packet(0x04):01 00 0C 32 84 00 02 00 04 41 20 0D 
2013/07/22 15:26:11:124 [006764] TRACE [Prb.cpp, 835] - RxStream contents:01 00 0C B8 06 32 00 01 35 23 D5 0D 
2013/07/22 15:26:11:125 [006764] TRACE [Prb.cpp, 943] - RadioBoardPacket(ACK):01 00 0C B8 06 32 00 01 35 23 D5 0D 
2013/07/22 15:26:11:126 [006036] DEBUG [Prb.cpp, 603] - Read CC1020 completed, Address=0x0004, Data=0x35
2013/07/22 15:26:11:126 [006036] TRACE [Prb.cpp, 584] - Reading CC1020, Address=0x0005
2013/07/22 15:26:11:127 [006036] TRACE [Prb.cpp, 1035] - ReadCC1020Packet(0x05):01 00 0C 33 84 00 02 00 05 39 26 0D 
2013/07/22 15:26:11:127 [006764] TRACE [Prb.cpp, 835] - RxStream contents:01 00 0C B9 06 33 00 01 F0 4D 4B 0D 
2013/07/22 15:26:11:128 [006764] TRACE [Prb.cpp, 943] - RadioBoardPacket(ACK):01 00 0C B9 06 33 00 01 F0 4D 4B 0D 
2013/07/22 15:26:11:129 [006036] DEBUG [Prb.cpp, 603] - Read CC1020 completed, Address=0x0005, Data=0xF0
2013/07/22 15:26:11:129 [006036] TRACE [Prb.cpp, 584] - Reading CC1020, Address=0x0006
2013/07/22 15:26:11:130 [006036] TRACE [Prb.cpp, 1035] - ReadCC1020Packet(0x06):01 00 0C 34 84 00 02 00 06 51 2A 0D 
2013/07/22 15:26:11:130 [006764] TRACE [Prb.cpp, 835] - RxStream contents:01 00 0C BA 06 34 00 01 21 2B AE 0D 
2013/07/22 15:26:11:131 [006764] TRACE [Prb.cpp, 943] - RadioBoardPacket(ACK):01 00 0C BA 06 34 00 01 21 2B AE 0D 
2013/07/22 15:26:11:132 [006036] DEBUG [Prb.cpp, 603] - Read CC1020 completed, Address=0x0006, Data=0x21
2013/07/22 15:26:11:132 [006036] TRACE [Prb.cpp, 584] - Reading CC1020, Address=0x0008
2013/07/22 15:26:11:133 [006036] TRACE [Prb.cpp, 1035] - ReadCC1020Packet(0x08):01 00 0C 35 84 00 02 00 08 29 0E 0D 
2013/07/22 15:26:11:133 [006764] TRACE [Prb.cpp, 835] - RxStream contents:01 00 0C BB 06 35 00 01 35 47 D6 0D 
2013/07/22 15:26:11:134 [006764] TRACE [Prb.cpp, 943] - RadioBoardPacket(ACK):01 00 0C BB 06 35 00 01 35 47 D6 0D 
2013/07/22 15:26:11:134 [006036] DEBUG [Prb.cpp, 603] - Read CC1020 completed, Address=0x0008, Data=0x35
2013/07/22 15:26:11:135 [006036] TRACE [Prb.cpp, 584] - Reading CC1020, Address=0x0009
2013/07/22 15:26:11:136 [006036] TRACE [Prb.cpp, 1035] - ReadCC1020Packet(0x09):01 00 0C 36 84 00 02 00 09 21 0B 0D 
2013/07/22 15:26:11:136 [006764] TRACE [Prb.cpp, 835] - RxStream contents:01 00 0C BC 06 36 00 01 FA 11 72 0D 
2013/07/22 15:26:11:137 [006764] TRACE [Prb.cpp, 943] - RadioBoardPacket(ACK):01 00 0C BC 06 36 00 01 FA 11 72 0D 
2013/07/22 15:26:11:137 [006036] DEBUG [Prb.cpp, 603] - Read CC1020 completed, Address=0x0009, Data=0xFA
2013/07/22 15:26:11:138 [006036] TRACE [Prb.cpp, 584] - Reading CC1020, Address=0x000A
2013/07/22 15:26:11:139 [006036] TRACE [Prb.cpp, 1035] - ReadCC1020Packet(0x0A):01 00 0C 37 84 00 02 00 0A D9 02 0D 
2013/07/22 15:26:11:139 [006764] TRACE [Prb.cpp, 835] - RxStream contents:01 00 0C BD 06 37 00 01 CB FD D7 0D 
2013/07/22 15:26:11:140 [006764] TRACE [Prb.cpp, 943] - RadioBoardPacket(ACK):01 00 0C BD 06 37 00 01 CB FD D7 0D 
2013/07/22 15:26:11:140 [006036] DEBUG [Prb.cpp, 603] - Read CC1020 completed, Address=0x000A, Data=0xCB
2013/07/22 15:26:11:141 [006036] TRACE [Prb.cpp, 584] - Reading CC1020, Address=0x000F
2013/07/22 15:26:11:141 [006036] TRACE [Prb.cpp, 1035] - ReadCC1020Packet(0x0F):01 00 0C 38 84 00 02 00 0F F1 13 0D 
2013/07/22 15:26:11:141 [006764] TRACE [Prb.cpp, 835] - RxStream contents:01 00 0C BE 06 38 00 01 DF B9 AF 0D 
2013/07/22 15:26:11:142 [006764] TRACE [Prb.cpp, 943] - RadioBoardPacket(ACK):01 00 0C BE 06 38 00 01 DF B9 AF 0D 
2013/07/22 15:26:11:143 [006036] DEBUG [Prb.cpp, 603] - Read CC1020 completed, Address=0x000F, Data=0xDF
2013/07/22 15:26:11:143 [006036] TRACE [Prb.cpp, 584] - Reading CC1020, Address=0x0010
2013/07/22 15:26:11:144 [006036] TRACE [Prb.cpp, 1035] - ReadCC1020Packet(0x10):01 00 0C 39 84 00 02 00 10 89 51 0D 
2013/07/22 15:26:11:144 [006764] TRACE [Prb.cpp, 835] - RxStream contents:01 00 0C BF 06 39 00 01 80 D4 6D 0D 
2013/07/22 15:26:11:145 [006764] TRACE [Prb.cpp, 943] - RadioBoardPacket(ACK):01 00 0C BF 06 39 00 01 80 D4 6D 0D 
2013/07/22 15:26:11:146 [006036] DEBUG [Prb.cpp, 603] - Read CC1020 completed, Address=0x0010, Data=0x80
2013/07/22 15:26:11:146 [006036] TRACE [Prb.cpp, 584] - Reading CC1020, Address=0x0013
2013/07/22 15:26:11:147 [006036] TRACE [Prb.cpp, 1035] - ReadCC1020Packet(0x13):01 00 0C 3A 84 00 02 00 13 01 5B 0D 
2013/07/22 15:26:11:147 [006764] TRACE [Prb.cpp, 835] - RxStream contents:01 00 0C C0 06 3A 00 01 33 C3 BF 0D 
2013/07/22 15:26:11:148 [006764] TRACE [Prb.cpp, 943] - RadioBoardPacket(ACK):01 00 0C C0 06 3A 00 01 33 C3 BF 0D 
2013/07/22 15:26:11:148 [006036] DEBUG [Prb.cpp, 603] - Read CC1020 completed, Address=0x0013, Data=0x33
2013/07/22 15:26:11:149 [006036] TRACE [Prb.cpp, 584] - Reading CC1020, Address=0x0014
2013/07/22 15:26:11:150 [006036] TRACE [Prb.cpp, 1035] - ReadCC1020Packet(0x14):01 00 0C 3B 84 00 02 00 14 79 49 0D 
2013/07/22 15:26:11:150 [006764] TRACE [Prb.cpp, 835] - RxStream contents:01 00 0C C1 06 3B 00 01 3D 2F 98 0D 
2013/07/22 15:26:11:151 [006764] TRACE [Prb.cpp, 943] - RadioBoardPacket(ACK):01 00 0C C1 06 3B 00 01 3D 2F 98 0D 
2013/07/22 15:26:11:151 [006036] DEBUG [Prb.cpp, 603] - Read CC1020 completed, Address=0x0014, Data=0x3D
2013/07/22 15:26:11:152 [006036] TRACE [Prb.cpp, 584] - Reading CC1020, Address=0x0043
2013/07/22 15:26:11:152 [006036] TRACE [Prb.cpp, 1035] - ReadCC1020Packet(0x43):01 00 0C 3C 84 00 02 00 43 90 BE 0D 
2013/07/22 15:26:11:152 [006764] TRACE [Prb.cpp, 835] - RxStream contents:01 00 0C C2 06 3C 00 01 00 CB 16 0D 
2013/07/22 15:26:11:153 [006764] TRACE [Prb.cpp, 943] - RadioBoardPacket(ACK):01 00 0C C2 06 3C 00 01 00 CB 16 0D 
2013/07/22 15:26:11:154 [006036] DEBUG [Prb.cpp, 603] - Read CC1020 completed, Address=0x0043, Data=0x00
2013/07/22 15:26:11:155 [006036] DEBUG [ComSysDiagnostics.cpp, 63] - CC1020 [Scan complete] FREQ_2A: 0x35 FREQ_1A: 0xf0 FREQ_0A: 0x21
2013/07/22 15:26:11:155 [006036] DEBUG [ComSysDiagnostics.cpp, 67] - CC1020 [Scan complete] FREQ_2B: 0x35 FREQ_1B: 0xfa FREQ_0B: 0xcb
2013/07/22 15:26:11:156 [006036] DEBUG [ComSysDiagnostics.cpp, 72] - CC1020 [Scan complete] AFC_CONTROL: 0xdf FILTER: 0x80 VGA3: 0x33 VGA4: 0x3d AFC: 0x00
2013/07/22 15:26:11:156 [006036] INFO [CommunicationSystemStates.cpp, 173] - Found 0 valid ids during the scan operation.
2013/07/22 15:26:11:158 [006036] INFO [CommunicationSystemStates.cpp, 198] - Found 2 invalid ids during the scan operation.
2013/07/22 15:26:11:161 [001480] INFO [CommunicationSystemStates.cpp, 130] - Scan requested. Preamble Burst Duration: 2 seconds. Preamble Burst Data Rate: 0.
2013/07/22 15:26:11:161 [001480] TRACE [Prb.cpp, 448] - Writing FPGA, Address=0x1002, Data=0x02
2013/07/22 15:26:11:162 [001480] TRACE [Prb.cpp, 1035] - WriteFPGAPacket(0x1002, 0x02):01 00 0D 3D 81 00 03 10 02 02 A7 3A 0D 
2013/07/22 15:26:11:162 [006764] TRACE [Prb.cpp, 835] - RxStream contents:01 00 0B C3 06 3D 00 00 11 A6 0D 
2013/07/22 15:26:11:163 [006764] TRACE [Prb.cpp, 943] - RadioBoardPacket(ACK):01 00 0B C3 06 3D 00 00 11 A6 0D 
2013/07/22 15:26:11:164 [001480] DEBUG [Prb.cpp, 466] - Write FPGA completed, Address=0x1002, Data=0x02
2013/07/22 15:26:11:164 [001480] TRACE [Prb.cpp, 493] - Reading FPGA, Address=0x1004
2013/07/22 15:26:11:165 [001480] TRACE [Prb.cpp, 1035] - ReadFPGAPacket(0x1004):01 00 0C 3E 82 00 02 10 04 00 3C 0D 
2013/07/22 15:26:11:165 [006764] TRACE [Prb.cpp, 835] - RxStream contents:01 00 0C C4 06 3E 00 01 08 73 23 0D 
2013/07/22 15:26:11:166 [006764] TRACE [Prb.cpp, 943] - RadioBoardPacket(ACK):01 00 0C C4 06 3E 00 01 08 73 23 0D 
2013/07/22 15:26:11:167 [001480] DEBUG [Prb.cpp, 512] - Read FPGA completed, Address=0x1004, Data=0x08
2013/07/22 15:26:11:167 [001480] TRACE [Prb.cpp, 448] - Writing FPGA, Address=0x1004, Data=0x00
2013/07/22 15:26:11:168 [001480] TRACE [Prb.cpp, 1035] - WriteFPGAPacket(0x1004, 0x00):01 00 0D 3F 81 00 03 10 04 00 B1 16 0D 
2013/07/22 15:26:11:168 [006764] TRACE [Prb.cpp, 835] - RxStream contents:01 00 0B C5 06 3F 00 00 90 9D 0D 
2013/07/22 15:26:11:169 [006764] TRACE [Prb.cpp, 943] - RadioBoardPacket(ACK):01 00 0B C5 06 3F 00 00 90 9D 0D 
2013/07/22 15:26:11:170 [001480] DEBUG [Prb.cpp, 466] - Write FPGA completed, Address=0x1004, Data=0x00
2013/07/22 15:26:11:170 [001480] TRACE [Prb.cpp, 448] - Writing FPGA, Address=0x1008, Data=0x02
2013/07/22 15:26:11:171 [001480] TRACE [Prb.cpp, 1035] - WriteFPGAPacket(0x1008, 0x02):01 00 0D 40 81 00 03 10 08 02 E1 EA 0D 
2013/07/22 15:26:11:171 [006764] TRACE [Prb.cpp, 835] - RxStream contents:01 00 0B C6 06 40 00 00 16 1A 0D 
2013/07/22 15:26:11:172 [006764] TRACE [Prb.cpp, 943] - RadioBoardPacket(ACK):01 00 0B C6 06 40 00 00 16 1A 0D 
2013/07/22 15:26:11:172 [001480] DEBUG [Prb.cpp, 466] - Write FPGA completed, Address=0x1008, Data=0x02
2013/07/22 15:26:15:284 [006036] INFO [CommunicationSystemStates.cpp, 168] - Scan complete
2013/07/22 15:26:15:284 [006036] TRACE [Prb.cpp, 584] - Reading CC1020, Address=0x0004
2013/07/22 15:26:15:285 [006036] TRACE [Prb.cpp, 1035] - ReadCC1020Packet(0x04):01 00 0C 41 84 00 02 00 04 49 54 0D 
2013/07/22 15:26:15:285 [006764] TRACE [Prb.cpp, 835] - RxStream contents:01 00 0C C8 06 41 00 01 35 DF B6 0D 
2013/07/22 15:26:15:286 [006764] TRACE [Prb.cpp, 943] - RadioBoardPacket(ACK):01 00 0C C8 06 41 00 01 35 DF B6 0D 
2013/07/22 15:26:15:287 [006036] DEBUG [Prb.cpp, 603] - Read CC1020 completed, Address=0x0004, Data=0x35
2013/07/22 15:26:15:287 [006036] TRACE [Prb.cpp, 584] - Reading CC1020, Address=0x0005
2013/07/22 15:26:15:288 [006036] TRACE [Prb.cpp, 1035] - ReadCC1020Packet(0x05):01 00 0C 42 84 00 02 00 05 41 51 0D 
2013/07/22 15:26:15:288 [006764] TRACE [Prb.cpp, 835] - RxStream contents:01 00 0C C9 06 42 00 01 F0 19 2B 0D 
2013/07/22 15:26:15:289 [006764] TRACE [Prb.cpp, 943] - RadioBoardPacket(ACK):01 00 0C C9 06 42 00 01 F0 19 2B 0D 
2013/07/22 15:26:15:289 [006036] DEBUG [Prb.cpp, 603] - Read CC1020 completed, Address=0x0005, Data=0xF0
2013/07/22 15:26:15:290 [006036] TRACE [Prb.cpp, 584] - Reading CC1020, Address=0x0006
2013/07/22 15:26:15:291 [006036] TRACE [Prb.cpp, 1035] - ReadCC1020Packet(0x06):01 00 0C 43 84 00 02 00 06 B9 58 0D 
2013/07/22 15:26:15:291 [006764] TRACE [Prb.cpp, 835] - RxStream contents:01 00 0C CA 06 43 00 01 21 07 CE 0D 
2013/07/22 15:26:15:292 [006764] TRACE [Prb.cpp, 943] - RadioBoardPacket(ACK):01 00 0C CA 06 43 00 01 21 07 CE 0D 
2013/07/22 15:26:15:292 [006036] DEBUG [Prb.cpp, 603] - Read CC1020 completed, Address=0x0006, Data=0x21
2013/07/22 15:26:15:293 [006036] TRACE [Prb.cpp, 584] - Reading CC1020, Address=0x0008
2013/07/22 15:26:15:293 [006036] TRACE [Prb.cpp, 1035] - ReadCC1020Packet(0x08):01 00 0C 44 84 00 02 00 08 51 79 0D 
2013/07/22 15:26:15:293 [006764] TRACE [Prb.cpp, 835] - RxStream contents:01 00 0C CB 06 44 00 01 35 13 B6 0D 
2013/07/22 15:26:15:294 [006764] TRACE [Prb.cpp, 943] - RadioBoardPacket(ACK):01 00 0C CB 06 44 00 01 35 13 B6 0D 
2013/07/22 15:26:15:295 [006036] DEBUG [Prb.cpp, 603] - Read CC1020 completed, Address=0x0008, Data=0x35
2013/07/22 15:26:15:295 [006036] TRACE [Prb.cpp, 584] - Reading CC1020, Address=0x0009
2013/07/22 15:26:15:296 [006036] TRACE [Prb.cpp, 1035] - ReadCC1020Packet(0x09):01 00 0C 45 84 00 02 00 09 29 7F 0D 
2013/07/22 15:26:15:296 [006764] TRACE [Prb.cpp, 835] - RxStream contents:01 00 0C CC 06 45 00 01 FA ED 11 0D 
2013/07/22 15:26:15:297 [006764] TRACE [Prb.cpp, 943] - RadioBoardPacket(ACK):01 00 0C CC 06 45 00 01 FA ED 11 0D 
2013/07/22 15:26:15:298 [006036] DEBUG [Prb.cpp, 603] - Read CC1020 completed, Address=0x0009, Data=0xFA
2013/07/22 15:26:15:298 [006036] TRACE [Prb.cpp, 584] - Reading CC1020, Address=0x000A
2013/07/22 15:26:15:299 [006036] TRACE [Prb.cpp, 1035] - ReadCC1020Packet(0x0A):01 00 0C 46 84 00 02 00 0A A1 75 0D 
2013/07/22 15:26:15:299 [006764] TRACE [Prb.cpp, 835] - RxStream contents:01 00 0C CD 06 46 00 01 CB A9 B7 0D 
2013/07/22 15:26:15:300 [006764] TRACE [Prb.cpp, 943] - RadioBoardPacket(ACK):01 00 0C CD 06 46 00 01 CB A9 B7 0D 
2013/07/22 15:26:15:300 [006036] DEBUG [Prb.cpp, 603] - Read CC1020 completed, Address=0x000A, Data=0xCB
2013/07/22 15:26:15:301 [006036] TRACE [Prb.cpp, 584] - Reading CC1020, Address=0x000F
2013/07/22 15:26:15:302 [006036] TRACE [Prb.cpp, 1035] - ReadCC1020Packet(0x0F):01 00 0C 47 84 00 02 00 0F 59 68 0D 
2013/07/22 15:26:15:302 [006764] TRACE [Prb.cpp, 835] - RxStream contents:01 00 0C CE 06 47 00 01 DF B5 CC 0D 
2013/07/22 15:26:15:303 [006764] TRACE [Prb.cpp, 943] - RadioBoardPacket(ACK):01 00 0C CE 06 47 00 01 DF B5 CC 0D 
2013/07/22 15:26:15:303 [006036] DEBUG [Prb.cpp, 603] - Read CC1020 completed, Address=0x000F, Data=0xDF
2013/07/22 15:26:15:304 [006036] TRACE [Prb.cpp, 584] - Reading CC1020, Address=0x0010
2013/07/22 15:26:15:304 [006036] TRACE [Prb.cpp, 1035] - ReadCC1020Packet(0x10):01 00 0C 48 84 00 02 00 10 F1 26 0D 
2013/07/22 15:26:15:304 [006764] TRACE [Prb.cpp, 835] - RxStream contents:01 00 0C CF 06 48 00 01 80 80 0D 0D 
2013/07/22 15:26:15:305 [006764] TRACE [Prb.cpp, 943] - RadioBoardPacket(ACK):01 00 0C CF 06 48 00 01 80 80 0D 0D 
2013/07/22 15:26:15:306 [006036] DEBUG [Prb.cpp, 603] - Read CC1020 completed, Address=0x0010, Data=0x80
2013/07/22 15:26:15:306 [006036] TRACE [Prb.cpp, 584] - Reading CC1020, Address=0x0013
2013/07/22 15:26:15:307 [006036] TRACE [Prb.cpp, 1035] - ReadCC1020Packet(0x13):01 00 0C 49 84 00 02 00 13 09 2F 0D 
2013/07/22 15:26:15:307 [006764] TRACE [Prb.cpp, 835] - RxStream contents:01 00 0C D0 06 49 00 01 33 3F BA 0D 
2013/07/22 15:26:15:308 [006764] TRACE [Prb.cpp, 943] - RadioBoardPacket(ACK):01 00 0C D0 06 49 00 01 33 3F BA 0D 
2013/07/22 15:26:15:309 [006036] DEBUG [Prb.cpp, 603] - Read CC1020 completed, Address=0x0013, Data=0x33
2013/07/22 15:26:15:309 [006036] TRACE [Prb.cpp, 584] - Reading CC1020, Address=0x0014
2013/07/22 15:26:15:310 [006036] TRACE [Prb.cpp, 1035] - ReadCC1020Packet(0x14):01 00 0C 4A 84 00 02 00 14 01 3E 0D 
2013/07/22 15:26:15:310 [006764] TRACE [Prb.cpp, 835] - RxStream contents:01 00 0C D1 06 4A 00 01 3D 7B 9E 0D 
2013/07/22 15:26:15:311 [006764] TRACE [Prb.cpp, 943] - RadioBoardPacket(ACK):01 00 0C D1 06 4A 00 01 3D 7B 9E 0D 
2013/07/22 15:26:15:311 [006036] DEBUG [Prb.cpp, 603] - Read CC1020 completed, Address=0x0014, Data=0x3D
2013/07/22 15:26:15:312 [006036] TRACE [Prb.cpp, 584] - Reading CC1020, Address=0x0043
2013/07/22 15:26:15:312 [006036] TRACE [Prb.cpp, 1035] - ReadCC1020Packet(0x43):01 00 0C 4B 84 00 02 00 43 78 CC 0D 
2013/07/22 15:26:15:312 [006764] TRACE [Prb.cpp, 835] - RxStream contents:01 00 0C D2 06 4B 00 01 00 E7 10 0D 
2013/07/22 15:26:15:313 [006764] TRACE [Prb.cpp, 943] - RadioBoardPacket(ACK):01 00 0C D2 06 4B 00 01 00 E7 10 0D 
2013/07/22 15:26:15:314 [006036] DEBUG [Prb.cpp, 603] - Read CC1020 completed, Address=0x0043, Data=0x00
2013/07/22 15:26:15:314 [006036] DEBUG [ComSysDiagnostics.cpp, 63] - CC1020 [Scan complete] FREQ_2A: 0x35 FREQ_1A: 0xf0 FREQ_0A: 0x21
2013/07/22 15:26:15:315 [006036] DEBUG [ComSysDiagnostics.cpp, 67] - CC1020 [Scan complete] FREQ_2B: 0x35 FREQ_1B: 0xfa FREQ_0B: 0xcb
2013/07/22 15:26:15:315 [006036] DEBUG [ComSysDiagnostics.cpp, 72] - CC1020 [Scan complete] AFC_CONTROL: 0xdf FILTER: 0x80 VGA3: 0x33 VGA4: 0x3d AFC: 0x00
2013/07/22 15:26:15:316 [006036] INFO [CommunicationSystemStates.cpp, 173] - Found 1 valid ids during the scan operation.
2013/07/22 15:26:15:318 [006036] INFO [CommunicationSystemStates.cpp, 190] - Id: 0x801c0094.
2013/07/22 15:26:15:319 [006036] INFO [CommunicationSystemStates.cpp, 198] - Found 4 invalid ids during the scan operation.
2013/07/22 15:26:15:337 [006500] TRACE [Prb.cpp, 493] - Reading FPGA, Address=0x1004
2013/07/22 15:26:15:338 [006764] TRACE [Prb.cpp, 835] - RxStream contents:01 00 0C D3 06 4C 00 01 00 F3 10 0D 
2013/07/22 15:26:15:339 [006764] TRACE [Prb.cpp, 943] - RadioBoardPacket(ACK):01 00 0C D3 06 4C 00 01 00 F3 10 0D 
2013/07/22 15:26:15:338 [006500] TRACE [Prb.cpp, 1035] - ReadFPGAPacket(0x1004):01 00 0C 4C 82 00 02 10 04 F0 4B 0D 
2013/07/22 15:26:15:340 [006500] DEBUG [Prb.cpp, 512] - Read FPGA completed, Address=0x1004, Data=0x00
2013/07/22 15:26:15:340 [006500] TRACE [Prb.cpp, 448] - Writing FPGA, Address=0x1004, Data=0x00
2013/07/22 15:26:15:341 [006500] TRACE [Prb.cpp, 1035] - WriteFPGAPacket(0x1004, 0x00):01 00 0D 4D 81 00 03 10 04 00 C4 36 0D 
2013/07/22 15:26:15:341 [006764] TRACE [Prb.cpp, 835] - RxStream contents:01 00 0B D4 06 4D 00 00 91 8D 0D 
2013/07/22 15:26:15:342 [006764] TRACE [Prb.cpp, 943] - RadioBoardPacket(ACK):01 00 0B D4 06 4D 00 00 91 8D 0D 
2013/07/22 15:26:15:343 [006500] DEBUG [Prb.cpp, 466] - Write FPGA completed, Address=0x1004, Data=0x00
2013/07/22 15:26:15:344 [001480] INFO [CrossTalkDetectorStates.cpp, 98] - LinkTimeout = 4523 ms
2013/07/22 15:26:15:345 [001480] INFO [CrossTalkDetector.cpp, 68] - CrossTalkDetector state changing from IdleState to LinkingState
2013/07/22 15:26:15:346 [001480] INFO [CommunicationSystemStates.cpp, 147] - Link requested. Id: 0x801c0094. Preamble Burst Duration: 2 seconds. Preamble Burst Data Rate: 0.
2013/07/22 15:26:15:348 [001480] DEBUG [ComSysDiagnostics.cpp, 95] - Resetting FPGA Frame Error Counter
2013/07/22 15:26:15:349 [001480] TRACE [Prb.cpp, 448] - Writing FPGA, Address=0x301C, Data=0x00
2013/07/22 15:26:15:349 [001480] TRACE [Prb.cpp, 1035] - WriteFPGAPacket(0x301C, 0x00):01 00 0D 4E 81 00 03 30 1C 00 15 85 0D 
2013/07/22 15:26:15:349 [006764] TRACE [Prb.cpp, 835] - RxStream contents:01 00 0B D5 06 4E 00 00 11 CA 0D 
2013/07/22 15:26:15:351 [006764] TRACE [Prb.cpp, 943] - RadioBoardPacket(ACK):01 00 0B D5 06 4E 00 00 11 CA 0D 
2013/07/22 15:26:15:351 [001480] DEBUG [Prb.cpp, 466] - Write FPGA completed, Address=0x301C, Data=0x00
2013/07/22 15:26:15:352 [001480] TRACE [Prb.cpp, 448] - Writing FPGA, Address=0x2000, Data=0x80
2013/07/22 15:26:15:352 [001480] TRACE [Prb.cpp, 1035] - WriteFPGAPacket(0x2000, 0x80):01 00 0D 4F 81 00 03 20 00 80 5E D5 0D 
2013/07/22 15:26:15:353 [006764] TRACE [Prb.cpp, 835] - RxStream contents:01 00 0B D6 06 4F 00 00 91 55 0D 
2013/07/22 15:26:15:354 [006764] TRACE [Prb.cpp, 943] - RadioBoardPacket(ACK):01 00 0B D6 06 4F 00 00 91 55 0D 
2013/07/22 15:26:15:354 [001480] DEBUG [Prb.cpp, 466] - Write FPGA completed, Address=0x2000, Data=0x80
2013/07/22 15:26:15:355 [001480] TRACE [Prb.cpp, 448] - Writing FPGA, Address=0x2002, Data=0x1C
2013/07/22 15:26:15:355 [001480] TRACE [Prb.cpp, 1035] - WriteFPGAPacket(0x2002, 0x1C):01 00 0D 50 81 00 03 20 02 1C 4F 6D 0D 
2013/07/22 15:26:15:355 [006764] TRACE [Prb.cpp, 835] - RxStream contents:01 00 0B D7 06 50 00 00 90 A1 0D 
2013/07/22 15:26:15:356 [006764] TRACE [Prb.cpp, 943] - RadioBoardPacket(ACK):01 00 0B D7 06 50 00 00 90 A1 0D 
2013/07/22 15:26:15:357 [001480] DEBUG [Prb.cpp, 466] - Write FPGA completed, Address=0x2002, Data=0x1C
2013/07/22 15:26:15:357 [001480] TRACE [Prb.cpp, 448] - Writing FPGA, Address=0x2004, Data=0x00
2013/07/22 15:26:15:358 [001480] TRACE [Prb.cpp, 1035] - WriteFPGAPacket(0x2004, 0x00):01 00 0D 51 81 00 03 20 04 00 5A 35 0D 
2013/07/22 15:26:15:358 [006764] TRACE [Prb.cpp, 835] - RxStream contents:01 00 0B D8 06 51 00 00 12 1E 0D 
2013/07/22 15:26:15:359 [006764] TRACE [Prb.cpp, 943] - RadioBoardPacket(ACK):01 00 0B D8 06 51 00 00 12 1E 0D 
2013/07/22 15:26:15:360 [001480] DEBUG [Prb.cpp, 466] - Write FPGA completed, Address=0x2004, Data=0x00
2013/07/22 15:26:15:360 [001480] TRACE [Prb.cpp, 448] - Writing FPGA, Address=0x2006, Data=0x94
2013/07/22 15:26:15:361 [001480] TRACE [Prb.cpp, 1035] - WriteFPGAPacket(0x2006, 0x94):01 00 0D 52 81 00 03 20 06 94 56 7D 0D 
2013/07/22 15:26:15:361 [006764] TRACE [Prb.cpp, 835] - RxStream contents:01 00 0B D9 06 52 00 00 92 59 0D 
2013/07/22 15:26:15:362 [006764] TRACE [Prb.cpp, 943] - RadioBoardPacket(ACK):01 00 0B D9 06 52 00 00 92 59 0D 
2013/07/22 15:26:15:362 [001480] DEBUG [Prb.cpp, 466] - Write FPGA completed, Address=0x2006, Data=0x94
2013/07/22 15:26:15:363 [001480] TRACE [Prb.cpp, 448] - Writing FPGA, Address=0x1002, Data=0x02
2013/07/22 15:26:15:364 [001480] TRACE [Prb.cpp, 1035] - WriteFPGAPacket(0x1002, 0x02):01 00 0D 53 81 00 03 10 02 02 4F D9 0D 
2013/07/22 15:26:15:364 [006764] TRACE [Prb.cpp, 835] - RxStream contents:01 00 0B DA 06 53 00 00 12 C6 0D 
2013/07/22 15:26:15:365 [006764] TRACE [Prb.cpp, 943] - RadioBoardPacket(ACK):01 00 0B DA 06 53 00 00 12 C6 0D 
2013/07/22 15:26:15:365 [001480] DEBUG [Prb.cpp, 466] - Write FPGA completed, Address=0x1002, Data=0x02
2013/07/22 15:26:15:366 [001480] TRACE [Prb.cpp, 493] - Reading FPGA, Address=0x1004
2013/07/22 15:26:15:366 [001480] TRACE [Prb.cpp, 1035] - ReadFPGAPacket(0x1004):01 00 0C 54 82 00 02 10 04 30 50 0D 
2013/07/22 15:26:15:366 [006764] TRACE [Prb.cpp, 835] - RxStream contents:01 00 0C DB 06 54 00 01 00 D3 1C 0D 
2013/07/22 15:26:15:367 [006764] TRACE [Prb.cpp, 943] - RadioBoardPacket(ACK):01 00 0C DB 06 54 00 01 00 D3 1C 0D 
2013/07/22 15:26:15:368 [001480] DEBUG [Prb.cpp, 512] - Read FPGA completed, Address=0x1004, Data=0x00
2013/07/22 15:26:15:368 [001480] TRACE [Prb.cpp, 448] - Writing FPGA, Address=0x1004, Data=0x00
2013/07/22 15:26:15:369 [001480] TRACE [Prb.cpp, 1035] - WriteFPGAPacket(0x1004, 0x00):01 00 0D 55 81 00 03 10 04 00 DD B6 0D 
2013/07/22 15:26:15:369 [006764] TRACE [Prb.cpp, 835] - RxStream contents:01 00 0B DC 06 55 00 00 13 AE 0D 
2013/07/22 15:26:15:370 [006764] TRACE [Prb.cpp, 943] - RadioBoardPacket(ACK):01 00 0B DC 06 55 00 00 13 AE 0D 
2013/07/22 15:26:15:371 [001480] DEBUG [Prb.cpp, 466] - Write FPGA completed, Address=0x1004, Data=0x00
2013/07/22 15:26:15:371 [001480] TRACE [Prb.cpp, 448] - Writing FPGA, Address=0x1008, Data=0x04
2013/07/22 15:26:15:372 [001480] TRACE [Prb.cpp, 1035] - WriteFPGAPacket(0x1008, 0x04):01 00 0D 56 81 00 03 10 08 04 76 9D 0D 
2013/07/22 15:26:15:372 [006764] TRACE [Prb.cpp, 835] - RxStream contents:01 00 0B DD 06 56 00 00 93 E9 0D 
2013/07/22 15:26:15:373 [006764] TRACE [Prb.cpp, 943] - RadioBoardPacket(ACK):01 00 0B DD 06 56 00 00 93 E9 0D 
2013/07/22 15:26:15:373 [001480] DEBUG [Prb.cpp, 466] - Write FPGA completed, Address=0x1008, Data=0x04
2013/07/22 15:26:18:344 [006036] INFO [CrossTalkDetectorStates.cpp, 174] - Invalid frame while linking
2013/07/22 15:26:18:345 [006036] TRACE [Prb.cpp, 493] - Reading FPGA, Address=0x3018
2013/07/22 15:26:18:346 [006036] TRACE [Prb.cpp, 1035] - ReadFPGAPacket(0x3018):01 00 0C 57 82 00 02 30 18 78 18 0D 
2013/07/22 15:26:18:346 [006764] TRACE [Prb.cpp, 835] - RxStream contents:01 00 0C DF 06 57 00 01 1B 0F 40 0D 
2013/07/22 15:26:18:347 [006764] TRACE [Prb.cpp, 943] - RadioBoardPacket(ACK):01 00 0C DF 06 57 00 01 1B 0F 40 0D 
2013/07/22 15:26:18:348 [006036] DEBUG [Prb.cpp, 512] - Read FPGA completed, Address=0x3018, Data=0x1B
2013/07/22 15:26:18:348 [006036] TRACE [Prb.cpp, 493] - Reading FPGA, Address=0x301A
2013/07/22 15:26:18:349 [006036] TRACE [Prb.cpp, 1035] - ReadFPGAPacket(0x301A):01 00 0C 58 82 00 02 30 1A D0 18 0D 
2013/07/22 15:26:18:349 [006764] TRACE [Prb.cpp, 835] - RxStream contents:01 00 0C E0 06 58 00 01 04 6B 3D 0D 
2013/07/22 15:26:18:350 [006764] TRACE [Prb.cpp, 943] - RadioBoardPacket(ACK):01 00 0C E0 06 58 00 01 04 6B 3D 0D 
2013/07/22 15:26:18:351 [006036] DEBUG [Prb.cpp, 512] - Read FPGA completed, Address=0x301A, Data=0x04
2013/07/22 15:26:18:351 [006036] TRACE [Prb.cpp, 493] - Reading FPGA, Address=0x3070
2013/07/22 15:26:18:352 [006036] TRACE [Prb.cpp, 1035] - ReadFPGAPacket(0x3070):01 00 0C 59 82 00 02 30 70 29 67 0D 
2013/07/22 15:26:18:352 [006764] TRACE [Prb.cpp, 835] - RxStream contents:01 00 0C E1 06 59 00 01 FE 05 21 0D 
2013/07/22 15:26:18:353 [006764] TRACE [Prb.cpp, 943] - RadioBoardPacket(ACK):01 00 0C E1 06 59 00 01 FE 05 21 0D 
2013/07/22 15:26:18:354 [006036] DEBUG [Prb.cpp, 512] - Read FPGA completed, Address=0x3070, Data=0xFE
2013/07/22 15:26:18:354 [006036] DEBUG [ComSysDiagnostics.cpp, 31] - FPGA RSSI/AFC [Linking(invalid frame)] linkedRSSI:27 linkedAFC:4 AFC:254
2013/07/22 15:26:18:360 [006036] TRACE [Prb.cpp, 493] - Reading FPGA, Address=0x3018
2013/07/22 15:26:18:361 [006036] TRACE [Prb.cpp, 1035] - ReadFPGAPacket(0x3018):01 00 0C 5A 82 00 02 30 18 20 14 0D 
2013/07/22 15:26:18:361 [006764] TRACE [Prb.cpp, 835] - RxStream contents:01 00 0C E3 06 5A 00 01 40 4A A6 0D 
2013/07/22 15:26:18:362 [006764] TRACE [Prb.cpp, 943] - RadioBoardPacket(ACK):01 00 0C E3 06 5A 00 01 40 4A A6 0D 
2013/07/22 15:26:18:363 [006036] DEBUG [Prb.cpp, 512] - Read FPGA completed, Address=0x3018, Data=0x40
2013/07/22 15:26:18:363 [006036] TRACE [Prb.cpp, 493] - Reading FPGA, Address=0x301A
2013/07/22 15:26:18:364 [006036] TRACE [Prb.cpp, 1035] - ReadFPGAPacket(0x301A):01 00 0C 5B 82 00 02 30 1A 58 18 0D 
2013/07/22 15:26:18:364 [006764] TRACE [Prb.cpp, 835] - RxStream contents:01 00 0C E4 06 5B 00 01 FF 35 22 0D 
2013/07/22 15:26:18:365 [006764] TRACE [Prb.cpp, 943] - RadioBoardPacket(ACK):01 00 0C E4 06 5B 00 01 FF 35 22 0D 
2013/07/22 15:26:18:366 [006036] DEBUG [Prb.cpp, 512] - Read FPGA completed, Address=0x301A, Data=0xFF
2013/07/22 15:26:18:366 [006036] TRACE [Prb.cpp, 493] - Reading FPGA, Address=0x3070
2013/07/22 15:26:18:367 [006036] TRACE [Prb.cpp, 1035] - ReadFPGAPacket(0x3070):01 00 0C 5C 82 00 02 30 70 31 62 0D 
2013/07/22 15:26:18:367 [006764] TRACE [Prb.cpp, 835] - RxStream contents:01 00 0C E5 06 5C 00 01 00 23 20 0D 
2013/07/22 15:26:18:368 [006764] TRACE [Prb.cpp, 943] - RadioBoardPacket(ACK):01 00 0C E5 06 5C 00 01 00 23 20 0D 
2013/07/22 15:26:18:369 [006036] DEBUG [Prb.cpp, 512] - Read FPGA completed, Address=0x3070, Data=0x00
2013/07/22 15:26:18:369 [006036] DEBUG [ComSysDiagnostics.cpp, 31] - FPGA RSSI/AFC [Linking(valid frame)] linkedRSSI:64 linkedAFC:255 AFC:0
2013/07/22 15:26:18:375 [006036] TRACE [Prb.cpp, 493] - Reading FPGA, Address=0x3018
2013/07/22 15:26:18:376 [006036] TRACE [Prb.cpp, 1035] - ReadFPGAPacket(0x3018):01 00 0C 5D 82 00 02 30 18 48 12 0D 
2013/07/22 15:26:18:376 [006764] TRACE [Prb.cpp, 835] - RxStream contents:01 00 0C E7 06 5D 00 01 3F C7 A2 0D 
2013/07/22 15:26:18:377 [006764] TRACE [Prb.cpp, 943] - RadioBoardPacket(ACK):01 00 0C E7 06 5D 00 01 3F C7 A2 0D 
2013/07/22 15:26:18:377 [006036] DEBUG [Prb.cpp, 512] - Read FPGA completed, Address=0x3018, Data=0x3F
2013/07/22 15:26:18:378 [006036] TRACE [Prb.cpp, 493] - Reading FPGA, Address=0x301A
2013/07/22 15:26:18:379 [006036] TRACE [Prb.cpp, 1035] - ReadFPGAPacket(0x301A):01 00 0C 5E 82 00 02 30 1A 40 1D 0D 
2013/07/22 15:26:18:379 [006764] TRACE [Prb.cpp, 835] - RxStream contents:01 00 0C E8 06 5E 00 01 00 D3 2F 0D 
2013/07/22 15:26:18:380 [006764] TRACE [Prb.cpp, 943] - RadioBoardPacket(ACK):01 00 0C E8 06 5E 00 01 00 D3 2F 0D 
2013/07/22 15:26:18:380 [006036] DEBUG [Prb.cpp, 512] - Read FPGA completed, Address=0x301A, Data=0x00
2013/07/22 15:26:18:381 [006036] TRACE [Prb.cpp, 493] - Reading FPGA, Address=0x3070
2013/07/22 15:26:18:382 [006036] TRACE [Prb.cpp, 1035] - ReadFPGAPacket(0x3070):01 00 0C 5F 82 00 02 30 70 B9 62 0D 
2013/07/22 15:26:18:382 [006764] TRACE [Prb.cpp, 835] - RxStream contents:01 00 0C E9 06 5F 00 01 00 BF 2F 0D 
2013/07/22 15:26:18:383 [006764] TRACE [Prb.cpp, 943] - RadioBoardPacket(ACK):01 00 0C E9 06 5F 00 01 00 BF 2F 0D 
2013/07/22 15:26:18:383 [006036] DEBUG [Prb.cpp, 512] - Read FPGA completed, Address=0x3070, Data=0x00
2013/07/22 15:26:18:384 [006036] DEBUG [ComSysDiagnostics.cpp, 31] - FPGA RSSI/AFC [Linking(valid frame)] linkedRSSI:63 linkedAFC:0 AFC:0
2013/07/22 15:26:18:394 [006036] TRACE [Prb.cpp, 493] - Reading FPGA, Address=0x3018
2013/07/22 15:26:18:395 [006036] TRACE [Prb.cpp, 1035] - ReadFPGAPacket(0x3018):01 00 0C 60 82 00 02 30 18 10 2D 0D 
2013/07/22 15:26:18:395 [006764] TRACE [Prb.cpp, 835] - RxStream contents:01 00 0C EB 06 60 00 01 40 42 A5 0D 
2013/07/22 15:26:18:396 [006764] TRACE [Prb.cpp, 943] - RadioBoardPacket(ACK):01 00 0C EB 06 60 00 01 40 42 A5 0D 
2013/07/22 15:26:18:397 [006036] DEBUG [Prb.cpp, 512] - Read FPGA completed, Address=0x3018, Data=0x40
2013/07/22 15:26:18:397 [006036] TRACE [Prb.cpp, 493] - Reading FPGA, Address=0x301A
2013/07/22 15:26:18:398 [006036] TRACE [Prb.cpp, 1035] - ReadFPGAPacket(0x301A):01 00 0C 61 82 00 02 30 1A 68 21 0D 
2013/07/22 15:26:18:398 [006764] TRACE [Prb.cpp, 835] - RxStream contents:01 00 0C EC 06 61 00 01 00 3F 23 0D 
2013/07/22 15:26:18:399 [006764] TRACE [Prb.cpp, 943] - RadioBoardPacket(ACK):01 00 0C EC 06 61 00 01 00 3F 23 0D 
2013/07/22 15:26:18:400 [006036] DEBUG [Prb.cpp, 512] - Read FPGA completed, Address=0x301A, Data=0x00
2013/07/22 15:26:18:400 [006036] TRACE [Prb.cpp, 493] - Reading FPGA, Address=0x3070
2013/07/22 15:26:18:401 [006036] TRACE [Prb.cpp, 1035] - ReadFPGAPacket(0x3070):01 00 0C 62 82 00 02 30 70 E1 5D 0D 
2013/07/22 15:26:18:401 [006764] TRACE [Prb.cpp, 835] - RxStream contents:01 00 0C ED 06 62 00 01 00 FB 20 0D 
2013/07/22 15:26:18:402 [006764] TRACE [Prb.cpp, 943] - RadioBoardPacket(ACK):01 00 0C ED 06 62 00 01 00 FB 20 0D 
2013/07/22 15:26:18:402 [006036] DEBUG [Prb.cpp, 512] - Read FPGA completed, Address=0x3070, Data=0x00
2013/07/22 15:26:18:403 [006036] DEBUG [ComSysDiagnostics.cpp, 31] - FPGA RSSI/AFC [Linking(valid frame)] linkedRSSI:64 linkedAFC:0 AFC:0
2013/07/22 15:26:18:408 [006036] TRACE [Prb.cpp, 493] - Reading FPGA, Address=0x3018
2013/07/22 15:26:18:408 [006036] TRACE [Prb.cpp, 1035] - ReadFPGAPacket(0x3018):01 00 0C 63 82 00 02 30 18 98 2D 0D 
2013/07/22 15:26:18:409 [006764] TRACE [Prb.cpp, 835] - RxStream contents:01 00 0C EF 06 63 00 01 40 9E A3 0D 
2013/07/22 15:26:18:410 [006764] TRACE [Prb.cpp, 943] - RadioBoardPacket(ACK):01 00 0C EF 06 63 00 01 40 9E A3 0D 
2013/07/22 15:26:18:410 [006036] DEBUG [Prb.cpp, 512] - Read FPGA completed, Address=0x3018, Data=0x40
2013/07/22 15:26:18:411 [006036] TRACE [Prb.cpp, 493] - Reading FPGA, Address=0x301A
2013/07/22 15:26:18:412 [006036] TRACE [Prb.cpp, 1035] - ReadFPGAPacket(0x301A):01 00 0C 64 82 00 02 30 1A 70 24 0D 
2013/07/22 15:26:18:412 [006764] TRACE [Prb.cpp, 835] - RxStream contents:01 00 0C F0 06 64 00 01 FF 59 3C 0D 
2013/07/22 15:26:18:413 [006764] TRACE [Prb.cpp, 943] - RadioBoardPacket(ACK):01 00 0C F0 06 64 00 01 FF 59 3C 0D 
2013/07/22 15:26:18:413 [006036] DEBUG [Prb.cpp, 512] - Read FPGA completed, Address=0x301A, Data=0xFF
2013/07/22 15:26:18:414 [006036] TRACE [Prb.cpp, 493] - Reading FPGA, Address=0x3070
2013/07/22 15:26:18:414 [006036] TRACE [Prb.cpp, 1035] - ReadFPGAPacket(0x3070):01 00 0C 65 82 00 02 30 70 89 5B 0D 
2013/07/22 15:26:18:415 [006764] TRACE [Prb.cpp, 835] - RxStream contents:01 00 0C F1 06 65 00 01 00 37 3E 0D 
2013/07/22 15:26:18:415 [006764] TRACE [Prb.cpp, 943] - RadioBoardPacket(ACK):01 00 0C F1 06 65 00 01 00 37 3E 0D 
2013/07/22 15:26:18:416 [006036] DEBUG [Prb.cpp, 512] - Read FPGA completed, Address=0x3070, Data=0x00
2013/07/22 15:26:18:417 [006036] DEBUG [ComSysDiagnostics.cpp, 31] - FPGA RSSI/AFC [Linking(valid frame)] linkedRSSI:64 linkedAFC:255 AFC:0
2013/07/22 15:26:18:422 [006036] TRACE [Prb.cpp, 493] - Reading FPGA, Address=0x3018
2013/07/22 15:26:18:422 [006036] TRACE [Prb.cpp, 1035] - ReadFPGAPacket(0x3018):01 00 0C 66 82 00 02 30 18 80 28 0D 
2013/07/22 15:26:18:422 [006764] TRACE [Prb.cpp, 835] - RxStream contents:01 00 0C F3 06 66 00 01 3F 7B BF 0D 
2013/07/22 15:26:18:423 [006764] TRACE [Prb.cpp, 943] - RadioBoardPacket(ACK):01 00 0C F3 06 66 00 01 3F 7B BF 0D 
2013/07/22 15:26:18:424 [006036] DEBUG [Prb.cpp, 512] - Read FPGA completed, Address=0x3018, Data=0x3F
2013/07/22 15:26:18:424 [006036] TRACE [Prb.cpp, 493] - Reading FPGA, Address=0x301A
2013/07/22 15:26:18:425 [006036] TRACE [Prb.cpp, 1035] - ReadFPGAPacket(0x301A):01 00 0C 67 82 00 02 30 1A F8 24 0D 
2013/07/22 15:26:18:425 [006764] TRACE [Prb.cpp, 835] - RxStream contents:01 00 0C F4 06 67 00 01 00 87 38 0D 
2013/07/22 15:26:18:426 [006764] TRACE [Prb.cpp, 943] - RadioBoardPacket(ACK):01 00 0C F4 06 67 00 01 00 87 38 0D 
2013/07/22 15:26:18:427 [006036] DEBUG [Prb.cpp, 512] - Read FPGA completed, Address=0x301A, Data=0x00
2013/07/22 15:26:18:427 [006036] TRACE [Prb.cpp, 493] - Reading FPGA, Address=0x3070
2013/07/22 15:26:18:428 [006036] TRACE [Prb.cpp, 1035] - ReadFPGAPacket(0x3070):01 00 0C 68 82 00 02 30 70 D1 57 0D 
2013/07/22 15:26:18:428 [006764] TRACE [Prb.cpp, 835] - RxStream contents:01 00 0C F5 06 68 00 01 00 B3 3B 0D 
2013/07/22 15:26:18:429 [006764] TRACE [Prb.cpp, 943] - RadioBoardPacket(ACK):01 00 0C F5 06 68 00 01 00 B3 3B 0D 
2013/07/22 15:26:18:430 [006036] DEBUG [Prb.cpp, 512] - Read FPGA completed, Address=0x3070, Data=0x00
2013/07/22 15:26:18:430 [006036] DEBUG [ComSysDiagnostics.cpp, 31] - FPGA RSSI/AFC [Linking(valid frame)] linkedRSSI:63 linkedAFC:0 AFC:0
2013/07/22 15:26:18:441 [006036] TRACE [Prb.cpp, 493] - Reading FPGA, Address=0x3018
2013/07/22 15:26:18:442 [006036] TRACE [Prb.cpp, 1035] - ReadFPGAPacket(0x3018):01 00 0C 69 82 00 02 30 18 A8 27 0D 
2013/07/22 15:26:18:442 [006764] TRACE [Prb.cpp, 835] - RxStream contents:01 00 0C F7 06 69 00 01 40 D6 B8 0D 
2013/07/22 15:26:18:443 [006764] TRACE [Prb.cpp, 943] - RadioBoardPacket(ACK):01 00 0C F7 06 69 00 01 40 D6 B8 0D 
2013/07/22 15:26:18:443 [006036] DEBUG [Prb.cpp, 512] - Read FPGA completed, Address=0x3018, Data=0x40
2013/07/22 15:26:18:444 [006036] TRACE [Prb.cpp, 493] - Reading FPGA, Address=0x301A
2013/07/22 15:26:18:445 [006036] TRACE [Prb.cpp, 1035] - ReadFPGAPacket(0x301A):01 00 0C 6A 82 00 02 30 1A A0 28 0D 
2013/07/22 15:26:18:445 [006764] TRACE [Prb.cpp, 835] - RxStream contents:01 00 0C F8 06 6A 00 01 01 C3 31 0D 
2013/07/22 15:26:18:446 [006764] TRACE [Prb.cpp, 943] - RadioBoardPacket(ACK):01 00 0C F8 06 6A 00 01 01 C3 31 0D 
2013/07/22 15:26:18:446 [006036] DEBUG [Prb.cpp, 512] - Read FPGA completed, Address=0x301A, Data=0x01
2013/07/22 15:26:18:447 [006036] TRACE [Prb.cpp, 493] - Reading FPGA, Address=0x3070
2013/07/22 15:26:18:448 [006036] TRACE [Prb.cpp, 1035] - ReadFPGAPacket(0x3070):01 00 0C 6B 82 00 02 30 70 59 57 0D 
2013/07/22 15:26:18:448 [006764] TRACE [Prb.cpp, 835] - RxStream contents:01 00 0C F9 06 6B 00 01 00 2F 34 0D 
2013/07/22 15:26:18:449 [006764] TRACE [Prb.cpp, 943] - RadioBoardPacket(ACK):01 00 0C F9 06 6B 00 01 00 2F 34 0D 
2013/07/22 15:26:18:449 [006036] DEBUG [Prb.cpp, 512] - Read FPGA completed, Address=0x3070, Data=0x00
2013/07/22 15:26:18:450 [006036] DEBUG [ComSysDiagnostics.cpp, 31] - FPGA RSSI/AFC [Linking(valid frame)] linkedRSSI:64 linkedAFC:1 AFC:0
2013/07/22 15:26:18:455 [006036] TRACE [Prb.cpp, 493] - Reading FPGA, Address=0x3018
2013/07/22 15:26:18:455 [006036] TRACE [Prb.cpp, 1035] - ReadFPGAPacket(0x3018):01 00 0C 6C 82 00 02 30 18 B0 22 0D 
2013/07/22 15:26:18:455 [006764] TRACE [Prb.cpp, 835] - RxStream contents:01 00 0C FB 06 6C 00 01 3C B3 BC 0D 
2013/07/22 15:26:18:457 [006764] TRACE [Prb.cpp, 943] - RadioBoardPacket(ACK):01 00 0C FB 06 6C 00 01 3C B3 BC 0D 
2013/07/22 15:26:18:457 [006036] DEBUG [Prb.cpp, 512] - Read FPGA completed, Address=0x3018, Data=0x3C
2013/07/22 15:26:18:458 [006036] TRACE [Prb.cpp, 493] - Reading FPGA, Address=0x301A
2013/07/22 15:26:18:458 [006036] TRACE [Prb.cpp, 1035] - ReadFPGAPacket(0x301A):01 00 0C 6D 82 00 02 30 1A C8 2E 0D 
2013/07/22 15:26:18:458 [006764] TRACE [Prb.cpp, 835] - RxStream contents:01 00 0C FC 06 6D 00 01 00 4F 31 0D 
2013/07/22 15:26:18:460 [006764] TRACE [Prb.cpp, 943] - RadioBoardPacket(ACK):01 00 0C FC 06 6D 00 01 00 4F 31 0D 
2013/07/22 15:26:18:460 [006036] DEBUG [Prb.cpp, 512] - Read FPGA completed, Address=0x301A, Data=0x00
2013/07/22 15:26:18:461 [006036] TRACE [Prb.cpp, 493] - Reading FPGA, Address=0x3070
2013/07/22 15:26:18:461 [006036] TRACE [Prb.cpp, 1035] - ReadFPGAPacket(0x3070):01 00 0C 6E 82 00 02 30 70 41 52 0D 
2013/07/22 15:26:18:461 [006764] TRACE [Prb.cpp, 835] - RxStream contents:01 00 0C FD 06 6E 00 01 00 8B 32 0D 
2013/07/22 15:26:18:462 [006764] TRACE [Prb.cpp, 943] - RadioBoardPacket(ACK):01 00 0C FD 06 6E 00 01 00 8B 32 0D 
2013/07/22 15:26:18:463 [006036] DEBUG [Prb.cpp, 512] - Read FPGA completed, Address=0x3070, Data=0x00
2013/07/22 15:26:18:464 [006036] DEBUG [ComSysDiagnostics.cpp, 31] - FPGA RSSI/AFC [Linking(valid frame)] linkedRSSI:60 linkedAFC:0 AFC:0
2013/07/22 15:26:18:469 [006036] TRACE [Prb.cpp, 493] - Reading FPGA, Address=0x3018
2013/07/22 15:26:18:469 [006036] TRACE [Prb.cpp, 1035] - ReadFPGAPacket(0x3018):01 00 0C 6F 82 00 02 30 18 38 22 0D 
2013/07/22 15:26:18:470 [006764] TRACE [Prb.cpp, 835] - RxStream contents:01 00 0C FF 06 6F 00 01 3C 6F BA 0D 
2013/07/22 15:26:18:471 [006764] TRACE [Prb.cpp, 943] - RadioBoardPacket(ACK):01 00 0C FF 06 6F 00 01 3C 6F BA 0D 
2013/07/22 15:26:18:472 [006036] DEBUG [Prb.cpp, 512] - Read FPGA completed, Address=0x3018, Data=0x3C
2013/07/22 15:26:18:472 [006036] TRACE [Prb.cpp, 493] - Reading FPGA, Address=0x301A
2013/07/22 15:26:18:473 [006036] TRACE [Prb.cpp, 1035] - ReadFPGAPacket(0x301A):01 00 0C 70 82 00 02 30 1A 10 30 0D 
2013/07/22 15:26:18:473 [006764] TRACE [Prb.cpp, 835] - RxStream contents:01 00 0C 00 06 70 00 01 00 CB C4 0D 
2013/07/22 15:26:18:474 [006764] TRACE [Prb.cpp, 943] - RadioBoardPacket(ACK):01 00 0C 00 06 70 00 01 00 CB C4 0D 
2013/07/22 15:26:18:475 [006036] DEBUG [Prb.cpp, 512] - Read FPGA completed, Address=0x301A, Data=0x00
2013/07/22 15:26:18:475 [006036] TRACE [Prb.cpp, 493] - Reading FPGA, Address=0x3070
2013/07/22 15:26:18:476 [006764] TRACE [Prb.cpp, 835] - RxStream contents:01 00 0C 01 06 71 00 01 00 A7 C4 0D 
2013/07/22 15:26:18:476 [006764] TRACE [Prb.cpp, 943] - RadioBoardPacket(ACK):01 00 0C 01 06 71 00 01 00 A7 C4 0D 
2013/07/22 15:26:18:476 [006036] TRACE [Prb.cpp, 1035] - ReadFPGAPacket(0x3070):01 00 0C 71 82 00 02 30 70 E9 4F 0D 
2013/07/22 15:26:18:478 [006036] DEBUG [Prb.cpp, 512] - Read FPGA completed, Address=0x3070, Data=0x00
2013/07/22 15:26:18:478 [006036] DEBUG [ComSysDiagnostics.cpp, 31] - FPGA RSSI/AFC [Linking(valid frame)] linkedRSSI:60 linkedAFC:0 AFC:0
2013/07/22 15:26:18:489 [006036] TRACE [Prb.cpp, 584] - Reading CC1020, Address=0x0004
2013/07/22 15:26:18:489 [006036] TRACE [Prb.cpp, 1035] - ReadCC1020Packet(0x04):01 00 0C 72 84 00 02 00 04 C1 67 0D 
2013/07/22 15:26:18:500 [006764] TRACE [Prb.cpp, 943] - RadioBoardPacket(ACK):01 00 0C 03 06 72 00 01 35 EB 79 0D 
2013/07/22 15:26:18:500 [006036] DEBUG [Prb.cpp, 603] - Read CC1020 completed, Address=0x0004, Data=0x35
2013/07/22 15:26:18:501 [006036] TRACE [Prb.cpp, 584] - Reading CC1020, Address=0x0005
2013/07/22 15:26:18:502 [006036] TRACE [Prb.cpp, 1035] - ReadCC1020Packet(0x05):01 00 0C 73 84 00 02 00 05 B9 61 0D 
2013/07/22 15:26:18:515 [006764] TRACE [Prb.cpp, 943] - RadioBoardPacket(ACK):01 00 0C 05 06 73 00 01 EF 6D A0 0D 
2013/07/22 15:26:18:516 [006036] DEBUG [Prb.cpp, 603] - Read CC1020 completed, Address=0x0005, Data=0xEF
2013/07/22 15:26:18:517 [006036] TRACE [Prb.cpp, 584] - Reading CC1020, Address=0x0006
2013/07/22 15:26:18:517 [006036] TRACE [Prb.cpp, 1035] - ReadCC1020Packet(0x06):01 00 0C 74 84 00 02 00 06 D1 6D 0D 
2013/07/22 15:26:18:531 [006764] TRACE [Prb.cpp, 943] - RadioBoardPacket(ACK):01 00 0C 07 06 74 00 01 B3 F0 68 0D 
2013/07/22 15:26:18:532 [006036] DEBUG [Prb.cpp, 603] - Read CC1020 completed, Address=0x0006, Data=0xB3
2013/07/22 15:26:18:532 [006036] TRACE [Prb.cpp, 584] - Reading CC1020, Address=0x0008
2013/07/22 15:26:18:533 [006036] TRACE [Prb.cpp, 1035] - ReadCC1020Packet(0x08):01 00 0C 75 84 00 02 00 08 A9 49 0D 
2013/07/22 15:26:18:546 [006764] TRACE [Prb.cpp, 943] - RadioBoardPacket(ACK):01 00 0C 09 06 75 00 01 35 37 70 0D 
2013/07/22 15:26:18:547 [006036] DEBUG [Prb.cpp, 603] - Read CC1020 completed, Address=0x0008, Data=0x35
2013/07/22 15:26:18:548 [006036] TRACE [Prb.cpp, 584] - Reading CC1020, Address=0x0009
2013/07/22 15:26:18:549 [006036] TRACE [Prb.cpp, 1035] - ReadCC1020Packet(0x09):01 00 0C 76 84 00 02 00 09 A1 4C 0D 
2013/07/22 15:26:18:562 [006764] TRACE [Prb.cpp, 943] - RadioBoardPacket(ACK):01 00 0C 0B 06 76 00 01 FA 79 D1 0D 
2013/07/22 15:26:18:563 [006036] DEBUG [Prb.cpp, 603] - Read CC1020 completed, Address=0x0009, Data=0xFA
2013/07/22 15:26:18:563 [006036] TRACE [Prb.cpp, 584] - Reading CC1020, Address=0x000A
2013/07/22 15:26:18:564 [006036] TRACE [Prb.cpp, 1035] - ReadCC1020Packet(0x0A):01 00 0C 77 84 00 02 00 0A 59 45 0D 
2013/07/22 15:26:18:578 [006764] TRACE [Prb.cpp, 943] - RadioBoardPacket(ACK):01 00 0C 0D 06 77 00 01 5D FE 06 0D 
2013/07/22 15:26:18:578 [006036] DEBUG [Prb.cpp, 603] - Read CC1020 completed, Address=0x000A, Data=0x5D
2013/07/22 15:26:18:579 [006036] TRACE [Prb.cpp, 584] - Reading CC1020, Address=0x000F
2013/07/22 15:26:18:580 [006036] TRACE [Prb.cpp, 1035] - ReadCC1020Packet(0x0F):01 00 0C 78 84 00 02 00 0F 71 54 0D 
2013/07/22 15:26:18:593 [006764] TRACE [Prb.cpp, 943] - RadioBoardPacket(ACK):01 00 0C 0F 06 78 00 01 DF 41 09 0D 
2013/07/22 15:26:18:594 [006036] DEBUG [Prb.cpp, 603] - Read CC1020 completed, Address=0x000F, Data=0xDF
2013/07/22 15:26:18:595 [006036] TRACE [Prb.cpp, 584] - Reading CC1020, Address=0x0010
2013/07/22 15:26:18:595 [006036] TRACE [Prb.cpp, 1035] - ReadCC1020Packet(0x10):01 00 0C 79 84 00 02 00 10 09 16 0D 
2013/07/22 15:26:18:609 [006764] TRACE [Prb.cpp, 943] - RadioBoardPacket(ACK):01 00 0C 11 06 79 00 01 22 07 19 0D 
2013/07/22 15:26:18:610 [006036] DEBUG [Prb.cpp, 603] - Read CC1020 completed, Address=0x0010, Data=0x22
2013/07/22 15:26:18:610 [006036] TRACE [Prb.cpp, 584] - Reading CC1020, Address=0x0013
2013/07/22 15:26:18:611 [006036] TRACE [Prb.cpp, 1035] - ReadCC1020Packet(0x13):01 00 0C 7A 84 00 02 00 13 81 1C 0D 
2013/07/22 15:26:18:625 [006764] TRACE [Prb.cpp, 943] - RadioBoardPacket(ACK):01 00 0C 13 06 7A 00 01 2F CB 37 0D 
2013/07/22 15:26:18:626 [006036] DEBUG [Prb.cpp, 603] - Read CC1020 completed, Address=0x0013, Data=0x2F
2013/07/22 15:26:18:626 [006036] TRACE [Prb.cpp, 584] - Reading CC1020, Address=0x0014
2013/07/22 15:26:18:627 [006036] TRACE [Prb.cpp, 1035] - ReadCC1020Packet(0x14):01 00 0C 7B 84 00 02 00 14 F9 0E 0D 
2013/07/22 15:26:18:640 [006764] TRACE [Prb.cpp, 943] - RadioBoardPacket(ACK):01 00 0C 15 06 7B 00 01 2F CF 31 0D 
2013/07/22 15:26:18:641 [006036] DEBUG [Prb.cpp, 603] - Read CC1020 completed, Address=0x0014, Data=0x2F
2013/07/22 15:26:18:642 [006036] TRACE [Prb.cpp, 584] - Reading CC1020, Address=0x0043
2013/07/22 15:26:18:642 [006036] TRACE [Prb.cpp, 1035] - ReadCC1020Packet(0x43):01 00 0C 7C 84 00 02 00 43 10 F9 0D 
2013/07/22 15:26:18:656 [006764] TRACE [Prb.cpp, 943] - RadioBoardPacket(ACK):01 00 0C 17 06 7C 00 01 FF D1 D2 0D 
2013/07/22 15:26:18:657 [006036] DEBUG [Prb.cpp, 603] - Read CC1020 completed, Address=0x0043, Data=0xFF
2013/07/22 15:26:18:657 [006036] DEBUG [ComSysDiagnostics.cpp, 63] - CC1020 [Link complete] FREQ_2A: 0x35 FREQ_1A: 0xef FREQ_0A: 0xb3
2013/07/22 15:26:18:658 [006036] DEBUG [ComSysDiagnostics.cpp, 67] - CC1020 [Link complete] FREQ_2B: 0x35 FREQ_1B: 0xfa FREQ_0B: 0x5d
2013/07/22 15:26:18:658 [006036] DEBUG [ComSysDiagnostics.cpp, 72] - CC1020 [Link complete] AFC_CONTROL: 0xdf FILTER: 0x22 VGA3: 0x2f VGA4: 0x2f AFC: 0xff
2013/07/22 15:26:18:659 [006036] TRACE [Prb.cpp, 493] - Reading FPGA, Address=0x3018
2013/07/22 15:26:18:660 [006036] TRACE [Prb.cpp, 1035] - ReadFPGAPacket(0x3018):01 00 0C 7D 82 00 02 30 18 C8 33 0D 
2013/07/22 15:26:18:660 [006764] TRACE [Prb.cpp, 835] - RxStream contents:01 00 0C 19 06 7D 00 01 40 16 5C 0D 
2013/07/22 15:26:18:661 [006764] TRACE [Prb.cpp, 943] - RadioBoardPacket(ACK):01 00 0C 19 06 7D 00 01 40 16 5C 0D 
2013/07/22 15:26:18:661 [006036] DEBUG [Prb.cpp, 512] - Read FPGA completed, Address=0x3018, Data=0x40
2013/07/22 15:26:18:662 [006036] TRACE [Prb.cpp, 493] - Reading FPGA, Address=0x301A
2013/07/22 15:26:18:663 [006036] TRACE [Prb.cpp, 1035] - ReadFPGAPacket(0x301A):01 00 0C 7E 82 00 02 30 1A C0 3C 0D 
2013/07/22 15:26:18:663 [006764] TRACE [Prb.cpp, 835] - RxStream contents:01 00 0C 1A 06 7E 00 01 00 23 DF 0D 
2013/07/22 15:26:18:664 [006764] TRACE [Prb.cpp, 943] - RadioBoardPacket(ACK):01 00 0C 1A 06 7E 00 01 00 23 DF 0D 
2013/07/22 15:26:18:664 [006036] DEBUG [Prb.cpp, 512] - Read FPGA completed, Address=0x301A, Data=0x00
2013/07/22 15:26:18:665 [006036] TRACE [Prb.cpp, 493] - Reading FPGA, Address=0x3070
2013/07/22 15:26:18:665 [006036] TRACE [Prb.cpp, 1035] - ReadFPGAPacket(0x3070):01 00 0C 7F 82 00 02 30 70 39 43 0D 
2013/07/22 15:26:18:665 [006764] TRACE [Prb.cpp, 835] - RxStream contents:01 00 0C 1B 06 7F 00 01 FF 4D DD 0D 
2013/07/22 15:26:18:666 [006764] TRACE [Prb.cpp, 943] - RadioBoardPacket(ACK):01 00 0C 1B 06 7F 00 01 FF 4D DD 0D 
2013/07/22 15:26:18:667 [006036] DEBUG [Prb.cpp, 512] - Read FPGA completed, Address=0x3070, Data=0xFF
2013/07/22 15:26:18:668 [006036] DEBUG [ComSysDiagnostics.cpp, 31] - FPGA RSSI/AFC [Link complete] linkedRSSI:64 linkedAFC:0 AFC:255
2013/07/22 15:26:18:669 [006036] INFO [ComSysDiagnostics.cpp, 79] - Status Counters [Link complete] FrameErrorsInLastSecond:1 EcgErrorsInLastSecond:0 MarkerOrImplantIdErrorsInLastSecond:0 TotalFrameErrors:1 TotalEcgErrors:0 TotalMarkerOrImplantIdErrors:0 TotalSentCommands:0 TotalGoodResponses:0 TotalBadResponses:0 TotalResponseTimeouts:0
2013/07/22 15:26:18:670 [006036] TRACE [Prb.cpp, 493] - Reading FPGA, Address=0x301C
2013/07/22 15:26:18:670 [006036] TRACE [Prb.cpp, 1035] - ReadFPGAPacket(0x301C):01 00 0C 80 82 00 02 30 1C 10 DB 0D 
2013/07/22 15:26:18:670 [006764] TRACE [Prb.cpp, 835] - RxStream contents:01 00 0C 1C 06 80 00 01 01 AB F4 0D 
2013/07/22 15:26:18:671 [006764] TRACE [Prb.cpp, 943] - RadioBoardPacket(ACK):01 00 0C 1C 06 80 00 01 01 AB F4 0D 
2013/07/22 15:26:18:672 [006036] DEBUG [Prb.cpp, 512] - Read FPGA completed, Address=0x301C, Data=0x01
2013/07/22 15:26:18:673 [006036] DEBUG [ComSysDiagnostics.cpp, 89] - FPGA Frame Error Counter [Link complete]:1
2013/07/22 15:26:18:673 [006036] INFO [CrossTalkDetector.cpp, 68] - CrossTalkDetector state changing from LinkingState to LinkedState
2013/07/22 15:26:18:674 [006036] INFO [CommunicationSystemStates.cpp, 221] - Link complete.
2013/07/22 15:26:18:707 [001480] INFO 0x801C0094 [CommunicationSystemStateMachine.cpp, 237] - Command: 0xe4. Retries: 3. Timeout: 500 ms.
2013/07/22 15:26:18:710 [001480] INFO 0x801C0094 [CommunicationSystemStateMachine.cpp, 252] - Send Command:E4 02 58 
2013/07/22 15:26:18:711 [001480] TRACE 0x801C0094 [Prb.cpp, 493] - Reading FPGA, Address=0x3018
2013/07/22 15:26:18:712 [001480] TRACE 0x801C0094 [Prb.cpp, 1035] - ReadFPGAPacket(0x3018):01 00 0C 81 82 00 02 30 18 68 C3 0D 
2013/07/22 15:26:18:712 [006764] TRACE 0x801C0094 [Prb.cpp, 835] - RxStream contents:01 00 0C 20 06 81 00 01 3C 1F 46 0D 
2013/07/22 15:26:18:713 [006764] TRACE 0x801C0094 [Prb.cpp, 943] - RadioBoardPacket(ACK):01 00 0C 20 06 81 00 01 3C 1F 46 0D 
2013/07/22 15:26:18:714 [001480] DEBUG 0x801C0094 [Prb.cpp, 512] - Read FPGA completed, Address=0x3018, Data=0x3C
2013/07/22 15:26:18:714 [001480] TRACE 0x801C0094 [Prb.cpp, 493] - Reading FPGA, Address=0x301A
2013/07/22 15:26:18:715 [001480] TRACE 0x801C0094 [Prb.cpp, 1035] - ReadFPGAPacket(0x301A):01 00 0C 82 82 00 02 30 1A 60 CC 0D 
2013/07/22 15:26:18:715 [006764] TRACE 0x801C0094 [Prb.cpp, 835] - RxStream contents:01 00 0C 21 06 82 00 01 01 5B C8 0D 
2013/07/22 15:26:18:716 [006764] TRACE 0x801C0094 [Prb.cpp, 943] - RadioBoardPacket(ACK):01 00 0C 21 06 82 00 01 01 5B C8 0D 
2013/07/22 15:26:18:717 [001480] DEBUG 0x801C0094 [Prb.cpp, 512] - Read FPGA completed, Address=0x301A, Data=0x01
2013/07/22 15:26:18:717 [001480] TRACE 0x801C0094 [Prb.cpp, 493] - Reading FPGA, Address=0x3070
2013/07/22 15:26:18:718 [001480] TRACE 0x801C0094 [Prb.cpp, 1035] - ReadFPGAPacket(0x3070):01 00 0C 83 82 00 02 30 70 99 B3 0D 
2013/07/22 15:26:18:718 [006764] TRACE 0x801C0094 [Prb.cpp, 835] - RxStream contents:01 00 0C 22 06 83 00 01 00 C7 CE 0D 
2013/07/22 15:26:18:719 [006764] TRACE 0x801C0094 [Prb.cpp, 943] - RadioBoardPacket(ACK):01 00 0C 22 06 83 00 01 00 C7 CE 0D 
2013/07/22 15:26:18:719 [001480] DEBUG 0x801C0094 [Prb.cpp, 512] - Read FPGA completed, Address=0x3070, Data=0x00
2013/07/22 15:26:18:720 [001480] DEBUG 0x801C0094 [ComSysDiagnostics.cpp, 31] - FPGA RSSI/AFC [Send Command] linkedRSSI:60 linkedAFC:1 AFC:0
2013/07/22 15:26:18:720 [001480] TRACE 0x801C0094 [Prb.cpp, 383] - Send Command, Command=0xe4
2013/07/22 15:26:18:721 [001480] TRACE 0x801C0094 [Prb.cpp, 1035] - WriteTransmitterPacket():01 00 0D 84 87 00 03 E4 02 58 88 E3 0D 
2013/07/22 15:26:18:721 [006764] TRACE 0x801C0094 [Prb.cpp, 835] - RxStream contents:01 00 0B 24 06 84 00 00 B4 B9 0D 
2013/07/22 15:26:18:722 [006764] TRACE 0x801C0094 [Prb.cpp, 943] - RadioBoardPacket(ACK):01 00 0B 24 06 84 00 00 B4 B9 0D 
2013/07/22 15:26:18:723 [001480] DEBUG 0x801C0094 [Prb.cpp, 402] - Send Command completed, Command=0xe4
2013/07/22 15:26:18:879 [006036] INFO 0x801C0094 [ComSysDiagnostics.cpp, 79] - Status Counters [Link lost] FrameErrorsInLastSecond:9 EcgErrorsInLastSecond:0 MarkerOrImplantIdErrorsInLastSecond:0 TotalFrameErrors:9 TotalEcgErrors:0 TotalMarkerOrImplantIdErrors:0 TotalSentCommands:1 TotalGoodResponses:0 TotalBadResponses:0 TotalResponseTimeouts:0
2013/07/22 15:26:18:880 [006036] TRACE 0x801C0094 [Prb.cpp, 493] - Reading FPGA, Address=0x301C
2013/07/22 15:26:18:880 [006036] TRACE 0x801C0094 [Prb.cpp, 1035] - ReadFPGAPacket(0x301C):01 00 0C 85 82 00 02 30 1C 08 DE 0D 
2013/07/22 15:26:18:880 [006764] TRACE 0x801C0094 [Prb.cpp, 835] - RxStream contents:01 00 0C 2F 06 85 00 01 0A E7 FE 0D 
2013/07/22 15:26:18:882 [006764] TRACE 0x801C0094 [Prb.cpp, 943] - RadioBoardPacket(ACK):01 00 0C 2F 06 85 00 01 0A E7 FE 0D 
2013/07/22 15:26:18:882 [006036] DEBUG 0x801C0094 [Prb.cpp, 512] - Read FPGA completed, Address=0x301C, Data=0x0A
2013/07/22 15:26:18:883 [006036] DEBUG 0x801C0094 [ComSysDiagnostics.cpp, 89] - FPGA Frame Error Counter [Link lost]:10
2013/07/22 15:26:18:891 [006036] INFO 0x801C0094 [CommunicationSystemStateMachine.cpp, 769] - Command Completed
2013/07/22 15:26:18:892 [006036] DEBUG 0x801C0094 [CommunicationSystemStateMachine.cpp, 330] - ... after 11 frames.
2013/07/22 15:26:18:894 [006036] TRACE 0x801C0094 [Prb.cpp, 448] - Writing FPGA, Address=0x1008, Data=0x08
2013/07/22 15:26:18:895 [006036] TRACE 0x801C0094 [Prb.cpp, 1035] - WriteFPGAPacket(0x1008, 0x08):01 00 0D 86 81 00 03 10 08 08 2B B6 0D 
2013/07/22 15:26:18:895 [006764] TRACE 0x801C0094 [Prb.cpp, 835] - RxStream contents:01 00 0B 31 06 86 00 00 B2 89 0D 
2013/07/22 15:26:18:896 [006764] TRACE 0x801C0094 [Prb.cpp, 943] - RadioBoardPacket(ACK):01 00 0B 31 06 86 00 00 B2 89 0D 
2013/07/22 15:26:18:896 [006036] DEBUG 0x801C0094 [Prb.cpp, 466] - Write FPGA completed, Address=0x1008, Data=0x08
2013/07/22 15:26:18:913 [006036] TRACE 0x801C0094 [Prb.cpp, 493] - Reading FPGA, Address=0x300A
2013/07/22 15:26:18:913 [006036] TRACE 0x801C0094 [Prb.cpp, 1035] - ReadFPGAPacket(0x300A):01 00 0C 87 82 00 02 30 0A F8 AA 0D 
2013/07/22 15:26:18:913 [006764] TRACE 0x801C0094 [Prb.cpp, 835] - RxStream contents:01 00 0C 32 06 87 00 01 00 97 DF 0D 
2013/07/22 15:26:18:915 [006764] TRACE 0x801C0094 [Prb.cpp, 943] - RadioBoardPacket(ACK):01 00 0C 32 06 87 00 01 00 97 DF 0D 
2013/07/22 15:26:18:915 [006036] DEBUG 0x801C0094 [Prb.cpp, 512] - Read FPGA completed, Address=0x300A, Data=0x00
2013/07/22 15:26:18:916 [006036] TRACE 0x801C0094 [Prb.cpp, 448] - Writing FPGA, Address=0x300A, Data=0x03
2013/07/22 15:26:18:917 [006036] TRACE 0x801C0094 [Prb.cpp, 1035] - WriteFPGAPacket(0x300A, 0x03):01 00 0D 88 81 00 03 30 0A 03 2B EC 0D 
2013/07/22 15:26:18:917 [006764] TRACE 0x801C0094 [Prb.cpp, 835] - RxStream contents:01 00 0B 33 06 88 00 00 B2 A1 0D 
2013/07/22 15:26:18:918 [006764] TRACE 0x801C0094 [Prb.cpp, 943] - RadioBoardPacket(ACK):01 00 0B 33 06 88 00 00 B2 A1 0D 
2013/07/22 15:26:18:918 [006036] DEBUG 0x801C0094 [Prb.cpp, 466] - Write FPGA completed, Address=0x300A, Data=0x03
2013/07/22 15:26:19:059 [004752] INFO [NCommunicationSystem.cpp, 747] - Disposing: 1
2013/07/22 15:26:19:271 [004752] INFO [CrossAppDomainEventMarshaller.cpp, 44] - Disposing: 1
2013/07/22 15:26:19:272 [004752] INFO [CrossAppDomainEventMarshaller.cpp, 155] - abortGetNextEvent called
2013/07/22 15:26:19:272 [004752] INFO [CrossAppDomainEventMarshaller.cpp, 48] - Waiting for CrossDomainEventTranslator::m_pHandleEventsThread to stop
2013/07/22 15:26:19:272 [004520] INFO [CrossAppDomainEventMarshaller.cpp, 80] - handleEventsThread exiting (thread aborted)
2013/07/22 15:26:19:274 [004752] INFO [CrossAppDomainEventMarshaller.cpp, 54] - CrossDomainEventTranslator::m_pHandleEventsThread stopped
2013/07/22 15:26:19:275 [004752] INFO [CrossAppDomainEventMarshaller.cpp, 110] - EventHandler dtor
2013/07/22 15:26:19:276 [004752] INFO [CrossAppDomainEventMarshaller.cpp, 60] - Disposed.
2013/07/22 15:26:19:277 [006764] DEBUG [Prb.cpp, 867] - Prb receive thread terminated.
2013/07/22 15:26:19:280 [006036] INFO [ExceptionCatchingThread.cpp, 170] - Exited the interrupt thread procedure with return value 0.
2013/07/22 15:26:19:379 [001480] INFO [ExceptionCatchingThread.cpp, 170] - Exited the dispatch thread procedure with return value 0.
2013/07/22 15:26:19:381 [001384] INFO [ExceptionCatchingThread.cpp, 170] - Exited the timer thread procedure with return value 0.
2013/07/22 15:26:19:482 [004752] INFO [NCommunicationSystem.cpp, 779] - Disposed.
<<<<< Log Footer: 07/22/2013 15:26:19 >>>>>
