2013/07/19 11:30:31:730  INFO:   Loaded Symbol File C:\ISV System\Config\FirmwareSymbols\build178.sym for firmware Build #178
2013/07/19 11:30:31:744  INFO:   CommunicationSystemLog properties: .\CommunicationSystem.logger.properties
2013/07/19 11:30:31:744  INFO:   CommunicationSystemLog log       : .\logs\systemBerScriptLog 2013.07.19 11.30.31_CommunicationSystem.Log
2013/07/19 11:30:35:505  INFO:   Setting the event sink for ScriptEngineProcedure
2013/07/19 11:30:35:505  INFO:   Program parameters checks are enabled
2013/07/19 11:30:35:509  INFO:   ********************************************************************************
2013/07/19 11:30:35:509  INFO:   Starting ScriptEngineProcedure, Assembly  version 
2013/07/19 11:30:35:514  INFO:   Config: ICD (NCommunicationSystem ver: nCommunicationSystem, Version=1.8.2.1, Culture=neutral, PublicKeyToken=56b5378c99c0bcfd; FTDI Driver ver: 2.08.24.0; PRB FPGA ver: 7)
2013/07/19 11:30:35:514  INFO:   Setting the radio board transmit power to level 0x7.
2013/07/19 11:30:35:517  INFO:   Radio board power level set to 7.
2013/07/19 11:30:35:518  INFO:   ECG Timeout Interval set to 10 seconds.
2013/07/19 11:30:35:519  STATE:  Changing state to ScriptExecStateMachine.WaitForNextCmdState, ID[1]
2013/07/19 11:30:35:519  INFO:   FwDvtSystem Started the event processing thread
2013/07/19 11:30:35:549  ACTION: Read PRB FPGA: Address=0x3000 Data=0x07
2013/07/19 11:30:35:554  RESULT: FPGA 0x3000 Expected: 18 Actual: 7
2013/07/19 11:30:35:556  RESULT: ERROR Expected: 18 Actual: 7
2013/07/19 11:30:35:556  ACTION: Calibrate CC1020
2013/07/19 11:30:35:646  INFO:   CC1020 calibration passed
2013/07/19 11:30:35:654  ACTION: Read C1020: Address 0x04 Data=0x35
2013/07/19 11:30:35:659  ACTION: Read C1020: Address 0x05 Data=0xF0
2013/07/19 11:30:35:663  ACTION: Read C1020: Address 0x06 Data=0x21
2013/07/19 11:30:35:666  ACTION: Read C1020: Address 0x07 Data=0x38
2013/07/19 11:30:35:670  ACTION: Read C1020: Address 0x08 Data=0x35
2013/07/19 11:30:35:673  ACTION: Read C1020: Address 0x09 Data=0xFA
2013/07/19 11:30:35:677  ACTION: Read C1020: Address 0x0A Data=0xCB
2013/07/19 11:30:35:681  ACTION: Read C1020: Address 0x0B Data=0x38
2013/07/19 11:30:35:684  ACTION: Read C1020: Address 0x1D Data=0x00
2013/07/19 11:30:35:688  ACTION: Read C1020: Address 0x45 Data=0x4C
2013/07/19 11:30:35:692  ACTION: Read C1020: Address 0x46 Data=0x66
2013/07/19 11:30:35:696  ACTION: Read C1020: Address 0x47 Data=0x44
2013/07/19 11:30:35:706  ACTION: Read PRB FPGA: Address=0x305E Data=0x00
2013/07/19 11:30:35:709  ACTION: Read PRB FPGA: Address=0x3060 Data=0x00
2013/07/19 11:30:35:712  ACTION: Read PRB FPGA: Address=0x3062 Data=0x00
2013/07/19 11:30:35:719  ACTION: Read PRB FPGA: Address=0x3066 Data=0x00
2013/07/19 11:30:35:722  ACTION: Read PRB FPGA: Address=0x3068 Data=0x00
2013/07/19 11:30:35:725  ACTION: Read PRB FPGA: Address=0x306A Data=0x00
2013/07/19 11:30:35:727  ACTION: Write PRB FPGA: Address=0x1026 Data=0x01
2013/07/19 11:30:35:733  INFO:   EXECUTING STATE: SMLibrary.Dvt.IcdCmd+ScanState Timeout: 00:00:30
2013/07/19 11:30:35:734  EVENT:  SCRIPT-EXEC:EXEC-STATE - TES.Dvt.ScriptExecStateMachine, ID[11]
2013/07/19 11:30:35:736  STATE:  Changing state to ScriptExecStateMachine.ExecState, ID[4]
2013/07/19 11:30:35:736  INFO:   Setting the radio board transmit power to level 0x7.
2013/07/19 11:30:35:739  INFO:   Radio board power level set to 7.
2013/07/19 11:30:35:740  ACTION: Setting radio board configuration for hybrid.
2013/07/19 11:30:35:740  ACTION: Set radio board to DIO inverting mode.
2013/07/19 11:30:35:740  ACTION: Write PRB FPGA: Address=0x3012 Data=0x01
2013/07/19 11:30:35:743  ACTION: PRB Set Link Data Rate: Slow
2013/07/19 11:30:35:746  ACTION: Read PRB FPGA: Address=0x1004 Data=0x00
2013/07/19 11:30:35:746  ACTION: Write PRB FPGA: Address=0x1004 Data=0x00
2013/07/19 11:30:35:748  ACTION: Scanning for devices, primary scan duration = 9 sec, secondary scan duration = 2 sec
2013/07/19 11:30:46:926  INFO:   Primary scan device IDs: 0x801C0094 
2013/07/19 11:30:51:084  INFO:   Secondary scan device IDs: 0x801C0094 
2013/07/19 11:30:51:086  EVENT:  Device ID List, ID[17]
                                 DeviceID[0] : ID 0x801C0094 (Model 0, Serial 148, SW Version 7, Is Implanted)
2013/07/19 11:30:51:087  STATE:  Changing state to ScriptExecStateMachine.WaitForNextCmdState, ID[1]
2013/07/19 11:30:51:087  INFO:   STATE EXITED: SMLibrary.Dvt.IcdCmd+ScanState
2013/07/19 11:30:51:098  INFO:   EXECUTING STATE: SMLibrary.Dvt.IcdCmd+ConnectState Timeout: 00:00:24
2013/07/19 11:30:51:098  EVENT:  SCRIPT-EXEC:EXEC-STATE - TES.Dvt.ScriptExecStateMachine, ID[11]
2013/07/19 11:30:51:098  STATE:  Changing state to ScriptExecStateMachine.ExecState, ID[4]
2013/07/19 11:30:51:098  ACTION: PRB Set Link Data Rate: Slow
2013/07/19 11:30:51:102  ACTION: Read PRB FPGA: Address=0x1004 Data=0x00
2013/07/19 11:30:51:102  ACTION: Write PRB FPGA: Address=0x1004 Data=0x00
2013/07/19 11:30:51:104  ACTION: Connecting to device ID 0x801C0094 (Model 0, Serial 148, SW Version 7, Is Implanted)
2013/07/19 11:30:54:155  INFO:   Registering the ICD session delegates
2013/07/19 11:30:54:155  EVENT:  Connect Succeeded, ID[19]
2013/07/19 11:30:54:155  STATE:  Changing state to ScriptExecStateMachine.WaitForNextCmdState, ID[1]
2013/07/19 11:30:54:155  INFO:   STATE EXITED: SMLibrary.Dvt.IcdCmd+ConnectState
2013/07/19 11:30:54:159  INFO:   EXECUTING STATE MACHINE: SMLibrary.ReadSM Timeout: 00:00:01.3120000
2013/07/19 11:30:54:159  EVENT:  SCRIPT-EXEC:EXEC-SM - TES.Dvt.ScriptExecStateMachine, ID[9]
2013/07/19 11:30:54:159  STATE:  Changing state to ScriptExecStateMachine.ExecStateMachineWithCustomExitEventsState, ID[2]
2013/07/19 11:30:54:164  STATE:  Changing state to ReadSM.ReadingState, ID[8]
2013/07/19 11:30:54:164  ACTION: READ_FROM_16_BIT_ADDR_WITH_CRC32, Address=SYS_ERRORS(0xF56C) Length=1
2013/07/19 11:30:54:245  EVENT:  Command Completed, ID[23], Command=0x82 (READ_FROM_16_BIT_ADDR_WITH_CRC32), CRC32=0x2DFD1072, Data=0x00
2013/07/19 11:30:54:247  EVENT:  Read Memory Complete, ID[24]
2013/07/19 11:30:54:247  STATE:  Changing state to ReadSM.IdleState, ID[6]
2013/07/19 11:30:54:247  STATE:  Changing state to ScriptExecStateMachine.WaitForNextCmdState, ID[1]
2013/07/19 11:30:54:247  INFO:   STATE MACHINE EXITED: SMLibrary.ReadSM
2013/07/19 11:30:54:248  INFO:   EXECUTING STATE MACHINE: SMLibrary.ReadSM Timeout: 00:00:01.7520000
2013/07/19 11:30:54:248  EVENT:  SCRIPT-EXEC:EXEC-SM - TES.Dvt.ScriptExecStateMachine, ID[9]
2013/07/19 11:30:54:248  STATE:  Changing state to ScriptExecStateMachine.ExecStateMachineWithCustomExitEventsState, ID[2]
2013/07/19 11:30:54:248  STATE:  Changing state to ReadSM.ReadingState, ID[9]
2013/07/19 11:30:54:248  ACTION: READ_FROM_16_BIT_ADDR_WITH_CRC32, Address=CTR_BASE_FOLLOWUP(0x7F6A) Length=60
2013/07/19 11:30:54:282  EVENT:  Marker (Device Summary), ID[28], Timestamp=0x4C[full:not set], Data[0]=0x00, Data[1]=0x00 DynamicShockPolarity=HVA_POSITIVE 
2013/07/19 11:30:54:405  EVENT:  Command Completed, ID[29], Command=0x82 (READ_FROM_16_BIT_ADDR_WITH_CRC32), time since last CMDCompleted: 161 ms, CRC32=0xAC055910,
                                 0x00 : 00000000 00000000 00000000 00000000 
                                 0x10 : 00000000 00000000 018D0000 00000000 
                                 0x20 : FFFF0000 00000000 00000000 00000000 
                                 0x30 : 00000000 00000000 00000000  
2013/07/19 11:30:54:405  EVENT:  Read Memory Complete, ID[30]
2013/07/19 11:30:54:405  STATE:  Changing state to ReadSM.IdleState, ID[6]
2013/07/19 11:30:54:405  STATE:  Changing state to ScriptExecStateMachine.WaitForNextCmdState, ID[1]
2013/07/19 11:30:54:405  INFO:   STATE MACHINE EXITED: SMLibrary.ReadSM
2013/07/19 11:30:54:406  INFO:   Enabling the timestamp/interval calculations
2013/07/19 11:30:54:408  EVENT:  Marker (Beat Detected - Certified and Non-shockable), ID[31], Timestamp=0x55[full:85], ID=138,Data=0x28 Interval is invalid or exceeds 2 seconds
2013/07/19 11:30:54:415  EVENT:  SCRIPT-EXEC:EXIT - TES.Dvt.ScriptExecStateMachine, ID[8]
2013/07/19 11:30:54:416  INFO:   Terminating ScriptEngineProcedure
2013/07/19 11:30:54:416  EVENT:  Terminate Dispatch, ID[32]
2013/07/19 11:30:54:416  EVENT:  TES.Dvt.ScriptExecStateMachine.DoneEvent, ID[6]
2013/07/19 11:30:54:416  STATE:  Changing state to ScriptExecStateMachine.IdleState, ID[6]
2013/07/19 11:30:54:424  INFO:   ScriptEngineProcedure Completed
2013/07/19 11:30:54:425  INFO:   Testcase Summary:
2013/07/19 11:30:54:426  RESULT: Test Procedure ScriptEngineProcedure (FAILED)
2013/07/19 11:30:54:426  INFO:   Procedure Runtime = 00:00:18
2013/07/19 11:30:54:432  INFO:   The event dispatch thread ScriptEngineProcedure exited.
