<<<<< Log Header: 07/16/2013 21:37:43 >>>>>
2013/07/16 21:37:43:899 [003720] INFO [NCommunicationSystem.cpp, 108] - nCommunicationSystem, Version=1.8.2.1, Culture=neutral, PublicKeyToken=56b5378c99c0bcfd
2013/07/16 21:37:43:914 [003720] INFO [ExceptionCatchingThread.cpp, 257] - Created the timer thread with id 3572 (0xdf4).
2013/07/16 21:37:43:916 [003572] INFO [ExceptionCatchingThread.cpp, 168] - Executing the timer thread procedure...
2013/07/16 21:37:43:920 [003720] INFO [ExceptionCatchingThread.cpp, 257] - Created the dispatch thread with id 7412 (0x1cf4).
2013/07/16 21:37:43:920 [007412] INFO [ExceptionCatchingThread.cpp, 168] - Executing the dispatch thread procedure...
2013/07/16 21:37:46:922 [003720] DEBUG [Prb.cpp, 252] - PRB logging started.
2013/07/16 21:37:46:930 [003720] DEBUG [Prb.cpp, 130] - Number of FTDI devices: 1
2013/07/16 21:37:46:931 [003720] DEBUG [Prb.cpp, 158] - FTDI Device[0]: ID=67330069
2013/07/16 21:37:46:934 [003720] DEBUG [Prb.cpp, 169] - FTDI handle=176897328
2013/07/16 21:37:46:935 [003720] INFO [Prb.cpp, 179] - FTDI Driver Version 2.08.24.0
2013/07/16 21:37:47:191 [003720] INFO [Prb.cpp, 205] - FTDI Configuration: MaxCurrent=200, CBus5=21, CBus6=0x4
2013/07/16 21:37:47:442 [003720] INFO [Prb.cpp, 246] - PRB driver initialized.
2013/07/16 21:37:47:442 [003720] TRACE [Prb.cpp, 448] - Writing FPGA, Address=0x1008, Data=0x08
2013/07/16 21:37:47:443 [003720] TRACE [Prb.cpp, 1035] - WriteFPGAPacket(0x1008, 0x08):01 00 0D 00 81 00 03 10 08 08 25 D5 0D 
2013/07/16 21:37:47:443 [002068] TRACE [Prb.cpp, 835] - RxStream contents:01 00 0B 18 06 00 00 00 B4 49 0D 
2013/07/16 21:37:47:444 [002068] TRACE [Prb.cpp, 943] - RadioBoardPacket(ACK):01 00 0B 18 06 00 00 00 B4 49 0D 
2013/07/16 21:37:47:445 [003720] DEBUG [Prb.cpp, 466] - Write FPGA completed, Address=0x1008, Data=0x08
2013/07/16 21:37:47:462 [003720] TRACE [Prb.cpp, 493] - Reading FPGA, Address=0x300A
2013/07/16 21:37:47:462 [003720] TRACE [Prb.cpp, 1035] - ReadFPGAPacket(0x300A):01 00 0C 01 82 00 02 30 0A E8 24 0D 
2013/07/16 21:37:47:462 [002068] TRACE [Prb.cpp, 835] - RxStream contents:01 00 0C 19 06 01 00 01 00 27 C8 0D 
2013/07/16 21:37:47:464 [002068] TRACE [Prb.cpp, 943] - RadioBoardPacket(ACK):01 00 0C 19 06 01 00 01 00 27 C8 0D 
2013/07/16 21:37:47:464 [003720] DEBUG [Prb.cpp, 512] - Read FPGA completed, Address=0x300A, Data=0x00
2013/07/16 21:37:47:465 [003720] TRACE [Prb.cpp, 448] - Writing FPGA, Address=0x300A, Data=0x03
2013/07/16 21:37:47:466 [003720] TRACE [Prb.cpp, 1035] - WriteFPGAPacket(0x300A, 0x03):01 00 0D 02 81 00 03 30 0A 03 29 4F 0D 
2013/07/16 21:37:47:466 [002068] TRACE [Prb.cpp, 835] - RxStream contents:01 00 0B 1A 06 02 00 00 B4 91 0D 
2013/07/16 21:37:47:467 [002068] TRACE [Prb.cpp, 943] - RadioBoardPacket(ACK):01 00 0B 1A 06 02 00 00 B4 91 0D 
2013/07/16 21:37:47:467 [003720] DEBUG [Prb.cpp, 466] - Write FPGA completed, Address=0x300A, Data=0x03
2013/07/16 21:37:47:480 [003720] INFO [CrossTalkDetector.cpp, 14] - EnterCrossTalkThreshold = 8
2013/07/16 21:37:47:481 [003720] INFO [CrossTalkDetector.cpp, 21] - LeaveCrossTalkThreshold = 4
2013/07/16 21:37:47:482 [003720] INFO [CrossTalkDetector.cpp, 28] - LinkThreshold = 8
2013/07/16 21:37:47:484 [003720] INFO [ExceptionCatchingThread.cpp, 257] - Created the interrupt thread with id 5996 (0x176c).
2013/07/16 21:37:47:484 [003720] DEBUG [Prb.cpp, 252] - PRB logging started.
2013/07/16 21:37:47:484 [005996] INFO [ExceptionCatchingThread.cpp, 168] - Executing the interrupt thread procedure...
2013/07/16 21:37:47:485 [003720] INFO [CommunicationSystem.cpp, 640] - Calibrating the PRB CC1020.
2013/07/16 21:37:47:486 [003720] TRACE [Prb.cpp, 448] - Writing FPGA, Address=0x1008, Data=0x01
2013/07/16 21:37:47:487 [003720] TRACE [Prb.cpp, 1035] - WriteFPGAPacket(0x1008, 0x01):01 00 0D 03 81 00 03 10 08 01 26 D3 0D 
2013/07/16 21:37:47:487 [002068] TRACE [Prb.cpp, 835] - RxStream contents:01 00 0B 1B 06 03 00 00 B4 FD 0D 
2013/07/16 21:37:47:488 [002068] TRACE [Prb.cpp, 943] - RadioBoardPacket(ACK):01 00 0B 1B 06 03 00 00 B4 FD 0D 
2013/07/16 21:37:47:488 [003720] DEBUG [Prb.cpp, 466] - Write FPGA completed, Address=0x1008, Data=0x01
2013/07/16 21:37:47:570 [002068] TRACE [Prb.cpp, 835] - RxStream contents:01 00 0D 1C 00 00 00 02 09 00 FB C6 0D 
2013/07/16 21:37:47:574 [005996] DEBUG [CommunicationSystem.cpp, 1120] - Calibration complete.
2013/07/16 21:37:47:574 [003720] TRACE [Prb.cpp, 493] - Reading FPGA, Address=0x2012
2013/07/16 21:37:47:575 [003720] TRACE [Prb.cpp, 1035] - ReadFPGAPacket(0x2012):01 00 0C 04 82 00 02 20 12 10 72 0D 
2013/07/16 21:37:47:575 [002068] TRACE [Prb.cpp, 835] - RxStream contents:01 00 0C 1D 06 04 00 01 00 83 CE 0D 
2013/07/16 21:37:47:576 [002068] TRACE [Prb.cpp, 943] - RadioBoardPacket(ACK):01 00 0C 1D 06 04 00 01 00 83 CE 0D 
2013/07/16 21:37:47:577 [003720] DEBUG [Prb.cpp, 512] - Read FPGA completed, Address=0x2012, Data=0x00
2013/07/16 21:37:47:577 [003720] INFO [CommunicationSystem.cpp, 653] - CC1020 Calibration succeeded.
2013/07/16 21:37:47:578 [003720] TRACE [Prb.cpp, 448] - Writing FPGA, Address=0x1006, Data=0x08
2013/07/16 21:37:47:579 [003720] TRACE [Prb.cpp, 1035] - WriteFPGAPacket(0x1006, 0x08):01 00 0D 05 81 00 03 10 06 08 84 86 0D 
2013/07/16 21:37:47:579 [002068] TRACE [Prb.cpp, 835] - RxStream contents:01 00 0B 1E 06 05 00 00 B5 1D 0D 
2013/07/16 21:37:47:580 [002068] TRACE [Prb.cpp, 943] - RadioBoardPacket(ACK):01 00 0B 1E 06 05 00 00 B5 1D 0D 
2013/07/16 21:37:47:580 [003720] DEBUG [Prb.cpp, 466] - Write FPGA completed, Address=0x1006, Data=0x08
2013/07/16 21:37:47:581 [003720] TRACE [Prb.cpp, 493] - Reading FPGA, Address=0x3000
2013/07/16 21:37:47:582 [003720] TRACE [Prb.cpp, 1035] - ReadFPGAPacket(0x3000):01 00 0C 06 82 00 02 30 00 80 1E 0D 
2013/07/16 21:37:47:582 [002068] TRACE [Prb.cpp, 835] - RxStream contents:01 00 0C 1F 06 06 00 01 07 DB DF 0D 
2013/07/16 21:37:47:583 [002068] TRACE [Prb.cpp, 943] - RadioBoardPacket(ACK):01 00 0C 1F 06 06 00 01 07 DB DF 0D 
2013/07/16 21:37:47:583 [003720] DEBUG [Prb.cpp, 512] - Read FPGA completed, Address=0x3000, Data=0x07
2013/07/16 21:37:47:584 [003720] INFO [CommunicationSystem.cpp, 613] - FPGA Revision 7.
2013/07/16 21:37:47:585 [003720] TRACE [Prb.cpp, 584] - Reading CC1020, Address=0x0004
2013/07/16 21:37:47:585 [003720] TRACE [Prb.cpp, 1035] - ReadCC1020Packet(0x04):01 00 0C 07 84 00 02 00 04 59 16 0D 
2013/07/16 21:37:47:585 [002068] TRACE [Prb.cpp, 835] - RxStream contents:01 00 0C 20 06 07 00 01 35 E7 4F 0D 
2013/07/16 21:37:47:586 [002068] TRACE [Prb.cpp, 943] - RadioBoardPacket(ACK):01 00 0C 20 06 07 00 01 35 E7 4F 0D 
2013/07/16 21:37:47:587 [003720] DEBUG [Prb.cpp, 603] - Read CC1020 completed, Address=0x0004, Data=0x35
2013/07/16 21:37:47:588 [003720] INFO [CommunicationSystem.cpp, 614] - CC1020 Frequency 2A 0x35.
2013/07/16 21:37:47:588 [003720] TRACE [Prb.cpp, 584] - Reading CC1020, Address=0x0005
2013/07/16 21:37:47:589 [003720] TRACE [Prb.cpp, 1035] - ReadCC1020Packet(0x05):01 00 0C 08 84 00 02 00 05 F1 1C 0D 
2013/07/16 21:37:47:589 [002068] TRACE [Prb.cpp, 835] - RxStream contents:01 00 0C 21 06 08 00 01 F0 D1 D2 0D 
2013/07/16 21:37:47:590 [002068] TRACE [Prb.cpp, 943] - RadioBoardPacket(ACK):01 00 0C 21 06 08 00 01 F0 D1 D2 0D 
2013/07/16 21:37:47:591 [003720] DEBUG [Prb.cpp, 603] - Read CC1020 completed, Address=0x0005, Data=0xF0
2013/07/16 21:37:47:591 [003720] INFO [CommunicationSystem.cpp, 615] - CC1020 Frequency 1A 0xf0.
2013/07/16 21:37:47:592 [003720] TRACE [Prb.cpp, 584] - Reading CC1020, Address=0x0006
2013/07/16 21:37:47:592 [003720] TRACE [Prb.cpp, 1035] - ReadCC1020Packet(0x06):01 00 0C 09 84 00 02 00 06 09 15 0D 
2013/07/16 21:37:47:592 [002068] TRACE [Prb.cpp, 835] - RxStream contents:01 00 0C 22 06 09 00 01 21 CF 37 0D 
2013/07/16 21:37:47:593 [002068] TRACE [Prb.cpp, 943] - RadioBoardPacket(ACK):01 00 0C 22 06 09 00 01 21 CF 37 0D 
2013/07/16 21:37:47:594 [003720] DEBUG [Prb.cpp, 603] - Read CC1020 completed, Address=0x0006, Data=0x21
2013/07/16 21:37:47:595 [003720] INFO [CommunicationSystem.cpp, 616] - CC1020 Frequency 0A 0x21.
2013/07/16 21:37:47:595 [003720] TRACE [Prb.cpp, 584] - Reading CC1020, Address=0x0008
2013/07/16 21:37:47:596 [003720] TRACE [Prb.cpp, 1035] - ReadCC1020Packet(0x08):01 00 0C 0A 84 00 02 00 08 01 32 0D 
2013/07/16 21:37:47:596 [002068] TRACE [Prb.cpp, 835] - RxStream contents:01 00 0C 23 06 0A 00 01 35 0B 4C 0D 
2013/07/16 21:37:47:597 [002068] TRACE [Prb.cpp, 943] - RadioBoardPacket(ACK):01 00 0C 23 06 0A 00 01 35 0B 4C 0D 
2013/07/16 21:37:47:597 [003720] DEBUG [Prb.cpp, 603] - Read CC1020 completed, Address=0x0008, Data=0x35
2013/07/16 21:37:47:598 [003720] INFO [CommunicationSystem.cpp, 617] - CC1020 Frequency 2B 0x35.
2013/07/16 21:37:47:599 [003720] TRACE [Prb.cpp, 584] - Reading CC1020, Address=0x0009
2013/07/16 21:37:47:599 [003720] TRACE [Prb.cpp, 1035] - ReadCC1020Packet(0x09):01 00 0C 0B 84 00 02 00 09 79 34 0D 
2013/07/16 21:37:47:599 [002068] TRACE [Prb.cpp, 835] - RxStream contents:01 00 0C 24 06 0B 00 01 FA F5 EB 0D 
2013/07/16 21:37:47:600 [002068] TRACE [Prb.cpp, 943] - RadioBoardPacket(ACK):01 00 0C 24 06 0B 00 01 FA F5 EB 0D 
2013/07/16 21:37:47:601 [003720] DEBUG [Prb.cpp, 603] - Read CC1020 completed, Address=0x0009, Data=0xFA
2013/07/16 21:37:47:601 [003720] INFO [CommunicationSystem.cpp, 618] - CC1020 Frequency 1B 0xfa.
2013/07/16 21:37:47:602 [003720] TRACE [Prb.cpp, 584] - Reading CC1020, Address=0x000A
2013/07/16 21:37:47:603 [003720] TRACE [Prb.cpp, 1035] - ReadCC1020Packet(0x0A):01 00 0C 0C 84 00 02 00 0A 11 38 0D 
2013/07/16 21:37:47:603 [002068] TRACE [Prb.cpp, 835] - RxStream contents:01 00 0C 25 06 0C 00 01 CB 61 4E 0D 
2013/07/16 21:37:47:604 [002068] TRACE [Prb.cpp, 943] - RadioBoardPacket(ACK):01 00 0C 25 06 0C 00 01 CB 61 4E 0D 
2013/07/16 21:37:47:604 [003720] DEBUG [Prb.cpp, 603] - Read CC1020 completed, Address=0x000A, Data=0xCB
2013/07/16 21:37:47:605 [003720] INFO [CommunicationSystem.cpp, 619] - CC1020 Frequency 0B 0xcb.
2013/07/16 21:37:47:606 [003720] DEBUG [Prb.cpp, 650] - Read EEPROM completed, Address=0x060A, Data=0x00
2013/07/16 21:37:47:606 [003720] INFO [CommunicationSystem.cpp, 620] - RSSI Calibration Reference Center Channel 0.
2013/07/16 21:37:47:607 [003720] TRACE [Prb.cpp, 493] - Reading FPGA, Address=0x3054
2013/07/16 21:37:47:608 [003720] TRACE [Prb.cpp, 1035] - ReadFPGAPacket(0x3054):01 00 0C 0D 82 00 02 30 54 C9 EC 0D 
2013/07/16 21:37:47:608 [002068] TRACE [Prb.cpp, 835] - RxStream contents:01 00 0C 26 06 0D 00 01 07 7F E5 0D 
2013/07/16 21:37:47:609 [002068] TRACE [Prb.cpp, 943] - RadioBoardPacket(ACK):01 00 0C 26 06 0D 00 01 07 7F E5 0D 
2013/07/16 21:37:47:609 [003720] DEBUG [Prb.cpp, 512] - Read FPGA completed, Address=0x3054, Data=0x07
2013/07/16 21:37:47:610 [003720] INFO [CommunicationSystem.cpp, 621] - CC1020 PA_POWER 0x7.
2013/07/16 21:37:47:610 [003720] TRACE [Prb.cpp, 584] - Reading CC1020, Address=0x001C
2013/07/16 21:37:47:611 [003720] TRACE [Prb.cpp, 1035] - ReadCC1020Packet(0x1C):01 00 0C 0E 84 00 02 00 1C E1 4C 0D 
2013/07/16 21:37:47:611 [002068] TRACE [Prb.cpp, 835] - RxStream contents:01 00 0C 27 06 0E 00 01 07 BB E6 0D 
2013/07/16 21:37:47:612 [002068] TRACE [Prb.cpp, 943] - RadioBoardPacket(ACK):01 00 0C 27 06 0E 00 01 07 BB E6 0D 
2013/07/16 21:37:47:612 [003720] DEBUG [Prb.cpp, 603] - Read CC1020 completed, Address=0x001C, Data=0x07
2013/07/16 21:37:47:613 [003720] INFO [CommunicationSystem.cpp, 622] - CC1020 Transmit Power 0x7.
2013/07/16 21:37:47:613 [003720] TRACE [Prb.cpp, 493] - Reading FPGA, Address=0x3014
2013/07/16 21:37:47:614 [003720] TRACE [Prb.cpp, 1035] - ReadFPGAPacket(0x3014):01 00 0C 0F 82 00 02 30 14 38 6C 0D 
2013/07/16 21:37:47:614 [002068] TRACE [Prb.cpp, 835] - RxStream contents:01 00 0C 28 06 0F 00 01 00 87 FB 0D 
2013/07/16 21:37:47:615 [002068] TRACE [Prb.cpp, 943] - RadioBoardPacket(ACK):01 00 0C 28 06 0F 00 01 00 87 FB 0D 
2013/07/16 21:37:47:615 [003720] DEBUG [Prb.cpp, 512] - Read FPGA completed, Address=0x3014, Data=0x00
2013/07/16 21:37:47:616 [003720] INFO [CommunicationSystem.cpp, 623] - Low Noise Amplifier Circumvented 0.
2013/07/16 21:37:47:616 [003720] TRACE [Prb.cpp, 584] - Reading CC1020, Address=0x0001
2013/07/16 21:37:47:617 [003720] TRACE [Prb.cpp, 1035] - ReadCC1020Packet(0x01):01 00 0C 10 84 00 02 00 01 B1 1C 0D 
2013/07/16 21:37:47:617 [002068] TRACE [Prb.cpp, 835] - RxStream contents:01 00 0C 29 06 10 00 01 0F F3 DC 0D 
2013/07/16 21:37:47:618 [002068] TRACE [Prb.cpp, 943] - RadioBoardPacket(ACK):01 00 0C 29 06 10 00 01 0F F3 DC 0D 
2013/07/16 21:37:47:618 [003720] DEBUG [Prb.cpp, 603] - Read CC1020 completed, Address=0x0001, Data=0x0F
2013/07/16 21:37:47:619 [003720] INFO [CommunicationSystem.cpp, 624] - Low Noise Amplifier 0xf.
2013/07/16 21:37:47:619 [003720] TRACE [Prb.cpp, 493] - Reading FPGA, Address=0x1006
2013/07/16 21:37:47:620 [003720] TRACE [Prb.cpp, 1035] - ReadFPGAPacket(0x1006):01 00 0C 11 82 00 02 10 06 28 1D 0D 
2013/07/16 21:37:47:620 [002068] TRACE [Prb.cpp, 835] - RxStream contents:01 00 0C 2A 06 11 00 01 08 6F CE 0D 
2013/07/16 21:37:47:621 [002068] TRACE [Prb.cpp, 943] - RadioBoardPacket(ACK):01 00 0C 2A 06 11 00 01 08 6F CE 0D 
2013/07/16 21:37:47:621 [003720] DEBUG [Prb.cpp, 512] - Read FPGA completed, Address=0x1006, Data=0x08
2013/07/16 21:37:47:622 [003720] INFO [CommunicationSystem.cpp, 625] - Allowed Framing Errors 8.
2013/07/16 21:37:47:625 [003720] INFO [CrossTalkDetector.cpp, 28] - LinkThreshold = 8
2013/07/16 21:37:47:625 [003720] INFO [CrossTalkDetector.cpp, 14] - EnterCrossTalkThreshold = 8
2013/07/16 21:37:47:626 [003720] INFO [CrossTalkDetector.cpp, 21] - LeaveCrossTalkThreshold = 4
2013/07/16 21:37:47:634 [007672] TRACE [Prb.cpp, 493] - Reading FPGA, Address=0x3000
2013/07/16 21:37:47:635 [007672] TRACE [Prb.cpp, 1035] - ReadFPGAPacket(0x3000):01 00 0C 12 82 00 02 30 00 E0 0A 0D 
2013/07/16 21:37:47:635 [002068] TRACE [Prb.cpp, 835] - RxStream contents:01 00 0C 2B 06 12 00 01 07 AB EF 0D 
2013/07/16 21:37:47:637 [002068] TRACE [Prb.cpp, 943] - RadioBoardPacket(ACK):01 00 0C 2B 06 12 00 01 07 AB EF 0D 
2013/07/16 21:37:47:637 [007672] DEBUG [Prb.cpp, 512] - Read FPGA completed, Address=0x3000, Data=0x07
2013/07/16 21:37:47:638 [007672] TRACE [Prb.cpp, 539] - Writing CC1020, Address=0x001C, Data=0x07
2013/07/16 21:37:47:639 [007672] TRACE [Prb.cpp, 1035] - WriteCC1020Packet(0x1C, 0x07):01 00 0D 13 83 00 03 00 1C 07 3E 84 0D 
2013/07/16 21:37:47:639 [002068] TRACE [Prb.cpp, 835] - RxStream contents:01 00 0B 2C 06 13 00 00 BC 55 0D 
2013/07/16 21:37:47:640 [002068] TRACE [Prb.cpp, 943] - RadioBoardPacket(ACK):01 00 0B 2C 06 13 00 00 BC 55 0D 
2013/07/16 21:37:47:641 [007672] DEBUG [Prb.cpp, 557] - Write CC1020 completed, Address=0x001C, Data=0x07
2013/07/16 21:37:47:669 [003720] TRACE [Prb.cpp, 493] - Reading FPGA, Address=0x3000
2013/07/16 21:37:47:670 [003720] TRACE [Prb.cpp, 1035] - ReadFPGAPacket(0x3000):01 00 0C 14 82 00 02 30 00 70 0F 0D 
2013/07/16 21:37:47:670 [002068] TRACE [Prb.cpp, 835] - RxStream contents:01 00 0C 2D 06 14 00 01 07 43 EA 0D 
2013/07/16 21:37:47:671 [002068] TRACE [Prb.cpp, 943] - RadioBoardPacket(ACK):01 00 0C 2D 06 14 00 01 07 43 EA 0D 
2013/07/16 21:37:47:672 [003720] DEBUG [Prb.cpp, 512] - Read FPGA completed, Address=0x3000, Data=0x07
2013/07/16 21:37:47:680 [003720] INFO [CommunicationSystem.cpp, 640] - Calibrating the PRB CC1020.
2013/07/16 21:37:47:681 [003720] TRACE [Prb.cpp, 448] - Writing FPGA, Address=0x1008, Data=0x01
2013/07/16 21:37:47:681 [003720] TRACE [Prb.cpp, 1035] - WriteFPGAPacket(0x1008, 0x01):01 00 0D 15 81 00 03 10 08 01 B1 B0 0D 
2013/07/16 21:37:47:681 [002068] TRACE [Prb.cpp, 835] - RxStream contents:01 00 0B 2E 06 15 00 00 3C DE 0D 
2013/07/16 21:37:47:683 [002068] TRACE [Prb.cpp, 943] - RadioBoardPacket(ACK):01 00 0B 2E 06 15 00 00 3C DE 0D 
2013/07/16 21:37:47:683 [003720] DEBUG [Prb.cpp, 466] - Write FPGA completed, Address=0x1008, Data=0x01
2013/07/16 21:37:47:765 [002068] TRACE [Prb.cpp, 835] - RxStream contents:01 00 0D 2F 00 00 00 02 09 00 CB F6 0D 
2013/07/16 21:37:47:769 [005996] DEBUG [CommunicationSystem.cpp, 1120] - Calibration complete.
2013/07/16 21:37:47:769 [003720] TRACE [Prb.cpp, 493] - Reading FPGA, Address=0x2012
2013/07/16 21:37:47:770 [003720] TRACE [Prb.cpp, 1035] - ReadFPGAPacket(0x2012):01 00 0C 16 82 00 02 20 12 E0 63 0D 
2013/07/16 21:37:47:770 [002068] TRACE [Prb.cpp, 835] - RxStream contents:01 00 0C 30 06 16 00 01 00 B3 E6 0D 
2013/07/16 21:37:47:771 [002068] TRACE [Prb.cpp, 943] - RadioBoardPacket(ACK):01 00 0C 30 06 16 00 01 00 B3 E6 0D 
2013/07/16 21:37:47:772 [003720] DEBUG [Prb.cpp, 512] - Read FPGA completed, Address=0x2012, Data=0x00
2013/07/16 21:37:47:772 [003720] INFO [CommunicationSystem.cpp, 653] - CC1020 Calibration succeeded.
2013/07/16 21:37:47:778 [003720] TRACE [Prb.cpp, 584] - Reading CC1020, Address=0x0004
2013/07/16 21:37:47:779 [003720] TRACE [Prb.cpp, 1035] - ReadCC1020Packet(0x04):01 00 0C 17 84 00 02 00 04 D9 04 0D 
2013/07/16 21:37:47:779 [002068] TRACE [Prb.cpp, 835] - RxStream contents:01 00 0C 31 06 17 00 01 35 DF 58 0D 
2013/07/16 21:37:47:780 [002068] TRACE [Prb.cpp, 943] - RadioBoardPacket(ACK):01 00 0C 31 06 17 00 01 35 DF 58 0D 
2013/07/16 21:37:47:781 [003720] DEBUG [Prb.cpp, 603] - Read CC1020 completed, Address=0x0004, Data=0x35
2013/07/16 21:37:47:782 [003720] TRACE [Prb.cpp, 584] - Reading CC1020, Address=0x0005
2013/07/16 21:37:47:783 [003720] TRACE [Prb.cpp, 1035] - ReadCC1020Packet(0x05):01 00 0C 18 84 00 02 00 05 71 0E 0D 
2013/07/16 21:37:47:783 [002068] TRACE [Prb.cpp, 835] - RxStream contents:01 00 0C 32 06 18 00 01 F0 99 C6 0D 
2013/07/16 21:37:47:784 [002068] TRACE [Prb.cpp, 943] - RadioBoardPacket(ACK):01 00 0C 32 06 18 00 01 F0 99 C6 0D 
2013/07/16 21:37:47:785 [003720] DEBUG [Prb.cpp, 603] - Read CC1020 completed, Address=0x0005, Data=0xF0
2013/07/16 21:37:47:786 [003720] TRACE [Prb.cpp, 584] - Reading CC1020, Address=0x0006
2013/07/16 21:37:47:787 [003720] TRACE [Prb.cpp, 1035] - ReadCC1020Packet(0x06):01 00 0C 19 84 00 02 00 06 89 07 0D 
2013/07/16 21:37:47:787 [002068] TRACE [Prb.cpp, 835] - RxStream contents:01 00 0C 33 06 19 00 01 21 F7 20 0D 
2013/07/16 21:37:47:788 [002068] TRACE [Prb.cpp, 943] - RadioBoardPacket(ACK):01 00 0C 33 06 19 00 01 21 F7 20 0D 
2013/07/16 21:37:47:788 [003720] DEBUG [Prb.cpp, 603] - Read CC1020 completed, Address=0x0006, Data=0x21
2013/07/16 21:37:47:790 [003720] TRACE [Prb.cpp, 584] - Reading CC1020, Address=0x0007
2013/07/16 21:37:47:790 [003720] TRACE [Prb.cpp, 1035] - ReadCC1020Packet(0x07):01 00 0C 1A 84 00 02 00 07 81 02 0D 
2013/07/16 21:37:47:791 [002068] TRACE [Prb.cpp, 835] - RxStream contents:01 00 0C 34 06 1A 00 01 38 23 73 0D 
2013/07/16 21:37:47:792 [002068] TRACE [Prb.cpp, 943] - RadioBoardPacket(ACK):01 00 0C 34 06 1A 00 01 38 23 73 0D 
2013/07/16 21:37:47:792 [003720] DEBUG [Prb.cpp, 603] - Read CC1020 completed, Address=0x0007, Data=0x38
2013/07/16 21:37:47:793 [003720] TRACE [Prb.cpp, 584] - Reading CC1020, Address=0x0008
2013/07/16 21:37:47:794 [003720] TRACE [Prb.cpp, 1035] - ReadCC1020Packet(0x08):01 00 0C 1B 84 00 02 00 08 79 23 0D 
2013/07/16 21:37:47:794 [002068] TRACE [Prb.cpp, 835] - RxStream contents:01 00 0C 35 06 1B 00 01 35 CF 5E 0D 
2013/07/16 21:37:47:795 [002068] TRACE [Prb.cpp, 943] - RadioBoardPacket(ACK):01 00 0C 35 06 1B 00 01 35 CF 5E 0D 
2013/07/16 21:37:47:796 [003720] DEBUG [Prb.cpp, 603] - Read CC1020 completed, Address=0x0008, Data=0x35
2013/07/16 21:37:47:797 [003720] TRACE [Prb.cpp, 584] - Reading CC1020, Address=0x0009
2013/07/16 21:37:47:798 [003720] TRACE [Prb.cpp, 1035] - ReadCC1020Packet(0x09):01 00 0C 1C 84 00 02 00 09 91 20 0D 
2013/07/16 21:37:47:798 [002068] TRACE [Prb.cpp, 835] - RxStream contents:01 00 0C 36 06 1C 00 01 FA A9 FF 0D 
2013/07/16 21:37:47:799 [002068] TRACE [Prb.cpp, 943] - RadioBoardPacket(ACK):01 00 0C 36 06 1C 00 01 FA A9 FF 0D 
2013/07/16 21:37:47:799 [003720] DEBUG [Prb.cpp, 603] - Read CC1020 completed, Address=0x0009, Data=0xFA
2013/07/16 21:37:47:800 [003720] TRACE [Prb.cpp, 584] - Reading CC1020, Address=0x000A
2013/07/16 21:37:47:801 [003720] TRACE [Prb.cpp, 1035] - ReadCC1020Packet(0x0A):01 00 0C 1D 84 00 02 00 0A 69 29 0D 
2013/07/16 21:37:47:801 [002068] TRACE [Prb.cpp, 835] - RxStream contents:01 00 0C 37 06 1D 00 01 CB 45 5A 0D 
2013/07/16 21:37:47:802 [002068] TRACE [Prb.cpp, 943] - RadioBoardPacket(ACK):01 00 0C 37 06 1D 00 01 CB 45 5A 0D 
2013/07/16 21:37:47:803 [003720] DEBUG [Prb.cpp, 603] - Read CC1020 completed, Address=0x000A, Data=0xCB
2013/07/16 21:37:47:804 [003720] TRACE [Prb.cpp, 584] - Reading CC1020, Address=0x000B
2013/07/16 21:37:47:805 [003720] TRACE [Prb.cpp, 1035] - ReadCC1020Packet(0x0B):01 00 0C 1E 84 00 02 00 0B 61 2C 0D 
2013/07/16 21:37:47:805 [002068] TRACE [Prb.cpp, 835] - RxStream contents:01 00 0C 38 06 1E 00 01 38 53 7F 0D 
2013/07/16 21:37:47:806 [002068] TRACE [Prb.cpp, 943] - RadioBoardPacket(ACK):01 00 0C 38 06 1E 00 01 38 53 7F 0D 
2013/07/16 21:37:47:806 [003720] DEBUG [Prb.cpp, 603] - Read CC1020 completed, Address=0x000B, Data=0x38
2013/07/16 21:37:47:807 [003720] TRACE [Prb.cpp, 584] - Reading CC1020, Address=0x001D
2013/07/16 21:37:47:808 [003720] TRACE [Prb.cpp, 1035] - ReadCC1020Packet(0x1D):01 00 0C 1F 84 00 02 00 1D 19 58 0D 
2013/07/16 21:37:47:808 [002068] TRACE [Prb.cpp, 835] - RxStream contents:01 00 0C 39 06 1F 00 01 00 BF EC 0D 
2013/07/16 21:37:47:809 [002068] TRACE [Prb.cpp, 943] - RadioBoardPacket(ACK):01 00 0C 39 06 1F 00 01 00 BF EC 0D 
2013/07/16 21:37:47:809 [003720] DEBUG [Prb.cpp, 603] - Read CC1020 completed, Address=0x001D, Data=0x00
2013/07/16 21:37:47:811 [003720] TRACE [Prb.cpp, 584] - Reading CC1020, Address=0x0045
2013/07/16 21:37:47:811 [003720] TRACE [Prb.cpp, 1035] - ReadCC1020Packet(0x45):01 00 0C 20 84 00 02 00 45 B0 B7 0D 
2013/07/16 21:37:47:811 [002068] TRACE [Prb.cpp, 835] - RxStream contents:01 00 0C 3A 06 20 00 01 4C BA 4D 0D 
2013/07/16 21:37:47:812 [002068] TRACE [Prb.cpp, 943] - RadioBoardPacket(ACK):01 00 0C 3A 06 20 00 01 4C BA 4D 0D 
2013/07/16 21:37:47:813 [003720] DEBUG [Prb.cpp, 603] - Read CC1020 completed, Address=0x0045, Data=0x4C
2013/07/16 21:37:47:814 [003720] TRACE [Prb.cpp, 584] - Reading CC1020, Address=0x0046
2013/07/16 21:37:47:815 [003720] TRACE [Prb.cpp, 1035] - ReadCC1020Packet(0x46):01 00 0C 21 84 00 02 00 46 48 BE 0D 
2013/07/16 21:37:47:815 [002068] TRACE [Prb.cpp, 835] - RxStream contents:01 00 0C 3B 06 21 00 01 66 56 B2 0D 
2013/07/16 21:37:47:816 [002068] TRACE [Prb.cpp, 943] - RadioBoardPacket(ACK):01 00 0C 3B 06 21 00 01 66 56 B2 0D 
2013/07/16 21:37:47:816 [003720] DEBUG [Prb.cpp, 603] - Read CC1020 completed, Address=0x0046, Data=0x66
2013/07/16 21:37:47:818 [003720] TRACE [Prb.cpp, 584] - Reading CC1020, Address=0x0047
2013/07/16 21:37:47:818 [003720] TRACE [Prb.cpp, 1035] - ReadCC1020Packet(0x47):01 00 0C 22 84 00 02 00 47 40 BB 0D 
2013/07/16 21:37:47:818 [002068] TRACE [Prb.cpp, 835] - RxStream contents:01 00 0C 3C 06 22 00 01 44 02 78 0D 
2013/07/16 21:37:47:819 [002068] TRACE [Prb.cpp, 943] - RadioBoardPacket(ACK):01 00 0C 3C 06 22 00 01 44 02 78 0D 
2013/07/16 21:37:47:820 [003720] DEBUG [Prb.cpp, 603] - Read CC1020 completed, Address=0x0047, Data=0x44
2013/07/16 21:37:47:827 [003720] TRACE [Prb.cpp, 493] - Reading FPGA, Address=0x305E
2013/07/16 21:37:47:828 [003720] TRACE [Prb.cpp, 1035] - ReadFPGAPacket(0x305E):01 00 0C 23 82 00 02 30 5E 99 FD 0D 
2013/07/16 21:37:47:828 [002068] TRACE [Prb.cpp, 835] - RxStream contents:01 00 0C 3D 06 23 00 01 00 6F E0 0D 
2013/07/16 21:37:47:829 [002068] TRACE [Prb.cpp, 943] - RadioBoardPacket(ACK):01 00 0C 3D 06 23 00 01 00 6F E0 0D 
2013/07/16 21:37:47:830 [003720] DEBUG [Prb.cpp, 512] - Read FPGA completed, Address=0x305E, Data=0x00
2013/07/16 21:37:47:831 [003720] TRACE [Prb.cpp, 493] - Reading FPGA, Address=0x3060
2013/07/16 21:37:47:831 [003720] TRACE [Prb.cpp, 1035] - ReadFPGAPacket(0x3060):01 00 0C 24 82 00 02 30 60 71 7C 0D 
2013/07/16 21:37:47:832 [002068] TRACE [Prb.cpp, 835] - RxStream contents:01 00 0C 3E 06 24 00 01 00 0B E3 0D 
2013/07/16 21:37:47:833 [002068] TRACE [Prb.cpp, 943] - RadioBoardPacket(ACK):01 00 0C 3E 06 24 00 01 00 0B E3 0D 
2013/07/16 21:37:47:833 [003720] DEBUG [Prb.cpp, 512] - Read FPGA completed, Address=0x3060, Data=0x00
2013/07/16 21:37:47:834 [003720] TRACE [Prb.cpp, 493] - Reading FPGA, Address=0x3062
2013/07/16 21:37:47:834 [003720] TRACE [Prb.cpp, 1035] - ReadFPGAPacket(0x3062):01 00 0C 25 82 00 02 30 62 09 70 0D 
2013/07/16 21:37:47:835 [002068] TRACE [Prb.cpp, 835] - RxStream contents:01 00 0C 3F 06 25 00 01 00 67 E3 0D 
2013/07/16 21:37:47:836 [002068] TRACE [Prb.cpp, 943] - RadioBoardPacket(ACK):01 00 0C 3F 06 25 00 01 00 67 E3 0D 
2013/07/16 21:37:47:836 [003720] DEBUG [Prb.cpp, 512] - Read FPGA completed, Address=0x3062, Data=0x00
2013/07/16 21:37:47:841 [003720] TRACE [Prb.cpp, 493] - Reading FPGA, Address=0x3066
2013/07/16 21:37:47:841 [003720] TRACE [Prb.cpp, 1035] - ReadFPGAPacket(0x3066):01 00 0C 26 82 00 02 30 66 01 6B 0D 
2013/07/16 21:37:47:841 [002068] TRACE [Prb.cpp, 835] - RxStream contents:01 00 0C 40 06 26 00 01 00 F3 98 0D 
2013/07/16 21:37:47:842 [002068] TRACE [Prb.cpp, 943] - RadioBoardPacket(ACK):01 00 0C 40 06 26 00 01 00 F3 98 0D 
2013/07/16 21:37:47:843 [003720] DEBUG [Prb.cpp, 512] - Read FPGA completed, Address=0x3066, Data=0x00
2013/07/16 21:37:47:844 [003720] TRACE [Prb.cpp, 493] - Reading FPGA, Address=0x3068
2013/07/16 21:37:47:844 [003720] TRACE [Prb.cpp, 1035] - ReadFPGAPacket(0x3068):01 00 0C 27 82 00 02 30 68 79 4F 0D 
2013/07/16 21:37:47:844 [002068] TRACE [Prb.cpp, 835] - RxStream contents:01 00 0C 41 06 27 00 01 00 9F 98 0D 
2013/07/16 21:37:47:845 [002068] TRACE [Prb.cpp, 943] - RadioBoardPacket(ACK):01 00 0C 41 06 27 00 01 00 9F 98 0D 
2013/07/16 21:37:47:846 [003720] DEBUG [Prb.cpp, 512] - Read FPGA completed, Address=0x3068, Data=0x00
2013/07/16 21:37:47:846 [003720] TRACE [Prb.cpp, 493] - Reading FPGA, Address=0x306A
2013/07/16 21:37:47:847 [003720] TRACE [Prb.cpp, 1035] - ReadFPGAPacket(0x306A):01 00 0C 28 82 00 02 30 6A D1 4F 0D 
2013/07/16 21:37:47:847 [002068] TRACE [Prb.cpp, 835] - RxStream contents:01 00 0C 42 06 28 00 01 00 DB 98 0D 
2013/07/16 21:37:47:848 [002068] TRACE [Prb.cpp, 943] - RadioBoardPacket(ACK):01 00 0C 42 06 28 00 01 00 DB 98 0D 
2013/07/16 21:37:47:848 [003720] DEBUG [Prb.cpp, 512] - Read FPGA completed, Address=0x306A, Data=0x00
2013/07/16 21:37:47:851 [003720] TRACE [Prb.cpp, 448] - Writing FPGA, Address=0x1026, Data=0x01
2013/07/16 21:37:47:851 [003720] TRACE [Prb.cpp, 1035] - WriteFPGAPacket(0x1026, 0x01):01 00 0D 29 81 00 03 10 26 01 6A 70 0D 
2013/07/16 21:37:47:851 [002068] TRACE [Prb.cpp, 835] - RxStream contents:01 00 0B 43 06 29 00 00 AC B5 0D 
2013/07/16 21:37:47:852 [002068] TRACE [Prb.cpp, 943] - RadioBoardPacket(ACK):01 00 0B 43 06 29 00 00 AC B5 0D 
2013/07/16 21:37:47:853 [003720] DEBUG [Prb.cpp, 466] - Write FPGA completed, Address=0x1026, Data=0x01
2013/07/16 21:37:47:860 [007672] TRACE [Prb.cpp, 539] - Writing CC1020, Address=0x001C, Data=0x07
2013/07/16 21:37:47:861 [007672] TRACE [Prb.cpp, 1035] - WriteCC1020Packet(0x1C, 0x07):01 00 0D 2A 83 00 03 00 1C 07 04 14 0D 
2013/07/16 21:37:47:861 [002068] TRACE [Prb.cpp, 835] - RxStream contents:01 00 0B 44 06 2A 00 00 2D E2 0D 
2013/07/16 21:37:47:862 [002068] TRACE [Prb.cpp, 943] - RadioBoardPacket(ACK):01 00 0B 44 06 2A 00 00 2D E2 0D 
2013/07/16 21:37:47:863 [007672] DEBUG [Prb.cpp, 557] - Write CC1020 completed, Address=0x001C, Data=0x07
2013/07/16 21:37:47:864 [007672] TRACE [Prb.cpp, 448] - Writing FPGA, Address=0x3012, Data=0x01
2013/07/16 21:37:47:865 [007672] TRACE [Prb.cpp, 1035] - WriteFPGAPacket(0x3012, 0x01):01 00 0D 2B 81 00 03 30 12 01 52 D3 0D 
2013/07/16 21:37:47:865 [002068] TRACE [Prb.cpp, 835] - RxStream contents:01 00 0B 45 06 2B 00 00 2D 8E 0D 
2013/07/16 21:37:47:866 [002068] TRACE [Prb.cpp, 943] - RadioBoardPacket(ACK):01 00 0B 45 06 2B 00 00 2D 8E 0D 
2013/07/16 21:37:47:867 [007672] DEBUG [Prb.cpp, 466] - Write FPGA completed, Address=0x3012, Data=0x01
2013/07/16 21:37:47:867 [007672] TRACE [Prb.cpp, 493] - Reading FPGA, Address=0x1004
2013/07/16 21:37:47:868 [007672] TRACE [Prb.cpp, 1035] - ReadFPGAPacket(0x1004):01 00 0C 2C 82 00 02 10 04 F0 2D 0D 
2013/07/16 21:37:47:868 [002068] TRACE [Prb.cpp, 835] - RxStream contents:01 00 0C 46 06 2C 00 01 00 EB 9D 0D 
2013/07/16 21:37:47:869 [002068] TRACE [Prb.cpp, 943] - RadioBoardPacket(ACK):01 00 0C 46 06 2C 00 01 00 EB 9D 0D 
2013/07/16 21:37:47:870 [007672] DEBUG [Prb.cpp, 512] - Read FPGA completed, Address=0x1004, Data=0x00
2013/07/16 21:37:47:870 [007672] TRACE [Prb.cpp, 448] - Writing FPGA, Address=0x1004, Data=0x00
2013/07/16 21:37:47:871 [007672] TRACE [Prb.cpp, 1035] - WriteFPGAPacket(0x1004, 0x00):01 00 0D 2D 81 00 03 10 04 00 A2 36 0D 
2013/07/16 21:37:47:871 [002068] TRACE [Prb.cpp, 835] - RxStream contents:01 00 0B 47 06 2D 00 00 AD 05 0D 
2013/07/16 21:37:47:872 [002068] TRACE [Prb.cpp, 943] - RadioBoardPacket(ACK):01 00 0B 47 06 2D 00 00 AD 05 0D 
2013/07/16 21:37:47:872 [007672] DEBUG [Prb.cpp, 466] - Write FPGA completed, Address=0x1004, Data=0x00
2013/07/16 21:37:47:875 [007412] INFO [CommunicationSystemStates.cpp, 130] - Scan requested. Preamble Burst Duration: 9 seconds. Preamble Burst Data Rate: 2.
2013/07/16 21:37:47:875 [007412] TRACE [Prb.cpp, 448] - Writing FPGA, Address=0x1002, Data=0x09
2013/07/16 21:37:47:876 [007412] TRACE [Prb.cpp, 1035] - WriteFPGAPacket(0x1002, 0x09):01 00 0D 2E 81 00 03 10 02 09 B5 30 0D 
2013/07/16 21:37:47:876 [002068] TRACE [Prb.cpp, 835] - RxStream contents:01 00 0B 48 06 2E 00 00 AF 91 0D 
2013/07/16 21:37:47:877 [002068] TRACE [Prb.cpp, 943] - RadioBoardPacket(ACK):01 00 0B 48 06 2E 00 00 AF 91 0D 
2013/07/16 21:37:47:878 [007412] DEBUG [Prb.cpp, 466] - Write FPGA completed, Address=0x1002, Data=0x09
2013/07/16 21:37:47:878 [007412] TRACE [Prb.cpp, 493] - Reading FPGA, Address=0x1004
2013/07/16 21:37:47:879 [002068] TRACE [Prb.cpp, 835] - RxStream contents:01 00 0C 49 06 2F 00 01 00 FF 92 0D 
2013/07/16 21:37:47:879 [007412] TRACE [Prb.cpp, 1035] - ReadFPGAPacket(0x1004):01 00 0C 2F 82 00 02 10 04 78 2D 0D 
2013/07/16 21:37:47:880 [002068] TRACE [Prb.cpp, 943] - RadioBoardPacket(ACK):01 00 0C 49 06 2F 00 01 00 FF 92 0D 
2013/07/16 21:37:47:881 [007412] DEBUG [Prb.cpp, 512] - Read FPGA completed, Address=0x1004, Data=0x00
2013/07/16 21:37:47:881 [007412] TRACE [Prb.cpp, 448] - Writing FPGA, Address=0x1004, Data=0x08
2013/07/16 21:37:47:882 [007412] TRACE [Prb.cpp, 1035] - WriteFPGAPacket(0x1004, 0x08):01 00 0D 30 81 00 03 10 04 08 3E D5 0D 
2013/07/16 21:37:47:882 [002068] TRACE [Prb.cpp, 835] - RxStream contents:01 00 0B 4A 06 30 00 00 2E FA 0D 
2013/07/16 21:37:47:883 [002068] TRACE [Prb.cpp, 943] - RadioBoardPacket(ACK):01 00 0B 4A 06 30 00 00 2E FA 0D 
2013/07/16 21:37:47:883 [007412] DEBUG [Prb.cpp, 466] - Write FPGA completed, Address=0x1004, Data=0x08
2013/07/16 21:37:47:884 [007412] TRACE [Prb.cpp, 448] - Writing FPGA, Address=0x1008, Data=0x02
2013/07/16 21:37:47:884 [007412] TRACE [Prb.cpp, 1035] - WriteFPGAPacket(0x1008, 0x02):01 00 0D 31 81 00 03 10 08 02 97 FA 0D 
2013/07/16 21:37:47:884 [002068] TRACE [Prb.cpp, 835] - RxStream contents:01 00 0B 4B 06 31 00 00 2E 96 0D 
2013/07/16 21:37:47:885 [002068] TRACE [Prb.cpp, 943] - RadioBoardPacket(ACK):01 00 0B 4B 06 31 00 00 2E 96 0D 
2013/07/16 21:37:47:886 [007412] DEBUG [Prb.cpp, 466] - Write FPGA completed, Address=0x1008, Data=0x02
2013/07/16 21:37:59:012 [005996] INFO [CommunicationSystemStates.cpp, 168] - Scan complete
2013/07/16 21:37:59:013 [005996] TRACE [Prb.cpp, 584] - Reading CC1020, Address=0x0004
2013/07/16 21:37:59:014 [005996] TRACE [Prb.cpp, 1035] - ReadCC1020Packet(0x04):01 00 0C 32 84 00 02 00 04 41 20 0D 
2013/07/16 21:37:59:014 [002068] TRACE [Prb.cpp, 835] - RxStream contents:01 00 0C 4D 06 32 00 01 35 3B 2F 0D 
2013/07/16 21:37:59:015 [002068] TRACE [Prb.cpp, 943] - RadioBoardPacket(ACK):01 00 0C 4D 06 32 00 01 35 3B 2F 0D 
2013/07/16 21:37:59:016 [005996] DEBUG [Prb.cpp, 603] - Read CC1020 completed, Address=0x0004, Data=0x35
2013/07/16 21:37:59:017 [005996] TRACE [Prb.cpp, 584] - Reading CC1020, Address=0x0005
2013/07/16 21:37:59:017 [005996] TRACE [Prb.cpp, 1035] - ReadCC1020Packet(0x05):01 00 0C 33 84 00 02 00 05 39 26 0D 
2013/07/16 21:37:59:017 [002068] TRACE [Prb.cpp, 835] - RxStream contents:01 00 0C 4E 06 33 00 01 F0 25 B2 0D 
2013/07/16 21:37:59:018 [002068] TRACE [Prb.cpp, 943] - RadioBoardPacket(ACK):01 00 0C 4E 06 33 00 01 F0 25 B2 0D 
2013/07/16 21:37:59:019 [005996] DEBUG [Prb.cpp, 603] - Read CC1020 completed, Address=0x0005, Data=0xF0
2013/07/16 21:37:59:020 [005996] TRACE [Prb.cpp, 584] - Reading CC1020, Address=0x0006
2013/07/16 21:37:59:020 [005996] TRACE [Prb.cpp, 1035] - ReadCC1020Packet(0x06):01 00 0C 34 84 00 02 00 06 51 2A 0D 
2013/07/16 21:37:59:020 [002068] TRACE [Prb.cpp, 835] - RxStream contents:01 00 0C 4F 06 34 00 01 21 33 54 0D 
2013/07/16 21:37:59:021 [002068] TRACE [Prb.cpp, 943] - RadioBoardPacket(ACK):01 00 0C 4F 06 34 00 01 21 33 54 0D 
2013/07/16 21:37:59:022 [005996] DEBUG [Prb.cpp, 603] - Read CC1020 completed, Address=0x0006, Data=0x21
2013/07/16 21:37:59:023 [005996] TRACE [Prb.cpp, 584] - Reading CC1020, Address=0x0008
2013/07/16 21:37:59:023 [005996] TRACE [Prb.cpp, 1035] - ReadCC1020Packet(0x08):01 00 0C 35 84 00 02 00 08 29 0E 0D 
2013/07/16 21:37:59:023 [002068] TRACE [Prb.cpp, 835] - RxStream contents:01 00 0C 50 06 35 00 01 35 0F 32 0D 
2013/07/16 21:37:59:024 [002068] TRACE [Prb.cpp, 943] - RadioBoardPacket(ACK):01 00 0C 50 06 35 00 01 35 0F 32 0D 
2013/07/16 21:37:59:025 [005996] DEBUG [Prb.cpp, 603] - Read CC1020 completed, Address=0x0008, Data=0x35
2013/07/16 21:37:59:025 [005996] TRACE [Prb.cpp, 584] - Reading CC1020, Address=0x0009
2013/07/16 21:37:59:026 [005996] TRACE [Prb.cpp, 1035] - ReadCC1020Packet(0x09):01 00 0C 36 84 00 02 00 09 21 0B 0D 
2013/07/16 21:37:59:026 [002068] TRACE [Prb.cpp, 835] - RxStream contents:01 00 0C 51 06 36 00 01 FA C9 93 0D 
2013/07/16 21:37:59:027 [002068] TRACE [Prb.cpp, 943] - RadioBoardPacket(ACK):01 00 0C 51 06 36 00 01 FA C9 93 0D 
2013/07/16 21:37:59:027 [005996] DEBUG [Prb.cpp, 603] - Read CC1020 completed, Address=0x0009, Data=0xFA
2013/07/16 21:37:59:028 [005996] TRACE [Prb.cpp, 584] - Reading CC1020, Address=0x000A
2013/07/16 21:37:59:028 [005996] TRACE [Prb.cpp, 1035] - ReadCC1020Packet(0x0A):01 00 0C 37 84 00 02 00 0A D9 02 0D 
2013/07/16 21:37:59:028 [002068] TRACE [Prb.cpp, 835] - RxStream contents:01 00 0C 52 06 37 00 01 CB 55 35 0D 
2013/07/16 21:37:59:029 [002068] TRACE [Prb.cpp, 943] - RadioBoardPacket(ACK):01 00 0C 52 06 37 00 01 CB 55 35 0D 
2013/07/16 21:37:59:030 [005996] DEBUG [Prb.cpp, 603] - Read CC1020 completed, Address=0x000A, Data=0xCB
2013/07/16 21:37:59:030 [005996] TRACE [Prb.cpp, 584] - Reading CC1020, Address=0x000F
2013/07/16 21:37:59:031 [005996] TRACE [Prb.cpp, 1035] - ReadCC1020Packet(0x0F):01 00 0C 38 84 00 02 00 0F F1 13 0D 
2013/07/16 21:37:59:031 [002068] TRACE [Prb.cpp, 835] - RxStream contents:01 00 0C 53 06 38 00 01 DF 61 4E 0D 
2013/07/16 21:37:59:032 [002068] TRACE [Prb.cpp, 943] - RadioBoardPacket(ACK):01 00 0C 53 06 38 00 01 DF 61 4E 0D 
2013/07/16 21:37:59:032 [005996] DEBUG [Prb.cpp, 603] - Read CC1020 completed, Address=0x000F, Data=0xDF
2013/07/16 21:37:59:033 [005996] TRACE [Prb.cpp, 584] - Reading CC1020, Address=0x0010
2013/07/16 21:37:59:033 [005996] TRACE [Prb.cpp, 1035] - ReadCC1020Packet(0x10):01 00 0C 39 84 00 02 00 10 89 51 0D 
2013/07/16 21:37:59:033 [002068] TRACE [Prb.cpp, 835] - RxStream contents:01 00 0C 54 06 39 00 01 80 9C 89 0D 
2013/07/16 21:37:59:034 [002068] TRACE [Prb.cpp, 943] - RadioBoardPacket(ACK):01 00 0C 54 06 39 00 01 80 9C 89 0D 
2013/07/16 21:37:59:035 [005996] DEBUG [Prb.cpp, 603] - Read CC1020 completed, Address=0x0010, Data=0x80
2013/07/16 21:37:59:035 [005996] TRACE [Prb.cpp, 584] - Reading CC1020, Address=0x0013
2013/07/16 21:37:59:036 [005996] TRACE [Prb.cpp, 1035] - ReadCC1020Packet(0x13):01 00 0C 3A 84 00 02 00 13 01 5B 0D 
2013/07/16 21:37:59:036 [002068] TRACE [Prb.cpp, 835] - RxStream contents:01 00 0C 55 06 3A 00 01 33 DB 23 0D 
2013/07/16 21:37:59:037 [002068] TRACE [Prb.cpp, 943] - RadioBoardPacket(ACK):01 00 0C 55 06 3A 00 01 33 DB 23 0D 
2013/07/16 21:37:59:037 [005996] DEBUG [Prb.cpp, 603] - Read CC1020 completed, Address=0x0013, Data=0x33
2013/07/16 21:37:59:038 [005996] TRACE [Prb.cpp, 584] - Reading CC1020, Address=0x0014
2013/07/16 21:37:59:038 [005996] TRACE [Prb.cpp, 1035] - ReadCC1020Packet(0x14):01 00 0C 3B 84 00 02 00 14 79 49 0D 
2013/07/16 21:37:59:038 [002068] TRACE [Prb.cpp, 835] - RxStream contents:01 00 0C 56 06 3B 00 01 3D 47 07 0D 
2013/07/16 21:37:59:039 [002068] TRACE [Prb.cpp, 943] - RadioBoardPacket(ACK):01 00 0C 56 06 3B 00 01 3D 47 07 0D 
2013/07/16 21:37:59:040 [005996] DEBUG [Prb.cpp, 603] - Read CC1020 completed, Address=0x0014, Data=0x3D
2013/07/16 21:37:59:040 [005996] TRACE [Prb.cpp, 584] - Reading CC1020, Address=0x0043
2013/07/16 21:37:59:041 [005996] TRACE [Prb.cpp, 1035] - ReadCC1020Packet(0x43):01 00 0C 3C 84 00 02 00 43 90 BE 0D 
2013/07/16 21:37:59:041 [002068] TRACE [Prb.cpp, 835] - RxStream contents:01 00 0C 57 06 3C 00 01 00 D3 8A 0D 
2013/07/16 21:37:59:042 [002068] TRACE [Prb.cpp, 943] - RadioBoardPacket(ACK):01 00 0C 57 06 3C 00 01 00 D3 8A 0D 
2013/07/16 21:37:59:042 [005996] DEBUG [Prb.cpp, 603] - Read CC1020 completed, Address=0x0043, Data=0x00
2013/07/16 21:37:59:043 [005996] DEBUG [ComSysDiagnostics.cpp, 63] - CC1020 [Scan complete] FREQ_2A: 0x35 FREQ_1A: 0xf0 FREQ_0A: 0x21
2013/07/16 21:37:59:043 [005996] DEBUG [ComSysDiagnostics.cpp, 67] - CC1020 [Scan complete] FREQ_2B: 0x35 FREQ_1B: 0xfa FREQ_0B: 0xcb
2013/07/16 21:37:59:044 [005996] DEBUG [ComSysDiagnostics.cpp, 72] - CC1020 [Scan complete] AFC_CONTROL: 0xdf FILTER: 0x80 VGA3: 0x33 VGA4: 0x3d AFC: 0x00
2013/07/16 21:37:59:045 [005996] INFO [CommunicationSystemStates.cpp, 173] - Found 1 valid ids during the scan operation.
2013/07/16 21:37:59:047 [005996] INFO [CommunicationSystemStates.cpp, 190] - Id: 0x801c0094.
2013/07/16 21:37:59:048 [005996] INFO [CommunicationSystemStates.cpp, 198] - Found 0 invalid ids during the scan operation.
2013/07/16 21:37:59:051 [007412] INFO [CommunicationSystemStates.cpp, 130] - Scan requested. Preamble Burst Duration: 2 seconds. Preamble Burst Data Rate: 0.
2013/07/16 21:37:59:052 [007412] TRACE [Prb.cpp, 448] - Writing FPGA, Address=0x1002, Data=0x02
2013/07/16 21:37:59:052 [007412] TRACE [Prb.cpp, 1035] - WriteFPGAPacket(0x1002, 0x02):01 00 0D 3D 81 00 03 10 02 02 A7 3A 0D 
2013/07/16 21:37:59:053 [002068] TRACE [Prb.cpp, 835] - RxStream contents:01 00 0B 58 06 3D 00 00 A9 6D 0D 
2013/07/16 21:37:59:054 [002068] TRACE [Prb.cpp, 943] - RadioBoardPacket(ACK):01 00 0B 58 06 3D 00 00 A9 6D 0D 
2013/07/16 21:37:59:054 [007412] DEBUG [Prb.cpp, 466] - Write FPGA completed, Address=0x1002, Data=0x02
2013/07/16 21:37:59:055 [007412] TRACE [Prb.cpp, 493] - Reading FPGA, Address=0x1004
2013/07/16 21:37:59:055 [007412] TRACE [Prb.cpp, 1035] - ReadFPGAPacket(0x1004):01 00 0C 3E 82 00 02 10 04 00 3C 0D 
2013/07/16 21:37:59:055 [002068] TRACE [Prb.cpp, 835] - RxStream contents:01 00 0C 59 06 3E 00 01 08 2B B6 0D 
2013/07/16 21:37:59:056 [002068] TRACE [Prb.cpp, 943] - RadioBoardPacket(ACK):01 00 0C 59 06 3E 00 01 08 2B B6 0D 
2013/07/16 21:37:59:057 [007412] DEBUG [Prb.cpp, 512] - Read FPGA completed, Address=0x1004, Data=0x08
2013/07/16 21:37:59:058 [007412] TRACE [Prb.cpp, 448] - Writing FPGA, Address=0x1004, Data=0x00
2013/07/16 21:37:59:058 [007412] TRACE [Prb.cpp, 1035] - WriteFPGAPacket(0x1004, 0x00):01 00 0D 3F 81 00 03 10 04 00 B1 16 0D 
2013/07/16 21:37:59:058 [002068] TRACE [Prb.cpp, 835] - RxStream contents:01 00 0B 5A 06 3F 00 00 A9 B5 0D 
2013/07/16 21:37:59:059 [002068] TRACE [Prb.cpp, 943] - RadioBoardPacket(ACK):01 00 0B 5A 06 3F 00 00 A9 B5 0D 
2013/07/16 21:37:59:060 [007412] DEBUG [Prb.cpp, 466] - Write FPGA completed, Address=0x1004, Data=0x00
2013/07/16 21:37:59:060 [007412] TRACE [Prb.cpp, 448] - Writing FPGA, Address=0x1008, Data=0x02
2013/07/16 21:37:59:061 [007412] TRACE [Prb.cpp, 1035] - WriteFPGAPacket(0x1008, 0x02):01 00 0D 40 81 00 03 10 08 02 E1 EA 0D 
2013/07/16 21:37:59:061 [002068] TRACE [Prb.cpp, 835] - RxStream contents:01 00 0B 5B 06 40 00 00 AF C1 0D 
2013/07/16 21:37:59:062 [002068] TRACE [Prb.cpp, 943] - RadioBoardPacket(ACK):01 00 0B 5B 06 40 00 00 AF C1 0D 
2013/07/16 21:37:59:062 [007412] DEBUG [Prb.cpp, 466] - Write FPGA completed, Address=0x1008, Data=0x02
2013/07/16 21:38:03:171 [005996] INFO [CommunicationSystemStates.cpp, 168] - Scan complete
2013/07/16 21:38:03:171 [005996] TRACE [Prb.cpp, 584] - Reading CC1020, Address=0x0004
2013/07/16 21:38:03:172 [005996] TRACE [Prb.cpp, 1035] - ReadCC1020Packet(0x04):01 00 0C 41 84 00 02 00 04 49 54 0D 
2013/07/16 21:38:03:172 [002068] TRACE [Prb.cpp, 835] - RxStream contents:01 00 0C 5D 06 41 00 01 35 C7 2A 0D 
2013/07/16 21:38:03:173 [002068] TRACE [Prb.cpp, 943] - RadioBoardPacket(ACK):01 00 0C 5D 06 41 00 01 35 C7 2A 0D 
2013/07/16 21:38:03:174 [005996] DEBUG [Prb.cpp, 603] - Read CC1020 completed, Address=0x0004, Data=0x35
2013/07/16 21:38:03:174 [005996] TRACE [Prb.cpp, 584] - Reading CC1020, Address=0x0005
2013/07/16 21:38:03:175 [005996] TRACE [Prb.cpp, 1035] - ReadCC1020Packet(0x05):01 00 0C 42 84 00 02 00 05 41 51 0D 
2013/07/16 21:38:03:175 [002068] TRACE [Prb.cpp, 835] - RxStream contents:01 00 0C 5E 06 42 00 01 F0 71 B4 0D 
2013/07/16 21:38:03:176 [002068] TRACE [Prb.cpp, 943] - RadioBoardPacket(ACK):01 00 0C 5E 06 42 00 01 F0 71 B4 0D 
2013/07/16 21:38:03:177 [005996] DEBUG [Prb.cpp, 603] - Read CC1020 completed, Address=0x0005, Data=0xF0
2013/07/16 21:38:03:177 [005996] TRACE [Prb.cpp, 584] - Reading CC1020, Address=0x0006
2013/07/16 21:38:03:178 [005996] TRACE [Prb.cpp, 1035] - ReadCC1020Packet(0x06):01 00 0C 43 84 00 02 00 06 B9 58 0D 
2013/07/16 21:38:03:178 [002068] TRACE [Prb.cpp, 835] - RxStream contents:01 00 0C 5F 06 43 00 01 21 1F 52 0D 
2013/07/16 21:38:03:179 [002068] TRACE [Prb.cpp, 943] - RadioBoardPacket(ACK):01 00 0C 5F 06 43 00 01 21 1F 52 0D 
2013/07/16 21:38:03:180 [005996] DEBUG [Prb.cpp, 603] - Read CC1020 completed, Address=0x0006, Data=0x21
2013/07/16 21:38:03:180 [005996] TRACE [Prb.cpp, 584] - Reading CC1020, Address=0x0008
2013/07/16 21:38:03:181 [005996] TRACE [Prb.cpp, 1035] - ReadCC1020Packet(0x08):01 00 0C 44 84 00 02 00 08 51 79 0D 
2013/07/16 21:38:03:181 [002068] TRACE [Prb.cpp, 835] - RxStream contents:01 00 0C 60 06 44 00 01 35 DB 15 0D 
2013/07/16 21:38:03:182 [002068] TRACE [Prb.cpp, 943] - RadioBoardPacket(ACK):01 00 0C 60 06 44 00 01 35 DB 15 0D 
2013/07/16 21:38:03:182 [005996] DEBUG [Prb.cpp, 603] - Read CC1020 completed, Address=0x0008, Data=0x35
2013/07/16 21:38:03:183 [005996] TRACE [Prb.cpp, 584] - Reading CC1020, Address=0x0009
2013/07/16 21:38:03:184 [005996] TRACE [Prb.cpp, 1035] - ReadCC1020Packet(0x09):01 00 0C 45 84 00 02 00 09 29 7F 0D 
2013/07/16 21:38:03:184 [002068] TRACE [Prb.cpp, 835] - RxStream contents:01 00 0C 61 06 45 00 01 FA B5 B7 0D 
2013/07/16 21:38:03:185 [002068] TRACE [Prb.cpp, 943] - RadioBoardPacket(ACK):01 00 0C 61 06 45 00 01 FA B5 B7 0D 
2013/07/16 21:38:03:185 [005996] DEBUG [Prb.cpp, 603] - Read CC1020 completed, Address=0x0009, Data=0xFA
2013/07/16 21:38:03:186 [005996] TRACE [Prb.cpp, 584] - Reading CC1020, Address=0x000A
2013/07/16 21:38:03:186 [005996] TRACE [Prb.cpp, 1035] - ReadCC1020Packet(0x0A):01 00 0C 46 84 00 02 00 0A A1 75 0D 
2013/07/16 21:38:03:186 [002068] TRACE [Prb.cpp, 835] - RxStream contents:01 00 0C 62 06 46 00 01 CB 81 12 0D 
2013/07/16 21:38:03:187 [002068] TRACE [Prb.cpp, 943] - RadioBoardPacket(ACK):01 00 0C 62 06 46 00 01 CB 81 12 0D 
2013/07/16 21:38:03:188 [005996] DEBUG [Prb.cpp, 603] - Read CC1020 completed, Address=0x000A, Data=0xCB
2013/07/16 21:38:03:188 [005996] TRACE [Prb.cpp, 584] - Reading CC1020, Address=0x000F
2013/07/16 21:38:03:189 [005996] TRACE [Prb.cpp, 1035] - ReadCC1020Packet(0x0F):01 00 0C 47 84 00 02 00 0F 59 68 0D 
2013/07/16 21:38:03:189 [002068] TRACE [Prb.cpp, 835] - RxStream contents:01 00 0C 63 06 47 00 01 DF ED 6A 0D 
2013/07/16 21:38:03:190 [002068] TRACE [Prb.cpp, 943] - RadioBoardPacket(ACK):01 00 0C 63 06 47 00 01 DF ED 6A 0D 
2013/07/16 21:38:03:191 [005996] DEBUG [Prb.cpp, 603] - Read CC1020 completed, Address=0x000F, Data=0xDF
2013/07/16 21:38:03:191 [005996] TRACE [Prb.cpp, 584] - Reading CC1020, Address=0x0010
2013/07/16 21:38:03:192 [005996] TRACE [Prb.cpp, 1035] - ReadCC1020Packet(0x10):01 00 0C 48 84 00 02 00 10 F1 26 0D 
2013/07/16 21:38:03:192 [002068] TRACE [Prb.cpp, 835] - RxStream contents:01 00 0C 64 06 48 00 01 80 48 AE 0D 
2013/07/16 21:38:03:193 [002068] TRACE [Prb.cpp, 943] - RadioBoardPacket(ACK):01 00 0C 64 06 48 00 01 80 48 AE 0D 
2013/07/16 21:38:03:194 [005996] DEBUG [Prb.cpp, 603] - Read CC1020 completed, Address=0x0010, Data=0x80
2013/07/16 21:38:03:194 [005996] TRACE [Prb.cpp, 584] - Reading CC1020, Address=0x0013
2013/07/16 21:38:03:195 [005996] TRACE [Prb.cpp, 1035] - ReadCC1020Packet(0x13):01 00 0C 49 84 00 02 00 13 09 2F 0D 
2013/07/16 21:38:03:195 [002068] TRACE [Prb.cpp, 835] - RxStream contents:01 00 0C 65 06 49 00 01 33 A7 07 0D 
2013/07/16 21:38:03:196 [002068] TRACE [Prb.cpp, 943] - RadioBoardPacket(ACK):01 00 0C 65 06 49 00 01 33 A7 07 0D 
2013/07/16 21:38:03:196 [005996] DEBUG [Prb.cpp, 603] - Read CC1020 completed, Address=0x0013, Data=0x33
2013/07/16 21:38:03:197 [005996] TRACE [Prb.cpp, 584] - Reading CC1020, Address=0x0014
2013/07/16 21:38:03:197 [005996] TRACE [Prb.cpp, 1035] - ReadCC1020Packet(0x14):01 00 0C 4A 84 00 02 00 14 01 3E 0D 
2013/07/16 21:38:03:198 [002068] TRACE [Prb.cpp, 835] - RxStream contents:01 00 0C 66 06 4A 00 01 3D 93 20 0D 
2013/07/16 21:38:03:199 [002068] TRACE [Prb.cpp, 943] - RadioBoardPacket(ACK):01 00 0C 66 06 4A 00 01 3D 93 20 0D 
2013/07/16 21:38:03:199 [005996] DEBUG [Prb.cpp, 603] - Read CC1020 completed, Address=0x0014, Data=0x3D
2013/07/16 21:38:03:200 [005996] TRACE [Prb.cpp, 584] - Reading CC1020, Address=0x0043
2013/07/16 21:38:03:200 [005996] TRACE [Prb.cpp, 1035] - ReadCC1020Packet(0x43):01 00 0C 4B 84 00 02 00 43 78 CC 0D 
2013/07/16 21:38:03:200 [002068] TRACE [Prb.cpp, 835] - RxStream contents:01 00 0C 67 06 4B 00 01 00 7F AD 0D 
2013/07/16 21:38:03:201 [002068] TRACE [Prb.cpp, 943] - RadioBoardPacket(ACK):01 00 0C 67 06 4B 00 01 00 7F AD 0D 
2013/07/16 21:38:03:202 [005996] DEBUG [Prb.cpp, 603] - Read CC1020 completed, Address=0x0043, Data=0x00
2013/07/16 21:38:03:202 [005996] DEBUG [ComSysDiagnostics.cpp, 63] - CC1020 [Scan complete] FREQ_2A: 0x35 FREQ_1A: 0xf0 FREQ_0A: 0x21
2013/07/16 21:38:03:203 [005996] DEBUG [ComSysDiagnostics.cpp, 67] - CC1020 [Scan complete] FREQ_2B: 0x35 FREQ_1B: 0xfa FREQ_0B: 0xcb
2013/07/16 21:38:03:203 [005996] DEBUG [ComSysDiagnostics.cpp, 72] - CC1020 [Scan complete] AFC_CONTROL: 0xdf FILTER: 0x80 VGA3: 0x33 VGA4: 0x3d AFC: 0x00
2013/07/16 21:38:03:204 [005996] INFO [CommunicationSystemStates.cpp, 173] - Found 1 valid ids during the scan operation.
2013/07/16 21:38:03:204 [005996] INFO [CommunicationSystemStates.cpp, 190] - Id: 0x801c0094.
2013/07/16 21:38:03:205 [005996] INFO [CommunicationSystemStates.cpp, 198] - Found 0 invalid ids during the scan operation.
2013/07/16 21:38:03:216 [007672] TRACE [Prb.cpp, 493] - Reading FPGA, Address=0x1004
2013/07/16 21:38:03:216 [007672] TRACE [Prb.cpp, 1035] - ReadFPGAPacket(0x1004):01 00 0C 4C 82 00 02 10 04 F0 4B 0D 
2013/07/16 21:38:03:217 [002068] TRACE [Prb.cpp, 835] - RxStream contents:01 00 0C 68 06 4C 00 01 00 BB A1 0D 
2013/07/16 21:38:03:218 [002068] TRACE [Prb.cpp, 943] - RadioBoardPacket(ACK):01 00 0C 68 06 4C 00 01 00 BB A1 0D 
2013/07/16 21:38:03:218 [007672] DEBUG [Prb.cpp, 512] - Read FPGA completed, Address=0x1004, Data=0x00
2013/07/16 21:38:03:219 [007672] TRACE [Prb.cpp, 448] - Writing FPGA, Address=0x1004, Data=0x00
2013/07/16 21:38:03:219 [007672] TRACE [Prb.cpp, 1035] - WriteFPGAPacket(0x1004, 0x00):01 00 0D 4D 81 00 03 10 04 00 C4 36 0D 
2013/07/16 21:38:03:219 [002068] TRACE [Prb.cpp, 835] - RxStream contents:01 00 0B 69 06 4D 00 00 A7 55 0D 
2013/07/16 21:38:03:220 [002068] TRACE [Prb.cpp, 943] - RadioBoardPacket(ACK):01 00 0B 69 06 4D 00 00 A7 55 0D 
2013/07/16 21:38:03:221 [007672] DEBUG [Prb.cpp, 466] - Write FPGA completed, Address=0x1004, Data=0x00
2013/07/16 21:38:03:222 [007412] INFO [CrossTalkDetectorStates.cpp, 98] - LinkTimeout = 4523 ms
2013/07/16 21:38:03:223 [007412] INFO [CrossTalkDetector.cpp, 68] - CrossTalkDetector state changing from IdleState to LinkingState
2013/07/16 21:38:03:224 [007412] INFO [CommunicationSystemStates.cpp, 147] - Link requested. Id: 0x801c0094. Preamble Burst Duration: 2 seconds. Preamble Burst Data Rate: 0.
2013/07/16 21:38:03:225 [007412] DEBUG [ComSysDiagnostics.cpp, 95] - Resetting FPGA Frame Error Counter
2013/07/16 21:38:03:225 [007412] TRACE [Prb.cpp, 448] - Writing FPGA, Address=0x301C, Data=0x00
2013/07/16 21:38:03:226 [007412] TRACE [Prb.cpp, 1035] - WriteFPGAPacket(0x301C, 0x00):01 00 0D 4E 81 00 03 30 1C 00 15 85 0D 
2013/07/16 21:38:03:226 [002068] TRACE [Prb.cpp, 835] - RxStream contents:01 00 0B 6A 06 4E 00 00 A7 E1 0D 
2013/07/16 21:38:03:227 [002068] TRACE [Prb.cpp, 943] - RadioBoardPacket(ACK):01 00 0B 6A 06 4E 00 00 A7 E1 0D 
2013/07/16 21:38:03:228 [007412] DEBUG [Prb.cpp, 466] - Write FPGA completed, Address=0x301C, Data=0x00
2013/07/16 21:38:03:228 [007412] TRACE [Prb.cpp, 448] - Writing FPGA, Address=0x2000, Data=0x80
2013/07/16 21:38:03:229 [007412] TRACE [Prb.cpp, 1035] - WriteFPGAPacket(0x2000, 0x80):01 00 0D 4F 81 00 03 20 00 80 5E D5 0D 
2013/07/16 21:38:03:229 [002068] TRACE [Prb.cpp, 835] - RxStream contents:01 00 0B 6B 06 4F 00 00 A7 8D 0D 
2013/07/16 21:38:03:230 [002068] TRACE [Prb.cpp, 943] - RadioBoardPacket(ACK):01 00 0B 6B 06 4F 00 00 A7 8D 0D 
2013/07/16 21:38:03:230 [007412] DEBUG [Prb.cpp, 466] - Write FPGA completed, Address=0x2000, Data=0x80
2013/07/16 21:38:03:231 [007412] TRACE [Prb.cpp, 448] - Writing FPGA, Address=0x2002, Data=0x1C
2013/07/16 21:38:03:231 [007412] TRACE [Prb.cpp, 1035] - WriteFPGAPacket(0x2002, 0x1C):01 00 0D 50 81 00 03 20 02 1C 4F 6D 0D 
2013/07/16 21:38:03:231 [002068] TRACE [Prb.cpp, 835] - RxStream contents:01 00 0B 6C 06 50 00 00 A7 69 0D 
2013/07/16 21:38:03:232 [002068] TRACE [Prb.cpp, 943] - RadioBoardPacket(ACK):01 00 0B 6C 06 50 00 00 A7 69 0D 
2013/07/16 21:38:03:233 [007412] DEBUG [Prb.cpp, 466] - Write FPGA completed, Address=0x2002, Data=0x1C
2013/07/16 21:38:03:233 [007412] TRACE [Prb.cpp, 448] - Writing FPGA, Address=0x2004, Data=0x00
2013/07/16 21:38:03:234 [007412] TRACE [Prb.cpp, 1035] - WriteFPGAPacket(0x2004, 0x00):01 00 0D 51 81 00 03 20 04 00 5A 35 0D 
2013/07/16 21:38:03:234 [002068] TRACE [Prb.cpp, 835] - RxStream contents:01 00 0B 6D 06 51 00 00 A7 05 0D 
2013/07/16 21:38:03:235 [002068] TRACE [Prb.cpp, 943] - RadioBoardPacket(ACK):01 00 0B 6D 06 51 00 00 A7 05 0D 
2013/07/16 21:38:03:236 [007412] DEBUG [Prb.cpp, 466] - Write FPGA completed, Address=0x2004, Data=0x00
2013/07/16 21:38:03:236 [007412] TRACE [Prb.cpp, 448] - Writing FPGA, Address=0x2006, Data=0x94
2013/07/16 21:38:03:237 [007412] TRACE [Prb.cpp, 1035] - WriteFPGAPacket(0x2006, 0x94):01 00 0D 52 81 00 03 20 06 94 56 7D 0D 
2013/07/16 21:38:03:237 [002068] TRACE [Prb.cpp, 835] - RxStream contents:01 00 0B 6E 06 52 00 00 A7 B1 0D 
2013/07/16 21:38:03:238 [002068] TRACE [Prb.cpp, 943] - RadioBoardPacket(ACK):01 00 0B 6E 06 52 00 00 A7 B1 0D 
2013/07/16 21:38:03:238 [007412] DEBUG [Prb.cpp, 466] - Write FPGA completed, Address=0x2006, Data=0x94
2013/07/16 21:38:03:239 [007412] TRACE [Prb.cpp, 448] - Writing FPGA, Address=0x1002, Data=0x02
2013/07/16 21:38:03:239 [007412] TRACE [Prb.cpp, 1035] - WriteFPGAPacket(0x1002, 0x02):01 00 0D 53 81 00 03 10 02 02 4F D9 0D 
2013/07/16 21:38:03:239 [002068] TRACE [Prb.cpp, 835] - RxStream contents:01 00 0B 6F 06 53 00 00 A7 DD 0D 
2013/07/16 21:38:03:240 [002068] TRACE [Prb.cpp, 943] - RadioBoardPacket(ACK):01 00 0B 6F 06 53 00 00 A7 DD 0D 
2013/07/16 21:38:03:241 [007412] DEBUG [Prb.cpp, 466] - Write FPGA completed, Address=0x1002, Data=0x02
2013/07/16 21:38:03:241 [007412] TRACE [Prb.cpp, 493] - Reading FPGA, Address=0x1004
2013/07/16 21:38:03:242 [007412] TRACE [Prb.cpp, 1035] - ReadFPGAPacket(0x1004):01 00 0C 54 82 00 02 10 04 30 50 0D 
2013/07/16 21:38:03:242 [002068] TRACE [Prb.cpp, 835] - RxStream contents:01 00 0C 70 06 54 00 01 00 1B BF 0D 
2013/07/16 21:38:03:243 [002068] TRACE [Prb.cpp, 943] - RadioBoardPacket(ACK):01 00 0C 70 06 54 00 01 00 1B BF 0D 
2013/07/16 21:38:03:243 [007412] DEBUG [Prb.cpp, 512] - Read FPGA completed, Address=0x1004, Data=0x00
2013/07/16 21:38:03:244 [007412] TRACE [Prb.cpp, 448] - Writing FPGA, Address=0x1004, Data=0x00
2013/07/16 21:38:03:244 [007412] TRACE [Prb.cpp, 1035] - WriteFPGAPacket(0x1004, 0x00):01 00 0D 55 81 00 03 10 04 00 DD B6 0D 
2013/07/16 21:38:03:244 [002068] TRACE [Prb.cpp, 835] - RxStream contents:01 00 0B 71 06 55 00 00 A2 F5 0D 
2013/07/16 21:38:03:245 [002068] TRACE [Prb.cpp, 943] - RadioBoardPacket(ACK):01 00 0B 71 06 55 00 00 A2 F5 0D 
2013/07/16 21:38:03:246 [007412] DEBUG [Prb.cpp, 466] - Write FPGA completed, Address=0x1004, Data=0x00
2013/07/16 21:38:03:246 [007412] TRACE [Prb.cpp, 448] - Writing FPGA, Address=0x1008, Data=0x04
2013/07/16 21:38:03:247 [007412] TRACE [Prb.cpp, 1035] - WriteFPGAPacket(0x1008, 0x04):01 00 0D 56 81 00 03 10 08 04 76 9D 0D 
2013/07/16 21:38:03:247 [002068] TRACE [Prb.cpp, 835] - RxStream contents:01 00 0B 72 06 56 00 00 A2 41 0D 
2013/07/16 21:38:03:248 [002068] TRACE [Prb.cpp, 943] - RadioBoardPacket(ACK):01 00 0B 72 06 56 00 00 A2 41 0D 
2013/07/16 21:38:03:248 [007412] DEBUG [Prb.cpp, 466] - Write FPGA completed, Address=0x1008, Data=0x04
2013/07/16 21:38:07:385 [005996] INFO [CrossTalkDetector.cpp, 68] - CrossTalkDetector state changing from LinkingState to IdleState
2013/07/16 21:38:07:386 [005996] INFO [CommunicationSystemStates.cpp, 210] - Link failed.
2013/07/16 21:38:07:387 [007672] TRACE [Prb.cpp, 493] - Reading FPGA, Address=0x1004
2013/07/16 21:38:07:388 [007672] TRACE [Prb.cpp, 1035] - ReadFPGAPacket(0x1004):01 00 0C 57 82 00 02 10 04 B8 50 0D 
2013/07/16 21:38:07:388 [002068] TRACE [Prb.cpp, 835] - RxStream contents:01 00 0C 74 06 57 00 01 00 C7 B9 0D 
2013/07/16 21:38:07:389 [002068] TRACE [Prb.cpp, 943] - RadioBoardPacket(ACK):01 00 0C 74 06 57 00 01 00 C7 B9 0D 
2013/07/16 21:38:07:389 [007672] DEBUG [Prb.cpp, 512] - Read FPGA completed, Address=0x1004, Data=0x00
2013/07/16 21:38:07:390 [007672] TRACE [Prb.cpp, 448] - Writing FPGA, Address=0x1004, Data=0x00
2013/07/16 21:38:07:391 [007672] TRACE [Prb.cpp, 1035] - WriteFPGAPacket(0x1004, 0x00):01 00 0D 58 81 00 03 10 04 00 50 65 0D 
2013/07/16 21:38:07:391 [002068] TRACE [Prb.cpp, 835] - RxStream contents:01 00 0B 75 06 58 00 00 A3 F1 0D 
2013/07/16 21:38:07:392 [002068] TRACE [Prb.cpp, 943] - RadioBoardPacket(ACK):01 00 0B 75 06 58 00 00 A3 F1 0D 
2013/07/16 21:38:07:392 [007672] DEBUG [Prb.cpp, 466] - Write FPGA completed, Address=0x1004, Data=0x00
2013/07/16 21:38:07:393 [007412] INFO [CrossTalkDetectorStates.cpp, 98] - LinkTimeout = 4523 ms
2013/07/16 21:38:07:393 [007412] INFO [CrossTalkDetector.cpp, 68] - CrossTalkDetector state changing from IdleState to LinkingState
2013/07/16 21:38:07:394 [007412] INFO [CommunicationSystemStates.cpp, 147] - Link requested. Id: 0x801c0094. Preamble Burst Duration: 2 seconds. Preamble Burst Data Rate: 0.
2013/07/16 21:38:07:395 [007412] DEBUG [ComSysDiagnostics.cpp, 95] - Resetting FPGA Frame Error Counter
2013/07/16 21:38:07:395 [007412] TRACE [Prb.cpp, 448] - Writing FPGA, Address=0x301C, Data=0x00
2013/07/16 21:38:07:396 [007412] TRACE [Prb.cpp, 1035] - WriteFPGAPacket(0x301C, 0x00):01 00 0D 59 81 00 03 30 1C 00 03 F5 0D 
2013/07/16 21:38:07:396 [002068] TRACE [Prb.cpp, 835] - RxStream contents:01 00 0B 76 06 59 00 00 23 6E 0D 
2013/07/16 21:38:07:397 [002068] TRACE [Prb.cpp, 943] - RadioBoardPacket(ACK):01 00 0B 76 06 59 00 00 23 6E 0D 
2013/07/16 21:38:07:398 [007412] DEBUG [Prb.cpp, 466] - Write FPGA completed, Address=0x301C, Data=0x00
2013/07/16 21:38:07:398 [007412] TRACE [Prb.cpp, 448] - Writing FPGA, Address=0x2000, Data=0x80
2013/07/16 21:38:07:399 [007412] TRACE [Prb.cpp, 1035] - WriteFPGAPacket(0x2000, 0x80):01 00 0D 5A 81 00 03 20 00 80 CA 86 0D 
2013/07/16 21:38:07:399 [002068] TRACE [Prb.cpp, 835] - RxStream contents:01 00 0B 77 06 5A 00 00 A3 29 0D 
2013/07/16 21:38:07:400 [002068] TRACE [Prb.cpp, 943] - RadioBoardPacket(ACK):01 00 0B 77 06 5A 00 00 A3 29 0D 
2013/07/16 21:38:07:400 [007412] DEBUG [Prb.cpp, 466] - Write FPGA completed, Address=0x2000, Data=0x80
2013/07/16 21:38:07:401 [007412] TRACE [Prb.cpp, 448] - Writing FPGA, Address=0x2002, Data=0x1C
2013/07/16 21:38:07:402 [007412] TRACE [Prb.cpp, 1035] - WriteFPGAPacket(0x2002, 0x1C):01 00 0D 5B 81 00 03 20 02 1C C4 DE 0D 
2013/07/16 21:38:07:402 [002068] TRACE [Prb.cpp, 835] - RxStream contents:01 00 0B 78 06 5B 00 00 21 96 0D 
2013/07/16 21:38:07:403 [002068] TRACE [Prb.cpp, 943] - RadioBoardPacket(ACK):01 00 0B 78 06 5B 00 00 21 96 0D 
2013/07/16 21:38:07:403 [007412] DEBUG [Prb.cpp, 466] - Write FPGA completed, Address=0x2002, Data=0x1C
2013/07/16 21:38:07:404 [007412] TRACE [Prb.cpp, 448] - Writing FPGA, Address=0x2004, Data=0x00
2013/07/16 21:38:07:404 [007412] TRACE [Prb.cpp, 1035] - WriteFPGAPacket(0x2004, 0x00):01 00 0D 5C 81 00 03 20 04 00 D7 E6 0D 
2013/07/16 21:38:07:404 [002068] TRACE [Prb.cpp, 835] - RxStream contents:01 00 0B 79 06 5C 00 00 21 82 0D 
2013/07/16 21:38:07:405 [002068] TRACE [Prb.cpp, 943] - RadioBoardPacket(ACK):01 00 0B 79 06 5C 00 00 21 82 0D 
2013/07/16 21:38:07:406 [007412] DEBUG [Prb.cpp, 466] - Write FPGA completed, Address=0x2004, Data=0x00
2013/07/16 21:38:07:406 [007412] TRACE [Prb.cpp, 448] - Writing FPGA, Address=0x2006, Data=0x94
2013/07/16 21:38:07:407 [007412] TRACE [Prb.cpp, 1035] - WriteFPGAPacket(0x2006, 0x94):01 00 0D 5D 81 00 03 20 06 94 59 8D 0D 
2013/07/16 21:38:07:407 [002068] TRACE [Prb.cpp, 835] - RxStream contents:01 00 0B 7A 06 5D 00 00 A1 1D 0D 
2013/07/16 21:38:07:408 [002068] TRACE [Prb.cpp, 943] - RadioBoardPacket(ACK):01 00 0B 7A 06 5D 00 00 A1 1D 0D 
2013/07/16 21:38:07:408 [007412] DEBUG [Prb.cpp, 466] - Write FPGA completed, Address=0x2006, Data=0x94
2013/07/16 21:38:07:409 [007412] TRACE [Prb.cpp, 448] - Writing FPGA, Address=0x1002, Data=0x02
2013/07/16 21:38:07:410 [007412] TRACE [Prb.cpp, 1035] - WriteFPGAPacket(0x1002, 0x02):01 00 0D 5E 81 00 03 10 02 02 C2 0A 0D 
2013/07/16 21:38:07:410 [002068] TRACE [Prb.cpp, 835] - RxStream contents:01 00 0B 7B 06 5E 00 00 21 5A 0D 
2013/07/16 21:38:07:411 [002068] TRACE [Prb.cpp, 943] - RadioBoardPacket(ACK):01 00 0B 7B 06 5E 00 00 21 5A 0D 
2013/07/16 21:38:07:411 [007412] DEBUG [Prb.cpp, 466] - Write FPGA completed, Address=0x1002, Data=0x02
2013/07/16 21:38:07:412 [007412] TRACE [Prb.cpp, 493] - Reading FPGA, Address=0x1004
2013/07/16 21:38:07:412 [007412] TRACE [Prb.cpp, 1035] - ReadFPGAPacket(0x1004):01 00 0C 5F 82 00 02 10 04 F8 59 0D 
2013/07/16 21:38:07:412 [002068] TRACE [Prb.cpp, 835] - RxStream contents:01 00 0C 7C 06 5F 00 01 00 A7 B3 0D 
2013/07/16 21:38:07:413 [002068] TRACE [Prb.cpp, 943] - RadioBoardPacket(ACK):01 00 0C 7C 06 5F 00 01 00 A7 B3 0D 
2013/07/16 21:38:07:414 [007412] DEBUG [Prb.cpp, 512] - Read FPGA completed, Address=0x1004, Data=0x00
2013/07/16 21:38:07:414 [007412] TRACE [Prb.cpp, 448] - Writing FPGA, Address=0x1004, Data=0x00
2013/07/16 21:38:07:415 [007412] TRACE [Prb.cpp, 1035] - WriteFPGAPacket(0x1004, 0x00):01 00 0D 60 81 00 03 10 04 00 EB E6 0D 
2013/07/16 21:38:07:415 [002068] TRACE [Prb.cpp, 835] - RxStream contents:01 00 0B 7D 06 60 00 00 A3 51 0D 
2013/07/16 21:38:07:416 [002068] TRACE [Prb.cpp, 943] - RadioBoardPacket(ACK):01 00 0B 7D 06 60 00 00 A3 51 0D 
2013/07/16 21:38:07:416 [007412] DEBUG [Prb.cpp, 466] - Write FPGA completed, Address=0x1004, Data=0x00
2013/07/16 21:38:07:417 [007412] TRACE [Prb.cpp, 448] - Writing FPGA, Address=0x1008, Data=0x04
2013/07/16 21:38:07:418 [007412] TRACE [Prb.cpp, 1035] - WriteFPGAPacket(0x1008, 0x04):01 00 0D 61 81 00 03 10 08 04 C2 EE 0D 
2013/07/16 21:38:07:418 [002068] TRACE [Prb.cpp, 835] - RxStream contents:01 00 0B 7E 06 61 00 00 23 CE 0D 
2013/07/16 21:38:07:419 [002068] TRACE [Prb.cpp, 943] - RadioBoardPacket(ACK):01 00 0B 7E 06 61 00 00 23 CE 0D 
2013/07/16 21:38:07:419 [007412] DEBUG [Prb.cpp, 466] - Write FPGA completed, Address=0x1008, Data=0x04
2013/07/16 21:38:11:553 [005996] INFO [CrossTalkDetector.cpp, 68] - CrossTalkDetector state changing from LinkingState to IdleState
2013/07/16 21:38:11:553 [005996] INFO [CommunicationSystemStates.cpp, 210] - Link failed.
2013/07/16 21:38:11:554 [007672] TRACE [Prb.cpp, 493] - Reading FPGA, Address=0x1004
2013/07/16 21:38:11:555 [007672] TRACE [Prb.cpp, 1035] - ReadFPGAPacket(0x1004):01 00 0C 62 82 00 02 10 04 A0 66 0D 
2013/07/16 21:38:11:555 [002068] TRACE [Prb.cpp, 835] - RxStream contents:01 00 0C 80 06 62 00 01 00 A3 4A 0D 
2013/07/16 21:38:11:556 [002068] TRACE [Prb.cpp, 943] - RadioBoardPacket(ACK):01 00 0C 80 06 62 00 01 00 A3 4A 0D 
2013/07/16 21:38:11:557 [007672] DEBUG [Prb.cpp, 512] - Read FPGA completed, Address=0x1004, Data=0x00
2013/07/16 21:38:11:557 [007672] TRACE [Prb.cpp, 448] - Writing FPGA, Address=0x1004, Data=0x00
2013/07/16 21:38:11:558 [007672] TRACE [Prb.cpp, 1035] - WriteFPGAPacket(0x1004, 0x00):01 00 0D 63 81 00 03 10 04 00 E8 D6 0D 
2013/07/16 21:38:11:558 [002068] TRACE [Prb.cpp, 835] - RxStream contents:01 00 0B 81 06 63 00 00 8B CD 0D 
2013/07/16 21:38:11:559 [002068] TRACE [Prb.cpp, 943] - RadioBoardPacket(ACK):01 00 0B 81 06 63 00 00 8B CD 0D 
2013/07/16 21:38:11:559 [007672] DEBUG [Prb.cpp, 466] - Write FPGA completed, Address=0x1004, Data=0x00
2013/07/16 21:38:11:560 [007412] INFO [CrossTalkDetectorStates.cpp, 98] - LinkTimeout = 4523 ms
2013/07/16 21:38:11:560 [007412] INFO [CrossTalkDetector.cpp, 68] - CrossTalkDetector state changing from IdleState to LinkingState
2013/07/16 21:38:11:561 [007412] INFO [CommunicationSystemStates.cpp, 147] - Link requested. Id: 0x801c0094. Preamble Burst Duration: 2 seconds. Preamble Burst Data Rate: 0.
2013/07/16 21:38:11:561 [007412] DEBUG [ComSysDiagnostics.cpp, 95] - Resetting FPGA Frame Error Counter
2013/07/16 21:38:11:562 [007412] TRACE [Prb.cpp, 448] - Writing FPGA, Address=0x301C, Data=0x00
2013/07/16 21:38:11:562 [007412] TRACE [Prb.cpp, 1035] - WriteFPGAPacket(0x301C, 0x00):01 00 0D 64 81 00 03 30 1C 00 BD 26 0D 
2013/07/16 21:38:11:562 [002068] TRACE [Prb.cpp, 835] - RxStream contents:01 00 0B 82 06 64 00 00 0B 2A 0D 
2013/07/16 21:38:11:563 [002068] TRACE [Prb.cpp, 943] - RadioBoardPacket(ACK):01 00 0B 82 06 64 00 00 0B 2A 0D 
2013/07/16 21:38:11:564 [007412] DEBUG [Prb.cpp, 466] - Write FPGA completed, Address=0x301C, Data=0x00
2013/07/16 21:38:11:564 [007412] TRACE [Prb.cpp, 448] - Writing FPGA, Address=0x2000, Data=0x80
2013/07/16 21:38:11:565 [007412] TRACE [Prb.cpp, 1035] - WriteFPGAPacket(0x2000, 0x80):01 00 0D 65 81 00 03 20 00 80 F6 76 0D 
2013/07/16 21:38:11:565 [002068] TRACE [Prb.cpp, 835] - RxStream contents:01 00 0B 83 06 65 00 00 0B 46 0D 
2013/07/16 21:38:11:566 [002068] TRACE [Prb.cpp, 943] - RadioBoardPacket(ACK):01 00 0B 83 06 65 00 00 0B 46 0D 
2013/07/16 21:38:11:567 [007412] DEBUG [Prb.cpp, 466] - Write FPGA completed, Address=0x2000, Data=0x80
2013/07/16 21:38:11:567 [007412] TRACE [Prb.cpp, 448] - Writing FPGA, Address=0x2002, Data=0x1C
2013/07/16 21:38:11:568 [007412] TRACE [Prb.cpp, 1035] - WriteFPGAPacket(0x2002, 0x1C):01 00 0D 66 81 00 03 20 02 1C 7A 0D 0D 
2013/07/16 21:38:11:568 [002068] TRACE [Prb.cpp, 835] - RxStream contents:01 00 0B 84 06 66 00 00 8A 11 0D 
2013/07/16 21:38:11:569 [002068] TRACE [Prb.cpp, 943] - RadioBoardPacket(ACK):01 00 0B 84 06 66 00 00 8A 11 0D 
2013/07/16 21:38:11:569 [007412] DEBUG [Prb.cpp, 466] - Write FPGA completed, Address=0x2002, Data=0x1C
2013/07/16 21:38:11:570 [007412] TRACE [Prb.cpp, 448] - Writing FPGA, Address=0x2004, Data=0x00
2013/07/16 21:38:11:570 [007412] TRACE [Prb.cpp, 1035] - WriteFPGAPacket(0x2004, 0x00):01 00 0D 67 81 00 03 20 04 00 6F 55 0D 
2013/07/16 21:38:11:570 [002068] TRACE [Prb.cpp, 835] - RxStream contents:01 00 0B 85 06 67 00 00 8A 7D 0D 
2013/07/16 21:38:11:571 [002068] TRACE [Prb.cpp, 943] - RadioBoardPacket(ACK):01 00 0B 85 06 67 00 00 8A 7D 0D 
2013/07/16 21:38:11:572 [007412] DEBUG [Prb.cpp, 466] - Write FPGA completed, Address=0x2004, Data=0x00
2013/07/16 21:38:11:572 [007412] TRACE [Prb.cpp, 448] - Writing FPGA, Address=0x2006, Data=0x94
2013/07/16 21:38:11:573 [007412] TRACE [Prb.cpp, 1035] - WriteFPGAPacket(0x2006, 0x94):01 00 0D 68 81 00 03 20 06 94 6F DD 0D 
2013/07/16 21:38:11:573 [002068] TRACE [Prb.cpp, 835] - RxStream contents:01 00 0B 86 06 68 00 00 8A 39 0D 
2013/07/16 21:38:11:574 [002068] TRACE [Prb.cpp, 943] - RadioBoardPacket(ACK):01 00 0B 86 06 68 00 00 8A 39 0D 
2013/07/16 21:38:11:575 [007412] DEBUG [Prb.cpp, 466] - Write FPGA completed, Address=0x2006, Data=0x94
2013/07/16 21:38:11:575 [007412] TRACE [Prb.cpp, 448] - Writing FPGA, Address=0x1002, Data=0x02
2013/07/16 21:38:11:576 [007412] TRACE [Prb.cpp, 1035] - WriteFPGAPacket(0x1002, 0x02):01 00 0D 69 81 00 03 10 02 02 76 79 0D 
2013/07/16 21:38:11:576 [002068] TRACE [Prb.cpp, 835] - RxStream contents:01 00 0B 87 06 69 00 00 8A 55 0D 
2013/07/16 21:38:11:577 [002068] TRACE [Prb.cpp, 943] - RadioBoardPacket(ACK):01 00 0B 87 06 69 00 00 8A 55 0D 
2013/07/16 21:38:11:577 [007412] DEBUG [Prb.cpp, 466] - Write FPGA completed, Address=0x1002, Data=0x02
2013/07/16 21:38:11:578 [007412] TRACE [Prb.cpp, 493] - Reading FPGA, Address=0x1004
2013/07/16 21:38:11:578 [007412] TRACE [Prb.cpp, 1035] - ReadFPGAPacket(0x1004):01 00 0C 6A 82 00 02 10 04 E0 6F 0D 
2013/07/16 21:38:11:578 [002068] TRACE [Prb.cpp, 835] - RxStream contents:01 00 0C 88 06 6A 00 01 00 C3 40 0D 
2013/07/16 21:38:11:579 [002068] TRACE [Prb.cpp, 943] - RadioBoardPacket(ACK):01 00 0C 88 06 6A 00 01 00 C3 40 0D 
2013/07/16 21:38:11:580 [007412] DEBUG [Prb.cpp, 512] - Read FPGA completed, Address=0x1004, Data=0x00
2013/07/16 21:38:11:580 [007412] TRACE [Prb.cpp, 448] - Writing FPGA, Address=0x1004, Data=0x00
2013/07/16 21:38:11:581 [007412] TRACE [Prb.cpp, 1035] - WriteFPGAPacket(0x1004, 0x00):01 00 0D 6B 81 00 03 10 04 00 60 55 0D 
2013/07/16 21:38:11:581 [002068] TRACE [Prb.cpp, 835] - RxStream contents:01 00 0B 89 06 6B 00 00 88 AD 0D 
2013/07/16 21:38:11:582 [002068] TRACE [Prb.cpp, 943] - RadioBoardPacket(ACK):01 00 0B 89 06 6B 00 00 88 AD 0D 
2013/07/16 21:38:11:582 [007412] DEBUG [Prb.cpp, 466] - Write FPGA completed, Address=0x1004, Data=0x00
2013/07/16 21:38:11:583 [007412] TRACE [Prb.cpp, 448] - Writing FPGA, Address=0x1008, Data=0x04
2013/07/16 21:38:11:584 [007412] TRACE [Prb.cpp, 1035] - WriteFPGAPacket(0x1008, 0x04):01 00 0D 6C 81 00 03 10 08 04 4F 3D 0D 
2013/07/16 21:38:11:584 [002068] TRACE [Prb.cpp, 835] - RxStream contents:01 00 0B 8A 06 6C 00 00 08 4A 0D 
2013/07/16 21:38:11:585 [002068] TRACE [Prb.cpp, 943] - RadioBoardPacket(ACK):01 00 0B 8A 06 6C 00 00 08 4A 0D 
2013/07/16 21:38:11:585 [007412] DEBUG [Prb.cpp, 466] - Write FPGA completed, Address=0x1008, Data=0x04
2013/07/16 21:38:15:719 [005996] INFO [CrossTalkDetector.cpp, 68] - CrossTalkDetector state changing from LinkingState to IdleState
2013/07/16 21:38:15:719 [005996] INFO [CommunicationSystemStates.cpp, 210] - Link failed.
2013/07/16 21:38:15:720 [007672] TRACE [Prb.cpp, 493] - Reading FPGA, Address=0x1004
2013/07/16 21:38:15:721 [007672] TRACE [Prb.cpp, 1035] - ReadFPGAPacket(0x1004):01 00 0C 6D 82 00 02 10 04 88 69 0D 
2013/07/16 21:38:15:721 [002068] TRACE [Prb.cpp, 835] - RxStream contents:01 00 0C 8C 06 6D 00 01 00 CF 45 0D 
2013/07/16 21:38:15:722 [002068] TRACE [Prb.cpp, 943] - RadioBoardPacket(ACK):01 00 0C 8C 06 6D 00 01 00 CF 45 0D 
2013/07/16 21:38:15:723 [007672] DEBUG [Prb.cpp, 512] - Read FPGA completed, Address=0x1004, Data=0x00
2013/07/16 21:38:15:723 [007672] TRACE [Prb.cpp, 448] - Writing FPGA, Address=0x1004, Data=0x00
2013/07/16 21:38:15:724 [007672] TRACE [Prb.cpp, 1035] - WriteFPGAPacket(0x1004, 0x00):01 00 0D 6E 81 00 03 10 04 00 65 05 0D 
2013/07/16 21:38:15:724 [002068] TRACE [Prb.cpp, 835] - RxStream contents:01 00 0B 8D 06 6E 00 00 09 0A 0D 
2013/07/16 21:38:15:725 [002068] TRACE [Prb.cpp, 943] - RadioBoardPacket(ACK):01 00 0B 8D 06 6E 00 00 09 0A 0D 
2013/07/16 21:38:15:726 [007672] DEBUG [Prb.cpp, 466] - Write FPGA completed, Address=0x1004, Data=0x00
2013/07/16 21:38:15:726 [007412] INFO [CrossTalkDetectorStates.cpp, 98] - LinkTimeout = 4523 ms
2013/07/16 21:38:15:727 [007412] INFO [CrossTalkDetector.cpp, 68] - CrossTalkDetector state changing from IdleState to LinkingState
2013/07/16 21:38:15:727 [007412] INFO [CommunicationSystemStates.cpp, 147] - Link requested. Id: 0x801c0094. Preamble Burst Duration: 2 seconds. Preamble Burst Data Rate: 0.
2013/07/16 21:38:15:728 [007412] DEBUG [ComSysDiagnostics.cpp, 95] - Resetting FPGA Frame Error Counter
2013/07/16 21:38:15:728 [007412] TRACE [Prb.cpp, 448] - Writing FPGA, Address=0x301C, Data=0x00
2013/07/16 21:38:15:729 [007412] TRACE [Prb.cpp, 1035] - WriteFPGAPacket(0x301C, 0x00):01 00 0D 6F 81 00 03 30 1C 00 36 95 0D 
2013/07/16 21:38:15:729 [002068] TRACE [Prb.cpp, 835] - RxStream contents:01 00 0B 8E 06 6F 00 00 89 95 0D 
2013/07/16 21:38:15:730 [002068] TRACE [Prb.cpp, 943] - RadioBoardPacket(ACK):01 00 0B 8E 06 6F 00 00 89 95 0D 
2013/07/16 21:38:15:730 [007412] DEBUG [Prb.cpp, 466] - Write FPGA completed, Address=0x301C, Data=0x00
2013/07/16 21:38:15:731 [007412] TRACE [Prb.cpp, 448] - Writing FPGA, Address=0x2000, Data=0x80
2013/07/16 21:38:15:731 [007412] TRACE [Prb.cpp, 1035] - WriteFPGAPacket(0x2000, 0x80):01 00 0D 70 81 00 03 20 00 80 62 25 0D 
2013/07/16 21:38:15:731 [002068] TRACE [Prb.cpp, 835] - RxStream contents:01 00 0B 8F 06 70 00 00 88 61 0D 
2013/07/16 21:38:15:732 [002068] TRACE [Prb.cpp, 943] - RadioBoardPacket(ACK):01 00 0B 8F 06 70 00 00 88 61 0D 
2013/07/16 21:38:15:733 [007412] DEBUG [Prb.cpp, 466] - Write FPGA completed, Address=0x2000, Data=0x80
2013/07/16 21:38:15:733 [007412] TRACE [Prb.cpp, 448] - Writing FPGA, Address=0x2002, Data=0x1C
2013/07/16 21:38:15:734 [007412] TRACE [Prb.cpp, 1035] - WriteFPGAPacket(0x2002, 0x1C):01 00 0D 71 81 00 03 20 02 1C 6C 7D 0D 
2013/07/16 21:38:15:734 [002068] TRACE [Prb.cpp, 835] - RxStream contents:01 00 0B 90 06 71 00 00 8D 5D 0D 
2013/07/16 21:38:15:735 [002068] TRACE [Prb.cpp, 943] - RadioBoardPacket(ACK):01 00 0B 90 06 71 00 00 8D 5D 0D 
2013/07/16 21:38:15:735 [007412] DEBUG [Prb.cpp, 466] - Write FPGA completed, Address=0x2002, Data=0x1C
2013/07/16 21:38:15:736 [007412] TRACE [Prb.cpp, 448] - Writing FPGA, Address=0x2004, Data=0x00
2013/07/16 21:38:15:736 [007412] TRACE [Prb.cpp, 1035] - WriteFPGAPacket(0x2004, 0x00):01 00 0D 72 81 00 03 20 04 00 FB 06 0D 
2013/07/16 21:38:15:736 [002068] TRACE [Prb.cpp, 835] - RxStream contents:01 00 0B 91 06 72 00 00 0D 1A 0D 
2013/07/16 21:38:15:737 [002068] TRACE [Prb.cpp, 943] - RadioBoardPacket(ACK):01 00 0B 91 06 72 00 00 0D 1A 0D 
2013/07/16 21:38:15:738 [007412] DEBUG [Prb.cpp, 466] - Write FPGA completed, Address=0x2004, Data=0x00
2013/07/16 21:38:15:738 [007412] TRACE [Prb.cpp, 448] - Writing FPGA, Address=0x2006, Data=0x94
2013/07/16 21:38:15:739 [007412] TRACE [Prb.cpp, 1035] - WriteFPGAPacket(0x2006, 0x94):01 00 0D 73 81 00 03 20 06 94 75 6D 0D 
2013/07/16 21:38:15:739 [002068] TRACE [Prb.cpp, 835] - RxStream contents:01 00 0B 92 06 73 00 00 8D 85 0D 
2013/07/16 21:38:15:740 [002068] TRACE [Prb.cpp, 943] - RadioBoardPacket(ACK):01 00 0B 92 06 73 00 00 8D 85 0D 
2013/07/16 21:38:15:740 [007412] DEBUG [Prb.cpp, 466] - Write FPGA completed, Address=0x2006, Data=0x94
2013/07/16 21:38:15:741 [007412] TRACE [Prb.cpp, 448] - Writing FPGA, Address=0x1002, Data=0x02
2013/07/16 21:38:15:741 [007412] TRACE [Prb.cpp, 1035] - WriteFPGAPacket(0x1002, 0x02):01 00 0D 74 81 00 03 10 02 02 6A A9 0D 
2013/07/16 21:38:15:741 [002068] TRACE [Prb.cpp, 835] - RxStream contents:01 00 0B 93 06 74 00 00 8D 91 0D 
2013/07/16 21:38:15:742 [002068] TRACE [Prb.cpp, 943] - RadioBoardPacket(ACK):01 00 0B 93 06 74 00 00 8D 91 0D 
2013/07/16 21:38:15:743 [007412] DEBUG [Prb.cpp, 466] - Write FPGA completed, Address=0x1002, Data=0x02
2013/07/16 21:38:15:743 [007412] TRACE [Prb.cpp, 493] - Reading FPGA, Address=0x1004
2013/07/16 21:38:15:744 [007412] TRACE [Prb.cpp, 1035] - ReadFPGAPacket(0x1004):01 00 0C 75 82 00 02 10 04 48 72 0D 
2013/07/16 21:38:15:744 [002068] TRACE [Prb.cpp, 835] - RxStream contents:01 00 0C 94 06 75 00 01 00 6F 5B 0D 
2013/07/16 21:38:15:745 [002068] TRACE [Prb.cpp, 943] - RadioBoardPacket(ACK):01 00 0C 94 06 75 00 01 00 6F 5B 0D 
2013/07/16 21:38:15:745 [007412] DEBUG [Prb.cpp, 512] - Read FPGA completed, Address=0x1004, Data=0x00
2013/07/16 21:38:15:746 [007412] TRACE [Prb.cpp, 448] - Writing FPGA, Address=0x1004, Data=0x00
2013/07/16 21:38:15:746 [007412] TRACE [Prb.cpp, 1035] - WriteFPGAPacket(0x1004, 0x00):01 00 0D 76 81 00 03 10 04 00 7C 85 0D 
2013/07/16 21:38:15:746 [002068] TRACE [Prb.cpp, 835] - RxStream contents:01 00 0B 95 06 76 00 00 0C AA 0D 
2013/07/16 21:38:15:747 [002068] TRACE [Prb.cpp, 943] - RadioBoardPacket(ACK):01 00 0B 95 06 76 00 00 0C AA 0D 
2013/07/16 21:38:15:748 [007412] DEBUG [Prb.cpp, 466] - Write FPGA completed, Address=0x1004, Data=0x00
2013/07/16 21:38:15:748 [007412] TRACE [Prb.cpp, 448] - Writing FPGA, Address=0x1008, Data=0x04
2013/07/16 21:38:15:749 [007412] TRACE [Prb.cpp, 1035] - WriteFPGAPacket(0x1008, 0x04):01 00 0D 77 81 00 03 10 08 04 55 8D 0D 
2013/07/16 21:38:15:749 [002068] TRACE [Prb.cpp, 835] - RxStream contents:01 00 0B 96 06 77 00 00 8C 35 0D 
2013/07/16 21:38:15:750 [002068] TRACE [Prb.cpp, 943] - RadioBoardPacket(ACK):01 00 0B 96 06 77 00 00 8C 35 0D 
2013/07/16 21:38:15:750 [007412] DEBUG [Prb.cpp, 466] - Write FPGA completed, Address=0x1008, Data=0x04
2013/07/16 21:38:19:885 [005996] INFO [CrossTalkDetector.cpp, 68] - CrossTalkDetector state changing from LinkingState to IdleState
2013/07/16 21:38:19:885 [005996] INFO [CommunicationSystemStates.cpp, 210] - Link failed.
2013/07/16 21:38:19:922 [003720] INFO [NCommunicationSystem.cpp, 747] - Disposing: 1
2013/07/16 21:38:19:925 [003720] INFO [CrossAppDomainEventMarshaller.cpp, 44] - Disposing: 1
2013/07/16 21:38:19:926 [003720] INFO [CrossAppDomainEventMarshaller.cpp, 155] - abortGetNextEvent called
2013/07/16 21:38:19:926 [003720] INFO [CrossAppDomainEventMarshaller.cpp, 48] - Waiting for CrossDomainEventTranslator::m_pHandleEventsThread to stop
2013/07/16 21:38:19:926 [006460] INFO [CrossAppDomainEventMarshaller.cpp, 80] - handleEventsThread exiting (thread aborted)
2013/07/16 21:38:19:927 [003720] INFO [CrossAppDomainEventMarshaller.cpp, 54] - CrossDomainEventTranslator::m_pHandleEventsThread stopped
2013/07/16 21:38:19:929 [003720] INFO [CrossAppDomainEventMarshaller.cpp, 110] - EventHandler dtor
2013/07/16 21:38:19:929 [003720] INFO [CrossAppDomainEventMarshaller.cpp, 60] - Disposed.
2013/07/16 21:38:19:930 [002068] DEBUG [Prb.cpp, 867] - Prb receive thread terminated.
2013/07/16 21:38:19:931 [005996] INFO [ExceptionCatchingThread.cpp, 170] - Exited the interrupt thread procedure with return value 0.
2013/07/16 21:38:20:032 [007412] INFO [ExceptionCatchingThread.cpp, 170] - Exited the dispatch thread procedure with return value 0.
2013/07/16 21:38:20:034 [003572] INFO [ExceptionCatchingThread.cpp, 170] - Exited the timer thread procedure with return value 0.
2013/07/16 21:38:20:136 [003720] INFO [NCommunicationSystem.cpp, 779] - Disposed.
<<<<< Log Footer: 07/16/2013 21:38:20 >>>>>
