2013/07/17 19:43:38:771  INFO:   Loaded Symbol File C:\ISV System\Config\FirmwareSymbols\build178.sym for firmware Build #178
2013/07/17 19:43:38:786  INFO:   CommunicationSystemLog properties: .\CommunicationSystem.logger.properties
2013/07/17 19:43:38:786  INFO:   CommunicationSystemLog log       : .\logs\systemBerScriptLog 2013.07.17 19.43.38_CommunicationSystem.Log
2013/07/17 19:43:42:546  INFO:   Setting the event sink for ScriptEngineProcedure
2013/07/17 19:43:42:546  INFO:   Program parameters checks are enabled
2013/07/17 19:43:42:550  INFO:   ********************************************************************************
2013/07/17 19:43:42:550  INFO:   Starting ScriptEngineProcedure, Assembly  version 
2013/07/17 19:43:42:555  INFO:   Config: ICD (NCommunicationSystem ver: nCommunicationSystem, Version=1.8.2.1, Culture=neutral, PublicKeyToken=56b5378c99c0bcfd; FTDI Driver ver: 2.08.24.0; PRB FPGA ver: 7)
2013/07/17 19:43:42:555  INFO:   Setting the radio board transmit power to level 0x7.
2013/07/17 19:43:42:558  INFO:   Radio board power level set to 7.
2013/07/17 19:43:42:559  INFO:   ECG Timeout Interval set to 10 seconds.
2013/07/17 19:43:42:560  STATE:  Changing state to ScriptExecStateMachine.WaitForNextCmdState, ID[1]
2013/07/17 19:43:42:560  INFO:   FwDvtSystem Started the event processing thread
2013/07/17 19:43:42:612  ACTION: Read PRB FPGA: Address=0x3000 Data=0x07
2013/07/17 19:43:42:617  RESULT: FPGA 0x3000 Expected: 18 Actual: 7
2013/07/17 19:43:42:619  RESULT: ERROR Expected: 18 Actual: 7
2013/07/17 19:43:42:620  ACTION: Calibrate CC1020
2013/07/17 19:43:42:714  INFO:   CC1020 calibration passed
2013/07/17 19:43:42:722  ACTION: Read C1020: Address 0x04 Data=0x35
2013/07/17 19:43:42:726  ACTION: Read C1020: Address 0x05 Data=0xF0
2013/07/17 19:43:42:729  ACTION: Read C1020: Address 0x06 Data=0x21
2013/07/17 19:43:42:747  ACTION: Read C1020: Address 0x07 Data=0x38
2013/07/17 19:43:42:750  ACTION: Read C1020: Address 0x08 Data=0x35
2013/07/17 19:43:42:754  ACTION: Read C1020: Address 0x09 Data=0xFA
2013/07/17 19:43:42:758  ACTION: Read C1020: Address 0x0A Data=0xCB
2013/07/17 19:43:42:761  ACTION: Read C1020: Address 0x0B Data=0x38
2013/07/17 19:43:42:765  ACTION: Read C1020: Address 0x1D Data=0x00
2013/07/17 19:43:42:769  ACTION: Read C1020: Address 0x45 Data=0x4C
2013/07/17 19:43:42:772  ACTION: Read C1020: Address 0x46 Data=0x66
2013/07/17 19:43:42:785  ACTION: Read C1020: Address 0x47 Data=0x44
2013/07/17 19:43:42:798  ACTION: Read PRB FPGA: Address=0x305E Data=0x00
2013/07/17 19:43:42:803  ACTION: Read PRB FPGA: Address=0x3060 Data=0x00
2013/07/17 19:43:42:808  ACTION: Read PRB FPGA: Address=0x3062 Data=0x00
2013/07/17 19:43:42:816  ACTION: Read PRB FPGA: Address=0x3066 Data=0x00
2013/07/17 19:43:42:819  ACTION: Read PRB FPGA: Address=0x3068 Data=0x00
2013/07/17 19:43:42:823  ACTION: Read PRB FPGA: Address=0x306A Data=0x00
2013/07/17 19:43:42:825  ACTION: Write PRB FPGA: Address=0x1026 Data=0x01
2013/07/17 19:43:42:832  INFO:   EXECUTING STATE: SMLibrary.Dvt.IcdCmd+ScanState Timeout: 00:00:30
2013/07/17 19:43:42:832  EVENT:  SCRIPT-EXEC:EXEC-STATE - TES.Dvt.ScriptExecStateMachine, ID[11]
2013/07/17 19:43:42:834  STATE:  Changing state to ScriptExecStateMachine.ExecState, ID[4]
2013/07/17 19:43:42:834  INFO:   Setting the radio board transmit power to level 0x7.
2013/07/17 19:43:42:838  INFO:   Radio board power level set to 7.
2013/07/17 19:43:42:839  ACTION: Setting radio board configuration for hybrid.
2013/07/17 19:43:42:839  ACTION: Set radio board to DIO inverting mode.
2013/07/17 19:43:42:839  ACTION: Write PRB FPGA: Address=0x3012 Data=0x01
2013/07/17 19:43:42:843  ACTION: PRB Set Link Data Rate: Slow
2013/07/17 19:43:42:846  ACTION: Read PRB FPGA: Address=0x1004 Data=0x00
2013/07/17 19:43:42:846  ACTION: Write PRB FPGA: Address=0x1004 Data=0x00
2013/07/17 19:43:42:849  ACTION: Scanning for devices, primary scan duration = 9 sec, secondary scan duration = 2 sec
2013/07/17 19:43:54:027  INFO:   Primary scan device IDs: 0x801C0094 
2013/07/17 19:43:58:182  INFO:   Secondary scan device IDs: 0x801C0094 0x80000009 
2013/07/17 19:43:58:185  EVENT:  Device ID List, ID[17]
                                 DeviceID[0] : ID 0x80000009 (Model 0, Serial 9, SW Version 0, Is Implanted)
                                 DeviceID[1] : ID 0x801C0094 (Model 0, Serial 148, SW Version 7, Is Implanted)
2013/07/17 19:43:58:185  STATE:  Changing state to ScriptExecStateMachine.WaitForNextCmdState, ID[1]
2013/07/17 19:43:58:185  INFO:   STATE EXITED: SMLibrary.Dvt.IcdCmd+ScanState
2013/07/17 19:43:58:198  INFO:   EXECUTING STATE: SMLibrary.Dvt.IcdCmd+ConnectState Timeout: 00:00:24
2013/07/17 19:43:58:198  EVENT:  SCRIPT-EXEC:EXEC-STATE - TES.Dvt.ScriptExecStateMachine, ID[11]
2013/07/17 19:43:58:198  STATE:  Changing state to ScriptExecStateMachine.ExecState, ID[4]
2013/07/17 19:43:58:199  ACTION: PRB Set Link Data Rate: Slow
2013/07/17 19:43:58:202  ACTION: Read PRB FPGA: Address=0x1004 Data=0x00
2013/07/17 19:43:58:202  ACTION: Write PRB FPGA: Address=0x1004 Data=0x00
2013/07/17 19:43:58:205  ACTION: Connecting to device ID 0x801C0094 (Model 0, Serial 148, SW Version 7, Is Implanted)
2013/07/17 19:44:01:339  INFO:   Registering the ICD session delegates
2013/07/17 19:44:01:339  EVENT:  Connect Succeeded, ID[19]
2013/07/17 19:44:01:340  STATE:  Changing state to ScriptExecStateMachine.WaitForNextCmdState, ID[1]
2013/07/17 19:44:01:354  INFO:   STATE EXITED: SMLibrary.Dvt.IcdCmd+ConnectState
2013/07/17 19:44:01:397  INFO:   EXECUTING STATE MACHINE: SMLibrary.ReadSM Timeout: 00:00:01.3120000
2013/07/17 19:44:01:397  EVENT:  SCRIPT-EXEC:EXEC-SM - TES.Dvt.ScriptExecStateMachine, ID[9]
2013/07/17 19:44:01:397  STATE:  Changing state to ScriptExecStateMachine.ExecStateMachineWithCustomExitEventsState, ID[2]
2013/07/17 19:44:01:398  STATE:  Changing state to ReadSM.ReadingState, ID[8]
2013/07/17 19:44:01:398  ACTION: READ_FROM_16_BIT_ADDR_WITH_CRC32, Address=SYS_ERRORS(0xF56C) Length=1
2013/07/17 19:44:01:464  EVENT:  Command Completed, ID[23], Command=0x82 (READ_FROM_16_BIT_ADDR_WITH_CRC32), CRC32=0xE69CA3FE, Data=0xB0
2013/07/17 19:44:01:465  EVENT:  Read Memory Complete, ID[24]
2013/07/17 19:44:01:465  STATE:  Changing state to ReadSM.IdleState, ID[6]
2013/07/17 19:44:01:465  STATE:  Changing state to ScriptExecStateMachine.WaitForNextCmdState, ID[1]
2013/07/17 19:44:01:465  INFO:   STATE MACHINE EXITED: SMLibrary.ReadSM
2013/07/17 19:44:01:519  EVENT:  Marker (Device Summary), ID[25], Timestamp=0x85[full:not set], Data[0]=0x00, Data[1]=0x40 DynamicShockPolarity=HVA_POSITIVE SystemErrorOccurred 
2013/07/17 19:44:02:062  INFO:   Enabling the timestamp/interval calculations
2013/07/17 19:44:02:065  EVENT:  Marker (Beat Detected - WA Suspect), ID[26], Timestamp=0xCE[full:206], ID=168,Data=0x80 Interval is invalid or exceeds 2 seconds
2013/07/17 19:44:02:094  EVENT:  Marker (Data), ID[27], Timestamp=0xCE[full:206], Data[0]=0x80, Data[1]=0x58
2013/07/17 19:44:02:313  EVENT:  Marker (Device Summary), ID[28], Timestamp=0xEE[full:238], Data[0]=0x00, Data[1]=0x40 DynamicShockPolarity=HVA_POSITIVE SystemErrorOccurred 
2013/07/17 19:44:02:638  EVENT:  Marker (Beat Detected - WA Suspect), ID[29], Timestamp=0x17[full:279], ID=169,Data=0x80 Interval = 570 ms
2013/07/17 19:44:02:673  EVENT:  Marker (Data), ID[30], Timestamp=0x17[full:279], Data[0]=0x80, Data[1]=0x58
2013/07/17 19:44:03:203  EVENT:  Marker (Beat Detected - WA Suspect), ID[31], Timestamp=0x5F[full:351], ID=170,Data=0x80 Interval = 562 ms
2013/07/17 19:44:03:233  EVENT:  Marker (Data), ID[32], Timestamp=0x5F[full:351], Data[0]=0x80, Data[1]=0x58
2013/07/17 19:44:03:373  EVENT:  Marker (Device Summary), ID[33], Timestamp=0x6E[full:366], Data[0]=0x00, Data[1]=0x40 DynamicShockPolarity=HVA_POSITIVE SystemErrorOccurred 
2013/07/17 19:44:03:783  EVENT:  Marker (Beat Detected - WA Suspect), ID[34], Timestamp=0xAA[full:426], ID=171,Data=0x80 Interval = 586 ms
2013/07/17 19:44:03:813  EVENT:  Marker (Data), ID[35], Timestamp=0xAA[full:426], Data[0]=0x80, Data[1]=0x58
2013/07/17 19:44:04:313  EVENT:  Marker (Device Summary), ID[36], Timestamp=0xEE[full:494], Data[0]=0x00, Data[1]=0x40 DynamicShockPolarity=HVA_POSITIVE SystemErrorOccurred 
2013/07/17 19:44:04:438  EVENT:  Marker (Beat Detected - WA Suspect), ID[37], Timestamp=0xF2[full:498], ID=172,Data=0x80 Interval = 562 ms
2013/07/17 19:44:04:473  EVENT:  Marker (Data), ID[38], Timestamp=0xF2[full:498], Data[0]=0x80, Data[1]=0x58
2013/07/17 19:44:05:068  EVENT:  Marker (Beat Detected - WA Suspect), ID[39], Timestamp=0x4E[full:590], ID=173,Data=0x80 Interval = 719 ms
2013/07/17 19:44:05:098  EVENT:  Marker (Data), ID[40], Timestamp=0x4E[full:590], Data[0]=0x80, Data[1]=0x58
2013/07/17 19:44:05:318  EVENT:  Marker (Device Summary), ID[41], Timestamp=0x6E[full:622], Data[0]=0x00, Data[1]=0x40 DynamicShockPolarity=HVA_POSITIVE SystemErrorOccurred 
2013/07/17 19:44:05:628  EVENT:  Marker (Beat Detected - WA Suspect), ID[42], Timestamp=0x96[full:662], ID=174,Data=0x80 Interval = 562 ms
2013/07/17 19:44:05:663  EVENT:  Marker (Data), ID[43], Timestamp=0x96[full:662], Data[0]=0x80, Data[1]=0x58
2013/07/17 19:44:06:178  EVENT:  Marker (Beat Detected - WA Suspect), ID[44], Timestamp=0xDD[full:733], ID=175,Data=0x80 Interval = 555 ms
2013/07/17 19:44:06:208  EVENT:  Marker (Data), ID[45], Timestamp=0xDD[full:733], Data[0]=0x80, Data[1]=0x58
2013/07/17 19:44:06:348  EVENT:  Marker (Device Summary), ID[46], Timestamp=0xEE[full:750], Data[0]=0x00, Data[1]=0x40 DynamicShockPolarity=HVA_POSITIVE SystemErrorOccurred 
2013/07/17 19:44:06:472  INFO:   EXECUTING STATE: IronPython.NewTypes.System.Object#IScriptExecState_5$5 Timeout: 00:00:02
2013/07/17 19:44:06:472  EVENT:  SCRIPT-EXEC:EXEC-STATE - TES.Dvt.ScriptExecStateMachine, ID[11]
2013/07/17 19:44:06:472  STATE:  Changing state to ScriptExecStateMachine.ExecState, ID[4]
2013/07/17 19:44:06:473  ACTION: Break Link
2013/07/17 19:44:06:803  INFO:   Enabling the timestamp/interval calculations
2013/07/17 19:44:06:803  EVENT:  Marker (Beat Detected - WA Suspect), ID[48], Timestamp=0x2C[full:44], ID=176,Data=0x80 Interval is invalid or exceeds 2 seconds
2013/07/17 19:44:06:834  EVENT:  Marker (Data), ID[49], Timestamp=0x2C[full:44], Data[0]=0x80, Data[1]=0x58
2013/07/17 19:44:07:153  INFO:   Unregistering the ICD session delegates
2013/07/17 19:44:07:153  EVENT:  Command Completed, ID[50], Command=0xE4 (Break Link)
2013/07/17 19:44:07:313  EVENT:  Disconnected, ID[51], clean
2013/07/17 19:44:07:313  STATE:  Changing state to ScriptExecStateMachine.WaitForNextCmdState, ID[1]
2013/07/17 19:44:07:313  INFO:   STATE EXITED: IronPython.NewTypes.System.Object#IScriptExecState_5$5
2013/07/17 19:44:12:317  EVENT:  SCRIPT-EXEC:EXIT - TES.Dvt.ScriptExecStateMachine, ID[8]
2013/07/17 19:44:12:317  INFO:   Terminating ScriptEngineProcedure
2013/07/17 19:44:12:317  EVENT:  Terminate Dispatch, ID[52]
2013/07/17 19:44:12:317  EVENT:  TES.Dvt.ScriptExecStateMachine.DoneEvent, ID[6]
2013/07/17 19:44:12:317  STATE:  Changing state to ScriptExecStateMachine.IdleState, ID[6]
2013/07/17 19:44:12:326  INFO:   ScriptEngineProcedure Completed
2013/07/17 19:44:12:327  INFO:   Testcase Summary:
2013/07/17 19:44:12:328  RESULT: Test Procedure ScriptEngineProcedure (FAILED)
2013/07/17 19:44:12:328  INFO:   Procedure Runtime = 00:00:29
2013/07/17 19:44:12:334  INFO:   The event dispatch thread ScriptEngineProcedure exited.
