<<<<< Log Header: 07/19/2013 13:14:25 >>>>>
2013/07/19 13:14:25:824 [006024] INFO [NCommunicationSystem.cpp, 108] - nCommunicationSystem, Version=1.8.2.1, Culture=neutral, PublicKeyToken=56b5378c99c0bcfd
2013/07/19 13:14:25:840 [006024] INFO [ExceptionCatchingThread.cpp, 257] - Created the timer thread with id 5872 (0x16f0).
2013/07/19 13:14:25:843 [005872] INFO [ExceptionCatchingThread.cpp, 168] - Executing the timer thread procedure...
2013/07/19 13:14:25:847 [006024] INFO [ExceptionCatchingThread.cpp, 257] - Created the dispatch thread with id 5840 (0x16d0).
2013/07/19 13:14:25:847 [005840] INFO [ExceptionCatchingThread.cpp, 168] - Executing the dispatch thread procedure...
2013/07/19 13:14:28:849 [006024] DEBUG [Prb.cpp, 252] - PRB logging started.
2013/07/19 13:14:28:855 [006024] DEBUG [Prb.cpp, 130] - Number of FTDI devices: 1
2013/07/19 13:14:28:856 [006024] DEBUG [Prb.cpp, 158] - FTDI Device[0]: ID=67330069
2013/07/19 13:14:28:858 [006024] DEBUG [Prb.cpp, 169] - FTDI handle=170671400
2013/07/19 13:14:28:858 [006024] INFO [Prb.cpp, 179] - FTDI Driver Version 2.08.24.0
2013/07/19 13:14:29:115 [006024] INFO [Prb.cpp, 205] - FTDI Configuration: MaxCurrent=200, CBus5=21, CBus6=0x4
2013/07/19 13:14:29:366 [006024] INFO [Prb.cpp, 246] - PRB driver initialized.
2013/07/19 13:14:29:366 [006024] TRACE [Prb.cpp, 448] - Writing FPGA, Address=0x1008, Data=0x08
2013/07/19 13:14:29:367 [006024] TRACE [Prb.cpp, 1035] - WriteFPGAPacket(0x1008, 0x08):01 00 0D 00 81 00 03 10 08 08 25 D5 0D 
2013/07/19 13:14:29:367 [006836] TRACE [Prb.cpp, 835] - RxStream contents:01 00 0B A4 06 00 00 00 02 EA 0D 
2013/07/19 13:14:29:368 [006836] TRACE [Prb.cpp, 943] - RadioBoardPacket(ACK):01 00 0B A4 06 00 00 00 02 EA 0D 
2013/07/19 13:14:29:369 [006024] DEBUG [Prb.cpp, 466] - Write FPGA completed, Address=0x1008, Data=0x08
2013/07/19 13:14:29:386 [006024] TRACE [Prb.cpp, 493] - Reading FPGA, Address=0x300A
2013/07/19 13:14:29:386 [006024] TRACE [Prb.cpp, 1035] - ReadFPGAPacket(0x300A):01 00 0C 01 82 00 02 30 0A E8 24 0D 
2013/07/19 13:14:29:386 [006836] TRACE [Prb.cpp, 835] - RxStream contents:01 00 0C A5 06 01 00 01 00 07 7F 0D 
2013/07/19 13:14:29:388 [006836] TRACE [Prb.cpp, 943] - RadioBoardPacket(ACK):01 00 0C A5 06 01 00 01 00 07 7F 0D 
2013/07/19 13:14:29:388 [006024] DEBUG [Prb.cpp, 512] - Read FPGA completed, Address=0x300A, Data=0x00
2013/07/19 13:14:29:389 [006024] TRACE [Prb.cpp, 448] - Writing FPGA, Address=0x300A, Data=0x03
2013/07/19 13:14:29:389 [006024] TRACE [Prb.cpp, 1035] - WriteFPGAPacket(0x300A, 0x03):01 00 0D 02 81 00 03 30 0A 03 29 4F 0D 
2013/07/19 13:14:29:389 [006836] TRACE [Prb.cpp, 835] - RxStream contents:01 00 0B A6 06 02 00 00 02 32 0D 
2013/07/19 13:14:29:391 [006836] TRACE [Prb.cpp, 943] - RadioBoardPacket(ACK):01 00 0B A6 06 02 00 00 02 32 0D 
2013/07/19 13:14:29:391 [006024] DEBUG [Prb.cpp, 466] - Write FPGA completed, Address=0x300A, Data=0x03
2013/07/19 13:14:29:404 [006024] INFO [CrossTalkDetector.cpp, 14] - EnterCrossTalkThreshold = 8
2013/07/19 13:14:29:405 [006024] INFO [CrossTalkDetector.cpp, 21] - LeaveCrossTalkThreshold = 4
2013/07/19 13:14:29:406 [006024] INFO [CrossTalkDetector.cpp, 28] - LinkThreshold = 8
2013/07/19 13:14:29:408 [006024] INFO [ExceptionCatchingThread.cpp, 257] - Created the interrupt thread with id 5692 (0x163c).
2013/07/19 13:14:29:408 [006024] DEBUG [Prb.cpp, 252] - PRB logging started.
2013/07/19 13:14:29:408 [005692] INFO [ExceptionCatchingThread.cpp, 168] - Executing the interrupt thread procedure...
2013/07/19 13:14:29:410 [006024] INFO [CommunicationSystem.cpp, 640] - Calibrating the PRB CC1020.
2013/07/19 13:14:29:410 [006024] TRACE [Prb.cpp, 448] - Writing FPGA, Address=0x1008, Data=0x01
2013/07/19 13:14:29:411 [006024] TRACE [Prb.cpp, 1035] - WriteFPGAPacket(0x1008, 0x01):01 00 0D 03 81 00 03 10 08 01 26 D3 0D 
2013/07/19 13:14:29:411 [006836] TRACE [Prb.cpp, 835] - RxStream contents:01 00 0B A7 06 03 00 00 02 5E 0D 
2013/07/19 13:14:29:412 [006836] TRACE [Prb.cpp, 943] - RadioBoardPacket(ACK):01 00 0B A7 06 03 00 00 02 5E 0D 
2013/07/19 13:14:29:412 [006024] DEBUG [Prb.cpp, 466] - Write FPGA completed, Address=0x1008, Data=0x01
2013/07/19 13:14:29:493 [006836] TRACE [Prb.cpp, 835] - RxStream contents:01 00 0D A8 00 00 00 02 09 00 44 86 0D 
2013/07/19 13:14:29:498 [005692] DEBUG [CommunicationSystem.cpp, 1120] - Calibration complete.
2013/07/19 13:14:29:498 [006024] TRACE [Prb.cpp, 493] - Reading FPGA, Address=0x2012
2013/07/19 13:14:29:499 [006024] TRACE [Prb.cpp, 1035] - ReadFPGAPacket(0x2012):01 00 0C 04 82 00 02 20 12 10 72 0D 
2013/07/19 13:14:29:499 [006836] TRACE [Prb.cpp, 835] - RxStream contents:01 00 0C A9 06 04 00 01 00 E3 70 0D 
2013/07/19 13:14:29:500 [006836] TRACE [Prb.cpp, 943] - RadioBoardPacket(ACK):01 00 0C A9 06 04 00 01 00 E3 70 0D 
2013/07/19 13:14:29:501 [006024] DEBUG [Prb.cpp, 512] - Read FPGA completed, Address=0x2012, Data=0x00
2013/07/19 13:14:29:501 [006024] INFO [CommunicationSystem.cpp, 653] - CC1020 Calibration succeeded.
2013/07/19 13:14:29:502 [006024] TRACE [Prb.cpp, 448] - Writing FPGA, Address=0x1006, Data=0x08
2013/07/19 13:14:29:502 [006024] TRACE [Prb.cpp, 1035] - WriteFPGAPacket(0x1006, 0x08):01 00 0D 05 81 00 03 10 06 08 84 86 0D 
2013/07/19 13:14:29:502 [006836] TRACE [Prb.cpp, 835] - RxStream contents:01 00 0B AA 06 05 00 00 80 7D 0D 
2013/07/19 13:14:29:503 [006836] TRACE [Prb.cpp, 943] - RadioBoardPacket(ACK):01 00 0B AA 06 05 00 00 80 7D 0D 
2013/07/19 13:14:29:504 [006024] DEBUG [Prb.cpp, 466] - Write FPGA completed, Address=0x1006, Data=0x08
2013/07/19 13:14:29:504 [006024] TRACE [Prb.cpp, 493] - Reading FPGA, Address=0x3000
2013/07/19 13:14:29:505 [006024] TRACE [Prb.cpp, 1035] - ReadFPGAPacket(0x3000):01 00 0C 06 82 00 02 30 00 80 1E 0D 
2013/07/19 13:14:29:505 [006836] TRACE [Prb.cpp, 835] - RxStream contents:01 00 0C AB 06 06 00 01 07 BB 61 0D 
2013/07/19 13:14:29:506 [006836] TRACE [Prb.cpp, 943] - RadioBoardPacket(ACK):01 00 0C AB 06 06 00 01 07 BB 61 0D 
2013/07/19 13:14:29:507 [006024] DEBUG [Prb.cpp, 512] - Read FPGA completed, Address=0x3000, Data=0x07
2013/07/19 13:14:29:507 [006024] INFO [CommunicationSystem.cpp, 613] - FPGA Revision 7.
2013/07/19 13:14:29:508 [006024] TRACE [Prb.cpp, 584] - Reading CC1020, Address=0x0004
2013/07/19 13:14:29:509 [006024] TRACE [Prb.cpp, 1035] - ReadCC1020Packet(0x04):01 00 0C 07 84 00 02 00 04 59 16 0D 
2013/07/19 13:14:29:509 [006836] TRACE [Prb.cpp, 835] - RxStream contents:01 00 0C AC 06 07 00 01 35 C7 CB 0D 
2013/07/19 13:14:29:510 [006836] TRACE [Prb.cpp, 943] - RadioBoardPacket(ACK):01 00 0C AC 06 07 00 01 35 C7 CB 0D 
2013/07/19 13:14:29:510 [006024] DEBUG [Prb.cpp, 603] - Read CC1020 completed, Address=0x0004, Data=0x35
2013/07/19 13:14:29:511 [006024] INFO [CommunicationSystem.cpp, 614] - CC1020 Frequency 2A 0x35.
2013/07/19 13:14:29:511 [006024] TRACE [Prb.cpp, 584] - Reading CC1020, Address=0x0005
2013/07/19 13:14:29:512 [006024] TRACE [Prb.cpp, 1035] - ReadCC1020Packet(0x05):01 00 0C 08 84 00 02 00 05 F1 1C 0D 
2013/07/19 13:14:29:512 [006836] TRACE [Prb.cpp, 835] - RxStream contents:01 00 0C AD 06 08 00 01 F0 F1 56 0D 
2013/07/19 13:14:29:513 [006836] TRACE [Prb.cpp, 943] - RadioBoardPacket(ACK):01 00 0C AD 06 08 00 01 F0 F1 56 0D 
2013/07/19 13:14:29:514 [006024] DEBUG [Prb.cpp, 603] - Read CC1020 completed, Address=0x0005, Data=0xF0
2013/07/19 13:14:29:514 [006024] INFO [CommunicationSystem.cpp, 615] - CC1020 Frequency 1A 0xf0.
2013/07/19 13:14:29:515 [006024] TRACE [Prb.cpp, 584] - Reading CC1020, Address=0x0006
2013/07/19 13:14:29:515 [006024] TRACE [Prb.cpp, 1035] - ReadCC1020Packet(0x06):01 00 0C 09 84 00 02 00 06 09 15 0D 
2013/07/19 13:14:29:515 [006836] TRACE [Prb.cpp, 835] - RxStream contents:01 00 0C AE 06 09 00 01 21 EF B3 0D 
2013/07/19 13:14:29:516 [006836] TRACE [Prb.cpp, 943] - RadioBoardPacket(ACK):01 00 0C AE 06 09 00 01 21 EF B3 0D 
2013/07/19 13:14:29:517 [006024] DEBUG [Prb.cpp, 603] - Read CC1020 completed, Address=0x0006, Data=0x21
2013/07/19 13:14:29:517 [006024] INFO [CommunicationSystem.cpp, 616] - CC1020 Frequency 0A 0x21.
2013/07/19 13:14:29:518 [006024] TRACE [Prb.cpp, 584] - Reading CC1020, Address=0x0008
2013/07/19 13:14:29:519 [006024] TRACE [Prb.cpp, 1035] - ReadCC1020Packet(0x08):01 00 0C 0A 84 00 02 00 08 01 32 0D 
2013/07/19 13:14:29:519 [006836] TRACE [Prb.cpp, 835] - RxStream contents:01 00 0C AF 06 0A 00 01 35 2B C8 0D 
2013/07/19 13:14:29:520 [006836] TRACE [Prb.cpp, 943] - RadioBoardPacket(ACK):01 00 0C AF 06 0A 00 01 35 2B C8 0D 
2013/07/19 13:14:29:520 [006024] DEBUG [Prb.cpp, 603] - Read CC1020 completed, Address=0x0008, Data=0x35
2013/07/19 13:14:29:521 [006024] INFO [CommunicationSystem.cpp, 617] - CC1020 Frequency 2B 0x35.
2013/07/19 13:14:29:521 [006024] TRACE [Prb.cpp, 584] - Reading CC1020, Address=0x0009
2013/07/19 13:14:29:522 [006024] TRACE [Prb.cpp, 1035] - ReadCC1020Packet(0x09):01 00 0C 0B 84 00 02 00 09 79 34 0D 
2013/07/19 13:14:29:522 [006836] TRACE [Prb.cpp, 835] - RxStream contents:01 00 0C B0 06 0B 00 01 FA 15 74 0D 
2013/07/19 13:14:29:523 [006836] TRACE [Prb.cpp, 943] - RadioBoardPacket(ACK):01 00 0C B0 06 0B 00 01 FA 15 74 0D 
2013/07/19 13:14:29:523 [006024] DEBUG [Prb.cpp, 603] - Read CC1020 completed, Address=0x0009, Data=0xFA
2013/07/19 13:14:29:524 [006024] INFO [CommunicationSystem.cpp, 618] - CC1020 Frequency 1B 0xfa.
2013/07/19 13:14:29:524 [006024] TRACE [Prb.cpp, 584] - Reading CC1020, Address=0x000A
2013/07/19 13:14:29:525 [006024] TRACE [Prb.cpp, 1035] - ReadCC1020Packet(0x0A):01 00 0C 0C 84 00 02 00 0A 11 38 0D 
2013/07/19 13:14:29:525 [006836] TRACE [Prb.cpp, 835] - RxStream contents:01 00 0C B1 06 0C 00 01 CB 81 D1 0D 
2013/07/19 13:14:29:526 [006836] TRACE [Prb.cpp, 943] - RadioBoardPacket(ACK):01 00 0C B1 06 0C 00 01 CB 81 D1 0D 
2013/07/19 13:14:29:527 [006024] DEBUG [Prb.cpp, 603] - Read CC1020 completed, Address=0x000A, Data=0xCB
2013/07/19 13:14:29:527 [006024] INFO [CommunicationSystem.cpp, 619] - CC1020 Frequency 0B 0xcb.
2013/07/19 13:14:29:528 [006024] DEBUG [Prb.cpp, 650] - Read EEPROM completed, Address=0x060A, Data=0x00
2013/07/19 13:14:29:528 [006024] INFO [CommunicationSystem.cpp, 620] - RSSI Calibration Reference Center Channel 0.
2013/07/19 13:14:29:529 [006024] TRACE [Prb.cpp, 493] - Reading FPGA, Address=0x3054
2013/07/19 13:14:29:530 [006024] TRACE [Prb.cpp, 1035] - ReadFPGAPacket(0x3054):01 00 0C 0D 82 00 02 30 54 C9 EC 0D 
2013/07/19 13:14:29:530 [006836] TRACE [Prb.cpp, 835] - RxStream contents:01 00 0C B2 06 0D 00 01 07 9F 7A 0D 
2013/07/19 13:14:29:530 [006836] TRACE [Prb.cpp, 943] - RadioBoardPacket(ACK):01 00 0C B2 06 0D 00 01 07 9F 7A 0D 
2013/07/19 13:14:29:531 [006024] DEBUG [Prb.cpp, 512] - Read FPGA completed, Address=0x3054, Data=0x07
2013/07/19 13:14:29:531 [006024] INFO [CommunicationSystem.cpp, 621] - CC1020 PA_POWER 0x7.
2013/07/19 13:14:29:532 [006024] TRACE [Prb.cpp, 584] - Reading CC1020, Address=0x001C
2013/07/19 13:14:29:533 [006024] TRACE [Prb.cpp, 1035] - ReadCC1020Packet(0x1C):01 00 0C 0E 84 00 02 00 1C E1 4C 0D 
2013/07/19 13:14:29:533 [006836] TRACE [Prb.cpp, 835] - RxStream contents:01 00 0C B3 06 0E 00 01 07 5B 79 0D 
2013/07/19 13:14:29:534 [006836] TRACE [Prb.cpp, 943] - RadioBoardPacket(ACK):01 00 0C B3 06 0E 00 01 07 5B 79 0D 
2013/07/19 13:14:29:534 [006024] DEBUG [Prb.cpp, 603] - Read CC1020 completed, Address=0x001C, Data=0x07
2013/07/19 13:14:29:535 [006024] INFO [CommunicationSystem.cpp, 622] - CC1020 Transmit Power 0x7.
2013/07/19 13:14:29:535 [006024] TRACE [Prb.cpp, 493] - Reading FPGA, Address=0x3014
2013/07/19 13:14:29:536 [006024] TRACE [Prb.cpp, 1035] - ReadFPGAPacket(0x3014):01 00 0C 0F 82 00 02 30 14 38 6C 0D 
2013/07/19 13:14:29:536 [006836] TRACE [Prb.cpp, 835] - RxStream contents:01 00 0C B4 06 0F 00 01 00 27 6D 0D 
2013/07/19 13:14:29:537 [006836] TRACE [Prb.cpp, 943] - RadioBoardPacket(ACK):01 00 0C B4 06 0F 00 01 00 27 6D 0D 
2013/07/19 13:14:29:537 [006024] DEBUG [Prb.cpp, 512] - Read FPGA completed, Address=0x3014, Data=0x00
2013/07/19 13:14:29:538 [006024] INFO [CommunicationSystem.cpp, 623] - Low Noise Amplifier Circumvented 0.
2013/07/19 13:14:29:539 [006024] TRACE [Prb.cpp, 584] - Reading CC1020, Address=0x0001
2013/07/19 13:14:29:539 [006024] TRACE [Prb.cpp, 1035] - ReadCC1020Packet(0x01):01 00 0C 10 84 00 02 00 01 B1 1C 0D 
2013/07/19 13:14:29:539 [006836] TRACE [Prb.cpp, 835] - RxStream contents:01 00 0C B5 06 10 00 01 0F 53 4A 0D 
2013/07/19 13:14:29:540 [006836] TRACE [Prb.cpp, 943] - RadioBoardPacket(ACK):01 00 0C B5 06 10 00 01 0F 53 4A 0D 
2013/07/19 13:14:29:541 [006024] DEBUG [Prb.cpp, 603] - Read CC1020 completed, Address=0x0001, Data=0x0F
2013/07/19 13:14:29:541 [006024] INFO [CommunicationSystem.cpp, 624] - Low Noise Amplifier 0xf.
2013/07/19 13:14:29:542 [006024] TRACE [Prb.cpp, 493] - Reading FPGA, Address=0x1006
2013/07/19 13:14:29:543 [006024] TRACE [Prb.cpp, 1035] - ReadFPGAPacket(0x1006):01 00 0C 11 82 00 02 10 06 28 1D 0D 
2013/07/19 13:14:29:543 [006836] TRACE [Prb.cpp, 835] - RxStream contents:01 00 0C B6 06 11 00 01 08 CF 58 0D 
2013/07/19 13:14:29:544 [006836] TRACE [Prb.cpp, 943] - RadioBoardPacket(ACK):01 00 0C B6 06 11 00 01 08 CF 58 0D 
2013/07/19 13:14:29:544 [006024] DEBUG [Prb.cpp, 512] - Read FPGA completed, Address=0x1006, Data=0x08
2013/07/19 13:14:29:545 [006024] INFO [CommunicationSystem.cpp, 625] - Allowed Framing Errors 8.
2013/07/19 13:14:29:548 [006024] INFO [CrossTalkDetector.cpp, 28] - LinkThreshold = 8
2013/07/19 13:14:29:548 [006024] INFO [CrossTalkDetector.cpp, 14] - EnterCrossTalkThreshold = 8
2013/07/19 13:14:29:549 [006024] INFO [CrossTalkDetector.cpp, 21] - LeaveCrossTalkThreshold = 4
2013/07/19 13:14:29:558 [004672] TRACE [Prb.cpp, 493] - Reading FPGA, Address=0x3000
2013/07/19 13:14:29:559 [004672] TRACE [Prb.cpp, 1035] - ReadFPGAPacket(0x3000):01 00 0C 12 82 00 02 30 00 E0 0A 0D 
2013/07/19 13:14:29:559 [006836] TRACE [Prb.cpp, 835] - RxStream contents:01 00 0C B7 06 12 00 01 07 0B 79 0D 
2013/07/19 13:14:29:560 [006836] TRACE [Prb.cpp, 943] - RadioBoardPacket(ACK):01 00 0C B7 06 12 00 01 07 0B 79 0D 
2013/07/19 13:14:29:560 [004672] DEBUG [Prb.cpp, 512] - Read FPGA completed, Address=0x3000, Data=0x07
2013/07/19 13:14:29:561 [004672] TRACE [Prb.cpp, 539] - Writing CC1020, Address=0x001C, Data=0x07
2013/07/19 13:14:29:562 [004672] TRACE [Prb.cpp, 1035] - WriteCC1020Packet(0x1C, 0x07):01 00 0D 13 83 00 03 00 1C 07 3E 84 0D 
2013/07/19 13:14:29:562 [006836] TRACE [Prb.cpp, 835] - RxStream contents:01 00 0B B8 06 13 00 00 06 36 0D 
2013/07/19 13:14:29:563 [006836] TRACE [Prb.cpp, 943] - RadioBoardPacket(ACK):01 00 0B B8 06 13 00 00 06 36 0D 
2013/07/19 13:14:29:564 [004672] DEBUG [Prb.cpp, 557] - Write CC1020 completed, Address=0x001C, Data=0x07
2013/07/19 13:14:29:593 [006024] TRACE [Prb.cpp, 493] - Reading FPGA, Address=0x3000
2013/07/19 13:14:29:594 [006024] TRACE [Prb.cpp, 1035] - ReadFPGAPacket(0x3000):01 00 0C 14 82 00 02 30 00 70 0F 0D 
2013/07/19 13:14:29:594 [006836] TRACE [Prb.cpp, 835] - RxStream contents:01 00 0C B9 06 14 00 01 07 A3 75 0D 
2013/07/19 13:14:29:595 [006836] TRACE [Prb.cpp, 943] - RadioBoardPacket(ACK):01 00 0C B9 06 14 00 01 07 A3 75 0D 
2013/07/19 13:14:29:596 [006024] DEBUG [Prb.cpp, 512] - Read FPGA completed, Address=0x3000, Data=0x07
2013/07/19 13:14:29:604 [006024] INFO [CommunicationSystem.cpp, 640] - Calibrating the PRB CC1020.
2013/07/19 13:14:29:604 [006024] TRACE [Prb.cpp, 448] - Writing FPGA, Address=0x1008, Data=0x01
2013/07/19 13:14:29:605 [006024] TRACE [Prb.cpp, 1035] - WriteFPGAPacket(0x1008, 0x01):01 00 0D 15 81 00 03 10 08 01 B1 B0 0D 
2013/07/19 13:14:29:605 [006836] TRACE [Prb.cpp, 835] - RxStream contents:01 00 0B BA 06 15 00 00 86 BD 0D 
2013/07/19 13:14:29:606 [006836] TRACE [Prb.cpp, 943] - RadioBoardPacket(ACK):01 00 0B BA 06 15 00 00 86 BD 0D 
2013/07/19 13:14:29:607 [006024] DEBUG [Prb.cpp, 466] - Write FPGA completed, Address=0x1008, Data=0x01
2013/07/19 13:14:29:687 [006836] TRACE [Prb.cpp, 835] - RxStream contents:01 00 0D BB 00 00 00 02 09 00 D6 B5 0D 
2013/07/19 13:14:29:693 [005692] DEBUG [CommunicationSystem.cpp, 1120] - Calibration complete.
2013/07/19 13:14:29:693 [006024] TRACE [Prb.cpp, 493] - Reading FPGA, Address=0x2012
2013/07/19 13:14:29:694 [006024] TRACE [Prb.cpp, 1035] - ReadFPGAPacket(0x2012):01 00 0C 16 82 00 02 20 12 E0 63 0D 
2013/07/19 13:14:29:694 [006836] TRACE [Prb.cpp, 835] - RxStream contents:01 00 0C BC 06 16 00 01 00 93 62 0D 
2013/07/19 13:14:29:695 [006836] TRACE [Prb.cpp, 943] - RadioBoardPacket(ACK):01 00 0C BC 06 16 00 01 00 93 62 0D 
2013/07/19 13:14:29:696 [006024] DEBUG [Prb.cpp, 512] - Read FPGA completed, Address=0x2012, Data=0x00
2013/07/19 13:14:29:696 [006024] INFO [CommunicationSystem.cpp, 653] - CC1020 Calibration succeeded.
2013/07/19 13:14:29:702 [006024] TRACE [Prb.cpp, 584] - Reading CC1020, Address=0x0004
2013/07/19 13:14:29:703 [006024] TRACE [Prb.cpp, 1035] - ReadCC1020Packet(0x04):01 00 0C 17 84 00 02 00 04 D9 04 0D 
2013/07/19 13:14:29:703 [006836] TRACE [Prb.cpp, 835] - RxStream contents:01 00 0C BD 06 17 00 01 35 FF DC 0D 
2013/07/19 13:14:29:704 [006836] TRACE [Prb.cpp, 943] - RadioBoardPacket(ACK):01 00 0C BD 06 17 00 01 35 FF DC 0D 
2013/07/19 13:14:29:704 [006024] DEBUG [Prb.cpp, 603] - Read CC1020 completed, Address=0x0004, Data=0x35
2013/07/19 13:14:29:707 [006024] TRACE [Prb.cpp, 584] - Reading CC1020, Address=0x0005
2013/07/19 13:14:29:708 [006024] TRACE [Prb.cpp, 1035] - ReadCC1020Packet(0x05):01 00 0C 18 84 00 02 00 05 71 0E 0D 
2013/07/19 13:14:29:708 [006836] TRACE [Prb.cpp, 835] - RxStream contents:01 00 0C BE 06 18 00 01 F0 B9 42 0D 
2013/07/19 13:14:29:709 [006836] TRACE [Prb.cpp, 943] - RadioBoardPacket(ACK):01 00 0C BE 06 18 00 01 F0 B9 42 0D 
2013/07/19 13:14:29:709 [006024] DEBUG [Prb.cpp, 603] - Read CC1020 completed, Address=0x0005, Data=0xF0
2013/07/19 13:14:29:711 [006024] TRACE [Prb.cpp, 584] - Reading CC1020, Address=0x0006
2013/07/19 13:14:29:711 [006024] TRACE [Prb.cpp, 1035] - ReadCC1020Packet(0x06):01 00 0C 19 84 00 02 00 06 89 07 0D 
2013/07/19 13:14:29:711 [006836] TRACE [Prb.cpp, 835] - RxStream contents:01 00 0C BF 06 19 00 01 21 D7 A4 0D 
2013/07/19 13:14:29:713 [006836] TRACE [Prb.cpp, 943] - RadioBoardPacket(ACK):01 00 0C BF 06 19 00 01 21 D7 A4 0D 
2013/07/19 13:14:29:713 [006024] DEBUG [Prb.cpp, 603] - Read CC1020 completed, Address=0x0006, Data=0x21
2013/07/19 13:14:29:714 [006024] TRACE [Prb.cpp, 584] - Reading CC1020, Address=0x0007
2013/07/19 13:14:29:715 [006024] TRACE [Prb.cpp, 1035] - ReadCC1020Packet(0x07):01 00 0C 1A 84 00 02 00 07 81 02 0D 
2013/07/19 13:14:29:715 [006836] TRACE [Prb.cpp, 835] - RxStream contents:01 00 0C C0 06 1A 00 01 38 C3 8A 0D 
2013/07/19 13:14:29:716 [006836] TRACE [Prb.cpp, 943] - RadioBoardPacket(ACK):01 00 0C C0 06 1A 00 01 38 C3 8A 0D 
2013/07/19 13:14:29:717 [006024] DEBUG [Prb.cpp, 603] - Read CC1020 completed, Address=0x0007, Data=0x38
2013/07/19 13:14:29:718 [006024] TRACE [Prb.cpp, 584] - Reading CC1020, Address=0x0008
2013/07/19 13:14:29:719 [006024] TRACE [Prb.cpp, 1035] - ReadCC1020Packet(0x08):01 00 0C 1B 84 00 02 00 08 79 23 0D 
2013/07/19 13:14:29:719 [006836] TRACE [Prb.cpp, 835] - RxStream contents:01 00 0C C1 06 1B 00 01 35 2F A7 0D 
2013/07/19 13:14:29:720 [006836] TRACE [Prb.cpp, 943] - RadioBoardPacket(ACK):01 00 0C C1 06 1B 00 01 35 2F A7 0D 
2013/07/19 13:14:29:720 [006024] DEBUG [Prb.cpp, 603] - Read CC1020 completed, Address=0x0008, Data=0x35
2013/07/19 13:14:29:721 [006024] TRACE [Prb.cpp, 584] - Reading CC1020, Address=0x0009
2013/07/19 13:14:29:722 [006024] TRACE [Prb.cpp, 1035] - ReadCC1020Packet(0x09):01 00 0C 1C 84 00 02 00 09 91 20 0D 
2013/07/19 13:14:29:722 [006836] TRACE [Prb.cpp, 835] - RxStream contents:01 00 0C C2 06 1C 00 01 FA 49 06 0D 
2013/07/19 13:14:29:723 [006836] TRACE [Prb.cpp, 943] - RadioBoardPacket(ACK):01 00 0C C2 06 1C 00 01 FA 49 06 0D 
2013/07/19 13:14:29:724 [006024] DEBUG [Prb.cpp, 603] - Read CC1020 completed, Address=0x0009, Data=0xFA
2013/07/19 13:14:29:725 [006024] TRACE [Prb.cpp, 584] - Reading CC1020, Address=0x000A
2013/07/19 13:14:29:725 [006024] TRACE [Prb.cpp, 1035] - ReadCC1020Packet(0x0A):01 00 0C 1D 84 00 02 00 0A 69 29 0D 
2013/07/19 13:14:29:726 [006836] TRACE [Prb.cpp, 835] - RxStream contents:01 00 0C C3 06 1D 00 01 CB A5 A3 0D 
2013/07/19 13:14:29:726 [006836] TRACE [Prb.cpp, 943] - RadioBoardPacket(ACK):01 00 0C C3 06 1D 00 01 CB A5 A3 0D 
2013/07/19 13:14:29:727 [006024] DEBUG [Prb.cpp, 603] - Read CC1020 completed, Address=0x000A, Data=0xCB
2013/07/19 13:14:29:728 [006024] TRACE [Prb.cpp, 584] - Reading CC1020, Address=0x000B
2013/07/19 13:14:29:729 [006024] TRACE [Prb.cpp, 1035] - ReadCC1020Packet(0x0B):01 00 0C 1E 84 00 02 00 0B 61 2C 0D 
2013/07/19 13:14:29:729 [006836] TRACE [Prb.cpp, 835] - RxStream contents:01 00 0C C4 06 1E 00 01 38 F3 8F 0D 
2013/07/19 13:14:29:730 [006836] TRACE [Prb.cpp, 943] - RadioBoardPacket(ACK):01 00 0C C4 06 1E 00 01 38 F3 8F 0D 
2013/07/19 13:14:29:731 [006024] DEBUG [Prb.cpp, 603] - Read CC1020 completed, Address=0x000B, Data=0x38
2013/07/19 13:14:29:732 [006024] TRACE [Prb.cpp, 584] - Reading CC1020, Address=0x001D
2013/07/19 13:14:29:733 [006836] TRACE [Prb.cpp, 835] - RxStream contents:01 00 0C C5 06 1F 00 01 00 1F 1C 0D 
2013/07/19 13:14:29:733 [006024] TRACE [Prb.cpp, 1035] - ReadCC1020Packet(0x1D):01 00 0C 1F 84 00 02 00 1D 19 58 0D 
2013/07/19 13:14:29:733 [006836] TRACE [Prb.cpp, 943] - RadioBoardPacket(ACK):01 00 0C C5 06 1F 00 01 00 1F 1C 0D 
2013/07/19 13:14:29:735 [006024] DEBUG [Prb.cpp, 603] - Read CC1020 completed, Address=0x001D, Data=0x00
2013/07/19 13:14:29:736 [006024] TRACE [Prb.cpp, 584] - Reading CC1020, Address=0x0045
2013/07/19 13:14:29:737 [006024] TRACE [Prb.cpp, 1035] - ReadCC1020Packet(0x45):01 00 0C 20 84 00 02 00 45 B0 B7 0D 
2013/07/19 13:14:29:737 [006836] TRACE [Prb.cpp, 835] - RxStream contents:01 00 0C C6 06 20 00 01 4C 1A BD 0D 
2013/07/19 13:14:29:738 [006836] TRACE [Prb.cpp, 943] - RadioBoardPacket(ACK):01 00 0C C6 06 20 00 01 4C 1A BD 0D 
2013/07/19 13:14:29:738 [006024] DEBUG [Prb.cpp, 603] - Read CC1020 completed, Address=0x0045, Data=0x4C
2013/07/19 13:14:29:739 [006024] TRACE [Prb.cpp, 584] - Reading CC1020, Address=0x0046
2013/07/19 13:14:29:740 [006024] TRACE [Prb.cpp, 1035] - ReadCC1020Packet(0x46):01 00 0C 21 84 00 02 00 46 48 BE 0D 
2013/07/19 13:14:29:740 [006836] TRACE [Prb.cpp, 835] - RxStream contents:01 00 0C C7 06 21 00 01 66 F6 42 0D 
2013/07/19 13:14:29:741 [006836] TRACE [Prb.cpp, 943] - RadioBoardPacket(ACK):01 00 0C C7 06 21 00 01 66 F6 42 0D 
2013/07/19 13:14:29:742 [006024] DEBUG [Prb.cpp, 603] - Read CC1020 completed, Address=0x0046, Data=0x66
2013/07/19 13:14:29:743 [006024] TRACE [Prb.cpp, 584] - Reading CC1020, Address=0x0047
2013/07/19 13:14:29:744 [006024] TRACE [Prb.cpp, 1035] - ReadCC1020Packet(0x47):01 00 0C 22 84 00 02 00 47 40 BB 0D 
2013/07/19 13:14:29:744 [006836] TRACE [Prb.cpp, 835] - RxStream contents:01 00 0C C8 06 22 00 01 44 E2 81 0D 
2013/07/19 13:14:29:745 [006836] TRACE [Prb.cpp, 943] - RadioBoardPacket(ACK):01 00 0C C8 06 22 00 01 44 E2 81 0D 
2013/07/19 13:14:29:745 [006024] DEBUG [Prb.cpp, 603] - Read CC1020 completed, Address=0x0047, Data=0x44
2013/07/19 13:14:29:753 [006024] TRACE [Prb.cpp, 493] - Reading FPGA, Address=0x305E
2013/07/19 13:14:29:754 [006024] TRACE [Prb.cpp, 1035] - ReadFPGAPacket(0x305E):01 00 0C 23 82 00 02 30 5E 99 FD 0D 
2013/07/19 13:14:29:754 [006836] TRACE [Prb.cpp, 835] - RxStream contents:01 00 0C C9 06 23 00 01 00 8F 19 0D 
2013/07/19 13:14:29:755 [006836] TRACE [Prb.cpp, 943] - RadioBoardPacket(ACK):01 00 0C C9 06 23 00 01 00 8F 19 0D 
2013/07/19 13:14:29:756 [006024] DEBUG [Prb.cpp, 512] - Read FPGA completed, Address=0x305E, Data=0x00
2013/07/19 13:14:29:757 [006024] TRACE [Prb.cpp, 493] - Reading FPGA, Address=0x3060
2013/07/19 13:14:29:757 [006024] TRACE [Prb.cpp, 1035] - ReadFPGAPacket(0x3060):01 00 0C 24 82 00 02 30 60 71 7C 0D 
2013/07/19 13:14:29:757 [006836] TRACE [Prb.cpp, 835] - RxStream contents:01 00 0C CA 06 24 00 01 00 EB 1A 0D 
2013/07/19 13:14:29:758 [006836] TRACE [Prb.cpp, 943] - RadioBoardPacket(ACK):01 00 0C CA 06 24 00 01 00 EB 1A 0D 
2013/07/19 13:14:29:759 [006024] DEBUG [Prb.cpp, 512] - Read FPGA completed, Address=0x3060, Data=0x00
2013/07/19 13:14:29:760 [006024] TRACE [Prb.cpp, 493] - Reading FPGA, Address=0x3062
2013/07/19 13:14:29:760 [006024] TRACE [Prb.cpp, 1035] - ReadFPGAPacket(0x3062):01 00 0C 25 82 00 02 30 62 09 70 0D 
2013/07/19 13:14:29:760 [006836] TRACE [Prb.cpp, 835] - RxStream contents:01 00 0C CB 06 25 00 01 00 87 1A 0D 
2013/07/19 13:14:29:761 [006836] TRACE [Prb.cpp, 943] - RadioBoardPacket(ACK):01 00 0C CB 06 25 00 01 00 87 1A 0D 
2013/07/19 13:14:29:762 [006024] DEBUG [Prb.cpp, 512] - Read FPGA completed, Address=0x3062, Data=0x00
2013/07/19 13:14:29:767 [006024] TRACE [Prb.cpp, 493] - Reading FPGA, Address=0x3066
2013/07/19 13:14:29:768 [006024] TRACE [Prb.cpp, 1035] - ReadFPGAPacket(0x3066):01 00 0C 26 82 00 02 30 66 01 6B 0D 
2013/07/19 13:14:29:768 [006836] TRACE [Prb.cpp, 835] - RxStream contents:01 00 0C CC 06 26 00 01 00 D3 1C 0D 
2013/07/19 13:14:29:769 [006836] TRACE [Prb.cpp, 943] - RadioBoardPacket(ACK):01 00 0C CC 06 26 00 01 00 D3 1C 0D 
2013/07/19 13:14:29:769 [006024] DEBUG [Prb.cpp, 512] - Read FPGA completed, Address=0x3066, Data=0x00
2013/07/19 13:14:29:770 [006024] TRACE [Prb.cpp, 493] - Reading FPGA, Address=0x3068
2013/07/19 13:14:29:771 [006024] TRACE [Prb.cpp, 1035] - ReadFPGAPacket(0x3068):01 00 0C 27 82 00 02 30 68 79 4F 0D 
2013/07/19 13:14:29:771 [006836] TRACE [Prb.cpp, 835] - RxStream contents:01 00 0C CD 06 27 00 01 00 BF 1C 0D 
2013/07/19 13:14:29:772 [006836] TRACE [Prb.cpp, 943] - RadioBoardPacket(ACK):01 00 0C CD 06 27 00 01 00 BF 1C 0D 
2013/07/19 13:14:29:772 [006024] DEBUG [Prb.cpp, 512] - Read FPGA completed, Address=0x3068, Data=0x00
2013/07/19 13:14:29:773 [006024] TRACE [Prb.cpp, 493] - Reading FPGA, Address=0x306A
2013/07/19 13:14:29:774 [006024] TRACE [Prb.cpp, 1035] - ReadFPGAPacket(0x306A):01 00 0C 28 82 00 02 30 6A D1 4F 0D 
2013/07/19 13:14:29:774 [006836] TRACE [Prb.cpp, 835] - RxStream contents:01 00 0C CE 06 28 00 01 00 FB 1C 0D 
2013/07/19 13:14:29:775 [006836] TRACE [Prb.cpp, 943] - RadioBoardPacket(ACK):01 00 0C CE 06 28 00 01 00 FB 1C 0D 
2013/07/19 13:14:29:775 [006024] DEBUG [Prb.cpp, 512] - Read FPGA completed, Address=0x306A, Data=0x00
2013/07/19 13:14:29:778 [006024] TRACE [Prb.cpp, 448] - Writing FPGA, Address=0x1026, Data=0x01
2013/07/19 13:14:29:778 [006024] TRACE [Prb.cpp, 1035] - WriteFPGAPacket(0x1026, 0x01):01 00 0D 29 81 00 03 10 26 01 6A 70 0D 
2013/07/19 13:14:29:778 [006836] TRACE [Prb.cpp, 835] - RxStream contents:01 00 0B CF 06 29 00 00 12 96 0D 
2013/07/19 13:14:29:780 [006836] TRACE [Prb.cpp, 943] - RadioBoardPacket(ACK):01 00 0B CF 06 29 00 00 12 96 0D 
2013/07/19 13:14:29:780 [006024] DEBUG [Prb.cpp, 466] - Write FPGA completed, Address=0x1026, Data=0x01
2013/07/19 13:14:29:787 [004672] TRACE [Prb.cpp, 539] - Writing CC1020, Address=0x001C, Data=0x07
2013/07/19 13:14:29:788 [004672] TRACE [Prb.cpp, 1035] - WriteCC1020Packet(0x1C, 0x07):01 00 0D 2A 83 00 03 00 1C 07 04 14 0D 
2013/07/19 13:14:29:788 [006836] TRACE [Prb.cpp, 835] - RxStream contents:01 00 0B D0 06 2A 00 00 97 81 0D 
2013/07/19 13:14:29:789 [006836] TRACE [Prb.cpp, 943] - RadioBoardPacket(ACK):01 00 0B D0 06 2A 00 00 97 81 0D 
2013/07/19 13:14:29:790 [004672] DEBUG [Prb.cpp, 557] - Write CC1020 completed, Address=0x001C, Data=0x07
2013/07/19 13:14:29:792 [004672] TRACE [Prb.cpp, 448] - Writing FPGA, Address=0x3012, Data=0x01
2013/07/19 13:14:29:792 [004672] TRACE [Prb.cpp, 1035] - WriteFPGAPacket(0x3012, 0x01):01 00 0D 2B 81 00 03 30 12 01 52 D3 0D 
2013/07/19 13:14:29:792 [006836] TRACE [Prb.cpp, 835] - RxStream contents:01 00 0B D1 06 2B 00 00 97 ED 0D 
2013/07/19 13:14:29:793 [006836] TRACE [Prb.cpp, 943] - RadioBoardPacket(ACK):01 00 0B D1 06 2B 00 00 97 ED 0D 
2013/07/19 13:14:29:794 [004672] DEBUG [Prb.cpp, 466] - Write FPGA completed, Address=0x3012, Data=0x01
2013/07/19 13:14:29:795 [004672] TRACE [Prb.cpp, 493] - Reading FPGA, Address=0x1004
2013/07/19 13:14:29:796 [004672] TRACE [Prb.cpp, 1035] - ReadFPGAPacket(0x1004):01 00 0C 2C 82 00 02 10 04 F0 2D 0D 
2013/07/19 13:14:29:796 [006836] TRACE [Prb.cpp, 835] - RxStream contents:01 00 0C D2 06 2C 00 01 00 0B 02 0D 
2013/07/19 13:14:29:797 [006836] TRACE [Prb.cpp, 943] - RadioBoardPacket(ACK):01 00 0C D2 06 2C 00 01 00 0B 02 0D 
2013/07/19 13:14:29:797 [004672] DEBUG [Prb.cpp, 512] - Read FPGA completed, Address=0x1004, Data=0x00
2013/07/19 13:14:29:798 [004672] TRACE [Prb.cpp, 448] - Writing FPGA, Address=0x1004, Data=0x00
2013/07/19 13:14:29:798 [004672] TRACE [Prb.cpp, 1035] - WriteFPGAPacket(0x1004, 0x00):01 00 0D 2D 81 00 03 10 04 00 A2 36 0D 
2013/07/19 13:14:29:798 [006836] TRACE [Prb.cpp, 835] - RxStream contents:01 00 0B D3 06 2D 00 00 17 66 0D 
2013/07/19 13:14:29:799 [006836] TRACE [Prb.cpp, 943] - RadioBoardPacket(ACK):01 00 0B D3 06 2D 00 00 17 66 0D 
2013/07/19 13:14:29:800 [004672] DEBUG [Prb.cpp, 466] - Write FPGA completed, Address=0x1004, Data=0x00
2013/07/19 13:14:29:802 [005840] INFO [CommunicationSystemStates.cpp, 130] - Scan requested. Preamble Burst Duration: 9 seconds. Preamble Burst Data Rate: 2.
2013/07/19 13:14:29:803 [005840] TRACE [Prb.cpp, 448] - Writing FPGA, Address=0x1002, Data=0x09
2013/07/19 13:14:29:804 [005840] TRACE [Prb.cpp, 1035] - WriteFPGAPacket(0x1002, 0x09):01 00 0D 2E 81 00 03 10 02 09 B5 30 0D 
2013/07/19 13:14:29:804 [006836] TRACE [Prb.cpp, 835] - RxStream contents:01 00 0B D4 06 2E 00 00 96 31 0D 
2013/07/19 13:14:29:805 [006836] TRACE [Prb.cpp, 943] - RadioBoardPacket(ACK):01 00 0B D4 06 2E 00 00 96 31 0D 
2013/07/19 13:14:29:805 [005840] DEBUG [Prb.cpp, 466] - Write FPGA completed, Address=0x1002, Data=0x09
2013/07/19 13:14:29:806 [005840] TRACE [Prb.cpp, 493] - Reading FPGA, Address=0x1004
2013/07/19 13:14:29:806 [005840] TRACE [Prb.cpp, 1035] - ReadFPGAPacket(0x1004):01 00 0C 2F 82 00 02 10 04 78 2D 0D 
2013/07/19 13:14:29:806 [006836] TRACE [Prb.cpp, 835] - RxStream contents:01 00 0C D5 06 2F 00 01 00 5F 04 0D 
2013/07/19 13:14:29:807 [006836] TRACE [Prb.cpp, 943] - RadioBoardPacket(ACK):01 00 0C D5 06 2F 00 01 00 5F 04 0D 
2013/07/19 13:14:29:808 [005840] DEBUG [Prb.cpp, 512] - Read FPGA completed, Address=0x1004, Data=0x00
2013/07/19 13:14:29:808 [005840] TRACE [Prb.cpp, 448] - Writing FPGA, Address=0x1004, Data=0x08
2013/07/19 13:14:29:809 [005840] TRACE [Prb.cpp, 1035] - WriteFPGAPacket(0x1004, 0x08):01 00 0D 30 81 00 03 10 04 08 3E D5 0D 
2013/07/19 13:14:29:809 [006836] TRACE [Prb.cpp, 835] - RxStream contents:01 00 0B D6 06 30 00 00 17 5A 0D 
2013/07/19 13:14:29:810 [006836] TRACE [Prb.cpp, 943] - RadioBoardPacket(ACK):01 00 0B D6 06 30 00 00 17 5A 0D 
2013/07/19 13:14:29:811 [005840] DEBUG [Prb.cpp, 466] - Write FPGA completed, Address=0x1004, Data=0x08
2013/07/19 13:14:29:811 [005840] TRACE [Prb.cpp, 448] - Writing FPGA, Address=0x1008, Data=0x02
2013/07/19 13:14:29:812 [005840] TRACE [Prb.cpp, 1035] - WriteFPGAPacket(0x1008, 0x02):01 00 0D 31 81 00 03 10 08 02 97 FA 0D 
2013/07/19 13:14:29:812 [006836] TRACE [Prb.cpp, 835] - RxStream contents:01 00 0B D7 06 31 00 00 17 36 0D 
2013/07/19 13:14:29:813 [006836] TRACE [Prb.cpp, 943] - RadioBoardPacket(ACK):01 00 0B D7 06 31 00 00 17 36 0D 
2013/07/19 13:14:29:813 [005840] DEBUG [Prb.cpp, 466] - Write FPGA completed, Address=0x1008, Data=0x02
2013/07/19 13:14:40:936 [005692] INFO [CommunicationSystemStates.cpp, 168] - Scan complete
2013/07/19 13:14:40:938 [005692] TRACE [Prb.cpp, 584] - Reading CC1020, Address=0x0004
2013/07/19 13:14:40:938 [005692] TRACE [Prb.cpp, 1035] - ReadCC1020Packet(0x04):01 00 0C 32 84 00 02 00 04 41 20 0D 
2013/07/19 13:14:40:938 [006836] TRACE [Prb.cpp, 835] - RxStream contents:01 00 0C D9 06 32 00 01 35 DB B0 0D 
2013/07/19 13:14:40:940 [006836] TRACE [Prb.cpp, 943] - RadioBoardPacket(ACK):01 00 0C D9 06 32 00 01 35 DB B0 0D 
2013/07/19 13:14:40:940 [005692] DEBUG [Prb.cpp, 603] - Read CC1020 completed, Address=0x0004, Data=0x35
2013/07/19 13:14:40:941 [005692] TRACE [Prb.cpp, 584] - Reading CC1020, Address=0x0005
2013/07/19 13:14:40:941 [005692] TRACE [Prb.cpp, 1035] - ReadCC1020Packet(0x05):01 00 0C 33 84 00 02 00 05 39 26 0D 
2013/07/19 13:14:40:941 [006836] TRACE [Prb.cpp, 835] - RxStream contents:01 00 0C DA 06 33 00 01 F0 C5 2D 0D 
2013/07/19 13:14:40:942 [006836] TRACE [Prb.cpp, 943] - RadioBoardPacket(ACK):01 00 0C DA 06 33 00 01 F0 C5 2D 0D 
2013/07/19 13:14:40:943 [005692] DEBUG [Prb.cpp, 603] - Read CC1020 completed, Address=0x0005, Data=0xF0
2013/07/19 13:14:40:943 [005692] TRACE [Prb.cpp, 584] - Reading CC1020, Address=0x0006
2013/07/19 13:14:40:944 [005692] TRACE [Prb.cpp, 1035] - ReadCC1020Packet(0x06):01 00 0C 34 84 00 02 00 06 51 2A 0D 
2013/07/19 13:14:40:944 [006836] TRACE [Prb.cpp, 835] - RxStream contents:01 00 0C DB 06 34 00 01 21 D3 CB 0D 
2013/07/19 13:14:40:945 [006836] TRACE [Prb.cpp, 943] - RadioBoardPacket(ACK):01 00 0C DB 06 34 00 01 21 D3 CB 0D 
2013/07/19 13:14:40:946 [005692] DEBUG [Prb.cpp, 603] - Read CC1020 completed, Address=0x0006, Data=0x21
2013/07/19 13:14:40:946 [005692] TRACE [Prb.cpp, 584] - Reading CC1020, Address=0x0008
2013/07/19 13:14:40:947 [005692] TRACE [Prb.cpp, 1035] - ReadCC1020Packet(0x08):01 00 0C 35 84 00 02 00 08 29 0E 0D 
2013/07/19 13:14:40:947 [006836] TRACE [Prb.cpp, 835] - RxStream contents:01 00 0C DC 06 35 00 01 35 2F B6 0D 
2013/07/19 13:14:40:948 [006836] TRACE [Prb.cpp, 943] - RadioBoardPacket(ACK):01 00 0C DC 06 35 00 01 35 2F B6 0D 
2013/07/19 13:14:40:948 [005692] DEBUG [Prb.cpp, 603] - Read CC1020 completed, Address=0x0008, Data=0x35
2013/07/19 13:14:40:949 [005692] TRACE [Prb.cpp, 584] - Reading CC1020, Address=0x0009
2013/07/19 13:14:40:950 [005692] TRACE [Prb.cpp, 1035] - ReadCC1020Packet(0x09):01 00 0C 36 84 00 02 00 09 21 0B 0D 
2013/07/19 13:14:40:950 [006836] TRACE [Prb.cpp, 835] - RxStream contents:01 00 0C DD 06 36 00 01 FA E9 17 0D 
2013/07/19 13:14:40:951 [006836] TRACE [Prb.cpp, 943] - RadioBoardPacket(ACK):01 00 0C DD 06 36 00 01 FA E9 17 0D 
2013/07/19 13:14:40:951 [005692] DEBUG [Prb.cpp, 603] - Read CC1020 completed, Address=0x0009, Data=0xFA
2013/07/19 13:14:40:952 [005692] TRACE [Prb.cpp, 584] - Reading CC1020, Address=0x000A
2013/07/19 13:14:40:952 [005692] TRACE [Prb.cpp, 1035] - ReadCC1020Packet(0x0A):01 00 0C 37 84 00 02 00 0A D9 02 0D 
2013/07/19 13:14:40:952 [006836] TRACE [Prb.cpp, 835] - RxStream contents:01 00 0C DE 06 37 00 01 CB 75 B1 0D 
2013/07/19 13:14:40:953 [006836] TRACE [Prb.cpp, 943] - RadioBoardPacket(ACK):01 00 0C DE 06 37 00 01 CB 75 B1 0D 
2013/07/19 13:14:40:954 [005692] DEBUG [Prb.cpp, 603] - Read CC1020 completed, Address=0x000A, Data=0xCB
2013/07/19 13:14:40:954 [005692] TRACE [Prb.cpp, 584] - Reading CC1020, Address=0x000F
2013/07/19 13:14:40:955 [005692] TRACE [Prb.cpp, 1035] - ReadCC1020Packet(0x0F):01 00 0C 38 84 00 02 00 0F F1 13 0D 
2013/07/19 13:14:40:955 [006836] TRACE [Prb.cpp, 835] - RxStream contents:01 00 0C DF 06 38 00 01 DF 41 CA 0D 
2013/07/19 13:14:40:956 [006836] TRACE [Prb.cpp, 943] - RadioBoardPacket(ACK):01 00 0C DF 06 38 00 01 DF 41 CA 0D 
2013/07/19 13:14:40:956 [005692] DEBUG [Prb.cpp, 603] - Read CC1020 completed, Address=0x000F, Data=0xDF
2013/07/19 13:14:40:957 [005692] TRACE [Prb.cpp, 584] - Reading CC1020, Address=0x0010
2013/07/19 13:14:40:958 [005692] TRACE [Prb.cpp, 1035] - ReadCC1020Packet(0x10):01 00 0C 39 84 00 02 00 10 89 51 0D 
2013/07/19 13:14:40:958 [006836] TRACE [Prb.cpp, 835] - RxStream contents:01 00 0C E0 06 39 00 01 80 FC 37 0D 
2013/07/19 13:14:40:959 [006836] TRACE [Prb.cpp, 943] - RadioBoardPacket(ACK):01 00 0C E0 06 39 00 01 80 FC 37 0D 
2013/07/19 13:14:40:959 [005692] DEBUG [Prb.cpp, 603] - Read CC1020 completed, Address=0x0010, Data=0x80
2013/07/19 13:14:40:960 [005692] TRACE [Prb.cpp, 584] - Reading CC1020, Address=0x0013
2013/07/19 13:14:40:960 [005692] TRACE [Prb.cpp, 1035] - ReadCC1020Packet(0x13):01 00 0C 3A 84 00 02 00 13 01 5B 0D 
2013/07/19 13:14:40:960 [006836] TRACE [Prb.cpp, 835] - RxStream contents:01 00 0C E1 06 3A 00 01 33 BB 9D 0D 
2013/07/19 13:14:40:961 [006836] TRACE [Prb.cpp, 943] - RadioBoardPacket(ACK):01 00 0C E1 06 3A 00 01 33 BB 9D 0D 
2013/07/19 13:14:40:962 [005692] DEBUG [Prb.cpp, 603] - Read CC1020 completed, Address=0x0013, Data=0x33
2013/07/19 13:14:40:962 [005692] TRACE [Prb.cpp, 584] - Reading CC1020, Address=0x0014
2013/07/19 13:14:40:963 [005692] TRACE [Prb.cpp, 1035] - ReadCC1020Packet(0x14):01 00 0C 3B 84 00 02 00 14 79 49 0D 
2013/07/19 13:14:40:963 [006836] TRACE [Prb.cpp, 835] - RxStream contents:01 00 0C E2 06 3B 00 01 3D 27 B9 0D 
2013/07/19 13:14:40:964 [006836] TRACE [Prb.cpp, 943] - RadioBoardPacket(ACK):01 00 0C E2 06 3B 00 01 3D 27 B9 0D 
2013/07/19 13:14:40:965 [005692] DEBUG [Prb.cpp, 603] - Read CC1020 completed, Address=0x0014, Data=0x3D
2013/07/19 13:14:40:965 [005692] TRACE [Prb.cpp, 584] - Reading CC1020, Address=0x0043
2013/07/19 13:14:40:966 [005692] TRACE [Prb.cpp, 1035] - ReadCC1020Packet(0x43):01 00 0C 3C 84 00 02 00 43 90 BE 0D 
2013/07/19 13:14:40:966 [006836] TRACE [Prb.cpp, 835] - RxStream contents:01 00 0C E3 06 3C 00 01 00 B3 34 0D 
2013/07/19 13:14:40:967 [006836] TRACE [Prb.cpp, 943] - RadioBoardPacket(ACK):01 00 0C E3 06 3C 00 01 00 B3 34 0D 
2013/07/19 13:14:40:967 [005692] DEBUG [Prb.cpp, 603] - Read CC1020 completed, Address=0x0043, Data=0x00
2013/07/19 13:14:40:968 [005692] DEBUG [ComSysDiagnostics.cpp, 63] - CC1020 [Scan complete] FREQ_2A: 0x35 FREQ_1A: 0xf0 FREQ_0A: 0x21
2013/07/19 13:14:40:969 [005692] DEBUG [ComSysDiagnostics.cpp, 67] - CC1020 [Scan complete] FREQ_2B: 0x35 FREQ_1B: 0xfa FREQ_0B: 0xcb
2013/07/19 13:14:40:969 [005692] DEBUG [ComSysDiagnostics.cpp, 72] - CC1020 [Scan complete] AFC_CONTROL: 0xdf FILTER: 0x80 VGA3: 0x33 VGA4: 0x3d AFC: 0x00
2013/07/19 13:14:40:970 [005692] INFO [CommunicationSystemStates.cpp, 173] - Found 1 valid ids during the scan operation.
2013/07/19 13:14:40:972 [005692] INFO [CommunicationSystemStates.cpp, 190] - Id: 0x801c0094.
2013/07/19 13:14:40:973 [005692] INFO [CommunicationSystemStates.cpp, 198] - Found 0 invalid ids during the scan operation.
2013/07/19 13:14:40:977 [005840] INFO [CommunicationSystemStates.cpp, 130] - Scan requested. Preamble Burst Duration: 2 seconds. Preamble Burst Data Rate: 0.
2013/07/19 13:14:40:977 [005840] TRACE [Prb.cpp, 448] - Writing FPGA, Address=0x1002, Data=0x02
2013/07/19 13:14:40:978 [005840] TRACE [Prb.cpp, 1035] - WriteFPGAPacket(0x1002, 0x02):01 00 0D 3D 81 00 03 10 02 02 A7 3A 0D 
2013/07/19 13:14:40:978 [006836] TRACE [Prb.cpp, 835] - RxStream contents:01 00 0B E4 06 3D 00 00 1F CE 0D 
2013/07/19 13:14:40:979 [006836] TRACE [Prb.cpp, 943] - RadioBoardPacket(ACK):01 00 0B E4 06 3D 00 00 1F CE 0D 
2013/07/19 13:14:40:980 [005840] DEBUG [Prb.cpp, 466] - Write FPGA completed, Address=0x1002, Data=0x02
2013/07/19 13:14:40:980 [005840] TRACE [Prb.cpp, 493] - Reading FPGA, Address=0x1004
2013/07/19 13:14:40:981 [006836] TRACE [Prb.cpp, 835] - RxStream contents:01 00 0C E5 06 3E 00 01 08 0B 01 0D 
2013/07/19 13:14:40:981 [005840] TRACE [Prb.cpp, 1035] - ReadFPGAPacket(0x1004):01 00 0C 3E 82 00 02 10 04 00 3C 0D 
2013/07/19 13:14:40:981 [006836] TRACE [Prb.cpp, 943] - RadioBoardPacket(ACK):01 00 0C E5 06 3E 00 01 08 0B 01 0D 
2013/07/19 13:14:40:982 [005840] DEBUG [Prb.cpp, 512] - Read FPGA completed, Address=0x1004, Data=0x08
2013/07/19 13:14:40:983 [005840] TRACE [Prb.cpp, 448] - Writing FPGA, Address=0x1004, Data=0x00
2013/07/19 13:14:40:984 [005840] TRACE [Prb.cpp, 1035] - WriteFPGAPacket(0x1004, 0x00):01 00 0D 3F 81 00 03 10 04 00 B1 16 0D 
2013/07/19 13:14:40:984 [006836] TRACE [Prb.cpp, 835] - RxStream contents:01 00 0B E6 06 3F 00 00 1F 16 0D 
2013/07/19 13:14:40:985 [006836] TRACE [Prb.cpp, 943] - RadioBoardPacket(ACK):01 00 0B E6 06 3F 00 00 1F 16 0D 
2013/07/19 13:14:40:985 [005840] DEBUG [Prb.cpp, 466] - Write FPGA completed, Address=0x1004, Data=0x00
2013/07/19 13:14:40:986 [005840] TRACE [Prb.cpp, 448] - Writing FPGA, Address=0x1008, Data=0x02
2013/07/19 13:14:40:986 [006836] TRACE [Prb.cpp, 835] - RxStream contents:01 00 0B E7 06 40 00 00 19 62 0D 
2013/07/19 13:14:40:986 [005840] TRACE [Prb.cpp, 1035] - WriteFPGAPacket(0x1008, 0x02):01 00 0D 40 81 00 03 10 08 02 E1 EA 0D 
2013/07/19 13:14:40:987 [006836] TRACE [Prb.cpp, 943] - RadioBoardPacket(ACK):01 00 0B E7 06 40 00 00 19 62 0D 
2013/07/19 13:14:40:988 [005840] DEBUG [Prb.cpp, 466] - Write FPGA completed, Address=0x1008, Data=0x02
2013/07/19 13:14:45:101 [005692] INFO [CommunicationSystemStates.cpp, 168] - Scan complete
2013/07/19 13:14:45:101 [005692] TRACE [Prb.cpp, 584] - Reading CC1020, Address=0x0004
2013/07/19 13:14:45:102 [005692] TRACE [Prb.cpp, 1035] - ReadCC1020Packet(0x04):01 00 0C 41 84 00 02 00 04 49 54 0D 
2013/07/19 13:14:45:102 [006836] TRACE [Prb.cpp, 835] - RxStream contents:01 00 0C E9 06 41 00 01 35 A7 94 0D 
2013/07/19 13:14:45:103 [006836] TRACE [Prb.cpp, 943] - RadioBoardPacket(ACK):01 00 0C E9 06 41 00 01 35 A7 94 0D 
2013/07/19 13:14:45:104 [005692] DEBUG [Prb.cpp, 603] - Read CC1020 completed, Address=0x0004, Data=0x35
2013/07/19 13:14:45:104 [005692] TRACE [Prb.cpp, 584] - Reading CC1020, Address=0x0005
2013/07/19 13:14:45:105 [005692] TRACE [Prb.cpp, 1035] - ReadCC1020Packet(0x05):01 00 0C 42 84 00 02 00 05 41 51 0D 
2013/07/19 13:14:45:105 [006836] TRACE [Prb.cpp, 835] - RxStream contents:01 00 0C EA 06 42 00 01 F0 11 0A 0D 
2013/07/19 13:14:45:106 [006836] TRACE [Prb.cpp, 943] - RadioBoardPacket(ACK):01 00 0C EA 06 42 00 01 F0 11 0A 0D 
2013/07/19 13:14:45:107 [005692] DEBUG [Prb.cpp, 603] - Read CC1020 completed, Address=0x0005, Data=0xF0
2013/07/19 13:14:45:107 [005692] TRACE [Prb.cpp, 584] - Reading CC1020, Address=0x0006
2013/07/19 13:14:45:108 [005692] TRACE [Prb.cpp, 1035] - ReadCC1020Packet(0x06):01 00 0C 43 84 00 02 00 06 B9 58 0D 
2013/07/19 13:14:45:108 [006836] TRACE [Prb.cpp, 835] - RxStream contents:01 00 0C EB 06 43 00 01 21 7F EC 0D 
2013/07/19 13:14:45:109 [006836] TRACE [Prb.cpp, 943] - RadioBoardPacket(ACK):01 00 0C EB 06 43 00 01 21 7F EC 0D 
2013/07/19 13:14:45:109 [005692] DEBUG [Prb.cpp, 603] - Read CC1020 completed, Address=0x0006, Data=0x21
2013/07/19 13:14:45:110 [005692] TRACE [Prb.cpp, 584] - Reading CC1020, Address=0x0008
2013/07/19 13:14:45:110 [005692] TRACE [Prb.cpp, 1035] - ReadCC1020Packet(0x08):01 00 0C 44 84 00 02 00 08 51 79 0D 
2013/07/19 13:14:45:111 [006836] TRACE [Prb.cpp, 835] - RxStream contents:01 00 0C EC 06 44 00 01 35 FB 91 0D 
2013/07/19 13:14:45:111 [006836] TRACE [Prb.cpp, 943] - RadioBoardPacket(ACK):01 00 0C EC 06 44 00 01 35 FB 91 0D 
2013/07/19 13:14:45:112 [005692] DEBUG [Prb.cpp, 603] - Read CC1020 completed, Address=0x0008, Data=0x35
2013/07/19 13:14:45:112 [005692] TRACE [Prb.cpp, 584] - Reading CC1020, Address=0x0009
2013/07/19 13:14:45:113 [005692] TRACE [Prb.cpp, 1035] - ReadCC1020Packet(0x09):01 00 0C 45 84 00 02 00 09 29 7F 0D 
2013/07/19 13:14:45:113 [006836] TRACE [Prb.cpp, 835] - RxStream contents:01 00 0C ED 06 45 00 01 FA 95 33 0D 
2013/07/19 13:14:45:114 [006836] TRACE [Prb.cpp, 943] - RadioBoardPacket(ACK):01 00 0C ED 06 45 00 01 FA 95 33 0D 
2013/07/19 13:14:45:115 [005692] DEBUG [Prb.cpp, 603] - Read CC1020 completed, Address=0x0009, Data=0xFA
2013/07/19 13:14:45:115 [005692] TRACE [Prb.cpp, 584] - Reading CC1020, Address=0x000A
2013/07/19 13:14:45:116 [005692] TRACE [Prb.cpp, 1035] - ReadCC1020Packet(0x0A):01 00 0C 46 84 00 02 00 0A A1 75 0D 
2013/07/19 13:14:45:116 [006836] TRACE [Prb.cpp, 835] - RxStream contents:01 00 0C EE 06 46 00 01 CB A1 96 0D 
2013/07/19 13:14:45:117 [006836] TRACE [Prb.cpp, 943] - RadioBoardPacket(ACK):01 00 0C EE 06 46 00 01 CB A1 96 0D 
2013/07/19 13:14:45:117 [005692] DEBUG [Prb.cpp, 603] - Read CC1020 completed, Address=0x000A, Data=0xCB
2013/07/19 13:14:45:118 [005692] TRACE [Prb.cpp, 584] - Reading CC1020, Address=0x000F
2013/07/19 13:14:45:118 [005692] TRACE [Prb.cpp, 1035] - ReadCC1020Packet(0x0F):01 00 0C 47 84 00 02 00 0F 59 68 0D 
2013/07/19 13:14:45:118 [006836] TRACE [Prb.cpp, 835] - RxStream contents:01 00 0C EF 06 47 00 01 DF CD EE 0D 
2013/07/19 13:14:45:119 [006836] TRACE [Prb.cpp, 943] - RadioBoardPacket(ACK):01 00 0C EF 06 47 00 01 DF CD EE 0D 
2013/07/19 13:14:45:120 [005692] DEBUG [Prb.cpp, 603] - Read CC1020 completed, Address=0x000F, Data=0xDF
2013/07/19 13:14:45:120 [005692] TRACE [Prb.cpp, 584] - Reading CC1020, Address=0x0010
2013/07/19 13:14:45:121 [005692] TRACE [Prb.cpp, 1035] - ReadCC1020Packet(0x10):01 00 0C 48 84 00 02 00 10 F1 26 0D 
2013/07/19 13:14:45:121 [006836] TRACE [Prb.cpp, 835] - RxStream contents:01 00 0C F0 06 48 00 01 80 A8 31 0D 
2013/07/19 13:14:45:122 [006836] TRACE [Prb.cpp, 943] - RadioBoardPacket(ACK):01 00 0C F0 06 48 00 01 80 A8 31 0D 
2013/07/19 13:14:45:123 [005692] DEBUG [Prb.cpp, 603] - Read CC1020 completed, Address=0x0010, Data=0x80
2013/07/19 13:14:45:123 [005692] TRACE [Prb.cpp, 584] - Reading CC1020, Address=0x0013
2013/07/19 13:14:45:124 [005692] TRACE [Prb.cpp, 1035] - ReadCC1020Packet(0x13):01 00 0C 49 84 00 02 00 13 09 2F 0D 
2013/07/19 13:14:45:124 [006836] TRACE [Prb.cpp, 835] - RxStream contents:01 00 0C F1 06 49 00 01 33 47 98 0D 
2013/07/19 13:14:45:125 [006836] TRACE [Prb.cpp, 943] - RadioBoardPacket(ACK):01 00 0C F1 06 49 00 01 33 47 98 0D 
2013/07/19 13:14:45:125 [005692] DEBUG [Prb.cpp, 603] - Read CC1020 completed, Address=0x0013, Data=0x33
2013/07/19 13:14:45:126 [005692] TRACE [Prb.cpp, 584] - Reading CC1020, Address=0x0014
2013/07/19 13:14:45:126 [005692] TRACE [Prb.cpp, 1035] - ReadCC1020Packet(0x14):01 00 0C 4A 84 00 02 00 14 01 3E 0D 
2013/07/19 13:14:45:126 [006836] TRACE [Prb.cpp, 835] - RxStream contents:01 00 0C F2 06 4A 00 01 3D 73 BF 0D 
2013/07/19 13:14:45:127 [006836] TRACE [Prb.cpp, 943] - RadioBoardPacket(ACK):01 00 0C F2 06 4A 00 01 3D 73 BF 0D 
2013/07/19 13:14:45:128 [005692] DEBUG [Prb.cpp, 603] - Read CC1020 completed, Address=0x0014, Data=0x3D
2013/07/19 13:14:45:128 [005692] TRACE [Prb.cpp, 584] - Reading CC1020, Address=0x0043
2013/07/19 13:14:45:129 [005692] TRACE [Prb.cpp, 1035] - ReadCC1020Packet(0x43):01 00 0C 4B 84 00 02 00 43 78 CC 0D 
2013/07/19 13:14:45:129 [006836] TRACE [Prb.cpp, 835] - RxStream contents:01 00 0C F3 06 4B 00 01 00 9F 32 0D 
2013/07/19 13:14:45:130 [006836] TRACE [Prb.cpp, 943] - RadioBoardPacket(ACK):01 00 0C F3 06 4B 00 01 00 9F 32 0D 
2013/07/19 13:14:45:131 [005692] DEBUG [Prb.cpp, 603] - Read CC1020 completed, Address=0x0043, Data=0x00
2013/07/19 13:14:45:131 [005692] DEBUG [ComSysDiagnostics.cpp, 63] - CC1020 [Scan complete] FREQ_2A: 0x35 FREQ_1A: 0xf0 FREQ_0A: 0x21
2013/07/19 13:14:45:132 [005692] DEBUG [ComSysDiagnostics.cpp, 67] - CC1020 [Scan complete] FREQ_2B: 0x35 FREQ_1B: 0xfa FREQ_0B: 0xcb
2013/07/19 13:14:45:132 [005692] DEBUG [ComSysDiagnostics.cpp, 72] - CC1020 [Scan complete] AFC_CONTROL: 0xdf FILTER: 0x80 VGA3: 0x33 VGA4: 0x3d AFC: 0x00
2013/07/19 13:14:45:133 [005692] INFO [CommunicationSystemStates.cpp, 173] - Found 1 valid ids during the scan operation.
2013/07/19 13:14:45:133 [005692] INFO [CommunicationSystemStates.cpp, 190] - Id: 0x801c0094.
2013/07/19 13:14:45:134 [005692] INFO [CommunicationSystemStates.cpp, 198] - Found 0 invalid ids during the scan operation.
2013/07/19 13:14:45:148 [004672] TRACE [Prb.cpp, 493] - Reading FPGA, Address=0x1004
2013/07/19 13:14:45:149 [004672] TRACE [Prb.cpp, 1035] - ReadFPGAPacket(0x1004):01 00 0C 4C 82 00 02 10 04 F0 4B 0D 
2013/07/19 13:14:45:149 [006836] TRACE [Prb.cpp, 835] - RxStream contents:01 00 0C F4 06 4C 00 01 00 1B 37 0D 
2013/07/19 13:14:45:150 [006836] TRACE [Prb.cpp, 943] - RadioBoardPacket(ACK):01 00 0C F4 06 4C 00 01 00 1B 37 0D 
2013/07/19 13:14:45:151 [004672] DEBUG [Prb.cpp, 512] - Read FPGA completed, Address=0x1004, Data=0x00
2013/07/19 13:14:45:156 [004672] TRACE [Prb.cpp, 448] - Writing FPGA, Address=0x1004, Data=0x00
2013/07/19 13:14:45:157 [004672] TRACE [Prb.cpp, 1035] - WriteFPGAPacket(0x1004, 0x00):01 00 0D 4D 81 00 03 10 04 00 C4 36 0D 
2013/07/19 13:14:45:157 [006836] TRACE [Prb.cpp, 835] - RxStream contents:01 00 0B F5 06 4D 00 00 9E F5 0D 
2013/07/19 13:14:45:158 [006836] TRACE [Prb.cpp, 943] - RadioBoardPacket(ACK):01 00 0B F5 06 4D 00 00 9E F5 0D 
2013/07/19 13:14:45:159 [004672] DEBUG [Prb.cpp, 466] - Write FPGA completed, Address=0x1004, Data=0x00
2013/07/19 13:14:45:160 [005840] INFO [CrossTalkDetectorStates.cpp, 98] - LinkTimeout = 4523 ms
2013/07/19 13:14:45:161 [005840] INFO [CrossTalkDetector.cpp, 68] - CrossTalkDetector state changing from IdleState to LinkingState
2013/07/19 13:14:45:162 [005840] INFO [CommunicationSystemStates.cpp, 147] - Link requested. Id: 0x801c0094. Preamble Burst Duration: 2 seconds. Preamble Burst Data Rate: 0.
2013/07/19 13:14:45:163 [005840] DEBUG [ComSysDiagnostics.cpp, 95] - Resetting FPGA Frame Error Counter
2013/07/19 13:14:45:164 [005840] TRACE [Prb.cpp, 448] - Writing FPGA, Address=0x301C, Data=0x00
2013/07/19 13:14:45:164 [005840] TRACE [Prb.cpp, 1035] - WriteFPGAPacket(0x301C, 0x00):01 00 0D 4E 81 00 03 30 1C 00 15 85 0D 
2013/07/19 13:14:45:164 [006836] TRACE [Prb.cpp, 835] - RxStream contents:01 00 0B F6 06 4E 00 00 9E 41 0D 
2013/07/19 13:14:45:165 [006836] TRACE [Prb.cpp, 943] - RadioBoardPacket(ACK):01 00 0B F6 06 4E 00 00 9E 41 0D 
2013/07/19 13:14:45:166 [005840] DEBUG [Prb.cpp, 466] - Write FPGA completed, Address=0x301C, Data=0x00
2013/07/19 13:14:45:167 [005840] TRACE [Prb.cpp, 448] - Writing FPGA, Address=0x2000, Data=0x80
2013/07/19 13:14:45:167 [005840] TRACE [Prb.cpp, 1035] - WriteFPGAPacket(0x2000, 0x80):01 00 0D 4F 81 00 03 20 00 80 5E D5 0D 
2013/07/19 13:14:45:167 [006836] TRACE [Prb.cpp, 835] - RxStream contents:01 00 0B F7 06 4F 00 00 9E 2D 0D 
2013/07/19 13:14:45:168 [006836] TRACE [Prb.cpp, 943] - RadioBoardPacket(ACK):01 00 0B F7 06 4F 00 00 9E 2D 0D 
2013/07/19 13:14:45:169 [005840] DEBUG [Prb.cpp, 466] - Write FPGA completed, Address=0x2000, Data=0x80
2013/07/19 13:14:45:169 [005840] TRACE [Prb.cpp, 448] - Writing FPGA, Address=0x2002, Data=0x1C
2013/07/19 13:14:45:170 [005840] TRACE [Prb.cpp, 1035] - WriteFPGAPacket(0x2002, 0x1C):01 00 0D 50 81 00 03 20 02 1C 4F 6D 0D 
2013/07/19 13:14:45:170 [006836] TRACE [Prb.cpp, 835] - RxStream contents:01 00 0B F8 06 50 00 00 1D 0A 0D 
2013/07/19 13:14:45:171 [006836] TRACE [Prb.cpp, 943] - RadioBoardPacket(ACK):01 00 0B F8 06 50 00 00 1D 0A 0D 
2013/07/19 13:14:45:172 [005840] DEBUG [Prb.cpp, 466] - Write FPGA completed, Address=0x2002, Data=0x1C
2013/07/19 13:14:45:172 [005840] TRACE [Prb.cpp, 448] - Writing FPGA, Address=0x2004, Data=0x00
2013/07/19 13:14:45:173 [005840] TRACE [Prb.cpp, 1035] - WriteFPGAPacket(0x2004, 0x00):01 00 0D 51 81 00 03 20 04 00 5A 35 0D 
2013/07/19 13:14:45:173 [006836] TRACE [Prb.cpp, 835] - RxStream contents:01 00 0B F9 06 51 00 00 1D 66 0D 
2013/07/19 13:14:45:174 [006836] TRACE [Prb.cpp, 943] - RadioBoardPacket(ACK):01 00 0B F9 06 51 00 00 1D 66 0D 
2013/07/19 13:14:45:174 [005840] DEBUG [Prb.cpp, 466] - Write FPGA completed, Address=0x2004, Data=0x00
2013/07/19 13:14:45:175 [005840] TRACE [Prb.cpp, 448] - Writing FPGA, Address=0x2006, Data=0x94
2013/07/19 13:14:45:176 [005840] TRACE [Prb.cpp, 1035] - WriteFPGAPacket(0x2006, 0x94):01 00 0D 52 81 00 03 20 06 94 56 7D 0D 
2013/07/19 13:14:45:176 [006836] TRACE [Prb.cpp, 835] - RxStream contents:01 00 0B FA 06 52 00 00 1D D2 0D 
2013/07/19 13:14:45:177 [006836] TRACE [Prb.cpp, 943] - RadioBoardPacket(ACK):01 00 0B FA 06 52 00 00 1D D2 0D 
2013/07/19 13:14:45:177 [005840] DEBUG [Prb.cpp, 466] - Write FPGA completed, Address=0x2006, Data=0x94
2013/07/19 13:14:45:178 [005840] TRACE [Prb.cpp, 448] - Writing FPGA, Address=0x1002, Data=0x02
2013/07/19 13:14:45:178 [005840] TRACE [Prb.cpp, 1035] - WriteFPGAPacket(0x1002, 0x02):01 00 0D 53 81 00 03 10 02 02 4F D9 0D 
2013/07/19 13:14:45:178 [006836] TRACE [Prb.cpp, 835] - RxStream contents:01 00 0B FB 06 53 00 00 1D BE 0D 
2013/07/19 13:14:45:179 [006836] TRACE [Prb.cpp, 943] - RadioBoardPacket(ACK):01 00 0B FB 06 53 00 00 1D BE 0D 
2013/07/19 13:14:45:180 [005840] DEBUG [Prb.cpp, 466] - Write FPGA completed, Address=0x1002, Data=0x02
2013/07/19 13:14:45:180 [005840] TRACE [Prb.cpp, 493] - Reading FPGA, Address=0x1004
2013/07/19 13:14:45:181 [005840] TRACE [Prb.cpp, 1035] - ReadFPGAPacket(0x1004):01 00 0C 54 82 00 02 10 04 30 50 0D 
2013/07/19 13:14:45:181 [006836] TRACE [Prb.cpp, 835] - RxStream contents:01 00 0C FC 06 54 00 01 00 3B 3B 0D 
2013/07/19 13:14:45:182 [006836] TRACE [Prb.cpp, 943] - RadioBoardPacket(ACK):01 00 0C FC 06 54 00 01 00 3B 3B 0D 
2013/07/19 13:14:45:183 [005840] DEBUG [Prb.cpp, 512] - Read FPGA completed, Address=0x1004, Data=0x00
2013/07/19 13:14:45:183 [005840] TRACE [Prb.cpp, 448] - Writing FPGA, Address=0x1004, Data=0x00
2013/07/19 13:14:45:184 [005840] TRACE [Prb.cpp, 1035] - WriteFPGAPacket(0x1004, 0x00):01 00 0D 55 81 00 03 10 04 00 DD B6 0D 
2013/07/19 13:14:45:184 [006836] TRACE [Prb.cpp, 835] - RxStream contents:01 00 0B FD 06 55 00 00 1C D6 0D 
2013/07/19 13:14:45:185 [006836] TRACE [Prb.cpp, 943] - RadioBoardPacket(ACK):01 00 0B FD 06 55 00 00 1C D6 0D 
2013/07/19 13:14:45:185 [005840] DEBUG [Prb.cpp, 466] - Write FPGA completed, Address=0x1004, Data=0x00
2013/07/19 13:14:45:186 [005840] TRACE [Prb.cpp, 448] - Writing FPGA, Address=0x1008, Data=0x04
2013/07/19 13:14:45:187 [005840] TRACE [Prb.cpp, 1035] - WriteFPGAPacket(0x1008, 0x04):01 00 0D 56 81 00 03 10 08 04 76 9D 0D 
2013/07/19 13:14:45:187 [006836] TRACE [Prb.cpp, 835] - RxStream contents:01 00 0B FE 06 56 00 00 1C 62 0D 
2013/07/19 13:14:45:188 [006836] TRACE [Prb.cpp, 943] - RadioBoardPacket(ACK):01 00 0B FE 06 56 00 00 1C 62 0D 
2013/07/19 13:14:45:189 [005840] DEBUG [Prb.cpp, 466] - Write FPGA completed, Address=0x1008, Data=0x04
2013/07/19 13:14:47:565 [005692] INFO [CrossTalkDetectorStates.cpp, 174] - Invalid frame while linking
2013/07/19 13:14:47:566 [005692] TRACE [Prb.cpp, 493] - Reading FPGA, Address=0x3018
2013/07/19 13:14:47:567 [005692] TRACE [Prb.cpp, 1035] - ReadFPGAPacket(0x3018):01 00 0C 57 82 00 02 30 18 78 18 0D 
2013/07/19 13:14:47:567 [006836] TRACE [Prb.cpp, 835] - RxStream contents:01 00 0C 00 06 57 00 01 3B 27 52 0D 
2013/07/19 13:14:47:568 [006836] TRACE [Prb.cpp, 943] - RadioBoardPacket(ACK):01 00 0C 00 06 57 00 01 3B 27 52 0D 
2013/07/19 13:14:47:569 [005692] DEBUG [Prb.cpp, 512] - Read FPGA completed, Address=0x3018, Data=0x3B
2013/07/19 13:14:47:569 [005692] TRACE [Prb.cpp, 493] - Reading FPGA, Address=0x301A
2013/07/19 13:14:47:570 [005692] TRACE [Prb.cpp, 1035] - ReadFPGAPacket(0x301A):01 00 0C 58 82 00 02 30 1A D0 18 0D 
2013/07/19 13:14:47:570 [006836] TRACE [Prb.cpp, 835] - RxStream contents:01 00 0C 01 06 58 00 01 01 13 CD 0D 
2013/07/19 13:14:47:571 [006836] TRACE [Prb.cpp, 943] - RadioBoardPacket(ACK):01 00 0C 01 06 58 00 01 01 13 CD 0D 
2013/07/19 13:14:47:572 [005692] DEBUG [Prb.cpp, 512] - Read FPGA completed, Address=0x301A, Data=0x01
2013/07/19 13:14:47:572 [005692] TRACE [Prb.cpp, 493] - Reading FPGA, Address=0x3070
2013/07/19 13:14:47:573 [005692] TRACE [Prb.cpp, 1035] - ReadFPGAPacket(0x3070):01 00 0C 59 82 00 02 30 70 29 67 0D 
2013/07/19 13:14:47:573 [006836] TRACE [Prb.cpp, 835] - RxStream contents:01 00 0C 02 06 59 00 01 FF 8D C9 0D 
2013/07/19 13:14:47:574 [006836] TRACE [Prb.cpp, 943] - RadioBoardPacket(ACK):01 00 0C 02 06 59 00 01 FF 8D C9 0D 
2013/07/19 13:14:47:574 [005692] DEBUG [Prb.cpp, 512] - Read FPGA completed, Address=0x3070, Data=0xFF
2013/07/19 13:14:47:575 [005692] DEBUG [ComSysDiagnostics.cpp, 31] - FPGA RSSI/AFC [Linking(invalid frame)] linkedRSSI:59 linkedAFC:1 AFC:255
2013/07/19 13:14:47:581 [005692] TRACE [Prb.cpp, 493] - Reading FPGA, Address=0x3018
2013/07/19 13:14:47:582 [005692] TRACE [Prb.cpp, 1035] - ReadFPGAPacket(0x3018):01 00 0C 5A 82 00 02 30 18 20 14 0D 
2013/07/19 13:14:47:582 [006836] TRACE [Prb.cpp, 835] - RxStream contents:01 00 0C 04 06 5A 00 01 40 A2 4D 0D 
2013/07/19 13:14:47:583 [006836] TRACE [Prb.cpp, 943] - RadioBoardPacket(ACK):01 00 0C 04 06 5A 00 01 40 A2 4D 0D 
2013/07/19 13:14:47:583 [005692] DEBUG [Prb.cpp, 512] - Read FPGA completed, Address=0x3018, Data=0x40
2013/07/19 13:14:47:584 [005692] TRACE [Prb.cpp, 493] - Reading FPGA, Address=0x301A
2013/07/19 13:14:47:585 [005692] TRACE [Prb.cpp, 1035] - ReadFPGAPacket(0x301A):01 00 0C 5B 82 00 02 30 1A 58 18 0D 
2013/07/19 13:14:47:585 [006836] TRACE [Prb.cpp, 835] - RxStream contents:01 00 0C 05 06 5B 00 01 00 4F CE 0D 
2013/07/19 13:14:47:586 [006836] TRACE [Prb.cpp, 943] - RadioBoardPacket(ACK):01 00 0C 05 06 5B 00 01 00 4F CE 0D 
2013/07/19 13:14:47:586 [005692] DEBUG [Prb.cpp, 512] - Read FPGA completed, Address=0x301A, Data=0x00
2013/07/19 13:14:47:587 [005692] TRACE [Prb.cpp, 493] - Reading FPGA, Address=0x3070
2013/07/19 13:14:47:587 [005692] TRACE [Prb.cpp, 1035] - ReadFPGAPacket(0x3070):01 00 0C 5C 82 00 02 30 70 31 62 0D 
2013/07/19 13:14:47:588 [006836] TRACE [Prb.cpp, 835] - RxStream contents:01 00 0C 06 06 5C 00 01 00 2B CD 0D 
2013/07/19 13:14:47:588 [006836] TRACE [Prb.cpp, 943] - RadioBoardPacket(ACK):01 00 0C 06 06 5C 00 01 00 2B CD 0D 
2013/07/19 13:14:47:589 [005692] DEBUG [Prb.cpp, 512] - Read FPGA completed, Address=0x3070, Data=0x00
2013/07/19 13:14:47:589 [005692] DEBUG [ComSysDiagnostics.cpp, 31] - FPGA RSSI/AFC [Linking(valid frame)] linkedRSSI:64 linkedAFC:0 AFC:0
2013/07/19 13:14:47:600 [005692] TRACE [Prb.cpp, 493] - Reading FPGA, Address=0x3018
2013/07/19 13:14:47:600 [005692] TRACE [Prb.cpp, 1035] - ReadFPGAPacket(0x3018):01 00 0C 5D 82 00 02 30 18 48 12 0D 
2013/07/19 13:14:47:600 [006836] TRACE [Prb.cpp, 835] - RxStream contents:01 00 0C 08 06 5D 00 01 3E EF 45 0D 
2013/07/19 13:14:47:601 [006836] TRACE [Prb.cpp, 943] - RadioBoardPacket(ACK):01 00 0C 08 06 5D 00 01 3E EF 45 0D 
2013/07/19 13:14:47:602 [005692] DEBUG [Prb.cpp, 512] - Read FPGA completed, Address=0x3018, Data=0x3E
2013/07/19 13:14:47:602 [005692] TRACE [Prb.cpp, 493] - Reading FPGA, Address=0x301A
2013/07/19 13:14:47:603 [005692] TRACE [Prb.cpp, 1035] - ReadFPGAPacket(0x301A):01 00 0C 5E 82 00 02 30 1A 40 1D 0D 
2013/07/19 13:14:47:603 [006836] TRACE [Prb.cpp, 835] - RxStream contents:01 00 0C 09 06 5E 00 01 01 2B C4 0D 
2013/07/19 13:14:47:604 [006836] TRACE [Prb.cpp, 943] - RadioBoardPacket(ACK):01 00 0C 09 06 5E 00 01 01 2B C4 0D 
2013/07/19 13:14:47:605 [005692] DEBUG [Prb.cpp, 512] - Read FPGA completed, Address=0x301A, Data=0x01
2013/07/19 13:14:47:605 [005692] TRACE [Prb.cpp, 493] - Reading FPGA, Address=0x3070
2013/07/19 13:14:47:606 [005692] TRACE [Prb.cpp, 1035] - ReadFPGAPacket(0x3070):01 00 0C 5F 82 00 02 30 70 B9 62 0D 
2013/07/19 13:14:47:606 [006836] TRACE [Prb.cpp, 835] - RxStream contents:01 00 0C 0A 06 5F 00 01 00 B7 C2 0D 
2013/07/19 13:14:47:607 [006836] TRACE [Prb.cpp, 943] - RadioBoardPacket(ACK):01 00 0C 0A 06 5F 00 01 00 B7 C2 0D 
2013/07/19 13:14:47:607 [005692] DEBUG [Prb.cpp, 512] - Read FPGA completed, Address=0x3070, Data=0x00
2013/07/19 13:14:47:608 [005692] DEBUG [ComSysDiagnostics.cpp, 31] - FPGA RSSI/AFC [Linking(valid frame)] linkedRSSI:62 linkedAFC:1 AFC:0
2013/07/19 13:14:47:613 [005692] TRACE [Prb.cpp, 493] - Reading FPGA, Address=0x3018
2013/07/19 13:14:47:613 [005692] TRACE [Prb.cpp, 1035] - ReadFPGAPacket(0x3018):01 00 0C 60 82 00 02 30 18 10 2D 0D 
2013/07/19 13:14:47:614 [006836] TRACE [Prb.cpp, 835] - RxStream contents:01 00 0C 0C 06 60 00 01 3E AB 4A 0D 
2013/07/19 13:14:47:615 [006836] TRACE [Prb.cpp, 943] - RadioBoardPacket(ACK):01 00 0C 0C 06 60 00 01 3E AB 4A 0D 
2013/07/19 13:14:47:615 [005692] DEBUG [Prb.cpp, 512] - Read FPGA completed, Address=0x3018, Data=0x3E
2013/07/19 13:14:47:616 [005692] TRACE [Prb.cpp, 493] - Reading FPGA, Address=0x301A
2013/07/19 13:14:47:617 [005692] TRACE [Prb.cpp, 1035] - ReadFPGAPacket(0x301A):01 00 0C 61 82 00 02 30 1A 68 21 0D 
2013/07/19 13:14:47:617 [006836] TRACE [Prb.cpp, 835] - RxStream contents:01 00 0C 0D 06 61 00 01 00 47 CD 0D 
2013/07/19 13:14:47:618 [006836] TRACE [Prb.cpp, 943] - RadioBoardPacket(ACK):01 00 0C 0D 06 61 00 01 00 47 CD 0D 
2013/07/19 13:14:47:618 [005692] DEBUG [Prb.cpp, 512] - Read FPGA completed, Address=0x301A, Data=0x00
2013/07/19 13:14:47:619 [005692] TRACE [Prb.cpp, 493] - Reading FPGA, Address=0x3070
2013/07/19 13:14:47:620 [005692] TRACE [Prb.cpp, 1035] - ReadFPGAPacket(0x3070):01 00 0C 62 82 00 02 30 70 E1 5D 0D 
2013/07/19 13:14:47:620 [006836] TRACE [Prb.cpp, 835] - RxStream contents:01 00 0C 0E 06 62 00 01 00 F3 CD 0D 
2013/07/19 13:14:47:621 [006836] TRACE [Prb.cpp, 943] - RadioBoardPacket(ACK):01 00 0C 0E 06 62 00 01 00 F3 CD 0D 
2013/07/19 13:14:47:621 [005692] DEBUG [Prb.cpp, 512] - Read FPGA completed, Address=0x3070, Data=0x00
2013/07/19 13:14:47:622 [005692] DEBUG [ComSysDiagnostics.cpp, 31] - FPGA RSSI/AFC [Linking(valid frame)] linkedRSSI:62 linkedAFC:0 AFC:0
2013/07/19 13:14:47:627 [005692] TRACE [Prb.cpp, 493] - Reading FPGA, Address=0x3018
2013/07/19 13:14:47:627 [005692] TRACE [Prb.cpp, 1035] - ReadFPGAPacket(0x3018):01 00 0C 63 82 00 02 30 18 98 2D 0D 
2013/07/19 13:14:47:627 [006836] TRACE [Prb.cpp, 835] - RxStream contents:01 00 0C 10 06 63 00 01 3F 37 52 0D 
2013/07/19 13:14:47:629 [006836] TRACE [Prb.cpp, 943] - RadioBoardPacket(ACK):01 00 0C 10 06 63 00 01 3F 37 52 0D 
2013/07/19 13:14:47:629 [005692] DEBUG [Prb.cpp, 512] - Read FPGA completed, Address=0x3018, Data=0x3F
2013/07/19 13:14:47:630 [005692] TRACE [Prb.cpp, 493] - Reading FPGA, Address=0x301A
2013/07/19 13:14:47:630 [005692] TRACE [Prb.cpp, 1035] - ReadFPGAPacket(0x301A):01 00 0C 64 82 00 02 30 1A 70 24 0D 
2013/07/19 13:14:47:630 [006836] TRACE [Prb.cpp, 835] - RxStream contents:01 00 0C 11 06 64 00 01 00 23 D0 0D 
2013/07/19 13:14:47:631 [006836] TRACE [Prb.cpp, 943] - RadioBoardPacket(ACK):01 00 0C 11 06 64 00 01 00 23 D0 0D 
2013/07/19 13:14:47:632 [005692] DEBUG [Prb.cpp, 512] - Read FPGA completed, Address=0x301A, Data=0x00
2013/07/19 13:14:47:632 [005692] TRACE [Prb.cpp, 493] - Reading FPGA, Address=0x3070
2013/07/19 13:14:47:633 [005692] TRACE [Prb.cpp, 1035] - ReadFPGAPacket(0x3070):01 00 0C 65 82 00 02 30 70 89 5B 0D 
2013/07/19 13:14:47:633 [006836] TRACE [Prb.cpp, 835] - RxStream contents:01 00 0C 12 06 65 00 01 00 3F D3 0D 
2013/07/19 13:14:47:634 [006836] TRACE [Prb.cpp, 943] - RadioBoardPacket(ACK):01 00 0C 12 06 65 00 01 00 3F D3 0D 
2013/07/19 13:14:47:635 [005692] DEBUG [Prb.cpp, 512] - Read FPGA completed, Address=0x3070, Data=0x00
2013/07/19 13:14:47:635 [005692] DEBUG [ComSysDiagnostics.cpp, 31] - FPGA RSSI/AFC [Linking(valid frame)] linkedRSSI:63 linkedAFC:0 AFC:0
2013/07/19 13:14:47:646 [005692] TRACE [Prb.cpp, 493] - Reading FPGA, Address=0x3018
2013/07/19 13:14:47:647 [005692] TRACE [Prb.cpp, 1035] - ReadFPGAPacket(0x3018):01 00 0C 66 82 00 02 30 18 80 28 0D 
2013/07/19 13:14:47:647 [006836] TRACE [Prb.cpp, 835] - RxStream contents:01 00 0C 14 06 66 00 01 40 12 55 0D 
2013/07/19 13:14:47:648 [006836] TRACE [Prb.cpp, 943] - RadioBoardPacket(ACK):01 00 0C 14 06 66 00 01 40 12 55 0D 
2013/07/19 13:14:47:648 [005692] DEBUG [Prb.cpp, 512] - Read FPGA completed, Address=0x3018, Data=0x40
2013/07/19 13:14:47:649 [005692] TRACE [Prb.cpp, 493] - Reading FPGA, Address=0x301A
2013/07/19 13:14:47:650 [005692] TRACE [Prb.cpp, 1035] - ReadFPGAPacket(0x301A):01 00 0C 67 82 00 02 30 1A F8 24 0D 
2013/07/19 13:14:47:650 [006836] TRACE [Prb.cpp, 835] - RxStream contents:01 00 0C 15 06 67 00 01 01 7F D3 0D 
2013/07/19 13:14:47:651 [006836] TRACE [Prb.cpp, 943] - RadioBoardPacket(ACK):01 00 0C 15 06 67 00 01 01 7F D3 0D 
2013/07/19 13:14:47:651 [005692] DEBUG [Prb.cpp, 512] - Read FPGA completed, Address=0x301A, Data=0x01
2013/07/19 13:14:47:652 [005692] TRACE [Prb.cpp, 493] - Reading FPGA, Address=0x3070
2013/07/19 13:14:47:652 [005692] TRACE [Prb.cpp, 1035] - ReadFPGAPacket(0x3070):01 00 0C 68 82 00 02 30 70 D1 57 0D 
2013/07/19 13:14:47:652 [006836] TRACE [Prb.cpp, 835] - RxStream contents:01 00 0C 16 06 68 00 01 FF B9 D4 0D 
2013/07/19 13:14:47:653 [006836] TRACE [Prb.cpp, 943] - RadioBoardPacket(ACK):01 00 0C 16 06 68 00 01 FF B9 D4 0D 
2013/07/19 13:14:47:654 [005692] DEBUG [Prb.cpp, 512] - Read FPGA completed, Address=0x3070, Data=0xFF
2013/07/19 13:14:47:654 [005692] DEBUG [ComSysDiagnostics.cpp, 31] - FPGA RSSI/AFC [Linking(valid frame)] linkedRSSI:64 linkedAFC:1 AFC:255
2013/07/19 13:14:47:660 [005692] TRACE [Prb.cpp, 493] - Reading FPGA, Address=0x3018
2013/07/19 13:14:47:661 [005692] TRACE [Prb.cpp, 1035] - ReadFPGAPacket(0x3018):01 00 0C 69 82 00 02 30 18 A8 27 0D 
2013/07/19 13:14:47:661 [006836] TRACE [Prb.cpp, 835] - RxStream contents:01 00 0C 18 06 69 00 01 3C FF 51 0D 
2013/07/19 13:14:47:662 [006836] TRACE [Prb.cpp, 943] - RadioBoardPacket(ACK):01 00 0C 18 06 69 00 01 3C FF 51 0D 
2013/07/19 13:14:47:663 [005692] DEBUG [Prb.cpp, 512] - Read FPGA completed, Address=0x3018, Data=0x3C
2013/07/19 13:14:47:663 [005692] TRACE [Prb.cpp, 493] - Reading FPGA, Address=0x301A
2013/07/19 13:14:47:664 [005692] TRACE [Prb.cpp, 1035] - ReadFPGAPacket(0x301A):01 00 0C 6A 82 00 02 30 1A A0 28 0D 
2013/07/19 13:14:47:664 [006836] TRACE [Prb.cpp, 835] - RxStream contents:01 00 0C 19 06 6A 00 01 00 3B DA 0D 
2013/07/19 13:14:47:665 [006836] TRACE [Prb.cpp, 943] - RadioBoardPacket(ACK):01 00 0C 19 06 6A 00 01 00 3B DA 0D 
2013/07/19 13:14:47:665 [005692] DEBUG [Prb.cpp, 512] - Read FPGA completed, Address=0x301A, Data=0x00
2013/07/19 13:14:47:666 [005692] TRACE [Prb.cpp, 493] - Reading FPGA, Address=0x3070
2013/07/19 13:14:47:667 [005692] TRACE [Prb.cpp, 1035] - ReadFPGAPacket(0x3070):01 00 0C 6B 82 00 02 30 70 59 57 0D 
2013/07/19 13:14:47:667 [006836] TRACE [Prb.cpp, 835] - RxStream contents:01 00 0C 1A 06 6B 00 01 FE A5 DE 0D 
2013/07/19 13:14:47:668 [006836] TRACE [Prb.cpp, 943] - RadioBoardPacket(ACK):01 00 0C 1A 06 6B 00 01 FE A5 DE 0D 
2013/07/19 13:14:47:668 [005692] DEBUG [Prb.cpp, 512] - Read FPGA completed, Address=0x3070, Data=0xFE
2013/07/19 13:14:47:669 [005692] DEBUG [ComSysDiagnostics.cpp, 31] - FPGA RSSI/AFC [Linking(valid frame)] linkedRSSI:60 linkedAFC:0 AFC:254
2013/07/19 13:14:47:674 [005692] TRACE [Prb.cpp, 493] - Reading FPGA, Address=0x3018
2013/07/19 13:14:47:674 [005692] TRACE [Prb.cpp, 1035] - ReadFPGAPacket(0x3018):01 00 0C 6C 82 00 02 30 18 B0 22 0D 
2013/07/19 13:14:47:674 [006836] TRACE [Prb.cpp, 835] - RxStream contents:01 00 0C 1C 06 6C 00 01 3C 5B 57 0D 
2013/07/19 13:14:47:676 [006836] TRACE [Prb.cpp, 943] - RadioBoardPacket(ACK):01 00 0C 1C 06 6C 00 01 3C 5B 57 0D 
2013/07/19 13:14:47:676 [005692] DEBUG [Prb.cpp, 512] - Read FPGA completed, Address=0x3018, Data=0x3C
2013/07/19 13:14:47:677 [005692] TRACE [Prb.cpp, 493] - Reading FPGA, Address=0x301A
2013/07/19 13:14:47:677 [005692] TRACE [Prb.cpp, 1035] - ReadFPGAPacket(0x301A):01 00 0C 6D 82 00 02 30 1A C8 2E 0D 
2013/07/19 13:14:47:677 [006836] TRACE [Prb.cpp, 835] - RxStream contents:01 00 0C 1D 06 6D 00 01 00 37 DF 0D 
2013/07/19 13:14:47:678 [006836] TRACE [Prb.cpp, 943] - RadioBoardPacket(ACK):01 00 0C 1D 06 6D 00 01 00 37 DF 0D 
2013/07/19 13:14:47:679 [005692] DEBUG [Prb.cpp, 512] - Read FPGA completed, Address=0x301A, Data=0x00
2013/07/19 13:14:47:680 [005692] TRACE [Prb.cpp, 493] - Reading FPGA, Address=0x3070
2013/07/19 13:14:47:680 [005692] TRACE [Prb.cpp, 1035] - ReadFPGAPacket(0x3070):01 00 0C 6E 82 00 02 30 70 41 52 0D 
2013/07/19 13:14:47:680 [006836] TRACE [Prb.cpp, 835] - RxStream contents:01 00 0C 1E 06 6E 00 01 FE 01 D8 0D 
2013/07/19 13:14:47:681 [006836] TRACE [Prb.cpp, 943] - RadioBoardPacket(ACK):01 00 0C 1E 06 6E 00 01 FE 01 D8 0D 
2013/07/19 13:14:47:682 [005692] DEBUG [Prb.cpp, 512] - Read FPGA completed, Address=0x3070, Data=0xFE
2013/07/19 13:14:47:682 [005692] DEBUG [ComSysDiagnostics.cpp, 31] - FPGA RSSI/AFC [Linking(valid frame)] linkedRSSI:60 linkedAFC:0 AFC:254
2013/07/19 13:14:47:693 [005692] TRACE [Prb.cpp, 493] - Reading FPGA, Address=0x3018
2013/07/19 13:14:47:694 [005692] TRACE [Prb.cpp, 1035] - ReadFPGAPacket(0x3018):01 00 0C 6F 82 00 02 30 18 38 22 0D 
2013/07/19 13:14:47:694 [006836] TRACE [Prb.cpp, 835] - RxStream contents:01 00 0C 20 06 6F 00 01 3B 47 7A 0D 
2013/07/19 13:14:47:695 [006836] TRACE [Prb.cpp, 943] - RadioBoardPacket(ACK):01 00 0C 20 06 6F 00 01 3B 47 7A 0D 
2013/07/19 13:14:47:695 [005692] DEBUG [Prb.cpp, 512] - Read FPGA completed, Address=0x3018, Data=0x3B
2013/07/19 13:14:47:696 [005692] TRACE [Prb.cpp, 493] - Reading FPGA, Address=0x301A
2013/07/19 13:14:47:697 [005692] TRACE [Prb.cpp, 1035] - ReadFPGAPacket(0x301A):01 00 0C 70 82 00 02 30 1A 10 30 0D 
2013/07/19 13:14:47:697 [006836] TRACE [Prb.cpp, 835] - RxStream contents:01 00 0C 21 06 70 00 01 00 B3 E6 0D 
2013/07/19 13:14:47:698 [006836] TRACE [Prb.cpp, 943] - RadioBoardPacket(ACK):01 00 0C 21 06 70 00 01 00 B3 E6 0D 
2013/07/19 13:14:47:698 [005692] DEBUG [Prb.cpp, 512] - Read FPGA completed, Address=0x301A, Data=0x00
2013/07/19 13:14:47:699 [005692] TRACE [Prb.cpp, 493] - Reading FPGA, Address=0x3070
2013/07/19 13:14:47:700 [005692] TRACE [Prb.cpp, 1035] - ReadFPGAPacket(0x3070):01 00 0C 71 82 00 02 30 70 E9 4F 0D 
2013/07/19 13:14:47:700 [006836] TRACE [Prb.cpp, 835] - RxStream contents:01 00 0C 22 06 71 00 01 FF AD E7 0D 
2013/07/19 13:14:47:701 [006836] TRACE [Prb.cpp, 943] - RadioBoardPacket(ACK):01 00 0C 22 06 71 00 01 FF AD E7 0D 
2013/07/19 13:14:47:701 [005692] DEBUG [Prb.cpp, 512] - Read FPGA completed, Address=0x3070, Data=0xFF
2013/07/19 13:14:47:702 [005692] DEBUG [ComSysDiagnostics.cpp, 31] - FPGA RSSI/AFC [Linking(valid frame)] linkedRSSI:59 linkedAFC:0 AFC:255
2013/07/19 13:14:47:708 [005692] TRACE [Prb.cpp, 584] - Reading CC1020, Address=0x0004
2013/07/19 13:14:47:709 [005692] TRACE [Prb.cpp, 1035] - ReadCC1020Packet(0x04):01 00 0C 72 84 00 02 00 04 C1 67 0D 
2013/07/19 13:14:47:720 [006836] TRACE [Prb.cpp, 943] - RadioBoardPacket(ACK):01 00 0C 24 06 72 00 01 35 03 5E 0D 
2013/07/19 13:14:47:721 [005692] DEBUG [Prb.cpp, 603] - Read CC1020 completed, Address=0x0004, Data=0x35
2013/07/19 13:14:47:721 [005692] TRACE [Prb.cpp, 584] - Reading CC1020, Address=0x0005
2013/07/19 13:14:47:722 [005692] TRACE [Prb.cpp, 1035] - ReadCC1020Packet(0x05):01 00 0C 73 84 00 02 00 05 B9 61 0D 
2013/07/19 13:14:47:735 [006836] TRACE [Prb.cpp, 943] - RadioBoardPacket(ACK):01 00 0C 26 06 73 00 01 EF 65 81 0D 
2013/07/19 13:14:47:736 [005692] DEBUG [Prb.cpp, 603] - Read CC1020 completed, Address=0x0005, Data=0xEF
2013/07/19 13:14:47:737 [005692] TRACE [Prb.cpp, 584] - Reading CC1020, Address=0x0006
2013/07/19 13:14:47:737 [005692] TRACE [Prb.cpp, 1035] - ReadCC1020Packet(0x06):01 00 0C 74 84 00 02 00 06 D1 6D 0D 
2013/07/19 13:14:47:751 [006836] TRACE [Prb.cpp, 943] - RadioBoardPacket(ACK):01 00 0C 28 06 74 00 01 B3 58 46 0D 
2013/07/19 13:14:47:752 [005692] DEBUG [Prb.cpp, 603] - Read CC1020 completed, Address=0x0006, Data=0xB3
2013/07/19 13:14:47:752 [005692] TRACE [Prb.cpp, 584] - Reading CC1020, Address=0x0008
2013/07/19 13:14:47:753 [005692] TRACE [Prb.cpp, 1035] - ReadCC1020Packet(0x08):01 00 0C 75 84 00 02 00 08 A9 49 0D 
2013/07/19 13:14:47:767 [006836] TRACE [Prb.cpp, 835] - RxStream contents:01 00 0C 2A 06 75 00 01 35 3F 51 0D 01 00 1F 2B 00 00 00 14 04 7F 81 
2013/07/19 13:14:47:767 [006836] TRACE [Prb.cpp, 943] - RadioBoardPacket(ACK):01 00 0C 2A 06 75 00 01 35 3F 51 0D 
2013/07/19 13:14:47:768 [005692] DEBUG [Prb.cpp, 603] - Read CC1020 completed, Address=0x0008, Data=0x35
2013/07/19 13:14:47:769 [005692] TRACE [Prb.cpp, 584] - Reading CC1020, Address=0x0009
2013/07/19 13:14:47:769 [005692] TRACE [Prb.cpp, 1035] - ReadCC1020Packet(0x09):01 00 0C 76 84 00 02 00 09 A1 4C 0D 
2013/07/19 13:14:47:782 [006836] TRACE [Prb.cpp, 943] - RadioBoardPacket(ACK):01 00 0C 2C 06 76 00 01 FA 91 F6 0D 
2013/07/19 13:14:47:783 [005692] DEBUG [Prb.cpp, 603] - Read CC1020 completed, Address=0x0009, Data=0xFA
2013/07/19 13:14:47:784 [005692] TRACE [Prb.cpp, 584] - Reading CC1020, Address=0x000A
2013/07/19 13:14:47:784 [005692] TRACE [Prb.cpp, 1035] - ReadCC1020Packet(0x0A):01 00 0C 77 84 00 02 00 0A 59 45 0D 
2013/07/19 13:14:47:798 [006836] TRACE [Prb.cpp, 943] - RadioBoardPacket(ACK):01 00 0C 2E 06 77 00 01 5D F6 27 0D 
2013/07/19 13:14:47:799 [005692] DEBUG [Prb.cpp, 603] - Read CC1020 completed, Address=0x000A, Data=0x5D
2013/07/19 13:14:47:799 [005692] TRACE [Prb.cpp, 584] - Reading CC1020, Address=0x000F
2013/07/19 13:14:47:800 [005692] TRACE [Prb.cpp, 1035] - ReadCC1020Packet(0x0F):01 00 0C 78 84 00 02 00 0F 71 54 0D 
2013/07/19 13:14:47:814 [006836] TRACE [Prb.cpp, 943] - RadioBoardPacket(ACK):01 00 0C 30 06 78 00 01 DF 69 35 0D 
2013/07/19 13:14:47:814 [005692] DEBUG [Prb.cpp, 603] - Read CC1020 completed, Address=0x000F, Data=0xDF
2013/07/19 13:14:47:815 [005692] TRACE [Prb.cpp, 584] - Reading CC1020, Address=0x0010
2013/07/19 13:14:47:816 [005692] TRACE [Prb.cpp, 1035] - ReadCC1020Packet(0x10):01 00 0C 79 84 00 02 00 10 09 16 0D 
2013/07/19 13:14:47:829 [006836] TRACE [Prb.cpp, 943] - RadioBoardPacket(ACK):01 00 0C 32 06 79 00 01 22 0F 38 0D 
2013/07/19 13:14:47:830 [005692] DEBUG [Prb.cpp, 603] - Read CC1020 completed, Address=0x0010, Data=0x22
2013/07/19 13:14:47:831 [005692] TRACE [Prb.cpp, 584] - Reading CC1020, Address=0x0013
2013/07/19 13:14:47:832 [005692] TRACE [Prb.cpp, 1035] - ReadCC1020Packet(0x13):01 00 0C 7A 84 00 02 00 13 81 1C 0D 
2013/07/19 13:14:47:845 [006836] TRACE [Prb.cpp, 835] - RxStream contents:01 00 0C 34 06 7A 00 01 2F 23 10 0D 01 00 1F 35 00 00 00 14 04 82 7F 7D 7F 05 00 80 
2013/07/19 13:14:47:846 [006836] TRACE [Prb.cpp, 943] - RadioBoardPacket(ACK):01 00 0C 34 06 7A 00 01 2F 23 10 0D 
2013/07/19 13:14:47:846 [005692] DEBUG [Prb.cpp, 603] - Read CC1020 completed, Address=0x0013, Data=0x2F
2013/07/19 13:14:47:847 [005692] TRACE [Prb.cpp, 584] - Reading CC1020, Address=0x0014
2013/07/19 13:14:47:848 [005692] TRACE [Prb.cpp, 1035] - ReadCC1020Packet(0x14):01 00 0C 7B 84 00 02 00 14 F9 0E 0D 
2013/07/19 13:14:47:861 [006836] TRACE [Prb.cpp, 835] - RxStream contents:01 00 0C 36 06 7B 00 01 2F C7 10 0D 01 00 1F 37 00 00 00 14 04 80 7D 
2013/07/19 13:14:47:861 [006836] TRACE [Prb.cpp, 943] - RadioBoardPacket(ACK):01 00 0C 36 06 7B 00 01 2F C7 10 0D 
2013/07/19 13:14:47:862 [005692] DEBUG [Prb.cpp, 603] - Read CC1020 completed, Address=0x0014, Data=0x2F
2013/07/19 13:14:47:863 [005692] TRACE [Prb.cpp, 584] - Reading CC1020, Address=0x0043
2013/07/19 13:14:47:863 [005692] TRACE [Prb.cpp, 1035] - ReadCC1020Packet(0x43):01 00 0C 7C 84 00 02 00 43 10 F9 0D 
2013/07/19 13:14:47:876 [006836] TRACE [Prb.cpp, 943] - RadioBoardPacket(ACK):01 00 0C 38 06 7C 00 01 00 7B FE 0D 
2013/07/19 13:14:47:877 [005692] DEBUG [Prb.cpp, 603] - Read CC1020 completed, Address=0x0043, Data=0x00
2013/07/19 13:14:47:878 [005692] DEBUG [ComSysDiagnostics.cpp, 63] - CC1020 [Link complete] FREQ_2A: 0x35 FREQ_1A: 0xef FREQ_0A: 0xb3
2013/07/19 13:14:47:878 [005692] DEBUG [ComSysDiagnostics.cpp, 67] - CC1020 [Link complete] FREQ_2B: 0x35 FREQ_1B: 0xfa FREQ_0B: 0x5d
2013/07/19 13:14:47:879 [005692] DEBUG [ComSysDiagnostics.cpp, 72] - CC1020 [Link complete] AFC_CONTROL: 0xdf FILTER: 0x22 VGA3: 0x2f VGA4: 0x2f AFC: 0x00
2013/07/19 13:14:47:879 [005692] TRACE [Prb.cpp, 493] - Reading FPGA, Address=0x3018
2013/07/19 13:14:47:880 [005692] TRACE [Prb.cpp, 1035] - ReadFPGAPacket(0x3018):01 00 0C 7D 82 00 02 30 18 C8 33 0D 
2013/07/19 13:14:47:880 [006836] TRACE [Prb.cpp, 835] - RxStream contents:01 00 0C 3A 06 7D 00 01 40 1E 7D 0D 
2013/07/19 13:14:47:881 [006836] TRACE [Prb.cpp, 943] - RadioBoardPacket(ACK):01 00 0C 3A 06 7D 00 01 40 1E 7D 0D 
2013/07/19 13:14:47:882 [005692] DEBUG [Prb.cpp, 512] - Read FPGA completed, Address=0x3018, Data=0x40
2013/07/19 13:14:47:882 [005692] TRACE [Prb.cpp, 493] - Reading FPGA, Address=0x301A
2013/07/19 13:14:47:883 [005692] TRACE [Prb.cpp, 1035] - ReadFPGAPacket(0x301A):01 00 0C 7E 82 00 02 30 1A C0 3C 0D 
2013/07/19 13:14:47:883 [006836] TRACE [Prb.cpp, 835] - RxStream contents:01 00 0C 3B 06 7E 00 01 01 DB F8 0D 
2013/07/19 13:14:47:884 [006836] TRACE [Prb.cpp, 943] - RadioBoardPacket(ACK):01 00 0C 3B 06 7E 00 01 01 DB F8 0D 
2013/07/19 13:14:47:884 [005692] DEBUG [Prb.cpp, 512] - Read FPGA completed, Address=0x301A, Data=0x01
2013/07/19 13:14:47:885 [005692] TRACE [Prb.cpp, 493] - Reading FPGA, Address=0x3070
2013/07/19 13:14:47:886 [005692] TRACE [Prb.cpp, 1035] - ReadFPGAPacket(0x3070):01 00 0C 7F 82 00 02 30 70 39 43 0D 
2013/07/19 13:14:47:886 [006836] TRACE [Prb.cpp, 835] - RxStream contents:01 00 0C 3C 06 7F 00 01 00 A7 F8 0D 
2013/07/19 13:14:47:887 [006836] TRACE [Prb.cpp, 943] - RadioBoardPacket(ACK):01 00 0C 3C 06 7F 00 01 00 A7 F8 0D 
2013/07/19 13:14:47:887 [005692] DEBUG [Prb.cpp, 512] - Read FPGA completed, Address=0x3070, Data=0x00
2013/07/19 13:14:47:888 [005692] DEBUG [ComSysDiagnostics.cpp, 31] - FPGA RSSI/AFC [Link complete] linkedRSSI:64 linkedAFC:1 AFC:0
2013/07/19 13:14:47:889 [005692] INFO [ComSysDiagnostics.cpp, 79] - Status Counters [Link complete] FrameErrorsInLastSecond:1 EcgErrorsInLastSecond:0 MarkerOrImplantIdErrorsInLastSecond:0 TotalFrameErrors:1 TotalEcgErrors:0 TotalMarkerOrImplantIdErrors:0 TotalSentCommands:0 TotalGoodResponses:0 TotalBadResponses:0 TotalResponseTimeouts:0
2013/07/19 13:14:47:890 [005692] TRACE [Prb.cpp, 493] - Reading FPGA, Address=0x301C
2013/07/19 13:14:47:890 [005692] TRACE [Prb.cpp, 1035] - ReadFPGAPacket(0x301C):01 00 0C 80 82 00 02 30 1C 10 DB 0D 
2013/07/19 13:14:47:890 [006836] TRACE [Prb.cpp, 835] - RxStream contents:01 00 0C 3D 06 80 00 01 01 D3 D6 0D 
2013/07/19 13:14:47:891 [006836] TRACE [Prb.cpp, 943] - RadioBoardPacket(ACK):01 00 0C 3D 06 80 00 01 01 D3 D6 0D 
2013/07/19 13:14:47:892 [005692] DEBUG [Prb.cpp, 512] - Read FPGA completed, Address=0x301C, Data=0x01
2013/07/19 13:14:47:892 [005692] DEBUG [ComSysDiagnostics.cpp, 89] - FPGA Frame Error Counter [Link complete]:1
2013/07/19 13:14:47:893 [005692] INFO [CrossTalkDetector.cpp, 68] - CrossTalkDetector state changing from LinkingState to LinkedState
2013/07/19 13:14:47:894 [005692] INFO [CommunicationSystemStates.cpp, 221] - Link complete.
2013/07/19 13:14:47:905 [005840] INFO 0x801C0094 [CommunicationSystemStateMachine.cpp, 237] - Command: 0x82. Retries: 3. Timeout: 78 ms.
2013/07/19 13:14:47:908 [005840] INFO 0x801C0094 [CommunicationSystemStateMachine.cpp, 252] - Send Command:82 04 F5 6C 17 08 
2013/07/19 13:14:47:909 [005840] TRACE 0x801C0094 [Prb.cpp, 493] - Reading FPGA, Address=0x3018
2013/07/19 13:14:47:909 [005840] TRACE 0x801C0094 [Prb.cpp, 1035] - ReadFPGAPacket(0x3018):01 00 0C 81 82 00 02 30 18 68 C3 0D 
2013/07/19 13:14:47:909 [006836] TRACE 0x801C0094 [Prb.cpp, 835] - RxStream contents:01 00 0C 40 06 81 00 01 3C 1F 20 0D 
2013/07/19 13:14:47:911 [006836] TRACE 0x801C0094 [Prb.cpp, 943] - RadioBoardPacket(ACK):01 00 0C 40 06 81 00 01 3C 1F 20 0D 
2013/07/19 13:14:47:911 [005840] DEBUG 0x801C0094 [Prb.cpp, 512] - Read FPGA completed, Address=0x3018, Data=0x3C
2013/07/19 13:14:47:912 [005840] TRACE 0x801C0094 [Prb.cpp, 493] - Reading FPGA, Address=0x301A
2013/07/19 13:14:47:913 [005840] TRACE 0x801C0094 [Prb.cpp, 1035] - ReadFPGAPacket(0x301A):01 00 0C 82 82 00 02 30 1A 60 CC 0D 
2013/07/19 13:14:47:913 [006836] TRACE 0x801C0094 [Prb.cpp, 835] - RxStream contents:01 00 0C 41 06 82 00 01 01 5B AE 0D 
2013/07/19 13:14:47:914 [006836] TRACE 0x801C0094 [Prb.cpp, 943] - RadioBoardPacket(ACK):01 00 0C 41 06 82 00 01 01 5B AE 0D 
2013/07/19 13:14:47:914 [005840] DEBUG 0x801C0094 [Prb.cpp, 512] - Read FPGA completed, Address=0x301A, Data=0x01
2013/07/19 13:14:47:915 [005840] TRACE 0x801C0094 [Prb.cpp, 493] - Reading FPGA, Address=0x3070
2013/07/19 13:14:47:916 [005840] TRACE 0x801C0094 [Prb.cpp, 1035] - ReadFPGAPacket(0x3070):01 00 0C 83 82 00 02 30 70 99 B3 0D 
2013/07/19 13:14:47:916 [006836] TRACE 0x801C0094 [Prb.cpp, 835] - RxStream contents:01 00 0C 42 06 83 00 01 00 C7 A8 0D 
2013/07/19 13:14:47:917 [006836] TRACE 0x801C0094 [Prb.cpp, 943] - RadioBoardPacket(ACK):01 00 0C 42 06 83 00 01 00 C7 A8 0D 
2013/07/19 13:14:47:917 [005840] DEBUG 0x801C0094 [Prb.cpp, 512] - Read FPGA completed, Address=0x3070, Data=0x00
2013/07/19 13:14:47:918 [005840] DEBUG 0x801C0094 [ComSysDiagnostics.cpp, 31] - FPGA RSSI/AFC [Send Command] linkedRSSI:60 linkedAFC:1 AFC:0
2013/07/19 13:14:47:918 [005840] TRACE 0x801C0094 [Prb.cpp, 383] - Send Command, Command=0x82
2013/07/19 13:14:47:919 [005840] TRACE 0x801C0094 [Prb.cpp, 1035] - WriteTransmitterPacket():01 00 10 84 87 00 06 82 04 F5 6C 17 08 7B B9 0D 
2013/07/19 13:14:47:919 [006836] TRACE 0x801C0094 [Prb.cpp, 835] - RxStream contents:01 00 0B 43 06 84 00 00 24 D2 0D 
2013/07/19 13:14:47:920 [006836] TRACE 0x801C0094 [Prb.cpp, 943] - RadioBoardPacket(ACK):01 00 0B 43 06 84 00 00 24 D2 0D 
2013/07/19 13:14:47:921 [005840] DEBUG 0x801C0094 [Prb.cpp, 402] - Send Command completed, Command=0x82
2013/07/19 13:14:47:967 [005692] INFO 0x801C0094 [CommunicationSystemStateMachine.cpp, 773] - Command Completed:82 80 C0 45 93 52 22 0B 
2013/07/19 13:14:47:968 [005692] DEBUG 0x801C0094 [CommunicationSystemStateMachine.cpp, 330] - ... after 15 frames.
2013/07/19 13:14:47:976 [005840] INFO 0x801C0094 [CommunicationSystemStateMachine.cpp, 237] - Command: 0x82. Retries: 3. Timeout: 78 ms.
2013/07/19 13:14:47:977 [005840] INFO 0x801C0094 [CommunicationSystemStateMachine.cpp, 252] - Send Command:92 04 F5 6C 57 0E 
2013/07/19 13:14:47:978 [005840] TRACE 0x801C0094 [Prb.cpp, 493] - Reading FPGA, Address=0x3018
2013/07/19 13:14:47:979 [005840] TRACE 0x801C0094 [Prb.cpp, 1035] - ReadFPGAPacket(0x3018):01 00 0C 85 82 00 02 30 18 88 C5 0D 
2013/07/19 13:14:47:979 [006836] TRACE 0x801C0094 [Prb.cpp, 835] - RxStream contents:01 00 0C 48 06 85 00 01 3C 8F 2A 0D 
2013/07/19 13:14:47:980 [006836] TRACE 0x801C0094 [Prb.cpp, 943] - RadioBoardPacket(ACK):01 00 0C 48 06 85 00 01 3C 8F 2A 0D 
2013/07/19 13:14:47:980 [005840] DEBUG 0x801C0094 [Prb.cpp, 512] - Read FPGA completed, Address=0x3018, Data=0x3C
2013/07/19 13:14:47:981 [005840] TRACE 0x801C0094 [Prb.cpp, 493] - Reading FPGA, Address=0x301A
2013/07/19 13:14:47:981 [005840] TRACE 0x801C0094 [Prb.cpp, 1035] - ReadFPGAPacket(0x301A):01 00 0C 86 82 00 02 30 1A 80 CA 0D 
2013/07/19 13:14:47:981 [006836] TRACE 0x801C0094 [Prb.cpp, 835] - RxStream contents:01 00 0C 49 06 86 00 01 00 4B A1 0D 
2013/07/19 13:14:47:982 [006836] TRACE 0x801C0094 [Prb.cpp, 943] - RadioBoardPacket(ACK):01 00 0C 49 06 86 00 01 00 4B A1 0D 
2013/07/19 13:14:47:983 [005840] DEBUG 0x801C0094 [Prb.cpp, 512] - Read FPGA completed, Address=0x301A, Data=0x00
2013/07/19 13:14:47:983 [005840] TRACE 0x801C0094 [Prb.cpp, 493] - Reading FPGA, Address=0x3070
2013/07/19 13:14:47:984 [005840] TRACE 0x801C0094 [Prb.cpp, 1035] - ReadFPGAPacket(0x3070):01 00 0C 87 82 00 02 30 70 79 B5 0D 
2013/07/19 13:14:47:984 [006836] TRACE 0x801C0094 [Prb.cpp, 835] - RxStream contents:01 00 0C 4A 06 87 00 01 00 57 A2 0D 
2013/07/19 13:14:47:985 [006836] TRACE 0x801C0094 [Prb.cpp, 943] - RadioBoardPacket(ACK):01 00 0C 4A 06 87 00 01 00 57 A2 0D 
2013/07/19 13:14:47:986 [005840] DEBUG 0x801C0094 [Prb.cpp, 512] - Read FPGA completed, Address=0x3070, Data=0x00
2013/07/19 13:14:47:986 [005840] DEBUG 0x801C0094 [ComSysDiagnostics.cpp, 31] - FPGA RSSI/AFC [Send Command] linkedRSSI:60 linkedAFC:0 AFC:0
2013/07/19 13:14:47:987 [005840] TRACE 0x801C0094 [Prb.cpp, 383] - Send Command, Command=0x92
2013/07/19 13:14:47:987 [006836] TRACE 0x801C0094 [Prb.cpp, 835] - RxStream contents:01 00 0B 4C 06 88 00 00 26 8A 0D 
2013/07/19 13:14:47:987 [005840] TRACE 0x801C0094 [Prb.cpp, 1035] - WriteTransmitterPacket():01 00 10 88 87 00 06 92 04 F5 6C 57 0E 7B 46 0D 
2013/07/19 13:14:47:988 [006836] TRACE 0x801C0094 [Prb.cpp, 943] - RadioBoardPacket(ACK):01 00 0B 4C 06 88 00 00 26 8A 0D 
2013/07/19 13:14:47:989 [005840] DEBUG 0x801C0094 [Prb.cpp, 402] - Send Command completed, Command=0x92
2013/07/19 13:14:48:006 [005692] INFO 0x801C0094 [CommunicationSystem.cpp, 360] - Marker:9D 00 40 F6 3F 
2013/07/19 13:14:48:037 [005692] INFO 0x801C0094 [CommunicationSystemStateMachine.cpp, 773] - Command Completed:92 80 C0 45 93 52 A2 19 
2013/07/19 13:14:48:037 [005692] DEBUG 0x801C0094 [CommunicationSystemStateMachine.cpp, 330] - ... after 3 frames.
2013/07/19 13:14:48:040 [005840] INFO 0x801C0094 [CommunicationSystemStateMachine.cpp, 237] - Command: 0x60. Retries: 3. Timeout: 500 ms.
2013/07/19 13:14:48:041 [005840] INFO 0x801C0094 [CommunicationSystemStateMachine.cpp, 252] - Send Command:60 04 00 9F 83 
2013/07/19 13:14:48:042 [005840] TRACE 0x801C0094 [Prb.cpp, 493] - Reading FPGA, Address=0x3018
2013/07/19 13:14:48:042 [005840] TRACE 0x801C0094 [Prb.cpp, 1035] - ReadFPGAPacket(0x3018):01 00 0C 89 82 00 02 30 18 28 CA 0D 
2013/07/19 13:14:48:042 [006836] TRACE 0x801C0094 [Prb.cpp, 835] - RxStream contents:01 00 0C 50 06 89 00 01 3F BF 3B 0D 
2013/07/19 13:14:48:043 [006836] TRACE 0x801C0094 [Prb.cpp, 943] - RadioBoardPacket(ACK):01 00 0C 50 06 89 00 01 3F BF 3B 0D 
2013/07/19 13:14:48:044 [005840] DEBUG 0x801C0094 [Prb.cpp, 512] - Read FPGA completed, Address=0x3018, Data=0x3F
2013/07/19 13:14:48:045 [005840] TRACE 0x801C0094 [Prb.cpp, 493] - Reading FPGA, Address=0x301A
2013/07/19 13:14:48:045 [005840] TRACE 0x801C0094 [Prb.cpp, 1035] - ReadFPGAPacket(0x301A):01 00 0C 8A 82 00 02 30 1A 20 C5 0D 
2013/07/19 13:14:48:045 [006836] TRACE 0x801C0094 [Prb.cpp, 835] - RxStream contents:01 00 0C 51 06 8A 00 01 00 7B BA 0D 
2013/07/19 13:14:48:046 [006836] TRACE 0x801C0094 [Prb.cpp, 943] - RadioBoardPacket(ACK):01 00 0C 51 06 8A 00 01 00 7B BA 0D 
2013/07/19 13:14:48:047 [005840] DEBUG 0x801C0094 [Prb.cpp, 512] - Read FPGA completed, Address=0x301A, Data=0x00
2013/07/19 13:14:48:047 [005840] TRACE 0x801C0094 [Prb.cpp, 493] - Reading FPGA, Address=0x3070
2013/07/19 13:14:48:048 [005840] TRACE 0x801C0094 [Prb.cpp, 1035] - ReadFPGAPacket(0x3070):01 00 0C 8B 82 00 02 30 70 D9 BA 0D 
2013/07/19 13:14:48:048 [006836] TRACE 0x801C0094 [Prb.cpp, 835] - RxStream contents:01 00 0C 52 06 8B 00 01 01 E7 BC 0D 
2013/07/19 13:14:48:049 [006836] TRACE 0x801C0094 [Prb.cpp, 943] - RadioBoardPacket(ACK):01 00 0C 52 06 8B 00 01 01 E7 BC 0D 
2013/07/19 13:14:48:050 [005840] DEBUG 0x801C0094 [Prb.cpp, 512] - Read FPGA completed, Address=0x3070, Data=0x01
2013/07/19 13:14:48:050 [005840] DEBUG 0x801C0094 [ComSysDiagnostics.cpp, 31] - FPGA RSSI/AFC [Send Command] linkedRSSI:63 linkedAFC:0 AFC:1
2013/07/19 13:14:48:051 [005840] TRACE 0x801C0094 [Prb.cpp, 383] - Send Command, Command=0x60
2013/07/19 13:14:48:051 [006836] TRACE 0x801C0094 [Prb.cpp, 835] - RxStream contents:01 00 0B 54 06 8C 00 00 A2 99 0D 
2013/07/19 13:14:48:051 [005840] TRACE 0x801C0094 [Prb.cpp, 1035] - WriteTransmitterPacket():01 00 0F 8C 87 00 05 60 04 00 9F 83 D1 6E 0D 
2013/07/19 13:14:48:052 [006836] TRACE 0x801C0094 [Prb.cpp, 943] - RadioBoardPacket(ACK):01 00 0B 54 06 8C 00 00 A2 99 0D 
2013/07/19 13:14:48:053 [005840] DEBUG 0x801C0094 [Prb.cpp, 402] - Send Command completed, Command=0x60
2013/07/19 13:14:48:083 [005692] INFO 0x801C0094 [CommunicationSystemStateMachine.cpp, 773] - Command Completed:60 92 80 1C 00 94 39 E2 
2013/07/19 13:14:48:083 [005692] DEBUG 0x801C0094 [CommunicationSystemStateMachine.cpp, 330] - ... after 2 frames.
2013/07/19 13:14:48:084 [005692] INFO 0x801C0094 [CommunicationSystemStateMachine.cpp, 237] - Command: 0x60. Retries: 3. Timeout: 500 ms.
2013/07/19 13:14:48:085 [005692] INFO 0x801C0094 [CommunicationSystemStateMachine.cpp, 252] - Send Command:70 04 00 1E C0 
2013/07/19 13:14:48:085 [005692] TRACE 0x801C0094 [Prb.cpp, 493] - Reading FPGA, Address=0x3018
2013/07/19 13:14:48:086 [005692] TRACE 0x801C0094 [Prb.cpp, 1035] - ReadFPGAPacket(0x3018):01 00 0C 8D 82 00 02 30 18 C8 CC 0D 
2013/07/19 13:14:48:086 [006836] TRACE 0x801C0094 [Prb.cpp, 835] - RxStream contents:01 00 0C 57 06 8D 00 01 40 86 3F 0D 
2013/07/19 13:14:48:087 [006836] TRACE 0x801C0094 [Prb.cpp, 943] - RadioBoardPacket(ACK):01 00 0C 57 06 8D 00 01 40 86 3F 0D 
2013/07/19 13:14:48:088 [005692] DEBUG 0x801C0094 [Prb.cpp, 512] - Read FPGA completed, Address=0x3018, Data=0x40
2013/07/19 13:14:48:088 [005692] TRACE 0x801C0094 [Prb.cpp, 493] - Reading FPGA, Address=0x301A
2013/07/19 13:14:48:089 [005692] TRACE 0x801C0094 [Prb.cpp, 1035] - ReadFPGAPacket(0x301A):01 00 0C 8E 82 00 02 30 1A C0 C3 0D 
2013/07/19 13:14:48:089 [006836] TRACE 0x801C0094 [Prb.cpp, 835] - RxStream contents:01 00 0C 58 06 8E 00 01 00 13 B3 0D 
2013/07/19 13:14:48:090 [006836] TRACE 0x801C0094 [Prb.cpp, 943] - RadioBoardPacket(ACK):01 00 0C 58 06 8E 00 01 00 13 B3 0D 
2013/07/19 13:14:48:090 [005692] DEBUG 0x801C0094 [Prb.cpp, 512] - Read FPGA completed, Address=0x301A, Data=0x00
2013/07/19 13:14:48:091 [005692] TRACE 0x801C0094 [Prb.cpp, 493] - Reading FPGA, Address=0x3070
2013/07/19 13:14:48:092 [006024] DEBUG 0x801C0094 [Prb.cpp, 650] - Read EEPROM completed, Address=0x0010, Data=0x04
2013/07/19 13:14:48:092 [005692] TRACE 0x801C0094 [Prb.cpp, 1035] - ReadFPGAPacket(0x3070):01 00 0C 8F 82 00 02 30 70 39 BC 0D 
2013/07/19 13:14:48:092 [006836] TRACE 0x801C0094 [Prb.cpp, 835] - RxStream contents:01 00 0C 59 06 8F 00 01 00 7F B3 0D 
2013/07/19 13:14:48:093 [006024] DEBUG 0x801C0094 [Prb.cpp, 650] - Read EEPROM completed, Address=0x0011, Data=0x00
2013/07/19 13:14:48:093 [006836] TRACE 0x801C0094 [Prb.cpp, 943] - RadioBoardPacket(ACK):01 00 0C 59 06 8F 00 01 00 7F B3 0D 
2013/07/19 13:14:48:094 [005692] DEBUG 0x801C0094 [Prb.cpp, 512] - Read FPGA completed, Address=0x3070, Data=0x00
2013/07/19 13:14:48:094 [006024] DEBUG 0x801C0094 [Prb.cpp, 650] - Read EEPROM completed, Address=0x0012, Data=0x00
2013/07/19 13:14:48:095 [005692] DEBUG 0x801C0094 [ComSysDiagnostics.cpp, 31] - FPGA RSSI/AFC [Send Command] linkedRSSI:64 linkedAFC:0 AFC:0
2013/07/19 13:14:48:096 [005692] TRACE 0x801C0094 [Prb.cpp, 383] - Send Command, Command=0x70
2013/07/19 13:14:48:096 [006024] DEBUG 0x801C0094 [Prb.cpp, 650] - Read EEPROM completed, Address=0x0013, Data=0x00
2013/07/19 13:14:48:096 [005692] TRACE 0x801C0094 [Prb.cpp, 1035] - WriteTransmitterPacket():01 00 0F 90 87 00 05 70 04 00 1E C0 1D ED 0D 
2013/07/19 13:14:48:096 [006836] TRACE 0x801C0094 [Prb.cpp, 835] - RxStream contents:01 00 0B 5B 06 90 00 00 21 82 0D 
2013/07/19 13:14:48:097 [006024] DEBUG 0x801C0094 [Prb.cpp, 650] - Read EEPROM completed, Address=0x0014, Data=0x00
2013/07/19 13:14:48:098 [006836] TRACE 0x801C0094 [Prb.cpp, 943] - RadioBoardPacket(ACK):01 00 0B 5B 06 90 00 00 21 82 0D 
2013/07/19 13:14:48:099 [005692] DEBUG 0x801C0094 [Prb.cpp, 402] - Send Command completed, Command=0x70
2013/07/19 13:14:48:099 [006024] DEBUG 0x801C0094 [Prb.cpp, 650] - Read EEPROM completed, Address=0x0015, Data=0x00
2013/07/19 13:14:48:101 [006024] DEBUG 0x801C0094 [Prb.cpp, 650] - Read EEPROM completed, Address=0x0016, Data=0x00
2013/07/19 13:14:48:102 [006024] DEBUG 0x801C0094 [Prb.cpp, 650] - Read EEPROM completed, Address=0x0017, Data=0x00
2013/07/19 13:14:48:103 [006024] DEBUG 0x801C0094 [Prb.cpp, 650] - Read EEPROM completed, Address=0x0018, Data=0x00
2013/07/19 13:14:48:104 [006024] DEBUG 0x801C0094 [Prb.cpp, 650] - Read EEPROM completed, Address=0x0019, Data=0x00
2013/07/19 13:14:48:129 [005692] INFO 0x801C0094 [CommunicationSystemStateMachine.cpp, 773] - Command Completed:70 92 80 1C 00 94 B9 F0 
2013/07/19 13:14:48:129 [005692] DEBUG 0x801C0094 [CommunicationSystemStateMachine.cpp, 330] - ... after 3 frames.
2013/07/19 13:14:48:130 [005692] INFO 0x801C0094 [CommunicationSystemStateMachine.cpp, 237] - Command: 0xe4. Retries: 3. Timeout: 500 ms.
2013/07/19 13:14:48:131 [005692] INFO 0x801C0094 [CommunicationSystemStateMachine.cpp, 252] - Send Command:E4 02 58 
2013/07/19 13:14:48:131 [005692] TRACE 0x801C0094 [Prb.cpp, 493] - Reading FPGA, Address=0x3018
2013/07/19 13:14:48:132 [005692] TRACE 0x801C0094 [Prb.cpp, 1035] - ReadFPGAPacket(0x3018):01 00 0C 91 82 00 02 30 18 E8 D1 0D 
2013/07/19 13:14:48:132 [006836] TRACE 0x801C0094 [Prb.cpp, 835] - RxStream contents:01 00 0C 5E 06 91 00 01 3E 8F 37 0D 
2013/07/19 13:14:48:133 [006836] TRACE 0x801C0094 [Prb.cpp, 943] - RadioBoardPacket(ACK):01 00 0C 5E 06 91 00 01 3E 8F 37 0D 
2013/07/19 13:14:48:134 [005692] DEBUG 0x801C0094 [Prb.cpp, 512] - Read FPGA completed, Address=0x3018, Data=0x3E
2013/07/19 13:14:48:134 [005692] TRACE 0x801C0094 [Prb.cpp, 493] - Reading FPGA, Address=0x301A
2013/07/19 13:14:48:135 [005692] TRACE 0x801C0094 [Prb.cpp, 1035] - ReadFPGAPacket(0x301A):01 00 0C 92 82 00 02 30 1A E0 DE 0D 
2013/07/19 13:14:48:135 [006836] TRACE 0x801C0094 [Prb.cpp, 835] - RxStream contents:01 00 0C 5F 06 92 00 01 00 CB B3 0D 
2013/07/19 13:14:48:136 [006836] TRACE 0x801C0094 [Prb.cpp, 943] - RadioBoardPacket(ACK):01 00 0C 5F 06 92 00 01 00 CB B3 0D 
2013/07/19 13:14:48:136 [005692] DEBUG 0x801C0094 [Prb.cpp, 512] - Read FPGA completed, Address=0x301A, Data=0x00
2013/07/19 13:14:48:137 [005692] TRACE 0x801C0094 [Prb.cpp, 493] - Reading FPGA, Address=0x3070
2013/07/19 13:14:48:138 [005692] TRACE 0x801C0094 [Prb.cpp, 1035] - ReadFPGAPacket(0x3070):01 00 0C 93 82 00 02 30 70 19 A1 0D 
2013/07/19 13:14:48:138 [006836] TRACE 0x801C0094 [Prb.cpp, 835] - RxStream contents:01 00 0C 60 06 93 00 01 FF 75 8E 0D 
2013/07/19 13:14:48:139 [006836] TRACE 0x801C0094 [Prb.cpp, 943] - RadioBoardPacket(ACK):01 00 0C 60 06 93 00 01 FF 75 8E 0D 
2013/07/19 13:14:48:139 [005692] DEBUG 0x801C0094 [Prb.cpp, 512] - Read FPGA completed, Address=0x3070, Data=0xFF
2013/07/19 13:14:48:140 [005692] DEBUG 0x801C0094 [ComSysDiagnostics.cpp, 31] - FPGA RSSI/AFC [Send Command] linkedRSSI:62 linkedAFC:0 AFC:255
2013/07/19 13:14:48:140 [005692] TRACE 0x801C0094 [Prb.cpp, 383] - Send Command, Command=0xe4
2013/07/19 13:14:48:141 [005692] TRACE 0x801C0094 [Prb.cpp, 1035] - WriteTransmitterPacket():01 00 0D 94 87 00 03 E4 02 58 19 E0 0D 
2013/07/19 13:14:48:141 [006836] TRACE 0x801C0094 [Prb.cpp, 835] - RxStream contents:01 00 0B 61 06 94 00 00 AA 61 0D 
2013/07/19 13:14:48:142 [006836] TRACE 0x801C0094 [Prb.cpp, 943] - RadioBoardPacket(ACK):01 00 0B 61 06 94 00 00 AA 61 0D 
2013/07/19 13:14:48:142 [005692] DEBUG 0x801C0094 [Prb.cpp, 402] - Send Command completed, Command=0xe4
2013/07/19 13:14:48:189 [006836] TRACE 0x801C0094 [Prb.cpp, 835] - RxStream contents:01 00 1F 65 00 00 00 
2013/07/19 13:14:48:288 [005692] INFO 0x801C0094 [ComSysDiagnostics.cpp, 79] - Status Counters [Link lost] FrameErrorsInLastSecond:9 EcgErrorsInLastSecond:0 MarkerOrImplantIdErrorsInLastSecond:0 TotalFrameErrors:9 TotalEcgErrors:0 TotalMarkerOrImplantIdErrors:0 TotalSentCommands:5 TotalGoodResponses:4 TotalBadResponses:0 TotalResponseTimeouts:0
2013/07/19 13:14:48:289 [005692] TRACE 0x801C0094 [Prb.cpp, 493] - Reading FPGA, Address=0x301C
2013/07/19 13:14:48:289 [005692] TRACE 0x801C0094 [Prb.cpp, 1035] - ReadFPGAPacket(0x301C):01 00 0C 95 82 00 02 30 1C 88 CC 0D 
2013/07/19 13:14:48:289 [006836] TRACE 0x801C0094 [Prb.cpp, 835] - RxStream contents:01 00 0C 6C 06 95 00 01 0A AF BF 0D 
2013/07/19 13:14:48:291 [006836] TRACE 0x801C0094 [Prb.cpp, 943] - RadioBoardPacket(ACK):01 00 0C 6C 06 95 00 01 0A AF BF 0D 
2013/07/19 13:14:48:291 [005692] DEBUG 0x801C0094 [Prb.cpp, 512] - Read FPGA completed, Address=0x301C, Data=0x0A
2013/07/19 13:14:48:292 [005692] DEBUG 0x801C0094 [ComSysDiagnostics.cpp, 89] - FPGA Frame Error Counter [Link lost]:10
2013/07/19 13:14:48:292 [005692] INFO 0x801C0094 [CommunicationSystemStateMachine.cpp, 769] - Command Completed
2013/07/19 13:14:48:293 [005692] DEBUG 0x801C0094 [CommunicationSystemStateMachine.cpp, 330] - ... after 10 frames.
2013/07/19 13:14:48:294 [005692] TRACE 0x801C0094 [Prb.cpp, 448] - Writing FPGA, Address=0x1008, Data=0x08
2013/07/19 13:14:48:295 [005692] TRACE 0x801C0094 [Prb.cpp, 1035] - WriteFPGAPacket(0x1008, 0x08):01 00 0D 96 81 00 03 10 08 08 BA B5 0D 
2013/07/19 13:14:48:295 [006836] TRACE 0x801C0094 [Prb.cpp, 835] - RxStream contents:01 00 0B 6D 06 96 00 00 28 6A 0D 
2013/07/19 13:14:48:296 [006836] TRACE 0x801C0094 [Prb.cpp, 943] - RadioBoardPacket(ACK):01 00 0B 6D 06 96 00 00 28 6A 0D 
2013/07/19 13:14:48:296 [005692] DEBUG 0x801C0094 [Prb.cpp, 466] - Write FPGA completed, Address=0x1008, Data=0x08
2013/07/19 13:14:48:313 [005692] TRACE 0x801C0094 [Prb.cpp, 493] - Reading FPGA, Address=0x300A
2013/07/19 13:14:48:314 [005692] TRACE 0x801C0094 [Prb.cpp, 1035] - ReadFPGAPacket(0x300A):01 00 0C 97 82 00 02 30 0A 78 B8 0D 
2013/07/19 13:14:48:314 [006836] TRACE 0x801C0094 [Prb.cpp, 835] - RxStream contents:01 00 0C 6E 06 97 00 01 00 77 83 0D 
2013/07/19 13:14:48:315 [006836] TRACE 0x801C0094 [Prb.cpp, 943] - RadioBoardPacket(ACK):01 00 0C 6E 06 97 00 01 00 77 83 0D 
2013/07/19 13:14:48:315 [005692] DEBUG 0x801C0094 [Prb.cpp, 512] - Read FPGA completed, Address=0x300A, Data=0x00
2013/07/19 13:14:48:316 [005692] TRACE 0x801C0094 [Prb.cpp, 448] - Writing FPGA, Address=0x300A, Data=0x03
2013/07/19 13:14:48:317 [005692] TRACE 0x801C0094 [Prb.cpp, 1035] - WriteFPGAPacket(0x300A, 0x03):01 00 0D 98 81 00 03 30 0A 03 BA EF 0D 
2013/07/19 13:14:48:317 [006836] TRACE 0x801C0094 [Prb.cpp, 835] - RxStream contents:01 00 0B 6F 06 98 00 00 28 42 0D 
2013/07/19 13:14:48:318 [006836] TRACE 0x801C0094 [Prb.cpp, 943] - RadioBoardPacket(ACK):01 00 0B 6F 06 98 00 00 28 42 0D 
2013/07/19 13:14:48:318 [005692] DEBUG 0x801C0094 [Prb.cpp, 466] - Write FPGA completed, Address=0x300A, Data=0x03
2013/07/19 13:14:53:488 [006024] INFO [NCommunicationSystem.cpp, 747] - Disposing: 1
2013/07/19 13:14:53:491 [006024] INFO [CrossAppDomainEventMarshaller.cpp, 44] - Disposing: 1
2013/07/19 13:14:53:492 [006024] INFO [CrossAppDomainEventMarshaller.cpp, 155] - abortGetNextEvent called
2013/07/19 13:14:53:493 [006024] INFO [CrossAppDomainEventMarshaller.cpp, 48] - Waiting for CrossDomainEventTranslator::m_pHandleEventsThread to stop
2013/07/19 13:14:53:493 [006340] INFO [CrossAppDomainEventMarshaller.cpp, 80] - handleEventsThread exiting (thread aborted)
2013/07/19 13:14:53:494 [006024] INFO [CrossAppDomainEventMarshaller.cpp, 54] - CrossDomainEventTranslator::m_pHandleEventsThread stopped
2013/07/19 13:14:53:495 [006024] INFO [CrossAppDomainEventMarshaller.cpp, 110] - EventHandler dtor
2013/07/19 13:14:53:496 [006024] INFO [CrossAppDomainEventMarshaller.cpp, 60] - Disposed.
2013/07/19 13:14:53:497 [006836] DEBUG [Prb.cpp, 867] - Prb receive thread terminated.
2013/07/19 13:14:53:500 [005692] INFO [ExceptionCatchingThread.cpp, 170] - Exited the interrupt thread procedure with return value 0.
2013/07/19 13:14:53:600 [005840] INFO [ExceptionCatchingThread.cpp, 170] - Exited the dispatch thread procedure with return value 0.
2013/07/19 13:14:53:601 [005872] INFO [ExceptionCatchingThread.cpp, 170] - Exited the timer thread procedure with return value 0.
2013/07/19 13:14:53:702 [006024] INFO [NCommunicationSystem.cpp, 779] - Disposed.
<<<<< Log Footer: 07/19/2013 13:14:53 >>>>>
