<<<<< Log Header: 07/16/2013 19:14:01 >>>>>
2013/07/16 19:14:01:452 [007840] INFO [NCommunicationSystem.cpp, 108] - nCommunicationSystem, Version=1.8.2.1, Culture=neutral, PublicKeyToken=56b5378c99c0bcfd
2013/07/16 19:14:01:467 [007840] INFO [ExceptionCatchingThread.cpp, 257] - Created the timer thread with id 7180 (0x1c0c).
2013/07/16 19:14:01:469 [007180] INFO [ExceptionCatchingThread.cpp, 168] - Executing the timer thread procedure...
2013/07/16 19:14:01:473 [007840] INFO [ExceptionCatchingThread.cpp, 257] - Created the dispatch thread with id 4516 (0x11a4).
2013/07/16 19:14:01:474 [004516] INFO [ExceptionCatchingThread.cpp, 168] - Executing the dispatch thread procedure...
2013/07/16 19:14:04:475 [007840] DEBUG [Prb.cpp, 252] - PRB logging started.
2013/07/16 19:14:04:482 [007840] DEBUG [Prb.cpp, 130] - Number of FTDI devices: 1
2013/07/16 19:14:04:483 [007840] DEBUG [Prb.cpp, 158] - FTDI Device[0]: ID=67330069
2013/07/16 19:14:04:486 [007840] DEBUG [Prb.cpp, 169] - FTDI handle=175586592
2013/07/16 19:14:04:487 [007840] INFO [Prb.cpp, 179] - FTDI Driver Version 2.08.24.0
2013/07/16 19:14:04:743 [007840] INFO [Prb.cpp, 205] - FTDI Configuration: MaxCurrent=200, CBus5=21, CBus6=0x4
2013/07/16 19:14:04:993 [007840] INFO [Prb.cpp, 246] - PRB driver initialized.
2013/07/16 19:14:04:993 [007840] TRACE [Prb.cpp, 448] - Writing FPGA, Address=0x1008, Data=0x08
2013/07/16 19:14:04:994 [007840] TRACE [Prb.cpp, 1035] - WriteFPGAPacket(0x1008, 0x08):01 00 0D 00 81 00 03 10 08 08 25 D5 0D 
2013/07/16 19:14:04:994 [003832] TRACE [Prb.cpp, 835] - RxStream contents:01 00 0B DD 06 00 00 00 97 D1 0D 
2013/07/16 19:14:04:995 [003832] TRACE [Prb.cpp, 943] - RadioBoardPacket(ACK):01 00 0B DD 06 00 00 00 97 D1 0D 
2013/07/16 19:14:04:996 [007840] DEBUG [Prb.cpp, 466] - Write FPGA completed, Address=0x1008, Data=0x08
2013/07/16 19:14:05:012 [007840] TRACE [Prb.cpp, 493] - Reading FPGA, Address=0x300A
2013/07/16 19:14:05:013 [007840] TRACE [Prb.cpp, 1035] - ReadFPGAPacket(0x300A):01 00 0C 01 82 00 02 30 0A E8 24 0D 
2013/07/16 19:14:05:013 [003832] TRACE [Prb.cpp, 835] - RxStream contents:01 00 0C DE 06 01 00 01 00 4F 02 0D 
2013/07/16 19:14:05:014 [003832] TRACE [Prb.cpp, 943] - RadioBoardPacket(ACK):01 00 0C DE 06 01 00 01 00 4F 02 0D 
2013/07/16 19:14:05:014 [007840] DEBUG [Prb.cpp, 512] - Read FPGA completed, Address=0x300A, Data=0x00
2013/07/16 19:14:05:015 [007840] TRACE [Prb.cpp, 448] - Writing FPGA, Address=0x300A, Data=0x03
2013/07/16 19:14:05:016 [007840] TRACE [Prb.cpp, 1035] - WriteFPGAPacket(0x300A, 0x03):01 00 0D 02 81 00 03 30 0A 03 29 4F 0D 
2013/07/16 19:14:05:016 [003832] TRACE [Prb.cpp, 835] - RxStream contents:01 00 0B DF 06 02 00 00 97 09 0D 
2013/07/16 19:14:05:017 [003832] TRACE [Prb.cpp, 943] - RadioBoardPacket(ACK):01 00 0B DF 06 02 00 00 97 09 0D 
2013/07/16 19:14:05:017 [007840] DEBUG [Prb.cpp, 466] - Write FPGA completed, Address=0x300A, Data=0x03
2013/07/16 19:14:05:030 [007840] INFO [CrossTalkDetector.cpp, 14] - EnterCrossTalkThreshold = 8
2013/07/16 19:14:05:031 [007840] INFO [CrossTalkDetector.cpp, 21] - LeaveCrossTalkThreshold = 4
2013/07/16 19:14:05:032 [007840] INFO [CrossTalkDetector.cpp, 28] - LinkThreshold = 8
2013/07/16 19:14:05:033 [007840] INFO [ExceptionCatchingThread.cpp, 257] - Created the interrupt thread with id 6640 (0x19f0).
2013/07/16 19:14:05:034 [007840] DEBUG [Prb.cpp, 252] - PRB logging started.
2013/07/16 19:14:05:034 [006640] INFO [ExceptionCatchingThread.cpp, 168] - Executing the interrupt thread procedure...
2013/07/16 19:14:05:035 [007840] INFO [CommunicationSystem.cpp, 640] - Calibrating the PRB CC1020.
2013/07/16 19:14:05:036 [007840] TRACE [Prb.cpp, 448] - Writing FPGA, Address=0x1008, Data=0x01
2013/07/16 19:14:05:036 [007840] TRACE [Prb.cpp, 1035] - WriteFPGAPacket(0x1008, 0x01):01 00 0D 03 81 00 03 10 08 01 26 D3 0D 
2013/07/16 19:14:05:036 [003832] TRACE [Prb.cpp, 835] - RxStream contents:01 00 0B E0 06 03 00 00 1D 36 0D 
2013/07/16 19:14:05:037 [003832] TRACE [Prb.cpp, 943] - RadioBoardPacket(ACK):01 00 0B E0 06 03 00 00 1D 36 0D 
2013/07/16 19:14:05:038 [007840] DEBUG [Prb.cpp, 466] - Write FPGA completed, Address=0x1008, Data=0x01
2013/07/16 19:14:05:119 [003832] TRACE [Prb.cpp, 835] - RxStream contents:01 00 0D E1 00 00 00 02 09 00 89 15 0D 
2013/07/16 19:14:05:124 [006640] DEBUG [CommunicationSystem.cpp, 1120] - Calibration complete.
2013/07/16 19:14:05:124 [007840] TRACE [Prb.cpp, 493] - Reading FPGA, Address=0x2012
2013/07/16 19:14:05:125 [007840] TRACE [Prb.cpp, 1035] - ReadFPGAPacket(0x2012):01 00 0C 04 82 00 02 20 12 10 72 0D 
2013/07/16 19:14:05:125 [003832] TRACE [Prb.cpp, 835] - RxStream contents:01 00 0C E2 06 04 00 01 00 AB 3E 0D 
2013/07/16 19:14:05:126 [003832] TRACE [Prb.cpp, 943] - RadioBoardPacket(ACK):01 00 0C E2 06 04 00 01 00 AB 3E 0D 
2013/07/16 19:14:05:127 [007840] DEBUG [Prb.cpp, 512] - Read FPGA completed, Address=0x2012, Data=0x00
2013/07/16 19:14:05:127 [007840] INFO [CommunicationSystem.cpp, 653] - CC1020 Calibration succeeded.
2013/07/16 19:14:05:128 [007840] TRACE [Prb.cpp, 448] - Writing FPGA, Address=0x1006, Data=0x08
2013/07/16 19:14:05:129 [007840] TRACE [Prb.cpp, 1035] - WriteFPGAPacket(0x1006, 0x08):01 00 0D 05 81 00 03 10 06 08 84 86 0D 
2013/07/16 19:14:05:129 [003832] TRACE [Prb.cpp, 835] - RxStream contents:01 00 0B E3 06 05 00 00 1D C6 0D 
2013/07/16 19:14:05:130 [003832] TRACE [Prb.cpp, 943] - RadioBoardPacket(ACK):01 00 0B E3 06 05 00 00 1D C6 0D 
2013/07/16 19:14:05:130 [007840] DEBUG [Prb.cpp, 466] - Write FPGA completed, Address=0x1006, Data=0x08
2013/07/16 19:14:05:131 [007840] TRACE [Prb.cpp, 493] - Reading FPGA, Address=0x3000
2013/07/16 19:14:05:132 [007840] TRACE [Prb.cpp, 1035] - ReadFPGAPacket(0x3000):01 00 0C 06 82 00 02 30 00 80 1E 0D 
2013/07/16 19:14:05:132 [003832] TRACE [Prb.cpp, 835] - RxStream contents:01 00 0C E4 06 06 00 01 07 13 29 0D 
2013/07/16 19:14:05:133 [003832] TRACE [Prb.cpp, 943] - RadioBoardPacket(ACK):01 00 0C E4 06 06 00 01 07 13 29 0D 
2013/07/16 19:14:05:133 [007840] DEBUG [Prb.cpp, 512] - Read FPGA completed, Address=0x3000, Data=0x07
2013/07/16 19:14:05:134 [007840] INFO [CommunicationSystem.cpp, 613] - FPGA Revision 7.
2013/07/16 19:14:05:134 [007840] TRACE [Prb.cpp, 584] - Reading CC1020, Address=0x0004
2013/07/16 19:14:05:135 [007840] TRACE [Prb.cpp, 1035] - ReadCC1020Packet(0x04):01 00 0C 07 84 00 02 00 04 59 16 0D 
2013/07/16 19:14:05:135 [003832] TRACE [Prb.cpp, 835] - RxStream contents:01 00 0C E5 06 07 00 01 35 FF 86 0D 
2013/07/16 19:14:05:136 [003832] TRACE [Prb.cpp, 943] - RadioBoardPacket(ACK):01 00 0C E5 06 07 00 01 35 FF 86 0D 
2013/07/16 19:14:05:136 [007840] DEBUG [Prb.cpp, 603] - Read CC1020 completed, Address=0x0004, Data=0x35
2013/07/16 19:14:05:137 [007840] INFO [CommunicationSystem.cpp, 614] - CC1020 Frequency 2A 0x35.
2013/07/16 19:14:05:137 [007840] TRACE [Prb.cpp, 584] - Reading CC1020, Address=0x0005
2013/07/16 19:14:05:138 [007840] TRACE [Prb.cpp, 1035] - ReadCC1020Packet(0x05):01 00 0C 08 84 00 02 00 05 F1 1C 0D 
2013/07/16 19:14:05:138 [003832] TRACE [Prb.cpp, 835] - RxStream contents:01 00 0C E6 06 08 00 01 F0 B9 18 0D 
2013/07/16 19:14:05:139 [003832] TRACE [Prb.cpp, 943] - RadioBoardPacket(ACK):01 00 0C E6 06 08 00 01 F0 B9 18 0D 
2013/07/16 19:14:05:139 [007840] DEBUG [Prb.cpp, 603] - Read CC1020 completed, Address=0x0005, Data=0xF0
2013/07/16 19:14:05:140 [007840] INFO [CommunicationSystem.cpp, 615] - CC1020 Frequency 1A 0xf0.
2013/07/16 19:14:05:140 [007840] TRACE [Prb.cpp, 584] - Reading CC1020, Address=0x0006
2013/07/16 19:14:05:141 [007840] TRACE [Prb.cpp, 1035] - ReadCC1020Packet(0x06):01 00 0C 09 84 00 02 00 06 09 15 0D 
2013/07/16 19:14:05:141 [003832] TRACE [Prb.cpp, 835] - RxStream contents:01 00 0C E7 06 09 00 01 21 D7 FE 0D 
2013/07/16 19:14:05:142 [003832] TRACE [Prb.cpp, 943] - RadioBoardPacket(ACK):01 00 0C E7 06 09 00 01 21 D7 FE 0D 
2013/07/16 19:14:05:142 [007840] DEBUG [Prb.cpp, 603] - Read CC1020 completed, Address=0x0006, Data=0x21
2013/07/16 19:14:05:143 [007840] INFO [CommunicationSystem.cpp, 616] - CC1020 Frequency 0A 0x21.
2013/07/16 19:14:05:143 [007840] TRACE [Prb.cpp, 584] - Reading CC1020, Address=0x0008
2013/07/16 19:14:05:144 [007840] TRACE [Prb.cpp, 1035] - ReadCC1020Packet(0x08):01 00 0C 0A 84 00 02 00 08 01 32 0D 
2013/07/16 19:14:05:144 [003832] TRACE [Prb.cpp, 835] - RxStream contents:01 00 0C E8 06 0A 00 01 35 C3 89 0D 
2013/07/16 19:14:05:145 [003832] TRACE [Prb.cpp, 943] - RadioBoardPacket(ACK):01 00 0C E8 06 0A 00 01 35 C3 89 0D 
2013/07/16 19:14:05:145 [007840] DEBUG [Prb.cpp, 603] - Read CC1020 completed, Address=0x0008, Data=0x35
2013/07/16 19:14:05:146 [007840] INFO [CommunicationSystem.cpp, 617] - CC1020 Frequency 2B 0x35.
2013/07/16 19:14:05:146 [007840] TRACE [Prb.cpp, 584] - Reading CC1020, Address=0x0009
2013/07/16 19:14:05:147 [007840] TRACE [Prb.cpp, 1035] - ReadCC1020Packet(0x09):01 00 0C 0B 84 00 02 00 09 79 34 0D 
2013/07/16 19:14:05:147 [003832] TRACE [Prb.cpp, 835] - RxStream contents:01 00 0C E9 06 0B 00 01 FA AD 2B 0D 
2013/07/16 19:14:05:148 [003832] TRACE [Prb.cpp, 943] - RadioBoardPacket(ACK):01 00 0C E9 06 0B 00 01 FA AD 2B 0D 
2013/07/16 19:14:05:148 [007840] DEBUG [Prb.cpp, 603] - Read CC1020 completed, Address=0x0009, Data=0xFA
2013/07/16 19:14:05:149 [007840] INFO [CommunicationSystem.cpp, 618] - CC1020 Frequency 1B 0xfa.
2013/07/16 19:14:05:149 [007840] TRACE [Prb.cpp, 584] - Reading CC1020, Address=0x000A
2013/07/16 19:14:05:150 [007840] TRACE [Prb.cpp, 1035] - ReadCC1020Packet(0x0A):01 00 0C 0C 84 00 02 00 0A 11 38 0D 
2013/07/16 19:14:05:150 [003832] TRACE [Prb.cpp, 835] - RxStream contents:01 00 0C EA 06 0C 00 01 CB 49 8D 0D 
2013/07/16 19:14:05:151 [003832] TRACE [Prb.cpp, 943] - RadioBoardPacket(ACK):01 00 0C EA 06 0C 00 01 CB 49 8D 0D 
2013/07/16 19:14:05:151 [007840] DEBUG [Prb.cpp, 603] - Read CC1020 completed, Address=0x000A, Data=0xCB
2013/07/16 19:14:05:152 [007840] INFO [CommunicationSystem.cpp, 619] - CC1020 Frequency 0B 0xcb.
2013/07/16 19:14:05:152 [007840] DEBUG [Prb.cpp, 650] - Read EEPROM completed, Address=0x060A, Data=0x00
2013/07/16 19:14:05:153 [007840] INFO [CommunicationSystem.cpp, 620] - RSSI Calibration Reference Center Channel 0.
2013/07/16 19:14:05:153 [007840] TRACE [Prb.cpp, 493] - Reading FPGA, Address=0x3054
2013/07/16 19:14:05:154 [007840] TRACE [Prb.cpp, 1035] - ReadFPGAPacket(0x3054):01 00 0C 0D 82 00 02 30 54 C9 EC 0D 
2013/07/16 19:14:05:154 [003832] TRACE [Prb.cpp, 835] - RxStream contents:01 00 0C EB 06 0D 00 01 07 27 25 0D 
2013/07/16 19:14:05:155 [003832] TRACE [Prb.cpp, 943] - RadioBoardPacket(ACK):01 00 0C EB 06 0D 00 01 07 27 25 0D 
2013/07/16 19:14:05:155 [007840] DEBUG [Prb.cpp, 512] - Read FPGA completed, Address=0x3054, Data=0x07
2013/07/16 19:14:05:156 [007840] INFO [CommunicationSystem.cpp, 621] - CC1020 PA_POWER 0x7.
2013/07/16 19:14:05:156 [007840] TRACE [Prb.cpp, 584] - Reading CC1020, Address=0x001C
2013/07/16 19:14:05:157 [007840] TRACE [Prb.cpp, 1035] - ReadCC1020Packet(0x1C):01 00 0C 0E 84 00 02 00 1C E1 4C 0D 
2013/07/16 19:14:05:157 [003832] TRACE [Prb.cpp, 835] - RxStream contents:01 00 0C EC 06 0E 00 01 07 73 23 0D 
2013/07/16 19:14:05:158 [003832] TRACE [Prb.cpp, 943] - RadioBoardPacket(ACK):01 00 0C EC 06 0E 00 01 07 73 23 0D 
2013/07/16 19:14:05:159 [007840] DEBUG [Prb.cpp, 603] - Read CC1020 completed, Address=0x001C, Data=0x07
2013/07/16 19:14:05:159 [007840] INFO [CommunicationSystem.cpp, 622] - CC1020 Transmit Power 0x7.
2013/07/16 19:14:05:159 [007840] TRACE [Prb.cpp, 493] - Reading FPGA, Address=0x3014
2013/07/16 19:14:05:160 [007840] TRACE [Prb.cpp, 1035] - ReadFPGAPacket(0x3014):01 00 0C 0F 82 00 02 30 14 38 6C 0D 
2013/07/16 19:14:05:160 [003832] TRACE [Prb.cpp, 835] - RxStream contents:01 00 0C ED 06 0F 00 01 00 9F 32 0D 
2013/07/16 19:14:05:161 [003832] TRACE [Prb.cpp, 943] - RadioBoardPacket(ACK):01 00 0C ED 06 0F 00 01 00 9F 32 0D 
2013/07/16 19:14:05:161 [007840] DEBUG [Prb.cpp, 512] - Read FPGA completed, Address=0x3014, Data=0x00
2013/07/16 19:14:05:162 [007840] INFO [CommunicationSystem.cpp, 623] - Low Noise Amplifier Circumvented 0.
2013/07/16 19:14:05:163 [007840] TRACE [Prb.cpp, 584] - Reading CC1020, Address=0x0001
2013/07/16 19:14:05:163 [007840] TRACE [Prb.cpp, 1035] - ReadCC1020Packet(0x01):01 00 0C 10 84 00 02 00 01 B1 1C 0D 
2013/07/16 19:14:05:163 [003832] TRACE [Prb.cpp, 835] - RxStream contents:01 00 0C EE 06 10 00 01 0F 9B 16 0D 
2013/07/16 19:14:05:164 [003832] TRACE [Prb.cpp, 943] - RadioBoardPacket(ACK):01 00 0C EE 06 10 00 01 0F 9B 16 0D 
2013/07/16 19:14:05:165 [007840] DEBUG [Prb.cpp, 603] - Read CC1020 completed, Address=0x0001, Data=0x0F
2013/07/16 19:14:05:165 [007840] INFO [CommunicationSystem.cpp, 624] - Low Noise Amplifier 0xf.
2013/07/16 19:14:05:166 [007840] TRACE [Prb.cpp, 493] - Reading FPGA, Address=0x1006
2013/07/16 19:14:05:166 [007840] TRACE [Prb.cpp, 1035] - ReadFPGAPacket(0x1006):01 00 0C 11 82 00 02 10 06 28 1D 0D 
2013/07/16 19:14:05:166 [003832] TRACE [Prb.cpp, 835] - RxStream contents:01 00 0C EF 06 11 00 01 08 77 07 0D 
2013/07/16 19:14:05:167 [003832] TRACE [Prb.cpp, 943] - RadioBoardPacket(ACK):01 00 0C EF 06 11 00 01 08 77 07 0D 
2013/07/16 19:14:05:168 [007840] DEBUG [Prb.cpp, 512] - Read FPGA completed, Address=0x1006, Data=0x08
2013/07/16 19:14:05:168 [007840] INFO [CommunicationSystem.cpp, 625] - Allowed Framing Errors 8.
2013/07/16 19:14:05:171 [007840] INFO [CrossTalkDetector.cpp, 28] - LinkThreshold = 8
2013/07/16 19:14:05:172 [007840] INFO [CrossTalkDetector.cpp, 14] - EnterCrossTalkThreshold = 8
2013/07/16 19:14:05:173 [007840] INFO [CrossTalkDetector.cpp, 21] - LeaveCrossTalkThreshold = 4
2013/07/16 19:14:05:182 [004308] TRACE [Prb.cpp, 493] - Reading FPGA, Address=0x3000
2013/07/16 19:14:05:183 [004308] TRACE [Prb.cpp, 1035] - ReadFPGAPacket(0x3000):01 00 0C 12 82 00 02 30 00 E0 0A 0D 
2013/07/16 19:14:05:183 [003832] TRACE [Prb.cpp, 835] - RxStream contents:01 00 0C F0 06 12 00 01 07 E3 38 0D 
2013/07/16 19:14:05:184 [003832] TRACE [Prb.cpp, 943] - RadioBoardPacket(ACK):01 00 0C F0 06 12 00 01 07 E3 38 0D 
2013/07/16 19:14:05:185 [004308] DEBUG [Prb.cpp, 512] - Read FPGA completed, Address=0x3000, Data=0x07
2013/07/16 19:14:05:186 [004308] TRACE [Prb.cpp, 539] - Writing CC1020, Address=0x001C, Data=0x07
2013/07/16 19:14:05:187 [004308] TRACE [Prb.cpp, 1035] - WriteCC1020Packet(0x1C, 0x07):01 00 0D 13 83 00 03 00 1C 07 3E 84 0D 
2013/07/16 19:14:05:187 [003832] TRACE [Prb.cpp, 835] - RxStream contents:01 00 0B F1 06 13 00 00 9B 8D 0D 
2013/07/16 19:14:05:188 [003832] TRACE [Prb.cpp, 943] - RadioBoardPacket(ACK):01 00 0B F1 06 13 00 00 9B 8D 0D 
2013/07/16 19:14:05:188 [004308] DEBUG [Prb.cpp, 557] - Write CC1020 completed, Address=0x001C, Data=0x07
2013/07/16 19:14:05:224 [007840] TRACE [Prb.cpp, 493] - Reading FPGA, Address=0x3000
2013/07/16 19:14:05:225 [007840] TRACE [Prb.cpp, 1035] - ReadFPGAPacket(0x3000):01 00 0C 14 82 00 02 30 00 70 0F 0D 
2013/07/16 19:14:05:225 [003832] TRACE [Prb.cpp, 835] - RxStream contents:01 00 0C F2 06 14 00 01 07 EB 3B 0D 
2013/07/16 19:14:05:226 [003832] TRACE [Prb.cpp, 943] - RadioBoardPacket(ACK):01 00 0C F2 06 14 00 01 07 EB 3B 0D 
2013/07/16 19:14:05:227 [007840] DEBUG [Prb.cpp, 512] - Read FPGA completed, Address=0x3000, Data=0x07
2013/07/16 19:14:05:235 [007840] INFO [CommunicationSystem.cpp, 640] - Calibrating the PRB CC1020.
2013/07/16 19:14:05:235 [007840] TRACE [Prb.cpp, 448] - Writing FPGA, Address=0x1008, Data=0x01
2013/07/16 19:14:05:236 [007840] TRACE [Prb.cpp, 1035] - WriteFPGAPacket(0x1008, 0x01):01 00 0D 15 81 00 03 10 08 01 B1 B0 0D 
2013/07/16 19:14:05:236 [003832] TRACE [Prb.cpp, 835] - RxStream contents:01 00 0B F3 06 15 00 00 1B 06 0D 
2013/07/16 19:14:05:237 [003832] TRACE [Prb.cpp, 943] - RadioBoardPacket(ACK):01 00 0B F3 06 15 00 00 1B 06 0D 
2013/07/16 19:14:05:238 [007840] DEBUG [Prb.cpp, 466] - Write FPGA completed, Address=0x1008, Data=0x01
2013/07/16 19:14:05:325 [003832] TRACE [Prb.cpp, 835] - RxStream contents:01 00 0D F4 00 00 00 02 09 00 1D 46 0D 
2013/07/16 19:14:05:330 [006640] DEBUG [CommunicationSystem.cpp, 1120] - Calibration complete.
2013/07/16 19:14:05:330 [007840] TRACE [Prb.cpp, 493] - Reading FPGA, Address=0x2012
2013/07/16 19:14:05:331 [007840] TRACE [Prb.cpp, 1035] - ReadFPGAPacket(0x2012):01 00 0C 16 82 00 02 20 12 E0 63 0D 
2013/07/16 19:14:05:331 [003832] TRACE [Prb.cpp, 835] - RxStream contents:01 00 0C F5 06 16 00 01 00 AB 2F 0D 
2013/07/16 19:14:05:332 [003832] TRACE [Prb.cpp, 943] - RadioBoardPacket(ACK):01 00 0C F5 06 16 00 01 00 AB 2F 0D 
2013/07/16 19:14:05:333 [007840] DEBUG [Prb.cpp, 512] - Read FPGA completed, Address=0x2012, Data=0x00
2013/07/16 19:14:05:333 [007840] INFO [CommunicationSystem.cpp, 653] - CC1020 Calibration succeeded.
2013/07/16 19:14:05:338 [007840] TRACE [Prb.cpp, 584] - Reading CC1020, Address=0x0004
2013/07/16 19:14:05:339 [007840] TRACE [Prb.cpp, 1035] - ReadCC1020Packet(0x04):01 00 0C 17 84 00 02 00 04 D9 04 0D 
2013/07/16 19:14:05:339 [003832] TRACE [Prb.cpp, 835] - RxStream contents:01 00 0C F6 06 17 00 01 35 B7 92 0D 
2013/07/16 19:14:05:341 [003832] TRACE [Prb.cpp, 943] - RadioBoardPacket(ACK):01 00 0C F6 06 17 00 01 35 B7 92 0D 
2013/07/16 19:14:05:341 [007840] DEBUG [Prb.cpp, 603] - Read CC1020 completed, Address=0x0004, Data=0x35
2013/07/16 19:14:05:344 [007840] TRACE [Prb.cpp, 584] - Reading CC1020, Address=0x0005
2013/07/16 19:14:05:344 [007840] TRACE [Prb.cpp, 1035] - ReadCC1020Packet(0x05):01 00 0C 18 84 00 02 00 05 71 0E 0D 
2013/07/16 19:14:05:345 [003832] TRACE [Prb.cpp, 835] - RxStream contents:01 00 0C F7 06 18 00 01 F0 81 0F 0D 
2013/07/16 19:14:05:346 [003832] TRACE [Prb.cpp, 943] - RadioBoardPacket(ACK):01 00 0C F7 06 18 00 01 F0 81 0F 0D 
2013/07/16 19:14:05:346 [007840] DEBUG [Prb.cpp, 603] - Read CC1020 completed, Address=0x0005, Data=0xF0
2013/07/16 19:14:05:348 [007840] TRACE [Prb.cpp, 584] - Reading CC1020, Address=0x0006
2013/07/16 19:14:05:349 [007840] TRACE [Prb.cpp, 1035] - ReadCC1020Packet(0x06):01 00 0C 19 84 00 02 00 06 89 07 0D 
2013/07/16 19:14:05:349 [003832] TRACE [Prb.cpp, 835] - RxStream contents:01 00 0C F8 06 19 00 01 21 3F E5 0D 
2013/07/16 19:14:05:350 [003832] TRACE [Prb.cpp, 943] - RadioBoardPacket(ACK):01 00 0C F8 06 19 00 01 21 3F E5 0D 
2013/07/16 19:14:05:350 [007840] DEBUG [Prb.cpp, 603] - Read CC1020 completed, Address=0x0006, Data=0x21
2013/07/16 19:14:05:352 [007840] TRACE [Prb.cpp, 584] - Reading CC1020, Address=0x0007
2013/07/16 19:14:05:353 [007840] TRACE [Prb.cpp, 1035] - ReadCC1020Packet(0x07):01 00 0C 1A 84 00 02 00 07 81 02 0D 
2013/07/16 19:14:05:353 [003832] TRACE [Prb.cpp, 835] - RxStream contents:01 00 0C F9 06 1A 00 01 38 7B B3 0D 
2013/07/16 19:14:05:354 [003832] TRACE [Prb.cpp, 943] - RadioBoardPacket(ACK):01 00 0C F9 06 1A 00 01 38 7B B3 0D 
2013/07/16 19:14:05:354 [007840] DEBUG [Prb.cpp, 603] - Read CC1020 completed, Address=0x0007, Data=0x38
2013/07/16 19:14:05:356 [007840] TRACE [Prb.cpp, 584] - Reading CC1020, Address=0x0008
2013/07/16 19:14:05:357 [007840] TRACE [Prb.cpp, 1035] - ReadCC1020Packet(0x08):01 00 0C 1B 84 00 02 00 08 79 23 0D 
2013/07/16 19:14:05:357 [003832] TRACE [Prb.cpp, 835] - RxStream contents:01 00 0C FA 06 1B 00 01 35 E7 9D 0D 
2013/07/16 19:14:05:358 [003832] TRACE [Prb.cpp, 943] - RadioBoardPacket(ACK):01 00 0C FA 06 1B 00 01 35 E7 9D 0D 
2013/07/16 19:14:05:358 [007840] DEBUG [Prb.cpp, 603] - Read CC1020 completed, Address=0x0008, Data=0x35
2013/07/16 19:14:05:359 [007840] TRACE [Prb.cpp, 584] - Reading CC1020, Address=0x0009
2013/07/16 19:14:05:360 [007840] TRACE [Prb.cpp, 1035] - ReadCC1020Packet(0x09):01 00 0C 1C 84 00 02 00 09 91 20 0D 
2013/07/16 19:14:05:360 [003832] TRACE [Prb.cpp, 835] - RxStream contents:01 00 0C FB 06 1C 00 01 FA F1 3F 0D 
2013/07/16 19:14:05:361 [003832] TRACE [Prb.cpp, 943] - RadioBoardPacket(ACK):01 00 0C FB 06 1C 00 01 FA F1 3F 0D 
2013/07/16 19:14:05:362 [007840] DEBUG [Prb.cpp, 603] - Read CC1020 completed, Address=0x0009, Data=0xFA
2013/07/16 19:14:05:363 [007840] TRACE [Prb.cpp, 584] - Reading CC1020, Address=0x000A
2013/07/16 19:14:05:363 [007840] TRACE [Prb.cpp, 1035] - ReadCC1020Packet(0x0A):01 00 0C 1D 84 00 02 00 0A 69 29 0D 
2013/07/16 19:14:05:363 [003832] TRACE [Prb.cpp, 835] - RxStream contents:01 00 0C FC 06 1D 00 01 CB 8D 9F 0D 
2013/07/16 19:14:05:364 [003832] TRACE [Prb.cpp, 943] - RadioBoardPacket(ACK):01 00 0C FC 06 1D 00 01 CB 8D 9F 0D 
2013/07/16 19:14:05:365 [007840] DEBUG [Prb.cpp, 603] - Read CC1020 completed, Address=0x000A, Data=0xCB
2013/07/16 19:14:05:366 [007840] TRACE [Prb.cpp, 584] - Reading CC1020, Address=0x000B
2013/07/16 19:14:05:367 [007840] TRACE [Prb.cpp, 1035] - ReadCC1020Packet(0x0B):01 00 0C 1E 84 00 02 00 0B 61 2C 0D 
2013/07/16 19:14:05:367 [003832] TRACE [Prb.cpp, 835] - RxStream contents:01 00 0C FD 06 1E 00 01 38 4B B6 0D 
2013/07/16 19:14:05:368 [003832] TRACE [Prb.cpp, 943] - RadioBoardPacket(ACK):01 00 0C FD 06 1E 00 01 38 4B B6 0D 
2013/07/16 19:14:05:368 [007840] DEBUG [Prb.cpp, 603] - Read CC1020 completed, Address=0x000B, Data=0x38
2013/07/16 19:14:05:369 [007840] TRACE [Prb.cpp, 584] - Reading CC1020, Address=0x001D
2013/07/16 19:14:05:370 [007840] TRACE [Prb.cpp, 1035] - ReadCC1020Packet(0x1D):01 00 0C 1F 84 00 02 00 1D 19 58 0D 
2013/07/16 19:14:05:370 [003832] TRACE [Prb.cpp, 835] - RxStream contents:01 00 0C FE 06 1F 00 01 00 D7 26 0D 
2013/07/16 19:14:05:371 [003832] TRACE [Prb.cpp, 943] - RadioBoardPacket(ACK):01 00 0C FE 06 1F 00 01 00 D7 26 0D 
2013/07/16 19:14:05:372 [007840] DEBUG [Prb.cpp, 603] - Read CC1020 completed, Address=0x001D, Data=0x00
2013/07/16 19:14:05:373 [007840] TRACE [Prb.cpp, 584] - Reading CC1020, Address=0x0045
2013/07/16 19:14:05:373 [007840] TRACE [Prb.cpp, 1035] - ReadCC1020Packet(0x45):01 00 0C 20 84 00 02 00 45 B0 B7 0D 
2013/07/16 19:14:05:373 [003832] TRACE [Prb.cpp, 835] - RxStream contents:01 00 0C FF 06 20 00 01 5C 22 E7 0D 
2013/07/16 19:14:05:374 [003832] TRACE [Prb.cpp, 943] - RadioBoardPacket(ACK):01 00 0C FF 06 20 00 01 5C 22 E7 0D 
2013/07/16 19:14:05:375 [007840] DEBUG [Prb.cpp, 603] - Read CC1020 completed, Address=0x0045, Data=0x5C
2013/07/16 19:14:05:376 [007840] TRACE [Prb.cpp, 584] - Reading CC1020, Address=0x0046
2013/07/16 19:14:05:377 [007840] TRACE [Prb.cpp, 1035] - ReadCC1020Packet(0x46):01 00 0C 21 84 00 02 00 46 48 BE 0D 
2013/07/16 19:14:05:377 [003832] TRACE [Prb.cpp, 835] - RxStream contents:01 00 0C 00 06 21 00 01 66 9E 88 0D 
2013/07/16 19:14:05:378 [003832] TRACE [Prb.cpp, 943] - RadioBoardPacket(ACK):01 00 0C 00 06 21 00 01 66 9E 88 0D 
2013/07/16 19:14:05:378 [007840] DEBUG [Prb.cpp, 603] - Read CC1020 completed, Address=0x0046, Data=0x66
2013/07/16 19:14:05:379 [007840] TRACE [Prb.cpp, 584] - Reading CC1020, Address=0x0047
2013/07/16 19:14:05:380 [007840] TRACE [Prb.cpp, 1035] - ReadCC1020Packet(0x47):01 00 0C 22 84 00 02 00 47 40 BB 0D 
2013/07/16 19:14:05:380 [003832] TRACE [Prb.cpp, 835] - RxStream contents:01 00 0C 01 06 22 00 01 44 5A 47 0D 
2013/07/16 19:14:05:381 [003832] TRACE [Prb.cpp, 943] - RadioBoardPacket(ACK):01 00 0C 01 06 22 00 01 44 5A 47 0D 
2013/07/16 19:14:05:382 [007840] DEBUG [Prb.cpp, 603] - Read CC1020 completed, Address=0x0047, Data=0x44
2013/07/16 19:14:05:389 [007840] TRACE [Prb.cpp, 493] - Reading FPGA, Address=0x305E
2013/07/16 19:14:05:390 [007840] TRACE [Prb.cpp, 1035] - ReadFPGAPacket(0x305E):01 00 0C 23 82 00 02 30 5E 99 FD 0D 
2013/07/16 19:14:05:390 [003832] TRACE [Prb.cpp, 835] - RxStream contents:01 00 0C 02 06 23 00 01 00 47 DC 0D 
2013/07/16 19:14:05:391 [003832] TRACE [Prb.cpp, 943] - RadioBoardPacket(ACK):01 00 0C 02 06 23 00 01 00 47 DC 0D 
2013/07/16 19:14:05:392 [007840] DEBUG [Prb.cpp, 512] - Read FPGA completed, Address=0x305E, Data=0x00
2013/07/16 19:14:05:392 [007840] TRACE [Prb.cpp, 493] - Reading FPGA, Address=0x3060
2013/07/16 19:14:05:393 [007840] TRACE [Prb.cpp, 1035] - ReadFPGAPacket(0x3060):01 00 0C 24 82 00 02 30 60 71 7C 0D 
2013/07/16 19:14:05:393 [003832] TRACE [Prb.cpp, 835] - RxStream contents:01 00 0C 03 06 24 00 01 00 53 DC 0D 
2013/07/16 19:14:05:394 [003832] TRACE [Prb.cpp, 943] - RadioBoardPacket(ACK):01 00 0C 03 06 24 00 01 00 53 DC 0D 
2013/07/16 19:14:05:395 [007840] DEBUG [Prb.cpp, 512] - Read FPGA completed, Address=0x3060, Data=0x00
2013/07/16 19:14:05:395 [007840] TRACE [Prb.cpp, 493] - Reading FPGA, Address=0x3062
2013/07/16 19:14:05:396 [007840] TRACE [Prb.cpp, 1035] - ReadFPGAPacket(0x3062):01 00 0C 25 82 00 02 30 62 09 70 0D 
2013/07/16 19:14:05:396 [003832] TRACE [Prb.cpp, 835] - RxStream contents:01 00 0C 04 06 25 00 01 00 AF D9 0D 
2013/07/16 19:14:05:397 [003832] TRACE [Prb.cpp, 943] - RadioBoardPacket(ACK):01 00 0C 04 06 25 00 01 00 AF D9 0D 
2013/07/16 19:14:05:398 [007840] DEBUG [Prb.cpp, 512] - Read FPGA completed, Address=0x3062, Data=0x00
2013/07/16 19:14:05:402 [007840] TRACE [Prb.cpp, 493] - Reading FPGA, Address=0x3066
2013/07/16 19:14:05:403 [007840] TRACE [Prb.cpp, 1035] - ReadFPGAPacket(0x3066):01 00 0C 26 82 00 02 30 66 01 6B 0D 
2013/07/16 19:14:05:403 [003832] TRACE [Prb.cpp, 835] - RxStream contents:01 00 0C 05 06 26 00 01 00 6B DA 0D 
2013/07/16 19:14:05:404 [003832] TRACE [Prb.cpp, 943] - RadioBoardPacket(ACK):01 00 0C 05 06 26 00 01 00 6B DA 0D 
2013/07/16 19:14:05:405 [007840] DEBUG [Prb.cpp, 512] - Read FPGA completed, Address=0x3066, Data=0x00
2013/07/16 19:14:05:405 [007840] TRACE [Prb.cpp, 493] - Reading FPGA, Address=0x3068
2013/07/16 19:14:05:406 [007840] TRACE [Prb.cpp, 1035] - ReadFPGAPacket(0x3068):01 00 0C 27 82 00 02 30 68 79 4F 0D 
2013/07/16 19:14:05:406 [003832] TRACE [Prb.cpp, 835] - RxStream contents:01 00 0C 06 06 27 00 01 00 77 D9 0D 
2013/07/16 19:14:05:407 [003832] TRACE [Prb.cpp, 943] - RadioBoardPacket(ACK):01 00 0C 06 06 27 00 01 00 77 D9 0D 
2013/07/16 19:14:05:407 [007840] DEBUG [Prb.cpp, 512] - Read FPGA completed, Address=0x3068, Data=0x00
2013/07/16 19:14:05:408 [007840] TRACE [Prb.cpp, 493] - Reading FPGA, Address=0x306A
2013/07/16 19:14:05:408 [007840] TRACE [Prb.cpp, 1035] - ReadFPGAPacket(0x306A):01 00 0C 28 82 00 02 30 6A D1 4F 0D 
2013/07/16 19:14:05:408 [003832] TRACE [Prb.cpp, 835] - RxStream contents:01 00 0C 07 06 28 00 01 00 43 DA 0D 
2013/07/16 19:14:05:409 [003832] TRACE [Prb.cpp, 943] - RadioBoardPacket(ACK):01 00 0C 07 06 28 00 01 00 43 DA 0D 
2013/07/16 19:14:05:410 [007840] DEBUG [Prb.cpp, 512] - Read FPGA completed, Address=0x306A, Data=0x00
2013/07/16 19:14:05:412 [007840] TRACE [Prb.cpp, 448] - Writing FPGA, Address=0x1026, Data=0x01
2013/07/16 19:14:05:413 [007840] TRACE [Prb.cpp, 1035] - WriteFPGAPacket(0x1026, 0x01):01 00 0D 29 81 00 03 10 26 01 6A 70 0D 
2013/07/16 19:14:05:413 [003832] TRACE [Prb.cpp, 835] - RxStream contents:01 00 0B 08 06 29 00 00 B1 FD 0D 
2013/07/16 19:14:05:414 [003832] TRACE [Prb.cpp, 943] - RadioBoardPacket(ACK):01 00 0B 08 06 29 00 00 B1 FD 0D 
2013/07/16 19:14:05:414 [007840] DEBUG [Prb.cpp, 466] - Write FPGA completed, Address=0x1026, Data=0x01
2013/07/16 19:14:05:420 [004308] TRACE [Prb.cpp, 539] - Writing CC1020, Address=0x001C, Data=0x07
2013/07/16 19:14:05:421 [004308] TRACE [Prb.cpp, 1035] - WriteCC1020Packet(0x1C, 0x07):01 00 0D 2A 83 00 03 00 1C 07 04 14 0D 
2013/07/16 19:14:05:421 [003832] TRACE [Prb.cpp, 835] - RxStream contents:01 00 0B 09 06 2A 00 00 31 BA 0D 
2013/07/16 19:14:05:422 [003832] TRACE [Prb.cpp, 943] - RadioBoardPacket(ACK):01 00 0B 09 06 2A 00 00 31 BA 0D 
2013/07/16 19:14:05:423 [004308] DEBUG [Prb.cpp, 557] - Write CC1020 completed, Address=0x001C, Data=0x07
2013/07/16 19:14:05:425 [004308] TRACE [Prb.cpp, 448] - Writing FPGA, Address=0x3012, Data=0x01
2013/07/16 19:14:05:426 [004308] TRACE [Prb.cpp, 1035] - WriteFPGAPacket(0x3012, 0x01):01 00 0D 2B 81 00 03 30 12 01 52 D3 0D 
2013/07/16 19:14:05:426 [003832] TRACE [Prb.cpp, 835] - RxStream contents:01 00 0B 0A 06 2B 00 00 B1 25 0D 
2013/07/16 19:14:05:427 [003832] TRACE [Prb.cpp, 943] - RadioBoardPacket(ACK):01 00 0B 0A 06 2B 00 00 B1 25 0D 
2013/07/16 19:14:05:428 [004308] DEBUG [Prb.cpp, 466] - Write FPGA completed, Address=0x3012, Data=0x01
2013/07/16 19:14:05:428 [004308] TRACE [Prb.cpp, 493] - Reading FPGA, Address=0x1004
2013/07/16 19:14:05:429 [004308] TRACE [Prb.cpp, 1035] - ReadFPGAPacket(0x1004):01 00 0C 2C 82 00 02 10 04 F0 2D 0D 
2013/07/16 19:14:05:429 [003832] TRACE [Prb.cpp, 835] - RxStream contents:01 00 0C 0B 06 2C 00 01 00 33 D6 0D 
2013/07/16 19:14:05:430 [003832] TRACE [Prb.cpp, 943] - RadioBoardPacket(ACK):01 00 0C 0B 06 2C 00 01 00 33 D6 0D 
2013/07/16 19:14:05:431 [004308] DEBUG [Prb.cpp, 512] - Read FPGA completed, Address=0x1004, Data=0x00
2013/07/16 19:14:05:431 [004308] TRACE [Prb.cpp, 448] - Writing FPGA, Address=0x1004, Data=0x00
2013/07/16 19:14:05:432 [004308] TRACE [Prb.cpp, 1035] - WriteFPGAPacket(0x1004, 0x00):01 00 0D 2D 81 00 03 10 04 00 A2 36 0D 
2013/07/16 19:14:05:432 [003832] TRACE [Prb.cpp, 835] - RxStream contents:01 00 0B 0C 06 2D 00 00 B0 4D 0D 
2013/07/16 19:14:05:433 [003832] TRACE [Prb.cpp, 943] - RadioBoardPacket(ACK):01 00 0B 0C 06 2D 00 00 B0 4D 0D 
2013/07/16 19:14:05:434 [004308] DEBUG [Prb.cpp, 466] - Write FPGA completed, Address=0x1004, Data=0x00
2013/07/16 19:14:05:436 [004516] INFO [CommunicationSystemStates.cpp, 130] - Scan requested. Preamble Burst Duration: 9 seconds. Preamble Burst Data Rate: 2.
2013/07/16 19:14:05:437 [004516] TRACE [Prb.cpp, 448] - Writing FPGA, Address=0x1002, Data=0x09
2013/07/16 19:14:05:437 [004516] TRACE [Prb.cpp, 1035] - WriteFPGAPacket(0x1002, 0x09):01 00 0D 2E 81 00 03 10 02 09 B5 30 0D 
2013/07/16 19:14:05:437 [003832] TRACE [Prb.cpp, 835] - RxStream contents:01 00 0B 0D 06 2E 00 00 30 0A 0D 
2013/07/16 19:14:05:438 [003832] TRACE [Prb.cpp, 943] - RadioBoardPacket(ACK):01 00 0B 0D 06 2E 00 00 30 0A 0D 
2013/07/16 19:14:05:439 [004516] DEBUG [Prb.cpp, 466] - Write FPGA completed, Address=0x1002, Data=0x09
2013/07/16 19:14:05:439 [004516] TRACE [Prb.cpp, 493] - Reading FPGA, Address=0x1004
2013/07/16 19:14:05:440 [004516] TRACE [Prb.cpp, 1035] - ReadFPGAPacket(0x1004):01 00 0C 2F 82 00 02 10 04 78 2D 0D 
2013/07/16 19:14:05:440 [003832] TRACE [Prb.cpp, 835] - RxStream contents:01 00 0C 0E 06 2F 00 01 00 17 D3 0D 
2013/07/16 19:14:05:441 [003832] TRACE [Prb.cpp, 943] - RadioBoardPacket(ACK):01 00 0C 0E 06 2F 00 01 00 17 D3 0D 
2013/07/16 19:14:05:442 [004516] DEBUG [Prb.cpp, 512] - Read FPGA completed, Address=0x1004, Data=0x00
2013/07/16 19:14:05:442 [004516] TRACE [Prb.cpp, 448] - Writing FPGA, Address=0x1004, Data=0x08
2013/07/16 19:14:05:443 [004516] TRACE [Prb.cpp, 1035] - WriteFPGAPacket(0x1004, 0x08):01 00 0D 30 81 00 03 10 04 08 3E D5 0D 
2013/07/16 19:14:05:443 [003832] TRACE [Prb.cpp, 835] - RxStream contents:01 00 0B 0F 06 30 00 00 B1 61 0D 
2013/07/16 19:14:05:444 [003832] TRACE [Prb.cpp, 943] - RadioBoardPacket(ACK):01 00 0B 0F 06 30 00 00 B1 61 0D 
2013/07/16 19:14:05:444 [004516] DEBUG [Prb.cpp, 466] - Write FPGA completed, Address=0x1004, Data=0x08
2013/07/16 19:14:05:445 [004516] TRACE [Prb.cpp, 448] - Writing FPGA, Address=0x1008, Data=0x02
2013/07/16 19:14:05:445 [004516] TRACE [Prb.cpp, 1035] - WriteFPGAPacket(0x1008, 0x02):01 00 0D 31 81 00 03 10 08 02 97 FA 0D 
2013/07/16 19:14:05:445 [003832] TRACE [Prb.cpp, 835] - RxStream contents:01 00 0B 10 06 31 00 00 B4 5D 0D 
2013/07/16 19:14:05:446 [003832] TRACE [Prb.cpp, 943] - RadioBoardPacket(ACK):01 00 0B 10 06 31 00 00 B4 5D 0D 
2013/07/16 19:14:05:447 [004516] DEBUG [Prb.cpp, 466] - Write FPGA completed, Address=0x1008, Data=0x02
2013/07/16 19:14:16:569 [006640] INFO [CommunicationSystemStates.cpp, 168] - Scan complete
2013/07/16 19:14:16:570 [006640] TRACE [Prb.cpp, 584] - Reading CC1020, Address=0x0004
2013/07/16 19:14:16:571 [006640] TRACE [Prb.cpp, 1035] - ReadCC1020Packet(0x04):01 00 0C 32 84 00 02 00 04 41 20 0D 
2013/07/16 19:14:16:571 [003832] TRACE [Prb.cpp, 835] - RxStream contents:01 00 0C 12 06 32 00 01 35 13 75 0D 
2013/07/16 19:14:16:572 [003832] TRACE [Prb.cpp, 943] - RadioBoardPacket(ACK):01 00 0C 12 06 32 00 01 35 13 75 0D 
2013/07/16 19:14:16:573 [006640] DEBUG [Prb.cpp, 603] - Read CC1020 completed, Address=0x0004, Data=0x35
2013/07/16 19:14:16:573 [006640] TRACE [Prb.cpp, 584] - Reading CC1020, Address=0x0005
2013/07/16 19:14:16:574 [006640] TRACE [Prb.cpp, 1035] - ReadCC1020Packet(0x05):01 00 0C 33 84 00 02 00 05 39 26 0D 
2013/07/16 19:14:16:574 [003832] TRACE [Prb.cpp, 835] - RxStream contents:01 00 0C 13 06 33 00 01 F0 7D EB 0D 
2013/07/16 19:14:16:575 [003832] TRACE [Prb.cpp, 943] - RadioBoardPacket(ACK):01 00 0C 13 06 33 00 01 F0 7D EB 0D 
2013/07/16 19:14:16:576 [006640] DEBUG [Prb.cpp, 603] - Read CC1020 completed, Address=0x0005, Data=0xF0
2013/07/16 19:14:16:576 [006640] TRACE [Prb.cpp, 584] - Reading CC1020, Address=0x0006
2013/07/16 19:14:16:577 [006640] TRACE [Prb.cpp, 1035] - ReadCC1020Packet(0x06):01 00 0C 34 84 00 02 00 06 51 2A 0D 
2013/07/16 19:14:16:577 [003832] TRACE [Prb.cpp, 835] - RxStream contents:01 00 0C 14 06 34 00 01 21 FB 08 0D 
2013/07/16 19:14:16:578 [003832] TRACE [Prb.cpp, 943] - RadioBoardPacket(ACK):01 00 0C 14 06 34 00 01 21 FB 08 0D 
2013/07/16 19:14:16:578 [006640] DEBUG [Prb.cpp, 603] - Read CC1020 completed, Address=0x0006, Data=0x21
2013/07/16 19:14:16:579 [006640] TRACE [Prb.cpp, 584] - Reading CC1020, Address=0x0008
2013/07/16 19:14:16:580 [006640] TRACE [Prb.cpp, 1035] - ReadCC1020Packet(0x08):01 00 0C 35 84 00 02 00 08 29 0E 0D 
2013/07/16 19:14:16:580 [003832] TRACE [Prb.cpp, 835] - RxStream contents:01 00 0C 15 06 35 00 01 35 97 70 0D 
2013/07/16 19:14:16:581 [003832] TRACE [Prb.cpp, 943] - RadioBoardPacket(ACK):01 00 0C 15 06 35 00 01 35 97 70 0D 
2013/07/16 19:14:16:581 [006640] DEBUG [Prb.cpp, 603] - Read CC1020 completed, Address=0x0008, Data=0x35
2013/07/16 19:14:16:581 [006640] TRACE [Prb.cpp, 584] - Reading CC1020, Address=0x0009
2013/07/16 19:14:16:582 [006640] TRACE [Prb.cpp, 1035] - ReadCC1020Packet(0x09):01 00 0C 36 84 00 02 00 09 21 0B 0D 
2013/07/16 19:14:16:582 [003832] TRACE [Prb.cpp, 835] - RxStream contents:01 00 0C 16 06 36 00 01 FA 21 D2 0D 
2013/07/16 19:14:16:583 [003832] TRACE [Prb.cpp, 943] - RadioBoardPacket(ACK):01 00 0C 16 06 36 00 01 FA 21 D2 0D 
2013/07/16 19:14:16:584 [006640] DEBUG [Prb.cpp, 603] - Read CC1020 completed, Address=0x0009, Data=0xFA
2013/07/16 19:14:16:584 [006640] TRACE [Prb.cpp, 584] - Reading CC1020, Address=0x000A
2013/07/16 19:14:16:585 [006640] TRACE [Prb.cpp, 1035] - ReadCC1020Packet(0x0A):01 00 0C 37 84 00 02 00 0A D9 02 0D 
2013/07/16 19:14:16:585 [003832] TRACE [Prb.cpp, 835] - RxStream contents:01 00 0C 17 06 37 00 01 CB CD 77 0D 
2013/07/16 19:14:16:586 [003832] TRACE [Prb.cpp, 943] - RadioBoardPacket(ACK):01 00 0C 17 06 37 00 01 CB CD 77 0D 
2013/07/16 19:14:16:586 [006640] DEBUG [Prb.cpp, 603] - Read CC1020 completed, Address=0x000A, Data=0xCB
2013/07/16 19:14:16:586 [006640] TRACE [Prb.cpp, 584] - Reading CC1020, Address=0x000F
2013/07/16 19:14:16:587 [006640] TRACE [Prb.cpp, 1035] - ReadCC1020Packet(0x0F):01 00 0C 38 84 00 02 00 0F F1 13 0D 
2013/07/16 19:14:16:587 [003832] TRACE [Prb.cpp, 835] - RxStream contents:01 00 0C 18 06 38 00 01 DF 29 00 0D 
2013/07/16 19:14:16:588 [003832] TRACE [Prb.cpp, 943] - RadioBoardPacket(ACK):01 00 0C 18 06 38 00 01 DF 29 00 0D 
2013/07/16 19:14:16:589 [006640] DEBUG [Prb.cpp, 603] - Read CC1020 completed, Address=0x000F, Data=0xDF
2013/07/16 19:14:16:589 [006640] TRACE [Prb.cpp, 584] - Reading CC1020, Address=0x0010
2013/07/16 19:14:16:590 [006640] TRACE [Prb.cpp, 1035] - ReadCC1020Packet(0x10):01 00 0C 39 84 00 02 00 10 89 51 0D 
2013/07/16 19:14:16:590 [003832] TRACE [Prb.cpp, 835] - RxStream contents:01 00 0C 19 06 39 00 01 80 44 C2 0D 
2013/07/16 19:14:16:591 [003832] TRACE [Prb.cpp, 943] - RadioBoardPacket(ACK):01 00 0C 19 06 39 00 01 80 44 C2 0D 
2013/07/16 19:14:16:591 [006640] DEBUG [Prb.cpp, 603] - Read CC1020 completed, Address=0x0010, Data=0x80
2013/07/16 19:14:16:591 [006640] TRACE [Prb.cpp, 584] - Reading CC1020, Address=0x0013
2013/07/16 19:14:16:592 [006640] TRACE [Prb.cpp, 1035] - ReadCC1020Packet(0x13):01 00 0C 3A 84 00 02 00 13 01 5B 0D 
2013/07/16 19:14:16:592 [003832] TRACE [Prb.cpp, 835] - RxStream contents:01 00 0C 1A 06 3A 00 01 33 73 6B 0D 
2013/07/16 19:14:16:593 [003832] TRACE [Prb.cpp, 943] - RadioBoardPacket(ACK):01 00 0C 1A 06 3A 00 01 33 73 6B 0D 
2013/07/16 19:14:16:594 [006640] DEBUG [Prb.cpp, 603] - Read CC1020 completed, Address=0x0013, Data=0x33
2013/07/16 19:14:16:594 [006640] TRACE [Prb.cpp, 584] - Reading CC1020, Address=0x0014
2013/07/16 19:14:16:595 [006640] TRACE [Prb.cpp, 1035] - ReadCC1020Packet(0x14):01 00 0C 3B 84 00 02 00 14 79 49 0D 
2013/07/16 19:14:16:595 [003832] TRACE [Prb.cpp, 835] - RxStream contents:01 00 0C 1B 06 3B 00 01 3D 9F 4C 0D 
2013/07/16 19:14:16:596 [003832] TRACE [Prb.cpp, 943] - RadioBoardPacket(ACK):01 00 0C 1B 06 3B 00 01 3D 9F 4C 0D 
2013/07/16 19:14:16:596 [006640] DEBUG [Prb.cpp, 603] - Read CC1020 completed, Address=0x0014, Data=0x3D
2013/07/16 19:14:16:596 [006640] TRACE [Prb.cpp, 584] - Reading CC1020, Address=0x0043
2013/07/16 19:14:16:597 [006640] TRACE [Prb.cpp, 1035] - ReadCC1020Packet(0x43):01 00 0C 3C 84 00 02 00 43 90 BE 0D 
2013/07/16 19:14:16:597 [003832] TRACE [Prb.cpp, 835] - RxStream contents:01 00 0C 1C 06 3C 00 01 00 9B C4 0D 
2013/07/16 19:14:16:598 [003832] TRACE [Prb.cpp, 943] - RadioBoardPacket(ACK):01 00 0C 1C 06 3C 00 01 00 9B C4 0D 
2013/07/16 19:14:16:598 [006640] DEBUG [Prb.cpp, 603] - Read CC1020 completed, Address=0x0043, Data=0x00
2013/07/16 19:14:16:599 [006640] DEBUG [ComSysDiagnostics.cpp, 63] - CC1020 [Scan complete] FREQ_2A: 0x35 FREQ_1A: 0xf0 FREQ_0A: 0x21
2013/07/16 19:14:16:600 [006640] DEBUG [ComSysDiagnostics.cpp, 67] - CC1020 [Scan complete] FREQ_2B: 0x35 FREQ_1B: 0xfa FREQ_0B: 0xcb
2013/07/16 19:14:16:600 [006640] DEBUG [ComSysDiagnostics.cpp, 72] - CC1020 [Scan complete] AFC_CONTROL: 0xdf FILTER: 0x80 VGA3: 0x33 VGA4: 0x3d AFC: 0x00
2013/07/16 19:14:16:601 [006640] INFO [CommunicationSystemStates.cpp, 173] - Found 1 valid ids during the scan operation.
2013/07/16 19:14:16:603 [006640] INFO [CommunicationSystemStates.cpp, 190] - Id: 0x801c0094.
2013/07/16 19:14:16:604 [006640] INFO [CommunicationSystemStates.cpp, 198] - Found 0 invalid ids during the scan operation.
2013/07/16 19:14:16:607 [004516] INFO [CommunicationSystemStates.cpp, 130] - Scan requested. Preamble Burst Duration: 2 seconds. Preamble Burst Data Rate: 0.
2013/07/16 19:14:16:608 [004516] TRACE [Prb.cpp, 448] - Writing FPGA, Address=0x1002, Data=0x02
2013/07/16 19:14:16:609 [004516] TRACE [Prb.cpp, 1035] - WriteFPGAPacket(0x1002, 0x02):01 00 0D 3D 81 00 03 10 02 02 A7 3A 0D 
2013/07/16 19:14:16:609 [003832] TRACE [Prb.cpp, 835] - RxStream contents:01 00 0B 1D 06 3D 00 00 36 F6 0D 
2013/07/16 19:14:16:610 [003832] TRACE [Prb.cpp, 943] - RadioBoardPacket(ACK):01 00 0B 1D 06 3D 00 00 36 F6 0D 
2013/07/16 19:14:16:611 [004516] DEBUG [Prb.cpp, 466] - Write FPGA completed, Address=0x1002, Data=0x02
2013/07/16 19:14:16:611 [004516] TRACE [Prb.cpp, 493] - Reading FPGA, Address=0x1004
2013/07/16 19:14:16:612 [004516] TRACE [Prb.cpp, 1035] - ReadFPGAPacket(0x1004):01 00 0C 3E 82 00 02 10 04 00 3C 0D 
2013/07/16 19:14:16:612 [003832] TRACE [Prb.cpp, 835] - RxStream contents:01 00 0C 1E 06 3E 00 01 08 C3 F7 0D 
2013/07/16 19:14:16:613 [003832] TRACE [Prb.cpp, 943] - RadioBoardPacket(ACK):01 00 0C 1E 06 3E 00 01 08 C3 F7 0D 
2013/07/16 19:14:16:614 [004516] DEBUG [Prb.cpp, 512] - Read FPGA completed, Address=0x1004, Data=0x08
2013/07/16 19:14:16:614 [004516] TRACE [Prb.cpp, 448] - Writing FPGA, Address=0x1004, Data=0x00
2013/07/16 19:14:16:615 [004516] TRACE [Prb.cpp, 1035] - WriteFPGAPacket(0x1004, 0x00):01 00 0D 3F 81 00 03 10 04 00 B1 16 0D 
2013/07/16 19:14:16:615 [003832] TRACE [Prb.cpp, 835] - RxStream contents:01 00 0B 1F 06 3F 00 00 36 2E 0D 
2013/07/16 19:14:16:616 [003832] TRACE [Prb.cpp, 943] - RadioBoardPacket(ACK):01 00 0B 1F 06 3F 00 00 36 2E 0D 
2013/07/16 19:14:16:616 [004516] DEBUG [Prb.cpp, 466] - Write FPGA completed, Address=0x1004, Data=0x00
2013/07/16 19:14:16:617 [004516] TRACE [Prb.cpp, 448] - Writing FPGA, Address=0x1008, Data=0x02
2013/07/16 19:14:16:618 [004516] TRACE [Prb.cpp, 1035] - WriteFPGAPacket(0x1008, 0x02):01 00 0D 40 81 00 03 10 08 02 E1 EA 0D 
2013/07/16 19:14:16:618 [003832] TRACE [Prb.cpp, 835] - RxStream contents:01 00 0B 20 06 40 00 00 BA 09 0D 
2013/07/16 19:14:16:619 [003832] TRACE [Prb.cpp, 943] - RadioBoardPacket(ACK):01 00 0B 20 06 40 00 00 BA 09 0D 
2013/07/16 19:14:16:619 [004516] DEBUG [Prb.cpp, 466] - Write FPGA completed, Address=0x1008, Data=0x02
2013/07/16 19:14:20:731 [006640] INFO [CommunicationSystemStates.cpp, 168] - Scan complete
2013/07/16 19:14:20:731 [006640] TRACE [Prb.cpp, 584] - Reading CC1020, Address=0x0004
2013/07/16 19:14:20:732 [006640] TRACE [Prb.cpp, 1035] - ReadCC1020Packet(0x04):01 00 0C 41 84 00 02 00 04 49 54 0D 
2013/07/16 19:14:20:732 [003832] TRACE [Prb.cpp, 835] - RxStream contents:01 00 0C 22 06 41 00 01 35 6F 51 0D 
2013/07/16 19:14:20:733 [003832] TRACE [Prb.cpp, 943] - RadioBoardPacket(ACK):01 00 0C 22 06 41 00 01 35 6F 51 0D 
2013/07/16 19:14:20:734 [006640] DEBUG [Prb.cpp, 603] - Read CC1020 completed, Address=0x0004, Data=0x35
2013/07/16 19:14:20:734 [006640] TRACE [Prb.cpp, 584] - Reading CC1020, Address=0x0005
2013/07/16 19:14:20:735 [003832] TRACE [Prb.cpp, 835] - RxStream contents:01 00 0C 23 06 42 00 01 F0 A9 CC 0D 
2013/07/16 19:14:20:735 [006640] TRACE [Prb.cpp, 1035] - ReadCC1020Packet(0x05):01 00 0C 42 84 00 02 00 05 41 51 0D 
2013/07/16 19:14:20:735 [003832] TRACE [Prb.cpp, 943] - RadioBoardPacket(ACK):01 00 0C 23 06 42 00 01 F0 A9 CC 0D 
2013/07/16 19:14:20:736 [006640] DEBUG [Prb.cpp, 603] - Read CC1020 completed, Address=0x0005, Data=0xF0
2013/07/16 19:14:20:737 [006640] TRACE [Prb.cpp, 584] - Reading CC1020, Address=0x0006
2013/07/16 19:14:20:737 [006640] TRACE [Prb.cpp, 1035] - ReadCC1020Packet(0x06):01 00 0C 43 84 00 02 00 06 B9 58 0D 
2013/07/16 19:14:20:737 [003832] TRACE [Prb.cpp, 835] - RxStream contents:01 00 0C 24 06 43 00 01 21 57 2F 0D 
2013/07/16 19:14:20:738 [003832] TRACE [Prb.cpp, 943] - RadioBoardPacket(ACK):01 00 0C 24 06 43 00 01 21 57 2F 0D 
2013/07/16 19:14:20:739 [006640] DEBUG [Prb.cpp, 603] - Read CC1020 completed, Address=0x0006, Data=0x21
2013/07/16 19:14:20:739 [006640] TRACE [Prb.cpp, 584] - Reading CC1020, Address=0x0008
2013/07/16 19:14:20:740 [006640] TRACE [Prb.cpp, 1035] - ReadCC1020Packet(0x08):01 00 0C 44 84 00 02 00 08 51 79 0D 
2013/07/16 19:14:20:740 [003832] TRACE [Prb.cpp, 835] - RxStream contents:01 00 0C 25 06 44 00 01 35 43 57 0D 
2013/07/16 19:14:20:741 [003832] TRACE [Prb.cpp, 943] - RadioBoardPacket(ACK):01 00 0C 25 06 44 00 01 35 43 57 0D 
2013/07/16 19:14:20:741 [006640] DEBUG [Prb.cpp, 603] - Read CC1020 completed, Address=0x0008, Data=0x35
2013/07/16 19:14:20:742 [006640] TRACE [Prb.cpp, 584] - Reading CC1020, Address=0x0009
2013/07/16 19:14:20:742 [006640] TRACE [Prb.cpp, 1035] - ReadCC1020Packet(0x09):01 00 0C 45 84 00 02 00 09 29 7F 0D 
2013/07/16 19:14:20:742 [003832] TRACE [Prb.cpp, 835] - RxStream contents:01 00 0C 26 06 45 00 01 FA 5D F6 0D 
2013/07/16 19:14:20:743 [003832] TRACE [Prb.cpp, 943] - RadioBoardPacket(ACK):01 00 0C 26 06 45 00 01 FA 5D F6 0D 
2013/07/16 19:14:20:744 [006640] DEBUG [Prb.cpp, 603] - Read CC1020 completed, Address=0x0009, Data=0xFA
2013/07/16 19:14:20:744 [006640] TRACE [Prb.cpp, 584] - Reading CC1020, Address=0x000A
2013/07/16 19:14:20:745 [006640] TRACE [Prb.cpp, 1035] - ReadCC1020Packet(0x0A):01 00 0C 46 84 00 02 00 0A A1 75 0D 
2013/07/16 19:14:20:745 [003832] TRACE [Prb.cpp, 835] - RxStream contents:01 00 0C 27 06 46 00 01 CB 19 50 0D 
2013/07/16 19:14:20:746 [003832] TRACE [Prb.cpp, 943] - RadioBoardPacket(ACK):01 00 0C 27 06 46 00 01 CB 19 50 0D 
2013/07/16 19:14:20:746 [006640] DEBUG [Prb.cpp, 603] - Read CC1020 completed, Address=0x000A, Data=0xCB
2013/07/16 19:14:20:747 [006640] TRACE [Prb.cpp, 584] - Reading CC1020, Address=0x000F
2013/07/16 19:14:20:747 [006640] TRACE [Prb.cpp, 1035] - ReadCC1020Packet(0x0F):01 00 0C 47 84 00 02 00 0F 59 68 0D 
2013/07/16 19:14:20:747 [003832] TRACE [Prb.cpp, 835] - RxStream contents:01 00 0C 28 06 47 00 01 DF A5 24 0D 
2013/07/16 19:14:20:748 [003832] TRACE [Prb.cpp, 943] - RadioBoardPacket(ACK):01 00 0C 28 06 47 00 01 DF A5 24 0D 
2013/07/16 19:14:20:749 [006640] DEBUG [Prb.cpp, 603] - Read CC1020 completed, Address=0x000F, Data=0xDF
2013/07/16 19:14:20:749 [006640] TRACE [Prb.cpp, 584] - Reading CC1020, Address=0x0010
2013/07/16 19:14:20:750 [006640] TRACE [Prb.cpp, 1035] - ReadCC1020Packet(0x10):01 00 0C 48 84 00 02 00 10 F1 26 0D 
2013/07/16 19:14:20:750 [003832] TRACE [Prb.cpp, 835] - RxStream contents:01 00 0C 29 06 48 00 01 80 90 E5 0D 
2013/07/16 19:14:20:751 [003832] TRACE [Prb.cpp, 943] - RadioBoardPacket(ACK):01 00 0C 29 06 48 00 01 80 90 E5 0D 
2013/07/16 19:14:20:751 [006640] DEBUG [Prb.cpp, 603] - Read CC1020 completed, Address=0x0010, Data=0x80
2013/07/16 19:14:20:752 [006640] TRACE [Prb.cpp, 584] - Reading CC1020, Address=0x0013
2013/07/16 19:14:20:752 [006640] TRACE [Prb.cpp, 1035] - ReadCC1020Packet(0x13):01 00 0C 49 84 00 02 00 13 09 2F 0D 
2013/07/16 19:14:20:752 [003832] TRACE [Prb.cpp, 835] - RxStream contents:01 00 0C 2A 06 49 00 01 33 0F 4F 0D 
2013/07/16 19:14:20:753 [003832] TRACE [Prb.cpp, 943] - RadioBoardPacket(ACK):01 00 0C 2A 06 49 00 01 33 0F 4F 0D 
2013/07/16 19:14:20:754 [006640] DEBUG [Prb.cpp, 603] - Read CC1020 completed, Address=0x0013, Data=0x33
2013/07/16 19:14:20:754 [006640] TRACE [Prb.cpp, 584] - Reading CC1020, Address=0x0014
2013/07/16 19:14:20:755 [006640] TRACE [Prb.cpp, 1035] - ReadCC1020Packet(0x14):01 00 0C 4A 84 00 02 00 14 01 3E 0D 
2013/07/16 19:14:20:755 [003832] TRACE [Prb.cpp, 835] - RxStream contents:01 00 0C 2B 06 4A 00 01 3D 4B 6B 0D 
2013/07/16 19:14:20:756 [003832] TRACE [Prb.cpp, 943] - RadioBoardPacket(ACK):01 00 0C 2B 06 4A 00 01 3D 4B 6B 0D 
2013/07/16 19:14:20:756 [006640] DEBUG [Prb.cpp, 603] - Read CC1020 completed, Address=0x0014, Data=0x3D
2013/07/16 19:14:20:757 [006640] TRACE [Prb.cpp, 584] - Reading CC1020, Address=0x0043
2013/07/16 19:14:20:757 [006640] TRACE [Prb.cpp, 1035] - ReadCC1020Packet(0x43):01 00 0C 4B 84 00 02 00 43 78 CC 0D 
2013/07/16 19:14:20:757 [003832] TRACE [Prb.cpp, 835] - RxStream contents:01 00 0C 2C 06 4B 00 01 00 37 E3 0D 
2013/07/16 19:14:20:758 [003832] TRACE [Prb.cpp, 943] - RadioBoardPacket(ACK):01 00 0C 2C 06 4B 00 01 00 37 E3 0D 
2013/07/16 19:14:20:759 [006640] DEBUG [Prb.cpp, 603] - Read CC1020 completed, Address=0x0043, Data=0x00
2013/07/16 19:14:20:759 [006640] DEBUG [ComSysDiagnostics.cpp, 63] - CC1020 [Scan complete] FREQ_2A: 0x35 FREQ_1A: 0xf0 FREQ_0A: 0x21
2013/07/16 19:14:20:760 [006640] DEBUG [ComSysDiagnostics.cpp, 67] - CC1020 [Scan complete] FREQ_2B: 0x35 FREQ_1B: 0xfa FREQ_0B: 0xcb
2013/07/16 19:14:20:760 [006640] DEBUG [ComSysDiagnostics.cpp, 72] - CC1020 [Scan complete] AFC_CONTROL: 0xdf FILTER: 0x80 VGA3: 0x33 VGA4: 0x3d AFC: 0x00
2013/07/16 19:14:20:761 [006640] INFO [CommunicationSystemStates.cpp, 173] - Found 1 valid ids during the scan operation.
2013/07/16 19:14:20:761 [006640] INFO [CommunicationSystemStates.cpp, 190] - Id: 0x801c0094.
2013/07/16 19:14:20:762 [006640] INFO [CommunicationSystemStates.cpp, 198] - Found 0 invalid ids during the scan operation.
2013/07/16 19:14:20:797 [007840] INFO [NCommunicationSystem.cpp, 747] - Disposing: 1
2013/07/16 19:14:20:799 [007840] INFO [CrossAppDomainEventMarshaller.cpp, 44] - Disposing: 1
2013/07/16 19:14:20:800 [007840] INFO [CrossAppDomainEventMarshaller.cpp, 155] - abortGetNextEvent called
2013/07/16 19:14:20:801 [007840] INFO [CrossAppDomainEventMarshaller.cpp, 48] - Waiting for CrossDomainEventTranslator::m_pHandleEventsThread to stop
2013/07/16 19:14:20:801 [007396] INFO [CrossAppDomainEventMarshaller.cpp, 80] - handleEventsThread exiting (thread aborted)
2013/07/16 19:14:20:802 [007840] INFO [CrossAppDomainEventMarshaller.cpp, 54] - CrossDomainEventTranslator::m_pHandleEventsThread stopped
2013/07/16 19:14:20:803 [007840] INFO [CrossAppDomainEventMarshaller.cpp, 110] - EventHandler dtor
2013/07/16 19:14:20:804 [007840] INFO [CrossAppDomainEventMarshaller.cpp, 60] - Disposed.
2013/07/16 19:14:20:805 [003832] DEBUG [Prb.cpp, 867] - Prb receive thread terminated.
2013/07/16 19:14:20:807 [006640] INFO [ExceptionCatchingThread.cpp, 170] - Exited the interrupt thread procedure with return value 0.
2013/07/16 19:14:20:907 [004516] INFO [ExceptionCatchingThread.cpp, 170] - Exited the dispatch thread procedure with return value 0.
2013/07/16 19:14:20:909 [007180] INFO [ExceptionCatchingThread.cpp, 170] - Exited the timer thread procedure with return value 0.
2013/07/16 19:14:21:011 [007840] INFO [NCommunicationSystem.cpp, 779] - Disposed.
<<<<< Log Footer: 07/16/2013 19:14:21 >>>>>
