<<<<< Log Header: 07/22/2013 15:50:07 >>>>>
2013/07/22 15:50:07:043 [003764] INFO [NCommunicationSystem.cpp, 108] - nCommunicationSystem, Version=1.8.2.1, Culture=neutral, PublicKeyToken=56b5378c99c0bcfd
2013/07/22 15:50:07:058 [003764] INFO [ExceptionCatchingThread.cpp, 257] - Created the timer thread with id 5424 (0x1530).
2013/07/22 15:50:07:061 [005424] INFO [ExceptionCatchingThread.cpp, 168] - Executing the timer thread procedure...
2013/07/22 15:50:07:065 [003764] INFO [ExceptionCatchingThread.cpp, 257] - Created the dispatch thread with id 6532 (0x1984).
2013/07/22 15:50:07:065 [006532] INFO [ExceptionCatchingThread.cpp, 168] - Executing the dispatch thread procedure...
2013/07/22 15:50:10:068 [003764] DEBUG [Prb.cpp, 252] - PRB logging started.
2013/07/22 15:50:10:075 [003764] DEBUG [Prb.cpp, 130] - Number of FTDI devices: 1
2013/07/22 15:50:10:076 [003764] DEBUG [Prb.cpp, 158] - FTDI Device[0]: ID=67330069
2013/07/22 15:50:10:079 [003764] DEBUG [Prb.cpp, 169] - FTDI handle=169360680
2013/07/22 15:50:10:079 [003764] INFO [Prb.cpp, 179] - FTDI Driver Version 2.08.24.0
2013/07/22 15:50:10:336 [003764] INFO [Prb.cpp, 205] - FTDI Configuration: MaxCurrent=200, CBus5=21, CBus6=0x4
2013/07/22 15:50:10:587 [003764] INFO [Prb.cpp, 246] - PRB driver initialized.
2013/07/22 15:50:10:587 [003764] TRACE [Prb.cpp, 448] - Writing FPGA, Address=0x1008, Data=0x08
2013/07/22 15:50:10:588 [003764] TRACE [Prb.cpp, 1035] - WriteFPGAPacket(0x1008, 0x08):01 00 0D 00 81 00 03 10 08 08 25 D5 0D 
2013/07/22 15:50:10:588 [003832] TRACE [Prb.cpp, 835] - RxStream contents:01 00 0B 0E 06 00 00 00 32 DA 0D 
2013/07/22 15:50:10:589 [003832] TRACE [Prb.cpp, 943] - RadioBoardPacket(ACK):01 00 0B 0E 06 00 00 00 32 DA 0D 
2013/07/22 15:50:10:590 [003764] DEBUG [Prb.cpp, 466] - Write FPGA completed, Address=0x1008, Data=0x08
2013/07/22 15:50:10:606 [003764] TRACE [Prb.cpp, 493] - Reading FPGA, Address=0x300A
2013/07/22 15:50:10:607 [003764] TRACE [Prb.cpp, 1035] - ReadFPGAPacket(0x300A):01 00 0C 01 82 00 02 30 0A E8 24 0D 
2013/07/22 15:50:10:607 [003832] TRACE [Prb.cpp, 835] - RxStream contents:01 00 0C 0F 06 01 00 01 00 37 DF 0D 
2013/07/22 15:50:10:608 [003832] TRACE [Prb.cpp, 943] - RadioBoardPacket(ACK):01 00 0C 0F 06 01 00 01 00 37 DF 0D 
2013/07/22 15:50:10:608 [003764] DEBUG [Prb.cpp, 512] - Read FPGA completed, Address=0x300A, Data=0x00
2013/07/22 15:50:10:609 [003764] TRACE [Prb.cpp, 448] - Writing FPGA, Address=0x300A, Data=0x03
2013/07/22 15:50:10:610 [003764] TRACE [Prb.cpp, 1035] - WriteFPGAPacket(0x300A, 0x03):01 00 0D 02 81 00 03 30 0A 03 29 4F 0D 
2013/07/22 15:50:10:610 [003832] TRACE [Prb.cpp, 835] - RxStream contents:01 00 0B 10 06 02 00 00 B7 A1 0D 
2013/07/22 15:50:10:611 [003832] TRACE [Prb.cpp, 943] - RadioBoardPacket(ACK):01 00 0B 10 06 02 00 00 B7 A1 0D 
2013/07/22 15:50:10:611 [003764] DEBUG [Prb.cpp, 466] - Write FPGA completed, Address=0x300A, Data=0x03
2013/07/22 15:50:10:624 [003764] INFO [CrossTalkDetector.cpp, 14] - EnterCrossTalkThreshold = 8
2013/07/22 15:50:10:626 [003764] INFO [CrossTalkDetector.cpp, 21] - LeaveCrossTalkThreshold = 4
2013/07/22 15:50:10:627 [003764] INFO [CrossTalkDetector.cpp, 28] - LinkThreshold = 8
2013/07/22 15:50:10:628 [003764] INFO [ExceptionCatchingThread.cpp, 257] - Created the interrupt thread with id 6524 (0x197c).
2013/07/22 15:50:10:628 [003764] DEBUG [Prb.cpp, 252] - PRB logging started.
2013/07/22 15:50:10:628 [006524] INFO [ExceptionCatchingThread.cpp, 168] - Executing the interrupt thread procedure...
2013/07/22 15:50:10:630 [003764] INFO [CommunicationSystem.cpp, 640] - Calibrating the PRB CC1020.
2013/07/22 15:50:10:630 [003764] TRACE [Prb.cpp, 448] - Writing FPGA, Address=0x1008, Data=0x01
2013/07/22 15:50:10:631 [003764] TRACE [Prb.cpp, 1035] - WriteFPGAPacket(0x1008, 0x01):01 00 0D 03 81 00 03 10 08 01 26 D3 0D 
2013/07/22 15:50:10:631 [003832] TRACE [Prb.cpp, 835] - RxStream contents:01 00 0B 11 06 03 00 00 B7 CD 0D 
2013/07/22 15:50:10:632 [003832] TRACE [Prb.cpp, 943] - RadioBoardPacket(ACK):01 00 0B 11 06 03 00 00 B7 CD 0D 
2013/07/22 15:50:10:632 [003764] DEBUG [Prb.cpp, 466] - Write FPGA completed, Address=0x1008, Data=0x01
2013/07/22 15:50:10:713 [003832] TRACE [Prb.cpp, 835] - RxStream contents:01 00 0D 12 00 00 00 02 09 00 75 25 0D 
2013/07/22 15:50:10:718 [006524] DEBUG [CommunicationSystem.cpp, 1120] - Calibration complete.
2013/07/22 15:50:10:718 [003764] TRACE [Prb.cpp, 493] - Reading FPGA, Address=0x2012
2013/07/22 15:50:10:719 [003764] TRACE [Prb.cpp, 1035] - ReadFPGAPacket(0x2012):01 00 0C 04 82 00 02 20 12 10 72 0D 
2013/07/22 15:50:10:719 [003832] TRACE [Prb.cpp, 835] - RxStream contents:01 00 0C 13 06 04 00 01 00 53 C2 0D 
2013/07/22 15:50:10:721 [003832] TRACE [Prb.cpp, 943] - RadioBoardPacket(ACK):01 00 0C 13 06 04 00 01 00 53 C2 0D 
2013/07/22 15:50:10:721 [003764] DEBUG [Prb.cpp, 512] - Read FPGA completed, Address=0x2012, Data=0x00
2013/07/22 15:50:10:722 [003764] INFO [CommunicationSystem.cpp, 653] - CC1020 Calibration succeeded.
2013/07/22 15:50:10:722 [003764] TRACE [Prb.cpp, 448] - Writing FPGA, Address=0x1006, Data=0x08
2013/07/22 15:50:10:723 [003764] TRACE [Prb.cpp, 1035] - WriteFPGAPacket(0x1006, 0x08):01 00 0D 05 81 00 03 10 06 08 84 86 0D 
2013/07/22 15:50:10:723 [003832] TRACE [Prb.cpp, 835] - RxStream contents:01 00 0B 14 06 05 00 00 B6 2D 0D 
2013/07/22 15:50:10:724 [003832] TRACE [Prb.cpp, 943] - RadioBoardPacket(ACK):01 00 0B 14 06 05 00 00 B6 2D 0D 
2013/07/22 15:50:10:725 [003764] DEBUG [Prb.cpp, 466] - Write FPGA completed, Address=0x1006, Data=0x08
2013/07/22 15:50:10:725 [003764] TRACE [Prb.cpp, 493] - Reading FPGA, Address=0x3000
2013/07/22 15:50:10:726 [003764] TRACE [Prb.cpp, 1035] - ReadFPGAPacket(0x3000):01 00 0C 06 82 00 02 30 00 80 1E 0D 
2013/07/22 15:50:10:726 [003832] TRACE [Prb.cpp, 835] - RxStream contents:01 00 0C 15 06 06 00 01 07 EB D5 0D 
2013/07/22 15:50:10:727 [003832] TRACE [Prb.cpp, 943] - RadioBoardPacket(ACK):01 00 0C 15 06 06 00 01 07 EB D5 0D 
2013/07/22 15:50:10:728 [003764] DEBUG [Prb.cpp, 512] - Read FPGA completed, Address=0x3000, Data=0x07
2013/07/22 15:50:10:728 [003764] INFO [CommunicationSystem.cpp, 613] - FPGA Revision 7.
2013/07/22 15:50:10:729 [003764] TRACE [Prb.cpp, 584] - Reading CC1020, Address=0x0004
2013/07/22 15:50:10:730 [003764] TRACE [Prb.cpp, 1035] - ReadCC1020Packet(0x04):01 00 0C 07 84 00 02 00 04 59 16 0D 
2013/07/22 15:50:10:730 [003832] TRACE [Prb.cpp, 835] - RxStream contents:01 00 0C 16 06 07 00 01 35 77 79 0D 
2013/07/22 15:50:10:731 [003832] TRACE [Prb.cpp, 943] - RadioBoardPacket(ACK):01 00 0C 16 06 07 00 01 35 77 79 0D 
2013/07/22 15:50:10:731 [003764] DEBUG [Prb.cpp, 603] - Read CC1020 completed, Address=0x0004, Data=0x35
2013/07/22 15:50:10:732 [003764] INFO [CommunicationSystem.cpp, 614] - CC1020 Frequency 2A 0x35.
2013/07/22 15:50:10:732 [003764] TRACE [Prb.cpp, 584] - Reading CC1020, Address=0x0005
2013/07/22 15:50:10:733 [003764] TRACE [Prb.cpp, 1035] - ReadCC1020Packet(0x05):01 00 0C 08 84 00 02 00 05 F1 1C 0D 
2013/07/22 15:50:10:733 [003832] TRACE [Prb.cpp, 835] - RxStream contents:01 00 0C 17 06 08 00 01 F0 41 E4 0D 
2013/07/22 15:50:10:734 [003832] TRACE [Prb.cpp, 943] - RadioBoardPacket(ACK):01 00 0C 17 06 08 00 01 F0 41 E4 0D 
2013/07/22 15:50:10:734 [003764] DEBUG [Prb.cpp, 603] - Read CC1020 completed, Address=0x0005, Data=0xF0
2013/07/22 15:50:10:735 [003764] INFO [CommunicationSystem.cpp, 615] - CC1020 Frequency 1A 0xf0.
2013/07/22 15:50:10:736 [003764] TRACE [Prb.cpp, 584] - Reading CC1020, Address=0x0006
2013/07/22 15:50:10:736 [003764] TRACE [Prb.cpp, 1035] - ReadCC1020Packet(0x06):01 00 0C 09 84 00 02 00 06 09 15 0D 
2013/07/22 15:50:10:736 [003832] TRACE [Prb.cpp, 835] - RxStream contents:01 00 0C 18 06 09 00 01 21 FF 0E 0D 
2013/07/22 15:50:10:737 [003832] TRACE [Prb.cpp, 943] - RadioBoardPacket(ACK):01 00 0C 18 06 09 00 01 21 FF 0E 0D 
2013/07/22 15:50:10:738 [003764] DEBUG [Prb.cpp, 603] - Read CC1020 completed, Address=0x0006, Data=0x21
2013/07/22 15:50:10:738 [003764] INFO [CommunicationSystem.cpp, 616] - CC1020 Frequency 0A 0x21.
2013/07/22 15:50:10:739 [003764] TRACE [Prb.cpp, 584] - Reading CC1020, Address=0x0008
2013/07/22 15:50:10:739 [003764] TRACE [Prb.cpp, 1035] - ReadCC1020Packet(0x08):01 00 0C 0A 84 00 02 00 08 01 32 0D 
2013/07/22 15:50:10:739 [003832] TRACE [Prb.cpp, 835] - RxStream contents:01 00 0C 19 06 0A 00 01 35 3B 75 0D 
2013/07/22 15:50:10:740 [003832] TRACE [Prb.cpp, 943] - RadioBoardPacket(ACK):01 00 0C 19 06 0A 00 01 35 3B 75 0D 
2013/07/22 15:50:10:741 [003764] DEBUG [Prb.cpp, 603] - Read CC1020 completed, Address=0x0008, Data=0x35
2013/07/22 15:50:10:741 [003764] INFO [CommunicationSystem.cpp, 617] - CC1020 Frequency 2B 0x35.
2013/07/22 15:50:10:742 [003764] TRACE [Prb.cpp, 584] - Reading CC1020, Address=0x0009
2013/07/22 15:50:10:743 [003764] TRACE [Prb.cpp, 1035] - ReadCC1020Packet(0x09):01 00 0C 0B 84 00 02 00 09 79 34 0D 
2013/07/22 15:50:10:743 [003832] TRACE [Prb.cpp, 835] - RxStream contents:01 00 0C 1A 06 0B 00 01 FA 25 D4 0D 
2013/07/22 15:50:10:744 [003832] TRACE [Prb.cpp, 943] - RadioBoardPacket(ACK):01 00 0C 1A 06 0B 00 01 FA 25 D4 0D 
2013/07/22 15:50:10:744 [003764] DEBUG [Prb.cpp, 603] - Read CC1020 completed, Address=0x0009, Data=0xFA
2013/07/22 15:50:10:745 [003764] INFO [CommunicationSystem.cpp, 618] - CC1020 Frequency 1B 0xfa.
2013/07/22 15:50:10:745 [003764] TRACE [Prb.cpp, 584] - Reading CC1020, Address=0x000A
2013/07/22 15:50:10:746 [003832] TRACE [Prb.cpp, 835] - RxStream contents:01 00 0C 1B 06 0C 00 01 CB B1 71 0D 
2013/07/22 15:50:10:746 [003832] TRACE [Prb.cpp, 943] - RadioBoardPacket(ACK):01 00 0C 1B 06 0C 00 01 CB B1 71 0D 
2013/07/22 15:50:10:746 [003764] TRACE [Prb.cpp, 1035] - ReadCC1020Packet(0x0A):01 00 0C 0C 84 00 02 00 0A 11 38 0D 
2013/07/22 15:50:10:747 [003764] DEBUG [Prb.cpp, 603] - Read CC1020 completed, Address=0x000A, Data=0xCB
2013/07/22 15:50:10:748 [003764] INFO [CommunicationSystem.cpp, 619] - CC1020 Frequency 0B 0xcb.
2013/07/22 15:50:10:749 [003764] DEBUG [Prb.cpp, 650] - Read EEPROM completed, Address=0x060A, Data=0x00
2013/07/22 15:50:10:749 [003764] INFO [CommunicationSystem.cpp, 620] - RSSI Calibration Reference Center Channel 0.
2013/07/22 15:50:10:750 [003764] TRACE [Prb.cpp, 493] - Reading FPGA, Address=0x3054
2013/07/22 15:50:10:751 [003764] TRACE [Prb.cpp, 1035] - ReadFPGAPacket(0x3054):01 00 0C 0D 82 00 02 30 54 C9 EC 0D 
2013/07/22 15:50:10:751 [003832] TRACE [Prb.cpp, 835] - RxStream contents:01 00 0C 1C 06 0D 00 01 07 4F DC 0D 
2013/07/22 15:50:10:752 [003832] TRACE [Prb.cpp, 943] - RadioBoardPacket(ACK):01 00 0C 1C 06 0D 00 01 07 4F DC 0D 
2013/07/22 15:50:10:752 [003764] DEBUG [Prb.cpp, 512] - Read FPGA completed, Address=0x3054, Data=0x07
2013/07/22 15:50:10:753 [003764] INFO [CommunicationSystem.cpp, 621] - CC1020 PA_POWER 0x7.
2013/07/22 15:50:10:753 [003764] TRACE [Prb.cpp, 584] - Reading CC1020, Address=0x001C
2013/07/22 15:50:10:754 [003764] TRACE [Prb.cpp, 1035] - ReadCC1020Packet(0x1C):01 00 0C 0E 84 00 02 00 1C E1 4C 0D 
2013/07/22 15:50:10:754 [003832] TRACE [Prb.cpp, 835] - RxStream contents:01 00 0C 1D 06 0E 00 01 07 8B DF 0D 
2013/07/22 15:50:10:755 [003832] TRACE [Prb.cpp, 943] - RadioBoardPacket(ACK):01 00 0C 1D 06 0E 00 01 07 8B DF 0D 
2013/07/22 15:50:10:755 [003764] DEBUG [Prb.cpp, 603] - Read CC1020 completed, Address=0x001C, Data=0x07
2013/07/22 15:50:10:756 [003764] INFO [CommunicationSystem.cpp, 622] - CC1020 Transmit Power 0x7.
2013/07/22 15:50:10:756 [003764] TRACE [Prb.cpp, 493] - Reading FPGA, Address=0x3014
2013/07/22 15:50:10:757 [003764] TRACE [Prb.cpp, 1035] - ReadFPGAPacket(0x3014):01 00 0C 0F 82 00 02 30 14 38 6C 0D 
2013/07/22 15:50:10:757 [003832] TRACE [Prb.cpp, 835] - RxStream contents:01 00 0C 1E 06 0F 00 01 00 17 CD 0D 
2013/07/22 15:50:10:758 [003832] TRACE [Prb.cpp, 943] - RadioBoardPacket(ACK):01 00 0C 1E 06 0F 00 01 00 17 CD 0D 
2013/07/22 15:50:10:759 [003764] DEBUG [Prb.cpp, 512] - Read FPGA completed, Address=0x3014, Data=0x00
2013/07/22 15:50:10:759 [003764] INFO [CommunicationSystem.cpp, 623] - Low Noise Amplifier Circumvented 0.
2013/07/22 15:50:10:760 [003764] TRACE [Prb.cpp, 584] - Reading CC1020, Address=0x0001
2013/07/22 15:50:10:761 [003764] TRACE [Prb.cpp, 1035] - ReadCC1020Packet(0x01):01 00 0C 10 84 00 02 00 01 B1 1C 0D 
2013/07/22 15:50:10:761 [003832] TRACE [Prb.cpp, 835] - RxStream contents:01 00 0C 1F 06 10 00 01 0F 63 EA 0D 
2013/07/22 15:50:10:762 [003832] TRACE [Prb.cpp, 943] - RadioBoardPacket(ACK):01 00 0C 1F 06 10 00 01 0F 63 EA 0D 
2013/07/22 15:50:10:762 [003764] DEBUG [Prb.cpp, 603] - Read CC1020 completed, Address=0x0001, Data=0x0F
2013/07/22 15:50:10:763 [003764] INFO [CommunicationSystem.cpp, 624] - Low Noise Amplifier 0xf.
2013/07/22 15:50:10:763 [003764] TRACE [Prb.cpp, 493] - Reading FPGA, Address=0x1006
2013/07/22 15:50:10:764 [003764] TRACE [Prb.cpp, 1035] - ReadFPGAPacket(0x1006):01 00 0C 11 82 00 02 10 06 28 1D 0D 
2013/07/22 15:50:10:764 [003832] TRACE [Prb.cpp, 835] - RxStream contents:01 00 0C 20 06 11 00 01 08 5F C4 0D 
2013/07/22 15:50:10:765 [003832] TRACE [Prb.cpp, 943] - RadioBoardPacket(ACK):01 00 0C 20 06 11 00 01 08 5F C4 0D 
2013/07/22 15:50:10:765 [003764] DEBUG [Prb.cpp, 512] - Read FPGA completed, Address=0x1006, Data=0x08
2013/07/22 15:50:10:766 [003764] INFO [CommunicationSystem.cpp, 625] - Allowed Framing Errors 8.
2013/07/22 15:50:10:769 [003764] INFO [CrossTalkDetector.cpp, 28] - LinkThreshold = 8
2013/07/22 15:50:10:770 [003764] INFO [CrossTalkDetector.cpp, 14] - EnterCrossTalkThreshold = 8
2013/07/22 15:50:10:771 [003764] INFO [CrossTalkDetector.cpp, 21] - LeaveCrossTalkThreshold = 4
2013/07/22 15:50:10:780 [006668] TRACE [Prb.cpp, 493] - Reading FPGA, Address=0x3000
2013/07/22 15:50:10:781 [006668] TRACE [Prb.cpp, 1035] - ReadFPGAPacket(0x3000):01 00 0C 12 82 00 02 30 00 E0 0A 0D 
2013/07/22 15:50:10:781 [003832] TRACE [Prb.cpp, 835] - RxStream contents:01 00 0C 21 06 12 00 01 07 9B E5 0D 
2013/07/22 15:50:10:782 [003832] TRACE [Prb.cpp, 943] - RadioBoardPacket(ACK):01 00 0C 21 06 12 00 01 07 9B E5 0D 
2013/07/22 15:50:10:783 [006668] DEBUG [Prb.cpp, 512] - Read FPGA completed, Address=0x3000, Data=0x07
2013/07/22 15:50:10:784 [006668] TRACE [Prb.cpp, 539] - Writing CC1020, Address=0x001C, Data=0x07
2013/07/22 15:50:10:785 [006668] TRACE [Prb.cpp, 1035] - WriteCC1020Packet(0x1C, 0x07):01 00 0D 13 83 00 03 00 1C 07 3E 84 0D 
2013/07/22 15:50:10:785 [003832] TRACE [Prb.cpp, 835] - RxStream contents:01 00 0B 22 06 13 00 00 3E 86 0D 
2013/07/22 15:50:10:786 [003832] TRACE [Prb.cpp, 943] - RadioBoardPacket(ACK):01 00 0B 22 06 13 00 00 3E 86 0D 
2013/07/22 15:50:10:786 [006668] DEBUG [Prb.cpp, 557] - Write CC1020 completed, Address=0x001C, Data=0x07
2013/07/22 15:50:10:834 [003764] TRACE [Prb.cpp, 493] - Reading FPGA, Address=0x3000
2013/07/22 15:50:10:835 [003764] TRACE [Prb.cpp, 1035] - ReadFPGAPacket(0x3000):01 00 0C 14 82 00 02 30 00 70 0F 0D 
2013/07/22 15:50:10:835 [003832] TRACE [Prb.cpp, 835] - RxStream contents:01 00 0C 23 06 14 00 01 07 93 E6 0D 
2013/07/22 15:50:10:836 [003832] TRACE [Prb.cpp, 943] - RadioBoardPacket(ACK):01 00 0C 23 06 14 00 01 07 93 E6 0D 
2013/07/22 15:50:10:836 [003764] DEBUG [Prb.cpp, 512] - Read FPGA completed, Address=0x3000, Data=0x07
2013/07/22 15:50:10:844 [003764] INFO [CommunicationSystem.cpp, 640] - Calibrating the PRB CC1020.
2013/07/22 15:50:10:845 [003764] TRACE [Prb.cpp, 448] - Writing FPGA, Address=0x1008, Data=0x01
2013/07/22 15:50:10:846 [003764] TRACE [Prb.cpp, 1035] - WriteFPGAPacket(0x1008, 0x01):01 00 0D 15 81 00 03 10 08 01 B1 B0 0D 
2013/07/22 15:50:10:846 [003832] TRACE [Prb.cpp, 835] - RxStream contents:01 00 0B 24 06 15 00 00 3F EE 0D 
2013/07/22 15:50:10:847 [003832] TRACE [Prb.cpp, 943] - RadioBoardPacket(ACK):01 00 0B 24 06 15 00 00 3F EE 0D 
2013/07/22 15:50:10:848 [003764] DEBUG [Prb.cpp, 466] - Write FPGA completed, Address=0x1008, Data=0x01
2013/07/22 15:50:10:928 [003832] TRACE [Prb.cpp, 835] - RxStream contents:01 00 0D 25 00 00 00 02 09 00 C1 56 0D 
2013/07/22 15:50:10:929 [006524] DEBUG [CommunicationSystem.cpp, 1120] - Calibration complete.
2013/07/22 15:50:10:929 [003764] TRACE [Prb.cpp, 493] - Reading FPGA, Address=0x2012
2013/07/22 15:50:10:930 [003764] TRACE [Prb.cpp, 1035] - ReadFPGAPacket(0x2012):01 00 0C 16 82 00 02 20 12 E0 63 0D 
2013/07/22 15:50:10:930 [003832] TRACE [Prb.cpp, 835] - RxStream contents:01 00 0C 26 06 16 00 01 00 A3 F1 0D 
2013/07/22 15:50:10:931 [003832] TRACE [Prb.cpp, 943] - RadioBoardPacket(ACK):01 00 0C 26 06 16 00 01 00 A3 F1 0D 
2013/07/22 15:50:10:932 [003764] DEBUG [Prb.cpp, 512] - Read FPGA completed, Address=0x2012, Data=0x00
2013/07/22 15:50:10:932 [003764] INFO [CommunicationSystem.cpp, 653] - CC1020 Calibration succeeded.
2013/07/22 15:50:10:938 [003764] TRACE [Prb.cpp, 584] - Reading CC1020, Address=0x0004
2013/07/22 15:50:10:939 [003764] TRACE [Prb.cpp, 1035] - ReadCC1020Packet(0x04):01 00 0C 17 84 00 02 00 04 D9 04 0D 
2013/07/22 15:50:10:939 [003832] TRACE [Prb.cpp, 835] - RxStream contents:01 00 0C 27 06 17 00 01 35 CF 4F 0D 
2013/07/22 15:50:10:940 [003832] TRACE [Prb.cpp, 943] - RadioBoardPacket(ACK):01 00 0C 27 06 17 00 01 35 CF 4F 0D 
2013/07/22 15:50:10:940 [003764] DEBUG [Prb.cpp, 603] - Read CC1020 completed, Address=0x0004, Data=0x35
2013/07/22 15:50:10:943 [003764] TRACE [Prb.cpp, 584] - Reading CC1020, Address=0x0005
2013/07/22 15:50:10:943 [003832] TRACE [Prb.cpp, 835] - RxStream contents:01 00 0C 28 06 18 00 01 F0 29 DE 0D 
2013/07/22 15:50:10:944 [003832] TRACE [Prb.cpp, 943] - RadioBoardPacket(ACK):01 00 0C 28 06 18 00 01 F0 29 DE 0D 
2013/07/22 15:50:10:943 [003764] TRACE [Prb.cpp, 1035] - ReadCC1020Packet(0x05):01 00 0C 18 84 00 02 00 05 71 0E 0D 
2013/07/22 15:50:10:945 [003764] DEBUG [Prb.cpp, 603] - Read CC1020 completed, Address=0x0005, Data=0xF0
2013/07/22 15:50:10:946 [003764] TRACE [Prb.cpp, 584] - Reading CC1020, Address=0x0006
2013/07/22 15:50:10:947 [003764] TRACE [Prb.cpp, 1035] - ReadCC1020Packet(0x06):01 00 0C 19 84 00 02 00 06 89 07 0D 
2013/07/22 15:50:10:947 [003832] TRACE [Prb.cpp, 835] - RxStream contents:01 00 0C 29 06 19 00 01 21 47 38 0D 
2013/07/22 15:50:10:948 [003832] TRACE [Prb.cpp, 943] - RadioBoardPacket(ACK):01 00 0C 29 06 19 00 01 21 47 38 0D 
2013/07/22 15:50:10:949 [003764] DEBUG [Prb.cpp, 603] - Read CC1020 completed, Address=0x0006, Data=0x21
2013/07/22 15:50:10:950 [003764] TRACE [Prb.cpp, 584] - Reading CC1020, Address=0x0007
2013/07/22 15:50:10:951 [003764] TRACE [Prb.cpp, 1035] - ReadCC1020Packet(0x07):01 00 0C 1A 84 00 02 00 07 81 02 0D 
2013/07/22 15:50:10:951 [003832] TRACE [Prb.cpp, 835] - RxStream contents:01 00 0C 2A 06 1A 00 01 38 73 6D 0D 
2013/07/22 15:50:10:952 [003832] TRACE [Prb.cpp, 943] - RadioBoardPacket(ACK):01 00 0C 2A 06 1A 00 01 38 73 6D 0D 
2013/07/22 15:50:10:952 [003764] DEBUG [Prb.cpp, 603] - Read CC1020 completed, Address=0x0007, Data=0x38
2013/07/22 15:50:10:953 [003764] TRACE [Prb.cpp, 584] - Reading CC1020, Address=0x0008
2013/07/22 15:50:10:954 [003764] TRACE [Prb.cpp, 1035] - ReadCC1020Packet(0x08):01 00 0C 1B 84 00 02 00 08 79 23 0D 
2013/07/22 15:50:10:954 [003832] TRACE [Prb.cpp, 835] - RxStream contents:01 00 0C 2B 06 1B 00 01 35 9F 40 0D 
2013/07/22 15:50:10:955 [003832] TRACE [Prb.cpp, 943] - RadioBoardPacket(ACK):01 00 0C 2B 06 1B 00 01 35 9F 40 0D 
2013/07/22 15:50:10:956 [003764] DEBUG [Prb.cpp, 603] - Read CC1020 completed, Address=0x0008, Data=0x35
2013/07/22 15:50:10:957 [003764] TRACE [Prb.cpp, 584] - Reading CC1020, Address=0x0009
2013/07/22 15:50:10:957 [003764] TRACE [Prb.cpp, 1035] - ReadCC1020Packet(0x09):01 00 0C 1C 84 00 02 00 09 91 20 0D 
2013/07/22 15:50:10:957 [003832] TRACE [Prb.cpp, 835] - RxStream contents:01 00 0C 2C 06 1C 00 01 FA 19 E7 0D 
2013/07/22 15:50:10:958 [003832] TRACE [Prb.cpp, 943] - RadioBoardPacket(ACK):01 00 0C 2C 06 1C 00 01 FA 19 E7 0D 
2013/07/22 15:50:10:959 [003764] DEBUG [Prb.cpp, 603] - Read CC1020 completed, Address=0x0009, Data=0xFA
2013/07/22 15:50:10:960 [003764] TRACE [Prb.cpp, 584] - Reading CC1020, Address=0x000A
2013/07/22 15:50:10:961 [003764] TRACE [Prb.cpp, 1035] - ReadCC1020Packet(0x0A):01 00 0C 1D 84 00 02 00 0A 69 29 0D 
2013/07/22 15:50:10:961 [003832] TRACE [Prb.cpp, 835] - RxStream contents:01 00 0C 2D 06 1D 00 01 CB F5 42 0D 
2013/07/22 15:50:10:962 [003832] TRACE [Prb.cpp, 943] - RadioBoardPacket(ACK):01 00 0C 2D 06 1D 00 01 CB F5 42 0D 
2013/07/22 15:50:10:962 [003764] DEBUG [Prb.cpp, 603] - Read CC1020 completed, Address=0x000A, Data=0xCB
2013/07/22 15:50:10:964 [003764] TRACE [Prb.cpp, 584] - Reading CC1020, Address=0x000B
2013/07/22 15:50:10:964 [003764] TRACE [Prb.cpp, 1035] - ReadCC1020Packet(0x0B):01 00 0C 1E 84 00 02 00 0B 61 2C 0D 
2013/07/22 15:50:10:964 [003832] TRACE [Prb.cpp, 835] - RxStream contents:01 00 0C 2E 06 1E 00 01 38 43 68 0D 
2013/07/22 15:50:10:965 [003832] TRACE [Prb.cpp, 943] - RadioBoardPacket(ACK):01 00 0C 2E 06 1E 00 01 38 43 68 0D 
2013/07/22 15:50:10:966 [003764] DEBUG [Prb.cpp, 603] - Read CC1020 completed, Address=0x000B, Data=0x38
2013/07/22 15:50:10:967 [003764] TRACE [Prb.cpp, 584] - Reading CC1020, Address=0x001D
2013/07/22 15:50:10:968 [003764] TRACE [Prb.cpp, 1035] - ReadCC1020Packet(0x1D):01 00 0C 1F 84 00 02 00 1D 19 58 0D 
2013/07/22 15:50:10:968 [003832] TRACE [Prb.cpp, 835] - RxStream contents:01 00 0C 2F 06 1F 00 01 00 AF FB 0D 
2013/07/22 15:50:10:969 [003832] TRACE [Prb.cpp, 943] - RadioBoardPacket(ACK):01 00 0C 2F 06 1F 00 01 00 AF FB 0D 
2013/07/22 15:50:10:969 [003764] DEBUG [Prb.cpp, 603] - Read CC1020 completed, Address=0x001D, Data=0x00
2013/07/22 15:50:10:970 [003764] TRACE [Prb.cpp, 584] - Reading CC1020, Address=0x0045
2013/07/22 15:50:10:971 [003764] TRACE [Prb.cpp, 1035] - ReadCC1020Packet(0x45):01 00 0C 20 84 00 02 00 45 B0 B7 0D 
2013/07/22 15:50:10:971 [003832] TRACE [Prb.cpp, 835] - RxStream contents:01 00 0C 30 06 20 00 01 4C 8A 47 0D 
2013/07/22 15:50:10:972 [003832] TRACE [Prb.cpp, 943] - RadioBoardPacket(ACK):01 00 0C 30 06 20 00 01 4C 8A 47 0D 
2013/07/22 15:50:10:973 [003764] DEBUG [Prb.cpp, 603] - Read CC1020 completed, Address=0x0045, Data=0x4C
2013/07/22 15:50:10:974 [003764] TRACE [Prb.cpp, 584] - Reading CC1020, Address=0x0046
2013/07/22 15:50:10:974 [003764] TRACE [Prb.cpp, 1035] - ReadCC1020Packet(0x46):01 00 0C 21 84 00 02 00 46 48 BE 0D 
2013/07/22 15:50:10:974 [003832] TRACE [Prb.cpp, 835] - RxStream contents:01 00 0C 31 06 21 00 01 66 66 B8 0D 
2013/07/22 15:50:10:975 [003832] TRACE [Prb.cpp, 943] - RadioBoardPacket(ACK):01 00 0C 31 06 21 00 01 66 66 B8 0D 
2013/07/22 15:50:10:976 [003764] DEBUG [Prb.cpp, 603] - Read CC1020 completed, Address=0x0046, Data=0x66
2013/07/22 15:50:10:977 [003764] TRACE [Prb.cpp, 584] - Reading CC1020, Address=0x0047
2013/07/22 15:50:10:978 [003764] TRACE [Prb.cpp, 1035] - ReadCC1020Packet(0x47):01 00 0C 22 84 00 02 00 47 40 BB 0D 
2013/07/22 15:50:10:978 [003832] TRACE [Prb.cpp, 835] - RxStream contents:01 00 0C 32 06 22 00 01 44 D2 74 0D 
2013/07/22 15:50:10:979 [003832] TRACE [Prb.cpp, 943] - RadioBoardPacket(ACK):01 00 0C 32 06 22 00 01 44 D2 74 0D 
2013/07/22 15:50:10:979 [003764] DEBUG [Prb.cpp, 603] - Read CC1020 completed, Address=0x0047, Data=0x44
2013/07/22 15:50:10:986 [003764] TRACE [Prb.cpp, 493] - Reading FPGA, Address=0x305E
2013/07/22 15:50:10:987 [003764] TRACE [Prb.cpp, 1035] - ReadFPGAPacket(0x305E):01 00 0C 23 82 00 02 30 5E 99 FD 0D 
2013/07/22 15:50:10:987 [003832] TRACE [Prb.cpp, 835] - RxStream contents:01 00 0C 33 06 23 00 01 00 BF EC 0D 
2013/07/22 15:50:10:989 [003832] TRACE [Prb.cpp, 943] - RadioBoardPacket(ACK):01 00 0C 33 06 23 00 01 00 BF EC 0D 
2013/07/22 15:50:10:989 [003764] DEBUG [Prb.cpp, 512] - Read FPGA completed, Address=0x305E, Data=0x00
2013/07/22 15:50:10:990 [003764] TRACE [Prb.cpp, 493] - Reading FPGA, Address=0x3060
2013/07/22 15:50:10:991 [003832] TRACE [Prb.cpp, 835] - RxStream contents:01 00 0C 34 06 24 00 01 00 3B E9 0D 
2013/07/22 15:50:10:991 [003832] TRACE [Prb.cpp, 943] - RadioBoardPacket(ACK):01 00 0C 34 06 24 00 01 00 3B E9 0D 
2013/07/22 15:50:10:991 [003764] TRACE [Prb.cpp, 1035] - ReadFPGAPacket(0x3060):01 00 0C 24 82 00 02 30 60 71 7C 0D 
2013/07/22 15:50:10:992 [003764] DEBUG [Prb.cpp, 512] - Read FPGA completed, Address=0x3060, Data=0x00
2013/07/22 15:50:10:993 [003764] TRACE [Prb.cpp, 493] - Reading FPGA, Address=0x3062
2013/07/22 15:50:10:994 [003764] TRACE [Prb.cpp, 1035] - ReadFPGAPacket(0x3062):01 00 0C 25 82 00 02 30 62 09 70 0D 
2013/07/22 15:50:10:994 [003832] TRACE [Prb.cpp, 835] - RxStream contents:01 00 0C 35 06 25 00 01 00 57 E9 0D 
2013/07/22 15:50:10:995 [003832] TRACE [Prb.cpp, 943] - RadioBoardPacket(ACK):01 00 0C 35 06 25 00 01 00 57 E9 0D 
2013/07/22 15:50:10:995 [003764] DEBUG [Prb.cpp, 512] - Read FPGA completed, Address=0x3062, Data=0x00
2013/07/22 15:50:11:000 [003764] TRACE [Prb.cpp, 493] - Reading FPGA, Address=0x3066
2013/07/22 15:50:11:000 [003764] TRACE [Prb.cpp, 1035] - ReadFPGAPacket(0x3066):01 00 0C 26 82 00 02 30 66 01 6B 0D 
2013/07/22 15:50:11:000 [003832] TRACE [Prb.cpp, 835] - RxStream contents:01 00 0C 36 06 26 00 01 00 E3 E9 0D 
2013/07/22 15:50:11:002 [003832] TRACE [Prb.cpp, 943] - RadioBoardPacket(ACK):01 00 0C 36 06 26 00 01 00 E3 E9 0D 
2013/07/22 15:50:11:002 [003764] DEBUG [Prb.cpp, 512] - Read FPGA completed, Address=0x3066, Data=0x00
2013/07/22 15:50:11:003 [003764] TRACE [Prb.cpp, 493] - Reading FPGA, Address=0x3068
2013/07/22 15:50:11:004 [003764] TRACE [Prb.cpp, 1035] - ReadFPGAPacket(0x3068):01 00 0C 27 82 00 02 30 68 79 4F 0D 
2013/07/22 15:50:11:004 [003832] TRACE [Prb.cpp, 835] - RxStream contents:01 00 0C 37 06 27 00 01 00 8F E9 0D 
2013/07/22 15:50:11:005 [003832] TRACE [Prb.cpp, 943] - RadioBoardPacket(ACK):01 00 0C 37 06 27 00 01 00 8F E9 0D 
2013/07/22 15:50:11:005 [003764] DEBUG [Prb.cpp, 512] - Read FPGA completed, Address=0x3068, Data=0x00
2013/07/22 15:50:11:006 [003764] TRACE [Prb.cpp, 493] - Reading FPGA, Address=0x306A
2013/07/22 15:50:11:006 [003764] TRACE [Prb.cpp, 1035] - ReadFPGAPacket(0x306A):01 00 0C 28 82 00 02 30 6A D1 4F 0D 
2013/07/22 15:50:11:006 [003832] TRACE [Prb.cpp, 835] - RxStream contents:01 00 0C 38 06 28 00 01 00 6B E6 0D 
2013/07/22 15:50:11:007 [003832] TRACE [Prb.cpp, 943] - RadioBoardPacket(ACK):01 00 0C 38 06 28 00 01 00 6B E6 0D 
2013/07/22 15:50:11:008 [003764] DEBUG [Prb.cpp, 512] - Read FPGA completed, Address=0x306A, Data=0x00
2013/07/22 15:50:11:010 [003764] TRACE [Prb.cpp, 448] - Writing FPGA, Address=0x1026, Data=0x00
2013/07/22 15:50:11:011 [003764] TRACE [Prb.cpp, 1035] - WriteFPGAPacket(0x1026, 0x00):01 00 0D 29 81 00 03 10 26 00 EA 75 0D 
2013/07/22 15:50:11:011 [003832] TRACE [Prb.cpp, 835] - RxStream contents:01 00 0B 39 06 29 00 00 39 06 0D 
2013/07/22 15:50:11:012 [003832] TRACE [Prb.cpp, 943] - RadioBoardPacket(ACK):01 00 0B 39 06 29 00 00 39 06 0D 
2013/07/22 15:50:11:013 [003764] DEBUG [Prb.cpp, 466] - Write FPGA completed, Address=0x1026, Data=0x00
2013/07/22 15:50:11:019 [006668] TRACE [Prb.cpp, 539] - Writing CC1020, Address=0x001C, Data=0x07
2013/07/22 15:50:11:020 [006668] TRACE [Prb.cpp, 1035] - WriteCC1020Packet(0x1C, 0x07):01 00 0D 2A 83 00 03 00 1C 07 04 14 0D 
2013/07/22 15:50:11:020 [003832] TRACE [Prb.cpp, 835] - RxStream contents:01 00 0B 3A 06 2A 00 00 39 B2 0D 
2013/07/22 15:50:11:021 [003832] TRACE [Prb.cpp, 943] - RadioBoardPacket(ACK):01 00 0B 3A 06 2A 00 00 39 B2 0D 
2013/07/22 15:50:11:022 [006668] DEBUG [Prb.cpp, 557] - Write CC1020 completed, Address=0x001C, Data=0x07
2013/07/22 15:50:11:024 [006668] TRACE [Prb.cpp, 448] - Writing FPGA, Address=0x3012, Data=0x01
2013/07/22 15:50:11:024 [006668] TRACE [Prb.cpp, 1035] - WriteFPGAPacket(0x3012, 0x01):01 00 0D 2B 81 00 03 30 12 01 52 D3 0D 
2013/07/22 15:50:11:024 [003832] TRACE [Prb.cpp, 835] - RxStream contents:01 00 0B 3B 06 2B 00 00 39 DE 0D 
2013/07/22 15:50:11:025 [003832] TRACE [Prb.cpp, 943] - RadioBoardPacket(ACK):01 00 0B 3B 06 2B 00 00 39 DE 0D 
2013/07/22 15:50:11:026 [006668] DEBUG [Prb.cpp, 466] - Write FPGA completed, Address=0x3012, Data=0x01
2013/07/22 15:50:11:027 [006668] TRACE [Prb.cpp, 493] - Reading FPGA, Address=0x1004
2013/07/22 15:50:11:028 [006668] TRACE [Prb.cpp, 1035] - ReadFPGAPacket(0x1004):01 00 0C 2C 82 00 02 10 04 F0 2D 0D 
2013/07/22 15:50:11:028 [003832] TRACE [Prb.cpp, 835] - RxStream contents:01 00 0C 3C 06 2C 00 01 00 5B E3 0D 
2013/07/22 15:50:11:029 [003832] TRACE [Prb.cpp, 943] - RadioBoardPacket(ACK):01 00 0C 3C 06 2C 00 01 00 5B E3 0D 
2013/07/22 15:50:11:029 [006668] DEBUG [Prb.cpp, 512] - Read FPGA completed, Address=0x1004, Data=0x00
2013/07/22 15:50:11:030 [006668] TRACE [Prb.cpp, 448] - Writing FPGA, Address=0x1004, Data=0x00
2013/07/22 15:50:11:031 [006668] TRACE [Prb.cpp, 1035] - WriteFPGAPacket(0x1004, 0x00):01 00 0D 2D 81 00 03 10 04 00 A2 36 0D 
2013/07/22 15:50:11:031 [003832] TRACE [Prb.cpp, 835] - RxStream contents:01 00 0B 3D 06 2D 00 00 38 B6 0D 
2013/07/22 15:50:11:032 [003832] TRACE [Prb.cpp, 943] - RadioBoardPacket(ACK):01 00 0B 3D 06 2D 00 00 38 B6 0D 
2013/07/22 15:50:11:032 [006668] DEBUG [Prb.cpp, 466] - Write FPGA completed, Address=0x1004, Data=0x00
2013/07/22 15:50:11:035 [006532] INFO [CommunicationSystemStates.cpp, 130] - Scan requested. Preamble Burst Duration: 9 seconds. Preamble Burst Data Rate: 2.
2013/07/22 15:50:11:035 [006532] TRACE [Prb.cpp, 448] - Writing FPGA, Address=0x1002, Data=0x09
2013/07/22 15:50:11:036 [006532] TRACE [Prb.cpp, 1035] - WriteFPGAPacket(0x1002, 0x09):01 00 0D 2E 81 00 03 10 02 09 B5 30 0D 
2013/07/22 15:50:11:036 [003832] TRACE [Prb.cpp, 835] - RxStream contents:01 00 0B 3E 06 2E 00 00 38 02 0D 
2013/07/22 15:50:11:037 [003832] TRACE [Prb.cpp, 943] - RadioBoardPacket(ACK):01 00 0B 3E 06 2E 00 00 38 02 0D 
2013/07/22 15:50:11:037 [006532] DEBUG [Prb.cpp, 466] - Write FPGA completed, Address=0x1002, Data=0x09
2013/07/22 15:50:11:038 [006532] TRACE [Prb.cpp, 493] - Reading FPGA, Address=0x1004
2013/07/22 15:50:11:039 [006532] TRACE [Prb.cpp, 1035] - ReadFPGAPacket(0x1004):01 00 0C 2F 82 00 02 10 04 78 2D 0D 
2013/07/22 15:50:11:039 [003832] TRACE [Prb.cpp, 835] - RxStream contents:01 00 0C 3F 06 2F 00 01 00 EF E3 0D 
2013/07/22 15:50:11:040 [003832] TRACE [Prb.cpp, 943] - RadioBoardPacket(ACK):01 00 0C 3F 06 2F 00 01 00 EF E3 0D 
2013/07/22 15:50:11:040 [006532] DEBUG [Prb.cpp, 512] - Read FPGA completed, Address=0x1004, Data=0x00
2013/07/22 15:50:11:041 [006532] TRACE [Prb.cpp, 448] - Writing FPGA, Address=0x1004, Data=0x08
2013/07/22 15:50:11:042 [006532] TRACE [Prb.cpp, 1035] - WriteFPGAPacket(0x1004, 0x08):01 00 0D 30 81 00 03 10 04 08 3E D5 0D 
2013/07/22 15:50:11:042 [003832] TRACE [Prb.cpp, 835] - RxStream contents:01 00 0B 40 06 30 00 00 2D CA 0D 
2013/07/22 15:50:11:043 [003832] TRACE [Prb.cpp, 943] - RadioBoardPacket(ACK):01 00 0B 40 06 30 00 00 2D CA 0D 
2013/07/22 15:50:11:043 [006532] DEBUG [Prb.cpp, 466] - Write FPGA completed, Address=0x1004, Data=0x08
2013/07/22 15:50:11:044 [006532] TRACE [Prb.cpp, 448] - Writing FPGA, Address=0x1008, Data=0x02
2013/07/22 15:50:11:044 [006532] TRACE [Prb.cpp, 1035] - WriteFPGAPacket(0x1008, 0x02):01 00 0D 31 81 00 03 10 08 02 97 FA 0D 
2013/07/22 15:50:11:044 [003832] TRACE [Prb.cpp, 835] - RxStream contents:01 00 0B 41 06 31 00 00 2D A6 0D 
2013/07/22 15:50:11:045 [003832] TRACE [Prb.cpp, 943] - RadioBoardPacket(ACK):01 00 0B 41 06 31 00 00 2D A6 0D 
2013/07/22 15:50:11:046 [006532] DEBUG [Prb.cpp, 466] - Write FPGA completed, Address=0x1008, Data=0x02
2013/07/22 15:50:22:172 [006524] INFO [CommunicationSystemStates.cpp, 168] - Scan complete
2013/07/22 15:50:22:173 [006524] TRACE [Prb.cpp, 584] - Reading CC1020, Address=0x0004
2013/07/22 15:50:22:174 [006524] TRACE [Prb.cpp, 1035] - ReadCC1020Packet(0x04):01 00 0C 32 84 00 02 00 04 41 20 0D 
2013/07/22 15:50:22:174 [003832] TRACE [Prb.cpp, 835] - RxStream contents:01 00 0C 43 06 32 00 01 35 EB 23 0D 
2013/07/22 15:50:22:175 [003832] TRACE [Prb.cpp, 943] - RadioBoardPacket(ACK):01 00 0C 43 06 32 00 01 35 EB 23 0D 
2013/07/22 15:50:22:176 [006524] DEBUG [Prb.cpp, 603] - Read CC1020 completed, Address=0x0004, Data=0x35
2013/07/22 15:50:22:177 [006524] TRACE [Prb.cpp, 584] - Reading CC1020, Address=0x0005
2013/07/22 15:50:22:177 [006524] TRACE [Prb.cpp, 1035] - ReadCC1020Packet(0x05):01 00 0C 33 84 00 02 00 05 39 26 0D 
2013/07/22 15:50:22:177 [003832] TRACE [Prb.cpp, 835] - RxStream contents:01 00 0C 44 06 33 00 01 F0 15 B8 0D 
2013/07/22 15:50:22:179 [003832] TRACE [Prb.cpp, 943] - RadioBoardPacket(ACK):01 00 0C 44 06 33 00 01 F0 15 B8 0D 
2013/07/22 15:50:22:179 [006524] DEBUG [Prb.cpp, 603] - Read CC1020 completed, Address=0x0005, Data=0xF0
2013/07/22 15:50:22:180 [006524] TRACE [Prb.cpp, 584] - Reading CC1020, Address=0x0006
2013/07/22 15:50:22:180 [006524] TRACE [Prb.cpp, 1035] - ReadCC1020Packet(0x06):01 00 0C 34 84 00 02 00 06 51 2A 0D 
2013/07/22 15:50:22:180 [003832] TRACE [Prb.cpp, 835] - RxStream contents:01 00 0C 45 06 34 00 01 21 03 5E 0D 
2013/07/22 15:50:22:181 [003832] TRACE [Prb.cpp, 943] - RadioBoardPacket(ACK):01 00 0C 45 06 34 00 01 21 03 5E 0D 
2013/07/22 15:50:22:182 [006524] DEBUG [Prb.cpp, 603] - Read CC1020 completed, Address=0x0006, Data=0x21
2013/07/22 15:50:22:182 [006524] TRACE [Prb.cpp, 584] - Reading CC1020, Address=0x0008
2013/07/22 15:50:22:183 [006524] TRACE [Prb.cpp, 1035] - ReadCC1020Packet(0x08):01 00 0C 35 84 00 02 00 08 29 0E 0D 
2013/07/22 15:50:22:183 [003832] TRACE [Prb.cpp, 835] - RxStream contents:01 00 0C 46 06 35 00 01 35 1F 25 0D 
2013/07/22 15:50:22:184 [003832] TRACE [Prb.cpp, 943] - RadioBoardPacket(ACK):01 00 0C 46 06 35 00 01 35 1F 25 0D 
2013/07/22 15:50:22:185 [006524] DEBUG [Prb.cpp, 603] - Read CC1020 completed, Address=0x0008, Data=0x35
2013/07/22 15:50:22:185 [006524] TRACE [Prb.cpp, 584] - Reading CC1020, Address=0x0009
2013/07/22 15:50:22:186 [006524] TRACE [Prb.cpp, 1035] - ReadCC1020Packet(0x09):01 00 0C 36 84 00 02 00 09 21 0B 0D 
2013/07/22 15:50:22:186 [003832] TRACE [Prb.cpp, 835] - RxStream contents:01 00 0C 47 06 36 00 01 FA D9 84 0D 
2013/07/22 15:50:22:187 [003832] TRACE [Prb.cpp, 943] - RadioBoardPacket(ACK):01 00 0C 47 06 36 00 01 FA D9 84 0D 
2013/07/22 15:50:22:187 [006524] DEBUG [Prb.cpp, 603] - Read CC1020 completed, Address=0x0009, Data=0xFA
2013/07/22 15:50:22:188 [006524] TRACE [Prb.cpp, 584] - Reading CC1020, Address=0x000A
2013/07/22 15:50:22:189 [006524] TRACE [Prb.cpp, 1035] - ReadCC1020Packet(0x0A):01 00 0C 37 84 00 02 00 0A D9 02 0D 
2013/07/22 15:50:22:189 [003832] TRACE [Prb.cpp, 835] - RxStream contents:01 00 0C 48 06 37 00 01 CB E5 2D 0D 
2013/07/22 15:50:22:190 [003832] TRACE [Prb.cpp, 943] - RadioBoardPacket(ACK):01 00 0C 48 06 37 00 01 CB E5 2D 0D 
2013/07/22 15:50:22:190 [006524] DEBUG [Prb.cpp, 603] - Read CC1020 completed, Address=0x000A, Data=0xCB
2013/07/22 15:50:22:191 [006524] TRACE [Prb.cpp, 584] - Reading CC1020, Address=0x000F
2013/07/22 15:50:22:191 [006524] TRACE [Prb.cpp, 1035] - ReadCC1020Packet(0x0F):01 00 0C 38 84 00 02 00 0F F1 13 0D 
2013/07/22 15:50:22:191 [003832] TRACE [Prb.cpp, 835] - RxStream contents:01 00 0C 49 06 38 00 01 DF D1 56 0D 
2013/07/22 15:50:22:192 [003832] TRACE [Prb.cpp, 943] - RadioBoardPacket(ACK):01 00 0C 49 06 38 00 01 DF D1 56 0D 
2013/07/22 15:50:22:193 [006524] DEBUG [Prb.cpp, 603] - Read CC1020 completed, Address=0x000F, Data=0xDF
2013/07/22 15:50:22:193 [006524] TRACE [Prb.cpp, 584] - Reading CC1020, Address=0x0010
2013/07/22 15:50:22:194 [006524] TRACE [Prb.cpp, 1035] - ReadCC1020Packet(0x10):01 00 0C 39 84 00 02 00 10 89 51 0D 
2013/07/22 15:50:22:194 [003832] TRACE [Prb.cpp, 835] - RxStream contents:01 00 0C 4A 06 39 00 01 80 CC 97 0D 
2013/07/22 15:50:22:195 [003832] TRACE [Prb.cpp, 943] - RadioBoardPacket(ACK):01 00 0C 4A 06 39 00 01 80 CC 97 0D 
2013/07/22 15:50:22:195 [006524] DEBUG [Prb.cpp, 603] - Read CC1020 completed, Address=0x0010, Data=0x80
2013/07/22 15:50:22:196 [006524] TRACE [Prb.cpp, 584] - Reading CC1020, Address=0x0013
2013/07/22 15:50:22:197 [006524] TRACE [Prb.cpp, 1035] - ReadCC1020Packet(0x13):01 00 0C 3A 84 00 02 00 13 01 5B 0D 
2013/07/22 15:50:22:197 [003832] TRACE [Prb.cpp, 835] - RxStream contents:01 00 0C 4B 06 3A 00 01 33 8B 3D 0D 
2013/07/22 15:50:22:198 [003832] TRACE [Prb.cpp, 943] - RadioBoardPacket(ACK):01 00 0C 4B 06 3A 00 01 33 8B 3D 0D 
2013/07/22 15:50:22:198 [006524] DEBUG [Prb.cpp, 603] - Read CC1020 completed, Address=0x0013, Data=0x33
2013/07/22 15:50:22:199 [006524] TRACE [Prb.cpp, 584] - Reading CC1020, Address=0x0014
2013/07/22 15:50:22:199 [006524] TRACE [Prb.cpp, 1035] - ReadCC1020Packet(0x14):01 00 0C 3B 84 00 02 00 14 79 49 0D 
2013/07/22 15:50:22:199 [003832] TRACE [Prb.cpp, 835] - RxStream contents:01 00 0C 4C 06 3B 00 01 3D F7 1F 0D 
2013/07/22 15:50:22:200 [003832] TRACE [Prb.cpp, 943] - RadioBoardPacket(ACK):01 00 0C 4C 06 3B 00 01 3D F7 1F 0D 
2013/07/22 15:50:22:201 [006524] DEBUG [Prb.cpp, 603] - Read CC1020 completed, Address=0x0014, Data=0x3D
2013/07/22 15:50:22:201 [006524] TRACE [Prb.cpp, 584] - Reading CC1020, Address=0x0043
2013/07/22 15:50:22:202 [006524] TRACE [Prb.cpp, 1035] - ReadCC1020Packet(0x43):01 00 0C 3C 84 00 02 00 43 90 BE 0D 
2013/07/22 15:50:22:202 [003832] TRACE [Prb.cpp, 835] - RxStream contents:01 00 0C 4D 06 3C 00 01 00 63 92 0D 
2013/07/22 15:50:22:203 [003832] TRACE [Prb.cpp, 943] - RadioBoardPacket(ACK):01 00 0C 4D 06 3C 00 01 00 63 92 0D 
2013/07/22 15:50:22:204 [006524] DEBUG [Prb.cpp, 603] - Read CC1020 completed, Address=0x0043, Data=0x00
2013/07/22 15:50:22:204 [006524] DEBUG [ComSysDiagnostics.cpp, 63] - CC1020 [Scan complete] FREQ_2A: 0x35 FREQ_1A: 0xf0 FREQ_0A: 0x21
2013/07/22 15:50:22:205 [006524] DEBUG [ComSysDiagnostics.cpp, 67] - CC1020 [Scan complete] FREQ_2B: 0x35 FREQ_1B: 0xfa FREQ_0B: 0xcb
2013/07/22 15:50:22:205 [006524] DEBUG [ComSysDiagnostics.cpp, 72] - CC1020 [Scan complete] AFC_CONTROL: 0xdf FILTER: 0x80 VGA3: 0x33 VGA4: 0x3d AFC: 0x00
2013/07/22 15:50:22:206 [006524] INFO [CommunicationSystemStates.cpp, 173] - Found 1 valid ids during the scan operation.
2013/07/22 15:50:22:208 [006524] INFO [CommunicationSystemStates.cpp, 190] - Id: 0x801c0094.
2013/07/22 15:50:22:209 [006524] INFO [CommunicationSystemStates.cpp, 198] - Found 0 invalid ids during the scan operation.
2013/07/22 15:50:22:213 [006532] INFO [CommunicationSystemStates.cpp, 130] - Scan requested. Preamble Burst Duration: 2 seconds. Preamble Burst Data Rate: 0.
2013/07/22 15:50:22:213 [006532] TRACE [Prb.cpp, 448] - Writing FPGA, Address=0x1002, Data=0x02
2013/07/22 15:50:22:214 [006532] TRACE [Prb.cpp, 1035] - WriteFPGAPacket(0x1002, 0x02):01 00 0D 3D 81 00 03 10 02 02 A7 3A 0D 
2013/07/22 15:50:22:214 [003832] TRACE [Prb.cpp, 835] - RxStream contents:01 00 0B 4E 06 3D 00 00 2F FE 0D 
2013/07/22 15:50:22:215 [003832] TRACE [Prb.cpp, 943] - RadioBoardPacket(ACK):01 00 0B 4E 06 3D 00 00 2F FE 0D 
2013/07/22 15:50:22:216 [006532] DEBUG [Prb.cpp, 466] - Write FPGA completed, Address=0x1002, Data=0x02
2013/07/22 15:50:22:216 [006532] TRACE [Prb.cpp, 493] - Reading FPGA, Address=0x1004
2013/07/22 15:50:22:217 [006532] TRACE [Prb.cpp, 1035] - ReadFPGAPacket(0x1004):01 00 0C 3E 82 00 02 10 04 00 3C 0D 
2013/07/22 15:50:22:217 [003832] TRACE [Prb.cpp, 835] - RxStream contents:01 00 0C 4F 06 3E 00 01 08 3B A1 0D 
2013/07/22 15:50:22:218 [003832] TRACE [Prb.cpp, 943] - RadioBoardPacket(ACK):01 00 0C 4F 06 3E 00 01 08 3B A1 0D 
2013/07/22 15:50:22:219 [006532] DEBUG [Prb.cpp, 512] - Read FPGA completed, Address=0x1004, Data=0x08
2013/07/22 15:50:22:219 [006532] TRACE [Prb.cpp, 448] - Writing FPGA, Address=0x1004, Data=0x00
2013/07/22 15:50:22:220 [006532] TRACE [Prb.cpp, 1035] - WriteFPGAPacket(0x1004, 0x00):01 00 0D 3F 81 00 03 10 04 00 B1 16 0D 
2013/07/22 15:50:22:220 [003832] TRACE [Prb.cpp, 835] - RxStream contents:01 00 0B 50 06 3F 00 00 AA 85 0D 
2013/07/22 15:50:22:221 [003832] TRACE [Prb.cpp, 943] - RadioBoardPacket(ACK):01 00 0B 50 06 3F 00 00 AA 85 0D 
2013/07/22 15:50:22:221 [006532] DEBUG [Prb.cpp, 466] - Write FPGA completed, Address=0x1004, Data=0x00
2013/07/22 15:50:22:222 [006532] TRACE [Prb.cpp, 448] - Writing FPGA, Address=0x1008, Data=0x02
2013/07/22 15:50:22:223 [006532] TRACE [Prb.cpp, 1035] - WriteFPGAPacket(0x1008, 0x02):01 00 0D 40 81 00 03 10 08 02 E1 EA 0D 
2013/07/22 15:50:22:223 [003832] TRACE [Prb.cpp, 835] - RxStream contents:01 00 0B 51 06 40 00 00 AC F1 0D 
2013/07/22 15:50:22:224 [003832] TRACE [Prb.cpp, 943] - RadioBoardPacket(ACK):01 00 0B 51 06 40 00 00 AC F1 0D 
2013/07/22 15:50:22:224 [006532] DEBUG [Prb.cpp, 466] - Write FPGA completed, Address=0x1008, Data=0x02
2013/07/22 15:50:26:332 [006524] INFO [CommunicationSystemStates.cpp, 168] - Scan complete
2013/07/22 15:50:26:332 [006524] TRACE [Prb.cpp, 584] - Reading CC1020, Address=0x0004
2013/07/22 15:50:26:333 [006524] TRACE [Prb.cpp, 1035] - ReadCC1020Packet(0x04):01 00 0C 41 84 00 02 00 04 49 54 0D 
2013/07/22 15:50:26:333 [003832] TRACE [Prb.cpp, 835] - RxStream contents:01 00 0C 53 06 41 00 01 35 17 26 0D 
2013/07/22 15:50:26:334 [003832] TRACE [Prb.cpp, 943] - RadioBoardPacket(ACK):01 00 0C 53 06 41 00 01 35 17 26 0D 
2013/07/22 15:50:26:335 [006524] DEBUG [Prb.cpp, 603] - Read CC1020 completed, Address=0x0004, Data=0x35
2013/07/22 15:50:26:335 [006524] TRACE [Prb.cpp, 584] - Reading CC1020, Address=0x0005
2013/07/22 15:50:26:336 [006524] TRACE [Prb.cpp, 1035] - ReadCC1020Packet(0x05):01 00 0C 42 84 00 02 00 05 41 51 0D 
2013/07/22 15:50:26:336 [003832] TRACE [Prb.cpp, 835] - RxStream contents:01 00 0C 54 06 42 00 01 F0 41 BE 0D 
2013/07/22 15:50:26:337 [003832] TRACE [Prb.cpp, 943] - RadioBoardPacket(ACK):01 00 0C 54 06 42 00 01 F0 41 BE 0D 
2013/07/22 15:50:26:338 [006524] DEBUG [Prb.cpp, 603] - Read CC1020 completed, Address=0x0005, Data=0xF0
2013/07/22 15:50:26:338 [006524] TRACE [Prb.cpp, 584] - Reading CC1020, Address=0x0006
2013/07/22 15:50:26:339 [006524] TRACE [Prb.cpp, 1035] - ReadCC1020Packet(0x06):01 00 0C 43 84 00 02 00 06 B9 58 0D 
2013/07/22 15:50:26:339 [003832] TRACE [Prb.cpp, 835] - RxStream contents:01 00 0C 55 06 43 00 01 21 2F 58 0D 
2013/07/22 15:50:26:340 [003832] TRACE [Prb.cpp, 943] - RadioBoardPacket(ACK):01 00 0C 55 06 43 00 01 21 2F 58 0D 
2013/07/22 15:50:26:340 [006524] DEBUG [Prb.cpp, 603] - Read CC1020 completed, Address=0x0006, Data=0x21
2013/07/22 15:50:26:341 [006524] TRACE [Prb.cpp, 584] - Reading CC1020, Address=0x0008
2013/07/22 15:50:26:342 [006524] TRACE [Prb.cpp, 1035] - ReadCC1020Packet(0x08):01 00 0C 44 84 00 02 00 08 51 79 0D 
2013/07/22 15:50:26:342 [003832] TRACE [Prb.cpp, 835] - RxStream contents:01 00 0C 56 06 44 00 01 35 4B 23 0D 
2013/07/22 15:50:26:343 [003832] TRACE [Prb.cpp, 943] - RadioBoardPacket(ACK):01 00 0C 56 06 44 00 01 35 4B 23 0D 
2013/07/22 15:50:26:343 [006524] DEBUG [Prb.cpp, 603] - Read CC1020 completed, Address=0x0008, Data=0x35
2013/07/22 15:50:26:344 [006524] TRACE [Prb.cpp, 584] - Reading CC1020, Address=0x0009
2013/07/22 15:50:26:344 [006524] TRACE [Prb.cpp, 1035] - ReadCC1020Packet(0x09):01 00 0C 45 84 00 02 00 09 29 7F 0D 
2013/07/22 15:50:26:344 [003832] TRACE [Prb.cpp, 835] - RxStream contents:01 00 0C 57 06 45 00 01 FA 25 81 0D 
2013/07/22 15:50:26:345 [003832] TRACE [Prb.cpp, 943] - RadioBoardPacket(ACK):01 00 0C 57 06 45 00 01 FA 25 81 0D 
2013/07/22 15:50:26:346 [006524] DEBUG [Prb.cpp, 603] - Read CC1020 completed, Address=0x0009, Data=0xFA
2013/07/22 15:50:26:346 [006524] TRACE [Prb.cpp, 584] - Reading CC1020, Address=0x000A
2013/07/22 15:50:26:347 [006524] TRACE [Prb.cpp, 1035] - ReadCC1020Packet(0x0A):01 00 0C 46 84 00 02 00 0A A1 75 0D 
2013/07/22 15:50:26:347 [003832] TRACE [Prb.cpp, 835] - RxStream contents:01 00 0C 58 06 46 00 01 CB B1 2B 0D 
2013/07/22 15:50:26:348 [003832] TRACE [Prb.cpp, 943] - RadioBoardPacket(ACK):01 00 0C 58 06 46 00 01 CB B1 2B 0D 
2013/07/22 15:50:26:348 [006524] DEBUG [Prb.cpp, 603] - Read CC1020 completed, Address=0x000A, Data=0xCB
2013/07/22 15:50:26:349 [006524] TRACE [Prb.cpp, 584] - Reading CC1020, Address=0x000F
2013/07/22 15:50:26:349 [006524] TRACE [Prb.cpp, 1035] - ReadCC1020Packet(0x0F):01 00 0C 47 84 00 02 00 0F 59 68 0D 
2013/07/22 15:50:26:349 [003832] TRACE [Prb.cpp, 835] - RxStream contents:01 00 0C 59 06 47 00 01 DF DD 53 0D 
2013/07/22 15:50:26:350 [003832] TRACE [Prb.cpp, 943] - RadioBoardPacket(ACK):01 00 0C 59 06 47 00 01 DF DD 53 0D 
2013/07/22 15:50:26:351 [006524] DEBUG [Prb.cpp, 603] - Read CC1020 completed, Address=0x000F, Data=0xDF
2013/07/22 15:50:26:351 [006524] TRACE [Prb.cpp, 584] - Reading CC1020, Address=0x0010
2013/07/22 15:50:26:352 [006524] TRACE [Prb.cpp, 1035] - ReadCC1020Packet(0x10):01 00 0C 48 84 00 02 00 10 F1 26 0D 
2013/07/22 15:50:26:352 [003832] TRACE [Prb.cpp, 835] - RxStream contents:01 00 0C 5A 06 48 00 01 80 98 91 0D 
2013/07/22 15:50:26:353 [003832] TRACE [Prb.cpp, 943] - RadioBoardPacket(ACK):01 00 0C 5A 06 48 00 01 80 98 91 0D 
2013/07/22 15:50:26:354 [006524] DEBUG [Prb.cpp, 603] - Read CC1020 completed, Address=0x0010, Data=0x80
2013/07/22 15:50:26:354 [006524] TRACE [Prb.cpp, 584] - Reading CC1020, Address=0x0013
2013/07/22 15:50:26:355 [006524] TRACE [Prb.cpp, 1035] - ReadCC1020Packet(0x13):01 00 0C 49 84 00 02 00 13 09 2F 0D 
2013/07/22 15:50:26:355 [003832] TRACE [Prb.cpp, 835] - RxStream contents:01 00 0C 5B 06 49 00 01 33 77 38 0D 
2013/07/22 15:50:26:356 [003832] TRACE [Prb.cpp, 943] - RadioBoardPacket(ACK):01 00 0C 5B 06 49 00 01 33 77 38 0D 
2013/07/22 15:50:26:356 [006524] DEBUG [Prb.cpp, 603] - Read CC1020 completed, Address=0x0013, Data=0x33
2013/07/22 15:50:26:357 [006524] TRACE [Prb.cpp, 584] - Reading CC1020, Address=0x0014
2013/07/22 15:50:26:357 [006524] TRACE [Prb.cpp, 1035] - ReadCC1020Packet(0x14):01 00 0C 4A 84 00 02 00 14 01 3E 0D 
2013/07/22 15:50:26:357 [003832] TRACE [Prb.cpp, 835] - RxStream contents:01 00 0C 5C 06 4A 00 01 3D A3 19 0D 
2013/07/22 15:50:26:358 [003832] TRACE [Prb.cpp, 943] - RadioBoardPacket(ACK):01 00 0C 5C 06 4A 00 01 3D A3 19 0D 
2013/07/22 15:50:26:359 [006524] DEBUG [Prb.cpp, 603] - Read CC1020 completed, Address=0x0014, Data=0x3D
2013/07/22 15:50:26:359 [006524] TRACE [Prb.cpp, 584] - Reading CC1020, Address=0x0043
2013/07/22 15:50:26:360 [006524] TRACE [Prb.cpp, 1035] - ReadCC1020Packet(0x43):01 00 0C 4B 84 00 02 00 43 78 CC 0D 
2013/07/22 15:50:26:360 [003832] TRACE [Prb.cpp, 835] - RxStream contents:01 00 0C 5D 06 4B 00 01 00 4F 94 0D 
2013/07/22 15:50:26:361 [003832] TRACE [Prb.cpp, 943] - RadioBoardPacket(ACK):01 00 0C 5D 06 4B 00 01 00 4F 94 0D 
2013/07/22 15:50:26:362 [006524] DEBUG [Prb.cpp, 603] - Read CC1020 completed, Address=0x0043, Data=0x00
2013/07/22 15:50:26:362 [006524] DEBUG [ComSysDiagnostics.cpp, 63] - CC1020 [Scan complete] FREQ_2A: 0x35 FREQ_1A: 0xf0 FREQ_0A: 0x21
2013/07/22 15:50:26:363 [006524] DEBUG [ComSysDiagnostics.cpp, 67] - CC1020 [Scan complete] FREQ_2B: 0x35 FREQ_1B: 0xfa FREQ_0B: 0xcb
2013/07/22 15:50:26:363 [006524] DEBUG [ComSysDiagnostics.cpp, 72] - CC1020 [Scan complete] AFC_CONTROL: 0xdf FILTER: 0x80 VGA3: 0x33 VGA4: 0x3d AFC: 0x00
2013/07/22 15:50:26:364 [006524] INFO [CommunicationSystemStates.cpp, 173] - Found 1 valid ids during the scan operation.
2013/07/22 15:50:26:364 [006524] INFO [CommunicationSystemStates.cpp, 190] - Id: 0x801c0094.
2013/07/22 15:50:26:365 [006524] INFO [CommunicationSystemStates.cpp, 198] - Found 0 invalid ids during the scan operation.
2013/07/22 15:50:26:382 [006668] TRACE [Prb.cpp, 493] - Reading FPGA, Address=0x1004
2013/07/22 15:50:26:383 [006668] TRACE [Prb.cpp, 1035] - ReadFPGAPacket(0x1004):01 00 0C 4C 82 00 02 10 04 F0 4B 0D 
2013/07/22 15:50:26:383 [003832] TRACE [Prb.cpp, 835] - RxStream contents:01 00 0C 5E 06 4C 00 01 00 2B 97 0D 
2013/07/22 15:50:26:384 [003832] TRACE [Prb.cpp, 943] - RadioBoardPacket(ACK):01 00 0C 5E 06 4C 00 01 00 2B 97 0D 
2013/07/22 15:50:26:385 [006668] DEBUG [Prb.cpp, 512] - Read FPGA completed, Address=0x1004, Data=0x00
2013/07/22 15:50:26:386 [006668] TRACE [Prb.cpp, 448] - Writing FPGA, Address=0x1004, Data=0x00
2013/07/22 15:50:26:386 [006668] TRACE [Prb.cpp, 1035] - WriteFPGAPacket(0x1004, 0x00):01 00 0D 4D 81 00 03 10 04 00 C4 36 0D 
2013/07/22 15:50:26:386 [003832] TRACE [Prb.cpp, 835] - RxStream contents:01 00 0B 5F 06 4D 00 00 AE C5 0D 
2013/07/22 15:50:26:387 [003832] TRACE [Prb.cpp, 943] - RadioBoardPacket(ACK):01 00 0B 5F 06 4D 00 00 AE C5 0D 
2013/07/22 15:50:26:388 [006668] DEBUG [Prb.cpp, 466] - Write FPGA completed, Address=0x1004, Data=0x00
2013/07/22 15:50:26:389 [006532] INFO [CrossTalkDetectorStates.cpp, 98] - LinkTimeout = 4523 ms
2013/07/22 15:50:26:390 [006532] INFO [CrossTalkDetector.cpp, 68] - CrossTalkDetector state changing from IdleState to LinkingState
2013/07/22 15:50:26:392 [006532] INFO [CommunicationSystemStates.cpp, 147] - Link requested. Id: 0x801c0094. Preamble Burst Duration: 2 seconds. Preamble Burst Data Rate: 0.
2013/07/22 15:50:26:393 [006532] DEBUG [ComSysDiagnostics.cpp, 95] - Resetting FPGA Frame Error Counter
2013/07/22 15:50:26:393 [006532] TRACE [Prb.cpp, 448] - Writing FPGA, Address=0x301C, Data=0x00
2013/07/22 15:50:26:394 [006532] TRACE [Prb.cpp, 1035] - WriteFPGAPacket(0x301C, 0x00):01 00 0D 4E 81 00 03 30 1C 00 15 85 0D 
2013/07/22 15:50:26:394 [003832] TRACE [Prb.cpp, 835] - RxStream contents:01 00 0B 60 06 4E 00 00 A4 D1 0D 
2013/07/22 15:50:26:395 [003832] TRACE [Prb.cpp, 943] - RadioBoardPacket(ACK):01 00 0B 60 06 4E 00 00 A4 D1 0D 
2013/07/22 15:50:26:395 [006532] DEBUG [Prb.cpp, 466] - Write FPGA completed, Address=0x301C, Data=0x00
2013/07/22 15:50:26:396 [006532] TRACE [Prb.cpp, 448] - Writing FPGA, Address=0x2000, Data=0x80
2013/07/22 15:50:26:397 [006532] TRACE [Prb.cpp, 1035] - WriteFPGAPacket(0x2000, 0x80):01 00 0D 4F 81 00 03 20 00 80 5E D5 0D 
2013/07/22 15:50:26:397 [003832] TRACE [Prb.cpp, 835] - RxStream contents:01 00 0B 61 06 4F 00 00 A4 BD 0D 
2013/07/22 15:50:26:398 [003832] TRACE [Prb.cpp, 943] - RadioBoardPacket(ACK):01 00 0B 61 06 4F 00 00 A4 BD 0D 
2013/07/22 15:50:26:398 [006532] DEBUG [Prb.cpp, 466] - Write FPGA completed, Address=0x2000, Data=0x80
2013/07/22 15:50:26:399 [006532] TRACE [Prb.cpp, 448] - Writing FPGA, Address=0x2002, Data=0x1C
2013/07/22 15:50:26:399 [006532] TRACE [Prb.cpp, 1035] - WriteFPGAPacket(0x2002, 0x1C):01 00 0D 50 81 00 03 20 02 1C 4F 6D 0D 
2013/07/22 15:50:26:399 [003832] TRACE [Prb.cpp, 835] - RxStream contents:01 00 0B 62 06 50 00 00 25 BA 0D 
2013/07/22 15:50:26:400 [003832] TRACE [Prb.cpp, 943] - RadioBoardPacket(ACK):01 00 0B 62 06 50 00 00 25 BA 0D 
2013/07/22 15:50:26:401 [006532] DEBUG [Prb.cpp, 466] - Write FPGA completed, Address=0x2002, Data=0x1C
2013/07/22 15:50:26:401 [006532] TRACE [Prb.cpp, 448] - Writing FPGA, Address=0x2004, Data=0x00
2013/07/22 15:50:26:402 [006532] TRACE [Prb.cpp, 1035] - WriteFPGAPacket(0x2004, 0x00):01 00 0D 51 81 00 03 20 04 00 5A 35 0D 
2013/07/22 15:50:26:402 [003832] TRACE [Prb.cpp, 835] - RxStream contents:01 00 0B 63 06 51 00 00 25 D6 0D 
2013/07/22 15:50:26:403 [003832] TRACE [Prb.cpp, 943] - RadioBoardPacket(ACK):01 00 0B 63 06 51 00 00 25 D6 0D 
2013/07/22 15:50:26:404 [006532] DEBUG [Prb.cpp, 466] - Write FPGA completed, Address=0x2004, Data=0x00
2013/07/22 15:50:26:404 [006532] TRACE [Prb.cpp, 448] - Writing FPGA, Address=0x2006, Data=0x94
2013/07/22 15:50:26:405 [006532] TRACE [Prb.cpp, 1035] - WriteFPGAPacket(0x2006, 0x94):01 00 0D 52 81 00 03 20 06 94 56 7D 0D 
2013/07/22 15:50:26:405 [003832] TRACE [Prb.cpp, 835] - RxStream contents:01 00 0B 64 06 52 00 00 A4 81 0D 
2013/07/22 15:50:26:406 [003832] TRACE [Prb.cpp, 943] - RadioBoardPacket(ACK):01 00 0B 64 06 52 00 00 A4 81 0D 
2013/07/22 15:50:26:406 [006532] DEBUG [Prb.cpp, 466] - Write FPGA completed, Address=0x2006, Data=0x94
2013/07/22 15:50:26:407 [006532] TRACE [Prb.cpp, 448] - Writing FPGA, Address=0x1002, Data=0x02
2013/07/22 15:50:26:408 [006532] TRACE [Prb.cpp, 1035] - WriteFPGAPacket(0x1002, 0x02):01 00 0D 53 81 00 03 10 02 02 4F D9 0D 
2013/07/22 15:50:26:408 [003832] TRACE [Prb.cpp, 835] - RxStream contents:01 00 0B 65 06 53 00 00 A4 ED 0D 
2013/07/22 15:50:26:409 [003832] TRACE [Prb.cpp, 943] - RadioBoardPacket(ACK):01 00 0B 65 06 53 00 00 A4 ED 0D 
2013/07/22 15:50:26:409 [006532] DEBUG [Prb.cpp, 466] - Write FPGA completed, Address=0x1002, Data=0x02
2013/07/22 15:50:26:410 [006532] TRACE [Prb.cpp, 493] - Reading FPGA, Address=0x1004
2013/07/22 15:50:26:410 [006532] TRACE [Prb.cpp, 1035] - ReadFPGAPacket(0x1004):01 00 0C 54 82 00 02 10 04 30 50 0D 
2013/07/22 15:50:26:410 [003832] TRACE [Prb.cpp, 835] - RxStream contents:01 00 0C 66 06 54 00 01 00 0B A8 0D 
2013/07/22 15:50:26:411 [003832] TRACE [Prb.cpp, 943] - RadioBoardPacket(ACK):01 00 0C 66 06 54 00 01 00 0B A8 0D 
2013/07/22 15:50:26:412 [006532] DEBUG [Prb.cpp, 512] - Read FPGA completed, Address=0x1004, Data=0x00
2013/07/22 15:50:26:412 [006532] TRACE [Prb.cpp, 448] - Writing FPGA, Address=0x1004, Data=0x00
2013/07/22 15:50:26:413 [006532] TRACE [Prb.cpp, 1035] - WriteFPGAPacket(0x1004, 0x00):01 00 0D 55 81 00 03 10 04 00 DD B6 0D 
2013/07/22 15:50:26:413 [003832] TRACE [Prb.cpp, 835] - RxStream contents:01 00 0B 67 06 55 00 00 24 66 0D 
2013/07/22 15:50:26:414 [003832] TRACE [Prb.cpp, 943] - RadioBoardPacket(ACK):01 00 0B 67 06 55 00 00 24 66 0D 
2013/07/22 15:50:26:415 [006532] DEBUG [Prb.cpp, 466] - Write FPGA completed, Address=0x1004, Data=0x00
2013/07/22 15:50:26:415 [006532] TRACE [Prb.cpp, 448] - Writing FPGA, Address=0x1008, Data=0x04
2013/07/22 15:50:26:416 [006532] TRACE [Prb.cpp, 1035] - WriteFPGAPacket(0x1008, 0x04):01 00 0D 56 81 00 03 10 08 04 76 9D 0D 
2013/07/22 15:50:26:416 [003832] TRACE [Prb.cpp, 835] - RxStream contents:01 00 0B 68 06 56 00 00 26 F2 0D 
2013/07/22 15:50:26:417 [003832] TRACE [Prb.cpp, 943] - RadioBoardPacket(ACK):01 00 0B 68 06 56 00 00 26 F2 0D 
2013/07/22 15:50:26:418 [006532] DEBUG [Prb.cpp, 466] - Write FPGA completed, Address=0x1008, Data=0x04
2013/07/22 15:50:29:401 [006524] INFO [CrossTalkDetectorStates.cpp, 174] - Invalid frame while linking
2013/07/22 15:50:29:402 [006524] TRACE [Prb.cpp, 493] - Reading FPGA, Address=0x3018
2013/07/22 15:50:29:403 [006524] TRACE [Prb.cpp, 1035] - ReadFPGAPacket(0x3018):01 00 0C 57 82 00 02 30 18 78 18 0D 
2013/07/22 15:50:29:403 [003832] TRACE [Prb.cpp, 835] - RxStream contents:01 00 0C 6A 06 57 00 01 40 16 24 0D 
2013/07/22 15:50:29:404 [003832] TRACE [Prb.cpp, 943] - RadioBoardPacket(ACK):01 00 0C 6A 06 57 00 01 40 16 24 0D 
2013/07/22 15:50:29:405 [006524] DEBUG [Prb.cpp, 512] - Read FPGA completed, Address=0x3018, Data=0x40
2013/07/22 15:50:29:405 [006524] TRACE [Prb.cpp, 493] - Reading FPGA, Address=0x301A
2013/07/22 15:50:29:406 [006524] TRACE [Prb.cpp, 1035] - ReadFPGAPacket(0x301A):01 00 0C 58 82 00 02 30 1A D0 18 0D 
2013/07/22 15:50:29:406 [003832] TRACE [Prb.cpp, 835] - RxStream contents:01 00 0C 6B 06 58 00 01 FF A1 A6 0D 
2013/07/22 15:50:29:407 [003832] TRACE [Prb.cpp, 943] - RadioBoardPacket(ACK):01 00 0C 6B 06 58 00 01 FF A1 A6 0D 
2013/07/22 15:50:29:408 [006524] DEBUG [Prb.cpp, 512] - Read FPGA completed, Address=0x301A, Data=0xFF
2013/07/22 15:50:29:408 [006524] TRACE [Prb.cpp, 493] - Reading FPGA, Address=0x3070
2013/07/22 15:50:29:409 [006524] TRACE [Prb.cpp, 1035] - ReadFPGAPacket(0x3070):01 00 0C 59 82 00 02 30 70 29 67 0D 
2013/07/22 15:50:29:409 [003832] TRACE [Prb.cpp, 835] - RxStream contents:01 00 0C 6C 06 59 00 01 FE DD A6 0D 
2013/07/22 15:50:29:410 [003832] TRACE [Prb.cpp, 943] - RadioBoardPacket(ACK):01 00 0C 6C 06 59 00 01 FE DD A6 0D 
2013/07/22 15:50:29:411 [006524] DEBUG [Prb.cpp, 512] - Read FPGA completed, Address=0x3070, Data=0xFE
2013/07/22 15:50:29:411 [006524] DEBUG [ComSysDiagnostics.cpp, 31] - FPGA RSSI/AFC [Linking(invalid frame)] linkedRSSI:64 linkedAFC:255 AFC:254
2013/07/22 15:50:29:417 [006524] TRACE [Prb.cpp, 493] - Reading FPGA, Address=0x3018
2013/07/22 15:50:29:418 [006524] TRACE [Prb.cpp, 1035] - ReadFPGAPacket(0x3018):01 00 0C 5A 82 00 02 30 18 20 14 0D 
2013/07/22 15:50:29:418 [003832] TRACE [Prb.cpp, 835] - RxStream contents:01 00 0C 6E 06 5A 00 01 3C 13 2A 0D 
2013/07/22 15:50:29:419 [003832] TRACE [Prb.cpp, 943] - RadioBoardPacket(ACK):01 00 0C 6E 06 5A 00 01 3C 13 2A 0D 
2013/07/22 15:50:29:420 [006524] DEBUG [Prb.cpp, 512] - Read FPGA completed, Address=0x3018, Data=0x3C
2013/07/22 15:50:29:421 [006524] TRACE [Prb.cpp, 493] - Reading FPGA, Address=0x301A
2013/07/22 15:50:29:421 [006524] TRACE [Prb.cpp, 1035] - ReadFPGAPacket(0x301A):01 00 0C 5B 82 00 02 30 1A 58 18 0D 
2013/07/22 15:50:29:421 [003832] TRACE [Prb.cpp, 835] - RxStream contents:01 00 0C 6F 06 5B 00 01 FF 7D A0 0D 
2013/07/22 15:50:29:422 [003832] TRACE [Prb.cpp, 943] - RadioBoardPacket(ACK):01 00 0C 6F 06 5B 00 01 FF 7D A0 0D 
2013/07/22 15:50:29:423 [006524] DEBUG [Prb.cpp, 512] - Read FPGA completed, Address=0x301A, Data=0xFF
2013/07/22 15:50:29:424 [006524] TRACE [Prb.cpp, 493] - Reading FPGA, Address=0x3070
2013/07/22 15:50:29:424 [006524] TRACE [Prb.cpp, 1035] - ReadFPGAPacket(0x3070):01 00 0C 5C 82 00 02 30 70 31 62 0D 
2013/07/22 15:50:29:424 [003832] TRACE [Prb.cpp, 835] - RxStream contents:01 00 0C 70 06 5C 00 01 00 3B BC 0D 
2013/07/22 15:50:29:425 [003832] TRACE [Prb.cpp, 943] - RadioBoardPacket(ACK):01 00 0C 70 06 5C 00 01 00 3B BC 0D 
2013/07/22 15:50:29:426 [006524] DEBUG [Prb.cpp, 512] - Read FPGA completed, Address=0x3070, Data=0x00
2013/07/22 15:50:29:426 [006524] DEBUG [ComSysDiagnostics.cpp, 31] - FPGA RSSI/AFC [Linking(valid frame)] linkedRSSI:60 linkedAFC:255 AFC:0
2013/07/22 15:50:29:432 [006524] TRACE [Prb.cpp, 493] - Reading FPGA, Address=0x3018
2013/07/22 15:50:29:432 [006524] TRACE [Prb.cpp, 1035] - ReadFPGAPacket(0x3018):01 00 0C 5D 82 00 02 30 18 48 12 0D 
2013/07/22 15:50:29:432 [003832] TRACE [Prb.cpp, 835] - RxStream contents:01 00 0C 72 06 5D 00 01 40 5E 3F 0D 
2013/07/22 15:50:29:433 [003832] TRACE [Prb.cpp, 943] - RadioBoardPacket(ACK):01 00 0C 72 06 5D 00 01 40 5E 3F 0D 
2013/07/22 15:50:29:434 [006524] DEBUG [Prb.cpp, 512] - Read FPGA completed, Address=0x3018, Data=0x40
2013/07/22 15:50:29:434 [006524] TRACE [Prb.cpp, 493] - Reading FPGA, Address=0x301A
2013/07/22 15:50:29:435 [006524] TRACE [Prb.cpp, 1035] - ReadFPGAPacket(0x301A):01 00 0C 5E 82 00 02 30 1A 40 1D 0D 
2013/07/22 15:50:29:435 [003832] TRACE [Prb.cpp, 835] - RxStream contents:01 00 0C 73 06 5E 00 01 01 9B BA 0D 
2013/07/22 15:50:29:436 [003832] TRACE [Prb.cpp, 943] - RadioBoardPacket(ACK):01 00 0C 73 06 5E 00 01 01 9B BA 0D 
2013/07/22 15:50:29:437 [006524] DEBUG [Prb.cpp, 512] - Read FPGA completed, Address=0x301A, Data=0x01
2013/07/22 15:50:29:437 [006524] TRACE [Prb.cpp, 493] - Reading FPGA, Address=0x3070
2013/07/22 15:50:29:438 [006524] TRACE [Prb.cpp, 1035] - ReadFPGAPacket(0x3070):01 00 0C 5F 82 00 02 30 70 B9 62 0D 
2013/07/22 15:50:29:438 [003832] TRACE [Prb.cpp, 835] - RxStream contents:01 00 0C 74 06 5F 00 01 00 E7 BA 0D 
2013/07/22 15:50:29:439 [003832] TRACE [Prb.cpp, 943] - RadioBoardPacket(ACK):01 00 0C 74 06 5F 00 01 00 E7 BA 0D 
2013/07/22 15:50:29:439 [006524] DEBUG [Prb.cpp, 512] - Read FPGA completed, Address=0x3070, Data=0x00
2013/07/22 15:50:29:440 [006524] DEBUG [ComSysDiagnostics.cpp, 31] - FPGA RSSI/AFC [Linking(valid frame)] linkedRSSI:64 linkedAFC:1 AFC:0
2013/07/22 15:50:29:451 [006524] TRACE [Prb.cpp, 493] - Reading FPGA, Address=0x3018
2013/07/22 15:50:29:452 [006524] TRACE [Prb.cpp, 1035] - ReadFPGAPacket(0x3018):01 00 0C 60 82 00 02 30 18 10 2D 0D 
2013/07/22 15:50:29:452 [003832] TRACE [Prb.cpp, 835] - RxStream contents:01 00 0C 76 06 60 00 01 3C 9B 3B 0D 
2013/07/22 15:50:29:453 [003832] TRACE [Prb.cpp, 943] - RadioBoardPacket(ACK):01 00 0C 76 06 60 00 01 3C 9B 3B 0D 
2013/07/22 15:50:29:453 [006524] DEBUG [Prb.cpp, 512] - Read FPGA completed, Address=0x3018, Data=0x3C
2013/07/22 15:50:29:454 [006524] TRACE [Prb.cpp, 493] - Reading FPGA, Address=0x301A
2013/07/22 15:50:29:455 [006524] TRACE [Prb.cpp, 1035] - ReadFPGAPacket(0x301A):01 00 0C 61 82 00 02 30 1A 68 21 0D 
2013/07/22 15:50:29:455 [003832] TRACE [Prb.cpp, 835] - RxStream contents:01 00 0C 77 06 61 00 01 00 F7 B3 0D 
2013/07/22 15:50:29:456 [003832] TRACE [Prb.cpp, 943] - RadioBoardPacket(ACK):01 00 0C 77 06 61 00 01 00 F7 B3 0D 
2013/07/22 15:50:29:456 [006524] DEBUG [Prb.cpp, 512] - Read FPGA completed, Address=0x301A, Data=0x00
2013/07/22 15:50:29:457 [006524] TRACE [Prb.cpp, 493] - Reading FPGA, Address=0x3070
2013/07/22 15:50:29:458 [006524] TRACE [Prb.cpp, 1035] - ReadFPGAPacket(0x3070):01 00 0C 62 82 00 02 30 70 E1 5D 0D 
2013/07/22 15:50:29:458 [003832] TRACE [Prb.cpp, 835] - RxStream contents:01 00 0C 78 06 62 00 01 00 E3 BC 0D 
2013/07/22 15:50:29:459 [003832] TRACE [Prb.cpp, 943] - RadioBoardPacket(ACK):01 00 0C 78 06 62 00 01 00 E3 BC 0D 
2013/07/22 15:50:29:459 [006524] DEBUG [Prb.cpp, 512] - Read FPGA completed, Address=0x3070, Data=0x00
2013/07/22 15:50:29:460 [006524] DEBUG [ComSysDiagnostics.cpp, 31] - FPGA RSSI/AFC [Linking(valid frame)] linkedRSSI:60 linkedAFC:0 AFC:0
2013/07/22 15:50:29:465 [006524] TRACE [Prb.cpp, 493] - Reading FPGA, Address=0x3018
2013/07/22 15:50:29:465 [006524] TRACE [Prb.cpp, 1035] - ReadFPGAPacket(0x3018):01 00 0C 63 82 00 02 30 18 98 2D 0D 
2013/07/22 15:50:29:465 [003832] TRACE [Prb.cpp, 835] - RxStream contents:01 00 0C 7A 06 63 00 01 3C 07 34 0D 
2013/07/22 15:50:29:467 [003832] TRACE [Prb.cpp, 943] - RadioBoardPacket(ACK):01 00 0C 7A 06 63 00 01 3C 07 34 0D 
2013/07/22 15:50:29:467 [006524] DEBUG [Prb.cpp, 512] - Read FPGA completed, Address=0x3018, Data=0x3C
2013/07/22 15:50:29:468 [006524] TRACE [Prb.cpp, 493] - Reading FPGA, Address=0x301A
2013/07/22 15:50:29:469 [006524] TRACE [Prb.cpp, 1035] - ReadFPGAPacket(0x301A):01 00 0C 64 82 00 02 30 1A 70 24 0D 
2013/07/22 15:50:29:469 [003832] TRACE [Prb.cpp, 835] - RxStream contents:01 00 0C 7B 06 64 00 01 FF 11 BE 0D 
2013/07/22 15:50:29:470 [003832] TRACE [Prb.cpp, 943] - RadioBoardPacket(ACK):01 00 0C 7B 06 64 00 01 FF 11 BE 0D 
2013/07/22 15:50:29:470 [006524] DEBUG [Prb.cpp, 512] - Read FPGA completed, Address=0x301A, Data=0xFF
2013/07/22 15:50:29:471 [006524] TRACE [Prb.cpp, 493] - Reading FPGA, Address=0x3070
2013/07/22 15:50:29:472 [006524] TRACE [Prb.cpp, 1035] - ReadFPGAPacket(0x3070):01 00 0C 65 82 00 02 30 70 89 5B 0D 
2013/07/22 15:50:29:472 [003832] TRACE [Prb.cpp, 835] - RxStream contents:01 00 0C 7C 06 65 00 01 00 EF B9 0D 
2013/07/22 15:50:29:473 [003832] TRACE [Prb.cpp, 943] - RadioBoardPacket(ACK):01 00 0C 7C 06 65 00 01 00 EF B9 0D 
2013/07/22 15:50:29:473 [006524] DEBUG [Prb.cpp, 512] - Read FPGA completed, Address=0x3070, Data=0x00
2013/07/22 15:50:29:474 [006524] DEBUG [ComSysDiagnostics.cpp, 31] - FPGA RSSI/AFC [Linking(valid frame)] linkedRSSI:60 linkedAFC:255 AFC:0
2013/07/22 15:50:29:479 [006524] TRACE [Prb.cpp, 493] - Reading FPGA, Address=0x3018
2013/07/22 15:50:29:479 [006524] TRACE [Prb.cpp, 1035] - ReadFPGAPacket(0x3018):01 00 0C 66 82 00 02 30 18 80 28 0D 
2013/07/22 15:50:29:480 [003832] TRACE [Prb.cpp, 835] - RxStream contents:01 00 0C 7E 06 66 00 01 3C A3 32 0D 
2013/07/22 15:50:29:481 [003832] TRACE [Prb.cpp, 943] - RadioBoardPacket(ACK):01 00 0C 7E 06 66 00 01 3C A3 32 0D 
2013/07/22 15:50:29:481 [006524] DEBUG [Prb.cpp, 512] - Read FPGA completed, Address=0x3018, Data=0x3C
2013/07/22 15:50:29:482 [006524] TRACE [Prb.cpp, 493] - Reading FPGA, Address=0x301A
2013/07/22 15:50:29:483 [006524] TRACE [Prb.cpp, 1035] - ReadFPGAPacket(0x301A):01 00 0C 67 82 00 02 30 1A F8 24 0D 
2013/07/22 15:50:29:483 [003832] TRACE [Prb.cpp, 835] - RxStream contents:01 00 0C 7F 06 67 00 01 00 CF BA 0D 
2013/07/22 15:50:29:484 [003832] TRACE [Prb.cpp, 943] - RadioBoardPacket(ACK):01 00 0C 7F 06 67 00 01 00 CF BA 0D 
2013/07/22 15:50:29:484 [006524] DEBUG [Prb.cpp, 512] - Read FPGA completed, Address=0x301A, Data=0x00
2013/07/22 15:50:29:485 [006524] TRACE [Prb.cpp, 493] - Reading FPGA, Address=0x3070
2013/07/22 15:50:29:485 [006524] TRACE [Prb.cpp, 1035] - ReadFPGAPacket(0x3070):01 00 0C 68 82 00 02 30 70 D1 57 0D 
2013/07/22 15:50:29:485 [003832] TRACE [Prb.cpp, 835] - RxStream contents:01 00 0C 80 06 68 00 01 00 2B 4A 0D 
2013/07/22 15:50:29:486 [003832] TRACE [Prb.cpp, 943] - RadioBoardPacket(ACK):01 00 0C 80 06 68 00 01 00 2B 4A 0D 
2013/07/22 15:50:29:487 [006524] DEBUG [Prb.cpp, 512] - Read FPGA completed, Address=0x3070, Data=0x00
2013/07/22 15:50:29:487 [006524] DEBUG [ComSysDiagnostics.cpp, 31] - FPGA RSSI/AFC [Linking(valid frame)] linkedRSSI:60 linkedAFC:0 AFC:0
2013/07/22 15:50:29:498 [006524] TRACE [Prb.cpp, 493] - Reading FPGA, Address=0x3018
2013/07/22 15:50:29:499 [006524] TRACE [Prb.cpp, 1035] - ReadFPGAPacket(0x3018):01 00 0C 69 82 00 02 30 18 A8 27 0D 
2013/07/22 15:50:29:499 [003832] TRACE [Prb.cpp, 835] - RxStream contents:01 00 0C 82 06 69 00 01 40 4E C9 0D 
2013/07/22 15:50:29:500 [003832] TRACE [Prb.cpp, 943] - RadioBoardPacket(ACK):01 00 0C 82 06 69 00 01 40 4E C9 0D 
2013/07/22 15:50:29:501 [006524] DEBUG [Prb.cpp, 512] - Read FPGA completed, Address=0x3018, Data=0x40
2013/07/22 15:50:29:501 [006524] TRACE [Prb.cpp, 493] - Reading FPGA, Address=0x301A
2013/07/22 15:50:29:502 [006524] TRACE [Prb.cpp, 1035] - ReadFPGAPacket(0x301A):01 00 0C 6A 82 00 02 30 1A A0 28 0D 
2013/07/22 15:50:29:502 [003832] TRACE [Prb.cpp, 835] - RxStream contents:01 00 0C 83 06 6A 00 01 00 0B 49 0D 
2013/07/22 15:50:29:503 [003832] TRACE [Prb.cpp, 943] - RadioBoardPacket(ACK):01 00 0C 83 06 6A 00 01 00 0B 49 0D 
2013/07/22 15:50:29:503 [006524] DEBUG [Prb.cpp, 512] - Read FPGA completed, Address=0x301A, Data=0x00
2013/07/22 15:50:29:504 [006524] TRACE [Prb.cpp, 493] - Reading FPGA, Address=0x3070
2013/07/22 15:50:29:505 [006524] TRACE [Prb.cpp, 1035] - ReadFPGAPacket(0x3070):01 00 0C 6B 82 00 02 30 70 59 57 0D 
2013/07/22 15:50:29:505 [003832] TRACE [Prb.cpp, 835] - RxStream contents:01 00 0C 84 06 6B 00 01 FF F5 4E 0D 
2013/07/22 15:50:29:506 [003832] TRACE [Prb.cpp, 943] - RadioBoardPacket(ACK):01 00 0C 84 06 6B 00 01 FF F5 4E 0D 
2013/07/22 15:50:29:506 [006524] DEBUG [Prb.cpp, 512] - Read FPGA completed, Address=0x3070, Data=0xFF
2013/07/22 15:50:29:507 [006524] DEBUG [ComSysDiagnostics.cpp, 31] - FPGA RSSI/AFC [Linking(valid frame)] linkedRSSI:64 linkedAFC:0 AFC:255
2013/07/22 15:50:29:512 [006524] TRACE [Prb.cpp, 493] - Reading FPGA, Address=0x3018
2013/07/22 15:50:29:513 [006524] TRACE [Prb.cpp, 1035] - ReadFPGAPacket(0x3018):01 00 0C 6C 82 00 02 30 18 B0 22 0D 
2013/07/22 15:50:29:513 [003832] TRACE [Prb.cpp, 835] - RxStream contents:01 00 0C 86 06 6C 00 01 3B EB D5 0D 
2013/07/22 15:50:29:514 [003832] TRACE [Prb.cpp, 943] - RadioBoardPacket(ACK):01 00 0C 86 06 6C 00 01 3B EB D5 0D 
2013/07/22 15:50:29:514 [006524] DEBUG [Prb.cpp, 512] - Read FPGA completed, Address=0x3018, Data=0x3B
2013/07/22 15:50:29:515 [006524] TRACE [Prb.cpp, 493] - Reading FPGA, Address=0x301A
2013/07/22 15:50:29:516 [006524] TRACE [Prb.cpp, 1035] - ReadFPGAPacket(0x301A):01 00 0C 6D 82 00 02 30 1A C8 2E 0D 
2013/07/22 15:50:29:516 [003832] TRACE [Prb.cpp, 835] - RxStream contents:01 00 0C 87 06 6D 00 01 01 87 49 0D 
2013/07/22 15:50:29:517 [003832] TRACE [Prb.cpp, 943] - RadioBoardPacket(ACK):01 00 0C 87 06 6D 00 01 01 87 49 0D 
2013/07/22 15:50:29:517 [006524] DEBUG [Prb.cpp, 512] - Read FPGA completed, Address=0x301A, Data=0x01
2013/07/22 15:50:29:518 [006524] TRACE [Prb.cpp, 493] - Reading FPGA, Address=0x3070
2013/07/22 15:50:29:518 [006524] TRACE [Prb.cpp, 1035] - ReadFPGAPacket(0x3070):01 00 0C 6E 82 00 02 30 70 41 52 0D 
2013/07/22 15:50:29:518 [003832] TRACE [Prb.cpp, 835] - RxStream contents:01 00 0C 88 06 6E 00 01 00 13 43 0D 
2013/07/22 15:50:29:519 [003832] TRACE [Prb.cpp, 943] - RadioBoardPacket(ACK):01 00 0C 88 06 6E 00 01 00 13 43 0D 
2013/07/22 15:50:29:520 [006524] DEBUG [Prb.cpp, 512] - Read FPGA completed, Address=0x3070, Data=0x00
2013/07/22 15:50:29:521 [006524] DEBUG [ComSysDiagnostics.cpp, 31] - FPGA RSSI/AFC [Linking(valid frame)] linkedRSSI:59 linkedAFC:1 AFC:0
2013/07/22 15:50:29:526 [006524] TRACE [Prb.cpp, 493] - Reading FPGA, Address=0x3018
2013/07/22 15:50:29:527 [006524] TRACE [Prb.cpp, 1035] - ReadFPGAPacket(0x3018):01 00 0C 6F 82 00 02 30 18 38 22 0D 
2013/07/22 15:50:29:527 [003832] TRACE [Prb.cpp, 835] - RxStream contents:01 00 0C 8A 06 6F 00 01 3C F7 CB 0D 
2013/07/22 15:50:29:528 [003832] TRACE [Prb.cpp, 943] - RadioBoardPacket(ACK):01 00 0C 8A 06 6F 00 01 3C F7 CB 0D 
2013/07/22 15:50:29:528 [006524] DEBUG [Prb.cpp, 512] - Read FPGA completed, Address=0x3018, Data=0x3C
2013/07/22 15:50:29:529 [006524] TRACE [Prb.cpp, 493] - Reading FPGA, Address=0x301A
2013/07/22 15:50:29:530 [006524] TRACE [Prb.cpp, 1035] - ReadFPGAPacket(0x301A):01 00 0C 70 82 00 02 30 1A 10 30 0D 
2013/07/22 15:50:29:530 [003832] TRACE [Prb.cpp, 835] - RxStream contents:01 00 0C 8B 06 70 00 01 00 83 46 0D 
2013/07/22 15:50:29:531 [003832] TRACE [Prb.cpp, 943] - RadioBoardPacket(ACK):01 00 0C 8B 06 70 00 01 00 83 46 0D 
2013/07/22 15:50:29:532 [006524] DEBUG [Prb.cpp, 512] - Read FPGA completed, Address=0x301A, Data=0x00
2013/07/22 15:50:29:532 [006524] TRACE [Prb.cpp, 493] - Reading FPGA, Address=0x3070
2013/07/22 15:50:29:533 [006524] TRACE [Prb.cpp, 1035] - ReadFPGAPacket(0x3070):01 00 0C 71 82 00 02 30 70 E9 4F 0D 
2013/07/22 15:50:29:533 [003832] TRACE [Prb.cpp, 835] - RxStream contents:01 00 0C 8C 06 71 00 01 FF 7D 41 0D 
2013/07/22 15:50:29:534 [003832] TRACE [Prb.cpp, 943] - RadioBoardPacket(ACK):01 00 0C 8C 06 71 00 01 FF 7D 41 0D 
2013/07/22 15:50:29:535 [006524] DEBUG [Prb.cpp, 512] - Read FPGA completed, Address=0x3070, Data=0xFF
2013/07/22 15:50:29:535 [006524] DEBUG [ComSysDiagnostics.cpp, 31] - FPGA RSSI/AFC [Linking(valid frame)] linkedRSSI:60 linkedAFC:0 AFC:255
2013/07/22 15:50:29:541 [006524] TRACE [Prb.cpp, 584] - Reading CC1020, Address=0x0004
2013/07/22 15:50:29:541 [006524] TRACE [Prb.cpp, 1035] - ReadCC1020Packet(0x04):01 00 0C 72 84 00 02 00 04 C1 67 0D 
2013/07/22 15:50:29:555 [003832] TRACE [Prb.cpp, 943] - RadioBoardPacket(ACK):01 00 0C 8E 06 72 00 01 35 33 FE 0D 
2013/07/22 15:50:29:556 [006524] DEBUG [Prb.cpp, 603] - Read CC1020 completed, Address=0x0004, Data=0x35
2013/07/22 15:50:29:557 [006524] TRACE [Prb.cpp, 584] - Reading CC1020, Address=0x0005
2013/07/22 15:50:29:557 [006524] TRACE [Prb.cpp, 1035] - ReadCC1020Packet(0x05):01 00 0C 73 84 00 02 00 05 B9 61 0D 
2013/07/22 15:50:29:571 [003832] TRACE [Prb.cpp, 835] - RxStream contents:01 00 0C 90 06 73 00 01 EF 75 3C 0D 
2013/07/22 15:50:29:572 [003832] TRACE [Prb.cpp, 943] - RadioBoardPacket(ACK):01 00 0C 90 06 73 00 01 EF 75 3C 0D 
2013/07/22 15:50:29:572 [006524] DEBUG [Prb.cpp, 603] - Read CC1020 completed, Address=0x0005, Data=0xEF
2013/07/22 15:50:29:573 [006524] TRACE [Prb.cpp, 584] - Reading CC1020, Address=0x0006
2013/07/22 15:50:29:574 [006524] TRACE [Prb.cpp, 1035] - ReadCC1020Packet(0x06):01 00 0C 74 84 00 02 00 06 D1 6D 0D 
2013/07/22 15:50:29:587 [003832] TRACE [Prb.cpp, 835] - RxStream contents:01 00 0C 92 06 74 00 01 B3 E8 F4 0D 
2013/07/22 15:50:29:587 [003832] TRACE [Prb.cpp, 943] - RadioBoardPacket(ACK):01 00 0C 92 06 74 00 01 B3 E8 F4 0D 
2013/07/22 15:50:29:588 [006524] DEBUG [Prb.cpp, 603] - Read CC1020 completed, Address=0x0006, Data=0xB3
2013/07/22 15:50:29:588 [006524] TRACE [Prb.cpp, 584] - Reading CC1020, Address=0x0008
2013/07/22 15:50:29:589 [006524] TRACE [Prb.cpp, 1035] - ReadCC1020Packet(0x08):01 00 0C 75 84 00 02 00 08 A9 49 0D 
2013/07/22 15:50:29:602 [003832] TRACE [Prb.cpp, 943] - RadioBoardPacket(ACK):01 00 0C 94 06 75 00 01 35 6F E5 0D 
2013/07/22 15:50:29:603 [006524] DEBUG [Prb.cpp, 603] - Read CC1020 completed, Address=0x0008, Data=0x35
2013/07/22 15:50:29:604 [006524] TRACE [Prb.cpp, 584] - Reading CC1020, Address=0x0009
2013/07/22 15:50:29:605 [006524] TRACE [Prb.cpp, 1035] - ReadCC1020Packet(0x09):01 00 0C 76 84 00 02 00 09 A1 4C 0D 
2013/07/22 15:50:29:618 [003832] TRACE [Prb.cpp, 835] - RxStream contents:01 00 0C 96 06 76 00 01 FA 21 44 0D 
2013/07/22 15:50:29:619 [003832] TRACE [Prb.cpp, 943] - RadioBoardPacket(ACK):01 00 0C 96 06 76 00 01 FA 21 44 0D 
2013/07/22 15:50:29:619 [006524] DEBUG [Prb.cpp, 603] - Read CC1020 completed, Address=0x0009, Data=0xFA
2013/07/22 15:50:29:620 [006524] TRACE [Prb.cpp, 584] - Reading CC1020, Address=0x000A
2013/07/22 15:50:29:620 [006524] TRACE [Prb.cpp, 1035] - ReadCC1020Packet(0x0A):01 00 0C 77 84 00 02 00 0A 59 45 0D 
2013/07/22 15:50:29:634 [003832] TRACE [Prb.cpp, 835] - RxStream contents:01 00 0C 98 06 77 00 01 5D E6 9A 0D 
2013/07/22 15:50:29:634 [003832] TRACE [Prb.cpp, 943] - RadioBoardPacket(ACK):01 00 0C 98 06 77 00 01 5D E6 9A 0D 
2013/07/22 15:50:29:635 [006524] DEBUG [Prb.cpp, 603] - Read CC1020 completed, Address=0x000A, Data=0x5D
2013/07/22 15:50:29:635 [006524] TRACE [Prb.cpp, 584] - Reading CC1020, Address=0x000F
2013/07/22 15:50:29:636 [006524] TRACE [Prb.cpp, 1035] - ReadCC1020Packet(0x0F):01 00 0C 78 84 00 02 00 0F 71 54 0D 
2013/07/22 15:50:29:649 [003832] TRACE [Prb.cpp, 943] - RadioBoardPacket(ACK):01 00 0C 9A 06 78 00 01 DF 59 95 0D 
2013/07/22 15:50:29:650 [006524] DEBUG [Prb.cpp, 603] - Read CC1020 completed, Address=0x000F, Data=0xDF
2013/07/22 15:50:29:651 [006524] TRACE [Prb.cpp, 584] - Reading CC1020, Address=0x0010
2013/07/22 15:50:29:651 [006524] TRACE [Prb.cpp, 1035] - ReadCC1020Packet(0x10):01 00 0C 79 84 00 02 00 10 09 16 0D 
2013/07/22 15:50:29:665 [003832] TRACE [Prb.cpp, 835] - RxStream contents:01 00 0C 9C 06 79 00 01 22 DF 9E 0D 
2013/07/22 15:50:29:666 [003832] TRACE [Prb.cpp, 943] - RadioBoardPacket(ACK):01 00 0C 9C 06 79 00 01 22 DF 9E 0D 
2013/07/22 15:50:29:666 [006524] DEBUG [Prb.cpp, 603] - Read CC1020 completed, Address=0x0010, Data=0x22
2013/07/22 15:50:29:667 [006524] TRACE [Prb.cpp, 584] - Reading CC1020, Address=0x0013
2013/07/22 15:50:29:668 [006524] TRACE [Prb.cpp, 1035] - ReadCC1020Packet(0x13):01 00 0C 7A 84 00 02 00 13 81 1C 0D 
2013/07/22 15:50:29:681 [003832] TRACE [Prb.cpp, 943] - RadioBoardPacket(ACK):01 00 0C 9E 06 7A 00 01 2F 13 B0 0D 
2013/07/22 15:50:29:681 [006524] DEBUG [Prb.cpp, 603] - Read CC1020 completed, Address=0x0013, Data=0x2F
2013/07/22 15:50:29:682 [006524] TRACE [Prb.cpp, 584] - Reading CC1020, Address=0x0014
2013/07/22 15:50:29:683 [006524] TRACE [Prb.cpp, 1035] - ReadCC1020Packet(0x14):01 00 0C 7B 84 00 02 00 14 F9 0E 0D 
2013/07/22 15:50:29:696 [003832] TRACE [Prb.cpp, 835] - RxStream contents:01 00 0C A0 06 7B 00 01 2F 57 8C 0D 
2013/07/22 15:50:29:697 [003832] TRACE [Prb.cpp, 943] - RadioBoardPacket(ACK):01 00 0C A0 06 7B 00 01 2F 57 8C 0D 
2013/07/22 15:50:29:698 [006524] DEBUG [Prb.cpp, 603] - Read CC1020 completed, Address=0x0014, Data=0x2F
2013/07/22 15:50:29:698 [006524] TRACE [Prb.cpp, 584] - Reading CC1020, Address=0x0043
2013/07/22 15:50:29:699 [006524] TRACE [Prb.cpp, 1035] - ReadCC1020Packet(0x43):01 00 0C 7C 84 00 02 00 43 10 F9 0D 
2013/07/22 15:50:29:712 [003832] TRACE [Prb.cpp, 943] - RadioBoardPacket(ACK):01 00 0C A2 06 7C 00 01 00 4B 6D 0D 
2013/07/22 15:50:29:713 [006524] DEBUG [Prb.cpp, 603] - Read CC1020 completed, Address=0x0043, Data=0x00
2013/07/22 15:50:29:713 [006524] DEBUG [ComSysDiagnostics.cpp, 63] - CC1020 [Link complete] FREQ_2A: 0x35 FREQ_1A: 0xef FREQ_0A: 0xb3
2013/07/22 15:50:29:714 [006524] DEBUG [ComSysDiagnostics.cpp, 67] - CC1020 [Link complete] FREQ_2B: 0x35 FREQ_1B: 0xfa FREQ_0B: 0x5d
2013/07/22 15:50:29:715 [006524] DEBUG [ComSysDiagnostics.cpp, 72] - CC1020 [Link complete] AFC_CONTROL: 0xdf FILTER: 0x22 VGA3: 0x2f VGA4: 0x2f AFC: 0x00
2013/07/22 15:50:29:715 [006524] TRACE [Prb.cpp, 493] - Reading FPGA, Address=0x3018
2013/07/22 15:50:29:716 [006524] TRACE [Prb.cpp, 1035] - ReadFPGAPacket(0x3018):01 00 0C 7D 82 00 02 30 18 C8 33 0D 
2013/07/22 15:50:29:716 [003832] TRACE [Prb.cpp, 835] - RxStream contents:01 00 0C A4 06 7D 00 01 3C 4F E3 0D 
2013/07/22 15:50:29:717 [003832] TRACE [Prb.cpp, 943] - RadioBoardPacket(ACK):01 00 0C A4 06 7D 00 01 3C 4F E3 0D 
2013/07/22 15:50:29:718 [006524] DEBUG [Prb.cpp, 512] - Read FPGA completed, Address=0x3018, Data=0x3C
2013/07/22 15:50:29:718 [006524] TRACE [Prb.cpp, 493] - Reading FPGA, Address=0x301A
2013/07/22 15:50:29:719 [006524] TRACE [Prb.cpp, 1035] - ReadFPGAPacket(0x301A):01 00 0C 7E 82 00 02 30 1A C0 3C 0D 
2013/07/22 15:50:29:719 [003832] TRACE [Prb.cpp, 835] - RxStream contents:01 00 0C A5 06 7E 00 01 00 8B 68 0D 
2013/07/22 15:50:29:720 [003832] TRACE [Prb.cpp, 943] - RadioBoardPacket(ACK):01 00 0C A5 06 7E 00 01 00 8B 68 0D 
2013/07/22 15:50:29:721 [006524] DEBUG [Prb.cpp, 512] - Read FPGA completed, Address=0x301A, Data=0x00
2013/07/22 15:50:29:721 [006524] TRACE [Prb.cpp, 493] - Reading FPGA, Address=0x3070
2013/07/22 15:50:29:722 [006524] TRACE [Prb.cpp, 1035] - ReadFPGAPacket(0x3070):01 00 0C 7F 82 00 02 30 70 39 43 0D 
2013/07/22 15:50:29:722 [003832] TRACE [Prb.cpp, 835] - RxStream contents:01 00 0C A6 06 7F 00 01 00 97 6B 0D 
2013/07/22 15:50:29:723 [003832] TRACE [Prb.cpp, 943] - RadioBoardPacket(ACK):01 00 0C A6 06 7F 00 01 00 97 6B 0D 
2013/07/22 15:50:29:724 [006524] DEBUG [Prb.cpp, 512] - Read FPGA completed, Address=0x3070, Data=0x00
2013/07/22 15:50:29:724 [006524] DEBUG [ComSysDiagnostics.cpp, 31] - FPGA RSSI/AFC [Link complete] linkedRSSI:60 linkedAFC:0 AFC:0
2013/07/22 15:50:29:725 [006524] INFO [ComSysDiagnostics.cpp, 79] - Status Counters [Link complete] FrameErrorsInLastSecond:1 EcgErrorsInLastSecond:0 MarkerOrImplantIdErrorsInLastSecond:0 TotalFrameErrors:1 TotalEcgErrors:0 TotalMarkerOrImplantIdErrors:0 TotalSentCommands:0 TotalGoodResponses:0 TotalBadResponses:0 TotalResponseTimeouts:0
2013/07/22 15:50:29:726 [006524] TRACE [Prb.cpp, 493] - Reading FPGA, Address=0x301C
2013/07/22 15:50:29:727 [006524] TRACE [Prb.cpp, 1035] - ReadFPGAPacket(0x301C):01 00 0C 80 82 00 02 30 1C 10 DB 0D 
2013/07/22 15:50:29:727 [003832] TRACE [Prb.cpp, 835] - RxStream contents:01 00 0C A7 06 80 00 01 01 E3 45 0D 
2013/07/22 15:50:29:728 [003832] TRACE [Prb.cpp, 943] - RadioBoardPacket(ACK):01 00 0C A7 06 80 00 01 01 E3 45 0D 
2013/07/22 15:50:29:729 [006524] DEBUG [Prb.cpp, 512] - Read FPGA completed, Address=0x301C, Data=0x01
2013/07/22 15:50:29:729 [006524] DEBUG [ComSysDiagnostics.cpp, 89] - FPGA Frame Error Counter [Link complete]:1
2013/07/22 15:50:29:730 [006524] INFO [CrossTalkDetector.cpp, 68] - CrossTalkDetector state changing from LinkingState to LinkedState
2013/07/22 15:50:29:731 [006524] INFO [CommunicationSystemStates.cpp, 221] - Link complete.
2013/07/22 15:50:29:741 [006532] INFO 0x801C0094 [CommunicationSystemStateMachine.cpp, 237] - Command: 0x82. Retries: 3. Timeout: 78 ms.
2013/07/22 15:50:29:745 [006532] INFO 0x801C0094 [CommunicationSystemStateMachine.cpp, 252] - Send Command:82 04 F5 6C 17 08 
2013/07/22 15:50:29:745 [006532] TRACE 0x801C0094 [Prb.cpp, 493] - Reading FPGA, Address=0x3018
2013/07/22 15:50:29:746 [006532] TRACE 0x801C0094 [Prb.cpp, 1035] - ReadFPGAPacket(0x3018):01 00 0C 81 82 00 02 30 18 68 C3 0D 
2013/07/22 15:50:29:746 [003832] TRACE 0x801C0094 [Prb.cpp, 835] - RxStream contents:01 00 0C AA 06 81 00 01 3C AF C7 0D 
2013/07/22 15:50:29:747 [003832] TRACE 0x801C0094 [Prb.cpp, 943] - RadioBoardPacket(ACK):01 00 0C AA 06 81 00 01 3C AF C7 0D 
2013/07/22 15:50:29:748 [006532] DEBUG 0x801C0094 [Prb.cpp, 512] - Read FPGA completed, Address=0x3018, Data=0x3C
2013/07/22 15:50:29:749 [006532] TRACE 0x801C0094 [Prb.cpp, 493] - Reading FPGA, Address=0x301A
2013/07/22 15:50:29:749 [006532] TRACE 0x801C0094 [Prb.cpp, 1035] - ReadFPGAPacket(0x301A):01 00 0C 82 82 00 02 30 1A 60 CC 0D 
2013/07/22 15:50:29:749 [003832] TRACE 0x801C0094 [Prb.cpp, 835] - RxStream contents:01 00 0C AB 06 82 00 01 01 EB 49 0D 
2013/07/22 15:50:29:750 [003832] TRACE 0x801C0094 [Prb.cpp, 943] - RadioBoardPacket(ACK):01 00 0C AB 06 82 00 01 01 EB 49 0D 
2013/07/22 15:50:29:751 [006532] DEBUG 0x801C0094 [Prb.cpp, 512] - Read FPGA completed, Address=0x301A, Data=0x01
2013/07/22 15:50:29:752 [006532] TRACE 0x801C0094 [Prb.cpp, 493] - Reading FPGA, Address=0x3070
2013/07/22 15:50:29:752 [006532] TRACE 0x801C0094 [Prb.cpp, 1035] - ReadFPGAPacket(0x3070):01 00 0C 83 82 00 02 30 70 99 B3 0D 
2013/07/22 15:50:29:752 [003832] TRACE 0x801C0094 [Prb.cpp, 835] - RxStream contents:01 00 0C AC 06 83 00 01 00 97 49 0D 
2013/07/22 15:50:29:753 [003832] TRACE 0x801C0094 [Prb.cpp, 943] - RadioBoardPacket(ACK):01 00 0C AC 06 83 00 01 00 97 49 0D 
2013/07/22 15:50:29:754 [006532] DEBUG 0x801C0094 [Prb.cpp, 512] - Read FPGA completed, Address=0x3070, Data=0x00
2013/07/22 15:50:29:754 [006532] DEBUG 0x801C0094 [ComSysDiagnostics.cpp, 31] - FPGA RSSI/AFC [Send Command] linkedRSSI:60 linkedAFC:1 AFC:0
2013/07/22 15:50:29:755 [006532] TRACE 0x801C0094 [Prb.cpp, 383] - Send Command, Command=0x82
2013/07/22 15:50:29:756 [006532] TRACE 0x801C0094 [Prb.cpp, 1035] - WriteTransmitterPacket():01 00 10 84 87 00 06 82 04 F5 6C 17 08 7B B9 0D 
2013/07/22 15:50:29:756 [003832] TRACE 0x801C0094 [Prb.cpp, 835] - RxStream contents:01 00 0B AD 06 84 00 00 0B 02 0D 
2013/07/22 15:50:29:757 [003832] TRACE 0x801C0094 [Prb.cpp, 943] - RadioBoardPacket(ACK):01 00 0B AD 06 84 00 00 0B 02 0D 
2013/07/22 15:50:29:757 [006532] DEBUG 0x801C0094 [Prb.cpp, 402] - Send Command completed, Command=0x82
2013/07/22 15:50:29:804 [006524] INFO 0x801C0094 [CommunicationSystemStateMachine.cpp, 773] - Command Completed:82 B0 E6 9C A3 FE FF 98 
2013/07/22 15:50:29:805 [006524] DEBUG 0x801C0094 [CommunicationSystemStateMachine.cpp, 330] - ... after 15 frames.
2013/07/22 15:50:29:818 [006532] INFO 0x801C0094 [CommunicationSystemStateMachine.cpp, 237] - Command: 0x60. Retries: 3. Timeout: 500 ms.
2013/07/22 15:50:29:818 [006532] INFO 0x801C0094 [CommunicationSystemStateMachine.cpp, 252] - Send Command:70 04 00 1E C0 
2013/07/22 15:50:29:819 [006532] TRACE 0x801C0094 [Prb.cpp, 493] - Reading FPGA, Address=0x3018
2013/07/22 15:50:29:820 [006532] TRACE 0x801C0094 [Prb.cpp, 1035] - ReadFPGAPacket(0x3018):01 00 0C 85 82 00 02 30 18 88 C5 0D 
2013/07/22 15:50:29:820 [003832] TRACE 0x801C0094 [Prb.cpp, 835] - RxStream contents:01 00 0C B2 06 85 00 01 3C BF DF 0D 
2013/07/22 15:50:29:821 [003832] TRACE 0x801C0094 [Prb.cpp, 943] - RadioBoardPacket(ACK):01 00 0C B2 06 85 00 01 3C BF DF 0D 
2013/07/22 15:50:29:822 [006532] DEBUG 0x801C0094 [Prb.cpp, 512] - Read FPGA completed, Address=0x3018, Data=0x3C
2013/07/22 15:50:29:822 [006532] TRACE 0x801C0094 [Prb.cpp, 493] - Reading FPGA, Address=0x301A
2013/07/22 15:50:29:823 [006532] TRACE 0x801C0094 [Prb.cpp, 1035] - ReadFPGAPacket(0x301A):01 00 0C 86 82 00 02 30 1A 80 CA 0D 
2013/07/22 15:50:29:823 [003832] TRACE 0x801C0094 [Prb.cpp, 835] - RxStream contents:01 00 0C B4 06 86 00 01 01 93 57 0D 
2013/07/22 15:50:29:824 [003832] TRACE 0x801C0094 [Prb.cpp, 943] - RadioBoardPacket(ACK):01 00 0C B4 06 86 00 01 01 93 57 0D 
2013/07/22 15:50:29:825 [006532] DEBUG 0x801C0094 [Prb.cpp, 512] - Read FPGA completed, Address=0x301A, Data=0x01
2013/07/22 15:50:29:825 [006532] TRACE 0x801C0094 [Prb.cpp, 493] - Reading FPGA, Address=0x3070
2013/07/22 15:50:29:826 [006532] TRACE 0x801C0094 [Prb.cpp, 1035] - ReadFPGAPacket(0x3070):01 00 0C 87 82 00 02 30 70 79 B5 0D 
2013/07/22 15:50:29:826 [003832] TRACE 0x801C0094 [Prb.cpp, 835] - RxStream contents:01 00 0C B5 06 87 00 01 00 7F 52 0D 
2013/07/22 15:50:29:827 [003832] TRACE 0x801C0094 [Prb.cpp, 943] - RadioBoardPacket(ACK):01 00 0C B5 06 87 00 01 00 7F 52 0D 
2013/07/22 15:50:29:827 [006532] DEBUG 0x801C0094 [Prb.cpp, 512] - Read FPGA completed, Address=0x3070, Data=0x00
2013/07/22 15:50:29:828 [006532] DEBUG 0x801C0094 [ComSysDiagnostics.cpp, 31] - FPGA RSSI/AFC [Send Command] linkedRSSI:60 linkedAFC:1 AFC:0
2013/07/22 15:50:29:828 [006532] TRACE 0x801C0094 [Prb.cpp, 383] - Send Command, Command=0x70
2013/07/22 15:50:29:829 [006532] TRACE 0x801C0094 [Prb.cpp, 1035] - WriteTransmitterPacket():01 00 0F 88 87 00 05 70 04 00 1E C0 48 ED 0D 
2013/07/22 15:50:29:829 [003832] TRACE 0x801C0094 [Prb.cpp, 835] - RxStream contents:01 00 0B B6 06 88 00 00 0F 3A 0D 
2013/07/22 15:50:29:830 [003832] TRACE 0x801C0094 [Prb.cpp, 943] - RadioBoardPacket(ACK):01 00 0B B6 06 88 00 00 0F 3A 0D 
2013/07/22 15:50:29:831 [006532] DEBUG 0x801C0094 [Prb.cpp, 402] - Send Command completed, Command=0x70
2013/07/22 15:50:29:841 [006524] INFO 0x801C0094 [CommunicationSystem.cpp, 360] - Marker:9D 00 40 7A 92 
2013/07/22 15:50:29:857 [006524] INFO 0x801C0094 [CommunicationSystemStateMachine.cpp, 773] - Command Completed:70 82 80 1C 00 94 3E 73 
2013/07/22 15:50:29:857 [006524] DEBUG 0x801C0094 [CommunicationSystemStateMachine.cpp, 330] - ... after 2 frames.
2013/07/22 15:50:29:983 [006524] INFO 0x801C0094 [CommunicationSystem.cpp, 360] - Marker:95 76 80 85 26 
2013/07/22 15:50:30:014 [006524] INFO 0x801C0094 [CommunicationSystem.cpp, 360] - Marker:8C 80 F3 85 6B 
2013/07/22 15:50:30:749 [006524] INFO 0x801C0094 [CommunicationSystem.cpp, 360] - Marker:9D 00 40 EE 77 
2013/07/22 15:50:31:419 [006524] INFO 0x801C0094 [CommunicationSystem.cpp, 360] - Marker:95 77 80 44 04 
2013/07/22 15:50:31:454 [006524] INFO 0x801C0094 [CommunicationSystem.cpp, 360] - Marker:8C 80 F3 44 22 
2013/07/22 15:50:31:734 [006524] INFO 0x801C0094 [CommunicationSystem.cpp, 360] - Marker:9D 00 40 6E FE 
2013/07/22 15:50:32:734 [006524] INFO 0x801C0094 [CommunicationSystem.cpp, 360] - Marker:9D 00 40 EE 77 
2013/07/22 15:50:33:409 [006524] INFO 0x801C0094 [CommunicationSystem.cpp, 360] - Marker:87 00 40 44 D3 
2013/07/22 15:50:33:740 [006524] INFO 0x801C0094 [CommunicationSystem.cpp, 360] - Marker:9D 00 40 6E FE 
2013/07/22 15:50:34:740 [006524] INFO 0x801C0094 [CommunicationSystem.cpp, 360] - Marker:9D 00 40 EE 77 
2013/07/22 15:50:35:415 [006524] INFO 0x801C0094 [CommunicationSystem.cpp, 360] - Marker:87 00 40 44 D3 
2013/07/22 15:50:35:740 [006524] INFO 0x801C0094 [CommunicationSystem.cpp, 360] - Marker:9D 00 40 6E FE 
2013/07/22 15:50:36:188 [006532] INFO 0x801C0094 [CommunicationSystemStateMachine.cpp, 237] - Command: 0xe4. Retries: 3. Timeout: 500 ms.
2013/07/22 15:50:36:189 [006532] INFO 0x801C0094 [CommunicationSystemStateMachine.cpp, 252] - Send Command:E4 02 58 
2013/07/22 15:50:36:190 [006532] TRACE 0x801C0094 [Prb.cpp, 493] - Reading FPGA, Address=0x3018
2013/07/22 15:50:36:190 [006532] TRACE 0x801C0094 [Prb.cpp, 1035] - ReadFPGAPacket(0x3018):01 00 0C 89 82 00 02 30 18 28 CA 0D 
2013/07/22 15:50:36:190 [003832] TRACE 0x801C0094 [Prb.cpp, 835] - RxStream contents:01 00 0C 4D 06 89 00 01 3C 67 2F 0D 
2013/07/22 15:50:36:191 [003832] TRACE 0x801C0094 [Prb.cpp, 943] - RadioBoardPacket(ACK):01 00 0C 4D 06 89 00 01 3C 67 2F 0D 
2013/07/22 15:50:36:192 [006532] DEBUG 0x801C0094 [Prb.cpp, 512] - Read FPGA completed, Address=0x3018, Data=0x3C
2013/07/22 15:50:36:192 [006532] TRACE 0x801C0094 [Prb.cpp, 493] - Reading FPGA, Address=0x301A
2013/07/22 15:50:36:193 [006532] TRACE 0x801C0094 [Prb.cpp, 1035] - ReadFPGAPacket(0x301A):01 00 0C 8A 82 00 02 30 1A 20 C5 0D 
2013/07/22 15:50:36:193 [003832] TRACE 0x801C0094 [Prb.cpp, 835] - RxStream contents:01 00 0C 4F 06 8A 00 01 FF 29 A6 0D 
2013/07/22 15:50:36:194 [003832] TRACE 0x801C0094 [Prb.cpp, 943] - RadioBoardPacket(ACK):01 00 0C 4F 06 8A 00 01 FF 29 A6 0D 
2013/07/22 15:50:36:195 [006532] DEBUG 0x801C0094 [Prb.cpp, 512] - Read FPGA completed, Address=0x301A, Data=0xFF
2013/07/22 15:50:36:195 [006532] TRACE 0x801C0094 [Prb.cpp, 493] - Reading FPGA, Address=0x3070
2013/07/22 15:50:36:196 [006532] TRACE 0x801C0094 [Prb.cpp, 1035] - ReadFPGAPacket(0x3070):01 00 0C 8B 82 00 02 30 70 D9 BA 0D 
2013/07/22 15:50:36:196 [003832] TRACE 0x801C0094 [Prb.cpp, 835] - RxStream contents:01 00 0C 50 06 8B 00 01 00 17 BA 0D 
2013/07/22 15:50:36:197 [003832] TRACE 0x801C0094 [Prb.cpp, 943] - RadioBoardPacket(ACK):01 00 0C 50 06 8B 00 01 00 17 BA 0D 
2013/07/22 15:50:36:197 [006532] DEBUG 0x801C0094 [Prb.cpp, 512] - Read FPGA completed, Address=0x3070, Data=0x00
2013/07/22 15:50:36:198 [006532] DEBUG 0x801C0094 [ComSysDiagnostics.cpp, 31] - FPGA RSSI/AFC [Send Command] linkedRSSI:60 linkedAFC:255 AFC:0
2013/07/22 15:50:36:198 [006532] TRACE 0x801C0094 [Prb.cpp, 383] - Send Command, Command=0xe4
2013/07/22 15:50:36:199 [006532] TRACE 0x801C0094 [Prb.cpp, 1035] - WriteTransmitterPacket():01 00 0D 8C 87 00 03 E4 02 58 00 60 0D 
2013/07/22 15:50:36:199 [003832] TRACE 0x801C0094 [Prb.cpp, 835] - RxStream contents:01 00 0B 51 06 8C 00 00 A3 01 0D 
2013/07/22 15:50:36:200 [003832] TRACE 0x801C0094 [Prb.cpp, 943] - RadioBoardPacket(ACK):01 00 0B 51 06 8C 00 00 A3 01 0D 
2013/07/22 15:50:36:201 [006532] DEBUG 0x801C0094 [Prb.cpp, 402] - Send Command completed, Command=0xe4
2013/07/22 15:50:36:351 [006524] INFO 0x801C0094 [ComSysDiagnostics.cpp, 79] - Status Counters [Link lost] FrameErrorsInLastSecond:8 EcgErrorsInLastSecond:0 MarkerOrImplantIdErrorsInLastSecond:0 TotalFrameErrors:9 TotalEcgErrors:0 TotalMarkerOrImplantIdErrors:0 TotalSentCommands:3 TotalGoodResponses:2 TotalBadResponses:0 TotalResponseTimeouts:0
2013/07/22 15:50:36:352 [006524] TRACE 0x801C0094 [Prb.cpp, 493] - Reading FPGA, Address=0x301C
2013/07/22 15:50:36:352 [006524] TRACE 0x801C0094 [Prb.cpp, 1035] - ReadFPGAPacket(0x301C):01 00 0C 8D 82 00 02 30 1C 48 D7 0D 
2013/07/22 15:50:36:352 [003832] TRACE 0x801C0094 [Prb.cpp, 835] - RxStream contents:01 00 0C 5C 06 8D 00 01 0A CF 89 0D 
2013/07/22 15:50:36:354 [003832] TRACE 0x801C0094 [Prb.cpp, 943] - RadioBoardPacket(ACK):01 00 0C 5C 06 8D 00 01 0A CF 89 0D 
2013/07/22 15:50:36:354 [006524] DEBUG 0x801C0094 [Prb.cpp, 512] - Read FPGA completed, Address=0x301C, Data=0x0A
2013/07/22 15:50:36:355 [006524] DEBUG 0x801C0094 [ComSysDiagnostics.cpp, 89] - FPGA Frame Error Counter [Link lost]:10
2013/07/22 15:50:36:355 [006524] INFO 0x801C0094 [CommunicationSystemStateMachine.cpp, 769] - Command Completed
2013/07/22 15:50:36:356 [006524] DEBUG 0x801C0094 [CommunicationSystemStateMachine.cpp, 330] - ... after 10 frames.
2013/07/22 15:50:36:357 [006524] TRACE 0x801C0094 [Prb.cpp, 448] - Writing FPGA, Address=0x1008, Data=0x08
2013/07/22 15:50:36:358 [006524] TRACE 0x801C0094 [Prb.cpp, 1035] - WriteFPGAPacket(0x1008, 0x08):01 00 0D 8E 81 00 03 10 08 08 A3 35 0D 
2013/07/22 15:50:36:358 [003832] TRACE 0x801C0094 [Prb.cpp, 835] - RxStream contents:01 00 0B 5D 06 8E 00 00 21 0A 0D 
2013/07/22 15:50:36:359 [003832] TRACE 0x801C0094 [Prb.cpp, 943] - RadioBoardPacket(ACK):01 00 0B 5D 06 8E 00 00 21 0A 0D 
2013/07/22 15:50:36:359 [006524] DEBUG 0x801C0094 [Prb.cpp, 466] - Write FPGA completed, Address=0x1008, Data=0x08
2013/07/22 15:50:36:376 [006524] TRACE 0x801C0094 [Prb.cpp, 493] - Reading FPGA, Address=0x300A
2013/07/22 15:50:36:377 [006524] TRACE 0x801C0094 [Prb.cpp, 1035] - ReadFPGAPacket(0x300A):01 00 0C 8F 82 00 02 30 0A B8 A3 0D 
2013/07/22 15:50:36:377 [003832] TRACE 0x801C0094 [Prb.cpp, 835] - RxStream contents:01 00 0C 5E 06 8F 00 01 00 17 B5 0D 
2013/07/22 15:50:36:378 [003832] TRACE 0x801C0094 [Prb.cpp, 943] - RadioBoardPacket(ACK):01 00 0C 5E 06 8F 00 01 00 17 B5 0D 
2013/07/22 15:50:36:378 [006524] DEBUG 0x801C0094 [Prb.cpp, 512] - Read FPGA completed, Address=0x300A, Data=0x00
2013/07/22 15:50:36:379 [006524] TRACE 0x801C0094 [Prb.cpp, 448] - Writing FPGA, Address=0x300A, Data=0x03
2013/07/22 15:50:36:380 [006524] TRACE 0x801C0094 [Prb.cpp, 1035] - WriteFPGAPacket(0x300A, 0x03):01 00 0D 90 81 00 03 30 0A 03 32 6C 0D 
2013/07/22 15:50:36:380 [003832] TRACE 0x801C0094 [Prb.cpp, 835] - RxStream contents:01 00 0B 5F 06 90 00 00 A0 61 0D 
2013/07/22 15:50:36:381 [003832] TRACE 0x801C0094 [Prb.cpp, 943] - RadioBoardPacket(ACK):01 00 0B 5F 06 90 00 00 A0 61 0D 
2013/07/22 15:50:36:382 [006524] DEBUG 0x801C0094 [Prb.cpp, 466] - Write FPGA completed, Address=0x300A, Data=0x03
2013/07/22 15:50:36:520 [003764] INFO [NCommunicationSystem.cpp, 747] - Disposing: 1
2013/07/22 15:50:36:522 [003764] INFO [CrossAppDomainEventMarshaller.cpp, 44] - Disposing: 1
2013/07/22 15:50:36:523 [003764] INFO [CrossAppDomainEventMarshaller.cpp, 155] - abortGetNextEvent called
2013/07/22 15:50:36:524 [003764] INFO [CrossAppDomainEventMarshaller.cpp, 48] - Waiting for CrossDomainEventTranslator::m_pHandleEventsThread to stop
2013/07/22 15:50:36:524 [004680] INFO [CrossAppDomainEventMarshaller.cpp, 80] - handleEventsThread exiting (thread aborted)
2013/07/22 15:50:36:526 [003764] INFO [CrossAppDomainEventMarshaller.cpp, 54] - CrossDomainEventTranslator::m_pHandleEventsThread stopped
2013/07/22 15:50:36:528 [003764] INFO [CrossAppDomainEventMarshaller.cpp, 110] - EventHandler dtor
2013/07/22 15:50:36:528 [003764] INFO [CrossAppDomainEventMarshaller.cpp, 60] - Disposed.
2013/07/22 15:50:36:529 [003832] DEBUG [Prb.cpp, 867] - Prb receive thread terminated.
2013/07/22 15:50:36:532 [006524] INFO [ExceptionCatchingThread.cpp, 170] - Exited the interrupt thread procedure with return value 0.
2013/07/22 15:50:36:631 [006532] INFO [ExceptionCatchingThread.cpp, 170] - Exited the dispatch thread procedure with return value 0.
2013/07/22 15:50:36:633 [005424] INFO [ExceptionCatchingThread.cpp, 170] - Exited the timer thread procedure with return value 0.
2013/07/22 15:50:36:734 [003764] INFO [NCommunicationSystem.cpp, 779] - Disposed.
<<<<< Log Footer: 07/22/2013 15:50:36 >>>>>
