<<<<< Log Header: 07/17/2013 22:14:41 >>>>>
2013/07/17 22:14:41:015 [006572] INFO [NCommunicationSystem.cpp, 108] - nCommunicationSystem, Version=1.8.2.1, Culture=neutral, PublicKeyToken=56b5378c99c0bcfd
2013/07/17 22:14:41:031 [006572] INFO [ExceptionCatchingThread.cpp, 257] - Created the timer thread with id 4224 (0x1080).
2013/07/17 22:14:41:033 [004224] INFO [ExceptionCatchingThread.cpp, 168] - Executing the timer thread procedure...
2013/07/17 22:14:41:037 [006572] INFO [ExceptionCatchingThread.cpp, 257] - Created the dispatch thread with id 4932 (0x1344).
2013/07/17 22:14:41:037 [004932] INFO [ExceptionCatchingThread.cpp, 168] - Executing the dispatch thread procedure...
2013/07/17 22:14:44:039 [006572] DEBUG [Prb.cpp, 252] - PRB logging started.
2013/07/17 22:14:44:046 [006572] DEBUG [Prb.cpp, 130] - Number of FTDI devices: 1
2013/07/17 22:14:44:047 [006572] DEBUG [Prb.cpp, 158] - FTDI Device[0]: ID=67330069
2013/07/17 22:14:44:049 [006572] DEBUG [Prb.cpp, 169] - FTDI handle=165756200
2013/07/17 22:14:44:049 [006572] INFO [Prb.cpp, 179] - FTDI Driver Version 2.08.24.0
2013/07/17 22:14:44:305 [006572] INFO [Prb.cpp, 205] - FTDI Configuration: MaxCurrent=200, CBus5=21, CBus6=0x4
2013/07/17 22:14:44:556 [006572] INFO [Prb.cpp, 246] - PRB driver initialized.
2013/07/17 22:14:44:556 [006572] TRACE [Prb.cpp, 448] - Writing FPGA, Address=0x1008, Data=0x08
2013/07/17 22:14:44:557 [006572] TRACE [Prb.cpp, 1035] - WriteFPGAPacket(0x1008, 0x08):01 00 0D 00 81 00 03 10 08 08 25 D5 0D 
2013/07/17 22:14:44:557 [004548] TRACE [Prb.cpp, 835] - RxStream contents:01 00 0B EB 06 00 00 00 9E 41 0D 
2013/07/17 22:14:44:558 [004548] TRACE [Prb.cpp, 943] - RadioBoardPacket(ACK):01 00 0B EB 06 00 00 00 9E 41 0D 
2013/07/17 22:14:44:559 [006572] DEBUG [Prb.cpp, 466] - Write FPGA completed, Address=0x1008, Data=0x08
2013/07/17 22:14:44:575 [006572] TRACE [Prb.cpp, 493] - Reading FPGA, Address=0x300A
2013/07/17 22:14:44:575 [006572] TRACE [Prb.cpp, 1035] - ReadFPGAPacket(0x300A):01 00 0C 01 82 00 02 30 0A E8 24 0D 
2013/07/17 22:14:44:576 [004548] TRACE [Prb.cpp, 835] - RxStream contents:01 00 0C EC 06 01 00 01 00 3F 32 0D 
2013/07/17 22:14:44:577 [004548] TRACE [Prb.cpp, 943] - RadioBoardPacket(ACK):01 00 0C EC 06 01 00 01 00 3F 32 0D 
2013/07/17 22:14:44:577 [006572] DEBUG [Prb.cpp, 512] - Read FPGA completed, Address=0x300A, Data=0x00
2013/07/17 22:14:44:578 [006572] TRACE [Prb.cpp, 448] - Writing FPGA, Address=0x300A, Data=0x03
2013/07/17 22:14:44:579 [006572] TRACE [Prb.cpp, 1035] - WriteFPGAPacket(0x300A, 0x03):01 00 0D 02 81 00 03 30 0A 03 29 4F 0D 
2013/07/17 22:14:44:579 [004548] TRACE [Prb.cpp, 835] - RxStream contents:01 00 0B ED 06 02 00 00 1F 7A 0D 
2013/07/17 22:14:44:580 [004548] TRACE [Prb.cpp, 943] - RadioBoardPacket(ACK):01 00 0B ED 06 02 00 00 1F 7A 0D 
2013/07/17 22:14:44:581 [006572] DEBUG [Prb.cpp, 466] - Write FPGA completed, Address=0x300A, Data=0x03
2013/07/17 22:14:44:593 [006572] INFO [CrossTalkDetector.cpp, 14] - EnterCrossTalkThreshold = 8
2013/07/17 22:14:44:595 [006572] INFO [CrossTalkDetector.cpp, 21] - LeaveCrossTalkThreshold = 4
2013/07/17 22:14:44:596 [006572] INFO [CrossTalkDetector.cpp, 28] - LinkThreshold = 8
2013/07/17 22:14:44:597 [006572] INFO [ExceptionCatchingThread.cpp, 257] - Created the interrupt thread with id 6916 (0x1b04).
2013/07/17 22:14:44:598 [006572] DEBUG [Prb.cpp, 252] - PRB logging started.
2013/07/17 22:14:44:597 [006916] INFO [ExceptionCatchingThread.cpp, 168] - Executing the interrupt thread procedure...
2013/07/17 22:14:44:599 [006572] INFO [CommunicationSystem.cpp, 640] - Calibrating the PRB CC1020.
2013/07/17 22:14:44:600 [006572] TRACE [Prb.cpp, 448] - Writing FPGA, Address=0x1008, Data=0x01
2013/07/17 22:14:44:601 [006572] TRACE [Prb.cpp, 1035] - WriteFPGAPacket(0x1008, 0x01):01 00 0D 03 81 00 03 10 08 01 26 D3 0D 
2013/07/17 22:14:44:601 [004548] TRACE [Prb.cpp, 835] - RxStream contents:01 00 0B EE 06 03 00 00 9F E5 0D 
2013/07/17 22:14:44:603 [004548] TRACE [Prb.cpp, 943] - RadioBoardPacket(ACK):01 00 0B EE 06 03 00 00 9F E5 0D 
2013/07/17 22:14:44:603 [006572] DEBUG [Prb.cpp, 466] - Write FPGA completed, Address=0x1008, Data=0x01
2013/07/17 22:14:44:684 [004548] TRACE [Prb.cpp, 835] - RxStream contents:01 00 0D EF 00 00 00 02 09 00 07 F6 0D 
2013/07/17 22:14:44:688 [006916] DEBUG [CommunicationSystem.cpp, 1120] - Calibration complete.
2013/07/17 22:14:44:688 [006572] TRACE [Prb.cpp, 493] - Reading FPGA, Address=0x2012
2013/07/17 22:14:44:689 [006572] TRACE [Prb.cpp, 1035] - ReadFPGAPacket(0x2012):01 00 0C 04 82 00 02 20 12 10 72 0D 
2013/07/17 22:14:44:689 [004548] TRACE [Prb.cpp, 835] - RxStream contents:01 00 0C F0 06 04 00 01 00 5B 2F 0D 
2013/07/17 22:14:44:690 [004548] TRACE [Prb.cpp, 943] - RadioBoardPacket(ACK):01 00 0C F0 06 04 00 01 00 5B 2F 0D 
2013/07/17 22:14:44:691 [006572] DEBUG [Prb.cpp, 512] - Read FPGA completed, Address=0x2012, Data=0x00
2013/07/17 22:14:44:691 [006572] INFO [CommunicationSystem.cpp, 653] - CC1020 Calibration succeeded.
2013/07/17 22:14:44:692 [006572] TRACE [Prb.cpp, 448] - Writing FPGA, Address=0x1006, Data=0x08
2013/07/17 22:14:44:693 [006572] TRACE [Prb.cpp, 1035] - WriteFPGAPacket(0x1006, 0x08):01 00 0D 05 81 00 03 10 06 08 84 86 0D 
2013/07/17 22:14:44:693 [004548] TRACE [Prb.cpp, 835] - RxStream contents:01 00 0B F1 06 05 00 00 1A B6 0D 
2013/07/17 22:14:44:694 [004548] TRACE [Prb.cpp, 943] - RadioBoardPacket(ACK):01 00 0B F1 06 05 00 00 1A B6 0D 
2013/07/17 22:14:44:694 [006572] DEBUG [Prb.cpp, 466] - Write FPGA completed, Address=0x1006, Data=0x08
2013/07/17 22:14:44:695 [006572] TRACE [Prb.cpp, 493] - Reading FPGA, Address=0x3000
2013/07/17 22:14:44:695 [006572] TRACE [Prb.cpp, 1035] - ReadFPGAPacket(0x3000):01 00 0C 06 82 00 02 30 00 80 1E 0D 
2013/07/17 22:14:44:695 [004548] TRACE [Prb.cpp, 835] - RxStream contents:01 00 0C F2 06 06 00 01 07 03 3E 0D 
2013/07/17 22:14:44:696 [004548] TRACE [Prb.cpp, 943] - RadioBoardPacket(ACK):01 00 0C F2 06 06 00 01 07 03 3E 0D 
2013/07/17 22:14:44:697 [006572] DEBUG [Prb.cpp, 512] - Read FPGA completed, Address=0x3000, Data=0x07
2013/07/17 22:14:44:698 [006572] INFO [CommunicationSystem.cpp, 613] - FPGA Revision 7.
2013/07/17 22:14:44:698 [006572] TRACE [Prb.cpp, 584] - Reading CC1020, Address=0x0004
2013/07/17 22:14:44:699 [006572] TRACE [Prb.cpp, 1035] - ReadCC1020Packet(0x04):01 00 0C 07 84 00 02 00 04 59 16 0D 
2013/07/17 22:14:44:699 [004548] TRACE [Prb.cpp, 835] - RxStream contents:01 00 0C F3 06 07 00 01 35 EF 91 0D 
2013/07/17 22:14:44:700 [004548] TRACE [Prb.cpp, 943] - RadioBoardPacket(ACK):01 00 0C F3 06 07 00 01 35 EF 91 0D 
2013/07/17 22:14:44:700 [006572] DEBUG [Prb.cpp, 603] - Read CC1020 completed, Address=0x0004, Data=0x35
2013/07/17 22:14:44:701 [006572] INFO [CommunicationSystem.cpp, 614] - CC1020 Frequency 2A 0x35.
2013/07/17 22:14:44:701 [006572] TRACE [Prb.cpp, 584] - Reading CC1020, Address=0x0005
2013/07/17 22:14:44:702 [006572] TRACE [Prb.cpp, 1035] - ReadCC1020Packet(0x05):01 00 0C 08 84 00 02 00 05 F1 1C 0D 
2013/07/17 22:14:44:702 [004548] TRACE [Prb.cpp, 835] - RxStream contents:01 00 0C F4 06 08 00 01 F0 49 09 0D 
2013/07/17 22:14:44:703 [004548] TRACE [Prb.cpp, 943] - RadioBoardPacket(ACK):01 00 0C F4 06 08 00 01 F0 49 09 0D 
2013/07/17 22:14:44:704 [006572] DEBUG [Prb.cpp, 603] - Read CC1020 completed, Address=0x0005, Data=0xF0
2013/07/17 22:14:44:704 [006572] INFO [CommunicationSystem.cpp, 615] - CC1020 Frequency 1A 0xf0.
2013/07/17 22:14:44:705 [006572] TRACE [Prb.cpp, 584] - Reading CC1020, Address=0x0006
2013/07/17 22:14:44:705 [006572] TRACE [Prb.cpp, 1035] - ReadCC1020Packet(0x06):01 00 0C 09 84 00 02 00 06 09 15 0D 
2013/07/17 22:14:44:705 [004548] TRACE [Prb.cpp, 835] - RxStream contents:01 00 0C F5 06 09 00 01 21 27 EF 0D 
2013/07/17 22:14:44:706 [004548] TRACE [Prb.cpp, 943] - RadioBoardPacket(ACK):01 00 0C F5 06 09 00 01 21 27 EF 0D 
2013/07/17 22:14:44:707 [006572] DEBUG [Prb.cpp, 603] - Read CC1020 completed, Address=0x0006, Data=0x21
2013/07/17 22:14:44:707 [006572] INFO [CommunicationSystem.cpp, 616] - CC1020 Frequency 0A 0x21.
2013/07/17 22:14:44:708 [006572] TRACE [Prb.cpp, 584] - Reading CC1020, Address=0x0008
2013/07/17 22:14:44:709 [006572] TRACE [Prb.cpp, 1035] - ReadCC1020Packet(0x08):01 00 0C 0A 84 00 02 00 08 01 32 0D 
2013/07/17 22:14:44:709 [004548] TRACE [Prb.cpp, 835] - RxStream contents:01 00 0C F6 06 0A 00 01 35 93 97 0D 
2013/07/17 22:14:44:710 [004548] TRACE [Prb.cpp, 943] - RadioBoardPacket(ACK):01 00 0C F6 06 0A 00 01 35 93 97 0D 
2013/07/17 22:14:44:710 [006572] DEBUG [Prb.cpp, 603] - Read CC1020 completed, Address=0x0008, Data=0x35
2013/07/17 22:14:44:711 [006572] INFO [CommunicationSystem.cpp, 617] - CC1020 Frequency 2B 0x35.
2013/07/17 22:14:44:711 [006572] TRACE [Prb.cpp, 584] - Reading CC1020, Address=0x0009
2013/07/17 22:14:44:712 [006572] TRACE [Prb.cpp, 1035] - ReadCC1020Packet(0x09):01 00 0C 0B 84 00 02 00 09 79 34 0D 
2013/07/17 22:14:44:712 [004548] TRACE [Prb.cpp, 835] - RxStream contents:01 00 0C F7 06 0B 00 01 FA FD 35 0D 
2013/07/17 22:14:44:713 [004548] TRACE [Prb.cpp, 943] - RadioBoardPacket(ACK):01 00 0C F7 06 0B 00 01 FA FD 35 0D 
2013/07/17 22:14:44:713 [006572] DEBUG [Prb.cpp, 603] - Read CC1020 completed, Address=0x0009, Data=0xFA
2013/07/17 22:14:44:714 [006572] INFO [CommunicationSystem.cpp, 618] - CC1020 Frequency 1B 0xfa.
2013/07/17 22:14:44:714 [006572] TRACE [Prb.cpp, 584] - Reading CC1020, Address=0x000A
2013/07/17 22:14:44:715 [006572] TRACE [Prb.cpp, 1035] - ReadCC1020Packet(0x0A):01 00 0C 0C 84 00 02 00 0A 11 38 0D 
2013/07/17 22:14:44:715 [004548] TRACE [Prb.cpp, 835] - RxStream contents:01 00 0C F8 06 0C 00 01 CB B9 9C 0D 
2013/07/17 22:14:44:716 [004548] TRACE [Prb.cpp, 943] - RadioBoardPacket(ACK):01 00 0C F8 06 0C 00 01 CB B9 9C 0D 
2013/07/17 22:14:44:716 [006572] DEBUG [Prb.cpp, 603] - Read CC1020 completed, Address=0x000A, Data=0xCB
2013/07/17 22:14:44:717 [006572] INFO [CommunicationSystem.cpp, 619] - CC1020 Frequency 0B 0xcb.
2013/07/17 22:14:44:717 [006572] DEBUG [Prb.cpp, 650] - Read EEPROM completed, Address=0x060A, Data=0x00
2013/07/17 22:14:44:718 [006572] INFO [CommunicationSystem.cpp, 620] - RSSI Calibration Reference Center Channel 0.
2013/07/17 22:14:44:718 [006572] TRACE [Prb.cpp, 493] - Reading FPGA, Address=0x3054
2013/07/17 22:14:44:719 [006572] TRACE [Prb.cpp, 1035] - ReadFPGAPacket(0x3054):01 00 0C 0D 82 00 02 30 54 C9 EC 0D 
2013/07/17 22:14:44:719 [004548] TRACE [Prb.cpp, 835] - RxStream contents:01 00 0C F9 06 0D 00 01 07 D7 34 0D 
2013/07/17 22:14:44:720 [004548] TRACE [Prb.cpp, 943] - RadioBoardPacket(ACK):01 00 0C F9 06 0D 00 01 07 D7 34 0D 
2013/07/17 22:14:44:720 [006572] DEBUG [Prb.cpp, 512] - Read FPGA completed, Address=0x3054, Data=0x07
2013/07/17 22:14:44:721 [006572] INFO [CommunicationSystem.cpp, 621] - CC1020 PA_POWER 0x7.
2013/07/17 22:14:44:721 [006572] TRACE [Prb.cpp, 584] - Reading CC1020, Address=0x001C
2013/07/17 22:14:44:722 [006572] TRACE [Prb.cpp, 1035] - ReadCC1020Packet(0x1C):01 00 0C 0E 84 00 02 00 1C E1 4C 0D 
2013/07/17 22:14:44:722 [004548] TRACE [Prb.cpp, 835] - RxStream contents:01 00 0C FA 06 0E 00 01 07 63 34 0D 
2013/07/17 22:14:44:723 [004548] TRACE [Prb.cpp, 943] - RadioBoardPacket(ACK):01 00 0C FA 06 0E 00 01 07 63 34 0D 
2013/07/17 22:14:44:723 [006572] DEBUG [Prb.cpp, 603] - Read CC1020 completed, Address=0x001C, Data=0x07
2013/07/17 22:14:44:724 [006572] INFO [CommunicationSystem.cpp, 622] - CC1020 Transmit Power 0x7.
2013/07/17 22:14:44:724 [006572] TRACE [Prb.cpp, 493] - Reading FPGA, Address=0x3014
2013/07/17 22:14:44:725 [006572] TRACE [Prb.cpp, 1035] - ReadFPGAPacket(0x3014):01 00 0C 0F 82 00 02 30 14 38 6C 0D 
2013/07/17 22:14:44:725 [004548] TRACE [Prb.cpp, 835] - RxStream contents:01 00 0C FB 06 0F 00 01 00 8F 25 0D 
2013/07/17 22:14:44:726 [004548] TRACE [Prb.cpp, 943] - RadioBoardPacket(ACK):01 00 0C FB 06 0F 00 01 00 8F 25 0D 
2013/07/17 22:14:44:726 [006572] DEBUG [Prb.cpp, 512] - Read FPGA completed, Address=0x3014, Data=0x00
2013/07/17 22:14:44:727 [006572] INFO [CommunicationSystem.cpp, 623] - Low Noise Amplifier Circumvented 0.
2013/07/17 22:14:44:728 [006572] TRACE [Prb.cpp, 584] - Reading CC1020, Address=0x0001
2013/07/17 22:14:44:728 [006572] TRACE [Prb.cpp, 1035] - ReadCC1020Packet(0x01):01 00 0C 10 84 00 02 00 01 B1 1C 0D 
2013/07/17 22:14:44:728 [004548] TRACE [Prb.cpp, 835] - RxStream contents:01 00 0C FC 06 10 00 01 0F 6B 07 0D 
2013/07/17 22:14:44:729 [004548] TRACE [Prb.cpp, 943] - RadioBoardPacket(ACK):01 00 0C FC 06 10 00 01 0F 6B 07 0D 
2013/07/17 22:14:44:730 [006572] DEBUG [Prb.cpp, 603] - Read CC1020 completed, Address=0x0001, Data=0x0F
2013/07/17 22:14:44:730 [006572] INFO [CommunicationSystem.cpp, 624] - Low Noise Amplifier 0xf.
2013/07/17 22:14:44:730 [006572] TRACE [Prb.cpp, 493] - Reading FPGA, Address=0x1006
2013/07/17 22:14:44:731 [006572] TRACE [Prb.cpp, 1035] - ReadFPGAPacket(0x1006):01 00 0C 11 82 00 02 10 06 28 1D 0D 
2013/07/17 22:14:44:731 [004548] TRACE [Prb.cpp, 835] - RxStream contents:01 00 0C FD 06 11 00 01 08 87 16 0D 
2013/07/17 22:14:44:732 [004548] TRACE [Prb.cpp, 943] - RadioBoardPacket(ACK):01 00 0C FD 06 11 00 01 08 87 16 0D 
2013/07/17 22:14:44:733 [006572] DEBUG [Prb.cpp, 512] - Read FPGA completed, Address=0x1006, Data=0x08
2013/07/17 22:14:44:733 [006572] INFO [CommunicationSystem.cpp, 625] - Allowed Framing Errors 8.
2013/07/17 22:14:44:736 [006572] INFO [CrossTalkDetector.cpp, 28] - LinkThreshold = 8
2013/07/17 22:14:44:736 [006572] INFO [CrossTalkDetector.cpp, 14] - EnterCrossTalkThreshold = 8
2013/07/17 22:14:44:737 [006572] INFO [CrossTalkDetector.cpp, 21] - LeaveCrossTalkThreshold = 4
2013/07/17 22:14:44:746 [001224] TRACE [Prb.cpp, 493] - Reading FPGA, Address=0x3000
2013/07/17 22:14:44:746 [001224] TRACE [Prb.cpp, 1035] - ReadFPGAPacket(0x3000):01 00 0C 12 82 00 02 30 00 E0 0A 0D 
2013/07/17 22:14:44:747 [004548] TRACE [Prb.cpp, 835] - RxStream contents:01 00 0C FE 06 12 00 01 07 33 34 0D 
2013/07/17 22:14:44:748 [004548] TRACE [Prb.cpp, 943] - RadioBoardPacket(ACK):01 00 0C FE 06 12 00 01 07 33 34 0D 
2013/07/17 22:14:44:748 [001224] DEBUG [Prb.cpp, 512] - Read FPGA completed, Address=0x3000, Data=0x07
2013/07/17 22:14:44:749 [001224] TRACE [Prb.cpp, 539] - Writing CC1020, Address=0x001C, Data=0x07
2013/07/17 22:14:44:750 [001224] TRACE [Prb.cpp, 1035] - WriteCC1020Packet(0x1C, 0x07):01 00 0D 13 83 00 03 00 1C 07 3E 84 0D 
2013/07/17 22:14:44:750 [004548] TRACE [Prb.cpp, 835] - RxStream contents:01 00 0B FF 06 13 00 00 19 5E 0D 
2013/07/17 22:14:44:751 [004548] TRACE [Prb.cpp, 943] - RadioBoardPacket(ACK):01 00 0B FF 06 13 00 00 19 5E 0D 
2013/07/17 22:14:44:752 [001224] DEBUG [Prb.cpp, 557] - Write CC1020 completed, Address=0x001C, Data=0x07
2013/07/17 22:14:44:780 [006572] TRACE [Prb.cpp, 493] - Reading FPGA, Address=0x3000
2013/07/17 22:14:44:781 [006572] TRACE [Prb.cpp, 1035] - ReadFPGAPacket(0x3000):01 00 0C 14 82 00 02 30 00 70 0F 0D 
2013/07/17 22:14:44:782 [004548] TRACE [Prb.cpp, 835] - RxStream contents:01 00 0C 00 06 14 00 01 07 9B C7 0D 
2013/07/17 22:14:44:783 [004548] TRACE [Prb.cpp, 943] - RadioBoardPacket(ACK):01 00 0C 00 06 14 00 01 07 9B C7 0D 
2013/07/17 22:14:44:783 [006572] DEBUG [Prb.cpp, 512] - Read FPGA completed, Address=0x3000, Data=0x07
2013/07/17 22:14:44:791 [006572] INFO [CommunicationSystem.cpp, 640] - Calibrating the PRB CC1020.
2013/07/17 22:14:44:792 [006572] TRACE [Prb.cpp, 448] - Writing FPGA, Address=0x1008, Data=0x01
2013/07/17 22:14:44:792 [006572] TRACE [Prb.cpp, 1035] - WriteFPGAPacket(0x1008, 0x01):01 00 0D 15 81 00 03 10 08 01 B1 B0 0D 
2013/07/17 22:14:44:792 [004548] TRACE [Prb.cpp, 835] - RxStream contents:01 00 0B 01 06 15 00 00 B1 75 0D 
2013/07/17 22:14:44:794 [004548] TRACE [Prb.cpp, 943] - RadioBoardPacket(ACK):01 00 0B 01 06 15 00 00 B1 75 0D 
2013/07/17 22:14:44:794 [006572] DEBUG [Prb.cpp, 466] - Write FPGA completed, Address=0x1008, Data=0x01
2013/07/17 22:14:44:876 [004548] TRACE [Prb.cpp, 835] - RxStream contents:01 00 0D 02 00 00 00 02 09 00 E4 26 0D 
2013/07/17 22:14:44:878 [006916] DEBUG [CommunicationSystem.cpp, 1120] - Calibration complete.
2013/07/17 22:14:44:878 [006572] TRACE [Prb.cpp, 493] - Reading FPGA, Address=0x2012
2013/07/17 22:14:44:879 [006572] TRACE [Prb.cpp, 1035] - ReadFPGAPacket(0x2012):01 00 0C 16 82 00 02 20 12 E0 63 0D 
2013/07/17 22:14:44:879 [004548] TRACE [Prb.cpp, 835] - RxStream contents:01 00 0C 03 06 16 00 01 00 3B D5 0D 
2013/07/17 22:14:44:880 [004548] TRACE [Prb.cpp, 943] - RadioBoardPacket(ACK):01 00 0C 03 06 16 00 01 00 3B D5 0D 
2013/07/17 22:14:44:881 [006572] DEBUG [Prb.cpp, 512] - Read FPGA completed, Address=0x2012, Data=0x00
2013/07/17 22:14:44:881 [006572] INFO [CommunicationSystem.cpp, 653] - CC1020 Calibration succeeded.
2013/07/17 22:14:44:887 [006572] TRACE [Prb.cpp, 584] - Reading CC1020, Address=0x0004
2013/07/17 22:14:44:887 [006572] TRACE [Prb.cpp, 1035] - ReadCC1020Packet(0x04):01 00 0C 17 84 00 02 00 04 D9 04 0D 
2013/07/17 22:14:44:887 [004548] TRACE [Prb.cpp, 835] - RxStream contents:01 00 0C 04 06 17 00 01 35 C7 6E 0D 
2013/07/17 22:14:44:889 [004548] TRACE [Prb.cpp, 943] - RadioBoardPacket(ACK):01 00 0C 04 06 17 00 01 35 C7 6E 0D 
2013/07/17 22:14:44:889 [006572] DEBUG [Prb.cpp, 603] - Read CC1020 completed, Address=0x0004, Data=0x35
2013/07/17 22:14:44:891 [006572] TRACE [Prb.cpp, 584] - Reading CC1020, Address=0x0005
2013/07/17 22:14:44:892 [006572] TRACE [Prb.cpp, 1035] - ReadCC1020Packet(0x05):01 00 0C 18 84 00 02 00 05 71 0E 0D 
2013/07/17 22:14:44:892 [004548] TRACE [Prb.cpp, 835] - RxStream contents:01 00 0C 05 06 18 00 01 F0 F1 F3 0D 
2013/07/17 22:14:44:894 [004548] TRACE [Prb.cpp, 943] - RadioBoardPacket(ACK):01 00 0C 05 06 18 00 01 F0 F1 F3 0D 
2013/07/17 22:14:44:894 [006572] DEBUG [Prb.cpp, 603] - Read CC1020 completed, Address=0x0005, Data=0xF0
2013/07/17 22:14:44:896 [006572] TRACE [Prb.cpp, 584] - Reading CC1020, Address=0x0006
2013/07/17 22:14:44:897 [006572] TRACE [Prb.cpp, 1035] - ReadCC1020Packet(0x06):01 00 0C 19 84 00 02 00 06 89 07 0D 
2013/07/17 22:14:44:897 [004548] TRACE [Prb.cpp, 835] - RxStream contents:01 00 0C 06 06 19 00 01 21 EF 16 0D 
2013/07/17 22:14:44:898 [004548] TRACE [Prb.cpp, 943] - RadioBoardPacket(ACK):01 00 0C 06 06 19 00 01 21 EF 16 0D 
2013/07/17 22:14:44:898 [006572] DEBUG [Prb.cpp, 603] - Read CC1020 completed, Address=0x0006, Data=0x21
2013/07/17 22:14:44:900 [006572] TRACE [Prb.cpp, 584] - Reading CC1020, Address=0x0007
2013/07/17 22:14:44:900 [006572] TRACE [Prb.cpp, 1035] - ReadCC1020Packet(0x07):01 00 0C 1A 84 00 02 00 07 81 02 0D 
2013/07/17 22:14:44:900 [004548] TRACE [Prb.cpp, 835] - RxStream contents:01 00 0C 07 06 1A 00 01 38 AB 40 0D 
2013/07/17 22:14:44:901 [004548] TRACE [Prb.cpp, 943] - RadioBoardPacket(ACK):01 00 0C 07 06 1A 00 01 38 AB 40 0D 
2013/07/17 22:14:44:902 [006572] DEBUG [Prb.cpp, 603] - Read CC1020 completed, Address=0x0007, Data=0x38
2013/07/17 22:14:44:903 [006572] TRACE [Prb.cpp, 584] - Reading CC1020, Address=0x0008
2013/07/17 22:14:44:904 [006572] TRACE [Prb.cpp, 1035] - ReadCC1020Packet(0x08):01 00 0C 1B 84 00 02 00 08 79 23 0D 
2013/07/17 22:14:44:904 [004548] TRACE [Prb.cpp, 835] - RxStream contents:01 00 0C 08 06 1B 00 01 35 97 61 0D 
2013/07/17 22:14:44:905 [004548] TRACE [Prb.cpp, 943] - RadioBoardPacket(ACK):01 00 0C 08 06 1B 00 01 35 97 61 0D 
2013/07/17 22:14:44:905 [006572] DEBUG [Prb.cpp, 603] - Read CC1020 completed, Address=0x0008, Data=0x35
2013/07/17 22:14:44:907 [006572] TRACE [Prb.cpp, 584] - Reading CC1020, Address=0x0009
2013/07/17 22:14:44:907 [006572] TRACE [Prb.cpp, 1035] - ReadCC1020Packet(0x09):01 00 0C 1C 84 00 02 00 09 91 20 0D 
2013/07/17 22:14:44:907 [004548] TRACE [Prb.cpp, 835] - RxStream contents:01 00 0C 09 06 1C 00 01 FA 81 C3 0D 
2013/07/17 22:14:44:908 [004548] TRACE [Prb.cpp, 943] - RadioBoardPacket(ACK):01 00 0C 09 06 1C 00 01 FA 81 C3 0D 
2013/07/17 22:14:44:909 [006572] DEBUG [Prb.cpp, 603] - Read CC1020 completed, Address=0x0009, Data=0xFA
2013/07/17 22:14:44:912 [006572] TRACE [Prb.cpp, 584] - Reading CC1020, Address=0x000A
2013/07/17 22:14:44:913 [006572] TRACE [Prb.cpp, 1035] - ReadCC1020Packet(0x0A):01 00 0C 1D 84 00 02 00 0A 69 29 0D 
2013/07/17 22:14:44:913 [004548] TRACE [Prb.cpp, 835] - RxStream contents:01 00 0C 0A 06 1D 00 01 CB 1D 65 0D 
2013/07/17 22:14:44:914 [004548] TRACE [Prb.cpp, 943] - RadioBoardPacket(ACK):01 00 0C 0A 06 1D 00 01 CB 1D 65 0D 
2013/07/17 22:14:44:914 [006572] DEBUG [Prb.cpp, 603] - Read CC1020 completed, Address=0x000A, Data=0xCB
2013/07/17 22:14:44:915 [006572] TRACE [Prb.cpp, 584] - Reading CC1020, Address=0x000B
2013/07/17 22:14:44:916 [006572] TRACE [Prb.cpp, 1035] - ReadCC1020Packet(0x0B):01 00 0C 1E 84 00 02 00 0B 61 2C 0D 
2013/07/17 22:14:44:916 [004548] TRACE [Prb.cpp, 835] - RxStream contents:01 00 0C 0B 06 1E 00 01 38 DB 4C 0D 
2013/07/17 22:14:44:918 [004548] TRACE [Prb.cpp, 943] - RadioBoardPacket(ACK):01 00 0C 0B 06 1E 00 01 38 DB 4C 0D 
2013/07/17 22:14:44:918 [006572] DEBUG [Prb.cpp, 603] - Read CC1020 completed, Address=0x000B, Data=0x38
2013/07/17 22:14:44:920 [006572] TRACE [Prb.cpp, 584] - Reading CC1020, Address=0x001D
2013/07/17 22:14:44:920 [006572] TRACE [Prb.cpp, 1035] - ReadCC1020Packet(0x1D):01 00 0C 1F 84 00 02 00 1D 19 58 0D 
2013/07/17 22:14:44:920 [004548] TRACE [Prb.cpp, 835] - RxStream contents:01 00 0C 0C 06 1F 00 01 00 A7 DA 0D 
2013/07/17 22:14:44:921 [004548] TRACE [Prb.cpp, 943] - RadioBoardPacket(ACK):01 00 0C 0C 06 1F 00 01 00 A7 DA 0D 
2013/07/17 22:14:44:922 [006572] DEBUG [Prb.cpp, 603] - Read CC1020 completed, Address=0x001D, Data=0x00
2013/07/17 22:14:44:923 [006572] TRACE [Prb.cpp, 584] - Reading CC1020, Address=0x0045
2013/07/17 22:14:44:924 [006572] TRACE [Prb.cpp, 1035] - ReadCC1020Packet(0x45):01 00 0C 20 84 00 02 00 45 B0 B7 0D 
2013/07/17 22:14:44:924 [004548] TRACE [Prb.cpp, 835] - RxStream contents:01 00 0C 0D 06 20 00 01 4C D2 78 0D 
2013/07/17 22:14:44:925 [004548] TRACE [Prb.cpp, 943] - RadioBoardPacket(ACK):01 00 0C 0D 06 20 00 01 4C D2 78 0D 
2013/07/17 22:14:44:925 [006572] DEBUG [Prb.cpp, 603] - Read CC1020 completed, Address=0x0045, Data=0x4C
2013/07/17 22:14:44:927 [006572] TRACE [Prb.cpp, 584] - Reading CC1020, Address=0x0046
2013/07/17 22:14:44:928 [006572] TRACE [Prb.cpp, 1035] - ReadCC1020Packet(0x46):01 00 0C 21 84 00 02 00 46 48 BE 0D 
2013/07/17 22:14:44:928 [004548] TRACE [Prb.cpp, 835] - RxStream contents:01 00 0C 0E 06 21 00 01 66 4E 84 0D 
2013/07/17 22:14:44:929 [004548] TRACE [Prb.cpp, 943] - RadioBoardPacket(ACK):01 00 0C 0E 06 21 00 01 66 4E 84 0D 
2013/07/17 22:14:44:929 [006572] DEBUG [Prb.cpp, 603] - Read CC1020 completed, Address=0x0046, Data=0x66
2013/07/17 22:14:44:930 [006572] TRACE [Prb.cpp, 584] - Reading CC1020, Address=0x0047
2013/07/17 22:14:44:931 [006572] TRACE [Prb.cpp, 1035] - ReadCC1020Packet(0x47):01 00 0C 22 84 00 02 00 47 40 BB 0D 
2013/07/17 22:14:44:931 [004548] TRACE [Prb.cpp, 835] - RxStream contents:01 00 0C 0F 06 22 00 01 44 8A 4B 0D 
2013/07/17 22:14:44:932 [004548] TRACE [Prb.cpp, 943] - RadioBoardPacket(ACK):01 00 0C 0F 06 22 00 01 44 8A 4B 0D 
2013/07/17 22:14:44:932 [006572] DEBUG [Prb.cpp, 603] - Read CC1020 completed, Address=0x0047, Data=0x44
2013/07/17 22:14:44:940 [006572] TRACE [Prb.cpp, 493] - Reading FPGA, Address=0x305E
2013/07/17 22:14:44:941 [006572] TRACE [Prb.cpp, 1035] - ReadFPGAPacket(0x305E):01 00 0C 23 82 00 02 30 5E 99 FD 0D 
2013/07/17 22:14:44:941 [004548] TRACE [Prb.cpp, 835] - RxStream contents:01 00 0C 10 06 23 00 01 00 B7 CD 0D 
2013/07/17 22:14:44:943 [004548] TRACE [Prb.cpp, 943] - RadioBoardPacket(ACK):01 00 0C 10 06 23 00 01 00 B7 CD 0D 
2013/07/17 22:14:44:943 [006572] DEBUG [Prb.cpp, 512] - Read FPGA completed, Address=0x305E, Data=0x00
2013/07/17 22:14:44:944 [006572] TRACE [Prb.cpp, 493] - Reading FPGA, Address=0x3060
2013/07/17 22:14:44:945 [006572] TRACE [Prb.cpp, 1035] - ReadFPGAPacket(0x3060):01 00 0C 24 82 00 02 30 60 71 7C 0D 
2013/07/17 22:14:44:945 [004548] TRACE [Prb.cpp, 835] - RxStream contents:01 00 0C 11 06 24 00 01 00 A3 CD 0D 
2013/07/17 22:14:44:946 [004548] TRACE [Prb.cpp, 943] - RadioBoardPacket(ACK):01 00 0C 11 06 24 00 01 00 A3 CD 0D 
2013/07/17 22:14:44:946 [006572] DEBUG [Prb.cpp, 512] - Read FPGA completed, Address=0x3060, Data=0x00
2013/07/17 22:14:44:947 [006572] TRACE [Prb.cpp, 493] - Reading FPGA, Address=0x3062
2013/07/17 22:14:44:947 [006572] TRACE [Prb.cpp, 1035] - ReadFPGAPacket(0x3062):01 00 0C 25 82 00 02 30 62 09 70 0D 
2013/07/17 22:14:44:947 [004548] TRACE [Prb.cpp, 835] - RxStream contents:01 00 0C 12 06 25 00 01 00 BF CE 0D 
2013/07/17 22:14:44:948 [004548] TRACE [Prb.cpp, 943] - RadioBoardPacket(ACK):01 00 0C 12 06 25 00 01 00 BF CE 0D 
2013/07/17 22:14:44:949 [006572] DEBUG [Prb.cpp, 512] - Read FPGA completed, Address=0x3062, Data=0x00
2013/07/17 22:14:44:954 [006572] TRACE [Prb.cpp, 493] - Reading FPGA, Address=0x3066
2013/07/17 22:14:44:955 [006572] TRACE [Prb.cpp, 1035] - ReadFPGAPacket(0x3066):01 00 0C 26 82 00 02 30 66 01 6B 0D 
2013/07/17 22:14:44:955 [004548] TRACE [Prb.cpp, 835] - RxStream contents:01 00 0C 13 06 26 00 01 00 7B CD 0D 
2013/07/17 22:14:44:956 [004548] TRACE [Prb.cpp, 943] - RadioBoardPacket(ACK):01 00 0C 13 06 26 00 01 00 7B CD 0D 
2013/07/17 22:14:44:956 [006572] DEBUG [Prb.cpp, 512] - Read FPGA completed, Address=0x3066, Data=0x00
2013/07/17 22:14:44:957 [006572] TRACE [Prb.cpp, 493] - Reading FPGA, Address=0x3068
2013/07/17 22:14:44:958 [006572] TRACE [Prb.cpp, 1035] - ReadFPGAPacket(0x3068):01 00 0C 27 82 00 02 30 68 79 4F 0D 
2013/07/17 22:14:44:958 [004548] TRACE [Prb.cpp, 835] - RxStream contents:01 00 0C 14 06 27 00 01 00 87 C8 0D 
2013/07/17 22:14:44:959 [004548] TRACE [Prb.cpp, 943] - RadioBoardPacket(ACK):01 00 0C 14 06 27 00 01 00 87 C8 0D 
2013/07/17 22:14:44:959 [006572] DEBUG [Prb.cpp, 512] - Read FPGA completed, Address=0x3068, Data=0x00
2013/07/17 22:14:44:960 [006572] TRACE [Prb.cpp, 493] - Reading FPGA, Address=0x306A
2013/07/17 22:14:44:961 [006572] TRACE [Prb.cpp, 1035] - ReadFPGAPacket(0x306A):01 00 0C 28 82 00 02 30 6A D1 4F 0D 
2013/07/17 22:14:44:961 [004548] TRACE [Prb.cpp, 835] - RxStream contents:01 00 0C 15 06 28 00 01 00 B3 CB 0D 
2013/07/17 22:14:44:962 [004548] TRACE [Prb.cpp, 943] - RadioBoardPacket(ACK):01 00 0C 15 06 28 00 01 00 B3 CB 0D 
2013/07/17 22:14:44:962 [006572] DEBUG [Prb.cpp, 512] - Read FPGA completed, Address=0x306A, Data=0x00
2013/07/17 22:14:44:964 [006572] TRACE [Prb.cpp, 448] - Writing FPGA, Address=0x1026, Data=0x01
2013/07/17 22:14:44:965 [006572] TRACE [Prb.cpp, 1035] - WriteFPGAPacket(0x1026, 0x01):01 00 0D 29 81 00 03 10 26 01 6A 70 0D 
2013/07/17 22:14:44:965 [004548] TRACE [Prb.cpp, 835] - RxStream contents:01 00 0B 16 06 29 00 00 B4 AD 0D 
2013/07/17 22:14:44:966 [004548] TRACE [Prb.cpp, 943] - RadioBoardPacket(ACK):01 00 0B 16 06 29 00 00 B4 AD 0D 
2013/07/17 22:14:44:967 [006572] DEBUG [Prb.cpp, 466] - Write FPGA completed, Address=0x1026, Data=0x01
2013/07/17 22:14:44:974 [001224] TRACE [Prb.cpp, 539] - Writing CC1020, Address=0x001C, Data=0x07
2013/07/17 22:14:44:975 [001224] TRACE [Prb.cpp, 1035] - WriteCC1020Packet(0x1C, 0x07):01 00 0D 2A 83 00 03 00 1C 07 04 14 0D 
2013/07/17 22:14:44:975 [004548] TRACE [Prb.cpp, 835] - RxStream contents:01 00 0B 17 06 2A 00 00 34 EA 0D 
2013/07/17 22:14:44:976 [004548] TRACE [Prb.cpp, 943] - RadioBoardPacket(ACK):01 00 0B 17 06 2A 00 00 34 EA 0D 
2013/07/17 22:14:44:976 [001224] DEBUG [Prb.cpp, 557] - Write CC1020 completed, Address=0x001C, Data=0x07
2013/07/17 22:14:44:978 [001224] TRACE [Prb.cpp, 448] - Writing FPGA, Address=0x3012, Data=0x01
2013/07/17 22:14:44:979 [001224] TRACE [Prb.cpp, 1035] - WriteFPGAPacket(0x3012, 0x01):01 00 0D 2B 81 00 03 30 12 01 52 D3 0D 
2013/07/17 22:14:44:979 [004548] TRACE [Prb.cpp, 835] - RxStream contents:01 00 0B 18 06 2B 00 00 B6 55 0D 
2013/07/17 22:14:44:980 [004548] TRACE [Prb.cpp, 943] - RadioBoardPacket(ACK):01 00 0B 18 06 2B 00 00 B6 55 0D 
2013/07/17 22:14:44:981 [001224] DEBUG [Prb.cpp, 466] - Write FPGA completed, Address=0x3012, Data=0x01
2013/07/17 22:14:44:981 [001224] TRACE [Prb.cpp, 493] - Reading FPGA, Address=0x1004
2013/07/17 22:14:44:982 [001224] TRACE [Prb.cpp, 1035] - ReadFPGAPacket(0x1004):01 00 0C 2C 82 00 02 10 04 F0 2D 0D 
2013/07/17 22:14:44:982 [004548] TRACE [Prb.cpp, 835] - RxStream contents:01 00 0C 19 06 2C 00 01 00 C3 C7 0D 
2013/07/17 22:14:44:983 [004548] TRACE [Prb.cpp, 943] - RadioBoardPacket(ACK):01 00 0C 19 06 2C 00 01 00 C3 C7 0D 
2013/07/17 22:14:44:984 [001224] DEBUG [Prb.cpp, 512] - Read FPGA completed, Address=0x1004, Data=0x00
2013/07/17 22:14:44:984 [001224] TRACE [Prb.cpp, 448] - Writing FPGA, Address=0x1004, Data=0x00
2013/07/17 22:14:44:985 [001224] TRACE [Prb.cpp, 1035] - WriteFPGAPacket(0x1004, 0x00):01 00 0D 2D 81 00 03 10 04 00 A2 36 0D 
2013/07/17 22:14:44:985 [004548] TRACE [Prb.cpp, 835] - RxStream contents:01 00 0B 1A 06 2D 00 00 36 DE 0D 
2013/07/17 22:14:44:986 [004548] TRACE [Prb.cpp, 943] - RadioBoardPacket(ACK):01 00 0B 1A 06 2D 00 00 36 DE 0D 
2013/07/17 22:14:44:986 [001224] DEBUG [Prb.cpp, 466] - Write FPGA completed, Address=0x1004, Data=0x00
2013/07/17 22:14:44:989 [004932] INFO [CommunicationSystemStates.cpp, 130] - Scan requested. Preamble Burst Duration: 9 seconds. Preamble Burst Data Rate: 2.
2013/07/17 22:14:44:990 [004932] TRACE [Prb.cpp, 448] - Writing FPGA, Address=0x1002, Data=0x09
2013/07/17 22:14:44:990 [004932] TRACE [Prb.cpp, 1035] - WriteFPGAPacket(0x1002, 0x09):01 00 0D 2E 81 00 03 10 02 09 B5 30 0D 
2013/07/17 22:14:44:990 [004548] TRACE [Prb.cpp, 835] - RxStream contents:01 00 0B 1B 06 2E 00 00 B6 99 0D 
2013/07/17 22:14:44:991 [004548] TRACE [Prb.cpp, 943] - RadioBoardPacket(ACK):01 00 0B 1B 06 2E 00 00 B6 99 0D 
2013/07/17 22:14:44:992 [004932] DEBUG [Prb.cpp, 466] - Write FPGA completed, Address=0x1002, Data=0x09
2013/07/17 22:14:44:993 [004932] TRACE [Prb.cpp, 493] - Reading FPGA, Address=0x1004
2013/07/17 22:14:44:993 [004932] TRACE [Prb.cpp, 1035] - ReadFPGAPacket(0x1004):01 00 0C 2F 82 00 02 10 04 78 2D 0D 
2013/07/17 22:14:44:993 [004548] TRACE [Prb.cpp, 835] - RxStream contents:01 00 0C 1C 06 2F 00 01 00 E7 C2 0D 
2013/07/17 22:14:44:994 [004548] TRACE [Prb.cpp, 943] - RadioBoardPacket(ACK):01 00 0C 1C 06 2F 00 01 00 E7 C2 0D 
2013/07/17 22:14:44:995 [004932] DEBUG [Prb.cpp, 512] - Read FPGA completed, Address=0x1004, Data=0x00
2013/07/17 22:14:44:995 [004932] TRACE [Prb.cpp, 448] - Writing FPGA, Address=0x1004, Data=0x08
2013/07/17 22:14:44:996 [004932] TRACE [Prb.cpp, 1035] - WriteFPGAPacket(0x1004, 0x08):01 00 0D 30 81 00 03 10 04 08 3E D5 0D 
2013/07/17 22:14:44:996 [004548] TRACE [Prb.cpp, 835] - RxStream contents:01 00 0B 1D 06 30 00 00 B6 11 0D 
2013/07/17 22:14:44:997 [004548] TRACE [Prb.cpp, 943] - RadioBoardPacket(ACK):01 00 0B 1D 06 30 00 00 B6 11 0D 
2013/07/17 22:14:44:997 [004932] DEBUG [Prb.cpp, 466] - Write FPGA completed, Address=0x1004, Data=0x08
2013/07/17 22:14:44:998 [004932] TRACE [Prb.cpp, 448] - Writing FPGA, Address=0x1008, Data=0x02
2013/07/17 22:14:44:998 [004932] TRACE [Prb.cpp, 1035] - WriteFPGAPacket(0x1008, 0x02):01 00 0D 31 81 00 03 10 08 02 97 FA 0D 
2013/07/17 22:14:44:998 [004548] TRACE [Prb.cpp, 835] - RxStream contents:01 00 0B 1E 06 31 00 00 36 8E 0D 
2013/07/17 22:14:44:999 [004548] TRACE [Prb.cpp, 943] - RadioBoardPacket(ACK):01 00 0B 1E 06 31 00 00 36 8E 0D 
2013/07/17 22:14:45:000 [004932] DEBUG [Prb.cpp, 466] - Write FPGA completed, Address=0x1008, Data=0x02
2013/07/17 22:14:56:126 [006916] INFO [CommunicationSystemStates.cpp, 168] - Scan complete
2013/07/17 22:14:56:127 [006916] TRACE [Prb.cpp, 584] - Reading CC1020, Address=0x0004
2013/07/17 22:14:56:128 [006916] TRACE [Prb.cpp, 1035] - ReadCC1020Packet(0x04):01 00 0C 32 84 00 02 00 04 41 20 0D 
2013/07/17 22:14:56:128 [004548] TRACE [Prb.cpp, 835] - RxStream contents:01 00 0C 20 06 32 00 01 35 63 45 0D 
2013/07/17 22:14:56:129 [004548] TRACE [Prb.cpp, 943] - RadioBoardPacket(ACK):01 00 0C 20 06 32 00 01 35 63 45 0D 
2013/07/17 22:14:56:130 [006916] DEBUG [Prb.cpp, 603] - Read CC1020 completed, Address=0x0004, Data=0x35
2013/07/17 22:14:56:130 [006916] TRACE [Prb.cpp, 584] - Reading CC1020, Address=0x0005
2013/07/17 22:14:56:131 [006916] TRACE [Prb.cpp, 1035] - ReadCC1020Packet(0x05):01 00 0C 33 84 00 02 00 05 39 26 0D 
2013/07/17 22:14:56:131 [004548] TRACE [Prb.cpp, 835] - RxStream contents:01 00 0C 21 06 33 00 01 F0 0D DB 0D 
2013/07/17 22:14:56:132 [004548] TRACE [Prb.cpp, 943] - RadioBoardPacket(ACK):01 00 0C 21 06 33 00 01 F0 0D DB 0D 
2013/07/17 22:14:56:133 [006916] DEBUG [Prb.cpp, 603] - Read CC1020 completed, Address=0x0005, Data=0xF0
2013/07/17 22:14:56:133 [006916] TRACE [Prb.cpp, 584] - Reading CC1020, Address=0x0006
2013/07/17 22:14:56:134 [006916] TRACE [Prb.cpp, 1035] - ReadCC1020Packet(0x06):01 00 0C 34 84 00 02 00 06 51 2A 0D 
2013/07/17 22:14:56:134 [004548] TRACE [Prb.cpp, 835] - RxStream contents:01 00 0C 22 06 34 00 01 21 6B 3E 0D 
2013/07/17 22:14:56:135 [004548] TRACE [Prb.cpp, 943] - RadioBoardPacket(ACK):01 00 0C 22 06 34 00 01 21 6B 3E 0D 
2013/07/17 22:14:56:136 [006916] DEBUG [Prb.cpp, 603] - Read CC1020 completed, Address=0x0006, Data=0x21
2013/07/17 22:14:56:136 [006916] TRACE [Prb.cpp, 584] - Reading CC1020, Address=0x0008
2013/07/17 22:14:56:137 [006916] TRACE [Prb.cpp, 1035] - ReadCC1020Packet(0x08):01 00 0C 35 84 00 02 00 08 29 0E 0D 
2013/07/17 22:14:56:137 [004548] TRACE [Prb.cpp, 835] - RxStream contents:01 00 0C 23 06 35 00 01 35 07 46 0D 
2013/07/17 22:14:56:137 [004548] TRACE [Prb.cpp, 943] - RadioBoardPacket(ACK):01 00 0C 23 06 35 00 01 35 07 46 0D 
2013/07/17 22:14:56:138 [006916] DEBUG [Prb.cpp, 603] - Read CC1020 completed, Address=0x0008, Data=0x35
2013/07/17 22:14:56:138 [006916] TRACE [Prb.cpp, 584] - Reading CC1020, Address=0x0009
2013/07/17 22:14:56:139 [006916] TRACE [Prb.cpp, 1035] - ReadCC1020Packet(0x09):01 00 0C 36 84 00 02 00 09 21 0B 0D 
2013/07/17 22:14:56:139 [004548] TRACE [Prb.cpp, 835] - RxStream contents:01 00 0C 24 06 36 00 01 FA 51 E2 0D 
2013/07/17 22:14:56:140 [004548] TRACE [Prb.cpp, 943] - RadioBoardPacket(ACK):01 00 0C 24 06 36 00 01 FA 51 E2 0D 
2013/07/17 22:14:56:140 [006916] DEBUG [Prb.cpp, 603] - Read CC1020 completed, Address=0x0009, Data=0xFA
2013/07/17 22:14:56:141 [006916] TRACE [Prb.cpp, 584] - Reading CC1020, Address=0x000A
2013/07/17 22:14:56:142 [006916] TRACE [Prb.cpp, 1035] - ReadCC1020Packet(0x0A):01 00 0C 37 84 00 02 00 0A D9 02 0D 
2013/07/17 22:14:56:142 [004548] TRACE [Prb.cpp, 835] - RxStream contents:01 00 0C 25 06 37 00 01 CB BD 47 0D 
2013/07/17 22:14:56:142 [004548] TRACE [Prb.cpp, 943] - RadioBoardPacket(ACK):01 00 0C 25 06 37 00 01 CB BD 47 0D 
2013/07/17 22:14:56:143 [006916] DEBUG [Prb.cpp, 603] - Read CC1020 completed, Address=0x000A, Data=0xCB
2013/07/17 22:14:56:143 [006916] TRACE [Prb.cpp, 584] - Reading CC1020, Address=0x000F
2013/07/17 22:14:56:144 [006916] TRACE [Prb.cpp, 1035] - ReadCC1020Packet(0x0F):01 00 0C 38 84 00 02 00 0F F1 13 0D 
2013/07/17 22:14:56:144 [004548] TRACE [Prb.cpp, 835] - RxStream contents:01 00 0C 26 06 38 00 01 DF F9 3F 0D 
2013/07/17 22:14:56:145 [004548] TRACE [Prb.cpp, 943] - RadioBoardPacket(ACK):01 00 0C 26 06 38 00 01 DF F9 3F 0D 
2013/07/17 22:14:56:145 [006916] DEBUG [Prb.cpp, 603] - Read CC1020 completed, Address=0x000F, Data=0xDF
2013/07/17 22:14:56:146 [006916] TRACE [Prb.cpp, 584] - Reading CC1020, Address=0x0010
2013/07/17 22:14:56:147 [006916] TRACE [Prb.cpp, 1035] - ReadCC1020Packet(0x10):01 00 0C 39 84 00 02 00 10 89 51 0D 
2013/07/17 22:14:56:147 [004548] TRACE [Prb.cpp, 835] - RxStream contents:01 00 0C 27 06 39 00 01 80 94 FD 0D 
2013/07/17 22:14:56:147 [004548] TRACE [Prb.cpp, 943] - RadioBoardPacket(ACK):01 00 0C 27 06 39 00 01 80 94 FD 0D 
2013/07/17 22:14:56:148 [006916] DEBUG [Prb.cpp, 603] - Read CC1020 completed, Address=0x0010, Data=0x80
2013/07/17 22:14:56:148 [006916] TRACE [Prb.cpp, 584] - Reading CC1020, Address=0x0013
2013/07/17 22:14:56:149 [006916] TRACE [Prb.cpp, 1035] - ReadCC1020Packet(0x13):01 00 0C 3A 84 00 02 00 13 01 5B 0D 
2013/07/17 22:14:56:149 [004548] TRACE [Prb.cpp, 835] - RxStream contents:01 00 0C 28 06 3A 00 01 33 03 5B 0D 
2013/07/17 22:14:56:150 [004548] TRACE [Prb.cpp, 943] - RadioBoardPacket(ACK):01 00 0C 28 06 3A 00 01 33 03 5B 0D 
2013/07/17 22:14:56:150 [006916] DEBUG [Prb.cpp, 603] - Read CC1020 completed, Address=0x0013, Data=0x33
2013/07/17 22:14:56:151 [006916] TRACE [Prb.cpp, 584] - Reading CC1020, Address=0x0014
2013/07/17 22:14:56:152 [006916] TRACE [Prb.cpp, 1035] - ReadCC1020Packet(0x14):01 00 0C 3B 84 00 02 00 14 79 49 0D 
2013/07/17 22:14:56:152 [004548] TRACE [Prb.cpp, 835] - RxStream contents:01 00 0C 29 06 3B 00 01 3D EF 7C 0D 
2013/07/17 22:14:56:152 [004548] TRACE [Prb.cpp, 943] - RadioBoardPacket(ACK):01 00 0C 29 06 3B 00 01 3D EF 7C 0D 
2013/07/17 22:14:56:153 [006916] DEBUG [Prb.cpp, 603] - Read CC1020 completed, Address=0x0014, Data=0x3D
2013/07/17 22:14:56:153 [006916] TRACE [Prb.cpp, 584] - Reading CC1020, Address=0x0043
2013/07/17 22:14:56:154 [006916] TRACE [Prb.cpp, 1035] - ReadCC1020Packet(0x43):01 00 0C 3C 84 00 02 00 43 90 BE 0D 
2013/07/17 22:14:56:154 [004548] TRACE [Prb.cpp, 835] - RxStream contents:01 00 0C 2A 06 3C 00 01 00 0B F2 0D 
2013/07/17 22:14:56:155 [004548] TRACE [Prb.cpp, 943] - RadioBoardPacket(ACK):01 00 0C 2A 06 3C 00 01 00 0B F2 0D 
2013/07/17 22:14:56:155 [006916] DEBUG [Prb.cpp, 603] - Read CC1020 completed, Address=0x0043, Data=0x00
2013/07/17 22:14:56:156 [006916] DEBUG [ComSysDiagnostics.cpp, 63] - CC1020 [Scan complete] FREQ_2A: 0x35 FREQ_1A: 0xf0 FREQ_0A: 0x21
2013/07/17 22:14:56:157 [006916] DEBUG [ComSysDiagnostics.cpp, 67] - CC1020 [Scan complete] FREQ_2B: 0x35 FREQ_1B: 0xfa FREQ_0B: 0xcb
2013/07/17 22:14:56:157 [006916] DEBUG [ComSysDiagnostics.cpp, 72] - CC1020 [Scan complete] AFC_CONTROL: 0xdf FILTER: 0x80 VGA3: 0x33 VGA4: 0x3d AFC: 0x00
2013/07/17 22:14:56:158 [006916] INFO [CommunicationSystemStates.cpp, 173] - Found 1 valid ids during the scan operation.
2013/07/17 22:14:56:160 [006916] INFO [CommunicationSystemStates.cpp, 190] - Id: 0x801c0094.
2013/07/17 22:14:56:161 [006916] INFO [CommunicationSystemStates.cpp, 198] - Found 0 invalid ids during the scan operation.
2013/07/17 22:14:56:165 [004932] INFO [CommunicationSystemStates.cpp, 130] - Scan requested. Preamble Burst Duration: 2 seconds. Preamble Burst Data Rate: 0.
2013/07/17 22:14:56:165 [004932] TRACE [Prb.cpp, 448] - Writing FPGA, Address=0x1002, Data=0x02
2013/07/17 22:14:56:166 [004932] TRACE [Prb.cpp, 1035] - WriteFPGAPacket(0x1002, 0x02):01 00 0D 3D 81 00 03 10 02 02 A7 3A 0D 
2013/07/17 22:14:56:166 [004548] TRACE [Prb.cpp, 835] - RxStream contents:01 00 0B 2B 06 3D 00 00 3F 66 0D 
2013/07/17 22:14:56:167 [004548] TRACE [Prb.cpp, 943] - RadioBoardPacket(ACK):01 00 0B 2B 06 3D 00 00 3F 66 0D 
2013/07/17 22:14:56:168 [004932] DEBUG [Prb.cpp, 466] - Write FPGA completed, Address=0x1002, Data=0x02
2013/07/17 22:14:56:168 [004932] TRACE [Prb.cpp, 493] - Reading FPGA, Address=0x1004
2013/07/17 22:14:56:169 [004932] TRACE [Prb.cpp, 1035] - ReadFPGAPacket(0x1004):01 00 0C 3E 82 00 02 10 04 00 3C 0D 
2013/07/17 22:14:56:169 [004548] TRACE [Prb.cpp, 835] - RxStream contents:01 00 0C 2C 06 3E 00 01 08 B3 C7 0D 
2013/07/17 22:14:56:170 [004548] TRACE [Prb.cpp, 943] - RadioBoardPacket(ACK):01 00 0C 2C 06 3E 00 01 08 B3 C7 0D 
2013/07/17 22:14:56:171 [004932] DEBUG [Prb.cpp, 512] - Read FPGA completed, Address=0x1004, Data=0x08
2013/07/17 22:14:56:171 [004932] TRACE [Prb.cpp, 448] - Writing FPGA, Address=0x1004, Data=0x00
2013/07/17 22:14:56:172 [004932] TRACE [Prb.cpp, 1035] - WriteFPGAPacket(0x1004, 0x00):01 00 0D 3F 81 00 03 10 04 00 B1 16 0D 
2013/07/17 22:14:56:172 [004548] TRACE [Prb.cpp, 835] - RxStream contents:01 00 0B 2D 06 3F 00 00 BE 5D 0D 
2013/07/17 22:14:56:173 [004548] TRACE [Prb.cpp, 943] - RadioBoardPacket(ACK):01 00 0B 2D 06 3F 00 00 BE 5D 0D 
2013/07/17 22:14:56:173 [004932] DEBUG [Prb.cpp, 466] - Write FPGA completed, Address=0x1004, Data=0x00
2013/07/17 22:14:56:174 [004932] TRACE [Prb.cpp, 448] - Writing FPGA, Address=0x1008, Data=0x02
2013/07/17 22:14:56:174 [004932] TRACE [Prb.cpp, 1035] - WriteFPGAPacket(0x1008, 0x02):01 00 0D 40 81 00 03 10 08 02 E1 EA 0D 
2013/07/17 22:14:56:174 [004548] TRACE [Prb.cpp, 835] - RxStream contents:01 00 0B 2E 06 40 00 00 38 DA 0D 
2013/07/17 22:14:56:175 [004548] TRACE [Prb.cpp, 943] - RadioBoardPacket(ACK):01 00 0B 2E 06 40 00 00 38 DA 0D 
2013/07/17 22:14:56:176 [004932] DEBUG [Prb.cpp, 466] - Write FPGA completed, Address=0x1008, Data=0x02
2013/07/17 22:15:00:289 [006916] INFO [CommunicationSystemStates.cpp, 168] - Scan complete
2013/07/17 22:15:00:289 [006916] TRACE [Prb.cpp, 584] - Reading CC1020, Address=0x0004
2013/07/17 22:15:00:290 [006916] TRACE [Prb.cpp, 1035] - ReadCC1020Packet(0x04):01 00 0C 41 84 00 02 00 04 49 54 0D 
2013/07/17 22:15:00:290 [004548] TRACE [Prb.cpp, 835] - RxStream contents:01 00 0C 30 06 41 00 01 35 9F 40 0D 
2013/07/17 22:15:00:291 [004548] TRACE [Prb.cpp, 943] - RadioBoardPacket(ACK):01 00 0C 30 06 41 00 01 35 9F 40 0D 
2013/07/17 22:15:00:292 [006916] DEBUG [Prb.cpp, 603] - Read CC1020 completed, Address=0x0004, Data=0x35
2013/07/17 22:15:00:292 [006916] TRACE [Prb.cpp, 584] - Reading CC1020, Address=0x0005
2013/07/17 22:15:00:293 [006916] TRACE [Prb.cpp, 1035] - ReadCC1020Packet(0x05):01 00 0C 42 84 00 02 00 05 41 51 0D 
2013/07/17 22:15:00:293 [004548] TRACE [Prb.cpp, 835] - RxStream contents:01 00 0C 31 06 42 00 01 F0 59 DD 0D 
2013/07/17 22:15:00:294 [004548] TRACE [Prb.cpp, 943] - RadioBoardPacket(ACK):01 00 0C 31 06 42 00 01 F0 59 DD 0D 
2013/07/17 22:15:00:295 [006916] DEBUG [Prb.cpp, 603] - Read CC1020 completed, Address=0x0005, Data=0xF0
2013/07/17 22:15:00:295 [006916] TRACE [Prb.cpp, 584] - Reading CC1020, Address=0x0006
2013/07/17 22:15:00:296 [006916] TRACE [Prb.cpp, 1035] - ReadCC1020Packet(0x06):01 00 0C 43 84 00 02 00 06 B9 58 0D 
2013/07/17 22:15:00:296 [004548] TRACE [Prb.cpp, 835] - RxStream contents:01 00 0C 32 06 43 00 01 21 47 38 0D 
2013/07/17 22:15:00:297 [004548] TRACE [Prb.cpp, 943] - RadioBoardPacket(ACK):01 00 0C 32 06 43 00 01 21 47 38 0D 
2013/07/17 22:15:00:297 [006916] DEBUG [Prb.cpp, 603] - Read CC1020 completed, Address=0x0006, Data=0x21
2013/07/17 22:15:00:298 [006916] TRACE [Prb.cpp, 584] - Reading CC1020, Address=0x0008
2013/07/17 22:15:00:298 [006916] TRACE [Prb.cpp, 1035] - ReadCC1020Packet(0x08):01 00 0C 44 84 00 02 00 08 51 79 0D 
2013/07/17 22:15:00:298 [004548] TRACE [Prb.cpp, 835] - RxStream contents:01 00 0C 33 06 44 00 01 35 53 40 0D 
2013/07/17 22:15:00:299 [004548] TRACE [Prb.cpp, 943] - RadioBoardPacket(ACK):01 00 0C 33 06 44 00 01 35 53 40 0D 
2013/07/17 22:15:00:300 [006916] DEBUG [Prb.cpp, 603] - Read CC1020 completed, Address=0x0008, Data=0x35
2013/07/17 22:15:00:301 [006916] TRACE [Prb.cpp, 584] - Reading CC1020, Address=0x0009
2013/07/17 22:15:00:302 [006916] TRACE [Prb.cpp, 1035] - ReadCC1020Packet(0x09):01 00 0C 45 84 00 02 00 09 29 7F 0D 
2013/07/17 22:15:00:302 [004548] TRACE [Prb.cpp, 835] - RxStream contents:01 00 0C 34 06 45 00 01 FA AD E7 0D 
2013/07/17 22:15:00:303 [004548] TRACE [Prb.cpp, 943] - RadioBoardPacket(ACK):01 00 0C 34 06 45 00 01 FA AD E7 0D 
2013/07/17 22:15:00:303 [006916] DEBUG [Prb.cpp, 603] - Read CC1020 completed, Address=0x0009, Data=0xFA
2013/07/17 22:15:00:304 [006916] TRACE [Prb.cpp, 584] - Reading CC1020, Address=0x000A
2013/07/17 22:15:00:304 [006916] TRACE [Prb.cpp, 1035] - ReadCC1020Packet(0x0A):01 00 0C 46 84 00 02 00 0A A1 75 0D 
2013/07/17 22:15:00:304 [004548] TRACE [Prb.cpp, 835] - RxStream contents:01 00 0C 35 06 46 00 01 CB E9 41 0D 
2013/07/17 22:15:00:305 [004548] TRACE [Prb.cpp, 943] - RadioBoardPacket(ACK):01 00 0C 35 06 46 00 01 CB E9 41 0D 
2013/07/17 22:15:00:305 [006916] DEBUG [Prb.cpp, 603] - Read CC1020 completed, Address=0x000A, Data=0xCB
2013/07/17 22:15:00:306 [006916] TRACE [Prb.cpp, 584] - Reading CC1020, Address=0x000F
2013/07/17 22:15:00:306 [006916] TRACE [Prb.cpp, 1035] - ReadCC1020Packet(0x0F):01 00 0C 47 84 00 02 00 0F 59 68 0D 
2013/07/17 22:15:00:307 [004548] TRACE [Prb.cpp, 835] - RxStream contents:01 00 0C 36 06 47 00 01 DF F5 3A 0D 
2013/07/17 22:15:00:307 [004548] TRACE [Prb.cpp, 943] - RadioBoardPacket(ACK):01 00 0C 36 06 47 00 01 DF F5 3A 0D 
2013/07/17 22:15:00:308 [006916] DEBUG [Prb.cpp, 603] - Read CC1020 completed, Address=0x000F, Data=0xDF
2013/07/17 22:15:00:308 [006916] TRACE [Prb.cpp, 584] - Reading CC1020, Address=0x0010
2013/07/17 22:15:00:309 [006916] TRACE [Prb.cpp, 1035] - ReadCC1020Packet(0x10):01 00 0C 48 84 00 02 00 10 F1 26 0D 
2013/07/17 22:15:00:309 [004548] TRACE [Prb.cpp, 835] - RxStream contents:01 00 0C 37 06 48 00 01 80 C0 FB 0D 
2013/07/17 22:15:00:310 [004548] TRACE [Prb.cpp, 943] - RadioBoardPacket(ACK):01 00 0C 37 06 48 00 01 80 C0 FB 0D 
2013/07/17 22:15:00:310 [006916] DEBUG [Prb.cpp, 603] - Read CC1020 completed, Address=0x0010, Data=0x80
2013/07/17 22:15:00:311 [006916] TRACE [Prb.cpp, 584] - Reading CC1020, Address=0x0013
2013/07/17 22:15:00:311 [004548] TRACE [Prb.cpp, 835] - RxStream contents:01 00 0C 38 06 49 00 01 33 FF 5E 0D 
2013/07/17 22:15:00:311 [006916] TRACE [Prb.cpp, 1035] - ReadCC1020Packet(0x13):01 00 0C 49 84 00 02 00 13 09 2F 0D 
2013/07/17 22:15:00:312 [004548] TRACE [Prb.cpp, 943] - RadioBoardPacket(ACK):01 00 0C 38 06 49 00 01 33 FF 5E 0D 
2013/07/17 22:15:00:313 [006916] DEBUG [Prb.cpp, 603] - Read CC1020 completed, Address=0x0013, Data=0x33
2013/07/17 22:15:00:313 [006916] TRACE [Prb.cpp, 584] - Reading CC1020, Address=0x0014
2013/07/17 22:15:00:314 [006916] TRACE [Prb.cpp, 1035] - ReadCC1020Packet(0x14):01 00 0C 4A 84 00 02 00 14 01 3E 0D 
2013/07/17 22:15:00:314 [004548] TRACE [Prb.cpp, 835] - RxStream contents:01 00 0C 39 06 4A 00 01 3D BB 7A 0D 
2013/07/17 22:15:00:315 [004548] TRACE [Prb.cpp, 943] - RadioBoardPacket(ACK):01 00 0C 39 06 4A 00 01 3D BB 7A 0D 
2013/07/17 22:15:00:315 [006916] DEBUG [Prb.cpp, 603] - Read CC1020 completed, Address=0x0014, Data=0x3D
2013/07/17 22:15:00:315 [006916] TRACE [Prb.cpp, 584] - Reading CC1020, Address=0x0043
2013/07/17 22:15:00:316 [006916] TRACE [Prb.cpp, 1035] - ReadCC1020Packet(0x43):01 00 0C 4B 84 00 02 00 43 78 CC 0D 
2013/07/17 22:15:00:316 [004548] TRACE [Prb.cpp, 835] - RxStream contents:01 00 0C 3A 06 4B 00 01 00 27 F4 0D 
2013/07/17 22:15:00:317 [004548] TRACE [Prb.cpp, 943] - RadioBoardPacket(ACK):01 00 0C 3A 06 4B 00 01 00 27 F4 0D 
2013/07/17 22:15:00:317 [006916] DEBUG [Prb.cpp, 603] - Read CC1020 completed, Address=0x0043, Data=0x00
2013/07/17 22:15:00:318 [006916] DEBUG [ComSysDiagnostics.cpp, 63] - CC1020 [Scan complete] FREQ_2A: 0x35 FREQ_1A: 0xf0 FREQ_0A: 0x21
2013/07/17 22:15:00:318 [006916] DEBUG [ComSysDiagnostics.cpp, 67] - CC1020 [Scan complete] FREQ_2B: 0x35 FREQ_1B: 0xfa FREQ_0B: 0xcb
2013/07/17 22:15:00:319 [006916] DEBUG [ComSysDiagnostics.cpp, 72] - CC1020 [Scan complete] AFC_CONTROL: 0xdf FILTER: 0x80 VGA3: 0x33 VGA4: 0x3d AFC: 0x00
2013/07/17 22:15:00:319 [006916] INFO [CommunicationSystemStates.cpp, 173] - Found 1 valid ids during the scan operation.
2013/07/17 22:15:00:320 [006916] INFO [CommunicationSystemStates.cpp, 190] - Id: 0x801c0094.
2013/07/17 22:15:00:320 [006916] INFO [CommunicationSystemStates.cpp, 198] - Found 0 invalid ids during the scan operation.
2013/07/17 22:15:00:335 [001224] TRACE [Prb.cpp, 493] - Reading FPGA, Address=0x1004
2013/07/17 22:15:00:336 [001224] TRACE [Prb.cpp, 1035] - ReadFPGAPacket(0x1004):01 00 0C 4C 82 00 02 10 04 F0 4B 0D 
2013/07/17 22:15:00:336 [004548] TRACE [Prb.cpp, 835] - RxStream contents:01 00 0C 3B 06 4C 00 01 00 33 F4 0D 
2013/07/17 22:15:00:337 [004548] TRACE [Prb.cpp, 943] - RadioBoardPacket(ACK):01 00 0C 3B 06 4C 00 01 00 33 F4 0D 
2013/07/17 22:15:00:338 [001224] DEBUG [Prb.cpp, 512] - Read FPGA completed, Address=0x1004, Data=0x00
2013/07/17 22:15:00:338 [001224] TRACE [Prb.cpp, 448] - Writing FPGA, Address=0x1004, Data=0x00
2013/07/17 22:15:00:339 [001224] TRACE [Prb.cpp, 1035] - WriteFPGAPacket(0x1004, 0x00):01 00 0D 4D 81 00 03 10 04 00 C4 36 0D 
2013/07/17 22:15:00:339 [004548] TRACE [Prb.cpp, 835] - RxStream contents:01 00 0B 3C 06 4D 00 00 BF 4D 0D 
2013/07/17 22:15:00:340 [004548] TRACE [Prb.cpp, 943] - RadioBoardPacket(ACK):01 00 0B 3C 06 4D 00 00 BF 4D 0D 
2013/07/17 22:15:00:341 [001224] DEBUG [Prb.cpp, 466] - Write FPGA completed, Address=0x1004, Data=0x00
2013/07/17 22:15:00:342 [004932] INFO [CrossTalkDetectorStates.cpp, 98] - LinkTimeout = 4523 ms
2013/07/17 22:15:00:343 [004932] INFO [CrossTalkDetector.cpp, 68] - CrossTalkDetector state changing from IdleState to LinkingState
2013/07/17 22:15:00:344 [004932] INFO [CommunicationSystemStates.cpp, 147] - Link requested. Id: 0x801c0094. Preamble Burst Duration: 2 seconds. Preamble Burst Data Rate: 0.
2013/07/17 22:15:00:346 [004932] DEBUG [ComSysDiagnostics.cpp, 95] - Resetting FPGA Frame Error Counter
2013/07/17 22:15:00:347 [004932] TRACE [Prb.cpp, 448] - Writing FPGA, Address=0x301C, Data=0x00
2013/07/17 22:15:00:347 [004932] TRACE [Prb.cpp, 1035] - WriteFPGAPacket(0x301C, 0x00):01 00 0D 4E 81 00 03 30 1C 00 15 85 0D 
2013/07/17 22:15:00:348 [004548] TRACE [Prb.cpp, 835] - RxStream contents:01 00 0B 3D 06 4E 00 00 3F 0A 0D 
2013/07/17 22:15:00:349 [004548] TRACE [Prb.cpp, 943] - RadioBoardPacket(ACK):01 00 0B 3D 06 4E 00 00 3F 0A 0D 
2013/07/17 22:15:00:349 [004932] DEBUG [Prb.cpp, 466] - Write FPGA completed, Address=0x301C, Data=0x00
2013/07/17 22:15:00:350 [004932] TRACE [Prb.cpp, 448] - Writing FPGA, Address=0x2000, Data=0x80
2013/07/17 22:15:00:351 [004932] TRACE [Prb.cpp, 1035] - WriteFPGAPacket(0x2000, 0x80):01 00 0D 4F 81 00 03 20 00 80 5E D5 0D 
2013/07/17 22:15:00:351 [004548] TRACE [Prb.cpp, 835] - RxStream contents:01 00 0B 3E 06 4F 00 00 BF 95 0D 
2013/07/17 22:15:00:352 [004548] TRACE [Prb.cpp, 943] - RadioBoardPacket(ACK):01 00 0B 3E 06 4F 00 00 BF 95 0D 
2013/07/17 22:15:00:352 [004932] DEBUG [Prb.cpp, 466] - Write FPGA completed, Address=0x2000, Data=0x80
2013/07/17 22:15:00:353 [004932] TRACE [Prb.cpp, 448] - Writing FPGA, Address=0x2002, Data=0x1C
2013/07/17 22:15:00:354 [004932] TRACE [Prb.cpp, 1035] - WriteFPGAPacket(0x2002, 0x1C):01 00 0D 50 81 00 03 20 02 1C 4F 6D 0D 
2013/07/17 22:15:00:354 [004548] TRACE [Prb.cpp, 835] - RxStream contents:01 00 0B 3F 06 50 00 00 BE 61 0D 
2013/07/17 22:15:00:355 [004548] TRACE [Prb.cpp, 943] - RadioBoardPacket(ACK):01 00 0B 3F 06 50 00 00 BE 61 0D 
2013/07/17 22:15:00:355 [004932] DEBUG [Prb.cpp, 466] - Write FPGA completed, Address=0x2002, Data=0x1C
2013/07/17 22:15:00:356 [004932] TRACE [Prb.cpp, 448] - Writing FPGA, Address=0x2004, Data=0x00
2013/07/17 22:15:00:356 [004932] TRACE [Prb.cpp, 1035] - WriteFPGAPacket(0x2004, 0x00):01 00 0D 51 81 00 03 20 04 00 5A 35 0D 
2013/07/17 22:15:00:357 [004548] TRACE [Prb.cpp, 835] - RxStream contents:01 00 0B 40 06 51 00 00 AA 5D 0D 
2013/07/17 22:15:00:357 [004548] TRACE [Prb.cpp, 943] - RadioBoardPacket(ACK):01 00 0B 40 06 51 00 00 AA 5D 0D 
2013/07/17 22:15:00:358 [004932] DEBUG [Prb.cpp, 466] - Write FPGA completed, Address=0x2004, Data=0x00
2013/07/17 22:15:00:358 [004932] TRACE [Prb.cpp, 448] - Writing FPGA, Address=0x2006, Data=0x94
2013/07/17 22:15:00:359 [004932] TRACE [Prb.cpp, 1035] - WriteFPGAPacket(0x2006, 0x94):01 00 0D 52 81 00 03 20 06 94 56 7D 0D 
2013/07/17 22:15:00:359 [004548] TRACE [Prb.cpp, 835] - RxStream contents:01 00 0B 41 06 52 00 00 2A 1A 0D 
2013/07/17 22:15:00:360 [004548] TRACE [Prb.cpp, 943] - RadioBoardPacket(ACK):01 00 0B 41 06 52 00 00 2A 1A 0D 
2013/07/17 22:15:00:361 [004932] DEBUG [Prb.cpp, 466] - Write FPGA completed, Address=0x2006, Data=0x94
2013/07/17 22:15:00:361 [004932] TRACE [Prb.cpp, 448] - Writing FPGA, Address=0x1002, Data=0x02
2013/07/17 22:15:00:362 [004932] TRACE [Prb.cpp, 1035] - WriteFPGAPacket(0x1002, 0x02):01 00 0D 53 81 00 03 10 02 02 4F D9 0D 
2013/07/17 22:15:00:362 [004548] TRACE [Prb.cpp, 835] - RxStream contents:01 00 0B 42 06 53 00 00 AA 85 0D 
2013/07/17 22:15:00:363 [004548] TRACE [Prb.cpp, 943] - RadioBoardPacket(ACK):01 00 0B 42 06 53 00 00 AA 85 0D 
2013/07/17 22:15:00:364 [004932] DEBUG [Prb.cpp, 466] - Write FPGA completed, Address=0x1002, Data=0x02
2013/07/17 22:15:00:364 [004932] TRACE [Prb.cpp, 493] - Reading FPGA, Address=0x1004
2013/07/17 22:15:00:365 [004932] TRACE [Prb.cpp, 1035] - ReadFPGAPacket(0x1004):01 00 0C 54 82 00 02 10 04 30 50 0D 
2013/07/17 22:15:00:365 [004548] TRACE [Prb.cpp, 835] - RxStream contents:01 00 0C 43 06 54 00 01 00 93 8C 0D 
2013/07/17 22:15:00:366 [004548] TRACE [Prb.cpp, 943] - RadioBoardPacket(ACK):01 00 0C 43 06 54 00 01 00 93 8C 0D 
2013/07/17 22:15:00:366 [004932] DEBUG [Prb.cpp, 512] - Read FPGA completed, Address=0x1004, Data=0x00
2013/07/17 22:15:00:367 [004932] TRACE [Prb.cpp, 448] - Writing FPGA, Address=0x1004, Data=0x00
2013/07/17 22:15:00:367 [004932] TRACE [Prb.cpp, 1035] - WriteFPGAPacket(0x1004, 0x00):01 00 0D 55 81 00 03 10 04 00 DD B6 0D 
2013/07/17 22:15:00:367 [004548] TRACE [Prb.cpp, 835] - RxStream contents:01 00 0B 44 06 55 00 00 AB ED 0D 
2013/07/17 22:15:00:368 [004548] TRACE [Prb.cpp, 943] - RadioBoardPacket(ACK):01 00 0B 44 06 55 00 00 AB ED 0D 
2013/07/17 22:15:00:369 [004932] DEBUG [Prb.cpp, 466] - Write FPGA completed, Address=0x1004, Data=0x00
2013/07/17 22:15:00:369 [004932] TRACE [Prb.cpp, 448] - Writing FPGA, Address=0x1008, Data=0x04
2013/07/17 22:15:00:370 [004932] TRACE [Prb.cpp, 1035] - WriteFPGAPacket(0x1008, 0x04):01 00 0D 56 81 00 03 10 08 04 76 9D 0D 
2013/07/17 22:15:00:370 [004548] TRACE [Prb.cpp, 835] - RxStream contents:01 00 0B 45 06 56 00 00 2B AA 0D 
2013/07/17 22:15:00:371 [004548] TRACE [Prb.cpp, 943] - RadioBoardPacket(ACK):01 00 0B 45 06 56 00 00 2B AA 0D 
2013/07/17 22:15:00:371 [004932] DEBUG [Prb.cpp, 466] - Write FPGA completed, Address=0x1008, Data=0x04
2013/07/17 22:15:03:010 [006916] INFO [CrossTalkDetectorStates.cpp, 174] - Invalid frame while linking
2013/07/17 22:15:03:011 [006916] TRACE [Prb.cpp, 493] - Reading FPGA, Address=0x3018
2013/07/17 22:15:03:012 [006916] TRACE [Prb.cpp, 1035] - ReadFPGAPacket(0x3018):01 00 0C 57 82 00 02 30 18 78 18 0D 
2013/07/17 22:15:03:012 [004548] TRACE [Prb.cpp, 835] - RxStream contents:01 00 0C 47 06 57 00 01 3E CF 0D 0D 
2013/07/17 22:15:03:013 [004548] TRACE [Prb.cpp, 943] - RadioBoardPacket(ACK):01 00 0C 47 06 57 00 01 3E CF 0D 0D 
2013/07/17 22:15:03:014 [006916] DEBUG [Prb.cpp, 512] - Read FPGA completed, Address=0x3018, Data=0x3E
2013/07/17 22:15:03:014 [006916] TRACE [Prb.cpp, 493] - Reading FPGA, Address=0x301A
2013/07/17 22:15:03:015 [006916] TRACE [Prb.cpp, 1035] - ReadFPGAPacket(0x301A):01 00 0C 58 82 00 02 30 1A D0 18 0D 
2013/07/17 22:15:03:015 [004548] TRACE [Prb.cpp, 835] - RxStream contents:01 00 0C 48 06 58 00 01 00 AB 85 0D 
2013/07/17 22:15:03:016 [004548] TRACE [Prb.cpp, 943] - RadioBoardPacket(ACK):01 00 0C 48 06 58 00 01 00 AB 85 0D 
2013/07/17 22:15:03:016 [006916] DEBUG [Prb.cpp, 512] - Read FPGA completed, Address=0x301A, Data=0x00
2013/07/17 22:15:03:017 [006916] TRACE [Prb.cpp, 493] - Reading FPGA, Address=0x3070
2013/07/17 22:15:03:017 [006916] TRACE [Prb.cpp, 1035] - ReadFPGAPacket(0x3070):01 00 0C 59 82 00 02 30 70 29 67 0D 
2013/07/17 22:15:03:017 [004548] TRACE [Prb.cpp, 835] - RxStream contents:01 00 0C 49 06 59 00 01 FF C5 87 0D 
2013/07/17 22:15:03:019 [004548] TRACE [Prb.cpp, 943] - RadioBoardPacket(ACK):01 00 0C 49 06 59 00 01 FF C5 87 0D 
2013/07/17 22:15:03:019 [006916] DEBUG [Prb.cpp, 512] - Read FPGA completed, Address=0x3070, Data=0xFF
2013/07/17 22:15:03:020 [006916] DEBUG [ComSysDiagnostics.cpp, 31] - FPGA RSSI/AFC [Linking(invalid frame)] linkedRSSI:62 linkedAFC:0 AFC:255
2013/07/17 22:15:03:025 [006916] TRACE [Prb.cpp, 493] - Reading FPGA, Address=0x3018
2013/07/17 22:15:03:026 [006916] TRACE [Prb.cpp, 1035] - ReadFPGAPacket(0x3018):01 00 0C 5A 82 00 02 30 18 20 14 0D 
2013/07/17 22:15:03:026 [004548] TRACE [Prb.cpp, 835] - RxStream contents:01 00 0C 4B 06 5A 00 01 3D 0B 0B 0D 
2013/07/17 22:15:03:027 [004548] TRACE [Prb.cpp, 943] - RadioBoardPacket(ACK):01 00 0C 4B 06 5A 00 01 3D 0B 0B 0D 
2013/07/17 22:15:03:028 [006916] DEBUG [Prb.cpp, 512] - Read FPGA completed, Address=0x3018, Data=0x3D
2013/07/17 22:15:03:028 [006916] TRACE [Prb.cpp, 493] - Reading FPGA, Address=0x301A
2013/07/17 22:15:03:029 [006916] TRACE [Prb.cpp, 1035] - ReadFPGAPacket(0x301A):01 00 0C 5B 82 00 02 30 1A 58 18 0D 
2013/07/17 22:15:03:029 [004548] TRACE [Prb.cpp, 835] - RxStream contents:01 00 0C 4C 06 5B 00 01 FF 75 81 0D 
2013/07/17 22:15:03:030 [004548] TRACE [Prb.cpp, 943] - RadioBoardPacket(ACK):01 00 0C 4C 06 5B 00 01 FF 75 81 0D 
2013/07/17 22:15:03:031 [006916] DEBUG [Prb.cpp, 512] - Read FPGA completed, Address=0x301A, Data=0xFF
2013/07/17 22:15:03:031 [006916] TRACE [Prb.cpp, 493] - Reading FPGA, Address=0x3070
2013/07/17 22:15:03:032 [006916] TRACE [Prb.cpp, 1035] - ReadFPGAPacket(0x3070):01 00 0C 5C 82 00 02 30 70 31 62 0D 
2013/07/17 22:15:03:032 [004548] TRACE [Prb.cpp, 835] - RxStream contents:01 00 0C 4D 06 5C 00 01 00 63 83 0D 
2013/07/17 22:15:03:033 [004548] TRACE [Prb.cpp, 943] - RadioBoardPacket(ACK):01 00 0C 4D 06 5C 00 01 00 63 83 0D 
2013/07/17 22:15:03:033 [006916] DEBUG [Prb.cpp, 512] - Read FPGA completed, Address=0x3070, Data=0x00
2013/07/17 22:15:03:034 [006916] DEBUG [ComSysDiagnostics.cpp, 31] - FPGA RSSI/AFC [Linking(valid frame)] linkedRSSI:61 linkedAFC:255 AFC:0
2013/07/17 22:15:03:040 [006916] TRACE [Prb.cpp, 493] - Reading FPGA, Address=0x3018
2013/07/17 22:15:03:041 [006916] TRACE [Prb.cpp, 1035] - ReadFPGAPacket(0x3018):01 00 0C 5D 82 00 02 30 18 48 12 0D 
2013/07/17 22:15:03:041 [004548] TRACE [Prb.cpp, 835] - RxStream contents:01 00 0C 4F 06 5D 00 01 3F 87 01 0D 
2013/07/17 22:15:03:042 [004548] TRACE [Prb.cpp, 943] - RadioBoardPacket(ACK):01 00 0C 4F 06 5D 00 01 3F 87 01 0D 
2013/07/17 22:15:03:042 [006916] DEBUG [Prb.cpp, 512] - Read FPGA completed, Address=0x3018, Data=0x3F
2013/07/17 22:15:03:043 [006916] TRACE [Prb.cpp, 493] - Reading FPGA, Address=0x301A
2013/07/17 22:15:03:044 [006916] TRACE [Prb.cpp, 1035] - ReadFPGAPacket(0x301A):01 00 0C 5E 82 00 02 30 1A 40 1D 0D 
2013/07/17 22:15:03:044 [004548] TRACE [Prb.cpp, 835] - RxStream contents:01 00 0C 50 06 5E 00 01 00 13 9E 0D 
2013/07/17 22:15:03:045 [004548] TRACE [Prb.cpp, 943] - RadioBoardPacket(ACK):01 00 0C 50 06 5E 00 01 00 13 9E 0D 
2013/07/17 22:15:03:045 [006916] DEBUG [Prb.cpp, 512] - Read FPGA completed, Address=0x301A, Data=0x00
2013/07/17 22:15:03:046 [006916] TRACE [Prb.cpp, 493] - Reading FPGA, Address=0x3070
2013/07/17 22:15:03:046 [006916] TRACE [Prb.cpp, 1035] - ReadFPGAPacket(0x3070):01 00 0C 5F 82 00 02 30 70 B9 62 0D 
2013/07/17 22:15:03:046 [004548] TRACE [Prb.cpp, 835] - RxStream contents:01 00 0C 51 06 5F 00 01 FF 7D 9C 0D 
2013/07/17 22:15:03:047 [004548] TRACE [Prb.cpp, 943] - RadioBoardPacket(ACK):01 00 0C 51 06 5F 00 01 FF 7D 9C 0D 
2013/07/17 22:15:03:048 [006916] DEBUG [Prb.cpp, 512] - Read FPGA completed, Address=0x3070, Data=0xFF
2013/07/17 22:15:03:048 [006916] DEBUG [ComSysDiagnostics.cpp, 31] - FPGA RSSI/AFC [Linking(valid frame)] linkedRSSI:63 linkedAFC:0 AFC:255
2013/07/17 22:15:03:054 [006916] TRACE [Prb.cpp, 493] - Reading FPGA, Address=0x3018
2013/07/17 22:15:03:054 [006916] TRACE [Prb.cpp, 1035] - ReadFPGAPacket(0x3018):01 00 0C 60 82 00 02 30 18 10 2D 0D 
2013/07/17 22:15:03:054 [004548] TRACE [Prb.cpp, 835] - RxStream contents:01 00 0C 53 06 60 00 01 3F 03 15 0D 
2013/07/17 22:15:03:056 [004548] TRACE [Prb.cpp, 943] - RadioBoardPacket(ACK):01 00 0C 53 06 60 00 01 3F 03 15 0D 
2013/07/17 22:15:03:056 [006916] DEBUG [Prb.cpp, 512] - Read FPGA completed, Address=0x3018, Data=0x3F
2013/07/17 22:15:03:057 [006916] TRACE [Prb.cpp, 493] - Reading FPGA, Address=0x301A
2013/07/17 22:15:03:057 [006916] TRACE [Prb.cpp, 1035] - ReadFPGAPacket(0x301A):01 00 0C 61 82 00 02 30 1A 68 21 0D 
2013/07/17 22:15:03:057 [004548] TRACE [Prb.cpp, 835] - RxStream contents:01 00 0C 54 06 61 00 01 FF FD 90 0D 
2013/07/17 22:15:03:058 [004548] TRACE [Prb.cpp, 943] - RadioBoardPacket(ACK):01 00 0C 54 06 61 00 01 FF FD 90 0D 
2013/07/17 22:15:03:059 [006916] DEBUG [Prb.cpp, 512] - Read FPGA completed, Address=0x301A, Data=0xFF
2013/07/17 22:15:03:060 [006916] TRACE [Prb.cpp, 493] - Reading FPGA, Address=0x3070
2013/07/17 22:15:03:060 [006916] TRACE [Prb.cpp, 1035] - ReadFPGAPacket(0x3070):01 00 0C 62 82 00 02 30 70 E1 5D 0D 
2013/07/17 22:15:03:060 [004548] TRACE [Prb.cpp, 835] - RxStream contents:01 00 0C 55 06 62 00 01 00 3B 91 0D 
2013/07/17 22:15:03:061 [004548] TRACE [Prb.cpp, 943] - RadioBoardPacket(ACK):01 00 0C 55 06 62 00 01 00 3B 91 0D 
2013/07/17 22:15:03:062 [006916] DEBUG [Prb.cpp, 512] - Read FPGA completed, Address=0x3070, Data=0x00
2013/07/17 22:15:03:062 [006916] DEBUG [ComSysDiagnostics.cpp, 31] - FPGA RSSI/AFC [Linking(valid frame)] linkedRSSI:63 linkedAFC:255 AFC:0
2013/07/17 22:15:03:073 [006916] TRACE [Prb.cpp, 493] - Reading FPGA, Address=0x3018
2013/07/17 22:15:03:074 [006916] TRACE [Prb.cpp, 1035] - ReadFPGAPacket(0x3018):01 00 0C 63 82 00 02 30 18 98 2D 0D 
2013/07/17 22:15:03:074 [004548] TRACE [Prb.cpp, 835] - RxStream contents:01 00 0C 57 06 63 00 01 3E 5F 16 0D 
2013/07/17 22:15:03:075 [004548] TRACE [Prb.cpp, 943] - RadioBoardPacket(ACK):01 00 0C 57 06 63 00 01 3E 5F 16 0D 
2013/07/17 22:15:03:075 [006916] DEBUG [Prb.cpp, 512] - Read FPGA completed, Address=0x3018, Data=0x3E
2013/07/17 22:15:03:076 [006916] TRACE [Prb.cpp, 493] - Reading FPGA, Address=0x301A
2013/07/17 22:15:03:077 [006916] TRACE [Prb.cpp, 1035] - ReadFPGAPacket(0x301A):01 00 0C 64 82 00 02 30 1A 70 24 0D 
2013/07/17 22:15:03:077 [004548] TRACE [Prb.cpp, 835] - RxStream contents:01 00 0C 58 06 64 00 01 01 9B 98 0D 
2013/07/17 22:15:03:078 [004548] TRACE [Prb.cpp, 943] - RadioBoardPacket(ACK):01 00 0C 58 06 64 00 01 01 9B 98 0D 
2013/07/17 22:15:03:078 [006916] DEBUG [Prb.cpp, 512] - Read FPGA completed, Address=0x301A, Data=0x01
2013/07/17 22:15:03:079 [006916] TRACE [Prb.cpp, 493] - Reading FPGA, Address=0x3070
2013/07/17 22:15:03:079 [006916] TRACE [Prb.cpp, 1035] - ReadFPGAPacket(0x3070):01 00 0C 65 82 00 02 30 70 89 5B 0D 
2013/07/17 22:15:03:080 [004548] TRACE [Prb.cpp, 835] - RxStream contents:01 00 0C 59 06 65 00 01 00 77 9D 0D 
2013/07/17 22:15:03:081 [004548] TRACE [Prb.cpp, 943] - RadioBoardPacket(ACK):01 00 0C 59 06 65 00 01 00 77 9D 0D 
2013/07/17 22:15:03:081 [006916] DEBUG [Prb.cpp, 512] - Read FPGA completed, Address=0x3070, Data=0x00
2013/07/17 22:15:03:082 [006916] DEBUG [ComSysDiagnostics.cpp, 31] - FPGA RSSI/AFC [Linking(valid frame)] linkedRSSI:62 linkedAFC:1 AFC:0
2013/07/17 22:15:03:087 [006916] TRACE [Prb.cpp, 493] - Reading FPGA, Address=0x3018
2013/07/17 22:15:03:087 [006916] TRACE [Prb.cpp, 1035] - ReadFPGAPacket(0x3018):01 00 0C 66 82 00 02 30 18 80 28 0D 
2013/07/17 22:15:03:087 [004548] TRACE [Prb.cpp, 835] - RxStream contents:01 00 0C 5B 06 66 00 01 3F 3B 1C 0D 
2013/07/17 22:15:03:088 [004548] TRACE [Prb.cpp, 943] - RadioBoardPacket(ACK):01 00 0C 5B 06 66 00 01 3F 3B 1C 0D 
2013/07/17 22:15:03:089 [006916] DEBUG [Prb.cpp, 512] - Read FPGA completed, Address=0x3018, Data=0x3F
2013/07/17 22:15:03:089 [006916] TRACE [Prb.cpp, 493] - Reading FPGA, Address=0x301A
2013/07/17 22:15:03:090 [006916] TRACE [Prb.cpp, 1035] - ReadFPGAPacket(0x301A):01 00 0C 67 82 00 02 30 1A F8 24 0D 
2013/07/17 22:15:03:090 [004548] TRACE [Prb.cpp, 835] - RxStream contents:01 00 0C 5C 06 67 00 01 00 C7 9B 0D 
2013/07/17 22:15:03:091 [004548] TRACE [Prb.cpp, 943] - RadioBoardPacket(ACK):01 00 0C 5C 06 67 00 01 00 C7 9B 0D 
2013/07/17 22:15:03:092 [006916] DEBUG [Prb.cpp, 512] - Read FPGA completed, Address=0x301A, Data=0x00
2013/07/17 22:15:03:092 [006916] TRACE [Prb.cpp, 493] - Reading FPGA, Address=0x3070
2013/07/17 22:15:03:093 [006916] TRACE [Prb.cpp, 1035] - ReadFPGAPacket(0x3070):01 00 0C 68 82 00 02 30 70 D1 57 0D 
2013/07/17 22:15:03:093 [004548] TRACE [Prb.cpp, 835] - RxStream contents:01 00 0C 5D 06 68 00 01 00 F3 98 0D 
2013/07/17 22:15:03:094 [004548] TRACE [Prb.cpp, 943] - RadioBoardPacket(ACK):01 00 0C 5D 06 68 00 01 00 F3 98 0D 
2013/07/17 22:15:03:094 [006916] DEBUG [Prb.cpp, 512] - Read FPGA completed, Address=0x3070, Data=0x00
2013/07/17 22:15:03:095 [006916] DEBUG [ComSysDiagnostics.cpp, 31] - FPGA RSSI/AFC [Linking(valid frame)] linkedRSSI:63 linkedAFC:0 AFC:0
2013/07/17 22:15:03:100 [006916] TRACE [Prb.cpp, 493] - Reading FPGA, Address=0x3018
2013/07/17 22:15:03:100 [006916] TRACE [Prb.cpp, 1035] - ReadFPGAPacket(0x3018):01 00 0C 69 82 00 02 30 18 A8 27 0D 
2013/07/17 22:15:03:100 [004548] TRACE [Prb.cpp, 835] - RxStream contents:01 00 0C 5F 06 69 00 01 3F 17 1A 0D 
2013/07/17 22:15:03:102 [004548] TRACE [Prb.cpp, 943] - RadioBoardPacket(ACK):01 00 0C 5F 06 69 00 01 3F 17 1A 0D 
2013/07/17 22:15:03:102 [006916] DEBUG [Prb.cpp, 512] - Read FPGA completed, Address=0x3018, Data=0x3F
2013/07/17 22:15:03:103 [006916] TRACE [Prb.cpp, 493] - Reading FPGA, Address=0x301A
2013/07/17 22:15:03:103 [006916] TRACE [Prb.cpp, 1035] - ReadFPGAPacket(0x301A):01 00 0C 6A 82 00 02 30 1A A0 28 0D 
2013/07/17 22:15:03:104 [004548] TRACE [Prb.cpp, 835] - RxStream contents:01 00 0C 60 06 6A 00 01 01 83 A1 0D 
2013/07/17 22:15:03:104 [004548] TRACE [Prb.cpp, 943] - RadioBoardPacket(ACK):01 00 0C 60 06 6A 00 01 01 83 A1 0D 
2013/07/17 22:15:03:105 [006916] DEBUG [Prb.cpp, 512] - Read FPGA completed, Address=0x301A, Data=0x01
2013/07/17 22:15:03:106 [006916] TRACE [Prb.cpp, 493] - Reading FPGA, Address=0x3070
2013/07/17 22:15:03:106 [006916] TRACE [Prb.cpp, 1035] - ReadFPGAPacket(0x3070):01 00 0C 6B 82 00 02 30 70 59 57 0D 
2013/07/17 22:15:03:106 [004548] TRACE [Prb.cpp, 835] - RxStream contents:01 00 0C 61 06 6B 00 01 00 6F A4 0D 
2013/07/17 22:15:03:107 [004548] TRACE [Prb.cpp, 943] - RadioBoardPacket(ACK):01 00 0C 61 06 6B 00 01 00 6F A4 0D 
2013/07/17 22:15:03:108 [006916] DEBUG [Prb.cpp, 512] - Read FPGA completed, Address=0x3070, Data=0x00
2013/07/17 22:15:03:108 [006916] DEBUG [ComSysDiagnostics.cpp, 31] - FPGA RSSI/AFC [Linking(valid frame)] linkedRSSI:63 linkedAFC:1 AFC:0
2013/07/17 22:15:03:119 [006916] TRACE [Prb.cpp, 493] - Reading FPGA, Address=0x3018
2013/07/17 22:15:03:120 [006916] TRACE [Prb.cpp, 1035] - ReadFPGAPacket(0x3018):01 00 0C 6C 82 00 02 30 18 B0 22 0D 
2013/07/17 22:15:03:120 [004548] TRACE [Prb.cpp, 835] - RxStream contents:01 00 0C 63 06 6C 00 01 3F F3 26 0D 
2013/07/17 22:15:03:121 [004548] TRACE [Prb.cpp, 943] - RadioBoardPacket(ACK):01 00 0C 63 06 6C 00 01 3F F3 26 0D 
2013/07/17 22:15:03:121 [006916] DEBUG [Prb.cpp, 512] - Read FPGA completed, Address=0x3018, Data=0x3F
2013/07/17 22:15:03:122 [006916] TRACE [Prb.cpp, 493] - Reading FPGA, Address=0x301A
2013/07/17 22:15:03:123 [006916] TRACE [Prb.cpp, 1035] - ReadFPGAPacket(0x301A):01 00 0C 6D 82 00 02 30 1A C8 2E 0D 
2013/07/17 22:15:03:123 [004548] TRACE [Prb.cpp, 835] - RxStream contents:01 00 0C 64 06 6D 00 01 00 0F A1 0D 
2013/07/17 22:15:03:124 [004548] TRACE [Prb.cpp, 943] - RadioBoardPacket(ACK):01 00 0C 64 06 6D 00 01 00 0F A1 0D 
2013/07/17 22:15:03:124 [006916] DEBUG [Prb.cpp, 512] - Read FPGA completed, Address=0x301A, Data=0x00
2013/07/17 22:15:03:125 [006916] TRACE [Prb.cpp, 493] - Reading FPGA, Address=0x3070
2013/07/17 22:15:03:125 [006916] TRACE [Prb.cpp, 1035] - ReadFPGAPacket(0x3070):01 00 0C 6E 82 00 02 30 70 41 52 0D 
2013/07/17 22:15:03:126 [004548] TRACE [Prb.cpp, 835] - RxStream contents:01 00 0C 65 06 6E 00 01 00 CB A2 0D 
2013/07/17 22:15:03:127 [004548] TRACE [Prb.cpp, 943] - RadioBoardPacket(ACK):01 00 0C 65 06 6E 00 01 00 CB A2 0D 
2013/07/17 22:15:03:127 [006916] DEBUG [Prb.cpp, 512] - Read FPGA completed, Address=0x3070, Data=0x00
2013/07/17 22:15:03:128 [006916] DEBUG [ComSysDiagnostics.cpp, 31] - FPGA RSSI/AFC [Linking(valid frame)] linkedRSSI:63 linkedAFC:0 AFC:0
2013/07/17 22:15:03:133 [006916] TRACE [Prb.cpp, 493] - Reading FPGA, Address=0x3018
2013/07/17 22:15:03:134 [006916] TRACE [Prb.cpp, 1035] - ReadFPGAPacket(0x3018):01 00 0C 6F 82 00 02 30 18 38 22 0D 
2013/07/17 22:15:03:134 [004548] TRACE [Prb.cpp, 835] - RxStream contents:01 00 0C 67 06 6F 00 01 3F 2F 20 0D 
2013/07/17 22:15:03:135 [004548] TRACE [Prb.cpp, 943] - RadioBoardPacket(ACK):01 00 0C 67 06 6F 00 01 3F 2F 20 0D 
2013/07/17 22:15:03:135 [006916] DEBUG [Prb.cpp, 512] - Read FPGA completed, Address=0x3018, Data=0x3F
2013/07/17 22:15:03:136 [006916] TRACE [Prb.cpp, 493] - Reading FPGA, Address=0x301A
2013/07/17 22:15:03:136 [006916] TRACE [Prb.cpp, 1035] - ReadFPGAPacket(0x301A):01 00 0C 70 82 00 02 30 1A 10 30 0D 
2013/07/17 22:15:03:136 [004548] TRACE [Prb.cpp, 835] - RxStream contents:01 00 0C 68 06 70 00 01 01 0B AE 0D 
2013/07/17 22:15:03:137 [004548] TRACE [Prb.cpp, 943] - RadioBoardPacket(ACK):01 00 0C 68 06 70 00 01 01 0B AE 0D 
2013/07/17 22:15:03:138 [006916] DEBUG [Prb.cpp, 512] - Read FPGA completed, Address=0x301A, Data=0x01
2013/07/17 22:15:03:138 [006916] TRACE [Prb.cpp, 493] - Reading FPGA, Address=0x3070
2013/07/17 22:15:03:139 [006916] TRACE [Prb.cpp, 1035] - ReadFPGAPacket(0x3070):01 00 0C 71 82 00 02 30 70 E9 4F 0D 
2013/07/17 22:15:03:139 [004548] TRACE [Prb.cpp, 835] - RxStream contents:01 00 0C 69 06 71 00 01 FE 65 AC 0D 
2013/07/17 22:15:03:140 [004548] TRACE [Prb.cpp, 943] - RadioBoardPacket(ACK):01 00 0C 69 06 71 00 01 FE 65 AC 0D 
2013/07/17 22:15:03:141 [006916] DEBUG [Prb.cpp, 512] - Read FPGA completed, Address=0x3070, Data=0xFE
2013/07/17 22:15:03:141 [006916] DEBUG [ComSysDiagnostics.cpp, 31] - FPGA RSSI/AFC [Linking(valid frame)] linkedRSSI:63 linkedAFC:1 AFC:254
2013/07/17 22:15:03:151 [006916] TRACE [Prb.cpp, 493] - Reading FPGA, Address=0x3018
2013/07/17 22:15:03:152 [006916] TRACE [Prb.cpp, 1035] - ReadFPGAPacket(0x3018):01 00 0C 72 82 00 02 30 18 E0 3C 0D 
2013/07/17 22:15:03:152 [004548] TRACE [Prb.cpp, 835] - RxStream contents:01 00 0C 6B 06 72 00 01 3E 2B 2F 0D 
2013/07/17 22:15:03:153 [004548] TRACE [Prb.cpp, 943] - RadioBoardPacket(ACK):01 00 0C 6B 06 72 00 01 3E 2B 2F 0D 
2013/07/17 22:15:03:153 [006916] DEBUG [Prb.cpp, 512] - Read FPGA completed, Address=0x3018, Data=0x3E
2013/07/17 22:15:03:154 [006916] TRACE [Prb.cpp, 493] - Reading FPGA, Address=0x301A
2013/07/17 22:15:03:155 [006916] TRACE [Prb.cpp, 1035] - ReadFPGAPacket(0x301A):01 00 0C 73 82 00 02 30 1A 98 30 0D 
2013/07/17 22:15:03:155 [004548] TRACE [Prb.cpp, 835] - RxStream contents:01 00 0C 6C 06 73 00 01 00 57 AD 0D 
2013/07/17 22:15:03:156 [004548] TRACE [Prb.cpp, 943] - RadioBoardPacket(ACK):01 00 0C 6C 06 73 00 01 00 57 AD 0D 
2013/07/17 22:15:03:157 [006916] DEBUG [Prb.cpp, 512] - Read FPGA completed, Address=0x301A, Data=0x00
2013/07/17 22:15:03:157 [006916] TRACE [Prb.cpp, 493] - Reading FPGA, Address=0x3070
2013/07/17 22:15:03:158 [006916] TRACE [Prb.cpp, 1035] - ReadFPGAPacket(0x3070):01 00 0C 74 82 00 02 30 70 F1 4A 0D 
2013/07/17 22:15:03:158 [004548] TRACE [Prb.cpp, 835] - RxStream contents:01 00 0C 6D 06 74 00 01 00 43 AD 0D 
2013/07/17 22:15:03:159 [004548] TRACE [Prb.cpp, 943] - RadioBoardPacket(ACK):01 00 0C 6D 06 74 00 01 00 43 AD 0D 
2013/07/17 22:15:03:160 [006916] DEBUG [Prb.cpp, 512] - Read FPGA completed, Address=0x3070, Data=0x00
2013/07/17 22:15:03:160 [006916] DEBUG [ComSysDiagnostics.cpp, 31] - FPGA RSSI/AFC [Linking(valid frame)] linkedRSSI:62 linkedAFC:0 AFC:0
2013/07/17 22:15:03:166 [006916] TRACE [Prb.cpp, 584] - Reading CC1020, Address=0x0004
2013/07/17 22:15:03:166 [006916] TRACE [Prb.cpp, 1035] - ReadCC1020Packet(0x04):01 00 0C 75 84 00 02 00 04 A9 61 0D 
2013/07/17 22:15:03:178 [004548] TRACE [Prb.cpp, 943] - RadioBoardPacket(ACK):01 00 0C 6F 06 75 00 01 35 A7 13 0D 
2013/07/17 22:15:03:178 [006916] DEBUG [Prb.cpp, 603] - Read CC1020 completed, Address=0x0004, Data=0x35
2013/07/17 22:15:03:179 [006916] TRACE [Prb.cpp, 584] - Reading CC1020, Address=0x0005
2013/07/17 22:15:03:180 [006916] TRACE [Prb.cpp, 1035] - ReadCC1020Packet(0x05):01 00 0C 76 84 00 02 00 05 A1 64 0D 
2013/07/17 22:15:03:193 [004548] TRACE [Prb.cpp, 835] - RxStream contents:01 00 0C 71 06 76 00 01 EF 49 D2 0D 
2013/07/17 22:15:03:194 [004548] TRACE [Prb.cpp, 943] - RadioBoardPacket(ACK):01 00 0C 71 06 76 00 01 EF 49 D2 0D 
2013/07/17 22:15:03:194 [006916] DEBUG [Prb.cpp, 603] - Read CC1020 completed, Address=0x0005, Data=0xEF
2013/07/17 22:15:03:195 [006916] TRACE [Prb.cpp, 584] - Reading CC1020, Address=0x0006
2013/07/17 22:15:03:196 [006916] TRACE [Prb.cpp, 1035] - ReadCC1020Packet(0x06):01 00 0C 77 84 00 02 00 06 59 6D 0D 
2013/07/17 22:15:03:209 [004548] TRACE [Prb.cpp, 943] - RadioBoardPacket(ACK):01 00 0C 73 06 77 00 01 BD 2C 3D 0D 
2013/07/17 22:15:03:210 [006916] DEBUG [Prb.cpp, 603] - Read CC1020 completed, Address=0x0006, Data=0xBD
2013/07/17 22:15:03:210 [006916] TRACE [Prb.cpp, 584] - Reading CC1020, Address=0x0008
2013/07/17 22:15:03:211 [006916] TRACE [Prb.cpp, 1035] - ReadCC1020Packet(0x08):01 00 0C 78 84 00 02 00 08 F1 45 0D 
2013/07/17 22:15:03:225 [004548] TRACE [Prb.cpp, 943] - RadioBoardPacket(ACK):01 00 0C 75 06 78 00 01 35 73 08 0D 
2013/07/17 22:15:03:225 [006916] DEBUG [Prb.cpp, 603] - Read CC1020 completed, Address=0x0008, Data=0x35
2013/07/17 22:15:03:226 [006916] TRACE [Prb.cpp, 584] - Reading CC1020, Address=0x0009
2013/07/17 22:15:03:227 [006916] TRACE [Prb.cpp, 1035] - ReadCC1020Packet(0x09):01 00 0C 79 84 00 02 00 09 89 43 0D 
2013/07/17 22:15:03:240 [004548] TRACE [Prb.cpp, 835] - RxStream contents:01 00 0C 77 06 79 00 01 FA 95 AA 0D 
2013/07/17 22:15:03:241 [004548] TRACE [Prb.cpp, 943] - RadioBoardPacket(ACK):01 00 0C 77 06 79 00 01 FA 95 AA 0D 
2013/07/17 22:15:03:241 [006916] DEBUG [Prb.cpp, 603] - Read CC1020 completed, Address=0x0009, Data=0xFA
2013/07/17 22:15:03:242 [006916] TRACE [Prb.cpp, 584] - Reading CC1020, Address=0x000A
2013/07/17 22:15:03:243 [006916] TRACE [Prb.cpp, 1035] - ReadCC1020Packet(0x0A):01 00 0C 7A 84 00 02 00 0A 01 49 0D 
2013/07/17 22:15:03:256 [004548] TRACE [Prb.cpp, 943] - RadioBoardPacket(ACK):01 00 0C 79 06 7A 00 01 67 FA EB 0D 
2013/07/17 22:15:03:257 [006916] DEBUG [Prb.cpp, 603] - Read CC1020 completed, Address=0x000A, Data=0x67
2013/07/17 22:15:03:257 [006916] TRACE [Prb.cpp, 584] - Reading CC1020, Address=0x000F
2013/07/17 22:15:03:258 [006916] TRACE [Prb.cpp, 1035] - ReadCC1020Packet(0x0F):01 00 0C 7B 84 00 02 00 0F F9 54 0D 
2013/07/17 22:15:03:271 [004548] TRACE [Prb.cpp, 835] - RxStream contents:01 00 0C 7B 06 7B 00 01 DF 1D 7B 0D 
2013/07/17 22:15:03:272 [004548] TRACE [Prb.cpp, 943] - RadioBoardPacket(ACK):01 00 0C 7B 06 7B 00 01 DF 1D 7B 0D 
2013/07/17 22:15:03:273 [006916] DEBUG [Prb.cpp, 603] - Read CC1020 completed, Address=0x000F, Data=0xDF
2013/07/17 22:15:03:273 [006916] TRACE [Prb.cpp, 584] - Reading CC1020, Address=0x0010
2013/07/17 22:15:03:274 [006916] TRACE [Prb.cpp, 1035] - ReadCC1020Packet(0x10):01 00 0C 7C 84 00 02 00 10 11 13 0D 
2013/07/17 22:15:03:287 [004548] TRACE [Prb.cpp, 943] - RadioBoardPacket(ACK):01 00 0C 7D 06 7C 00 01 22 E3 70 0D 
2013/07/17 22:15:03:288 [006916] DEBUG [Prb.cpp, 603] - Read CC1020 completed, Address=0x0010, Data=0x22
2013/07/17 22:15:03:288 [006916] TRACE [Prb.cpp, 584] - Reading CC1020, Address=0x0013
2013/07/17 22:15:03:289 [006916] TRACE [Prb.cpp, 1035] - ReadCC1020Packet(0x13):01 00 0C 7D 84 00 02 00 13 E9 1A 0D 
2013/07/17 22:15:03:303 [004548] TRACE [Prb.cpp, 943] - RadioBoardPacket(ACK):01 00 0C 7F 06 7D 00 01 2F 87 5D 0D 
2013/07/17 22:15:03:303 [006916] DEBUG [Prb.cpp, 603] - Read CC1020 completed, Address=0x0013, Data=0x2F
2013/07/17 22:15:03:304 [006916] TRACE [Prb.cpp, 584] - Reading CC1020, Address=0x0014
2013/07/17 22:15:03:305 [006916] TRACE [Prb.cpp, 1035] - ReadCC1020Packet(0x14):01 00 0C 7E 84 00 02 00 14 E1 0B 0D 
2013/07/17 22:15:03:319 [004548] TRACE [Prb.cpp, 943] - RadioBoardPacket(ACK):01 00 0C 81 06 7E 00 01 2F 6B AE 0D 
2013/07/17 22:15:03:319 [006916] DEBUG [Prb.cpp, 603] - Read CC1020 completed, Address=0x0014, Data=0x2F
2013/07/17 22:15:03:320 [006916] TRACE [Prb.cpp, 584] - Reading CC1020, Address=0x0043
2013/07/17 22:15:03:320 [006916] TRACE [Prb.cpp, 1035] - ReadCC1020Packet(0x43):01 00 0C 7F 84 00 02 00 43 98 F9 0D 
2013/07/17 22:15:03:334 [004548] TRACE [Prb.cpp, 943] - RadioBoardPacket(ACK):01 00 0C 83 06 7F 00 01 00 0F 4F 0D 
2013/07/17 22:15:03:335 [006916] DEBUG [Prb.cpp, 603] - Read CC1020 completed, Address=0x0043, Data=0x00
2013/07/17 22:15:03:335 [006916] DEBUG [ComSysDiagnostics.cpp, 63] - CC1020 [Link complete] FREQ_2A: 0x35 FREQ_1A: 0xef FREQ_0A: 0xbd
2013/07/17 22:15:03:336 [006916] DEBUG [ComSysDiagnostics.cpp, 67] - CC1020 [Link complete] FREQ_2B: 0x35 FREQ_1B: 0xfa FREQ_0B: 0x67
2013/07/17 22:15:03:336 [006916] DEBUG [ComSysDiagnostics.cpp, 72] - CC1020 [Link complete] AFC_CONTROL: 0xdf FILTER: 0x22 VGA3: 0x2f VGA4: 0x2f AFC: 0x00
2013/07/17 22:15:03:337 [006916] TRACE [Prb.cpp, 493] - Reading FPGA, Address=0x3018
2013/07/17 22:15:03:338 [006916] TRACE [Prb.cpp, 1035] - ReadFPGAPacket(0x3018):01 00 0C 80 82 00 02 30 18 90 C0 0D 
2013/07/17 22:15:03:338 [004548] TRACE [Prb.cpp, 835] - RxStream contents:01 00 0C 85 06 80 00 01 3F 93 E0 0D 
2013/07/17 22:15:03:339 [004548] TRACE [Prb.cpp, 943] - RadioBoardPacket(ACK):01 00 0C 85 06 80 00 01 3F 93 E0 0D 
2013/07/17 22:15:03:339 [006916] DEBUG [Prb.cpp, 512] - Read FPGA completed, Address=0x3018, Data=0x3F
2013/07/17 22:15:03:340 [006916] TRACE [Prb.cpp, 493] - Reading FPGA, Address=0x301A
2013/07/17 22:15:03:340 [006916] TRACE [Prb.cpp, 1035] - ReadFPGAPacket(0x301A):01 00 0C 81 82 00 02 30 1A E8 CC 0D 
2013/07/17 22:15:03:341 [004548] TRACE [Prb.cpp, 835] - RxStream contents:01 00 0C 86 06 81 00 01 01 0F 64 0D 
2013/07/17 22:15:03:342 [004548] TRACE [Prb.cpp, 943] - RadioBoardPacket(ACK):01 00 0C 86 06 81 00 01 01 0F 64 0D 
2013/07/17 22:15:03:342 [006916] DEBUG [Prb.cpp, 512] - Read FPGA completed, Address=0x301A, Data=0x01
2013/07/17 22:15:03:343 [006916] TRACE [Prb.cpp, 493] - Reading FPGA, Address=0x3070
2013/07/17 22:15:03:343 [006916] TRACE [Prb.cpp, 1035] - ReadFPGAPacket(0x3070):01 00 0C 82 82 00 02 30 70 61 B0 0D 
2013/07/17 22:15:03:343 [004548] TRACE [Prb.cpp, 835] - RxStream contents:01 00 0C 87 06 82 00 01 00 4B 62 0D 
2013/07/17 22:15:03:344 [004548] TRACE [Prb.cpp, 943] - RadioBoardPacket(ACK):01 00 0C 87 06 82 00 01 00 4B 62 0D 
2013/07/17 22:15:03:345 [006916] DEBUG [Prb.cpp, 512] - Read FPGA completed, Address=0x3070, Data=0x00
2013/07/17 22:15:03:345 [006916] DEBUG [ComSysDiagnostics.cpp, 31] - FPGA RSSI/AFC [Link complete] linkedRSSI:63 linkedAFC:1 AFC:0
2013/07/17 22:15:03:347 [006916] INFO [ComSysDiagnostics.cpp, 79] - Status Counters [Link complete] FrameErrorsInLastSecond:1 EcgErrorsInLastSecond:0 MarkerOrImplantIdErrorsInLastSecond:0 TotalFrameErrors:1 TotalEcgErrors:0 TotalMarkerOrImplantIdErrors:0 TotalSentCommands:0 TotalGoodResponses:0 TotalBadResponses:0 TotalResponseTimeouts:0
2013/07/17 22:15:03:348 [006916] TRACE [Prb.cpp, 493] - Reading FPGA, Address=0x301C
2013/07/17 22:15:03:348 [006916] TRACE [Prb.cpp, 1035] - ReadFPGAPacket(0x301C):01 00 0C 83 82 00 02 30 1C 98 DB 0D 
2013/07/17 22:15:03:348 [004548] TRACE [Prb.cpp, 835] - RxStream contents:01 00 0C 88 06 83 00 01 01 77 6B 0D 
2013/07/17 22:15:03:349 [004548] TRACE [Prb.cpp, 943] - RadioBoardPacket(ACK):01 00 0C 88 06 83 00 01 01 77 6B 0D 
2013/07/17 22:15:03:350 [006916] DEBUG [Prb.cpp, 512] - Read FPGA completed, Address=0x301C, Data=0x01
2013/07/17 22:15:03:351 [006916] DEBUG [ComSysDiagnostics.cpp, 89] - FPGA Frame Error Counter [Link complete]:1
2013/07/17 22:15:03:351 [006916] INFO [CrossTalkDetector.cpp, 68] - CrossTalkDetector state changing from LinkingState to LinkedState
2013/07/17 22:15:03:352 [006916] INFO [CommunicationSystemStates.cpp, 221] - Link complete.
2013/07/17 22:15:03:363 [004932] INFO 0x801C0094 [CommunicationSystemStateMachine.cpp, 237] - Command: 0x82. Retries: 3. Timeout: 78 ms.
2013/07/17 22:15:03:367 [004932] INFO 0x801C0094 [CommunicationSystemStateMachine.cpp, 252] - Send Command:82 04 F5 6C 17 08 
2013/07/17 22:15:03:367 [004932] TRACE 0x801C0094 [Prb.cpp, 493] - Reading FPGA, Address=0x3018
2013/07/17 22:15:03:368 [004932] TRACE 0x801C0094 [Prb.cpp, 1035] - ReadFPGAPacket(0x3018):01 00 0C 84 82 00 02 30 18 70 C6 0D 
2013/07/17 22:15:03:368 [004548] TRACE 0x801C0094 [Prb.cpp, 835] - RxStream contents:01 00 0C 8B 06 84 00 01 3F 93 EF 0D 
2013/07/17 22:15:03:369 [004548] TRACE 0x801C0094 [Prb.cpp, 943] - RadioBoardPacket(ACK):01 00 0C 8B 06 84 00 01 3F 93 EF 0D 
2013/07/17 22:15:03:370 [004932] DEBUG 0x801C0094 [Prb.cpp, 512] - Read FPGA completed, Address=0x3018, Data=0x3F
2013/07/17 22:15:03:370 [004932] TRACE 0x801C0094 [Prb.cpp, 493] - Reading FPGA, Address=0x301A
2013/07/17 22:15:03:371 [004932] TRACE 0x801C0094 [Prb.cpp, 1035] - ReadFPGAPacket(0x301A):01 00 0C 85 82 00 02 30 1A 08 CA 0D 
2013/07/17 22:15:03:371 [004548] TRACE 0x801C0094 [Prb.cpp, 835] - RxStream contents:01 00 0C 8C 06 85 00 01 02 EF 67 0D 
2013/07/17 22:15:03:372 [004548] TRACE 0x801C0094 [Prb.cpp, 943] - RadioBoardPacket(ACK):01 00 0C 8C 06 85 00 01 02 EF 67 0D 
2013/07/17 22:15:03:372 [004932] DEBUG 0x801C0094 [Prb.cpp, 512] - Read FPGA completed, Address=0x301A, Data=0x02
2013/07/17 22:15:03:373 [004932] TRACE 0x801C0094 [Prb.cpp, 493] - Reading FPGA, Address=0x3070
2013/07/17 22:15:03:374 [004932] TRACE 0x801C0094 [Prb.cpp, 1035] - ReadFPGAPacket(0x3070):01 00 0C 86 82 00 02 30 70 81 B6 0D 
2013/07/17 22:15:03:374 [004548] TRACE 0x801C0094 [Prb.cpp, 835] - RxStream contents:01 00 0C 8D 06 86 00 01 00 AB 6B 0D 
2013/07/17 22:15:03:375 [004548] TRACE 0x801C0094 [Prb.cpp, 943] - RadioBoardPacket(ACK):01 00 0C 8D 06 86 00 01 00 AB 6B 0D 
2013/07/17 22:15:03:375 [004932] DEBUG 0x801C0094 [Prb.cpp, 512] - Read FPGA completed, Address=0x3070, Data=0x00
2013/07/17 22:15:03:376 [004932] DEBUG 0x801C0094 [ComSysDiagnostics.cpp, 31] - FPGA RSSI/AFC [Send Command] linkedRSSI:63 linkedAFC:2 AFC:0
2013/07/17 22:15:03:376 [004932] TRACE 0x801C0094 [Prb.cpp, 383] - Send Command, Command=0x82
2013/07/17 22:15:03:377 [004932] TRACE 0x801C0094 [Prb.cpp, 1035] - WriteTransmitterPacket():01 00 10 87 87 00 06 82 04 F5 6C 17 08 DB 85 0D 
2013/07/17 22:15:03:377 [004548] TRACE 0x801C0094 [Prb.cpp, 835] - RxStream contents:01 00 0B 8E 06 87 00 00 84 B5 0D 
2013/07/17 22:15:03:378 [004548] TRACE 0x801C0094 [Prb.cpp, 943] - RadioBoardPacket(ACK):01 00 0B 8E 06 87 00 00 84 B5 0D 
2013/07/17 22:15:03:378 [004932] DEBUG 0x801C0094 [Prb.cpp, 402] - Send Command completed, Command=0x82
2013/07/17 22:15:03:424 [006916] INFO 0x801C0094 [CommunicationSystemStateMachine.cpp, 773] - Command Completed:82 B0 E6 9C A3 FE FF 98 
2013/07/17 22:15:03:425 [006916] DEBUG 0x801C0094 [CommunicationSystemStateMachine.cpp, 330] - ... after 15 frames.
2013/07/17 22:15:03:464 [006916] INFO 0x801C0094 [CommunicationSystem.cpp, 360] - Marker:9D 00 40 86 68 
2013/07/17 22:15:03:680 [006916] INFO 0x801C0094 [CommunicationSystem.cpp, 360] - Marker:81 67 80 A2 25 
2013/07/17 22:15:03:711 [006916] INFO 0x801C0094 [CommunicationSystem.cpp, 360] - Marker:8C 7F 58 A2 3A 
2013/07/17 22:15:04:276 [006916] INFO 0x801C0094 [CommunicationSystem.cpp, 360] - Marker:9D 00 40 EE 77 
2013/07/17 22:15:04:431 [006916] INFO 0x801C0094 [CommunicationSystem.cpp, 360] - Marker:81 68 80 02 0B 
2013/07/17 22:15:04:466 [006916] INFO 0x801C0094 [CommunicationSystem.cpp, 360] - Marker:8C 7F 58 02 53 
2013/07/17 22:15:05:011 [006916] INFO 0x801C0094 [CommunicationSystem.cpp, 360] - Marker:81 69 80 4D 8A 
2013/07/17 22:15:05:046 [006916] INFO 0x801C0094 [CommunicationSystem.cpp, 360] - Marker:8C 7F 58 4D B9 
2013/07/17 22:15:05:261 [006916] INFO 0x801C0094 [CommunicationSystem.cpp, 360] - Marker:9D 00 40 6E FE 
2013/07/17 22:15:05:606 [006916] INFO 0x801C0094 [CommunicationSystem.cpp, 360] - Marker:81 6A 80 9A 1C 
2013/07/17 22:15:05:636 [006916] INFO 0x801C0094 [CommunicationSystem.cpp, 360] - Marker:8C 7F 58 9A 92 
2013/07/17 22:15:06:186 [006916] INFO 0x801C0094 [CommunicationSystem.cpp, 360] - Marker:81 6B 80 E4 0A 
2013/07/17 22:15:06:216 [006916] INFO 0x801C0094 [CommunicationSystem.cpp, 360] - Marker:8C 7F 58 E4 EF 
2013/07/17 22:15:06:356 [006916] INFO 0x801C0094 [CommunicationSystem.cpp, 360] - Marker:9D 00 40 EE 77 
2013/07/17 22:15:06:921 [006916] INFO 0x801C0094 [CommunicationSystem.cpp, 360] - Marker:81 6C 80 42 67 
2013/07/17 22:15:06:951 [006916] INFO 0x801C0094 [CommunicationSystem.cpp, 360] - Marker:8C 7F 58 42 94 
2013/07/17 22:15:07:266 [006916] INFO 0x801C0094 [CommunicationSystem.cpp, 360] - Marker:9D 00 40 6E FE 
2013/07/17 22:15:07:467 [004548] TRACE 0x801C0094 [Prb.cpp, 835] - RxStream contents:01 00 1F 
2013/07/17 22:15:07:501 [006916] INFO 0x801C0094 [CommunicationSystem.cpp, 360] - Marker:81 6D 80 8B 7D 
2013/07/17 22:15:07:531 [006916] INFO 0x801C0094 [CommunicationSystem.cpp, 360] - Marker:8C 7F 58 8B E5 
2013/07/17 22:15:07:733 [004548] TRACE 0x801C0094 [Prb.cpp, 835] - RxStream contents:01 00 1F A5 00 00 00 14 04 7F 81 
2013/07/17 22:15:08:111 [006916] INFO 0x801C0094 [CommunicationSystem.cpp, 360] - Marker:81 6E 80 DA 70 
2013/07/17 22:15:08:141 [006916] INFO 0x801C0094 [CommunicationSystem.cpp, 360] - Marker:8C 7F 58 DA 55 
2013/07/17 22:15:08:266 [006916] INFO 0x801C0094 [CommunicationSystem.cpp, 360] - Marker:9D 00 40 EE 77 
2013/07/17 22:15:08:445 [004932] INFO 0x801C0094 [CommunicationSystemStateMachine.cpp, 237] - Command: 0xe4. Retries: 3. Timeout: 500 ms.
2013/07/17 22:15:08:446 [004932] INFO 0x801C0094 [CommunicationSystemStateMachine.cpp, 252] - Send Command:F4 82 3B 
2013/07/17 22:15:08:446 [004932] TRACE 0x801C0094 [Prb.cpp, 493] - Reading FPGA, Address=0x3018
2013/07/17 22:15:08:447 [004932] TRACE 0x801C0094 [Prb.cpp, 1035] - ReadFPGAPacket(0x3018):01 00 0C 88 82 00 02 30 18 D0 C9 0D 
2013/07/17 22:15:08:447 [004548] TRACE 0x801C0094 [Prb.cpp, 835] - RxStream contents:01 00 0C D3 06 88 00 01 3C 23 B9 0D 
2013/07/17 22:15:08:449 [004548] TRACE 0x801C0094 [Prb.cpp, 943] - RadioBoardPacket(ACK):01 00 0C D3 06 88 00 01 3C 23 B9 0D 
2013/07/17 22:15:08:449 [004932] DEBUG 0x801C0094 [Prb.cpp, 512] - Read FPGA completed, Address=0x3018, Data=0x3C
2013/07/17 22:15:08:450 [004932] TRACE 0x801C0094 [Prb.cpp, 493] - Reading FPGA, Address=0x301A
2013/07/17 22:15:08:451 [004932] TRACE 0x801C0094 [Prb.cpp, 1035] - ReadFPGAPacket(0x301A):01 00 0C 89 82 00 02 30 1A A8 C5 0D 
2013/07/17 22:15:08:451 [004548] TRACE 0x801C0094 [Prb.cpp, 835] - RxStream contents:01 00 0C D4 06 89 00 01 FF DD 36 0D 
2013/07/17 22:15:08:452 [004548] TRACE 0x801C0094 [Prb.cpp, 943] - RadioBoardPacket(ACK):01 00 0C D4 06 89 00 01 FF DD 36 0D 
2013/07/17 22:15:08:452 [004932] DEBUG 0x801C0094 [Prb.cpp, 512] - Read FPGA completed, Address=0x301A, Data=0xFF
2013/07/17 22:15:08:453 [004932] TRACE 0x801C0094 [Prb.cpp, 493] - Reading FPGA, Address=0x3070
2013/07/17 22:15:08:454 [004932] TRACE 0x801C0094 [Prb.cpp, 1035] - ReadFPGAPacket(0x3070):01 00 0C 8A 82 00 02 30 70 21 B9 0D 
2013/07/17 22:15:08:454 [004548] TRACE 0x801C0094 [Prb.cpp, 835] - RxStream contents:01 00 0C D5 06 8A 00 01 FF 19 35 0D 
2013/07/17 22:15:08:455 [004548] TRACE 0x801C0094 [Prb.cpp, 943] - RadioBoardPacket(ACK):01 00 0C D5 06 8A 00 01 FF 19 35 0D 
2013/07/17 22:15:08:455 [004932] DEBUG 0x801C0094 [Prb.cpp, 512] - Read FPGA completed, Address=0x3070, Data=0xFF
2013/07/17 22:15:08:456 [004932] DEBUG 0x801C0094 [ComSysDiagnostics.cpp, 31] - FPGA RSSI/AFC [Send Command] linkedRSSI:60 linkedAFC:255 AFC:255
2013/07/17 22:15:08:456 [004932] TRACE 0x801C0094 [Prb.cpp, 383] - Send Command, Command=0xf4
2013/07/17 22:15:08:457 [004932] TRACE 0x801C0094 [Prb.cpp, 1035] - WriteTransmitterPacket():01 00 0D 8B 87 00 03 F4 82 3B 87 13 0D 
2013/07/17 22:15:08:457 [004548] TRACE 0x801C0094 [Prb.cpp, 835] - RxStream contents:01 00 0B D7 06 8B 00 00 9E 7D 0D 
2013/07/17 22:15:08:458 [004548] TRACE 0x801C0094 [Prb.cpp, 943] - RadioBoardPacket(ACK):01 00 0B D7 06 8B 00 00 9E 7D 0D 
2013/07/17 22:15:08:459 [004932] DEBUG 0x801C0094 [Prb.cpp, 402] - Send Command completed, Command=0xf4
2013/07/17 22:15:08:674 [006916] INFO 0x801C0094 [CommunicationSystem.cpp, 360] - Marker:81 6F 80 22 FD 
2013/07/17 22:15:08:709 [006916] INFO 0x801C0094 [CommunicationSystem.cpp, 360] - Marker:8C 7F 58 22 B3 
2013/07/17 22:15:08:955 [004932] INFO 0x801C0094 [CommunicationSystem.cpp, 780] - Number of frames received since the command was sent: 32
2013/07/17 22:15:08:956 [004932] INFO 0x801C0094 [CommunicationSystemStates.cpp, 503] - Break link failed: timer expired.
2013/07/17 22:15:08:957 [004932] INFO 0x801C0094 [ComSysDiagnostics.cpp, 79] - Status Counters [Command retry] FrameErrorsInLastSecond:0 EcgErrorsInLastSecond:0 MarkerOrImplantIdErrorsInLastSecond:0 TotalFrameErrors:1 TotalEcgErrors:0 TotalMarkerOrImplantIdErrors:0 TotalSentCommands:2 TotalGoodResponses:1 TotalBadResponses:0 TotalResponseTimeouts:1
2013/07/17 22:15:08:957 [004932] TRACE 0x801C0094 [Prb.cpp, 493] - Reading FPGA, Address=0x301C
2013/07/17 22:15:08:958 [004932] TRACE 0x801C0094 [Prb.cpp, 1035] - ReadFPGAPacket(0x301C):01 00 0C 8C 82 00 02 30 1C B0 D4 0D 
2013/07/17 22:15:08:958 [004548] TRACE 0x801C0094 [Prb.cpp, 835] - RxStream contents:01 00 0C F8 06 8C 00 01 01 3B 1F 0D 
2013/07/17 22:15:08:959 [004548] TRACE 0x801C0094 [Prb.cpp, 943] - RadioBoardPacket(ACK):01 00 0C F8 06 8C 00 01 01 3B 1F 0D 
2013/07/17 22:15:08:960 [004932] DEBUG 0x801C0094 [Prb.cpp, 512] - Read FPGA completed, Address=0x301C, Data=0x01
2013/07/17 22:15:08:960 [004932] DEBUG 0x801C0094 [ComSysDiagnostics.cpp, 89] - FPGA Frame Error Counter [Command retry]:1
2013/07/17 22:15:08:961 [004932] INFO 0x801C0094 [CommunicationSystemStateMachine.cpp, 252] - Send Command:E4 02 58 
2013/07/17 22:15:08:961 [004932] TRACE 0x801C0094 [Prb.cpp, 493] - Reading FPGA, Address=0x3018
2013/07/17 22:15:08:962 [004932] TRACE 0x801C0094 [Prb.cpp, 1035] - ReadFPGAPacket(0x3018):01 00 0C 8D 82 00 02 30 18 C8 CC 0D 
2013/07/17 22:15:08:962 [004548] TRACE 0x801C0094 [Prb.cpp, 835] - RxStream contents:01 00 0C F9 06 8D 00 01 3D 57 97 0D 
2013/07/17 22:15:08:963 [004548] TRACE 0x801C0094 [Prb.cpp, 943] - RadioBoardPacket(ACK):01 00 0C F9 06 8D 00 01 3D 57 97 0D 
2013/07/17 22:15:08:964 [004932] DEBUG 0x801C0094 [Prb.cpp, 512] - Read FPGA completed, Address=0x3018, Data=0x3D
2013/07/17 22:15:08:964 [004932] TRACE 0x801C0094 [Prb.cpp, 493] - Reading FPGA, Address=0x301A
2013/07/17 22:15:08:965 [004932] TRACE 0x801C0094 [Prb.cpp, 1035] - ReadFPGAPacket(0x301A):01 00 0C 8E 82 00 02 30 1A C0 C3 0D 
2013/07/17 22:15:08:965 [004548] TRACE 0x801C0094 [Prb.cpp, 835] - RxStream contents:01 00 0C FA 06 8E 00 01 00 63 1A 0D 
2013/07/17 22:15:08:966 [004548] TRACE 0x801C0094 [Prb.cpp, 943] - RadioBoardPacket(ACK):01 00 0C FA 06 8E 00 01 00 63 1A 0D 
2013/07/17 22:15:08:967 [004932] DEBUG 0x801C0094 [Prb.cpp, 512] - Read FPGA completed, Address=0x301A, Data=0x00
2013/07/17 22:15:08:967 [004932] TRACE 0x801C0094 [Prb.cpp, 493] - Reading FPGA, Address=0x3070
2013/07/17 22:15:08:968 [004932] TRACE 0x801C0094 [Prb.cpp, 1035] - ReadFPGAPacket(0x3070):01 00 0C 8F 82 00 02 30 70 39 BC 0D 
2013/07/17 22:15:08:968 [004548] TRACE 0x801C0094 [Prb.cpp, 835] - RxStream contents:01 00 0C FB 06 8F 00 01 FF 0D 18 0D 
2013/07/17 22:15:08:969 [004548] TRACE 0x801C0094 [Prb.cpp, 943] - RadioBoardPacket(ACK):01 00 0C FB 06 8F 00 01 FF 0D 18 0D 
2013/07/17 22:15:08:970 [004932] DEBUG 0x801C0094 [Prb.cpp, 512] - Read FPGA completed, Address=0x3070, Data=0xFF
2013/07/17 22:15:08:970 [004932] DEBUG 0x801C0094 [ComSysDiagnostics.cpp, 31] - FPGA RSSI/AFC [Send Command] linkedRSSI:61 linkedAFC:0 AFC:255
2013/07/17 22:15:08:970 [004932] TRACE 0x801C0094 [Prb.cpp, 383] - Send Command, Command=0xe4
2013/07/17 22:15:08:971 [004932] TRACE 0x801C0094 [Prb.cpp, 1035] - WriteTransmitterPacket():01 00 0D 90 87 00 03 E4 02 58 9D A3 0D 
2013/07/17 22:15:08:971 [004548] TRACE 0x801C0094 [Prb.cpp, 835] - RxStream contents:01 00 0B FD 06 90 00 00 13 92 0D 
2013/07/17 22:15:08:972 [004548] TRACE 0x801C0094 [Prb.cpp, 943] - RadioBoardPacket(ACK):01 00 0B FD 06 90 00 00 13 92 0D 
2013/07/17 22:15:08:973 [004932] DEBUG 0x801C0094 [Prb.cpp, 402] - Send Command completed, Command=0xe4
2013/07/17 22:15:09:128 [006916] INFO 0x801C0094 [ComSysDiagnostics.cpp, 79] - Status Counters [Link lost] FrameErrorsInLastSecond:8 EcgErrorsInLastSecond:0 MarkerOrImplantIdErrorsInLastSecond:0 TotalFrameErrors:9 TotalEcgErrors:0 TotalMarkerOrImplantIdErrors:0 TotalSentCommands:3 TotalGoodResponses:1 TotalBadResponses:0 TotalResponseTimeouts:1
2013/07/17 22:15:09:129 [006916] TRACE 0x801C0094 [Prb.cpp, 493] - Reading FPGA, Address=0x301C
2013/07/17 22:15:09:129 [006916] TRACE 0x801C0094 [Prb.cpp, 1035] - ReadFPGAPacket(0x301C):01 00 0C 91 82 00 02 30 1C 68 CA 0D 
2013/07/17 22:15:09:130 [004548] TRACE 0x801C0094 [Prb.cpp, 835] - RxStream contents:01 00 0C 08 06 91 00 01 0A 9F DC 0D 
2013/07/17 22:15:09:131 [004548] TRACE 0x801C0094 [Prb.cpp, 943] - RadioBoardPacket(ACK):01 00 0C 08 06 91 00 01 0A 9F DC 0D 
2013/07/17 22:15:09:131 [006916] DEBUG 0x801C0094 [Prb.cpp, 512] - Read FPGA completed, Address=0x301C, Data=0x0A
2013/07/17 22:15:09:132 [006916] DEBUG 0x801C0094 [ComSysDiagnostics.cpp, 89] - FPGA Frame Error Counter [Link lost]:10
2013/07/17 22:15:09:133 [006916] INFO 0x801C0094 [CommunicationSystemStateMachine.cpp, 769] - Command Completed
2013/07/17 22:15:09:133 [006916] DEBUG 0x801C0094 [CommunicationSystemStateMachine.cpp, 330] - ... after 11 frames.
2013/07/17 22:15:09:134 [006916] TRACE 0x801C0094 [Prb.cpp, 448] - Writing FPGA, Address=0x1008, Data=0x08
2013/07/17 22:15:09:135 [006916] TRACE 0x801C0094 [Prb.cpp, 1035] - WriteFPGAPacket(0x1008, 0x08):01 00 0D 92 81 00 03 10 08 08 3E F6 0D 
2013/07/17 22:15:09:135 [004548] TRACE 0x801C0094 [Prb.cpp, 835] - RxStream contents:01 00 0B 09 06 92 00 00 38 DA 0D 
2013/07/17 22:15:09:136 [004548] TRACE 0x801C0094 [Prb.cpp, 943] - RadioBoardPacket(ACK):01 00 0B 09 06 92 00 00 38 DA 0D 
2013/07/17 22:15:09:137 [006916] DEBUG 0x801C0094 [Prb.cpp, 466] - Write FPGA completed, Address=0x1008, Data=0x08
2013/07/17 22:15:09:153 [006916] TRACE 0x801C0094 [Prb.cpp, 493] - Reading FPGA, Address=0x300A
2013/07/17 22:15:09:153 [006916] TRACE 0x801C0094 [Prb.cpp, 1035] - ReadFPGAPacket(0x300A):01 00 0C 93 82 00 02 30 0A 98 BE 0D 
2013/07/17 22:15:09:154 [004548] TRACE 0x801C0094 [Prb.cpp, 835] - RxStream contents:01 00 0C 0A 06 93 00 01 00 47 E0 0D 
2013/07/17 22:15:09:155 [004548] TRACE 0x801C0094 [Prb.cpp, 943] - RadioBoardPacket(ACK):01 00 0C 0A 06 93 00 01 00 47 E0 0D 
2013/07/17 22:15:09:155 [006916] DEBUG 0x801C0094 [Prb.cpp, 512] - Read FPGA completed, Address=0x300A, Data=0x00
2013/07/17 22:15:09:156 [006916] TRACE 0x801C0094 [Prb.cpp, 448] - Writing FPGA, Address=0x300A, Data=0x03
2013/07/17 22:15:09:157 [006916] TRACE 0x801C0094 [Prb.cpp, 1035] - WriteFPGAPacket(0x300A, 0x03):01 00 0D 94 81 00 03 30 0A 03 B6 2F 0D 
2013/07/17 22:15:09:157 [004548] TRACE 0x801C0094 [Prb.cpp, 835] - RxStream contents:01 00 0B 0B 06 94 00 00 B8 51 0D 
2013/07/17 22:15:09:158 [004548] TRACE 0x801C0094 [Prb.cpp, 943] - RadioBoardPacket(ACK):01 00 0B 0B 06 94 00 00 B8 51 0D 
2013/07/17 22:15:09:158 [006916] DEBUG 0x801C0094 [Prb.cpp, 466] - Write FPGA completed, Address=0x300A, Data=0x03
2013/07/17 22:15:14:326 [006572] INFO [NCommunicationSystem.cpp, 747] - Disposing: 1
2013/07/17 22:15:14:329 [006572] INFO [CrossAppDomainEventMarshaller.cpp, 44] - Disposing: 1
2013/07/17 22:15:14:330 [006572] INFO [CrossAppDomainEventMarshaller.cpp, 155] - abortGetNextEvent called
2013/07/17 22:15:14:330 [006572] INFO [CrossAppDomainEventMarshaller.cpp, 48] - Waiting for CrossDomainEventTranslator::m_pHandleEventsThread to stop
2013/07/17 22:15:14:330 [006532] INFO [CrossAppDomainEventMarshaller.cpp, 80] - handleEventsThread exiting (thread aborted)
2013/07/17 22:15:14:332 [006572] INFO [CrossAppDomainEventMarshaller.cpp, 54] - CrossDomainEventTranslator::m_pHandleEventsThread stopped
2013/07/17 22:15:14:333 [006572] INFO [CrossAppDomainEventMarshaller.cpp, 110] - EventHandler dtor
2013/07/17 22:15:14:334 [006572] INFO [CrossAppDomainEventMarshaller.cpp, 60] - Disposed.
2013/07/17 22:15:14:335 [004548] DEBUG [Prb.cpp, 867] - Prb receive thread terminated.
2013/07/17 22:15:14:339 [006916] INFO [ExceptionCatchingThread.cpp, 170] - Exited the interrupt thread procedure with return value 0.
2013/07/17 22:15:14:438 [004932] INFO [ExceptionCatchingThread.cpp, 170] - Exited the dispatch thread procedure with return value 0.
2013/07/17 22:15:14:440 [004224] INFO [ExceptionCatchingThread.cpp, 170] - Exited the timer thread procedure with return value 0.
2013/07/17 22:15:14:542 [006572] INFO [NCommunicationSystem.cpp, 779] - Disposed.
<<<<< Log Footer: 07/17/2013 22:15:14 >>>>>
