2013/07/17 19:29:57:529  INFO:   Loaded Symbol File C:\ISV System\Config\FirmwareSymbols\build178.sym for firmware Build #178
2013/07/17 19:29:57:715  INFO:   CommunicationSystemLog properties: .\CommunicationSystem.logger.properties
2013/07/17 19:29:57:715  INFO:   CommunicationSystemLog log       : .\logs\systemBerScriptLog 2013.07.17 19.29.57_CommunicationSystem.Log
2013/07/17 19:30:01:516  INFO:   Setting the event sink for ScriptEngineProcedure
2013/07/17 19:30:01:516  INFO:   Program parameters checks are enabled
2013/07/17 19:30:01:521  INFO:   ********************************************************************************
2013/07/17 19:30:01:521  INFO:   Starting ScriptEngineProcedure, Assembly  version 
2013/07/17 19:30:01:525  INFO:   Config: ICD (NCommunicationSystem ver: nCommunicationSystem, Version=1.8.2.1, Culture=neutral, PublicKeyToken=56b5378c99c0bcfd; FTDI Driver ver: 2.08.24.0; PRB FPGA ver: 7)
2013/07/17 19:30:01:526  INFO:   Setting the radio board transmit power to level 0x7.
2013/07/17 19:30:01:529  INFO:   Radio board power level set to 7.
2013/07/17 19:30:01:529  INFO:   ECG Timeout Interval set to 10 seconds.
2013/07/17 19:30:01:530  STATE:  Changing state to ScriptExecStateMachine.WaitForNextCmdState, ID[1]
2013/07/17 19:30:01:530  INFO:   FwDvtSystem Started the event processing thread
2013/07/17 19:30:01:560  ACTION: Read PRB FPGA: Address=0x3000 Data=0x07
2013/07/17 19:30:01:565  RESULT: FPGA 0x3000 Expected: 18 Actual: 7
2013/07/17 19:30:01:567  RESULT: ERROR Expected: 18 Actual: 7
2013/07/17 19:30:01:568  ACTION: Calibrate CC1020
2013/07/17 19:30:01:662  INFO:   CC1020 calibration passed
2013/07/17 19:30:01:670  ACTION: Read C1020: Address 0x04 Data=0x35
2013/07/17 19:30:01:674  ACTION: Read C1020: Address 0x05 Data=0xF0
2013/07/17 19:30:01:678  ACTION: Read C1020: Address 0x06 Data=0x21
2013/07/17 19:30:01:681  ACTION: Read C1020: Address 0x07 Data=0x38
2013/07/17 19:30:01:684  ACTION: Read C1020: Address 0x08 Data=0x35
2013/07/17 19:30:01:687  ACTION: Read C1020: Address 0x09 Data=0xFA
2013/07/17 19:30:01:691  ACTION: Read C1020: Address 0x0A Data=0xCB
2013/07/17 19:30:01:694  ACTION: Read C1020: Address 0x0B Data=0x38
2013/07/17 19:30:01:697  ACTION: Read C1020: Address 0x1D Data=0x00
2013/07/17 19:30:01:705  ACTION: Read C1020: Address 0x45 Data=0x4C
2013/07/17 19:30:01:709  ACTION: Read C1020: Address 0x46 Data=0x66
2013/07/17 19:30:01:713  ACTION: Read C1020: Address 0x47 Data=0x44
2013/07/17 19:30:01:732  ACTION: Read PRB FPGA: Address=0x305E Data=0x00
2013/07/17 19:30:01:735  ACTION: Read PRB FPGA: Address=0x3060 Data=0x00
2013/07/17 19:30:01:738  ACTION: Read PRB FPGA: Address=0x3062 Data=0x00
2013/07/17 19:30:01:746  ACTION: Read PRB FPGA: Address=0x3066 Data=0x00
2013/07/17 19:30:01:748  ACTION: Read PRB FPGA: Address=0x3068 Data=0x00
2013/07/17 19:30:01:751  ACTION: Read PRB FPGA: Address=0x306A Data=0x00
2013/07/17 19:30:01:753  ACTION: Write PRB FPGA: Address=0x1026 Data=0x01
2013/07/17 19:30:01:760  INFO:   EXECUTING STATE: SMLibrary.Dvt.IcdCmd+ScanState Timeout: 00:00:30
2013/07/17 19:30:01:760  EVENT:  SCRIPT-EXEC:EXEC-STATE - TES.Dvt.ScriptExecStateMachine, ID[11]
2013/07/17 19:30:01:762  STATE:  Changing state to ScriptExecStateMachine.ExecState, ID[4]
2013/07/17 19:30:01:762  INFO:   Setting the radio board transmit power to level 0x7.
2013/07/17 19:30:01:766  INFO:   Radio board power level set to 7.
2013/07/17 19:30:01:767  ACTION: Setting radio board configuration for hybrid.
2013/07/17 19:30:01:767  ACTION: Set radio board to DIO inverting mode.
2013/07/17 19:30:01:767  ACTION: Write PRB FPGA: Address=0x3012 Data=0x01
2013/07/17 19:30:01:770  ACTION: PRB Set Link Data Rate: Slow
2013/07/17 19:30:01:773  ACTION: Read PRB FPGA: Address=0x1004 Data=0x00
2013/07/17 19:30:01:773  ACTION: Write PRB FPGA: Address=0x1004 Data=0x00
2013/07/17 19:30:01:776  ACTION: Scanning for devices, primary scan duration = 9 sec, secondary scan duration = 2 sec
2013/07/17 19:30:12:948  INFO:   Primary scan device IDs: 0x801C0094 0x80000009 
2013/07/17 19:30:17:105  INFO:   Secondary scan device IDs: 0x80000009 0x801C0094 
2013/07/17 19:30:17:107  EVENT:  Device ID List, ID[17]
                                 DeviceID[0] : ID 0x80000009 (Model 0, Serial 9, SW Version 0, Is Implanted)
                                 DeviceID[1] : ID 0x801C0094 (Model 0, Serial 148, SW Version 7, Is Implanted)
2013/07/17 19:30:17:108  STATE:  Changing state to ScriptExecStateMachine.WaitForNextCmdState, ID[1]
2013/07/17 19:30:17:108  INFO:   STATE EXITED: SMLibrary.Dvt.IcdCmd+ScanState
2013/07/17 19:30:17:120  INFO:   EXECUTING STATE: SMLibrary.Dvt.IcdCmd+ConnectState Timeout: 00:00:24
2013/07/17 19:30:17:121  EVENT:  SCRIPT-EXEC:EXEC-STATE - TES.Dvt.ScriptExecStateMachine, ID[11]
2013/07/17 19:30:17:121  STATE:  Changing state to ScriptExecStateMachine.ExecState, ID[4]
2013/07/17 19:30:17:121  ACTION: PRB Set Link Data Rate: Slow
2013/07/17 19:30:17:124  ACTION: Read PRB FPGA: Address=0x1004 Data=0x00
2013/07/17 19:30:17:124  ACTION: Write PRB FPGA: Address=0x1004 Data=0x00
2013/07/17 19:30:17:126  ACTION: Connecting to device ID 0x801C0094 (Model 0, Serial 148, SW Version 7, Is Implanted)
2013/07/17 19:30:20:414  INFO:   Registering the ICD session delegates
2013/07/17 19:30:20:414  EVENT:  Connect Succeeded, ID[19]
2013/07/17 19:30:20:414  STATE:  Changing state to ScriptExecStateMachine.WaitForNextCmdState, ID[1]
2013/07/17 19:30:20:414  INFO:   STATE EXITED: SMLibrary.Dvt.IcdCmd+ConnectState
2013/07/17 19:30:25:480  INFO:   EXECUTING STATE: IronPython.NewTypes.System.Object#IScriptExecState_5$5 Timeout: 00:00:02
2013/07/17 19:30:25:480  EVENT:  SCRIPT-EXEC:EXEC-STATE - TES.Dvt.ScriptExecStateMachine, ID[11]
2013/07/17 19:30:25:480  STATE:  Changing state to ScriptExecStateMachine.ExecState, ID[4]
2013/07/17 19:30:25:481  ACTION: Break Link
2013/07/17 19:30:25:656  INFO:   Unregistering the ICD session delegates
2013/07/17 19:30:25:658  EVENT:  Command Completed, ID[21], Command=0xE4 (Break Link)
2013/07/17 19:30:25:818  EVENT:  Disconnected, ID[22], clean
2013/07/17 19:30:25:818  STATE:  Changing state to ScriptExecStateMachine.WaitForNextCmdState, ID[1]
2013/07/17 19:30:25:818  INFO:   STATE EXITED: IronPython.NewTypes.System.Object#IScriptExecState_5$5
2013/07/17 19:30:30:820  EVENT:  SCRIPT-EXEC:EXIT - TES.Dvt.ScriptExecStateMachine, ID[8]
2013/07/17 19:30:30:821  INFO:   Terminating ScriptEngineProcedure
2013/07/17 19:30:30:821  EVENT:  Terminate Dispatch, ID[23]
2013/07/17 19:30:30:821  EVENT:  TES.Dvt.ScriptExecStateMachine.DoneEvent, ID[6]
2013/07/17 19:30:30:821  STATE:  Changing state to ScriptExecStateMachine.IdleState, ID[6]
2013/07/17 19:30:30:830  INFO:   ScriptEngineProcedure Completed
2013/07/17 19:30:30:831  INFO:   Testcase Summary:
2013/07/17 19:30:30:831  RESULT: Test Procedure ScriptEngineProcedure (FAILED)
2013/07/17 19:30:30:831  INFO:   Procedure Runtime = 00:00:29
2013/07/17 19:30:30:838  INFO:   The event dispatch thread ScriptEngineProcedure exited.
