<<<<< Log Header: 07/16/2013 20:55:04 >>>>>
2013/07/16 20:55:04:331 [002560] INFO [NCommunicationSystem.cpp, 108] - nCommunicationSystem, Version=1.8.2.1, Culture=neutral, PublicKeyToken=56b5378c99c0bcfd
2013/07/16 20:55:04:348 [002560] INFO [ExceptionCatchingThread.cpp, 257] - Created the timer thread with id 7732 (0x1e34).
2013/07/16 20:55:04:350 [007732] INFO [ExceptionCatchingThread.cpp, 168] - Executing the timer thread procedure...
2013/07/16 20:55:04:354 [002560] INFO [ExceptionCatchingThread.cpp, 257] - Created the dispatch thread with id 7396 (0x1ce4).
2013/07/16 20:55:04:354 [007396] INFO [ExceptionCatchingThread.cpp, 168] - Executing the dispatch thread procedure...
2013/07/16 20:55:07:355 [002560] DEBUG [Prb.cpp, 252] - PRB logging started.
2013/07/16 20:55:07:363 [002560] DEBUG [Prb.cpp, 130] - Number of FTDI devices: 1
2013/07/16 20:55:07:364 [002560] DEBUG [Prb.cpp, 158] - FTDI Device[0]: ID=67330069
2013/07/16 20:55:07:367 [002560] DEBUG [Prb.cpp, 169] - FTDI handle=168836400
2013/07/16 20:55:07:368 [002560] INFO [Prb.cpp, 179] - FTDI Driver Version 2.08.24.0
2013/07/16 20:55:07:624 [002560] INFO [Prb.cpp, 205] - FTDI Configuration: MaxCurrent=200, CBus5=21, CBus6=0x4
2013/07/16 20:55:07:875 [002560] INFO [Prb.cpp, 246] - PRB driver initialized.
2013/07/16 20:55:07:875 [002560] TRACE [Prb.cpp, 448] - Writing FPGA, Address=0x1008, Data=0x08
2013/07/16 20:55:07:876 [002560] TRACE [Prb.cpp, 1035] - WriteFPGAPacket(0x1008, 0x08):01 00 0D 00 81 00 03 10 08 08 25 D5 0D 
2013/07/16 20:55:07:876 [008156] TRACE [Prb.cpp, 835] - RxStream contents:01 00 0B 7D 06 00 00 00 A4 D1 0D 
2013/07/16 20:55:07:877 [008156] TRACE [Prb.cpp, 943] - RadioBoardPacket(ACK):01 00 0B 7D 06 00 00 00 A4 D1 0D 
2013/07/16 20:55:07:878 [002560] DEBUG [Prb.cpp, 466] - Write FPGA completed, Address=0x1008, Data=0x08
2013/07/16 20:55:07:894 [002560] TRACE [Prb.cpp, 493] - Reading FPGA, Address=0x300A
2013/07/16 20:55:07:894 [002560] TRACE [Prb.cpp, 1035] - ReadFPGAPacket(0x300A):01 00 0C 01 82 00 02 30 0A E8 24 0D 
2013/07/16 20:55:07:894 [008156] TRACE [Prb.cpp, 835] - RxStream contents:01 00 0C 7E 06 01 00 01 00 4F A8 0D 
2013/07/16 20:55:07:895 [008156] TRACE [Prb.cpp, 943] - RadioBoardPacket(ACK):01 00 0C 7E 06 01 00 01 00 4F A8 0D 
2013/07/16 20:55:07:896 [002560] DEBUG [Prb.cpp, 512] - Read FPGA completed, Address=0x300A, Data=0x00
2013/07/16 20:55:07:896 [002560] TRACE [Prb.cpp, 448] - Writing FPGA, Address=0x300A, Data=0x03
2013/07/16 20:55:07:897 [002560] TRACE [Prb.cpp, 1035] - WriteFPGAPacket(0x300A, 0x03):01 00 0D 02 81 00 03 30 0A 03 29 4F 0D 
2013/07/16 20:55:07:897 [008156] TRACE [Prb.cpp, 835] - RxStream contents:01 00 0B 7F 06 02 00 00 A4 09 0D 
2013/07/16 20:55:07:898 [008156] TRACE [Prb.cpp, 943] - RadioBoardPacket(ACK):01 00 0B 7F 06 02 00 00 A4 09 0D 
2013/07/16 20:55:07:899 [002560] DEBUG [Prb.cpp, 466] - Write FPGA completed, Address=0x300A, Data=0x03
2013/07/16 20:55:07:912 [002560] INFO [CrossTalkDetector.cpp, 14] - EnterCrossTalkThreshold = 8
2013/07/16 20:55:07:913 [002560] INFO [CrossTalkDetector.cpp, 21] - LeaveCrossTalkThreshold = 4
2013/07/16 20:55:07:914 [002560] INFO [CrossTalkDetector.cpp, 28] - LinkThreshold = 8
2013/07/16 20:55:07:915 [002560] INFO [ExceptionCatchingThread.cpp, 257] - Created the interrupt thread with id 1820 (0x71c).
2013/07/16 20:55:07:915 [001820] INFO [ExceptionCatchingThread.cpp, 168] - Executing the interrupt thread procedure...
2013/07/16 20:55:07:916 [002560] DEBUG [Prb.cpp, 252] - PRB logging started.
2013/07/16 20:55:07:918 [002560] INFO [CommunicationSystem.cpp, 640] - Calibrating the PRB CC1020.
2013/07/16 20:55:07:918 [002560] TRACE [Prb.cpp, 448] - Writing FPGA, Address=0x1008, Data=0x01
2013/07/16 20:55:07:919 [002560] TRACE [Prb.cpp, 1035] - WriteFPGAPacket(0x1008, 0x01):01 00 0D 03 81 00 03 10 08 01 26 D3 0D 
2013/07/16 20:55:07:919 [008156] TRACE [Prb.cpp, 835] - RxStream contents:01 00 0B 80 06 03 00 00 0C 36 0D 
2013/07/16 20:55:07:920 [008156] TRACE [Prb.cpp, 943] - RadioBoardPacket(ACK):01 00 0B 80 06 03 00 00 0C 36 0D 
2013/07/16 20:55:07:920 [002560] DEBUG [Prb.cpp, 466] - Write FPGA completed, Address=0x1008, Data=0x01
2013/07/16 20:55:08:002 [008156] TRACE [Prb.cpp, 835] - RxStream contents:01 00 0D 81 00 00 00 02 09 00 EF 15 0D 
2013/07/16 20:55:08:005 [001820] DEBUG [CommunicationSystem.cpp, 1120] - Calibration complete.
2013/07/16 20:55:08:005 [002560] TRACE [Prb.cpp, 493] - Reading FPGA, Address=0x2012
2013/07/16 20:55:08:006 [002560] TRACE [Prb.cpp, 1035] - ReadFPGAPacket(0x2012):01 00 0C 04 82 00 02 20 12 10 72 0D 
2013/07/16 20:55:08:006 [008156] TRACE [Prb.cpp, 835] - RxStream contents:01 00 0C 82 06 04 00 01 00 AB 58 0D 
2013/07/16 20:55:08:007 [008156] TRACE [Prb.cpp, 943] - RadioBoardPacket(ACK):01 00 0C 82 06 04 00 01 00 AB 58 0D 
2013/07/16 20:55:08:008 [002560] DEBUG [Prb.cpp, 512] - Read FPGA completed, Address=0x2012, Data=0x00
2013/07/16 20:55:08:008 [002560] INFO [CommunicationSystem.cpp, 653] - CC1020 Calibration succeeded.
2013/07/16 20:55:08:009 [002560] TRACE [Prb.cpp, 448] - Writing FPGA, Address=0x1006, Data=0x08
2013/07/16 20:55:08:009 [002560] TRACE [Prb.cpp, 1035] - WriteFPGAPacket(0x1006, 0x08):01 00 0D 05 81 00 03 10 06 08 84 86 0D 
2013/07/16 20:55:08:009 [008156] TRACE [Prb.cpp, 835] - RxStream contents:01 00 0B 83 06 05 00 00 0C C6 0D 
2013/07/16 20:55:08:010 [008156] TRACE [Prb.cpp, 943] - RadioBoardPacket(ACK):01 00 0B 83 06 05 00 00 0C C6 0D 
2013/07/16 20:55:08:011 [002560] DEBUG [Prb.cpp, 466] - Write FPGA completed, Address=0x1006, Data=0x08
2013/07/16 20:55:08:012 [002560] TRACE [Prb.cpp, 493] - Reading FPGA, Address=0x3000
2013/07/16 20:55:08:012 [002560] TRACE [Prb.cpp, 1035] - ReadFPGAPacket(0x3000):01 00 0C 06 82 00 02 30 00 80 1E 0D 
2013/07/16 20:55:08:012 [008156] TRACE [Prb.cpp, 835] - RxStream contents:01 00 0C 84 06 06 00 01 07 13 4F 0D 
2013/07/16 20:55:08:013 [008156] TRACE [Prb.cpp, 943] - RadioBoardPacket(ACK):01 00 0C 84 06 06 00 01 07 13 4F 0D 
2013/07/16 20:55:08:014 [002560] DEBUG [Prb.cpp, 512] - Read FPGA completed, Address=0x3000, Data=0x07
2013/07/16 20:55:08:014 [002560] INFO [CommunicationSystem.cpp, 613] - FPGA Revision 7.
2013/07/16 20:55:08:015 [002560] TRACE [Prb.cpp, 584] - Reading CC1020, Address=0x0004
2013/07/16 20:55:08:016 [002560] TRACE [Prb.cpp, 1035] - ReadCC1020Packet(0x04):01 00 0C 07 84 00 02 00 04 59 16 0D 
2013/07/16 20:55:08:016 [008156] TRACE [Prb.cpp, 835] - RxStream contents:01 00 0C 85 06 07 00 01 35 FF E0 0D 
2013/07/16 20:55:08:016 [008156] TRACE [Prb.cpp, 943] - RadioBoardPacket(ACK):01 00 0C 85 06 07 00 01 35 FF E0 0D 
2013/07/16 20:55:08:017 [002560] DEBUG [Prb.cpp, 603] - Read CC1020 completed, Address=0x0004, Data=0x35
2013/07/16 20:55:08:017 [002560] INFO [CommunicationSystem.cpp, 614] - CC1020 Frequency 2A 0x35.
2013/07/16 20:55:08:018 [002560] TRACE [Prb.cpp, 584] - Reading CC1020, Address=0x0005
2013/07/16 20:55:08:019 [002560] TRACE [Prb.cpp, 1035] - ReadCC1020Packet(0x05):01 00 0C 08 84 00 02 00 05 F1 1C 0D 
2013/07/16 20:55:08:019 [008156] TRACE [Prb.cpp, 835] - RxStream contents:01 00 0C 86 06 08 00 01 F0 B9 7E 0D 
2013/07/16 20:55:08:019 [008156] TRACE [Prb.cpp, 943] - RadioBoardPacket(ACK):01 00 0C 86 06 08 00 01 F0 B9 7E 0D 
2013/07/16 20:55:08:020 [002560] DEBUG [Prb.cpp, 603] - Read CC1020 completed, Address=0x0005, Data=0xF0
2013/07/16 20:55:08:020 [002560] INFO [CommunicationSystem.cpp, 615] - CC1020 Frequency 1A 0xf0.
2013/07/16 20:55:08:021 [002560] TRACE [Prb.cpp, 584] - Reading CC1020, Address=0x0006
2013/07/16 20:55:08:022 [002560] TRACE [Prb.cpp, 1035] - ReadCC1020Packet(0x06):01 00 0C 09 84 00 02 00 06 09 15 0D 
2013/07/16 20:55:08:022 [008156] TRACE [Prb.cpp, 835] - RxStream contents:01 00 0C 87 06 09 00 01 21 D7 98 0D 
2013/07/16 20:55:08:022 [008156] TRACE [Prb.cpp, 943] - RadioBoardPacket(ACK):01 00 0C 87 06 09 00 01 21 D7 98 0D 
2013/07/16 20:55:08:023 [002560] DEBUG [Prb.cpp, 603] - Read CC1020 completed, Address=0x0006, Data=0x21
2013/07/16 20:55:08:023 [002560] INFO [CommunicationSystem.cpp, 616] - CC1020 Frequency 0A 0x21.
2013/07/16 20:55:08:024 [002560] TRACE [Prb.cpp, 584] - Reading CC1020, Address=0x0008
2013/07/16 20:55:08:025 [002560] TRACE [Prb.cpp, 1035] - ReadCC1020Packet(0x08):01 00 0C 0A 84 00 02 00 08 01 32 0D 
2013/07/16 20:55:08:025 [008156] TRACE [Prb.cpp, 835] - RxStream contents:01 00 0C 88 06 0A 00 01 35 C3 EF 0D 
2013/07/16 20:55:08:025 [008156] TRACE [Prb.cpp, 943] - RadioBoardPacket(ACK):01 00 0C 88 06 0A 00 01 35 C3 EF 0D 
2013/07/16 20:55:08:026 [002560] DEBUG [Prb.cpp, 603] - Read CC1020 completed, Address=0x0008, Data=0x35
2013/07/16 20:55:08:026 [002560] INFO [CommunicationSystem.cpp, 617] - CC1020 Frequency 2B 0x35.
2013/07/16 20:55:08:027 [002560] TRACE [Prb.cpp, 584] - Reading CC1020, Address=0x0009
2013/07/16 20:55:08:028 [002560] TRACE [Prb.cpp, 1035] - ReadCC1020Packet(0x09):01 00 0C 0B 84 00 02 00 09 79 34 0D 
2013/07/16 20:55:08:028 [008156] TRACE [Prb.cpp, 835] - RxStream contents:01 00 0C 89 06 0B 00 01 FA AD 4D 0D 
2013/07/16 20:55:08:028 [008156] TRACE [Prb.cpp, 943] - RadioBoardPacket(ACK):01 00 0C 89 06 0B 00 01 FA AD 4D 0D 
2013/07/16 20:55:08:029 [002560] DEBUG [Prb.cpp, 603] - Read CC1020 completed, Address=0x0009, Data=0xFA
2013/07/16 20:55:08:029 [002560] INFO [CommunicationSystem.cpp, 618] - CC1020 Frequency 1B 0xfa.
2013/07/16 20:55:08:030 [002560] TRACE [Prb.cpp, 584] - Reading CC1020, Address=0x000A
2013/07/16 20:55:08:031 [002560] TRACE [Prb.cpp, 1035] - ReadCC1020Packet(0x0A):01 00 0C 0C 84 00 02 00 0A 11 38 0D 
2013/07/16 20:55:08:031 [008156] TRACE [Prb.cpp, 835] - RxStream contents:01 00 0C 8A 06 0C 00 01 CB 49 EB 0D 
2013/07/16 20:55:08:032 [008156] TRACE [Prb.cpp, 943] - RadioBoardPacket(ACK):01 00 0C 8A 06 0C 00 01 CB 49 EB 0D 
2013/07/16 20:55:08:033 [002560] DEBUG [Prb.cpp, 603] - Read CC1020 completed, Address=0x000A, Data=0xCB
2013/07/16 20:55:08:033 [002560] INFO [CommunicationSystem.cpp, 619] - CC1020 Frequency 0B 0xcb.
2013/07/16 20:55:08:034 [002560] DEBUG [Prb.cpp, 650] - Read EEPROM completed, Address=0x060A, Data=0x00
2013/07/16 20:55:08:034 [002560] INFO [CommunicationSystem.cpp, 620] - RSSI Calibration Reference Center Channel 0.
2013/07/16 20:55:08:035 [002560] TRACE [Prb.cpp, 493] - Reading FPGA, Address=0x3054
2013/07/16 20:55:08:036 [002560] TRACE [Prb.cpp, 1035] - ReadFPGAPacket(0x3054):01 00 0C 0D 82 00 02 30 54 C9 EC 0D 
2013/07/16 20:55:08:036 [008156] TRACE [Prb.cpp, 835] - RxStream contents:01 00 0C 8B 06 0D 00 01 07 27 43 0D 
2013/07/16 20:55:08:036 [008156] TRACE [Prb.cpp, 943] - RadioBoardPacket(ACK):01 00 0C 8B 06 0D 00 01 07 27 43 0D 
2013/07/16 20:55:08:037 [002560] DEBUG [Prb.cpp, 512] - Read FPGA completed, Address=0x3054, Data=0x07
2013/07/16 20:55:08:037 [002560] INFO [CommunicationSystem.cpp, 621] - CC1020 PA_POWER 0x7.
2013/07/16 20:55:08:038 [002560] TRACE [Prb.cpp, 584] - Reading CC1020, Address=0x001C
2013/07/16 20:55:08:039 [002560] TRACE [Prb.cpp, 1035] - ReadCC1020Packet(0x1C):01 00 0C 0E 84 00 02 00 1C E1 4C 0D 
2013/07/16 20:55:08:039 [008156] TRACE [Prb.cpp, 835] - RxStream contents:01 00 0C 8C 06 0E 00 01 07 73 45 0D 
2013/07/16 20:55:08:039 [008156] TRACE [Prb.cpp, 943] - RadioBoardPacket(ACK):01 00 0C 8C 06 0E 00 01 07 73 45 0D 
2013/07/16 20:55:08:040 [002560] DEBUG [Prb.cpp, 603] - Read CC1020 completed, Address=0x001C, Data=0x07
2013/07/16 20:55:08:040 [002560] INFO [CommunicationSystem.cpp, 622] - CC1020 Transmit Power 0x7.
2013/07/16 20:55:08:041 [002560] TRACE [Prb.cpp, 493] - Reading FPGA, Address=0x3014
2013/07/16 20:55:08:042 [002560] TRACE [Prb.cpp, 1035] - ReadFPGAPacket(0x3014):01 00 0C 0F 82 00 02 30 14 38 6C 0D 
2013/07/16 20:55:08:042 [008156] TRACE [Prb.cpp, 835] - RxStream contents:01 00 0C 8D 06 0F 00 01 00 9F 54 0D 
2013/07/16 20:55:08:042 [008156] TRACE [Prb.cpp, 943] - RadioBoardPacket(ACK):01 00 0C 8D 06 0F 00 01 00 9F 54 0D 
2013/07/16 20:55:08:043 [002560] DEBUG [Prb.cpp, 512] - Read FPGA completed, Address=0x3014, Data=0x00
2013/07/16 20:55:08:044 [002560] INFO [CommunicationSystem.cpp, 623] - Low Noise Amplifier Circumvented 0.
2013/07/16 20:55:08:044 [002560] TRACE [Prb.cpp, 584] - Reading CC1020, Address=0x0001
2013/07/16 20:55:08:045 [002560] TRACE [Prb.cpp, 1035] - ReadCC1020Packet(0x01):01 00 0C 10 84 00 02 00 01 B1 1C 0D 
2013/07/16 20:55:08:045 [008156] TRACE [Prb.cpp, 835] - RxStream contents:01 00 0C 8E 06 10 00 01 0F 9B 70 0D 
2013/07/16 20:55:08:046 [008156] TRACE [Prb.cpp, 943] - RadioBoardPacket(ACK):01 00 0C 8E 06 10 00 01 0F 9B 70 0D 
2013/07/16 20:55:08:046 [002560] DEBUG [Prb.cpp, 603] - Read CC1020 completed, Address=0x0001, Data=0x0F
2013/07/16 20:55:08:047 [002560] INFO [CommunicationSystem.cpp, 624] - Low Noise Amplifier 0xf.
2013/07/16 20:55:08:047 [002560] TRACE [Prb.cpp, 493] - Reading FPGA, Address=0x1006
2013/07/16 20:55:08:048 [002560] TRACE [Prb.cpp, 1035] - ReadFPGAPacket(0x1006):01 00 0C 11 82 00 02 10 06 28 1D 0D 
2013/07/16 20:55:08:048 [008156] TRACE [Prb.cpp, 835] - RxStream contents:01 00 0C 8F 06 11 00 01 08 77 61 0D 
2013/07/16 20:55:08:049 [008156] TRACE [Prb.cpp, 943] - RadioBoardPacket(ACK):01 00 0C 8F 06 11 00 01 08 77 61 0D 
2013/07/16 20:55:08:050 [002560] DEBUG [Prb.cpp, 512] - Read FPGA completed, Address=0x1006, Data=0x08
2013/07/16 20:55:08:050 [002560] INFO [CommunicationSystem.cpp, 625] - Allowed Framing Errors 8.
2013/07/16 20:55:08:053 [002560] INFO [CrossTalkDetector.cpp, 28] - LinkThreshold = 8
2013/07/16 20:55:08:054 [002560] INFO [CrossTalkDetector.cpp, 14] - EnterCrossTalkThreshold = 8
2013/07/16 20:55:08:054 [002560] INFO [CrossTalkDetector.cpp, 21] - LeaveCrossTalkThreshold = 4
2013/07/16 20:55:08:063 [007800] TRACE [Prb.cpp, 493] - Reading FPGA, Address=0x3000
2013/07/16 20:55:08:064 [007800] TRACE [Prb.cpp, 1035] - ReadFPGAPacket(0x3000):01 00 0C 12 82 00 02 30 00 E0 0A 0D 
2013/07/16 20:55:08:064 [008156] TRACE [Prb.cpp, 835] - RxStream contents:01 00 0C 90 06 12 00 01 07 E3 5E 0D 
2013/07/16 20:55:08:065 [008156] TRACE [Prb.cpp, 943] - RadioBoardPacket(ACK):01 00 0C 90 06 12 00 01 07 E3 5E 0D 
2013/07/16 20:55:08:066 [007800] DEBUG [Prb.cpp, 512] - Read FPGA completed, Address=0x3000, Data=0x07
2013/07/16 20:55:08:067 [007800] TRACE [Prb.cpp, 539] - Writing CC1020, Address=0x001C, Data=0x07
2013/07/16 20:55:08:068 [007800] TRACE [Prb.cpp, 1035] - WriteCC1020Packet(0x1C, 0x07):01 00 0D 13 83 00 03 00 1C 07 3E 84 0D 
2013/07/16 20:55:08:068 [008156] TRACE [Prb.cpp, 835] - RxStream contents:01 00 0B 91 06 13 00 00 8A 8D 0D 
2013/07/16 20:55:08:069 [008156] TRACE [Prb.cpp, 943] - RadioBoardPacket(ACK):01 00 0B 91 06 13 00 00 8A 8D 0D 
2013/07/16 20:55:08:069 [007800] DEBUG [Prb.cpp, 557] - Write CC1020 completed, Address=0x001C, Data=0x07
2013/07/16 20:55:08:099 [002560] TRACE [Prb.cpp, 493] - Reading FPGA, Address=0x3000
2013/07/16 20:55:08:100 [002560] TRACE [Prb.cpp, 1035] - ReadFPGAPacket(0x3000):01 00 0C 14 82 00 02 30 00 70 0F 0D 
2013/07/16 20:55:08:100 [008156] TRACE [Prb.cpp, 835] - RxStream contents:01 00 0C 92 06 14 00 01 07 EB 5D 0D 
2013/07/16 20:55:08:101 [008156] TRACE [Prb.cpp, 943] - RadioBoardPacket(ACK):01 00 0C 92 06 14 00 01 07 EB 5D 0D 
2013/07/16 20:55:08:101 [002560] DEBUG [Prb.cpp, 512] - Read FPGA completed, Address=0x3000, Data=0x07
2013/07/16 20:55:08:109 [002560] INFO [CommunicationSystem.cpp, 640] - Calibrating the PRB CC1020.
2013/07/16 20:55:08:110 [002560] TRACE [Prb.cpp, 448] - Writing FPGA, Address=0x1008, Data=0x01
2013/07/16 20:55:08:111 [002560] TRACE [Prb.cpp, 1035] - WriteFPGAPacket(0x1008, 0x01):01 00 0D 15 81 00 03 10 08 01 B1 B0 0D 
2013/07/16 20:55:08:111 [008156] TRACE [Prb.cpp, 835] - RxStream contents:01 00 0B 93 06 15 00 00 0A 06 0D 
2013/07/16 20:55:08:112 [008156] TRACE [Prb.cpp, 943] - RadioBoardPacket(ACK):01 00 0B 93 06 15 00 00 0A 06 0D 
2013/07/16 20:55:08:113 [002560] DEBUG [Prb.cpp, 466] - Write FPGA completed, Address=0x1008, Data=0x01
2013/07/16 20:55:08:200 [008156] TRACE [Prb.cpp, 835] - RxStream contents:01 00 0D 94 00 00 00 02 09 00 7B 46 0D 
2013/07/16 20:55:08:201 [001820] DEBUG [CommunicationSystem.cpp, 1120] - Calibration complete.
2013/07/16 20:55:08:201 [002560] TRACE [Prb.cpp, 493] - Reading FPGA, Address=0x2012
2013/07/16 20:55:08:202 [002560] TRACE [Prb.cpp, 1035] - ReadFPGAPacket(0x2012):01 00 0C 16 82 00 02 20 12 E0 63 0D 
2013/07/16 20:55:08:202 [008156] TRACE [Prb.cpp, 835] - RxStream contents:01 00 0C 95 06 16 00 01 00 AB 49 0D 
2013/07/16 20:55:08:203 [008156] TRACE [Prb.cpp, 943] - RadioBoardPacket(ACK):01 00 0C 95 06 16 00 01 00 AB 49 0D 
2013/07/16 20:55:08:203 [002560] DEBUG [Prb.cpp, 512] - Read FPGA completed, Address=0x2012, Data=0x00
2013/07/16 20:55:08:204 [002560] INFO [CommunicationSystem.cpp, 653] - CC1020 Calibration succeeded.
2013/07/16 20:55:08:209 [002560] TRACE [Prb.cpp, 584] - Reading CC1020, Address=0x0004
2013/07/16 20:55:08:211 [002560] TRACE [Prb.cpp, 1035] - ReadCC1020Packet(0x04):01 00 0C 17 84 00 02 00 04 D9 04 0D 
2013/07/16 20:55:08:211 [008156] TRACE [Prb.cpp, 835] - RxStream contents:01 00 0C 96 06 17 00 01 35 B7 F4 0D 
2013/07/16 20:55:08:212 [008156] TRACE [Prb.cpp, 943] - RadioBoardPacket(ACK):01 00 0C 96 06 17 00 01 35 B7 F4 0D 
2013/07/16 20:55:08:212 [002560] DEBUG [Prb.cpp, 603] - Read CC1020 completed, Address=0x0004, Data=0x35
2013/07/16 20:55:08:214 [002560] TRACE [Prb.cpp, 584] - Reading CC1020, Address=0x0005
2013/07/16 20:55:08:215 [002560] TRACE [Prb.cpp, 1035] - ReadCC1020Packet(0x05):01 00 0C 18 84 00 02 00 05 71 0E 0D 
2013/07/16 20:55:08:215 [008156] TRACE [Prb.cpp, 835] - RxStream contents:01 00 0C 97 06 18 00 01 F0 81 69 0D 
2013/07/16 20:55:08:216 [008156] TRACE [Prb.cpp, 943] - RadioBoardPacket(ACK):01 00 0C 97 06 18 00 01 F0 81 69 0D 
2013/07/16 20:55:08:216 [002560] DEBUG [Prb.cpp, 603] - Read CC1020 completed, Address=0x0005, Data=0xF0
2013/07/16 20:55:08:218 [002560] TRACE [Prb.cpp, 584] - Reading CC1020, Address=0x0006
2013/07/16 20:55:08:218 [002560] TRACE [Prb.cpp, 1035] - ReadCC1020Packet(0x06):01 00 0C 19 84 00 02 00 06 89 07 0D 
2013/07/16 20:55:08:218 [008156] TRACE [Prb.cpp, 835] - RxStream contents:01 00 0C 98 06 19 00 01 21 3F 83 0D 
2013/07/16 20:55:08:219 [008156] TRACE [Prb.cpp, 943] - RadioBoardPacket(ACK):01 00 0C 98 06 19 00 01 21 3F 83 0D 
2013/07/16 20:55:08:220 [002560] DEBUG [Prb.cpp, 603] - Read CC1020 completed, Address=0x0006, Data=0x21
2013/07/16 20:55:08:221 [002560] TRACE [Prb.cpp, 584] - Reading CC1020, Address=0x0007
2013/07/16 20:55:08:222 [002560] TRACE [Prb.cpp, 1035] - ReadCC1020Packet(0x07):01 00 0C 1A 84 00 02 00 07 81 02 0D 
2013/07/16 20:55:08:222 [008156] TRACE [Prb.cpp, 835] - RxStream contents:01 00 0C 99 06 1A 00 01 38 7B D5 0D 
2013/07/16 20:55:08:223 [008156] TRACE [Prb.cpp, 943] - RadioBoardPacket(ACK):01 00 0C 99 06 1A 00 01 38 7B D5 0D 
2013/07/16 20:55:08:223 [002560] DEBUG [Prb.cpp, 603] - Read CC1020 completed, Address=0x0007, Data=0x38
2013/07/16 20:55:08:225 [002560] TRACE [Prb.cpp, 584] - Reading CC1020, Address=0x0008
2013/07/16 20:55:08:225 [002560] TRACE [Prb.cpp, 1035] - ReadCC1020Packet(0x08):01 00 0C 1B 84 00 02 00 08 79 23 0D 
2013/07/16 20:55:08:226 [008156] TRACE [Prb.cpp, 835] - RxStream contents:01 00 0C 9A 06 1B 00 01 35 E7 FB 0D 
2013/07/16 20:55:08:226 [008156] TRACE [Prb.cpp, 943] - RadioBoardPacket(ACK):01 00 0C 9A 06 1B 00 01 35 E7 FB 0D 
2013/07/16 20:55:08:227 [002560] DEBUG [Prb.cpp, 603] - Read CC1020 completed, Address=0x0008, Data=0x35
2013/07/16 20:55:08:228 [002560] TRACE [Prb.cpp, 584] - Reading CC1020, Address=0x0009
2013/07/16 20:55:08:229 [002560] TRACE [Prb.cpp, 1035] - ReadCC1020Packet(0x09):01 00 0C 1C 84 00 02 00 09 91 20 0D 
2013/07/16 20:55:08:229 [008156] TRACE [Prb.cpp, 835] - RxStream contents:01 00 0C 9B 06 1C 00 01 FA F1 59 0D 
2013/07/16 20:55:08:230 [008156] TRACE [Prb.cpp, 943] - RadioBoardPacket(ACK):01 00 0C 9B 06 1C 00 01 FA F1 59 0D 
2013/07/16 20:55:08:230 [002560] DEBUG [Prb.cpp, 603] - Read CC1020 completed, Address=0x0009, Data=0xFA
2013/07/16 20:55:08:232 [002560] TRACE [Prb.cpp, 584] - Reading CC1020, Address=0x000A
2013/07/16 20:55:08:232 [002560] TRACE [Prb.cpp, 1035] - ReadCC1020Packet(0x0A):01 00 0C 1D 84 00 02 00 0A 69 29 0D 
2013/07/16 20:55:08:233 [008156] TRACE [Prb.cpp, 835] - RxStream contents:01 00 0C 9C 06 1D 00 01 CB 8D F9 0D 
2013/07/16 20:55:08:234 [008156] TRACE [Prb.cpp, 943] - RadioBoardPacket(ACK):01 00 0C 9C 06 1D 00 01 CB 8D F9 0D 
2013/07/16 20:55:08:235 [002560] DEBUG [Prb.cpp, 603] - Read CC1020 completed, Address=0x000A, Data=0xCB
2013/07/16 20:55:08:236 [002560] TRACE [Prb.cpp, 584] - Reading CC1020, Address=0x000B
2013/07/16 20:55:08:237 [002560] TRACE [Prb.cpp, 1035] - ReadCC1020Packet(0x0B):01 00 0C 1E 84 00 02 00 0B 61 2C 0D 
2013/07/16 20:55:08:237 [008156] TRACE [Prb.cpp, 835] - RxStream contents:01 00 0C 9D 06 1E 00 01 38 4B D0 0D 
2013/07/16 20:55:08:238 [008156] TRACE [Prb.cpp, 943] - RadioBoardPacket(ACK):01 00 0C 9D 06 1E 00 01 38 4B D0 0D 
2013/07/16 20:55:08:239 [002560] DEBUG [Prb.cpp, 603] - Read CC1020 completed, Address=0x000B, Data=0x38
2013/07/16 20:55:08:240 [002560] TRACE [Prb.cpp, 584] - Reading CC1020, Address=0x001D
2013/07/16 20:55:08:241 [002560] TRACE [Prb.cpp, 1035] - ReadCC1020Packet(0x1D):01 00 0C 1F 84 00 02 00 1D 19 58 0D 
2013/07/16 20:55:08:241 [008156] TRACE [Prb.cpp, 835] - RxStream contents:01 00 0C 9E 06 1F 00 01 00 D7 40 0D 
2013/07/16 20:55:08:242 [008156] TRACE [Prb.cpp, 943] - RadioBoardPacket(ACK):01 00 0C 9E 06 1F 00 01 00 D7 40 0D 
2013/07/16 20:55:08:242 [002560] DEBUG [Prb.cpp, 603] - Read CC1020 completed, Address=0x001D, Data=0x00
2013/07/16 20:55:08:243 [002560] TRACE [Prb.cpp, 584] - Reading CC1020, Address=0x0045
2013/07/16 20:55:08:244 [002560] TRACE [Prb.cpp, 1035] - ReadCC1020Packet(0x45):01 00 0C 20 84 00 02 00 45 B0 B7 0D 
2013/07/16 20:55:08:244 [008156] TRACE [Prb.cpp, 835] - RxStream contents:01 00 0C 9F 06 20 00 01 5C 22 81 0D 
2013/07/16 20:55:08:245 [008156] TRACE [Prb.cpp, 943] - RadioBoardPacket(ACK):01 00 0C 9F 06 20 00 01 5C 22 81 0D 
2013/07/16 20:55:08:246 [002560] DEBUG [Prb.cpp, 603] - Read CC1020 completed, Address=0x0045, Data=0x5C
2013/07/16 20:55:08:247 [002560] TRACE [Prb.cpp, 584] - Reading CC1020, Address=0x0046
2013/07/16 20:55:08:248 [002560] TRACE [Prb.cpp, 1035] - ReadCC1020Packet(0x46):01 00 0C 21 84 00 02 00 46 48 BE 0D 
2013/07/16 20:55:08:248 [008156] TRACE [Prb.cpp, 835] - RxStream contents:01 00 0C A0 06 21 00 01 66 9E 22 0D 
2013/07/16 20:55:08:249 [008156] TRACE [Prb.cpp, 943] - RadioBoardPacket(ACK):01 00 0C A0 06 21 00 01 66 9E 22 0D 
2013/07/16 20:55:08:250 [002560] DEBUG [Prb.cpp, 603] - Read CC1020 completed, Address=0x0046, Data=0x66
2013/07/16 20:55:08:251 [002560] TRACE [Prb.cpp, 584] - Reading CC1020, Address=0x0047
2013/07/16 20:55:08:252 [002560] TRACE [Prb.cpp, 1035] - ReadCC1020Packet(0x47):01 00 0C 22 84 00 02 00 47 40 BB 0D 
2013/07/16 20:55:08:252 [008156] TRACE [Prb.cpp, 835] - RxStream contents:01 00 0C A1 06 22 00 01 44 5A ED 0D 
2013/07/16 20:55:08:253 [008156] TRACE [Prb.cpp, 943] - RadioBoardPacket(ACK):01 00 0C A1 06 22 00 01 44 5A ED 0D 
2013/07/16 20:55:08:253 [002560] DEBUG [Prb.cpp, 603] - Read CC1020 completed, Address=0x0047, Data=0x44
2013/07/16 20:55:08:260 [002560] TRACE [Prb.cpp, 493] - Reading FPGA, Address=0x305E
2013/07/16 20:55:08:261 [002560] TRACE [Prb.cpp, 1035] - ReadFPGAPacket(0x305E):01 00 0C 23 82 00 02 30 5E 99 FD 0D 
2013/07/16 20:55:08:261 [008156] TRACE [Prb.cpp, 835] - RxStream contents:01 00 0C A2 06 23 00 01 00 47 76 0D 
2013/07/16 20:55:08:263 [008156] TRACE [Prb.cpp, 943] - RadioBoardPacket(ACK):01 00 0C A2 06 23 00 01 00 47 76 0D 
2013/07/16 20:55:08:263 [002560] DEBUG [Prb.cpp, 512] - Read FPGA completed, Address=0x305E, Data=0x00
2013/07/16 20:55:08:264 [002560] TRACE [Prb.cpp, 493] - Reading FPGA, Address=0x3060
2013/07/16 20:55:08:265 [002560] TRACE [Prb.cpp, 1035] - ReadFPGAPacket(0x3060):01 00 0C 24 82 00 02 30 60 71 7C 0D 
2013/07/16 20:55:08:265 [008156] TRACE [Prb.cpp, 835] - RxStream contents:01 00 0C A3 06 24 00 01 00 53 76 0D 
2013/07/16 20:55:08:266 [008156] TRACE [Prb.cpp, 943] - RadioBoardPacket(ACK):01 00 0C A3 06 24 00 01 00 53 76 0D 
2013/07/16 20:55:08:266 [002560] DEBUG [Prb.cpp, 512] - Read FPGA completed, Address=0x3060, Data=0x00
2013/07/16 20:55:08:267 [002560] TRACE [Prb.cpp, 493] - Reading FPGA, Address=0x3062
2013/07/16 20:55:08:268 [002560] TRACE [Prb.cpp, 1035] - ReadFPGAPacket(0x3062):01 00 0C 25 82 00 02 30 62 09 70 0D 
2013/07/16 20:55:08:268 [008156] TRACE [Prb.cpp, 835] - RxStream contents:01 00 0C A4 06 25 00 01 00 AF 73 0D 
2013/07/16 20:55:08:269 [008156] TRACE [Prb.cpp, 943] - RadioBoardPacket(ACK):01 00 0C A4 06 25 00 01 00 AF 73 0D 
2013/07/16 20:55:08:269 [002560] DEBUG [Prb.cpp, 512] - Read FPGA completed, Address=0x3062, Data=0x00
2013/07/16 20:55:08:274 [002560] TRACE [Prb.cpp, 493] - Reading FPGA, Address=0x3066
2013/07/16 20:55:08:275 [002560] TRACE [Prb.cpp, 1035] - ReadFPGAPacket(0x3066):01 00 0C 26 82 00 02 30 66 01 6B 0D 
2013/07/16 20:55:08:275 [008156] TRACE [Prb.cpp, 835] - RxStream contents:01 00 0C A5 06 26 00 01 00 6B 70 0D 
2013/07/16 20:55:08:276 [008156] TRACE [Prb.cpp, 943] - RadioBoardPacket(ACK):01 00 0C A5 06 26 00 01 00 6B 70 0D 
2013/07/16 20:55:08:276 [002560] DEBUG [Prb.cpp, 512] - Read FPGA completed, Address=0x3066, Data=0x00
2013/07/16 20:55:08:277 [002560] TRACE [Prb.cpp, 493] - Reading FPGA, Address=0x3068
2013/07/16 20:55:08:278 [002560] TRACE [Prb.cpp, 1035] - ReadFPGAPacket(0x3068):01 00 0C 27 82 00 02 30 68 79 4F 0D 
2013/07/16 20:55:08:278 [008156] TRACE [Prb.cpp, 835] - RxStream contents:01 00 0C A6 06 27 00 01 00 77 73 0D 
2013/07/16 20:55:08:279 [008156] TRACE [Prb.cpp, 943] - RadioBoardPacket(ACK):01 00 0C A6 06 27 00 01 00 77 73 0D 
2013/07/16 20:55:08:279 [002560] DEBUG [Prb.cpp, 512] - Read FPGA completed, Address=0x3068, Data=0x00
2013/07/16 20:55:08:280 [002560] TRACE [Prb.cpp, 493] - Reading FPGA, Address=0x306A
2013/07/16 20:55:08:280 [002560] TRACE [Prb.cpp, 1035] - ReadFPGAPacket(0x306A):01 00 0C 28 82 00 02 30 6A D1 4F 0D 
2013/07/16 20:55:08:281 [008156] TRACE [Prb.cpp, 835] - RxStream contents:01 00 0C A7 06 28 00 01 00 43 70 0D 
2013/07/16 20:55:08:282 [008156] TRACE [Prb.cpp, 943] - RadioBoardPacket(ACK):01 00 0C A7 06 28 00 01 00 43 70 0D 
2013/07/16 20:55:08:282 [002560] DEBUG [Prb.cpp, 512] - Read FPGA completed, Address=0x306A, Data=0x00
2013/07/16 20:55:08:285 [002560] TRACE [Prb.cpp, 448] - Writing FPGA, Address=0x1026, Data=0x01
2013/07/16 20:55:08:285 [002560] TRACE [Prb.cpp, 1035] - WriteFPGAPacket(0x1026, 0x01):01 00 0D 29 81 00 03 10 26 01 6A 70 0D 
2013/07/16 20:55:08:285 [008156] TRACE [Prb.cpp, 835] - RxStream contents:01 00 0B A8 06 29 00 00 82 FD 0D 
2013/07/16 20:55:08:286 [008156] TRACE [Prb.cpp, 943] - RadioBoardPacket(ACK):01 00 0B A8 06 29 00 00 82 FD 0D 
2013/07/16 20:55:08:287 [002560] DEBUG [Prb.cpp, 466] - Write FPGA completed, Address=0x1026, Data=0x01
2013/07/16 20:55:08:294 [007800] TRACE [Prb.cpp, 539] - Writing CC1020, Address=0x001C, Data=0x07
2013/07/16 20:55:08:295 [007800] TRACE [Prb.cpp, 1035] - WriteCC1020Packet(0x1C, 0x07):01 00 0D 2A 83 00 03 00 1C 07 04 14 0D 
2013/07/16 20:55:08:295 [008156] TRACE [Prb.cpp, 835] - RxStream contents:01 00 0B A9 06 2A 00 00 02 BA 0D 
2013/07/16 20:55:08:296 [008156] TRACE [Prb.cpp, 943] - RadioBoardPacket(ACK):01 00 0B A9 06 2A 00 00 02 BA 0D 
2013/07/16 20:55:08:296 [007800] DEBUG [Prb.cpp, 557] - Write CC1020 completed, Address=0x001C, Data=0x07
2013/07/16 20:55:08:298 [007800] TRACE [Prb.cpp, 448] - Writing FPGA, Address=0x3012, Data=0x01
2013/07/16 20:55:08:299 [007800] TRACE [Prb.cpp, 1035] - WriteFPGAPacket(0x3012, 0x01):01 00 0D 2B 81 00 03 30 12 01 52 D3 0D 
2013/07/16 20:55:08:299 [008156] TRACE [Prb.cpp, 835] - RxStream contents:01 00 0B AA 06 2B 00 00 82 25 0D 
2013/07/16 20:55:08:300 [008156] TRACE [Prb.cpp, 943] - RadioBoardPacket(ACK):01 00 0B AA 06 2B 00 00 82 25 0D 
2013/07/16 20:55:08:300 [007800] DEBUG [Prb.cpp, 466] - Write FPGA completed, Address=0x3012, Data=0x01
2013/07/16 20:55:08:301 [007800] TRACE [Prb.cpp, 493] - Reading FPGA, Address=0x1004
2013/07/16 20:55:08:301 [007800] TRACE [Prb.cpp, 1035] - ReadFPGAPacket(0x1004):01 00 0C 2C 82 00 02 10 04 F0 2D 0D 
2013/07/16 20:55:08:301 [008156] TRACE [Prb.cpp, 835] - RxStream contents:01 00 0C AB 06 2C 00 01 00 33 7C 0D 
2013/07/16 20:55:08:302 [008156] TRACE [Prb.cpp, 943] - RadioBoardPacket(ACK):01 00 0C AB 06 2C 00 01 00 33 7C 0D 
2013/07/16 20:55:08:303 [007800] DEBUG [Prb.cpp, 512] - Read FPGA completed, Address=0x1004, Data=0x00
2013/07/16 20:55:08:303 [007800] TRACE [Prb.cpp, 448] - Writing FPGA, Address=0x1004, Data=0x00
2013/07/16 20:55:08:304 [007800] TRACE [Prb.cpp, 1035] - WriteFPGAPacket(0x1004, 0x00):01 00 0D 2D 81 00 03 10 04 00 A2 36 0D 
2013/07/16 20:55:08:304 [008156] TRACE [Prb.cpp, 835] - RxStream contents:01 00 0B AC 06 2D 00 00 83 4D 0D 
2013/07/16 20:55:08:305 [008156] TRACE [Prb.cpp, 943] - RadioBoardPacket(ACK):01 00 0B AC 06 2D 00 00 83 4D 0D 
2013/07/16 20:55:08:306 [007800] DEBUG [Prb.cpp, 466] - Write FPGA completed, Address=0x1004, Data=0x00
2013/07/16 20:55:08:308 [007396] INFO [CommunicationSystemStates.cpp, 130] - Scan requested. Preamble Burst Duration: 9 seconds. Preamble Burst Data Rate: 2.
2013/07/16 20:55:08:309 [007396] TRACE [Prb.cpp, 448] - Writing FPGA, Address=0x1002, Data=0x09
2013/07/16 20:55:08:309 [007396] TRACE [Prb.cpp, 1035] - WriteFPGAPacket(0x1002, 0x09):01 00 0D 2E 81 00 03 10 02 09 B5 30 0D 
2013/07/16 20:55:08:309 [008156] TRACE [Prb.cpp, 835] - RxStream contents:01 00 0B AD 06 2E 00 00 03 0A 0D 
2013/07/16 20:55:08:310 [008156] TRACE [Prb.cpp, 943] - RadioBoardPacket(ACK):01 00 0B AD 06 2E 00 00 03 0A 0D 
2013/07/16 20:55:08:311 [007396] DEBUG [Prb.cpp, 466] - Write FPGA completed, Address=0x1002, Data=0x09
2013/07/16 20:55:08:312 [007396] TRACE [Prb.cpp, 493] - Reading FPGA, Address=0x1004
2013/07/16 20:55:08:312 [007396] TRACE [Prb.cpp, 1035] - ReadFPGAPacket(0x1004):01 00 0C 2F 82 00 02 10 04 78 2D 0D 
2013/07/16 20:55:08:312 [008156] TRACE [Prb.cpp, 835] - RxStream contents:01 00 0C AE 06 2F 00 01 00 17 79 0D 
2013/07/16 20:55:08:313 [008156] TRACE [Prb.cpp, 943] - RadioBoardPacket(ACK):01 00 0C AE 06 2F 00 01 00 17 79 0D 
2013/07/16 20:55:08:314 [007396] DEBUG [Prb.cpp, 512] - Read FPGA completed, Address=0x1004, Data=0x00
2013/07/16 20:55:08:315 [007396] TRACE [Prb.cpp, 448] - Writing FPGA, Address=0x1004, Data=0x08
2013/07/16 20:55:08:315 [007396] TRACE [Prb.cpp, 1035] - WriteFPGAPacket(0x1004, 0x08):01 00 0D 30 81 00 03 10 04 08 3E D5 0D 
2013/07/16 20:55:08:315 [008156] TRACE [Prb.cpp, 835] - RxStream contents:01 00 0B AF 06 30 00 00 82 61 0D 
2013/07/16 20:55:08:316 [008156] TRACE [Prb.cpp, 943] - RadioBoardPacket(ACK):01 00 0B AF 06 30 00 00 82 61 0D 
2013/07/16 20:55:08:317 [007396] DEBUG [Prb.cpp, 466] - Write FPGA completed, Address=0x1004, Data=0x08
2013/07/16 20:55:08:317 [007396] TRACE [Prb.cpp, 448] - Writing FPGA, Address=0x1008, Data=0x02
2013/07/16 20:55:08:318 [007396] TRACE [Prb.cpp, 1035] - WriteFPGAPacket(0x1008, 0x02):01 00 0D 31 81 00 03 10 08 02 97 FA 0D 
2013/07/16 20:55:08:318 [008156] TRACE [Prb.cpp, 835] - RxStream contents:01 00 0B B0 06 31 00 00 87 5D 0D 
2013/07/16 20:55:08:319 [008156] TRACE [Prb.cpp, 943] - RadioBoardPacket(ACK):01 00 0B B0 06 31 00 00 87 5D 0D 
2013/07/16 20:55:08:320 [007396] DEBUG [Prb.cpp, 466] - Write FPGA completed, Address=0x1008, Data=0x02
2013/07/16 20:55:19:444 [001820] INFO [CommunicationSystemStates.cpp, 168] - Scan complete
2013/07/16 20:55:19:446 [001820] TRACE [Prb.cpp, 584] - Reading CC1020, Address=0x0004
2013/07/16 20:55:19:447 [001820] TRACE [Prb.cpp, 1035] - ReadCC1020Packet(0x04):01 00 0C 32 84 00 02 00 04 41 20 0D 
2013/07/16 20:55:19:447 [008156] TRACE [Prb.cpp, 835] - RxStream contents:01 00 0C B2 06 32 00 01 35 13 DF 0D 
2013/07/16 20:55:19:448 [008156] TRACE [Prb.cpp, 943] - RadioBoardPacket(ACK):01 00 0C B2 06 32 00 01 35 13 DF 0D 
2013/07/16 20:55:19:449 [001820] DEBUG [Prb.cpp, 603] - Read CC1020 completed, Address=0x0004, Data=0x35
2013/07/16 20:55:19:450 [001820] TRACE [Prb.cpp, 584] - Reading CC1020, Address=0x0005
2013/07/16 20:55:19:451 [001820] TRACE [Prb.cpp, 1035] - ReadCC1020Packet(0x05):01 00 0C 33 84 00 02 00 05 39 26 0D 
2013/07/16 20:55:19:451 [008156] TRACE [Prb.cpp, 835] - RxStream contents:01 00 0C B3 06 33 00 01 F0 7D 41 0D 
2013/07/16 20:55:19:452 [008156] TRACE [Prb.cpp, 943] - RadioBoardPacket(ACK):01 00 0C B3 06 33 00 01 F0 7D 41 0D 
2013/07/16 20:55:19:452 [001820] DEBUG [Prb.cpp, 603] - Read CC1020 completed, Address=0x0005, Data=0xF0
2013/07/16 20:55:19:453 [001820] TRACE [Prb.cpp, 584] - Reading CC1020, Address=0x0006
2013/07/16 20:55:19:454 [001820] TRACE [Prb.cpp, 1035] - ReadCC1020Packet(0x06):01 00 0C 34 84 00 02 00 06 51 2A 0D 
2013/07/16 20:55:19:454 [008156] TRACE [Prb.cpp, 835] - RxStream contents:01 00 0C B4 06 34 00 01 21 FB A2 0D 
2013/07/16 20:55:19:455 [008156] TRACE [Prb.cpp, 943] - RadioBoardPacket(ACK):01 00 0C B4 06 34 00 01 21 FB A2 0D 
2013/07/16 20:55:19:455 [001820] DEBUG [Prb.cpp, 603] - Read CC1020 completed, Address=0x0006, Data=0x21
2013/07/16 20:55:19:456 [001820] TRACE [Prb.cpp, 584] - Reading CC1020, Address=0x0008
2013/07/16 20:55:19:456 [001820] TRACE [Prb.cpp, 1035] - ReadCC1020Packet(0x08):01 00 0C 35 84 00 02 00 08 29 0E 0D 
2013/07/16 20:55:19:456 [008156] TRACE [Prb.cpp, 835] - RxStream contents:01 00 0C B5 06 35 00 01 35 97 DA 0D 
2013/07/16 20:55:19:457 [008156] TRACE [Prb.cpp, 943] - RadioBoardPacket(ACK):01 00 0C B5 06 35 00 01 35 97 DA 0D 
2013/07/16 20:55:19:458 [001820] DEBUG [Prb.cpp, 603] - Read CC1020 completed, Address=0x0008, Data=0x35
2013/07/16 20:55:19:459 [001820] TRACE [Prb.cpp, 584] - Reading CC1020, Address=0x0009
2013/07/16 20:55:19:459 [001820] TRACE [Prb.cpp, 1035] - ReadCC1020Packet(0x09):01 00 0C 36 84 00 02 00 09 21 0B 0D 
2013/07/16 20:55:19:459 [008156] TRACE [Prb.cpp, 835] - RxStream contents:01 00 0C B6 06 36 00 01 FA 21 78 0D 
2013/07/16 20:55:19:460 [008156] TRACE [Prb.cpp, 943] - RadioBoardPacket(ACK):01 00 0C B6 06 36 00 01 FA 21 78 0D 
2013/07/16 20:55:19:461 [001820] DEBUG [Prb.cpp, 603] - Read CC1020 completed, Address=0x0009, Data=0xFA
2013/07/16 20:55:19:461 [001820] TRACE [Prb.cpp, 584] - Reading CC1020, Address=0x000A
2013/07/16 20:55:19:462 [001820] TRACE [Prb.cpp, 1035] - ReadCC1020Packet(0x0A):01 00 0C 37 84 00 02 00 0A D9 02 0D 
2013/07/16 20:55:19:462 [008156] TRACE [Prb.cpp, 835] - RxStream contents:01 00 0C B7 06 37 00 01 CB CD DD 0D 
2013/07/16 20:55:19:463 [008156] TRACE [Prb.cpp, 943] - RadioBoardPacket(ACK):01 00 0C B7 06 37 00 01 CB CD DD 0D 
2013/07/16 20:55:19:463 [001820] DEBUG [Prb.cpp, 603] - Read CC1020 completed, Address=0x000A, Data=0xCB
2013/07/16 20:55:19:464 [001820] TRACE [Prb.cpp, 584] - Reading CC1020, Address=0x000F
2013/07/16 20:55:19:465 [001820] TRACE [Prb.cpp, 1035] - ReadCC1020Packet(0x0F):01 00 0C 38 84 00 02 00 0F F1 13 0D 
2013/07/16 20:55:19:465 [008156] TRACE [Prb.cpp, 835] - RxStream contents:01 00 0C B8 06 38 00 01 DF 29 AA 0D 
2013/07/16 20:55:19:466 [008156] TRACE [Prb.cpp, 943] - RadioBoardPacket(ACK):01 00 0C B8 06 38 00 01 DF 29 AA 0D 
2013/07/16 20:55:19:466 [001820] DEBUG [Prb.cpp, 603] - Read CC1020 completed, Address=0x000F, Data=0xDF
2013/07/16 20:55:19:466 [001820] TRACE [Prb.cpp, 584] - Reading CC1020, Address=0x0010
2013/07/16 20:55:19:467 [001820] TRACE [Prb.cpp, 1035] - ReadCC1020Packet(0x10):01 00 0C 39 84 00 02 00 10 89 51 0D 
2013/07/16 20:55:19:467 [008156] TRACE [Prb.cpp, 835] - RxStream contents:01 00 0C B9 06 39 00 01 80 44 68 0D 
2013/07/16 20:55:19:468 [008156] TRACE [Prb.cpp, 943] - RadioBoardPacket(ACK):01 00 0C B9 06 39 00 01 80 44 68 0D 
2013/07/16 20:55:19:468 [001820] DEBUG [Prb.cpp, 603] - Read CC1020 completed, Address=0x0010, Data=0x80
2013/07/16 20:55:19:469 [001820] TRACE [Prb.cpp, 584] - Reading CC1020, Address=0x0013
2013/07/16 20:55:19:470 [001820] TRACE [Prb.cpp, 1035] - ReadCC1020Packet(0x13):01 00 0C 3A 84 00 02 00 13 01 5B 0D 
2013/07/16 20:55:19:470 [008156] TRACE [Prb.cpp, 835] - RxStream contents:01 00 0C BA 06 3A 00 01 33 73 C1 0D 
2013/07/16 20:55:19:470 [008156] TRACE [Prb.cpp, 943] - RadioBoardPacket(ACK):01 00 0C BA 06 3A 00 01 33 73 C1 0D 
2013/07/16 20:55:19:471 [001820] DEBUG [Prb.cpp, 603] - Read CC1020 completed, Address=0x0013, Data=0x33
2013/07/16 20:55:19:471 [001820] TRACE [Prb.cpp, 584] - Reading CC1020, Address=0x0014
2013/07/16 20:55:19:472 [001820] TRACE [Prb.cpp, 1035] - ReadCC1020Packet(0x14):01 00 0C 3B 84 00 02 00 14 79 49 0D 
2013/07/16 20:55:19:472 [008156] TRACE [Prb.cpp, 835] - RxStream contents:01 00 0C BB 06 3B 00 01 3D 9F E6 0D 
2013/07/16 20:55:19:473 [008156] TRACE [Prb.cpp, 943] - RadioBoardPacket(ACK):01 00 0C BB 06 3B 00 01 3D 9F E6 0D 
2013/07/16 20:55:19:473 [001820] DEBUG [Prb.cpp, 603] - Read CC1020 completed, Address=0x0014, Data=0x3D
2013/07/16 20:55:19:474 [001820] TRACE [Prb.cpp, 584] - Reading CC1020, Address=0x0043
2013/07/16 20:55:19:475 [001820] TRACE [Prb.cpp, 1035] - ReadCC1020Packet(0x43):01 00 0C 3C 84 00 02 00 43 90 BE 0D 
2013/07/16 20:55:19:475 [008156] TRACE [Prb.cpp, 835] - RxStream contents:01 00 0C BC 06 3C 00 01 00 9B 6E 0D 
2013/07/16 20:55:19:476 [008156] TRACE [Prb.cpp, 943] - RadioBoardPacket(ACK):01 00 0C BC 06 3C 00 01 00 9B 6E 0D 
2013/07/16 20:55:19:476 [001820] DEBUG [Prb.cpp, 603] - Read CC1020 completed, Address=0x0043, Data=0x00
2013/07/16 20:55:19:477 [001820] DEBUG [ComSysDiagnostics.cpp, 63] - CC1020 [Scan complete] FREQ_2A: 0x35 FREQ_1A: 0xf0 FREQ_0A: 0x21
2013/07/16 20:55:19:477 [001820] DEBUG [ComSysDiagnostics.cpp, 67] - CC1020 [Scan complete] FREQ_2B: 0x35 FREQ_1B: 0xfa FREQ_0B: 0xcb
2013/07/16 20:55:19:478 [001820] DEBUG [ComSysDiagnostics.cpp, 72] - CC1020 [Scan complete] AFC_CONTROL: 0xdf FILTER: 0x80 VGA3: 0x33 VGA4: 0x3d AFC: 0x00
2013/07/16 20:55:19:478 [001820] INFO [CommunicationSystemStates.cpp, 173] - Found 0 valid ids during the scan operation.
2013/07/16 20:55:19:479 [001820] INFO [CommunicationSystemStates.cpp, 198] - Found 0 invalid ids during the scan operation.
2013/07/16 20:55:19:483 [007396] INFO [CommunicationSystemStates.cpp, 130] - Scan requested. Preamble Burst Duration: 2 seconds. Preamble Burst Data Rate: 0.
2013/07/16 20:55:19:483 [007396] TRACE [Prb.cpp, 448] - Writing FPGA, Address=0x1002, Data=0x02
2013/07/16 20:55:19:484 [007396] TRACE [Prb.cpp, 1035] - WriteFPGAPacket(0x1002, 0x02):01 00 0D 3D 81 00 03 10 02 02 A7 3A 0D 
2013/07/16 20:55:19:484 [008156] TRACE [Prb.cpp, 835] - RxStream contents:01 00 0B BD 06 3D 00 00 05 F6 0D 
2013/07/16 20:55:19:485 [008156] TRACE [Prb.cpp, 943] - RadioBoardPacket(ACK):01 00 0B BD 06 3D 00 00 05 F6 0D 
2013/07/16 20:55:19:486 [007396] DEBUG [Prb.cpp, 466] - Write FPGA completed, Address=0x1002, Data=0x02
2013/07/16 20:55:19:486 [007396] TRACE [Prb.cpp, 493] - Reading FPGA, Address=0x1004
2013/07/16 20:55:19:487 [007396] TRACE [Prb.cpp, 1035] - ReadFPGAPacket(0x1004):01 00 0C 3E 82 00 02 10 04 00 3C 0D 
2013/07/16 20:55:19:487 [008156] TRACE [Prb.cpp, 835] - RxStream contents:01 00 0C BE 06 3E 00 01 08 C3 5D 0D 
2013/07/16 20:55:19:488 [008156] TRACE [Prb.cpp, 943] - RadioBoardPacket(ACK):01 00 0C BE 06 3E 00 01 08 C3 5D 0D 
2013/07/16 20:55:19:489 [007396] DEBUG [Prb.cpp, 512] - Read FPGA completed, Address=0x1004, Data=0x08
2013/07/16 20:55:19:489 [007396] TRACE [Prb.cpp, 448] - Writing FPGA, Address=0x1004, Data=0x00
2013/07/16 20:55:19:490 [007396] TRACE [Prb.cpp, 1035] - WriteFPGAPacket(0x1004, 0x00):01 00 0D 3F 81 00 03 10 04 00 B1 16 0D 
2013/07/16 20:55:19:490 [008156] TRACE [Prb.cpp, 835] - RxStream contents:01 00 0B BF 06 3F 00 00 05 2E 0D 
2013/07/16 20:55:19:491 [008156] TRACE [Prb.cpp, 943] - RadioBoardPacket(ACK):01 00 0B BF 06 3F 00 00 05 2E 0D 
2013/07/16 20:55:19:491 [007396] DEBUG [Prb.cpp, 466] - Write FPGA completed, Address=0x1004, Data=0x00
2013/07/16 20:55:19:492 [007396] TRACE [Prb.cpp, 448] - Writing FPGA, Address=0x1008, Data=0x02
2013/07/16 20:55:19:493 [007396] TRACE [Prb.cpp, 1035] - WriteFPGAPacket(0x1008, 0x02):01 00 0D 40 81 00 03 10 08 02 E1 EA 0D 
2013/07/16 20:55:19:493 [008156] TRACE [Prb.cpp, 835] - RxStream contents:01 00 0B C0 06 40 00 00 17 0A 0D 
2013/07/16 20:55:19:494 [008156] TRACE [Prb.cpp, 943] - RadioBoardPacket(ACK):01 00 0B C0 06 40 00 00 17 0A 0D 
2013/07/16 20:55:19:494 [007396] DEBUG [Prb.cpp, 466] - Write FPGA completed, Address=0x1008, Data=0x02
2013/07/16 20:55:23:607 [001820] INFO [CommunicationSystemStates.cpp, 168] - Scan complete
2013/07/16 20:55:23:607 [001820] TRACE [Prb.cpp, 584] - Reading CC1020, Address=0x0004
2013/07/16 20:55:23:608 [001820] TRACE [Prb.cpp, 1035] - ReadCC1020Packet(0x04):01 00 0C 41 84 00 02 00 04 49 54 0D 
2013/07/16 20:55:23:608 [008156] TRACE [Prb.cpp, 835] - RxStream contents:01 00 0C C2 06 41 00 01 35 EF BC 0D 
2013/07/16 20:55:23:609 [008156] TRACE [Prb.cpp, 943] - RadioBoardPacket(ACK):01 00 0C C2 06 41 00 01 35 EF BC 0D 
2013/07/16 20:55:23:610 [001820] DEBUG [Prb.cpp, 603] - Read CC1020 completed, Address=0x0004, Data=0x35
2013/07/16 20:55:23:610 [001820] TRACE [Prb.cpp, 584] - Reading CC1020, Address=0x0005
2013/07/16 20:55:23:611 [001820] TRACE [Prb.cpp, 1035] - ReadCC1020Packet(0x05):01 00 0C 42 84 00 02 00 05 41 51 0D 
2013/07/16 20:55:23:611 [008156] TRACE [Prb.cpp, 835] - RxStream contents:01 00 0C C3 06 42 00 01 F0 29 21 0D 
2013/07/16 20:55:23:612 [008156] TRACE [Prb.cpp, 943] - RadioBoardPacket(ACK):01 00 0C C3 06 42 00 01 F0 29 21 0D 
2013/07/16 20:55:23:613 [001820] DEBUG [Prb.cpp, 603] - Read CC1020 completed, Address=0x0005, Data=0xF0
2013/07/16 20:55:23:613 [001820] TRACE [Prb.cpp, 584] - Reading CC1020, Address=0x0006
2013/07/16 20:55:23:614 [001820] TRACE [Prb.cpp, 1035] - ReadCC1020Packet(0x06):01 00 0C 43 84 00 02 00 06 B9 58 0D 
2013/07/16 20:55:23:614 [008156] TRACE [Prb.cpp, 835] - RxStream contents:01 00 0C C4 06 43 00 01 21 D7 C2 0D 
2013/07/16 20:55:23:615 [008156] TRACE [Prb.cpp, 943] - RadioBoardPacket(ACK):01 00 0C C4 06 43 00 01 21 D7 C2 0D 
2013/07/16 20:55:23:616 [001820] DEBUG [Prb.cpp, 603] - Read CC1020 completed, Address=0x0006, Data=0x21
2013/07/16 20:55:23:616 [001820] TRACE [Prb.cpp, 584] - Reading CC1020, Address=0x0008
2013/07/16 20:55:23:617 [001820] TRACE [Prb.cpp, 1035] - ReadCC1020Packet(0x08):01 00 0C 44 84 00 02 00 08 51 79 0D 
2013/07/16 20:55:23:617 [008156] TRACE [Prb.cpp, 835] - RxStream contents:01 00 0C C5 06 44 00 01 35 C3 BA 0D 
2013/07/16 20:55:23:618 [008156] TRACE [Prb.cpp, 943] - RadioBoardPacket(ACK):01 00 0C C5 06 44 00 01 35 C3 BA 0D 
2013/07/16 20:55:23:619 [001820] DEBUG [Prb.cpp, 603] - Read CC1020 completed, Address=0x0008, Data=0x35
2013/07/16 20:55:23:619 [001820] TRACE [Prb.cpp, 584] - Reading CC1020, Address=0x0009
2013/07/16 20:55:23:620 [001820] TRACE [Prb.cpp, 1035] - ReadCC1020Packet(0x09):01 00 0C 45 84 00 02 00 09 29 7F 0D 
2013/07/16 20:55:23:620 [008156] TRACE [Prb.cpp, 835] - RxStream contents:01 00 0C C6 06 45 00 01 FA DD 1B 0D 
2013/07/16 20:55:23:621 [008156] TRACE [Prb.cpp, 943] - RadioBoardPacket(ACK):01 00 0C C6 06 45 00 01 FA DD 1B 0D 
2013/07/16 20:55:23:621 [001820] DEBUG [Prb.cpp, 603] - Read CC1020 completed, Address=0x0009, Data=0xFA
2013/07/16 20:55:23:622 [001820] TRACE [Prb.cpp, 584] - Reading CC1020, Address=0x000A
2013/07/16 20:55:23:622 [001820] TRACE [Prb.cpp, 1035] - ReadCC1020Packet(0x0A):01 00 0C 46 84 00 02 00 0A A1 75 0D 
2013/07/16 20:55:23:622 [008156] TRACE [Prb.cpp, 835] - RxStream contents:01 00 0C C7 06 46 00 01 CB 99 BD 0D 
2013/07/16 20:55:23:623 [008156] TRACE [Prb.cpp, 943] - RadioBoardPacket(ACK):01 00 0C C7 06 46 00 01 CB 99 BD 0D 
2013/07/16 20:55:23:624 [001820] DEBUG [Prb.cpp, 603] - Read CC1020 completed, Address=0x000A, Data=0xCB
2013/07/16 20:55:23:624 [001820] TRACE [Prb.cpp, 584] - Reading CC1020, Address=0x000F
2013/07/16 20:55:23:625 [001820] TRACE [Prb.cpp, 1035] - ReadCC1020Packet(0x0F):01 00 0C 47 84 00 02 00 0F 59 68 0D 
2013/07/16 20:55:23:625 [008156] TRACE [Prb.cpp, 835] - RxStream contents:01 00 0C C8 06 47 00 01 DF 25 C9 0D 
2013/07/16 20:55:23:626 [008156] TRACE [Prb.cpp, 943] - RadioBoardPacket(ACK):01 00 0C C8 06 47 00 01 DF 25 C9 0D 
2013/07/16 20:55:23:627 [001820] DEBUG [Prb.cpp, 603] - Read CC1020 completed, Address=0x000F, Data=0xDF
2013/07/16 20:55:23:627 [001820] TRACE [Prb.cpp, 584] - Reading CC1020, Address=0x0010
2013/07/16 20:55:23:628 [001820] TRACE [Prb.cpp, 1035] - ReadCC1020Packet(0x10):01 00 0C 48 84 00 02 00 10 F1 26 0D 
2013/07/16 20:55:23:628 [008156] TRACE [Prb.cpp, 835] - RxStream contents:01 00 0C C9 06 48 00 01 80 10 08 0D 
2013/07/16 20:55:23:629 [008156] TRACE [Prb.cpp, 943] - RadioBoardPacket(ACK):01 00 0C C9 06 48 00 01 80 10 08 0D 
2013/07/16 20:55:23:629 [001820] DEBUG [Prb.cpp, 603] - Read CC1020 completed, Address=0x0010, Data=0x80
2013/07/16 20:55:23:630 [001820] TRACE [Prb.cpp, 584] - Reading CC1020, Address=0x0013
2013/07/16 20:55:23:631 [001820] TRACE [Prb.cpp, 1035] - ReadCC1020Packet(0x13):01 00 0C 49 84 00 02 00 13 09 2F 0D 
2013/07/16 20:55:23:631 [008156] TRACE [Prb.cpp, 835] - RxStream contents:01 00 0C CA 06 49 00 01 33 8F A2 0D 
2013/07/16 20:55:23:631 [008156] TRACE [Prb.cpp, 943] - RadioBoardPacket(ACK):01 00 0C CA 06 49 00 01 33 8F A2 0D 
2013/07/16 20:55:23:632 [001820] DEBUG [Prb.cpp, 603] - Read CC1020 completed, Address=0x0013, Data=0x33
2013/07/16 20:55:23:632 [001820] TRACE [Prb.cpp, 584] - Reading CC1020, Address=0x0014
2013/07/16 20:55:23:633 [001820] TRACE [Prb.cpp, 1035] - ReadCC1020Packet(0x14):01 00 0C 4A 84 00 02 00 14 01 3E 0D 
2013/07/16 20:55:23:633 [008156] TRACE [Prb.cpp, 835] - RxStream contents:01 00 0C CB 06 4A 00 01 3D CB 86 0D 
2013/07/16 20:55:23:634 [008156] TRACE [Prb.cpp, 943] - RadioBoardPacket(ACK):01 00 0C CB 06 4A 00 01 3D CB 86 0D 
2013/07/16 20:55:23:635 [001820] DEBUG [Prb.cpp, 603] - Read CC1020 completed, Address=0x0014, Data=0x3D
2013/07/16 20:55:23:635 [001820] TRACE [Prb.cpp, 584] - Reading CC1020, Address=0x0043
2013/07/16 20:55:23:636 [001820] TRACE [Prb.cpp, 1035] - ReadCC1020Packet(0x43):01 00 0C 4B 84 00 02 00 43 78 CC 0D 
2013/07/16 20:55:23:636 [008156] TRACE [Prb.cpp, 835] - RxStream contents:01 00 0C CC 06 4B 00 01 00 B7 0E 0D 
2013/07/16 20:55:23:637 [008156] TRACE [Prb.cpp, 943] - RadioBoardPacket(ACK):01 00 0C CC 06 4B 00 01 00 B7 0E 0D 
2013/07/16 20:55:23:637 [001820] DEBUG [Prb.cpp, 603] - Read CC1020 completed, Address=0x0043, Data=0x00
2013/07/16 20:55:23:638 [001820] DEBUG [ComSysDiagnostics.cpp, 63] - CC1020 [Scan complete] FREQ_2A: 0x35 FREQ_1A: 0xf0 FREQ_0A: 0x21
2013/07/16 20:55:23:638 [001820] DEBUG [ComSysDiagnostics.cpp, 67] - CC1020 [Scan complete] FREQ_2B: 0x35 FREQ_1B: 0xfa FREQ_0B: 0xcb
2013/07/16 20:55:23:639 [001820] DEBUG [ComSysDiagnostics.cpp, 72] - CC1020 [Scan complete] AFC_CONTROL: 0xdf FILTER: 0x80 VGA3: 0x33 VGA4: 0x3d AFC: 0x00
2013/07/16 20:55:23:639 [001820] INFO [CommunicationSystemStates.cpp, 173] - Found 1 valid ids during the scan operation.
2013/07/16 20:55:23:641 [001820] INFO [CommunicationSystemStates.cpp, 190] - Id: 0x801c0094.
2013/07/16 20:55:23:642 [001820] INFO [CommunicationSystemStates.cpp, 198] - Found 0 invalid ids during the scan operation.
2013/07/16 20:55:23:653 [007800] TRACE [Prb.cpp, 493] - Reading FPGA, Address=0x1004
2013/07/16 20:55:23:654 [007800] TRACE [Prb.cpp, 1035] - ReadFPGAPacket(0x1004):01 00 0C 4C 82 00 02 10 04 F0 4B 0D 
2013/07/16 20:55:23:654 [008156] TRACE [Prb.cpp, 835] - RxStream contents:01 00 0C CD 06 4C 00 01 00 A3 0E 0D 
2013/07/16 20:55:23:655 [008156] TRACE [Prb.cpp, 943] - RadioBoardPacket(ACK):01 00 0C CD 06 4C 00 01 00 A3 0E 0D 
2013/07/16 20:55:23:655 [007800] DEBUG [Prb.cpp, 512] - Read FPGA completed, Address=0x1004, Data=0x00
2013/07/16 20:55:23:656 [007800] TRACE [Prb.cpp, 448] - Writing FPGA, Address=0x1004, Data=0x00
2013/07/16 20:55:23:657 [007800] TRACE [Prb.cpp, 1035] - WriteFPGAPacket(0x1004, 0x00):01 00 0D 4D 81 00 03 10 04 00 C4 36 0D 
2013/07/16 20:55:23:657 [008156] TRACE [Prb.cpp, 835] - RxStream contents:01 00 0B CE 06 4D 00 00 15 3E 0D 
2013/07/16 20:55:23:658 [008156] TRACE [Prb.cpp, 943] - RadioBoardPacket(ACK):01 00 0B CE 06 4D 00 00 15 3E 0D 
2013/07/16 20:55:23:658 [007800] DEBUG [Prb.cpp, 466] - Write FPGA completed, Address=0x1004, Data=0x00
2013/07/16 20:55:23:659 [007396] INFO [CrossTalkDetectorStates.cpp, 98] - LinkTimeout = 4523 ms
2013/07/16 20:55:23:660 [007396] INFO [CrossTalkDetector.cpp, 68] - CrossTalkDetector state changing from IdleState to LinkingState
2013/07/16 20:55:23:663 [007396] INFO [CommunicationSystemStates.cpp, 147] - Link requested. Id: 0x801c0094. Preamble Burst Duration: 2 seconds. Preamble Burst Data Rate: 0.
2013/07/16 20:55:23:663 [007396] DEBUG [ComSysDiagnostics.cpp, 95] - Resetting FPGA Frame Error Counter
2013/07/16 20:55:23:664 [007396] TRACE [Prb.cpp, 448] - Writing FPGA, Address=0x301C, Data=0x00
2013/07/16 20:55:23:665 [007396] TRACE [Prb.cpp, 1035] - WriteFPGAPacket(0x301C, 0x00):01 00 0D 4E 81 00 03 30 1C 00 15 85 0D 
2013/07/16 20:55:23:665 [008156] TRACE [Prb.cpp, 835] - RxStream contents:01 00 0B CF 06 4E 00 00 95 79 0D 
2013/07/16 20:55:23:666 [008156] TRACE [Prb.cpp, 943] - RadioBoardPacket(ACK):01 00 0B CF 06 4E 00 00 95 79 0D 
2013/07/16 20:55:23:666 [007396] DEBUG [Prb.cpp, 466] - Write FPGA completed, Address=0x301C, Data=0x00
2013/07/16 20:55:23:667 [007396] TRACE [Prb.cpp, 448] - Writing FPGA, Address=0x2000, Data=0x80
2013/07/16 20:55:23:667 [007396] TRACE [Prb.cpp, 1035] - WriteFPGAPacket(0x2000, 0x80):01 00 0D 4F 81 00 03 20 00 80 5E D5 0D 
2013/07/16 20:55:23:667 [008156] TRACE [Prb.cpp, 835] - RxStream contents:01 00 0B D0 06 4F 00 00 90 45 0D 
2013/07/16 20:55:23:669 [008156] TRACE [Prb.cpp, 943] - RadioBoardPacket(ACK):01 00 0B D0 06 4F 00 00 90 45 0D 
2013/07/16 20:55:23:669 [007396] DEBUG [Prb.cpp, 466] - Write FPGA completed, Address=0x2000, Data=0x80
2013/07/16 20:55:23:670 [007396] TRACE [Prb.cpp, 448] - Writing FPGA, Address=0x2002, Data=0x1C
2013/07/16 20:55:23:670 [007396] TRACE [Prb.cpp, 1035] - WriteFPGAPacket(0x2002, 0x1C):01 00 0D 50 81 00 03 20 02 1C 4F 6D 0D 
2013/07/16 20:55:23:670 [008156] TRACE [Prb.cpp, 835] - RxStream contents:01 00 0B D1 06 50 00 00 91 B1 0D 
2013/07/16 20:55:23:671 [008156] TRACE [Prb.cpp, 943] - RadioBoardPacket(ACK):01 00 0B D1 06 50 00 00 91 B1 0D 
2013/07/16 20:55:23:672 [007396] DEBUG [Prb.cpp, 466] - Write FPGA completed, Address=0x2002, Data=0x1C
2013/07/16 20:55:23:672 [007396] TRACE [Prb.cpp, 448] - Writing FPGA, Address=0x2004, Data=0x00
2013/07/16 20:55:23:673 [007396] TRACE [Prb.cpp, 1035] - WriteFPGAPacket(0x2004, 0x00):01 00 0D 51 81 00 03 20 04 00 5A 35 0D 
2013/07/16 20:55:23:673 [008156] TRACE [Prb.cpp, 835] - RxStream contents:01 00 0B D2 06 51 00 00 11 2E 0D 
2013/07/16 20:55:23:674 [008156] TRACE [Prb.cpp, 943] - RadioBoardPacket(ACK):01 00 0B D2 06 51 00 00 11 2E 0D 
2013/07/16 20:55:23:675 [007396] DEBUG [Prb.cpp, 466] - Write FPGA completed, Address=0x2004, Data=0x00
2013/07/16 20:55:23:675 [007396] TRACE [Prb.cpp, 448] - Writing FPGA, Address=0x2006, Data=0x94
2013/07/16 20:55:23:676 [007396] TRACE [Prb.cpp, 1035] - WriteFPGAPacket(0x2006, 0x94):01 00 0D 52 81 00 03 20 06 94 56 7D 0D 
2013/07/16 20:55:23:676 [008156] TRACE [Prb.cpp, 835] - RxStream contents:01 00 0B D3 06 52 00 00 91 69 0D 
2013/07/16 20:55:23:677 [008156] TRACE [Prb.cpp, 943] - RadioBoardPacket(ACK):01 00 0B D3 06 52 00 00 91 69 0D 
2013/07/16 20:55:23:677 [007396] DEBUG [Prb.cpp, 466] - Write FPGA completed, Address=0x2006, Data=0x94
2013/07/16 20:55:23:678 [007396] TRACE [Prb.cpp, 448] - Writing FPGA, Address=0x1002, Data=0x02
2013/07/16 20:55:23:678 [007396] TRACE [Prb.cpp, 1035] - WriteFPGAPacket(0x1002, 0x02):01 00 0D 53 81 00 03 10 02 02 4F D9 0D 
2013/07/16 20:55:23:678 [008156] TRACE [Prb.cpp, 835] - RxStream contents:01 00 0B D4 06 53 00 00 90 15 0D 
2013/07/16 20:55:23:679 [008156] TRACE [Prb.cpp, 943] - RadioBoardPacket(ACK):01 00 0B D4 06 53 00 00 90 15 0D 
2013/07/16 20:55:23:680 [007396] DEBUG [Prb.cpp, 466] - Write FPGA completed, Address=0x1002, Data=0x02
2013/07/16 20:55:23:680 [007396] TRACE [Prb.cpp, 493] - Reading FPGA, Address=0x1004
2013/07/16 20:55:23:681 [007396] TRACE [Prb.cpp, 1035] - ReadFPGAPacket(0x1004):01 00 0C 54 82 00 02 10 04 30 50 0D 
2013/07/16 20:55:23:681 [008156] TRACE [Prb.cpp, 835] - RxStream contents:01 00 0C D5 06 54 00 01 00 03 10 0D 
2013/07/16 20:55:23:682 [008156] TRACE [Prb.cpp, 943] - RadioBoardPacket(ACK):01 00 0C D5 06 54 00 01 00 03 10 0D 
2013/07/16 20:55:23:683 [007396] DEBUG [Prb.cpp, 512] - Read FPGA completed, Address=0x1004, Data=0x00
2013/07/16 20:55:23:683 [007396] TRACE [Prb.cpp, 448] - Writing FPGA, Address=0x1004, Data=0x00
2013/07/16 20:55:23:684 [007396] TRACE [Prb.cpp, 1035] - WriteFPGAPacket(0x1004, 0x00):01 00 0D 55 81 00 03 10 04 00 DD B6 0D 
2013/07/16 20:55:23:684 [008156] TRACE [Prb.cpp, 835] - RxStream contents:01 00 0B D6 06 55 00 00 10 9E 0D 
2013/07/16 20:55:23:685 [008156] TRACE [Prb.cpp, 943] - RadioBoardPacket(ACK):01 00 0B D6 06 55 00 00 10 9E 0D 
2013/07/16 20:55:23:685 [007396] DEBUG [Prb.cpp, 466] - Write FPGA completed, Address=0x1004, Data=0x00
2013/07/16 20:55:23:686 [007396] TRACE [Prb.cpp, 448] - Writing FPGA, Address=0x1008, Data=0x04
2013/07/16 20:55:23:686 [007396] TRACE [Prb.cpp, 1035] - WriteFPGAPacket(0x1008, 0x04):01 00 0D 56 81 00 03 10 08 04 76 9D 0D 
2013/07/16 20:55:23:686 [008156] TRACE [Prb.cpp, 835] - RxStream contents:01 00 0B D7 06 56 00 00 90 D9 0D 
2013/07/16 20:55:23:687 [008156] TRACE [Prb.cpp, 943] - RadioBoardPacket(ACK):01 00 0B D7 06 56 00 00 90 D9 0D 
2013/07/16 20:55:23:688 [007396] DEBUG [Prb.cpp, 466] - Write FPGA completed, Address=0x1008, Data=0x04
2013/07/16 20:55:25:923 [001820] INFO [CrossTalkDetectorStates.cpp, 174] - Invalid frame while linking
2013/07/16 20:55:25:924 [001820] TRACE [Prb.cpp, 493] - Reading FPGA, Address=0x3018
2013/07/16 20:55:25:925 [001820] TRACE [Prb.cpp, 1035] - ReadFPGAPacket(0x3018):01 00 0C 57 82 00 02 30 18 78 18 0D 
2013/07/16 20:55:25:925 [008156] TRACE [Prb.cpp, 835] - RxStream contents:01 00 0C D9 06 57 00 01 3F 9F 9D 0D 
2013/07/16 20:55:25:926 [008156] TRACE [Prb.cpp, 943] - RadioBoardPacket(ACK):01 00 0C D9 06 57 00 01 3F 9F 9D 0D 
2013/07/16 20:55:25:927 [001820] DEBUG [Prb.cpp, 512] - Read FPGA completed, Address=0x3018, Data=0x3F
2013/07/16 20:55:25:927 [001820] TRACE [Prb.cpp, 493] - Reading FPGA, Address=0x301A
2013/07/16 20:55:25:928 [001820] TRACE [Prb.cpp, 1035] - ReadFPGAPacket(0x301A):01 00 0C 58 82 00 02 30 1A D0 18 0D 
2013/07/16 20:55:25:928 [008156] TRACE [Prb.cpp, 835] - RxStream contents:01 00 0C DA 06 58 00 01 00 DB 1F 0D 
2013/07/16 20:55:25:929 [008156] TRACE [Prb.cpp, 943] - RadioBoardPacket(ACK):01 00 0C DA 06 58 00 01 00 DB 1F 0D 
2013/07/16 20:55:25:930 [001820] DEBUG [Prb.cpp, 512] - Read FPGA completed, Address=0x301A, Data=0x00
2013/07/16 20:55:25:930 [001820] TRACE [Prb.cpp, 493] - Reading FPGA, Address=0x3070
2013/07/16 20:55:25:931 [001820] TRACE [Prb.cpp, 1035] - ReadFPGAPacket(0x3070):01 00 0C 59 82 00 02 30 70 29 67 0D 
2013/07/16 20:55:25:931 [008156] TRACE [Prb.cpp, 835] - RxStream contents:01 00 0C DB 06 59 00 01 FF B5 1D 0D 
2013/07/16 20:55:25:932 [008156] TRACE [Prb.cpp, 943] - RadioBoardPacket(ACK):01 00 0C DB 06 59 00 01 FF B5 1D 0D 
2013/07/16 20:55:25:933 [001820] DEBUG [Prb.cpp, 512] - Read FPGA completed, Address=0x3070, Data=0xFF
2013/07/16 20:55:25:933 [001820] DEBUG [ComSysDiagnostics.cpp, 31] - FPGA RSSI/AFC [Linking(invalid frame)] linkedRSSI:63 linkedAFC:0 AFC:255
2013/07/16 20:55:25:939 [001820] TRACE [Prb.cpp, 493] - Reading FPGA, Address=0x3018
2013/07/16 20:55:25:940 [001820] TRACE [Prb.cpp, 1035] - ReadFPGAPacket(0x3018):01 00 0C 5A 82 00 02 30 18 20 14 0D 
2013/07/16 20:55:25:940 [008156] TRACE [Prb.cpp, 835] - RxStream contents:01 00 0C DD 06 5A 00 01 3C 1B 92 0D 
2013/07/16 20:55:25:941 [008156] TRACE [Prb.cpp, 943] - RadioBoardPacket(ACK):01 00 0C DD 06 5A 00 01 3C 1B 92 0D 
2013/07/16 20:55:25:942 [001820] DEBUG [Prb.cpp, 512] - Read FPGA completed, Address=0x3018, Data=0x3C
2013/07/16 20:55:25:942 [001820] TRACE [Prb.cpp, 493] - Reading FPGA, Address=0x301A
2013/07/16 20:55:25:943 [001820] TRACE [Prb.cpp, 1035] - ReadFPGAPacket(0x301A):01 00 0C 5B 82 00 02 30 1A 58 18 0D 
2013/07/16 20:55:25:943 [008156] TRACE [Prb.cpp, 835] - RxStream contents:01 00 0C DE 06 5B 00 01 00 07 19 0D 
2013/07/16 20:55:25:944 [008156] TRACE [Prb.cpp, 943] - RadioBoardPacket(ACK):01 00 0C DE 06 5B 00 01 00 07 19 0D 
2013/07/16 20:55:25:944 [001820] DEBUG [Prb.cpp, 512] - Read FPGA completed, Address=0x301A, Data=0x00
2013/07/16 20:55:25:945 [001820] TRACE [Prb.cpp, 493] - Reading FPGA, Address=0x3070
2013/07/16 20:55:25:946 [001820] TRACE [Prb.cpp, 1035] - ReadFPGAPacket(0x3070):01 00 0C 5C 82 00 02 30 70 31 62 0D 
2013/07/16 20:55:25:946 [008156] TRACE [Prb.cpp, 835] - RxStream contents:01 00 0C DF 06 5C 00 01 00 13 19 0D 
2013/07/16 20:55:25:947 [008156] TRACE [Prb.cpp, 943] - RadioBoardPacket(ACK):01 00 0C DF 06 5C 00 01 00 13 19 0D 
2013/07/16 20:55:25:947 [001820] DEBUG [Prb.cpp, 512] - Read FPGA completed, Address=0x3070, Data=0x00
2013/07/16 20:55:25:948 [001820] DEBUG [ComSysDiagnostics.cpp, 31] - FPGA RSSI/AFC [Linking(valid frame)] linkedRSSI:60 linkedAFC:0 AFC:0
2013/07/16 20:55:25:953 [001820] TRACE [Prb.cpp, 493] - Reading FPGA, Address=0x3018
2013/07/16 20:55:25:954 [001820] TRACE [Prb.cpp, 1035] - ReadFPGAPacket(0x3018):01 00 0C 5D 82 00 02 30 18 48 12 0D 
2013/07/16 20:55:25:954 [008156] TRACE [Prb.cpp, 835] - RxStream contents:01 00 0C E1 06 5D 00 01 3C 57 AD 0D 
2013/07/16 20:55:25:955 [008156] TRACE [Prb.cpp, 943] - RadioBoardPacket(ACK):01 00 0C E1 06 5D 00 01 3C 57 AD 0D 
2013/07/16 20:55:25:955 [001820] DEBUG [Prb.cpp, 512] - Read FPGA completed, Address=0x3018, Data=0x3C
2013/07/16 20:55:25:956 [001820] TRACE [Prb.cpp, 493] - Reading FPGA, Address=0x301A
2013/07/16 20:55:25:957 [001820] TRACE [Prb.cpp, 1035] - ReadFPGAPacket(0x301A):01 00 0C 5E 82 00 02 30 1A 40 1D 0D 
2013/07/16 20:55:25:957 [008156] TRACE [Prb.cpp, 835] - RxStream contents:01 00 0C E2 06 5E 00 01 00 E3 25 0D 
2013/07/16 20:55:25:958 [008156] TRACE [Prb.cpp, 943] - RadioBoardPacket(ACK):01 00 0C E2 06 5E 00 01 00 E3 25 0D 
2013/07/16 20:55:25:958 [001820] DEBUG [Prb.cpp, 512] - Read FPGA completed, Address=0x301A, Data=0x00
2013/07/16 20:55:25:959 [001820] TRACE [Prb.cpp, 493] - Reading FPGA, Address=0x3070
2013/07/16 20:55:25:960 [001820] TRACE [Prb.cpp, 1035] - ReadFPGAPacket(0x3070):01 00 0C 5F 82 00 02 30 70 B9 62 0D 
2013/07/16 20:55:25:960 [008156] TRACE [Prb.cpp, 835] - RxStream contents:01 00 0C E3 06 5F 00 01 00 8F 25 0D 
2013/07/16 20:55:25:961 [008156] TRACE [Prb.cpp, 943] - RadioBoardPacket(ACK):01 00 0C E3 06 5F 00 01 00 8F 25 0D 
2013/07/16 20:55:25:962 [001820] DEBUG [Prb.cpp, 512] - Read FPGA completed, Address=0x3070, Data=0x00
2013/07/16 20:55:25:962 [001820] DEBUG [ComSysDiagnostics.cpp, 31] - FPGA RSSI/AFC [Linking(valid frame)] linkedRSSI:60 linkedAFC:0 AFC:0
2013/07/16 20:55:25:968 [001820] TRACE [Prb.cpp, 493] - Reading FPGA, Address=0x3018
2013/07/16 20:55:25:968 [001820] TRACE [Prb.cpp, 1035] - ReadFPGAPacket(0x3018):01 00 0C 60 82 00 02 30 18 10 2D 0D 
2013/07/16 20:55:25:968 [008156] TRACE [Prb.cpp, 835] - RxStream contents:01 00 0C E5 06 60 00 01 40 92 A9 0D 
2013/07/16 20:55:25:969 [008156] TRACE [Prb.cpp, 943] - RadioBoardPacket(ACK):01 00 0C E5 06 60 00 01 40 92 A9 0D 
2013/07/16 20:55:25:970 [001820] DEBUG [Prb.cpp, 512] - Read FPGA completed, Address=0x3018, Data=0x40
2013/07/16 20:55:25:970 [001820] TRACE [Prb.cpp, 493] - Reading FPGA, Address=0x301A
2013/07/16 20:55:25:971 [001820] TRACE [Prb.cpp, 1035] - ReadFPGAPacket(0x301A):01 00 0C 61 82 00 02 30 1A 68 21 0D 
2013/07/16 20:55:25:971 [008156] TRACE [Prb.cpp, 835] - RxStream contents:01 00 0C E6 06 61 00 01 00 0F 29 0D 
2013/07/16 20:55:25:972 [008156] TRACE [Prb.cpp, 943] - RadioBoardPacket(ACK):01 00 0C E6 06 61 00 01 00 0F 29 0D 
2013/07/16 20:55:25:973 [001820] DEBUG [Prb.cpp, 512] - Read FPGA completed, Address=0x301A, Data=0x00
2013/07/16 20:55:25:973 [001820] TRACE [Prb.cpp, 493] - Reading FPGA, Address=0x3070
2013/07/16 20:55:25:974 [001820] TRACE [Prb.cpp, 1035] - ReadFPGAPacket(0x3070):01 00 0C 62 82 00 02 30 70 E1 5D 0D 
2013/07/16 20:55:25:974 [008156] TRACE [Prb.cpp, 835] - RxStream contents:01 00 0C E7 06 62 00 01 FF C9 28 0D 
2013/07/16 20:55:25:975 [008156] TRACE [Prb.cpp, 943] - RadioBoardPacket(ACK):01 00 0C E7 06 62 00 01 FF C9 28 0D 
2013/07/16 20:55:25:976 [001820] DEBUG [Prb.cpp, 512] - Read FPGA completed, Address=0x3070, Data=0xFF
2013/07/16 20:55:25:976 [001820] DEBUG [ComSysDiagnostics.cpp, 31] - FPGA RSSI/AFC [Linking(valid frame)] linkedRSSI:64 linkedAFC:0 AFC:255
2013/07/16 20:55:25:982 [001820] TRACE [Prb.cpp, 493] - Reading FPGA, Address=0x3018
2013/07/16 20:55:25:982 [001820] TRACE [Prb.cpp, 1035] - ReadFPGAPacket(0x3018):01 00 0C 63 82 00 02 30 18 98 2D 0D 
2013/07/16 20:55:25:982 [008156] TRACE [Prb.cpp, 835] - RxStream contents:01 00 0C E9 06 63 00 01 3F 8F A7 0D 
2013/07/16 20:55:25:984 [008156] TRACE [Prb.cpp, 943] - RadioBoardPacket(ACK):01 00 0C E9 06 63 00 01 3F 8F A7 0D 
2013/07/16 20:55:25:984 [001820] DEBUG [Prb.cpp, 512] - Read FPGA completed, Address=0x3018, Data=0x3F
2013/07/16 20:55:25:985 [001820] TRACE [Prb.cpp, 493] - Reading FPGA, Address=0x301A
2013/07/16 20:55:25:986 [001820] TRACE [Prb.cpp, 1035] - ReadFPGAPacket(0x301A):01 00 0C 64 82 00 02 30 1A 70 24 0D 
2013/07/16 20:55:25:986 [008156] TRACE [Prb.cpp, 835] - RxStream contents:01 00 0C EA 06 64 00 01 01 6B 23 0D 
2013/07/16 20:55:25:987 [008156] TRACE [Prb.cpp, 943] - RadioBoardPacket(ACK):01 00 0C EA 06 64 00 01 01 6B 23 0D 
2013/07/16 20:55:25:987 [001820] DEBUG [Prb.cpp, 512] - Read FPGA completed, Address=0x301A, Data=0x01
2013/07/16 20:55:25:988 [001820] TRACE [Prb.cpp, 493] - Reading FPGA, Address=0x3070
2013/07/16 20:55:25:988 [001820] TRACE [Prb.cpp, 1035] - ReadFPGAPacket(0x3070):01 00 0C 65 82 00 02 30 70 89 5B 0D 
2013/07/16 20:55:25:988 [008156] TRACE [Prb.cpp, 835] - RxStream contents:01 00 0C EB 06 65 00 01 FF 85 24 0D 
2013/07/16 20:55:25:989 [008156] TRACE [Prb.cpp, 943] - RadioBoardPacket(ACK):01 00 0C EB 06 65 00 01 FF 85 24 0D 
2013/07/16 20:55:25:990 [001820] DEBUG [Prb.cpp, 512] - Read FPGA completed, Address=0x3070, Data=0xFF
2013/07/16 20:55:25:990 [001820] DEBUG [ComSysDiagnostics.cpp, 31] - FPGA RSSI/AFC [Linking(valid frame)] linkedRSSI:63 linkedAFC:1 AFC:255
2013/07/16 20:55:26:001 [001820] TRACE [Prb.cpp, 493] - Reading FPGA, Address=0x3018
2013/07/16 20:55:26:001 [001820] TRACE [Prb.cpp, 1035] - ReadFPGAPacket(0x3018):01 00 0C 66 82 00 02 30 18 80 28 0D 
2013/07/16 20:55:26:001 [008156] TRACE [Prb.cpp, 835] - RxStream contents:01 00 0C ED 06 66 00 01 3F 2B A1 0D 
2013/07/16 20:55:26:003 [008156] TRACE [Prb.cpp, 943] - RadioBoardPacket(ACK):01 00 0C ED 06 66 00 01 3F 2B A1 0D 
2013/07/16 20:55:26:003 [001820] DEBUG [Prb.cpp, 512] - Read FPGA completed, Address=0x3018, Data=0x3F
2013/07/16 20:55:26:004 [001820] TRACE [Prb.cpp, 493] - Reading FPGA, Address=0x301A
2013/07/16 20:55:26:004 [001820] TRACE [Prb.cpp, 1035] - ReadFPGAPacket(0x301A):01 00 0C 67 82 00 02 30 1A F8 24 0D 
2013/07/16 20:55:26:004 [008156] TRACE [Prb.cpp, 835] - RxStream contents:01 00 0C EE 06 67 00 01 01 B7 25 0D 
2013/07/16 20:55:26:006 [008156] TRACE [Prb.cpp, 943] - RadioBoardPacket(ACK):01 00 0C EE 06 67 00 01 01 B7 25 0D 
2013/07/16 20:55:26:006 [001820] DEBUG [Prb.cpp, 512] - Read FPGA completed, Address=0x301A, Data=0x01
2013/07/16 20:55:26:007 [001820] TRACE [Prb.cpp, 493] - Reading FPGA, Address=0x3070
2013/07/16 20:55:26:007 [001820] TRACE [Prb.cpp, 1035] - ReadFPGAPacket(0x3070):01 00 0C 68 82 00 02 30 70 D1 57 0D 
2013/07/16 20:55:26:007 [008156] TRACE [Prb.cpp, 835] - RxStream contents:01 00 0C EF 06 68 00 01 00 03 23 0D 
2013/07/16 20:55:26:008 [008156] TRACE [Prb.cpp, 943] - RadioBoardPacket(ACK):01 00 0C EF 06 68 00 01 00 03 23 0D 
2013/07/16 20:55:26:009 [001820] DEBUG [Prb.cpp, 512] - Read FPGA completed, Address=0x3070, Data=0x00
2013/07/16 20:55:26:010 [001820] DEBUG [ComSysDiagnostics.cpp, 31] - FPGA RSSI/AFC [Linking(valid frame)] linkedRSSI:63 linkedAFC:1 AFC:0
2013/07/16 20:55:26:015 [001820] TRACE [Prb.cpp, 493] - Reading FPGA, Address=0x3018
2013/07/16 20:55:26:015 [001820] TRACE [Prb.cpp, 1035] - ReadFPGAPacket(0x3018):01 00 0C 69 82 00 02 30 18 A8 27 0D 
2013/07/16 20:55:26:015 [008156] TRACE [Prb.cpp, 835] - RxStream contents:01 00 0C F1 06 69 00 01 3E 47 B9 0D 
2013/07/16 20:55:26:017 [008156] TRACE [Prb.cpp, 943] - RadioBoardPacket(ACK):01 00 0C F1 06 69 00 01 3E 47 B9 0D 
2013/07/16 20:55:26:017 [001820] DEBUG [Prb.cpp, 512] - Read FPGA completed, Address=0x3018, Data=0x3E
2013/07/16 20:55:26:018 [001820] TRACE [Prb.cpp, 493] - Reading FPGA, Address=0x301A
2013/07/16 20:55:26:018 [001820] TRACE [Prb.cpp, 1035] - ReadFPGAPacket(0x301A):01 00 0C 6A 82 00 02 30 1A A0 28 0D 
2013/07/16 20:55:26:018 [008156] TRACE [Prb.cpp, 835] - RxStream contents:01 00 0C F2 06 6A 00 01 01 F3 3B 0D 
2013/07/16 20:55:26:019 [008156] TRACE [Prb.cpp, 943] - RadioBoardPacket(ACK):01 00 0C F2 06 6A 00 01 01 F3 3B 0D 
2013/07/16 20:55:26:020 [001820] DEBUG [Prb.cpp, 512] - Read FPGA completed, Address=0x301A, Data=0x01
2013/07/16 20:55:26:020 [001820] TRACE [Prb.cpp, 493] - Reading FPGA, Address=0x3070
2013/07/16 20:55:26:021 [001820] TRACE [Prb.cpp, 1035] - ReadFPGAPacket(0x3070):01 00 0C 6B 82 00 02 30 70 59 57 0D 
2013/07/16 20:55:26:021 [008156] TRACE [Prb.cpp, 835] - RxStream contents:01 00 0C F3 06 6B 00 01 00 1F 3E 0D 
2013/07/16 20:55:26:022 [008156] TRACE [Prb.cpp, 943] - RadioBoardPacket(ACK):01 00 0C F3 06 6B 00 01 00 1F 3E 0D 
2013/07/16 20:55:26:023 [001820] DEBUG [Prb.cpp, 512] - Read FPGA completed, Address=0x3070, Data=0x00
2013/07/16 20:55:26:023 [001820] DEBUG [ComSysDiagnostics.cpp, 31] - FPGA RSSI/AFC [Linking(valid frame)] linkedRSSI:62 linkedAFC:1 AFC:0
2013/07/16 20:55:26:029 [001820] TRACE [Prb.cpp, 493] - Reading FPGA, Address=0x3018
2013/07/16 20:55:26:029 [001820] TRACE [Prb.cpp, 1035] - ReadFPGAPacket(0x3018):01 00 0C 6C 82 00 02 30 18 B0 22 0D 
2013/07/16 20:55:26:030 [008156] TRACE [Prb.cpp, 835] - RxStream contents:01 00 0C F5 06 6C 00 01 3E E3 BF 0D 
2013/07/16 20:55:26:031 [008156] TRACE [Prb.cpp, 943] - RadioBoardPacket(ACK):01 00 0C F5 06 6C 00 01 3E E3 BF 0D 
2013/07/16 20:55:26:031 [001820] DEBUG [Prb.cpp, 512] - Read FPGA completed, Address=0x3018, Data=0x3E
2013/07/16 20:55:26:032 [001820] TRACE [Prb.cpp, 493] - Reading FPGA, Address=0x301A
2013/07/16 20:55:26:033 [001820] TRACE [Prb.cpp, 1035] - ReadFPGAPacket(0x301A):01 00 0C 6D 82 00 02 30 1A C8 2E 0D 
2013/07/16 20:55:26:033 [008156] TRACE [Prb.cpp, 835] - RxStream contents:01 00 0C F6 06 6D 00 01 02 FF 34 0D 
2013/07/16 20:55:26:034 [008156] TRACE [Prb.cpp, 943] - RadioBoardPacket(ACK):01 00 0C F6 06 6D 00 01 02 FF 34 0D 
2013/07/16 20:55:26:034 [001820] DEBUG [Prb.cpp, 512] - Read FPGA completed, Address=0x301A, Data=0x02
2013/07/16 20:55:26:035 [001820] TRACE [Prb.cpp, 493] - Reading FPGA, Address=0x3070
2013/07/16 20:55:26:035 [001820] TRACE [Prb.cpp, 1035] - ReadFPGAPacket(0x3070):01 00 0C 6E 82 00 02 30 70 41 52 0D 
2013/07/16 20:55:26:035 [008156] TRACE [Prb.cpp, 835] - RxStream contents:01 00 0C F7 06 6E 00 01 00 BB 38 0D 
2013/07/16 20:55:26:037 [008156] TRACE [Prb.cpp, 943] - RadioBoardPacket(ACK):01 00 0C F7 06 6E 00 01 00 BB 38 0D 
2013/07/16 20:55:26:037 [001820] DEBUG [Prb.cpp, 512] - Read FPGA completed, Address=0x3070, Data=0x00
2013/07/16 20:55:26:038 [001820] DEBUG [ComSysDiagnostics.cpp, 31] - FPGA RSSI/AFC [Linking(valid frame)] linkedRSSI:62 linkedAFC:2 AFC:0
2013/07/16 20:55:26:048 [001820] TRACE [Prb.cpp, 493] - Reading FPGA, Address=0x3018
2013/07/16 20:55:26:048 [001820] TRACE [Prb.cpp, 1035] - ReadFPGAPacket(0x3018):01 00 0C 6F 82 00 02 30 18 38 22 0D 
2013/07/16 20:55:26:048 [008156] TRACE [Prb.cpp, 835] - RxStream contents:01 00 0C F9 06 6F 00 01 3E 7F B0 0D 
2013/07/16 20:55:26:049 [008156] TRACE [Prb.cpp, 943] - RadioBoardPacket(ACK):01 00 0C F9 06 6F 00 01 3E 7F B0 0D 
2013/07/16 20:55:26:050 [001820] DEBUG [Prb.cpp, 512] - Read FPGA completed, Address=0x3018, Data=0x3E
2013/07/16 20:55:26:050 [001820] TRACE [Prb.cpp, 493] - Reading FPGA, Address=0x301A
2013/07/16 20:55:26:051 [001820] TRACE [Prb.cpp, 1035] - ReadFPGAPacket(0x301A):01 00 0C 70 82 00 02 30 1A 10 30 0D 
2013/07/16 20:55:26:051 [008156] TRACE [Prb.cpp, 835] - RxStream contents:01 00 0C FA 06 70 00 01 01 7B 34 0D 
2013/07/16 20:55:26:052 [008156] TRACE [Prb.cpp, 943] - RadioBoardPacket(ACK):01 00 0C FA 06 70 00 01 01 7B 34 0D 
2013/07/16 20:55:26:052 [001820] DEBUG [Prb.cpp, 512] - Read FPGA completed, Address=0x301A, Data=0x01
2013/07/16 20:55:26:053 [001820] TRACE [Prb.cpp, 493] - Reading FPGA, Address=0x3070
2013/07/16 20:55:26:054 [001820] TRACE [Prb.cpp, 1035] - ReadFPGAPacket(0x3070):01 00 0C 71 82 00 02 30 70 E9 4F 0D 
2013/07/16 20:55:26:054 [008156] TRACE [Prb.cpp, 835] - RxStream contents:01 00 0C FB 06 71 00 01 FF 95 33 0D 
2013/07/16 20:55:26:055 [008156] TRACE [Prb.cpp, 943] - RadioBoardPacket(ACK):01 00 0C FB 06 71 00 01 FF 95 33 0D 
2013/07/16 20:55:26:055 [001820] DEBUG [Prb.cpp, 512] - Read FPGA completed, Address=0x3070, Data=0xFF
2013/07/16 20:55:26:056 [001820] DEBUG [ComSysDiagnostics.cpp, 31] - FPGA RSSI/AFC [Linking(valid frame)] linkedRSSI:62 linkedAFC:1 AFC:255
2013/07/16 20:55:26:061 [001820] TRACE [Prb.cpp, 584] - Reading CC1020, Address=0x0004
2013/07/16 20:55:26:061 [001820] TRACE [Prb.cpp, 1035] - ReadCC1020Packet(0x04):01 00 0C 72 84 00 02 00 04 C1 67 0D 
2013/07/16 20:55:26:075 [008156] TRACE [Prb.cpp, 835] - RxStream contents:01 00 0C FD 06 72 00 01 35 3B 8A 0D 
2013/07/16 20:55:26:076 [008156] TRACE [Prb.cpp, 943] - RadioBoardPacket(ACK):01 00 0C FD 06 72 00 01 35 3B 8A 0D 
2013/07/16 20:55:26:076 [001820] DEBUG [Prb.cpp, 603] - Read CC1020 completed, Address=0x0004, Data=0x35
2013/07/16 20:55:26:077 [001820] TRACE [Prb.cpp, 584] - Reading CC1020, Address=0x0005
2013/07/16 20:55:26:078 [001820] TRACE [Prb.cpp, 1035] - ReadCC1020Packet(0x05):01 00 0C 73 84 00 02 00 05 B9 61 0D 
2013/07/16 20:55:26:091 [008156] TRACE [Prb.cpp, 943] - RadioBoardPacket(ACK):01 00 0C FF 06 73 00 01 EF 5D 55 0D 
2013/07/16 20:55:26:091 [001820] DEBUG [Prb.cpp, 603] - Read CC1020 completed, Address=0x0005, Data=0xEF
2013/07/16 20:55:26:092 [001820] TRACE [Prb.cpp, 584] - Reading CC1020, Address=0x0006
2013/07/16 20:55:26:093 [001820] TRACE [Prb.cpp, 1035] - ReadCC1020Packet(0x06):01 00 0C 74 84 00 02 00 06 D1 6D 0D 
2013/07/16 20:55:26:106 [008156] TRACE [Prb.cpp, 943] - RadioBoardPacket(ACK):01 00 0C 01 06 74 00 01 BD E0 4A 0D 
2013/07/16 20:55:26:107 [001820] DEBUG [Prb.cpp, 603] - Read CC1020 completed, Address=0x0006, Data=0xBD
2013/07/16 20:55:26:107 [001820] TRACE [Prb.cpp, 584] - Reading CC1020, Address=0x0008
2013/07/16 20:55:26:108 [001820] TRACE [Prb.cpp, 1035] - ReadCC1020Packet(0x08):01 00 0C 75 84 00 02 00 08 A9 49 0D 
2013/07/16 20:55:26:122 [008156] TRACE [Prb.cpp, 943] - RadioBoardPacket(ACK):01 00 0C 03 06 75 00 01 35 07 7A 0D 
2013/07/16 20:55:26:123 [001820] DEBUG [Prb.cpp, 603] - Read CC1020 completed, Address=0x0008, Data=0x35
2013/07/16 20:55:26:123 [001820] TRACE [Prb.cpp, 584] - Reading CC1020, Address=0x0009
2013/07/16 20:55:26:124 [001820] TRACE [Prb.cpp, 1035] - ReadCC1020Packet(0x09):01 00 0C 76 84 00 02 00 09 A1 4C 0D 
2013/07/16 20:55:26:138 [008156] TRACE [Prb.cpp, 943] - RadioBoardPacket(ACK):01 00 0C 05 06 76 00 01 FA A9 DD 0D 
2013/07/16 20:55:26:138 [001820] DEBUG [Prb.cpp, 603] - Read CC1020 completed, Address=0x0009, Data=0xFA
2013/07/16 20:55:26:139 [001820] TRACE [Prb.cpp, 584] - Reading CC1020, Address=0x000A
2013/07/16 20:55:26:140 [001820] TRACE [Prb.cpp, 1035] - ReadCC1020Packet(0x0A):01 00 0C 77 84 00 02 00 0A 59 45 0D 
2013/07/16 20:55:26:153 [008156] TRACE [Prb.cpp, 835] - RxStream contents:01 00 0C 07 06 77 00 01 67 CE 90 0D 
2013/07/16 20:55:26:154 [008156] TRACE [Prb.cpp, 943] - RadioBoardPacket(ACK):01 00 0C 07 06 77 00 01 67 CE 90 0D 
2013/07/16 20:55:26:154 [001820] DEBUG [Prb.cpp, 603] - Read CC1020 completed, Address=0x000A, Data=0x67
2013/07/16 20:55:26:155 [001820] TRACE [Prb.cpp, 584] - Reading CC1020, Address=0x000F
2013/07/16 20:55:26:156 [001820] TRACE [Prb.cpp, 1035] - ReadCC1020Packet(0x0F):01 00 0C 78 84 00 02 00 0F 71 54 0D 
2013/07/16 20:55:26:169 [008156] TRACE [Prb.cpp, 943] - RadioBoardPacket(ACK):01 00 0C 09 06 78 00 01 DF D1 0C 0D 
2013/07/16 20:55:26:169 [001820] DEBUG [Prb.cpp, 603] - Read CC1020 completed, Address=0x000F, Data=0xDF
2013/07/16 20:55:26:170 [001820] TRACE [Prb.cpp, 584] - Reading CC1020, Address=0x0010
2013/07/16 20:55:26:170 [001820] TRACE [Prb.cpp, 1035] - ReadCC1020Packet(0x10):01 00 0C 79 84 00 02 00 10 09 16 0D 
2013/07/16 20:55:26:185 [008156] TRACE [Prb.cpp, 943] - RadioBoardPacket(ACK):01 00 0C 0B 06 79 00 01 22 B7 01 0D 
2013/07/16 20:55:26:185 [001820] DEBUG [Prb.cpp, 603] - Read CC1020 completed, Address=0x0010, Data=0x22
2013/07/16 20:55:26:186 [001820] TRACE [Prb.cpp, 584] - Reading CC1020, Address=0x0013
2013/07/16 20:55:26:187 [001820] TRACE [Prb.cpp, 1035] - ReadCC1020Packet(0x13):01 00 0C 7A 84 00 02 00 13 81 1C 0D 
2013/07/16 20:55:26:200 [008156] TRACE [Prb.cpp, 835] - RxStream contents:01 00 0C 0D 06 7A 00 01 2F 9B 29 0D 
2013/07/16 20:55:26:201 [008156] TRACE [Prb.cpp, 943] - RadioBoardPacket(ACK):01 00 0C 0D 06 7A 00 01 2F 9B 29 0D 
2013/07/16 20:55:26:201 [001820] DEBUG [Prb.cpp, 603] - Read CC1020 completed, Address=0x0013, Data=0x2F
2013/07/16 20:55:26:202 [001820] TRACE [Prb.cpp, 584] - Reading CC1020, Address=0x0014
2013/07/16 20:55:26:202 [001820] TRACE [Prb.cpp, 1035] - ReadCC1020Packet(0x14):01 00 0C 7B 84 00 02 00 14 F9 0E 0D 
2013/07/16 20:55:26:216 [008156] TRACE [Prb.cpp, 943] - RadioBoardPacket(ACK):01 00 0C 0F 06 7B 00 01 2F 7F 29 0D 
2013/07/16 20:55:26:216 [001820] DEBUG [Prb.cpp, 603] - Read CC1020 completed, Address=0x0014, Data=0x2F
2013/07/16 20:55:26:217 [001820] TRACE [Prb.cpp, 584] - Reading CC1020, Address=0x0043
2013/07/16 20:55:26:217 [001820] TRACE [Prb.cpp, 1035] - ReadCC1020Packet(0x43):01 00 0C 7C 84 00 02 00 43 10 F9 0D 
2013/07/16 20:55:26:232 [008156] TRACE [Prb.cpp, 943] - RadioBoardPacket(ACK):01 00 0C 11 06 7C 00 01 00 43 D5 0D 
2013/07/16 20:55:26:232 [001820] DEBUG [Prb.cpp, 603] - Read CC1020 completed, Address=0x0043, Data=0x00
2013/07/16 20:55:26:233 [001820] DEBUG [ComSysDiagnostics.cpp, 63] - CC1020 [Link complete] FREQ_2A: 0x35 FREQ_1A: 0xef FREQ_0A: 0xbd
2013/07/16 20:55:26:233 [001820] DEBUG [ComSysDiagnostics.cpp, 67] - CC1020 [Link complete] FREQ_2B: 0x35 FREQ_1B: 0xfa FREQ_0B: 0x67
2013/07/16 20:55:26:234 [001820] DEBUG [ComSysDiagnostics.cpp, 72] - CC1020 [Link complete] AFC_CONTROL: 0xdf FILTER: 0x22 VGA3: 0x2f VGA4: 0x2f AFC: 0x00
2013/07/16 20:55:26:235 [001820] TRACE [Prb.cpp, 493] - Reading FPGA, Address=0x3018
2013/07/16 20:55:26:235 [001820] TRACE [Prb.cpp, 1035] - ReadFPGAPacket(0x3018):01 00 0C 7D 82 00 02 30 18 C8 33 0D 
2013/07/16 20:55:26:235 [008156] TRACE [Prb.cpp, 835] - RxStream contents:01 00 0C 13 06 7D 00 01 3F A7 57 0D 
2013/07/16 20:55:26:237 [008156] TRACE [Prb.cpp, 943] - RadioBoardPacket(ACK):01 00 0C 13 06 7D 00 01 3F A7 57 0D 
2013/07/16 20:55:26:237 [001820] DEBUG [Prb.cpp, 512] - Read FPGA completed, Address=0x3018, Data=0x3F
2013/07/16 20:55:26:238 [001820] TRACE [Prb.cpp, 493] - Reading FPGA, Address=0x301A
2013/07/16 20:55:26:238 [001820] TRACE [Prb.cpp, 1035] - ReadFPGAPacket(0x301A):01 00 0C 7E 82 00 02 30 1A C0 3C 0D 
2013/07/16 20:55:26:238 [008156] TRACE [Prb.cpp, 835] - RxStream contents:01 00 0C 14 06 7E 00 01 01 73 D6 0D 
2013/07/16 20:55:26:239 [008156] TRACE [Prb.cpp, 943] - RadioBoardPacket(ACK):01 00 0C 14 06 7E 00 01 01 73 D6 0D 
2013/07/16 20:55:26:240 [001820] DEBUG [Prb.cpp, 512] - Read FPGA completed, Address=0x301A, Data=0x01
2013/07/16 20:55:26:241 [001820] TRACE [Prb.cpp, 493] - Reading FPGA, Address=0x3070
2013/07/16 20:55:26:241 [001820] TRACE [Prb.cpp, 1035] - ReadFPGAPacket(0x3070):01 00 0C 7F 82 00 02 30 70 39 43 0D 
2013/07/16 20:55:26:241 [008156] TRACE [Prb.cpp, 835] - RxStream contents:01 00 0C 15 06 7F 00 01 00 9F D3 0D 
2013/07/16 20:55:26:242 [008156] TRACE [Prb.cpp, 943] - RadioBoardPacket(ACK):01 00 0C 15 06 7F 00 01 00 9F D3 0D 
2013/07/16 20:55:26:243 [001820] DEBUG [Prb.cpp, 512] - Read FPGA completed, Address=0x3070, Data=0x00
2013/07/16 20:55:26:243 [001820] DEBUG [ComSysDiagnostics.cpp, 31] - FPGA RSSI/AFC [Link complete] linkedRSSI:63 linkedAFC:1 AFC:0
2013/07/16 20:55:26:245 [001820] INFO [ComSysDiagnostics.cpp, 79] - Status Counters [Link complete] FrameErrorsInLastSecond:1 EcgErrorsInLastSecond:0 MarkerOrImplantIdErrorsInLastSecond:0 TotalFrameErrors:1 TotalEcgErrors:0 TotalMarkerOrImplantIdErrors:0 TotalSentCommands:0 TotalGoodResponses:0 TotalBadResponses:0 TotalResponseTimeouts:0
2013/07/16 20:55:26:246 [001820] TRACE [Prb.cpp, 493] - Reading FPGA, Address=0x301C
2013/07/16 20:55:26:246 [001820] TRACE [Prb.cpp, 1035] - ReadFPGAPacket(0x301C):01 00 0C 80 82 00 02 30 1C 10 DB 0D 
2013/07/16 20:55:26:246 [008156] TRACE [Prb.cpp, 835] - RxStream contents:01 00 0C 16 06 80 00 01 01 9B FE 0D 
2013/07/16 20:55:26:247 [008156] TRACE [Prb.cpp, 943] - RadioBoardPacket(ACK):01 00 0C 16 06 80 00 01 01 9B FE 0D 
2013/07/16 20:55:26:248 [001820] DEBUG [Prb.cpp, 512] - Read FPGA completed, Address=0x301C, Data=0x01
2013/07/16 20:55:26:249 [001820] DEBUG [ComSysDiagnostics.cpp, 89] - FPGA Frame Error Counter [Link complete]:1
2013/07/16 20:55:26:249 [001820] INFO [CrossTalkDetector.cpp, 68] - CrossTalkDetector state changing from LinkingState to LinkedState
2013/07/16 20:55:26:250 [001820] INFO [CommunicationSystemStates.cpp, 221] - Link complete.
2013/07/16 20:55:26:285 [007396] INFO 0x801C0094 [CommunicationSystemStateMachine.cpp, 237] - Command: 0xe4. Retries: 3. Timeout: 500 ms.
2013/07/16 20:55:26:288 [007396] INFO 0x801C0094 [CommunicationSystemStateMachine.cpp, 252] - Send Command:E4 02 58 
2013/07/16 20:55:26:289 [007396] TRACE 0x801C0094 [Prb.cpp, 493] - Reading FPGA, Address=0x3018
2013/07/16 20:55:26:290 [007396] TRACE 0x801C0094 [Prb.cpp, 1035] - ReadFPGAPacket(0x3018):01 00 0C 81 82 00 02 30 18 68 C3 0D 
2013/07/16 20:55:26:290 [008156] TRACE 0x801C0094 [Prb.cpp, 835] - RxStream contents:01 00 0C 1A 06 81 00 01 40 AE 74 0D 
2013/07/16 20:55:26:291 [008156] TRACE 0x801C0094 [Prb.cpp, 943] - RadioBoardPacket(ACK):01 00 0C 1A 06 81 00 01 40 AE 74 0D 
2013/07/16 20:55:26:292 [007396] DEBUG 0x801C0094 [Prb.cpp, 512] - Read FPGA completed, Address=0x3018, Data=0x40
2013/07/16 20:55:26:292 [007396] TRACE 0x801C0094 [Prb.cpp, 493] - Reading FPGA, Address=0x301A
2013/07/16 20:55:26:293 [007396] TRACE 0x801C0094 [Prb.cpp, 1035] - ReadFPGAPacket(0x301A):01 00 0C 82 82 00 02 30 1A 60 CC 0D 
2013/07/16 20:55:26:293 [008156] TRACE 0x801C0094 [Prb.cpp, 835] - RxStream contents:01 00 0C 1B 06 82 00 01 01 6B F1 0D 
2013/07/16 20:55:26:294 [008156] TRACE 0x801C0094 [Prb.cpp, 943] - RadioBoardPacket(ACK):01 00 0C 1B 06 82 00 01 01 6B F1 0D 
2013/07/16 20:55:26:295 [007396] DEBUG 0x801C0094 [Prb.cpp, 512] - Read FPGA completed, Address=0x301A, Data=0x01
2013/07/16 20:55:26:295 [007396] TRACE 0x801C0094 [Prb.cpp, 493] - Reading FPGA, Address=0x3070
2013/07/16 20:55:26:296 [007396] TRACE 0x801C0094 [Prb.cpp, 1035] - ReadFPGAPacket(0x3070):01 00 0C 83 82 00 02 30 70 99 B3 0D 
2013/07/16 20:55:26:296 [008156] TRACE 0x801C0094 [Prb.cpp, 835] - RxStream contents:01 00 0C 1D 06 83 00 01 00 EF F2 0D 
2013/07/16 20:55:26:297 [008156] TRACE 0x801C0094 [Prb.cpp, 943] - RadioBoardPacket(ACK):01 00 0C 1D 06 83 00 01 00 EF F2 0D 
2013/07/16 20:55:26:297 [007396] DEBUG 0x801C0094 [Prb.cpp, 512] - Read FPGA completed, Address=0x3070, Data=0x00
2013/07/16 20:55:26:298 [007396] DEBUG 0x801C0094 [ComSysDiagnostics.cpp, 31] - FPGA RSSI/AFC [Send Command] linkedRSSI:64 linkedAFC:1 AFC:0
2013/07/16 20:55:26:298 [007396] TRACE 0x801C0094 [Prb.cpp, 383] - Send Command, Command=0xe4
2013/07/16 20:55:26:299 [007396] TRACE 0x801C0094 [Prb.cpp, 1035] - WriteTransmitterPacket():01 00 0D 84 87 00 03 E4 02 58 88 E3 0D 
2013/07/16 20:55:26:299 [008156] TRACE 0x801C0094 [Prb.cpp, 835] - RxStream contents:01 00 0B 1E 06 84 00 00 BF 09 0D 
2013/07/16 20:55:26:300 [008156] TRACE 0x801C0094 [Prb.cpp, 943] - RadioBoardPacket(ACK):01 00 0B 1E 06 84 00 00 BF 09 0D 
2013/07/16 20:55:26:300 [007396] DEBUG 0x801C0094 [Prb.cpp, 402] - Send Command completed, Command=0xe4
2013/07/16 20:55:26:451 [001820] INFO 0x801C0094 [ComSysDiagnostics.cpp, 79] - Status Counters [Link lost] FrameErrorsInLastSecond:9 EcgErrorsInLastSecond:0 MarkerOrImplantIdErrorsInLastSecond:0 TotalFrameErrors:9 TotalEcgErrors:0 TotalMarkerOrImplantIdErrors:0 TotalSentCommands:1 TotalGoodResponses:0 TotalBadResponses:0 TotalResponseTimeouts:0
2013/07/16 20:55:26:451 [001820] TRACE 0x801C0094 [Prb.cpp, 493] - Reading FPGA, Address=0x301C
2013/07/16 20:55:26:452 [001820] TRACE 0x801C0094 [Prb.cpp, 1035] - ReadFPGAPacket(0x301C):01 00 0C 85 82 00 02 30 1C 08 DE 0D 
2013/07/16 20:55:26:452 [008156] TRACE 0x801C0094 [Prb.cpp, 835] - RxStream contents:01 00 0C 29 06 85 00 01 0A 77 FB 0D 
2013/07/16 20:55:26:453 [008156] TRACE 0x801C0094 [Prb.cpp, 943] - RadioBoardPacket(ACK):01 00 0C 29 06 85 00 01 0A 77 FB 0D 
2013/07/16 20:55:26:454 [001820] DEBUG 0x801C0094 [Prb.cpp, 512] - Read FPGA completed, Address=0x301C, Data=0x0A
2013/07/16 20:55:26:454 [001820] DEBUG 0x801C0094 [ComSysDiagnostics.cpp, 89] - FPGA Frame Error Counter [Link lost]:10
2013/07/16 20:55:26:462 [001820] INFO 0x801C0094 [CommunicationSystemStateMachine.cpp, 769] - Command Completed
2013/07/16 20:55:26:463 [001820] DEBUG 0x801C0094 [CommunicationSystemStateMachine.cpp, 330] - ... after 10 frames.
2013/07/16 20:55:26:466 [001820] TRACE 0x801C0094 [Prb.cpp, 448] - Writing FPGA, Address=0x1008, Data=0x08
2013/07/16 20:55:26:467 [001820] TRACE 0x801C0094 [Prb.cpp, 1035] - WriteFPGAPacket(0x1008, 0x08):01 00 0D 86 81 00 03 10 08 08 2B B6 0D 
2013/07/16 20:55:26:467 [008156] TRACE 0x801C0094 [Prb.cpp, 835] - RxStream contents:01 00 0B 2B 06 86 00 00 36 3A 0D 
2013/07/16 20:55:26:469 [008156] TRACE 0x801C0094 [Prb.cpp, 943] - RadioBoardPacket(ACK):01 00 0B 2B 06 86 00 00 36 3A 0D 
2013/07/16 20:55:26:469 [001820] DEBUG 0x801C0094 [Prb.cpp, 466] - Write FPGA completed, Address=0x1008, Data=0x08
2013/07/16 20:55:26:486 [001820] TRACE 0x801C0094 [Prb.cpp, 493] - Reading FPGA, Address=0x300A
2013/07/16 20:55:26:487 [001820] TRACE 0x801C0094 [Prb.cpp, 1035] - ReadFPGAPacket(0x300A):01 00 0C 87 82 00 02 30 0A F8 AA 0D 
2013/07/16 20:55:26:487 [008156] TRACE 0x801C0094 [Prb.cpp, 835] - RxStream contents:01 00 0C 2C 06 87 00 01 00 C7 C1 0D 
2013/07/16 20:55:26:488 [008156] TRACE 0x801C0094 [Prb.cpp, 943] - RadioBoardPacket(ACK):01 00 0C 2C 06 87 00 01 00 C7 C1 0D 
2013/07/16 20:55:26:488 [001820] DEBUG 0x801C0094 [Prb.cpp, 512] - Read FPGA completed, Address=0x300A, Data=0x00
2013/07/16 20:55:26:489 [001820] TRACE 0x801C0094 [Prb.cpp, 448] - Writing FPGA, Address=0x300A, Data=0x03
2013/07/16 20:55:26:490 [001820] TRACE 0x801C0094 [Prb.cpp, 1035] - WriteFPGAPacket(0x300A, 0x03):01 00 0D 88 81 00 03 30 0A 03 2B EC 0D 
2013/07/16 20:55:26:490 [008156] TRACE 0x801C0094 [Prb.cpp, 835] - RxStream contents:01 00 0B 2D 06 88 00 00 B7 F1 0D 
2013/07/16 20:55:26:491 [008156] TRACE 0x801C0094 [Prb.cpp, 943] - RadioBoardPacket(ACK):01 00 0B 2D 06 88 00 00 B7 F1 0D 
2013/07/16 20:55:26:491 [001820] DEBUG 0x801C0094 [Prb.cpp, 466] - Write FPGA completed, Address=0x300A, Data=0x03
2013/07/16 20:55:26:631 [002560] INFO [NCommunicationSystem.cpp, 747] - Disposing: 1
2013/07/16 20:55:26:634 [002560] INFO [CrossAppDomainEventMarshaller.cpp, 44] - Disposing: 1
2013/07/16 20:55:26:635 [002560] INFO [CrossAppDomainEventMarshaller.cpp, 155] - abortGetNextEvent called
2013/07/16 20:55:26:635 [002560] INFO [CrossAppDomainEventMarshaller.cpp, 48] - Waiting for CrossDomainEventTranslator::m_pHandleEventsThread to stop
2013/07/16 20:55:26:635 [007412] INFO [CrossAppDomainEventMarshaller.cpp, 80] - handleEventsThread exiting (thread aborted)
2013/07/16 20:55:26:637 [002560] INFO [CrossAppDomainEventMarshaller.cpp, 54] - CrossDomainEventTranslator::m_pHandleEventsThread stopped
2013/07/16 20:55:26:638 [002560] INFO [CrossAppDomainEventMarshaller.cpp, 110] - EventHandler dtor
2013/07/16 20:55:26:639 [002560] INFO [CrossAppDomainEventMarshaller.cpp, 60] - Disposed.
2013/07/16 20:55:26:640 [008156] DEBUG [Prb.cpp, 867] - Prb receive thread terminated.
2013/07/16 20:55:26:642 [001820] INFO [ExceptionCatchingThread.cpp, 170] - Exited the interrupt thread procedure with return value 0.
2013/07/16 20:55:26:742 [007396] INFO [ExceptionCatchingThread.cpp, 170] - Exited the dispatch thread procedure with return value 0.
2013/07/16 20:55:26:744 [007732] INFO [ExceptionCatchingThread.cpp, 170] - Exited the timer thread procedure with return value 0.
2013/07/16 20:55:26:846 [002560] INFO [NCommunicationSystem.cpp, 779] - Disposed.
<<<<< Log Footer: 07/16/2013 20:55:26 >>>>>
