2013/07/31 20:34:52:174  INFO:   Loaded Symbol File C:\ISV System\Config\FirmwareSymbols\build178.sym for firmware Build #178
2013/07/31 20:34:52:188  INFO:   CommunicationSystemLog properties: .\CommunicationSystem.logger.properties
2013/07/31 20:34:52:188  INFO:   CommunicationSystemLog log       : .\logs\systemBerScriptLog 2013.07.31 20.34.52_CommunicationSystem.Log
2013/07/31 20:34:55:930  INFO:   Setting the event sink for ScriptEngineProcedure
2013/07/31 20:34:55:930  INFO:   Program parameters checks are enabled
2013/07/31 20:34:55:935  INFO:   ********************************************************************************
2013/07/31 20:34:55:935  INFO:   Starting ScriptEngineProcedure, Assembly  version 
2013/07/31 20:34:55:939  INFO:   Config: ICD (NCommunicationSystem ver: nCommunicationSystem, Version=1.8.2.1, Culture=neutral, PublicKeyToken=56b5378c99c0bcfd; FTDI Driver ver: 2.08.24.0; PRB FPGA ver: 7)
2013/07/31 20:34:55:939  INFO:   Setting the radio board transmit power to level 0x7.
2013/07/31 20:34:55:942  INFO:   Radio board power level set to 7.
2013/07/31 20:34:55:943  INFO:   ECG Timeout Interval set to 10 seconds.
2013/07/31 20:34:55:944  STATE:  Changing state to ScriptExecStateMachine.WaitForNextCmdState, ID[1]
2013/07/31 20:34:55:944  INFO:   FwDvtSystem Started the event processing thread
2013/07/31 20:34:55:977  ACTION: Read PRB FPGA: Address=0x3000 Data=0x07
2013/07/31 20:34:55:982  RESULT: FPGA 0x3000 Expected: 18 Actual: 7
2013/07/31 20:34:55:984  RESULT: ERROR Expected: 18 Actual: 7
2013/07/31 20:34:55:985  ACTION: Calibrate CC1020
2013/07/31 20:34:56:078  INFO:   CC1020 calibration passed
2013/07/31 20:34:56:086  ACTION: Read C1020: Address 0x04 Data=0x35
2013/07/31 20:34:56:090  ACTION: Read C1020: Address 0x05 Data=0xF0
2013/07/31 20:34:56:093  ACTION: Read C1020: Address 0x06 Data=0x21
2013/07/31 20:34:56:096  ACTION: Read C1020: Address 0x07 Data=0x38
2013/07/31 20:34:56:100  ACTION: Read C1020: Address 0x08 Data=0x35
2013/07/31 20:34:56:103  ACTION: Read C1020: Address 0x09 Data=0xFA
2013/07/31 20:34:56:106  ACTION: Read C1020: Address 0x0A Data=0xCB
2013/07/31 20:34:56:109  ACTION: Read C1020: Address 0x0B Data=0x38
2013/07/31 20:34:56:112  ACTION: Read C1020: Address 0x1D Data=0x00
2013/07/31 20:34:56:117  ACTION: Read C1020: Address 0x45 Data=0x4C
2013/07/31 20:34:56:120  ACTION: Read C1020: Address 0x46 Data=0x66
2013/07/31 20:34:56:123  ACTION: Read C1020: Address 0x47 Data=0x44
2013/07/31 20:34:56:133  ACTION: Read PRB FPGA: Address=0x305E Data=0x00
2013/07/31 20:34:56:136  ACTION: Read PRB FPGA: Address=0x3060 Data=0x00
2013/07/31 20:34:56:139  ACTION: Read PRB FPGA: Address=0x3062 Data=0x00
2013/07/31 20:34:56:146  ACTION: Read PRB FPGA: Address=0x3066 Data=0x00
2013/07/31 20:34:56:149  ACTION: Read PRB FPGA: Address=0x3068 Data=0x00
2013/07/31 20:34:56:152  ACTION: Read PRB FPGA: Address=0x306A Data=0x00
2013/07/31 20:34:56:154  ACTION: Write PRB FPGA: Address=0x1026 Data=0x00
2013/07/31 20:34:56:160  INFO:   EXECUTING STATE: SMLibrary.Dvt.IcdCmd+ScanState Timeout: 00:00:30
2013/07/31 20:34:56:161  EVENT:  SCRIPT-EXEC:EXEC-STATE - TES.Dvt.ScriptExecStateMachine, ID[11]
2013/07/31 20:34:56:162  STATE:  Changing state to ScriptExecStateMachine.ExecState, ID[4]
2013/07/31 20:34:56:162  INFO:   Setting the radio board transmit power to level 0x7.
2013/07/31 20:34:56:166  INFO:   Radio board power level set to 7.
2013/07/31 20:34:56:167  ACTION: Setting radio board configuration for hybrid.
2013/07/31 20:34:56:167  ACTION: Set radio board to DIO inverting mode.
2013/07/31 20:34:56:167  ACTION: Write PRB FPGA: Address=0x3012 Data=0x01
2013/07/31 20:34:56:170  ACTION: PRB Set Link Data Rate: Slow
2013/07/31 20:34:56:173  ACTION: Read PRB FPGA: Address=0x1004 Data=0x00
2013/07/31 20:34:56:173  ACTION: Write PRB FPGA: Address=0x1004 Data=0x00
2013/07/31 20:34:56:175  ACTION: Scanning for devices, primary scan duration = 9 sec, secondary scan duration = 2 sec
2013/07/31 20:35:07:350  INFO:   Primary scan device IDs: 0x801C0094 
2013/07/31 20:35:11:501  INFO:   Secondary scan device IDs: 0x801C0094 0x801C9999 
2013/07/31 20:35:11:503  EVENT:  Device ID List, ID[17]
                                 DeviceID[0] : ID 0x801C9999 (Model 0, Serial 39321, SW Version 7, Is Implanted)
                                 DeviceID[1] : ID 0x801C0094 (Model 0, Serial 148, SW Version 7, Is Implanted)
2013/07/31 20:35:11:504  STATE:  Changing state to ScriptExecStateMachine.WaitForNextCmdState, ID[1]
2013/07/31 20:35:11:504  INFO:   STATE EXITED: SMLibrary.Dvt.IcdCmd+ScanState
2013/07/31 20:35:11:518  INFO:   EXECUTING STATE: SMLibrary.Dvt.IcdCmd+ConnectState Timeout: 00:00:24
2013/07/31 20:35:11:518  EVENT:  SCRIPT-EXEC:EXEC-STATE - TES.Dvt.ScriptExecStateMachine, ID[11]
2013/07/31 20:35:11:518  STATE:  Changing state to ScriptExecStateMachine.ExecState, ID[4]
2013/07/31 20:35:11:519  ACTION: PRB Set Link Data Rate: Slow
2013/07/31 20:35:11:522  ACTION: Read PRB FPGA: Address=0x1004 Data=0x00
2013/07/31 20:35:11:522  ACTION: Write PRB FPGA: Address=0x1004 Data=0x00
2013/07/31 20:35:11:525  ACTION: Connecting to device ID 0x801C0094 (Model 0, Serial 148, SW Version 7, Is Implanted)
2013/07/31 20:35:14:300  INFO:   Registering the ICD session delegates
2013/07/31 20:35:14:300  EVENT:  Connect Succeeded, ID[19]
2013/07/31 20:35:14:300  INFO:   STATE EXITED: SMLibrary.Dvt.IcdCmd+ConnectState
2013/07/31 20:35:14:300  STATE:  Changing state to ScriptExecStateMachine.WaitForNextCmdState, ID[1]
2013/07/31 20:35:14:304  INFO:   EXECUTING STATE MACHINE: SMLibrary.ReadSM Timeout: 00:00:01.3120000
2013/07/31 20:35:14:304  EVENT:  SCRIPT-EXEC:EXEC-SM - TES.Dvt.ScriptExecStateMachine, ID[9]
2013/07/31 20:35:14:304  STATE:  Changing state to ScriptExecStateMachine.ExecStateMachineWithCustomExitEventsState, ID[2]
2013/07/31 20:35:14:305  STATE:  Changing state to ReadSM.ReadingState, ID[8]
2013/07/31 20:35:14:306  ACTION: READ_FROM_16_BIT_ADDR_WITH_CRC32, Address=SYS_ERRORS(0xF56C) Length=1
2013/07/31 20:35:14:376  EVENT:  Command Completed, ID[23], Command=0x82 (READ_FROM_16_BIT_ADDR_WITH_CRC32), CRC32=0xE69CA3FE, Data=0xB0
2013/07/31 20:35:14:378  EVENT:  Read Memory Complete, ID[24]
2013/07/31 20:35:14:378  STATE:  Changing state to ReadSM.IdleState, ID[6]
2013/07/31 20:35:14:378  STATE:  Changing state to ScriptExecStateMachine.WaitForNextCmdState, ID[1]
2013/07/31 20:35:14:378  INFO:   STATE MACHINE EXITED: SMLibrary.ReadSM
2013/07/31 20:35:14:382  INFO:   EXECUTING STATE: IronPython.NewTypes.System.Object#IScriptExecState_5$5 Timeout: 00:00:02
2013/07/31 20:35:14:382  EVENT:  SCRIPT-EXEC:EXEC-STATE - TES.Dvt.ScriptExecStateMachine, ID[11]
2013/07/31 20:35:14:382  STATE:  Changing state to ScriptExecStateMachine.ExecState, ID[4]
2013/07/31 20:35:14:383  ACTION: Return Last Command
2013/07/31 20:35:14:414  EVENT:  Marker (Device Summary), ID[26], Timestamp=0xF7[full:not set], Data[0]=0x00, Data[1]=0x40 DynamicShockPolarity=HVA_POSITIVE SystemErrorOccurred 
2013/07/31 20:35:14:427  EVENT:  Command Completed, ID[27], Command=0x60 (Return Last Command), time since last CMDCompleted: 52 ms,
                                 0x00 : 82801C00 94   
2013/07/31 20:35:14:431  STATE:  Changing state to ScriptExecStateMachine.WaitForNextCmdState, ID[1]
2013/07/31 20:35:14:431  INFO:   STATE EXITED: IronPython.NewTypes.System.Object#IScriptExecState_5$5
2013/07/31 20:35:14:432  INFO:   EXECUTING STATE: IronPython.NewTypes.System.Object#IScriptExecState_5$5 Timeout: 00:00:02
2013/07/31 20:35:14:432  EVENT:  SCRIPT-EXEC:EXEC-STATE - TES.Dvt.ScriptExecStateMachine, ID[11]
2013/07/31 20:35:14:432  STATE:  Changing state to ScriptExecStateMachine.ExecState, ID[4]
2013/07/31 20:35:14:432  ACTION: Return Last Command
2013/07/31 20:35:14:475  EVENT:  Command Completed, ID[29], Command=0x60 (Return Last Command), time since last CMDCompleted: 48 ms,
                                 0x00 : 82801C00 94   
2013/07/31 20:35:14:476  STATE:  Changing state to ScriptExecStateMachine.WaitForNextCmdState, ID[1]
2013/07/31 20:35:14:476  INFO:   STATE EXITED: IronPython.NewTypes.System.Object#IScriptExecState_5$5
2013/07/31 20:35:14:476  INFO:   EXECUTING STATE MACHINE: SMLibrary.ReadSM Timeout: 00:00:01.3120000
2013/07/31 20:35:14:476  EVENT:  SCRIPT-EXEC:EXEC-SM - TES.Dvt.ScriptExecStateMachine, ID[9]
2013/07/31 20:35:14:476  STATE:  Changing state to ScriptExecStateMachine.ExecStateMachineWithCustomExitEventsState, ID[2]
2013/07/31 20:35:14:476  STATE:  Changing state to ReadSM.ReadingState, ID[9]
2013/07/31 20:35:14:476  ACTION: READ_FROM_16_BIT_ADDR_WITH_CRC32, Address=SYS_ERRORS(0xF56C) Length=1
2013/07/31 20:35:14:536  EVENT:  Command Completed, ID[33], Command=0x82 (READ_FROM_16_BIT_ADDR_WITH_CRC32), time since last CMDCompleted: 61 ms, CRC32=0xE69CA3FE, Data=0xB0
2013/07/31 20:35:14:536  EVENT:  Read Memory Complete, ID[34]
2013/07/31 20:35:14:536  STATE:  Changing state to ReadSM.IdleState, ID[6]
2013/07/31 20:35:14:536  STATE:  Changing state to ScriptExecStateMachine.WaitForNextCmdState, ID[1]
2013/07/31 20:35:14:536  INFO:   STATE MACHINE EXITED: SMLibrary.ReadSM
2013/07/31 20:35:14:536  INFO:   EXECUTING STATE: IronPython.NewTypes.System.Object#IScriptExecState_5$5 Timeout: 00:00:02
2013/07/31 20:35:14:536  EVENT:  SCRIPT-EXEC:EXEC-STATE - TES.Dvt.ScriptExecStateMachine, ID[11]
2013/07/31 20:35:14:536  STATE:  Changing state to ScriptExecStateMachine.ExecState, ID[4]
2013/07/31 20:35:14:536  ACTION: Return Last Command
2013/07/31 20:35:14:567  EVENT:  Command Completed, ID[36], Command=0x60 (Return Last Command), time since last CMDCompleted: 31 ms,
                                 0x00 : 92801C00 94   
2013/07/31 20:35:14:569  STATE:  Changing state to ScriptExecStateMachine.WaitForNextCmdState, ID[1]
2013/07/31 20:35:14:569  INFO:   STATE EXITED: IronPython.NewTypes.System.Object#IScriptExecState_5$5
2013/07/31 20:35:14:569  INFO:   EXECUTING STATE MACHINE: SMLibrary.ReadSM Timeout: 00:00:01.3120000
2013/07/31 20:35:14:569  EVENT:  SCRIPT-EXEC:EXEC-SM - TES.Dvt.ScriptExecStateMachine, ID[9]
2013/07/31 20:35:14:569  STATE:  Changing state to ScriptExecStateMachine.ExecStateMachineWithCustomExitEventsState, ID[2]
2013/07/31 20:35:14:569  STATE:  Changing state to ReadSM.ReadingState, ID[10]
2013/07/31 20:35:14:569  ACTION: READ_FROM_16_BIT_ADDR_WITH_CRC32, Address=SYS_ERRORS(0xF56C) Length=1
2013/07/31 20:35:14:628  EVENT:  Command Completed, ID[40], Command=0x82 (READ_FROM_16_BIT_ADDR_WITH_CRC32), time since last CMDCompleted: 61 ms, CRC32=0xE69CA3FE, Data=0xB0
2013/07/31 20:35:14:628  EVENT:  Read Memory Complete, ID[41]
2013/07/31 20:35:14:628  STATE:  Changing state to ReadSM.IdleState, ID[6]
2013/07/31 20:35:14:628  STATE:  Changing state to ScriptExecStateMachine.WaitForNextCmdState, ID[1]
2013/07/31 20:35:14:628  INFO:   STATE MACHINE EXITED: SMLibrary.ReadSM
2013/07/31 20:35:14:629  INFO:   EXECUTING STATE: IronPython.NewTypes.System.Object#IScriptExecState_5$5 Timeout: 00:00:02
2013/07/31 20:35:14:629  EVENT:  SCRIPT-EXEC:EXEC-STATE - TES.Dvt.ScriptExecStateMachine, ID[11]
2013/07/31 20:35:14:629  STATE:  Changing state to ScriptExecStateMachine.ExecState, ID[4]
2013/07/31 20:35:14:629  ACTION: Return Last Command
2013/07/31 20:35:14:659  EVENT:  Command Completed, ID[43], Command=0x60 (Return Last Command), time since last CMDCompleted: 31 ms,
                                 0x00 : 92801C00 94   
2013/07/31 20:35:14:661  STATE:  Changing state to ScriptExecStateMachine.WaitForNextCmdState, ID[1]
2013/07/31 20:35:14:661  INFO:   STATE EXITED: IronPython.NewTypes.System.Object#IScriptExecState_5$5
2013/07/31 20:35:14:661  INFO:   EXECUTING STATE MACHINE: SMLibrary.ReadSM Timeout: 00:00:01.3120000
2013/07/31 20:35:14:661  EVENT:  SCRIPT-EXEC:EXEC-SM - TES.Dvt.ScriptExecStateMachine, ID[9]
2013/07/31 20:35:14:661  STATE:  Changing state to ScriptExecStateMachine.ExecStateMachineWithCustomExitEventsState, ID[2]
2013/07/31 20:35:14:661  STATE:  Changing state to ReadSM.ReadingState, ID[11]
2013/07/31 20:35:14:661  ACTION: READ_FROM_16_BIT_ADDR_WITH_CRC32, Address=SYS_ERRORS(0xF56C) Length=1
2013/07/31 20:35:14:710  EVENT:  Command Completed, ID[47], Command=0x82 (READ_FROM_16_BIT_ADDR_WITH_CRC32), time since last CMDCompleted: 51 ms, CRC32=0xE69CA3FE, Data=0xB0
2013/07/31 20:35:14:710  EVENT:  Read Memory Complete, ID[48]
2013/07/31 20:35:14:710  STATE:  Changing state to ReadSM.IdleState, ID[6]
2013/07/31 20:35:14:710  STATE:  Changing state to ScriptExecStateMachine.WaitForNextCmdState, ID[1]
2013/07/31 20:35:14:710  INFO:   STATE MACHINE EXITED: SMLibrary.ReadSM
2013/07/31 20:35:14:711  INFO:   EXECUTING STATE: IronPython.NewTypes.System.Object#IScriptExecState_5$5 Timeout: 00:00:02
2013/07/31 20:35:14:711  EVENT:  SCRIPT-EXEC:EXEC-STATE - TES.Dvt.ScriptExecStateMachine, ID[11]
2013/07/31 20:35:14:711  STATE:  Changing state to ScriptExecStateMachine.ExecState, ID[4]
2013/07/31 20:35:14:711  ACTION: Return Last Command
2013/07/31 20:35:14:756  EVENT:  Command Completed, ID[50], Command=0x60 (Return Last Command), time since last CMDCompleted: 46 ms,
                                 0x00 : 92801C00 94   
2013/07/31 20:35:14:757  STATE:  Changing state to ScriptExecStateMachine.WaitForNextCmdState, ID[1]
2013/07/31 20:35:14:757  INFO:   STATE EXITED: IronPython.NewTypes.System.Object#IScriptExecState_5$5
2013/07/31 20:35:14:760  INFO:   EXECUTING STATE MACHINE: SMLibrary.WriteSM Timeout: 00:00:01.4360000
2013/07/31 20:35:14:760  EVENT:  SCRIPT-EXEC:EXEC-DVT-SM - TES.Dvt.ScriptExecStateMachine, ID[10]
2013/07/31 20:35:14:760  STATE:  Changing state to ScriptExecStateMachine.ExecStateMachineState, ID[3]
2013/07/31 20:35:14:761  STATE:  Changing state to WriteSM.WritingState, ID[12]
2013/07/31 20:35:14:762  ACTION: Write RAM, Address=(0x00F1C0), Length=1, Data=0x07
2013/07/31 20:35:14:819  EVENT:  Command Completed, ID[54], Command=0x81 (Write to 16-bit Address), time since last CMDCompleted: 63 ms
2013/07/31 20:35:14:820  EVENT:  SMLibrary.WriteSM.DoneEvent, ID[51]
2013/07/31 20:35:14:820  STATE:  Changing state to WriteSM.IdleState, ID[6]
2013/07/31 20:35:14:820  STATE:  Changing state to ScriptExecStateMachine.WaitForNextCmdState, ID[1]
2013/07/31 20:35:14:820  INFO:   STATE MACHINE EXITED: SMLibrary.WriteSM
2013/07/31 20:35:14:820  INFO:   EXECUTING STATE: IronPython.NewTypes.System.Object#IScriptExecState_5$5 Timeout: 00:00:02
2013/07/31 20:35:14:820  EVENT:  SCRIPT-EXEC:EXEC-STATE - TES.Dvt.ScriptExecStateMachine, ID[11]
2013/07/31 20:35:14:820  STATE:  Changing state to ScriptExecStateMachine.ExecState, ID[4]
2013/07/31 20:35:14:820  ACTION: Return Last Command
2013/07/31 20:35:14:865  EVENT:  Command Completed, ID[56], Command=0x60 (Return Last Command), time since last CMDCompleted: 46 ms,
                                 0x00 : 91801C00 94   
2013/07/31 20:35:14:866  STATE:  Changing state to ScriptExecStateMachine.WaitForNextCmdState, ID[1]
2013/07/31 20:35:14:866  INFO:   STATE EXITED: IronPython.NewTypes.System.Object#IScriptExecState_5$5
2013/07/31 20:35:14:867  INFO:   EXECUTING STATE MACHINE: SMLibrary.WriteSM Timeout: 00:00:01.4360000
2013/07/31 20:35:14:867  EVENT:  SCRIPT-EXEC:EXEC-DVT-SM - TES.Dvt.ScriptExecStateMachine, ID[10]
2013/07/31 20:35:14:867  STATE:  Changing state to ScriptExecStateMachine.ExecStateMachineState, ID[3]
2013/07/31 20:35:14:867  STATE:  Changing state to WriteSM.WritingState, ID[13]
2013/07/31 20:35:14:867  ACTION: Write RAM, Address=(0x00F1C0), Length=1, Data=0x07
2013/07/31 20:35:14:926  EVENT:  Command Completed, ID[60], Command=0x81 (Write to 16-bit Address), time since last CMDCompleted: 61 ms
2013/07/31 20:35:14:926  EVENT:  SMLibrary.WriteSM.DoneEvent, ID[57]
2013/07/31 20:35:14:926  STATE:  Changing state to WriteSM.IdleState, ID[6]
2013/07/31 20:35:14:926  STATE:  Changing state to ScriptExecStateMachine.WaitForNextCmdState, ID[1]
2013/07/31 20:35:14:926  INFO:   STATE MACHINE EXITED: SMLibrary.WriteSM
2013/07/31 20:35:14:926  INFO:   EXECUTING STATE: IronPython.NewTypes.System.Object#IScriptExecState_5$5 Timeout: 00:00:02
2013/07/31 20:35:14:926  EVENT:  SCRIPT-EXEC:EXEC-STATE - TES.Dvt.ScriptExecStateMachine, ID[11]
2013/07/31 20:35:14:926  STATE:  Changing state to ScriptExecStateMachine.ExecState, ID[4]
2013/07/31 20:35:14:926  ACTION: Return Last Command
2013/07/31 20:35:14:957  EVENT:  Command Completed, ID[62], Command=0x60 (Return Last Command), time since last CMDCompleted: 31 ms,
                                 0x00 : 91801C00 94   
2013/07/31 20:35:14:958  STATE:  Changing state to ScriptExecStateMachine.WaitForNextCmdState, ID[1]
2013/07/31 20:35:14:958  INFO:   STATE EXITED: IronPython.NewTypes.System.Object#IScriptExecState_5$5
2013/07/31 20:35:14:958  INFO:   EXECUTING STATE MACHINE: SMLibrary.WriteSM Timeout: 00:00:01.4360000
2013/07/31 20:35:14:959  EVENT:  SCRIPT-EXEC:EXEC-DVT-SM - TES.Dvt.ScriptExecStateMachine, ID[10]
2013/07/31 20:35:14:959  STATE:  Changing state to ScriptExecStateMachine.ExecStateMachineState, ID[3]
2013/07/31 20:35:14:959  STATE:  Changing state to WriteSM.WritingState, ID[14]
2013/07/31 20:35:14:959  ACTION: Write RAM, Address=(0x00F1C0), Length=1, Data=0x07
2013/07/31 20:35:15:008  EVENT:  Command Completed, ID[66], Command=0x81 (Write to 16-bit Address), time since last CMDCompleted: 51 ms
2013/07/31 20:35:15:008  EVENT:  SMLibrary.WriteSM.DoneEvent, ID[63]
2013/07/31 20:35:15:008  STATE:  Changing state to WriteSM.IdleState, ID[6]
2013/07/31 20:35:15:008  STATE:  Changing state to ScriptExecStateMachine.WaitForNextCmdState, ID[1]
2013/07/31 20:35:15:008  INFO:   STATE MACHINE EXITED: SMLibrary.WriteSM
2013/07/31 20:35:15:008  INFO:   EXECUTING STATE: IronPython.NewTypes.System.Object#IScriptExecState_5$5 Timeout: 00:00:02
2013/07/31 20:35:15:008  EVENT:  SCRIPT-EXEC:EXEC-STATE - TES.Dvt.ScriptExecStateMachine, ID[11]
2013/07/31 20:35:15:008  STATE:  Changing state to ScriptExecStateMachine.ExecState, ID[4]
2013/07/31 20:35:15:008  ACTION: Return Last Command
2013/07/31 20:35:15:052  EVENT:  Command Completed, ID[68], Command=0x60 (Return Last Command), time since last CMDCompleted: 44 ms,
                                 0x00 : 91801C00 94   
2013/07/31 20:35:15:053  STATE:  Changing state to ScriptExecStateMachine.WaitForNextCmdState, ID[1]
2013/07/31 20:35:15:053  INFO:   STATE EXITED: IronPython.NewTypes.System.Object#IScriptExecState_5$5
2013/07/31 20:35:15:053  INFO:   EXECUTING STATE MACHINE: SMLibrary.ReadSM Timeout: 00:00:01.3120000
2013/07/31 20:35:15:053  EVENT:  SCRIPT-EXEC:EXEC-SM - TES.Dvt.ScriptExecStateMachine, ID[9]
2013/07/31 20:35:15:053  STATE:  Changing state to ScriptExecStateMachine.ExecStateMachineWithCustomExitEventsState, ID[2]
2013/07/31 20:35:15:053  STATE:  Changing state to ReadSM.ReadingState, ID[15]
2013/07/31 20:35:15:053  ACTION: READ_FROM_16_BIT_ADDR_WITH_CRC32, Address=SYS_ERRORS(0xF56C) Length=1
2013/07/31 20:35:15:098  EVENT:  Command Completed, ID[72], Command=0x82 (READ_FROM_16_BIT_ADDR_WITH_CRC32), time since last CMDCompleted: 46 ms, CRC32=0xE69CA3FE, Data=0xB0
2013/07/31 20:35:15:098  EVENT:  Read Memory Complete, ID[73]
2013/07/31 20:35:15:098  STATE:  Changing state to ReadSM.IdleState, ID[6]
2013/07/31 20:35:15:098  STATE:  Changing state to ScriptExecStateMachine.WaitForNextCmdState, ID[1]
2013/07/31 20:35:15:098  INFO:   STATE MACHINE EXITED: SMLibrary.ReadSM
2013/07/31 20:35:15:099  INFO:   EXECUTING STATE: IronPython.NewTypes.System.Object#IScriptExecState_5$5 Timeout: 00:00:02
2013/07/31 20:35:15:099  EVENT:  SCRIPT-EXEC:EXEC-STATE - TES.Dvt.ScriptExecStateMachine, ID[11]
2013/07/31 20:35:15:099  STATE:  Changing state to ScriptExecStateMachine.ExecState, ID[4]
2013/07/31 20:35:15:099  ACTION: Return Last Command
2013/07/31 20:35:15:129  EVENT:  Command Completed, ID[75], Command=0x60 (Return Last Command), time since last CMDCompleted: 31 ms,
                                 0x00 : 92801C00 94   
2013/07/31 20:35:15:130  STATE:  Changing state to ScriptExecStateMachine.WaitForNextCmdState, ID[1]
2013/07/31 20:35:15:130  INFO:   STATE EXITED: IronPython.NewTypes.System.Object#IScriptExecState_5$5
2013/07/31 20:35:15:132  INFO:   EXECUTING STATE MACHINE: SMLibrary.ReadSM Timeout: 00:00:01.0780000
2013/07/31 20:35:15:132  EVENT:  SCRIPT-EXEC:EXEC-SM - TES.Dvt.ScriptExecStateMachine, ID[9]
2013/07/31 20:35:15:132  STATE:  Changing state to ScriptExecStateMachine.ExecStateMachineWithCustomExitEventsState, ID[2]
2013/07/31 20:35:15:132  STATE:  Changing state to ReadSM.ReadingState, ID[16]
2013/07/31 20:35:15:132  ACTION: READ_FROM_16_BIT_ADDR_WITH_CRC32, Address=SYS_ERRORS(0xF56C) Length=1
2013/07/31 20:35:15:180  EVENT:  Command Completed, ID[79], Command=0x82 (READ_FROM_16_BIT_ADDR_WITH_CRC32), time since last CMDCompleted: 51 ms, CRC32=0xE69CA3FE, Data=0xB0
2013/07/31 20:35:15:180  EVENT:  Read Memory Complete, ID[80]
2013/07/31 20:35:15:180  STATE:  Changing state to ReadSM.IdleState, ID[6]
2013/07/31 20:35:15:180  STATE:  Changing state to ScriptExecStateMachine.WaitForNextCmdState, ID[1]
2013/07/31 20:35:15:180  INFO:   STATE MACHINE EXITED: SMLibrary.ReadSM
2013/07/31 20:35:15:181  INFO:   EXECUTING STATE MACHINE: SMLibrary.ReadSM Timeout: 00:00:01.0780000
2013/07/31 20:35:15:181  EVENT:  SCRIPT-EXEC:EXEC-SM - TES.Dvt.ScriptExecStateMachine, ID[9]
2013/07/31 20:35:15:181  STATE:  Changing state to ScriptExecStateMachine.ExecStateMachineWithCustomExitEventsState, ID[2]
2013/07/31 20:35:15:181  STATE:  Changing state to ReadSM.ReadingState, ID[17]
2013/07/31 20:35:15:181  ACTION: READ_FROM_16_BIT_ADDR_WITH_CRC32, Address=SYS_ERRORS(0xF56C) Length=1
2013/07/31 20:35:15:241  EVENT:  Command Completed, ID[84], Command=0x82 (READ_FROM_16_BIT_ADDR_WITH_CRC32), time since last CMDCompleted: 61 ms, CRC32=0xE69CA3FE, Data=0xB0
2013/07/31 20:35:15:241  EVENT:  Read Memory Complete, ID[85]
2013/07/31 20:35:15:241  STATE:  Changing state to ReadSM.IdleState, ID[6]
2013/07/31 20:35:15:241  STATE:  Changing state to ScriptExecStateMachine.WaitForNextCmdState, ID[1]
2013/07/31 20:35:15:241  INFO:   STATE MACHINE EXITED: SMLibrary.ReadSM
2013/07/31 20:35:15:242  INFO:   EXECUTING STATE MACHINE: SMLibrary.ReadSM Timeout: 00:00:01.0780000
2013/07/31 20:35:15:242  EVENT:  SCRIPT-EXEC:EXEC-SM - TES.Dvt.ScriptExecStateMachine, ID[9]
2013/07/31 20:35:15:242  STATE:  Changing state to ScriptExecStateMachine.ExecStateMachineWithCustomExitEventsState, ID[2]
2013/07/31 20:35:15:242  STATE:  Changing state to ReadSM.ReadingState, ID[18]
2013/07/31 20:35:15:242  ACTION: READ_FROM_16_BIT_ADDR_WITH_CRC32, Address=SYS_ERRORS(0xF56C) Length=1
2013/07/31 20:35:15:287  EVENT:  Command Completed, ID[89], Command=0x82 (READ_FROM_16_BIT_ADDR_WITH_CRC32), time since last CMDCompleted: 46 ms, CRC32=0xE69CA3FE, Data=0xB0
2013/07/31 20:35:15:287  EVENT:  Read Memory Complete, ID[90]
2013/07/31 20:35:15:287  STATE:  Changing state to ReadSM.IdleState, ID[6]
2013/07/31 20:35:15:287  STATE:  Changing state to ScriptExecStateMachine.WaitForNextCmdState, ID[1]
2013/07/31 20:35:15:287  INFO:   STATE MACHINE EXITED: SMLibrary.ReadSM
2013/07/31 20:35:15:293  EVENT:  SCRIPT-EXEC:EXIT - TES.Dvt.ScriptExecStateMachine, ID[8]
2013/07/31 20:35:15:293  EVENT:  TES.Dvt.ScriptExecStateMachine.DoneEvent, ID[6]
2013/07/31 20:35:15:293  INFO:   Terminating ScriptEngineProcedure
2013/07/31 20:35:15:293  STATE:  Changing state to ScriptExecStateMachine.IdleState, ID[6]
2013/07/31 20:35:15:293  EVENT:  Terminate Dispatch, ID[91]
2013/07/31 20:35:15:305  INFO:   ScriptEngineProcedure Completed
2013/07/31 20:35:15:306  INFO:   Testcase Summary:
2013/07/31 20:35:15:307  RESULT: Test Procedure ScriptEngineProcedure (FAILED)
2013/07/31 20:35:15:307  INFO:   Procedure Runtime = 00:00:19
2013/07/31 20:35:15:313  INFO:   The event dispatch thread ScriptEngineProcedure exited.
