2013/07/16 21:40:44:917  INFO:   Loaded Symbol File C:\ISV System\Config\FirmwareSymbols\build178.sym for firmware Build #178
2013/07/16 21:40:44:931  INFO:   CommunicationSystemLog properties: .\CommunicationSystem.logger.properties
2013/07/16 21:40:44:931  INFO:   CommunicationSystemLog log       : .\logs\systemBerScriptLog 2013.07.16 21.40.44_CommunicationSystem.Log
2013/07/16 21:40:48:690  INFO:   Setting the event sink for ScriptEngineProcedure
2013/07/16 21:40:48:690  INFO:   Program parameters checks are enabled
2013/07/16 21:40:48:694  INFO:   ********************************************************************************
2013/07/16 21:40:48:694  INFO:   Starting ScriptEngineProcedure, Assembly  version 
2013/07/16 21:40:48:699  INFO:   Config: ICD (NCommunicationSystem ver: nCommunicationSystem, Version=1.8.2.1, Culture=neutral, PublicKeyToken=56b5378c99c0bcfd; FTDI Driver ver: 2.08.24.0; PRB FPGA ver: 7)
2013/07/16 21:40:48:699  INFO:   Setting the radio board transmit power to level 0x7.
2013/07/16 21:40:48:703  INFO:   Radio board power level set to 7.
2013/07/16 21:40:48:703  INFO:   ECG Timeout Interval set to 10 seconds.
2013/07/16 21:40:48:704  STATE:  Changing state to ScriptExecStateMachine.WaitForNextCmdState, ID[1]
2013/07/16 21:40:48:704  INFO:   FwDvtSystem Started the event processing thread
2013/07/16 21:40:48:733  ACTION: Read PRB FPGA: Address=0x3000 Data=0x07
2013/07/16 21:40:48:738  RESULT: FPGA 0x3000 Expected: 18 Actual: 7
2013/07/16 21:40:48:740  RESULT: ERROR Expected: 18 Actual: 7
2013/07/16 21:40:48:741  ACTION: Calibrate CC1020
2013/07/16 21:40:48:834  INFO:   CC1020 calibration passed
2013/07/16 21:40:48:842  ACTION: Read C1020: Address 0x04 Data=0x35
2013/07/16 21:40:48:846  ACTION: Read C1020: Address 0x05 Data=0xF0
2013/07/16 21:40:48:850  ACTION: Read C1020: Address 0x06 Data=0x21
2013/07/16 21:40:48:853  ACTION: Read C1020: Address 0x07 Data=0x38
2013/07/16 21:40:48:857  ACTION: Read C1020: Address 0x08 Data=0x35
2013/07/16 21:40:48:860  ACTION: Read C1020: Address 0x09 Data=0xFA
2013/07/16 21:40:48:864  ACTION: Read C1020: Address 0x0A Data=0xCB
2013/07/16 21:40:48:867  ACTION: Read C1020: Address 0x0B Data=0x38
2013/07/16 21:40:48:870  ACTION: Read C1020: Address 0x1D Data=0x00
2013/07/16 21:40:48:873  ACTION: Read C1020: Address 0x45 Data=0x4C
2013/07/16 21:40:48:877  ACTION: Read C1020: Address 0x46 Data=0x66
2013/07/16 21:40:48:880  ACTION: Read C1020: Address 0x47 Data=0x44
2013/07/16 21:40:48:890  ACTION: Read PRB FPGA: Address=0x305E Data=0x00
2013/07/16 21:40:48:893  ACTION: Read PRB FPGA: Address=0x3060 Data=0x00
2013/07/16 21:40:48:896  ACTION: Read PRB FPGA: Address=0x3062 Data=0x00
2013/07/16 21:40:48:903  ACTION: Read PRB FPGA: Address=0x3066 Data=0x00
2013/07/16 21:40:48:906  ACTION: Read PRB FPGA: Address=0x3068 Data=0x00
2013/07/16 21:40:48:909  ACTION: Read PRB FPGA: Address=0x306A Data=0x00
2013/07/16 21:40:48:911  ACTION: Write PRB FPGA: Address=0x1026 Data=0x01
2013/07/16 21:40:48:918  INFO:   EXECUTING STATE: SMLibrary.Dvt.IcdCmd+ScanState Timeout: 00:00:30
2013/07/16 21:40:48:919  EVENT:  SCRIPT-EXEC:EXEC-STATE - TES.Dvt.ScriptExecStateMachine, ID[11]
2013/07/16 21:40:48:920  STATE:  Changing state to ScriptExecStateMachine.ExecState, ID[4]
2013/07/16 21:40:48:921  INFO:   Setting the radio board transmit power to level 0x7.
2013/07/16 21:40:48:924  INFO:   Radio board power level set to 7.
2013/07/16 21:40:48:925  ACTION: Setting radio board configuration for hybrid.
2013/07/16 21:40:48:925  ACTION: Set radio board to DIO inverting mode.
2013/07/16 21:40:48:925  ACTION: Write PRB FPGA: Address=0x3012 Data=0x01
2013/07/16 21:40:48:928  ACTION: PRB Set Link Data Rate: Slow
2013/07/16 21:40:48:931  ACTION: Read PRB FPGA: Address=0x1004 Data=0x00
2013/07/16 21:40:48:931  ACTION: Write PRB FPGA: Address=0x1004 Data=0x00
2013/07/16 21:40:48:934  ACTION: Scanning for devices, primary scan duration = 9 sec, secondary scan duration = 2 sec
2013/07/16 21:41:00:116  INFO:   Primary scan device IDs: 0x801C0094 
2013/07/16 21:41:04:272  INFO:   Secondary scan device IDs: 0x801C0094 
2013/07/16 21:41:04:275  EVENT:  Device ID List, ID[17]
                                 DeviceID[0] : ID 0x801C0094 (Model 0, Serial 148, SW Version 7, Is Implanted)
2013/07/16 21:41:04:275  STATE:  Changing state to ScriptExecStateMachine.WaitForNextCmdState, ID[1]
2013/07/16 21:41:04:275  INFO:   STATE EXITED: SMLibrary.Dvt.IcdCmd+ScanState
2013/07/16 21:41:04:283  INFO:   EXECUTING STATE: SMLibrary.Dvt.IcdCmd+ConnectState Timeout: 00:00:24
2013/07/16 21:41:04:283  EVENT:  SCRIPT-EXEC:EXEC-STATE - TES.Dvt.ScriptExecStateMachine, ID[11]
2013/07/16 21:41:04:283  STATE:  Changing state to ScriptExecStateMachine.ExecState, ID[4]
2013/07/16 21:41:04:283  ACTION: PRB Set Link Data Rate: Slow
2013/07/16 21:41:04:286  ACTION: Read PRB FPGA: Address=0x1004 Data=0x00
2013/07/16 21:41:04:286  ACTION: Write PRB FPGA: Address=0x1004 Data=0x00
2013/07/16 21:41:04:289  ACTION: Connecting to device ID 0x801C0094 (Model 0, Serial 148, SW Version 7, Is Implanted)
2013/07/16 21:41:07:327  INFO:   Registering the ICD session delegates
2013/07/16 21:41:07:327  EVENT:  Connect Succeeded, ID[19]
2013/07/16 21:41:07:327  STATE:  Changing state to ScriptExecStateMachine.WaitForNextCmdState, ID[1]
2013/07/16 21:41:07:327  INFO:   STATE EXITED: SMLibrary.Dvt.IcdCmd+ConnectState
2013/07/16 21:41:12:338  INFO:   EXECUTING STATE: IronPython.NewTypes.System.Object#IScriptExecState_5$5 Timeout: 00:00:02
2013/07/16 21:41:12:338  EVENT:  SCRIPT-EXEC:EXEC-STATE - TES.Dvt.ScriptExecStateMachine, ID[11]
2013/07/16 21:41:12:338  STATE:  Changing state to ScriptExecStateMachine.ExecState, ID[4]
2013/07/16 21:41:12:339  ACTION: Break Link
2013/07/16 21:41:12:523  INFO:   Unregistering the ICD session delegates
2013/07/16 21:41:12:524  EVENT:  Command Completed, ID[21], Command=0xE4 (Break Link)
2013/07/16 21:41:12:685  EVENT:  Disconnected, ID[22], clean
2013/07/16 21:41:12:685  STATE:  Changing state to ScriptExecStateMachine.WaitForNextCmdState, ID[1]
2013/07/16 21:41:12:685  INFO:   STATE EXITED: IronPython.NewTypes.System.Object#IScriptExecState_5$5
2013/07/16 21:41:17:689  EVENT:  SCRIPT-EXEC:EXIT - TES.Dvt.ScriptExecStateMachine, ID[8]
2013/07/16 21:41:17:689  INFO:   Terminating ScriptEngineProcedure
2013/07/16 21:41:17:689  EVENT:  Terminate Dispatch, ID[23]
2013/07/16 21:41:17:689  EVENT:  TES.Dvt.ScriptExecStateMachine.DoneEvent, ID[6]
2013/07/16 21:41:17:689  STATE:  Changing state to ScriptExecStateMachine.IdleState, ID[6]
2013/07/16 21:41:17:698  INFO:   ScriptEngineProcedure Completed
2013/07/16 21:41:17:698  INFO:   Testcase Summary:
2013/07/16 21:41:17:699  RESULT: Test Procedure ScriptEngineProcedure (FAILED)
2013/07/16 21:41:17:699  INFO:   Procedure Runtime = 00:00:29
2013/07/16 21:41:17:706  INFO:   The event dispatch thread ScriptEngineProcedure exited.
