2013/07/25 21:02:29:750  INFO:   Loaded Symbol File C:\ISV System\Config\FirmwareSymbols\build178.sym for firmware Build #178
2013/07/25 21:02:29:765  INFO:   CommunicationSystemLog properties: .\CommunicationSystem.logger.properties
2013/07/25 21:02:29:765  INFO:   CommunicationSystemLog log       : .\logs\systemBerScriptLog 2013.07.25 21.02.29_CommunicationSystem.Log
2013/07/25 21:02:33:522  INFO:   Setting the event sink for ScriptEngineProcedure
2013/07/25 21:02:33:522  INFO:   Program parameters checks are enabled
2013/07/25 21:02:33:526  INFO:   ********************************************************************************
2013/07/25 21:02:33:526  INFO:   Starting ScriptEngineProcedure, Assembly  version 
2013/07/25 21:02:33:531  INFO:   Config: ICD (NCommunicationSystem ver: nCommunicationSystem, Version=1.8.2.1, Culture=neutral, PublicKeyToken=56b5378c99c0bcfd; FTDI Driver ver: 2.08.24.0; PRB FPGA ver: 7)
2013/07/25 21:02:33:531  INFO:   Setting the radio board transmit power to level 0x7.
2013/07/25 21:02:33:535  INFO:   Radio board power level set to 7.
2013/07/25 21:02:33:535  INFO:   ECG Timeout Interval set to 10 seconds.
2013/07/25 21:02:33:536  STATE:  Changing state to ScriptExecStateMachine.WaitForNextCmdState, ID[1]
2013/07/25 21:02:33:536  INFO:   FwDvtSystem Started the event processing thread
2013/07/25 21:02:33:571  ACTION: Read PRB FPGA: Address=0x3000 Data=0x07
2013/07/25 21:02:33:575  RESULT: FPGA 0x3000 Expected: 18 Actual: 7
2013/07/25 21:02:33:577  RESULT: ERROR Expected: 18 Actual: 7
2013/07/25 21:02:33:578  ACTION: Calibrate CC1020
2013/07/25 21:02:33:671  INFO:   CC1020 calibration passed
2013/07/25 21:02:33:679  ACTION: Read C1020: Address 0x04 Data=0x35
2013/07/25 21:02:33:684  ACTION: Read C1020: Address 0x05 Data=0xF0
2013/07/25 21:02:33:688  ACTION: Read C1020: Address 0x06 Data=0x21
2013/07/25 21:02:33:691  ACTION: Read C1020: Address 0x07 Data=0x38
2013/07/25 21:02:33:695  ACTION: Read C1020: Address 0x08 Data=0x35
2013/07/25 21:02:33:698  ACTION: Read C1020: Address 0x09 Data=0xFA
2013/07/25 21:02:33:701  ACTION: Read C1020: Address 0x0A Data=0xCB
2013/07/25 21:02:33:704  ACTION: Read C1020: Address 0x0B Data=0x38
2013/07/25 21:02:33:708  ACTION: Read C1020: Address 0x1D Data=0x00
2013/07/25 21:02:33:711  ACTION: Read C1020: Address 0x45 Data=0x4C
2013/07/25 21:02:33:714  ACTION: Read C1020: Address 0x46 Data=0x66
2013/07/25 21:02:33:717  ACTION: Read C1020: Address 0x47 Data=0x44
2013/07/25 21:02:33:727  ACTION: Read PRB FPGA: Address=0x305E Data=0x00
2013/07/25 21:02:33:730  ACTION: Read PRB FPGA: Address=0x3060 Data=0x00
2013/07/25 21:02:33:733  ACTION: Read PRB FPGA: Address=0x3062 Data=0x00
2013/07/25 21:02:33:740  ACTION: Read PRB FPGA: Address=0x3066 Data=0x00
2013/07/25 21:02:33:743  ACTION: Read PRB FPGA: Address=0x3068 Data=0x00
2013/07/25 21:02:33:746  ACTION: Read PRB FPGA: Address=0x306A Data=0x00
2013/07/25 21:02:33:748  ACTION: Write PRB FPGA: Address=0x1026 Data=0x00
2013/07/25 21:02:33:755  INFO:   EXECUTING STATE: SMLibrary.Dvt.IcdCmd+ScanState Timeout: 00:00:30
2013/07/25 21:02:33:756  EVENT:  SCRIPT-EXEC:EXEC-STATE - TES.Dvt.ScriptExecStateMachine, ID[11]
2013/07/25 21:02:33:757  STATE:  Changing state to ScriptExecStateMachine.ExecState, ID[4]
2013/07/25 21:02:33:757  INFO:   Setting the radio board transmit power to level 0x7.
2013/07/25 21:02:33:760  INFO:   Radio board power level set to 7.
2013/07/25 21:02:33:762  ACTION: Setting radio board configuration for hybrid.
2013/07/25 21:02:33:762  ACTION: Set radio board to DIO inverting mode.
2013/07/25 21:02:33:762  ACTION: Write PRB FPGA: Address=0x3012 Data=0x01
2013/07/25 21:02:33:765  ACTION: PRB Set Link Data Rate: Slow
2013/07/25 21:02:33:768  ACTION: Read PRB FPGA: Address=0x1004 Data=0x00
2013/07/25 21:02:33:768  ACTION: Write PRB FPGA: Address=0x1004 Data=0x00
2013/07/25 21:02:33:771  ACTION: Scanning for devices, primary scan duration = 9 sec, secondary scan duration = 2 sec
2013/07/25 21:02:44:948  INFO:   Primary scan device IDs: No devices found
2013/07/25 21:02:49:104  INFO:   Secondary scan device IDs: 0x801C0094 
2013/07/25 21:02:49:107  EVENT:  Device ID List, ID[17]
                                 DeviceID[0] : ID 0x801C0094 (Model 0, Serial 148, SW Version 7, Is Implanted)
2013/07/25 21:02:49:107  STATE:  Changing state to ScriptExecStateMachine.WaitForNextCmdState, ID[1]
2013/07/25 21:02:49:107  INFO:   STATE EXITED: SMLibrary.Dvt.IcdCmd+ScanState
2013/07/25 21:02:49:121  INFO:   EXECUTING STATE: SMLibrary.Dvt.IcdCmd+ConnectState Timeout: 00:00:24
2013/07/25 21:02:49:121  EVENT:  SCRIPT-EXEC:EXEC-STATE - TES.Dvt.ScriptExecStateMachine, ID[11]
2013/07/25 21:02:49:121  STATE:  Changing state to ScriptExecStateMachine.ExecState, ID[4]
2013/07/25 21:02:49:122  ACTION: PRB Set Link Data Rate: Slow
2013/07/25 21:02:49:125  ACTION: Read PRB FPGA: Address=0x1004 Data=0x00
2013/07/25 21:02:49:125  ACTION: Write PRB FPGA: Address=0x1004 Data=0x00
2013/07/25 21:02:49:128  ACTION: Connecting to device ID 0x801C0094 (Model 0, Serial 148, SW Version 7, Is Implanted)
2013/07/25 21:02:51:747  INFO:   Registering the ICD session delegates
2013/07/25 21:02:51:747  EVENT:  Connect Succeeded, ID[19]
2013/07/25 21:02:51:748  STATE:  Changing state to ScriptExecStateMachine.WaitForNextCmdState, ID[1]
2013/07/25 21:02:51:748  INFO:   STATE EXITED: SMLibrary.Dvt.IcdCmd+ConnectState
2013/07/25 21:02:51:752  INFO:   EXECUTING STATE MACHINE: SMLibrary.ReadSM Timeout: 00:00:01.3120000
2013/07/25 21:02:51:752  EVENT:  SCRIPT-EXEC:EXEC-SM - TES.Dvt.ScriptExecStateMachine, ID[9]
2013/07/25 21:02:51:752  STATE:  Changing state to ScriptExecStateMachine.ExecStateMachineWithCustomExitEventsState, ID[2]
2013/07/25 21:02:51:753  STATE:  Changing state to ReadSM.ReadingState, ID[8]
2013/07/25 21:02:51:753  ACTION: READ_FROM_16_BIT_ADDR_WITH_CRC32, Address=SYS_ERRORS(0xF56C) Length=1
2013/07/25 21:02:51:823  EVENT:  Command Completed, ID[23], Command=0x82 (READ_FROM_16_BIT_ADDR_WITH_CRC32), CRC32=0xE69CA3FE, Data=0xB0
2013/07/25 21:02:51:825  EVENT:  Read Memory Complete, ID[24]
2013/07/25 21:02:51:825  STATE:  Changing state to ReadSM.IdleState, ID[6]
2013/07/25 21:02:51:825  STATE:  Changing state to ScriptExecStateMachine.WaitForNextCmdState, ID[1]
2013/07/25 21:02:51:825  INFO:   STATE MACHINE EXITED: SMLibrary.ReadSM
2013/07/25 21:02:51:830  INFO:   EXECUTING STATE: IronPython.NewTypes.System.Object#IScriptExecState_5$5 Timeout: 00:00:02
2013/07/25 21:02:51:830  EVENT:  SCRIPT-EXEC:EXEC-STATE - TES.Dvt.ScriptExecStateMachine, ID[11]
2013/07/25 21:02:51:830  STATE:  Changing state to ScriptExecStateMachine.ExecState, ID[4]
2013/07/25 21:02:51:831  ACTION: Return Last Command
2013/07/25 21:02:51:858  EVENT:  Marker (Device Summary), ID[26], Timestamp=0xAF[full:not set], Data[0]=0x00, Data[1]=0x40 DynamicShockPolarity=HVA_POSITIVE SystemErrorOccurred 
2013/07/25 21:02:51:871  EVENT:  Command Completed, ID[27], Command=0x60 (Return Last Command), time since last CMDCompleted: 49 ms,
                                 0x00 : 82801C00 94   
2013/07/25 21:02:51:875  STATE:  Changing state to ScriptExecStateMachine.WaitForNextCmdState, ID[1]
2013/07/25 21:02:51:875  INFO:   STATE EXITED: IronPython.NewTypes.System.Object#IScriptExecState_5$5
2013/07/25 21:02:51:875  INFO:   EXECUTING STATE: IronPython.NewTypes.System.Object#IScriptExecState_5$5 Timeout: 00:00:02
2013/07/25 21:02:51:875  EVENT:  SCRIPT-EXEC:EXEC-STATE - TES.Dvt.ScriptExecStateMachine, ID[11]
2013/07/25 21:02:51:875  STATE:  Changing state to ScriptExecStateMachine.ExecState, ID[4]
2013/07/25 21:02:51:876  ACTION: Return Last Command
2013/07/25 21:02:51:919  EVENT:  Command Completed, ID[29], Command=0x60 (Return Last Command), time since last CMDCompleted: 48 ms,
                                 0x00 : 82801C00 94   
2013/07/25 21:02:51:920  STATE:  Changing state to ScriptExecStateMachine.WaitForNextCmdState, ID[1]
2013/07/25 21:02:51:920  INFO:   STATE EXITED: IronPython.NewTypes.System.Object#IScriptExecState_5$5
2013/07/25 21:02:51:920  INFO:   EXECUTING STATE MACHINE: SMLibrary.ReadSM Timeout: 00:00:01.3120000
2013/07/25 21:02:51:920  EVENT:  SCRIPT-EXEC:EXEC-SM - TES.Dvt.ScriptExecStateMachine, ID[9]
2013/07/25 21:02:51:920  STATE:  Changing state to ScriptExecStateMachine.ExecStateMachineWithCustomExitEventsState, ID[2]
2013/07/25 21:02:51:920  STATE:  Changing state to ReadSM.ReadingState, ID[9]
2013/07/25 21:02:51:920  ACTION: READ_FROM_16_BIT_ADDR_WITH_CRC32, Address=SYS_ERRORS(0xF56C) Length=1
2013/07/25 21:02:51:965  EVENT:  Command Completed, ID[33], Command=0x82 (READ_FROM_16_BIT_ADDR_WITH_CRC32), time since last CMDCompleted: 46 ms, CRC32=0xE69CA3FE, Data=0xB0
2013/07/25 21:02:51:965  EVENT:  Read Memory Complete, ID[34]
2013/07/25 21:02:51:965  STATE:  Changing state to ReadSM.IdleState, ID[6]
2013/07/25 21:02:51:965  STATE:  Changing state to ScriptExecStateMachine.WaitForNextCmdState, ID[1]
2013/07/25 21:02:51:965  INFO:   STATE MACHINE EXITED: SMLibrary.ReadSM
2013/07/25 21:02:51:966  INFO:   EXECUTING STATE: IronPython.NewTypes.System.Object#IScriptExecState_5$5 Timeout: 00:00:02
2013/07/25 21:02:51:966  EVENT:  SCRIPT-EXEC:EXEC-STATE - TES.Dvt.ScriptExecStateMachine, ID[11]
2013/07/25 21:02:51:966  STATE:  Changing state to ScriptExecStateMachine.ExecState, ID[4]
2013/07/25 21:02:51:966  ACTION: Return Last Command
2013/07/25 21:02:51:996  EVENT:  Command Completed, ID[36], Command=0x60 (Return Last Command), time since last CMDCompleted: 31 ms,
                                 0x00 : 92801C00 94   
2013/07/25 21:02:51:997  STATE:  Changing state to ScriptExecStateMachine.WaitForNextCmdState, ID[1]
2013/07/25 21:02:51:997  INFO:   STATE EXITED: IronPython.NewTypes.System.Object#IScriptExecState_5$5
2013/07/25 21:02:51:998  INFO:   EXECUTING STATE MACHINE: SMLibrary.ReadSM Timeout: 00:00:01.3120000
2013/07/25 21:02:51:998  EVENT:  SCRIPT-EXEC:EXEC-SM - TES.Dvt.ScriptExecStateMachine, ID[9]
2013/07/25 21:02:51:998  STATE:  Changing state to ScriptExecStateMachine.ExecStateMachineWithCustomExitEventsState, ID[2]
2013/07/25 21:02:51:998  STATE:  Changing state to ReadSM.ReadingState, ID[10]
2013/07/25 21:02:51:998  ACTION: READ_FROM_16_BIT_ADDR_WITH_CRC32, Address=SYS_ERRORS(0xF56C) Length=1
2013/07/25 21:02:52:042  EVENT:  Command Completed, ID[40], Command=0x82 (READ_FROM_16_BIT_ADDR_WITH_CRC32), time since last CMDCompleted: 46 ms, CRC32=0xE69CA3FE, Data=0xB0
2013/07/25 21:02:52:042  EVENT:  Read Memory Complete, ID[41]
2013/07/25 21:02:52:042  STATE:  Changing state to ReadSM.IdleState, ID[6]
2013/07/25 21:02:52:042  STATE:  Changing state to ScriptExecStateMachine.WaitForNextCmdState, ID[1]
2013/07/25 21:02:52:042  INFO:   STATE MACHINE EXITED: SMLibrary.ReadSM
2013/07/25 21:02:52:043  INFO:   EXECUTING STATE: IronPython.NewTypes.System.Object#IScriptExecState_5$5 Timeout: 00:00:02
2013/07/25 21:02:52:043  EVENT:  SCRIPT-EXEC:EXEC-STATE - TES.Dvt.ScriptExecStateMachine, ID[11]
2013/07/25 21:02:52:043  STATE:  Changing state to ScriptExecStateMachine.ExecState, ID[4]
2013/07/25 21:02:52:043  ACTION: Return Last Command
2013/07/25 21:02:52:073  EVENT:  Command Completed, ID[43], Command=0x60 (Return Last Command), time since last CMDCompleted: 31 ms,
                                 0x00 : 92801C00 94   
2013/07/25 21:02:52:074  STATE:  Changing state to ScriptExecStateMachine.WaitForNextCmdState, ID[1]
2013/07/25 21:02:52:074  INFO:   STATE EXITED: IronPython.NewTypes.System.Object#IScriptExecState_5$5
2013/07/25 21:02:52:075  INFO:   EXECUTING STATE MACHINE: SMLibrary.ReadSM Timeout: 00:00:01.3120000
2013/07/25 21:02:52:075  EVENT:  SCRIPT-EXEC:EXEC-SM - TES.Dvt.ScriptExecStateMachine, ID[9]
2013/07/25 21:02:52:075  STATE:  Changing state to ScriptExecStateMachine.ExecStateMachineWithCustomExitEventsState, ID[2]
2013/07/25 21:02:52:075  STATE:  Changing state to ReadSM.ReadingState, ID[11]
2013/07/25 21:02:52:075  ACTION: READ_FROM_16_BIT_ADDR_WITH_CRC32, Address=SYS_ERRORS(0xF56C) Length=1
2013/07/25 21:02:52:124  EVENT:  Command Completed, ID[47], Command=0x82 (READ_FROM_16_BIT_ADDR_WITH_CRC32), time since last CMDCompleted: 51 ms, CRC32=0xE69CA3FE, Data=0xB0
2013/07/25 21:02:52:124  EVENT:  Read Memory Complete, ID[48]
2013/07/25 21:02:52:124  STATE:  Changing state to ReadSM.IdleState, ID[6]
2013/07/25 21:02:52:124  STATE:  Changing state to ScriptExecStateMachine.WaitForNextCmdState, ID[1]
2013/07/25 21:02:52:124  INFO:   STATE MACHINE EXITED: SMLibrary.ReadSM
2013/07/25 21:02:52:124  INFO:   EXECUTING STATE: IronPython.NewTypes.System.Object#IScriptExecState_5$5 Timeout: 00:00:02
2013/07/25 21:02:52:124  EVENT:  SCRIPT-EXEC:EXEC-STATE - TES.Dvt.ScriptExecStateMachine, ID[11]
2013/07/25 21:02:52:125  STATE:  Changing state to ScriptExecStateMachine.ExecState, ID[4]
2013/07/25 21:02:52:125  ACTION: Return Last Command
2013/07/25 21:02:52:170  EVENT:  Command Completed, ID[50], Command=0x60 (Return Last Command), time since last CMDCompleted: 46 ms,
                                 0x00 : 92801C00 94   
2013/07/25 21:02:52:171  STATE:  Changing state to ScriptExecStateMachine.WaitForNextCmdState, ID[1]
2013/07/25 21:02:52:171  INFO:   STATE EXITED: IronPython.NewTypes.System.Object#IScriptExecState_5$5
2013/07/25 21:02:52:174  INFO:   EXECUTING STATE MACHINE: SMLibrary.WriteSM Timeout: 00:00:01.4360000
2013/07/25 21:02:52:174  EVENT:  SCRIPT-EXEC:EXEC-DVT-SM - TES.Dvt.ScriptExecStateMachine, ID[10]
2013/07/25 21:02:52:174  STATE:  Changing state to ScriptExecStateMachine.ExecStateMachineState, ID[3]
2013/07/25 21:02:52:175  STATE:  Changing state to WriteSM.WritingState, ID[12]
2013/07/25 21:02:52:176  ACTION: Write RAM, Address=(0x00F1C0), Length=1, Data=0x07
2013/07/25 21:02:52:233  EVENT:  Command Completed, ID[54], Command=0x81 (Write to 16-bit Address), time since last CMDCompleted: 63 ms
2013/07/25 21:02:52:234  EVENT:  SMLibrary.WriteSM.DoneEvent, ID[51]
2013/07/25 21:02:52:234  STATE:  Changing state to WriteSM.IdleState, ID[6]
2013/07/25 21:02:52:234  STATE:  Changing state to ScriptExecStateMachine.WaitForNextCmdState, ID[1]
2013/07/25 21:02:52:234  INFO:   STATE MACHINE EXITED: SMLibrary.WriteSM
2013/07/25 21:02:52:234  INFO:   EXECUTING STATE: IronPython.NewTypes.System.Object#IScriptExecState_5$5 Timeout: 00:00:02
2013/07/25 21:02:52:234  EVENT:  SCRIPT-EXEC:EXEC-STATE - TES.Dvt.ScriptExecStateMachine, ID[11]
2013/07/25 21:02:52:234  STATE:  Changing state to ScriptExecStateMachine.ExecState, ID[4]
2013/07/25 21:02:52:234  ACTION: Return Last Command
2013/07/25 21:02:52:279  EVENT:  Command Completed, ID[56], Command=0x60 (Return Last Command), time since last CMDCompleted: 46 ms,
                                 0x00 : 91801C00 94   
2013/07/25 21:02:52:280  STATE:  Changing state to ScriptExecStateMachine.WaitForNextCmdState, ID[1]
2013/07/25 21:02:52:280  INFO:   STATE EXITED: IronPython.NewTypes.System.Object#IScriptExecState_5$5
2013/07/25 21:02:52:281  INFO:   EXECUTING STATE MACHINE: SMLibrary.WriteSM Timeout: 00:00:01.4360000
2013/07/25 21:02:52:281  EVENT:  SCRIPT-EXEC:EXEC-DVT-SM - TES.Dvt.ScriptExecStateMachine, ID[10]
2013/07/25 21:02:52:281  STATE:  Changing state to ScriptExecStateMachine.ExecStateMachineState, ID[3]
2013/07/25 21:02:52:281  STATE:  Changing state to WriteSM.WritingState, ID[13]
2013/07/25 21:02:52:281  ACTION: Write RAM, Address=(0x00F1C0), Length=1, Data=0x07
2013/07/25 21:02:52:340  EVENT:  Command Completed, ID[60], Command=0x81 (Write to 16-bit Address), time since last CMDCompleted: 61 ms
2013/07/25 21:02:52:340  EVENT:  SMLibrary.WriteSM.DoneEvent, ID[57]
2013/07/25 21:02:52:340  STATE:  Changing state to WriteSM.IdleState, ID[6]
2013/07/25 21:02:52:340  STATE:  Changing state to ScriptExecStateMachine.WaitForNextCmdState, ID[1]
2013/07/25 21:02:52:340  INFO:   STATE MACHINE EXITED: SMLibrary.WriteSM
2013/07/25 21:02:52:340  INFO:   EXECUTING STATE: IronPython.NewTypes.System.Object#IScriptExecState_5$5 Timeout: 00:00:02
2013/07/25 21:02:52:340  EVENT:  SCRIPT-EXEC:EXEC-STATE - TES.Dvt.ScriptExecStateMachine, ID[11]
2013/07/25 21:02:52:340  STATE:  Changing state to ScriptExecStateMachine.ExecState, ID[4]
2013/07/25 21:02:52:340  ACTION: Return Last Command
2013/07/25 21:02:52:371  EVENT:  Command Completed, ID[62], Command=0x60 (Return Last Command), time since last CMDCompleted: 31 ms,
                                 0x00 : 91801C00 94   
2013/07/25 21:02:52:372  STATE:  Changing state to ScriptExecStateMachine.WaitForNextCmdState, ID[1]
2013/07/25 21:02:52:372  INFO:   STATE EXITED: IronPython.NewTypes.System.Object#IScriptExecState_5$5
2013/07/25 21:02:52:372  INFO:   EXECUTING STATE MACHINE: SMLibrary.WriteSM Timeout: 00:00:01.4360000
2013/07/25 21:02:52:372  EVENT:  SCRIPT-EXEC:EXEC-DVT-SM - TES.Dvt.ScriptExecStateMachine, ID[10]
2013/07/25 21:02:52:372  STATE:  Changing state to ScriptExecStateMachine.ExecStateMachineState, ID[3]
2013/07/25 21:02:52:372  STATE:  Changing state to WriteSM.WritingState, ID[14]
2013/07/25 21:02:52:372  ACTION: Write RAM, Address=(0x00F1C0), Length=1, Data=0x07
2013/07/25 21:02:52:422  EVENT:  Command Completed, ID[66], Command=0x81 (Write to 16-bit Address), time since last CMDCompleted: 51 ms
2013/07/25 21:02:52:422  EVENT:  SMLibrary.WriteSM.DoneEvent, ID[63]
2013/07/25 21:02:52:422  STATE:  Changing state to WriteSM.IdleState, ID[6]
2013/07/25 21:02:52:422  STATE:  Changing state to ScriptExecStateMachine.WaitForNextCmdState, ID[1]
2013/07/25 21:02:52:422  INFO:   STATE MACHINE EXITED: SMLibrary.WriteSM
2013/07/25 21:02:52:422  INFO:   EXECUTING STATE: IronPython.NewTypes.System.Object#IScriptExecState_5$5 Timeout: 00:00:02
2013/07/25 21:02:52:422  EVENT:  SCRIPT-EXEC:EXEC-STATE - TES.Dvt.ScriptExecStateMachine, ID[11]
2013/07/25 21:02:52:422  STATE:  Changing state to ScriptExecStateMachine.ExecState, ID[4]
2013/07/25 21:02:52:422  ACTION: Return Last Command
2013/07/25 21:02:52:465  EVENT:  Command Completed, ID[68], Command=0x60 (Return Last Command), time since last CMDCompleted: 43 ms,
                                 0x00 : 91801C00 94   
2013/07/25 21:02:52:466  STATE:  Changing state to ScriptExecStateMachine.WaitForNextCmdState, ID[1]
2013/07/25 21:02:52:466  INFO:   STATE EXITED: IronPython.NewTypes.System.Object#IScriptExecState_5$5
2013/07/25 21:02:52:466  INFO:   EXECUTING STATE MACHINE: SMLibrary.ReadSM Timeout: 00:00:01.3120000
2013/07/25 21:02:52:466  EVENT:  SCRIPT-EXEC:EXEC-SM - TES.Dvt.ScriptExecStateMachine, ID[9]
2013/07/25 21:02:52:466  STATE:  Changing state to ScriptExecStateMachine.ExecStateMachineWithCustomExitEventsState, ID[2]
2013/07/25 21:02:52:466  STATE:  Changing state to ReadSM.ReadingState, ID[15]
2013/07/25 21:02:52:466  ACTION: READ_FROM_16_BIT_ADDR_WITH_CRC32, Address=SYS_ERRORS(0xF56C) Length=1
2013/07/25 21:02:52:516  EVENT:  Command Completed, ID[72], Command=0x82 (READ_FROM_16_BIT_ADDR_WITH_CRC32), time since last CMDCompleted: 51 ms, CRC32=0xE69CA3FE, Data=0xB0
2013/07/25 21:02:52:516  EVENT:  Read Memory Complete, ID[73]
2013/07/25 21:02:52:516  STATE:  Changing state to ReadSM.IdleState, ID[6]
2013/07/25 21:02:52:516  STATE:  Changing state to ScriptExecStateMachine.WaitForNextCmdState, ID[1]
2013/07/25 21:02:52:516  INFO:   STATE MACHINE EXITED: SMLibrary.ReadSM
2013/07/25 21:02:52:517  INFO:   EXECUTING STATE: IronPython.NewTypes.System.Object#IScriptExecState_5$5 Timeout: 00:00:02
2013/07/25 21:02:52:517  EVENT:  SCRIPT-EXEC:EXEC-STATE - TES.Dvt.ScriptExecStateMachine, ID[11]
2013/07/25 21:02:52:517  STATE:  Changing state to ScriptExecStateMachine.ExecState, ID[4]
2013/07/25 21:02:52:517  ACTION: Return Last Command
2013/07/25 21:02:52:562  EVENT:  Command Completed, ID[75], Command=0x60 (Return Last Command), time since last CMDCompleted: 46 ms,
                                 0x00 : 92801C00 94   
2013/07/25 21:02:52:563  STATE:  Changing state to ScriptExecStateMachine.WaitForNextCmdState, ID[1]
2013/07/25 21:02:52:563  INFO:   STATE EXITED: IronPython.NewTypes.System.Object#IScriptExecState_5$5
2013/07/25 21:02:52:567  ACTION: Read PRB EEPROM: Address=0x80 Data=0x00
2013/07/25 21:02:52:567  ACTION: Read PRB EEPROM: Address=0x81 Data=0x00
2013/07/25 21:02:52:568  ACTION: Read PRB EEPROM: Address=0x82 Data=0x00
2013/07/25 21:02:52:569  ACTION: Read PRB EEPROM: Address=0x83 Data=0x00
2013/07/25 21:02:52:570  ACTION: Read PRB EEPROM: Address=0x84 Data=0x00
2013/07/25 21:02:52:571  ACTION: Read PRB EEPROM: Address=0x85 Data=0x00
2013/07/25 21:02:52:572  ACTION: Read PRB EEPROM: Address=0x86 Data=0x00
2013/07/25 21:02:52:573  ACTION: Read PRB EEPROM: Address=0x87 Data=0x00
2013/07/25 21:02:52:574  ACTION: Read PRB EEPROM: Address=0x88 Data=0x00
2013/07/25 21:02:52:575  ACTION: Read PRB EEPROM: Address=0x89 Data=0x00
2013/07/25 21:02:52:576  ACTION: Read PRB EEPROM: Address=0x8A Data=0x00
2013/07/25 21:02:52:577  ACTION: Read PRB EEPROM: Address=0x8B Data=0x00
2013/07/25 21:02:52:578  ACTION: Read PRB EEPROM: Address=0x8C Data=0x00
2013/07/25 21:02:52:579  ACTION: Read PRB EEPROM: Address=0xA8 Data=0x00
2013/07/25 21:02:52:580  ACTION: Read PRB EEPROM: Address=0xA9 Data=0x00
2013/07/25 21:02:52:581  INFO:   EXECUTING STATE: IronPython.NewTypes.System.Object#IScriptExecState_5$5 Timeout: 00:00:02
2013/07/25 21:02:52:581  EVENT:  SCRIPT-EXEC:EXEC-STATE - TES.Dvt.ScriptExecStateMachine, ID[11]
2013/07/25 21:02:52:581  STATE:  Changing state to ScriptExecStateMachine.ExecState, ID[4]
2013/07/25 21:02:52:582  ACTION: Break Link
2013/07/25 21:02:52:841  INFO:   Enabling the timestamp/interval calculations
2013/07/25 21:02:52:843  EVENT:  Marker (Device Summary), ID[77], Timestamp=0x2E[full:46], Data[0]=0x00, Data[1]=0x40 DynamicShockPolarity=HVA_POSITIVE SystemErrorOccurred 
2013/07/25 21:02:53:272  INFO:   Unregistering the ICD session delegates
2013/07/25 21:02:53:272  EVENT:  Command Completed, ID[78], Command=0xE4 (Break Link)
2013/07/25 21:02:53:432  EVENT:  Disconnected, ID[79], clean
2013/07/25 21:02:53:432  STATE:  Changing state to ScriptExecStateMachine.WaitForNextCmdState, ID[1]
2013/07/25 21:02:53:432  INFO:   STATE EXITED: IronPython.NewTypes.System.Object#IScriptExecState_5$5
2013/07/25 21:02:58:437  EVENT:  SCRIPT-EXEC:EXIT - TES.Dvt.ScriptExecStateMachine, ID[8]
2013/07/25 21:02:58:437  EVENT:  TES.Dvt.ScriptExecStateMachine.DoneEvent, ID[6]
2013/07/25 21:02:58:437  STATE:  Changing state to ScriptExecStateMachine.IdleState, ID[6]
2013/07/25 21:02:58:437  INFO:   Terminating ScriptEngineProcedure
2013/07/25 21:02:58:438  EVENT:  Terminate Dispatch, ID[80]
2013/07/25 21:02:58:449  INFO:   ScriptEngineProcedure Completed
2013/07/25 21:02:58:450  INFO:   Testcase Summary:
2013/07/25 21:02:58:450  RESULT: Test Procedure ScriptEngineProcedure (FAILED)
2013/07/25 21:02:58:450  INFO:   Procedure Runtime = 00:00:24
2013/07/25 21:02:58:457  INFO:   The event dispatch thread ScriptEngineProcedure exited.
