<<<<< Log Header: 07/16/2013 21:01:06 >>>>>
2013/07/16 21:01:06:543 [005424] INFO [NCommunicationSystem.cpp, 108] - nCommunicationSystem, Version=1.8.2.1, Culture=neutral, PublicKeyToken=56b5378c99c0bcfd
2013/07/16 21:01:06:558 [005424] INFO [ExceptionCatchingThread.cpp, 257] - Created the timer thread with id 4264 (0x10a8).
2013/07/16 21:01:06:560 [004264] INFO [ExceptionCatchingThread.cpp, 168] - Executing the timer thread procedure...
2013/07/16 21:01:06:564 [005424] INFO [ExceptionCatchingThread.cpp, 257] - Created the dispatch thread with id 6984 (0x1b48).
2013/07/16 21:01:06:564 [006984] INFO [ExceptionCatchingThread.cpp, 168] - Executing the dispatch thread procedure...
2013/07/16 21:01:09:566 [005424] DEBUG [Prb.cpp, 252] - PRB logging started.
2013/07/16 21:01:09:573 [005424] DEBUG [Prb.cpp, 130] - Number of FTDI devices: 1
2013/07/16 21:01:09:573 [005424] DEBUG [Prb.cpp, 158] - FTDI Device[0]: ID=67330069
2013/07/16 21:01:09:575 [005424] DEBUG [Prb.cpp, 169] - FTDI handle=171916592
2013/07/16 21:01:09:576 [005424] INFO [Prb.cpp, 179] - FTDI Driver Version 2.08.24.0
2013/07/16 21:01:09:834 [005424] INFO [Prb.cpp, 205] - FTDI Configuration: MaxCurrent=200, CBus5=21, CBus6=0x4
2013/07/16 21:01:10:085 [005424] INFO [Prb.cpp, 246] - PRB driver initialized.
2013/07/16 21:01:10:085 [005424] TRACE [Prb.cpp, 448] - Writing FPGA, Address=0x1008, Data=0x08
2013/07/16 21:01:10:086 [005424] TRACE [Prb.cpp, 1035] - WriteFPGAPacket(0x1008, 0x08):01 00 0D 00 81 00 03 10 08 08 25 D5 0D 
2013/07/16 21:01:10:086 [007140] TRACE [Prb.cpp, 835] - RxStream contents:01 00 0B DF 06 00 00 00 17 22 0D 
2013/07/16 21:01:10:087 [007140] TRACE [Prb.cpp, 943] - RadioBoardPacket(ACK):01 00 0B DF 06 00 00 00 17 22 0D 
2013/07/16 21:01:10:088 [005424] DEBUG [Prb.cpp, 466] - Write FPGA completed, Address=0x1008, Data=0x08
2013/07/16 21:01:10:104 [005424] TRACE [Prb.cpp, 493] - Reading FPGA, Address=0x300A
2013/07/16 21:01:10:104 [005424] TRACE [Prb.cpp, 1035] - ReadFPGAPacket(0x300A):01 00 0C 01 82 00 02 30 0A E8 24 0D 
2013/07/16 21:01:10:104 [007140] TRACE [Prb.cpp, 835] - RxStream contents:01 00 0C E0 06 01 00 01 00 9F 3D 0D 
2013/07/16 21:01:10:106 [007140] TRACE [Prb.cpp, 943] - RadioBoardPacket(ACK):01 00 0C E0 06 01 00 01 00 9F 3D 0D 
2013/07/16 21:01:10:106 [005424] DEBUG [Prb.cpp, 512] - Read FPGA completed, Address=0x300A, Data=0x00
2013/07/16 21:01:10:107 [005424] TRACE [Prb.cpp, 448] - Writing FPGA, Address=0x300A, Data=0x03
2013/07/16 21:01:10:107 [005424] TRACE [Prb.cpp, 1035] - WriteFPGAPacket(0x300A, 0x03):01 00 0D 02 81 00 03 30 0A 03 29 4F 0D 
2013/07/16 21:01:10:107 [007140] TRACE [Prb.cpp, 835] - RxStream contents:01 00 0B E1 06 02 00 00 1D 5A 0D 
2013/07/16 21:01:10:108 [007140] TRACE [Prb.cpp, 943] - RadioBoardPacket(ACK):01 00 0B E1 06 02 00 00 1D 5A 0D 
2013/07/16 21:01:10:109 [005424] DEBUG [Prb.cpp, 466] - Write FPGA completed, Address=0x300A, Data=0x03
2013/07/16 21:01:10:122 [005424] INFO [CrossTalkDetector.cpp, 14] - EnterCrossTalkThreshold = 8
2013/07/16 21:01:10:123 [005424] INFO [CrossTalkDetector.cpp, 21] - LeaveCrossTalkThreshold = 4
2013/07/16 21:01:10:124 [005424] INFO [CrossTalkDetector.cpp, 28] - LinkThreshold = 8
2013/07/16 21:01:10:125 [005424] INFO [ExceptionCatchingThread.cpp, 257] - Created the interrupt thread with id 7956 (0x1f14).
2013/07/16 21:01:10:125 [007956] INFO [ExceptionCatchingThread.cpp, 168] - Executing the interrupt thread procedure...
2013/07/16 21:01:10:125 [005424] DEBUG [Prb.cpp, 252] - PRB logging started.
2013/07/16 21:01:10:127 [005424] INFO [CommunicationSystem.cpp, 640] - Calibrating the PRB CC1020.
2013/07/16 21:01:10:129 [005424] TRACE [Prb.cpp, 448] - Writing FPGA, Address=0x1008, Data=0x01
2013/07/16 21:01:10:130 [005424] TRACE [Prb.cpp, 1035] - WriteFPGAPacket(0x1008, 0x01):01 00 0D 03 81 00 03 10 08 01 26 D3 0D 
2013/07/16 21:01:10:130 [007140] TRACE [Prb.cpp, 835] - RxStream contents:01 00 0B E2 06 03 00 00 9D C5 0D 
2013/07/16 21:01:10:131 [007140] TRACE [Prb.cpp, 943] - RadioBoardPacket(ACK):01 00 0B E2 06 03 00 00 9D C5 0D 
2013/07/16 21:01:10:131 [005424] DEBUG [Prb.cpp, 466] - Write FPGA completed, Address=0x1008, Data=0x01
2013/07/16 21:01:10:213 [007140] TRACE [Prb.cpp, 835] - RxStream contents:01 00 0D E3 00 00 00 02 09 00 0B 36 0D 
2013/07/16 21:01:10:215 [007956] DEBUG [CommunicationSystem.cpp, 1120] - Calibration complete.
2013/07/16 21:01:10:215 [005424] TRACE [Prb.cpp, 493] - Reading FPGA, Address=0x2012
2013/07/16 21:01:10:216 [005424] TRACE [Prb.cpp, 1035] - ReadFPGAPacket(0x2012):01 00 0C 04 82 00 02 20 12 10 72 0D 
2013/07/16 21:01:10:216 [007140] TRACE [Prb.cpp, 835] - RxStream contents:01 00 0C E4 06 04 00 01 00 3B 3B 0D 
2013/07/16 21:01:10:217 [007140] TRACE [Prb.cpp, 943] - RadioBoardPacket(ACK):01 00 0C E4 06 04 00 01 00 3B 3B 0D 
2013/07/16 21:01:10:218 [005424] DEBUG [Prb.cpp, 512] - Read FPGA completed, Address=0x2012, Data=0x00
2013/07/16 21:01:10:218 [005424] INFO [CommunicationSystem.cpp, 653] - CC1020 Calibration succeeded.
2013/07/16 21:01:10:219 [005424] TRACE [Prb.cpp, 448] - Writing FPGA, Address=0x1006, Data=0x08
2013/07/16 21:01:10:219 [005424] TRACE [Prb.cpp, 1035] - WriteFPGAPacket(0x1006, 0x08):01 00 0D 05 81 00 03 10 06 08 84 86 0D 
2013/07/16 21:01:10:219 [007140] TRACE [Prb.cpp, 835] - RxStream contents:01 00 0B E5 06 05 00 00 1C D6 0D 
2013/07/16 21:01:10:220 [007140] TRACE [Prb.cpp, 943] - RadioBoardPacket(ACK):01 00 0B E5 06 05 00 00 1C D6 0D 
2013/07/16 21:01:10:221 [005424] DEBUG [Prb.cpp, 466] - Write FPGA completed, Address=0x1006, Data=0x08
2013/07/16 21:01:10:221 [005424] TRACE [Prb.cpp, 493] - Reading FPGA, Address=0x3000
2013/07/16 21:01:10:222 [005424] TRACE [Prb.cpp, 1035] - ReadFPGAPacket(0x3000):01 00 0C 06 82 00 02 30 00 80 1E 0D 
2013/07/16 21:01:10:222 [007140] TRACE [Prb.cpp, 835] - RxStream contents:01 00 0C E6 06 06 00 01 07 63 2A 0D 
2013/07/16 21:01:10:223 [007140] TRACE [Prb.cpp, 943] - RadioBoardPacket(ACK):01 00 0C E6 06 06 00 01 07 63 2A 0D 
2013/07/16 21:01:10:224 [005424] DEBUG [Prb.cpp, 512] - Read FPGA completed, Address=0x3000, Data=0x07
2013/07/16 21:01:10:224 [005424] INFO [CommunicationSystem.cpp, 613] - FPGA Revision 7.
2013/07/16 21:01:10:225 [005424] TRACE [Prb.cpp, 584] - Reading CC1020, Address=0x0004
2013/07/16 21:01:10:226 [005424] TRACE [Prb.cpp, 1035] - ReadCC1020Packet(0x04):01 00 0C 07 84 00 02 00 04 59 16 0D 
2013/07/16 21:01:10:226 [007140] TRACE [Prb.cpp, 835] - RxStream contents:01 00 0C E7 06 07 00 01 35 8F 85 0D 
2013/07/16 21:01:10:227 [007140] TRACE [Prb.cpp, 943] - RadioBoardPacket(ACK):01 00 0C E7 06 07 00 01 35 8F 85 0D 
2013/07/16 21:01:10:227 [005424] DEBUG [Prb.cpp, 603] - Read CC1020 completed, Address=0x0004, Data=0x35
2013/07/16 21:01:10:228 [005424] INFO [CommunicationSystem.cpp, 614] - CC1020 Frequency 2A 0x35.
2013/07/16 21:01:10:228 [005424] TRACE [Prb.cpp, 584] - Reading CC1020, Address=0x0005
2013/07/16 21:01:10:229 [005424] TRACE [Prb.cpp, 1035] - ReadCC1020Packet(0x05):01 00 0C 08 84 00 02 00 05 F1 1C 0D 
2013/07/16 21:01:10:229 [007140] TRACE [Prb.cpp, 835] - RxStream contents:01 00 0C E8 06 08 00 01 F0 69 14 0D 
2013/07/16 21:01:10:230 [007140] TRACE [Prb.cpp, 943] - RadioBoardPacket(ACK):01 00 0C E8 06 08 00 01 F0 69 14 0D 
2013/07/16 21:01:10:230 [005424] DEBUG [Prb.cpp, 603] - Read CC1020 completed, Address=0x0005, Data=0xF0
2013/07/16 21:01:10:231 [005424] INFO [CommunicationSystem.cpp, 615] - CC1020 Frequency 1A 0xf0.
2013/07/16 21:01:10:231 [005424] TRACE [Prb.cpp, 584] - Reading CC1020, Address=0x0006
2013/07/16 21:01:10:232 [005424] TRACE [Prb.cpp, 1035] - ReadCC1020Packet(0x06):01 00 0C 09 84 00 02 00 06 09 15 0D 
2013/07/16 21:01:10:232 [007140] TRACE [Prb.cpp, 835] - RxStream contents:01 00 0C E9 06 09 00 01 21 07 F2 0D 
2013/07/16 21:01:10:233 [007140] TRACE [Prb.cpp, 943] - RadioBoardPacket(ACK):01 00 0C E9 06 09 00 01 21 07 F2 0D 
2013/07/16 21:01:10:233 [005424] DEBUG [Prb.cpp, 603] - Read CC1020 completed, Address=0x0006, Data=0x21
2013/07/16 21:01:10:234 [005424] INFO [CommunicationSystem.cpp, 616] - CC1020 Frequency 0A 0x21.
2013/07/16 21:01:10:234 [005424] TRACE [Prb.cpp, 584] - Reading CC1020, Address=0x0008
2013/07/16 21:01:10:235 [005424] TRACE [Prb.cpp, 1035] - ReadCC1020Packet(0x08):01 00 0C 0A 84 00 02 00 08 01 32 0D 
2013/07/16 21:01:10:235 [007140] TRACE [Prb.cpp, 835] - RxStream contents:01 00 0C EA 06 0A 00 01 35 B3 8A 0D 
2013/07/16 21:01:10:236 [007140] TRACE [Prb.cpp, 943] - RadioBoardPacket(ACK):01 00 0C EA 06 0A 00 01 35 B3 8A 0D 
2013/07/16 21:01:10:236 [005424] DEBUG [Prb.cpp, 603] - Read CC1020 completed, Address=0x0008, Data=0x35
2013/07/16 21:01:10:237 [005424] INFO [CommunicationSystem.cpp, 617] - CC1020 Frequency 2B 0x35.
2013/07/16 21:01:10:237 [005424] TRACE [Prb.cpp, 584] - Reading CC1020, Address=0x0009
2013/07/16 21:01:10:238 [005424] TRACE [Prb.cpp, 1035] - ReadCC1020Packet(0x09):01 00 0C 0B 84 00 02 00 09 79 34 0D 
2013/07/16 21:01:10:238 [007140] TRACE [Prb.cpp, 835] - RxStream contents:01 00 0C EB 06 0B 00 01 FA DD 28 0D 
2013/07/16 21:01:10:239 [007140] TRACE [Prb.cpp, 943] - RadioBoardPacket(ACK):01 00 0C EB 06 0B 00 01 FA DD 28 0D 
2013/07/16 21:01:10:239 [005424] DEBUG [Prb.cpp, 603] - Read CC1020 completed, Address=0x0009, Data=0xFA
2013/07/16 21:01:10:240 [005424] INFO [CommunicationSystem.cpp, 618] - CC1020 Frequency 1B 0xfa.
2013/07/16 21:01:10:240 [005424] TRACE [Prb.cpp, 584] - Reading CC1020, Address=0x000A
2013/07/16 21:01:10:241 [005424] TRACE [Prb.cpp, 1035] - ReadCC1020Packet(0x0A):01 00 0C 0C 84 00 02 00 0A 11 38 0D 
2013/07/16 21:01:10:241 [007140] TRACE [Prb.cpp, 835] - RxStream contents:01 00 0C EC 06 0C 00 01 CB D9 88 0D 
2013/07/16 21:01:10:242 [007140] TRACE [Prb.cpp, 943] - RadioBoardPacket(ACK):01 00 0C EC 06 0C 00 01 CB D9 88 0D 
2013/07/16 21:01:10:242 [005424] DEBUG [Prb.cpp, 603] - Read CC1020 completed, Address=0x000A, Data=0xCB
2013/07/16 21:01:10:243 [005424] INFO [CommunicationSystem.cpp, 619] - CC1020 Frequency 0B 0xcb.
2013/07/16 21:01:10:244 [005424] DEBUG [Prb.cpp, 650] - Read EEPROM completed, Address=0x060A, Data=0x00
2013/07/16 21:01:10:244 [005424] INFO [CommunicationSystem.cpp, 620] - RSSI Calibration Reference Center Channel 0.
2013/07/16 21:01:10:245 [005424] TRACE [Prb.cpp, 493] - Reading FPGA, Address=0x3054
2013/07/16 21:01:10:245 [005424] TRACE [Prb.cpp, 1035] - ReadFPGAPacket(0x3054):01 00 0C 0D 82 00 02 30 54 C9 EC 0D 
2013/07/16 21:01:10:245 [007140] TRACE [Prb.cpp, 835] - RxStream contents:01 00 0C ED 06 0D 00 01 07 B7 20 0D 
2013/07/16 21:01:10:246 [007140] TRACE [Prb.cpp, 943] - RadioBoardPacket(ACK):01 00 0C ED 06 0D 00 01 07 B7 20 0D 
2013/07/16 21:01:10:247 [005424] DEBUG [Prb.cpp, 512] - Read FPGA completed, Address=0x3054, Data=0x07
2013/07/16 21:01:10:247 [005424] INFO [CommunicationSystem.cpp, 621] - CC1020 PA_POWER 0x7.
2013/07/16 21:01:10:248 [005424] TRACE [Prb.cpp, 584] - Reading CC1020, Address=0x001C
2013/07/16 21:01:10:248 [005424] TRACE [Prb.cpp, 1035] - ReadCC1020Packet(0x1C):01 00 0C 0E 84 00 02 00 1C E1 4C 0D 
2013/07/16 21:01:10:248 [007140] TRACE [Prb.cpp, 835] - RxStream contents:01 00 0C EE 06 0E 00 01 07 03 20 0D 
2013/07/16 21:01:10:249 [007140] TRACE [Prb.cpp, 943] - RadioBoardPacket(ACK):01 00 0C EE 06 0E 00 01 07 03 20 0D 
2013/07/16 21:01:10:250 [005424] DEBUG [Prb.cpp, 603] - Read CC1020 completed, Address=0x001C, Data=0x07
2013/07/16 21:01:10:250 [005424] INFO [CommunicationSystem.cpp, 622] - CC1020 Transmit Power 0x7.
2013/07/16 21:01:10:251 [005424] TRACE [Prb.cpp, 493] - Reading FPGA, Address=0x3014
2013/07/16 21:01:10:251 [005424] TRACE [Prb.cpp, 1035] - ReadFPGAPacket(0x3014):01 00 0C 0F 82 00 02 30 14 38 6C 0D 
2013/07/16 21:01:10:251 [007140] TRACE [Prb.cpp, 835] - RxStream contents:01 00 0C EF 06 0F 00 01 00 EF 31 0D 
2013/07/16 21:01:10:252 [007140] TRACE [Prb.cpp, 943] - RadioBoardPacket(ACK):01 00 0C EF 06 0F 00 01 00 EF 31 0D 
2013/07/16 21:01:10:253 [005424] DEBUG [Prb.cpp, 512] - Read FPGA completed, Address=0x3014, Data=0x00
2013/07/16 21:01:10:253 [005424] INFO [CommunicationSystem.cpp, 623] - Low Noise Amplifier Circumvented 0.
2013/07/16 21:01:10:254 [005424] TRACE [Prb.cpp, 584] - Reading CC1020, Address=0x0001
2013/07/16 21:01:10:254 [005424] TRACE [Prb.cpp, 1035] - ReadCC1020Packet(0x01):01 00 0C 10 84 00 02 00 01 B1 1C 0D 
2013/07/16 21:01:10:254 [007140] TRACE [Prb.cpp, 835] - RxStream contents:01 00 0C F0 06 10 00 01 0F CB 08 0D 
2013/07/16 21:01:10:255 [007140] TRACE [Prb.cpp, 943] - RadioBoardPacket(ACK):01 00 0C F0 06 10 00 01 0F CB 08 0D 
2013/07/16 21:01:10:256 [005424] DEBUG [Prb.cpp, 603] - Read CC1020 completed, Address=0x0001, Data=0x0F
2013/07/16 21:01:10:256 [005424] INFO [CommunicationSystem.cpp, 624] - Low Noise Amplifier 0xf.
2013/07/16 21:01:10:257 [005424] TRACE [Prb.cpp, 493] - Reading FPGA, Address=0x1006
2013/07/16 21:01:10:257 [005424] TRACE [Prb.cpp, 1035] - ReadFPGAPacket(0x1006):01 00 0C 11 82 00 02 10 06 28 1D 0D 
2013/07/16 21:01:10:257 [007140] TRACE [Prb.cpp, 835] - RxStream contents:01 00 0C F1 06 11 00 01 08 27 19 0D 
2013/07/16 21:01:10:258 [007140] TRACE [Prb.cpp, 943] - RadioBoardPacket(ACK):01 00 0C F1 06 11 00 01 08 27 19 0D 
2013/07/16 21:01:10:259 [005424] DEBUG [Prb.cpp, 512] - Read FPGA completed, Address=0x1006, Data=0x08
2013/07/16 21:01:10:259 [005424] INFO [CommunicationSystem.cpp, 625] - Allowed Framing Errors 8.
2013/07/16 21:01:10:262 [005424] INFO [CrossTalkDetector.cpp, 28] - LinkThreshold = 8
2013/07/16 21:01:10:262 [005424] INFO [CrossTalkDetector.cpp, 14] - EnterCrossTalkThreshold = 8
2013/07/16 21:01:10:263 [005424] INFO [CrossTalkDetector.cpp, 21] - LeaveCrossTalkThreshold = 4
2013/07/16 21:01:10:272 [007180] TRACE [Prb.cpp, 493] - Reading FPGA, Address=0x3000
2013/07/16 21:01:10:273 [007180] TRACE [Prb.cpp, 1035] - ReadFPGAPacket(0x3000):01 00 0C 12 82 00 02 30 00 E0 0A 0D 
2013/07/16 21:01:10:273 [007140] TRACE [Prb.cpp, 835] - RxStream contents:01 00 0C F2 06 12 00 01 07 93 3B 0D 
2013/07/16 21:01:10:274 [007140] TRACE [Prb.cpp, 943] - RadioBoardPacket(ACK):01 00 0C F2 06 12 00 01 07 93 3B 0D 
2013/07/16 21:01:10:275 [007180] DEBUG [Prb.cpp, 512] - Read FPGA completed, Address=0x3000, Data=0x07
2013/07/16 21:01:10:276 [007180] TRACE [Prb.cpp, 539] - Writing CC1020, Address=0x001C, Data=0x07
2013/07/16 21:01:10:276 [007180] TRACE [Prb.cpp, 1035] - WriteCC1020Packet(0x1C, 0x07):01 00 0D 13 83 00 03 00 1C 07 3E 84 0D 
2013/07/16 21:01:10:277 [007140] TRACE [Prb.cpp, 835] - RxStream contents:01 00 0B F3 06 13 00 00 1B 7E 0D 
2013/07/16 21:01:10:278 [007140] TRACE [Prb.cpp, 943] - RadioBoardPacket(ACK):01 00 0B F3 06 13 00 00 1B 7E 0D 
2013/07/16 21:01:10:278 [007180] DEBUG [Prb.cpp, 557] - Write CC1020 completed, Address=0x001C, Data=0x07
2013/07/16 21:01:10:306 [005424] TRACE [Prb.cpp, 493] - Reading FPGA, Address=0x3000
2013/07/16 21:01:10:307 [005424] TRACE [Prb.cpp, 1035] - ReadFPGAPacket(0x3000):01 00 0C 14 82 00 02 30 00 70 0F 0D 
2013/07/16 21:01:10:307 [007140] TRACE [Prb.cpp, 835] - RxStream contents:01 00 0C F4 06 14 00 01 07 7B 3E 0D 
2013/07/16 21:01:10:309 [007140] TRACE [Prb.cpp, 943] - RadioBoardPacket(ACK):01 00 0C F4 06 14 00 01 07 7B 3E 0D 
2013/07/16 21:01:10:309 [005424] DEBUG [Prb.cpp, 512] - Read FPGA completed, Address=0x3000, Data=0x07
2013/07/16 21:01:10:317 [005424] INFO [CommunicationSystem.cpp, 640] - Calibrating the PRB CC1020.
2013/07/16 21:01:10:317 [005424] TRACE [Prb.cpp, 448] - Writing FPGA, Address=0x1008, Data=0x01
2013/07/16 21:01:10:318 [005424] TRACE [Prb.cpp, 1035] - WriteFPGAPacket(0x1008, 0x01):01 00 0D 15 81 00 03 10 08 01 B1 B0 0D 
2013/07/16 21:01:10:318 [007140] TRACE [Prb.cpp, 835] - RxStream contents:01 00 0B F5 06 15 00 00 1A 16 0D 
2013/07/16 21:01:10:319 [007140] TRACE [Prb.cpp, 943] - RadioBoardPacket(ACK):01 00 0B F5 06 15 00 00 1A 16 0D 
2013/07/16 21:01:10:320 [005424] DEBUG [Prb.cpp, 466] - Write FPGA completed, Address=0x1008, Data=0x01
2013/07/16 21:01:10:408 [007140] TRACE [Prb.cpp, 835] - RxStream contents:01 00 0D F6 00 00 00 02 09 00 9F 65 0D 
2013/07/16 21:01:10:410 [007956] DEBUG [CommunicationSystem.cpp, 1120] - Calibration complete.
2013/07/16 21:01:10:410 [005424] TRACE [Prb.cpp, 493] - Reading FPGA, Address=0x2012
2013/07/16 21:01:10:411 [005424] TRACE [Prb.cpp, 1035] - ReadFPGAPacket(0x2012):01 00 0C 16 82 00 02 20 12 E0 63 0D 
2013/07/16 21:01:10:411 [007140] TRACE [Prb.cpp, 835] - RxStream contents:01 00 0C F7 06 16 00 01 00 DB 2C 0D 
2013/07/16 21:01:10:412 [007140] TRACE [Prb.cpp, 943] - RadioBoardPacket(ACK):01 00 0C F7 06 16 00 01 00 DB 2C 0D 
2013/07/16 21:01:10:413 [005424] DEBUG [Prb.cpp, 512] - Read FPGA completed, Address=0x2012, Data=0x00
2013/07/16 21:01:10:413 [005424] INFO [CommunicationSystem.cpp, 653] - CC1020 Calibration succeeded.
2013/07/16 21:01:10:418 [005424] TRACE [Prb.cpp, 584] - Reading CC1020, Address=0x0004
2013/07/16 21:01:10:419 [005424] TRACE [Prb.cpp, 1035] - ReadCC1020Packet(0x04):01 00 0C 17 84 00 02 00 04 D9 04 0D 
2013/07/16 21:01:10:419 [007140] TRACE [Prb.cpp, 835] - RxStream contents:01 00 0C F8 06 17 00 01 35 67 9E 0D 
2013/07/16 21:01:10:420 [007140] TRACE [Prb.cpp, 943] - RadioBoardPacket(ACK):01 00 0C F8 06 17 00 01 35 67 9E 0D 
2013/07/16 21:01:10:421 [005424] DEBUG [Prb.cpp, 603] - Read CC1020 completed, Address=0x0004, Data=0x35
2013/07/16 21:01:10:423 [005424] TRACE [Prb.cpp, 584] - Reading CC1020, Address=0x0005
2013/07/16 21:01:10:423 [005424] TRACE [Prb.cpp, 1035] - ReadCC1020Packet(0x05):01 00 0C 18 84 00 02 00 05 71 0E 0D 
2013/07/16 21:01:10:423 [007140] TRACE [Prb.cpp, 835] - RxStream contents:01 00 0C F9 06 18 00 01 F0 51 03 0D 
2013/07/16 21:01:10:425 [007140] TRACE [Prb.cpp, 943] - RadioBoardPacket(ACK):01 00 0C F9 06 18 00 01 F0 51 03 0D 
2013/07/16 21:01:10:425 [005424] DEBUG [Prb.cpp, 603] - Read CC1020 completed, Address=0x0005, Data=0xF0
2013/07/16 21:01:10:427 [005424] TRACE [Prb.cpp, 584] - Reading CC1020, Address=0x0006
2013/07/16 21:01:10:427 [005424] TRACE [Prb.cpp, 1035] - ReadCC1020Packet(0x06):01 00 0C 19 84 00 02 00 06 89 07 0D 
2013/07/16 21:01:10:427 [007140] TRACE [Prb.cpp, 835] - RxStream contents:01 00 0C FA 06 19 00 01 21 4F E6 0D 
2013/07/16 21:01:10:428 [007140] TRACE [Prb.cpp, 943] - RadioBoardPacket(ACK):01 00 0C FA 06 19 00 01 21 4F E6 0D 
2013/07/16 21:01:10:429 [005424] DEBUG [Prb.cpp, 603] - Read CC1020 completed, Address=0x0006, Data=0x21
2013/07/16 21:01:10:430 [005424] TRACE [Prb.cpp, 584] - Reading CC1020, Address=0x0007
2013/07/16 21:01:10:431 [005424] TRACE [Prb.cpp, 1035] - ReadCC1020Packet(0x07):01 00 0C 1A 84 00 02 00 07 81 02 0D 
2013/07/16 21:01:10:431 [007140] TRACE [Prb.cpp, 835] - RxStream contents:01 00 0C FB 06 1A 00 01 38 0B B0 0D 
2013/07/16 21:01:10:432 [007140] TRACE [Prb.cpp, 943] - RadioBoardPacket(ACK):01 00 0C FB 06 1A 00 01 38 0B B0 0D 
2013/07/16 21:01:10:433 [005424] DEBUG [Prb.cpp, 603] - Read CC1020 completed, Address=0x0007, Data=0x38
2013/07/16 21:01:10:434 [005424] TRACE [Prb.cpp, 584] - Reading CC1020, Address=0x0008
2013/07/16 21:01:10:435 [005424] TRACE [Prb.cpp, 1035] - ReadCC1020Packet(0x08):01 00 0C 1B 84 00 02 00 08 79 23 0D 
2013/07/16 21:01:10:435 [007140] TRACE [Prb.cpp, 835] - RxStream contents:01 00 0C FC 06 1B 00 01 35 77 98 0D 
2013/07/16 21:01:10:436 [007140] TRACE [Prb.cpp, 943] - RadioBoardPacket(ACK):01 00 0C FC 06 1B 00 01 35 77 98 0D 
2013/07/16 21:01:10:436 [005424] DEBUG [Prb.cpp, 603] - Read CC1020 completed, Address=0x0008, Data=0x35
2013/07/16 21:01:10:437 [005424] TRACE [Prb.cpp, 584] - Reading CC1020, Address=0x0009
2013/07/16 21:01:10:438 [005424] TRACE [Prb.cpp, 1035] - ReadCC1020Packet(0x09):01 00 0C 1C 84 00 02 00 09 91 20 0D 
2013/07/16 21:01:10:438 [007140] TRACE [Prb.cpp, 835] - RxStream contents:01 00 0C FD 06 1C 00 01 FA 61 3A 0D 
2013/07/16 21:01:10:439 [007140] TRACE [Prb.cpp, 943] - RadioBoardPacket(ACK):01 00 0C FD 06 1C 00 01 FA 61 3A 0D 
2013/07/16 21:01:10:440 [005424] DEBUG [Prb.cpp, 603] - Read CC1020 completed, Address=0x0009, Data=0xFA
2013/07/16 21:01:10:441 [005424] TRACE [Prb.cpp, 584] - Reading CC1020, Address=0x000A
2013/07/16 21:01:10:442 [005424] TRACE [Prb.cpp, 1035] - ReadCC1020Packet(0x0A):01 00 0C 1D 84 00 02 00 0A 69 29 0D 
2013/07/16 21:01:10:442 [007140] TRACE [Prb.cpp, 835] - RxStream contents:01 00 0C FE 06 1D 00 01 CB FD 9C 0D 
2013/07/16 21:01:10:443 [007140] TRACE [Prb.cpp, 943] - RadioBoardPacket(ACK):01 00 0C FE 06 1D 00 01 CB FD 9C 0D 
2013/07/16 21:01:10:443 [005424] DEBUG [Prb.cpp, 603] - Read CC1020 completed, Address=0x000A, Data=0xCB
2013/07/16 21:01:10:444 [005424] TRACE [Prb.cpp, 584] - Reading CC1020, Address=0x000B
2013/07/16 21:01:10:445 [005424] TRACE [Prb.cpp, 1035] - ReadCC1020Packet(0x0B):01 00 0C 1E 84 00 02 00 0B 61 2C 0D 
2013/07/16 21:01:10:445 [007140] TRACE [Prb.cpp, 835] - RxStream contents:01 00 0C FF 06 1E 00 01 38 3B B5 0D 
2013/07/16 21:01:10:446 [007140] TRACE [Prb.cpp, 943] - RadioBoardPacket(ACK):01 00 0C FF 06 1E 00 01 38 3B B5 0D 
2013/07/16 21:01:10:447 [005424] DEBUG [Prb.cpp, 603] - Read CC1020 completed, Address=0x000B, Data=0x38
2013/07/16 21:01:10:448 [005424] TRACE [Prb.cpp, 584] - Reading CC1020, Address=0x001D
2013/07/16 21:01:10:448 [005424] TRACE [Prb.cpp, 1035] - ReadCC1020Packet(0x1D):01 00 0C 1F 84 00 02 00 1D 19 58 0D 
2013/07/16 21:01:10:448 [007140] TRACE [Prb.cpp, 835] - RxStream contents:01 00 0C 00 06 1F 00 01 00 07 D5 0D 
2013/07/16 21:01:10:449 [007140] TRACE [Prb.cpp, 943] - RadioBoardPacket(ACK):01 00 0C 00 06 1F 00 01 00 07 D5 0D 
2013/07/16 21:01:10:450 [005424] DEBUG [Prb.cpp, 603] - Read CC1020 completed, Address=0x001D, Data=0x00
2013/07/16 21:01:10:451 [005424] TRACE [Prb.cpp, 584] - Reading CC1020, Address=0x0045
2013/07/16 21:01:10:452 [005424] TRACE [Prb.cpp, 1035] - ReadCC1020Packet(0x45):01 00 0C 20 84 00 02 00 45 B0 B7 0D 
2013/07/16 21:01:10:452 [007140] TRACE [Prb.cpp, 835] - RxStream contents:01 00 0C 01 06 20 00 01 5C F2 14 0D 
2013/07/16 21:01:10:453 [007140] TRACE [Prb.cpp, 943] - RadioBoardPacket(ACK):01 00 0C 01 06 20 00 01 5C F2 14 0D 
2013/07/16 21:01:10:453 [005424] DEBUG [Prb.cpp, 603] - Read CC1020 completed, Address=0x0045, Data=0x5C
2013/07/16 21:01:10:454 [005424] TRACE [Prb.cpp, 584] - Reading CC1020, Address=0x0046
2013/07/16 21:01:10:455 [005424] TRACE [Prb.cpp, 1035] - ReadCC1020Packet(0x46):01 00 0C 21 84 00 02 00 46 48 BE 0D 
2013/07/16 21:01:10:455 [007140] TRACE [Prb.cpp, 835] - RxStream contents:01 00 0C 02 06 21 00 01 66 EE 8B 0D 
2013/07/16 21:01:10:456 [007140] TRACE [Prb.cpp, 943] - RadioBoardPacket(ACK):01 00 0C 02 06 21 00 01 66 EE 8B 0D 
2013/07/16 21:01:10:456 [005424] DEBUG [Prb.cpp, 603] - Read CC1020 completed, Address=0x0046, Data=0x66
2013/07/16 21:01:10:458 [005424] TRACE [Prb.cpp, 584] - Reading CC1020, Address=0x0047
2013/07/16 21:01:10:458 [007140] TRACE [Prb.cpp, 835] - RxStream contents:01 00 0C 03 06 22 00 01 44 2A 44 0D 
2013/07/16 21:01:10:458 [005424] TRACE [Prb.cpp, 1035] - ReadCC1020Packet(0x47):01 00 0C 22 84 00 02 00 47 40 BB 0D 
2013/07/16 21:01:10:459 [007140] TRACE [Prb.cpp, 943] - RadioBoardPacket(ACK):01 00 0C 03 06 22 00 01 44 2A 44 0D 
2013/07/16 21:01:10:460 [005424] DEBUG [Prb.cpp, 603] - Read CC1020 completed, Address=0x0047, Data=0x44
2013/07/16 21:01:10:467 [005424] TRACE [Prb.cpp, 493] - Reading FPGA, Address=0x305E
2013/07/16 21:01:10:468 [005424] TRACE [Prb.cpp, 1035] - ReadFPGAPacket(0x305E):01 00 0C 23 82 00 02 30 5E 99 FD 0D 
2013/07/16 21:01:10:468 [007140] TRACE [Prb.cpp, 835] - RxStream contents:01 00 0C 04 06 23 00 01 00 D7 D9 0D 
2013/07/16 21:01:10:469 [007140] TRACE [Prb.cpp, 943] - RadioBoardPacket(ACK):01 00 0C 04 06 23 00 01 00 D7 D9 0D 
2013/07/16 21:01:10:470 [005424] DEBUG [Prb.cpp, 512] - Read FPGA completed, Address=0x305E, Data=0x00
2013/07/16 21:01:10:471 [005424] TRACE [Prb.cpp, 493] - Reading FPGA, Address=0x3060
2013/07/16 21:01:10:471 [005424] TRACE [Prb.cpp, 1035] - ReadFPGAPacket(0x3060):01 00 0C 24 82 00 02 30 60 71 7C 0D 
2013/07/16 21:01:10:471 [007140] TRACE [Prb.cpp, 835] - RxStream contents:01 00 0C 05 06 24 00 01 00 C3 D9 0D 
2013/07/16 21:01:10:472 [007140] TRACE [Prb.cpp, 943] - RadioBoardPacket(ACK):01 00 0C 05 06 24 00 01 00 C3 D9 0D 
2013/07/16 21:01:10:473 [005424] DEBUG [Prb.cpp, 512] - Read FPGA completed, Address=0x3060, Data=0x00
2013/07/16 21:01:10:473 [005424] TRACE [Prb.cpp, 493] - Reading FPGA, Address=0x3062
2013/07/16 21:01:10:474 [005424] TRACE [Prb.cpp, 1035] - ReadFPGAPacket(0x3062):01 00 0C 25 82 00 02 30 62 09 70 0D 
2013/07/16 21:01:10:474 [007140] TRACE [Prb.cpp, 835] - RxStream contents:01 00 0C 06 06 25 00 01 00 DF DA 0D 
2013/07/16 21:01:10:475 [007140] TRACE [Prb.cpp, 943] - RadioBoardPacket(ACK):01 00 0C 06 06 25 00 01 00 DF DA 0D 
2013/07/16 21:01:10:476 [005424] DEBUG [Prb.cpp, 512] - Read FPGA completed, Address=0x3062, Data=0x00
2013/07/16 21:01:10:480 [005424] TRACE [Prb.cpp, 493] - Reading FPGA, Address=0x3066
2013/07/16 21:01:10:481 [005424] TRACE [Prb.cpp, 1035] - ReadFPGAPacket(0x3066):01 00 0C 26 82 00 02 30 66 01 6B 0D 
2013/07/16 21:01:10:481 [007140] TRACE [Prb.cpp, 835] - RxStream contents:01 00 0C 07 06 26 00 01 00 1B D9 0D 
2013/07/16 21:01:10:482 [007140] TRACE [Prb.cpp, 943] - RadioBoardPacket(ACK):01 00 0C 07 06 26 00 01 00 1B D9 0D 
2013/07/16 21:01:10:482 [005424] DEBUG [Prb.cpp, 512] - Read FPGA completed, Address=0x3066, Data=0x00
2013/07/16 21:01:10:483 [005424] TRACE [Prb.cpp, 493] - Reading FPGA, Address=0x3068
2013/07/16 21:01:10:484 [005424] TRACE [Prb.cpp, 1035] - ReadFPGAPacket(0x3068):01 00 0C 27 82 00 02 30 68 79 4F 0D 
2013/07/16 21:01:10:484 [007140] TRACE [Prb.cpp, 835] - RxStream contents:01 00 0C 08 06 27 00 01 00 A7 D5 0D 
2013/07/16 21:01:10:485 [007140] TRACE [Prb.cpp, 943] - RadioBoardPacket(ACK):01 00 0C 08 06 27 00 01 00 A7 D5 0D 
2013/07/16 21:01:10:485 [005424] DEBUG [Prb.cpp, 512] - Read FPGA completed, Address=0x3068, Data=0x00
2013/07/16 21:01:10:486 [005424] TRACE [Prb.cpp, 493] - Reading FPGA, Address=0x306A
2013/07/16 21:01:10:487 [005424] TRACE [Prb.cpp, 1035] - ReadFPGAPacket(0x306A):01 00 0C 28 82 00 02 30 6A D1 4F 0D 
2013/07/16 21:01:10:487 [007140] TRACE [Prb.cpp, 835] - RxStream contents:01 00 0C 09 06 28 00 01 00 93 D6 0D 
2013/07/16 21:01:10:488 [007140] TRACE [Prb.cpp, 943] - RadioBoardPacket(ACK):01 00 0C 09 06 28 00 01 00 93 D6 0D 
2013/07/16 21:01:10:488 [005424] DEBUG [Prb.cpp, 512] - Read FPGA completed, Address=0x306A, Data=0x00
2013/07/16 21:01:10:491 [005424] TRACE [Prb.cpp, 448] - Writing FPGA, Address=0x1026, Data=0x01
2013/07/16 21:01:10:492 [005424] TRACE [Prb.cpp, 1035] - WriteFPGAPacket(0x1026, 0x01):01 00 0D 29 81 00 03 10 26 01 6A 70 0D 
2013/07/16 21:01:10:492 [007140] TRACE [Prb.cpp, 835] - RxStream contents:01 00 0B 0A 06 29 00 00 31 0E 0D 
2013/07/16 21:01:10:493 [007140] TRACE [Prb.cpp, 943] - RadioBoardPacket(ACK):01 00 0B 0A 06 29 00 00 31 0E 0D 
2013/07/16 21:01:10:493 [005424] DEBUG [Prb.cpp, 466] - Write FPGA completed, Address=0x1026, Data=0x01
2013/07/16 21:01:10:500 [007180] TRACE [Prb.cpp, 539] - Writing CC1020, Address=0x001C, Data=0x07
2013/07/16 21:01:10:501 [007180] TRACE [Prb.cpp, 1035] - WriteCC1020Packet(0x1C, 0x07):01 00 0D 2A 83 00 03 00 1C 07 04 14 0D 
2013/07/16 21:01:10:501 [007140] TRACE [Prb.cpp, 835] - RxStream contents:01 00 0B 0B 06 2A 00 00 B1 49 0D 
2013/07/16 21:01:10:502 [007140] TRACE [Prb.cpp, 943] - RadioBoardPacket(ACK):01 00 0B 0B 06 2A 00 00 B1 49 0D 
2013/07/16 21:01:10:503 [007180] DEBUG [Prb.cpp, 557] - Write CC1020 completed, Address=0x001C, Data=0x07
2013/07/16 21:01:10:504 [007180] TRACE [Prb.cpp, 448] - Writing FPGA, Address=0x3012, Data=0x01
2013/07/16 21:01:10:505 [007180] TRACE [Prb.cpp, 1035] - WriteFPGAPacket(0x3012, 0x01):01 00 0D 2B 81 00 03 30 12 01 52 D3 0D 
2013/07/16 21:01:10:505 [007140] TRACE [Prb.cpp, 835] - RxStream contents:01 00 0B 0C 06 2B 00 00 B0 35 0D 
2013/07/16 21:01:10:506 [007140] TRACE [Prb.cpp, 943] - RadioBoardPacket(ACK):01 00 0B 0C 06 2B 00 00 B0 35 0D 
2013/07/16 21:01:10:507 [007180] DEBUG [Prb.cpp, 466] - Write FPGA completed, Address=0x3012, Data=0x01
2013/07/16 21:01:10:508 [007180] TRACE [Prb.cpp, 493] - Reading FPGA, Address=0x1004
2013/07/16 21:01:10:509 [007140] TRACE [Prb.cpp, 835] - RxStream contents:01 00 0C 0D 06 2C 00 01 00 A3 D3 0D 
2013/07/16 21:01:10:509 [007140] TRACE [Prb.cpp, 943] - RadioBoardPacket(ACK):01 00 0C 0D 06 2C 00 01 00 A3 D3 0D 
2013/07/16 21:01:10:509 [007180] TRACE [Prb.cpp, 1035] - ReadFPGAPacket(0x1004):01 00 0C 2C 82 00 02 10 04 F0 2D 0D 
2013/07/16 21:01:10:510 [007180] DEBUG [Prb.cpp, 512] - Read FPGA completed, Address=0x1004, Data=0x00
2013/07/16 21:01:10:511 [007180] TRACE [Prb.cpp, 448] - Writing FPGA, Address=0x1004, Data=0x00
2013/07/16 21:01:10:512 [007180] TRACE [Prb.cpp, 1035] - WriteFPGAPacket(0x1004, 0x00):01 00 0D 2D 81 00 03 10 04 00 A2 36 0D 
2013/07/16 21:01:10:512 [007140] TRACE [Prb.cpp, 835] - RxStream contents:01 00 0B 0E 06 2D 00 00 30 BE 0D 
2013/07/16 21:01:10:513 [007140] TRACE [Prb.cpp, 943] - RadioBoardPacket(ACK):01 00 0B 0E 06 2D 00 00 30 BE 0D 
2013/07/16 21:01:10:513 [007180] DEBUG [Prb.cpp, 466] - Write FPGA completed, Address=0x1004, Data=0x00
2013/07/16 21:01:10:516 [006984] INFO [CommunicationSystemStates.cpp, 130] - Scan requested. Preamble Burst Duration: 9 seconds. Preamble Burst Data Rate: 2.
2013/07/16 21:01:10:517 [006984] TRACE [Prb.cpp, 448] - Writing FPGA, Address=0x1002, Data=0x09
2013/07/16 21:01:10:517 [006984] TRACE [Prb.cpp, 1035] - WriteFPGAPacket(0x1002, 0x09):01 00 0D 2E 81 00 03 10 02 09 B5 30 0D 
2013/07/16 21:01:10:517 [007140] TRACE [Prb.cpp, 835] - RxStream contents:01 00 0B 0F 06 2E 00 00 B0 F9 0D 
2013/07/16 21:01:10:518 [007140] TRACE [Prb.cpp, 943] - RadioBoardPacket(ACK):01 00 0B 0F 06 2E 00 00 B0 F9 0D 
2013/07/16 21:01:10:519 [006984] DEBUG [Prb.cpp, 466] - Write FPGA completed, Address=0x1002, Data=0x09
2013/07/16 21:01:10:520 [006984] TRACE [Prb.cpp, 493] - Reading FPGA, Address=0x1004
2013/07/16 21:01:10:520 [006984] TRACE [Prb.cpp, 1035] - ReadFPGAPacket(0x1004):01 00 0C 2F 82 00 02 10 04 78 2D 0D 
2013/07/16 21:01:10:520 [007140] TRACE [Prb.cpp, 835] - RxStream contents:01 00 0C 10 06 2F 00 01 00 47 CD 0D 
2013/07/16 21:01:10:521 [007140] TRACE [Prb.cpp, 943] - RadioBoardPacket(ACK):01 00 0C 10 06 2F 00 01 00 47 CD 0D 
2013/07/16 21:01:10:522 [006984] DEBUG [Prb.cpp, 512] - Read FPGA completed, Address=0x1004, Data=0x00
2013/07/16 21:01:10:522 [006984] TRACE [Prb.cpp, 448] - Writing FPGA, Address=0x1004, Data=0x08
2013/07/16 21:01:10:523 [006984] TRACE [Prb.cpp, 1035] - WriteFPGAPacket(0x1004, 0x08):01 00 0D 30 81 00 03 10 04 08 3E D5 0D 
2013/07/16 21:01:10:523 [007140] TRACE [Prb.cpp, 835] - RxStream contents:01 00 0B 11 06 30 00 00 B4 31 0D 
2013/07/16 21:01:10:524 [007140] TRACE [Prb.cpp, 943] - RadioBoardPacket(ACK):01 00 0B 11 06 30 00 00 B4 31 0D 
2013/07/16 21:01:10:525 [006984] DEBUG [Prb.cpp, 466] - Write FPGA completed, Address=0x1004, Data=0x08
2013/07/16 21:01:10:525 [006984] TRACE [Prb.cpp, 448] - Writing FPGA, Address=0x1008, Data=0x02
2013/07/16 21:01:10:526 [006984] TRACE [Prb.cpp, 1035] - WriteFPGAPacket(0x1008, 0x02):01 00 0D 31 81 00 03 10 08 02 97 FA 0D 
2013/07/16 21:01:10:526 [007140] TRACE [Prb.cpp, 835] - RxStream contents:01 00 0B 12 06 31 00 00 34 AE 0D 
2013/07/16 21:01:10:527 [007140] TRACE [Prb.cpp, 943] - RadioBoardPacket(ACK):01 00 0B 12 06 31 00 00 34 AE 0D 
2013/07/16 21:01:10:528 [006984] DEBUG [Prb.cpp, 466] - Write FPGA completed, Address=0x1008, Data=0x02
2013/07/16 21:01:21:654 [007956] INFO [CommunicationSystemStates.cpp, 168] - Scan complete
2013/07/16 21:01:21:655 [007956] TRACE [Prb.cpp, 584] - Reading CC1020, Address=0x0004
2013/07/16 21:01:21:656 [007956] TRACE [Prb.cpp, 1035] - ReadCC1020Packet(0x04):01 00 0C 32 84 00 02 00 04 41 20 0D 
2013/07/16 21:01:21:656 [007140] TRACE [Prb.cpp, 835] - RxStream contents:01 00 0C 14 06 32 00 01 35 83 70 0D 
2013/07/16 21:01:21:657 [007140] TRACE [Prb.cpp, 943] - RadioBoardPacket(ACK):01 00 0C 14 06 32 00 01 35 83 70 0D 
2013/07/16 21:01:21:658 [007956] DEBUG [Prb.cpp, 603] - Read CC1020 completed, Address=0x0004, Data=0x35
2013/07/16 21:01:21:658 [007956] TRACE [Prb.cpp, 584] - Reading CC1020, Address=0x0005
2013/07/16 21:01:21:659 [007956] TRACE [Prb.cpp, 1035] - ReadCC1020Packet(0x05):01 00 0C 33 84 00 02 00 05 39 26 0D 
2013/07/16 21:01:21:659 [007140] TRACE [Prb.cpp, 835] - RxStream contents:01 00 0C 15 06 33 00 01 F0 ED EE 0D 
2013/07/16 21:01:21:660 [007140] TRACE [Prb.cpp, 943] - RadioBoardPacket(ACK):01 00 0C 15 06 33 00 01 F0 ED EE 0D 
2013/07/16 21:01:21:661 [007956] DEBUG [Prb.cpp, 603] - Read CC1020 completed, Address=0x0005, Data=0xF0
2013/07/16 21:01:21:661 [007956] TRACE [Prb.cpp, 584] - Reading CC1020, Address=0x0006
2013/07/16 21:01:21:662 [007956] TRACE [Prb.cpp, 1035] - ReadCC1020Packet(0x06):01 00 0C 34 84 00 02 00 06 51 2A 0D 
2013/07/16 21:01:21:662 [007140] TRACE [Prb.cpp, 835] - RxStream contents:01 00 0C 16 06 34 00 01 21 8B 0B 0D 
2013/07/16 21:01:21:663 [007140] TRACE [Prb.cpp, 943] - RadioBoardPacket(ACK):01 00 0C 16 06 34 00 01 21 8B 0B 0D 
2013/07/16 21:01:21:663 [007956] DEBUG [Prb.cpp, 603] - Read CC1020 completed, Address=0x0006, Data=0x21
2013/07/16 21:01:21:664 [007956] TRACE [Prb.cpp, 584] - Reading CC1020, Address=0x0008
2013/07/16 21:01:21:664 [007956] TRACE [Prb.cpp, 1035] - ReadCC1020Packet(0x08):01 00 0C 35 84 00 02 00 08 29 0E 0D 
2013/07/16 21:01:21:664 [007140] TRACE [Prb.cpp, 835] - RxStream contents:01 00 0C 17 06 35 00 01 35 E7 73 0D 
2013/07/16 21:01:21:665 [007140] TRACE [Prb.cpp, 943] - RadioBoardPacket(ACK):01 00 0C 17 06 35 00 01 35 E7 73 0D 
2013/07/16 21:01:21:666 [007956] DEBUG [Prb.cpp, 603] - Read CC1020 completed, Address=0x0008, Data=0x35
2013/07/16 21:01:21:666 [007956] TRACE [Prb.cpp, 584] - Reading CC1020, Address=0x0009
2013/07/16 21:01:21:667 [007956] TRACE [Prb.cpp, 1035] - ReadCC1020Packet(0x09):01 00 0C 36 84 00 02 00 09 21 0B 0D 
2013/07/16 21:01:21:667 [007140] TRACE [Prb.cpp, 835] - RxStream contents:01 00 0C 18 06 36 00 01 FA F1 DE 0D 
2013/07/16 21:01:21:668 [007140] TRACE [Prb.cpp, 943] - RadioBoardPacket(ACK):01 00 0C 18 06 36 00 01 FA F1 DE 0D 
2013/07/16 21:01:21:668 [007956] DEBUG [Prb.cpp, 603] - Read CC1020 completed, Address=0x0009, Data=0xFA
2013/07/16 21:01:21:669 [007956] TRACE [Prb.cpp, 584] - Reading CC1020, Address=0x000A
2013/07/16 21:01:21:669 [007956] TRACE [Prb.cpp, 1035] - ReadCC1020Packet(0x0A):01 00 0C 37 84 00 02 00 0A D9 02 0D 
2013/07/16 21:01:21:669 [007140] TRACE [Prb.cpp, 835] - RxStream contents:01 00 0C 19 06 37 00 01 CB 1D 7B 0D 
2013/07/16 21:01:21:670 [007140] TRACE [Prb.cpp, 943] - RadioBoardPacket(ACK):01 00 0C 19 06 37 00 01 CB 1D 7B 0D 
2013/07/16 21:01:21:671 [007956] DEBUG [Prb.cpp, 603] - Read CC1020 completed, Address=0x000A, Data=0xCB
2013/07/16 21:01:21:671 [007956] TRACE [Prb.cpp, 584] - Reading CC1020, Address=0x000F
2013/07/16 21:01:21:672 [007140] TRACE [Prb.cpp, 835] - RxStream contents:01 00 0C 1A 06 38 00 01 DF 59 03 0D 
2013/07/16 21:01:21:672 [007956] TRACE [Prb.cpp, 1035] - ReadCC1020Packet(0x0F):01 00 0C 38 84 00 02 00 0F F1 13 0D 
2013/07/16 21:01:21:672 [007140] TRACE [Prb.cpp, 943] - RadioBoardPacket(ACK):01 00 0C 1A 06 38 00 01 DF 59 03 0D 
2013/07/16 21:01:21:673 [007956] DEBUG [Prb.cpp, 603] - Read CC1020 completed, Address=0x000F, Data=0xDF
2013/07/16 21:01:21:674 [007956] TRACE [Prb.cpp, 584] - Reading CC1020, Address=0x0010
2013/07/16 21:01:21:674 [007956] TRACE [Prb.cpp, 1035] - ReadCC1020Packet(0x10):01 00 0C 39 84 00 02 00 10 89 51 0D 
2013/07/16 21:01:21:674 [007140] TRACE [Prb.cpp, 835] - RxStream contents:01 00 0C 1B 06 39 00 01 80 34 C1 0D 
2013/07/16 21:01:21:675 [007140] TRACE [Prb.cpp, 943] - RadioBoardPacket(ACK):01 00 0C 1B 06 39 00 01 80 34 C1 0D 
2013/07/16 21:01:21:676 [007956] DEBUG [Prb.cpp, 603] - Read CC1020 completed, Address=0x0010, Data=0x80
2013/07/16 21:01:21:676 [007956] TRACE [Prb.cpp, 584] - Reading CC1020, Address=0x0013
2013/07/16 21:01:21:677 [007956] TRACE [Prb.cpp, 1035] - ReadCC1020Packet(0x13):01 00 0C 3A 84 00 02 00 13 01 5B 0D 
2013/07/16 21:01:21:677 [007140] TRACE [Prb.cpp, 835] - RxStream contents:01 00 0C 1C 06 3A 00 01 33 E3 6E 0D 
2013/07/16 21:01:21:678 [007140] TRACE [Prb.cpp, 943] - RadioBoardPacket(ACK):01 00 0C 1C 06 3A 00 01 33 E3 6E 0D 
2013/07/16 21:01:21:678 [007956] DEBUG [Prb.cpp, 603] - Read CC1020 completed, Address=0x0013, Data=0x33
2013/07/16 21:01:21:679 [007956] TRACE [Prb.cpp, 584] - Reading CC1020, Address=0x0014
2013/07/16 21:01:21:679 [007956] TRACE [Prb.cpp, 1035] - ReadCC1020Packet(0x14):01 00 0C 3B 84 00 02 00 14 79 49 0D 
2013/07/16 21:01:21:679 [007140] TRACE [Prb.cpp, 835] - RxStream contents:01 00 0C 1D 06 3B 00 01 3D 0F 49 0D 
2013/07/16 21:01:21:680 [007140] TRACE [Prb.cpp, 943] - RadioBoardPacket(ACK):01 00 0C 1D 06 3B 00 01 3D 0F 49 0D 
2013/07/16 21:01:21:681 [007956] DEBUG [Prb.cpp, 603] - Read CC1020 completed, Address=0x0014, Data=0x3D
2013/07/16 21:01:21:681 [007956] TRACE [Prb.cpp, 584] - Reading CC1020, Address=0x0043
2013/07/16 21:01:21:682 [007956] TRACE [Prb.cpp, 1035] - ReadCC1020Packet(0x43):01 00 0C 3C 84 00 02 00 43 90 BE 0D 
2013/07/16 21:01:21:682 [007140] TRACE [Prb.cpp, 835] - RxStream contents:01 00 0C 1E 06 3C 00 01 00 EB C7 0D 
2013/07/16 21:01:21:683 [007140] TRACE [Prb.cpp, 943] - RadioBoardPacket(ACK):01 00 0C 1E 06 3C 00 01 00 EB C7 0D 
2013/07/16 21:01:21:683 [007956] DEBUG [Prb.cpp, 603] - Read CC1020 completed, Address=0x0043, Data=0x00
2013/07/16 21:01:21:684 [007956] DEBUG [ComSysDiagnostics.cpp, 63] - CC1020 [Scan complete] FREQ_2A: 0x35 FREQ_1A: 0xf0 FREQ_0A: 0x21
2013/07/16 21:01:21:684 [007956] DEBUG [ComSysDiagnostics.cpp, 67] - CC1020 [Scan complete] FREQ_2B: 0x35 FREQ_1B: 0xfa FREQ_0B: 0xcb
2013/07/16 21:01:21:685 [007956] DEBUG [ComSysDiagnostics.cpp, 72] - CC1020 [Scan complete] AFC_CONTROL: 0xdf FILTER: 0x80 VGA3: 0x33 VGA4: 0x3d AFC: 0x00
2013/07/16 21:01:21:685 [007956] INFO [CommunicationSystemStates.cpp, 173] - Found 0 valid ids during the scan operation.
2013/07/16 21:01:21:687 [007956] INFO [CommunicationSystemStates.cpp, 198] - Found 0 invalid ids during the scan operation.
2013/07/16 21:01:21:690 [006984] INFO [CommunicationSystemStates.cpp, 130] - Scan requested. Preamble Burst Duration: 2 seconds. Preamble Burst Data Rate: 0.
2013/07/16 21:01:21:690 [006984] TRACE [Prb.cpp, 448] - Writing FPGA, Address=0x1002, Data=0x02
2013/07/16 21:01:21:691 [006984] TRACE [Prb.cpp, 1035] - WriteFPGAPacket(0x1002, 0x02):01 00 0D 3D 81 00 03 10 02 02 A7 3A 0D 
2013/07/16 21:01:21:691 [007140] TRACE [Prb.cpp, 835] - RxStream contents:01 00 0B 1F 06 3D 00 00 B6 05 0D 
2013/07/16 21:01:21:692 [007140] TRACE [Prb.cpp, 943] - RadioBoardPacket(ACK):01 00 0B 1F 06 3D 00 00 B6 05 0D 
2013/07/16 21:01:21:693 [006984] DEBUG [Prb.cpp, 466] - Write FPGA completed, Address=0x1002, Data=0x02
2013/07/16 21:01:21:693 [006984] TRACE [Prb.cpp, 493] - Reading FPGA, Address=0x1004
2013/07/16 21:01:21:694 [006984] TRACE [Prb.cpp, 1035] - ReadFPGAPacket(0x1004):01 00 0C 3E 82 00 02 10 04 00 3C 0D 
2013/07/16 21:01:21:694 [007140] TRACE [Prb.cpp, 835] - RxStream contents:01 00 0C 20 06 3E 00 01 08 13 C8 0D 
2013/07/16 21:01:21:695 [007140] TRACE [Prb.cpp, 943] - RadioBoardPacket(ACK):01 00 0C 20 06 3E 00 01 08 13 C8 0D 
2013/07/16 21:01:21:695 [006984] DEBUG [Prb.cpp, 512] - Read FPGA completed, Address=0x1004, Data=0x08
2013/07/16 21:01:21:696 [006984] TRACE [Prb.cpp, 448] - Writing FPGA, Address=0x1004, Data=0x00
2013/07/16 21:01:21:697 [006984] TRACE [Prb.cpp, 1035] - WriteFPGAPacket(0x1004, 0x00):01 00 0D 3F 81 00 03 10 04 00 B1 16 0D 
2013/07/16 21:01:21:697 [007140] TRACE [Prb.cpp, 835] - RxStream contents:01 00 0B 21 06 3F 00 00 BC 7D 0D 
2013/07/16 21:01:21:698 [007140] TRACE [Prb.cpp, 943] - RadioBoardPacket(ACK):01 00 0B 21 06 3F 00 00 BC 7D 0D 
2013/07/16 21:01:21:698 [006984] DEBUG [Prb.cpp, 466] - Write FPGA completed, Address=0x1004, Data=0x00
2013/07/16 21:01:21:699 [006984] TRACE [Prb.cpp, 448] - Writing FPGA, Address=0x1008, Data=0x02
2013/07/16 21:01:21:699 [006984] TRACE [Prb.cpp, 1035] - WriteFPGAPacket(0x1008, 0x02):01 00 0D 40 81 00 03 10 08 02 E1 EA 0D 
2013/07/16 21:01:21:699 [007140] TRACE [Prb.cpp, 835] - RxStream contents:01 00 0B 22 06 40 00 00 3A FA 0D 
2013/07/16 21:01:21:700 [007140] TRACE [Prb.cpp, 943] - RadioBoardPacket(ACK):01 00 0B 22 06 40 00 00 3A FA 0D 
2013/07/16 21:01:21:701 [006984] DEBUG [Prb.cpp, 466] - Write FPGA completed, Address=0x1008, Data=0x02
2013/07/16 21:01:25:813 [007956] INFO [CommunicationSystemStates.cpp, 168] - Scan complete
2013/07/16 21:01:25:813 [007956] TRACE [Prb.cpp, 584] - Reading CC1020, Address=0x0004
2013/07/16 21:01:25:814 [007956] TRACE [Prb.cpp, 1035] - ReadCC1020Packet(0x04):01 00 0C 41 84 00 02 00 04 49 54 0D 
2013/07/16 21:01:25:814 [007140] TRACE [Prb.cpp, 835] - RxStream contents:01 00 0C 24 06 41 00 01 35 FF 54 0D 
2013/07/16 21:01:25:815 [007140] TRACE [Prb.cpp, 943] - RadioBoardPacket(ACK):01 00 0C 24 06 41 00 01 35 FF 54 0D 
2013/07/16 21:01:25:816 [007956] DEBUG [Prb.cpp, 603] - Read CC1020 completed, Address=0x0004, Data=0x35
2013/07/16 21:01:25:816 [007956] TRACE [Prb.cpp, 584] - Reading CC1020, Address=0x0005
2013/07/16 21:01:25:817 [007956] TRACE [Prb.cpp, 1035] - ReadCC1020Packet(0x05):01 00 0C 42 84 00 02 00 05 41 51 0D 
2013/07/16 21:01:25:817 [007140] TRACE [Prb.cpp, 835] - RxStream contents:01 00 0C 25 06 42 00 01 F0 39 C9 0D 
2013/07/16 21:01:25:818 [007140] TRACE [Prb.cpp, 943] - RadioBoardPacket(ACK):01 00 0C 25 06 42 00 01 F0 39 C9 0D 
2013/07/16 21:01:25:818 [007956] DEBUG [Prb.cpp, 603] - Read CC1020 completed, Address=0x0005, Data=0xF0
2013/07/16 21:01:25:819 [007956] TRACE [Prb.cpp, 584] - Reading CC1020, Address=0x0006
2013/07/16 21:01:25:820 [007956] TRACE [Prb.cpp, 1035] - ReadCC1020Packet(0x06):01 00 0C 43 84 00 02 00 06 B9 58 0D 
2013/07/16 21:01:25:820 [007140] TRACE [Prb.cpp, 835] - RxStream contents:01 00 0C 26 06 43 00 01 21 27 2C 0D 
2013/07/16 21:01:25:821 [007140] TRACE [Prb.cpp, 943] - RadioBoardPacket(ACK):01 00 0C 26 06 43 00 01 21 27 2C 0D 
2013/07/16 21:01:25:821 [007956] DEBUG [Prb.cpp, 603] - Read CC1020 completed, Address=0x0006, Data=0x21
2013/07/16 21:01:25:822 [007956] TRACE [Prb.cpp, 584] - Reading CC1020, Address=0x0008
2013/07/16 21:01:25:823 [007956] TRACE [Prb.cpp, 1035] - ReadCC1020Packet(0x08):01 00 0C 44 84 00 02 00 08 51 79 0D 
2013/07/16 21:01:25:823 [007140] TRACE [Prb.cpp, 835] - RxStream contents:01 00 0C 27 06 44 00 01 35 33 54 0D 
2013/07/16 21:01:25:824 [007140] TRACE [Prb.cpp, 943] - RadioBoardPacket(ACK):01 00 0C 27 06 44 00 01 35 33 54 0D 
2013/07/16 21:01:25:824 [007956] DEBUG [Prb.cpp, 603] - Read CC1020 completed, Address=0x0008, Data=0x35
2013/07/16 21:01:25:825 [007956] TRACE [Prb.cpp, 584] - Reading CC1020, Address=0x0009
2013/07/16 21:01:25:825 [007956] TRACE [Prb.cpp, 1035] - ReadCC1020Packet(0x09):01 00 0C 45 84 00 02 00 09 29 7F 0D 
2013/07/16 21:01:25:825 [007140] TRACE [Prb.cpp, 835] - RxStream contents:01 00 0C 28 06 45 00 01 FA 8D FA 0D 
2013/07/16 21:01:25:826 [007140] TRACE [Prb.cpp, 943] - RadioBoardPacket(ACK):01 00 0C 28 06 45 00 01 FA 8D FA 0D 
2013/07/16 21:01:25:827 [007956] DEBUG [Prb.cpp, 603] - Read CC1020 completed, Address=0x0009, Data=0xFA
2013/07/16 21:01:25:827 [007956] TRACE [Prb.cpp, 584] - Reading CC1020, Address=0x000A
2013/07/16 21:01:25:828 [007956] TRACE [Prb.cpp, 1035] - ReadCC1020Packet(0x0A):01 00 0C 46 84 00 02 00 0A A1 75 0D 
2013/07/16 21:01:25:828 [007140] TRACE [Prb.cpp, 835] - RxStream contents:01 00 0C 29 06 46 00 01 CB C9 5C 0D 
2013/07/16 21:01:25:829 [007140] TRACE [Prb.cpp, 943] - RadioBoardPacket(ACK):01 00 0C 29 06 46 00 01 CB C9 5C 0D 
2013/07/16 21:01:25:829 [007956] DEBUG [Prb.cpp, 603] - Read CC1020 completed, Address=0x000A, Data=0xCB
2013/07/16 21:01:25:830 [007956] TRACE [Prb.cpp, 584] - Reading CC1020, Address=0x000F
2013/07/16 21:01:25:830 [007956] TRACE [Prb.cpp, 1035] - ReadCC1020Packet(0x0F):01 00 0C 47 84 00 02 00 0F 59 68 0D 
2013/07/16 21:01:25:830 [007140] TRACE [Prb.cpp, 835] - RxStream contents:01 00 0C 2A 06 47 00 01 DF D5 27 0D 
2013/07/16 21:01:25:831 [007140] TRACE [Prb.cpp, 943] - RadioBoardPacket(ACK):01 00 0C 2A 06 47 00 01 DF D5 27 0D 
2013/07/16 21:01:25:832 [007956] DEBUG [Prb.cpp, 603] - Read CC1020 completed, Address=0x000F, Data=0xDF
2013/07/16 21:01:25:832 [007956] TRACE [Prb.cpp, 584] - Reading CC1020, Address=0x0010
2013/07/16 21:01:25:833 [007956] TRACE [Prb.cpp, 1035] - ReadCC1020Packet(0x10):01 00 0C 48 84 00 02 00 10 F1 26 0D 
2013/07/16 21:01:25:833 [007140] TRACE [Prb.cpp, 835] - RxStream contents:01 00 0C 2B 06 48 00 01 80 E0 E6 0D 
2013/07/16 21:01:25:834 [007140] TRACE [Prb.cpp, 943] - RadioBoardPacket(ACK):01 00 0C 2B 06 48 00 01 80 E0 E6 0D 
2013/07/16 21:01:25:834 [007956] DEBUG [Prb.cpp, 603] - Read CC1020 completed, Address=0x0010, Data=0x80
2013/07/16 21:01:25:835 [007956] TRACE [Prb.cpp, 584] - Reading CC1020, Address=0x0013
2013/07/16 21:01:25:835 [007956] TRACE [Prb.cpp, 1035] - ReadCC1020Packet(0x13):01 00 0C 49 84 00 02 00 13 09 2F 0D 
2013/07/16 21:01:25:835 [007140] TRACE [Prb.cpp, 835] - RxStream contents:01 00 0C 2C 06 49 00 01 33 9F 4A 0D 
2013/07/16 21:01:25:836 [007140] TRACE [Prb.cpp, 943] - RadioBoardPacket(ACK):01 00 0C 2C 06 49 00 01 33 9F 4A 0D 
2013/07/16 21:01:25:837 [007956] DEBUG [Prb.cpp, 603] - Read CC1020 completed, Address=0x0013, Data=0x33
2013/07/16 21:01:25:837 [007956] TRACE [Prb.cpp, 584] - Reading CC1020, Address=0x0014
2013/07/16 21:01:25:838 [007956] TRACE [Prb.cpp, 1035] - ReadCC1020Packet(0x14):01 00 0C 4A 84 00 02 00 14 01 3E 0D 
2013/07/16 21:01:25:838 [007140] TRACE [Prb.cpp, 835] - RxStream contents:01 00 0C 2D 06 4A 00 01 3D DB 6E 0D 
2013/07/16 21:01:25:839 [007140] TRACE [Prb.cpp, 943] - RadioBoardPacket(ACK):01 00 0C 2D 06 4A 00 01 3D DB 6E 0D 
2013/07/16 21:01:25:839 [007956] DEBUG [Prb.cpp, 603] - Read CC1020 completed, Address=0x0014, Data=0x3D
2013/07/16 21:01:25:840 [007956] TRACE [Prb.cpp, 584] - Reading CC1020, Address=0x0043
2013/07/16 21:01:25:841 [007956] TRACE [Prb.cpp, 1035] - ReadCC1020Packet(0x43):01 00 0C 4B 84 00 02 00 43 78 CC 0D 
2013/07/16 21:01:25:841 [007140] TRACE [Prb.cpp, 835] - RxStream contents:01 00 0C 2E 06 4B 00 01 00 47 E0 0D 
2013/07/16 21:01:25:841 [007140] TRACE [Prb.cpp, 943] - RadioBoardPacket(ACK):01 00 0C 2E 06 4B 00 01 00 47 E0 0D 
2013/07/16 21:01:25:842 [007956] DEBUG [Prb.cpp, 603] - Read CC1020 completed, Address=0x0043, Data=0x00
2013/07/16 21:01:25:842 [007956] DEBUG [ComSysDiagnostics.cpp, 63] - CC1020 [Scan complete] FREQ_2A: 0x35 FREQ_1A: 0xf0 FREQ_0A: 0x21
2013/07/16 21:01:25:843 [007956] DEBUG [ComSysDiagnostics.cpp, 67] - CC1020 [Scan complete] FREQ_2B: 0x35 FREQ_1B: 0xfa FREQ_0B: 0xcb
2013/07/16 21:01:25:843 [007956] DEBUG [ComSysDiagnostics.cpp, 72] - CC1020 [Scan complete] AFC_CONTROL: 0xdf FILTER: 0x80 VGA3: 0x33 VGA4: 0x3d AFC: 0x00
2013/07/16 21:01:25:844 [007956] INFO [CommunicationSystemStates.cpp, 173] - Found 1 valid ids during the scan operation.
2013/07/16 21:01:25:846 [007956] INFO [CommunicationSystemStates.cpp, 190] - Id: 0x801c0094.
2013/07/16 21:01:25:847 [007956] INFO [CommunicationSystemStates.cpp, 198] - Found 0 invalid ids during the scan operation.
2013/07/16 21:01:25:857 [007180] TRACE [Prb.cpp, 493] - Reading FPGA, Address=0x1004
2013/07/16 21:01:25:858 [007180] TRACE [Prb.cpp, 1035] - ReadFPGAPacket(0x1004):01 00 0C 4C 82 00 02 10 04 F0 4B 0D 
2013/07/16 21:01:25:858 [007140] TRACE [Prb.cpp, 835] - RxStream contents:01 00 0C 2F 06 4C 00 01 00 53 E0 0D 
2013/07/16 21:01:25:859 [007140] TRACE [Prb.cpp, 943] - RadioBoardPacket(ACK):01 00 0C 2F 06 4C 00 01 00 53 E0 0D 
2013/07/16 21:01:25:860 [007180] DEBUG [Prb.cpp, 512] - Read FPGA completed, Address=0x1004, Data=0x00
2013/07/16 21:01:25:861 [007180] TRACE [Prb.cpp, 448] - Writing FPGA, Address=0x1004, Data=0x00
2013/07/16 21:01:25:861 [007180] TRACE [Prb.cpp, 1035] - WriteFPGAPacket(0x1004, 0x00):01 00 0D 4D 81 00 03 10 04 00 C4 36 0D 
2013/07/16 21:01:25:861 [007140] TRACE [Prb.cpp, 835] - RxStream contents:01 00 0B 30 06 4D 00 00 BD 6D 0D 
2013/07/16 21:01:25:862 [007140] TRACE [Prb.cpp, 943] - RadioBoardPacket(ACK):01 00 0B 30 06 4D 00 00 BD 6D 0D 
2013/07/16 21:01:25:863 [007180] DEBUG [Prb.cpp, 466] - Write FPGA completed, Address=0x1004, Data=0x00
2013/07/16 21:01:25:864 [006984] INFO [CrossTalkDetectorStates.cpp, 98] - LinkTimeout = 4523 ms
2013/07/16 21:01:25:865 [006984] INFO [CrossTalkDetector.cpp, 68] - CrossTalkDetector state changing from IdleState to LinkingState
2013/07/16 21:01:25:866 [006984] INFO [CommunicationSystemStates.cpp, 147] - Link requested. Id: 0x801c0094. Preamble Burst Duration: 2 seconds. Preamble Burst Data Rate: 0.
2013/07/16 21:01:25:868 [006984] DEBUG [ComSysDiagnostics.cpp, 95] - Resetting FPGA Frame Error Counter
2013/07/16 21:01:25:869 [006984] TRACE [Prb.cpp, 448] - Writing FPGA, Address=0x301C, Data=0x00
2013/07/16 21:01:25:869 [007140] TRACE [Prb.cpp, 835] - RxStream contents:01 00 0B 31 06 4E 00 00 3D 2A 0D 
2013/07/16 21:01:25:870 [007140] TRACE [Prb.cpp, 943] - RadioBoardPacket(ACK):01 00 0B 31 06 4E 00 00 3D 2A 0D 
2013/07/16 21:01:25:869 [006984] TRACE [Prb.cpp, 1035] - WriteFPGAPacket(0x301C, 0x00):01 00 0D 4E 81 00 03 30 1C 00 15 85 0D 
2013/07/16 21:01:25:871 [006984] DEBUG [Prb.cpp, 466] - Write FPGA completed, Address=0x301C, Data=0x00
2013/07/16 21:01:25:872 [006984] TRACE [Prb.cpp, 448] - Writing FPGA, Address=0x2000, Data=0x80
2013/07/16 21:01:25:873 [006984] TRACE [Prb.cpp, 1035] - WriteFPGAPacket(0x2000, 0x80):01 00 0D 4F 81 00 03 20 00 80 5E D5 0D 
2013/07/16 21:01:25:873 [007140] TRACE [Prb.cpp, 835] - RxStream contents:01 00 0B 32 06 4F 00 00 BD B5 0D 
2013/07/16 21:01:25:874 [007140] TRACE [Prb.cpp, 943] - RadioBoardPacket(ACK):01 00 0B 32 06 4F 00 00 BD B5 0D 
2013/07/16 21:01:25:874 [006984] DEBUG [Prb.cpp, 466] - Write FPGA completed, Address=0x2000, Data=0x80
2013/07/16 21:01:25:875 [006984] TRACE [Prb.cpp, 448] - Writing FPGA, Address=0x2002, Data=0x1C
2013/07/16 21:01:25:875 [006984] TRACE [Prb.cpp, 1035] - WriteFPGAPacket(0x2002, 0x1C):01 00 0D 50 81 00 03 20 02 1C 4F 6D 0D 
2013/07/16 21:01:25:875 [007140] TRACE [Prb.cpp, 835] - RxStream contents:01 00 0B 33 06 50 00 00 BC 41 0D 
2013/07/16 21:01:25:876 [007140] TRACE [Prb.cpp, 943] - RadioBoardPacket(ACK):01 00 0B 33 06 50 00 00 BC 41 0D 
2013/07/16 21:01:25:877 [006984] DEBUG [Prb.cpp, 466] - Write FPGA completed, Address=0x2002, Data=0x1C
2013/07/16 21:01:25:877 [006984] TRACE [Prb.cpp, 448] - Writing FPGA, Address=0x2004, Data=0x00
2013/07/16 21:01:25:878 [006984] TRACE [Prb.cpp, 1035] - WriteFPGAPacket(0x2004, 0x00):01 00 0D 51 81 00 03 20 04 00 5A 35 0D 
2013/07/16 21:01:25:878 [007140] TRACE [Prb.cpp, 835] - RxStream contents:01 00 0B 34 06 51 00 00 BD 3D 0D 
2013/07/16 21:01:25:879 [007140] TRACE [Prb.cpp, 943] - RadioBoardPacket(ACK):01 00 0B 34 06 51 00 00 BD 3D 0D 
2013/07/16 21:01:25:879 [006984] DEBUG [Prb.cpp, 466] - Write FPGA completed, Address=0x2004, Data=0x00
2013/07/16 21:01:25:880 [006984] TRACE [Prb.cpp, 448] - Writing FPGA, Address=0x2006, Data=0x94
2013/07/16 21:01:25:880 [006984] TRACE [Prb.cpp, 1035] - WriteFPGAPacket(0x2006, 0x94):01 00 0D 52 81 00 03 20 06 94 56 7D 0D 
2013/07/16 21:01:25:880 [007140] TRACE [Prb.cpp, 835] - RxStream contents:01 00 0B 35 06 52 00 00 3D 7A 0D 
2013/07/16 21:01:25:881 [007140] TRACE [Prb.cpp, 943] - RadioBoardPacket(ACK):01 00 0B 35 06 52 00 00 3D 7A 0D 
2013/07/16 21:01:25:882 [006984] DEBUG [Prb.cpp, 466] - Write FPGA completed, Address=0x2006, Data=0x94
2013/07/16 21:01:25:882 [006984] TRACE [Prb.cpp, 448] - Writing FPGA, Address=0x1002, Data=0x02
2013/07/16 21:01:25:883 [006984] TRACE [Prb.cpp, 1035] - WriteFPGAPacket(0x1002, 0x02):01 00 0D 53 81 00 03 10 02 02 4F D9 0D 
2013/07/16 21:01:25:883 [007140] TRACE [Prb.cpp, 835] - RxStream contents:01 00 0B 36 06 53 00 00 BD E5 0D 
2013/07/16 21:01:25:884 [007140] TRACE [Prb.cpp, 943] - RadioBoardPacket(ACK):01 00 0B 36 06 53 00 00 BD E5 0D 
2013/07/16 21:01:25:884 [006984] DEBUG [Prb.cpp, 466] - Write FPGA completed, Address=0x1002, Data=0x02
2013/07/16 21:01:25:885 [006984] TRACE [Prb.cpp, 493] - Reading FPGA, Address=0x1004
2013/07/16 21:01:25:885 [006984] TRACE [Prb.cpp, 1035] - ReadFPGAPacket(0x1004):01 00 0C 54 82 00 02 10 04 30 50 0D 
2013/07/16 21:01:25:885 [007140] TRACE [Prb.cpp, 835] - RxStream contents:01 00 0C 37 06 54 00 01 00 F3 FE 0D 
2013/07/16 21:01:25:886 [007140] TRACE [Prb.cpp, 943] - RadioBoardPacket(ACK):01 00 0C 37 06 54 00 01 00 F3 FE 0D 
2013/07/16 21:01:25:887 [006984] DEBUG [Prb.cpp, 512] - Read FPGA completed, Address=0x1004, Data=0x00
2013/07/16 21:01:25:887 [006984] TRACE [Prb.cpp, 448] - Writing FPGA, Address=0x1004, Data=0x00
2013/07/16 21:01:25:888 [006984] TRACE [Prb.cpp, 1035] - WriteFPGAPacket(0x1004, 0x00):01 00 0D 55 81 00 03 10 04 00 DD B6 0D 
2013/07/16 21:01:25:888 [007140] TRACE [Prb.cpp, 835] - RxStream contents:01 00 0B 38 06 55 00 00 3F 4E 0D 
2013/07/16 21:01:25:889 [007140] TRACE [Prb.cpp, 943] - RadioBoardPacket(ACK):01 00 0B 38 06 55 00 00 3F 4E 0D 
2013/07/16 21:01:25:890 [006984] DEBUG [Prb.cpp, 466] - Write FPGA completed, Address=0x1004, Data=0x00
2013/07/16 21:01:25:890 [006984] TRACE [Prb.cpp, 448] - Writing FPGA, Address=0x1008, Data=0x04
2013/07/16 21:01:25:891 [006984] TRACE [Prb.cpp, 1035] - WriteFPGAPacket(0x1008, 0x04):01 00 0D 56 81 00 03 10 08 04 76 9D 0D 
2013/07/16 21:01:25:891 [007140] TRACE [Prb.cpp, 835] - RxStream contents:01 00 0B 39 06 56 00 00 BF 09 0D 
2013/07/16 21:01:25:892 [007140] TRACE [Prb.cpp, 943] - RadioBoardPacket(ACK):01 00 0B 39 06 56 00 00 BF 09 0D 
2013/07/16 21:01:25:892 [006984] DEBUG [Prb.cpp, 466] - Write FPGA completed, Address=0x1008, Data=0x04
2013/07/16 21:01:28:932 [007956] INFO [CrossTalkDetectorStates.cpp, 174] - Invalid frame while linking
2013/07/16 21:01:28:933 [007956] TRACE [Prb.cpp, 493] - Reading FPGA, Address=0x3018
2013/07/16 21:01:28:934 [007956] TRACE [Prb.cpp, 1035] - ReadFPGAPacket(0x3018):01 00 0C 57 82 00 02 30 18 78 18 0D 
2013/07/16 21:01:28:934 [007140] TRACE [Prb.cpp, 835] - RxStream contents:01 00 0C 3B 06 57 00 01 3B EF 68 0D 
2013/07/16 21:01:28:935 [007140] TRACE [Prb.cpp, 943] - RadioBoardPacket(ACK):01 00 0C 3B 06 57 00 01 3B EF 68 0D 
2013/07/16 21:01:28:936 [007956] DEBUG [Prb.cpp, 512] - Read FPGA completed, Address=0x3018, Data=0x3B
2013/07/16 21:01:28:936 [007956] TRACE [Prb.cpp, 493] - Reading FPGA, Address=0x301A
2013/07/16 21:01:28:937 [007956] TRACE [Prb.cpp, 1035] - ReadFPGAPacket(0x301A):01 00 0C 58 82 00 02 30 1A D0 18 0D 
2013/07/16 21:01:28:937 [007140] TRACE [Prb.cpp, 835] - RxStream contents:01 00 0C 3C 06 58 00 01 02 4B F8 0D 
2013/07/16 21:01:28:938 [007140] TRACE [Prb.cpp, 943] - RadioBoardPacket(ACK):01 00 0C 3C 06 58 00 01 02 4B F8 0D 
2013/07/16 21:01:28:939 [007956] DEBUG [Prb.cpp, 512] - Read FPGA completed, Address=0x301A, Data=0x02
2013/07/16 21:01:28:939 [007956] TRACE [Prb.cpp, 493] - Reading FPGA, Address=0x3070
2013/07/16 21:01:28:940 [007956] TRACE [Prb.cpp, 1035] - ReadFPGAPacket(0x3070):01 00 0C 59 82 00 02 30 70 29 67 0D 
2013/07/16 21:01:28:940 [007140] TRACE [Prb.cpp, 835] - RxStream contents:01 00 0C 3D 06 59 00 01 FF A5 F5 0D 
2013/07/16 21:01:28:941 [007140] TRACE [Prb.cpp, 943] - RadioBoardPacket(ACK):01 00 0C 3D 06 59 00 01 FF A5 F5 0D 
2013/07/16 21:01:28:942 [007956] DEBUG [Prb.cpp, 512] - Read FPGA completed, Address=0x3070, Data=0xFF
2013/07/16 21:01:28:942 [007956] DEBUG [ComSysDiagnostics.cpp, 31] - FPGA RSSI/AFC [Linking(invalid frame)] linkedRSSI:59 linkedAFC:2 AFC:255
2013/07/16 21:01:28:948 [007956] TRACE [Prb.cpp, 493] - Reading FPGA, Address=0x3018
2013/07/16 21:01:28:949 [007956] TRACE [Prb.cpp, 1035] - ReadFPGAPacket(0x3018):01 00 0C 5A 82 00 02 30 18 20 14 0D 
2013/07/16 21:01:28:949 [007140] TRACE [Prb.cpp, 835] - RxStream contents:01 00 0C 3F 06 5A 00 01 3E 6B 73 0D 
2013/07/16 21:01:28:950 [007140] TRACE [Prb.cpp, 943] - RadioBoardPacket(ACK):01 00 0C 3F 06 5A 00 01 3E 6B 73 0D 
2013/07/16 21:01:28:951 [007956] DEBUG [Prb.cpp, 512] - Read FPGA completed, Address=0x3018, Data=0x3E
2013/07/16 21:01:28:951 [007956] TRACE [Prb.cpp, 493] - Reading FPGA, Address=0x301A
2013/07/16 21:01:28:952 [007956] TRACE [Prb.cpp, 1035] - ReadFPGAPacket(0x301A):01 00 0C 5B 82 00 02 30 1A 58 18 0D 
2013/07/16 21:01:28:952 [007140] TRACE [Prb.cpp, 835] - RxStream contents:01 00 0C 40 06 5B 00 01 FF D5 8E 0D 
2013/07/16 21:01:28:953 [007140] TRACE [Prb.cpp, 943] - RadioBoardPacket(ACK):01 00 0C 40 06 5B 00 01 FF D5 8E 0D 
2013/07/16 21:01:28:954 [007956] DEBUG [Prb.cpp, 512] - Read FPGA completed, Address=0x301A, Data=0xFF
2013/07/16 21:01:28:954 [007956] TRACE [Prb.cpp, 493] - Reading FPGA, Address=0x3070
2013/07/16 21:01:28:955 [007956] TRACE [Prb.cpp, 1035] - ReadFPGAPacket(0x3070):01 00 0C 5C 82 00 02 30 70 31 62 0D 
2013/07/16 21:01:28:955 [007140] TRACE [Prb.cpp, 835] - RxStream contents:01 00 0C 41 06 5C 00 01 FF C1 8E 0D 
2013/07/16 21:01:28:956 [007140] TRACE [Prb.cpp, 943] - RadioBoardPacket(ACK):01 00 0C 41 06 5C 00 01 FF C1 8E 0D 
2013/07/16 21:01:28:957 [007956] DEBUG [Prb.cpp, 512] - Read FPGA completed, Address=0x3070, Data=0xFF
2013/07/16 21:01:28:957 [007956] DEBUG [ComSysDiagnostics.cpp, 31] - FPGA RSSI/AFC [Linking(valid frame)] linkedRSSI:62 linkedAFC:255 AFC:255
2013/07/16 21:01:28:962 [007956] TRACE [Prb.cpp, 493] - Reading FPGA, Address=0x3018
2013/07/16 21:01:28:962 [007956] TRACE [Prb.cpp, 1035] - ReadFPGAPacket(0x3018):01 00 0C 5D 82 00 02 30 18 48 12 0D 
2013/07/16 21:01:28:962 [007140] TRACE [Prb.cpp, 835] - RxStream contents:01 00 0C 43 06 5D 00 01 3F 27 0E 0D 
2013/07/16 21:01:28:963 [007140] TRACE [Prb.cpp, 943] - RadioBoardPacket(ACK):01 00 0C 43 06 5D 00 01 3F 27 0E 0D 
2013/07/16 21:01:28:964 [007956] DEBUG [Prb.cpp, 512] - Read FPGA completed, Address=0x3018, Data=0x3F
2013/07/16 21:01:28:964 [007956] TRACE [Prb.cpp, 493] - Reading FPGA, Address=0x301A
2013/07/16 21:01:28:965 [007956] TRACE [Prb.cpp, 1035] - ReadFPGAPacket(0x301A):01 00 0C 5E 82 00 02 30 1A 40 1D 0D 
2013/07/16 21:01:28:965 [007140] TRACE [Prb.cpp, 835] - RxStream contents:01 00 0C 44 06 5E 00 01 01 F3 8F 0D 
2013/07/16 21:01:28:966 [007140] TRACE [Prb.cpp, 943] - RadioBoardPacket(ACK):01 00 0C 44 06 5E 00 01 01 F3 8F 0D 
2013/07/16 21:01:28:966 [007956] DEBUG [Prb.cpp, 512] - Read FPGA completed, Address=0x301A, Data=0x01
2013/07/16 21:01:28:967 [007956] TRACE [Prb.cpp, 493] - Reading FPGA, Address=0x3070
2013/07/16 21:01:28:967 [007956] TRACE [Prb.cpp, 1035] - ReadFPGAPacket(0x3070):01 00 0C 5F 82 00 02 30 70 B9 62 0D 
2013/07/16 21:01:28:967 [007140] TRACE [Prb.cpp, 835] - RxStream contents:01 00 0C 45 06 5F 00 01 FF 1D 88 0D 
2013/07/16 21:01:28:968 [007140] TRACE [Prb.cpp, 943] - RadioBoardPacket(ACK):01 00 0C 45 06 5F 00 01 FF 1D 88 0D 
2013/07/16 21:01:28:969 [007956] DEBUG [Prb.cpp, 512] - Read FPGA completed, Address=0x3070, Data=0xFF
2013/07/16 21:01:28:969 [007956] DEBUG [ComSysDiagnostics.cpp, 31] - FPGA RSSI/AFC [Linking(valid frame)] linkedRSSI:63 linkedAFC:1 AFC:255
2013/07/16 21:01:28:975 [007956] TRACE [Prb.cpp, 493] - Reading FPGA, Address=0x3018
2013/07/16 21:01:28:975 [007956] TRACE [Prb.cpp, 1035] - ReadFPGAPacket(0x3018):01 00 0C 60 82 00 02 30 18 10 2D 0D 
2013/07/16 21:01:28:975 [007140] TRACE [Prb.cpp, 835] - RxStream contents:01 00 0C 47 06 60 00 01 3F 63 01 0D 
2013/07/16 21:01:28:977 [007140] TRACE [Prb.cpp, 943] - RadioBoardPacket(ACK):01 00 0C 47 06 60 00 01 3F 63 01 0D 
2013/07/16 21:01:28:977 [007956] DEBUG [Prb.cpp, 512] - Read FPGA completed, Address=0x3018, Data=0x3F
2013/07/16 21:01:28:978 [007956] TRACE [Prb.cpp, 493] - Reading FPGA, Address=0x301A
2013/07/16 21:01:28:978 [007956] TRACE [Prb.cpp, 1035] - ReadFPGAPacket(0x301A):01 00 0C 61 82 00 02 30 1A 68 21 0D 
2013/07/16 21:01:28:978 [007140] TRACE [Prb.cpp, 835] - RxStream contents:01 00 0C 48 06 61 00 01 01 5F 8A 0D 
2013/07/16 21:01:28:979 [007140] TRACE [Prb.cpp, 943] - RadioBoardPacket(ACK):01 00 0C 48 06 61 00 01 01 5F 8A 0D 
2013/07/16 21:01:28:980 [007956] DEBUG [Prb.cpp, 512] - Read FPGA completed, Address=0x301A, Data=0x01
2013/07/16 21:01:28:980 [007956] TRACE [Prb.cpp, 493] - Reading FPGA, Address=0x3070
2013/07/16 21:01:28:981 [007956] TRACE [Prb.cpp, 1035] - ReadFPGAPacket(0x3070):01 00 0C 62 82 00 02 30 70 E1 5D 0D 
2013/07/16 21:01:28:981 [007140] TRACE [Prb.cpp, 835] - RxStream contents:01 00 0C 49 06 62 00 01 FF 19 8E 0D 
2013/07/16 21:01:28:982 [007140] TRACE [Prb.cpp, 943] - RadioBoardPacket(ACK):01 00 0C 49 06 62 00 01 FF 19 8E 0D 
2013/07/16 21:01:28:983 [007956] DEBUG [Prb.cpp, 512] - Read FPGA completed, Address=0x3070, Data=0xFF
2013/07/16 21:01:28:983 [007956] DEBUG [ComSysDiagnostics.cpp, 31] - FPGA RSSI/AFC [Linking(valid frame)] linkedRSSI:63 linkedAFC:1 AFC:255
2013/07/16 21:01:28:994 [007956] TRACE [Prb.cpp, 493] - Reading FPGA, Address=0x3018
2013/07/16 21:01:28:994 [007956] TRACE [Prb.cpp, 1035] - ReadFPGAPacket(0x3018):01 00 0C 63 82 00 02 30 18 98 2D 0D 
2013/07/16 21:01:28:994 [007140] TRACE [Prb.cpp, 835] - RxStream contents:01 00 0C 4B 06 63 00 01 3E 7F 0B 0D 
2013/07/16 21:01:28:995 [007140] TRACE [Prb.cpp, 943] - RadioBoardPacket(ACK):01 00 0C 4B 06 63 00 01 3E 7F 0B 0D 
2013/07/16 21:01:28:996 [007956] DEBUG [Prb.cpp, 512] - Read FPGA completed, Address=0x3018, Data=0x3E
2013/07/16 21:01:28:997 [007956] TRACE [Prb.cpp, 493] - Reading FPGA, Address=0x301A
2013/07/16 21:01:28:997 [007956] TRACE [Prb.cpp, 1035] - ReadFPGAPacket(0x301A):01 00 0C 64 82 00 02 30 1A 70 24 0D 
2013/07/16 21:01:28:997 [007140] TRACE [Prb.cpp, 835] - RxStream contents:01 00 0C 4C 06 64 00 01 00 7B 89 0D 
2013/07/16 21:01:28:998 [007140] TRACE [Prb.cpp, 943] - RadioBoardPacket(ACK):01 00 0C 4C 06 64 00 01 00 7B 89 0D 
2013/07/16 21:01:28:999 [007956] DEBUG [Prb.cpp, 512] - Read FPGA completed, Address=0x301A, Data=0x00
2013/07/16 21:01:28:999 [007956] TRACE [Prb.cpp, 493] - Reading FPGA, Address=0x3070
2013/07/16 21:01:29:000 [007956] TRACE [Prb.cpp, 1035] - ReadFPGAPacket(0x3070):01 00 0C 65 82 00 02 30 70 89 5B 0D 
2013/07/16 21:01:29:000 [007140] TRACE [Prb.cpp, 835] - RxStream contents:01 00 0C 4D 06 65 00 01 00 17 89 0D 
2013/07/16 21:01:29:001 [007140] TRACE [Prb.cpp, 943] - RadioBoardPacket(ACK):01 00 0C 4D 06 65 00 01 00 17 89 0D 
2013/07/16 21:01:29:002 [007956] DEBUG [Prb.cpp, 512] - Read FPGA completed, Address=0x3070, Data=0x00
2013/07/16 21:01:29:002 [007956] DEBUG [ComSysDiagnostics.cpp, 31] - FPGA RSSI/AFC [Linking(valid frame)] linkedRSSI:62 linkedAFC:0 AFC:0
2013/07/16 21:01:29:008 [007956] TRACE [Prb.cpp, 493] - Reading FPGA, Address=0x3018
2013/07/16 21:01:29:008 [007956] TRACE [Prb.cpp, 1035] - ReadFPGAPacket(0x3018):01 00 0C 66 82 00 02 30 18 80 28 0D 
2013/07/16 21:01:29:009 [007140] TRACE [Prb.cpp, 835] - RxStream contents:01 00 0C 4F 06 66 00 01 3A 5B 16 0D 
2013/07/16 21:01:29:010 [007140] TRACE [Prb.cpp, 943] - RadioBoardPacket(ACK):01 00 0C 4F 06 66 00 01 3A 5B 16 0D 
2013/07/16 21:01:29:010 [007956] DEBUG [Prb.cpp, 512] - Read FPGA completed, Address=0x3018, Data=0x3A
2013/07/16 21:01:29:011 [007956] TRACE [Prb.cpp, 493] - Reading FPGA, Address=0x301A
2013/07/16 21:01:29:012 [007956] TRACE [Prb.cpp, 1035] - ReadFPGAPacket(0x301A):01 00 0C 67 82 00 02 30 1A F8 24 0D 
2013/07/16 21:01:29:012 [007140] TRACE [Prb.cpp, 835] - RxStream contents:01 00 0C 50 06 67 00 01 00 67 94 0D 
2013/07/16 21:01:29:013 [007140] TRACE [Prb.cpp, 943] - RadioBoardPacket(ACK):01 00 0C 50 06 67 00 01 00 67 94 0D 
2013/07/16 21:01:29:013 [007956] DEBUG [Prb.cpp, 512] - Read FPGA completed, Address=0x301A, Data=0x00
2013/07/16 21:01:29:014 [007956] TRACE [Prb.cpp, 493] - Reading FPGA, Address=0x3070
2013/07/16 21:01:29:015 [007956] TRACE [Prb.cpp, 1035] - ReadFPGAPacket(0x3070):01 00 0C 68 82 00 02 30 70 D1 57 0D 
2013/07/16 21:01:29:015 [007140] TRACE [Prb.cpp, 835] - RxStream contents:01 00 0C 51 06 68 00 01 FF 51 95 0D 
2013/07/16 21:01:29:016 [007140] TRACE [Prb.cpp, 943] - RadioBoardPacket(ACK):01 00 0C 51 06 68 00 01 FF 51 95 0D 
2013/07/16 21:01:29:016 [007956] DEBUG [Prb.cpp, 512] - Read FPGA completed, Address=0x3070, Data=0xFF
2013/07/16 21:01:29:017 [007956] DEBUG [ComSysDiagnostics.cpp, 31] - FPGA RSSI/AFC [Linking(valid frame)] linkedRSSI:58 linkedAFC:0 AFC:255
2013/07/16 21:01:29:022 [007956] TRACE [Prb.cpp, 493] - Reading FPGA, Address=0x3018
2013/07/16 21:01:29:022 [007956] TRACE [Prb.cpp, 1035] - ReadFPGAPacket(0x3018):01 00 0C 69 82 00 02 30 18 A8 27 0D 
2013/07/16 21:01:29:022 [007140] TRACE [Prb.cpp, 835] - RxStream contents:01 00 0C 53 06 69 00 01 3E 37 10 0D 
2013/07/16 21:01:29:023 [007140] TRACE [Prb.cpp, 943] - RadioBoardPacket(ACK):01 00 0C 53 06 69 00 01 3E 37 10 0D 
2013/07/16 21:01:29:024 [007956] DEBUG [Prb.cpp, 512] - Read FPGA completed, Address=0x3018, Data=0x3E
2013/07/16 21:01:29:024 [007956] TRACE [Prb.cpp, 493] - Reading FPGA, Address=0x301A
2013/07/16 21:01:29:025 [007956] TRACE [Prb.cpp, 1035] - ReadFPGAPacket(0x301A):01 00 0C 6A 82 00 02 30 1A A0 28 0D 
2013/07/16 21:01:29:025 [007140] TRACE [Prb.cpp, 835] - RxStream contents:01 00 0C 54 06 6A 00 01 01 63 94 0D 
2013/07/16 21:01:29:026 [007140] TRACE [Prb.cpp, 943] - RadioBoardPacket(ACK):01 00 0C 54 06 6A 00 01 01 63 94 0D 
2013/07/16 21:01:29:026 [007956] DEBUG [Prb.cpp, 512] - Read FPGA completed, Address=0x301A, Data=0x01
2013/07/16 21:01:29:027 [007956] TRACE [Prb.cpp, 493] - Reading FPGA, Address=0x3070
2013/07/16 21:01:29:027 [007956] TRACE [Prb.cpp, 1035] - ReadFPGAPacket(0x3070):01 00 0C 6B 82 00 02 30 70 59 57 0D 
2013/07/16 21:01:29:027 [007140] TRACE [Prb.cpp, 835] - RxStream contents:01 00 0C 55 06 6B 00 01 FF 8D 93 0D 
2013/07/16 21:01:29:028 [007140] TRACE [Prb.cpp, 943] - RadioBoardPacket(ACK):01 00 0C 55 06 6B 00 01 FF 8D 93 0D 
2013/07/16 21:01:29:029 [007956] DEBUG [Prb.cpp, 512] - Read FPGA completed, Address=0x3070, Data=0xFF
2013/07/16 21:01:29:029 [007956] DEBUG [ComSysDiagnostics.cpp, 31] - FPGA RSSI/AFC [Linking(valid frame)] linkedRSSI:62 linkedAFC:1 AFC:255
2013/07/16 21:01:29:040 [007956] TRACE [Prb.cpp, 493] - Reading FPGA, Address=0x3018
2013/07/16 21:01:29:040 [007956] TRACE [Prb.cpp, 1035] - ReadFPGAPacket(0x3018):01 00 0C 6C 82 00 02 30 18 B0 22 0D 
2013/07/16 21:01:29:041 [007140] TRACE [Prb.cpp, 835] - RxStream contents:01 00 0C 57 06 6C 00 01 3C 13 19 0D 
2013/07/16 21:01:29:042 [007140] TRACE [Prb.cpp, 943] - RadioBoardPacket(ACK):01 00 0C 57 06 6C 00 01 3C 13 19 0D 
2013/07/16 21:01:29:042 [007956] DEBUG [Prb.cpp, 512] - Read FPGA completed, Address=0x3018, Data=0x3C
2013/07/16 21:01:29:043 [007956] TRACE [Prb.cpp, 493] - Reading FPGA, Address=0x301A
2013/07/16 21:01:29:044 [007956] TRACE [Prb.cpp, 1035] - ReadFPGAPacket(0x301A):01 00 0C 6D 82 00 02 30 1A C8 2E 0D 
2013/07/16 21:01:29:044 [007140] TRACE [Prb.cpp, 835] - RxStream contents:01 00 0C 58 06 6D 00 01 01 2F 98 0D 
2013/07/16 21:01:29:045 [007140] TRACE [Prb.cpp, 943] - RadioBoardPacket(ACK):01 00 0C 58 06 6D 00 01 01 2F 98 0D 
2013/07/16 21:01:29:045 [007956] DEBUG [Prb.cpp, 512] - Read FPGA completed, Address=0x301A, Data=0x01
2013/07/16 21:01:29:046 [007956] TRACE [Prb.cpp, 493] - Reading FPGA, Address=0x3070
2013/07/16 21:01:29:047 [007956] TRACE [Prb.cpp, 1035] - ReadFPGAPacket(0x3070):01 00 0C 6E 82 00 02 30 70 41 52 0D 
2013/07/16 21:01:29:047 [007140] TRACE [Prb.cpp, 835] - RxStream contents:01 00 0C 59 06 6E 00 01 FF 69 9C 0D 
2013/07/16 21:01:29:048 [007140] TRACE [Prb.cpp, 943] - RadioBoardPacket(ACK):01 00 0C 59 06 6E 00 01 FF 69 9C 0D 
2013/07/16 21:01:29:048 [007956] DEBUG [Prb.cpp, 512] - Read FPGA completed, Address=0x3070, Data=0xFF
2013/07/16 21:01:29:049 [007956] DEBUG [ComSysDiagnostics.cpp, 31] - FPGA RSSI/AFC [Linking(valid frame)] linkedRSSI:60 linkedAFC:1 AFC:255
2013/07/16 21:01:29:055 [007956] TRACE [Prb.cpp, 493] - Reading FPGA, Address=0x3018
2013/07/16 21:01:29:055 [007956] TRACE [Prb.cpp, 1035] - ReadFPGAPacket(0x3018):01 00 0C 6F 82 00 02 30 18 38 22 0D 
2013/07/16 21:01:29:055 [007140] TRACE [Prb.cpp, 835] - RxStream contents:01 00 0C 5B 06 6F 00 01 3F 8F 1C 0D 
2013/07/16 21:01:29:057 [007140] TRACE [Prb.cpp, 943] - RadioBoardPacket(ACK):01 00 0C 5B 06 6F 00 01 3F 8F 1C 0D 
2013/07/16 21:01:29:057 [007956] DEBUG [Prb.cpp, 512] - Read FPGA completed, Address=0x3018, Data=0x3F
2013/07/16 21:01:29:058 [007956] TRACE [Prb.cpp, 493] - Reading FPGA, Address=0x301A
2013/07/16 21:01:29:058 [007956] TRACE [Prb.cpp, 1035] - ReadFPGAPacket(0x301A):01 00 0C 70 82 00 02 30 1A 10 30 0D 
2013/07/16 21:01:29:058 [007140] TRACE [Prb.cpp, 835] - RxStream contents:01 00 0C 5C 06 70 00 01 00 6B 9E 0D 
2013/07/16 21:01:29:059 [007140] TRACE [Prb.cpp, 943] - RadioBoardPacket(ACK):01 00 0C 5C 06 70 00 01 00 6B 9E 0D 
2013/07/16 21:01:29:060 [007956] DEBUG [Prb.cpp, 512] - Read FPGA completed, Address=0x301A, Data=0x00
2013/07/16 21:01:29:060 [007956] TRACE [Prb.cpp, 493] - Reading FPGA, Address=0x3070
2013/07/16 21:01:29:061 [007956] TRACE [Prb.cpp, 1035] - ReadFPGAPacket(0x3070):01 00 0C 71 82 00 02 30 70 E9 4F 0D 
2013/07/16 21:01:29:061 [007140] TRACE [Prb.cpp, 835] - RxStream contents:01 00 0C 5D 06 71 00 01 00 07 9E 0D 
2013/07/16 21:01:29:062 [007140] TRACE [Prb.cpp, 943] - RadioBoardPacket(ACK):01 00 0C 5D 06 71 00 01 00 07 9E 0D 
2013/07/16 21:01:29:062 [007956] DEBUG [Prb.cpp, 512] - Read FPGA completed, Address=0x3070, Data=0x00
2013/07/16 21:01:29:063 [007956] DEBUG [ComSysDiagnostics.cpp, 31] - FPGA RSSI/AFC [Linking(valid frame)] linkedRSSI:63 linkedAFC:0 AFC:0
2013/07/16 21:01:29:073 [007956] TRACE [Prb.cpp, 584] - Reading CC1020, Address=0x0004
2013/07/16 21:01:29:073 [007956] TRACE [Prb.cpp, 1035] - ReadCC1020Packet(0x04):01 00 0C 72 84 00 02 00 04 C1 67 0D 
2013/07/16 21:01:29:084 [007140] TRACE [Prb.cpp, 835] - RxStream contents:01 00 0C 5F 06 72 00 01 35 4B 23 0D 01 
2013/07/16 21:01:29:085 [007140] TRACE [Prb.cpp, 943] - RadioBoardPacket(ACK):01 00 0C 5F 06 72 00 01 35 4B 23 0D 
2013/07/16 21:01:29:085 [007956] DEBUG [Prb.cpp, 603] - Read CC1020 completed, Address=0x0004, Data=0x35
2013/07/16 21:01:29:086 [007956] TRACE [Prb.cpp, 584] - Reading CC1020, Address=0x0005
2013/07/16 21:01:29:086 [007956] TRACE [Prb.cpp, 1035] - ReadCC1020Packet(0x05):01 00 0C 73 84 00 02 00 05 B9 61 0D 
2013/07/16 21:01:29:100 [007140] TRACE [Prb.cpp, 943] - RadioBoardPacket(ACK):01 00 0C 61 06 73 00 01 EF 8D C0 0D 
2013/07/16 21:01:29:100 [007956] DEBUG [Prb.cpp, 603] - Read CC1020 completed, Address=0x0005, Data=0xEF
2013/07/16 21:01:29:101 [007956] TRACE [Prb.cpp, 584] - Reading CC1020, Address=0x0006
2013/07/16 21:01:29:102 [007956] TRACE [Prb.cpp, 1035] - ReadCC1020Packet(0x06):01 00 0C 74 84 00 02 00 06 D1 6D 0D 
2013/07/16 21:01:29:115 [007140] TRACE [Prb.cpp, 943] - RadioBoardPacket(ACK):01 00 0C 63 06 74 00 01 BD 90 2F 0D 
2013/07/16 21:01:29:116 [007956] DEBUG [Prb.cpp, 603] - Read CC1020 completed, Address=0x0006, Data=0xBD
2013/07/16 21:01:29:117 [007956] TRACE [Prb.cpp, 584] - Reading CC1020, Address=0x0008
2013/07/16 21:01:29:117 [007956] TRACE [Prb.cpp, 1035] - ReadCC1020Packet(0x08):01 00 0C 75 84 00 02 00 08 A9 49 0D 
2013/07/16 21:01:29:131 [007140] TRACE [Prb.cpp, 943] - RadioBoardPacket(ACK):01 00 0C 65 06 75 00 01 35 97 19 0D 
2013/07/16 21:01:29:132 [007956] DEBUG [Prb.cpp, 603] - Read CC1020 completed, Address=0x0008, Data=0x35
2013/07/16 21:01:29:132 [007956] TRACE [Prb.cpp, 584] - Reading CC1020, Address=0x0009
2013/07/16 21:01:29:133 [007956] TRACE [Prb.cpp, 1035] - ReadCC1020Packet(0x09):01 00 0C 76 84 00 02 00 09 A1 4C 0D 
2013/07/16 21:01:29:147 [007140] TRACE [Prb.cpp, 943] - RadioBoardPacket(ACK):01 00 0C 67 06 76 00 01 FA D9 B8 0D 
2013/07/16 21:01:29:147 [007956] DEBUG [Prb.cpp, 603] - Read CC1020 completed, Address=0x0009, Data=0xFA
2013/07/16 21:01:29:148 [007956] TRACE [Prb.cpp, 584] - Reading CC1020, Address=0x000A
2013/07/16 21:01:29:149 [007956] TRACE [Prb.cpp, 1035] - ReadCC1020Packet(0x0A):01 00 0C 77 84 00 02 00 0A 59 45 0D 
2013/07/16 21:01:29:162 [007140] TRACE [Prb.cpp, 943] - RadioBoardPacket(ACK):01 00 0C 69 06 77 00 01 67 1E FA 0D 
2013/07/16 21:01:29:163 [007956] DEBUG [Prb.cpp, 603] - Read CC1020 completed, Address=0x000A, Data=0x67
2013/07/16 21:01:29:163 [007956] TRACE [Prb.cpp, 584] - Reading CC1020, Address=0x000F
2013/07/16 21:01:29:164 [007956] TRACE [Prb.cpp, 1035] - ReadCC1020Packet(0x0F):01 00 0C 78 84 00 02 00 0F 71 54 0D 
2013/07/16 21:01:29:178 [007140] TRACE [Prb.cpp, 835] - RxStream contents:01 00 0C 6B 06 78 00 01 DF A1 69 0D 01 00 1F 6C 00 00 00 14 04 7E 81 81 7F 07 
2013/07/16 21:01:29:179 [007140] TRACE [Prb.cpp, 943] - RadioBoardPacket(ACK):01 00 0C 6B 06 78 00 01 DF A1 69 0D 
2013/07/16 21:01:29:179 [007956] DEBUG [Prb.cpp, 603] - Read CC1020 completed, Address=0x000F, Data=0xDF
2013/07/16 21:01:29:180 [007956] TRACE [Prb.cpp, 584] - Reading CC1020, Address=0x0010
2013/07/16 21:01:29:181 [007956] TRACE [Prb.cpp, 1035] - ReadCC1020Packet(0x10):01 00 0C 79 84 00 02 00 10 09 16 0D 
2013/07/16 21:01:29:194 [007140] TRACE [Prb.cpp, 943] - RadioBoardPacket(ACK):01 00 0C 6D 06 79 00 01 22 27 62 0D 
2013/07/16 21:01:29:194 [007956] DEBUG [Prb.cpp, 603] - Read CC1020 completed, Address=0x0010, Data=0x22
2013/07/16 21:01:29:195 [007956] TRACE [Prb.cpp, 584] - Reading CC1020, Address=0x0013
2013/07/16 21:01:29:196 [007956] TRACE [Prb.cpp, 1035] - ReadCC1020Packet(0x13):01 00 0C 7A 84 00 02 00 13 81 1C 0D 
2013/07/16 21:01:29:209 [007140] TRACE [Prb.cpp, 943] - RadioBoardPacket(ACK):01 00 0C 6F 06 7A 00 01 2F EB 4C 0D 
2013/07/16 21:01:29:210 [007956] DEBUG [Prb.cpp, 603] - Read CC1020 completed, Address=0x0013, Data=0x2F
2013/07/16 21:01:29:210 [007956] TRACE [Prb.cpp, 584] - Reading CC1020, Address=0x0014
2013/07/16 21:01:29:211 [007956] TRACE [Prb.cpp, 1035] - ReadCC1020Packet(0x14):01 00 0C 7B 84 00 02 00 14 F9 0E 0D 
2013/07/16 21:01:29:225 [007140] TRACE [Prb.cpp, 943] - RadioBoardPacket(ACK):01 00 0C 71 06 7B 00 01 2F 2F 51 0D 
2013/07/16 21:01:29:226 [007956] DEBUG [Prb.cpp, 603] - Read CC1020 completed, Address=0x0014, Data=0x2F
2013/07/16 21:01:29:226 [007956] TRACE [Prb.cpp, 584] - Reading CC1020, Address=0x0043
2013/07/16 21:01:29:227 [007956] TRACE [Prb.cpp, 1035] - ReadCC1020Packet(0x43):01 00 0C 7C 84 00 02 00 43 10 F9 0D 
2013/07/16 21:01:29:240 [007140] TRACE [Prb.cpp, 835] - RxStream contents:01 00 0C 73 06 7C 00 01 FF 31 B2 0D 
2013/07/16 21:01:29:241 [007140] TRACE [Prb.cpp, 943] - RadioBoardPacket(ACK):01 00 0C 73 06 7C 00 01 FF 31 B2 0D 
2013/07/16 21:01:29:241 [007956] DEBUG [Prb.cpp, 603] - Read CC1020 completed, Address=0x0043, Data=0xFF
2013/07/16 21:01:29:242 [007956] DEBUG [ComSysDiagnostics.cpp, 63] - CC1020 [Link complete] FREQ_2A: 0x35 FREQ_1A: 0xef FREQ_0A: 0xbd
2013/07/16 21:01:29:242 [007956] DEBUG [ComSysDiagnostics.cpp, 67] - CC1020 [Link complete] FREQ_2B: 0x35 FREQ_1B: 0xfa FREQ_0B: 0x67
2013/07/16 21:01:29:243 [007956] DEBUG [ComSysDiagnostics.cpp, 72] - CC1020 [Link complete] AFC_CONTROL: 0xdf FILTER: 0x22 VGA3: 0x2f VGA4: 0x2f AFC: 0xff
2013/07/16 21:01:29:243 [007956] TRACE [Prb.cpp, 493] - Reading FPGA, Address=0x3018
2013/07/16 21:01:29:244 [007956] TRACE [Prb.cpp, 1035] - ReadFPGAPacket(0x3018):01 00 0C 7D 82 00 02 30 18 C8 33 0D 
2013/07/16 21:01:29:244 [007140] TRACE [Prb.cpp, 835] - RxStream contents:01 00 0C 75 06 7D 00 01 3F 37 34 0D 
2013/07/16 21:01:29:245 [007140] TRACE [Prb.cpp, 943] - RadioBoardPacket(ACK):01 00 0C 75 06 7D 00 01 3F 37 34 0D 
2013/07/16 21:01:29:245 [007956] DEBUG [Prb.cpp, 512] - Read FPGA completed, Address=0x3018, Data=0x3F
2013/07/16 21:01:29:246 [007956] TRACE [Prb.cpp, 493] - Reading FPGA, Address=0x301A
2013/07/16 21:01:29:247 [007956] TRACE [Prb.cpp, 1035] - ReadFPGAPacket(0x301A):01 00 0C 7E 82 00 02 30 1A C0 3C 0D 
2013/07/16 21:01:29:247 [007140] TRACE [Prb.cpp, 835] - RxStream contents:01 00 0C 76 06 7E 00 01 00 83 B6 0D 
2013/07/16 21:01:29:248 [007140] TRACE [Prb.cpp, 943] - RadioBoardPacket(ACK):01 00 0C 76 06 7E 00 01 00 83 B6 0D 
2013/07/16 21:01:29:248 [007956] DEBUG [Prb.cpp, 512] - Read FPGA completed, Address=0x301A, Data=0x00
2013/07/16 21:01:29:249 [007956] TRACE [Prb.cpp, 493] - Reading FPGA, Address=0x3070
2013/07/16 21:01:29:249 [007956] TRACE [Prb.cpp, 1035] - ReadFPGAPacket(0x3070):01 00 0C 7F 82 00 02 30 70 39 43 0D 
2013/07/16 21:01:29:249 [007140] TRACE [Prb.cpp, 835] - RxStream contents:01 00 0C 77 06 7F 00 01 00 EF B6 0D 
2013/07/16 21:01:29:250 [007140] TRACE [Prb.cpp, 943] - RadioBoardPacket(ACK):01 00 0C 77 06 7F 00 01 00 EF B6 0D 
2013/07/16 21:01:29:251 [007956] DEBUG [Prb.cpp, 512] - Read FPGA completed, Address=0x3070, Data=0x00
2013/07/16 21:01:29:251 [007956] DEBUG [ComSysDiagnostics.cpp, 31] - FPGA RSSI/AFC [Link complete] linkedRSSI:63 linkedAFC:0 AFC:0
2013/07/16 21:01:29:252 [007956] INFO [ComSysDiagnostics.cpp, 79] - Status Counters [Link complete] FrameErrorsInLastSecond:1 EcgErrorsInLastSecond:0 MarkerOrImplantIdErrorsInLastSecond:0 TotalFrameErrors:1 TotalEcgErrors:0 TotalMarkerOrImplantIdErrors:0 TotalSentCommands:0 TotalGoodResponses:0 TotalBadResponses:0 TotalResponseTimeouts:0
2013/07/16 21:01:29:253 [007956] TRACE [Prb.cpp, 493] - Reading FPGA, Address=0x301C
2013/07/16 21:01:29:254 [007956] TRACE [Prb.cpp, 1035] - ReadFPGAPacket(0x301C):01 00 0C 80 82 00 02 30 1C 10 DB 0D 
2013/07/16 21:01:29:254 [007140] TRACE [Prb.cpp, 835] - RxStream contents:01 00 0C 78 06 80 00 01 01 4B 94 0D 
2013/07/16 21:01:29:255 [007140] TRACE [Prb.cpp, 943] - RadioBoardPacket(ACK):01 00 0C 78 06 80 00 01 01 4B 94 0D 
2013/07/16 21:01:29:255 [007956] DEBUG [Prb.cpp, 512] - Read FPGA completed, Address=0x301C, Data=0x01
2013/07/16 21:01:29:256 [007956] DEBUG [ComSysDiagnostics.cpp, 89] - FPGA Frame Error Counter [Link complete]:1
2013/07/16 21:01:29:256 [007956] INFO [CrossTalkDetector.cpp, 68] - CrossTalkDetector state changing from LinkingState to LinkedState
2013/07/16 21:01:29:257 [007956] INFO [CommunicationSystemStates.cpp, 221] - Link complete.
2013/07/16 21:01:29:294 [006984] INFO 0x801C0094 [CommunicationSystemStateMachine.cpp, 237] - Command: 0xe4. Retries: 3. Timeout: 500 ms.
2013/07/16 21:01:29:297 [006984] INFO 0x801C0094 [CommunicationSystemStateMachine.cpp, 252] - Send Command:E4 02 58 
2013/07/16 21:01:29:297 [006984] TRACE 0x801C0094 [Prb.cpp, 493] - Reading FPGA, Address=0x3018
2013/07/16 21:01:29:298 [006984] TRACE 0x801C0094 [Prb.cpp, 1035] - ReadFPGAPacket(0x3018):01 00 0C 81 82 00 02 30 18 68 C3 0D 
2013/07/16 21:01:29:298 [007140] TRACE 0x801C0094 [Prb.cpp, 835] - RxStream contents:01 00 0C 7C 06 81 00 01 3F BF 16 0D 
2013/07/16 21:01:29:299 [007140] TRACE 0x801C0094 [Prb.cpp, 943] - RadioBoardPacket(ACK):01 00 0C 7C 06 81 00 01 3F BF 16 0D 
2013/07/16 21:01:29:300 [006984] DEBUG 0x801C0094 [Prb.cpp, 512] - Read FPGA completed, Address=0x3018, Data=0x3F
2013/07/16 21:01:29:300 [006984] TRACE 0x801C0094 [Prb.cpp, 493] - Reading FPGA, Address=0x301A
2013/07/16 21:01:29:301 [006984] TRACE 0x801C0094 [Prb.cpp, 1035] - ReadFPGAPacket(0x301A):01 00 0C 82 82 00 02 30 1A 60 CC 0D 
2013/07/16 21:01:29:301 [007140] TRACE 0x801C0094 [Prb.cpp, 835] - RxStream contents:01 00 0C 7D 06 82 00 01 01 FB 92 0D 
2013/07/16 21:01:29:302 [007140] TRACE 0x801C0094 [Prb.cpp, 943] - RadioBoardPacket(ACK):01 00 0C 7D 06 82 00 01 01 FB 92 0D 
2013/07/16 21:01:29:303 [006984] DEBUG 0x801C0094 [Prb.cpp, 512] - Read FPGA completed, Address=0x301A, Data=0x01
2013/07/16 21:01:29:303 [006984] TRACE 0x801C0094 [Prb.cpp, 493] - Reading FPGA, Address=0x3070
2013/07/16 21:01:29:304 [006984] TRACE 0x801C0094 [Prb.cpp, 1035] - ReadFPGAPacket(0x3070):01 00 0C 83 82 00 02 30 70 99 B3 0D 
2013/07/16 21:01:29:304 [007140] TRACE 0x801C0094 [Prb.cpp, 835] - RxStream contents:01 00 0C 7F 06 83 00 01 00 9F 97 0D 
2013/07/16 21:01:29:305 [007140] TRACE 0x801C0094 [Prb.cpp, 943] - RadioBoardPacket(ACK):01 00 0C 7F 06 83 00 01 00 9F 97 0D 
2013/07/16 21:01:29:306 [006984] DEBUG 0x801C0094 [Prb.cpp, 512] - Read FPGA completed, Address=0x3070, Data=0x00
2013/07/16 21:01:29:306 [006984] DEBUG 0x801C0094 [ComSysDiagnostics.cpp, 31] - FPGA RSSI/AFC [Send Command] linkedRSSI:63 linkedAFC:1 AFC:0
2013/07/16 21:01:29:307 [006984] TRACE 0x801C0094 [Prb.cpp, 383] - Send Command, Command=0xe4
2013/07/16 21:01:29:308 [006984] TRACE 0x801C0094 [Prb.cpp, 1035] - WriteTransmitterPacket():01 00 0D 84 87 00 03 E4 02 58 88 E3 0D 
2013/07/16 21:01:29:308 [007140] TRACE 0x801C0094 [Prb.cpp, 835] - RxStream contents:01 00 0B 80 06 84 00 00 06 5A 0D 
2013/07/16 21:01:29:309 [007140] TRACE 0x801C0094 [Prb.cpp, 943] - RadioBoardPacket(ACK):01 00 0B 80 06 84 00 00 06 5A 0D 
2013/07/16 21:01:29:309 [006984] DEBUG 0x801C0094 [Prb.cpp, 402] - Send Command completed, Command=0xe4
2013/07/16 21:01:29:460 [007956] INFO 0x801C0094 [ComSysDiagnostics.cpp, 79] - Status Counters [Link lost] FrameErrorsInLastSecond:9 EcgErrorsInLastSecond:0 MarkerOrImplantIdErrorsInLastSecond:0 TotalFrameErrors:9 TotalEcgErrors:0 TotalMarkerOrImplantIdErrors:0 TotalSentCommands:1 TotalGoodResponses:0 TotalBadResponses:0 TotalResponseTimeouts:0
2013/07/16 21:01:29:461 [007956] TRACE 0x801C0094 [Prb.cpp, 493] - Reading FPGA, Address=0x301C
2013/07/16 21:01:29:461 [007956] TRACE 0x801C0094 [Prb.cpp, 1035] - ReadFPGAPacket(0x301C):01 00 0C 85 82 00 02 30 1C 08 DE 0D 
2013/07/16 21:01:29:461 [007140] TRACE 0x801C0094 [Prb.cpp, 835] - RxStream contents:01 00 0C 8B 06 85 00 01 0A 07 52 0D 
2013/07/16 21:01:29:462 [007140] TRACE 0x801C0094 [Prb.cpp, 943] - RadioBoardPacket(ACK):01 00 0C 8B 06 85 00 01 0A 07 52 0D 
2013/07/16 21:01:29:463 [007956] DEBUG 0x801C0094 [Prb.cpp, 512] - Read FPGA completed, Address=0x301C, Data=0x0A
2013/07/16 21:01:29:463 [007956] DEBUG 0x801C0094 [ComSysDiagnostics.cpp, 89] - FPGA Frame Error Counter [Link lost]:10
2013/07/16 21:01:29:471 [007956] INFO 0x801C0094 [CommunicationSystemStateMachine.cpp, 769] - Command Completed
2013/07/16 21:01:29:472 [007956] DEBUG 0x801C0094 [CommunicationSystemStateMachine.cpp, 330] - ... after 10 frames.
2013/07/16 21:01:29:475 [007956] TRACE 0x801C0094 [Prb.cpp, 448] - Writing FPGA, Address=0x1008, Data=0x08
2013/07/16 21:01:29:475 [007956] TRACE 0x801C0094 [Prb.cpp, 1035] - WriteFPGAPacket(0x1008, 0x08):01 00 0D 86 81 00 03 10 08 08 2B B6 0D 
2013/07/16 21:01:29:475 [007140] TRACE 0x801C0094 [Prb.cpp, 835] - RxStream contents:01 00 0B 8D 06 86 00 00 04 2A 0D 
2013/07/16 21:01:29:477 [007140] TRACE 0x801C0094 [Prb.cpp, 943] - RadioBoardPacket(ACK):01 00 0B 8D 06 86 00 00 04 2A 0D 
2013/07/16 21:01:29:477 [007956] DEBUG 0x801C0094 [Prb.cpp, 466] - Write FPGA completed, Address=0x1008, Data=0x08
2013/07/16 21:01:29:494 [007956] TRACE 0x801C0094 [Prb.cpp, 493] - Reading FPGA, Address=0x300A
2013/07/16 21:01:29:494 [007956] TRACE 0x801C0094 [Prb.cpp, 1035] - ReadFPGAPacket(0x300A):01 00 0C 87 82 00 02 30 0A F8 AA 0D 
2013/07/16 21:01:29:494 [007140] TRACE 0x801C0094 [Prb.cpp, 835] - RxStream contents:01 00 0C 8E 06 87 00 01 00 B7 68 0D 
2013/07/16 21:01:29:496 [007140] TRACE 0x801C0094 [Prb.cpp, 943] - RadioBoardPacket(ACK):01 00 0C 8E 06 87 00 01 00 B7 68 0D 
2013/07/16 21:01:29:496 [007956] DEBUG 0x801C0094 [Prb.cpp, 512] - Read FPGA completed, Address=0x300A, Data=0x00
2013/07/16 21:01:29:497 [007956] TRACE 0x801C0094 [Prb.cpp, 448] - Writing FPGA, Address=0x300A, Data=0x03
2013/07/16 21:01:29:497 [007956] TRACE 0x801C0094 [Prb.cpp, 1035] - WriteFPGAPacket(0x300A, 0x03):01 00 0D 88 81 00 03 30 0A 03 2B EC 0D 
2013/07/16 21:01:29:497 [007140] TRACE 0x801C0094 [Prb.cpp, 835] - RxStream contents:01 00 0B 8F 06 88 00 00 04 02 0D 
2013/07/16 21:01:29:498 [007140] TRACE 0x801C0094 [Prb.cpp, 943] - RadioBoardPacket(ACK):01 00 0B 8F 06 88 00 00 04 02 0D 
2013/07/16 21:01:29:499 [007956] DEBUG 0x801C0094 [Prb.cpp, 466] - Write FPGA completed, Address=0x300A, Data=0x03
2013/07/16 21:01:29:639 [005424] INFO [NCommunicationSystem.cpp, 747] - Disposing: 1
2013/07/16 21:01:29:642 [005424] INFO [CrossAppDomainEventMarshaller.cpp, 44] - Disposing: 1
2013/07/16 21:01:29:643 [005424] INFO [CrossAppDomainEventMarshaller.cpp, 155] - abortGetNextEvent called
2013/07/16 21:01:29:643 [005424] INFO [CrossAppDomainEventMarshaller.cpp, 48] - Waiting for CrossDomainEventTranslator::m_pHandleEventsThread to stop
2013/07/16 21:01:29:643 [004404] INFO [CrossAppDomainEventMarshaller.cpp, 80] - handleEventsThread exiting (thread aborted)
2013/07/16 21:01:29:645 [005424] INFO [CrossAppDomainEventMarshaller.cpp, 54] - CrossDomainEventTranslator::m_pHandleEventsThread stopped
2013/07/16 21:01:29:646 [005424] INFO [CrossAppDomainEventMarshaller.cpp, 110] - EventHandler dtor
2013/07/16 21:01:29:647 [005424] INFO [CrossAppDomainEventMarshaller.cpp, 60] - Disposed.
2013/07/16 21:01:29:648 [007140] DEBUG [Prb.cpp, 867] - Prb receive thread terminated.
2013/07/16 21:01:29:650 [007956] INFO [ExceptionCatchingThread.cpp, 170] - Exited the interrupt thread procedure with return value 0.
2013/07/16 21:01:29:750 [006984] INFO [ExceptionCatchingThread.cpp, 170] - Exited the dispatch thread procedure with return value 0.
2013/07/16 21:01:29:752 [004264] INFO [ExceptionCatchingThread.cpp, 170] - Exited the timer thread procedure with return value 0.
2013/07/16 21:01:29:854 [005424] INFO [NCommunicationSystem.cpp, 779] - Disposed.
<<<<< Log Footer: 07/16/2013 21:01:29 >>>>>
