<<<<< Log Header: 07/19/2013 13:10:07 >>>>>
2013/07/19 13:10:07:611 [006600] INFO [NCommunicationSystem.cpp, 108] - nCommunicationSystem, Version=1.8.2.1, Culture=neutral, PublicKeyToken=56b5378c99c0bcfd
2013/07/19 13:10:07:626 [006600] INFO [ExceptionCatchingThread.cpp, 257] - Created the timer thread with id 5060 (0x13c4).
2013/07/19 13:10:07:628 [005060] INFO [ExceptionCatchingThread.cpp, 168] - Executing the timer thread procedure...
2013/07/19 13:10:07:632 [006600] INFO [ExceptionCatchingThread.cpp, 257] - Created the dispatch thread with id 6748 (0x1a5c).
2013/07/19 13:10:07:632 [006748] INFO [ExceptionCatchingThread.cpp, 168] - Executing the dispatch thread procedure...
2013/07/19 13:10:10:634 [006600] DEBUG [Prb.cpp, 252] - PRB logging started.
2013/07/19 13:10:10:642 [006600] DEBUG [Prb.cpp, 130] - Number of FTDI devices: 1
2013/07/19 13:10:10:643 [006600] DEBUG [Prb.cpp, 158] - FTDI Device[0]: ID=67330069
2013/07/19 13:10:10:646 [006600] DEBUG [Prb.cpp, 169] - FTDI handle=168705320
2013/07/19 13:10:10:647 [006600] INFO [Prb.cpp, 179] - FTDI Driver Version 2.08.24.0
2013/07/19 13:10:10:903 [006600] INFO [Prb.cpp, 205] - FTDI Configuration: MaxCurrent=200, CBus5=21, CBus6=0x4
2013/07/19 13:10:11:154 [006600] INFO [Prb.cpp, 246] - PRB driver initialized.
2013/07/19 13:10:11:154 [006600] TRACE [Prb.cpp, 448] - Writing FPGA, Address=0x1008, Data=0x08
2013/07/19 13:10:11:155 [006600] TRACE [Prb.cpp, 1035] - WriteFPGAPacket(0x1008, 0x08):01 00 0D 00 81 00 03 10 08 08 25 D5 0D 
2013/07/19 13:10:11:155 [006044] TRACE [Prb.cpp, 835] - RxStream contents:01 00 0B D7 06 00 00 00 94 E1 0D 
2013/07/19 13:10:11:156 [006044] TRACE [Prb.cpp, 943] - RadioBoardPacket(ACK):01 00 0B D7 06 00 00 00 94 E1 0D 
2013/07/19 13:10:11:157 [006600] DEBUG [Prb.cpp, 466] - Write FPGA completed, Address=0x1008, Data=0x08
2013/07/19 13:10:11:174 [006600] TRACE [Prb.cpp, 493] - Reading FPGA, Address=0x300A
2013/07/19 13:10:11:174 [006600] TRACE [Prb.cpp, 1035] - ReadFPGAPacket(0x300A):01 00 0C 01 82 00 02 30 0A E8 24 0D 
2013/07/19 13:10:11:174 [006044] TRACE [Prb.cpp, 835] - RxStream contents:01 00 0C D8 06 01 00 01 00 DF 07 0D 
2013/07/19 13:10:11:176 [006044] TRACE [Prb.cpp, 943] - RadioBoardPacket(ACK):01 00 0C D8 06 01 00 01 00 DF 07 0D 
2013/07/19 13:10:11:176 [006600] DEBUG [Prb.cpp, 512] - Read FPGA completed, Address=0x300A, Data=0x00
2013/07/19 13:10:11:177 [006600] TRACE [Prb.cpp, 448] - Writing FPGA, Address=0x300A, Data=0x03
2013/07/19 13:10:11:178 [006600] TRACE [Prb.cpp, 1035] - WriteFPGAPacket(0x300A, 0x03):01 00 0D 02 81 00 03 30 0A 03 29 4F 0D 
2013/07/19 13:10:11:178 [006044] TRACE [Prb.cpp, 835] - RxStream contents:01 00 0B D9 06 02 00 00 96 19 0D 
2013/07/19 13:10:11:179 [006044] TRACE [Prb.cpp, 943] - RadioBoardPacket(ACK):01 00 0B D9 06 02 00 00 96 19 0D 
2013/07/19 13:10:11:179 [006600] DEBUG [Prb.cpp, 466] - Write FPGA completed, Address=0x300A, Data=0x03
2013/07/19 13:10:11:192 [006600] INFO [CrossTalkDetector.cpp, 14] - EnterCrossTalkThreshold = 8
2013/07/19 13:10:11:193 [006600] INFO [CrossTalkDetector.cpp, 21] - LeaveCrossTalkThreshold = 4
2013/07/19 13:10:11:194 [006600] INFO [CrossTalkDetector.cpp, 28] - LinkThreshold = 8
2013/07/19 13:10:11:195 [006600] INFO [ExceptionCatchingThread.cpp, 257] - Created the interrupt thread with id 4960 (0x1360).
2013/07/19 13:10:11:196 [004960] INFO [ExceptionCatchingThread.cpp, 168] - Executing the interrupt thread procedure...
2013/07/19 13:10:11:196 [006600] DEBUG [Prb.cpp, 252] - PRB logging started.
2013/07/19 13:10:11:198 [006600] INFO [CommunicationSystem.cpp, 640] - Calibrating the PRB CC1020.
2013/07/19 13:10:11:198 [006600] TRACE [Prb.cpp, 448] - Writing FPGA, Address=0x1008, Data=0x01
2013/07/19 13:10:11:199 [006600] TRACE [Prb.cpp, 1035] - WriteFPGAPacket(0x1008, 0x01):01 00 0D 03 81 00 03 10 08 01 26 D3 0D 
2013/07/19 13:10:11:199 [006044] TRACE [Prb.cpp, 835] - RxStream contents:01 00 0B DA 06 03 00 00 16 86 0D 
2013/07/19 13:10:11:200 [006044] TRACE [Prb.cpp, 943] - RadioBoardPacket(ACK):01 00 0B DA 06 03 00 00 16 86 0D 
2013/07/19 13:10:11:200 [006600] DEBUG [Prb.cpp, 466] - Write FPGA completed, Address=0x1008, Data=0x01
2013/07/19 13:10:11:287 [006044] TRACE [Prb.cpp, 835] - RxStream contents:01 00 0D DB 00 00 00 02 09 00 B0 B5 0D 
2013/07/19 13:10:11:290 [004960] DEBUG [CommunicationSystem.cpp, 1120] - Calibration complete.
2013/07/19 13:10:11:290 [006600] TRACE [Prb.cpp, 493] - Reading FPGA, Address=0x2012
2013/07/19 13:10:11:291 [006600] TRACE [Prb.cpp, 1035] - ReadFPGAPacket(0x2012):01 00 0C 04 82 00 02 20 12 10 72 0D 
2013/07/19 13:10:11:291 [006044] TRACE [Prb.cpp, 835] - RxStream contents:01 00 0C DC 06 04 00 01 00 7B 01 0D 
2013/07/19 13:10:11:292 [006044] TRACE [Prb.cpp, 943] - RadioBoardPacket(ACK):01 00 0C DC 06 04 00 01 00 7B 01 0D 
2013/07/19 13:10:11:293 [006600] DEBUG [Prb.cpp, 512] - Read FPGA completed, Address=0x2012, Data=0x00
2013/07/19 13:10:11:293 [006600] INFO [CommunicationSystem.cpp, 653] - CC1020 Calibration succeeded.
2013/07/19 13:10:11:294 [006600] TRACE [Prb.cpp, 448] - Writing FPGA, Address=0x1006, Data=0x08
2013/07/19 13:10:11:295 [006600] TRACE [Prb.cpp, 1035] - WriteFPGAPacket(0x1006, 0x08):01 00 0D 05 81 00 03 10 06 08 84 86 0D 
2013/07/19 13:10:11:295 [006044] TRACE [Prb.cpp, 835] - RxStream contents:01 00 0B DD 06 05 00 00 97 95 0D 
2013/07/19 13:10:11:296 [006044] TRACE [Prb.cpp, 943] - RadioBoardPacket(ACK):01 00 0B DD 06 05 00 00 97 95 0D 
2013/07/19 13:10:11:296 [006600] DEBUG [Prb.cpp, 466] - Write FPGA completed, Address=0x1006, Data=0x08
2013/07/19 13:10:11:297 [006600] TRACE [Prb.cpp, 493] - Reading FPGA, Address=0x3000
2013/07/19 13:10:11:297 [006600] TRACE [Prb.cpp, 1035] - ReadFPGAPacket(0x3000):01 00 0C 06 82 00 02 30 00 80 1E 0D 
2013/07/19 13:10:11:298 [006044] TRACE [Prb.cpp, 835] - RxStream contents:01 00 0C DE 06 06 00 01 07 23 10 0D 
2013/07/19 13:10:11:298 [006044] TRACE [Prb.cpp, 943] - RadioBoardPacket(ACK):01 00 0C DE 06 06 00 01 07 23 10 0D 
2013/07/19 13:10:11:299 [006600] DEBUG [Prb.cpp, 512] - Read FPGA completed, Address=0x3000, Data=0x07
2013/07/19 13:10:11:300 [006600] INFO [CommunicationSystem.cpp, 613] - FPGA Revision 7.
2013/07/19 13:10:11:300 [006600] TRACE [Prb.cpp, 584] - Reading CC1020, Address=0x0004
2013/07/19 13:10:11:301 [006600] TRACE [Prb.cpp, 1035] - ReadCC1020Packet(0x04):01 00 0C 07 84 00 02 00 04 59 16 0D 
2013/07/19 13:10:11:301 [006044] TRACE [Prb.cpp, 835] - RxStream contents:01 00 0C DF 06 07 00 01 35 CF BF 0D 
2013/07/19 13:10:11:302 [006044] TRACE [Prb.cpp, 943] - RadioBoardPacket(ACK):01 00 0C DF 06 07 00 01 35 CF BF 0D 
2013/07/19 13:10:11:302 [006600] DEBUG [Prb.cpp, 603] - Read CC1020 completed, Address=0x0004, Data=0x35
2013/07/19 13:10:11:303 [006600] INFO [CommunicationSystem.cpp, 614] - CC1020 Frequency 2A 0x35.
2013/07/19 13:10:11:303 [006600] TRACE [Prb.cpp, 584] - Reading CC1020, Address=0x0005
2013/07/19 13:10:11:304 [006600] TRACE [Prb.cpp, 1035] - ReadCC1020Packet(0x05):01 00 0C 08 84 00 02 00 05 F1 1C 0D 
2013/07/19 13:10:11:304 [006044] TRACE [Prb.cpp, 835] - RxStream contents:01 00 0C E0 06 08 00 01 F0 29 1D 0D 
2013/07/19 13:10:11:305 [006044] TRACE [Prb.cpp, 943] - RadioBoardPacket(ACK):01 00 0C E0 06 08 00 01 F0 29 1D 0D 
2013/07/19 13:10:11:306 [006600] DEBUG [Prb.cpp, 603] - Read CC1020 completed, Address=0x0005, Data=0xF0
2013/07/19 13:10:11:306 [006600] INFO [CommunicationSystem.cpp, 615] - CC1020 Frequency 1A 0xf0.
2013/07/19 13:10:11:307 [006600] TRACE [Prb.cpp, 584] - Reading CC1020, Address=0x0006
2013/07/19 13:10:11:307 [006600] TRACE [Prb.cpp, 1035] - ReadCC1020Packet(0x06):01 00 0C 09 84 00 02 00 06 09 15 0D 
2013/07/19 13:10:11:307 [006044] TRACE [Prb.cpp, 835] - RxStream contents:01 00 0C E1 06 09 00 01 21 47 FB 0D 
2013/07/19 13:10:11:308 [006044] TRACE [Prb.cpp, 943] - RadioBoardPacket(ACK):01 00 0C E1 06 09 00 01 21 47 FB 0D 
2013/07/19 13:10:11:309 [006600] DEBUG [Prb.cpp, 603] - Read CC1020 completed, Address=0x0006, Data=0x21
2013/07/19 13:10:11:309 [006600] INFO [CommunicationSystem.cpp, 616] - CC1020 Frequency 0A 0x21.
2013/07/19 13:10:11:310 [006600] TRACE [Prb.cpp, 584] - Reading CC1020, Address=0x0008
2013/07/19 13:10:11:311 [006600] TRACE [Prb.cpp, 1035] - ReadCC1020Packet(0x08):01 00 0C 0A 84 00 02 00 08 01 32 0D 
2013/07/19 13:10:11:311 [006044] TRACE [Prb.cpp, 835] - RxStream contents:01 00 0C E2 06 0A 00 01 35 F3 83 0D 
2013/07/19 13:10:11:312 [006044] TRACE [Prb.cpp, 943] - RadioBoardPacket(ACK):01 00 0C E2 06 0A 00 01 35 F3 83 0D 
2013/07/19 13:10:11:312 [006600] DEBUG [Prb.cpp, 603] - Read CC1020 completed, Address=0x0008, Data=0x35
2013/07/19 13:10:11:313 [006600] INFO [CommunicationSystem.cpp, 617] - CC1020 Frequency 2B 0x35.
2013/07/19 13:10:11:313 [006600] TRACE [Prb.cpp, 584] - Reading CC1020, Address=0x0009
2013/07/19 13:10:11:314 [006600] TRACE [Prb.cpp, 1035] - ReadCC1020Packet(0x09):01 00 0C 0B 84 00 02 00 09 79 34 0D 
2013/07/19 13:10:11:314 [006044] TRACE [Prb.cpp, 835] - RxStream contents:01 00 0C E3 06 0B 00 01 FA 9D 21 0D 
2013/07/19 13:10:11:315 [006044] TRACE [Prb.cpp, 943] - RadioBoardPacket(ACK):01 00 0C E3 06 0B 00 01 FA 9D 21 0D 
2013/07/19 13:10:11:315 [006600] DEBUG [Prb.cpp, 603] - Read CC1020 completed, Address=0x0009, Data=0xFA
2013/07/19 13:10:11:316 [006600] INFO [CommunicationSystem.cpp, 618] - CC1020 Frequency 1B 0xfa.
2013/07/19 13:10:11:316 [006600] TRACE [Prb.cpp, 584] - Reading CC1020, Address=0x000A
2013/07/19 13:10:11:317 [006600] TRACE [Prb.cpp, 1035] - ReadCC1020Packet(0x0A):01 00 0C 0C 84 00 02 00 0A 11 38 0D 
2013/07/19 13:10:11:317 [006044] TRACE [Prb.cpp, 835] - RxStream contents:01 00 0C E4 06 0C 00 01 CB 99 81 0D 
2013/07/19 13:10:11:318 [006044] TRACE [Prb.cpp, 943] - RadioBoardPacket(ACK):01 00 0C E4 06 0C 00 01 CB 99 81 0D 
2013/07/19 13:10:11:319 [006600] DEBUG [Prb.cpp, 603] - Read CC1020 completed, Address=0x000A, Data=0xCB
2013/07/19 13:10:11:319 [006600] INFO [CommunicationSystem.cpp, 619] - CC1020 Frequency 0B 0xcb.
2013/07/19 13:10:11:320 [006600] DEBUG [Prb.cpp, 650] - Read EEPROM completed, Address=0x060A, Data=0x00
2013/07/19 13:10:11:320 [006600] INFO [CommunicationSystem.cpp, 620] - RSSI Calibration Reference Center Channel 0.
2013/07/19 13:10:11:321 [006600] TRACE [Prb.cpp, 493] - Reading FPGA, Address=0x3054
2013/07/19 13:10:11:321 [006600] TRACE [Prb.cpp, 1035] - ReadFPGAPacket(0x3054):01 00 0C 0D 82 00 02 30 54 C9 EC 0D 
2013/07/19 13:10:11:321 [006044] TRACE [Prb.cpp, 835] - RxStream contents:01 00 0C E5 06 0D 00 01 07 F7 29 0D 
2013/07/19 13:10:11:322 [006044] TRACE [Prb.cpp, 943] - RadioBoardPacket(ACK):01 00 0C E5 06 0D 00 01 07 F7 29 0D 
2013/07/19 13:10:11:323 [006600] DEBUG [Prb.cpp, 512] - Read FPGA completed, Address=0x3054, Data=0x07
2013/07/19 13:10:11:323 [006600] INFO [CommunicationSystem.cpp, 621] - CC1020 PA_POWER 0x7.
2013/07/19 13:10:11:324 [006600] TRACE [Prb.cpp, 584] - Reading CC1020, Address=0x001C
2013/07/19 13:10:11:325 [006600] TRACE [Prb.cpp, 1035] - ReadCC1020Packet(0x1C):01 00 0C 0E 84 00 02 00 1C E1 4C 0D 
2013/07/19 13:10:11:325 [006044] TRACE [Prb.cpp, 835] - RxStream contents:01 00 0C E6 06 0E 00 01 07 43 29 0D 
2013/07/19 13:10:11:326 [006044] TRACE [Prb.cpp, 943] - RadioBoardPacket(ACK):01 00 0C E6 06 0E 00 01 07 43 29 0D 
2013/07/19 13:10:11:326 [006600] DEBUG [Prb.cpp, 603] - Read CC1020 completed, Address=0x001C, Data=0x07
2013/07/19 13:10:11:327 [006600] INFO [CommunicationSystem.cpp, 622] - CC1020 Transmit Power 0x7.
2013/07/19 13:10:11:327 [006600] TRACE [Prb.cpp, 493] - Reading FPGA, Address=0x3014
2013/07/19 13:10:11:328 [006600] TRACE [Prb.cpp, 1035] - ReadFPGAPacket(0x3014):01 00 0C 0F 82 00 02 30 14 38 6C 0D 
2013/07/19 13:10:11:328 [006044] TRACE [Prb.cpp, 835] - RxStream contents:01 00 0C E7 06 0F 00 01 00 AF 38 0D 
2013/07/19 13:10:11:329 [006044] TRACE [Prb.cpp, 943] - RadioBoardPacket(ACK):01 00 0C E7 06 0F 00 01 00 AF 38 0D 
2013/07/19 13:10:11:329 [006600] DEBUG [Prb.cpp, 512] - Read FPGA completed, Address=0x3014, Data=0x00
2013/07/19 13:10:11:330 [006600] INFO [CommunicationSystem.cpp, 623] - Low Noise Amplifier Circumvented 0.
2013/07/19 13:10:11:330 [006600] TRACE [Prb.cpp, 584] - Reading CC1020, Address=0x0001
2013/07/19 13:10:11:331 [006600] TRACE [Prb.cpp, 1035] - ReadCC1020Packet(0x01):01 00 0C 10 84 00 02 00 01 B1 1C 0D 
2013/07/19 13:10:11:331 [006044] TRACE [Prb.cpp, 835] - RxStream contents:01 00 0C E8 06 10 00 01 0F 0B 13 0D 
2013/07/19 13:10:11:332 [006044] TRACE [Prb.cpp, 943] - RadioBoardPacket(ACK):01 00 0C E8 06 10 00 01 0F 0B 13 0D 
2013/07/19 13:10:11:333 [006600] DEBUG [Prb.cpp, 603] - Read CC1020 completed, Address=0x0001, Data=0x0F
2013/07/19 13:10:11:333 [006600] INFO [CommunicationSystem.cpp, 624] - Low Noise Amplifier 0xf.
2013/07/19 13:10:11:334 [006600] TRACE [Prb.cpp, 493] - Reading FPGA, Address=0x1006
2013/07/19 13:10:11:334 [006600] TRACE [Prb.cpp, 1035] - ReadFPGAPacket(0x1006):01 00 0C 11 82 00 02 10 06 28 1D 0D 
2013/07/19 13:10:11:334 [006044] TRACE [Prb.cpp, 835] - RxStream contents:01 00 0C E9 06 11 00 01 08 E7 02 0D 
2013/07/19 13:10:11:335 [006044] TRACE [Prb.cpp, 943] - RadioBoardPacket(ACK):01 00 0C E9 06 11 00 01 08 E7 02 0D 
2013/07/19 13:10:11:336 [006600] DEBUG [Prb.cpp, 512] - Read FPGA completed, Address=0x1006, Data=0x08
2013/07/19 13:10:11:336 [006600] INFO [CommunicationSystem.cpp, 625] - Allowed Framing Errors 8.
2013/07/19 13:10:11:339 [006600] INFO [CrossTalkDetector.cpp, 28] - LinkThreshold = 8
2013/07/19 13:10:11:340 [006600] INFO [CrossTalkDetector.cpp, 14] - EnterCrossTalkThreshold = 8
2013/07/19 13:10:11:340 [006600] INFO [CrossTalkDetector.cpp, 21] - LeaveCrossTalkThreshold = 4
2013/07/19 13:10:11:349 [006364] TRACE [Prb.cpp, 493] - Reading FPGA, Address=0x3000
2013/07/19 13:10:11:350 [006364] TRACE [Prb.cpp, 1035] - ReadFPGAPacket(0x3000):01 00 0C 12 82 00 02 30 00 E0 0A 0D 
2013/07/19 13:10:11:350 [006044] TRACE [Prb.cpp, 835] - RxStream contents:01 00 0C EA 06 12 00 01 07 53 20 0D 
2013/07/19 13:10:11:351 [006044] TRACE [Prb.cpp, 943] - RadioBoardPacket(ACK):01 00 0C EA 06 12 00 01 07 53 20 0D 
2013/07/19 13:10:11:352 [006364] DEBUG [Prb.cpp, 512] - Read FPGA completed, Address=0x3000, Data=0x07
2013/07/19 13:10:11:353 [006364] TRACE [Prb.cpp, 539] - Writing CC1020, Address=0x001C, Data=0x07
2013/07/19 13:10:11:354 [006364] TRACE [Prb.cpp, 1035] - WriteCC1020Packet(0x1C, 0x07):01 00 0D 13 83 00 03 00 1C 07 3E 84 0D 
2013/07/19 13:10:11:354 [006044] TRACE [Prb.cpp, 835] - RxStream contents:01 00 0B EB 06 13 00 00 1F 3E 0D 
2013/07/19 13:10:11:355 [006044] TRACE [Prb.cpp, 943] - RadioBoardPacket(ACK):01 00 0B EB 06 13 00 00 1F 3E 0D 
2013/07/19 13:10:11:355 [006364] DEBUG [Prb.cpp, 557] - Write CC1020 completed, Address=0x001C, Data=0x07
2013/07/19 13:10:11:384 [006600] TRACE [Prb.cpp, 493] - Reading FPGA, Address=0x3000
2013/07/19 13:10:11:385 [006600] TRACE [Prb.cpp, 1035] - ReadFPGAPacket(0x3000):01 00 0C 14 82 00 02 30 00 70 0F 0D 
2013/07/19 13:10:11:385 [006044] TRACE [Prb.cpp, 835] - RxStream contents:01 00 0C EC 06 14 00 01 07 BB 25 0D 
2013/07/19 13:10:11:386 [006044] TRACE [Prb.cpp, 943] - RadioBoardPacket(ACK):01 00 0C EC 06 14 00 01 07 BB 25 0D 
2013/07/19 13:10:11:387 [006600] DEBUG [Prb.cpp, 512] - Read FPGA completed, Address=0x3000, Data=0x07
2013/07/19 13:10:11:395 [006600] INFO [CommunicationSystem.cpp, 640] - Calibrating the PRB CC1020.
2013/07/19 13:10:11:396 [006600] TRACE [Prb.cpp, 448] - Writing FPGA, Address=0x1008, Data=0x01
2013/07/19 13:10:11:396 [006600] TRACE [Prb.cpp, 1035] - WriteFPGAPacket(0x1008, 0x01):01 00 0D 15 81 00 03 10 08 01 B1 B0 0D 
2013/07/19 13:10:11:396 [006044] TRACE [Prb.cpp, 835] - RxStream contents:01 00 0B ED 06 15 00 00 1E 56 0D 
2013/07/19 13:10:11:398 [006044] TRACE [Prb.cpp, 943] - RadioBoardPacket(ACK):01 00 0B ED 06 15 00 00 1E 56 0D 
2013/07/19 13:10:11:398 [006600] DEBUG [Prb.cpp, 466] - Write FPGA completed, Address=0x1008, Data=0x01
2013/07/19 13:10:11:478 [006044] TRACE [Prb.cpp, 835] - RxStream contents:01 00 0D EE 00 00 00 02 09 00 86 E5 0D 
2013/07/19 13:10:11:480 [004960] DEBUG [CommunicationSystem.cpp, 1120] - Calibration complete.
2013/07/19 13:10:11:480 [006600] TRACE [Prb.cpp, 493] - Reading FPGA, Address=0x2012
2013/07/19 13:10:11:481 [006600] TRACE [Prb.cpp, 1035] - ReadFPGAPacket(0x2012):01 00 0C 16 82 00 02 20 12 E0 63 0D 
2013/07/19 13:10:11:481 [006044] TRACE [Prb.cpp, 835] - RxStream contents:01 00 0C EF 06 16 00 01 00 1B 37 0D 
2013/07/19 13:10:11:482 [006044] TRACE [Prb.cpp, 943] - RadioBoardPacket(ACK):01 00 0C EF 06 16 00 01 00 1B 37 0D 
2013/07/19 13:10:11:483 [006600] DEBUG [Prb.cpp, 512] - Read FPGA completed, Address=0x2012, Data=0x00
2013/07/19 13:10:11:483 [006600] INFO [CommunicationSystem.cpp, 653] - CC1020 Calibration succeeded.
2013/07/19 13:10:11:489 [006600] TRACE [Prb.cpp, 584] - Reading CC1020, Address=0x0004
2013/07/19 13:10:11:490 [006600] TRACE [Prb.cpp, 1035] - ReadCC1020Packet(0x04):01 00 0C 17 84 00 02 00 04 D9 04 0D 
2013/07/19 13:10:11:490 [006044] TRACE [Prb.cpp, 835] - RxStream contents:01 00 0C F0 06 17 00 01 35 27 97 0D 
2013/07/19 13:10:11:491 [006044] TRACE [Prb.cpp, 943] - RadioBoardPacket(ACK):01 00 0C F0 06 17 00 01 35 27 97 0D 
2013/07/19 13:10:11:492 [006600] DEBUG [Prb.cpp, 603] - Read CC1020 completed, Address=0x0004, Data=0x35
2013/07/19 13:10:11:494 [006600] TRACE [Prb.cpp, 584] - Reading CC1020, Address=0x0005
2013/07/19 13:10:11:495 [006600] TRACE [Prb.cpp, 1035] - ReadCC1020Packet(0x05):01 00 0C 18 84 00 02 00 05 71 0E 0D 
2013/07/19 13:10:11:495 [006044] TRACE [Prb.cpp, 835] - RxStream contents:01 00 0C F1 06 18 00 01 F0 11 0A 0D 
2013/07/19 13:10:11:496 [006044] TRACE [Prb.cpp, 943] - RadioBoardPacket(ACK):01 00 0C F1 06 18 00 01 F0 11 0A 0D 
2013/07/19 13:10:11:497 [006600] DEBUG [Prb.cpp, 603] - Read CC1020 completed, Address=0x0005, Data=0xF0
2013/07/19 13:10:11:498 [006600] TRACE [Prb.cpp, 584] - Reading CC1020, Address=0x0006
2013/07/19 13:10:11:499 [006600] TRACE [Prb.cpp, 1035] - ReadCC1020Packet(0x06):01 00 0C 19 84 00 02 00 06 89 07 0D 
2013/07/19 13:10:11:499 [006044] TRACE [Prb.cpp, 835] - RxStream contents:01 00 0C F2 06 19 00 01 21 0F EF 0D 
2013/07/19 13:10:11:500 [006044] TRACE [Prb.cpp, 943] - RadioBoardPacket(ACK):01 00 0C F2 06 19 00 01 21 0F EF 0D 
2013/07/19 13:10:11:500 [006600] DEBUG [Prb.cpp, 603] - Read CC1020 completed, Address=0x0006, Data=0x21
2013/07/19 13:10:11:502 [006600] TRACE [Prb.cpp, 584] - Reading CC1020, Address=0x0007
2013/07/19 13:10:11:503 [006600] TRACE [Prb.cpp, 1035] - ReadCC1020Packet(0x07):01 00 0C 1A 84 00 02 00 07 81 02 0D 
2013/07/19 13:10:11:503 [006044] TRACE [Prb.cpp, 835] - RxStream contents:01 00 0C F3 06 1A 00 01 38 4B B9 0D 
2013/07/19 13:10:11:504 [006044] TRACE [Prb.cpp, 943] - RadioBoardPacket(ACK):01 00 0C F3 06 1A 00 01 38 4B B9 0D 
2013/07/19 13:10:11:504 [006600] DEBUG [Prb.cpp, 603] - Read CC1020 completed, Address=0x0007, Data=0x38
2013/07/19 13:10:11:505 [006600] TRACE [Prb.cpp, 584] - Reading CC1020, Address=0x0008
2013/07/19 13:10:11:506 [006600] TRACE [Prb.cpp, 1035] - ReadCC1020Packet(0x08):01 00 0C 1B 84 00 02 00 08 79 23 0D 
2013/07/19 13:10:11:506 [006044] TRACE [Prb.cpp, 835] - RxStream contents:01 00 0C F4 06 1B 00 01 35 37 91 0D 
2013/07/19 13:10:11:507 [006044] TRACE [Prb.cpp, 943] - RadioBoardPacket(ACK):01 00 0C F4 06 1B 00 01 35 37 91 0D 
2013/07/19 13:10:11:508 [006600] DEBUG [Prb.cpp, 603] - Read CC1020 completed, Address=0x0008, Data=0x35
2013/07/19 13:10:11:509 [006600] TRACE [Prb.cpp, 584] - Reading CC1020, Address=0x0009
2013/07/19 13:10:11:510 [006600] TRACE [Prb.cpp, 1035] - ReadCC1020Packet(0x09):01 00 0C 1C 84 00 02 00 09 91 20 0D 
2013/07/19 13:10:11:510 [006044] TRACE [Prb.cpp, 835] - RxStream contents:01 00 0C F5 06 1C 00 01 FA 21 33 0D 
2013/07/19 13:10:11:511 [006044] TRACE [Prb.cpp, 943] - RadioBoardPacket(ACK):01 00 0C F5 06 1C 00 01 FA 21 33 0D 
2013/07/19 13:10:11:511 [006600] DEBUG [Prb.cpp, 603] - Read CC1020 completed, Address=0x0009, Data=0xFA
2013/07/19 13:10:11:512 [006600] TRACE [Prb.cpp, 584] - Reading CC1020, Address=0x000A
2013/07/19 13:10:11:513 [006600] TRACE [Prb.cpp, 1035] - ReadCC1020Packet(0x0A):01 00 0C 1D 84 00 02 00 0A 69 29 0D 
2013/07/19 13:10:11:513 [006044] TRACE [Prb.cpp, 835] - RxStream contents:01 00 0C F6 06 1D 00 01 CB BD 95 0D 
2013/07/19 13:10:11:514 [006044] TRACE [Prb.cpp, 943] - RadioBoardPacket(ACK):01 00 0C F6 06 1D 00 01 CB BD 95 0D 
2013/07/19 13:10:11:515 [006600] DEBUG [Prb.cpp, 603] - Read CC1020 completed, Address=0x000A, Data=0xCB
2013/07/19 13:10:11:516 [006600] TRACE [Prb.cpp, 584] - Reading CC1020, Address=0x000B
2013/07/19 13:10:11:517 [006600] TRACE [Prb.cpp, 1035] - ReadCC1020Packet(0x0B):01 00 0C 1E 84 00 02 00 0B 61 2C 0D 
2013/07/19 13:10:11:517 [006044] TRACE [Prb.cpp, 835] - RxStream contents:01 00 0C F7 06 1E 00 01 38 7B BC 0D 
2013/07/19 13:10:11:518 [006044] TRACE [Prb.cpp, 943] - RadioBoardPacket(ACK):01 00 0C F7 06 1E 00 01 38 7B BC 0D 
2013/07/19 13:10:11:518 [006600] DEBUG [Prb.cpp, 603] - Read CC1020 completed, Address=0x000B, Data=0x38
2013/07/19 13:10:11:520 [006600] TRACE [Prb.cpp, 584] - Reading CC1020, Address=0x001D
2013/07/19 13:10:11:520 [006044] TRACE [Prb.cpp, 835] - RxStream contents:01 00 0C F8 06 1F 00 01 00 47 23 0D 
2013/07/19 13:10:11:520 [006600] TRACE [Prb.cpp, 1035] - ReadCC1020Packet(0x1D):01 00 0C 1F 84 00 02 00 1D 19 58 0D 
2013/07/19 13:10:11:521 [006044] TRACE [Prb.cpp, 943] - RadioBoardPacket(ACK):01 00 0C F8 06 1F 00 01 00 47 23 0D 
2013/07/19 13:10:11:522 [006600] DEBUG [Prb.cpp, 603] - Read CC1020 completed, Address=0x001D, Data=0x00
2013/07/19 13:10:11:523 [006600] TRACE [Prb.cpp, 584] - Reading CC1020, Address=0x0045
2013/07/19 13:10:11:524 [006044] TRACE [Prb.cpp, 835] - RxStream contents:01 00 0C F9 06 20 00 01 4C 32 81 0D 
2013/07/19 13:10:11:524 [006600] TRACE [Prb.cpp, 1035] - ReadCC1020Packet(0x45):01 00 0C 20 84 00 02 00 45 B0 B7 0D 
2013/07/19 13:10:11:524 [006044] TRACE [Prb.cpp, 943] - RadioBoardPacket(ACK):01 00 0C F9 06 20 00 01 4C 32 81 0D 
2013/07/19 13:10:11:525 [006600] DEBUG [Prb.cpp, 603] - Read CC1020 completed, Address=0x0045, Data=0x4C
2013/07/19 13:10:11:527 [006600] TRACE [Prb.cpp, 584] - Reading CC1020, Address=0x0046
2013/07/19 13:10:11:527 [006600] TRACE [Prb.cpp, 1035] - ReadCC1020Packet(0x46):01 00 0C 21 84 00 02 00 46 48 BE 0D 
2013/07/19 13:10:11:527 [006044] TRACE [Prb.cpp, 835] - RxStream contents:01 00 0C FA 06 21 00 01 66 AE 7D 0D 
2013/07/19 13:10:11:528 [006044] TRACE [Prb.cpp, 943] - RadioBoardPacket(ACK):01 00 0C FA 06 21 00 01 66 AE 7D 0D 
2013/07/19 13:10:11:529 [006600] DEBUG [Prb.cpp, 603] - Read CC1020 completed, Address=0x0046, Data=0x66
2013/07/19 13:10:11:530 [006600] TRACE [Prb.cpp, 584] - Reading CC1020, Address=0x0047
2013/07/19 13:10:11:531 [006600] TRACE [Prb.cpp, 1035] - ReadCC1020Packet(0x47):01 00 0C 22 84 00 02 00 47 40 BB 0D 
2013/07/19 13:10:11:531 [006044] TRACE [Prb.cpp, 835] - RxStream contents:01 00 0C FB 06 22 00 01 44 6A B2 0D 
2013/07/19 13:10:11:532 [006044] TRACE [Prb.cpp, 943] - RadioBoardPacket(ACK):01 00 0C FB 06 22 00 01 44 6A B2 0D 
2013/07/19 13:10:11:532 [006600] DEBUG [Prb.cpp, 603] - Read CC1020 completed, Address=0x0047, Data=0x44
2013/07/19 13:10:11:540 [006600] TRACE [Prb.cpp, 493] - Reading FPGA, Address=0x305E
2013/07/19 13:10:11:541 [006600] TRACE [Prb.cpp, 1035] - ReadFPGAPacket(0x305E):01 00 0C 23 82 00 02 30 5E 99 FD 0D 
2013/07/19 13:10:11:541 [006044] TRACE [Prb.cpp, 835] - RxStream contents:01 00 0C FC 06 23 00 01 00 97 2F 0D 
2013/07/19 13:10:11:543 [006044] TRACE [Prb.cpp, 943] - RadioBoardPacket(ACK):01 00 0C FC 06 23 00 01 00 97 2F 0D 
2013/07/19 13:10:11:543 [006600] DEBUG [Prb.cpp, 512] - Read FPGA completed, Address=0x305E, Data=0x00
2013/07/19 13:10:11:544 [006600] TRACE [Prb.cpp, 493] - Reading FPGA, Address=0x3060
2013/07/19 13:10:11:545 [006600] TRACE [Prb.cpp, 1035] - ReadFPGAPacket(0x3060):01 00 0C 24 82 00 02 30 60 71 7C 0D 
2013/07/19 13:10:11:545 [006044] TRACE [Prb.cpp, 835] - RxStream contents:01 00 0C FD 06 24 00 01 00 83 2F 0D 
2013/07/19 13:10:11:546 [006044] TRACE [Prb.cpp, 943] - RadioBoardPacket(ACK):01 00 0C FD 06 24 00 01 00 83 2F 0D 
2013/07/19 13:10:11:546 [006600] DEBUG [Prb.cpp, 512] - Read FPGA completed, Address=0x3060, Data=0x00
2013/07/19 13:10:11:547 [006600] TRACE [Prb.cpp, 493] - Reading FPGA, Address=0x3062
2013/07/19 13:10:11:548 [006600] TRACE [Prb.cpp, 1035] - ReadFPGAPacket(0x3062):01 00 0C 25 82 00 02 30 62 09 70 0D 
2013/07/19 13:10:11:548 [006044] TRACE [Prb.cpp, 835] - RxStream contents:01 00 0C FE 06 25 00 01 00 9F 2C 0D 
2013/07/19 13:10:11:549 [006044] TRACE [Prb.cpp, 943] - RadioBoardPacket(ACK):01 00 0C FE 06 25 00 01 00 9F 2C 0D 
2013/07/19 13:10:11:549 [006600] DEBUG [Prb.cpp, 512] - Read FPGA completed, Address=0x3062, Data=0x00
2013/07/19 13:10:11:554 [006600] TRACE [Prb.cpp, 493] - Reading FPGA, Address=0x3066
2013/07/19 13:10:11:555 [006600] TRACE [Prb.cpp, 1035] - ReadFPGAPacket(0x3066):01 00 0C 26 82 00 02 30 66 01 6B 0D 
2013/07/19 13:10:11:555 [006044] TRACE [Prb.cpp, 835] - RxStream contents:01 00 0C FF 06 26 00 01 00 5B 2F 0D 
2013/07/19 13:10:11:556 [006044] TRACE [Prb.cpp, 943] - RadioBoardPacket(ACK):01 00 0C FF 06 26 00 01 00 5B 2F 0D 
2013/07/19 13:10:11:557 [006600] DEBUG [Prb.cpp, 512] - Read FPGA completed, Address=0x3066, Data=0x00
2013/07/19 13:10:11:558 [006600] TRACE [Prb.cpp, 493] - Reading FPGA, Address=0x3068
2013/07/19 13:10:11:558 [006600] TRACE [Prb.cpp, 1035] - ReadFPGAPacket(0x3068):01 00 0C 27 82 00 02 30 68 79 4F 0D 
2013/07/19 13:10:11:558 [006044] TRACE [Prb.cpp, 835] - RxStream contents:01 00 0C 00 06 27 00 01 00 E7 DC 0D 
2013/07/19 13:10:11:559 [006044] TRACE [Prb.cpp, 943] - RadioBoardPacket(ACK):01 00 0C 00 06 27 00 01 00 E7 DC 0D 
2013/07/19 13:10:11:560 [006600] DEBUG [Prb.cpp, 512] - Read FPGA completed, Address=0x3068, Data=0x00
2013/07/19 13:10:11:560 [006600] TRACE [Prb.cpp, 493] - Reading FPGA, Address=0x306A
2013/07/19 13:10:11:561 [006600] TRACE [Prb.cpp, 1035] - ReadFPGAPacket(0x306A):01 00 0C 28 82 00 02 30 6A D1 4F 0D 
2013/07/19 13:10:11:561 [006044] TRACE [Prb.cpp, 835] - RxStream contents:01 00 0C 01 06 28 00 01 00 D3 DF 0D 
2013/07/19 13:10:11:562 [006044] TRACE [Prb.cpp, 943] - RadioBoardPacket(ACK):01 00 0C 01 06 28 00 01 00 D3 DF 0D 
2013/07/19 13:10:11:563 [006600] DEBUG [Prb.cpp, 512] - Read FPGA completed, Address=0x306A, Data=0x00
2013/07/19 13:10:11:565 [006600] TRACE [Prb.cpp, 448] - Writing FPGA, Address=0x1026, Data=0x01
2013/07/19 13:10:11:566 [006600] TRACE [Prb.cpp, 1035] - WriteFPGAPacket(0x1026, 0x01):01 00 0D 29 81 00 03 10 26 01 6A 70 0D 
2013/07/19 13:10:11:566 [006044] TRACE [Prb.cpp, 835] - RxStream contents:01 00 0B 02 06 29 00 00 B2 CD 0D 
2013/07/19 13:10:11:567 [006044] TRACE [Prb.cpp, 943] - RadioBoardPacket(ACK):01 00 0B 02 06 29 00 00 B2 CD 0D 
2013/07/19 13:10:11:567 [006600] DEBUG [Prb.cpp, 466] - Write FPGA completed, Address=0x1026, Data=0x01
2013/07/19 13:10:11:574 [006364] TRACE [Prb.cpp, 539] - Writing CC1020, Address=0x001C, Data=0x07
2013/07/19 13:10:11:575 [006364] TRACE [Prb.cpp, 1035] - WriteCC1020Packet(0x1C, 0x07):01 00 0D 2A 83 00 03 00 1C 07 04 14 0D 
2013/07/19 13:10:11:575 [006044] TRACE [Prb.cpp, 835] - RxStream contents:01 00 0B 03 06 2A 00 00 32 8A 0D 
2013/07/19 13:10:11:577 [006044] TRACE [Prb.cpp, 943] - RadioBoardPacket(ACK):01 00 0B 03 06 2A 00 00 32 8A 0D 
2013/07/19 13:10:11:577 [006364] DEBUG [Prb.cpp, 557] - Write CC1020 completed, Address=0x001C, Data=0x07
2013/07/19 13:10:11:579 [006364] TRACE [Prb.cpp, 448] - Writing FPGA, Address=0x3012, Data=0x01
2013/07/19 13:10:11:580 [006364] TRACE [Prb.cpp, 1035] - WriteFPGAPacket(0x3012, 0x01):01 00 0D 2B 81 00 03 30 12 01 52 D3 0D 
2013/07/19 13:10:11:580 [006044] TRACE [Prb.cpp, 835] - RxStream contents:01 00 0B 04 06 2B 00 00 33 F6 0D 
2013/07/19 13:10:11:581 [006044] TRACE [Prb.cpp, 943] - RadioBoardPacket(ACK):01 00 0B 04 06 2B 00 00 33 F6 0D 
2013/07/19 13:10:11:581 [006364] DEBUG [Prb.cpp, 466] - Write FPGA completed, Address=0x3012, Data=0x01
2013/07/19 13:10:11:582 [006364] TRACE [Prb.cpp, 493] - Reading FPGA, Address=0x1004
2013/07/19 13:10:11:583 [006364] TRACE [Prb.cpp, 1035] - ReadFPGAPacket(0x1004):01 00 0C 2C 82 00 02 10 04 F0 2D 0D 
2013/07/19 13:10:11:583 [006044] TRACE [Prb.cpp, 835] - RxStream contents:01 00 0C 05 06 2C 00 01 00 E3 DA 0D 
2013/07/19 13:10:11:584 [006044] TRACE [Prb.cpp, 943] - RadioBoardPacket(ACK):01 00 0C 05 06 2C 00 01 00 E3 DA 0D 
2013/07/19 13:10:11:584 [006364] DEBUG [Prb.cpp, 512] - Read FPGA completed, Address=0x1004, Data=0x00
2013/07/19 13:10:11:585 [006364] TRACE [Prb.cpp, 448] - Writing FPGA, Address=0x1004, Data=0x00
2013/07/19 13:10:11:586 [006364] TRACE [Prb.cpp, 1035] - WriteFPGAPacket(0x1004, 0x00):01 00 0D 2D 81 00 03 10 04 00 A2 36 0D 
2013/07/19 13:10:11:586 [006044] TRACE [Prb.cpp, 835] - RxStream contents:01 00 0B 06 06 2D 00 00 B3 7D 0D 
2013/07/19 13:10:11:587 [006044] TRACE [Prb.cpp, 943] - RadioBoardPacket(ACK):01 00 0B 06 06 2D 00 00 B3 7D 0D 
2013/07/19 13:10:11:587 [006364] DEBUG [Prb.cpp, 466] - Write FPGA completed, Address=0x1004, Data=0x00
2013/07/19 13:10:11:590 [006748] INFO [CommunicationSystemStates.cpp, 130] - Scan requested. Preamble Burst Duration: 9 seconds. Preamble Burst Data Rate: 2.
2013/07/19 13:10:11:590 [006748] TRACE [Prb.cpp, 448] - Writing FPGA, Address=0x1002, Data=0x09
2013/07/19 13:10:11:591 [006044] TRACE [Prb.cpp, 835] - RxStream contents:01 00 0B 07 06 2E 00 00 33 3A 0D 
2013/07/19 13:10:11:591 [006748] TRACE [Prb.cpp, 1035] - WriteFPGAPacket(0x1002, 0x09):01 00 0D 2E 81 00 03 10 02 09 B5 30 0D 
2013/07/19 13:10:11:591 [006044] TRACE [Prb.cpp, 943] - RadioBoardPacket(ACK):01 00 0B 07 06 2E 00 00 33 3A 0D 
2013/07/19 13:10:11:592 [006748] DEBUG [Prb.cpp, 466] - Write FPGA completed, Address=0x1002, Data=0x09
2013/07/19 13:10:11:593 [006748] TRACE [Prb.cpp, 493] - Reading FPGA, Address=0x1004
2013/07/19 13:10:11:594 [006748] TRACE [Prb.cpp, 1035] - ReadFPGAPacket(0x1004):01 00 0C 2F 82 00 02 10 04 78 2D 0D 
2013/07/19 13:10:11:594 [006044] TRACE [Prb.cpp, 835] - RxStream contents:01 00 0C 08 06 2F 00 01 00 87 D6 0D 
2013/07/19 13:10:11:595 [006044] TRACE [Prb.cpp, 943] - RadioBoardPacket(ACK):01 00 0C 08 06 2F 00 01 00 87 D6 0D 
2013/07/19 13:10:11:595 [006748] DEBUG [Prb.cpp, 512] - Read FPGA completed, Address=0x1004, Data=0x00
2013/07/19 13:10:11:596 [006748] TRACE [Prb.cpp, 448] - Writing FPGA, Address=0x1004, Data=0x08
2013/07/19 13:10:11:597 [006748] TRACE [Prb.cpp, 1035] - WriteFPGAPacket(0x1004, 0x08):01 00 0D 30 81 00 03 10 04 08 3E D5 0D 
2013/07/19 13:10:11:597 [006044] TRACE [Prb.cpp, 835] - RxStream contents:01 00 0B 09 06 30 00 00 B0 71 0D 
2013/07/19 13:10:11:598 [006044] TRACE [Prb.cpp, 943] - RadioBoardPacket(ACK):01 00 0B 09 06 30 00 00 B0 71 0D 
2013/07/19 13:10:11:598 [006748] DEBUG [Prb.cpp, 466] - Write FPGA completed, Address=0x1004, Data=0x08
2013/07/19 13:10:11:599 [006748] TRACE [Prb.cpp, 448] - Writing FPGA, Address=0x1008, Data=0x02
2013/07/19 13:10:11:599 [006748] TRACE [Prb.cpp, 1035] - WriteFPGAPacket(0x1008, 0x02):01 00 0D 31 81 00 03 10 08 02 97 FA 0D 
2013/07/19 13:10:11:599 [006044] TRACE [Prb.cpp, 835] - RxStream contents:01 00 0B 0A 06 31 00 00 30 EE 0D 
2013/07/19 13:10:11:600 [006044] TRACE [Prb.cpp, 943] - RadioBoardPacket(ACK):01 00 0B 0A 06 31 00 00 30 EE 0D 
2013/07/19 13:10:11:601 [006748] DEBUG [Prb.cpp, 466] - Write FPGA completed, Address=0x1008, Data=0x02
2013/07/19 13:10:22:722 [004960] INFO [CommunicationSystemStates.cpp, 168] - Scan complete
2013/07/19 13:10:22:724 [004960] TRACE [Prb.cpp, 584] - Reading CC1020, Address=0x0004
2013/07/19 13:10:22:724 [004960] TRACE [Prb.cpp, 1035] - ReadCC1020Packet(0x04):01 00 0C 32 84 00 02 00 04 41 20 0D 
2013/07/19 13:10:22:725 [006044] TRACE [Prb.cpp, 835] - RxStream contents:01 00 0C 0C 06 32 00 01 35 43 6B 0D 
2013/07/19 13:10:22:726 [006044] TRACE [Prb.cpp, 943] - RadioBoardPacket(ACK):01 00 0C 0C 06 32 00 01 35 43 6B 0D 
2013/07/19 13:10:22:726 [004960] DEBUG [Prb.cpp, 603] - Read CC1020 completed, Address=0x0004, Data=0x35
2013/07/19 13:10:22:727 [004960] TRACE [Prb.cpp, 584] - Reading CC1020, Address=0x0005
2013/07/19 13:10:22:728 [004960] TRACE [Prb.cpp, 1035] - ReadCC1020Packet(0x05):01 00 0C 33 84 00 02 00 05 39 26 0D 
2013/07/19 13:10:22:728 [006044] TRACE [Prb.cpp, 835] - RxStream contents:01 00 0C 0D 06 33 00 01 F0 2D F5 0D 
2013/07/19 13:10:22:729 [006044] TRACE [Prb.cpp, 943] - RadioBoardPacket(ACK):01 00 0C 0D 06 33 00 01 F0 2D F5 0D 
2013/07/19 13:10:22:729 [004960] DEBUG [Prb.cpp, 603] - Read CC1020 completed, Address=0x0005, Data=0xF0
2013/07/19 13:10:22:730 [004960] TRACE [Prb.cpp, 584] - Reading CC1020, Address=0x0006
2013/07/19 13:10:22:731 [004960] TRACE [Prb.cpp, 1035] - ReadCC1020Packet(0x06):01 00 0C 34 84 00 02 00 06 51 2A 0D 
2013/07/19 13:10:22:731 [006044] TRACE [Prb.cpp, 835] - RxStream contents:01 00 0C 0E 06 34 00 01 21 4B 10 0D 
2013/07/19 13:10:22:732 [006044] TRACE [Prb.cpp, 943] - RadioBoardPacket(ACK):01 00 0C 0E 06 34 00 01 21 4B 10 0D 
2013/07/19 13:10:22:732 [004960] DEBUG [Prb.cpp, 603] - Read CC1020 completed, Address=0x0006, Data=0x21
2013/07/19 13:10:22:733 [004960] TRACE [Prb.cpp, 584] - Reading CC1020, Address=0x0008
2013/07/19 13:10:22:733 [004960] TRACE [Prb.cpp, 1035] - ReadCC1020Packet(0x08):01 00 0C 35 84 00 02 00 08 29 0E 0D 
2013/07/19 13:10:22:733 [006044] TRACE [Prb.cpp, 835] - RxStream contents:01 00 0C 0F 06 35 00 01 35 27 68 0D 
2013/07/19 13:10:22:734 [006044] TRACE [Prb.cpp, 943] - RadioBoardPacket(ACK):01 00 0C 0F 06 35 00 01 35 27 68 0D 
2013/07/19 13:10:22:735 [004960] DEBUG [Prb.cpp, 603] - Read CC1020 completed, Address=0x0008, Data=0x35
2013/07/19 13:10:22:736 [004960] TRACE [Prb.cpp, 584] - Reading CC1020, Address=0x0009
2013/07/19 13:10:22:736 [004960] TRACE [Prb.cpp, 1035] - ReadCC1020Packet(0x09):01 00 0C 36 84 00 02 00 09 21 0B 0D 
2013/07/19 13:10:22:736 [006044] TRACE [Prb.cpp, 835] - RxStream contents:01 00 0C 10 06 36 00 01 FA B1 D7 0D 
2013/07/19 13:10:22:737 [006044] TRACE [Prb.cpp, 943] - RadioBoardPacket(ACK):01 00 0C 10 06 36 00 01 FA B1 D7 0D 
2013/07/19 13:10:22:738 [004960] DEBUG [Prb.cpp, 603] - Read CC1020 completed, Address=0x0009, Data=0xFA
2013/07/19 13:10:22:738 [004960] TRACE [Prb.cpp, 584] - Reading CC1020, Address=0x000A
2013/07/19 13:10:22:739 [004960] TRACE [Prb.cpp, 1035] - ReadCC1020Packet(0x0A):01 00 0C 37 84 00 02 00 0A D9 02 0D 
2013/07/19 13:10:22:739 [006044] TRACE [Prb.cpp, 835] - RxStream contents:01 00 0C 11 06 37 00 01 CB 5D 72 0D 
2013/07/19 13:10:22:740 [006044] TRACE [Prb.cpp, 943] - RadioBoardPacket(ACK):01 00 0C 11 06 37 00 01 CB 5D 72 0D 
2013/07/19 13:10:22:741 [004960] DEBUG [Prb.cpp, 603] - Read CC1020 completed, Address=0x000A, Data=0xCB
2013/07/19 13:10:22:741 [004960] TRACE [Prb.cpp, 584] - Reading CC1020, Address=0x000F
2013/07/19 13:10:22:742 [004960] TRACE [Prb.cpp, 1035] - ReadCC1020Packet(0x0F):01 00 0C 38 84 00 02 00 0F F1 13 0D 
2013/07/19 13:10:22:742 [006044] TRACE [Prb.cpp, 835] - RxStream contents:01 00 0C 12 06 38 00 01 DF 19 0A 0D 
2013/07/19 13:10:22:743 [006044] TRACE [Prb.cpp, 943] - RadioBoardPacket(ACK):01 00 0C 12 06 38 00 01 DF 19 0A 0D 
2013/07/19 13:10:22:743 [004960] DEBUG [Prb.cpp, 603] - Read CC1020 completed, Address=0x000F, Data=0xDF
2013/07/19 13:10:22:744 [004960] TRACE [Prb.cpp, 584] - Reading CC1020, Address=0x0010
2013/07/19 13:10:22:744 [004960] TRACE [Prb.cpp, 1035] - ReadCC1020Packet(0x10):01 00 0C 39 84 00 02 00 10 89 51 0D 
2013/07/19 13:10:22:745 [006044] TRACE [Prb.cpp, 835] - RxStream contents:01 00 0C 13 06 39 00 01 80 74 C8 0D 
2013/07/19 13:10:22:745 [006044] TRACE [Prb.cpp, 943] - RadioBoardPacket(ACK):01 00 0C 13 06 39 00 01 80 74 C8 0D 
2013/07/19 13:10:22:746 [004960] DEBUG [Prb.cpp, 603] - Read CC1020 completed, Address=0x0010, Data=0x80
2013/07/19 13:10:22:746 [004960] TRACE [Prb.cpp, 584] - Reading CC1020, Address=0x0013
2013/07/19 13:10:22:747 [004960] TRACE [Prb.cpp, 1035] - ReadCC1020Packet(0x13):01 00 0C 3A 84 00 02 00 13 01 5B 0D 
2013/07/19 13:10:22:747 [006044] TRACE [Prb.cpp, 835] - RxStream contents:01 00 0C 14 06 3A 00 01 33 A3 67 0D 
2013/07/19 13:10:22:748 [006044] TRACE [Prb.cpp, 943] - RadioBoardPacket(ACK):01 00 0C 14 06 3A 00 01 33 A3 67 0D 
2013/07/19 13:10:22:749 [004960] DEBUG [Prb.cpp, 603] - Read CC1020 completed, Address=0x0013, Data=0x33
2013/07/19 13:10:22:749 [004960] TRACE [Prb.cpp, 584] - Reading CC1020, Address=0x0014
2013/07/19 13:10:22:750 [004960] TRACE [Prb.cpp, 1035] - ReadCC1020Packet(0x14):01 00 0C 3B 84 00 02 00 14 79 49 0D 
2013/07/19 13:10:22:750 [006044] TRACE [Prb.cpp, 835] - RxStream contents:01 00 0C 15 06 3B 00 01 3D 4F 40 0D 
2013/07/19 13:10:22:751 [006044] TRACE [Prb.cpp, 943] - RadioBoardPacket(ACK):01 00 0C 15 06 3B 00 01 3D 4F 40 0D 
2013/07/19 13:10:22:751 [004960] DEBUG [Prb.cpp, 603] - Read CC1020 completed, Address=0x0014, Data=0x3D
2013/07/19 13:10:22:752 [004960] TRACE [Prb.cpp, 584] - Reading CC1020, Address=0x0043
2013/07/19 13:10:22:752 [004960] TRACE [Prb.cpp, 1035] - ReadCC1020Packet(0x43):01 00 0C 3C 84 00 02 00 43 90 BE 0D 
2013/07/19 13:10:22:753 [006044] TRACE [Prb.cpp, 835] - RxStream contents:01 00 0C 16 06 3C 00 01 00 AB CE 0D 
2013/07/19 13:10:22:753 [006044] TRACE [Prb.cpp, 943] - RadioBoardPacket(ACK):01 00 0C 16 06 3C 00 01 00 AB CE 0D 
2013/07/19 13:10:22:754 [004960] DEBUG [Prb.cpp, 603] - Read CC1020 completed, Address=0x0043, Data=0x00
2013/07/19 13:10:22:755 [004960] DEBUG [ComSysDiagnostics.cpp, 63] - CC1020 [Scan complete] FREQ_2A: 0x35 FREQ_1A: 0xf0 FREQ_0A: 0x21
2013/07/19 13:10:22:755 [004960] DEBUG [ComSysDiagnostics.cpp, 67] - CC1020 [Scan complete] FREQ_2B: 0x35 FREQ_1B: 0xfa FREQ_0B: 0xcb
2013/07/19 13:10:22:756 [004960] DEBUG [ComSysDiagnostics.cpp, 72] - CC1020 [Scan complete] AFC_CONTROL: 0xdf FILTER: 0x80 VGA3: 0x33 VGA4: 0x3d AFC: 0x00
2013/07/19 13:10:22:756 [004960] INFO [CommunicationSystemStates.cpp, 173] - Found 0 valid ids during the scan operation.
2013/07/19 13:10:22:757 [004960] INFO [CommunicationSystemStates.cpp, 198] - Found 0 invalid ids during the scan operation.
2013/07/19 13:10:22:761 [006748] INFO [CommunicationSystemStates.cpp, 130] - Scan requested. Preamble Burst Duration: 2 seconds. Preamble Burst Data Rate: 0.
2013/07/19 13:10:22:761 [006748] TRACE [Prb.cpp, 448] - Writing FPGA, Address=0x1002, Data=0x02
2013/07/19 13:10:22:762 [006748] TRACE [Prb.cpp, 1035] - WriteFPGAPacket(0x1002, 0x02):01 00 0D 3D 81 00 03 10 02 02 A7 3A 0D 
2013/07/19 13:10:22:762 [006044] TRACE [Prb.cpp, 835] - RxStream contents:01 00 0B 17 06 3D 00 00 35 C6 0D 
2013/07/19 13:10:22:763 [006044] TRACE [Prb.cpp, 943] - RadioBoardPacket(ACK):01 00 0B 17 06 3D 00 00 35 C6 0D 
2013/07/19 13:10:22:764 [006748] DEBUG [Prb.cpp, 466] - Write FPGA completed, Address=0x1002, Data=0x02
2013/07/19 13:10:22:764 [006748] TRACE [Prb.cpp, 493] - Reading FPGA, Address=0x1004
2013/07/19 13:10:22:765 [006748] TRACE [Prb.cpp, 1035] - ReadFPGAPacket(0x1004):01 00 0C 3E 82 00 02 10 04 00 3C 0D 
2013/07/19 13:10:22:765 [006044] TRACE [Prb.cpp, 835] - RxStream contents:01 00 0C 18 06 3E 00 01 08 53 F2 0D 
2013/07/19 13:10:22:766 [006044] TRACE [Prb.cpp, 943] - RadioBoardPacket(ACK):01 00 0C 18 06 3E 00 01 08 53 F2 0D 
2013/07/19 13:10:22:767 [006748] DEBUG [Prb.cpp, 512] - Read FPGA completed, Address=0x1004, Data=0x08
2013/07/19 13:10:22:767 [006748] TRACE [Prb.cpp, 448] - Writing FPGA, Address=0x1004, Data=0x00
2013/07/19 13:10:22:768 [006748] TRACE [Prb.cpp, 1035] - WriteFPGAPacket(0x1004, 0x00):01 00 0D 3F 81 00 03 10 04 00 B1 16 0D 
2013/07/19 13:10:22:768 [006044] TRACE [Prb.cpp, 835] - RxStream contents:01 00 0B 19 06 3F 00 00 37 3E 0D 
2013/07/19 13:10:22:769 [006044] TRACE [Prb.cpp, 943] - RadioBoardPacket(ACK):01 00 0B 19 06 3F 00 00 37 3E 0D 
2013/07/19 13:10:22:769 [006748] DEBUG [Prb.cpp, 466] - Write FPGA completed, Address=0x1004, Data=0x00
2013/07/19 13:10:22:770 [006748] TRACE [Prb.cpp, 448] - Writing FPGA, Address=0x1008, Data=0x02
2013/07/19 13:10:22:771 [006748] TRACE [Prb.cpp, 1035] - WriteFPGAPacket(0x1008, 0x02):01 00 0D 40 81 00 03 10 08 02 E1 EA 0D 
2013/07/19 13:10:22:771 [006044] TRACE [Prb.cpp, 835] - RxStream contents:01 00 0B 1A 06 40 00 00 B1 B9 0D 
2013/07/19 13:10:22:772 [006044] TRACE [Prb.cpp, 943] - RadioBoardPacket(ACK):01 00 0B 1A 06 40 00 00 B1 B9 0D 
2013/07/19 13:10:22:772 [006748] DEBUG [Prb.cpp, 466] - Write FPGA completed, Address=0x1008, Data=0x02
2013/07/19 13:10:26:884 [004960] INFO [CommunicationSystemStates.cpp, 168] - Scan complete
2013/07/19 13:10:26:884 [004960] TRACE [Prb.cpp, 584] - Reading CC1020, Address=0x0004
2013/07/19 13:10:26:885 [004960] TRACE [Prb.cpp, 1035] - ReadCC1020Packet(0x04):01 00 0C 41 84 00 02 00 04 49 54 0D 
2013/07/19 13:10:26:885 [006044] TRACE [Prb.cpp, 835] - RxStream contents:01 00 0C 1C 06 41 00 01 35 BF 6E 0D 
2013/07/19 13:10:26:887 [006044] TRACE [Prb.cpp, 943] - RadioBoardPacket(ACK):01 00 0C 1C 06 41 00 01 35 BF 6E 0D 
2013/07/19 13:10:26:887 [004960] DEBUG [Prb.cpp, 603] - Read CC1020 completed, Address=0x0004, Data=0x35
2013/07/19 13:10:26:888 [004960] TRACE [Prb.cpp, 584] - Reading CC1020, Address=0x0005
2013/07/19 13:10:26:889 [004960] TRACE [Prb.cpp, 1035] - ReadCC1020Packet(0x05):01 00 0C 42 84 00 02 00 05 41 51 0D 
2013/07/19 13:10:26:889 [006044] TRACE [Prb.cpp, 835] - RxStream contents:01 00 0C 1D 06 42 00 01 F0 79 F3 0D 
2013/07/19 13:10:26:890 [006044] TRACE [Prb.cpp, 943] - RadioBoardPacket(ACK):01 00 0C 1D 06 42 00 01 F0 79 F3 0D 
2013/07/19 13:10:26:890 [004960] DEBUG [Prb.cpp, 603] - Read CC1020 completed, Address=0x0005, Data=0xF0
2013/07/19 13:10:26:891 [004960] TRACE [Prb.cpp, 584] - Reading CC1020, Address=0x0006
2013/07/19 13:10:26:891 [004960] TRACE [Prb.cpp, 1035] - ReadCC1020Packet(0x06):01 00 0C 43 84 00 02 00 06 B9 58 0D 
2013/07/19 13:10:26:891 [006044] TRACE [Prb.cpp, 835] - RxStream contents:01 00 0C 1E 06 43 00 01 21 67 16 0D 
2013/07/19 13:10:26:892 [006044] TRACE [Prb.cpp, 943] - RadioBoardPacket(ACK):01 00 0C 1E 06 43 00 01 21 67 16 0D 
2013/07/19 13:10:26:893 [004960] DEBUG [Prb.cpp, 603] - Read CC1020 completed, Address=0x0006, Data=0x21
2013/07/19 13:10:26:893 [004960] TRACE [Prb.cpp, 584] - Reading CC1020, Address=0x0008
2013/07/19 13:10:26:894 [004960] TRACE [Prb.cpp, 1035] - ReadCC1020Packet(0x08):01 00 0C 44 84 00 02 00 08 51 79 0D 
2013/07/19 13:10:26:894 [006044] TRACE [Prb.cpp, 835] - RxStream contents:01 00 0C 1F 06 44 00 01 35 73 6E 0D 
2013/07/19 13:10:26:895 [006044] TRACE [Prb.cpp, 943] - RadioBoardPacket(ACK):01 00 0C 1F 06 44 00 01 35 73 6E 0D 
2013/07/19 13:10:26:896 [004960] DEBUG [Prb.cpp, 603] - Read CC1020 completed, Address=0x0008, Data=0x35
2013/07/19 13:10:26:896 [004960] TRACE [Prb.cpp, 584] - Reading CC1020, Address=0x0009
2013/07/19 13:10:26:897 [004960] TRACE [Prb.cpp, 1035] - ReadCC1020Packet(0x09):01 00 0C 45 84 00 02 00 09 29 7F 0D 
2013/07/19 13:10:26:897 [006044] TRACE [Prb.cpp, 835] - RxStream contents:01 00 0C 20 06 45 00 01 FA CD F3 0D 
2013/07/19 13:10:26:898 [006044] TRACE [Prb.cpp, 943] - RadioBoardPacket(ACK):01 00 0C 20 06 45 00 01 FA CD F3 0D 
2013/07/19 13:10:26:898 [004960] DEBUG [Prb.cpp, 603] - Read CC1020 completed, Address=0x0009, Data=0xFA
2013/07/19 13:10:26:899 [004960] TRACE [Prb.cpp, 584] - Reading CC1020, Address=0x000A
2013/07/19 13:10:26:899 [004960] TRACE [Prb.cpp, 1035] - ReadCC1020Packet(0x0A):01 00 0C 46 84 00 02 00 0A A1 75 0D 
2013/07/19 13:10:26:899 [006044] TRACE [Prb.cpp, 835] - RxStream contents:01 00 0C 21 06 46 00 01 CB 89 55 0D 
2013/07/19 13:10:26:900 [006044] TRACE [Prb.cpp, 943] - RadioBoardPacket(ACK):01 00 0C 21 06 46 00 01 CB 89 55 0D 
2013/07/19 13:10:26:901 [004960] DEBUG [Prb.cpp, 603] - Read CC1020 completed, Address=0x000A, Data=0xCB
2013/07/19 13:10:26:901 [004960] TRACE [Prb.cpp, 584] - Reading CC1020, Address=0x000F
2013/07/19 13:10:26:902 [004960] TRACE [Prb.cpp, 1035] - ReadCC1020Packet(0x0F):01 00 0C 47 84 00 02 00 0F 59 68 0D 
2013/07/19 13:10:26:902 [006044] TRACE [Prb.cpp, 835] - RxStream contents:01 00 0C 22 06 47 00 01 DF 95 2E 0D 
2013/07/19 13:10:26:903 [006044] TRACE [Prb.cpp, 943] - RadioBoardPacket(ACK):01 00 0C 22 06 47 00 01 DF 95 2E 0D 
2013/07/19 13:10:26:904 [004960] DEBUG [Prb.cpp, 603] - Read CC1020 completed, Address=0x000F, Data=0xDF
2013/07/19 13:10:26:904 [004960] TRACE [Prb.cpp, 584] - Reading CC1020, Address=0x0010
2013/07/19 13:10:26:905 [004960] TRACE [Prb.cpp, 1035] - ReadCC1020Packet(0x10):01 00 0C 48 84 00 02 00 10 F1 26 0D 
2013/07/19 13:10:26:905 [006044] TRACE [Prb.cpp, 835] - RxStream contents:01 00 0C 23 06 48 00 01 80 A0 EF 0D 
2013/07/19 13:10:26:906 [006044] TRACE [Prb.cpp, 943] - RadioBoardPacket(ACK):01 00 0C 23 06 48 00 01 80 A0 EF 0D 
2013/07/19 13:10:26:906 [004960] DEBUG [Prb.cpp, 603] - Read CC1020 completed, Address=0x0010, Data=0x80
2013/07/19 13:10:26:907 [004960] TRACE [Prb.cpp, 584] - Reading CC1020, Address=0x0013
2013/07/19 13:10:26:907 [004960] TRACE [Prb.cpp, 1035] - ReadCC1020Packet(0x13):01 00 0C 49 84 00 02 00 13 09 2F 0D 
2013/07/19 13:10:26:907 [006044] TRACE [Prb.cpp, 835] - RxStream contents:01 00 0C 24 06 49 00 01 33 DF 43 0D 
2013/07/19 13:10:26:908 [006044] TRACE [Prb.cpp, 943] - RadioBoardPacket(ACK):01 00 0C 24 06 49 00 01 33 DF 43 0D 
2013/07/19 13:10:26:909 [004960] DEBUG [Prb.cpp, 603] - Read CC1020 completed, Address=0x0013, Data=0x33
2013/07/19 13:10:26:909 [004960] TRACE [Prb.cpp, 584] - Reading CC1020, Address=0x0014
2013/07/19 13:10:26:910 [004960] TRACE [Prb.cpp, 1035] - ReadCC1020Packet(0x14):01 00 0C 4A 84 00 02 00 14 01 3E 0D 
2013/07/19 13:10:26:910 [006044] TRACE [Prb.cpp, 835] - RxStream contents:01 00 0C 25 06 4A 00 01 3D 9B 67 0D 
2013/07/19 13:10:26:911 [006044] TRACE [Prb.cpp, 943] - RadioBoardPacket(ACK):01 00 0C 25 06 4A 00 01 3D 9B 67 0D 
2013/07/19 13:10:26:912 [004960] DEBUG [Prb.cpp, 603] - Read CC1020 completed, Address=0x0014, Data=0x3D
2013/07/19 13:10:26:912 [004960] TRACE [Prb.cpp, 584] - Reading CC1020, Address=0x0043
2013/07/19 13:10:26:913 [004960] TRACE [Prb.cpp, 1035] - ReadCC1020Packet(0x43):01 00 0C 4B 84 00 02 00 43 78 CC 0D 
2013/07/19 13:10:26:913 [006044] TRACE [Prb.cpp, 835] - RxStream contents:01 00 0C 26 06 4B 00 01 00 07 E9 0D 
2013/07/19 13:10:26:914 [006044] TRACE [Prb.cpp, 943] - RadioBoardPacket(ACK):01 00 0C 26 06 4B 00 01 00 07 E9 0D 
2013/07/19 13:10:26:915 [004960] DEBUG [Prb.cpp, 603] - Read CC1020 completed, Address=0x0043, Data=0x00
2013/07/19 13:10:26:915 [004960] DEBUG [ComSysDiagnostics.cpp, 63] - CC1020 [Scan complete] FREQ_2A: 0x35 FREQ_1A: 0xf0 FREQ_0A: 0x21
2013/07/19 13:10:26:916 [004960] DEBUG [ComSysDiagnostics.cpp, 67] - CC1020 [Scan complete] FREQ_2B: 0x35 FREQ_1B: 0xfa FREQ_0B: 0xcb
2013/07/19 13:10:26:916 [004960] DEBUG [ComSysDiagnostics.cpp, 72] - CC1020 [Scan complete] AFC_CONTROL: 0xdf FILTER: 0x80 VGA3: 0x33 VGA4: 0x3d AFC: 0x00
2013/07/19 13:10:26:917 [004960] INFO [CommunicationSystemStates.cpp, 173] - Found 2 valid ids during the scan operation.
2013/07/19 13:10:26:919 [004960] INFO [CommunicationSystemStates.cpp, 190] - Id: 0x801c0094.
2013/07/19 13:10:26:919 [004960] INFO [CommunicationSystemStates.cpp, 190] - Id: 0x80201085.
2013/07/19 13:10:26:920 [004960] INFO [CommunicationSystemStates.cpp, 198] - Found 0 invalid ids during the scan operation.
2013/07/19 13:10:26:935 [006364] TRACE [Prb.cpp, 493] - Reading FPGA, Address=0x1004
2013/07/19 13:10:26:936 [006364] TRACE [Prb.cpp, 1035] - ReadFPGAPacket(0x1004):01 00 0C 4C 82 00 02 10 04 F0 4B 0D 
2013/07/19 13:10:26:936 [006044] TRACE [Prb.cpp, 835] - RxStream contents:01 00 0C 27 06 4C 00 01 00 13 E9 0D 
2013/07/19 13:10:26:937 [006044] TRACE [Prb.cpp, 943] - RadioBoardPacket(ACK):01 00 0C 27 06 4C 00 01 00 13 E9 0D 
2013/07/19 13:10:26:937 [006364] DEBUG [Prb.cpp, 512] - Read FPGA completed, Address=0x1004, Data=0x00
2013/07/19 13:10:26:938 [006364] TRACE [Prb.cpp, 448] - Writing FPGA, Address=0x1004, Data=0x00
2013/07/19 13:10:26:939 [006364] TRACE [Prb.cpp, 1035] - WriteFPGAPacket(0x1004, 0x00):01 00 0D 4D 81 00 03 10 04 00 C4 36 0D 
2013/07/19 13:10:26:939 [006044] TRACE [Prb.cpp, 835] - RxStream contents:01 00 0B 28 06 4D 00 00 B9 2D 0D 
2013/07/19 13:10:26:940 [006044] TRACE [Prb.cpp, 943] - RadioBoardPacket(ACK):01 00 0B 28 06 4D 00 00 B9 2D 0D 
2013/07/19 13:10:26:940 [006364] DEBUG [Prb.cpp, 466] - Write FPGA completed, Address=0x1004, Data=0x00
2013/07/19 13:10:26:942 [006748] INFO [CrossTalkDetectorStates.cpp, 98] - LinkTimeout = 4523 ms
2013/07/19 13:10:26:942 [006748] INFO [CrossTalkDetector.cpp, 68] - CrossTalkDetector state changing from IdleState to LinkingState
2013/07/19 13:10:26:944 [006748] INFO [CommunicationSystemStates.cpp, 147] - Link requested. Id: 0x801c0094. Preamble Burst Duration: 2 seconds. Preamble Burst Data Rate: 0.
2013/07/19 13:10:26:945 [006748] DEBUG [ComSysDiagnostics.cpp, 95] - Resetting FPGA Frame Error Counter
2013/07/19 13:10:26:945 [006748] TRACE [Prb.cpp, 448] - Writing FPGA, Address=0x301C, Data=0x00
2013/07/19 13:10:26:946 [006748] TRACE [Prb.cpp, 1035] - WriteFPGAPacket(0x301C, 0x00):01 00 0D 4E 81 00 03 30 1C 00 15 85 0D 
2013/07/19 13:10:26:946 [006044] TRACE [Prb.cpp, 835] - RxStream contents:01 00 0B 29 06 4E 00 00 39 6A 0D 
2013/07/19 13:10:26:947 [006044] TRACE [Prb.cpp, 943] - RadioBoardPacket(ACK):01 00 0B 29 06 4E 00 00 39 6A 0D 
2013/07/19 13:10:26:948 [006748] DEBUG [Prb.cpp, 466] - Write FPGA completed, Address=0x301C, Data=0x00
2013/07/19 13:10:26:948 [006748] TRACE [Prb.cpp, 448] - Writing FPGA, Address=0x2000, Data=0x80
2013/07/19 13:10:26:949 [006748] TRACE [Prb.cpp, 1035] - WriteFPGAPacket(0x2000, 0x80):01 00 0D 4F 81 00 03 20 00 80 5E D5 0D 
2013/07/19 13:10:26:949 [006044] TRACE [Prb.cpp, 835] - RxStream contents:01 00 0B 2A 06 4F 00 00 B9 F5 0D 
2013/07/19 13:10:26:950 [006044] TRACE [Prb.cpp, 943] - RadioBoardPacket(ACK):01 00 0B 2A 06 4F 00 00 B9 F5 0D 
2013/07/19 13:10:26:950 [006748] DEBUG [Prb.cpp, 466] - Write FPGA completed, Address=0x2000, Data=0x80
2013/07/19 13:10:26:951 [006748] TRACE [Prb.cpp, 448] - Writing FPGA, Address=0x2002, Data=0x1C
2013/07/19 13:10:26:952 [006748] TRACE [Prb.cpp, 1035] - WriteFPGAPacket(0x2002, 0x1C):01 00 0D 50 81 00 03 20 02 1C 4F 6D 0D 
2013/07/19 13:10:26:952 [006044] TRACE [Prb.cpp, 835] - RxStream contents:01 00 0B 2B 06 50 00 00 B8 01 0D 
2013/07/19 13:10:26:953 [006044] TRACE [Prb.cpp, 943] - RadioBoardPacket(ACK):01 00 0B 2B 06 50 00 00 B8 01 0D 
2013/07/19 13:10:26:953 [006748] DEBUG [Prb.cpp, 466] - Write FPGA completed, Address=0x2002, Data=0x1C
2013/07/19 13:10:26:954 [006748] TRACE [Prb.cpp, 448] - Writing FPGA, Address=0x2004, Data=0x00
2013/07/19 13:10:26:955 [006748] TRACE [Prb.cpp, 1035] - WriteFPGAPacket(0x2004, 0x00):01 00 0D 51 81 00 03 20 04 00 5A 35 0D 
2013/07/19 13:10:26:955 [006044] TRACE [Prb.cpp, 835] - RxStream contents:01 00 0B 2C 06 51 00 00 B9 7D 0D 
2013/07/19 13:10:26:956 [006044] TRACE [Prb.cpp, 943] - RadioBoardPacket(ACK):01 00 0B 2C 06 51 00 00 B9 7D 0D 
2013/07/19 13:10:26:956 [006748] DEBUG [Prb.cpp, 466] - Write FPGA completed, Address=0x2004, Data=0x00
2013/07/19 13:10:26:957 [006748] TRACE [Prb.cpp, 448] - Writing FPGA, Address=0x2006, Data=0x94
2013/07/19 13:10:26:957 [006748] TRACE [Prb.cpp, 1035] - WriteFPGAPacket(0x2006, 0x94):01 00 0D 52 81 00 03 20 06 94 56 7D 0D 
2013/07/19 13:10:26:957 [006044] TRACE [Prb.cpp, 835] - RxStream contents:01 00 0B 2D 06 52 00 00 39 3A 0D 
2013/07/19 13:10:26:958 [006044] TRACE [Prb.cpp, 943] - RadioBoardPacket(ACK):01 00 0B 2D 06 52 00 00 39 3A 0D 
2013/07/19 13:10:26:959 [006748] DEBUG [Prb.cpp, 466] - Write FPGA completed, Address=0x2006, Data=0x94
2013/07/19 13:10:26:959 [006748] TRACE [Prb.cpp, 448] - Writing FPGA, Address=0x1002, Data=0x02
2013/07/19 13:10:26:960 [006748] TRACE [Prb.cpp, 1035] - WriteFPGAPacket(0x1002, 0x02):01 00 0D 53 81 00 03 10 02 02 4F D9 0D 
2013/07/19 13:10:26:960 [006044] TRACE [Prb.cpp, 835] - RxStream contents:01 00 0B 2E 06 53 00 00 B9 A5 0D 
2013/07/19 13:10:26:961 [006044] TRACE [Prb.cpp, 943] - RadioBoardPacket(ACK):01 00 0B 2E 06 53 00 00 B9 A5 0D 
2013/07/19 13:10:26:962 [006748] DEBUG [Prb.cpp, 466] - Write FPGA completed, Address=0x1002, Data=0x02
2013/07/19 13:10:26:962 [006748] TRACE [Prb.cpp, 493] - Reading FPGA, Address=0x1004
2013/07/19 13:10:26:963 [006748] TRACE [Prb.cpp, 1035] - ReadFPGAPacket(0x1004):01 00 0C 54 82 00 02 10 04 30 50 0D 
2013/07/19 13:10:26:963 [006044] TRACE [Prb.cpp, 835] - RxStream contents:01 00 0C 2F 06 54 00 01 00 33 E5 0D 
2013/07/19 13:10:26:964 [006044] TRACE [Prb.cpp, 943] - RadioBoardPacket(ACK):01 00 0C 2F 06 54 00 01 00 33 E5 0D 
2013/07/19 13:10:26:964 [006748] DEBUG [Prb.cpp, 512] - Read FPGA completed, Address=0x1004, Data=0x00
2013/07/19 13:10:26:965 [006748] TRACE [Prb.cpp, 448] - Writing FPGA, Address=0x1004, Data=0x00
2013/07/19 13:10:26:966 [006748] TRACE [Prb.cpp, 1035] - WriteFPGAPacket(0x1004, 0x00):01 00 0D 55 81 00 03 10 04 00 DD B6 0D 
2013/07/19 13:10:26:966 [006044] TRACE [Prb.cpp, 835] - RxStream contents:01 00 0B 30 06 55 00 00 BC 8D 0D 
2013/07/19 13:10:26:967 [006044] TRACE [Prb.cpp, 943] - RadioBoardPacket(ACK):01 00 0B 30 06 55 00 00 BC 8D 0D 
2013/07/19 13:10:26:967 [006748] DEBUG [Prb.cpp, 466] - Write FPGA completed, Address=0x1004, Data=0x00
2013/07/19 13:10:26:968 [006748] TRACE [Prb.cpp, 448] - Writing FPGA, Address=0x1008, Data=0x04
2013/07/19 13:10:26:968 [006748] TRACE [Prb.cpp, 1035] - WriteFPGAPacket(0x1008, 0x04):01 00 0D 56 81 00 03 10 08 04 76 9D 0D 
2013/07/19 13:10:26:968 [006044] TRACE [Prb.cpp, 835] - RxStream contents:01 00 0B 31 06 56 00 00 3C CA 0D 
2013/07/19 13:10:26:969 [006044] TRACE [Prb.cpp, 943] - RadioBoardPacket(ACK):01 00 0B 31 06 56 00 00 3C CA 0D 
2013/07/19 13:10:26:970 [006748] DEBUG [Prb.cpp, 466] - Write FPGA completed, Address=0x1008, Data=0x04
2013/07/19 13:10:29:592 [004960] INFO [CrossTalkDetectorStates.cpp, 174] - Invalid frame while linking
2013/07/19 13:10:29:593 [004960] TRACE [Prb.cpp, 493] - Reading FPGA, Address=0x3018
2013/07/19 13:10:29:594 [004960] TRACE [Prb.cpp, 1035] - ReadFPGAPacket(0x3018):01 00 0C 57 82 00 02 30 18 78 18 0D 
2013/07/19 13:10:29:594 [006044] TRACE [Prb.cpp, 835] - RxStream contents:01 00 0C 33 06 57 00 01 3F 2F 7A 0D 
2013/07/19 13:10:29:595 [006044] TRACE [Prb.cpp, 943] - RadioBoardPacket(ACK):01 00 0C 33 06 57 00 01 3F 2F 7A 0D 
2013/07/19 13:10:29:596 [004960] DEBUG [Prb.cpp, 512] - Read FPGA completed, Address=0x3018, Data=0x3F
2013/07/19 13:10:29:596 [004960] TRACE [Prb.cpp, 493] - Reading FPGA, Address=0x301A
2013/07/19 13:10:29:597 [004960] TRACE [Prb.cpp, 1035] - ReadFPGAPacket(0x301A):01 00 0C 58 82 00 02 30 1A D0 18 0D 
2013/07/19 13:10:29:597 [006044] TRACE [Prb.cpp, 835] - RxStream contents:01 00 0C 34 06 58 00 01 01 0B FB 0D 
2013/07/19 13:10:29:598 [006044] TRACE [Prb.cpp, 943] - RadioBoardPacket(ACK):01 00 0C 34 06 58 00 01 01 0B FB 0D 
2013/07/19 13:10:29:598 [004960] DEBUG [Prb.cpp, 512] - Read FPGA completed, Address=0x301A, Data=0x01
2013/07/19 13:10:29:599 [004960] TRACE [Prb.cpp, 493] - Reading FPGA, Address=0x3070
2013/07/19 13:10:29:600 [004960] TRACE [Prb.cpp, 1035] - ReadFPGAPacket(0x3070):01 00 0C 59 82 00 02 30 70 29 67 0D 
2013/07/19 13:10:29:600 [006044] TRACE [Prb.cpp, 835] - RxStream contents:01 00 0C 35 06 59 00 01 FE 65 F9 0D 
2013/07/19 13:10:29:601 [006044] TRACE [Prb.cpp, 943] - RadioBoardPacket(ACK):01 00 0C 35 06 59 00 01 FE 65 F9 0D 
2013/07/19 13:10:29:601 [004960] DEBUG [Prb.cpp, 512] - Read FPGA completed, Address=0x3070, Data=0xFE
2013/07/19 13:10:29:602 [004960] DEBUG [ComSysDiagnostics.cpp, 31] - FPGA RSSI/AFC [Linking(invalid frame)] linkedRSSI:63 linkedAFC:1 AFC:254
2013/07/19 13:10:29:607 [004960] TRACE [Prb.cpp, 493] - Reading FPGA, Address=0x3018
2013/07/19 13:10:29:608 [004960] TRACE [Prb.cpp, 1035] - ReadFPGAPacket(0x3018):01 00 0C 5A 82 00 02 30 18 20 14 0D 
2013/07/19 13:10:29:608 [006044] TRACE [Prb.cpp, 835] - RxStream contents:01 00 0C 37 06 5A 00 01 3F AB 7F 0D 
2013/07/19 13:10:29:609 [006044] TRACE [Prb.cpp, 943] - RadioBoardPacket(ACK):01 00 0C 37 06 5A 00 01 3F AB 7F 0D 
2013/07/19 13:10:29:610 [004960] DEBUG [Prb.cpp, 512] - Read FPGA completed, Address=0x3018, Data=0x3F
2013/07/19 13:10:29:611 [004960] TRACE [Prb.cpp, 493] - Reading FPGA, Address=0x301A
2013/07/19 13:10:29:611 [004960] TRACE [Prb.cpp, 1035] - ReadFPGAPacket(0x301A):01 00 0C 5B 82 00 02 30 1A 58 18 0D 
2013/07/19 13:10:29:611 [006044] TRACE [Prb.cpp, 835] - RxStream contents:01 00 0C 38 06 5B 00 01 FE 95 F6 0D 
2013/07/19 13:10:29:613 [006044] TRACE [Prb.cpp, 943] - RadioBoardPacket(ACK):01 00 0C 38 06 5B 00 01 FE 95 F6 0D 
2013/07/19 13:10:29:613 [004960] DEBUG [Prb.cpp, 512] - Read FPGA completed, Address=0x301A, Data=0xFE
2013/07/19 13:10:29:614 [004960] TRACE [Prb.cpp, 493] - Reading FPGA, Address=0x3070
2013/07/19 13:10:29:614 [004960] TRACE [Prb.cpp, 1035] - ReadFPGAPacket(0x3070):01 00 0C 5C 82 00 02 30 70 31 62 0D 
2013/07/19 13:10:29:614 [006044] TRACE [Prb.cpp, 835] - RxStream contents:01 00 0C 39 06 5C 00 01 00 03 F1 0D 
2013/07/19 13:10:29:615 [006044] TRACE [Prb.cpp, 943] - RadioBoardPacket(ACK):01 00 0C 39 06 5C 00 01 00 03 F1 0D 
2013/07/19 13:10:29:616 [004960] DEBUG [Prb.cpp, 512] - Read FPGA completed, Address=0x3070, Data=0x00
2013/07/19 13:10:29:616 [004960] DEBUG [ComSysDiagnostics.cpp, 31] - FPGA RSSI/AFC [Linking(valid frame)] linkedRSSI:63 linkedAFC:254 AFC:0
2013/07/19 13:10:29:622 [004960] TRACE [Prb.cpp, 493] - Reading FPGA, Address=0x3018
2013/07/19 13:10:29:623 [004960] TRACE [Prb.cpp, 1035] - ReadFPGAPacket(0x3018):01 00 0C 5D 82 00 02 30 18 48 12 0D 
2013/07/19 13:10:29:623 [006044] TRACE [Prb.cpp, 835] - RxStream contents:01 00 0C 3B 06 5D 00 01 3B 67 68 0D 
2013/07/19 13:10:29:624 [006044] TRACE [Prb.cpp, 943] - RadioBoardPacket(ACK):01 00 0C 3B 06 5D 00 01 3B 67 68 0D 
2013/07/19 13:10:29:624 [004960] DEBUG [Prb.cpp, 512] - Read FPGA completed, Address=0x3018, Data=0x3B
2013/07/19 13:10:29:625 [004960] TRACE [Prb.cpp, 493] - Reading FPGA, Address=0x301A
2013/07/19 13:10:29:626 [004960] TRACE [Prb.cpp, 1035] - ReadFPGAPacket(0x301A):01 00 0C 5E 82 00 02 30 1A 40 1D 0D 
2013/07/19 13:10:29:626 [006044] TRACE [Prb.cpp, 835] - RxStream contents:01 00 0C 3C 06 5E 00 01 00 B3 F7 0D 
2013/07/19 13:10:29:627 [006044] TRACE [Prb.cpp, 943] - RadioBoardPacket(ACK):01 00 0C 3C 06 5E 00 01 00 B3 F7 0D 
2013/07/19 13:10:29:628 [004960] DEBUG [Prb.cpp, 512] - Read FPGA completed, Address=0x301A, Data=0x00
2013/07/19 13:10:29:628 [004960] TRACE [Prb.cpp, 493] - Reading FPGA, Address=0x3070
2013/07/19 13:10:29:629 [004960] TRACE [Prb.cpp, 1035] - ReadFPGAPacket(0x3070):01 00 0C 5F 82 00 02 30 70 B9 62 0D 
2013/07/19 13:10:29:629 [006044] TRACE [Prb.cpp, 835] - RxStream contents:01 00 0C 3D 06 5F 00 01 FF DD F5 0D 
2013/07/19 13:10:29:630 [006044] TRACE [Prb.cpp, 943] - RadioBoardPacket(ACK):01 00 0C 3D 06 5F 00 01 FF DD F5 0D 
2013/07/19 13:10:29:630 [004960] DEBUG [Prb.cpp, 512] - Read FPGA completed, Address=0x3070, Data=0xFF
2013/07/19 13:10:29:631 [004960] DEBUG [ComSysDiagnostics.cpp, 31] - FPGA RSSI/AFC [Linking(valid frame)] linkedRSSI:59 linkedAFC:0 AFC:255
2013/07/19 13:10:29:641 [004960] TRACE [Prb.cpp, 493] - Reading FPGA, Address=0x3018
2013/07/19 13:10:29:642 [004960] TRACE [Prb.cpp, 1035] - ReadFPGAPacket(0x3018):01 00 0C 60 82 00 02 30 18 10 2D 0D 
2013/07/19 13:10:29:642 [006044] TRACE [Prb.cpp, 835] - RxStream contents:01 00 0C 3F 06 60 00 01 3C A3 76 0D 
2013/07/19 13:10:29:643 [006044] TRACE [Prb.cpp, 943] - RadioBoardPacket(ACK):01 00 0C 3F 06 60 00 01 3C A3 76 0D 
2013/07/19 13:10:29:643 [004960] DEBUG [Prb.cpp, 512] - Read FPGA completed, Address=0x3018, Data=0x3C
2013/07/19 13:10:29:644 [004960] TRACE [Prb.cpp, 493] - Reading FPGA, Address=0x301A
2013/07/19 13:10:29:644 [004960] TRACE [Prb.cpp, 1035] - ReadFPGAPacket(0x301A):01 00 0C 61 82 00 02 30 1A 68 21 0D 
2013/07/19 13:10:29:644 [006044] TRACE [Prb.cpp, 835] - RxStream contents:01 00 0C 40 06 61 00 01 00 9F 86 0D 
2013/07/19 13:10:29:646 [006044] TRACE [Prb.cpp, 943] - RadioBoardPacket(ACK):01 00 0C 40 06 61 00 01 00 9F 86 0D 
2013/07/19 13:10:29:646 [004960] DEBUG [Prb.cpp, 512] - Read FPGA completed, Address=0x301A, Data=0x00
2013/07/19 13:10:29:647 [004960] TRACE [Prb.cpp, 493] - Reading FPGA, Address=0x3070
2013/07/19 13:10:29:647 [004960] TRACE [Prb.cpp, 1035] - ReadFPGAPacket(0x3070):01 00 0C 62 82 00 02 30 70 E1 5D 0D 
2013/07/19 13:10:29:647 [006044] TRACE [Prb.cpp, 835] - RxStream contents:01 00 0C 41 06 62 00 01 00 5B 85 0D 
2013/07/19 13:10:29:648 [006044] TRACE [Prb.cpp, 943] - RadioBoardPacket(ACK):01 00 0C 41 06 62 00 01 00 5B 85 0D 
2013/07/19 13:10:29:649 [004960] DEBUG [Prb.cpp, 512] - Read FPGA completed, Address=0x3070, Data=0x00
2013/07/19 13:10:29:649 [004960] DEBUG [ComSysDiagnostics.cpp, 31] - FPGA RSSI/AFC [Linking(valid frame)] linkedRSSI:60 linkedAFC:0 AFC:0
2013/07/19 13:10:29:655 [004960] TRACE [Prb.cpp, 493] - Reading FPGA, Address=0x3018
2013/07/19 13:10:29:655 [004960] TRACE [Prb.cpp, 1035] - ReadFPGAPacket(0x3018):01 00 0C 63 82 00 02 30 18 98 2D 0D 
2013/07/19 13:10:29:656 [006044] TRACE [Prb.cpp, 835] - RxStream contents:01 00 0C 43 06 63 00 01 3B 3F 1C 0D 
2013/07/19 13:10:29:657 [006044] TRACE [Prb.cpp, 943] - RadioBoardPacket(ACK):01 00 0C 43 06 63 00 01 3B 3F 1C 0D 
2013/07/19 13:10:29:657 [004960] DEBUG [Prb.cpp, 512] - Read FPGA completed, Address=0x3018, Data=0x3B
2013/07/19 13:10:29:658 [004960] TRACE [Prb.cpp, 493] - Reading FPGA, Address=0x301A
2013/07/19 13:10:29:659 [004960] TRACE [Prb.cpp, 1035] - ReadFPGAPacket(0x301A):01 00 0C 64 82 00 02 30 1A 70 24 0D 
2013/07/19 13:10:29:659 [006044] TRACE [Prb.cpp, 835] - RxStream contents:01 00 0C 44 06 64 00 01 00 3B 80 0D 
2013/07/19 13:10:29:660 [006044] TRACE [Prb.cpp, 943] - RadioBoardPacket(ACK):01 00 0C 44 06 64 00 01 00 3B 80 0D 
2013/07/19 13:10:29:660 [004960] DEBUG [Prb.cpp, 512] - Read FPGA completed, Address=0x301A, Data=0x00
2013/07/19 13:10:29:661 [004960] TRACE [Prb.cpp, 493] - Reading FPGA, Address=0x3070
2013/07/19 13:10:29:661 [004960] TRACE [Prb.cpp, 1035] - ReadFPGAPacket(0x3070):01 00 0C 65 82 00 02 30 70 89 5B 0D 
2013/07/19 13:10:29:662 [006044] TRACE [Prb.cpp, 835] - RxStream contents:01 00 0C 45 06 65 00 01 00 57 80 0D 
2013/07/19 13:10:29:663 [006044] TRACE [Prb.cpp, 943] - RadioBoardPacket(ACK):01 00 0C 45 06 65 00 01 00 57 80 0D 
2013/07/19 13:10:29:663 [004960] DEBUG [Prb.cpp, 512] - Read FPGA completed, Address=0x3070, Data=0x00
2013/07/19 13:10:29:664 [004960] DEBUG [ComSysDiagnostics.cpp, 31] - FPGA RSSI/AFC [Linking(valid frame)] linkedRSSI:59 linkedAFC:0 AFC:0
2013/07/19 13:10:29:669 [004960] TRACE [Prb.cpp, 493] - Reading FPGA, Address=0x3018
2013/07/19 13:10:29:669 [004960] TRACE [Prb.cpp, 1035] - ReadFPGAPacket(0x3018):01 00 0C 66 82 00 02 30 18 80 28 0D 
2013/07/19 13:10:29:669 [006044] TRACE [Prb.cpp, 835] - RxStream contents:01 00 0C 47 06 66 00 01 3B 9B 1A 0D 
2013/07/19 13:10:29:671 [006044] TRACE [Prb.cpp, 943] - RadioBoardPacket(ACK):01 00 0C 47 06 66 00 01 3B 9B 1A 0D 
2013/07/19 13:10:29:671 [004960] DEBUG [Prb.cpp, 512] - Read FPGA completed, Address=0x3018, Data=0x3B
2013/07/19 13:10:29:672 [004960] TRACE [Prb.cpp, 493] - Reading FPGA, Address=0x301A
2013/07/19 13:10:29:672 [004960] TRACE [Prb.cpp, 1035] - ReadFPGAPacket(0x301A):01 00 0C 67 82 00 02 30 1A F8 24 0D 
2013/07/19 13:10:29:672 [006044] TRACE [Prb.cpp, 835] - RxStream contents:01 00 0C 48 06 67 00 01 01 27 8A 0D 
2013/07/19 13:10:29:673 [006044] TRACE [Prb.cpp, 943] - RadioBoardPacket(ACK):01 00 0C 48 06 67 00 01 01 27 8A 0D 
2013/07/19 13:10:29:674 [004960] DEBUG [Prb.cpp, 512] - Read FPGA completed, Address=0x301A, Data=0x01
2013/07/19 13:10:29:674 [004960] TRACE [Prb.cpp, 493] - Reading FPGA, Address=0x3070
2013/07/19 13:10:29:675 [004960] TRACE [Prb.cpp, 1035] - ReadFPGAPacket(0x3070):01 00 0C 68 82 00 02 30 70 D1 57 0D 
2013/07/19 13:10:29:675 [006044] TRACE [Prb.cpp, 835] - RxStream contents:01 00 0C 49 06 68 00 01 00 93 8C 0D 
2013/07/19 13:10:29:676 [006044] TRACE [Prb.cpp, 943] - RadioBoardPacket(ACK):01 00 0C 49 06 68 00 01 00 93 8C 0D 
2013/07/19 13:10:29:677 [004960] DEBUG [Prb.cpp, 512] - Read FPGA completed, Address=0x3070, Data=0x00
2013/07/19 13:10:29:677 [004960] DEBUG [ComSysDiagnostics.cpp, 31] - FPGA RSSI/AFC [Linking(valid frame)] linkedRSSI:59 linkedAFC:1 AFC:0
2013/07/19 13:10:29:688 [004960] TRACE [Prb.cpp, 493] - Reading FPGA, Address=0x3018
2013/07/19 13:10:29:689 [004960] TRACE [Prb.cpp, 1035] - ReadFPGAPacket(0x3018):01 00 0C 69 82 00 02 30 18 A8 27 0D 
2013/07/19 13:10:29:689 [006044] TRACE [Prb.cpp, 835] - RxStream contents:01 00 0C 4B 06 69 00 01 3C 77 04 0D 
2013/07/19 13:10:29:690 [006044] TRACE [Prb.cpp, 943] - RadioBoardPacket(ACK):01 00 0C 4B 06 69 00 01 3C 77 04 0D 
2013/07/19 13:10:29:690 [004960] DEBUG [Prb.cpp, 512] - Read FPGA completed, Address=0x3018, Data=0x3C
2013/07/19 13:10:29:691 [004960] TRACE [Prb.cpp, 493] - Reading FPGA, Address=0x301A
2013/07/19 13:10:29:692 [004960] TRACE [Prb.cpp, 1035] - ReadFPGAPacket(0x301A):01 00 0C 6A 82 00 02 30 1A A0 28 0D 
2013/07/19 13:10:29:692 [006044] TRACE [Prb.cpp, 835] - RxStream contents:01 00 0C 4C 06 6A 00 01 00 23 8A 0D 
2013/07/19 13:10:29:693 [006044] TRACE [Prb.cpp, 943] - RadioBoardPacket(ACK):01 00 0C 4C 06 6A 00 01 00 23 8A 0D 
2013/07/19 13:10:29:693 [004960] DEBUG [Prb.cpp, 512] - Read FPGA completed, Address=0x301A, Data=0x00
2013/07/19 13:10:29:694 [004960] TRACE [Prb.cpp, 493] - Reading FPGA, Address=0x3070
2013/07/19 13:10:29:695 [004960] TRACE [Prb.cpp, 1035] - ReadFPGAPacket(0x3070):01 00 0C 6B 82 00 02 30 70 59 57 0D 
2013/07/19 13:10:29:695 [006044] TRACE [Prb.cpp, 835] - RxStream contents:01 00 0C 4D 06 6B 00 01 00 4F 8A 0D 
2013/07/19 13:10:29:696 [006044] TRACE [Prb.cpp, 943] - RadioBoardPacket(ACK):01 00 0C 4D 06 6B 00 01 00 4F 8A 0D 
2013/07/19 13:10:29:696 [004960] DEBUG [Prb.cpp, 512] - Read FPGA completed, Address=0x3070, Data=0x00
2013/07/19 13:10:29:697 [004960] DEBUG [ComSysDiagnostics.cpp, 31] - FPGA RSSI/AFC [Linking(valid frame)] linkedRSSI:60 linkedAFC:0 AFC:0
2013/07/19 13:10:29:702 [004960] TRACE [Prb.cpp, 493] - Reading FPGA, Address=0x3018
2013/07/19 13:10:29:702 [004960] TRACE [Prb.cpp, 1035] - ReadFPGAPacket(0x3018):01 00 0C 6C 82 00 02 30 18 B0 22 0D 
2013/07/19 13:10:29:702 [006044] TRACE [Prb.cpp, 835] - RxStream contents:01 00 0C 4F 06 6C 00 01 3C D3 02 0D 
2013/07/19 13:10:29:704 [006044] TRACE [Prb.cpp, 943] - RadioBoardPacket(ACK):01 00 0C 4F 06 6C 00 01 3C D3 02 0D 
2013/07/19 13:10:29:704 [004960] DEBUG [Prb.cpp, 512] - Read FPGA completed, Address=0x3018, Data=0x3C
2013/07/19 13:10:29:705 [004960] TRACE [Prb.cpp, 493] - Reading FPGA, Address=0x301A
2013/07/19 13:10:29:706 [004960] TRACE [Prb.cpp, 1035] - ReadFPGAPacket(0x301A):01 00 0C 6D 82 00 02 30 1A C8 2E 0D 
2013/07/19 13:10:29:706 [006044] TRACE [Prb.cpp, 835] - RxStream contents:01 00 0C 50 06 6D 00 01 01 6F 91 0D 
2013/07/19 13:10:29:707 [006044] TRACE [Prb.cpp, 943] - RadioBoardPacket(ACK):01 00 0C 50 06 6D 00 01 01 6F 91 0D 
2013/07/19 13:10:29:707 [004960] DEBUG [Prb.cpp, 512] - Read FPGA completed, Address=0x301A, Data=0x01
2013/07/19 13:10:29:708 [004960] TRACE [Prb.cpp, 493] - Reading FPGA, Address=0x3070
2013/07/19 13:10:29:708 [004960] TRACE [Prb.cpp, 1035] - ReadFPGAPacket(0x3070):01 00 0C 6E 82 00 02 30 70 41 52 0D 
2013/07/19 13:10:29:709 [006044] TRACE [Prb.cpp, 835] - RxStream contents:01 00 0C 51 06 6E 00 01 FF 29 95 0D 
2013/07/19 13:10:29:710 [006044] TRACE [Prb.cpp, 943] - RadioBoardPacket(ACK):01 00 0C 51 06 6E 00 01 FF 29 95 0D 
2013/07/19 13:10:29:710 [004960] DEBUG [Prb.cpp, 512] - Read FPGA completed, Address=0x3070, Data=0xFF
2013/07/19 13:10:29:711 [004960] DEBUG [ComSysDiagnostics.cpp, 31] - FPGA RSSI/AFC [Linking(valid frame)] linkedRSSI:60 linkedAFC:1 AFC:255
2013/07/19 13:10:29:716 [004960] TRACE [Prb.cpp, 493] - Reading FPGA, Address=0x3018
2013/07/19 13:10:29:716 [004960] TRACE [Prb.cpp, 1035] - ReadFPGAPacket(0x3018):01 00 0C 6F 82 00 02 30 18 38 22 0D 
2013/07/19 13:10:29:716 [006044] TRACE [Prb.cpp, 835] - RxStream contents:01 00 0C 53 06 6F 00 01 3F CF 15 0D 
2013/07/19 13:10:29:717 [006044] TRACE [Prb.cpp, 943] - RadioBoardPacket(ACK):01 00 0C 53 06 6F 00 01 3F CF 15 0D 
2013/07/19 13:10:29:718 [004960] DEBUG [Prb.cpp, 512] - Read FPGA completed, Address=0x3018, Data=0x3F
2013/07/19 13:10:29:718 [004960] TRACE [Prb.cpp, 493] - Reading FPGA, Address=0x301A
2013/07/19 13:10:29:719 [004960] TRACE [Prb.cpp, 1035] - ReadFPGAPacket(0x301A):01 00 0C 70 82 00 02 30 1A 10 30 0D 
2013/07/19 13:10:29:719 [006044] TRACE [Prb.cpp, 835] - RxStream contents:01 00 0C 54 06 70 00 01 01 AB 92 0D 
2013/07/19 13:10:29:720 [006044] TRACE [Prb.cpp, 943] - RadioBoardPacket(ACK):01 00 0C 54 06 70 00 01 01 AB 92 0D 
2013/07/19 13:10:29:721 [004960] DEBUG [Prb.cpp, 512] - Read FPGA completed, Address=0x301A, Data=0x01
2013/07/19 13:10:29:721 [004960] TRACE [Prb.cpp, 493] - Reading FPGA, Address=0x3070
2013/07/19 13:10:29:722 [004960] TRACE [Prb.cpp, 1035] - ReadFPGAPacket(0x3070):01 00 0C 71 82 00 02 30 70 E9 4F 0D 
2013/07/19 13:10:29:722 [006044] TRACE [Prb.cpp, 835] - RxStream contents:01 00 0C 55 06 71 00 01 00 47 97 0D 
2013/07/19 13:10:29:723 [006044] TRACE [Prb.cpp, 943] - RadioBoardPacket(ACK):01 00 0C 55 06 71 00 01 00 47 97 0D 
2013/07/19 13:10:29:723 [004960] DEBUG [Prb.cpp, 512] - Read FPGA completed, Address=0x3070, Data=0x00
2013/07/19 13:10:29:724 [004960] DEBUG [ComSysDiagnostics.cpp, 31] - FPGA RSSI/AFC [Linking(valid frame)] linkedRSSI:63 linkedAFC:1 AFC:0
2013/07/19 13:10:29:734 [004960] TRACE [Prb.cpp, 584] - Reading CC1020, Address=0x0004
2013/07/19 13:10:29:735 [004960] TRACE [Prb.cpp, 1035] - ReadCC1020Packet(0x04):01 00 0C 72 84 00 02 00 04 C1 67 0D 
2013/07/19 13:10:29:745 [006044] TRACE [Prb.cpp, 943] - RadioBoardPacket(ACK):01 00 0C 57 06 72 00 01 35 0B 2A 0D 
2013/07/19 13:10:29:746 [004960] DEBUG [Prb.cpp, 603] - Read CC1020 completed, Address=0x0004, Data=0x35
2013/07/19 13:10:29:746 [004960] TRACE [Prb.cpp, 584] - Reading CC1020, Address=0x0005
2013/07/19 13:10:29:747 [004960] TRACE [Prb.cpp, 1035] - ReadCC1020Packet(0x05):01 00 0C 73 84 00 02 00 05 B9 61 0D 
2013/07/19 13:10:29:761 [006044] TRACE [Prb.cpp, 943] - RadioBoardPacket(ACK):01 00 0C 59 06 73 00 01 EF CD FA 0D 
2013/07/19 13:10:29:762 [004960] DEBUG [Prb.cpp, 603] - Read CC1020 completed, Address=0x0005, Data=0xEF
2013/07/19 13:10:29:762 [004960] TRACE [Prb.cpp, 584] - Reading CC1020, Address=0x0006
2013/07/19 13:10:29:763 [004960] TRACE [Prb.cpp, 1035] - ReadCC1020Packet(0x06):01 00 0C 74 84 00 02 00 06 D1 6D 0D 
2013/07/19 13:10:29:777 [006044] TRACE [Prb.cpp, 835] - RxStream contents:01 00 0C 5B 06 74 00 01 B3 50 32 0D 
2013/07/19 13:10:29:777 [006044] TRACE [Prb.cpp, 943] - RadioBoardPacket(ACK):01 00 0C 5B 06 74 00 01 B3 50 32 0D 
2013/07/19 13:10:29:778 [004960] DEBUG [Prb.cpp, 603] - Read CC1020 completed, Address=0x0006, Data=0xB3
2013/07/19 13:10:29:779 [004960] TRACE [Prb.cpp, 584] - Reading CC1020, Address=0x0008
2013/07/19 13:10:29:779 [004960] TRACE [Prb.cpp, 1035] - ReadCC1020Packet(0x08):01 00 0C 75 84 00 02 00 08 A9 49 0D 
2013/07/19 13:10:29:792 [006044] TRACE [Prb.cpp, 943] - RadioBoardPacket(ACK):01 00 0C 5D 06 75 00 01 35 D7 23 0D 
2013/07/19 13:10:29:793 [004960] DEBUG [Prb.cpp, 603] - Read CC1020 completed, Address=0x0008, Data=0x35
2013/07/19 13:10:29:794 [004960] TRACE [Prb.cpp, 584] - Reading CC1020, Address=0x0009
2013/07/19 13:10:29:794 [004960] TRACE [Prb.cpp, 1035] - ReadCC1020Packet(0x09):01 00 0C 76 84 00 02 00 09 A1 4C 0D 
2013/07/19 13:10:29:808 [006044] TRACE [Prb.cpp, 943] - RadioBoardPacket(ACK):01 00 0C 5F 06 76 00 01 FA 99 82 0D 
2013/07/19 13:10:29:809 [004960] DEBUG [Prb.cpp, 603] - Read CC1020 completed, Address=0x0009, Data=0xFA
2013/07/19 13:10:29:809 [004960] TRACE [Prb.cpp, 584] - Reading CC1020, Address=0x000A
2013/07/19 13:10:29:810 [004960] TRACE [Prb.cpp, 1035] - ReadCC1020Packet(0x0A):01 00 0C 77 84 00 02 00 0A 59 45 0D 
2013/07/19 13:10:29:824 [006044] TRACE [Prb.cpp, 943] - RadioBoardPacket(ACK):01 00 0C 61 06 77 00 01 5D 5E 6F 0D 
2013/07/19 13:10:29:824 [004960] DEBUG [Prb.cpp, 603] - Read CC1020 completed, Address=0x000A, Data=0x5D
2013/07/19 13:10:29:825 [004960] TRACE [Prb.cpp, 584] - Reading CC1020, Address=0x000F
2013/07/19 13:10:29:826 [004960] TRACE [Prb.cpp, 1035] - ReadCC1020Packet(0x0F):01 00 0C 78 84 00 02 00 0F 71 54 0D 
2013/07/19 13:10:29:839 [006044] TRACE [Prb.cpp, 835] - RxStream contents:01 00 0C 63 06 78 00 01 DF E1 60 0D 01 00 1F 64 00 00 
2013/07/19 13:10:29:840 [006044] TRACE [Prb.cpp, 943] - RadioBoardPacket(ACK):01 00 0C 63 06 78 00 01 DF E1 60 0D 
2013/07/19 13:10:29:841 [004960] DEBUG [Prb.cpp, 603] - Read CC1020 completed, Address=0x000F, Data=0xDF
2013/07/19 13:10:29:841 [004960] TRACE [Prb.cpp, 584] - Reading CC1020, Address=0x0010
2013/07/19 13:10:29:842 [004960] TRACE [Prb.cpp, 1035] - ReadCC1020Packet(0x10):01 00 0C 79 84 00 02 00 10 09 16 0D 
2013/07/19 13:10:29:855 [006044] TRACE [Prb.cpp, 943] - RadioBoardPacket(ACK):01 00 0C 65 06 79 00 01 22 67 6B 0D 
2013/07/19 13:10:29:856 [004960] DEBUG [Prb.cpp, 603] - Read CC1020 completed, Address=0x0010, Data=0x22
2013/07/19 13:10:29:856 [004960] TRACE [Prb.cpp, 584] - Reading CC1020, Address=0x0013
2013/07/19 13:10:29:857 [004960] TRACE [Prb.cpp, 1035] - ReadCC1020Packet(0x13):01 00 0C 7A 84 00 02 00 13 81 1C 0D 
2013/07/19 13:10:29:871 [006044] TRACE [Prb.cpp, 835] - RxStream contents:01 00 0C 67 06 7A 00 01 2F AB 45 0D 
2013/07/19 13:10:29:871 [006044] TRACE [Prb.cpp, 943] - RadioBoardPacket(ACK):01 00 0C 67 06 7A 00 01 2F AB 45 0D 
2013/07/19 13:10:29:872 [004960] DEBUG [Prb.cpp, 603] - Read CC1020 completed, Address=0x0013, Data=0x2F
2013/07/19 13:10:29:872 [004960] TRACE [Prb.cpp, 584] - Reading CC1020, Address=0x0014
2013/07/19 13:10:29:873 [004960] TRACE [Prb.cpp, 1035] - ReadCC1020Packet(0x14):01 00 0C 7B 84 00 02 00 14 F9 0E 0D 
2013/07/19 13:10:29:886 [006044] TRACE [Prb.cpp, 943] - RadioBoardPacket(ACK):01 00 0C 69 06 7B 00 01 2F EF 4A 0D 
2013/07/19 13:10:29:887 [004960] DEBUG [Prb.cpp, 603] - Read CC1020 completed, Address=0x0014, Data=0x2F
2013/07/19 13:10:29:888 [004960] TRACE [Prb.cpp, 584] - Reading CC1020, Address=0x0043
2013/07/19 13:10:29:888 [004960] TRACE [Prb.cpp, 1035] - ReadCC1020Packet(0x43):01 00 0C 7C 84 00 02 00 43 10 F9 0D 
2013/07/19 13:10:29:902 [006044] TRACE [Prb.cpp, 943] - RadioBoardPacket(ACK):01 00 0C 6B 06 7C 00 01 FF F1 A9 0D 
2013/07/19 13:10:29:902 [004960] DEBUG [Prb.cpp, 603] - Read CC1020 completed, Address=0x0043, Data=0xFF
2013/07/19 13:10:29:903 [004960] DEBUG [ComSysDiagnostics.cpp, 63] - CC1020 [Link complete] FREQ_2A: 0x35 FREQ_1A: 0xef FREQ_0A: 0xb3
2013/07/19 13:10:29:904 [004960] DEBUG [ComSysDiagnostics.cpp, 67] - CC1020 [Link complete] FREQ_2B: 0x35 FREQ_1B: 0xfa FREQ_0B: 0x5d
2013/07/19 13:10:29:904 [004960] DEBUG [ComSysDiagnostics.cpp, 72] - CC1020 [Link complete] AFC_CONTROL: 0xdf FILTER: 0x22 VGA3: 0x2f VGA4: 0x2f AFC: 0xff
2013/07/19 13:10:29:905 [004960] TRACE [Prb.cpp, 493] - Reading FPGA, Address=0x3018
2013/07/19 13:10:29:905 [004960] TRACE [Prb.cpp, 1035] - ReadFPGAPacket(0x3018):01 00 0C 7D 82 00 02 30 18 C8 33 0D 
2013/07/19 13:10:29:906 [006044] TRACE [Prb.cpp, 835] - RxStream contents:01 00 0C 6D 06 7D 00 01 3B 77 34 0D 
2013/07/19 13:10:29:907 [006044] TRACE [Prb.cpp, 943] - RadioBoardPacket(ACK):01 00 0C 6D 06 7D 00 01 3B 77 34 0D 
2013/07/19 13:10:29:907 [004960] DEBUG [Prb.cpp, 512] - Read FPGA completed, Address=0x3018, Data=0x3B
2013/07/19 13:10:29:908 [004960] TRACE [Prb.cpp, 493] - Reading FPGA, Address=0x301A
2013/07/19 13:10:29:908 [004960] TRACE [Prb.cpp, 1035] - ReadFPGAPacket(0x301A):01 00 0C 7E 82 00 02 30 1A C0 3C 0D 
2013/07/19 13:10:29:908 [006044] TRACE [Prb.cpp, 835] - RxStream contents:01 00 0C 6E 06 7E 00 01 00 43 AD 0D 
2013/07/19 13:10:29:910 [006044] TRACE [Prb.cpp, 943] - RadioBoardPacket(ACK):01 00 0C 6E 06 7E 00 01 00 43 AD 0D 
2013/07/19 13:10:29:910 [004960] DEBUG [Prb.cpp, 512] - Read FPGA completed, Address=0x301A, Data=0x00
2013/07/19 13:10:29:911 [004960] TRACE [Prb.cpp, 493] - Reading FPGA, Address=0x3070
2013/07/19 13:10:29:911 [004960] TRACE [Prb.cpp, 1035] - ReadFPGAPacket(0x3070):01 00 0C 7F 82 00 02 30 70 39 43 0D 
2013/07/19 13:10:29:911 [006044] TRACE [Prb.cpp, 835] - RxStream contents:01 00 0C 6F 06 7F 00 01 00 2F AD 0D 
2013/07/19 13:10:29:912 [006044] TRACE [Prb.cpp, 943] - RadioBoardPacket(ACK):01 00 0C 6F 06 7F 00 01 00 2F AD 0D 
2013/07/19 13:10:29:913 [004960] DEBUG [Prb.cpp, 512] - Read FPGA completed, Address=0x3070, Data=0x00
2013/07/19 13:10:29:913 [004960] DEBUG [ComSysDiagnostics.cpp, 31] - FPGA RSSI/AFC [Link complete] linkedRSSI:59 linkedAFC:0 AFC:0
2013/07/19 13:10:29:914 [004960] INFO [ComSysDiagnostics.cpp, 79] - Status Counters [Link complete] FrameErrorsInLastSecond:1 EcgErrorsInLastSecond:0 MarkerOrImplantIdErrorsInLastSecond:0 TotalFrameErrors:1 TotalEcgErrors:0 TotalMarkerOrImplantIdErrors:0 TotalSentCommands:0 TotalGoodResponses:0 TotalBadResponses:0 TotalResponseTimeouts:0
2013/07/19 13:10:29:915 [004960] TRACE [Prb.cpp, 493] - Reading FPGA, Address=0x301C
2013/07/19 13:10:29:916 [004960] TRACE [Prb.cpp, 1035] - ReadFPGAPacket(0x301C):01 00 0C 80 82 00 02 30 1C 10 DB 0D 
2013/07/19 13:10:29:916 [006044] TRACE [Prb.cpp, 835] - RxStream contents:01 00 0C 70 06 80 00 01 01 0B 9D 0D 
2013/07/19 13:10:29:917 [006044] TRACE [Prb.cpp, 943] - RadioBoardPacket(ACK):01 00 0C 70 06 80 00 01 01 0B 9D 0D 
2013/07/19 13:10:29:918 [004960] DEBUG [Prb.cpp, 512] - Read FPGA completed, Address=0x301C, Data=0x01
2013/07/19 13:10:29:918 [004960] DEBUG [ComSysDiagnostics.cpp, 89] - FPGA Frame Error Counter [Link complete]:1
2013/07/19 13:10:29:919 [004960] INFO [CrossTalkDetector.cpp, 68] - CrossTalkDetector state changing from LinkingState to LinkedState
2013/07/19 13:10:29:920 [004960] INFO [CommunicationSystemStates.cpp, 221] - Link complete.
2013/07/19 13:10:29:935 [006748] INFO 0x801C0094 [CommunicationSystemStateMachine.cpp, 237] - Command: 0x82. Retries: 3. Timeout: 78 ms.
2013/07/19 13:10:29:938 [006748] INFO 0x801C0094 [CommunicationSystemStateMachine.cpp, 252] - Send Command:82 04 F5 6C 17 08 
2013/07/19 13:10:29:939 [006748] TRACE 0x801C0094 [Prb.cpp, 493] - Reading FPGA, Address=0x3018
2013/07/19 13:10:29:939 [006748] TRACE 0x801C0094 [Prb.cpp, 1035] - ReadFPGAPacket(0x3018):01 00 0C 81 82 00 02 30 18 68 C3 0D 
2013/07/19 13:10:29:940 [006044] TRACE 0x801C0094 [Prb.cpp, 835] - RxStream contents:01 00 0C 73 06 81 00 01 3C 97 13 0D 
2013/07/19 13:10:29:941 [006044] TRACE 0x801C0094 [Prb.cpp, 943] - RadioBoardPacket(ACK):01 00 0C 73 06 81 00 01 3C 97 13 0D 
2013/07/19 13:10:29:941 [006748] DEBUG 0x801C0094 [Prb.cpp, 512] - Read FPGA completed, Address=0x3018, Data=0x3C
2013/07/19 13:10:29:942 [006748] TRACE 0x801C0094 [Prb.cpp, 493] - Reading FPGA, Address=0x301A
2013/07/19 13:10:29:943 [006748] TRACE 0x801C0094 [Prb.cpp, 1035] - ReadFPGAPacket(0x301A):01 00 0C 82 82 00 02 30 1A 60 CC 0D 
2013/07/19 13:10:29:943 [006044] TRACE 0x801C0094 [Prb.cpp, 835] - RxStream contents:01 00 0C 74 06 82 00 01 01 43 98 0D 
2013/07/19 13:10:29:944 [006044] TRACE 0x801C0094 [Prb.cpp, 943] - RadioBoardPacket(ACK):01 00 0C 74 06 82 00 01 01 43 98 0D 
2013/07/19 13:10:29:945 [006748] DEBUG 0x801C0094 [Prb.cpp, 512] - Read FPGA completed, Address=0x301A, Data=0x01
2013/07/19 13:10:29:945 [006748] TRACE 0x801C0094 [Prb.cpp, 493] - Reading FPGA, Address=0x3070
2013/07/19 13:10:29:946 [006748] TRACE 0x801C0094 [Prb.cpp, 1035] - ReadFPGAPacket(0x3070):01 00 0C 83 82 00 02 30 70 99 B3 0D 
2013/07/19 13:10:29:946 [006044] TRACE 0x801C0094 [Prb.cpp, 835] - RxStream contents:01 00 0C 75 06 83 00 01 00 AF 9D 0D 
2013/07/19 13:10:29:947 [006044] TRACE 0x801C0094 [Prb.cpp, 943] - RadioBoardPacket(ACK):01 00 0C 75 06 83 00 01 00 AF 9D 0D 
2013/07/19 13:10:29:947 [006748] DEBUG 0x801C0094 [Prb.cpp, 512] - Read FPGA completed, Address=0x3070, Data=0x00
2013/07/19 13:10:29:948 [006748] DEBUG 0x801C0094 [ComSysDiagnostics.cpp, 31] - FPGA RSSI/AFC [Send Command] linkedRSSI:60 linkedAFC:1 AFC:0
2013/07/19 13:10:29:948 [006748] TRACE 0x801C0094 [Prb.cpp, 383] - Send Command, Command=0x82
2013/07/19 13:10:29:949 [006044] TRACE 0x801C0094 [Prb.cpp, 835] - RxStream contents:01 00 0B 77 06 84 00 00 AD B1 0D 
2013/07/19 13:10:29:949 [006748] TRACE 0x801C0094 [Prb.cpp, 1035] - WriteTransmitterPacket():01 00 10 84 87 00 06 82 04 F5 6C 17 08 7B B9 0D 
2013/07/19 13:10:29:950 [006044] TRACE 0x801C0094 [Prb.cpp, 943] - RadioBoardPacket(ACK):01 00 0B 77 06 84 00 00 AD B1 0D 
2013/07/19 13:10:29:951 [006748] DEBUG 0x801C0094 [Prb.cpp, 402] - Send Command completed, Command=0x82
2013/07/19 13:10:30:006 [004960] INFO 0x801C0094 [CommunicationSystemStateMachine.cpp, 773] - Command Completed:82 80 C0 45 93 52 22 0B 
2013/07/19 13:10:30:007 [004960] DEBUG 0x801C0094 [CommunicationSystemStateMachine.cpp, 330] - ... after 16 frames.
2013/07/19 13:10:30:016 [006748] INFO 0x801C0094 [CommunicationSystemStateMachine.cpp, 237] - Command: 0x82. Retries: 3. Timeout: 78 ms.
2013/07/19 13:10:30:017 [006748] INFO 0x801C0094 [CommunicationSystemStateMachine.cpp, 252] - Send Command:92 04 F5 6C 57 0E 
2013/07/19 13:10:30:017 [006748] TRACE 0x801C0094 [Prb.cpp, 493] - Reading FPGA, Address=0x3018
2013/07/19 13:10:30:018 [006748] TRACE 0x801C0094 [Prb.cpp, 1035] - ReadFPGAPacket(0x3018):01 00 0C 85 82 00 02 30 18 88 C5 0D 
2013/07/19 13:10:30:018 [006044] TRACE 0x801C0094 [Prb.cpp, 835] - RxStream contents:01 00 0C 7C 06 85 00 01 3F 6F 15 0D 
2013/07/19 13:10:30:019 [006044] TRACE 0x801C0094 [Prb.cpp, 943] - RadioBoardPacket(ACK):01 00 0C 7C 06 85 00 01 3F 6F 15 0D 
2013/07/19 13:10:30:019 [006748] DEBUG 0x801C0094 [Prb.cpp, 512] - Read FPGA completed, Address=0x3018, Data=0x3F
2013/07/19 13:10:30:020 [006748] TRACE 0x801C0094 [Prb.cpp, 493] - Reading FPGA, Address=0x301A
2013/07/19 13:10:30:021 [006748] TRACE 0x801C0094 [Prb.cpp, 1035] - ReadFPGAPacket(0x301A):01 00 0C 86 82 00 02 30 1A 80 CA 0D 
2013/07/19 13:10:30:021 [006044] TRACE 0x801C0094 [Prb.cpp, 835] - RxStream contents:01 00 0C 7D 06 86 00 01 00 AB 94 0D 
2013/07/19 13:10:30:022 [006044] TRACE 0x801C0094 [Prb.cpp, 943] - RadioBoardPacket(ACK):01 00 0C 7D 06 86 00 01 00 AB 94 0D 
2013/07/19 13:10:30:022 [006748] DEBUG 0x801C0094 [Prb.cpp, 512] - Read FPGA completed, Address=0x301A, Data=0x00
2013/07/19 13:10:30:023 [006748] TRACE 0x801C0094 [Prb.cpp, 493] - Reading FPGA, Address=0x3070
2013/07/19 13:10:30:023 [006748] TRACE 0x801C0094 [Prb.cpp, 1035] - ReadFPGAPacket(0x3070):01 00 0C 87 82 00 02 30 70 79 B5 0D 
2013/07/19 13:10:30:023 [006044] TRACE 0x801C0094 [Prb.cpp, 835] - RxStream contents:01 00 0C 7E 06 87 00 01 00 B7 97 0D 
2013/07/19 13:10:30:025 [006044] TRACE 0x801C0094 [Prb.cpp, 943] - RadioBoardPacket(ACK):01 00 0C 7E 06 87 00 01 00 B7 97 0D 
2013/07/19 13:10:30:025 [006748] DEBUG 0x801C0094 [Prb.cpp, 512] - Read FPGA completed, Address=0x3070, Data=0x00
2013/07/19 13:10:30:026 [006748] DEBUG 0x801C0094 [ComSysDiagnostics.cpp, 31] - FPGA RSSI/AFC [Send Command] linkedRSSI:63 linkedAFC:0 AFC:0
2013/07/19 13:10:30:026 [006748] TRACE 0x801C0094 [Prb.cpp, 383] - Send Command, Command=0x92
2013/07/19 13:10:30:027 [006748] TRACE 0x801C0094 [Prb.cpp, 1035] - WriteTransmitterPacket():01 00 10 88 87 00 06 92 04 F5 6C 57 0E 7B 46 0D 
2013/07/19 13:10:30:027 [006044] TRACE 0x801C0094 [Prb.cpp, 835] - RxStream contents:01 00 0B 7F 06 88 00 00 2E 82 0D 
2013/07/19 13:10:30:028 [006044] TRACE 0x801C0094 [Prb.cpp, 943] - RadioBoardPacket(ACK):01 00 0B 7F 06 88 00 00 2E 82 0D 
2013/07/19 13:10:30:028 [006748] DEBUG 0x801C0094 [Prb.cpp, 402] - Send Command completed, Command=0x92
2013/07/19 13:10:30:045 [004960] INFO 0x801C0094 [CommunicationSystem.cpp, 360] - Marker:9D 00 40 F9 12 
2013/07/19 13:10:30:061 [004960] INFO 0x801C0094 [CommunicationSystemStateMachine.cpp, 773] - Command Completed:92 80 C0 45 93 52 A2 19 
2013/07/19 13:10:30:061 [004960] DEBUG 0x801C0094 [CommunicationSystemStateMachine.cpp, 330] - ... after 2 frames.
2013/07/19 13:10:30:064 [006748] INFO 0x801C0094 [CommunicationSystemStateMachine.cpp, 237] - Command: 0x60. Retries: 3. Timeout: 500 ms.
2013/07/19 13:10:30:064 [006748] INFO 0x801C0094 [CommunicationSystemStateMachine.cpp, 252] - Send Command:60 04 00 9F 83 
2013/07/19 13:10:30:065 [006748] TRACE 0x801C0094 [Prb.cpp, 493] - Reading FPGA, Address=0x3018
2013/07/19 13:10:30:066 [006748] TRACE 0x801C0094 [Prb.cpp, 1035] - ReadFPGAPacket(0x3018):01 00 0C 89 82 00 02 30 18 28 CA 0D 
2013/07/19 13:10:30:066 [006044] TRACE 0x801C0094 [Prb.cpp, 835] - RxStream contents:01 00 0C 83 06 89 00 01 3E 37 E0 0D 
2013/07/19 13:10:30:067 [006044] TRACE 0x801C0094 [Prb.cpp, 943] - RadioBoardPacket(ACK):01 00 0C 83 06 89 00 01 3E 37 E0 0D 
2013/07/19 13:10:30:067 [006748] DEBUG 0x801C0094 [Prb.cpp, 512] - Read FPGA completed, Address=0x3018, Data=0x3E
2013/07/19 13:10:30:068 [006748] TRACE 0x801C0094 [Prb.cpp, 493] - Reading FPGA, Address=0x301A
2013/07/19 13:10:30:069 [006748] TRACE 0x801C0094 [Prb.cpp, 1035] - ReadFPGAPacket(0x301A):01 00 0C 8A 82 00 02 30 1A 20 C5 0D 
2013/07/19 13:10:30:069 [006044] TRACE 0x801C0094 [Prb.cpp, 835] - RxStream contents:01 00 0C 84 06 8A 00 01 01 63 64 0D 
2013/07/19 13:10:30:070 [006044] TRACE 0x801C0094 [Prb.cpp, 943] - RadioBoardPacket(ACK):01 00 0C 84 06 8A 00 01 01 63 64 0D 
2013/07/19 13:10:30:070 [006748] DEBUG 0x801C0094 [Prb.cpp, 512] - Read FPGA completed, Address=0x301A, Data=0x01
2013/07/19 13:10:30:071 [006748] TRACE 0x801C0094 [Prb.cpp, 493] - Reading FPGA, Address=0x3070
2013/07/19 13:10:30:071 [006748] TRACE 0x801C0094 [Prb.cpp, 1035] - ReadFPGAPacket(0x3070):01 00 0C 8B 82 00 02 30 70 D9 BA 0D 
2013/07/19 13:10:30:072 [006044] TRACE 0x801C0094 [Prb.cpp, 835] - RxStream contents:01 00 0C 85 06 8B 00 01 00 8F 61 0D 
2013/07/19 13:10:30:072 [006044] TRACE 0x801C0094 [Prb.cpp, 943] - RadioBoardPacket(ACK):01 00 0C 85 06 8B 00 01 00 8F 61 0D 
2013/07/19 13:10:30:073 [006748] DEBUG 0x801C0094 [Prb.cpp, 512] - Read FPGA completed, Address=0x3070, Data=0x00
2013/07/19 13:10:30:074 [006748] DEBUG 0x801C0094 [ComSysDiagnostics.cpp, 31] - FPGA RSSI/AFC [Send Command] linkedRSSI:62 linkedAFC:1 AFC:0
2013/07/19 13:10:30:074 [006748] TRACE 0x801C0094 [Prb.cpp, 383] - Send Command, Command=0x60
2013/07/19 13:10:30:075 [006748] TRACE 0x801C0094 [Prb.cpp, 1035] - WriteTransmitterPacket():01 00 0F 8C 87 00 05 60 04 00 9F 83 D1 6E 0D 
2013/07/19 13:10:30:075 [006044] TRACE 0x801C0094 [Prb.cpp, 835] - RxStream contents:01 00 0B 87 06 8C 00 00 07 92 0D 
2013/07/19 13:10:30:076 [006044] TRACE 0x801C0094 [Prb.cpp, 943] - RadioBoardPacket(ACK):01 00 0B 87 06 8C 00 00 07 92 0D 
2013/07/19 13:10:30:076 [006748] DEBUG 0x801C0094 [Prb.cpp, 402] - Send Command completed, Command=0x60
2013/07/19 13:10:30:083 [006600] TRACE 0x801C0094 [Prb.cpp, 493] - Reading FPGA, Address=0x3000
2013/07/19 13:10:30:084 [006600] TRACE 0x801C0094 [Prb.cpp, 1035] - ReadFPGAPacket(0x3000):01 00 0C 8D 82 00 02 30 00 C8 9C 0D 
2013/07/19 13:10:30:084 [006044] TRACE 0x801C0094 [Prb.cpp, 835] - RxStream contents:01 00 0C 88 06 8D 00 01 07 2F 7C 0D 
2013/07/19 13:10:30:085 [006044] TRACE 0x801C0094 [Prb.cpp, 943] - RadioBoardPacket(ACK):01 00 0C 88 06 8D 00 01 07 2F 7C 0D 
2013/07/19 13:10:30:085 [006600] DEBUG 0x801C0094 [Prb.cpp, 512] - Read FPGA completed, Address=0x3000, Data=0x07
2013/07/19 13:10:30:107 [004960] INFO 0x801C0094 [CommunicationSystemStateMachine.cpp, 773] - Command Completed:60 92 80 1C 00 94 39 E2 
2013/07/19 13:10:30:107 [004960] DEBUG 0x801C0094 [CommunicationSystemStateMachine.cpp, 330] - ... after 2 frames.
2013/07/19 13:10:30:108 [004960] INFO 0x801C0094 [CommunicationSystemStateMachine.cpp, 237] - Command: 0x60. Retries: 3. Timeout: 500 ms.
2013/07/19 13:10:30:109 [004960] INFO 0x801C0094 [CommunicationSystemStateMachine.cpp, 252] - Send Command:70 04 00 1E C0 
2013/07/19 13:10:30:109 [004960] TRACE 0x801C0094 [Prb.cpp, 493] - Reading FPGA, Address=0x3018
2013/07/19 13:10:30:110 [004960] TRACE 0x801C0094 [Prb.cpp, 1035] - ReadFPGAPacket(0x3018):01 00 0C 8E 82 00 02 30 18 40 CC 0D 
2013/07/19 13:10:30:110 [006044] TRACE 0x801C0094 [Prb.cpp, 835] - RxStream contents:01 00 0C 8B 06 8E 00 01 3F 1B EF 0D 
2013/07/19 13:10:30:112 [006044] TRACE 0x801C0094 [Prb.cpp, 943] - RadioBoardPacket(ACK):01 00 0C 8B 06 8E 00 01 3F 1B EF 0D 
2013/07/19 13:10:30:112 [004960] DEBUG 0x801C0094 [Prb.cpp, 512] - Read FPGA completed, Address=0x3018, Data=0x3F
2013/07/19 13:10:30:113 [004960] TRACE 0x801C0094 [Prb.cpp, 493] - Reading FPGA, Address=0x301A
2013/07/19 13:10:30:113 [004960] TRACE 0x801C0094 [Prb.cpp, 1035] - ReadFPGAPacket(0x301A):01 00 0C 8F 82 00 02 30 1A 38 C0 0D 
2013/07/19 13:10:30:113 [006044] TRACE 0x801C0094 [Prb.cpp, 835] - RxStream contents:01 00 0C 8C 06 8F 00 01 00 E7 68 0D 
2013/07/19 13:10:30:115 [006044] TRACE 0x801C0094 [Prb.cpp, 943] - RadioBoardPacket(ACK):01 00 0C 8C 06 8F 00 01 00 E7 68 0D 
2013/07/19 13:10:30:115 [004960] DEBUG 0x801C0094 [Prb.cpp, 512] - Read FPGA completed, Address=0x301A, Data=0x00
2013/07/19 13:10:30:116 [004960] TRACE 0x801C0094 [Prb.cpp, 493] - Reading FPGA, Address=0x3070
2013/07/19 13:10:30:116 [004960] TRACE 0x801C0094 [Prb.cpp, 1035] - ReadFPGAPacket(0x3070):01 00 0C 90 82 00 02 30 70 91 A1 0D 
2013/07/19 13:10:30:116 [006044] TRACE 0x801C0094 [Prb.cpp, 835] - RxStream contents:01 00 0C 8D 06 90 00 01 00 93 6D 0D 
2013/07/19 13:10:30:117 [006044] TRACE 0x801C0094 [Prb.cpp, 943] - RadioBoardPacket(ACK):01 00 0C 8D 06 90 00 01 00 93 6D 0D 
2013/07/19 13:10:30:118 [004960] DEBUG 0x801C0094 [Prb.cpp, 512] - Read FPGA completed, Address=0x3070, Data=0x00
2013/07/19 13:10:30:118 [004960] DEBUG 0x801C0094 [ComSysDiagnostics.cpp, 31] - FPGA RSSI/AFC [Send Command] linkedRSSI:63 linkedAFC:0 AFC:0
2013/07/19 13:10:30:119 [004960] TRACE 0x801C0094 [Prb.cpp, 383] - Send Command, Command=0x70
2013/07/19 13:10:30:120 [004960] TRACE 0x801C0094 [Prb.cpp, 1035] - WriteTransmitterPacket():01 00 0F 91 87 00 05 70 04 00 1E C0 9B 8E 0D 
2013/07/19 13:10:30:120 [006044] TRACE 0x801C0094 [Prb.cpp, 835] - RxStream contents:01 00 0B 8E 06 91 00 00 05 8E 0D 
2013/07/19 13:10:30:121 [006044] TRACE 0x801C0094 [Prb.cpp, 943] - RadioBoardPacket(ACK):01 00 0B 8E 06 91 00 00 05 8E 0D 
2013/07/19 13:10:30:121 [004960] DEBUG 0x801C0094 [Prb.cpp, 402] - Send Command completed, Command=0x70
2013/07/19 13:10:30:142 [004960] INFO 0x801C0094 [CommunicationSystemStateMachine.cpp, 773] - Command Completed:70 92 80 1C 00 94 B9 F0 
2013/07/19 13:10:30:142 [004960] DEBUG 0x801C0094 [CommunicationSystemStateMachine.cpp, 330] - ... after 2 frames.
2013/07/19 13:10:30:143 [004960] INFO 0x801C0094 [CommunicationSystemStateMachine.cpp, 237] - Command: 0xe4. Retries: 3. Timeout: 500 ms.
2013/07/19 13:10:30:144 [004960] INFO 0x801C0094 [CommunicationSystemStateMachine.cpp, 252] - Send Command:E4 02 58 
2013/07/19 13:10:30:144 [004960] TRACE 0x801C0094 [Prb.cpp, 493] - Reading FPGA, Address=0x3018
2013/07/19 13:10:30:145 [004960] TRACE 0x801C0094 [Prb.cpp, 1035] - ReadFPGAPacket(0x3018):01 00 0C 92 82 00 02 30 18 60 D1 0D 
2013/07/19 13:10:30:145 [006044] TRACE 0x801C0094 [Prb.cpp, 835] - RxStream contents:01 00 0C 91 06 92 00 01 3D 9B FE 0D 
2013/07/19 13:10:30:146 [006044] TRACE 0x801C0094 [Prb.cpp, 943] - RadioBoardPacket(ACK):01 00 0C 91 06 92 00 01 3D 9B FE 0D 
2013/07/19 13:10:30:146 [004960] DEBUG 0x801C0094 [Prb.cpp, 512] - Read FPGA completed, Address=0x3018, Data=0x3D
2013/07/19 13:10:30:147 [004960] TRACE 0x801C0094 [Prb.cpp, 493] - Reading FPGA, Address=0x301A
2013/07/19 13:10:30:148 [004960] TRACE 0x801C0094 [Prb.cpp, 1035] - ReadFPGAPacket(0x301A):01 00 0C 93 82 00 02 30 1A 18 DD 0D 
2013/07/19 13:10:30:148 [006044] TRACE 0x801C0094 [Prb.cpp, 835] - RxStream contents:01 00 0C 92 06 93 00 01 01 87 75 0D 
2013/07/19 13:10:30:149 [006044] TRACE 0x801C0094 [Prb.cpp, 943] - RadioBoardPacket(ACK):01 00 0C 92 06 93 00 01 01 87 75 0D 
2013/07/19 13:10:30:149 [004960] DEBUG 0x801C0094 [Prb.cpp, 512] - Read FPGA completed, Address=0x301A, Data=0x01
2013/07/19 13:10:30:150 [004960] TRACE 0x801C0094 [Prb.cpp, 493] - Reading FPGA, Address=0x3070
2013/07/19 13:10:30:150 [004960] TRACE 0x801C0094 [Prb.cpp, 1035] - ReadFPGAPacket(0x3070):01 00 0C 94 82 00 02 30 70 71 A7 0D 
2013/07/19 13:10:30:150 [006044] TRACE 0x801C0094 [Prb.cpp, 835] - RxStream contents:01 00 0C 93 06 94 00 01 00 13 70 0D 
2013/07/19 13:10:30:151 [006044] TRACE 0x801C0094 [Prb.cpp, 943] - RadioBoardPacket(ACK):01 00 0C 93 06 94 00 01 00 13 70 0D 
2013/07/19 13:10:30:152 [004960] DEBUG 0x801C0094 [Prb.cpp, 512] - Read FPGA completed, Address=0x3070, Data=0x00
2013/07/19 13:10:30:152 [004960] DEBUG 0x801C0094 [ComSysDiagnostics.cpp, 31] - FPGA RSSI/AFC [Send Command] linkedRSSI:61 linkedAFC:1 AFC:0
2013/07/19 13:10:30:153 [004960] TRACE 0x801C0094 [Prb.cpp, 383] - Send Command, Command=0xe4
2013/07/19 13:10:30:154 [004960] TRACE 0x801C0094 [Prb.cpp, 1035] - WriteTransmitterPacket():01 00 0D 95 87 00 03 E4 02 58 98 F3 0D 
2013/07/19 13:10:30:154 [006044] TRACE 0x801C0094 [Prb.cpp, 835] - RxStream contents:01 00 0B 95 06 95 00 00 81 15 0D 
2013/07/19 13:10:30:155 [006044] TRACE 0x801C0094 [Prb.cpp, 943] - RadioBoardPacket(ACK):01 00 0B 95 06 95 00 00 81 15 0D 
2013/07/19 13:10:30:155 [004960] DEBUG 0x801C0094 [Prb.cpp, 402] - Send Command completed, Command=0xe4
2013/07/19 13:10:30:311 [004960] INFO 0x801C0094 [ComSysDiagnostics.cpp, 79] - Status Counters [Link lost] FrameErrorsInLastSecond:9 EcgErrorsInLastSecond:0 MarkerOrImplantIdErrorsInLastSecond:0 TotalFrameErrors:9 TotalEcgErrors:0 TotalMarkerOrImplantIdErrors:0 TotalSentCommands:5 TotalGoodResponses:4 TotalBadResponses:0 TotalResponseTimeouts:0
2013/07/19 13:10:30:312 [004960] TRACE 0x801C0094 [Prb.cpp, 493] - Reading FPGA, Address=0x301C
2013/07/19 13:10:30:312 [004960] TRACE 0x801C0094 [Prb.cpp, 1035] - ReadFPGAPacket(0x301C):01 00 0C 96 82 00 02 30 1C 00 CC 0D 
2013/07/19 13:10:30:313 [006044] TRACE 0x801C0094 [Prb.cpp, 835] - RxStream contents:01 00 0C A0 06 96 00 01 0A 33 7C 0D 
2013/07/19 13:10:30:314 [006044] TRACE 0x801C0094 [Prb.cpp, 943] - RadioBoardPacket(ACK):01 00 0C A0 06 96 00 01 0A 33 7C 0D 
2013/07/19 13:10:30:314 [004960] DEBUG 0x801C0094 [Prb.cpp, 512] - Read FPGA completed, Address=0x301C, Data=0x0A
2013/07/19 13:10:30:315 [004960] DEBUG 0x801C0094 [ComSysDiagnostics.cpp, 89] - FPGA Frame Error Counter [Link lost]:10
2013/07/19 13:10:30:315 [004960] INFO 0x801C0094 [CommunicationSystemStateMachine.cpp, 769] - Command Completed
2013/07/19 13:10:30:316 [004960] DEBUG 0x801C0094 [CommunicationSystemStateMachine.cpp, 330] - ... after 11 frames.
2013/07/19 13:10:30:317 [004960] TRACE 0x801C0094 [Prb.cpp, 448] - Writing FPGA, Address=0x1008, Data=0x08
2013/07/19 13:10:30:318 [004960] TRACE 0x801C0094 [Prb.cpp, 1035] - WriteFPGAPacket(0x1008, 0x08):01 00 0D 97 81 00 03 10 08 08 3B A6 0D 
2013/07/19 13:10:30:318 [006044] TRACE 0x801C0094 [Prb.cpp, 835] - RxStream contents:01 00 0B A1 06 97 00 00 88 5D 0D 
2013/07/19 13:10:30:319 [006044] TRACE 0x801C0094 [Prb.cpp, 943] - RadioBoardPacket(ACK):01 00 0B A1 06 97 00 00 88 5D 0D 
2013/07/19 13:10:30:319 [004960] DEBUG 0x801C0094 [Prb.cpp, 466] - Write FPGA completed, Address=0x1008, Data=0x08
2013/07/19 13:10:30:336 [004960] TRACE 0x801C0094 [Prb.cpp, 493] - Reading FPGA, Address=0x300A
2013/07/19 13:10:30:336 [004960] TRACE 0x801C0094 [Prb.cpp, 1035] - ReadFPGAPacket(0x300A):01 00 0C 98 82 00 02 30 0A 50 B7 0D 
2013/07/19 13:10:30:337 [006044] TRACE 0x801C0094 [Prb.cpp, 835] - RxStream contents:01 00 0C A2 06 98 00 01 00 1B 40 0D 
2013/07/19 13:10:30:338 [006044] TRACE 0x801C0094 [Prb.cpp, 943] - RadioBoardPacket(ACK):01 00 0C A2 06 98 00 01 00 1B 40 0D 
2013/07/19 13:10:30:338 [004960] DEBUG 0x801C0094 [Prb.cpp, 512] - Read FPGA completed, Address=0x300A, Data=0x00
2013/07/19 13:10:30:339 [004960] TRACE 0x801C0094 [Prb.cpp, 448] - Writing FPGA, Address=0x300A, Data=0x03
2013/07/19 13:10:30:340 [004960] TRACE 0x801C0094 [Prb.cpp, 1035] - WriteFPGAPacket(0x300A, 0x03):01 00 0D 99 81 00 03 30 0A 03 3B FC 0D 
2013/07/19 13:10:30:340 [006044] TRACE 0x801C0094 [Prb.cpp, 835] - RxStream contents:01 00 0B A3 06 99 00 00 88 75 0D 
2013/07/19 13:10:30:341 [006044] TRACE 0x801C0094 [Prb.cpp, 943] - RadioBoardPacket(ACK):01 00 0B A3 06 99 00 00 88 75 0D 
2013/07/19 13:10:30:341 [004960] DEBUG 0x801C0094 [Prb.cpp, 466] - Write FPGA completed, Address=0x300A, Data=0x03
2013/07/19 13:10:35:508 [006600] INFO [NCommunicationSystem.cpp, 747] - Disposing: 1
2013/07/19 13:10:35:511 [006600] INFO [CrossAppDomainEventMarshaller.cpp, 44] - Disposing: 1
2013/07/19 13:10:35:512 [006600] INFO [CrossAppDomainEventMarshaller.cpp, 155] - abortGetNextEvent called
2013/07/19 13:10:35:513 [006600] INFO [CrossAppDomainEventMarshaller.cpp, 48] - Waiting for CrossDomainEventTranslator::m_pHandleEventsThread to stop
2013/07/19 13:10:35:513 [006200] INFO [CrossAppDomainEventMarshaller.cpp, 80] - handleEventsThread exiting (thread aborted)
2013/07/19 13:10:35:514 [006600] INFO [CrossAppDomainEventMarshaller.cpp, 54] - CrossDomainEventTranslator::m_pHandleEventsThread stopped
2013/07/19 13:10:35:515 [006600] INFO [CrossAppDomainEventMarshaller.cpp, 110] - EventHandler dtor
2013/07/19 13:10:35:516 [006600] INFO [CrossAppDomainEventMarshaller.cpp, 60] - Disposed.
2013/07/19 13:10:35:517 [006044] DEBUG [Prb.cpp, 867] - Prb receive thread terminated.
2013/07/19 13:10:35:522 [004960] INFO [ExceptionCatchingThread.cpp, 170] - Exited the interrupt thread procedure with return value 0.
2013/07/19 13:10:35:619 [006748] INFO [ExceptionCatchingThread.cpp, 170] - Exited the dispatch thread procedure with return value 0.
2013/07/19 13:10:35:621 [005060] INFO [ExceptionCatchingThread.cpp, 170] - Exited the timer thread procedure with return value 0.
2013/07/19 13:10:35:722 [006600] INFO [NCommunicationSystem.cpp, 779] - Disposed.
<<<<< Log Footer: 07/19/2013 13:10:35 >>>>>
