2013/07/16 20:28:10:619  INFO:   Loaded Symbol File C:\ISV System\Config\FirmwareSymbols\build178.sym for firmware Build #178
2013/07/16 20:28:10:633  INFO:   CommunicationSystemLog properties: .\CommunicationSystem.logger.properties
2013/07/16 20:28:10:633  INFO:   CommunicationSystemLog log       : .\logs\systemBerScriptLog 2013.07.16 20.28.10_CommunicationSystem.Log
2013/07/16 20:28:14:390  INFO:   Setting the event sink for ScriptEngineProcedure
2013/07/16 20:28:14:390  INFO:   Program parameters checks are enabled
2013/07/16 20:28:14:395  INFO:   ********************************************************************************
2013/07/16 20:28:14:395  INFO:   Starting ScriptEngineProcedure, Assembly  version 
2013/07/16 20:28:14:400  INFO:   Config: ICD (NCommunicationSystem ver: nCommunicationSystem, Version=1.8.2.1, Culture=neutral, PublicKeyToken=56b5378c99c0bcfd; FTDI Driver ver: 2.08.24.0; PRB FPGA ver: 7)
2013/07/16 20:28:14:400  INFO:   Setting the radio board transmit power to level 0x7.
2013/07/16 20:28:14:403  INFO:   Radio board power level set to 7.
2013/07/16 20:28:14:404  INFO:   ECG Timeout Interval set to 10 seconds.
2013/07/16 20:28:14:405  STATE:  Changing state to ScriptExecStateMachine.WaitForNextCmdState, ID[1]
2013/07/16 20:28:14:405  INFO:   FwDvtSystem Started the event processing thread
2013/07/16 20:28:14:435  ACTION: Read PRB FPGA: Address=0x3000 Data=0x07
2013/07/16 20:28:14:439  RESULT: FPGA 0x3000 Expected: 18 Actual: 7
2013/07/16 20:28:14:442  RESULT: ERROR Expected: 18 Actual: 7
2013/07/16 20:28:14:442  ACTION: Calibrate CC1020
2013/07/16 20:28:14:532  INFO:   CC1020 calibration passed
2013/07/16 20:28:14:541  ACTION: Read C1020: Address 0x04 Data=0x35
2013/07/16 20:28:14:545  ACTION: Read C1020: Address 0x05 Data=0xF0
2013/07/16 20:28:14:548  ACTION: Read C1020: Address 0x06 Data=0x21
2013/07/16 20:28:14:552  ACTION: Read C1020: Address 0x07 Data=0x38
2013/07/16 20:28:14:555  ACTION: Read C1020: Address 0x08 Data=0x35
2013/07/16 20:28:14:559  ACTION: Read C1020: Address 0x09 Data=0xFA
2013/07/16 20:28:14:562  ACTION: Read C1020: Address 0x0A Data=0xCB
2013/07/16 20:28:14:566  ACTION: Read C1020: Address 0x0B Data=0x38
2013/07/16 20:28:14:569  ACTION: Read C1020: Address 0x1D Data=0x00
2013/07/16 20:28:14:573  ACTION: Read C1020: Address 0x45 Data=0x4C
2013/07/16 20:28:14:576  ACTION: Read C1020: Address 0x46 Data=0x66
2013/07/16 20:28:14:580  ACTION: Read C1020: Address 0x47 Data=0x44
2013/07/16 20:28:14:590  ACTION: Read PRB FPGA: Address=0x305E Data=0x00
2013/07/16 20:28:14:593  ACTION: Read PRB FPGA: Address=0x3060 Data=0x00
2013/07/16 20:28:14:596  ACTION: Read PRB FPGA: Address=0x3062 Data=0x00
2013/07/16 20:28:14:603  ACTION: Read PRB FPGA: Address=0x3066 Data=0x00
2013/07/16 20:28:14:605  ACTION: Read PRB FPGA: Address=0x3068 Data=0x00
2013/07/16 20:28:14:608  ACTION: Read PRB FPGA: Address=0x306A Data=0x00
2013/07/16 20:28:14:610  ACTION: Write PRB FPGA: Address=0x1026 Data=0x01
2013/07/16 20:28:14:615  INFO:   EXECUTING STATE: SMLibrary.Dvt.IcdCmd+ScanState Timeout: 00:00:30
2013/07/16 20:28:14:616  EVENT:  SCRIPT-EXEC:EXEC-STATE - TES.Dvt.ScriptExecStateMachine, ID[11]
2013/07/16 20:28:14:618  STATE:  Changing state to ScriptExecStateMachine.ExecState, ID[4]
2013/07/16 20:28:14:618  INFO:   Setting the radio board transmit power to level 0x7.
2013/07/16 20:28:14:621  INFO:   Radio board power level set to 7.
2013/07/16 20:28:14:622  ACTION: Setting radio board configuration for hybrid.
2013/07/16 20:28:14:622  ACTION: Set radio board to DIO inverting mode.
2013/07/16 20:28:14:622  ACTION: Write PRB FPGA: Address=0x3012 Data=0x01
2013/07/16 20:28:14:625  ACTION: PRB Set Link Data Rate: Slow
2013/07/16 20:28:14:628  ACTION: Read PRB FPGA: Address=0x1004 Data=0x00
2013/07/16 20:28:14:628  ACTION: Write PRB FPGA: Address=0x1004 Data=0x00
2013/07/16 20:28:14:631  ACTION: Scanning for devices, primary scan duration = 9 sec, secondary scan duration = 2 sec
2013/07/16 20:28:25:803  INFO:   Primary scan device IDs: No devices found
2013/07/16 20:28:29:960  INFO:   Secondary scan device IDs: 0x80000009 0x801C0094 
2013/07/16 20:28:29:962  EVENT:  Device ID List, ID[17]
                                 DeviceID[0] : ID 0x801C0094 (Model 0, Serial 148, SW Version 7, Is Implanted)
                                 DeviceID[1] : ID 0x80000009 (Model 0, Serial 9, SW Version 0, Is Implanted)
2013/07/16 20:28:29:963  STATE:  Changing state to ScriptExecStateMachine.WaitForNextCmdState, ID[1]
2013/07/16 20:28:29:963  INFO:   STATE EXITED: SMLibrary.Dvt.IcdCmd+ScanState
2013/07/16 20:28:29:972  INFO:   EXECUTING STATE: SMLibrary.Dvt.IcdCmd+ScanState Timeout: 00:00:30
2013/07/16 20:28:29:972  EVENT:  SCRIPT-EXEC:EXEC-STATE - TES.Dvt.ScriptExecStateMachine, ID[11]
2013/07/16 20:28:29:972  STATE:  Changing state to ScriptExecStateMachine.ExecState, ID[4]
2013/07/16 20:28:29:972  INFO:   Setting the radio board transmit power to level 0x7.
2013/07/16 20:28:29:975  INFO:   Radio board power level set to 7.
2013/07/16 20:28:29:975  ACTION: Setting radio board configuration for hybrid.
2013/07/16 20:28:29:975  ACTION: Set radio board to DIO inverting mode.
2013/07/16 20:28:29:975  ACTION: Write PRB FPGA: Address=0x3012 Data=0x01
2013/07/16 20:28:29:977  ACTION: PRB Set Link Data Rate: Slow
2013/07/16 20:28:29:980  ACTION: Read PRB FPGA: Address=0x1004 Data=0x00
2013/07/16 20:28:29:980  ACTION: Write PRB FPGA: Address=0x1004 Data=0x00
2013/07/16 20:28:29:982  ACTION: Scanning for devices, primary scan duration = 9 sec, secondary scan duration = 2 sec
2013/07/16 20:28:41:151  INFO:   Primary scan device IDs: No devices found
2013/07/16 20:28:45:303  INFO:   Secondary scan device IDs: 0x80000009 0x801C0094 
2013/07/16 20:28:45:303  EVENT:  Device ID List, ID[20]
                                 DeviceID[0] : ID 0x801C0094 (Model 0, Serial 148, SW Version 7, Is Implanted)
                                 DeviceID[1] : ID 0x80000009 (Model 0, Serial 9, SW Version 0, Is Implanted)
2013/07/16 20:28:45:303  STATE:  Changing state to ScriptExecStateMachine.WaitForNextCmdState, ID[1]
2013/07/16 20:28:45:303  INFO:   STATE EXITED: SMLibrary.Dvt.IcdCmd+ScanState
2013/07/16 20:28:45:306  INFO:   EXECUTING STATE: SMLibrary.Dvt.IcdCmd+ScanState Timeout: 00:00:30
2013/07/16 20:28:45:307  EVENT:  SCRIPT-EXEC:EXEC-STATE - TES.Dvt.ScriptExecStateMachine, ID[11]
2013/07/16 20:28:45:307  STATE:  Changing state to ScriptExecStateMachine.ExecState, ID[4]
2013/07/16 20:28:45:307  INFO:   Setting the radio board transmit power to level 0x7.
2013/07/16 20:28:45:309  INFO:   Radio board power level set to 7.
2013/07/16 20:28:45:309  ACTION: Setting radio board configuration for hybrid.
2013/07/16 20:28:45:309  ACTION: Set radio board to DIO inverting mode.
2013/07/16 20:28:45:309  ACTION: Write PRB FPGA: Address=0x3012 Data=0x01
2013/07/16 20:28:45:312  ACTION: PRB Set Link Data Rate: Slow
2013/07/16 20:28:45:314  ACTION: Read PRB FPGA: Address=0x1004 Data=0x00
2013/07/16 20:28:45:314  ACTION: Write PRB FPGA: Address=0x1004 Data=0x00
2013/07/16 20:28:45:317  ACTION: Scanning for devices, primary scan duration = 9 sec, secondary scan duration = 2 sec
2013/07/16 20:28:56:483  INFO:   Primary scan device IDs: No devices found
2013/07/16 20:29:00:635  INFO:   Secondary scan device IDs: 0x80000009 0x801C0094 
2013/07/16 20:29:00:635  EVENT:  Device ID List, ID[23]
                                 DeviceID[0] : ID 0x801C0094 (Model 0, Serial 148, SW Version 7, Is Implanted)
                                 DeviceID[1] : ID 0x80000009 (Model 0, Serial 9, SW Version 0, Is Implanted)
2013/07/16 20:29:00:635  STATE:  Changing state to ScriptExecStateMachine.WaitForNextCmdState, ID[1]
2013/07/16 20:29:00:635  INFO:   STATE EXITED: SMLibrary.Dvt.IcdCmd+ScanState
2013/07/16 20:29:00:639  INFO:   EXECUTING STATE: SMLibrary.Dvt.IcdCmd+ScanState Timeout: 00:00:30
2013/07/16 20:29:00:639  EVENT:  SCRIPT-EXEC:EXEC-STATE - TES.Dvt.ScriptExecStateMachine, ID[11]
2013/07/16 20:29:00:639  STATE:  Changing state to ScriptExecStateMachine.ExecState, ID[4]
2013/07/16 20:29:00:639  INFO:   Setting the radio board transmit power to level 0x7.
2013/07/16 20:29:00:643  INFO:   Radio board power level set to 7.
2013/07/16 20:29:00:643  ACTION: Setting radio board configuration for hybrid.
2013/07/16 20:29:00:643  ACTION: Set radio board to DIO inverting mode.
2013/07/16 20:29:00:643  ACTION: Write PRB FPGA: Address=0x3012 Data=0x01
2013/07/16 20:29:00:645  ACTION: PRB Set Link Data Rate: Slow
2013/07/16 20:29:00:648  ACTION: Read PRB FPGA: Address=0x1004 Data=0x00
2013/07/16 20:29:00:648  ACTION: Write PRB FPGA: Address=0x1004 Data=0x00
2013/07/16 20:29:00:650  ACTION: Scanning for devices, primary scan duration = 9 sec, secondary scan duration = 2 sec
2013/07/16 20:29:11:817  INFO:   Primary scan device IDs: No devices found
2013/07/16 20:29:15:968  INFO:   Secondary scan device IDs: 0x80000009 0x801C0094 
2013/07/16 20:29:15:968  EVENT:  Device ID List, ID[26]
                                 DeviceID[0] : ID 0x801C0094 (Model 0, Serial 148, SW Version 7, Is Implanted)
                                 DeviceID[1] : ID 0x80000009 (Model 0, Serial 9, SW Version 0, Is Implanted)
2013/07/16 20:29:15:968  STATE:  Changing state to ScriptExecStateMachine.WaitForNextCmdState, ID[1]
2013/07/16 20:29:15:968  INFO:   STATE EXITED: SMLibrary.Dvt.IcdCmd+ScanState
2013/07/16 20:29:15:972  INFO:   EXECUTING STATE: SMLibrary.Dvt.IcdCmd+ScanState Timeout: 00:00:30
2013/07/16 20:29:15:972  EVENT:  SCRIPT-EXEC:EXEC-STATE - TES.Dvt.ScriptExecStateMachine, ID[11]
2013/07/16 20:29:15:972  STATE:  Changing state to ScriptExecStateMachine.ExecState, ID[4]
2013/07/16 20:29:15:972  INFO:   Setting the radio board transmit power to level 0x7.
2013/07/16 20:29:15:974  INFO:   Radio board power level set to 7.
2013/07/16 20:29:15:974  ACTION: Setting radio board configuration for hybrid.
2013/07/16 20:29:15:974  ACTION: Set radio board to DIO inverting mode.
2013/07/16 20:29:15:974  ACTION: Write PRB FPGA: Address=0x3012 Data=0x01
2013/07/16 20:29:15:977  ACTION: PRB Set Link Data Rate: Slow
2013/07/16 20:29:15:980  ACTION: Read PRB FPGA: Address=0x1004 Data=0x00
2013/07/16 20:29:15:980  ACTION: Write PRB FPGA: Address=0x1004 Data=0x00
2013/07/16 20:29:15:982  ACTION: Scanning for devices, primary scan duration = 9 sec, secondary scan duration = 2 sec
2013/07/16 20:29:27:147  INFO:   Primary scan device IDs: No devices found
2013/07/16 20:29:31:301  INFO:   Secondary scan device IDs: 0x80000009 0x801C0094 
2013/07/16 20:29:31:301  EVENT:  Device ID List, ID[29]
                                 DeviceID[0] : ID 0x801C0094 (Model 0, Serial 148, SW Version 7, Is Implanted)
                                 DeviceID[1] : ID 0x80000009 (Model 0, Serial 9, SW Version 0, Is Implanted)
2013/07/16 20:29:31:301  STATE:  Changing state to ScriptExecStateMachine.WaitForNextCmdState, ID[1]
2013/07/16 20:29:31:301  INFO:   STATE EXITED: SMLibrary.Dvt.IcdCmd+ScanState
2013/07/16 20:29:31:310  EVENT:  SCRIPT-EXEC:EXIT - TES.Dvt.ScriptExecStateMachine, ID[8]
2013/07/16 20:29:31:310  INFO:   Terminating ScriptEngineProcedure
2013/07/16 20:29:31:310  EVENT:  Terminate Dispatch, ID[30]
2013/07/16 20:29:31:310  EVENT:  TES.Dvt.ScriptExecStateMachine.DoneEvent, ID[6]
2013/07/16 20:29:31:310  STATE:  Changing state to ScriptExecStateMachine.IdleState, ID[6]
2013/07/16 20:29:31:324  INFO:   ScriptEngineProcedure Completed
2013/07/16 20:29:31:325  INFO:   Testcase Summary:
2013/07/16 20:29:31:326  RESULT: Test Procedure ScriptEngineProcedure (FAILED)
2013/07/16 20:29:31:326  INFO:   Procedure Runtime = 00:01:16
2013/07/16 20:29:31:332  INFO:   The event dispatch thread ScriptEngineProcedure exited.
