2013/07/22 15:29:21:042  INFO:   Loaded Symbol File C:\ISV System\Config\FirmwareSymbols\build178.sym for firmware Build #178
2013/07/22 15:29:21:056  INFO:   CommunicationSystemLog properties: .\CommunicationSystem.logger.properties
2013/07/22 15:29:21:056  INFO:   CommunicationSystemLog log       : .\logs\systemBerScriptLog 2013.07.22 15.29.20_CommunicationSystem.Log
2013/07/22 15:29:24:816  INFO:   Setting the event sink for ScriptEngineProcedure
2013/07/22 15:29:24:816  INFO:   Program parameters checks are enabled
2013/07/22 15:29:24:820  INFO:   ********************************************************************************
2013/07/22 15:29:24:820  INFO:   Starting ScriptEngineProcedure, Assembly  version 
2013/07/22 15:29:24:825  INFO:   Config: ICD (NCommunicationSystem ver: nCommunicationSystem, Version=1.8.2.1, Culture=neutral, PublicKeyToken=56b5378c99c0bcfd; FTDI Driver ver: 2.08.24.0; PRB FPGA ver: 7)
2013/07/22 15:29:24:825  INFO:   Setting the radio board transmit power to level 0x7.
2013/07/22 15:29:24:828  INFO:   Radio board power level set to 7.
2013/07/22 15:29:24:829  INFO:   ECG Timeout Interval set to 10 seconds.
2013/07/22 15:29:24:830  STATE:  Changing state to ScriptExecStateMachine.WaitForNextCmdState, ID[1]
2013/07/22 15:29:24:830  INFO:   FwDvtSystem Started the event processing thread
2013/07/22 15:29:24:881  ACTION: Read PRB FPGA: Address=0x3000 Data=0x07
2013/07/22 15:29:24:886  RESULT: FPGA 0x3000 Expected: 18 Actual: 7
2013/07/22 15:29:24:888  RESULT: ERROR Expected: 18 Actual: 7
2013/07/22 15:29:24:888  ACTION: Calibrate CC1020
2013/07/22 15:29:24:982  INFO:   CC1020 calibration passed
2013/07/22 15:29:24:990  ACTION: Read C1020: Address 0x04 Data=0x35
2013/07/22 15:29:24:994  ACTION: Read C1020: Address 0x05 Data=0xF0
2013/07/22 15:29:24:998  ACTION: Read C1020: Address 0x06 Data=0x21
2013/07/22 15:29:25:001  ACTION: Read C1020: Address 0x07 Data=0x38
2013/07/22 15:29:25:004  ACTION: Read C1020: Address 0x08 Data=0x35
2013/07/22 15:29:25:008  ACTION: Read C1020: Address 0x09 Data=0xFA
2013/07/22 15:29:25:011  ACTION: Read C1020: Address 0x0A Data=0xCB
2013/07/22 15:29:25:014  ACTION: Read C1020: Address 0x0B Data=0x38
2013/07/22 15:29:25:018  ACTION: Read C1020: Address 0x1D Data=0x00
2013/07/22 15:29:25:021  ACTION: Read C1020: Address 0x45 Data=0x4C
2013/07/22 15:29:25:024  ACTION: Read C1020: Address 0x46 Data=0x66
2013/07/22 15:29:25:028  ACTION: Read C1020: Address 0x47 Data=0x44
2013/07/22 15:29:25:038  ACTION: Read PRB FPGA: Address=0x305E Data=0x00
2013/07/22 15:29:25:041  ACTION: Read PRB FPGA: Address=0x3060 Data=0x00
2013/07/22 15:29:25:044  ACTION: Read PRB FPGA: Address=0x3062 Data=0x00
2013/07/22 15:29:25:052  ACTION: Read PRB FPGA: Address=0x3066 Data=0x00
2013/07/22 15:29:25:055  ACTION: Read PRB FPGA: Address=0x3068 Data=0x00
2013/07/22 15:29:25:057  ACTION: Read PRB FPGA: Address=0x306A Data=0x00
2013/07/22 15:29:25:059  ACTION: Write PRB FPGA: Address=0x1026 Data=0x00
2013/07/22 15:29:25:065  INFO:   EXECUTING STATE: SMLibrary.Dvt.IcdCmd+ScanState Timeout: 00:00:30
2013/07/22 15:29:25:066  EVENT:  SCRIPT-EXEC:EXEC-STATE - TES.Dvt.ScriptExecStateMachine, ID[11]
2013/07/22 15:29:25:068  STATE:  Changing state to ScriptExecStateMachine.ExecState, ID[4]
2013/07/22 15:29:25:068  INFO:   Setting the radio board transmit power to level 0x7.
2013/07/22 15:29:25:071  INFO:   Radio board power level set to 7.
2013/07/22 15:29:25:073  ACTION: Setting radio board configuration for hybrid.
2013/07/22 15:29:25:073  ACTION: Set radio board to DIO inverting mode.
2013/07/22 15:29:25:073  ACTION: Write PRB FPGA: Address=0x3012 Data=0x01
2013/07/22 15:29:25:076  ACTION: PRB Set Link Data Rate: Slow
2013/07/22 15:29:25:079  ACTION: Read PRB FPGA: Address=0x1004 Data=0x00
2013/07/22 15:29:25:079  ACTION: Write PRB FPGA: Address=0x1004 Data=0x00
2013/07/22 15:29:25:082  ACTION: Scanning for devices, primary scan duration = 9 sec, secondary scan duration = 2 sec
2013/07/22 15:29:36:261  INFO:   Primary scan device IDs: 0x801C0094 
2013/07/22 15:29:40:419  INFO:   Secondary scan device IDs: 0x801C0094 
2013/07/22 15:29:40:422  EVENT:  Device ID List, ID[17]
                                 DeviceID[0] : ID 0x801C0094 (Model 0, Serial 148, SW Version 7, Is Implanted)
2013/07/22 15:29:40:422  STATE:  Changing state to ScriptExecStateMachine.WaitForNextCmdState, ID[1]
2013/07/22 15:29:40:422  INFO:   STATE EXITED: SMLibrary.Dvt.IcdCmd+ScanState
2013/07/22 15:29:40:437  INFO:   EXECUTING STATE: SMLibrary.Dvt.IcdCmd+ConnectState Timeout: 00:00:24
2013/07/22 15:29:40:437  EVENT:  SCRIPT-EXEC:EXEC-STATE - TES.Dvt.ScriptExecStateMachine, ID[11]
2013/07/22 15:29:40:437  STATE:  Changing state to ScriptExecStateMachine.ExecState, ID[4]
2013/07/22 15:29:40:437  ACTION: PRB Set Link Data Rate: Slow
2013/07/22 15:29:40:440  ACTION: Read PRB FPGA: Address=0x1004 Data=0x00
2013/07/22 15:29:40:440  ACTION: Write PRB FPGA: Address=0x1004 Data=0x00
2013/07/22 15:29:40:443  ACTION: Connecting to device ID 0x801C0094 (Model 0, Serial 148, SW Version 7, Is Implanted)
2013/07/22 15:29:43:679  INFO:   Registering the ICD session delegates
2013/07/22 15:29:43:680  EVENT:  Connect Succeeded, ID[19]
2013/07/22 15:29:43:680  STATE:  Changing state to ScriptExecStateMachine.WaitForNextCmdState, ID[1]
2013/07/22 15:29:43:680  INFO:   STATE EXITED: SMLibrary.Dvt.IcdCmd+ConnectState
2013/07/22 15:29:43:684  INFO:   EXECUTING STATE MACHINE: SMLibrary.ReadSM Timeout: 00:00:01.3120000
2013/07/22 15:29:43:684  EVENT:  SCRIPT-EXEC:EXEC-SM - TES.Dvt.ScriptExecStateMachine, ID[9]
2013/07/22 15:29:43:684  STATE:  Changing state to ScriptExecStateMachine.ExecStateMachineWithCustomExitEventsState, ID[2]
2013/07/22 15:29:43:685  STATE:  Changing state to ReadSM.ReadingState, ID[8]
2013/07/22 15:29:43:685  ACTION: READ_FROM_16_BIT_ADDR_WITH_CRC32, Address=SYS_ERRORS(0xF56C) Length=1
2013/07/22 15:29:43:756  EVENT:  Command Completed, ID[23], Command=0x82 (READ_FROM_16_BIT_ADDR_WITH_CRC32), CRC32=0xE69CA3FE, Data=0xB0
2013/07/22 15:29:43:758  EVENT:  Read Memory Complete, ID[24]
2013/07/22 15:29:43:758  STATE:  Changing state to ReadSM.IdleState, ID[6]
2013/07/22 15:29:43:758  STATE:  Changing state to ScriptExecStateMachine.WaitForNextCmdState, ID[1]
2013/07/22 15:29:43:758  INFO:   STATE MACHINE EXITED: SMLibrary.ReadSM
2013/07/22 15:29:43:764  INFO:   EXECUTING STATE: IronPython.NewTypes.System.Object#IScriptExecState_5$5 Timeout: 00:00:02
2013/07/22 15:29:43:764  EVENT:  SCRIPT-EXEC:EXEC-STATE - TES.Dvt.ScriptExecStateMachine, ID[11]
2013/07/22 15:29:43:764  STATE:  Changing state to ScriptExecStateMachine.ExecState, ID[4]
2013/07/22 15:29:43:765  ACTION: Break Link
2013/07/22 15:29:43:789  EVENT:  Marker (Device Summary), ID[26], Timestamp=0x77[full:not set], Data[0]=0x00, Data[1]=0x40 DynamicShockPolarity=HVA_POSITIVE SystemErrorOccurred 
2013/07/22 15:29:43:850  ACTION: Return Last Command
2013/07/22 15:29:43:857  ERROR:  TES.StateMachineException - Exception while processing event (Marker (Device Summary)) in TES.Dvt.ScriptExecStateMachine.ExecState, ID[4]
                                 Stack Trace:
                                    at TES.EventSink.dispatchEvents(IStateMachine sm)
                                    at SMLibrary.Dvt.FwDvtSystem.ScriptEngineProcedure.runTestProcedure()
                                    at TES.TestProcedure.runATestProcedure()
                                    at TES.TestProcedure.run()
                                 Inner Exception: IronPython.Runtime.UnboundNameException - global name 'CMDCompletedEvent' is not defined
                                 Inner Exception Stack Trace:
                                    at IronPython.Compiler.PythonGlobal.GetCachedValue(Boolean lightThrow)
                                    at IronPython.Compiler.PythonGlobal.get_CurrentValue()
                                    at IronPython.Compiler.PythonGlobalInstruction.Run(InterpretedFrame frame)
                                    at Microsoft.Scripting.Interpreter.Interpreter.Run(InterpretedFrame frame)
                                    at Microsoft.Scripting.Interpreter.LightLambda.Run4[T0,T1,T2,T3,TRet](T0 arg0, T1 arg1, T2 arg2, T3 arg3)
                                    at IronPython.Compiler.PythonCallTargets.OriginalCallTarget3(PythonFunction function, Object arg0, Object arg1, Object arg2)
                                    at IronPython.Runtime.FunctionCaller`3.Call3(CallSite site, CodeContext context, Object func, T0 arg0, T1 arg1, T2 arg2)
                                    at System.Dynamic.UpdateDelegates.UpdateAndExecute5[T0,T1,T2,T3,T4,TRet](CallSite site, T0 arg0, T1 arg1, T2 arg2, T3 arg3, T4 arg4)
                                    at IronPython.Runtime.FunctionCaller`3.Default2Call3(CallSite site, CodeContext context, Object func, T0 arg0, T1 arg1, T2 arg2)
                                    at IronPython.Runtime.Method.MethodBinding`2.SelfTarget(CallSite site, CodeContext context, Object target, T0 arg0, T1 arg1)
                                    at System.Dynamic.UpdateDelegates.UpdateAndExecute4[T0,T1,T2,T3,TRet](CallSite site, T0 arg0, T1 arg1, T2 arg2, T3 arg3)
                                    at IronPython.NewTypes.System.Object#IScriptExecState_5$5.processEvent(StateMachine owner, Event ev)
                                    at TES.Dvt.ScriptExecStateMachine.ExecState.processEvent(StateMachine owner, Event ev)
                                    at TES.StateMachine.process(Event ev)
                                    at TES.EventSink.dispatchEvents(IStateMachine sm)
2013/07/22 15:29:43:891  INFO:   Testcase Summary:
2013/07/22 15:29:43:891  RESULT: Test Procedure ScriptEngineProcedure (FAILED)
2013/07/22 15:29:43:891  INFO:   Procedure Runtime = 00:00:19
2013/07/22 15:29:44:451  EVENT:  Error, ID[27]Message: Unexpected command completed notification without any response data. Current command:RETURN_LAST_CMD. Exception: 
2013/07/22 15:29:44:459  EVENT:  Command Failed, ID[28], Command=0x60 (Return Last Command)
2013/07/22 15:29:45:773  EVENT:  State (TES.Dvt.ScriptExecStateMachine, ID[0]) Timed Out, ID[25]
2013/07/22 15:29:45:851  INFO:   EXECUTING STATE MACHINE: SMLibrary.ReadSM Timeout: 00:00:01.3120000
2013/07/22 15:29:45:851  EVENT:  SCRIPT-EXEC:EXEC-SM - TES.Dvt.ScriptExecStateMachine, ID[9]
2013/07/22 15:29:52:183  INFO:   FwDvtSystem disconnecting the ICD instance.
2013/07/22 15:29:52:183  INFO:   Setting the event sink for DisconnectHandler
2013/07/22 15:29:52:183  ACTION: Break Link
2013/07/22 15:30:12:185  INFO:   FwDvtSystem failed to disconnect the ICD instance: SMLibrary.Dvt.FwDvtSystemException: Timeout waiting for disconnected event
                                    at SMLibrary.Dvt.FwDvtSystem.DisconnectHandler.waitForDisconnect()
                                    at SMLibrary.Dvt.FwDvtSystem.disconnectIcd(ICD currentInstance)
