<<<<< Log Header: 07/22/2013 18:42:30 >>>>>
2013/07/22 18:42:30:076 [006268] INFO [NCommunicationSystem.cpp, 108] - nCommunicationSystem, Version=1.8.2.1, Culture=neutral, PublicKeyToken=56b5378c99c0bcfd
2013/07/22 18:42:30:092 [006268] INFO [ExceptionCatchingThread.cpp, 257] - Created the timer thread with id 6848 (0x1ac0).
2013/07/22 18:42:30:094 [006848] INFO [ExceptionCatchingThread.cpp, 168] - Executing the timer thread procedure...
2013/07/22 18:42:30:098 [006268] INFO [ExceptionCatchingThread.cpp, 257] - Created the dispatch thread with id 6364 (0x18dc).
2013/07/22 18:42:30:099 [006364] INFO [ExceptionCatchingThread.cpp, 168] - Executing the dispatch thread procedure...
2013/07/22 18:42:33:102 [006268] DEBUG [Prb.cpp, 252] - PRB logging started.
2013/07/22 18:42:33:110 [006268] DEBUG [Prb.cpp, 130] - Number of FTDI devices: 1
2013/07/22 18:42:33:110 [006268] DEBUG [Prb.cpp, 158] - FTDI Device[0]: ID=67330069
2013/07/22 18:42:33:112 [006268] DEBUG [Prb.cpp, 169] - FTDI handle=170081576
2013/07/22 18:42:33:113 [006268] INFO [Prb.cpp, 179] - FTDI Driver Version 2.08.24.0
2013/07/22 18:42:33:369 [006268] INFO [Prb.cpp, 205] - FTDI Configuration: MaxCurrent=200, CBus5=21, CBus6=0x4
2013/07/22 18:42:33:620 [006268] INFO [Prb.cpp, 246] - PRB driver initialized.
2013/07/22 18:42:33:620 [006268] TRACE [Prb.cpp, 448] - Writing FPGA, Address=0x1008, Data=0x08
2013/07/22 18:42:33:621 [006268] TRACE [Prb.cpp, 1035] - WriteFPGAPacket(0x1008, 0x08):01 00 0D 00 81 00 03 10 08 08 25 D5 0D 
2013/07/22 18:42:33:621 [005720] TRACE [Prb.cpp, 835] - RxStream contents:01 00 0B 15 06 00 00 00 36 12 0D 
2013/07/22 18:42:33:622 [005720] TRACE [Prb.cpp, 943] - RadioBoardPacket(ACK):01 00 0B 15 06 00 00 00 36 12 0D 
2013/07/22 18:42:33:623 [006268] DEBUG [Prb.cpp, 466] - Write FPGA completed, Address=0x1008, Data=0x08
2013/07/22 18:42:33:640 [006268] TRACE [Prb.cpp, 493] - Reading FPGA, Address=0x300A
2013/07/22 18:42:33:640 [006268] TRACE [Prb.cpp, 1035] - ReadFPGAPacket(0x300A):01 00 0C 01 82 00 02 30 0A E8 24 0D 
2013/07/22 18:42:33:640 [005720] TRACE [Prb.cpp, 835] - RxStream contents:01 00 0C 16 06 01 00 01 00 0F C7 0D 
2013/07/22 18:42:33:642 [005720] TRACE [Prb.cpp, 943] - RadioBoardPacket(ACK):01 00 0C 16 06 01 00 01 00 0F C7 0D 
2013/07/22 18:42:33:642 [006268] DEBUG [Prb.cpp, 512] - Read FPGA completed, Address=0x300A, Data=0x00
2013/07/22 18:42:33:643 [006268] TRACE [Prb.cpp, 448] - Writing FPGA, Address=0x300A, Data=0x03
2013/07/22 18:42:33:643 [006268] TRACE [Prb.cpp, 1035] - WriteFPGAPacket(0x300A, 0x03):01 00 0D 02 81 00 03 30 0A 03 29 4F 0D 
2013/07/22 18:42:33:643 [005720] TRACE [Prb.cpp, 835] - RxStream contents:01 00 0B 17 06 02 00 00 36 CA 0D 
2013/07/22 18:42:33:644 [005720] TRACE [Prb.cpp, 943] - RadioBoardPacket(ACK):01 00 0B 17 06 02 00 00 36 CA 0D 
2013/07/22 18:42:33:645 [006268] DEBUG [Prb.cpp, 466] - Write FPGA completed, Address=0x300A, Data=0x03
2013/07/22 18:42:33:658 [006268] INFO [CrossTalkDetector.cpp, 14] - EnterCrossTalkThreshold = 8
2013/07/22 18:42:33:659 [006268] INFO [CrossTalkDetector.cpp, 21] - LeaveCrossTalkThreshold = 4
2013/07/22 18:42:33:660 [006268] INFO [CrossTalkDetector.cpp, 28] - LinkThreshold = 8
2013/07/22 18:42:33:661 [006268] INFO [ExceptionCatchingThread.cpp, 257] - Created the interrupt thread with id 6864 (0x1ad0).
2013/07/22 18:42:33:661 [006864] INFO [ExceptionCatchingThread.cpp, 168] - Executing the interrupt thread procedure...
2013/07/22 18:42:33:662 [006268] DEBUG [Prb.cpp, 252] - PRB logging started.
2013/07/22 18:42:33:663 [006268] INFO [CommunicationSystem.cpp, 640] - Calibrating the PRB CC1020.
2013/07/22 18:42:33:664 [006268] TRACE [Prb.cpp, 448] - Writing FPGA, Address=0x1008, Data=0x01
2013/07/22 18:42:33:665 [006268] TRACE [Prb.cpp, 1035] - WriteFPGAPacket(0x1008, 0x01):01 00 0D 03 81 00 03 10 08 01 26 D3 0D 
2013/07/22 18:42:33:665 [005720] TRACE [Prb.cpp, 835] - RxStream contents:01 00 0B 18 06 03 00 00 B4 75 0D 
2013/07/22 18:42:33:666 [005720] TRACE [Prb.cpp, 943] - RadioBoardPacket(ACK):01 00 0B 18 06 03 00 00 B4 75 0D 
2013/07/22 18:42:33:666 [006268] DEBUG [Prb.cpp, 466] - Write FPGA completed, Address=0x1008, Data=0x01
2013/07/22 18:42:33:746 [005720] TRACE [Prb.cpp, 835] - RxStream contents:01 00 0D 19 00 00 00 02 09 00 FE 96 0D 
2013/07/22 18:42:33:751 [006864] DEBUG [CommunicationSystem.cpp, 1120] - Calibration complete.
2013/07/22 18:42:33:751 [006268] TRACE [Prb.cpp, 493] - Reading FPGA, Address=0x2012
2013/07/22 18:42:33:752 [006268] TRACE [Prb.cpp, 1035] - ReadFPGAPacket(0x2012):01 00 0C 04 82 00 02 20 12 10 72 0D 
2013/07/22 18:42:33:752 [005720] TRACE [Prb.cpp, 835] - RxStream contents:01 00 0C 1A 06 04 00 01 00 EB C8 0D 
2013/07/22 18:42:33:753 [005720] TRACE [Prb.cpp, 943] - RadioBoardPacket(ACK):01 00 0C 1A 06 04 00 01 00 EB C8 0D 
2013/07/22 18:42:33:754 [006268] DEBUG [Prb.cpp, 512] - Read FPGA completed, Address=0x2012, Data=0x00
2013/07/22 18:42:33:754 [006268] INFO [CommunicationSystem.cpp, 653] - CC1020 Calibration succeeded.
2013/07/22 18:42:33:755 [006268] TRACE [Prb.cpp, 448] - Writing FPGA, Address=0x1006, Data=0x08
2013/07/22 18:42:33:755 [006268] TRACE [Prb.cpp, 1035] - WriteFPGAPacket(0x1006, 0x08):01 00 0D 05 81 00 03 10 06 08 84 86 0D 
2013/07/22 18:42:33:756 [005720] TRACE [Prb.cpp, 835] - RxStream contents:01 00 0B 1B 06 05 00 00 B4 85 0D 
2013/07/22 18:42:33:757 [005720] TRACE [Prb.cpp, 943] - RadioBoardPacket(ACK):01 00 0B 1B 06 05 00 00 B4 85 0D 
2013/07/22 18:42:33:757 [006268] DEBUG [Prb.cpp, 466] - Write FPGA completed, Address=0x1006, Data=0x08
2013/07/22 18:42:33:758 [006268] TRACE [Prb.cpp, 493] - Reading FPGA, Address=0x3000
2013/07/22 18:42:33:758 [006268] TRACE [Prb.cpp, 1035] - ReadFPGAPacket(0x3000):01 00 0C 06 82 00 02 30 00 80 1E 0D 
2013/07/22 18:42:33:758 [005720] TRACE [Prb.cpp, 835] - RxStream contents:01 00 0C 1C 06 06 00 01 07 53 DF 0D 
2013/07/22 18:42:33:759 [005720] TRACE [Prb.cpp, 943] - RadioBoardPacket(ACK):01 00 0C 1C 06 06 00 01 07 53 DF 0D 
2013/07/22 18:42:33:760 [006268] DEBUG [Prb.cpp, 512] - Read FPGA completed, Address=0x3000, Data=0x07
2013/07/22 18:42:33:760 [006268] INFO [CommunicationSystem.cpp, 613] - FPGA Revision 7.
2013/07/22 18:42:33:761 [006268] TRACE [Prb.cpp, 584] - Reading CC1020, Address=0x0004
2013/07/22 18:42:33:762 [006268] TRACE [Prb.cpp, 1035] - ReadCC1020Packet(0x04):01 00 0C 07 84 00 02 00 04 59 16 0D 
2013/07/22 18:42:33:762 [005720] TRACE [Prb.cpp, 835] - RxStream contents:01 00 0C 1D 06 07 00 01 35 BF 70 0D 
2013/07/22 18:42:33:763 [005720] TRACE [Prb.cpp, 943] - RadioBoardPacket(ACK):01 00 0C 1D 06 07 00 01 35 BF 70 0D 
2013/07/22 18:42:33:763 [006268] DEBUG [Prb.cpp, 603] - Read CC1020 completed, Address=0x0004, Data=0x35
2013/07/22 18:42:33:764 [006268] INFO [CommunicationSystem.cpp, 614] - CC1020 Frequency 2A 0x35.
2013/07/22 18:42:33:764 [006268] TRACE [Prb.cpp, 584] - Reading CC1020, Address=0x0005
2013/07/22 18:42:33:765 [006268] TRACE [Prb.cpp, 1035] - ReadCC1020Packet(0x05):01 00 0C 08 84 00 02 00 05 F1 1C 0D 
2013/07/22 18:42:33:765 [005720] TRACE [Prb.cpp, 835] - RxStream contents:01 00 0C 1E 06 08 00 01 F0 F9 EE 0D 
2013/07/22 18:42:33:766 [005720] TRACE [Prb.cpp, 943] - RadioBoardPacket(ACK):01 00 0C 1E 06 08 00 01 F0 F9 EE 0D 
2013/07/22 18:42:33:766 [006268] DEBUG [Prb.cpp, 603] - Read CC1020 completed, Address=0x0005, Data=0xF0
2013/07/22 18:42:33:767 [006268] INFO [CommunicationSystem.cpp, 615] - CC1020 Frequency 1A 0xf0.
2013/07/22 18:42:33:767 [006268] TRACE [Prb.cpp, 584] - Reading CC1020, Address=0x0006
2013/07/22 18:42:33:768 [006268] TRACE [Prb.cpp, 1035] - ReadCC1020Packet(0x06):01 00 0C 09 84 00 02 00 06 09 15 0D 
2013/07/22 18:42:33:768 [005720] TRACE [Prb.cpp, 835] - RxStream contents:01 00 0C 1F 06 09 00 01 21 97 08 0D 
2013/07/22 18:42:33:769 [005720] TRACE [Prb.cpp, 943] - RadioBoardPacket(ACK):01 00 0C 1F 06 09 00 01 21 97 08 0D 
2013/07/22 18:42:33:769 [006268] DEBUG [Prb.cpp, 603] - Read CC1020 completed, Address=0x0006, Data=0x21
2013/07/22 18:42:33:770 [006268] INFO [CommunicationSystem.cpp, 616] - CC1020 Frequency 0A 0x21.
2013/07/22 18:42:33:770 [006268] TRACE [Prb.cpp, 584] - Reading CC1020, Address=0x0008
2013/07/22 18:42:33:771 [006268] TRACE [Prb.cpp, 1035] - ReadCC1020Packet(0x08):01 00 0C 0A 84 00 02 00 08 01 32 0D 
2013/07/22 18:42:33:771 [005720] TRACE [Prb.cpp, 835] - RxStream contents:01 00 0C 20 06 0A 00 01 35 83 4C 0D 
2013/07/22 18:42:33:772 [005720] TRACE [Prb.cpp, 943] - RadioBoardPacket(ACK):01 00 0C 20 06 0A 00 01 35 83 4C 0D 
2013/07/22 18:42:33:772 [006268] DEBUG [Prb.cpp, 603] - Read CC1020 completed, Address=0x0008, Data=0x35
2013/07/22 18:42:33:773 [006268] INFO [CommunicationSystem.cpp, 617] - CC1020 Frequency 2B 0x35.
2013/07/22 18:42:33:773 [006268] TRACE [Prb.cpp, 584] - Reading CC1020, Address=0x0009
2013/07/22 18:42:33:774 [006268] TRACE [Prb.cpp, 1035] - ReadCC1020Packet(0x09):01 00 0C 0B 84 00 02 00 09 79 34 0D 
2013/07/22 18:42:33:774 [005720] TRACE [Prb.cpp, 835] - RxStream contents:01 00 0C 21 06 0B 00 01 FA ED EE 0D 
2013/07/22 18:42:33:775 [005720] TRACE [Prb.cpp, 943] - RadioBoardPacket(ACK):01 00 0C 21 06 0B 00 01 FA ED EE 0D 
2013/07/22 18:42:33:776 [006268] DEBUG [Prb.cpp, 603] - Read CC1020 completed, Address=0x0009, Data=0xFA
2013/07/22 18:42:33:776 [006268] INFO [CommunicationSystem.cpp, 618] - CC1020 Frequency 1B 0xfa.
2013/07/22 18:42:33:777 [006268] TRACE [Prb.cpp, 584] - Reading CC1020, Address=0x000A
2013/07/22 18:42:33:777 [006268] TRACE [Prb.cpp, 1035] - ReadCC1020Packet(0x0A):01 00 0C 0C 84 00 02 00 0A 11 38 0D 
2013/07/22 18:42:33:777 [005720] TRACE [Prb.cpp, 835] - RxStream contents:01 00 0C 22 06 0C 00 01 CB 09 48 0D 
2013/07/22 18:42:33:778 [005720] TRACE [Prb.cpp, 943] - RadioBoardPacket(ACK):01 00 0C 22 06 0C 00 01 CB 09 48 0D 
2013/07/22 18:42:33:779 [006268] DEBUG [Prb.cpp, 603] - Read CC1020 completed, Address=0x000A, Data=0xCB
2013/07/22 18:42:33:779 [006268] INFO [CommunicationSystem.cpp, 619] - CC1020 Frequency 0B 0xcb.
2013/07/22 18:42:33:780 [006268] DEBUG [Prb.cpp, 650] - Read EEPROM completed, Address=0x060A, Data=0x00
2013/07/22 18:42:33:781 [006268] INFO [CommunicationSystem.cpp, 620] - RSSI Calibration Reference Center Channel 0.
2013/07/22 18:42:33:781 [006268] TRACE [Prb.cpp, 493] - Reading FPGA, Address=0x3054
2013/07/22 18:42:33:782 [006268] TRACE [Prb.cpp, 1035] - ReadFPGAPacket(0x3054):01 00 0C 0D 82 00 02 30 54 C9 EC 0D 
2013/07/22 18:42:33:782 [005720] TRACE [Prb.cpp, 835] - RxStream contents:01 00 0C 23 06 0D 00 01 07 67 E0 0D 
2013/07/22 18:42:33:783 [005720] TRACE [Prb.cpp, 943] - RadioBoardPacket(ACK):01 00 0C 23 06 0D 00 01 07 67 E0 0D 
2013/07/22 18:42:33:783 [006268] DEBUG [Prb.cpp, 512] - Read FPGA completed, Address=0x3054, Data=0x07
2013/07/22 18:42:33:784 [006268] INFO [CommunicationSystem.cpp, 621] - CC1020 PA_POWER 0x7.
2013/07/22 18:42:33:784 [006268] TRACE [Prb.cpp, 584] - Reading CC1020, Address=0x001C
2013/07/22 18:42:33:785 [006268] TRACE [Prb.cpp, 1035] - ReadCC1020Packet(0x1C):01 00 0C 0E 84 00 02 00 1C E1 4C 0D 
2013/07/22 18:42:33:785 [005720] TRACE [Prb.cpp, 835] - RxStream contents:01 00 0C 24 06 0E 00 01 07 33 E6 0D 
2013/07/22 18:42:33:786 [005720] TRACE [Prb.cpp, 943] - RadioBoardPacket(ACK):01 00 0C 24 06 0E 00 01 07 33 E6 0D 
2013/07/22 18:42:33:787 [006268] DEBUG [Prb.cpp, 603] - Read CC1020 completed, Address=0x001C, Data=0x07
2013/07/22 18:42:33:787 [006268] INFO [CommunicationSystem.cpp, 622] - CC1020 Transmit Power 0x7.
2013/07/22 18:42:33:788 [006268] TRACE [Prb.cpp, 493] - Reading FPGA, Address=0x3014
2013/07/22 18:42:33:788 [006268] TRACE [Prb.cpp, 1035] - ReadFPGAPacket(0x3014):01 00 0C 0F 82 00 02 30 14 38 6C 0D 
2013/07/22 18:42:33:788 [005720] TRACE [Prb.cpp, 835] - RxStream contents:01 00 0C 25 06 0F 00 01 00 DF F7 0D 
2013/07/22 18:42:33:789 [005720] TRACE [Prb.cpp, 943] - RadioBoardPacket(ACK):01 00 0C 25 06 0F 00 01 00 DF F7 0D 
2013/07/22 18:42:33:790 [006268] DEBUG [Prb.cpp, 512] - Read FPGA completed, Address=0x3014, Data=0x00
2013/07/22 18:42:33:791 [006268] INFO [CommunicationSystem.cpp, 623] - Low Noise Amplifier Circumvented 0.
2013/07/22 18:42:33:791 [006268] TRACE [Prb.cpp, 584] - Reading CC1020, Address=0x0001
2013/07/22 18:42:33:792 [006268] TRACE [Prb.cpp, 1035] - ReadCC1020Packet(0x01):01 00 0C 10 84 00 02 00 01 B1 1C 0D 
2013/07/22 18:42:33:792 [005720] TRACE [Prb.cpp, 835] - RxStream contents:01 00 0C 26 06 10 00 01 0F DB D3 0D 
2013/07/22 18:42:33:793 [005720] TRACE [Prb.cpp, 943] - RadioBoardPacket(ACK):01 00 0C 26 06 10 00 01 0F DB D3 0D 
2013/07/22 18:42:33:793 [006268] DEBUG [Prb.cpp, 603] - Read CC1020 completed, Address=0x0001, Data=0x0F
2013/07/22 18:42:33:794 [006268] INFO [CommunicationSystem.cpp, 624] - Low Noise Amplifier 0xf.
2013/07/22 18:42:33:794 [006268] TRACE [Prb.cpp, 493] - Reading FPGA, Address=0x1006
2013/07/22 18:42:33:795 [006268] TRACE [Prb.cpp, 1035] - ReadFPGAPacket(0x1006):01 00 0C 11 82 00 02 10 06 28 1D 0D 
2013/07/22 18:42:33:795 [005720] TRACE [Prb.cpp, 835] - RxStream contents:01 00 0C 27 06 11 00 01 08 37 C2 0D 
2013/07/22 18:42:33:796 [005720] TRACE [Prb.cpp, 943] - RadioBoardPacket(ACK):01 00 0C 27 06 11 00 01 08 37 C2 0D 
2013/07/22 18:42:33:797 [006268] DEBUG [Prb.cpp, 512] - Read FPGA completed, Address=0x1006, Data=0x08
2013/07/22 18:42:33:797 [006268] INFO [CommunicationSystem.cpp, 625] - Allowed Framing Errors 8.
2013/07/22 18:42:33:800 [006268] INFO [CrossTalkDetector.cpp, 28] - LinkThreshold = 8
2013/07/22 18:42:33:801 [006268] INFO [CrossTalkDetector.cpp, 14] - EnterCrossTalkThreshold = 8
2013/07/22 18:42:33:802 [006268] INFO [CrossTalkDetector.cpp, 21] - LeaveCrossTalkThreshold = 4
2013/07/22 18:42:33:811 [005624] TRACE [Prb.cpp, 493] - Reading FPGA, Address=0x3000
2013/07/22 18:42:33:812 [005624] TRACE [Prb.cpp, 1035] - ReadFPGAPacket(0x3000):01 00 0C 12 82 00 02 30 00 E0 0A 0D 
2013/07/22 18:42:33:812 [005720] TRACE [Prb.cpp, 835] - RxStream contents:01 00 0C 28 06 12 00 01 07 23 EF 0D 
2013/07/22 18:42:33:813 [005720] TRACE [Prb.cpp, 943] - RadioBoardPacket(ACK):01 00 0C 28 06 12 00 01 07 23 EF 0D 
2013/07/22 18:42:33:814 [005624] DEBUG [Prb.cpp, 512] - Read FPGA completed, Address=0x3000, Data=0x07
2013/07/22 18:42:33:815 [005624] TRACE [Prb.cpp, 539] - Writing CC1020, Address=0x001C, Data=0x07
2013/07/22 18:42:33:816 [005624] TRACE [Prb.cpp, 1035] - WriteCC1020Packet(0x1C, 0x07):01 00 0D 13 83 00 03 00 1C 07 3E 84 0D 
2013/07/22 18:42:33:816 [005720] TRACE [Prb.cpp, 835] - RxStream contents:01 00 0B 29 06 13 00 00 BD CD 0D 
2013/07/22 18:42:33:817 [005720] TRACE [Prb.cpp, 943] - RadioBoardPacket(ACK):01 00 0B 29 06 13 00 00 BD CD 0D 
2013/07/22 18:42:33:817 [005624] DEBUG [Prb.cpp, 557] - Write CC1020 completed, Address=0x001C, Data=0x07
2013/07/22 18:42:33:847 [006268] TRACE [Prb.cpp, 493] - Reading FPGA, Address=0x3000
2013/07/22 18:42:33:848 [006268] TRACE [Prb.cpp, 1035] - ReadFPGAPacket(0x3000):01 00 0C 14 82 00 02 30 00 70 0F 0D 
2013/07/22 18:42:33:848 [005720] TRACE [Prb.cpp, 835] - RxStream contents:01 00 0C 2A 06 14 00 01 07 2B EC 0D 
2013/07/22 18:42:33:849 [005720] TRACE [Prb.cpp, 943] - RadioBoardPacket(ACK):01 00 0C 2A 06 14 00 01 07 2B EC 0D 
2013/07/22 18:42:33:850 [006268] DEBUG [Prb.cpp, 512] - Read FPGA completed, Address=0x3000, Data=0x07
2013/07/22 18:42:33:858 [006268] INFO [CommunicationSystem.cpp, 640] - Calibrating the PRB CC1020.
2013/07/22 18:42:33:858 [006268] TRACE [Prb.cpp, 448] - Writing FPGA, Address=0x1008, Data=0x01
2013/07/22 18:42:33:859 [006268] TRACE [Prb.cpp, 1035] - WriteFPGAPacket(0x1008, 0x01):01 00 0D 15 81 00 03 10 08 01 B1 B0 0D 
2013/07/22 18:42:33:859 [005720] TRACE [Prb.cpp, 835] - RxStream contents:01 00 0B 2B 06 15 00 00 3D 46 0D 
2013/07/22 18:42:33:860 [005720] TRACE [Prb.cpp, 943] - RadioBoardPacket(ACK):01 00 0B 2B 06 15 00 00 3D 46 0D 
2013/07/22 18:42:33:861 [006268] DEBUG [Prb.cpp, 466] - Write FPGA completed, Address=0x1008, Data=0x01
2013/07/22 18:42:33:941 [005720] TRACE [Prb.cpp, 835] - RxStream contents:01 00 0D 2C 00 00 00 02 09 00 C8 C6 0D 
2013/07/22 18:42:33:946 [006864] DEBUG [CommunicationSystem.cpp, 1120] - Calibration complete.
2013/07/22 18:42:33:946 [006268] TRACE [Prb.cpp, 493] - Reading FPGA, Address=0x2012
2013/07/22 18:42:33:947 [006268] TRACE [Prb.cpp, 1035] - ReadFPGAPacket(0x2012):01 00 0C 16 82 00 02 20 12 E0 63 0D 
2013/07/22 18:42:33:947 [005720] TRACE [Prb.cpp, 835] - RxStream contents:01 00 0C 2D 06 16 00 01 00 6B F8 0D 
2013/07/22 18:42:33:948 [005720] TRACE [Prb.cpp, 943] - RadioBoardPacket(ACK):01 00 0C 2D 06 16 00 01 00 6B F8 0D 
2013/07/22 18:42:33:949 [006268] DEBUG [Prb.cpp, 512] - Read FPGA completed, Address=0x2012, Data=0x00
2013/07/22 18:42:33:949 [006268] INFO [CommunicationSystem.cpp, 653] - CC1020 Calibration succeeded.
2013/07/22 18:42:33:955 [006268] TRACE [Prb.cpp, 584] - Reading CC1020, Address=0x0004
2013/07/22 18:42:33:956 [006268] TRACE [Prb.cpp, 1035] - ReadCC1020Packet(0x04):01 00 0C 17 84 00 02 00 04 D9 04 0D 
2013/07/22 18:42:33:956 [005720] TRACE [Prb.cpp, 835] - RxStream contents:01 00 0C 2E 06 17 00 01 35 77 45 0D 
2013/07/22 18:42:33:957 [005720] TRACE [Prb.cpp, 943] - RadioBoardPacket(ACK):01 00 0C 2E 06 17 00 01 35 77 45 0D 
2013/07/22 18:42:33:957 [006268] DEBUG [Prb.cpp, 603] - Read CC1020 completed, Address=0x0004, Data=0x35
2013/07/22 18:42:33:960 [006268] TRACE [Prb.cpp, 584] - Reading CC1020, Address=0x0005
2013/07/22 18:42:33:960 [006268] TRACE [Prb.cpp, 1035] - ReadCC1020Packet(0x05):01 00 0C 18 84 00 02 00 05 71 0E 0D 
2013/07/22 18:42:33:961 [005720] TRACE [Prb.cpp, 835] - RxStream contents:01 00 0C 2F 06 18 00 01 F0 41 D8 0D 
2013/07/22 18:42:33:962 [005720] TRACE [Prb.cpp, 943] - RadioBoardPacket(ACK):01 00 0C 2F 06 18 00 01 F0 41 D8 0D 
2013/07/22 18:42:33:962 [006268] DEBUG [Prb.cpp, 603] - Read CC1020 completed, Address=0x0005, Data=0xF0
2013/07/22 18:42:33:963 [006268] TRACE [Prb.cpp, 584] - Reading CC1020, Address=0x0006
2013/07/22 18:42:33:964 [006268] TRACE [Prb.cpp, 1035] - ReadCC1020Packet(0x06):01 00 0C 19 84 00 02 00 06 89 07 0D 
2013/07/22 18:42:33:964 [005720] TRACE [Prb.cpp, 835] - RxStream contents:01 00 0C 30 06 19 00 01 21 7F 20 0D 
2013/07/22 18:42:33:965 [005720] TRACE [Prb.cpp, 943] - RadioBoardPacket(ACK):01 00 0C 30 06 19 00 01 21 7F 20 0D 
2013/07/22 18:42:33:966 [006268] DEBUG [Prb.cpp, 603] - Read CC1020 completed, Address=0x0006, Data=0x21
2013/07/22 18:42:33:967 [006268] TRACE [Prb.cpp, 584] - Reading CC1020, Address=0x0007
2013/07/22 18:42:33:968 [006268] TRACE [Prb.cpp, 1035] - ReadCC1020Packet(0x07):01 00 0C 1A 84 00 02 00 07 81 02 0D 
2013/07/22 18:42:33:968 [005720] TRACE [Prb.cpp, 835] - RxStream contents:01 00 0C 31 06 1A 00 01 38 3B 76 0D 
2013/07/22 18:42:33:969 [005720] TRACE [Prb.cpp, 943] - RadioBoardPacket(ACK):01 00 0C 31 06 1A 00 01 38 3B 76 0D 
2013/07/22 18:42:33:969 [006268] DEBUG [Prb.cpp, 603] - Read CC1020 completed, Address=0x0007, Data=0x38
2013/07/22 18:42:33:971 [006268] TRACE [Prb.cpp, 584] - Reading CC1020, Address=0x0008
2013/07/22 18:42:33:971 [006268] TRACE [Prb.cpp, 1035] - ReadCC1020Packet(0x08):01 00 0C 1B 84 00 02 00 08 79 23 0D 
2013/07/22 18:42:33:971 [005720] TRACE [Prb.cpp, 835] - RxStream contents:01 00 0C 32 06 1B 00 01 35 A7 58 0D 
2013/07/22 18:42:33:972 [005720] TRACE [Prb.cpp, 943] - RadioBoardPacket(ACK):01 00 0C 32 06 1B 00 01 35 A7 58 0D 
2013/07/22 18:42:33:973 [006268] DEBUG [Prb.cpp, 603] - Read CC1020 completed, Address=0x0008, Data=0x35
2013/07/22 18:42:33:974 [006268] TRACE [Prb.cpp, 584] - Reading CC1020, Address=0x0009
2013/07/22 18:42:33:975 [006268] TRACE [Prb.cpp, 1035] - ReadCC1020Packet(0x09):01 00 0C 1C 84 00 02 00 09 91 20 0D 
2013/07/22 18:42:33:975 [005720] TRACE [Prb.cpp, 835] - RxStream contents:01 00 0C 33 06 1C 00 01 FA B1 FA 0D 
2013/07/22 18:42:33:976 [005720] TRACE [Prb.cpp, 943] - RadioBoardPacket(ACK):01 00 0C 33 06 1C 00 01 FA B1 FA 0D 
2013/07/22 18:42:33:976 [006268] DEBUG [Prb.cpp, 603] - Read CC1020 completed, Address=0x0009, Data=0xFA
2013/07/22 18:42:33:978 [006268] TRACE [Prb.cpp, 584] - Reading CC1020, Address=0x000A
2013/07/22 18:42:33:978 [006268] TRACE [Prb.cpp, 1035] - ReadCC1020Packet(0x0A):01 00 0C 1D 84 00 02 00 0A 69 29 0D 
2013/07/22 18:42:33:978 [005720] TRACE [Prb.cpp, 835] - RxStream contents:01 00 0C 34 06 1D 00 01 CB CD 5A 0D 
2013/07/22 18:42:33:979 [005720] TRACE [Prb.cpp, 943] - RadioBoardPacket(ACK):01 00 0C 34 06 1D 00 01 CB CD 5A 0D 
2013/07/22 18:42:33:980 [006268] DEBUG [Prb.cpp, 603] - Read CC1020 completed, Address=0x000A, Data=0xCB
2013/07/22 18:42:33:981 [006268] TRACE [Prb.cpp, 584] - Reading CC1020, Address=0x000B
2013/07/22 18:42:33:982 [006268] TRACE [Prb.cpp, 1035] - ReadCC1020Packet(0x0B):01 00 0C 1E 84 00 02 00 0B 61 2C 0D 
2013/07/22 18:42:33:982 [005720] TRACE [Prb.cpp, 835] - RxStream contents:01 00 0C 35 06 1E 00 01 38 0B 73 0D 
2013/07/22 18:42:33:983 [005720] TRACE [Prb.cpp, 943] - RadioBoardPacket(ACK):01 00 0C 35 06 1E 00 01 38 0B 73 0D 
2013/07/22 18:42:33:983 [006268] DEBUG [Prb.cpp, 603] - Read CC1020 completed, Address=0x000B, Data=0x38
2013/07/22 18:42:33:984 [006268] TRACE [Prb.cpp, 584] - Reading CC1020, Address=0x001D
2013/07/22 18:42:33:985 [006268] TRACE [Prb.cpp, 1035] - ReadCC1020Packet(0x1D):01 00 0C 1F 84 00 02 00 1D 19 58 0D 
2013/07/22 18:42:33:985 [005720] TRACE [Prb.cpp, 835] - RxStream contents:01 00 0C 36 06 1F 00 01 00 97 E3 0D 
2013/07/22 18:42:33:986 [005720] TRACE [Prb.cpp, 943] - RadioBoardPacket(ACK):01 00 0C 36 06 1F 00 01 00 97 E3 0D 
2013/07/22 18:42:33:987 [006268] DEBUG [Prb.cpp, 603] - Read CC1020 completed, Address=0x001D, Data=0x00
2013/07/22 18:42:33:988 [006268] TRACE [Prb.cpp, 584] - Reading CC1020, Address=0x0045
2013/07/22 18:42:33:988 [006268] TRACE [Prb.cpp, 1035] - ReadCC1020Packet(0x45):01 00 0C 20 84 00 02 00 45 B0 B7 0D 
2013/07/22 18:42:33:988 [005720] TRACE [Prb.cpp, 835] - RxStream contents:01 00 0C 37 06 20 00 01 4C E2 41 0D 
2013/07/22 18:42:33:990 [005720] TRACE [Prb.cpp, 943] - RadioBoardPacket(ACK):01 00 0C 37 06 20 00 01 4C E2 41 0D 
2013/07/22 18:42:33:990 [006268] DEBUG [Prb.cpp, 603] - Read CC1020 completed, Address=0x0045, Data=0x4C
2013/07/22 18:42:33:991 [006268] TRACE [Prb.cpp, 584] - Reading CC1020, Address=0x0046
2013/07/22 18:42:33:992 [006268] TRACE [Prb.cpp, 1035] - ReadCC1020Packet(0x46):01 00 0C 21 84 00 02 00 46 48 BE 0D 
2013/07/22 18:42:33:992 [005720] TRACE [Prb.cpp, 835] - RxStream contents:01 00 0C 38 06 21 00 01 66 DE B2 0D 
2013/07/22 18:42:33:993 [005720] TRACE [Prb.cpp, 943] - RadioBoardPacket(ACK):01 00 0C 38 06 21 00 01 66 DE B2 0D 
2013/07/22 18:42:33:993 [006268] DEBUG [Prb.cpp, 603] - Read CC1020 completed, Address=0x0046, Data=0x66
2013/07/22 18:42:33:994 [006268] TRACE [Prb.cpp, 584] - Reading CC1020, Address=0x0047
2013/07/22 18:42:33:995 [006268] TRACE [Prb.cpp, 1035] - ReadCC1020Packet(0x47):01 00 0C 22 84 00 02 00 47 40 BB 0D 
2013/07/22 18:42:33:995 [005720] TRACE [Prb.cpp, 835] - RxStream contents:01 00 0C 39 06 22 00 01 44 1A 7D 0D 
2013/07/22 18:42:33:996 [005720] TRACE [Prb.cpp, 943] - RadioBoardPacket(ACK):01 00 0C 39 06 22 00 01 44 1A 7D 0D 
2013/07/22 18:42:33:997 [006268] DEBUG [Prb.cpp, 603] - Read CC1020 completed, Address=0x0047, Data=0x44
2013/07/22 18:42:34:004 [006268] TRACE [Prb.cpp, 493] - Reading FPGA, Address=0x305E
2013/07/22 18:42:34:005 [006268] TRACE [Prb.cpp, 1035] - ReadFPGAPacket(0x305E):01 00 0C 23 82 00 02 30 5E 99 FD 0D 
2013/07/22 18:42:34:005 [005720] TRACE [Prb.cpp, 835] - RxStream contents:01 00 0C 3A 06 23 00 01 00 07 E6 0D 
2013/07/22 18:42:34:006 [005720] TRACE [Prb.cpp, 943] - RadioBoardPacket(ACK):01 00 0C 3A 06 23 00 01 00 07 E6 0D 
2013/07/22 18:42:34:007 [006268] DEBUG [Prb.cpp, 512] - Read FPGA completed, Address=0x305E, Data=0x00
2013/07/22 18:42:34:007 [006268] TRACE [Prb.cpp, 493] - Reading FPGA, Address=0x3060
2013/07/22 18:42:34:008 [006268] TRACE [Prb.cpp, 1035] - ReadFPGAPacket(0x3060):01 00 0C 24 82 00 02 30 60 71 7C 0D 
2013/07/22 18:42:34:008 [005720] TRACE [Prb.cpp, 835] - RxStream contents:01 00 0C 3B 06 24 00 01 00 13 E6 0D 
2013/07/22 18:42:34:009 [005720] TRACE [Prb.cpp, 943] - RadioBoardPacket(ACK):01 00 0C 3B 06 24 00 01 00 13 E6 0D 
2013/07/22 18:42:34:010 [006268] DEBUG [Prb.cpp, 512] - Read FPGA completed, Address=0x3060, Data=0x00
2013/07/22 18:42:34:010 [006268] TRACE [Prb.cpp, 493] - Reading FPGA, Address=0x3062
2013/07/22 18:42:34:011 [006268] TRACE [Prb.cpp, 1035] - ReadFPGAPacket(0x3062):01 00 0C 25 82 00 02 30 62 09 70 0D 
2013/07/22 18:42:34:011 [005720] TRACE [Prb.cpp, 835] - RxStream contents:01 00 0C 3C 06 25 00 01 00 EF E3 0D 
2013/07/22 18:42:34:012 [005720] TRACE [Prb.cpp, 943] - RadioBoardPacket(ACK):01 00 0C 3C 06 25 00 01 00 EF E3 0D 
2013/07/22 18:42:34:013 [006268] DEBUG [Prb.cpp, 512] - Read FPGA completed, Address=0x3062, Data=0x00
2013/07/22 18:42:34:017 [006268] TRACE [Prb.cpp, 493] - Reading FPGA, Address=0x3066
2013/07/22 18:42:34:018 [006268] TRACE [Prb.cpp, 1035] - ReadFPGAPacket(0x3066):01 00 0C 26 82 00 02 30 66 01 6B 0D 
2013/07/22 18:42:34:018 [005720] TRACE [Prb.cpp, 835] - RxStream contents:01 00 0C 3D 06 26 00 01 00 2B E0 0D 
2013/07/22 18:42:34:019 [005720] TRACE [Prb.cpp, 943] - RadioBoardPacket(ACK):01 00 0C 3D 06 26 00 01 00 2B E0 0D 
2013/07/22 18:42:34:020 [006268] DEBUG [Prb.cpp, 512] - Read FPGA completed, Address=0x3066, Data=0x00
2013/07/22 18:42:34:020 [006268] TRACE [Prb.cpp, 493] - Reading FPGA, Address=0x3068
2013/07/22 18:42:34:021 [006268] TRACE [Prb.cpp, 1035] - ReadFPGAPacket(0x3068):01 00 0C 27 82 00 02 30 68 79 4F 0D 
2013/07/22 18:42:34:021 [005720] TRACE [Prb.cpp, 835] - RxStream contents:01 00 0C 3E 06 27 00 01 00 37 E3 0D 
2013/07/22 18:42:34:022 [005720] TRACE [Prb.cpp, 943] - RadioBoardPacket(ACK):01 00 0C 3E 06 27 00 01 00 37 E3 0D 
2013/07/22 18:42:34:023 [006268] DEBUG [Prb.cpp, 512] - Read FPGA completed, Address=0x3068, Data=0x00
2013/07/22 18:42:34:023 [006268] TRACE [Prb.cpp, 493] - Reading FPGA, Address=0x306A
2013/07/22 18:42:34:024 [006268] TRACE [Prb.cpp, 1035] - ReadFPGAPacket(0x306A):01 00 0C 28 82 00 02 30 6A D1 4F 0D 
2013/07/22 18:42:34:024 [005720] TRACE [Prb.cpp, 835] - RxStream contents:01 00 0C 3F 06 28 00 01 00 03 E0 0D 
2013/07/22 18:42:34:025 [005720] TRACE [Prb.cpp, 943] - RadioBoardPacket(ACK):01 00 0C 3F 06 28 00 01 00 03 E0 0D 
2013/07/22 18:42:34:025 [006268] DEBUG [Prb.cpp, 512] - Read FPGA completed, Address=0x306A, Data=0x00
2013/07/22 18:42:34:028 [006268] TRACE [Prb.cpp, 448] - Writing FPGA, Address=0x1026, Data=0x00
2013/07/22 18:42:34:028 [006268] TRACE [Prb.cpp, 1035] - WriteFPGAPacket(0x1026, 0x00):01 00 0D 29 81 00 03 10 26 00 EA 75 0D 
2013/07/22 18:42:34:028 [005720] TRACE [Prb.cpp, 835] - RxStream contents:01 00 0B 40 06 29 00 00 AC 3D 0D 
2013/07/22 18:42:34:029 [005720] TRACE [Prb.cpp, 943] - RadioBoardPacket(ACK):01 00 0B 40 06 29 00 00 AC 3D 0D 
2013/07/22 18:42:34:030 [006268] DEBUG [Prb.cpp, 466] - Write FPGA completed, Address=0x1026, Data=0x00
2013/07/22 18:42:34:036 [005624] TRACE [Prb.cpp, 539] - Writing CC1020, Address=0x001C, Data=0x07
2013/07/22 18:42:34:037 [005624] TRACE [Prb.cpp, 1035] - WriteCC1020Packet(0x1C, 0x07):01 00 0D 2A 83 00 03 00 1C 07 04 14 0D 
2013/07/22 18:42:34:037 [005720] TRACE [Prb.cpp, 835] - RxStream contents:01 00 0B 41 06 2A 00 00 2C 7A 0D 
2013/07/22 18:42:34:039 [005720] TRACE [Prb.cpp, 943] - RadioBoardPacket(ACK):01 00 0B 41 06 2A 00 00 2C 7A 0D 
2013/07/22 18:42:34:039 [005624] DEBUG [Prb.cpp, 557] - Write CC1020 completed, Address=0x001C, Data=0x07
2013/07/22 18:42:34:041 [005624] TRACE [Prb.cpp, 448] - Writing FPGA, Address=0x3012, Data=0x01
2013/07/22 18:42:34:042 [005720] TRACE [Prb.cpp, 835] - RxStream contents:01 00 0B 42 06 2B 00 00 AC E5 0D 
2013/07/22 18:42:34:042 [005720] TRACE [Prb.cpp, 943] - RadioBoardPacket(ACK):01 00 0B 42 06 2B 00 00 AC E5 0D 
2013/07/22 18:42:34:042 [005624] TRACE [Prb.cpp, 1035] - WriteFPGAPacket(0x3012, 0x01):01 00 0D 2B 81 00 03 30 12 01 52 D3 0D 
2013/07/22 18:42:34:043 [005624] DEBUG [Prb.cpp, 466] - Write FPGA completed, Address=0x3012, Data=0x01
2013/07/22 18:42:34:044 [005624] TRACE [Prb.cpp, 493] - Reading FPGA, Address=0x1004
2013/07/22 18:42:34:045 [005624] TRACE [Prb.cpp, 1035] - ReadFPGAPacket(0x1004):01 00 0C 2C 82 00 02 10 04 F0 2D 0D 
2013/07/22 18:42:34:045 [005720] TRACE [Prb.cpp, 835] - RxStream contents:01 00 0C 43 06 2C 00 01 00 F3 98 0D 
2013/07/22 18:42:34:046 [005720] TRACE [Prb.cpp, 943] - RadioBoardPacket(ACK):01 00 0C 43 06 2C 00 01 00 F3 98 0D 
2013/07/22 18:42:34:046 [005624] DEBUG [Prb.cpp, 512] - Read FPGA completed, Address=0x1004, Data=0x00
2013/07/22 18:42:34:047 [005624] TRACE [Prb.cpp, 448] - Writing FPGA, Address=0x1004, Data=0x00
2013/07/22 18:42:34:047 [005624] TRACE [Prb.cpp, 1035] - WriteFPGAPacket(0x1004, 0x00):01 00 0D 2D 81 00 03 10 04 00 A2 36 0D 
2013/07/22 18:42:34:047 [005720] TRACE [Prb.cpp, 835] - RxStream contents:01 00 0B 44 06 2D 00 00 AD 8D 0D 
2013/07/22 18:42:34:048 [005720] TRACE [Prb.cpp, 943] - RadioBoardPacket(ACK):01 00 0B 44 06 2D 00 00 AD 8D 0D 
2013/07/22 18:42:34:049 [005624] DEBUG [Prb.cpp, 466] - Write FPGA completed, Address=0x1004, Data=0x00
2013/07/22 18:42:34:051 [006364] INFO [CommunicationSystemStates.cpp, 130] - Scan requested. Preamble Burst Duration: 9 seconds. Preamble Burst Data Rate: 2.
2013/07/22 18:42:34:052 [006364] TRACE [Prb.cpp, 448] - Writing FPGA, Address=0x1002, Data=0x09
2013/07/22 18:42:34:053 [006364] TRACE [Prb.cpp, 1035] - WriteFPGAPacket(0x1002, 0x09):01 00 0D 2E 81 00 03 10 02 09 B5 30 0D 
2013/07/22 18:42:34:053 [005720] TRACE [Prb.cpp, 835] - RxStream contents:01 00 0B 45 06 2E 00 00 2D CA 0D 
2013/07/22 18:42:34:054 [005720] TRACE [Prb.cpp, 943] - RadioBoardPacket(ACK):01 00 0B 45 06 2E 00 00 2D CA 0D 
2013/07/22 18:42:34:055 [006364] DEBUG [Prb.cpp, 466] - Write FPGA completed, Address=0x1002, Data=0x09
2013/07/22 18:42:34:055 [006364] TRACE [Prb.cpp, 493] - Reading FPGA, Address=0x1004
2013/07/22 18:42:34:056 [006364] TRACE [Prb.cpp, 1035] - ReadFPGAPacket(0x1004):01 00 0C 2F 82 00 02 10 04 78 2D 0D 
2013/07/22 18:42:34:056 [005720] TRACE [Prb.cpp, 835] - RxStream contents:01 00 0C 46 06 2F 00 01 00 D7 9D 0D 
2013/07/22 18:42:34:057 [005720] TRACE [Prb.cpp, 943] - RadioBoardPacket(ACK):01 00 0C 46 06 2F 00 01 00 D7 9D 0D 
2013/07/22 18:42:34:057 [006364] DEBUG [Prb.cpp, 512] - Read FPGA completed, Address=0x1004, Data=0x00
2013/07/22 18:42:34:058 [006364] TRACE [Prb.cpp, 448] - Writing FPGA, Address=0x1004, Data=0x08
2013/07/22 18:42:34:058 [006364] TRACE [Prb.cpp, 1035] - WriteFPGAPacket(0x1004, 0x08):01 00 0D 30 81 00 03 10 04 08 3E D5 0D 
2013/07/22 18:42:34:058 [005720] TRACE [Prb.cpp, 835] - RxStream contents:01 00 0B 47 06 30 00 00 AC A1 0D 
2013/07/22 18:42:34:060 [005720] TRACE [Prb.cpp, 943] - RadioBoardPacket(ACK):01 00 0B 47 06 30 00 00 AC A1 0D 
2013/07/22 18:42:34:060 [006364] DEBUG [Prb.cpp, 466] - Write FPGA completed, Address=0x1004, Data=0x08
2013/07/22 18:42:34:061 [006364] TRACE [Prb.cpp, 448] - Writing FPGA, Address=0x1008, Data=0x02
2013/07/22 18:42:34:061 [006364] TRACE [Prb.cpp, 1035] - WriteFPGAPacket(0x1008, 0x02):01 00 0D 31 81 00 03 10 08 02 97 FA 0D 
2013/07/22 18:42:34:061 [005720] TRACE [Prb.cpp, 835] - RxStream contents:01 00 0B 48 06 31 00 00 2E 1E 0D 
2013/07/22 18:42:34:062 [005720] TRACE [Prb.cpp, 943] - RadioBoardPacket(ACK):01 00 0B 48 06 31 00 00 2E 1E 0D 
2013/07/22 18:42:34:063 [006364] DEBUG [Prb.cpp, 466] - Write FPGA completed, Address=0x1008, Data=0x02
2013/07/22 18:42:45:189 [006864] INFO [CommunicationSystemStates.cpp, 168] - Scan complete
2013/07/22 18:42:45:190 [006864] TRACE [Prb.cpp, 584] - Reading CC1020, Address=0x0004
2013/07/22 18:42:45:191 [006864] TRACE [Prb.cpp, 1035] - ReadCC1020Packet(0x04):01 00 0C 32 84 00 02 00 04 41 20 0D 
2013/07/22 18:42:45:191 [005720] TRACE [Prb.cpp, 835] - RxStream contents:01 00 0C 4A 06 32 00 01 35 53 29 0D 
2013/07/22 18:42:45:192 [005720] TRACE [Prb.cpp, 943] - RadioBoardPacket(ACK):01 00 0C 4A 06 32 00 01 35 53 29 0D 
2013/07/22 18:42:45:193 [006864] DEBUG [Prb.cpp, 603] - Read CC1020 completed, Address=0x0004, Data=0x35
2013/07/22 18:42:45:193 [006864] TRACE [Prb.cpp, 584] - Reading CC1020, Address=0x0005
2013/07/22 18:42:45:194 [006864] TRACE [Prb.cpp, 1035] - ReadCC1020Packet(0x05):01 00 0C 33 84 00 02 00 05 39 26 0D 
2013/07/22 18:42:45:194 [005720] TRACE [Prb.cpp, 835] - RxStream contents:01 00 0C 4B 06 33 00 01 F0 3D B7 0D 
2013/07/22 18:42:45:195 [005720] TRACE [Prb.cpp, 943] - RadioBoardPacket(ACK):01 00 0C 4B 06 33 00 01 F0 3D B7 0D 
2013/07/22 18:42:45:196 [006864] DEBUG [Prb.cpp, 603] - Read CC1020 completed, Address=0x0005, Data=0xF0
2013/07/22 18:42:45:196 [006864] TRACE [Prb.cpp, 584] - Reading CC1020, Address=0x0006
2013/07/22 18:42:45:197 [006864] TRACE [Prb.cpp, 1035] - ReadCC1020Packet(0x06):01 00 0C 34 84 00 02 00 06 51 2A 0D 
2013/07/22 18:42:45:197 [005720] TRACE [Prb.cpp, 835] - RxStream contents:01 00 0C 4C 06 34 00 01 21 BB 54 0D 
2013/07/22 18:42:45:198 [005720] TRACE [Prb.cpp, 943] - RadioBoardPacket(ACK):01 00 0C 4C 06 34 00 01 21 BB 54 0D 
2013/07/22 18:42:45:199 [006864] DEBUG [Prb.cpp, 603] - Read CC1020 completed, Address=0x0006, Data=0x21
2013/07/22 18:42:45:199 [006864] TRACE [Prb.cpp, 584] - Reading CC1020, Address=0x0008
2013/07/22 18:42:45:200 [006864] TRACE [Prb.cpp, 1035] - ReadCC1020Packet(0x08):01 00 0C 35 84 00 02 00 08 29 0E 0D 
2013/07/22 18:42:45:200 [005720] TRACE [Prb.cpp, 835] - RxStream contents:01 00 0C 4D 06 35 00 01 35 D7 2C 0D 
2013/07/22 18:42:45:201 [005720] TRACE [Prb.cpp, 943] - RadioBoardPacket(ACK):01 00 0C 4D 06 35 00 01 35 D7 2C 0D 
2013/07/22 18:42:45:201 [006864] DEBUG [Prb.cpp, 603] - Read CC1020 completed, Address=0x0008, Data=0x35
2013/07/22 18:42:45:202 [006864] TRACE [Prb.cpp, 584] - Reading CC1020, Address=0x0009
2013/07/22 18:42:45:203 [006864] TRACE [Prb.cpp, 1035] - ReadCC1020Packet(0x09):01 00 0C 36 84 00 02 00 09 21 0B 0D 
2013/07/22 18:42:45:203 [005720] TRACE [Prb.cpp, 835] - RxStream contents:01 00 0C 4E 06 36 00 01 FA 61 8E 0D 
2013/07/22 18:42:45:204 [005720] TRACE [Prb.cpp, 943] - RadioBoardPacket(ACK):01 00 0C 4E 06 36 00 01 FA 61 8E 0D 
2013/07/22 18:42:45:204 [006864] DEBUG [Prb.cpp, 603] - Read CC1020 completed, Address=0x0009, Data=0xFA
2013/07/22 18:42:45:205 [006864] TRACE [Prb.cpp, 584] - Reading CC1020, Address=0x000A
2013/07/22 18:42:45:205 [006864] TRACE [Prb.cpp, 1035] - ReadCC1020Packet(0x0A):01 00 0C 37 84 00 02 00 0A D9 02 0D 
2013/07/22 18:42:45:205 [005720] TRACE [Prb.cpp, 835] - RxStream contents:01 00 0C 4F 06 37 00 01 CB 8D 2B 0D 
2013/07/22 18:42:45:206 [005720] TRACE [Prb.cpp, 943] - RadioBoardPacket(ACK):01 00 0C 4F 06 37 00 01 CB 8D 2B 0D 
2013/07/22 18:42:45:207 [006864] DEBUG [Prb.cpp, 603] - Read CC1020 completed, Address=0x000A, Data=0xCB
2013/07/22 18:42:45:207 [006864] TRACE [Prb.cpp, 584] - Reading CC1020, Address=0x000F
2013/07/22 18:42:45:208 [006864] TRACE [Prb.cpp, 1035] - ReadCC1020Packet(0x0F):01 00 0C 38 84 00 02 00 0F F1 13 0D 
2013/07/22 18:42:45:208 [005720] TRACE [Prb.cpp, 835] - RxStream contents:01 00 0C 50 06 38 00 01 DF E9 4E 0D 
2013/07/22 18:42:45:209 [005720] TRACE [Prb.cpp, 943] - RadioBoardPacket(ACK):01 00 0C 50 06 38 00 01 DF E9 4E 0D 
2013/07/22 18:42:45:210 [006864] DEBUG [Prb.cpp, 603] - Read CC1020 completed, Address=0x000F, Data=0xDF
2013/07/22 18:42:45:210 [006864] TRACE [Prb.cpp, 584] - Reading CC1020, Address=0x0010
2013/07/22 18:42:45:211 [006864] TRACE [Prb.cpp, 1035] - ReadCC1020Packet(0x10):01 00 0C 39 84 00 02 00 10 89 51 0D 
2013/07/22 18:42:45:211 [005720] TRACE [Prb.cpp, 835] - RxStream contents:01 00 0C 51 06 39 00 01 80 84 8C 0D 
2013/07/22 18:42:45:212 [005720] TRACE [Prb.cpp, 943] - RadioBoardPacket(ACK):01 00 0C 51 06 39 00 01 80 84 8C 0D 
2013/07/22 18:42:45:212 [006864] DEBUG [Prb.cpp, 603] - Read CC1020 completed, Address=0x0010, Data=0x80
2013/07/22 18:42:45:213 [006864] TRACE [Prb.cpp, 584] - Reading CC1020, Address=0x0013
2013/07/22 18:42:45:214 [006864] TRACE [Prb.cpp, 1035] - ReadCC1020Packet(0x13):01 00 0C 3A 84 00 02 00 13 01 5B 0D 
2013/07/22 18:42:45:214 [005720] TRACE [Prb.cpp, 835] - RxStream contents:01 00 0C 52 06 3A 00 01 33 B3 25 0D 
2013/07/22 18:42:45:215 [005720] TRACE [Prb.cpp, 943] - RadioBoardPacket(ACK):01 00 0C 52 06 3A 00 01 33 B3 25 0D 
2013/07/22 18:42:45:215 [006864] DEBUG [Prb.cpp, 603] - Read CC1020 completed, Address=0x0013, Data=0x33
2013/07/22 18:42:45:216 [006864] TRACE [Prb.cpp, 584] - Reading CC1020, Address=0x0014
2013/07/22 18:42:45:217 [006864] TRACE [Prb.cpp, 1035] - ReadCC1020Packet(0x14):01 00 0C 3B 84 00 02 00 14 79 49 0D 
2013/07/22 18:42:45:217 [005720] TRACE [Prb.cpp, 835] - RxStream contents:01 00 0C 53 06 3B 00 01 3D 5F 02 0D 
2013/07/22 18:42:45:218 [005720] TRACE [Prb.cpp, 943] - RadioBoardPacket(ACK):01 00 0C 53 06 3B 00 01 3D 5F 02 0D 
2013/07/22 18:42:45:218 [006864] DEBUG [Prb.cpp, 603] - Read CC1020 completed, Address=0x0014, Data=0x3D
2013/07/22 18:42:45:219 [006864] TRACE [Prb.cpp, 584] - Reading CC1020, Address=0x0043
2013/07/22 18:42:45:219 [006864] TRACE [Prb.cpp, 1035] - ReadCC1020Packet(0x43):01 00 0C 3C 84 00 02 00 43 90 BE 0D 
2013/07/22 18:42:45:219 [005720] TRACE [Prb.cpp, 835] - RxStream contents:01 00 0C 54 06 3C 00 01 00 5B 8A 0D 
2013/07/22 18:42:45:220 [005720] TRACE [Prb.cpp, 943] - RadioBoardPacket(ACK):01 00 0C 54 06 3C 00 01 00 5B 8A 0D 
2013/07/22 18:42:45:221 [006864] DEBUG [Prb.cpp, 603] - Read CC1020 completed, Address=0x0043, Data=0x00
2013/07/22 18:42:45:222 [006864] DEBUG [ComSysDiagnostics.cpp, 63] - CC1020 [Scan complete] FREQ_2A: 0x35 FREQ_1A: 0xf0 FREQ_0A: 0x21
2013/07/22 18:42:45:222 [006864] DEBUG [ComSysDiagnostics.cpp, 67] - CC1020 [Scan complete] FREQ_2B: 0x35 FREQ_1B: 0xfa FREQ_0B: 0xcb
2013/07/22 18:42:45:223 [006864] DEBUG [ComSysDiagnostics.cpp, 72] - CC1020 [Scan complete] AFC_CONTROL: 0xdf FILTER: 0x80 VGA3: 0x33 VGA4: 0x3d AFC: 0x00
2013/07/22 18:42:45:223 [006864] INFO [CommunicationSystemStates.cpp, 173] - Found 0 valid ids during the scan operation.
2013/07/22 18:42:45:224 [006864] INFO [CommunicationSystemStates.cpp, 198] - Found 0 invalid ids during the scan operation.
2013/07/22 18:42:45:228 [006364] INFO [CommunicationSystemStates.cpp, 130] - Scan requested. Preamble Burst Duration: 2 seconds. Preamble Burst Data Rate: 0.
2013/07/22 18:42:45:228 [006364] TRACE [Prb.cpp, 448] - Writing FPGA, Address=0x1002, Data=0x02
2013/07/22 18:42:45:229 [006364] TRACE [Prb.cpp, 1035] - WriteFPGAPacket(0x1002, 0x02):01 00 0D 3D 81 00 03 10 02 02 A7 3A 0D 
2013/07/22 18:42:45:229 [005720] TRACE [Prb.cpp, 835] - RxStream contents:01 00 0B 55 06 3D 00 00 2B 36 0D 
2013/07/22 18:42:45:230 [005720] TRACE [Prb.cpp, 943] - RadioBoardPacket(ACK):01 00 0B 55 06 3D 00 00 2B 36 0D 
2013/07/22 18:42:45:231 [006364] DEBUG [Prb.cpp, 466] - Write FPGA completed, Address=0x1002, Data=0x02
2013/07/22 18:42:45:231 [006364] TRACE [Prb.cpp, 493] - Reading FPGA, Address=0x1004
2013/07/22 18:42:45:232 [006364] TRACE [Prb.cpp, 1035] - ReadFPGAPacket(0x1004):01 00 0C 3E 82 00 02 10 04 00 3C 0D 
2013/07/22 18:42:45:232 [005720] TRACE [Prb.cpp, 835] - RxStream contents:01 00 0C 56 06 3E 00 01 08 03 B9 0D 
2013/07/22 18:42:45:233 [005720] TRACE [Prb.cpp, 943] - RadioBoardPacket(ACK):01 00 0C 56 06 3E 00 01 08 03 B9 0D 
2013/07/22 18:42:45:234 [006364] DEBUG [Prb.cpp, 512] - Read FPGA completed, Address=0x1004, Data=0x08
2013/07/22 18:42:45:235 [006364] TRACE [Prb.cpp, 448] - Writing FPGA, Address=0x1004, Data=0x00
2013/07/22 18:42:45:235 [006364] TRACE [Prb.cpp, 1035] - WriteFPGAPacket(0x1004, 0x00):01 00 0D 3F 81 00 03 10 04 00 B1 16 0D 
2013/07/22 18:42:45:235 [005720] TRACE [Prb.cpp, 835] - RxStream contents:01 00 0B 57 06 3F 00 00 2B EE 0D 
2013/07/22 18:42:45:236 [005720] TRACE [Prb.cpp, 943] - RadioBoardPacket(ACK):01 00 0B 57 06 3F 00 00 2B EE 0D 
2013/07/22 18:42:45:237 [006364] DEBUG [Prb.cpp, 466] - Write FPGA completed, Address=0x1004, Data=0x00
2013/07/22 18:42:45:237 [006364] TRACE [Prb.cpp, 448] - Writing FPGA, Address=0x1008, Data=0x02
2013/07/22 18:42:45:238 [006364] TRACE [Prb.cpp, 1035] - WriteFPGAPacket(0x1008, 0x02):01 00 0D 40 81 00 03 10 08 02 E1 EA 0D 
2013/07/22 18:42:45:238 [005720] TRACE [Prb.cpp, 835] - RxStream contents:01 00 0B 58 06 40 00 00 AF 49 0D 
2013/07/22 18:42:45:239 [005720] TRACE [Prb.cpp, 943] - RadioBoardPacket(ACK):01 00 0B 58 06 40 00 00 AF 49 0D 
2013/07/22 18:42:45:240 [006364] DEBUG [Prb.cpp, 466] - Write FPGA completed, Address=0x1008, Data=0x02
2013/07/22 18:42:49:351 [006864] INFO [CommunicationSystemStates.cpp, 168] - Scan complete
2013/07/22 18:42:49:351 [006864] TRACE [Prb.cpp, 584] - Reading CC1020, Address=0x0004
2013/07/22 18:42:49:352 [006864] TRACE [Prb.cpp, 1035] - ReadCC1020Packet(0x04):01 00 0C 41 84 00 02 00 04 49 54 0D 
2013/07/22 18:42:49:352 [005720] TRACE [Prb.cpp, 835] - RxStream contents:01 00 0C 5A 06 41 00 01 35 AF 2C 0D 
2013/07/22 18:42:49:353 [005720] TRACE [Prb.cpp, 943] - RadioBoardPacket(ACK):01 00 0C 5A 06 41 00 01 35 AF 2C 0D 
2013/07/22 18:42:49:354 [006864] DEBUG [Prb.cpp, 603] - Read CC1020 completed, Address=0x0004, Data=0x35
2013/07/22 18:42:49:354 [006864] TRACE [Prb.cpp, 584] - Reading CC1020, Address=0x0005
2013/07/22 18:42:49:355 [006864] TRACE [Prb.cpp, 1035] - ReadCC1020Packet(0x05):01 00 0C 42 84 00 02 00 05 41 51 0D 
2013/07/22 18:42:49:355 [005720] TRACE [Prb.cpp, 835] - RxStream contents:01 00 0C 5B 06 42 00 01 F0 69 B1 0D 
2013/07/22 18:42:49:356 [005720] TRACE [Prb.cpp, 943] - RadioBoardPacket(ACK):01 00 0C 5B 06 42 00 01 F0 69 B1 0D 
2013/07/22 18:42:49:356 [006864] DEBUG [Prb.cpp, 603] - Read CC1020 completed, Address=0x0005, Data=0xF0
2013/07/22 18:42:49:357 [006864] TRACE [Prb.cpp, 584] - Reading CC1020, Address=0x0006
2013/07/22 18:42:49:358 [006864] TRACE [Prb.cpp, 1035] - ReadCC1020Packet(0x06):01 00 0C 43 84 00 02 00 06 B9 58 0D 
2013/07/22 18:42:49:358 [005720] TRACE [Prb.cpp, 835] - RxStream contents:01 00 0C 5C 06 43 00 01 21 97 52 0D 
2013/07/22 18:42:49:359 [005720] TRACE [Prb.cpp, 943] - RadioBoardPacket(ACK):01 00 0C 5C 06 43 00 01 21 97 52 0D 
2013/07/22 18:42:49:359 [006864] DEBUG [Prb.cpp, 603] - Read CC1020 completed, Address=0x0006, Data=0x21
2013/07/22 18:42:49:360 [006864] TRACE [Prb.cpp, 584] - Reading CC1020, Address=0x0008
2013/07/22 18:42:49:360 [006864] TRACE [Prb.cpp, 1035] - ReadCC1020Packet(0x08):01 00 0C 44 84 00 02 00 08 51 79 0D 
2013/07/22 18:42:49:360 [005720] TRACE [Prb.cpp, 835] - RxStream contents:01 00 0C 5D 06 44 00 01 35 83 2A 0D 
2013/07/22 18:42:49:361 [005720] TRACE [Prb.cpp, 943] - RadioBoardPacket(ACK):01 00 0C 5D 06 44 00 01 35 83 2A 0D 
2013/07/22 18:42:49:362 [006864] DEBUG [Prb.cpp, 603] - Read CC1020 completed, Address=0x0008, Data=0x35
2013/07/22 18:42:49:362 [006864] TRACE [Prb.cpp, 584] - Reading CC1020, Address=0x0009
2013/07/22 18:42:49:363 [006864] TRACE [Prb.cpp, 1035] - ReadCC1020Packet(0x09):01 00 0C 45 84 00 02 00 09 29 7F 0D 
2013/07/22 18:42:49:363 [005720] TRACE [Prb.cpp, 835] - RxStream contents:01 00 0C 5E 06 45 00 01 FA 9D 8B 0D 
2013/07/22 18:42:49:364 [005720] TRACE [Prb.cpp, 943] - RadioBoardPacket(ACK):01 00 0C 5E 06 45 00 01 FA 9D 8B 0D 
2013/07/22 18:42:49:364 [006864] DEBUG [Prb.cpp, 603] - Read CC1020 completed, Address=0x0009, Data=0xFA
2013/07/22 18:42:49:365 [006864] TRACE [Prb.cpp, 584] - Reading CC1020, Address=0x000A
2013/07/22 18:42:49:365 [006864] TRACE [Prb.cpp, 1035] - ReadCC1020Packet(0x0A):01 00 0C 46 84 00 02 00 0A A1 75 0D 
2013/07/22 18:42:49:366 [005720] TRACE [Prb.cpp, 835] - RxStream contents:01 00 0C 5F 06 46 00 01 CB D9 2D 0D 
2013/07/22 18:42:49:367 [005720] TRACE [Prb.cpp, 943] - RadioBoardPacket(ACK):01 00 0C 5F 06 46 00 01 CB D9 2D 0D 
2013/07/22 18:42:49:367 [006864] DEBUG [Prb.cpp, 603] - Read CC1020 completed, Address=0x000A, Data=0xCB
2013/07/22 18:42:49:368 [006864] TRACE [Prb.cpp, 584] - Reading CC1020, Address=0x000F
2013/07/22 18:42:49:368 [006864] TRACE [Prb.cpp, 1035] - ReadCC1020Packet(0x0F):01 00 0C 47 84 00 02 00 0F 59 68 0D 
2013/07/22 18:42:49:368 [005720] TRACE [Prb.cpp, 835] - RxStream contents:01 00 0C 60 06 47 00 01 DF 65 6A 0D 
2013/07/22 18:42:49:369 [005720] TRACE [Prb.cpp, 943] - RadioBoardPacket(ACK):01 00 0C 60 06 47 00 01 DF 65 6A 0D 
2013/07/22 18:42:49:370 [006864] DEBUG [Prb.cpp, 603] - Read CC1020 completed, Address=0x000F, Data=0xDF
2013/07/22 18:42:49:370 [006864] TRACE [Prb.cpp, 584] - Reading CC1020, Address=0x0010
2013/07/22 18:42:49:371 [006864] TRACE [Prb.cpp, 1035] - ReadCC1020Packet(0x10):01 00 0C 48 84 00 02 00 10 F1 26 0D 
2013/07/22 18:42:49:371 [005720] TRACE [Prb.cpp, 835] - RxStream contents:01 00 0C 61 06 48 00 01 80 50 AB 0D 
2013/07/22 18:42:49:372 [005720] TRACE [Prb.cpp, 943] - RadioBoardPacket(ACK):01 00 0C 61 06 48 00 01 80 50 AB 0D 
2013/07/22 18:42:49:373 [006864] DEBUG [Prb.cpp, 603] - Read CC1020 completed, Address=0x0010, Data=0x80
2013/07/22 18:42:49:373 [006864] TRACE [Prb.cpp, 584] - Reading CC1020, Address=0x0013
2013/07/22 18:42:49:374 [006864] TRACE [Prb.cpp, 1035] - ReadCC1020Packet(0x13):01 00 0C 49 84 00 02 00 13 09 2F 0D 
2013/07/22 18:42:49:374 [005720] TRACE [Prb.cpp, 835] - RxStream contents:01 00 0C 62 06 49 00 01 33 CF 01 0D 
2013/07/22 18:42:49:375 [005720] TRACE [Prb.cpp, 943] - RadioBoardPacket(ACK):01 00 0C 62 06 49 00 01 33 CF 01 0D 
2013/07/22 18:42:49:375 [006864] DEBUG [Prb.cpp, 603] - Read CC1020 completed, Address=0x0013, Data=0x33
2013/07/22 18:42:49:376 [006864] TRACE [Prb.cpp, 584] - Reading CC1020, Address=0x0014
2013/07/22 18:42:49:376 [006864] TRACE [Prb.cpp, 1035] - ReadCC1020Packet(0x14):01 00 0C 4A 84 00 02 00 14 01 3E 0D 
2013/07/22 18:42:49:376 [005720] TRACE [Prb.cpp, 835] - RxStream contents:01 00 0C 63 06 4A 00 01 3D 8B 25 0D 
2013/07/22 18:42:49:377 [005720] TRACE [Prb.cpp, 943] - RadioBoardPacket(ACK):01 00 0C 63 06 4A 00 01 3D 8B 25 0D 
2013/07/22 18:42:49:378 [006864] DEBUG [Prb.cpp, 603] - Read CC1020 completed, Address=0x0014, Data=0x3D
2013/07/22 18:42:49:378 [006864] TRACE [Prb.cpp, 584] - Reading CC1020, Address=0x0043
2013/07/22 18:42:49:379 [006864] TRACE [Prb.cpp, 1035] - ReadCC1020Packet(0x43):01 00 0C 4B 84 00 02 00 43 78 CC 0D 
2013/07/22 18:42:49:379 [005720] TRACE [Prb.cpp, 835] - RxStream contents:01 00 0C 64 06 4B 00 01 00 F7 AD 0D 
2013/07/22 18:42:49:380 [005720] TRACE [Prb.cpp, 943] - RadioBoardPacket(ACK):01 00 0C 64 06 4B 00 01 00 F7 AD 0D 
2013/07/22 18:42:49:380 [006864] DEBUG [Prb.cpp, 603] - Read CC1020 completed, Address=0x0043, Data=0x00
2013/07/22 18:42:49:381 [006864] DEBUG [ComSysDiagnostics.cpp, 63] - CC1020 [Scan complete] FREQ_2A: 0x35 FREQ_1A: 0xf0 FREQ_0A: 0x21
2013/07/22 18:42:49:381 [006864] DEBUG [ComSysDiagnostics.cpp, 67] - CC1020 [Scan complete] FREQ_2B: 0x35 FREQ_1B: 0xfa FREQ_0B: 0xcb
2013/07/22 18:42:49:382 [006864] DEBUG [ComSysDiagnostics.cpp, 72] - CC1020 [Scan complete] AFC_CONTROL: 0xdf FILTER: 0x80 VGA3: 0x33 VGA4: 0x3d AFC: 0x00
2013/07/22 18:42:49:382 [006864] INFO [CommunicationSystemStates.cpp, 173] - Found 1 valid ids during the scan operation.
2013/07/22 18:42:49:385 [006864] INFO [CommunicationSystemStates.cpp, 190] - Id: 0x801c0094.
2013/07/22 18:42:49:385 [006864] INFO [CommunicationSystemStates.cpp, 198] - Found 0 invalid ids during the scan operation.
2013/07/22 18:42:49:409 [005624] TRACE [Prb.cpp, 493] - Reading FPGA, Address=0x1004
2013/07/22 18:42:49:410 [005624] TRACE [Prb.cpp, 1035] - ReadFPGAPacket(0x1004):01 00 0C 4C 82 00 02 10 04 F0 4B 0D 
2013/07/22 18:42:49:410 [005720] TRACE [Prb.cpp, 835] - RxStream contents:01 00 0C 65 06 4C 00 01 00 E3 AD 0D 
2013/07/22 18:42:49:411 [005720] TRACE [Prb.cpp, 943] - RadioBoardPacket(ACK):01 00 0C 65 06 4C 00 01 00 E3 AD 0D 
2013/07/22 18:42:49:412 [005624] DEBUG [Prb.cpp, 512] - Read FPGA completed, Address=0x1004, Data=0x00
2013/07/22 18:42:49:413 [005624] TRACE [Prb.cpp, 448] - Writing FPGA, Address=0x1004, Data=0x00
2013/07/22 18:42:49:413 [005624] TRACE [Prb.cpp, 1035] - WriteFPGAPacket(0x1004, 0x00):01 00 0D 4D 81 00 03 10 04 00 C4 36 0D 
2013/07/22 18:42:49:413 [005720] TRACE [Prb.cpp, 835] - RxStream contents:01 00 0B 66 06 4D 00 00 A5 FD 0D 
2013/07/22 18:42:49:414 [005720] TRACE [Prb.cpp, 943] - RadioBoardPacket(ACK):01 00 0B 66 06 4D 00 00 A5 FD 0D 
2013/07/22 18:42:49:415 [005624] DEBUG [Prb.cpp, 466] - Write FPGA completed, Address=0x1004, Data=0x00
2013/07/22 18:42:49:416 [006364] INFO [CrossTalkDetectorStates.cpp, 98] - LinkTimeout = 4523 ms
2013/07/22 18:42:49:417 [006364] INFO [CrossTalkDetector.cpp, 68] - CrossTalkDetector state changing from IdleState to LinkingState
2013/07/22 18:42:49:419 [006364] INFO [CommunicationSystemStates.cpp, 147] - Link requested. Id: 0x801c0094. Preamble Burst Duration: 2 seconds. Preamble Burst Data Rate: 0.
2013/07/22 18:42:49:419 [006364] DEBUG [ComSysDiagnostics.cpp, 95] - Resetting FPGA Frame Error Counter
2013/07/22 18:42:49:420 [006364] TRACE [Prb.cpp, 448] - Writing FPGA, Address=0x301C, Data=0x00
2013/07/22 18:42:49:420 [006364] TRACE [Prb.cpp, 1035] - WriteFPGAPacket(0x301C, 0x00):01 00 0D 4E 81 00 03 30 1C 00 15 85 0D 
2013/07/22 18:42:49:420 [005720] TRACE [Prb.cpp, 835] - RxStream contents:01 00 0B 67 06 4E 00 00 25 BA 0D 
2013/07/22 18:42:49:421 [005720] TRACE [Prb.cpp, 943] - RadioBoardPacket(ACK):01 00 0B 67 06 4E 00 00 25 BA 0D 
2013/07/22 18:42:49:422 [006364] DEBUG [Prb.cpp, 466] - Write FPGA completed, Address=0x301C, Data=0x00
2013/07/22 18:42:49:423 [006364] TRACE [Prb.cpp, 448] - Writing FPGA, Address=0x2000, Data=0x80
2013/07/22 18:42:49:423 [006364] TRACE [Prb.cpp, 1035] - WriteFPGAPacket(0x2000, 0x80):01 00 0D 4F 81 00 03 20 00 80 5E D5 0D 
2013/07/22 18:42:49:423 [005720] TRACE [Prb.cpp, 835] - RxStream contents:01 00 0B 68 06 4F 00 00 A7 05 0D 
2013/07/22 18:42:49:424 [005720] TRACE [Prb.cpp, 943] - RadioBoardPacket(ACK):01 00 0B 68 06 4F 00 00 A7 05 0D 
2013/07/22 18:42:49:425 [006364] DEBUG [Prb.cpp, 466] - Write FPGA completed, Address=0x2000, Data=0x80
2013/07/22 18:42:49:425 [006364] TRACE [Prb.cpp, 448] - Writing FPGA, Address=0x2002, Data=0x1C
2013/07/22 18:42:49:426 [006364] TRACE [Prb.cpp, 1035] - WriteFPGAPacket(0x2002, 0x1C):01 00 0D 50 81 00 03 20 02 1C 4F 6D 0D 
2013/07/22 18:42:49:426 [005720] TRACE [Prb.cpp, 835] - RxStream contents:01 00 0B 69 06 50 00 00 A6 F1 0D 
2013/07/22 18:42:49:427 [005720] TRACE [Prb.cpp, 943] - RadioBoardPacket(ACK):01 00 0B 69 06 50 00 00 A6 F1 0D 
2013/07/22 18:42:49:428 [006364] DEBUG [Prb.cpp, 466] - Write FPGA completed, Address=0x2002, Data=0x1C
2013/07/22 18:42:49:428 [006364] TRACE [Prb.cpp, 448] - Writing FPGA, Address=0x2004, Data=0x00
2013/07/22 18:42:49:429 [006364] TRACE [Prb.cpp, 1035] - WriteFPGAPacket(0x2004, 0x00):01 00 0D 51 81 00 03 20 04 00 5A 35 0D 
2013/07/22 18:42:49:429 [005720] TRACE [Prb.cpp, 835] - RxStream contents:01 00 0B 6A 06 51 00 00 26 6E 0D 
2013/07/22 18:42:49:430 [005720] TRACE [Prb.cpp, 943] - RadioBoardPacket(ACK):01 00 0B 6A 06 51 00 00 26 6E 0D 
2013/07/22 18:42:49:430 [006364] DEBUG [Prb.cpp, 466] - Write FPGA completed, Address=0x2004, Data=0x00
2013/07/22 18:42:49:431 [006364] TRACE [Prb.cpp, 448] - Writing FPGA, Address=0x2006, Data=0x94
2013/07/22 18:42:49:432 [006364] TRACE [Prb.cpp, 1035] - WriteFPGAPacket(0x2006, 0x94):01 00 0D 52 81 00 03 20 06 94 56 7D 0D 
2013/07/22 18:42:49:432 [005720] TRACE [Prb.cpp, 835] - RxStream contents:01 00 0B 6B 06 52 00 00 A6 29 0D 
2013/07/22 18:42:49:433 [005720] TRACE [Prb.cpp, 943] - RadioBoardPacket(ACK):01 00 0B 6B 06 52 00 00 A6 29 0D 
2013/07/22 18:42:49:433 [006364] DEBUG [Prb.cpp, 466] - Write FPGA completed, Address=0x2006, Data=0x94
2013/07/22 18:42:49:434 [006364] TRACE [Prb.cpp, 448] - Writing FPGA, Address=0x1002, Data=0x02
2013/07/22 18:42:49:434 [006364] TRACE [Prb.cpp, 1035] - WriteFPGAPacket(0x1002, 0x02):01 00 0D 53 81 00 03 10 02 02 4F D9 0D 
2013/07/22 18:42:49:434 [005720] TRACE [Prb.cpp, 835] - RxStream contents:01 00 0B 6C 06 53 00 00 A7 55 0D 
2013/07/22 18:42:49:435 [005720] TRACE [Prb.cpp, 943] - RadioBoardPacket(ACK):01 00 0B 6C 06 53 00 00 A7 55 0D 
2013/07/22 18:42:49:436 [006364] DEBUG [Prb.cpp, 466] - Write FPGA completed, Address=0x1002, Data=0x02
2013/07/22 18:42:49:436 [006364] TRACE [Prb.cpp, 493] - Reading FPGA, Address=0x1004
2013/07/22 18:42:49:437 [006364] TRACE [Prb.cpp, 1035] - ReadFPGAPacket(0x1004):01 00 0C 54 82 00 02 10 04 30 50 0D 
2013/07/22 18:42:49:437 [005720] TRACE [Prb.cpp, 835] - RxStream contents:01 00 0C 6D 06 54 00 01 00 C3 A1 0D 
2013/07/22 18:42:49:438 [005720] TRACE [Prb.cpp, 943] - RadioBoardPacket(ACK):01 00 0C 6D 06 54 00 01 00 C3 A1 0D 
2013/07/22 18:42:49:438 [006364] DEBUG [Prb.cpp, 512] - Read FPGA completed, Address=0x1004, Data=0x00
2013/07/22 18:42:49:439 [006364] TRACE [Prb.cpp, 448] - Writing FPGA, Address=0x1004, Data=0x00
2013/07/22 18:42:49:440 [006364] TRACE [Prb.cpp, 1035] - WriteFPGAPacket(0x1004, 0x00):01 00 0D 55 81 00 03 10 04 00 DD B6 0D 
2013/07/22 18:42:49:440 [005720] TRACE [Prb.cpp, 835] - RxStream contents:01 00 0B 6E 06 55 00 00 27 DE 0D 
2013/07/22 18:42:49:441 [005720] TRACE [Prb.cpp, 943] - RadioBoardPacket(ACK):01 00 0B 6E 06 55 00 00 27 DE 0D 
2013/07/22 18:42:49:441 [006364] DEBUG [Prb.cpp, 466] - Write FPGA completed, Address=0x1004, Data=0x00
2013/07/22 18:42:49:442 [006364] TRACE [Prb.cpp, 448] - Writing FPGA, Address=0x1008, Data=0x04
2013/07/22 18:42:49:442 [006364] TRACE [Prb.cpp, 1035] - WriteFPGAPacket(0x1008, 0x04):01 00 0D 56 81 00 03 10 08 04 76 9D 0D 
2013/07/22 18:42:49:442 [005720] TRACE [Prb.cpp, 835] - RxStream contents:01 00 0B 6F 06 56 00 00 A7 99 0D 
2013/07/22 18:42:49:443 [005720] TRACE [Prb.cpp, 943] - RadioBoardPacket(ACK):01 00 0B 6F 06 56 00 00 A7 99 0D 
2013/07/22 18:42:49:444 [006364] DEBUG [Prb.cpp, 466] - Write FPGA completed, Address=0x1008, Data=0x04
2013/07/22 18:42:51:677 [006864] INFO [CrossTalkDetectorStates.cpp, 174] - Invalid frame while linking
2013/07/22 18:42:51:678 [006864] TRACE [Prb.cpp, 493] - Reading FPGA, Address=0x3018
2013/07/22 18:42:51:679 [006864] TRACE [Prb.cpp, 1035] - ReadFPGAPacket(0x3018):01 00 0C 57 82 00 02 30 18 78 18 0D 
2013/07/22 18:42:51:679 [005720] TRACE [Prb.cpp, 835] - RxStream contents:01 00 0C 71 06 57 00 01 3B 5F 25 0D 
2013/07/22 18:42:51:680 [005720] TRACE [Prb.cpp, 943] - RadioBoardPacket(ACK):01 00 0C 71 06 57 00 01 3B 5F 25 0D 
2013/07/22 18:42:51:681 [006864] DEBUG [Prb.cpp, 512] - Read FPGA completed, Address=0x3018, Data=0x3B
2013/07/22 18:42:51:681 [006864] TRACE [Prb.cpp, 493] - Reading FPGA, Address=0x301A
2013/07/22 18:42:51:682 [006864] TRACE [Prb.cpp, 1035] - ReadFPGAPacket(0x301A):01 00 0C 58 82 00 02 30 1A D0 18 0D 
2013/07/22 18:42:51:682 [005720] TRACE [Prb.cpp, 835] - RxStream contents:01 00 0C 72 06 58 00 01 05 9B A2 0D 
2013/07/22 18:42:51:683 [005720] TRACE [Prb.cpp, 943] - RadioBoardPacket(ACK):01 00 0C 72 06 58 00 01 05 9B A2 0D 
2013/07/22 18:42:51:683 [006864] DEBUG [Prb.cpp, 512] - Read FPGA completed, Address=0x301A, Data=0x05
2013/07/22 18:42:51:684 [006864] TRACE [Prb.cpp, 493] - Reading FPGA, Address=0x3070
2013/07/22 18:42:51:685 [006864] TRACE [Prb.cpp, 1035] - ReadFPGAPacket(0x3070):01 00 0C 59 82 00 02 30 70 29 67 0D 
2013/07/22 18:42:51:685 [005720] TRACE [Prb.cpp, 835] - RxStream contents:01 00 0C 73 06 59 00 01 FF F5 BE 0D 
2013/07/22 18:42:51:686 [005720] TRACE [Prb.cpp, 943] - RadioBoardPacket(ACK):01 00 0C 73 06 59 00 01 FF F5 BE 0D 
2013/07/22 18:42:51:686 [006864] DEBUG [Prb.cpp, 512] - Read FPGA completed, Address=0x3070, Data=0xFF
2013/07/22 18:42:51:687 [006864] DEBUG [ComSysDiagnostics.cpp, 31] - FPGA RSSI/AFC [Linking(invalid frame)] linkedRSSI:59 linkedAFC:5 AFC:255
2013/07/22 18:42:51:697 [006864] TRACE [Prb.cpp, 493] - Reading FPGA, Address=0x3018
2013/07/22 18:42:51:698 [006864] TRACE [Prb.cpp, 1035] - ReadFPGAPacket(0x3018):01 00 0C 5A 82 00 02 30 18 20 14 0D 
2013/07/22 18:42:51:698 [005720] TRACE [Prb.cpp, 835] - RxStream contents:01 00 0C 75 06 5A 00 01 3C 5B 31 0D 
2013/07/22 18:42:51:699 [005720] TRACE [Prb.cpp, 943] - RadioBoardPacket(ACK):01 00 0C 75 06 5A 00 01 3C 5B 31 0D 
2013/07/22 18:42:51:700 [006864] DEBUG [Prb.cpp, 512] - Read FPGA completed, Address=0x3018, Data=0x3C
2013/07/22 18:42:51:700 [006864] TRACE [Prb.cpp, 493] - Reading FPGA, Address=0x301A
2013/07/22 18:42:51:701 [006864] TRACE [Prb.cpp, 1035] - ReadFPGAPacket(0x301A):01 00 0C 5B 82 00 02 30 1A 58 18 0D 
2013/07/22 18:42:51:701 [005720] TRACE [Prb.cpp, 835] - RxStream contents:01 00 0C 76 06 5B 00 01 00 47 BA 0D 
2013/07/22 18:42:51:702 [005720] TRACE [Prb.cpp, 943] - RadioBoardPacket(ACK):01 00 0C 76 06 5B 00 01 00 47 BA 0D 
2013/07/22 18:42:51:703 [006864] DEBUG [Prb.cpp, 512] - Read FPGA completed, Address=0x301A, Data=0x00
2013/07/22 18:42:51:703 [006864] TRACE [Prb.cpp, 493] - Reading FPGA, Address=0x3070
2013/07/22 18:42:51:704 [006864] TRACE [Prb.cpp, 1035] - ReadFPGAPacket(0x3070):01 00 0C 5C 82 00 02 30 70 31 62 0D 
2013/07/22 18:42:51:704 [005720] TRACE [Prb.cpp, 835] - RxStream contents:01 00 0C 77 06 5C 00 01 00 53 BA 0D 
2013/07/22 18:42:51:705 [005720] TRACE [Prb.cpp, 943] - RadioBoardPacket(ACK):01 00 0C 77 06 5C 00 01 00 53 BA 0D 
2013/07/22 18:42:51:706 [006864] DEBUG [Prb.cpp, 512] - Read FPGA completed, Address=0x3070, Data=0x00
2013/07/22 18:42:51:706 [006864] DEBUG [ComSysDiagnostics.cpp, 31] - FPGA RSSI/AFC [Linking(valid frame)] linkedRSSI:60 linkedAFC:0 AFC:0
2013/07/22 18:42:51:712 [006864] TRACE [Prb.cpp, 493] - Reading FPGA, Address=0x3018
2013/07/22 18:42:51:713 [006864] TRACE [Prb.cpp, 1035] - ReadFPGAPacket(0x3018):01 00 0C 5D 82 00 02 30 18 48 12 0D 
2013/07/22 18:42:51:713 [005720] TRACE [Prb.cpp, 835] - RxStream contents:01 00 0C 79 06 5D 00 01 3B 97 2C 0D 
2013/07/22 18:42:51:714 [005720] TRACE [Prb.cpp, 943] - RadioBoardPacket(ACK):01 00 0C 79 06 5D 00 01 3B 97 2C 0D 
2013/07/22 18:42:51:714 [006864] DEBUG [Prb.cpp, 512] - Read FPGA completed, Address=0x3018, Data=0x3B
2013/07/22 18:42:51:715 [006864] TRACE [Prb.cpp, 493] - Reading FPGA, Address=0x301A
2013/07/22 18:42:51:716 [006864] TRACE [Prb.cpp, 1035] - ReadFPGAPacket(0x301A):01 00 0C 5E 82 00 02 30 1A 40 1D 0D 
2013/07/22 18:42:51:716 [005720] TRACE [Prb.cpp, 835] - RxStream contents:01 00 0C 7A 06 5E 00 01 00 A3 B5 0D 
2013/07/22 18:42:51:717 [005720] TRACE [Prb.cpp, 943] - RadioBoardPacket(ACK):01 00 0C 7A 06 5E 00 01 00 A3 B5 0D 
2013/07/22 18:42:51:717 [006864] DEBUG [Prb.cpp, 512] - Read FPGA completed, Address=0x301A, Data=0x00
2013/07/22 18:42:51:718 [006864] TRACE [Prb.cpp, 493] - Reading FPGA, Address=0x3070
2013/07/22 18:42:51:718 [006864] TRACE [Prb.cpp, 1035] - ReadFPGAPacket(0x3070):01 00 0C 5F 82 00 02 30 70 B9 62 0D 
2013/07/22 18:42:51:718 [005720] TRACE [Prb.cpp, 835] - RxStream contents:01 00 0C 7B 06 5F 00 01 00 CF B5 0D 
2013/07/22 18:42:51:720 [005720] TRACE [Prb.cpp, 943] - RadioBoardPacket(ACK):01 00 0C 7B 06 5F 00 01 00 CF B5 0D 
2013/07/22 18:42:51:720 [006864] DEBUG [Prb.cpp, 512] - Read FPGA completed, Address=0x3070, Data=0x00
2013/07/22 18:42:51:721 [006864] DEBUG [ComSysDiagnostics.cpp, 31] - FPGA RSSI/AFC [Linking(valid frame)] linkedRSSI:59 linkedAFC:0 AFC:0
2013/07/22 18:42:51:726 [006864] TRACE [Prb.cpp, 493] - Reading FPGA, Address=0x3018
2013/07/22 18:42:51:726 [006864] TRACE [Prb.cpp, 1035] - ReadFPGAPacket(0x3018):01 00 0C 60 82 00 02 30 18 10 2D 0D 
2013/07/22 18:42:51:726 [005720] TRACE [Prb.cpp, 835] - RxStream contents:01 00 0C 7D 06 60 00 01 3B D3 23 0D 
2013/07/22 18:42:51:727 [005720] TRACE [Prb.cpp, 943] - RadioBoardPacket(ACK):01 00 0C 7D 06 60 00 01 3B D3 23 0D 
2013/07/22 18:42:51:728 [006864] DEBUG [Prb.cpp, 512] - Read FPGA completed, Address=0x3018, Data=0x3B
2013/07/22 18:42:51:729 [006864] TRACE [Prb.cpp, 493] - Reading FPGA, Address=0x301A
2013/07/22 18:42:51:729 [006864] TRACE [Prb.cpp, 1035] - ReadFPGAPacket(0x301A):01 00 0C 61 82 00 02 30 1A 68 21 0D 
2013/07/22 18:42:51:729 [005720] TRACE [Prb.cpp, 835] - RxStream contents:01 00 0C 7E 06 61 00 01 00 4F B9 0D 
2013/07/22 18:42:51:730 [005720] TRACE [Prb.cpp, 943] - RadioBoardPacket(ACK):01 00 0C 7E 06 61 00 01 00 4F B9 0D 
2013/07/22 18:42:51:731 [006864] DEBUG [Prb.cpp, 512] - Read FPGA completed, Address=0x301A, Data=0x00
2013/07/22 18:42:51:731 [006864] TRACE [Prb.cpp, 493] - Reading FPGA, Address=0x3070
2013/07/22 18:42:51:732 [006864] TRACE [Prb.cpp, 1035] - ReadFPGAPacket(0x3070):01 00 0C 62 82 00 02 30 70 E1 5D 0D 
2013/07/22 18:42:51:732 [005720] TRACE [Prb.cpp, 835] - RxStream contents:01 00 0C 7F 06 62 00 01 00 8B BA 0D 
2013/07/22 18:42:51:733 [005720] TRACE [Prb.cpp, 943] - RadioBoardPacket(ACK):01 00 0C 7F 06 62 00 01 00 8B BA 0D 
2013/07/22 18:42:51:733 [006864] DEBUG [Prb.cpp, 512] - Read FPGA completed, Address=0x3070, Data=0x00
2013/07/22 18:42:51:734 [006864] DEBUG [ComSysDiagnostics.cpp, 31] - FPGA RSSI/AFC [Linking(valid frame)] linkedRSSI:59 linkedAFC:0 AFC:0
2013/07/22 18:42:51:740 [006864] TRACE [Prb.cpp, 493] - Reading FPGA, Address=0x3018
2013/07/22 18:42:51:741 [006864] TRACE [Prb.cpp, 1035] - ReadFPGAPacket(0x3018):01 00 0C 63 82 00 02 30 18 98 2D 0D 
2013/07/22 18:42:51:741 [005720] TRACE [Prb.cpp, 835] - RxStream contents:01 00 0C 81 06 63 00 01 3B 4F D3 0D 
2013/07/22 18:42:51:742 [005720] TRACE [Prb.cpp, 943] - RadioBoardPacket(ACK):01 00 0C 81 06 63 00 01 3B 4F D3 0D 
2013/07/22 18:42:51:742 [006864] DEBUG [Prb.cpp, 512] - Read FPGA completed, Address=0x3018, Data=0x3B
2013/07/22 18:42:51:743 [006864] TRACE [Prb.cpp, 493] - Reading FPGA, Address=0x301A
2013/07/22 18:42:51:744 [006864] TRACE [Prb.cpp, 1035] - ReadFPGAPacket(0x301A):01 00 0C 64 82 00 02 30 1A 70 24 0D 
2013/07/22 18:42:51:744 [005720] TRACE [Prb.cpp, 835] - RxStream contents:01 00 0C 82 06 64 00 01 00 AB 49 0D 
2013/07/22 18:42:51:745 [005720] TRACE [Prb.cpp, 943] - RadioBoardPacket(ACK):01 00 0C 82 06 64 00 01 00 AB 49 0D 
2013/07/22 18:42:51:745 [006864] DEBUG [Prb.cpp, 512] - Read FPGA completed, Address=0x301A, Data=0x00
2013/07/22 18:42:51:746 [006864] TRACE [Prb.cpp, 493] - Reading FPGA, Address=0x3070
2013/07/22 18:42:51:747 [006864] TRACE [Prb.cpp, 1035] - ReadFPGAPacket(0x3070):01 00 0C 65 82 00 02 30 70 89 5B 0D 
2013/07/22 18:42:51:747 [005720] TRACE [Prb.cpp, 835] - RxStream contents:01 00 0C 83 06 65 00 01 00 C7 49 0D 
2013/07/22 18:42:51:748 [005720] TRACE [Prb.cpp, 943] - RadioBoardPacket(ACK):01 00 0C 83 06 65 00 01 00 C7 49 0D 
2013/07/22 18:42:51:748 [006864] DEBUG [Prb.cpp, 512] - Read FPGA completed, Address=0x3070, Data=0x00
2013/07/22 18:42:51:749 [006864] DEBUG [ComSysDiagnostics.cpp, 31] - FPGA RSSI/AFC [Linking(valid frame)] linkedRSSI:59 linkedAFC:0 AFC:0
2013/07/22 18:42:51:759 [006864] TRACE [Prb.cpp, 493] - Reading FPGA, Address=0x3018
2013/07/22 18:42:51:760 [006864] TRACE [Prb.cpp, 1035] - ReadFPGAPacket(0x3018):01 00 0C 66 82 00 02 30 18 80 28 0D 
2013/07/22 18:42:51:760 [005720] TRACE [Prb.cpp, 835] - RxStream contents:01 00 0C 85 06 66 00 01 3E EB CB 0D 
2013/07/22 18:42:51:761 [005720] TRACE [Prb.cpp, 943] - RadioBoardPacket(ACK):01 00 0C 85 06 66 00 01 3E EB CB 0D 
2013/07/22 18:42:51:762 [006864] DEBUG [Prb.cpp, 512] - Read FPGA completed, Address=0x3018, Data=0x3E
2013/07/22 18:42:51:762 [006864] TRACE [Prb.cpp, 493] - Reading FPGA, Address=0x301A
2013/07/22 18:42:51:763 [006864] TRACE [Prb.cpp, 1035] - ReadFPGAPacket(0x301A):01 00 0C 67 82 00 02 30 1A F8 24 0D 
2013/07/22 18:42:51:763 [005720] TRACE [Prb.cpp, 835] - RxStream contents:01 00 0C 86 06 67 00 01 01 F7 4A 0D 
2013/07/22 18:42:51:764 [005720] TRACE [Prb.cpp, 943] - RadioBoardPacket(ACK):01 00 0C 86 06 67 00 01 01 F7 4A 0D 
2013/07/22 18:42:51:765 [006864] DEBUG [Prb.cpp, 512] - Read FPGA completed, Address=0x301A, Data=0x01
2013/07/22 18:42:51:765 [006864] TRACE [Prb.cpp, 493] - Reading FPGA, Address=0x3070
2013/07/22 18:42:51:766 [006864] TRACE [Prb.cpp, 1035] - ReadFPGAPacket(0x3070):01 00 0C 68 82 00 02 30 70 D1 57 0D 
2013/07/22 18:42:51:766 [005720] TRACE [Prb.cpp, 835] - RxStream contents:01 00 0C 87 06 68 00 01 00 43 4C 0D 
2013/07/22 18:42:51:767 [005720] TRACE [Prb.cpp, 943] - RadioBoardPacket(ACK):01 00 0C 87 06 68 00 01 00 43 4C 0D 
2013/07/22 18:42:51:768 [006864] DEBUG [Prb.cpp, 512] - Read FPGA completed, Address=0x3070, Data=0x00
2013/07/22 18:42:51:768 [006864] DEBUG [ComSysDiagnostics.cpp, 31] - FPGA RSSI/AFC [Linking(valid frame)] linkedRSSI:62 linkedAFC:1 AFC:0
2013/07/22 18:42:51:774 [006864] TRACE [Prb.cpp, 493] - Reading FPGA, Address=0x3018
2013/07/22 18:42:51:774 [006864] TRACE [Prb.cpp, 1035] - ReadFPGAPacket(0x3018):01 00 0C 69 82 00 02 30 18 A8 27 0D 
2013/07/22 18:42:51:775 [005720] TRACE [Prb.cpp, 835] - RxStream contents:01 00 0C 89 06 69 00 01 3E 87 C4 0D 
2013/07/22 18:42:51:776 [005720] TRACE [Prb.cpp, 943] - RadioBoardPacket(ACK):01 00 0C 89 06 69 00 01 3E 87 C4 0D 
2013/07/22 18:42:51:776 [006864] DEBUG [Prb.cpp, 512] - Read FPGA completed, Address=0x3018, Data=0x3E
2013/07/22 18:42:51:777 [006864] TRACE [Prb.cpp, 493] - Reading FPGA, Address=0x301A
2013/07/22 18:42:51:777 [006864] TRACE [Prb.cpp, 1035] - ReadFPGAPacket(0x301A):01 00 0C 6A 82 00 02 30 1A A0 28 0D 
2013/07/22 18:42:51:777 [005720] TRACE [Prb.cpp, 835] - RxStream contents:01 00 0C 8A 06 6A 00 01 FF B1 41 0D 
2013/07/22 18:42:51:778 [005720] TRACE [Prb.cpp, 943] - RadioBoardPacket(ACK):01 00 0C 8A 06 6A 00 01 FF B1 41 0D 
2013/07/22 18:42:51:779 [006864] DEBUG [Prb.cpp, 512] - Read FPGA completed, Address=0x301A, Data=0xFF
2013/07/22 18:42:51:780 [006864] TRACE [Prb.cpp, 493] - Reading FPGA, Address=0x3070
2013/07/22 18:42:51:780 [006864] TRACE [Prb.cpp, 1035] - ReadFPGAPacket(0x3070):01 00 0C 6B 82 00 02 30 70 59 57 0D 
2013/07/22 18:42:51:780 [005720] TRACE [Prb.cpp, 835] - RxStream contents:01 00 0C 8B 06 6B 00 01 00 DF 43 0D 
2013/07/22 18:42:51:781 [005720] TRACE [Prb.cpp, 943] - RadioBoardPacket(ACK):01 00 0C 8B 06 6B 00 01 00 DF 43 0D 
2013/07/22 18:42:51:782 [006864] DEBUG [Prb.cpp, 512] - Read FPGA completed, Address=0x3070, Data=0x00
2013/07/22 18:42:51:782 [006864] DEBUG [ComSysDiagnostics.cpp, 31] - FPGA RSSI/AFC [Linking(valid frame)] linkedRSSI:62 linkedAFC:255 AFC:0
2013/07/22 18:42:51:788 [006864] TRACE [Prb.cpp, 493] - Reading FPGA, Address=0x3018
2013/07/22 18:42:51:788 [006864] TRACE [Prb.cpp, 1035] - ReadFPGAPacket(0x3018):01 00 0C 6C 82 00 02 30 18 B0 22 0D 
2013/07/22 18:42:51:788 [005720] TRACE [Prb.cpp, 835] - RxStream contents:01 00 0C 8D 06 6C 00 01 3F A3 C7 0D 
2013/07/22 18:42:51:790 [005720] TRACE [Prb.cpp, 943] - RadioBoardPacket(ACK):01 00 0C 8D 06 6C 00 01 3F A3 C7 0D 
2013/07/22 18:42:51:790 [006864] DEBUG [Prb.cpp, 512] - Read FPGA completed, Address=0x3018, Data=0x3F
2013/07/22 18:42:51:791 [006864] TRACE [Prb.cpp, 493] - Reading FPGA, Address=0x301A
2013/07/22 18:42:51:791 [006864] TRACE [Prb.cpp, 1035] - ReadFPGAPacket(0x301A):01 00 0C 6D 82 00 02 30 1A C8 2E 0D 
2013/07/22 18:42:51:791 [005720] TRACE [Prb.cpp, 835] - RxStream contents:01 00 0C 8E 06 6D 00 01 00 BF 46 0D 
2013/07/22 18:42:51:793 [005720] TRACE [Prb.cpp, 943] - RadioBoardPacket(ACK):01 00 0C 8E 06 6D 00 01 00 BF 46 0D 
2013/07/22 18:42:51:793 [006864] DEBUG [Prb.cpp, 512] - Read FPGA completed, Address=0x301A, Data=0x00
2013/07/22 18:42:51:794 [006864] TRACE [Prb.cpp, 493] - Reading FPGA, Address=0x3070
2013/07/22 18:42:51:794 [006864] TRACE [Prb.cpp, 1035] - ReadFPGAPacket(0x3070):01 00 0C 6E 82 00 02 30 70 41 52 0D 
2013/07/22 18:42:51:794 [005720] TRACE [Prb.cpp, 835] - RxStream contents:01 00 0C 8F 06 6E 00 01 00 7B 45 0D 
2013/07/22 18:42:51:795 [005720] TRACE [Prb.cpp, 943] - RadioBoardPacket(ACK):01 00 0C 8F 06 6E 00 01 00 7B 45 0D 
2013/07/22 18:42:51:796 [006864] DEBUG [Prb.cpp, 512] - Read FPGA completed, Address=0x3070, Data=0x00
2013/07/22 18:42:51:796 [006864] DEBUG [ComSysDiagnostics.cpp, 31] - FPGA RSSI/AFC [Linking(valid frame)] linkedRSSI:63 linkedAFC:0 AFC:0
2013/07/22 18:42:51:807 [006864] TRACE [Prb.cpp, 493] - Reading FPGA, Address=0x3018
2013/07/22 18:42:51:808 [006864] TRACE [Prb.cpp, 1035] - ReadFPGAPacket(0x3018):01 00 0C 6F 82 00 02 30 18 38 22 0D 
2013/07/22 18:42:51:808 [005720] TRACE [Prb.cpp, 835] - RxStream contents:01 00 0C 91 06 6F 00 01 3D 3F D5 0D 
2013/07/22 18:42:51:809 [005720] TRACE [Prb.cpp, 943] - RadioBoardPacket(ACK):01 00 0C 91 06 6F 00 01 3D 3F D5 0D 
2013/07/22 18:42:51:809 [006864] DEBUG [Prb.cpp, 512] - Read FPGA completed, Address=0x3018, Data=0x3D
2013/07/22 18:42:51:810 [006864] TRACE [Prb.cpp, 493] - Reading FPGA, Address=0x301A
2013/07/22 18:42:51:811 [006864] TRACE [Prb.cpp, 1035] - ReadFPGAPacket(0x301A):01 00 0C 70 82 00 02 30 1A 10 30 0D 
2013/07/22 18:42:51:811 [005720] TRACE [Prb.cpp, 835] - RxStream contents:01 00 0C 92 06 70 00 01 00 BB 5E 0D 
2013/07/22 18:42:51:812 [005720] TRACE [Prb.cpp, 943] - RadioBoardPacket(ACK):01 00 0C 92 06 70 00 01 00 BB 5E 0D 
2013/07/22 18:42:51:812 [006864] DEBUG [Prb.cpp, 512] - Read FPGA completed, Address=0x301A, Data=0x00
2013/07/22 18:42:51:813 [006864] TRACE [Prb.cpp, 493] - Reading FPGA, Address=0x3070
2013/07/22 18:42:51:813 [005720] TRACE [Prb.cpp, 835] - RxStream contents:01 00 0C 93 06 71 00 01 00 D7 5E 0D 
2013/07/22 18:42:51:814 [005720] TRACE [Prb.cpp, 943] - RadioBoardPacket(ACK):01 00 0C 93 06 71 00 01 00 D7 5E 0D 
2013/07/22 18:42:51:813 [006864] TRACE [Prb.cpp, 1035] - ReadFPGAPacket(0x3070):01 00 0C 71 82 00 02 30 70 E9 4F 0D 
2013/07/22 18:42:51:815 [006864] DEBUG [Prb.cpp, 512] - Read FPGA completed, Address=0x3070, Data=0x00
2013/07/22 18:42:51:816 [006864] DEBUG [ComSysDiagnostics.cpp, 31] - FPGA RSSI/AFC [Linking(valid frame)] linkedRSSI:61 linkedAFC:0 AFC:0
2013/07/22 18:42:51:821 [006864] TRACE [Prb.cpp, 584] - Reading CC1020, Address=0x0004
2013/07/22 18:42:51:822 [006864] TRACE [Prb.cpp, 1035] - ReadCC1020Packet(0x04):01 00 0C 72 84 00 02 00 04 C1 67 0D 
2013/07/22 18:42:51:833 [005720] TRACE [Prb.cpp, 943] - RadioBoardPacket(ACK):01 00 0C 95 06 72 00 01 35 7B E5 0D 
2013/07/22 18:42:51:834 [006864] DEBUG [Prb.cpp, 603] - Read CC1020 completed, Address=0x0004, Data=0x35
2013/07/22 18:42:51:835 [006864] TRACE [Prb.cpp, 584] - Reading CC1020, Address=0x0005
2013/07/22 18:42:51:835 [006864] TRACE [Prb.cpp, 1035] - ReadCC1020Packet(0x05):01 00 0C 73 84 00 02 00 05 B9 61 0D 
2013/07/22 18:42:51:849 [005720] TRACE [Prb.cpp, 835] - RxStream contents:01 00 0C 97 06 73 00 01 EF 1D 3A 0D 
2013/07/22 18:42:51:850 [005720] TRACE [Prb.cpp, 943] - RadioBoardPacket(ACK):01 00 0C 97 06 73 00 01 EF 1D 3A 0D 
2013/07/22 18:42:51:850 [006864] DEBUG [Prb.cpp, 603] - Read CC1020 completed, Address=0x0005, Data=0xEF
2013/07/22 18:42:51:851 [006864] TRACE [Prb.cpp, 584] - Reading CC1020, Address=0x0006
2013/07/22 18:42:51:851 [006864] TRACE [Prb.cpp, 1035] - ReadCC1020Packet(0x06):01 00 0C 74 84 00 02 00 06 D1 6D 0D 
2013/07/22 18:42:51:865 [005720] TRACE [Prb.cpp, 943] - RadioBoardPacket(ACK):01 00 0C 99 06 74 00 01 B3 20 FD 0D 
2013/07/22 18:42:51:865 [006864] DEBUG [Prb.cpp, 603] - Read CC1020 completed, Address=0x0006, Data=0xB3
2013/07/22 18:42:51:866 [006864] TRACE [Prb.cpp, 584] - Reading CC1020, Address=0x0008
2013/07/22 18:42:51:866 [006864] TRACE [Prb.cpp, 1035] - ReadCC1020Packet(0x08):01 00 0C 75 84 00 02 00 08 A9 49 0D 
2013/07/22 18:42:51:880 [005720] TRACE [Prb.cpp, 835] - RxStream contents:01 00 0C 9B 06 75 00 01 35 47 EA 0D 01 00 1F 9C 00 00 00 14 04 7F 7F 80 
2013/07/22 18:42:51:881 [005720] TRACE [Prb.cpp, 943] - RadioBoardPacket(ACK):01 00 0C 9B 06 75 00 01 35 47 EA 0D 
2013/07/22 18:42:51:881 [006864] DEBUG [Prb.cpp, 603] - Read CC1020 completed, Address=0x0008, Data=0x35
2013/07/22 18:42:51:882 [006864] TRACE [Prb.cpp, 584] - Reading CC1020, Address=0x0009
2013/07/22 18:42:51:883 [006864] TRACE [Prb.cpp, 1035] - ReadCC1020Packet(0x09):01 00 0C 76 84 00 02 00 09 A1 4C 0D 
2013/07/22 18:42:51:896 [005720] TRACE [Prb.cpp, 943] - RadioBoardPacket(ACK):01 00 0C 9D 06 76 00 01 FA E9 4D 0D 
2013/07/22 18:42:51:896 [006864] DEBUG [Prb.cpp, 603] - Read CC1020 completed, Address=0x0009, Data=0xFA
2013/07/22 18:42:51:897 [006864] TRACE [Prb.cpp, 584] - Reading CC1020, Address=0x000A
2013/07/22 18:42:51:897 [006864] TRACE [Prb.cpp, 1035] - ReadCC1020Packet(0x0A):01 00 0C 77 84 00 02 00 0A 59 45 0D 
2013/07/22 18:42:51:912 [005720] TRACE [Prb.cpp, 943] - RadioBoardPacket(ACK):01 00 0C 9F 06 77 00 01 5D 8E 9C 0D 
2013/07/22 18:42:51:912 [006864] DEBUG [Prb.cpp, 603] - Read CC1020 completed, Address=0x000A, Data=0x5D
2013/07/22 18:42:51:913 [006864] TRACE [Prb.cpp, 584] - Reading CC1020, Address=0x000F
2013/07/22 18:42:51:914 [006864] TRACE [Prb.cpp, 1035] - ReadCC1020Packet(0x0F):01 00 0C 78 84 00 02 00 0F 71 54 0D 
2013/07/22 18:42:51:927 [005720] TRACE [Prb.cpp, 943] - RadioBoardPacket(ACK):01 00 0C A1 06 78 00 01 DF 91 AF 0D 
2013/07/22 18:42:51:928 [006864] DEBUG [Prb.cpp, 603] - Read CC1020 completed, Address=0x000F, Data=0xDF
2013/07/22 18:42:51:928 [006864] TRACE [Prb.cpp, 584] - Reading CC1020, Address=0x0010
2013/07/22 18:42:51:929 [006864] TRACE [Prb.cpp, 1035] - ReadCC1020Packet(0x10):01 00 0C 79 84 00 02 00 10 09 16 0D 
2013/07/22 18:42:51:943 [005720] TRACE [Prb.cpp, 943] - RadioBoardPacket(ACK):01 00 0C A3 06 79 00 01 22 F7 A2 0D 
2013/07/22 18:42:51:943 [006864] DEBUG [Prb.cpp, 603] - Read CC1020 completed, Address=0x0010, Data=0x22
2013/07/22 18:42:51:944 [006864] TRACE [Prb.cpp, 584] - Reading CC1020, Address=0x0013
2013/07/22 18:42:51:945 [006864] TRACE [Prb.cpp, 1035] - ReadCC1020Packet(0x13):01 00 0C 7A 84 00 02 00 13 81 1C 0D 
2013/07/22 18:42:51:959 [005720] TRACE [Prb.cpp, 943] - RadioBoardPacket(ACK):01 00 0C A5 06 7A 00 01 2F DB 8A 0D 
2013/07/22 18:42:51:959 [006864] DEBUG [Prb.cpp, 603] - Read CC1020 completed, Address=0x0013, Data=0x2F
2013/07/22 18:42:51:960 [006864] TRACE [Prb.cpp, 584] - Reading CC1020, Address=0x0014
2013/07/22 18:42:51:961 [006864] TRACE [Prb.cpp, 1035] - ReadCC1020Packet(0x14):01 00 0C 7B 84 00 02 00 14 F9 0E 0D 
2013/07/22 18:42:51:974 [005720] TRACE [Prb.cpp, 835] - RxStream contents:01 00 0C A7 06 7B 00 01 2F 3F 8A 0D 01 00 1F A8 00 00 00 14 04 7F 
2013/07/22 18:42:51:975 [005720] TRACE [Prb.cpp, 943] - RadioBoardPacket(ACK):01 00 0C A7 06 7B 00 01 2F 3F 8A 0D 
2013/07/22 18:42:51:975 [006864] DEBUG [Prb.cpp, 603] - Read CC1020 completed, Address=0x0014, Data=0x2F
2013/07/22 18:42:51:976 [006864] TRACE [Prb.cpp, 584] - Reading CC1020, Address=0x0043
2013/07/22 18:42:51:977 [006864] TRACE [Prb.cpp, 1035] - ReadCC1020Packet(0x43):01 00 0C 7C 84 00 02 00 43 10 F9 0D 
2013/07/22 18:42:51:990 [005720] TRACE [Prb.cpp, 943] - RadioBoardPacket(ACK):01 00 0C A9 06 7C 00 01 00 83 64 0D 
2013/07/22 18:42:51:990 [006864] DEBUG [Prb.cpp, 603] - Read CC1020 completed, Address=0x0043, Data=0x00
2013/07/22 18:42:51:991 [006864] DEBUG [ComSysDiagnostics.cpp, 63] - CC1020 [Link complete] FREQ_2A: 0x35 FREQ_1A: 0xef FREQ_0A: 0xb3
2013/07/22 18:42:51:992 [006864] DEBUG [ComSysDiagnostics.cpp, 67] - CC1020 [Link complete] FREQ_2B: 0x35 FREQ_1B: 0xfa FREQ_0B: 0x5d
2013/07/22 18:42:51:992 [006864] DEBUG [ComSysDiagnostics.cpp, 72] - CC1020 [Link complete] AFC_CONTROL: 0xdf FILTER: 0x22 VGA3: 0x2f VGA4: 0x2f AFC: 0x00
2013/07/22 18:42:51:993 [006864] TRACE [Prb.cpp, 493] - Reading FPGA, Address=0x3018
2013/07/22 18:42:51:994 [006864] TRACE [Prb.cpp, 1035] - ReadFPGAPacket(0x3018):01 00 0C 7D 82 00 02 30 18 C8 33 0D 
2013/07/22 18:42:51:994 [005720] TRACE [Prb.cpp, 835] - RxStream contents:01 00 0C AB 06 7D 00 01 3F 67 E6 0D 
2013/07/22 18:42:51:995 [005720] TRACE [Prb.cpp, 943] - RadioBoardPacket(ACK):01 00 0C AB 06 7D 00 01 3F 67 E6 0D 
2013/07/22 18:42:51:995 [006864] DEBUG [Prb.cpp, 512] - Read FPGA completed, Address=0x3018, Data=0x3F
2013/07/22 18:42:51:996 [006864] TRACE [Prb.cpp, 493] - Reading FPGA, Address=0x301A
2013/07/22 18:42:51:997 [006864] TRACE [Prb.cpp, 1035] - ReadFPGAPacket(0x301A):01 00 0C 7E 82 00 02 30 1A C0 3C 0D 
2013/07/22 18:42:51:997 [005720] TRACE [Prb.cpp, 835] - RxStream contents:01 00 0C AC 06 7E 00 01 01 B3 67 0D 
2013/07/22 18:42:51:998 [005720] TRACE [Prb.cpp, 943] - RadioBoardPacket(ACK):01 00 0C AC 06 7E 00 01 01 B3 67 0D 
2013/07/22 18:42:51:998 [006864] DEBUG [Prb.cpp, 512] - Read FPGA completed, Address=0x301A, Data=0x01
2013/07/22 18:42:51:999 [006864] TRACE [Prb.cpp, 493] - Reading FPGA, Address=0x3070
2013/07/22 18:42:51:999 [006864] TRACE [Prb.cpp, 1035] - ReadFPGAPacket(0x3070):01 00 0C 7F 82 00 02 30 70 39 43 0D 
2013/07/22 18:42:51:999 [005720] TRACE [Prb.cpp, 835] - RxStream contents:01 00 0C AD 06 7F 00 01 00 5F 62 0D 
2013/07/22 18:42:52:000 [005720] TRACE [Prb.cpp, 943] - RadioBoardPacket(ACK):01 00 0C AD 06 7F 00 01 00 5F 62 0D 
2013/07/22 18:42:52:001 [006864] DEBUG [Prb.cpp, 512] - Read FPGA completed, Address=0x3070, Data=0x00
2013/07/22 18:42:52:001 [006864] DEBUG [ComSysDiagnostics.cpp, 31] - FPGA RSSI/AFC [Link complete] linkedRSSI:63 linkedAFC:1 AFC:0
2013/07/22 18:42:52:003 [006864] INFO [ComSysDiagnostics.cpp, 79] - Status Counters [Link complete] FrameErrorsInLastSecond:1 EcgErrorsInLastSecond:0 MarkerOrImplantIdErrorsInLastSecond:0 TotalFrameErrors:1 TotalEcgErrors:0 TotalMarkerOrImplantIdErrors:0 TotalSentCommands:0 TotalGoodResponses:0 TotalBadResponses:0 TotalResponseTimeouts:0
2013/07/22 18:42:52:004 [006864] TRACE [Prb.cpp, 493] - Reading FPGA, Address=0x301C
2013/07/22 18:42:52:004 [006864] TRACE [Prb.cpp, 1035] - ReadFPGAPacket(0x301C):01 00 0C 80 82 00 02 30 1C 10 DB 0D 
2013/07/22 18:42:52:004 [005720] TRACE [Prb.cpp, 835] - RxStream contents:01 00 0C AE 06 80 00 01 01 5B 4F 0D 
2013/07/22 18:42:52:005 [005720] TRACE [Prb.cpp, 943] - RadioBoardPacket(ACK):01 00 0C AE 06 80 00 01 01 5B 4F 0D 
2013/07/22 18:42:52:006 [006864] DEBUG [Prb.cpp, 512] - Read FPGA completed, Address=0x301C, Data=0x01
2013/07/22 18:42:52:006 [006864] DEBUG [ComSysDiagnostics.cpp, 89] - FPGA Frame Error Counter [Link complete]:1
2013/07/22 18:42:52:007 [006864] INFO [CrossTalkDetector.cpp, 68] - CrossTalkDetector state changing from LinkingState to LinkedState
2013/07/22 18:42:52:008 [006864] INFO [CommunicationSystemStates.cpp, 221] - Link complete.
2013/07/22 18:42:52:018 [006364] INFO 0x801C0094 [CommunicationSystemStateMachine.cpp, 237] - Command: 0x82. Retries: 3. Timeout: 78 ms.
2013/07/22 18:42:52:022 [006364] INFO 0x801C0094 [CommunicationSystemStateMachine.cpp, 252] - Send Command:82 04 F5 6C 17 08 
2013/07/22 18:42:52:022 [006364] TRACE 0x801C0094 [Prb.cpp, 493] - Reading FPGA, Address=0x3018
2013/07/22 18:42:52:023 [006364] TRACE 0x801C0094 [Prb.cpp, 1035] - ReadFPGAPacket(0x3018):01 00 0C 81 82 00 02 30 18 68 C3 0D 
2013/07/22 18:42:52:023 [005720] TRACE 0x801C0094 [Prb.cpp, 835] - RxStream contents:01 00 0C B1 06 81 00 01 40 66 D7 0D 
2013/07/22 18:42:52:024 [005720] TRACE 0x801C0094 [Prb.cpp, 943] - RadioBoardPacket(ACK):01 00 0C B1 06 81 00 01 40 66 D7 0D 
2013/07/22 18:42:52:025 [006364] DEBUG 0x801C0094 [Prb.cpp, 512] - Read FPGA completed, Address=0x3018, Data=0x40
2013/07/22 18:42:52:025 [006364] TRACE 0x801C0094 [Prb.cpp, 493] - Reading FPGA, Address=0x301A
2013/07/22 18:42:52:026 [006364] TRACE 0x801C0094 [Prb.cpp, 1035] - ReadFPGAPacket(0x301A):01 00 0C 82 82 00 02 30 1A 60 CC 0D 
2013/07/22 18:42:52:026 [005720] TRACE 0x801C0094 [Prb.cpp, 835] - RxStream contents:01 00 0C B2 06 82 00 01 00 53 54 0D 
2013/07/22 18:42:52:027 [005720] TRACE 0x801C0094 [Prb.cpp, 943] - RadioBoardPacket(ACK):01 00 0C B2 06 82 00 01 00 53 54 0D 
2013/07/22 18:42:52:028 [006364] DEBUG 0x801C0094 [Prb.cpp, 512] - Read FPGA completed, Address=0x301A, Data=0x00
2013/07/22 18:42:52:028 [006364] TRACE 0x801C0094 [Prb.cpp, 493] - Reading FPGA, Address=0x3070
2013/07/22 18:42:52:029 [006364] TRACE 0x801C0094 [Prb.cpp, 1035] - ReadFPGAPacket(0x3070):01 00 0C 83 82 00 02 30 70 99 B3 0D 
2013/07/22 18:42:52:029 [005720] TRACE 0x801C0094 [Prb.cpp, 835] - RxStream contents:01 00 0C B3 06 83 00 01 00 3F 54 0D 
2013/07/22 18:42:52:030 [005720] TRACE 0x801C0094 [Prb.cpp, 943] - RadioBoardPacket(ACK):01 00 0C B3 06 83 00 01 00 3F 54 0D 
2013/07/22 18:42:52:030 [006364] DEBUG 0x801C0094 [Prb.cpp, 512] - Read FPGA completed, Address=0x3070, Data=0x00
2013/07/22 18:42:52:031 [006364] DEBUG 0x801C0094 [ComSysDiagnostics.cpp, 31] - FPGA RSSI/AFC [Send Command] linkedRSSI:64 linkedAFC:0 AFC:0
2013/07/22 18:42:52:031 [006364] TRACE 0x801C0094 [Prb.cpp, 383] - Send Command, Command=0x82
2013/07/22 18:42:52:032 [006364] TRACE 0x801C0094 [Prb.cpp, 1035] - WriteTransmitterPacket():01 00 10 84 87 00 06 82 04 F5 6C 17 08 7B B9 0D 
2013/07/22 18:42:52:032 [005720] TRACE 0x801C0094 [Prb.cpp, 835] - RxStream contents:01 00 0B B4 06 84 00 00 8F 39 0D 
2013/07/22 18:42:52:033 [005720] TRACE 0x801C0094 [Prb.cpp, 943] - RadioBoardPacket(ACK):01 00 0B B4 06 84 00 00 8F 39 0D 
2013/07/22 18:42:52:034 [006364] DEBUG 0x801C0094 [Prb.cpp, 402] - Send Command completed, Command=0x82
2013/07/22 18:42:52:079 [006864] INFO 0x801C0094 [CommunicationSystemStateMachine.cpp, 773] - Command Completed:82 B0 E6 9C A3 FE FF 98 
2013/07/22 18:42:52:080 [006864] DEBUG 0x801C0094 [CommunicationSystemStateMachine.cpp, 330] - ... after 15 frames.
2013/07/22 18:42:52:093 [006364] INFO 0x801C0094 [CommunicationSystemStateMachine.cpp, 237] - Command: 0x60. Retries: 3. Timeout: 500 ms.
2013/07/22 18:42:52:094 [006364] INFO 0x801C0094 [CommunicationSystemStateMachine.cpp, 252] - Send Command:70 04 00 1E C0 
2013/07/22 18:42:52:094 [006364] TRACE 0x801C0094 [Prb.cpp, 493] - Reading FPGA, Address=0x3018
2013/07/22 18:42:52:095 [006364] TRACE 0x801C0094 [Prb.cpp, 1035] - ReadFPGAPacket(0x3018):01 00 0C 85 82 00 02 30 18 88 C5 0D 
2013/07/22 18:42:52:095 [005720] TRACE 0x801C0094 [Prb.cpp, 835] - RxStream contents:01 00 0C B9 06 85 00 01 3F 77 DC 0D 
2013/07/22 18:42:52:096 [005720] TRACE 0x801C0094 [Prb.cpp, 943] - RadioBoardPacket(ACK):01 00 0C B9 06 85 00 01 3F 77 DC 0D 
2013/07/22 18:42:52:096 [006364] DEBUG 0x801C0094 [Prb.cpp, 512] - Read FPGA completed, Address=0x3018, Data=0x3F
2013/07/22 18:42:52:097 [006364] TRACE 0x801C0094 [Prb.cpp, 493] - Reading FPGA, Address=0x301A
2013/07/22 18:42:52:098 [006364] TRACE 0x801C0094 [Prb.cpp, 1035] - ReadFPGAPacket(0x301A):01 00 0C 86 82 00 02 30 1A 80 CA 0D 
2013/07/22 18:42:52:098 [005720] TRACE 0x801C0094 [Prb.cpp, 835] - RxStream contents:01 00 0C BA 06 86 00 01 01 43 5B 0D 
2013/07/22 18:42:52:099 [005720] TRACE 0x801C0094 [Prb.cpp, 943] - RadioBoardPacket(ACK):01 00 0C BA 06 86 00 01 01 43 5B 0D 
2013/07/22 18:42:52:099 [006364] DEBUG 0x801C0094 [Prb.cpp, 512] - Read FPGA completed, Address=0x301A, Data=0x01
2013/07/22 18:42:52:100 [006364] TRACE 0x801C0094 [Prb.cpp, 493] - Reading FPGA, Address=0x3070
2013/07/22 18:42:52:101 [006364] TRACE 0x801C0094 [Prb.cpp, 1035] - ReadFPGAPacket(0x3070):01 00 0C 87 82 00 02 30 70 79 B5 0D 
2013/07/22 18:42:52:101 [005720] TRACE 0x801C0094 [Prb.cpp, 835] - RxStream contents:01 00 0C BC 06 87 00 01 00 C7 58 0D 
2013/07/22 18:42:52:102 [005720] TRACE 0x801C0094 [Prb.cpp, 943] - RadioBoardPacket(ACK):01 00 0C BC 06 87 00 01 00 C7 58 0D 
2013/07/22 18:42:52:102 [006364] DEBUG 0x801C0094 [Prb.cpp, 512] - Read FPGA completed, Address=0x3070, Data=0x00
2013/07/22 18:42:52:103 [006364] DEBUG 0x801C0094 [ComSysDiagnostics.cpp, 31] - FPGA RSSI/AFC [Send Command] linkedRSSI:63 linkedAFC:1 AFC:0
2013/07/22 18:42:52:103 [006364] TRACE 0x801C0094 [Prb.cpp, 383] - Send Command, Command=0x70
2013/07/22 18:42:52:104 [006364] TRACE 0x801C0094 [Prb.cpp, 1035] - WriteTransmitterPacket():01 00 0F 88 87 00 05 70 04 00 1E C0 48 ED 0D 
2013/07/22 18:42:52:104 [005720] TRACE 0x801C0094 [Prb.cpp, 835] - RxStream contents:01 00 0B BD 06 88 00 00 8C 71 0D 
2013/07/22 18:42:52:105 [005720] TRACE 0x801C0094 [Prb.cpp, 943] - RadioBoardPacket(ACK):01 00 0B BD 06 88 00 00 8C 71 0D 
2013/07/22 18:42:52:105 [006364] DEBUG 0x801C0094 [Prb.cpp, 402] - Send Command completed, Command=0x70
2013/07/22 18:42:52:116 [006864] INFO 0x801C0094 [CommunicationSystem.cpp, 360] - Marker:9D 00 40 80 7A 
2013/07/22 18:42:52:132 [006864] INFO 0x801C0094 [CommunicationSystemStateMachine.cpp, 773] - Command Completed:70 82 80 1C 00 94 3E 73 
2013/07/22 18:42:52:132 [006864] DEBUG 0x801C0094 [CommunicationSystemStateMachine.cpp, 330] - ... after 2 frames.
2013/07/22 18:42:52:228 [006864] INFO 0x801C0094 [CommunicationSystem.cpp, 318] - Frame implant id changed to 0x800c0094.
2013/07/22 18:42:52:228 [006864] TRACE 0x801C0094 [Prb.cpp, 493] - Reading FPGA, Address=0x3018
2013/07/22 18:42:52:229 [006864] TRACE 0x801C0094 [Prb.cpp, 1035] - ReadFPGAPacket(0x3018):01 00 0C 89 82 00 02 30 18 28 CA 0D 
2013/07/22 18:42:52:229 [005720] TRACE 0x801C0094 [Prb.cpp, 835] - RxStream contents:01 00 0C C6 06 89 00 01 3F 2F A7 0D 
2013/07/22 18:42:52:230 [005720] TRACE 0x801C0094 [Prb.cpp, 943] - RadioBoardPacket(ACK):01 00 0C C6 06 89 00 01 3F 2F A7 0D 
2013/07/22 18:42:52:231 [006864] DEBUG 0x801C0094 [Prb.cpp, 512] - Read FPGA completed, Address=0x3018, Data=0x3F
2013/07/22 18:42:52:231 [006864] TRACE 0x801C0094 [Prb.cpp, 493] - Reading FPGA, Address=0x301A
2013/07/22 18:42:52:232 [006864] TRACE 0x801C0094 [Prb.cpp, 1035] - ReadFPGAPacket(0x301A):01 00 0C 8A 82 00 02 30 1A 20 C5 0D 
2013/07/22 18:42:52:232 [005720] TRACE 0x801C0094 [Prb.cpp, 835] - RxStream contents:01 00 0C C7 06 8A 00 01 00 EB 26 0D 
2013/07/22 18:42:52:233 [005720] TRACE 0x801C0094 [Prb.cpp, 943] - RadioBoardPacket(ACK):01 00 0C C7 06 8A 00 01 00 EB 26 0D 
2013/07/22 18:42:52:233 [006864] DEBUG 0x801C0094 [Prb.cpp, 512] - Read FPGA completed, Address=0x301A, Data=0x00
2013/07/22 18:42:52:234 [006864] TRACE 0x801C0094 [Prb.cpp, 493] - Reading FPGA, Address=0x3070
2013/07/22 18:42:52:234 [006864] TRACE 0x801C0094 [Prb.cpp, 1035] - ReadFPGAPacket(0x3070):01 00 0C 8B 82 00 02 30 70 D9 BA 0D 
2013/07/22 18:42:52:234 [005720] TRACE 0x801C0094 [Prb.cpp, 835] - RxStream contents:01 00 0C C8 06 8B 00 01 00 57 2A 0D 
2013/07/22 18:42:52:235 [005720] TRACE 0x801C0094 [Prb.cpp, 943] - RadioBoardPacket(ACK):01 00 0C C8 06 8B 00 01 00 57 2A 0D 
2013/07/22 18:42:52:236 [006864] DEBUG 0x801C0094 [Prb.cpp, 512] - Read FPGA completed, Address=0x3070, Data=0x00
2013/07/22 18:42:52:236 [006864] DEBUG 0x801C0094 [ComSysDiagnostics.cpp, 31] - FPGA RSSI/AFC [Marker/ImplantID errors] linkedRSSI:63 linkedAFC:0 AFC:0
2013/07/22 18:42:52:242 [006864] INFO 0x801C0094 [CommunicationSystem.cpp, 318] - Frame implant id changed to 0x801c0094.
2013/07/22 18:42:52:977 [006864] INFO 0x801C0094 [CommunicationSystem.cpp, 360] - Marker:9D 00 40 EE 77 
2013/07/22 18:42:53:732 [006864] INFO 0x801C0094 [CommunicationSystem.cpp, 360] - Marker:87 00 40 50 BF 
2013/07/22 18:42:53:967 [006864] INFO 0x801C0094 [CommunicationSystem.cpp, 360] - Marker:9D 00 40 6E FE 
2013/07/22 18:42:54:542 [006864] INFO 0x801C0094 [CommunicationSystem.cpp, 360] - Marker:95 F0 80 B7 CE 
2013/07/22 18:42:54:578 [006864] INFO 0x801C0094 [CommunicationSystem.cpp, 360] - Marker:8C 80 F3 B7 F5 
2013/07/22 18:42:54:748 [006864] INFO 0x801C0094 [CommunicationSystem.cpp, 360] - Marker:95 F1 80 D2 99 
2013/07/22 18:42:54:778 [006864] INFO 0x801C0094 [CommunicationSystem.cpp, 360] - Marker:8C 80 F3 D2 C9 
2013/07/22 18:42:54:965 [006864] INFO 0x801C0094 [CommunicationSystem.cpp, 360] - Marker:9D 00 40 EE 77 
2013/07/22 18:42:55:265 [006864] INFO 0x801C0094 [CommunicationSystem.cpp, 360] - Marker:9A F2 80 14 AA 
2013/07/22 18:42:55:295 [006864] INFO 0x801C0094 [CommunicationSystem.cpp, 360] - Marker:8C 80 F3 14 95 
2013/07/22 18:42:55:970 [006864] INFO 0x801C0094 [CommunicationSystem.cpp, 360] - Marker:9D 00 40 6E FE 
2013/07/22 18:42:56:970 [006864] INFO 0x801C0094 [CommunicationSystem.cpp, 360] - Marker:9D 00 40 EE 77 
2013/07/22 18:42:57:270 [006864] INFO 0x801C0094 [CommunicationSystem.cpp, 360] - Marker:87 00 40 14 64 
2013/07/22 18:42:57:975 [006864] INFO 0x801C0094 [CommunicationSystem.cpp, 360] - Marker:9D 00 40 6E FE 
2013/07/22 18:42:58:474 [006364] INFO 0x801C0094 [CommunicationSystemStateMachine.cpp, 237] - Command: 0xe4. Retries: 3. Timeout: 500 ms.
2013/07/22 18:42:58:475 [006364] INFO 0x801C0094 [CommunicationSystemStateMachine.cpp, 252] - Send Command:E4 02 58 
2013/07/22 18:42:58:475 [006364] TRACE 0x801C0094 [Prb.cpp, 493] - Reading FPGA, Address=0x3018
2013/07/22 18:42:58:476 [006364] TRACE 0x801C0094 [Prb.cpp, 1035] - ReadFPGAPacket(0x3018):01 00 0C 8C 82 00 02 30 18 30 CF 0D 
2013/07/22 18:42:58:476 [005720] TRACE 0x801C0094 [Prb.cpp, 835] - RxStream contents:01 00 0C 58 06 8C 00 01 3F BB 32 0D 
2013/07/22 18:42:58:477 [005720] TRACE 0x801C0094 [Prb.cpp, 943] - RadioBoardPacket(ACK):01 00 0C 58 06 8C 00 01 3F BB 32 0D 
2013/07/22 18:42:58:477 [006364] DEBUG 0x801C0094 [Prb.cpp, 512] - Read FPGA completed, Address=0x3018, Data=0x3F
2013/07/22 18:42:58:478 [006364] TRACE 0x801C0094 [Prb.cpp, 493] - Reading FPGA, Address=0x301A
2013/07/22 18:42:58:479 [006364] TRACE 0x801C0094 [Prb.cpp, 1035] - ReadFPGAPacket(0x301A):01 00 0C 8D 82 00 02 30 1A 48 C3 0D 
2013/07/22 18:42:58:479 [005720] TRACE 0x801C0094 [Prb.cpp, 835] - RxStream contents:01 00 0C 59 06 8D 00 01 00 D7 B0 0D 
2013/07/22 18:42:58:480 [005720] TRACE 0x801C0094 [Prb.cpp, 943] - RadioBoardPacket(ACK):01 00 0C 59 06 8D 00 01 00 D7 B0 0D 
2013/07/22 18:42:58:480 [006364] DEBUG 0x801C0094 [Prb.cpp, 512] - Read FPGA completed, Address=0x301A, Data=0x00
2013/07/22 18:42:58:481 [006364] TRACE 0x801C0094 [Prb.cpp, 493] - Reading FPGA, Address=0x3070
2013/07/22 18:42:58:481 [006364] TRACE 0x801C0094 [Prb.cpp, 1035] - ReadFPGAPacket(0x3070):01 00 0C 8E 82 00 02 30 70 C1 BF 0D 
2013/07/22 18:42:58:481 [005720] TRACE 0x801C0094 [Prb.cpp, 835] - RxStream contents:01 00 0C 5A 06 8E 00 01 00 63 B0 0D 
2013/07/22 18:42:58:482 [005720] TRACE 0x801C0094 [Prb.cpp, 943] - RadioBoardPacket(ACK):01 00 0C 5A 06 8E 00 01 00 63 B0 0D 
2013/07/22 18:42:58:483 [006364] DEBUG 0x801C0094 [Prb.cpp, 512] - Read FPGA completed, Address=0x3070, Data=0x00
2013/07/22 18:42:58:483 [006364] DEBUG 0x801C0094 [ComSysDiagnostics.cpp, 31] - FPGA RSSI/AFC [Send Command] linkedRSSI:63 linkedAFC:0 AFC:0
2013/07/22 18:42:58:484 [006364] TRACE 0x801C0094 [Prb.cpp, 383] - Send Command, Command=0xe4
2013/07/22 18:42:58:485 [006364] TRACE 0x801C0094 [Prb.cpp, 1035] - WriteTransmitterPacket():01 00 0D 8F 87 00 03 E4 02 58 03 50 0D 
2013/07/22 18:42:58:485 [005720] TRACE 0x801C0094 [Prb.cpp, 835] - RxStream contents:01 00 0B 5B 06 8F 00 00 A0 0D 0D 
2013/07/22 18:42:58:486 [005720] TRACE 0x801C0094 [Prb.cpp, 943] - RadioBoardPacket(ACK):01 00 0B 5B 06 8F 00 00 A0 0D 0D 
2013/07/22 18:42:58:486 [006364] DEBUG 0x801C0094 [Prb.cpp, 402] - Send Command completed, Command=0xe4
2013/07/22 18:42:58:632 [006864] INFO 0x801C0094 [ComSysDiagnostics.cpp, 79] - Status Counters [Link lost] FrameErrorsInLastSecond:8 EcgErrorsInLastSecond:0 MarkerOrImplantIdErrorsInLastSecond:0 TotalFrameErrors:10 TotalEcgErrors:0 TotalMarkerOrImplantIdErrors:1 TotalSentCommands:3 TotalGoodResponses:2 TotalBadResponses:0 TotalResponseTimeouts:0
2013/07/22 18:42:58:633 [006864] TRACE 0x801C0094 [Prb.cpp, 493] - Reading FPGA, Address=0x301C
2013/07/22 18:42:58:633 [006864] TRACE 0x801C0094 [Prb.cpp, 1035] - ReadFPGAPacket(0x301C):01 00 0C 90 82 00 02 30 1C 90 C9 0D 
2013/07/22 18:42:58:633 [005720] TRACE 0x801C0094 [Prb.cpp, 835] - RxStream contents:01 00 0C 66 06 90 00 01 0B 5B B0 0D 
2013/07/22 18:42:58:635 [005720] TRACE 0x801C0094 [Prb.cpp, 943] - RadioBoardPacket(ACK):01 00 0C 66 06 90 00 01 0B 5B B0 0D 
2013/07/22 18:42:58:635 [006864] DEBUG 0x801C0094 [Prb.cpp, 512] - Read FPGA completed, Address=0x301C, Data=0x0B
2013/07/22 18:42:58:636 [006864] DEBUG 0x801C0094 [ComSysDiagnostics.cpp, 89] - FPGA Frame Error Counter [Link lost]:11
2013/07/22 18:42:58:636 [006864] INFO 0x801C0094 [CommunicationSystemStateMachine.cpp, 769] - Command Completed
2013/07/22 18:42:58:637 [006864] DEBUG 0x801C0094 [CommunicationSystemStateMachine.cpp, 330] - ... after 10 frames.
2013/07/22 18:42:58:638 [006864] TRACE 0x801C0094 [Prb.cpp, 448] - Writing FPGA, Address=0x1008, Data=0x08
2013/07/22 18:42:58:639 [006864] TRACE 0x801C0094 [Prb.cpp, 1035] - WriteFPGAPacket(0x1008, 0x08):01 00 0D 91 81 00 03 10 08 08 3D C6 0D 
2013/07/22 18:42:58:639 [005720] TRACE 0x801C0094 [Prb.cpp, 835] - RxStream contents:01 00 0B 67 06 91 00 00 AB 35 0D 
2013/07/22 18:42:58:640 [005720] TRACE 0x801C0094 [Prb.cpp, 943] - RadioBoardPacket(ACK):01 00 0B 67 06 91 00 00 AB 35 0D 
2013/07/22 18:42:58:640 [006864] DEBUG 0x801C0094 [Prb.cpp, 466] - Write FPGA completed, Address=0x1008, Data=0x08
2013/07/22 18:42:58:657 [006864] TRACE 0x801C0094 [Prb.cpp, 493] - Reading FPGA, Address=0x300A
2013/07/22 18:42:58:658 [006864] TRACE 0x801C0094 [Prb.cpp, 1035] - ReadFPGAPacket(0x300A):01 00 0C 92 82 00 02 30 0A 60 BD 0D 
2013/07/22 18:42:58:658 [005720] TRACE 0x801C0094 [Prb.cpp, 835] - RxStream contents:01 00 0C 68 06 92 00 01 00 A3 86 0D 
2013/07/22 18:42:58:659 [005720] TRACE 0x801C0094 [Prb.cpp, 943] - RadioBoardPacket(ACK):01 00 0C 68 06 92 00 01 00 A3 86 0D 
2013/07/22 18:42:58:659 [006864] DEBUG 0x801C0094 [Prb.cpp, 512] - Read FPGA completed, Address=0x300A, Data=0x00
2013/07/22 18:42:58:660 [006864] TRACE 0x801C0094 [Prb.cpp, 448] - Writing FPGA, Address=0x300A, Data=0x03
2013/07/22 18:42:58:661 [006864] TRACE 0x801C0094 [Prb.cpp, 1035] - WriteFPGAPacket(0x300A, 0x03):01 00 0D 93 81 00 03 30 0A 03 31 5C 0D 
2013/07/22 18:42:58:661 [005720] TRACE 0x801C0094 [Prb.cpp, 835] - RxStream contents:01 00 0B 69 06 93 00 00 A9 CD 0D 
2013/07/22 18:42:58:662 [005720] TRACE 0x801C0094 [Prb.cpp, 943] - RadioBoardPacket(ACK):01 00 0B 69 06 93 00 00 A9 CD 0D 
2013/07/22 18:42:58:662 [006864] DEBUG 0x801C0094 [Prb.cpp, 466] - Write FPGA completed, Address=0x300A, Data=0x03
2013/07/22 18:42:58:801 [006268] INFO [NCommunicationSystem.cpp, 747] - Disposing: 1
2013/07/22 18:42:58:804 [006268] INFO [CrossAppDomainEventMarshaller.cpp, 44] - Disposing: 1
2013/07/22 18:42:58:805 [006268] INFO [CrossAppDomainEventMarshaller.cpp, 155] - abortGetNextEvent called
2013/07/22 18:42:58:805 [006268] INFO [CrossAppDomainEventMarshaller.cpp, 48] - Waiting for CrossDomainEventTranslator::m_pHandleEventsThread to stop
2013/07/22 18:42:58:805 [005872] INFO [CrossAppDomainEventMarshaller.cpp, 80] - handleEventsThread exiting (thread aborted)
2013/07/22 18:42:58:807 [006268] INFO [CrossAppDomainEventMarshaller.cpp, 54] - CrossDomainEventTranslator::m_pHandleEventsThread stopped
2013/07/22 18:42:58:808 [006268] INFO [CrossAppDomainEventMarshaller.cpp, 110] - EventHandler dtor
2013/07/22 18:42:58:809 [006268] INFO [CrossAppDomainEventMarshaller.cpp, 60] - Disposed.
2013/07/22 18:42:58:810 [005720] DEBUG [Prb.cpp, 867] - Prb receive thread terminated.
2013/07/22 18:42:58:813 [006864] INFO [ExceptionCatchingThread.cpp, 170] - Exited the interrupt thread procedure with return value 0.
2013/07/22 18:42:58:912 [006364] INFO [ExceptionCatchingThread.cpp, 170] - Exited the dispatch thread procedure with return value 0.
2013/07/22 18:42:58:914 [006848] INFO [ExceptionCatchingThread.cpp, 170] - Exited the timer thread procedure with return value 0.
2013/07/22 18:42:59:015 [006268] INFO [NCommunicationSystem.cpp, 779] - Disposed.
<<<<< Log Footer: 07/22/2013 18:42:59 >>>>>
