2013/07/19 13:09:23:966  INFO:   Loaded Symbol File C:\ISV System\Config\FirmwareSymbols\build178.sym for firmware Build #178
2013/07/19 13:09:23:981  INFO:   CommunicationSystemLog properties: .\CommunicationSystem.logger.properties
2013/07/19 13:09:23:981  INFO:   CommunicationSystemLog log       : .\logs\systemBerScriptLog 2013.07.19 13.09.23_CommunicationSystem.Log
2013/07/19 13:09:27:743  INFO:   Setting the event sink for ScriptEngineProcedure
2013/07/19 13:09:27:743  INFO:   Program parameters checks are enabled
2013/07/19 13:09:27:747  INFO:   ********************************************************************************
2013/07/19 13:09:27:747  INFO:   Starting ScriptEngineProcedure, Assembly  version 
2013/07/19 13:09:27:752  INFO:   Config: ICD (NCommunicationSystem ver: nCommunicationSystem, Version=1.8.2.1, Culture=neutral, PublicKeyToken=56b5378c99c0bcfd; FTDI Driver ver: 2.08.24.0; PRB FPGA ver: 7)
2013/07/19 13:09:27:752  INFO:   Setting the radio board transmit power to level 0x7.
2013/07/19 13:09:27:756  INFO:   Radio board power level set to 7.
2013/07/19 13:09:27:756  INFO:   ECG Timeout Interval set to 10 seconds.
2013/07/19 13:09:27:757  STATE:  Changing state to ScriptExecStateMachine.WaitForNextCmdState, ID[1]
2013/07/19 13:09:27:757  INFO:   FwDvtSystem Started the event processing thread
2013/07/19 13:09:27:790  ACTION: Read PRB FPGA: Address=0x3000 Data=0x07
2013/07/19 13:09:27:794  RESULT: FPGA 0x3000 Expected: 18 Actual: 7
2013/07/19 13:09:27:796  RESULT: ERROR Expected: 18 Actual: 7
2013/07/19 13:09:27:797  ACTION: Calibrate CC1020
2013/07/19 13:09:27:889  INFO:   CC1020 calibration passed
2013/07/19 13:09:27:897  ACTION: Read C1020: Address 0x04 Data=0x35
2013/07/19 13:09:27:902  ACTION: Read C1020: Address 0x05 Data=0xF0
2013/07/19 13:09:27:905  ACTION: Read C1020: Address 0x06 Data=0x21
2013/07/19 13:09:27:909  ACTION: Read C1020: Address 0x07 Data=0x38
2013/07/19 13:09:27:912  ACTION: Read C1020: Address 0x08 Data=0x35
2013/07/19 13:09:27:916  ACTION: Read C1020: Address 0x09 Data=0xFA
2013/07/19 13:09:27:919  ACTION: Read C1020: Address 0x0A Data=0xCB
2013/07/19 13:09:27:923  ACTION: Read C1020: Address 0x0B Data=0x38
2013/07/19 13:09:27:926  ACTION: Read C1020: Address 0x1D Data=0x00
2013/07/19 13:09:27:930  ACTION: Read C1020: Address 0x45 Data=0x4C
2013/07/19 13:09:27:933  ACTION: Read C1020: Address 0x46 Data=0x66
2013/07/19 13:09:27:937  ACTION: Read C1020: Address 0x47 Data=0x44
2013/07/19 13:09:27:947  ACTION: Read PRB FPGA: Address=0x305E Data=0x00
2013/07/19 13:09:27:950  ACTION: Read PRB FPGA: Address=0x3060 Data=0x00
2013/07/19 13:09:27:953  ACTION: Read PRB FPGA: Address=0x3062 Data=0x00
2013/07/19 13:09:27:960  ACTION: Read PRB FPGA: Address=0x3066 Data=0x00
2013/07/19 13:09:27:963  ACTION: Read PRB FPGA: Address=0x3068 Data=0x00
2013/07/19 13:09:27:966  ACTION: Read PRB FPGA: Address=0x306A Data=0x00
2013/07/19 13:09:27:967  ACTION: Write PRB FPGA: Address=0x1026 Data=0x01
2013/07/19 13:09:27:974  INFO:   EXECUTING STATE: SMLibrary.Dvt.IcdCmd+ScanState Timeout: 00:00:30
2013/07/19 13:09:27:975  EVENT:  SCRIPT-EXEC:EXEC-STATE - TES.Dvt.ScriptExecStateMachine, ID[11]
2013/07/19 13:09:27:976  STATE:  Changing state to ScriptExecStateMachine.ExecState, ID[4]
2013/07/19 13:09:27:977  INFO:   Setting the radio board transmit power to level 0x7.
2013/07/19 13:09:27:980  INFO:   Radio board power level set to 7.
2013/07/19 13:09:27:981  ACTION: Setting radio board configuration for hybrid.
2013/07/19 13:09:27:981  ACTION: Set radio board to DIO inverting mode.
2013/07/19 13:09:27:981  ACTION: Write PRB FPGA: Address=0x3012 Data=0x01
2013/07/19 13:09:27:985  ACTION: PRB Set Link Data Rate: Slow
2013/07/19 13:09:27:988  ACTION: Read PRB FPGA: Address=0x1004 Data=0x00
2013/07/19 13:09:27:988  ACTION: Write PRB FPGA: Address=0x1004 Data=0x00
2013/07/19 13:09:27:990  ACTION: Scanning for devices, primary scan duration = 9 sec, secondary scan duration = 2 sec
2013/07/19 13:09:39:169  INFO:   Primary scan device IDs: 0x80201085 
2013/07/19 13:09:43:327  INFO:   Secondary scan device IDs: 0x801C0094 0x80201085 
2013/07/19 13:09:43:330  EVENT:  Device ID List, ID[17]
                                 DeviceID[0] : ID 0x80201085 (Model 0, Serial 4229, SW Version 8, Is Implanted)
                                 DeviceID[1] : ID 0x801C0094 (Model 0, Serial 148, SW Version 7, Is Implanted)
2013/07/19 13:09:43:331  STATE:  Changing state to ScriptExecStateMachine.WaitForNextCmdState, ID[1]
2013/07/19 13:09:43:331  INFO:   STATE EXITED: SMLibrary.Dvt.IcdCmd+ScanState
2013/07/19 13:09:43:368  INFO:   EXECUTING STATE: SMLibrary.Dvt.IcdCmd+ConnectState Timeout: 00:00:24
2013/07/19 13:09:43:368  EVENT:  SCRIPT-EXEC:EXEC-STATE - TES.Dvt.ScriptExecStateMachine, ID[11]
2013/07/19 13:09:43:368  STATE:  Changing state to ScriptExecStateMachine.ExecState, ID[4]
2013/07/19 13:09:43:368  ACTION: PRB Set Link Data Rate: Slow
2013/07/19 13:09:43:371  ACTION: Read PRB FPGA: Address=0x1004 Data=0x00
2013/07/19 13:09:43:371  ACTION: Write PRB FPGA: Address=0x1004 Data=0x00
2013/07/19 13:09:43:374  ACTION: Connecting to device ID 0x801C0094 (Model 0, Serial 148, SW Version 7, Is Implanted)
2013/07/19 13:09:45:913  INFO:   Registering the ICD session delegates
2013/07/19 13:09:45:913  EVENT:  Connect Succeeded, ID[19]
2013/07/19 13:09:45:913  INFO:   STATE EXITED: SMLibrary.Dvt.IcdCmd+ConnectState
2013/07/19 13:09:45:913  STATE:  Changing state to ScriptExecStateMachine.WaitForNextCmdState, ID[1]
2013/07/19 13:09:45:917  INFO:   EXECUTING STATE MACHINE: SMLibrary.ReadSM Timeout: 00:00:01.3120000
2013/07/19 13:09:45:917  EVENT:  SCRIPT-EXEC:EXEC-SM - TES.Dvt.ScriptExecStateMachine, ID[9]
2013/07/19 13:09:45:917  STATE:  Changing state to ScriptExecStateMachine.ExecStateMachineWithCustomExitEventsState, ID[2]
2013/07/19 13:09:45:919  STATE:  Changing state to ReadSM.ReadingState, ID[8]
2013/07/19 13:09:45:919  ACTION: READ_FROM_16_BIT_ADDR_WITH_CRC32, Address=SYS_ERRORS(0xF56C) Length=1
2013/07/19 13:09:45:991  EVENT:  Command Completed, ID[23], Command=0x82 (READ_FROM_16_BIT_ADDR_WITH_CRC32), CRC32=0xC0459352, Data=0x80
2013/07/19 13:09:45:992  EVENT:  Read Memory Complete, ID[24]
2013/07/19 13:09:45:992  STATE:  Changing state to ReadSM.IdleState, ID[6]
2013/07/19 13:09:45:992  STATE:  Changing state to ScriptExecStateMachine.WaitForNextCmdState, ID[1]
2013/07/19 13:09:45:993  INFO:   STATE MACHINE EXITED: SMLibrary.ReadSM
2013/07/19 13:09:45:994  INFO:   EXECUTING STATE MACHINE: SMLibrary.ReadSM Timeout: 00:00:01.3120000
2013/07/19 13:09:45:994  EVENT:  SCRIPT-EXEC:EXEC-SM - TES.Dvt.ScriptExecStateMachine, ID[9]
2013/07/19 13:09:45:994  STATE:  Changing state to ScriptExecStateMachine.ExecStateMachineWithCustomExitEventsState, ID[2]
2013/07/19 13:09:45:994  STATE:  Changing state to ReadSM.ReadingState, ID[9]
2013/07/19 13:09:45:994  ACTION: READ_FROM_16_BIT_ADDR_WITH_CRC32, Address=SYS_ERRORS(0xF56C) Length=1
2013/07/19 13:09:46:023  EVENT:  Marker (Device Summary), ID[28], Timestamp=0xF5[full:not set], Data[0]=0x00, Data[1]=0x40 DynamicShockPolarity=HVA_POSITIVE SystemErrorOccurred 
2013/07/19 13:09:46:056  EVENT:  Command Completed, ID[29], Command=0x82 (READ_FROM_16_BIT_ADDR_WITH_CRC32), time since last CMDCompleted: 66 ms, CRC32=0xC0459352, Data=0x80
2013/07/19 13:09:46:056  EVENT:  Read Memory Complete, ID[30]
2013/07/19 13:09:46:056  STATE:  Changing state to ReadSM.IdleState, ID[6]
2013/07/19 13:09:46:056  STATE:  Changing state to ScriptExecStateMachine.WaitForNextCmdState, ID[1]
2013/07/19 13:09:46:056  INFO:   STATE MACHINE EXITED: SMLibrary.ReadSM
2013/07/19 13:09:46:058  ACTION: Return Last Command
2013/07/19 13:09:46:072  ACTION: Return Last Command
2013/07/19 13:09:46:076  ACTION: Read PRB FPGA: Address=0x3001 Data=0x00
2013/07/19 13:09:46:082  INFO:   EXECUTING STATE: IronPython.NewTypes.System.Object#IScriptExecState_5$5 Timeout: 00:00:02
2013/07/19 13:09:46:082  EVENT:  SCRIPT-EXEC:EXEC-STATE - TES.Dvt.ScriptExecStateMachine, ID[11]
2013/07/19 13:09:46:082  STATE:  Changing state to ScriptExecStateMachine.ExecState, ID[4]
2013/07/19 13:09:46:083  ACTION: Break Link
2013/07/19 13:09:46:102  EVENT:  Command Completed, ID[32], Command=0x60 (Return Last Command), time since last CMDCompleted: 46 ms,
                                 0x00 : 92801C00 94   
2013/07/19 13:09:46:146  EVENT:  Command Completed, ID[33], Command=0x60 (Return Last Command), time since last CMDCompleted: 44 ms,
                                 0x00 : 92801C00 94   
2013/07/19 13:09:46:311  INFO:   Unregistering the ICD session delegates
2013/07/19 13:09:46:311  EVENT:  Command Completed, ID[34], Command=0xE4 (Break Link), time since last CMDCompleted: 165 ms
2013/07/19 13:09:46:471  EVENT:  Disconnected, ID[35], clean
2013/07/19 13:09:46:471  STATE:  Changing state to ScriptExecStateMachine.WaitForNextCmdState, ID[1]
2013/07/19 13:09:46:471  INFO:   STATE EXITED: IronPython.NewTypes.System.Object#IScriptExecState_5$5
2013/07/19 13:09:51:476  EVENT:  SCRIPT-EXEC:EXIT - TES.Dvt.ScriptExecStateMachine, ID[8]
2013/07/19 13:09:51:476  INFO:   Terminating ScriptEngineProcedure
2013/07/19 13:09:51:476  EVENT:  Terminate Dispatch, ID[36]
2013/07/19 13:09:51:476  EVENT:  TES.Dvt.ScriptExecStateMachine.DoneEvent, ID[6]
2013/07/19 13:09:51:476  STATE:  Changing state to ScriptExecStateMachine.IdleState, ID[6]
2013/07/19 13:09:51:485  INFO:   ScriptEngineProcedure Completed
2013/07/19 13:09:51:486  INFO:   Testcase Summary:
2013/07/19 13:09:51:486  RESULT: Test Procedure ScriptEngineProcedure (FAILED)
2013/07/19 13:09:51:486  INFO:   Procedure Runtime = 00:00:23
2013/07/19 13:09:51:493  INFO:   The event dispatch thread ScriptEngineProcedure exited.
