<<<<< Log Header: 07/17/2013 19:52:49 >>>>>
2013/07/17 19:52:49:722 [006576] INFO [NCommunicationSystem.cpp, 108] - nCommunicationSystem, Version=1.8.2.1, Culture=neutral, PublicKeyToken=56b5378c99c0bcfd
2013/07/17 19:52:49:738 [006576] INFO [ExceptionCatchingThread.cpp, 257] - Created the timer thread with id 6376 (0x18e8).
2013/07/17 19:52:49:740 [006376] INFO [ExceptionCatchingThread.cpp, 168] - Executing the timer thread procedure...
2013/07/17 19:52:49:744 [006576] INFO [ExceptionCatchingThread.cpp, 257] - Created the dispatch thread with id 6488 (0x1958).
2013/07/17 19:52:49:744 [006488] INFO [ExceptionCatchingThread.cpp, 168] - Executing the dispatch thread procedure...
2013/07/17 19:52:52:745 [006576] DEBUG [Prb.cpp, 252] - PRB logging started.
2013/07/17 19:52:52:754 [006576] DEBUG [Prb.cpp, 130] - Number of FTDI devices: 1
2013/07/17 19:52:52:754 [006576] DEBUG [Prb.cpp, 158] - FTDI Device[0]: ID=67330069
2013/07/17 19:52:52:758 [006576] DEBUG [Prb.cpp, 169] - FTDI handle=123288872
2013/07/17 19:52:52:758 [006576] INFO [Prb.cpp, 179] - FTDI Driver Version 2.08.24.0
2013/07/17 19:52:53:015 [006576] INFO [Prb.cpp, 205] - FTDI Configuration: MaxCurrent=200, CBus5=21, CBus6=0x4
2013/07/17 19:52:53:265 [006576] INFO [Prb.cpp, 246] - PRB driver initialized.
2013/07/17 19:52:53:265 [006576] TRACE [Prb.cpp, 448] - Writing FPGA, Address=0x1008, Data=0x08
2013/07/17 19:52:53:266 [006576] TRACE [Prb.cpp, 1035] - WriteFPGAPacket(0x1008, 0x08):01 00 0D 00 81 00 03 10 08 08 25 D5 0D 
2013/07/17 19:52:53:266 [005484] TRACE [Prb.cpp, 835] - RxStream contents:01 00 0B 04 06 00 00 00 31 EA 0D 
2013/07/17 19:52:53:267 [005484] TRACE [Prb.cpp, 943] - RadioBoardPacket(ACK):01 00 0B 04 06 00 00 00 31 EA 0D 
2013/07/17 19:52:53:268 [006576] DEBUG [Prb.cpp, 466] - Write FPGA completed, Address=0x1008, Data=0x08
2013/07/17 19:52:53:284 [006576] TRACE [Prb.cpp, 493] - Reading FPGA, Address=0x300A
2013/07/17 19:52:53:285 [006576] TRACE [Prb.cpp, 1035] - ReadFPGAPacket(0x300A):01 00 0C 01 82 00 02 30 0A E8 24 0D 
2013/07/17 19:52:53:285 [005484] TRACE [Prb.cpp, 835] - RxStream contents:01 00 0C 05 06 01 00 01 00 07 D5 0D 
2013/07/17 19:52:53:286 [005484] TRACE [Prb.cpp, 943] - RadioBoardPacket(ACK):01 00 0C 05 06 01 00 01 00 07 D5 0D 
2013/07/17 19:52:53:286 [006576] DEBUG [Prb.cpp, 512] - Read FPGA completed, Address=0x300A, Data=0x00
2013/07/17 19:52:53:287 [006576] TRACE [Prb.cpp, 448] - Writing FPGA, Address=0x300A, Data=0x03
2013/07/17 19:52:53:288 [006576] TRACE [Prb.cpp, 1035] - WriteFPGAPacket(0x300A, 0x03):01 00 0D 02 81 00 03 30 0A 03 29 4F 0D 
2013/07/17 19:52:53:288 [005484] TRACE [Prb.cpp, 835] - RxStream contents:01 00 0B 06 06 02 00 00 31 32 0D 
2013/07/17 19:52:53:289 [005484] TRACE [Prb.cpp, 943] - RadioBoardPacket(ACK):01 00 0B 06 06 02 00 00 31 32 0D 
2013/07/17 19:52:53:289 [006576] DEBUG [Prb.cpp, 466] - Write FPGA completed, Address=0x300A, Data=0x03
2013/07/17 19:52:53:302 [006576] INFO [CrossTalkDetector.cpp, 14] - EnterCrossTalkThreshold = 8
2013/07/17 19:52:53:303 [006576] INFO [CrossTalkDetector.cpp, 21] - LeaveCrossTalkThreshold = 4
2013/07/17 19:52:53:304 [006576] INFO [CrossTalkDetector.cpp, 28] - LinkThreshold = 8
2013/07/17 19:52:53:305 [006576] INFO [ExceptionCatchingThread.cpp, 257] - Created the interrupt thread with id 5672 (0x1628).
2013/07/17 19:52:53:306 [006576] DEBUG [Prb.cpp, 252] - PRB logging started.
2013/07/17 19:52:53:306 [005672] INFO [ExceptionCatchingThread.cpp, 168] - Executing the interrupt thread procedure...
2013/07/17 19:52:53:307 [006576] INFO [CommunicationSystem.cpp, 640] - Calibrating the PRB CC1020.
2013/07/17 19:52:53:308 [006576] TRACE [Prb.cpp, 448] - Writing FPGA, Address=0x1008, Data=0x01
2013/07/17 19:52:53:308 [006576] TRACE [Prb.cpp, 1035] - WriteFPGAPacket(0x1008, 0x01):01 00 0D 03 81 00 03 10 08 01 26 D3 0D 
2013/07/17 19:52:53:308 [005484] TRACE [Prb.cpp, 835] - RxStream contents:01 00 0B 07 06 03 00 00 31 5E 0D 
2013/07/17 19:52:53:309 [005484] TRACE [Prb.cpp, 943] - RadioBoardPacket(ACK):01 00 0B 07 06 03 00 00 31 5E 0D 
2013/07/17 19:52:53:310 [006576] DEBUG [Prb.cpp, 466] - Write FPGA completed, Address=0x1008, Data=0x01
2013/07/17 19:52:53:398 [005484] TRACE [Prb.cpp, 835] - RxStream contents:01 00 0D 08 00 00 00 02 09 00 EE 86 0D 
2013/07/17 19:52:53:401 [005672] DEBUG [CommunicationSystem.cpp, 1120] - Calibration complete.
2013/07/17 19:52:53:401 [006576] TRACE [Prb.cpp, 493] - Reading FPGA, Address=0x2012
2013/07/17 19:52:53:402 [006576] TRACE [Prb.cpp, 1035] - ReadFPGAPacket(0x2012):01 00 0C 04 82 00 02 20 12 10 72 0D 
2013/07/17 19:52:53:402 [005484] TRACE [Prb.cpp, 835] - RxStream contents:01 00 0C 09 06 04 00 01 00 E3 DA 0D 
2013/07/17 19:52:53:403 [005484] TRACE [Prb.cpp, 943] - RadioBoardPacket(ACK):01 00 0C 09 06 04 00 01 00 E3 DA 0D 
2013/07/17 19:52:53:404 [006576] DEBUG [Prb.cpp, 512] - Read FPGA completed, Address=0x2012, Data=0x00
2013/07/17 19:52:53:404 [006576] INFO [CommunicationSystem.cpp, 653] - CC1020 Calibration succeeded.
2013/07/17 19:52:53:405 [006576] TRACE [Prb.cpp, 448] - Writing FPGA, Address=0x1006, Data=0x08
2013/07/17 19:52:53:406 [006576] TRACE [Prb.cpp, 1035] - WriteFPGAPacket(0x1006, 0x08):01 00 0D 05 81 00 03 10 06 08 84 86 0D 
2013/07/17 19:52:53:406 [005484] TRACE [Prb.cpp, 835] - RxStream contents:01 00 0B 0A 06 05 00 00 B3 7D 0D 
2013/07/17 19:52:53:407 [005484] TRACE [Prb.cpp, 943] - RadioBoardPacket(ACK):01 00 0B 0A 06 05 00 00 B3 7D 0D 
2013/07/17 19:52:53:407 [006576] DEBUG [Prb.cpp, 466] - Write FPGA completed, Address=0x1006, Data=0x08
2013/07/17 19:52:53:408 [006576] TRACE [Prb.cpp, 493] - Reading FPGA, Address=0x3000
2013/07/17 19:52:53:409 [006576] TRACE [Prb.cpp, 1035] - ReadFPGAPacket(0x3000):01 00 0C 06 82 00 02 30 00 80 1E 0D 
2013/07/17 19:52:53:409 [005484] TRACE [Prb.cpp, 835] - RxStream contents:01 00 0C 0B 06 06 00 01 07 BB CB 0D 
2013/07/17 19:52:53:410 [005484] TRACE [Prb.cpp, 943] - RadioBoardPacket(ACK):01 00 0C 0B 06 06 00 01 07 BB CB 0D 
2013/07/17 19:52:53:410 [006576] DEBUG [Prb.cpp, 512] - Read FPGA completed, Address=0x3000, Data=0x07
2013/07/17 19:52:53:411 [006576] INFO [CommunicationSystem.cpp, 613] - FPGA Revision 7.
2013/07/17 19:52:53:411 [006576] TRACE [Prb.cpp, 584] - Reading CC1020, Address=0x0004
2013/07/17 19:52:53:412 [006576] TRACE [Prb.cpp, 1035] - ReadCC1020Packet(0x04):01 00 0C 07 84 00 02 00 04 59 16 0D 
2013/07/17 19:52:53:412 [005484] TRACE [Prb.cpp, 835] - RxStream contents:01 00 0C 0C 06 07 00 01 35 C7 61 0D 
2013/07/17 19:52:53:413 [005484] TRACE [Prb.cpp, 943] - RadioBoardPacket(ACK):01 00 0C 0C 06 07 00 01 35 C7 61 0D 
2013/07/17 19:52:53:414 [006576] DEBUG [Prb.cpp, 603] - Read CC1020 completed, Address=0x0004, Data=0x35
2013/07/17 19:52:53:414 [006576] INFO [CommunicationSystem.cpp, 614] - CC1020 Frequency 2A 0x35.
2013/07/17 19:52:53:415 [006576] TRACE [Prb.cpp, 584] - Reading CC1020, Address=0x0005
2013/07/17 19:52:53:415 [006576] TRACE [Prb.cpp, 1035] - ReadCC1020Packet(0x05):01 00 0C 08 84 00 02 00 05 F1 1C 0D 
2013/07/17 19:52:53:415 [005484] TRACE [Prb.cpp, 835] - RxStream contents:01 00 0C 0D 06 08 00 01 F0 F1 FC 0D 
2013/07/17 19:52:53:416 [005484] TRACE [Prb.cpp, 943] - RadioBoardPacket(ACK):01 00 0C 0D 06 08 00 01 F0 F1 FC 0D 
2013/07/17 19:52:53:417 [006576] DEBUG [Prb.cpp, 603] - Read CC1020 completed, Address=0x0005, Data=0xF0
2013/07/17 19:52:53:417 [006576] INFO [CommunicationSystem.cpp, 615] - CC1020 Frequency 1A 0xf0.
2013/07/17 19:52:53:417 [006576] TRACE [Prb.cpp, 584] - Reading CC1020, Address=0x0006
2013/07/17 19:52:53:418 [006576] TRACE [Prb.cpp, 1035] - ReadCC1020Packet(0x06):01 00 0C 09 84 00 02 00 06 09 15 0D 
2013/07/17 19:52:53:418 [005484] TRACE [Prb.cpp, 835] - RxStream contents:01 00 0C 0E 06 09 00 01 21 EF 19 0D 
2013/07/17 19:52:53:419 [005484] TRACE [Prb.cpp, 943] - RadioBoardPacket(ACK):01 00 0C 0E 06 09 00 01 21 EF 19 0D 
2013/07/17 19:52:53:420 [006576] DEBUG [Prb.cpp, 603] - Read CC1020 completed, Address=0x0006, Data=0x21
2013/07/17 19:52:53:420 [006576] INFO [CommunicationSystem.cpp, 616] - CC1020 Frequency 0A 0x21.
2013/07/17 19:52:53:420 [006576] TRACE [Prb.cpp, 584] - Reading CC1020, Address=0x0008
2013/07/17 19:52:53:421 [006576] TRACE [Prb.cpp, 1035] - ReadCC1020Packet(0x08):01 00 0C 0A 84 00 02 00 08 01 32 0D 
2013/07/17 19:52:53:421 [005484] TRACE [Prb.cpp, 835] - RxStream contents:01 00 0C 0F 06 0A 00 01 35 2B 62 0D 
2013/07/17 19:52:53:422 [005484] TRACE [Prb.cpp, 943] - RadioBoardPacket(ACK):01 00 0C 0F 06 0A 00 01 35 2B 62 0D 
2013/07/17 19:52:53:423 [006576] DEBUG [Prb.cpp, 603] - Read CC1020 completed, Address=0x0008, Data=0x35
2013/07/17 19:52:53:423 [006576] INFO [CommunicationSystem.cpp, 617] - CC1020 Frequency 2B 0x35.
2013/07/17 19:52:53:423 [006576] TRACE [Prb.cpp, 584] - Reading CC1020, Address=0x0009
2013/07/17 19:52:53:424 [006576] TRACE [Prb.cpp, 1035] - ReadCC1020Packet(0x09):01 00 0C 0B 84 00 02 00 09 79 34 0D 
2013/07/17 19:52:53:424 [005484] TRACE [Prb.cpp, 835] - RxStream contents:01 00 0C 10 06 0B 00 01 FA 15 DE 0D 
2013/07/17 19:52:53:425 [005484] TRACE [Prb.cpp, 943] - RadioBoardPacket(ACK):01 00 0C 10 06 0B 00 01 FA 15 DE 0D 
2013/07/17 19:52:53:426 [006576] DEBUG [Prb.cpp, 603] - Read CC1020 completed, Address=0x0009, Data=0xFA
2013/07/17 19:52:53:426 [006576] INFO [CommunicationSystem.cpp, 618] - CC1020 Frequency 1B 0xfa.
2013/07/17 19:52:53:426 [006576] TRACE [Prb.cpp, 584] - Reading CC1020, Address=0x000A
2013/07/17 19:52:53:427 [006576] TRACE [Prb.cpp, 1035] - ReadCC1020Packet(0x0A):01 00 0C 0C 84 00 02 00 0A 11 38 0D 
2013/07/17 19:52:53:427 [005484] TRACE [Prb.cpp, 835] - RxStream contents:01 00 0C 11 06 0C 00 01 CB 81 7B 0D 
2013/07/17 19:52:53:428 [005484] TRACE [Prb.cpp, 943] - RadioBoardPacket(ACK):01 00 0C 11 06 0C 00 01 CB 81 7B 0D 
2013/07/17 19:52:53:428 [006576] DEBUG [Prb.cpp, 603] - Read CC1020 completed, Address=0x000A, Data=0xCB
2013/07/17 19:52:53:429 [006576] INFO [CommunicationSystem.cpp, 619] - CC1020 Frequency 0B 0xcb.
2013/07/17 19:52:53:429 [006576] DEBUG [Prb.cpp, 650] - Read EEPROM completed, Address=0x060A, Data=0x00
2013/07/17 19:52:53:430 [006576] INFO [CommunicationSystem.cpp, 620] - RSSI Calibration Reference Center Channel 0.
2013/07/17 19:52:53:430 [006576] TRACE [Prb.cpp, 493] - Reading FPGA, Address=0x3054
2013/07/17 19:52:53:431 [006576] TRACE [Prb.cpp, 1035] - ReadFPGAPacket(0x3054):01 00 0C 0D 82 00 02 30 54 C9 EC 0D 
2013/07/17 19:52:53:431 [005484] TRACE [Prb.cpp, 835] - RxStream contents:01 00 0C 12 06 0D 00 01 07 9F D0 0D 
2013/07/17 19:52:53:432 [005484] TRACE [Prb.cpp, 943] - RadioBoardPacket(ACK):01 00 0C 12 06 0D 00 01 07 9F D0 0D 
2013/07/17 19:52:53:432 [006576] DEBUG [Prb.cpp, 512] - Read FPGA completed, Address=0x3054, Data=0x07
2013/07/17 19:52:53:433 [006576] INFO [CommunicationSystem.cpp, 621] - CC1020 PA_POWER 0x7.
2013/07/17 19:52:53:433 [006576] TRACE [Prb.cpp, 584] - Reading CC1020, Address=0x001C
2013/07/17 19:52:53:434 [006576] TRACE [Prb.cpp, 1035] - ReadCC1020Packet(0x1C):01 00 0C 0E 84 00 02 00 1C E1 4C 0D 
2013/07/17 19:52:53:434 [005484] TRACE [Prb.cpp, 835] - RxStream contents:01 00 0C 13 06 0E 00 01 07 5B D3 0D 
2013/07/17 19:52:53:435 [005484] TRACE [Prb.cpp, 943] - RadioBoardPacket(ACK):01 00 0C 13 06 0E 00 01 07 5B D3 0D 
2013/07/17 19:52:53:435 [006576] DEBUG [Prb.cpp, 603] - Read CC1020 completed, Address=0x001C, Data=0x07
2013/07/17 19:52:53:436 [006576] INFO [CommunicationSystem.cpp, 622] - CC1020 Transmit Power 0x7.
2013/07/17 19:52:53:437 [006576] TRACE [Prb.cpp, 493] - Reading FPGA, Address=0x3014
2013/07/17 19:52:53:437 [006576] TRACE [Prb.cpp, 1035] - ReadFPGAPacket(0x3014):01 00 0C 0F 82 00 02 30 14 38 6C 0D 
2013/07/17 19:52:53:437 [005484] TRACE [Prb.cpp, 835] - RxStream contents:01 00 0C 14 06 0F 00 01 00 27 C7 0D 
2013/07/17 19:52:53:438 [005484] TRACE [Prb.cpp, 943] - RadioBoardPacket(ACK):01 00 0C 14 06 0F 00 01 00 27 C7 0D 
2013/07/17 19:52:53:439 [006576] DEBUG [Prb.cpp, 512] - Read FPGA completed, Address=0x3014, Data=0x00
2013/07/17 19:52:53:439 [006576] INFO [CommunicationSystem.cpp, 623] - Low Noise Amplifier Circumvented 0.
2013/07/17 19:52:53:440 [006576] TRACE [Prb.cpp, 584] - Reading CC1020, Address=0x0001
2013/07/17 19:52:53:440 [006576] TRACE [Prb.cpp, 1035] - ReadCC1020Packet(0x01):01 00 0C 10 84 00 02 00 01 B1 1C 0D 
2013/07/17 19:52:53:440 [005484] TRACE [Prb.cpp, 835] - RxStream contents:01 00 0C 15 06 10 00 01 0F 53 E0 0D 
2013/07/17 19:52:53:441 [005484] TRACE [Prb.cpp, 943] - RadioBoardPacket(ACK):01 00 0C 15 06 10 00 01 0F 53 E0 0D 
2013/07/17 19:52:53:442 [006576] DEBUG [Prb.cpp, 603] - Read CC1020 completed, Address=0x0001, Data=0x0F
2013/07/17 19:52:53:442 [006576] INFO [CommunicationSystem.cpp, 624] - Low Noise Amplifier 0xf.
2013/07/17 19:52:53:443 [006576] TRACE [Prb.cpp, 493] - Reading FPGA, Address=0x1006
2013/07/17 19:52:53:443 [006576] TRACE [Prb.cpp, 1035] - ReadFPGAPacket(0x1006):01 00 0C 11 82 00 02 10 06 28 1D 0D 
2013/07/17 19:52:53:443 [005484] TRACE [Prb.cpp, 835] - RxStream contents:01 00 0C 16 06 11 00 01 08 CF F2 0D 
2013/07/17 19:52:53:444 [005484] TRACE [Prb.cpp, 943] - RadioBoardPacket(ACK):01 00 0C 16 06 11 00 01 08 CF F2 0D 
2013/07/17 19:52:53:445 [006576] DEBUG [Prb.cpp, 512] - Read FPGA completed, Address=0x1006, Data=0x08
2013/07/17 19:52:53:445 [006576] INFO [CommunicationSystem.cpp, 625] - Allowed Framing Errors 8.
2013/07/17 19:52:53:448 [006576] INFO [CrossTalkDetector.cpp, 28] - LinkThreshold = 8
2013/07/17 19:52:53:449 [006576] INFO [CrossTalkDetector.cpp, 14] - EnterCrossTalkThreshold = 8
2013/07/17 19:52:53:450 [006576] INFO [CrossTalkDetector.cpp, 21] - LeaveCrossTalkThreshold = 4
2013/07/17 19:52:53:459 [003960] TRACE [Prb.cpp, 493] - Reading FPGA, Address=0x3000
2013/07/17 19:52:53:460 [003960] TRACE [Prb.cpp, 1035] - ReadFPGAPacket(0x3000):01 00 0C 12 82 00 02 30 00 E0 0A 0D 
2013/07/17 19:52:53:460 [005484] TRACE [Prb.cpp, 835] - RxStream contents:01 00 0C 17 06 12 00 01 07 0B D3 0D 
2013/07/17 19:52:53:461 [005484] TRACE [Prb.cpp, 943] - RadioBoardPacket(ACK):01 00 0C 17 06 12 00 01 07 0B D3 0D 
2013/07/17 19:52:53:461 [003960] DEBUG [Prb.cpp, 512] - Read FPGA completed, Address=0x3000, Data=0x07
2013/07/17 19:52:53:462 [003960] TRACE [Prb.cpp, 539] - Writing CC1020, Address=0x001C, Data=0x07
2013/07/17 19:52:53:463 [003960] TRACE [Prb.cpp, 1035] - WriteCC1020Packet(0x1C, 0x07):01 00 0D 13 83 00 03 00 1C 07 3E 84 0D 
2013/07/17 19:52:53:463 [005484] TRACE [Prb.cpp, 835] - RxStream contents:01 00 0B 18 06 13 00 00 35 36 0D 
2013/07/17 19:52:53:464 [005484] TRACE [Prb.cpp, 943] - RadioBoardPacket(ACK):01 00 0B 18 06 13 00 00 35 36 0D 
2013/07/17 19:52:53:465 [003960] DEBUG [Prb.cpp, 557] - Write CC1020 completed, Address=0x001C, Data=0x07
2013/07/17 19:52:53:514 [006576] INFO [NCommunicationSystem.cpp, 747] - Disposing: 1
2013/07/17 19:52:53:517 [006576] INFO [CrossAppDomainEventMarshaller.cpp, 44] - Disposing: 1
2013/07/17 19:52:53:518 [006576] INFO [CrossAppDomainEventMarshaller.cpp, 155] - abortGetNextEvent called
2013/07/17 19:52:53:518 [006576] INFO [CrossAppDomainEventMarshaller.cpp, 48] - Waiting for CrossDomainEventTranslator::m_pHandleEventsThread to stop
2013/07/17 19:52:53:518 [006884] INFO [CrossAppDomainEventMarshaller.cpp, 80] - handleEventsThread exiting (thread aborted)
2013/07/17 19:52:53:520 [006576] INFO [CrossAppDomainEventMarshaller.cpp, 54] - CrossDomainEventTranslator::m_pHandleEventsThread stopped
2013/07/17 19:52:53:521 [006576] INFO [CrossAppDomainEventMarshaller.cpp, 110] - EventHandler dtor
2013/07/17 19:52:53:522 [006576] INFO [CrossAppDomainEventMarshaller.cpp, 60] - Disposed.
2013/07/17 19:52:53:522 [005484] DEBUG [Prb.cpp, 867] - Prb receive thread terminated.
2013/07/17 19:52:53:526 [005672] INFO [ExceptionCatchingThread.cpp, 170] - Exited the interrupt thread procedure with return value 0.
2013/07/17 19:52:53:625 [006488] INFO [ExceptionCatchingThread.cpp, 170] - Exited the dispatch thread procedure with return value 0.
2013/07/17 19:52:53:627 [006376] INFO [ExceptionCatchingThread.cpp, 170] - Exited the timer thread procedure with return value 0.
2013/07/17 19:52:53:729 [006576] INFO [NCommunicationSystem.cpp, 779] - Disposed.
<<<<< Log Footer: 07/17/2013 19:52:53 >>>>>
