2013/07/31 20:18:08:564  INFO:   Loaded Symbol File C:\ISV System\Config\FirmwareSymbols\build178.sym for firmware Build #178
2013/07/31 20:18:08:579  INFO:   CommunicationSystemLog properties: .\CommunicationSystem.logger.properties
2013/07/31 20:18:08:579  INFO:   CommunicationSystemLog log       : .\logs\systemBerScriptLog 2013.07.31 20.18.08_CommunicationSystem.Log
2013/07/31 20:18:12:335  INFO:   Setting the event sink for ScriptEngineProcedure
2013/07/31 20:18:12:335  INFO:   Program parameters checks are enabled
2013/07/31 20:18:12:339  INFO:   ********************************************************************************
2013/07/31 20:18:12:339  INFO:   Starting ScriptEngineProcedure, Assembly  version 
2013/07/31 20:18:12:344  INFO:   Config: ICD (NCommunicationSystem ver: nCommunicationSystem, Version=1.8.2.1, Culture=neutral, PublicKeyToken=56b5378c99c0bcfd; FTDI Driver ver: 2.08.24.0; PRB FPGA ver: 7)
2013/07/31 20:18:12:344  INFO:   Setting the radio board transmit power to level 0x7.
2013/07/31 20:18:12:347  INFO:   Radio board power level set to 7.
2013/07/31 20:18:12:348  INFO:   ECG Timeout Interval set to 10 seconds.
2013/07/31 20:18:12:349  STATE:  Changing state to ScriptExecStateMachine.WaitForNextCmdState, ID[1]
2013/07/31 20:18:12:349  INFO:   FwDvtSystem Started the event processing thread
2013/07/31 20:18:12:383  ACTION: Read PRB FPGA: Address=0x3000 Data=0x07
2013/07/31 20:18:12:387  RESULT: FPGA 0x3000 Expected: 18 Actual: 7
2013/07/31 20:18:12:390  RESULT: ERROR Expected: 18 Actual: 7
2013/07/31 20:18:12:391  ACTION: Calibrate CC1020
2013/07/31 20:18:12:484  INFO:   CC1020 calibration passed
2013/07/31 20:18:12:492  ACTION: Read C1020: Address 0x04 Data=0x35
2013/07/31 20:18:12:496  ACTION: Read C1020: Address 0x05 Data=0xF0
2013/07/31 20:18:12:500  ACTION: Read C1020: Address 0x06 Data=0x21
2013/07/31 20:18:12:503  ACTION: Read C1020: Address 0x07 Data=0x38
2013/07/31 20:18:12:507  ACTION: Read C1020: Address 0x08 Data=0x35
2013/07/31 20:18:12:510  ACTION: Read C1020: Address 0x09 Data=0xFA
2013/07/31 20:18:12:514  ACTION: Read C1020: Address 0x0A Data=0xCB
2013/07/31 20:18:12:517  ACTION: Read C1020: Address 0x0B Data=0x38
2013/07/31 20:18:12:521  ACTION: Read C1020: Address 0x1D Data=0x00
2013/07/31 20:18:12:525  ACTION: Read C1020: Address 0x45 Data=0x4C
2013/07/31 20:18:12:528  ACTION: Read C1020: Address 0x46 Data=0x66
2013/07/31 20:18:12:532  ACTION: Read C1020: Address 0x47 Data=0x44
2013/07/31 20:18:12:545  ACTION: Read PRB FPGA: Address=0x305E Data=0x00
2013/07/31 20:18:12:548  ACTION: Read PRB FPGA: Address=0x3060 Data=0x00
2013/07/31 20:18:12:551  ACTION: Read PRB FPGA: Address=0x3062 Data=0x00
2013/07/31 20:18:12:558  ACTION: Read PRB FPGA: Address=0x3066 Data=0x00
2013/07/31 20:18:12:561  ACTION: Read PRB FPGA: Address=0x3068 Data=0x00
2013/07/31 20:18:12:564  ACTION: Read PRB FPGA: Address=0x306A Data=0x00
2013/07/31 20:18:12:565  ACTION: Write PRB FPGA: Address=0x1026 Data=0x00
2013/07/31 20:18:12:572  INFO:   EXECUTING STATE: SMLibrary.Dvt.IcdCmd+ScanState Timeout: 00:00:30
2013/07/31 20:18:12:573  EVENT:  SCRIPT-EXEC:EXEC-STATE - TES.Dvt.ScriptExecStateMachine, ID[11]
2013/07/31 20:18:12:574  STATE:  Changing state to ScriptExecStateMachine.ExecState, ID[4]
2013/07/31 20:18:12:575  INFO:   Setting the radio board transmit power to level 0x7.
2013/07/31 20:18:12:578  INFO:   Radio board power level set to 7.
2013/07/31 20:18:12:579  ACTION: Setting radio board configuration for hybrid.
2013/07/31 20:18:12:579  ACTION: Set radio board to DIO inverting mode.
2013/07/31 20:18:12:579  ACTION: Write PRB FPGA: Address=0x3012 Data=0x01
2013/07/31 20:18:12:582  ACTION: PRB Set Link Data Rate: Slow
2013/07/31 20:18:12:585  ACTION: Read PRB FPGA: Address=0x1004 Data=0x00
2013/07/31 20:18:12:585  ACTION: Write PRB FPGA: Address=0x1004 Data=0x00
2013/07/31 20:18:12:588  ACTION: Scanning for devices, primary scan duration = 9 sec, secondary scan duration = 2 sec
2013/07/31 20:18:23:762  INFO:   Primary scan device IDs: 0x801C0094 
2013/07/31 20:18:27:916  INFO:   Secondary scan device IDs: 0x801C0094 0x801C9999 
2013/07/31 20:18:27:919  EVENT:  Device ID List, ID[17]
                                 DeviceID[0] : ID 0x801C9999 (Model 0, Serial 39321, SW Version 7, Is Implanted)
                                 DeviceID[1] : ID 0x801C0094 (Model 0, Serial 148, SW Version 7, Is Implanted)
2013/07/31 20:18:27:919  STATE:  Changing state to ScriptExecStateMachine.WaitForNextCmdState, ID[1]
2013/07/31 20:18:27:919  INFO:   STATE EXITED: SMLibrary.Dvt.IcdCmd+ScanState
2013/07/31 20:18:27:937  INFO:   EXECUTING STATE: SMLibrary.Dvt.IcdCmd+ConnectState Timeout: 00:00:24
2013/07/31 20:18:27:937  EVENT:  SCRIPT-EXEC:EXEC-STATE - TES.Dvt.ScriptExecStateMachine, ID[11]
2013/07/31 20:18:27:937  STATE:  Changing state to ScriptExecStateMachine.ExecState, ID[4]
2013/07/31 20:18:27:937  ACTION: PRB Set Link Data Rate: Slow
2013/07/31 20:18:27:940  ACTION: Read PRB FPGA: Address=0x1004 Data=0x00
2013/07/31 20:18:27:940  ACTION: Write PRB FPGA: Address=0x1004 Data=0x00
2013/07/31 20:18:27:943  ACTION: Connecting to device ID 0x801C0094 (Model 0, Serial 148, SW Version 7, Is Implanted)
2013/07/31 20:18:31:249  INFO:   Registering the ICD session delegates
2013/07/31 20:18:31:250  EVENT:  Connect Succeeded, ID[19]
2013/07/31 20:18:31:250  STATE:  Changing state to ScriptExecStateMachine.WaitForNextCmdState, ID[1]
2013/07/31 20:18:31:250  INFO:   STATE EXITED: SMLibrary.Dvt.IcdCmd+ConnectState
2013/07/31 20:18:31:257  INFO:   EXECUTING STATE MACHINE: SMLibrary.ReadSM Timeout: 00:00:01.3120000
2013/07/31 20:18:31:257  EVENT:  SCRIPT-EXEC:EXEC-SM - TES.Dvt.ScriptExecStateMachine, ID[9]
2013/07/31 20:18:31:257  STATE:  Changing state to ScriptExecStateMachine.ExecStateMachineWithCustomExitEventsState, ID[2]
2013/07/31 20:18:31:258  STATE:  Changing state to ReadSM.ReadingState, ID[8]
2013/07/31 20:18:31:259  ACTION: READ_FROM_16_BIT_ADDR_WITH_CRC32, Address=SYS_ERRORS(0xF56C) Length=1
2013/07/31 20:18:31:341  EVENT:  Command Completed, ID[23], Command=0x82 (READ_FROM_16_BIT_ADDR_WITH_CRC32), CRC32=0xE69CA3FE, Data=0xB0
2013/07/31 20:18:31:343  EVENT:  Read Memory Complete, ID[24]
2013/07/31 20:18:31:343  STATE:  Changing state to ReadSM.IdleState, ID[6]
2013/07/31 20:18:31:343  STATE:  Changing state to ScriptExecStateMachine.WaitForNextCmdState, ID[1]
2013/07/31 20:18:31:343  INFO:   STATE MACHINE EXITED: SMLibrary.ReadSM
2013/07/31 20:18:31:348  INFO:   EXECUTING STATE: IronPython.NewTypes.System.Object#IScriptExecState_5$5 Timeout: 00:00:02
2013/07/31 20:18:31:348  EVENT:  SCRIPT-EXEC:EXEC-STATE - TES.Dvt.ScriptExecStateMachine, ID[11]
2013/07/31 20:18:31:348  STATE:  Changing state to ScriptExecStateMachine.ExecState, ID[4]
2013/07/31 20:18:31:349  ACTION: Return Last Command
2013/07/31 20:18:31:379  EVENT:  Marker (Device Summary), ID[26], Timestamp=0x75[full:not set], Data[0]=0x00, Data[1]=0x40 DynamicShockPolarity=HVA_POSITIVE SystemErrorOccurred 
2013/07/31 20:18:31:391  EVENT:  Command Completed, ID[27], Command=0x60 (Return Last Command), time since last CMDCompleted: 51 ms,
                                 0x00 : 82801C00 94   
2013/07/31 20:18:31:398  STATE:  Changing state to ScriptExecStateMachine.WaitForNextCmdState, ID[1]
2013/07/31 20:18:31:398  INFO:   STATE EXITED: IronPython.NewTypes.System.Object#IScriptExecState_5$5
2013/07/31 20:18:31:400  INFO:   EXECUTING STATE: IronPython.NewTypes.System.Object#IScriptExecState_5$5 Timeout: 00:00:02
2013/07/31 20:18:31:400  EVENT:  SCRIPT-EXEC:EXEC-STATE - TES.Dvt.ScriptExecStateMachine, ID[11]
2013/07/31 20:18:31:400  STATE:  Changing state to ScriptExecStateMachine.ExecState, ID[4]
2013/07/31 20:18:31:400  ACTION: Return Last Command
2013/07/31 20:18:31:439  EVENT:  Command Completed, ID[29], Command=0x60 (Return Last Command), time since last CMDCompleted: 48 ms,
                                 0x00 : 82801C00 94   
2013/07/31 20:18:31:442  STATE:  Changing state to ScriptExecStateMachine.WaitForNextCmdState, ID[1]
2013/07/31 20:18:31:442  INFO:   STATE EXITED: IronPython.NewTypes.System.Object#IScriptExecState_5$5
2013/07/31 20:18:31:450  INFO:   EXECUTING STATE MACHINE: SMLibrary.ReadSM Timeout: 00:00:01.3120000
2013/07/31 20:18:31:450  EVENT:  SCRIPT-EXEC:EXEC-SM - TES.Dvt.ScriptExecStateMachine, ID[9]
2013/07/31 20:18:31:450  STATE:  Changing state to ScriptExecStateMachine.ExecStateMachineWithCustomExitEventsState, ID[2]
2013/07/31 20:18:31:450  STATE:  Changing state to ReadSM.ReadingState, ID[9]
2013/07/31 20:18:31:450  ACTION: READ_FROM_16_BIT_ADDR_WITH_CRC32, Address=SYS_ERRORS(0xF56C) Length=1
2013/07/31 20:18:31:498  EVENT:  Command Completed, ID[33], Command=0x82 (READ_FROM_16_BIT_ADDR_WITH_CRC32), time since last CMDCompleted: 59 ms, CRC32=0xE69CA3FE, Data=0xB0
2013/07/31 20:18:31:498  EVENT:  Read Memory Complete, ID[34]
2013/07/31 20:18:31:498  STATE:  Changing state to ReadSM.IdleState, ID[6]
2013/07/31 20:18:31:498  STATE:  Changing state to ScriptExecStateMachine.WaitForNextCmdState, ID[1]
2013/07/31 20:18:31:498  INFO:   STATE MACHINE EXITED: SMLibrary.ReadSM
2013/07/31 20:18:31:499  INFO:   EXECUTING STATE: IronPython.NewTypes.System.Object#IScriptExecState_5$5 Timeout: 00:00:02
2013/07/31 20:18:31:499  EVENT:  SCRIPT-EXEC:EXEC-STATE - TES.Dvt.ScriptExecStateMachine, ID[11]
2013/07/31 20:18:31:499  STATE:  Changing state to ScriptExecStateMachine.ExecState, ID[4]
2013/07/31 20:18:31:499  ACTION: Return Last Command
2013/07/31 20:18:31:530  EVENT:  Command Completed, ID[36], Command=0x60 (Return Last Command), time since last CMDCompleted: 31 ms,
                                 0x00 : 92801C00 94   
2013/07/31 20:18:31:533  STATE:  Changing state to ScriptExecStateMachine.WaitForNextCmdState, ID[1]
2013/07/31 20:18:31:533  INFO:   STATE EXITED: IronPython.NewTypes.System.Object#IScriptExecState_5$5
2013/07/31 20:18:31:536  INFO:   EXECUTING STATE MACHINE: SMLibrary.ReadSM Timeout: 00:00:01.3120000
2013/07/31 20:18:31:536  EVENT:  SCRIPT-EXEC:EXEC-SM - TES.Dvt.ScriptExecStateMachine, ID[9]
2013/07/31 20:18:31:536  STATE:  Changing state to ScriptExecStateMachine.ExecStateMachineWithCustomExitEventsState, ID[2]
2013/07/31 20:18:31:536  STATE:  Changing state to ReadSM.ReadingState, ID[10]
2013/07/31 20:18:31:536  ACTION: READ_FROM_16_BIT_ADDR_WITH_CRC32, Address=SYS_ERRORS(0xF56C) Length=1
2013/07/31 20:18:31:594  EVENT:  Command Completed, ID[40], Command=0x82 (READ_FROM_16_BIT_ADDR_WITH_CRC32), time since last CMDCompleted: 64 ms, CRC32=0xE69CA3FE, Data=0xB0
2013/07/31 20:18:31:594  EVENT:  Read Memory Complete, ID[41]
2013/07/31 20:18:31:594  STATE:  Changing state to ReadSM.IdleState, ID[6]
2013/07/31 20:18:31:594  STATE:  Changing state to ScriptExecStateMachine.WaitForNextCmdState, ID[1]
2013/07/31 20:18:31:594  INFO:   STATE MACHINE EXITED: SMLibrary.ReadSM
2013/07/31 20:18:31:594  INFO:   EXECUTING STATE: IronPython.NewTypes.System.Object#IScriptExecState_5$5 Timeout: 00:00:02
2013/07/31 20:18:31:594  EVENT:  SCRIPT-EXEC:EXEC-STATE - TES.Dvt.ScriptExecStateMachine, ID[11]
2013/07/31 20:18:31:594  STATE:  Changing state to ScriptExecStateMachine.ExecState, ID[4]
2013/07/31 20:18:31:594  ACTION: Return Last Command
2013/07/31 20:18:31:625  EVENT:  Command Completed, ID[43], Command=0x60 (Return Last Command), time since last CMDCompleted: 31 ms,
                                 0x00 : 92801C00 94   
2013/07/31 20:18:31:629  STATE:  Changing state to ScriptExecStateMachine.WaitForNextCmdState, ID[1]
2013/07/31 20:18:31:629  INFO:   STATE EXITED: IronPython.NewTypes.System.Object#IScriptExecState_5$5
2013/07/31 20:18:31:636  INFO:   EXECUTING STATE MACHINE: SMLibrary.ReadSM Timeout: 00:00:01.3120000
2013/07/31 20:18:31:636  EVENT:  SCRIPT-EXEC:EXEC-SM - TES.Dvt.ScriptExecStateMachine, ID[9]
2013/07/31 20:18:31:636  STATE:  Changing state to ScriptExecStateMachine.ExecStateMachineWithCustomExitEventsState, ID[2]
2013/07/31 20:18:31:636  STATE:  Changing state to ReadSM.ReadingState, ID[11]
2013/07/31 20:18:31:636  ACTION: READ_FROM_16_BIT_ADDR_WITH_CRC32, Address=SYS_ERRORS(0xF56C) Length=1
2013/07/31 20:18:31:690  EVENT:  Command Completed, ID[47], Command=0x82 (READ_FROM_16_BIT_ADDR_WITH_CRC32), time since last CMDCompleted: 65 ms, CRC32=0xE69CA3FE, Data=0xB0
2013/07/31 20:18:31:690  EVENT:  Read Memory Complete, ID[48]
2013/07/31 20:18:31:690  STATE:  Changing state to ReadSM.IdleState, ID[6]
2013/07/31 20:18:31:690  STATE:  Changing state to ScriptExecStateMachine.WaitForNextCmdState, ID[1]
2013/07/31 20:18:31:690  INFO:   STATE MACHINE EXITED: SMLibrary.ReadSM
2013/07/31 20:18:31:691  INFO:   EXECUTING STATE: IronPython.NewTypes.System.Object#IScriptExecState_5$5 Timeout: 00:00:02
2013/07/31 20:18:31:691  EVENT:  SCRIPT-EXEC:EXEC-STATE - TES.Dvt.ScriptExecStateMachine, ID[11]
2013/07/31 20:18:31:691  STATE:  Changing state to ScriptExecStateMachine.ExecState, ID[4]
2013/07/31 20:18:31:691  ACTION: Return Last Command
2013/07/31 20:18:31:736  EVENT:  Command Completed, ID[50], Command=0x60 (Return Last Command), time since last CMDCompleted: 46 ms,
                                 0x00 : 92801C00 94   
2013/07/31 20:18:31:740  STATE:  Changing state to ScriptExecStateMachine.WaitForNextCmdState, ID[1]
2013/07/31 20:18:31:740  INFO:   STATE EXITED: IronPython.NewTypes.System.Object#IScriptExecState_5$5
2013/07/31 20:18:31:749  INFO:   EXECUTING STATE MACHINE: SMLibrary.WriteSM Timeout: 00:00:01.4360000
2013/07/31 20:18:31:749  EVENT:  SCRIPT-EXEC:EXEC-DVT-SM - TES.Dvt.ScriptExecStateMachine, ID[10]
2013/07/31 20:18:31:749  STATE:  Changing state to ScriptExecStateMachine.ExecStateMachineState, ID[3]
2013/07/31 20:18:31:749  STATE:  Changing state to WriteSM.WritingState, ID[12]
2013/07/31 20:18:31:751  ACTION: Write RAM, Address=(0x00F1C0), Length=1, Data=0x07
2013/07/31 20:18:31:812  EVENT:  Command Completed, ID[54], Command=0x81 (Write to 16-bit Address), time since last CMDCompleted: 76 ms
2013/07/31 20:18:31:813  EVENT:  SMLibrary.WriteSM.DoneEvent, ID[51]
2013/07/31 20:18:31:813  STATE:  Changing state to WriteSM.IdleState, ID[6]
2013/07/31 20:18:31:813  STATE:  Changing state to ScriptExecStateMachine.WaitForNextCmdState, ID[1]
2013/07/31 20:18:31:813  INFO:   STATE MACHINE EXITED: SMLibrary.WriteSM
2013/07/31 20:18:31:813  INFO:   EXECUTING STATE: IronPython.NewTypes.System.Object#IScriptExecState_5$5 Timeout: 00:00:02
2013/07/31 20:18:31:813  EVENT:  SCRIPT-EXEC:EXEC-STATE - TES.Dvt.ScriptExecStateMachine, ID[11]
2013/07/31 20:18:31:813  STATE:  Changing state to ScriptExecStateMachine.ExecState, ID[4]
2013/07/31 20:18:31:813  ACTION: Return Last Command
2013/07/31 20:18:31:843  EVENT:  Command Completed, ID[56], Command=0x60 (Return Last Command), time since last CMDCompleted: 31 ms,
                                 0x00 : 91801C00 94   
2013/07/31 20:18:31:846  STATE:  Changing state to ScriptExecStateMachine.WaitForNextCmdState, ID[1]
2013/07/31 20:18:31:846  INFO:   STATE EXITED: IronPython.NewTypes.System.Object#IScriptExecState_5$5
2013/07/31 20:18:31:853  INFO:   EXECUTING STATE MACHINE: SMLibrary.WriteSM Timeout: 00:00:01.4360000
2013/07/31 20:18:31:854  EVENT:  SCRIPT-EXEC:EXEC-DVT-SM - TES.Dvt.ScriptExecStateMachine, ID[10]
2013/07/31 20:18:31:854  STATE:  Changing state to ScriptExecStateMachine.ExecStateMachineState, ID[3]
2013/07/31 20:18:31:854  STATE:  Changing state to WriteSM.WritingState, ID[13]
2013/07/31 20:18:31:854  ACTION: Write RAM, Address=(0x00F1C0), Length=1, Data=0x07
2013/07/31 20:18:31:907  EVENT:  Command Completed, ID[60], Command=0x81 (Write to 16-bit Address), time since last CMDCompleted: 64 ms
2013/07/31 20:18:31:907  EVENT:  SMLibrary.WriteSM.DoneEvent, ID[57]
2013/07/31 20:18:31:907  STATE:  Changing state to WriteSM.IdleState, ID[6]
2013/07/31 20:18:31:907  STATE:  Changing state to ScriptExecStateMachine.WaitForNextCmdState, ID[1]
2013/07/31 20:18:31:907  INFO:   STATE MACHINE EXITED: SMLibrary.WriteSM
2013/07/31 20:18:31:907  INFO:   EXECUTING STATE: IronPython.NewTypes.System.Object#IScriptExecState_5$5 Timeout: 00:00:02
2013/07/31 20:18:31:907  EVENT:  SCRIPT-EXEC:EXEC-STATE - TES.Dvt.ScriptExecStateMachine, ID[11]
2013/07/31 20:18:31:907  STATE:  Changing state to ScriptExecStateMachine.ExecState, ID[4]
2013/07/31 20:18:31:907  ACTION: Return Last Command
2013/07/31 20:18:31:938  EVENT:  Command Completed, ID[62], Command=0x60 (Return Last Command), time since last CMDCompleted: 31 ms,
                                 0x00 : 91801C00 94   
2013/07/31 20:18:31:941  STATE:  Changing state to ScriptExecStateMachine.WaitForNextCmdState, ID[1]
2013/07/31 20:18:31:941  INFO:   STATE EXITED: IronPython.NewTypes.System.Object#IScriptExecState_5$5
2013/07/31 20:18:31:944  INFO:   EXECUTING STATE MACHINE: SMLibrary.WriteSM Timeout: 00:00:01.4360000
2013/07/31 20:18:31:944  EVENT:  SCRIPT-EXEC:EXEC-DVT-SM - TES.Dvt.ScriptExecStateMachine, ID[10]
2013/07/31 20:18:31:944  STATE:  Changing state to ScriptExecStateMachine.ExecStateMachineState, ID[3]
2013/07/31 20:18:31:944  STATE:  Changing state to WriteSM.WritingState, ID[14]
2013/07/31 20:18:31:944  ACTION: Write RAM, Address=(0x00F1C0), Length=1, Data=0x07
2013/07/31 20:18:32:002  EVENT:  Command Completed, ID[66], Command=0x81 (Write to 16-bit Address), time since last CMDCompleted: 64 ms
2013/07/31 20:18:32:002  EVENT:  SMLibrary.WriteSM.DoneEvent, ID[63]
2013/07/31 20:18:32:002  STATE:  Changing state to WriteSM.IdleState, ID[6]
2013/07/31 20:18:32:002  STATE:  Changing state to ScriptExecStateMachine.WaitForNextCmdState, ID[1]
2013/07/31 20:18:32:002  INFO:   STATE MACHINE EXITED: SMLibrary.WriteSM
2013/07/31 20:18:32:002  INFO:   EXECUTING STATE: IronPython.NewTypes.System.Object#IScriptExecState_5$5 Timeout: 00:00:02
2013/07/31 20:18:32:002  EVENT:  SCRIPT-EXEC:EXEC-STATE - TES.Dvt.ScriptExecStateMachine, ID[11]
2013/07/31 20:18:32:002  STATE:  Changing state to ScriptExecStateMachine.ExecState, ID[4]
2013/07/31 20:18:32:002  ACTION: Return Last Command
2013/07/31 20:18:32:033  EVENT:  Command Completed, ID[68], Command=0x60 (Return Last Command), time since last CMDCompleted: 31 ms,
                                 0x00 : 91801C00 94   
2013/07/31 20:18:32:034  STATE:  Changing state to ScriptExecStateMachine.WaitForNextCmdState, ID[1]
2013/07/31 20:18:32:034  INFO:   STATE EXITED: IronPython.NewTypes.System.Object#IScriptExecState_5$5
2013/07/31 20:18:32:042  INFO:   EXECUTING STATE MACHINE: SMLibrary.ReadSM Timeout: 00:00:01.3120000
2013/07/31 20:18:32:042  EVENT:  SCRIPT-EXEC:EXEC-SM - TES.Dvt.ScriptExecStateMachine, ID[9]
2013/07/31 20:18:32:042  STATE:  Changing state to ScriptExecStateMachine.ExecStateMachineWithCustomExitEventsState, ID[2]
2013/07/31 20:18:32:042  STATE:  Changing state to ReadSM.ReadingState, ID[15]
2013/07/31 20:18:32:042  ACTION: READ_FROM_16_BIT_ADDR_WITH_CRC32, Address=SYS_ERRORS(0xF56C) Length=1
2013/07/31 20:18:32:096  EVENT:  Command Completed, ID[72], Command=0x82 (READ_FROM_16_BIT_ADDR_WITH_CRC32), time since last CMDCompleted: 63 ms, CRC32=0xE69CA3FE, Data=0xB0
2013/07/31 20:18:32:096  EVENT:  Read Memory Complete, ID[73]
2013/07/31 20:18:32:096  STATE:  Changing state to ReadSM.IdleState, ID[6]
2013/07/31 20:18:32:096  STATE:  Changing state to ScriptExecStateMachine.WaitForNextCmdState, ID[1]
2013/07/31 20:18:32:096  INFO:   STATE MACHINE EXITED: SMLibrary.ReadSM
2013/07/31 20:18:32:097  INFO:   EXECUTING STATE: IronPython.NewTypes.System.Object#IScriptExecState_5$5 Timeout: 00:00:02
2013/07/31 20:18:32:097  EVENT:  SCRIPT-EXEC:EXEC-STATE - TES.Dvt.ScriptExecStateMachine, ID[11]
2013/07/31 20:18:32:097  STATE:  Changing state to ScriptExecStateMachine.ExecState, ID[4]
2013/07/31 20:18:32:097  ACTION: Return Last Command
2013/07/31 20:18:32:127  EVENT:  Command Completed, ID[75], Command=0x60 (Return Last Command), time since last CMDCompleted: 31 ms,
                                 0x00 : 92801C00 94   
2013/07/31 20:18:32:130  STATE:  Changing state to ScriptExecStateMachine.WaitForNextCmdState, ID[1]
2013/07/31 20:18:32:130  INFO:   STATE EXITED: IronPython.NewTypes.System.Object#IScriptExecState_5$5
2013/07/31 20:18:32:149  INFO:   EXECUTING STATE MACHINE: SMLibrary.ReadSM Timeout: 00:00:01.0780000
2013/07/31 20:18:32:149  EVENT:  SCRIPT-EXEC:EXEC-SM - TES.Dvt.ScriptExecStateMachine, ID[9]
2013/07/31 20:18:32:149  STATE:  Changing state to ScriptExecStateMachine.ExecStateMachineWithCustomExitEventsState, ID[2]
2013/07/31 20:18:32:149  STATE:  Changing state to ReadSM.ReadingState, ID[16]
2013/07/31 20:18:32:149  ACTION: READ_FROM_16_BIT_ADDR_WITH_CRC32, Address=SYS_ERRORS(0xF56C) Length=1
2013/07/31 20:18:32:203  EVENT:  Command Completed, ID[79], Command=0x82 (READ_FROM_16_BIT_ADDR_WITH_CRC32), time since last CMDCompleted: 76 ms, CRC32=0xE69CA3FE, Data=0xB0
2013/07/31 20:18:32:203  EVENT:  Read Memory Complete, ID[80]
2013/07/31 20:18:32:203  STATE:  Changing state to ReadSM.IdleState, ID[6]
2013/07/31 20:18:32:203  STATE:  Changing state to ScriptExecStateMachine.WaitForNextCmdState, ID[1]
2013/07/31 20:18:32:203  INFO:   STATE MACHINE EXITED: SMLibrary.ReadSM
2013/07/31 20:18:32:204  INFO:   EXECUTING STATE MACHINE: SMLibrary.ReadSM Timeout: 00:00:01.0780000
2013/07/31 20:18:32:204  EVENT:  SCRIPT-EXEC:EXEC-SM - TES.Dvt.ScriptExecStateMachine, ID[9]
2013/07/31 20:18:32:204  STATE:  Changing state to ScriptExecStateMachine.ExecStateMachineWithCustomExitEventsState, ID[2]
2013/07/31 20:18:32:204  STATE:  Changing state to ReadSM.ReadingState, ID[17]
2013/07/31 20:18:32:204  ACTION: READ_FROM_16_BIT_ADDR_WITH_CRC32, Address=SYS_ERRORS(0xF56C) Length=1
2013/07/31 20:18:32:254  EVENT:  Command Completed, ID[84], Command=0x82 (READ_FROM_16_BIT_ADDR_WITH_CRC32), time since last CMDCompleted: 51 ms, CRC32=0xE69CA3FE, Data=0xB0
2013/07/31 20:18:32:254  EVENT:  Read Memory Complete, ID[85]
2013/07/31 20:18:32:254  STATE:  Changing state to ReadSM.IdleState, ID[6]
2013/07/31 20:18:32:254  STATE:  Changing state to ScriptExecStateMachine.WaitForNextCmdState, ID[1]
2013/07/31 20:18:32:254  INFO:   STATE MACHINE EXITED: SMLibrary.ReadSM
2013/07/31 20:18:32:255  INFO:   EXECUTING STATE MACHINE: SMLibrary.ReadSM Timeout: 00:00:01.0780000
2013/07/31 20:18:32:255  EVENT:  SCRIPT-EXEC:EXEC-SM - TES.Dvt.ScriptExecStateMachine, ID[9]
2013/07/31 20:18:32:255  STATE:  Changing state to ScriptExecStateMachine.ExecStateMachineWithCustomExitEventsState, ID[2]
2013/07/31 20:18:32:255  STATE:  Changing state to ReadSM.ReadingState, ID[18]
2013/07/31 20:18:32:255  ACTION: READ_FROM_16_BIT_ADDR_WITH_CRC32, Address=SYS_ERRORS(0xF56C) Length=1
2013/07/31 20:18:32:315  EVENT:  Command Completed, ID[89], Command=0x82 (READ_FROM_16_BIT_ADDR_WITH_CRC32), time since last CMDCompleted: 61 ms, CRC32=0xE69CA3FE, Data=0xB0
2013/07/31 20:18:32:315  EVENT:  Read Memory Complete, ID[90]
2013/07/31 20:18:32:315  STATE:  Changing state to ReadSM.IdleState, ID[6]
2013/07/31 20:18:32:315  STATE:  Changing state to ScriptExecStateMachine.WaitForNextCmdState, ID[1]
2013/07/31 20:18:32:315  INFO:   STATE MACHINE EXITED: SMLibrary.ReadSM
2013/07/31 20:18:32:315  INFO:   Enabling the timestamp/interval calculations
2013/07/31 20:18:32:317  EVENT:  Marker (Device Summary), ID[91], Timestamp=0xEE[full:238], Data[0]=0x00, Data[1]=0x40 DynamicShockPolarity=HVA_POSITIVE SystemErrorOccurred 
2013/07/31 20:18:32:350  EVENT:  SCRIPT-EXEC:EXIT - TES.Dvt.ScriptExecStateMachine, ID[8]
2013/07/31 20:18:32:350  EVENT:  TES.Dvt.ScriptExecStateMachine.DoneEvent, ID[6]
2013/07/31 20:18:32:350  INFO:   Terminating ScriptEngineProcedure
2013/07/31 20:18:32:350  STATE:  Changing state to ScriptExecStateMachine.IdleState, ID[6]
2013/07/31 20:18:32:350  EVENT:  Terminate Dispatch, ID[92]
2013/07/31 20:18:32:363  INFO:   ScriptEngineProcedure Completed
2013/07/31 20:18:32:363  INFO:   Testcase Summary:
2013/07/31 20:18:32:364  RESULT: Test Procedure ScriptEngineProcedure (FAILED)
2013/07/31 20:18:32:364  INFO:   Procedure Runtime = 00:00:20
2013/07/31 20:18:32:371  INFO:   The event dispatch thread ScriptEngineProcedure exited.
