<<<<< Log Header: 07/17/2013 23:15:37 >>>>>
2013/07/17 23:15:37:587 [006880] INFO [NCommunicationSystem.cpp, 108] - nCommunicationSystem, Version=1.8.2.1, Culture=neutral, PublicKeyToken=56b5378c99c0bcfd
2013/07/17 23:15:37:602 [006880] INFO [ExceptionCatchingThread.cpp, 257] - Created the timer thread with id 6768 (0x1a70).
2013/07/17 23:15:37:604 [006768] INFO [ExceptionCatchingThread.cpp, 168] - Executing the timer thread procedure...
2013/07/17 23:15:37:608 [006880] INFO [ExceptionCatchingThread.cpp, 257] - Created the dispatch thread with id 844 (0x34c).
2013/07/17 23:15:37:609 [000844] INFO [ExceptionCatchingThread.cpp, 168] - Executing the dispatch thread procedure...
2013/07/17 23:15:40:611 [006880] DEBUG [Prb.cpp, 252] - PRB logging started.
2013/07/17 23:15:40:618 [006880] DEBUG [Prb.cpp, 130] - Number of FTDI devices: 1
2013/07/17 23:15:40:618 [006880] DEBUG [Prb.cpp, 158] - FTDI Device[0]: ID=67330069
2013/07/17 23:15:40:620 [006880] DEBUG [Prb.cpp, 169] - FTDI handle=157957416
2013/07/17 23:15:40:621 [006880] INFO [Prb.cpp, 179] - FTDI Driver Version 2.08.24.0
2013/07/17 23:15:40:877 [006880] INFO [Prb.cpp, 205] - FTDI Configuration: MaxCurrent=200, CBus5=21, CBus6=0x4
2013/07/17 23:15:41:128 [006880] INFO [Prb.cpp, 246] - PRB driver initialized.
2013/07/17 23:15:41:128 [006880] TRACE [Prb.cpp, 448] - Writing FPGA, Address=0x1008, Data=0x08
2013/07/17 23:15:41:129 [006880] TRACE [Prb.cpp, 1035] - WriteFPGAPacket(0x1008, 0x08):01 00 0D 00 81 00 03 10 08 08 25 D5 0D 
2013/07/17 23:15:41:129 [006656] TRACE [Prb.cpp, 835] - RxStream contents:01 00 0B D0 06 00 00 00 15 8A 0D 
2013/07/17 23:15:41:130 [006656] TRACE [Prb.cpp, 943] - RadioBoardPacket(ACK):01 00 0B D0 06 00 00 00 15 8A 0D 
2013/07/17 23:15:41:131 [006880] DEBUG [Prb.cpp, 466] - Write FPGA completed, Address=0x1008, Data=0x08
2013/07/17 23:15:41:147 [006880] TRACE [Prb.cpp, 493] - Reading FPGA, Address=0x300A
2013/07/17 23:15:41:147 [006880] TRACE [Prb.cpp, 1035] - ReadFPGAPacket(0x300A):01 00 0C 01 82 00 02 30 0A E8 24 0D 
2013/07/17 23:15:41:147 [006656] TRACE [Prb.cpp, 835] - RxStream contents:01 00 0C D1 06 01 00 01 00 67 0D 0D 
2013/07/17 23:15:41:149 [006656] TRACE [Prb.cpp, 943] - RadioBoardPacket(ACK):01 00 0C D1 06 01 00 01 00 67 0D 0D 
2013/07/17 23:15:41:149 [006880] DEBUG [Prb.cpp, 512] - Read FPGA completed, Address=0x300A, Data=0x00
2013/07/17 23:15:41:150 [006880] TRACE [Prb.cpp, 448] - Writing FPGA, Address=0x300A, Data=0x03
2013/07/17 23:15:41:150 [006880] TRACE [Prb.cpp, 1035] - WriteFPGAPacket(0x300A, 0x03):01 00 0D 02 81 00 03 30 0A 03 29 4F 0D 
2013/07/17 23:15:41:150 [006656] TRACE [Prb.cpp, 835] - RxStream contents:01 00 0B D2 06 02 00 00 15 52 0D 
2013/07/17 23:15:41:151 [006656] TRACE [Prb.cpp, 943] - RadioBoardPacket(ACK):01 00 0B D2 06 02 00 00 15 52 0D 
2013/07/17 23:15:41:152 [006880] DEBUG [Prb.cpp, 466] - Write FPGA completed, Address=0x300A, Data=0x03
2013/07/17 23:15:41:165 [006880] INFO [CrossTalkDetector.cpp, 14] - EnterCrossTalkThreshold = 8
2013/07/17 23:15:41:166 [006880] INFO [CrossTalkDetector.cpp, 21] - LeaveCrossTalkThreshold = 4
2013/07/17 23:15:41:167 [006880] INFO [CrossTalkDetector.cpp, 28] - LinkThreshold = 8
2013/07/17 23:15:41:168 [006880] INFO [ExceptionCatchingThread.cpp, 257] - Created the interrupt thread with id 7072 (0x1ba0).
2013/07/17 23:15:41:169 [006880] DEBUG [Prb.cpp, 252] - PRB logging started.
2013/07/17 23:15:41:168 [007072] INFO [ExceptionCatchingThread.cpp, 168] - Executing the interrupt thread procedure...
2013/07/17 23:15:41:170 [006880] INFO [CommunicationSystem.cpp, 640] - Calibrating the PRB CC1020.
2013/07/17 23:15:41:171 [006880] TRACE [Prb.cpp, 448] - Writing FPGA, Address=0x1008, Data=0x01
2013/07/17 23:15:41:171 [006880] TRACE [Prb.cpp, 1035] - WriteFPGAPacket(0x1008, 0x01):01 00 0D 03 81 00 03 10 08 01 26 D3 0D 
2013/07/17 23:15:41:171 [006656] TRACE [Prb.cpp, 835] - RxStream contents:01 00 0B D3 06 03 00 00 15 3E 0D 
2013/07/17 23:15:41:172 [006656] TRACE [Prb.cpp, 943] - RadioBoardPacket(ACK):01 00 0B D3 06 03 00 00 15 3E 0D 
2013/07/17 23:15:41:173 [006880] DEBUG [Prb.cpp, 466] - Write FPGA completed, Address=0x1008, Data=0x01
2013/07/17 23:15:41:255 [006656] TRACE [Prb.cpp, 835] - RxStream contents:01 00 0D D4 00 00 00 02 09 00 BF 45 0D 
2013/07/17 23:15:41:258 [007072] DEBUG [CommunicationSystem.cpp, 1120] - Calibration complete.
2013/07/17 23:15:41:258 [006880] TRACE [Prb.cpp, 493] - Reading FPGA, Address=0x2012
2013/07/17 23:15:41:259 [006880] TRACE [Prb.cpp, 1035] - ReadFPGAPacket(0x2012):01 00 0C 04 82 00 02 20 12 10 72 0D 
2013/07/17 23:15:41:259 [006656] TRACE [Prb.cpp, 835] - RxStream contents:01 00 0C D5 06 04 00 01 00 C3 0B 0D 
2013/07/17 23:15:41:260 [006656] TRACE [Prb.cpp, 943] - RadioBoardPacket(ACK):01 00 0C D5 06 04 00 01 00 C3 0B 0D 
2013/07/17 23:15:41:261 [006880] DEBUG [Prb.cpp, 512] - Read FPGA completed, Address=0x2012, Data=0x00
2013/07/17 23:15:41:261 [006880] INFO [CommunicationSystem.cpp, 653] - CC1020 Calibration succeeded.
2013/07/17 23:15:41:262 [006880] TRACE [Prb.cpp, 448] - Writing FPGA, Address=0x1006, Data=0x08
2013/07/17 23:15:41:263 [006880] TRACE [Prb.cpp, 1035] - WriteFPGAPacket(0x1006, 0x08):01 00 0D 05 81 00 03 10 06 08 84 86 0D 
2013/07/17 23:15:41:263 [006656] TRACE [Prb.cpp, 835] - RxStream contents:01 00 0B D6 06 05 00 00 14 DE 0D 
2013/07/17 23:15:41:264 [006656] TRACE [Prb.cpp, 943] - RadioBoardPacket(ACK):01 00 0B D6 06 05 00 00 14 DE 0D 
2013/07/17 23:15:41:264 [006880] DEBUG [Prb.cpp, 466] - Write FPGA completed, Address=0x1006, Data=0x08
2013/07/17 23:15:41:265 [006880] TRACE [Prb.cpp, 493] - Reading FPGA, Address=0x3000
2013/07/17 23:15:41:266 [006880] TRACE [Prb.cpp, 1035] - ReadFPGAPacket(0x3000):01 00 0C 06 82 00 02 30 00 80 1E 0D 
2013/07/17 23:15:41:266 [006656] TRACE [Prb.cpp, 835] - RxStream contents:01 00 0C D7 06 06 00 01 07 9B 1A 0D 
2013/07/17 23:15:41:267 [006656] TRACE [Prb.cpp, 943] - RadioBoardPacket(ACK):01 00 0C D7 06 06 00 01 07 9B 1A 0D 
2013/07/17 23:15:41:267 [006880] DEBUG [Prb.cpp, 512] - Read FPGA completed, Address=0x3000, Data=0x07
2013/07/17 23:15:41:268 [006880] INFO [CommunicationSystem.cpp, 613] - FPGA Revision 7.
2013/07/17 23:15:41:269 [006880] TRACE [Prb.cpp, 584] - Reading CC1020, Address=0x0004
2013/07/17 23:15:41:269 [006880] TRACE [Prb.cpp, 1035] - ReadCC1020Packet(0x04):01 00 0C 07 84 00 02 00 04 59 16 0D 
2013/07/17 23:15:41:269 [006656] TRACE [Prb.cpp, 835] - RxStream contents:01 00 0C D8 06 07 00 01 35 A7 B9 0D 
2013/07/17 23:15:41:270 [006656] TRACE [Prb.cpp, 943] - RadioBoardPacket(ACK):01 00 0C D8 06 07 00 01 35 A7 B9 0D 
2013/07/17 23:15:41:271 [006880] DEBUG [Prb.cpp, 603] - Read CC1020 completed, Address=0x0004, Data=0x35
2013/07/17 23:15:41:271 [006880] INFO [CommunicationSystem.cpp, 614] - CC1020 Frequency 2A 0x35.
2013/07/17 23:15:41:272 [006880] TRACE [Prb.cpp, 584] - Reading CC1020, Address=0x0005
2013/07/17 23:15:41:273 [006880] TRACE [Prb.cpp, 1035] - ReadCC1020Packet(0x05):01 00 0C 08 84 00 02 00 05 F1 1C 0D 
2013/07/17 23:15:41:273 [006656] TRACE [Prb.cpp, 835] - RxStream contents:01 00 0C D9 06 08 00 01 F0 91 24 0D 
2013/07/17 23:15:41:274 [006656] TRACE [Prb.cpp, 943] - RadioBoardPacket(ACK):01 00 0C D9 06 08 00 01 F0 91 24 0D 
2013/07/17 23:15:41:274 [006880] DEBUG [Prb.cpp, 603] - Read CC1020 completed, Address=0x0005, Data=0xF0
2013/07/17 23:15:41:275 [006880] INFO [CommunicationSystem.cpp, 615] - CC1020 Frequency 1A 0xf0.
2013/07/17 23:15:41:275 [006880] TRACE [Prb.cpp, 584] - Reading CC1020, Address=0x0006
2013/07/17 23:15:41:276 [006880] TRACE [Prb.cpp, 1035] - ReadCC1020Packet(0x06):01 00 0C 09 84 00 02 00 06 09 15 0D 
2013/07/17 23:15:41:276 [006656] TRACE [Prb.cpp, 835] - RxStream contents:01 00 0C DA 06 09 00 01 21 8F C1 0D 
2013/07/17 23:15:41:277 [006656] TRACE [Prb.cpp, 943] - RadioBoardPacket(ACK):01 00 0C DA 06 09 00 01 21 8F C1 0D 
2013/07/17 23:15:41:278 [006880] DEBUG [Prb.cpp, 603] - Read CC1020 completed, Address=0x0006, Data=0x21
2013/07/17 23:15:41:278 [006880] INFO [CommunicationSystem.cpp, 616] - CC1020 Frequency 0A 0x21.
2013/07/17 23:15:41:279 [006880] TRACE [Prb.cpp, 584] - Reading CC1020, Address=0x0008
2013/07/17 23:15:41:279 [006880] TRACE [Prb.cpp, 1035] - ReadCC1020Packet(0x08):01 00 0C 0A 84 00 02 00 08 01 32 0D 
2013/07/17 23:15:41:279 [006656] TRACE [Prb.cpp, 835] - RxStream contents:01 00 0C DB 06 0A 00 01 35 4B BA 0D 
2013/07/17 23:15:41:280 [006656] TRACE [Prb.cpp, 943] - RadioBoardPacket(ACK):01 00 0C DB 06 0A 00 01 35 4B BA 0D 
2013/07/17 23:15:41:281 [006880] DEBUG [Prb.cpp, 603] - Read CC1020 completed, Address=0x0008, Data=0x35
2013/07/17 23:15:41:281 [006880] INFO [CommunicationSystem.cpp, 617] - CC1020 Frequency 2B 0x35.
2013/07/17 23:15:41:282 [006880] TRACE [Prb.cpp, 584] - Reading CC1020, Address=0x0009
2013/07/17 23:15:41:282 [006880] TRACE [Prb.cpp, 1035] - ReadCC1020Packet(0x09):01 00 0C 0B 84 00 02 00 09 79 34 0D 
2013/07/17 23:15:41:282 [006656] TRACE [Prb.cpp, 835] - RxStream contents:01 00 0C DC 06 0B 00 01 FA B5 1D 0D 
2013/07/17 23:15:41:283 [006656] TRACE [Prb.cpp, 943] - RadioBoardPacket(ACK):01 00 0C DC 06 0B 00 01 FA B5 1D 0D 
2013/07/17 23:15:41:284 [006880] DEBUG [Prb.cpp, 603] - Read CC1020 completed, Address=0x0009, Data=0xFA
2013/07/17 23:15:41:284 [006880] INFO [CommunicationSystem.cpp, 618] - CC1020 Frequency 1B 0xfa.
2013/07/17 23:15:41:285 [006880] TRACE [Prb.cpp, 584] - Reading CC1020, Address=0x000A
2013/07/17 23:15:41:285 [006880] TRACE [Prb.cpp, 1035] - ReadCC1020Packet(0x0A):01 00 0C 0C 84 00 02 00 0A 11 38 0D 
2013/07/17 23:15:41:285 [006656] TRACE [Prb.cpp, 835] - RxStream contents:01 00 0C DD 06 0C 00 01 CB 21 B8 0D 
2013/07/17 23:15:41:286 [006656] TRACE [Prb.cpp, 943] - RadioBoardPacket(ACK):01 00 0C DD 06 0C 00 01 CB 21 B8 0D 
2013/07/17 23:15:41:287 [006880] DEBUG [Prb.cpp, 603] - Read CC1020 completed, Address=0x000A, Data=0xCB
2013/07/17 23:15:41:287 [006880] INFO [CommunicationSystem.cpp, 619] - CC1020 Frequency 0B 0xcb.
2013/07/17 23:15:41:288 [006880] DEBUG [Prb.cpp, 650] - Read EEPROM completed, Address=0x060A, Data=0x00
2013/07/17 23:15:41:288 [006880] INFO [CommunicationSystem.cpp, 620] - RSSI Calibration Reference Center Channel 0.
2013/07/17 23:15:41:289 [006880] TRACE [Prb.cpp, 493] - Reading FPGA, Address=0x3054
2013/07/17 23:15:41:289 [006880] TRACE [Prb.cpp, 1035] - ReadFPGAPacket(0x3054):01 00 0C 0D 82 00 02 30 54 C9 EC 0D 
2013/07/17 23:15:41:289 [006656] TRACE [Prb.cpp, 835] - RxStream contents:01 00 0C DE 06 0D 00 01 07 3F 13 0D 
2013/07/17 23:15:41:290 [006656] TRACE [Prb.cpp, 943] - RadioBoardPacket(ACK):01 00 0C DE 06 0D 00 01 07 3F 13 0D 
2013/07/17 23:15:41:291 [006880] DEBUG [Prb.cpp, 512] - Read FPGA completed, Address=0x3054, Data=0x07
2013/07/17 23:15:41:291 [006880] INFO [CommunicationSystem.cpp, 621] - CC1020 PA_POWER 0x7.
2013/07/17 23:15:41:292 [006880] TRACE [Prb.cpp, 584] - Reading CC1020, Address=0x001C
2013/07/17 23:15:41:293 [006880] TRACE [Prb.cpp, 1035] - ReadCC1020Packet(0x1C):01 00 0C 0E 84 00 02 00 1C E1 4C 0D 
2013/07/17 23:15:41:293 [006656] TRACE [Prb.cpp, 835] - RxStream contents:01 00 0C DF 06 0E 00 01 07 FB 10 0D 
2013/07/17 23:15:41:294 [006656] TRACE [Prb.cpp, 943] - RadioBoardPacket(ACK):01 00 0C DF 06 0E 00 01 07 FB 10 0D 
2013/07/17 23:15:41:294 [006880] DEBUG [Prb.cpp, 603] - Read CC1020 completed, Address=0x001C, Data=0x07
2013/07/17 23:15:41:295 [006880] INFO [CommunicationSystem.cpp, 622] - CC1020 Transmit Power 0x7.
2013/07/17 23:15:41:295 [006880] TRACE [Prb.cpp, 493] - Reading FPGA, Address=0x3014
2013/07/17 23:15:41:296 [006880] TRACE [Prb.cpp, 1035] - ReadFPGAPacket(0x3014):01 00 0C 0F 82 00 02 30 14 38 6C 0D 
2013/07/17 23:15:41:296 [006656] TRACE [Prb.cpp, 835] - RxStream contents:01 00 0C E0 06 0F 00 01 00 C7 3E 0D 
2013/07/17 23:15:41:297 [006656] TRACE [Prb.cpp, 943] - RadioBoardPacket(ACK):01 00 0C E0 06 0F 00 01 00 C7 3E 0D 
2013/07/17 23:15:41:297 [006880] DEBUG [Prb.cpp, 512] - Read FPGA completed, Address=0x3014, Data=0x00
2013/07/17 23:15:41:298 [006880] INFO [CommunicationSystem.cpp, 623] - Low Noise Amplifier Circumvented 0.
2013/07/17 23:15:41:298 [006880] TRACE [Prb.cpp, 584] - Reading CC1020, Address=0x0001
2013/07/17 23:15:41:299 [006880] TRACE [Prb.cpp, 1035] - ReadCC1020Packet(0x01):01 00 0C 10 84 00 02 00 01 B1 1C 0D 
2013/07/17 23:15:41:299 [006656] TRACE [Prb.cpp, 835] - RxStream contents:01 00 0C E1 06 10 00 01 0F B3 19 0D 
2013/07/17 23:15:41:300 [006656] TRACE [Prb.cpp, 943] - RadioBoardPacket(ACK):01 00 0C E1 06 10 00 01 0F B3 19 0D 
2013/07/17 23:15:41:300 [006880] DEBUG [Prb.cpp, 603] - Read CC1020 completed, Address=0x0001, Data=0x0F
2013/07/17 23:15:41:301 [006880] INFO [CommunicationSystem.cpp, 624] - Low Noise Amplifier 0xf.
2013/07/17 23:15:41:301 [006880] TRACE [Prb.cpp, 493] - Reading FPGA, Address=0x1006
2013/07/17 23:15:41:302 [006880] TRACE [Prb.cpp, 1035] - ReadFPGAPacket(0x1006):01 00 0C 11 82 00 02 10 06 28 1D 0D 
2013/07/17 23:15:41:302 [006656] TRACE [Prb.cpp, 835] - RxStream contents:01 00 0C E2 06 11 00 01 08 2F 0B 0D 
2013/07/17 23:15:41:303 [006656] TRACE [Prb.cpp, 943] - RadioBoardPacket(ACK):01 00 0C E2 06 11 00 01 08 2F 0B 0D 
2013/07/17 23:15:41:303 [006880] DEBUG [Prb.cpp, 512] - Read FPGA completed, Address=0x1006, Data=0x08
2013/07/17 23:15:41:304 [006880] INFO [CommunicationSystem.cpp, 625] - Allowed Framing Errors 8.
2013/07/17 23:15:41:307 [006880] INFO [CrossTalkDetector.cpp, 28] - LinkThreshold = 8
2013/07/17 23:15:41:307 [006880] INFO [CrossTalkDetector.cpp, 14] - EnterCrossTalkThreshold = 8
2013/07/17 23:15:41:308 [006880] INFO [CrossTalkDetector.cpp, 21] - LeaveCrossTalkThreshold = 4
2013/07/17 23:15:41:316 [006800] TRACE [Prb.cpp, 493] - Reading FPGA, Address=0x3000
2013/07/17 23:15:41:317 [006800] TRACE [Prb.cpp, 1035] - ReadFPGAPacket(0x3000):01 00 0C 12 82 00 02 30 00 E0 0A 0D 
2013/07/17 23:15:41:317 [006656] TRACE [Prb.cpp, 835] - RxStream contents:01 00 0C E3 06 12 00 01 07 EB 2A 0D 
2013/07/17 23:15:41:319 [006656] TRACE [Prb.cpp, 943] - RadioBoardPacket(ACK):01 00 0C E3 06 12 00 01 07 EB 2A 0D 
2013/07/17 23:15:41:319 [006800] DEBUG [Prb.cpp, 512] - Read FPGA completed, Address=0x3000, Data=0x07
2013/07/17 23:15:41:320 [006800] TRACE [Prb.cpp, 539] - Writing CC1020, Address=0x001C, Data=0x07
2013/07/17 23:15:41:321 [006800] TRACE [Prb.cpp, 1035] - WriteCC1020Packet(0x1C, 0x07):01 00 0D 13 83 00 03 00 1C 07 3E 84 0D 
2013/07/17 23:15:41:321 [006656] TRACE [Prb.cpp, 835] - RxStream contents:01 00 0B E4 06 13 00 00 1D 96 0D 
2013/07/17 23:15:41:322 [006656] TRACE [Prb.cpp, 943] - RadioBoardPacket(ACK):01 00 0B E4 06 13 00 00 1D 96 0D 
2013/07/17 23:15:41:323 [006800] DEBUG [Prb.cpp, 557] - Write CC1020 completed, Address=0x001C, Data=0x07
2013/07/17 23:15:41:374 [006880] INFO [NCommunicationSystem.cpp, 747] - Disposing: 1
2013/07/17 23:15:41:377 [006880] INFO [CrossAppDomainEventMarshaller.cpp, 44] - Disposing: 1
2013/07/17 23:15:41:378 [006880] INFO [CrossAppDomainEventMarshaller.cpp, 155] - abortGetNextEvent called
2013/07/17 23:15:41:378 [006880] INFO [CrossAppDomainEventMarshaller.cpp, 48] - Waiting for CrossDomainEventTranslator::m_pHandleEventsThread to stop
2013/07/17 23:15:41:378 [004300] INFO [CrossAppDomainEventMarshaller.cpp, 80] - handleEventsThread exiting (thread aborted)
2013/07/17 23:15:41:379 [006880] INFO [CrossAppDomainEventMarshaller.cpp, 54] - CrossDomainEventTranslator::m_pHandleEventsThread stopped
2013/07/17 23:15:41:381 [006880] INFO [CrossAppDomainEventMarshaller.cpp, 110] - EventHandler dtor
2013/07/17 23:15:41:382 [006880] INFO [CrossAppDomainEventMarshaller.cpp, 60] - Disposed.
2013/07/17 23:15:41:382 [006656] DEBUG [Prb.cpp, 867] - Prb receive thread terminated.
2013/07/17 23:15:41:383 [007072] INFO [ExceptionCatchingThread.cpp, 170] - Exited the interrupt thread procedure with return value 0.
2013/07/17 23:15:41:484 [000844] INFO [ExceptionCatchingThread.cpp, 170] - Exited the dispatch thread procedure with return value 0.
2013/07/17 23:15:41:486 [006768] INFO [ExceptionCatchingThread.cpp, 170] - Exited the timer thread procedure with return value 0.
2013/07/17 23:15:41:587 [006880] INFO [NCommunicationSystem.cpp, 779] - Disposed.
<<<<< Log Footer: 07/17/2013 23:15:41 >>>>>
