<<<<< Log Header: 07/16/2013 18:50:22 >>>>>
2013/07/16 18:50:22:570 [001612] INFO [NCommunicationSystem.cpp, 108] - nCommunicationSystem, Version=1.8.2.1, Culture=neutral, PublicKeyToken=56b5378c99c0bcfd
2013/07/16 18:50:22:586 [001612] INFO [ExceptionCatchingThread.cpp, 257] - Created the timer thread with id 7592 (0x1da8).
2013/07/16 18:50:22:588 [007592] INFO [ExceptionCatchingThread.cpp, 168] - Executing the timer thread procedure...
2013/07/16 18:50:22:592 [001612] INFO [ExceptionCatchingThread.cpp, 257] - Created the dispatch thread with id 6232 (0x1858).
2013/07/16 18:50:22:593 [006232] INFO [ExceptionCatchingThread.cpp, 168] - Executing the dispatch thread procedure...
2013/07/16 18:50:25:594 [001612] DEBUG [Prb.cpp, 252] - PRB logging started.
2013/07/16 18:50:25:601 [001612] DEBUG [Prb.cpp, 130] - Number of FTDI devices: 1
2013/07/16 18:50:25:602 [001612] DEBUG [Prb.cpp, 158] - FTDI Device[0]: ID=67330069
2013/07/16 18:50:25:605 [001612] DEBUG [Prb.cpp, 169] - FTDI handle=178666784
2013/07/16 18:50:25:606 [001612] INFO [Prb.cpp, 179] - FTDI Driver Version 2.08.24.0
2013/07/16 18:50:25:872 [001612] INFO [Prb.cpp, 205] - FTDI Configuration: MaxCurrent=200, CBus5=21, CBus6=0x4
2013/07/16 18:50:26:123 [001612] INFO [Prb.cpp, 246] - PRB driver initialized.
2013/07/16 18:50:26:123 [001612] TRACE [Prb.cpp, 448] - Writing FPGA, Address=0x1008, Data=0x08
2013/07/16 18:50:26:124 [001612] TRACE [Prb.cpp, 1035] - WriteFPGAPacket(0x1008, 0x08):01 00 0D 00 81 00 03 10 08 08 25 D5 0D 
2013/07/16 18:50:26:124 [007556] TRACE [Prb.cpp, 835] - RxStream contents:01 00 0B 0A 06 00 00 00 B3 39 0D 
2013/07/16 18:50:26:125 [007556] TRACE [Prb.cpp, 943] - RadioBoardPacket(ACK):01 00 0B 0A 06 00 00 00 B3 39 0D 
2013/07/16 18:50:26:126 [001612] DEBUG [Prb.cpp, 466] - Write FPGA completed, Address=0x1008, Data=0x08
2013/07/16 18:50:26:142 [001612] TRACE [Prb.cpp, 493] - Reading FPGA, Address=0x300A
2013/07/16 18:50:26:142 [001612] TRACE [Prb.cpp, 1035] - ReadFPGAPacket(0x300A):01 00 0C 01 82 00 02 30 0A E8 24 0D 
2013/07/16 18:50:26:142 [007556] TRACE [Prb.cpp, 835] - RxStream contents:01 00 0C 0B 06 01 00 01 00 D7 D9 0D 
2013/07/16 18:50:26:144 [007556] TRACE [Prb.cpp, 943] - RadioBoardPacket(ACK):01 00 0C 0B 06 01 00 01 00 D7 D9 0D 
2013/07/16 18:50:26:144 [001612] DEBUG [Prb.cpp, 512] - Read FPGA completed, Address=0x300A, Data=0x00
2013/07/16 18:50:26:145 [001612] TRACE [Prb.cpp, 448] - Writing FPGA, Address=0x300A, Data=0x03
2013/07/16 18:50:26:145 [001612] TRACE [Prb.cpp, 1035] - WriteFPGAPacket(0x300A, 0x03):01 00 0D 02 81 00 03 30 0A 03 29 4F 0D 
2013/07/16 18:50:26:145 [007556] TRACE [Prb.cpp, 835] - RxStream contents:01 00 0B 0C 06 02 00 00 32 02 0D 
2013/07/16 18:50:26:146 [007556] TRACE [Prb.cpp, 943] - RadioBoardPacket(ACK):01 00 0B 0C 06 02 00 00 32 02 0D 
2013/07/16 18:50:26:147 [001612] DEBUG [Prb.cpp, 466] - Write FPGA completed, Address=0x300A, Data=0x03
2013/07/16 18:50:26:160 [001612] INFO [CrossTalkDetector.cpp, 14] - EnterCrossTalkThreshold = 8
2013/07/16 18:50:26:161 [001612] INFO [CrossTalkDetector.cpp, 21] - LeaveCrossTalkThreshold = 4
2013/07/16 18:50:26:162 [001612] INFO [CrossTalkDetector.cpp, 28] - LinkThreshold = 8
2013/07/16 18:50:26:163 [001612] INFO [ExceptionCatchingThread.cpp, 257] - Created the interrupt thread with id 7292 (0x1c7c).
2013/07/16 18:50:26:164 [001612] DEBUG [Prb.cpp, 252] - PRB logging started.
2013/07/16 18:50:26:163 [007292] INFO [ExceptionCatchingThread.cpp, 168] - Executing the interrupt thread procedure...
2013/07/16 18:50:26:165 [001612] INFO [CommunicationSystem.cpp, 640] - Calibrating the PRB CC1020.
2013/07/16 18:50:26:166 [001612] TRACE [Prb.cpp, 448] - Writing FPGA, Address=0x1008, Data=0x01
2013/07/16 18:50:26:167 [001612] TRACE [Prb.cpp, 1035] - WriteFPGAPacket(0x1008, 0x01):01 00 0D 03 81 00 03 10 08 01 26 D3 0D 
2013/07/16 18:50:26:167 [007556] TRACE [Prb.cpp, 835] - RxStream contents:01 00 0B 0D 06 03 00 00 32 6E 0D 
2013/07/16 18:50:26:168 [007556] TRACE [Prb.cpp, 943] - RadioBoardPacket(ACK):01 00 0B 0D 06 03 00 00 32 6E 0D 
2013/07/16 18:50:26:168 [001612] DEBUG [Prb.cpp, 466] - Write FPGA completed, Address=0x1008, Data=0x01
2013/07/16 18:50:26:249 [007556] TRACE [Prb.cpp, 835] - RxStream contents:01 00 0D 0E 00 00 00 02 09 00 E8 E6 0D 
2013/07/16 18:50:26:254 [007292] DEBUG [CommunicationSystem.cpp, 1120] - Calibration complete.
2013/07/16 18:50:26:254 [001612] TRACE [Prb.cpp, 493] - Reading FPGA, Address=0x2012
2013/07/16 18:50:26:255 [001612] TRACE [Prb.cpp, 1035] - ReadFPGAPacket(0x2012):01 00 0C 04 82 00 02 20 12 10 72 0D 
2013/07/16 18:50:26:255 [007556] TRACE [Prb.cpp, 835] - RxStream contents:01 00 0C 0F 06 04 00 01 00 73 DF 0D 
2013/07/16 18:50:26:256 [007556] TRACE [Prb.cpp, 943] - RadioBoardPacket(ACK):01 00 0C 0F 06 04 00 01 00 73 DF 0D 
2013/07/16 18:50:26:257 [001612] DEBUG [Prb.cpp, 512] - Read FPGA completed, Address=0x2012, Data=0x00
2013/07/16 18:50:26:257 [001612] INFO [CommunicationSystem.cpp, 653] - CC1020 Calibration succeeded.
2013/07/16 18:50:26:258 [001612] TRACE [Prb.cpp, 448] - Writing FPGA, Address=0x1006, Data=0x08
2013/07/16 18:50:26:259 [001612] TRACE [Prb.cpp, 1035] - WriteFPGAPacket(0x1006, 0x08):01 00 0D 05 81 00 03 10 06 08 84 86 0D 
2013/07/16 18:50:26:259 [007556] TRACE [Prb.cpp, 835] - RxStream contents:01 00 0B 10 06 05 00 00 37 CE 0D 
2013/07/16 18:50:26:260 [007556] TRACE [Prb.cpp, 943] - RadioBoardPacket(ACK):01 00 0B 10 06 05 00 00 37 CE 0D 
2013/07/16 18:50:26:260 [001612] DEBUG [Prb.cpp, 466] - Write FPGA completed, Address=0x1006, Data=0x08
2013/07/16 18:50:26:261 [001612] TRACE [Prb.cpp, 493] - Reading FPGA, Address=0x3000
2013/07/16 18:50:26:262 [001612] TRACE [Prb.cpp, 1035] - ReadFPGAPacket(0x3000):01 00 0C 06 82 00 02 30 00 80 1E 0D 
2013/07/16 18:50:26:262 [007556] TRACE [Prb.cpp, 835] - RxStream contents:01 00 0C 11 06 06 00 01 07 0B D3 0D 
2013/07/16 18:50:26:263 [007556] TRACE [Prb.cpp, 943] - RadioBoardPacket(ACK):01 00 0C 11 06 06 00 01 07 0B D3 0D 
2013/07/16 18:50:26:263 [001612] DEBUG [Prb.cpp, 512] - Read FPGA completed, Address=0x3000, Data=0x07
2013/07/16 18:50:26:264 [001612] INFO [CommunicationSystem.cpp, 613] - FPGA Revision 7.
2013/07/16 18:50:26:264 [001612] TRACE [Prb.cpp, 584] - Reading CC1020, Address=0x0004
2013/07/16 18:50:26:265 [001612] TRACE [Prb.cpp, 1035] - ReadCC1020Packet(0x04):01 00 0C 07 84 00 02 00 04 59 16 0D 
2013/07/16 18:50:26:265 [007556] TRACE [Prb.cpp, 835] - RxStream contents:01 00 0C 12 06 07 00 01 35 97 7F 0D 
2013/07/16 18:50:26:266 [007556] TRACE [Prb.cpp, 943] - RadioBoardPacket(ACK):01 00 0C 12 06 07 00 01 35 97 7F 0D 
2013/07/16 18:50:26:267 [001612] DEBUG [Prb.cpp, 603] - Read CC1020 completed, Address=0x0004, Data=0x35
2013/07/16 18:50:26:267 [001612] INFO [CommunicationSystem.cpp, 614] - CC1020 Frequency 2A 0x35.
2013/07/16 18:50:26:268 [001612] TRACE [Prb.cpp, 584] - Reading CC1020, Address=0x0005
2013/07/16 18:50:26:268 [001612] TRACE [Prb.cpp, 1035] - ReadCC1020Packet(0x05):01 00 0C 08 84 00 02 00 05 F1 1C 0D 
2013/07/16 18:50:26:268 [007556] TRACE [Prb.cpp, 835] - RxStream contents:01 00 0C 13 06 08 00 01 F0 A1 E2 0D 
2013/07/16 18:50:26:269 [007556] TRACE [Prb.cpp, 943] - RadioBoardPacket(ACK):01 00 0C 13 06 08 00 01 F0 A1 E2 0D 
2013/07/16 18:50:26:270 [001612] DEBUG [Prb.cpp, 603] - Read CC1020 completed, Address=0x0005, Data=0xF0
2013/07/16 18:50:26:270 [001612] INFO [CommunicationSystem.cpp, 615] - CC1020 Frequency 1A 0xf0.
2013/07/16 18:50:26:271 [001612] TRACE [Prb.cpp, 584] - Reading CC1020, Address=0x0006
2013/07/16 18:50:26:272 [001612] TRACE [Prb.cpp, 1035] - ReadCC1020Packet(0x06):01 00 0C 09 84 00 02 00 06 09 15 0D 
2013/07/16 18:50:26:272 [007556] TRACE [Prb.cpp, 835] - RxStream contents:01 00 0C 14 06 09 00 01 21 5F 01 0D 
2013/07/16 18:50:26:273 [007556] TRACE [Prb.cpp, 943] - RadioBoardPacket(ACK):01 00 0C 14 06 09 00 01 21 5F 01 0D 
2013/07/16 18:50:26:273 [001612] DEBUG [Prb.cpp, 603] - Read CC1020 completed, Address=0x0006, Data=0x21
2013/07/16 18:50:26:274 [001612] INFO [CommunicationSystem.cpp, 616] - CC1020 Frequency 0A 0x21.
2013/07/16 18:50:26:274 [001612] TRACE [Prb.cpp, 584] - Reading CC1020, Address=0x0008
2013/07/16 18:50:26:275 [001612] TRACE [Prb.cpp, 1035] - ReadCC1020Packet(0x08):01 00 0C 0A 84 00 02 00 08 01 32 0D 
2013/07/16 18:50:26:275 [007556] TRACE [Prb.cpp, 835] - RxStream contents:01 00 0C 15 06 0A 00 01 35 9B 7A 0D 
2013/07/16 18:50:26:276 [007556] TRACE [Prb.cpp, 943] - RadioBoardPacket(ACK):01 00 0C 15 06 0A 00 01 35 9B 7A 0D 
2013/07/16 18:50:26:277 [001612] DEBUG [Prb.cpp, 603] - Read CC1020 completed, Address=0x0008, Data=0x35
2013/07/16 18:50:26:277 [001612] INFO [CommunicationSystem.cpp, 617] - CC1020 Frequency 2B 0x35.
2013/07/16 18:50:26:277 [001612] TRACE [Prb.cpp, 584] - Reading CC1020, Address=0x0009
2013/07/16 18:50:26:278 [001612] TRACE [Prb.cpp, 1035] - ReadCC1020Packet(0x09):01 00 0C 0B 84 00 02 00 09 79 34 0D 
2013/07/16 18:50:26:278 [007556] TRACE [Prb.cpp, 835] - RxStream contents:01 00 0C 16 06 0B 00 01 FA 85 DB 0D 
2013/07/16 18:50:26:279 [007556] TRACE [Prb.cpp, 943] - RadioBoardPacket(ACK):01 00 0C 16 06 0B 00 01 FA 85 DB 0D 
2013/07/16 18:50:26:280 [001612] DEBUG [Prb.cpp, 603] - Read CC1020 completed, Address=0x0009, Data=0xFA
2013/07/16 18:50:26:280 [001612] INFO [CommunicationSystem.cpp, 618] - CC1020 Frequency 1B 0xfa.
2013/07/16 18:50:26:281 [001612] TRACE [Prb.cpp, 584] - Reading CC1020, Address=0x000A
2013/07/16 18:50:26:281 [001612] TRACE [Prb.cpp, 1035] - ReadCC1020Packet(0x0A):01 00 0C 0C 84 00 02 00 0A 11 38 0D 
2013/07/16 18:50:26:281 [007556] TRACE [Prb.cpp, 835] - RxStream contents:01 00 0C 17 06 0C 00 01 CB 11 7E 0D 
2013/07/16 18:50:26:282 [007556] TRACE [Prb.cpp, 943] - RadioBoardPacket(ACK):01 00 0C 17 06 0C 00 01 CB 11 7E 0D 
2013/07/16 18:50:26:283 [001612] DEBUG [Prb.cpp, 603] - Read CC1020 completed, Address=0x000A, Data=0xCB
2013/07/16 18:50:26:283 [001612] INFO [CommunicationSystem.cpp, 619] - CC1020 Frequency 0B 0xcb.
2013/07/16 18:50:26:284 [001612] DEBUG [Prb.cpp, 650] - Read EEPROM completed, Address=0x060A, Data=0x00
2013/07/16 18:50:26:284 [001612] INFO [CommunicationSystem.cpp, 620] - RSSI Calibration Reference Center Channel 0.
2013/07/16 18:50:26:285 [001612] TRACE [Prb.cpp, 493] - Reading FPGA, Address=0x3054
2013/07/16 18:50:26:286 [001612] TRACE [Prb.cpp, 1035] - ReadFPGAPacket(0x3054):01 00 0C 0D 82 00 02 30 54 C9 EC 0D 
2013/07/16 18:50:26:286 [007556] TRACE [Prb.cpp, 835] - RxStream contents:01 00 0C 18 06 0D 00 01 07 AF DA 0D 
2013/07/16 18:50:26:287 [007556] TRACE [Prb.cpp, 943] - RadioBoardPacket(ACK):01 00 0C 18 06 0D 00 01 07 AF DA 0D 
2013/07/16 18:50:26:287 [001612] DEBUG [Prb.cpp, 512] - Read FPGA completed, Address=0x3054, Data=0x07
2013/07/16 18:50:26:288 [001612] INFO [CommunicationSystem.cpp, 621] - CC1020 PA_POWER 0x7.
2013/07/16 18:50:26:288 [001612] TRACE [Prb.cpp, 584] - Reading CC1020, Address=0x001C
2013/07/16 18:50:26:289 [001612] TRACE [Prb.cpp, 1035] - ReadCC1020Packet(0x1C):01 00 0C 0E 84 00 02 00 1C E1 4C 0D 
2013/07/16 18:50:26:289 [007556] TRACE [Prb.cpp, 835] - RxStream contents:01 00 0C 19 06 0E 00 01 07 6B D9 0D 
2013/07/16 18:50:26:290 [007556] TRACE [Prb.cpp, 943] - RadioBoardPacket(ACK):01 00 0C 19 06 0E 00 01 07 6B D9 0D 
2013/07/16 18:50:26:290 [001612] DEBUG [Prb.cpp, 603] - Read CC1020 completed, Address=0x001C, Data=0x07
2013/07/16 18:50:26:291 [001612] INFO [CommunicationSystem.cpp, 622] - CC1020 Transmit Power 0x7.
2013/07/16 18:50:26:291 [001612] TRACE [Prb.cpp, 493] - Reading FPGA, Address=0x3014
2013/07/16 18:50:26:292 [001612] TRACE [Prb.cpp, 1035] - ReadFPGAPacket(0x3014):01 00 0C 0F 82 00 02 30 14 38 6C 0D 
2013/07/16 18:50:26:292 [007556] TRACE [Prb.cpp, 835] - RxStream contents:01 00 0C 1A 06 0F 00 01 00 F7 CB 0D 
2013/07/16 18:50:26:293 [007556] TRACE [Prb.cpp, 943] - RadioBoardPacket(ACK):01 00 0C 1A 06 0F 00 01 00 F7 CB 0D 
2013/07/16 18:50:26:293 [001612] DEBUG [Prb.cpp, 512] - Read FPGA completed, Address=0x3014, Data=0x00
2013/07/16 18:50:26:294 [001612] INFO [CommunicationSystem.cpp, 623] - Low Noise Amplifier Circumvented 0.
2013/07/16 18:50:26:294 [001612] TRACE [Prb.cpp, 584] - Reading CC1020, Address=0x0001
2013/07/16 18:50:26:295 [001612] TRACE [Prb.cpp, 1035] - ReadCC1020Packet(0x01):01 00 0C 10 84 00 02 00 01 B1 1C 0D 
2013/07/16 18:50:26:295 [007556] TRACE [Prb.cpp, 835] - RxStream contents:01 00 0C 1B 06 10 00 01 0F 83 EC 0D 
2013/07/16 18:50:26:296 [007556] TRACE [Prb.cpp, 943] - RadioBoardPacket(ACK):01 00 0C 1B 06 10 00 01 0F 83 EC 0D 
2013/07/16 18:50:26:297 [001612] DEBUG [Prb.cpp, 603] - Read CC1020 completed, Address=0x0001, Data=0x0F
2013/07/16 18:50:26:297 [001612] INFO [CommunicationSystem.cpp, 624] - Low Noise Amplifier 0xf.
2013/07/16 18:50:26:298 [001612] TRACE [Prb.cpp, 493] - Reading FPGA, Address=0x1006
2013/07/16 18:50:26:298 [001612] TRACE [Prb.cpp, 1035] - ReadFPGAPacket(0x1006):01 00 0C 11 82 00 02 10 06 28 1D 0D 
2013/07/16 18:50:26:298 [007556] TRACE [Prb.cpp, 835] - RxStream contents:01 00 0C 1C 06 11 00 01 08 FF F8 0D 
2013/07/16 18:50:26:299 [007556] TRACE [Prb.cpp, 943] - RadioBoardPacket(ACK):01 00 0C 1C 06 11 00 01 08 FF F8 0D 
2013/07/16 18:50:26:300 [001612] DEBUG [Prb.cpp, 512] - Read FPGA completed, Address=0x1006, Data=0x08
2013/07/16 18:50:26:300 [001612] INFO [CommunicationSystem.cpp, 625] - Allowed Framing Errors 8.
2013/07/16 18:50:26:303 [001612] INFO [CrossTalkDetector.cpp, 28] - LinkThreshold = 8
2013/07/16 18:50:26:304 [001612] INFO [CrossTalkDetector.cpp, 14] - EnterCrossTalkThreshold = 8
2013/07/16 18:50:26:304 [001612] INFO [CrossTalkDetector.cpp, 21] - LeaveCrossTalkThreshold = 4
2013/07/16 18:50:26:313 [007088] TRACE [Prb.cpp, 493] - Reading FPGA, Address=0x3000
2013/07/16 18:50:26:314 [007088] TRACE [Prb.cpp, 1035] - ReadFPGAPacket(0x3000):01 00 0C 12 82 00 02 30 00 E0 0A 0D 
2013/07/16 18:50:26:314 [007556] TRACE [Prb.cpp, 835] - RxStream contents:01 00 0C 1D 06 12 00 01 07 3B D9 0D 
2013/07/16 18:50:26:315 [007556] TRACE [Prb.cpp, 943] - RadioBoardPacket(ACK):01 00 0C 1D 06 12 00 01 07 3B D9 0D 
2013/07/16 18:50:26:315 [007088] DEBUG [Prb.cpp, 512] - Read FPGA completed, Address=0x3000, Data=0x07
2013/07/16 18:50:26:316 [007088] TRACE [Prb.cpp, 539] - Writing CC1020, Address=0x001C, Data=0x07
2013/07/16 18:50:26:317 [007088] TRACE [Prb.cpp, 1035] - WriteCC1020Packet(0x1C, 0x07):01 00 0D 13 83 00 03 00 1C 07 3E 84 0D 
2013/07/16 18:50:26:317 [007556] TRACE [Prb.cpp, 835] - RxStream contents:01 00 0B 1E 06 13 00 00 34 26 0D 
2013/07/16 18:50:26:318 [007556] TRACE [Prb.cpp, 943] - RadioBoardPacket(ACK):01 00 0B 1E 06 13 00 00 34 26 0D 
2013/07/16 18:50:26:319 [007088] DEBUG [Prb.cpp, 557] - Write CC1020 completed, Address=0x001C, Data=0x07
2013/07/16 18:50:26:347 [001612] TRACE [Prb.cpp, 493] - Reading FPGA, Address=0x3000
2013/07/16 18:50:26:348 [001612] TRACE [Prb.cpp, 1035] - ReadFPGAPacket(0x3000):01 00 0C 14 82 00 02 30 00 70 0F 0D 
2013/07/16 18:50:26:348 [007556] TRACE [Prb.cpp, 835] - RxStream contents:01 00 0C 1F 06 14 00 01 07 33 DA 0D 
2013/07/16 18:50:26:349 [007556] TRACE [Prb.cpp, 943] - RadioBoardPacket(ACK):01 00 0C 1F 06 14 00 01 07 33 DA 0D 
2013/07/16 18:50:26:349 [001612] DEBUG [Prb.cpp, 512] - Read FPGA completed, Address=0x3000, Data=0x07
2013/07/16 18:50:26:357 [001612] INFO [CommunicationSystem.cpp, 640] - Calibrating the PRB CC1020.
2013/07/16 18:50:26:358 [001612] TRACE [Prb.cpp, 448] - Writing FPGA, Address=0x1008, Data=0x01
2013/07/16 18:50:26:359 [001612] TRACE [Prb.cpp, 1035] - WriteFPGAPacket(0x1008, 0x01):01 00 0D 15 81 00 03 10 08 01 B1 B0 0D 
2013/07/16 18:50:26:359 [007556] TRACE [Prb.cpp, 835] - RxStream contents:01 00 0B 20 06 15 00 00 BE 0D 0D 
2013/07/16 18:50:26:360 [007556] TRACE [Prb.cpp, 943] - RadioBoardPacket(ACK):01 00 0B 20 06 15 00 00 BE 0D 0D 
2013/07/16 18:50:26:361 [001612] DEBUG [Prb.cpp, 466] - Write FPGA completed, Address=0x1008, Data=0x01
2013/07/16 18:50:26:441 [007556] TRACE [Prb.cpp, 835] - RxStream contents:01 00 0D 21 00 00 00 02 09 00 45 15 0D 
2013/07/16 18:50:26:444 [007292] DEBUG [CommunicationSystem.cpp, 1120] - Calibration complete.
2013/07/16 18:50:26:444 [001612] TRACE [Prb.cpp, 493] - Reading FPGA, Address=0x2012
2013/07/16 18:50:26:445 [001612] TRACE [Prb.cpp, 1035] - ReadFPGAPacket(0x2012):01 00 0C 16 82 00 02 20 12 E0 63 0D 
2013/07/16 18:50:26:445 [007556] TRACE [Prb.cpp, 835] - RxStream contents:01 00 0C 22 06 16 00 01 00 43 F7 0D 
2013/07/16 18:50:26:446 [007556] TRACE [Prb.cpp, 943] - RadioBoardPacket(ACK):01 00 0C 22 06 16 00 01 00 43 F7 0D 
2013/07/16 18:50:26:447 [001612] DEBUG [Prb.cpp, 512] - Read FPGA completed, Address=0x2012, Data=0x00
2013/07/16 18:50:26:447 [001612] INFO [CommunicationSystem.cpp, 653] - CC1020 Calibration succeeded.
2013/07/16 18:50:26:453 [001612] TRACE [Prb.cpp, 584] - Reading CC1020, Address=0x0004
2013/07/16 18:50:26:453 [001612] TRACE [Prb.cpp, 1035] - ReadCC1020Packet(0x04):01 00 0C 17 84 00 02 00 04 D9 04 0D 
2013/07/16 18:50:26:453 [007556] TRACE [Prb.cpp, 835] - RxStream contents:01 00 0C 23 06 17 00 01 35 2F 49 0D 
2013/07/16 18:50:26:454 [007556] TRACE [Prb.cpp, 943] - RadioBoardPacket(ACK):01 00 0C 23 06 17 00 01 35 2F 49 0D 
2013/07/16 18:50:26:455 [001612] DEBUG [Prb.cpp, 603] - Read CC1020 completed, Address=0x0004, Data=0x35
2013/07/16 18:50:26:457 [001612] TRACE [Prb.cpp, 584] - Reading CC1020, Address=0x0005
2013/07/16 18:50:26:458 [001612] TRACE [Prb.cpp, 1035] - ReadCC1020Packet(0x05):01 00 0C 18 84 00 02 00 05 71 0E 0D 
2013/07/16 18:50:26:458 [007556] TRACE [Prb.cpp, 835] - RxStream contents:01 00 0C 24 06 18 00 01 F0 89 D1 0D 
2013/07/16 18:50:26:459 [007556] TRACE [Prb.cpp, 943] - RadioBoardPacket(ACK):01 00 0C 24 06 18 00 01 F0 89 D1 0D 
2013/07/16 18:50:26:460 [001612] DEBUG [Prb.cpp, 603] - Read CC1020 completed, Address=0x0005, Data=0xF0
2013/07/16 18:50:26:461 [001612] TRACE [Prb.cpp, 584] - Reading CC1020, Address=0x0006
2013/07/16 18:50:26:462 [001612] TRACE [Prb.cpp, 1035] - ReadCC1020Packet(0x06):01 00 0C 19 84 00 02 00 06 89 07 0D 
2013/07/16 18:50:26:462 [007556] TRACE [Prb.cpp, 835] - RxStream contents:01 00 0C 25 06 19 00 01 21 E7 37 0D 
2013/07/16 18:50:26:463 [007556] TRACE [Prb.cpp, 943] - RadioBoardPacket(ACK):01 00 0C 25 06 19 00 01 21 E7 37 0D 
2013/07/16 18:50:26:464 [001612] DEBUG [Prb.cpp, 603] - Read CC1020 completed, Address=0x0006, Data=0x21
2013/07/16 18:50:26:465 [001612] TRACE [Prb.cpp, 584] - Reading CC1020, Address=0x0007
2013/07/16 18:50:26:466 [001612] TRACE [Prb.cpp, 1035] - ReadCC1020Packet(0x07):01 00 0C 1A 84 00 02 00 07 81 02 0D 
2013/07/16 18:50:26:466 [007556] TRACE [Prb.cpp, 835] - RxStream contents:01 00 0C 26 06 1A 00 01 38 D3 62 0D 
2013/07/16 18:50:26:467 [007556] TRACE [Prb.cpp, 943] - RadioBoardPacket(ACK):01 00 0C 26 06 1A 00 01 38 D3 62 0D 
2013/07/16 18:50:26:467 [001612] DEBUG [Prb.cpp, 603] - Read CC1020 completed, Address=0x0007, Data=0x38
2013/07/16 18:50:26:468 [001612] TRACE [Prb.cpp, 584] - Reading CC1020, Address=0x0008
2013/07/16 18:50:26:469 [001612] TRACE [Prb.cpp, 1035] - ReadCC1020Packet(0x08):01 00 0C 1B 84 00 02 00 08 79 23 0D 
2013/07/16 18:50:26:469 [007556] TRACE [Prb.cpp, 835] - RxStream contents:01 00 0C 27 06 1B 00 01 35 3F 4F 0D 
2013/07/16 18:50:26:470 [007556] TRACE [Prb.cpp, 943] - RadioBoardPacket(ACK):01 00 0C 27 06 1B 00 01 35 3F 4F 0D 
2013/07/16 18:50:26:470 [001612] DEBUG [Prb.cpp, 603] - Read CC1020 completed, Address=0x0008, Data=0x35
2013/07/16 18:50:26:472 [001612] TRACE [Prb.cpp, 584] - Reading CC1020, Address=0x0009
2013/07/16 18:50:26:472 [001612] TRACE [Prb.cpp, 1035] - ReadCC1020Packet(0x09):01 00 0C 1C 84 00 02 00 09 91 20 0D 
2013/07/16 18:50:26:472 [007556] TRACE [Prb.cpp, 835] - RxStream contents:01 00 0C 28 06 1C 00 01 FA F9 E1 0D 
2013/07/16 18:50:26:473 [007556] TRACE [Prb.cpp, 943] - RadioBoardPacket(ACK):01 00 0C 28 06 1C 00 01 FA F9 E1 0D 
2013/07/16 18:50:26:474 [001612] DEBUG [Prb.cpp, 603] - Read CC1020 completed, Address=0x0009, Data=0xFA
2013/07/16 18:50:26:475 [001612] TRACE [Prb.cpp, 584] - Reading CC1020, Address=0x000A
2013/07/16 18:50:26:476 [001612] TRACE [Prb.cpp, 1035] - ReadCC1020Packet(0x0A):01 00 0C 1D 84 00 02 00 0A 69 29 0D 
2013/07/16 18:50:26:476 [007556] TRACE [Prb.cpp, 835] - RxStream contents:01 00 0C 29 06 1D 00 01 CB 15 44 0D 
2013/07/16 18:50:26:477 [007556] TRACE [Prb.cpp, 943] - RadioBoardPacket(ACK):01 00 0C 29 06 1D 00 01 CB 15 44 0D 
2013/07/16 18:50:26:478 [001612] DEBUG [Prb.cpp, 603] - Read CC1020 completed, Address=0x000A, Data=0xCB
2013/07/16 18:50:26:479 [001612] TRACE [Prb.cpp, 584] - Reading CC1020, Address=0x000B
2013/07/16 18:50:26:480 [001612] TRACE [Prb.cpp, 1035] - ReadCC1020Packet(0x0B):01 00 0C 1E 84 00 02 00 0B 61 2C 0D 
2013/07/16 18:50:26:480 [007556] TRACE [Prb.cpp, 835] - RxStream contents:01 00 0C 2A 06 1E 00 01 38 A3 6E 0D 
2013/07/16 18:50:26:481 [007556] TRACE [Prb.cpp, 943] - RadioBoardPacket(ACK):01 00 0C 2A 06 1E 00 01 38 A3 6E 0D 
2013/07/16 18:50:26:481 [001612] DEBUG [Prb.cpp, 603] - Read CC1020 completed, Address=0x000B, Data=0x38
2013/07/16 18:50:26:482 [001612] TRACE [Prb.cpp, 584] - Reading CC1020, Address=0x001D
2013/07/16 18:50:26:483 [001612] TRACE [Prb.cpp, 1035] - ReadCC1020Packet(0x1D):01 00 0C 1F 84 00 02 00 1D 19 58 0D 
2013/07/16 18:50:26:483 [007556] TRACE [Prb.cpp, 835] - RxStream contents:01 00 0C 2B 06 1F 00 01 00 4F FD 0D 
2013/07/16 18:50:26:484 [007556] TRACE [Prb.cpp, 943] - RadioBoardPacket(ACK):01 00 0C 2B 06 1F 00 01 00 4F FD 0D 
2013/07/16 18:50:26:484 [001612] DEBUG [Prb.cpp, 603] - Read CC1020 completed, Address=0x001D, Data=0x00
2013/07/16 18:50:26:486 [001612] TRACE [Prb.cpp, 584] - Reading CC1020, Address=0x0045
2013/07/16 18:50:26:486 [001612] TRACE [Prb.cpp, 1035] - ReadCC1020Packet(0x45):01 00 0C 20 84 00 02 00 45 B0 B7 0D 
2013/07/16 18:50:26:486 [007556] TRACE [Prb.cpp, 835] - RxStream contents:01 00 0C 2C 06 20 00 01 4C AA 5A 0D 
2013/07/16 18:50:26:487 [007556] TRACE [Prb.cpp, 943] - RadioBoardPacket(ACK):01 00 0C 2C 06 20 00 01 4C AA 5A 0D 
2013/07/16 18:50:26:488 [001612] DEBUG [Prb.cpp, 603] - Read CC1020 completed, Address=0x0045, Data=0x4C
2013/07/16 18:50:26:489 [001612] TRACE [Prb.cpp, 584] - Reading CC1020, Address=0x0046
2013/07/16 18:50:26:490 [001612] TRACE [Prb.cpp, 1035] - ReadCC1020Packet(0x46):01 00 0C 21 84 00 02 00 46 48 BE 0D 
2013/07/16 18:50:26:490 [007556] TRACE [Prb.cpp, 835] - RxStream contents:01 00 0C 2D 06 21 00 01 66 46 A5 0D 
2013/07/16 18:50:26:491 [007556] TRACE [Prb.cpp, 943] - RadioBoardPacket(ACK):01 00 0C 2D 06 21 00 01 66 46 A5 0D 
2013/07/16 18:50:26:491 [001612] DEBUG [Prb.cpp, 603] - Read CC1020 completed, Address=0x0046, Data=0x66
2013/07/16 18:50:26:493 [001612] TRACE [Prb.cpp, 584] - Reading CC1020, Address=0x0047
2013/07/16 18:50:26:493 [001612] TRACE [Prb.cpp, 1035] - ReadCC1020Packet(0x47):01 00 0C 22 84 00 02 00 47 40 BB 0D 
2013/07/16 18:50:26:493 [007556] TRACE [Prb.cpp, 835] - RxStream contents:01 00 0C 2E 06 22 00 01 44 F2 69 0D 
2013/07/16 18:50:26:494 [007556] TRACE [Prb.cpp, 943] - RadioBoardPacket(ACK):01 00 0C 2E 06 22 00 01 44 F2 69 0D 
2013/07/16 18:50:26:495 [001612] DEBUG [Prb.cpp, 603] - Read CC1020 completed, Address=0x0047, Data=0x44
2013/07/16 18:50:26:503 [001612] TRACE [Prb.cpp, 493] - Reading FPGA, Address=0x305E
2013/07/16 18:50:26:504 [001612] TRACE [Prb.cpp, 1035] - ReadFPGAPacket(0x305E):01 00 0C 23 82 00 02 30 5E 99 FD 0D 
2013/07/16 18:50:26:504 [007556] TRACE [Prb.cpp, 835] - RxStream contents:01 00 0C 2F 06 23 00 01 00 9F F1 0D 
2013/07/16 18:50:26:505 [007556] TRACE [Prb.cpp, 943] - RadioBoardPacket(ACK):01 00 0C 2F 06 23 00 01 00 9F F1 0D 
2013/07/16 18:50:26:506 [001612] DEBUG [Prb.cpp, 512] - Read FPGA completed, Address=0x305E, Data=0x00
2013/07/16 18:50:26:506 [001612] TRACE [Prb.cpp, 493] - Reading FPGA, Address=0x3060
2013/07/16 18:50:26:507 [001612] TRACE [Prb.cpp, 1035] - ReadFPGAPacket(0x3060):01 00 0C 24 82 00 02 30 60 71 7C 0D 
2013/07/16 18:50:26:507 [007556] TRACE [Prb.cpp, 835] - RxStream contents:01 00 0C 30 06 24 00 01 00 DB EF 0D 
2013/07/16 18:50:26:508 [007556] TRACE [Prb.cpp, 943] - RadioBoardPacket(ACK):01 00 0C 30 06 24 00 01 00 DB EF 0D 
2013/07/16 18:50:26:509 [001612] DEBUG [Prb.cpp, 512] - Read FPGA completed, Address=0x3060, Data=0x00
2013/07/16 18:50:26:509 [001612] TRACE [Prb.cpp, 493] - Reading FPGA, Address=0x3062
2013/07/16 18:50:26:510 [001612] TRACE [Prb.cpp, 1035] - ReadFPGAPacket(0x3062):01 00 0C 25 82 00 02 30 62 09 70 0D 
2013/07/16 18:50:26:510 [007556] TRACE [Prb.cpp, 835] - RxStream contents:01 00 0C 31 06 25 00 01 00 B7 EF 0D 
2013/07/16 18:50:26:511 [007556] TRACE [Prb.cpp, 943] - RadioBoardPacket(ACK):01 00 0C 31 06 25 00 01 00 B7 EF 0D 
2013/07/16 18:50:26:512 [001612] DEBUG [Prb.cpp, 512] - Read FPGA completed, Address=0x3062, Data=0x00
2013/07/16 18:50:26:516 [001612] TRACE [Prb.cpp, 493] - Reading FPGA, Address=0x3066
2013/07/16 18:50:26:517 [001612] TRACE [Prb.cpp, 1035] - ReadFPGAPacket(0x3066):01 00 0C 26 82 00 02 30 66 01 6B 0D 
2013/07/16 18:50:26:517 [007556] TRACE [Prb.cpp, 835] - RxStream contents:01 00 0C 32 06 26 00 01 00 03 EF 0D 
2013/07/16 18:50:26:518 [007556] TRACE [Prb.cpp, 943] - RadioBoardPacket(ACK):01 00 0C 32 06 26 00 01 00 03 EF 0D 
2013/07/16 18:50:26:519 [001612] DEBUG [Prb.cpp, 512] - Read FPGA completed, Address=0x3066, Data=0x00
2013/07/16 18:50:26:519 [001612] TRACE [Prb.cpp, 493] - Reading FPGA, Address=0x3068
2013/07/16 18:50:26:520 [001612] TRACE [Prb.cpp, 1035] - ReadFPGAPacket(0x3068):01 00 0C 27 82 00 02 30 68 79 4F 0D 
2013/07/16 18:50:26:520 [007556] TRACE [Prb.cpp, 835] - RxStream contents:01 00 0C 33 06 27 00 01 00 6F EF 0D 
2013/07/16 18:50:26:521 [007556] TRACE [Prb.cpp, 943] - RadioBoardPacket(ACK):01 00 0C 33 06 27 00 01 00 6F EF 0D 
2013/07/16 18:50:26:522 [001612] DEBUG [Prb.cpp, 512] - Read FPGA completed, Address=0x3068, Data=0x00
2013/07/16 18:50:26:522 [001612] TRACE [Prb.cpp, 493] - Reading FPGA, Address=0x306A
2013/07/16 18:50:26:523 [001612] TRACE [Prb.cpp, 1035] - ReadFPGAPacket(0x306A):01 00 0C 28 82 00 02 30 6A D1 4F 0D 
2013/07/16 18:50:26:523 [007556] TRACE [Prb.cpp, 835] - RxStream contents:01 00 0C 34 06 28 00 01 00 CB E9 0D 
2013/07/16 18:50:26:524 [007556] TRACE [Prb.cpp, 943] - RadioBoardPacket(ACK):01 00 0C 34 06 28 00 01 00 CB E9 0D 
2013/07/16 18:50:26:524 [001612] DEBUG [Prb.cpp, 512] - Read FPGA completed, Address=0x306A, Data=0x00
2013/07/16 18:50:26:527 [001612] TRACE [Prb.cpp, 448] - Writing FPGA, Address=0x1026, Data=0x01
2013/07/16 18:50:26:528 [001612] TRACE [Prb.cpp, 1035] - WriteFPGAPacket(0x1026, 0x01):01 00 0D 29 81 00 03 10 26 01 6A 70 0D 
2013/07/16 18:50:26:528 [007556] TRACE [Prb.cpp, 835] - RxStream contents:01 00 0B 35 06 29 00 00 3B 26 0D 
2013/07/16 18:50:26:529 [007556] TRACE [Prb.cpp, 943] - RadioBoardPacket(ACK):01 00 0B 35 06 29 00 00 3B 26 0D 
2013/07/16 18:50:26:529 [001612] DEBUG [Prb.cpp, 466] - Write FPGA completed, Address=0x1026, Data=0x01
2013/07/16 18:50:26:536 [007088] TRACE [Prb.cpp, 539] - Writing CC1020, Address=0x001C, Data=0x07
2013/07/16 18:50:26:537 [007088] TRACE [Prb.cpp, 1035] - WriteCC1020Packet(0x1C, 0x07):01 00 0D 2A 83 00 03 00 1C 07 04 14 0D 
2013/07/16 18:50:26:537 [007556] TRACE [Prb.cpp, 835] - RxStream contents:01 00 0B 36 06 2A 00 00 3B 92 0D 
2013/07/16 18:50:26:538 [007556] TRACE [Prb.cpp, 943] - RadioBoardPacket(ACK):01 00 0B 36 06 2A 00 00 3B 92 0D 
2013/07/16 18:50:26:539 [007088] DEBUG [Prb.cpp, 557] - Write CC1020 completed, Address=0x001C, Data=0x07
2013/07/16 18:50:26:540 [007088] TRACE [Prb.cpp, 448] - Writing FPGA, Address=0x3012, Data=0x01
2013/07/16 18:50:26:541 [007088] TRACE [Prb.cpp, 1035] - WriteFPGAPacket(0x3012, 0x01):01 00 0D 2B 81 00 03 30 12 01 52 D3 0D 
2013/07/16 18:50:26:541 [007556] TRACE [Prb.cpp, 835] - RxStream contents:01 00 0B 37 06 2B 00 00 3B FE 0D 
2013/07/16 18:50:26:542 [007556] TRACE [Prb.cpp, 943] - RadioBoardPacket(ACK):01 00 0B 37 06 2B 00 00 3B FE 0D 
2013/07/16 18:50:26:543 [007088] DEBUG [Prb.cpp, 466] - Write FPGA completed, Address=0x3012, Data=0x01
2013/07/16 18:50:26:544 [007088] TRACE [Prb.cpp, 493] - Reading FPGA, Address=0x1004
2013/07/16 18:50:26:545 [007088] TRACE [Prb.cpp, 1035] - ReadFPGAPacket(0x1004):01 00 0C 2C 82 00 02 10 04 F0 2D 0D 
2013/07/16 18:50:26:545 [007556] TRACE [Prb.cpp, 835] - RxStream contents:01 00 0C 38 06 2C 00 01 00 BB E5 0D 
2013/07/16 18:50:26:546 [007556] TRACE [Prb.cpp, 943] - RadioBoardPacket(ACK):01 00 0C 38 06 2C 00 01 00 BB E5 0D 
2013/07/16 18:50:26:546 [007088] DEBUG [Prb.cpp, 512] - Read FPGA completed, Address=0x1004, Data=0x00
2013/07/16 18:50:26:547 [007088] TRACE [Prb.cpp, 448] - Writing FPGA, Address=0x1004, Data=0x00
2013/07/16 18:50:26:548 [007088] TRACE [Prb.cpp, 1035] - WriteFPGAPacket(0x1004, 0x00):01 00 0D 2D 81 00 03 10 04 00 A2 36 0D 
2013/07/16 18:50:26:548 [007556] TRACE [Prb.cpp, 835] - RxStream contents:01 00 0B 39 06 2D 00 00 B9 55 0D 
2013/07/16 18:50:26:549 [007556] TRACE [Prb.cpp, 943] - RadioBoardPacket(ACK):01 00 0B 39 06 2D 00 00 B9 55 0D 
2013/07/16 18:50:26:549 [007088] DEBUG [Prb.cpp, 466] - Write FPGA completed, Address=0x1004, Data=0x00
2013/07/16 18:50:26:552 [006232] INFO [CommunicationSystemStates.cpp, 130] - Scan requested. Preamble Burst Duration: 17 seconds. Preamble Burst Data Rate: 2.
2013/07/16 18:50:26:552 [006232] TRACE [Prb.cpp, 448] - Writing FPGA, Address=0x1002, Data=0x11
2013/07/16 18:50:26:553 [006232] TRACE [Prb.cpp, 1035] - WriteFPGAPacket(0x1002, 0x11):01 00 0D 2E 81 00 03 10 02 11 B5 60 0D 
2013/07/16 18:50:26:553 [007556] TRACE [Prb.cpp, 835] - RxStream contents:01 00 0B 3A 06 2E 00 00 B9 E1 0D 
2013/07/16 18:50:26:554 [007556] TRACE [Prb.cpp, 943] - RadioBoardPacket(ACK):01 00 0B 3A 06 2E 00 00 B9 E1 0D 
2013/07/16 18:50:26:555 [006232] DEBUG [Prb.cpp, 466] - Write FPGA completed, Address=0x1002, Data=0x11
2013/07/16 18:50:26:555 [006232] TRACE [Prb.cpp, 493] - Reading FPGA, Address=0x1004
2013/07/16 18:50:26:556 [006232] TRACE [Prb.cpp, 1035] - ReadFPGAPacket(0x1004):01 00 0C 2F 82 00 02 10 04 78 2D 0D 
2013/07/16 18:50:26:556 [007556] TRACE [Prb.cpp, 835] - RxStream contents:01 00 0C 3B 06 2F 00 01 00 0F E5 0D 
2013/07/16 18:50:26:557 [007556] TRACE [Prb.cpp, 943] - RadioBoardPacket(ACK):01 00 0C 3B 06 2F 00 01 00 0F E5 0D 
2013/07/16 18:50:26:558 [006232] DEBUG [Prb.cpp, 512] - Read FPGA completed, Address=0x1004, Data=0x00
2013/07/16 18:50:26:558 [006232] TRACE [Prb.cpp, 448] - Writing FPGA, Address=0x1004, Data=0x08
2013/07/16 18:50:26:559 [006232] TRACE [Prb.cpp, 1035] - WriteFPGAPacket(0x1004, 0x08):01 00 0D 30 81 00 03 10 04 08 3E D5 0D 
2013/07/16 18:50:26:559 [007556] TRACE [Prb.cpp, 835] - RxStream contents:01 00 0B 3C 06 30 00 00 B9 69 0D 
2013/07/16 18:50:26:560 [007556] TRACE [Prb.cpp, 943] - RadioBoardPacket(ACK):01 00 0B 3C 06 30 00 00 B9 69 0D 
2013/07/16 18:50:26:560 [006232] DEBUG [Prb.cpp, 466] - Write FPGA completed, Address=0x1004, Data=0x08
2013/07/16 18:50:26:561 [006232] TRACE [Prb.cpp, 448] - Writing FPGA, Address=0x1008, Data=0x02
2013/07/16 18:50:26:562 [006232] TRACE [Prb.cpp, 1035] - WriteFPGAPacket(0x1008, 0x02):01 00 0D 31 81 00 03 10 08 02 97 FA 0D 
2013/07/16 18:50:26:562 [007556] TRACE [Prb.cpp, 835] - RxStream contents:01 00 0B 3D 06 31 00 00 B9 05 0D 
2013/07/16 18:50:26:563 [007556] TRACE [Prb.cpp, 943] - RadioBoardPacket(ACK):01 00 0B 3D 06 31 00 00 B9 05 0D 
2013/07/16 18:50:26:563 [006232] DEBUG [Prb.cpp, 466] - Write FPGA completed, Address=0x1008, Data=0x02
2013/07/16 18:50:45:703 [007292] INFO [CommunicationSystemStates.cpp, 168] - Scan complete
2013/07/16 18:50:45:704 [007292] TRACE [Prb.cpp, 584] - Reading CC1020, Address=0x0004
2013/07/16 18:50:45:705 [007292] TRACE [Prb.cpp, 1035] - ReadCC1020Packet(0x04):01 00 0C 32 84 00 02 00 04 41 20 0D 
2013/07/16 18:50:45:705 [007556] TRACE [Prb.cpp, 835] - RxStream contents:01 00 0C 3F 06 32 00 01 35 CB 58 0D 
2013/07/16 18:50:45:706 [007556] TRACE [Prb.cpp, 943] - RadioBoardPacket(ACK):01 00 0C 3F 06 32 00 01 35 CB 58 0D 
2013/07/16 18:50:45:707 [007292] DEBUG [Prb.cpp, 603] - Read CC1020 completed, Address=0x0004, Data=0x35
2013/07/16 18:50:45:707 [007292] TRACE [Prb.cpp, 584] - Reading CC1020, Address=0x0005
2013/07/16 18:50:45:708 [007292] TRACE [Prb.cpp, 1035] - ReadCC1020Packet(0x05):01 00 0C 33 84 00 02 00 05 39 26 0D 
2013/07/16 18:50:45:708 [007556] TRACE [Prb.cpp, 835] - RxStream contents:01 00 0C 40 06 33 00 01 F0 F5 BE 0D 
2013/07/16 18:50:45:709 [007556] TRACE [Prb.cpp, 943] - RadioBoardPacket(ACK):01 00 0C 40 06 33 00 01 F0 F5 BE 0D 
2013/07/16 18:50:45:710 [007292] DEBUG [Prb.cpp, 603] - Read CC1020 completed, Address=0x0005, Data=0xF0
2013/07/16 18:50:45:710 [007292] TRACE [Prb.cpp, 584] - Reading CC1020, Address=0x0006
2013/07/16 18:50:45:711 [007292] TRACE [Prb.cpp, 1035] - ReadCC1020Packet(0x06):01 00 0C 34 84 00 02 00 06 51 2A 0D 
2013/07/16 18:50:45:711 [007556] TRACE [Prb.cpp, 835] - RxStream contents:01 00 0C 41 06 34 00 01 21 E3 58 0D 
2013/07/16 18:50:45:712 [007556] TRACE [Prb.cpp, 943] - RadioBoardPacket(ACK):01 00 0C 41 06 34 00 01 21 E3 58 0D 
2013/07/16 18:50:45:713 [007292] DEBUG [Prb.cpp, 603] - Read CC1020 completed, Address=0x0006, Data=0x21
2013/07/16 18:50:45:713 [007292] TRACE [Prb.cpp, 584] - Reading CC1020, Address=0x0008
2013/07/16 18:50:45:714 [007292] TRACE [Prb.cpp, 1035] - ReadCC1020Packet(0x08):01 00 0C 35 84 00 02 00 08 29 0E 0D 
2013/07/16 18:50:45:714 [007556] TRACE [Prb.cpp, 835] - RxStream contents:01 00 0C 42 06 35 00 01 35 FF 23 0D 
2013/07/16 18:50:45:715 [007556] TRACE [Prb.cpp, 943] - RadioBoardPacket(ACK):01 00 0C 42 06 35 00 01 35 FF 23 0D 
2013/07/16 18:50:45:716 [007292] DEBUG [Prb.cpp, 603] - Read CC1020 completed, Address=0x0008, Data=0x35
2013/07/16 18:50:45:716 [007292] TRACE [Prb.cpp, 584] - Reading CC1020, Address=0x0009
2013/07/16 18:50:45:717 [007292] TRACE [Prb.cpp, 1035] - ReadCC1020Packet(0x09):01 00 0C 36 84 00 02 00 09 21 0B 0D 
2013/07/16 18:50:45:717 [007556] TRACE [Prb.cpp, 835] - RxStream contents:01 00 0C 43 06 36 00 01 FA 39 82 0D 
2013/07/16 18:50:45:718 [007556] TRACE [Prb.cpp, 943] - RadioBoardPacket(ACK):01 00 0C 43 06 36 00 01 FA 39 82 0D 
2013/07/16 18:50:45:719 [007292] DEBUG [Prb.cpp, 603] - Read CC1020 completed, Address=0x0009, Data=0xFA
2013/07/16 18:50:45:719 [007292] TRACE [Prb.cpp, 584] - Reading CC1020, Address=0x000A
2013/07/16 18:50:45:720 [007292] TRACE [Prb.cpp, 1035] - ReadCC1020Packet(0x0A):01 00 0C 37 84 00 02 00 0A D9 02 0D 
2013/07/16 18:50:45:720 [007556] TRACE [Prb.cpp, 835] - RxStream contents:01 00 0C 44 06 37 00 01 CB 45 22 0D 
2013/07/16 18:50:45:721 [007556] TRACE [Prb.cpp, 943] - RadioBoardPacket(ACK):01 00 0C 44 06 37 00 01 CB 45 22 0D 
2013/07/16 18:50:45:722 [007292] DEBUG [Prb.cpp, 603] - Read CC1020 completed, Address=0x000A, Data=0xCB
2013/07/16 18:50:45:722 [007292] TRACE [Prb.cpp, 584] - Reading CC1020, Address=0x000F
2013/07/16 18:50:45:723 [007292] TRACE [Prb.cpp, 1035] - ReadCC1020Packet(0x0F):01 00 0C 38 84 00 02 00 0F F1 13 0D 
2013/07/16 18:50:45:723 [007556] TRACE [Prb.cpp, 835] - RxStream contents:01 00 0C 45 06 38 00 01 DF 71 59 0D 
2013/07/16 18:50:45:724 [007556] TRACE [Prb.cpp, 943] - RadioBoardPacket(ACK):01 00 0C 45 06 38 00 01 DF 71 59 0D 
2013/07/16 18:50:45:724 [007292] DEBUG [Prb.cpp, 603] - Read CC1020 completed, Address=0x000F, Data=0xDF
2013/07/16 18:50:45:725 [007292] TRACE [Prb.cpp, 584] - Reading CC1020, Address=0x0010
2013/07/16 18:50:45:725 [007292] TRACE [Prb.cpp, 1035] - ReadCC1020Packet(0x10):01 00 0C 39 84 00 02 00 10 89 51 0D 
2013/07/16 18:50:45:725 [007556] TRACE [Prb.cpp, 835] - RxStream contents:01 00 0C 46 06 39 00 01 80 6C 98 0D 
2013/07/16 18:50:45:726 [007556] TRACE [Prb.cpp, 943] - RadioBoardPacket(ACK):01 00 0C 46 06 39 00 01 80 6C 98 0D 
2013/07/16 18:50:45:727 [007292] DEBUG [Prb.cpp, 603] - Read CC1020 completed, Address=0x0010, Data=0x80
2013/07/16 18:50:45:727 [007292] TRACE [Prb.cpp, 584] - Reading CC1020, Address=0x0013
2013/07/16 18:50:45:728 [007556] TRACE [Prb.cpp, 835] - RxStream contents:01 00 0C 47 06 3A 00 01 33 2B 32 0D 
2013/07/16 18:50:45:728 [007292] TRACE [Prb.cpp, 1035] - ReadCC1020Packet(0x13):01 00 0C 3A 84 00 02 00 13 01 5B 0D 
2013/07/16 18:50:45:728 [007556] TRACE [Prb.cpp, 943] - RadioBoardPacket(ACK):01 00 0C 47 06 3A 00 01 33 2B 32 0D 
2013/07/16 18:50:45:729 [007292] DEBUG [Prb.cpp, 603] - Read CC1020 completed, Address=0x0013, Data=0x33
2013/07/16 18:50:45:730 [007292] TRACE [Prb.cpp, 584] - Reading CC1020, Address=0x0014
2013/07/16 18:50:45:730 [007292] TRACE [Prb.cpp, 1035] - ReadCC1020Packet(0x14):01 00 0C 3B 84 00 02 00 14 79 49 0D 
2013/07/16 18:50:45:730 [007556] TRACE [Prb.cpp, 835] - RxStream contents:01 00 0C 48 06 3B 00 01 3D 17 19 0D 
2013/07/16 18:50:45:731 [007556] TRACE [Prb.cpp, 943] - RadioBoardPacket(ACK):01 00 0C 48 06 3B 00 01 3D 17 19 0D 
2013/07/16 18:50:45:732 [007292] DEBUG [Prb.cpp, 603] - Read CC1020 completed, Address=0x0014, Data=0x3D
2013/07/16 18:50:45:732 [007292] TRACE [Prb.cpp, 584] - Reading CC1020, Address=0x0043
2013/07/16 18:50:45:733 [007292] TRACE [Prb.cpp, 1035] - ReadCC1020Packet(0x43):01 00 0C 3C 84 00 02 00 43 90 BE 0D 
2013/07/16 18:50:45:733 [007556] TRACE [Prb.cpp, 835] - RxStream contents:01 00 0C 49 06 3C 00 01 00 83 94 0D 
2013/07/16 18:50:45:734 [007556] TRACE [Prb.cpp, 943] - RadioBoardPacket(ACK):01 00 0C 49 06 3C 00 01 00 83 94 0D 
2013/07/16 18:50:45:734 [007292] DEBUG [Prb.cpp, 603] - Read CC1020 completed, Address=0x0043, Data=0x00
2013/07/16 18:50:45:735 [007292] DEBUG [ComSysDiagnostics.cpp, 63] - CC1020 [Scan complete] FREQ_2A: 0x35 FREQ_1A: 0xf0 FREQ_0A: 0x21
2013/07/16 18:50:45:735 [007292] DEBUG [ComSysDiagnostics.cpp, 67] - CC1020 [Scan complete] FREQ_2B: 0x35 FREQ_1B: 0xfa FREQ_0B: 0xcb
2013/07/16 18:50:45:736 [007292] DEBUG [ComSysDiagnostics.cpp, 72] - CC1020 [Scan complete] AFC_CONTROL: 0xdf FILTER: 0x80 VGA3: 0x33 VGA4: 0x3d AFC: 0x00
2013/07/16 18:50:45:736 [007292] INFO [CommunicationSystemStates.cpp, 173] - Found 0 valid ids during the scan operation.
2013/07/16 18:50:45:738 [007292] INFO [CommunicationSystemStates.cpp, 198] - Found 0 invalid ids during the scan operation.
2013/07/16 18:50:45:741 [006232] INFO [CommunicationSystemStates.cpp, 130] - Scan requested. Preamble Burst Duration: 2 seconds. Preamble Burst Data Rate: 0.
2013/07/16 18:50:45:742 [006232] TRACE [Prb.cpp, 448] - Writing FPGA, Address=0x1002, Data=0x02
2013/07/16 18:50:45:742 [006232] TRACE [Prb.cpp, 1035] - WriteFPGAPacket(0x1002, 0x02):01 00 0D 3D 81 00 03 10 02 02 A7 3A 0D 
2013/07/16 18:50:45:742 [007556] TRACE [Prb.cpp, 835] - RxStream contents:01 00 0B 4A 06 3D 00 00 AE 1D 0D 
2013/07/16 18:50:45:743 [007556] TRACE [Prb.cpp, 943] - RadioBoardPacket(ACK):01 00 0B 4A 06 3D 00 00 AE 1D 0D 
2013/07/16 18:50:45:744 [006232] DEBUG [Prb.cpp, 466] - Write FPGA completed, Address=0x1002, Data=0x02
2013/07/16 18:50:45:744 [006232] TRACE [Prb.cpp, 493] - Reading FPGA, Address=0x1004
2013/07/16 18:50:45:745 [006232] TRACE [Prb.cpp, 1035] - ReadFPGAPacket(0x1004):01 00 0C 3E 82 00 02 10 04 00 3C 0D 
2013/07/16 18:50:45:745 [007556] TRACE [Prb.cpp, 835] - RxStream contents:01 00 0C 4B 06 3E 00 01 08 DB A7 0D 
2013/07/16 18:50:45:746 [007556] TRACE [Prb.cpp, 943] - RadioBoardPacket(ACK):01 00 0C 4B 06 3E 00 01 08 DB A7 0D 
2013/07/16 18:50:45:747 [006232] DEBUG [Prb.cpp, 512] - Read FPGA completed, Address=0x1004, Data=0x08
2013/07/16 18:50:45:747 [006232] TRACE [Prb.cpp, 448] - Writing FPGA, Address=0x1004, Data=0x00
2013/07/16 18:50:45:748 [006232] TRACE [Prb.cpp, 1035] - WriteFPGAPacket(0x1004, 0x00):01 00 0D 3F 81 00 03 10 04 00 B1 16 0D 
2013/07/16 18:50:45:748 [007556] TRACE [Prb.cpp, 835] - RxStream contents:01 00 0B 4C 06 3F 00 00 2F 26 0D 
2013/07/16 18:50:45:749 [007556] TRACE [Prb.cpp, 943] - RadioBoardPacket(ACK):01 00 0B 4C 06 3F 00 00 2F 26 0D 
2013/07/16 18:50:45:749 [006232] DEBUG [Prb.cpp, 466] - Write FPGA completed, Address=0x1004, Data=0x00
2013/07/16 18:50:45:750 [006232] TRACE [Prb.cpp, 448] - Writing FPGA, Address=0x1008, Data=0x02
2013/07/16 18:50:45:750 [006232] TRACE [Prb.cpp, 1035] - WriteFPGAPacket(0x1008, 0x02):01 00 0D 40 81 00 03 10 08 02 E1 EA 0D 
2013/07/16 18:50:45:750 [007556] TRACE [Prb.cpp, 835] - RxStream contents:01 00 0B 4D 06 40 00 00 29 52 0D 
2013/07/16 18:50:45:751 [007556] TRACE [Prb.cpp, 943] - RadioBoardPacket(ACK):01 00 0B 4D 06 40 00 00 29 52 0D 
2013/07/16 18:50:45:752 [006232] DEBUG [Prb.cpp, 466] - Write FPGA completed, Address=0x1008, Data=0x02
2013/07/16 18:50:49:859 [007292] INFO [CommunicationSystemStates.cpp, 168] - Scan complete
2013/07/16 18:50:49:859 [007292] TRACE [Prb.cpp, 584] - Reading CC1020, Address=0x0004
2013/07/16 18:50:49:860 [007292] TRACE [Prb.cpp, 1035] - ReadCC1020Packet(0x04):01 00 0C 41 84 00 02 00 04 49 54 0D 
2013/07/16 18:50:49:860 [007556] TRACE [Prb.cpp, 835] - RxStream contents:01 00 0C 4F 06 41 00 01 35 37 3B 0D 
2013/07/16 18:50:49:861 [007556] TRACE [Prb.cpp, 943] - RadioBoardPacket(ACK):01 00 0C 4F 06 41 00 01 35 37 3B 0D 
2013/07/16 18:50:49:862 [007292] DEBUG [Prb.cpp, 603] - Read CC1020 completed, Address=0x0004, Data=0x35
2013/07/16 18:50:49:863 [007292] TRACE [Prb.cpp, 584] - Reading CC1020, Address=0x0005
2013/07/16 18:50:49:863 [007292] TRACE [Prb.cpp, 1035] - ReadCC1020Packet(0x05):01 00 0C 42 84 00 02 00 05 41 51 0D 
2013/07/16 18:50:49:863 [007556] TRACE [Prb.cpp, 835] - RxStream contents:01 00 0C 50 06 42 00 01 F0 A1 B8 0D 
2013/07/16 18:50:49:865 [007556] TRACE [Prb.cpp, 943] - RadioBoardPacket(ACK):01 00 0C 50 06 42 00 01 F0 A1 B8 0D 
2013/07/16 18:50:49:865 [007292] DEBUG [Prb.cpp, 603] - Read CC1020 completed, Address=0x0005, Data=0xF0
2013/07/16 18:50:49:866 [007292] TRACE [Prb.cpp, 584] - Reading CC1020, Address=0x0006
2013/07/16 18:50:49:866 [007292] TRACE [Prb.cpp, 1035] - ReadCC1020Packet(0x06):01 00 0C 43 84 00 02 00 06 B9 58 0D 
2013/07/16 18:50:49:866 [007556] TRACE [Prb.cpp, 835] - RxStream contents:01 00 0C 51 06 43 00 01 21 CF 5E 0D 
2013/07/16 18:50:49:867 [007556] TRACE [Prb.cpp, 943] - RadioBoardPacket(ACK):01 00 0C 51 06 43 00 01 21 CF 5E 0D 
2013/07/16 18:50:49:868 [007292] DEBUG [Prb.cpp, 603] - Read CC1020 completed, Address=0x0006, Data=0x21
2013/07/16 18:50:49:869 [007292] TRACE [Prb.cpp, 584] - Reading CC1020, Address=0x0008
2013/07/16 18:50:49:869 [007292] TRACE [Prb.cpp, 1035] - ReadCC1020Packet(0x08):01 00 0C 44 84 00 02 00 08 51 79 0D 
2013/07/16 18:50:49:869 [007556] TRACE [Prb.cpp, 835] - RxStream contents:01 00 0C 52 06 44 00 01 35 AB 25 0D 
2013/07/16 18:50:49:870 [007556] TRACE [Prb.cpp, 943] - RadioBoardPacket(ACK):01 00 0C 52 06 44 00 01 35 AB 25 0D 
2013/07/16 18:50:49:871 [007292] DEBUG [Prb.cpp, 603] - Read CC1020 completed, Address=0x0008, Data=0x35
2013/07/16 18:50:49:871 [007292] TRACE [Prb.cpp, 584] - Reading CC1020, Address=0x0009
2013/07/16 18:50:49:872 [007292] TRACE [Prb.cpp, 1035] - ReadCC1020Packet(0x09):01 00 0C 45 84 00 02 00 09 29 7F 0D 
2013/07/16 18:50:49:872 [007556] TRACE [Prb.cpp, 835] - RxStream contents:01 00 0C 53 06 45 00 01 FA C5 87 0D 
2013/07/16 18:50:49:873 [007556] TRACE [Prb.cpp, 943] - RadioBoardPacket(ACK):01 00 0C 53 06 45 00 01 FA C5 87 0D 
2013/07/16 18:50:49:874 [007292] DEBUG [Prb.cpp, 603] - Read CC1020 completed, Address=0x0009, Data=0xFA
2013/07/16 18:50:49:874 [007292] TRACE [Prb.cpp, 584] - Reading CC1020, Address=0x000A
2013/07/16 18:50:49:875 [007292] TRACE [Prb.cpp, 1035] - ReadCC1020Packet(0x0A):01 00 0C 46 84 00 02 00 0A A1 75 0D 
2013/07/16 18:50:49:875 [007556] TRACE [Prb.cpp, 835] - RxStream contents:01 00 0C 54 06 46 00 01 CB 11 24 0D 
2013/07/16 18:50:49:876 [007556] TRACE [Prb.cpp, 943] - RadioBoardPacket(ACK):01 00 0C 54 06 46 00 01 CB 11 24 0D 
2013/07/16 18:50:49:876 [007292] DEBUG [Prb.cpp, 603] - Read CC1020 completed, Address=0x000A, Data=0xCB
2013/07/16 18:50:49:877 [007292] TRACE [Prb.cpp, 584] - Reading CC1020, Address=0x000F
2013/07/16 18:50:49:878 [007292] TRACE [Prb.cpp, 1035] - ReadCC1020Packet(0x0F):01 00 0C 47 84 00 02 00 0F 59 68 0D 
2013/07/16 18:50:49:878 [007556] TRACE [Prb.cpp, 835] - RxStream contents:01 00 0C 55 06 47 00 01 DF 7D 5C 0D 
2013/07/16 18:50:49:879 [007556] TRACE [Prb.cpp, 943] - RadioBoardPacket(ACK):01 00 0C 55 06 47 00 01 DF 7D 5C 0D 
2013/07/16 18:50:49:879 [007292] DEBUG [Prb.cpp, 603] - Read CC1020 completed, Address=0x000F, Data=0xDF
2013/07/16 18:50:49:880 [007292] TRACE [Prb.cpp, 584] - Reading CC1020, Address=0x0010
2013/07/16 18:50:49:880 [007292] TRACE [Prb.cpp, 1035] - ReadCC1020Packet(0x10):01 00 0C 48 84 00 02 00 10 F1 26 0D 
2013/07/16 18:50:49:880 [007556] TRACE [Prb.cpp, 835] - RxStream contents:01 00 0C 56 06 48 00 01 80 38 9E 0D 
2013/07/16 18:50:49:881 [007556] TRACE [Prb.cpp, 943] - RadioBoardPacket(ACK):01 00 0C 56 06 48 00 01 80 38 9E 0D 
2013/07/16 18:50:49:882 [007292] DEBUG [Prb.cpp, 603] - Read CC1020 completed, Address=0x0010, Data=0x80
2013/07/16 18:50:49:882 [007292] TRACE [Prb.cpp, 584] - Reading CC1020, Address=0x0013
2013/07/16 18:50:49:883 [007292] TRACE [Prb.cpp, 1035] - ReadCC1020Packet(0x13):01 00 0C 49 84 00 02 00 13 09 2F 0D 
2013/07/16 18:50:49:883 [007556] TRACE [Prb.cpp, 835] - RxStream contents:01 00 0C 57 06 49 00 01 33 D7 37 0D 
2013/07/16 18:50:49:884 [007556] TRACE [Prb.cpp, 943] - RadioBoardPacket(ACK):01 00 0C 57 06 49 00 01 33 D7 37 0D 
2013/07/16 18:50:49:885 [007292] DEBUG [Prb.cpp, 603] - Read CC1020 completed, Address=0x0013, Data=0x33
2013/07/16 18:50:49:885 [007292] TRACE [Prb.cpp, 584] - Reading CC1020, Address=0x0014
2013/07/16 18:50:49:886 [007292] TRACE [Prb.cpp, 1035] - ReadCC1020Packet(0x14):01 00 0C 4A 84 00 02 00 14 01 3E 0D 
2013/07/16 18:50:49:886 [007556] TRACE [Prb.cpp, 835] - RxStream contents:01 00 0C 58 06 4A 00 01 3D 43 1F 0D 
2013/07/16 18:50:49:887 [007556] TRACE [Prb.cpp, 943] - RadioBoardPacket(ACK):01 00 0C 58 06 4A 00 01 3D 43 1F 0D 
2013/07/16 18:50:49:887 [007292] DEBUG [Prb.cpp, 603] - Read CC1020 completed, Address=0x0014, Data=0x3D
2013/07/16 18:50:49:888 [007292] TRACE [Prb.cpp, 584] - Reading CC1020, Address=0x0043
2013/07/16 18:50:49:889 [007292] TRACE [Prb.cpp, 1035] - ReadCC1020Packet(0x43):01 00 0C 4B 84 00 02 00 43 78 CC 0D 
2013/07/16 18:50:49:889 [007556] TRACE [Prb.cpp, 835] - RxStream contents:01 00 0C 59 06 4B 00 01 00 AF 92 0D 
2013/07/16 18:50:49:890 [007556] TRACE [Prb.cpp, 943] - RadioBoardPacket(ACK):01 00 0C 59 06 4B 00 01 00 AF 92 0D 
2013/07/16 18:50:49:890 [007292] DEBUG [Prb.cpp, 603] - Read CC1020 completed, Address=0x0043, Data=0x00
2013/07/16 18:50:49:891 [007292] DEBUG [ComSysDiagnostics.cpp, 63] - CC1020 [Scan complete] FREQ_2A: 0x35 FREQ_1A: 0xf0 FREQ_0A: 0x21
2013/07/16 18:50:49:891 [007292] DEBUG [ComSysDiagnostics.cpp, 67] - CC1020 [Scan complete] FREQ_2B: 0x35 FREQ_1B: 0xfa FREQ_0B: 0xcb
2013/07/16 18:50:49:892 [007292] DEBUG [ComSysDiagnostics.cpp, 72] - CC1020 [Scan complete] AFC_CONTROL: 0xdf FILTER: 0x80 VGA3: 0x33 VGA4: 0x3d AFC: 0x00
2013/07/16 18:50:49:892 [007292] INFO [CommunicationSystemStates.cpp, 173] - Found 1 valid ids during the scan operation.
2013/07/16 18:50:49:894 [007292] INFO [CommunicationSystemStates.cpp, 190] - Id: 0x80000009.
2013/07/16 18:50:49:895 [007292] INFO [CommunicationSystemStates.cpp, 198] - Found 0 invalid ids during the scan operation.
2013/07/16 18:50:50:903 [001612] TRACE [Prb.cpp, 448] - Writing FPGA, Address=0x3012, Data=0x00
2013/07/16 18:50:50:904 [001612] TRACE [Prb.cpp, 1035] - WriteFPGAPacket(0x3012, 0x00):01 00 0D 4C 81 00 03 30 12 00 33 A5 0D 
2013/07/16 18:50:50:904 [007556] TRACE [Prb.cpp, 835] - RxStream contents:01 00 0B 5A 06 4C 00 00 2F 4A 0D 
2013/07/16 18:50:50:905 [007556] TRACE [Prb.cpp, 943] - RadioBoardPacket(ACK):01 00 0B 5A 06 4C 00 00 2F 4A 0D 
2013/07/16 18:50:50:906 [001612] DEBUG [Prb.cpp, 466] - Write FPGA completed, Address=0x3012, Data=0x00
2013/07/16 18:50:50:906 [001612] TRACE [Prb.cpp, 493] - Reading FPGA, Address=0x1026
2013/07/16 18:50:50:907 [001612] TRACE [Prb.cpp, 1035] - ReadFPGAPacket(0x1026):01 00 0C 4D 82 00 02 10 26 08 84 0D 
2013/07/16 18:50:50:907 [007556] TRACE [Prb.cpp, 835] - RxStream contents:01 00 0C 5B 06 4D 00 01 00 A7 91 0D 
2013/07/16 18:50:50:908 [007556] TRACE [Prb.cpp, 943] - RadioBoardPacket(ACK):01 00 0C 5B 06 4D 00 01 00 A7 91 0D 
2013/07/16 18:50:50:908 [001612] DEBUG [Prb.cpp, 512] - Read FPGA completed, Address=0x1026, Data=0x00
2013/07/16 18:50:50:909 [001612] TRACE [Prb.cpp, 493] - Reading FPGA, Address=0x3012
2013/07/16 18:50:50:910 [001612] TRACE [Prb.cpp, 1035] - ReadFPGAPacket(0x3012):01 00 0C 4E 82 00 02 30 12 40 3C 0D 
2013/07/16 18:50:50:910 [007556] TRACE [Prb.cpp, 835] - RxStream contents:01 00 0C 5C 06 4E 00 01 00 F3 97 0D 
2013/07/16 18:50:50:911 [007556] TRACE [Prb.cpp, 943] - RadioBoardPacket(ACK):01 00 0C 5C 06 4E 00 01 00 F3 97 0D 
2013/07/16 18:50:50:911 [001612] DEBUG [Prb.cpp, 512] - Read FPGA completed, Address=0x3012, Data=0x00
2013/07/16 18:50:50:914 [007088] TRACE [Prb.cpp, 493] - Reading FPGA, Address=0x1004
2013/07/16 18:50:50:915 [007088] TRACE [Prb.cpp, 1035] - ReadFPGAPacket(0x1004):01 00 0C 4F 82 00 02 10 04 78 4B 0D 
2013/07/16 18:50:50:915 [007556] TRACE [Prb.cpp, 835] - RxStream contents:01 00 0C 5D 06 4F 00 01 00 9F 97 0D 
2013/07/16 18:50:50:916 [007556] TRACE [Prb.cpp, 943] - RadioBoardPacket(ACK):01 00 0C 5D 06 4F 00 01 00 9F 97 0D 
2013/07/16 18:50:50:917 [007088] DEBUG [Prb.cpp, 512] - Read FPGA completed, Address=0x1004, Data=0x00
2013/07/16 18:50:50:917 [007088] TRACE [Prb.cpp, 448] - Writing FPGA, Address=0x1004, Data=0x00
2013/07/16 18:50:50:919 [007556] TRACE [Prb.cpp, 835] - RxStream contents:01 00 0B 5E 06 50 00 00 2F 1A 0D 
2013/07/16 18:50:50:919 [007088] TRACE [Prb.cpp, 1035] - WriteFPGAPacket(0x1004, 0x00):01 00 0D 50 81 00 03 10 04 00 D8 E6 0D 
2013/07/16 18:50:50:919 [007556] TRACE [Prb.cpp, 943] - RadioBoardPacket(ACK):01 00 0B 5E 06 50 00 00 2F 1A 0D 
2013/07/16 18:50:50:920 [007088] DEBUG [Prb.cpp, 466] - Write FPGA completed, Address=0x1004, Data=0x00
2013/07/16 18:50:50:922 [006232] INFO [CrossTalkDetectorStates.cpp, 98] - LinkTimeout = 4523 ms
2013/07/16 18:50:50:922 [006232] INFO [CrossTalkDetector.cpp, 68] - CrossTalkDetector state changing from IdleState to LinkingState
2013/07/16 18:50:50:924 [006232] INFO [CommunicationSystemStates.cpp, 147] - Link requested. Id: 0x200bb2. Preamble Burst Duration: 2 seconds. Preamble Burst Data Rate: 0.
2013/07/16 18:50:50:925 [006232] DEBUG [ComSysDiagnostics.cpp, 95] - Resetting FPGA Frame Error Counter
2013/07/16 18:50:50:926 [006232] TRACE [Prb.cpp, 448] - Writing FPGA, Address=0x301C, Data=0x00
2013/07/16 18:50:50:926 [006232] TRACE [Prb.cpp, 1035] - WriteFPGAPacket(0x301C, 0x00):01 00 0D 51 81 00 03 30 1C 00 8B 76 0D 
2013/07/16 18:50:50:926 [007556] TRACE [Prb.cpp, 835] - RxStream contents:01 00 0B 5F 06 51 00 00 2F 76 0D 
2013/07/16 18:50:50:927 [007556] TRACE [Prb.cpp, 943] - RadioBoardPacket(ACK):01 00 0B 5F 06 51 00 00 2F 76 0D 
2013/07/16 18:50:50:928 [006232] DEBUG [Prb.cpp, 466] - Write FPGA completed, Address=0x301C, Data=0x00
2013/07/16 18:50:50:928 [006232] TRACE [Prb.cpp, 448] - Writing FPGA, Address=0x2000, Data=0x00
2013/07/16 18:50:50:929 [006232] TRACE [Prb.cpp, 1035] - WriteFPGAPacket(0x2000, 0x00):01 00 0D 52 81 00 03 20 00 00 C1 06 0D 
2013/07/16 18:50:50:929 [007556] TRACE [Prb.cpp, 835] - RxStream contents:01 00 0B 60 06 52 00 00 25 62 0D 
2013/07/16 18:50:50:930 [007556] TRACE [Prb.cpp, 943] - RadioBoardPacket(ACK):01 00 0B 60 06 52 00 00 25 62 0D 
2013/07/16 18:50:50:931 [006232] DEBUG [Prb.cpp, 466] - Write FPGA completed, Address=0x2000, Data=0x00
2013/07/16 18:50:50:931 [006232] TRACE [Prb.cpp, 448] - Writing FPGA, Address=0x2002, Data=0x20
2013/07/16 18:50:50:932 [006232] TRACE [Prb.cpp, 1035] - WriteFPGAPacket(0x2002, 0x20):01 00 0D 53 81 00 03 20 02 20 4C D5 0D 
2013/07/16 18:50:50:932 [007556] TRACE [Prb.cpp, 835] - RxStream contents:01 00 0B 61 06 53 00 00 25 0E 0D 
2013/07/16 18:50:50:932 [007556] TRACE [Prb.cpp, 943] - RadioBoardPacket(ACK):01 00 0B 61 06 53 00 00 25 0E 0D 
2013/07/16 18:50:50:933 [006232] DEBUG [Prb.cpp, 466] - Write FPGA completed, Address=0x2002, Data=0x20
2013/07/16 18:50:50:933 [006232] TRACE [Prb.cpp, 448] - Writing FPGA, Address=0x2004, Data=0x0B
2013/07/16 18:50:50:934 [006232] TRACE [Prb.cpp, 1035] - WriteFPGAPacket(0x2004, 0x0B):01 00 0D 54 81 00 03 20 04 0B DF 5C 0D 
2013/07/16 18:50:50:934 [007556] TRACE [Prb.cpp, 835] - RxStream contents:01 00 0B 62 06 54 00 00 A5 E9 0D 
2013/07/16 18:50:50:935 [007556] TRACE [Prb.cpp, 943] - RadioBoardPacket(ACK):01 00 0B 62 06 54 00 00 A5 E9 0D 
2013/07/16 18:50:50:935 [006232] DEBUG [Prb.cpp, 466] - Write FPGA completed, Address=0x2004, Data=0x0B
2013/07/16 18:50:50:936 [006232] TRACE [Prb.cpp, 448] - Writing FPGA, Address=0x2006, Data=0xB2
2013/07/16 18:50:50:937 [006232] TRACE [Prb.cpp, 1035] - WriteFPGAPacket(0x2006, 0xB2):01 00 0D 55 81 00 03 20 06 B2 51 D9 0D 
2013/07/16 18:50:50:937 [007556] TRACE [Prb.cpp, 835] - RxStream contents:01 00 0B 63 06 55 00 00 A5 85 0D 
2013/07/16 18:50:50:938 [007556] TRACE [Prb.cpp, 943] - RadioBoardPacket(ACK):01 00 0B 63 06 55 00 00 A5 85 0D 
2013/07/16 18:50:50:938 [006232] DEBUG [Prb.cpp, 466] - Write FPGA completed, Address=0x2006, Data=0xB2
2013/07/16 18:50:50:938 [006232] TRACE [Prb.cpp, 448] - Writing FPGA, Address=0x1002, Data=0x02
2013/07/16 18:50:50:939 [006232] TRACE [Prb.cpp, 1035] - WriteFPGAPacket(0x1002, 0x02):01 00 0D 56 81 00 03 10 02 02 4A 89 0D 
2013/07/16 18:50:50:939 [007556] TRACE [Prb.cpp, 835] - RxStream contents:01 00 0B 64 06 56 00 00 24 D2 0D 
2013/07/16 18:50:50:940 [007556] TRACE [Prb.cpp, 943] - RadioBoardPacket(ACK):01 00 0B 64 06 56 00 00 24 D2 0D 
2013/07/16 18:50:50:940 [006232] DEBUG [Prb.cpp, 466] - Write FPGA completed, Address=0x1002, Data=0x02
2013/07/16 18:50:50:941 [006232] TRACE [Prb.cpp, 493] - Reading FPGA, Address=0x1004
2013/07/16 18:50:50:942 [006232] TRACE [Prb.cpp, 1035] - ReadFPGAPacket(0x1004):01 00 0C 57 82 00 02 10 04 B8 50 0D 
2013/07/16 18:50:50:942 [007556] TRACE [Prb.cpp, 835] - RxStream contents:01 00 0C 65 06 57 00 01 00 BF A8 0D 
2013/07/16 18:50:50:943 [007556] TRACE [Prb.cpp, 943] - RadioBoardPacket(ACK):01 00 0C 65 06 57 00 01 00 BF A8 0D 
2013/07/16 18:50:50:943 [006232] DEBUG [Prb.cpp, 512] - Read FPGA completed, Address=0x1004, Data=0x00
2013/07/16 18:50:50:944 [006232] TRACE [Prb.cpp, 448] - Writing FPGA, Address=0x1004, Data=0x00
2013/07/16 18:50:50:944 [006232] TRACE [Prb.cpp, 1035] - WriteFPGAPacket(0x1004, 0x00):01 00 0D 58 81 00 03 10 04 00 50 65 0D 
2013/07/16 18:50:50:944 [007556] TRACE [Prb.cpp, 835] - RxStream contents:01 00 0B 66 06 58 00 00 24 FA 0D 
2013/07/16 18:50:50:945 [007556] TRACE [Prb.cpp, 943] - RadioBoardPacket(ACK):01 00 0B 66 06 58 00 00 24 FA 0D 
2013/07/16 18:50:50:946 [006232] DEBUG [Prb.cpp, 466] - Write FPGA completed, Address=0x1004, Data=0x00
2013/07/16 18:50:50:946 [006232] TRACE [Prb.cpp, 448] - Writing FPGA, Address=0x1008, Data=0x04
2013/07/16 18:50:50:947 [006232] TRACE [Prb.cpp, 1035] - WriteFPGAPacket(0x1008, 0x04):01 00 0D 59 81 00 03 10 08 04 79 6D 0D 
2013/07/16 18:50:50:947 [007556] TRACE [Prb.cpp, 835] - RxStream contents:01 00 0B 67 06 59 00 00 24 96 0D 
2013/07/16 18:50:50:948 [007556] TRACE [Prb.cpp, 943] - RadioBoardPacket(ACK):01 00 0B 67 06 59 00 00 24 96 0D 
2013/07/16 18:50:50:948 [006232] DEBUG [Prb.cpp, 466] - Write FPGA completed, Address=0x1008, Data=0x04
2013/07/16 18:50:55:088 [007292] INFO [CrossTalkDetector.cpp, 68] - CrossTalkDetector state changing from LinkingState to IdleState
2013/07/16 18:50:55:089 [007292] INFO [CommunicationSystemStates.cpp, 210] - Link failed.
2013/07/16 18:50:55:090 [007088] TRACE [Prb.cpp, 493] - Reading FPGA, Address=0x1004
2013/07/16 18:50:55:091 [007088] TRACE [Prb.cpp, 1035] - ReadFPGAPacket(0x1004):01 00 0C 5A 82 00 02 10 04 E0 5C 0D 
2013/07/16 18:50:55:091 [007556] TRACE [Prb.cpp, 835] - RxStream contents:01 00 0C 69 06 5A 00 01 00 7B A4 0D 
2013/07/16 18:50:55:092 [007556] TRACE [Prb.cpp, 943] - RadioBoardPacket(ACK):01 00 0C 69 06 5A 00 01 00 7B A4 0D 
2013/07/16 18:50:55:092 [007088] DEBUG [Prb.cpp, 512] - Read FPGA completed, Address=0x1004, Data=0x00
2013/07/16 18:50:55:093 [007088] TRACE [Prb.cpp, 448] - Writing FPGA, Address=0x1004, Data=0x00
2013/07/16 18:50:55:094 [007088] TRACE [Prb.cpp, 1035] - WriteFPGAPacket(0x1004, 0x00):01 00 0D 5B 81 00 03 10 04 00 53 55 0D 
2013/07/16 18:50:55:094 [007556] TRACE [Prb.cpp, 835] - RxStream contents:01 00 0B 6A 06 5B 00 00 26 E6 0D 
2013/07/16 18:50:55:095 [007556] TRACE [Prb.cpp, 943] - RadioBoardPacket(ACK):01 00 0B 6A 06 5B 00 00 26 E6 0D 
2013/07/16 18:50:55:095 [007088] DEBUG [Prb.cpp, 466] - Write FPGA completed, Address=0x1004, Data=0x00
2013/07/16 18:50:55:096 [006232] INFO [CrossTalkDetectorStates.cpp, 98] - LinkTimeout = 4523 ms
2013/07/16 18:50:55:096 [006232] INFO [CrossTalkDetector.cpp, 68] - CrossTalkDetector state changing from IdleState to LinkingState
2013/07/16 18:50:55:097 [006232] INFO [CommunicationSystemStates.cpp, 147] - Link requested. Id: 0x200bb2. Preamble Burst Duration: 2 seconds. Preamble Burst Data Rate: 0.
2013/07/16 18:50:55:097 [006232] DEBUG [ComSysDiagnostics.cpp, 95] - Resetting FPGA Frame Error Counter
2013/07/16 18:50:55:098 [006232] TRACE [Prb.cpp, 448] - Writing FPGA, Address=0x301C, Data=0x00
2013/07/16 18:50:55:098 [006232] TRACE [Prb.cpp, 1035] - WriteFPGAPacket(0x301C, 0x00):01 00 0D 5C 81 00 03 30 1C 00 06 A5 0D 
2013/07/16 18:50:55:098 [007556] TRACE [Prb.cpp, 835] - RxStream contents:01 00 0B 6B 06 5C 00 00 26 F2 0D 
2013/07/16 18:50:55:099 [007556] TRACE [Prb.cpp, 943] - RadioBoardPacket(ACK):01 00 0B 6B 06 5C 00 00 26 F2 0D 
2013/07/16 18:50:55:100 [006232] DEBUG [Prb.cpp, 466] - Write FPGA completed, Address=0x301C, Data=0x00
2013/07/16 18:50:55:100 [006232] TRACE [Prb.cpp, 448] - Writing FPGA, Address=0x2000, Data=0x00
2013/07/16 18:50:55:101 [006232] TRACE [Prb.cpp, 1035] - WriteFPGAPacket(0x2000, 0x00):01 00 0D 5D 81 00 03 20 00 00 CE F6 0D 
2013/07/16 18:50:55:101 [007556] TRACE [Prb.cpp, 835] - RxStream contents:01 00 0B 6C 06 5D 00 00 27 8E 0D 
2013/07/16 18:50:55:102 [007556] TRACE [Prb.cpp, 943] - RadioBoardPacket(ACK):01 00 0B 6C 06 5D 00 00 27 8E 0D 
2013/07/16 18:50:55:102 [006232] DEBUG [Prb.cpp, 466] - Write FPGA completed, Address=0x2000, Data=0x00
2013/07/16 18:50:55:103 [006232] TRACE [Prb.cpp, 448] - Writing FPGA, Address=0x2002, Data=0x20
2013/07/16 18:50:55:103 [006232] TRACE [Prb.cpp, 1035] - WriteFPGAPacket(0x2002, 0x20):01 00 0D 5E 81 00 03 20 02 20 C1 06 0D 
2013/07/16 18:50:55:103 [007556] TRACE [Prb.cpp, 835] - RxStream contents:01 00 0B 6D 06 5E 00 00 A7 C9 0D 
2013/07/16 18:50:55:104 [007556] TRACE [Prb.cpp, 943] - RadioBoardPacket(ACK):01 00 0B 6D 06 5E 00 00 A7 C9 0D 
2013/07/16 18:50:55:105 [006232] DEBUG [Prb.cpp, 466] - Write FPGA completed, Address=0x2002, Data=0x20
2013/07/16 18:50:55:105 [006232] TRACE [Prb.cpp, 448] - Writing FPGA, Address=0x2004, Data=0x0B
2013/07/16 18:50:55:106 [006232] TRACE [Prb.cpp, 1035] - WriteFPGAPacket(0x2004, 0x0B):01 00 0D 5F 81 00 03 20 04 0B 54 EF 0D 
2013/07/16 18:50:55:106 [007556] TRACE [Prb.cpp, 835] - RxStream contents:01 00 0B 6E 06 5F 00 00 27 56 0D 
2013/07/16 18:50:55:107 [007556] TRACE [Prb.cpp, 943] - RadioBoardPacket(ACK):01 00 0B 6E 06 5F 00 00 27 56 0D 
2013/07/16 18:50:55:107 [006232] DEBUG [Prb.cpp, 466] - Write FPGA completed, Address=0x2004, Data=0x0B
2013/07/16 18:50:55:108 [006232] TRACE [Prb.cpp, 448] - Writing FPGA, Address=0x2006, Data=0xB2
2013/07/16 18:50:55:108 [006232] TRACE [Prb.cpp, 1035] - WriteFPGAPacket(0x2006, 0xB2):01 00 0D 60 81 00 03 20 06 B2 67 89 0D 
2013/07/16 18:50:55:108 [007556] TRACE [Prb.cpp, 835] - RxStream contents:01 00 0B 6F 06 60 00 00 A4 21 0D 
2013/07/16 18:50:55:109 [007556] TRACE [Prb.cpp, 943] - RadioBoardPacket(ACK):01 00 0B 6F 06 60 00 00 A4 21 0D 
2013/07/16 18:50:55:110 [006232] DEBUG [Prb.cpp, 466] - Write FPGA completed, Address=0x2006, Data=0xB2
2013/07/16 18:50:55:110 [006232] TRACE [Prb.cpp, 448] - Writing FPGA, Address=0x1002, Data=0x02
2013/07/16 18:50:55:111 [006232] TRACE [Prb.cpp, 1035] - WriteFPGAPacket(0x1002, 0x02):01 00 0D 61 81 00 03 10 02 02 FE FA 0D 
2013/07/16 18:50:55:111 [007556] TRACE [Prb.cpp, 835] - RxStream contents:01 00 0B 70 06 61 00 00 A1 1D 0D 
2013/07/16 18:50:55:112 [007556] TRACE [Prb.cpp, 943] - RadioBoardPacket(ACK):01 00 0B 70 06 61 00 00 A1 1D 0D 
2013/07/16 18:50:55:112 [006232] DEBUG [Prb.cpp, 466] - Write FPGA completed, Address=0x1002, Data=0x02
2013/07/16 18:50:55:113 [006232] TRACE [Prb.cpp, 493] - Reading FPGA, Address=0x1004
2013/07/16 18:50:55:113 [006232] TRACE [Prb.cpp, 1035] - ReadFPGAPacket(0x1004):01 00 0C 62 82 00 02 10 04 A0 66 0D 
2013/07/16 18:50:55:113 [007556] TRACE [Prb.cpp, 835] - RxStream contents:01 00 0C 71 06 62 00 01 00 5B B6 0D 
2013/07/16 18:50:55:114 [007556] TRACE [Prb.cpp, 943] - RadioBoardPacket(ACK):01 00 0C 71 06 62 00 01 00 5B B6 0D 
2013/07/16 18:50:55:115 [006232] DEBUG [Prb.cpp, 512] - Read FPGA completed, Address=0x1004, Data=0x00
2013/07/16 18:50:55:115 [006232] TRACE [Prb.cpp, 448] - Writing FPGA, Address=0x1004, Data=0x00
2013/07/16 18:50:55:116 [006232] TRACE [Prb.cpp, 1035] - WriteFPGAPacket(0x1004, 0x00):01 00 0D 63 81 00 03 10 04 00 E8 D6 0D 
2013/07/16 18:50:55:116 [007556] TRACE [Prb.cpp, 835] - RxStream contents:01 00 0B 72 06 63 00 00 A1 C5 0D 
2013/07/16 18:50:55:117 [007556] TRACE [Prb.cpp, 943] - RadioBoardPacket(ACK):01 00 0B 72 06 63 00 00 A1 C5 0D 
2013/07/16 18:50:55:117 [006232] DEBUG [Prb.cpp, 466] - Write FPGA completed, Address=0x1004, Data=0x00
2013/07/16 18:50:55:118 [006232] TRACE [Prb.cpp, 448] - Writing FPGA, Address=0x1008, Data=0x04
2013/07/16 18:50:55:118 [006232] TRACE [Prb.cpp, 1035] - WriteFPGAPacket(0x1008, 0x04):01 00 0D 64 81 00 03 10 08 04 C7 BE 0D 
2013/07/16 18:50:55:118 [007556] TRACE [Prb.cpp, 835] - RxStream contents:01 00 0B 73 06 64 00 00 A1 D1 0D 
2013/07/16 18:50:55:119 [007556] TRACE [Prb.cpp, 943] - RadioBoardPacket(ACK):01 00 0B 73 06 64 00 00 A1 D1 0D 
2013/07/16 18:50:55:120 [006232] DEBUG [Prb.cpp, 466] - Write FPGA completed, Address=0x1008, Data=0x04
2013/07/16 18:50:59:259 [007292] INFO [CrossTalkDetector.cpp, 68] - CrossTalkDetector state changing from LinkingState to IdleState
2013/07/16 18:50:59:259 [007292] INFO [CommunicationSystemStates.cpp, 210] - Link failed.
2013/07/16 18:50:59:260 [007088] TRACE [Prb.cpp, 493] - Reading FPGA, Address=0x1004
2013/07/16 18:50:59:261 [007088] TRACE [Prb.cpp, 1035] - ReadFPGAPacket(0x1004):01 00 0C 65 82 00 02 10 04 C8 60 0D 
2013/07/16 18:50:59:261 [007556] TRACE [Prb.cpp, 835] - RxStream contents:01 00 0C 75 06 65 00 01 00 57 B3 0D 
2013/07/16 18:50:59:262 [007556] TRACE [Prb.cpp, 943] - RadioBoardPacket(ACK):01 00 0C 75 06 65 00 01 00 57 B3 0D 
2013/07/16 18:50:59:263 [007088] DEBUG [Prb.cpp, 512] - Read FPGA completed, Address=0x1004, Data=0x00
2013/07/16 18:50:59:263 [007088] TRACE [Prb.cpp, 448] - Writing FPGA, Address=0x1004, Data=0x00
2013/07/16 18:50:59:264 [007088] TRACE [Prb.cpp, 1035] - WriteFPGAPacket(0x1004, 0x00):01 00 0D 66 81 00 03 10 04 00 ED 86 0D 
2013/07/16 18:50:59:264 [007556] TRACE [Prb.cpp, 835] - RxStream contents:01 00 0B 76 06 66 00 00 20 62 0D 
2013/07/16 18:50:59:265 [007556] TRACE [Prb.cpp, 943] - RadioBoardPacket(ACK):01 00 0B 76 06 66 00 00 20 62 0D 
2013/07/16 18:50:59:266 [007088] DEBUG [Prb.cpp, 466] - Write FPGA completed, Address=0x1004, Data=0x00
2013/07/16 18:50:59:266 [006232] INFO [CrossTalkDetectorStates.cpp, 98] - LinkTimeout = 4523 ms
2013/07/16 18:50:59:267 [006232] INFO [CrossTalkDetector.cpp, 68] - CrossTalkDetector state changing from IdleState to LinkingState
2013/07/16 18:50:59:267 [006232] INFO [CommunicationSystemStates.cpp, 147] - Link requested. Id: 0x200bb2. Preamble Burst Duration: 2 seconds. Preamble Burst Data Rate: 0.
2013/07/16 18:50:59:268 [006232] DEBUG [ComSysDiagnostics.cpp, 95] - Resetting FPGA Frame Error Counter
2013/07/16 18:50:59:268 [006232] TRACE [Prb.cpp, 448] - Writing FPGA, Address=0x301C, Data=0x00
2013/07/16 18:50:59:269 [006232] TRACE [Prb.cpp, 1035] - WriteFPGAPacket(0x301C, 0x00):01 00 0D 67 81 00 03 30 1C 00 BE 16 0D 
2013/07/16 18:50:59:269 [007556] TRACE [Prb.cpp, 835] - RxStream contents:01 00 0B 77 06 67 00 00 20 0E 0D 
2013/07/16 18:50:59:270 [007556] TRACE [Prb.cpp, 943] - RadioBoardPacket(ACK):01 00 0B 77 06 67 00 00 20 0E 0D 
2013/07/16 18:50:59:271 [006232] DEBUG [Prb.cpp, 466] - Write FPGA completed, Address=0x301C, Data=0x00
2013/07/16 18:50:59:271 [006232] TRACE [Prb.cpp, 448] - Writing FPGA, Address=0x2000, Data=0x00
2013/07/16 18:50:59:272 [006232] TRACE [Prb.cpp, 1035] - WriteFPGAPacket(0x2000, 0x00):01 00 0D 68 81 00 03 20 00 00 F8 A6 0D 
2013/07/16 18:50:59:272 [007556] TRACE [Prb.cpp, 835] - RxStream contents:01 00 0B 78 06 68 00 00 22 6A 0D 
2013/07/16 18:50:59:273 [007556] TRACE [Prb.cpp, 943] - RadioBoardPacket(ACK):01 00 0B 78 06 68 00 00 22 6A 0D 
2013/07/16 18:50:59:274 [006232] DEBUG [Prb.cpp, 466] - Write FPGA completed, Address=0x2000, Data=0x00
2013/07/16 18:50:59:274 [006232] TRACE [Prb.cpp, 448] - Writing FPGA, Address=0x2002, Data=0x20
2013/07/16 18:50:59:275 [006232] TRACE [Prb.cpp, 1035] - WriteFPGAPacket(0x2002, 0x20):01 00 0D 69 81 00 03 20 02 20 75 75 0D 
2013/07/16 18:50:59:275 [007556] TRACE [Prb.cpp, 835] - RxStream contents:01 00 0B 79 06 69 00 00 22 06 0D 
2013/07/16 18:50:59:276 [007556] TRACE [Prb.cpp, 943] - RadioBoardPacket(ACK):01 00 0B 79 06 69 00 00 22 06 0D 
2013/07/16 18:50:59:276 [006232] DEBUG [Prb.cpp, 466] - Write FPGA completed, Address=0x2002, Data=0x20
2013/07/16 18:50:59:277 [006232] TRACE [Prb.cpp, 448] - Writing FPGA, Address=0x2004, Data=0x0B
2013/07/16 18:50:59:277 [006232] TRACE [Prb.cpp, 1035] - WriteFPGAPacket(0x2004, 0x0B):01 00 0D 6A 81 00 03 20 04 0B 62 BF 0D 
2013/07/16 18:50:59:277 [007556] TRACE [Prb.cpp, 835] - RxStream contents:01 00 0B 7A 06 6A 00 00 22 B2 0D 
2013/07/16 18:50:59:278 [007556] TRACE [Prb.cpp, 943] - RadioBoardPacket(ACK):01 00 0B 7A 06 6A 00 00 22 B2 0D 
2013/07/16 18:50:59:279 [006232] DEBUG [Prb.cpp, 466] - Write FPGA completed, Address=0x2004, Data=0x0B
2013/07/16 18:50:59:279 [006232] TRACE [Prb.cpp, 448] - Writing FPGA, Address=0x2006, Data=0xB2
2013/07/16 18:50:59:280 [006232] TRACE [Prb.cpp, 1035] - WriteFPGAPacket(0x2006, 0xB2):01 00 0D 6B 81 00 03 20 06 B2 EC 3A 0D 
2013/07/16 18:50:59:280 [007556] TRACE [Prb.cpp, 835] - RxStream contents:01 00 0B 7B 06 6B 00 00 22 DE 0D 
2013/07/16 18:50:59:281 [007556] TRACE [Prb.cpp, 943] - RadioBoardPacket(ACK):01 00 0B 7B 06 6B 00 00 22 DE 0D 
2013/07/16 18:50:59:281 [006232] DEBUG [Prb.cpp, 466] - Write FPGA completed, Address=0x2006, Data=0xB2
2013/07/16 18:50:59:282 [006232] TRACE [Prb.cpp, 448] - Writing FPGA, Address=0x1002, Data=0x02
2013/07/16 18:50:59:282 [006232] TRACE [Prb.cpp, 1035] - WriteFPGAPacket(0x1002, 0x02):01 00 0D 6C 81 00 03 10 02 02 73 29 0D 
2013/07/16 18:50:59:282 [007556] TRACE [Prb.cpp, 835] - RxStream contents:01 00 0B 7C 06 6C 00 00 23 DA 0D 
2013/07/16 18:50:59:283 [007556] TRACE [Prb.cpp, 943] - RadioBoardPacket(ACK):01 00 0B 7C 06 6C 00 00 23 DA 0D 
2013/07/16 18:50:59:284 [006232] DEBUG [Prb.cpp, 466] - Write FPGA completed, Address=0x1002, Data=0x02
2013/07/16 18:50:59:284 [006232] TRACE [Prb.cpp, 493] - Reading FPGA, Address=0x1004
2013/07/16 18:50:59:285 [006232] TRACE [Prb.cpp, 1035] - ReadFPGAPacket(0x1004):01 00 0C 6D 82 00 02 10 04 88 69 0D 
2013/07/16 18:50:59:285 [007556] TRACE [Prb.cpp, 835] - RxStream contents:01 00 0C 7D 06 6D 00 01 00 37 B9 0D 
2013/07/16 18:50:59:286 [007556] TRACE [Prb.cpp, 943] - RadioBoardPacket(ACK):01 00 0C 7D 06 6D 00 01 00 37 B9 0D 
2013/07/16 18:50:59:287 [006232] DEBUG [Prb.cpp, 512] - Read FPGA completed, Address=0x1004, Data=0x00
2013/07/16 18:50:59:287 [006232] TRACE [Prb.cpp, 448] - Writing FPGA, Address=0x1004, Data=0x00
2013/07/16 18:50:59:288 [006232] TRACE [Prb.cpp, 1035] - WriteFPGAPacket(0x1004, 0x00):01 00 0D 6E 81 00 03 10 04 00 65 05 0D 
2013/07/16 18:50:59:288 [007556] TRACE [Prb.cpp, 835] - RxStream contents:01 00 0B 7E 06 6E 00 00 23 02 0D 
2013/07/16 18:50:59:289 [007556] TRACE [Prb.cpp, 943] - RadioBoardPacket(ACK):01 00 0B 7E 06 6E 00 00 23 02 0D 
2013/07/16 18:50:59:289 [006232] DEBUG [Prb.cpp, 466] - Write FPGA completed, Address=0x1004, Data=0x00
2013/07/16 18:50:59:290 [006232] TRACE [Prb.cpp, 448] - Writing FPGA, Address=0x1008, Data=0x04
2013/07/16 18:50:59:290 [006232] TRACE [Prb.cpp, 1035] - WriteFPGAPacket(0x1008, 0x04):01 00 0D 6F 81 00 03 10 08 04 4C 0D 0D 
2013/07/16 18:50:59:290 [007556] TRACE [Prb.cpp, 835] - RxStream contents:01 00 0B 7F 06 6F 00 00 23 6E 0D 
2013/07/16 18:50:59:291 [007556] TRACE [Prb.cpp, 943] - RadioBoardPacket(ACK):01 00 0B 7F 06 6F 00 00 23 6E 0D 
2013/07/16 18:50:59:292 [006232] DEBUG [Prb.cpp, 466] - Write FPGA completed, Address=0x1008, Data=0x04
2013/07/16 18:51:03:426 [007292] INFO [CrossTalkDetector.cpp, 68] - CrossTalkDetector state changing from LinkingState to IdleState
2013/07/16 18:51:03:426 [007292] INFO [CommunicationSystemStates.cpp, 210] - Link failed.
2013/07/16 18:51:03:427 [007088] TRACE [Prb.cpp, 493] - Reading FPGA, Address=0x1004
2013/07/16 18:51:03:428 [007088] TRACE [Prb.cpp, 1035] - ReadFPGAPacket(0x1004):01 00 0C 70 82 00 02 10 04 50 77 0D 
2013/07/16 18:51:03:428 [007556] TRACE [Prb.cpp, 835] - RxStream contents:01 00 0C 81 06 70 00 01 00 B3 4C 0D 
2013/07/16 18:51:03:429 [007556] TRACE [Prb.cpp, 943] - RadioBoardPacket(ACK):01 00 0C 81 06 70 00 01 00 B3 4C 0D 
2013/07/16 18:51:03:429 [007088] DEBUG [Prb.cpp, 512] - Read FPGA completed, Address=0x1004, Data=0x00
2013/07/16 18:51:03:430 [007088] TRACE [Prb.cpp, 448] - Writing FPGA, Address=0x1004, Data=0x00
2013/07/16 18:51:03:430 [007088] TRACE [Prb.cpp, 1035] - WriteFPGAPacket(0x1004, 0x00):01 00 0D 71 81 00 03 10 04 00 FB F6 0D 
2013/07/16 18:51:03:430 [007556] TRACE [Prb.cpp, 835] - RxStream contents:01 00 0B 82 06 71 00 00 8A 2D 0D 
2013/07/16 18:51:03:431 [007556] TRACE [Prb.cpp, 943] - RadioBoardPacket(ACK):01 00 0B 82 06 71 00 00 8A 2D 0D 
2013/07/16 18:51:03:432 [007088] DEBUG [Prb.cpp, 466] - Write FPGA completed, Address=0x1004, Data=0x00
2013/07/16 18:51:03:432 [006232] INFO [CrossTalkDetectorStates.cpp, 98] - LinkTimeout = 4523 ms
2013/07/16 18:51:03:433 [006232] INFO [CrossTalkDetector.cpp, 68] - CrossTalkDetector state changing from IdleState to LinkingState
2013/07/16 18:51:03:433 [006232] INFO [CommunicationSystemStates.cpp, 147] - Link requested. Id: 0x200bb2. Preamble Burst Duration: 2 seconds. Preamble Burst Data Rate: 0.
2013/07/16 18:51:03:434 [006232] DEBUG [ComSysDiagnostics.cpp, 95] - Resetting FPGA Frame Error Counter
2013/07/16 18:51:03:434 [006232] TRACE [Prb.cpp, 448] - Writing FPGA, Address=0x301C, Data=0x00
2013/07/16 18:51:03:435 [006232] TRACE [Prb.cpp, 1035] - WriteFPGAPacket(0x301C, 0x00):01 00 0D 72 81 00 03 30 1C 00 2A 45 0D 
2013/07/16 18:51:03:435 [007556] TRACE [Prb.cpp, 835] - RxStream contents:01 00 0B 83 06 72 00 00 0A 6A 0D 
2013/07/16 18:51:03:436 [007556] TRACE [Prb.cpp, 943] - RadioBoardPacket(ACK):01 00 0B 83 06 72 00 00 0A 6A 0D 
2013/07/16 18:51:03:436 [006232] DEBUG [Prb.cpp, 466] - Write FPGA completed, Address=0x301C, Data=0x00
2013/07/16 18:51:03:437 [006232] TRACE [Prb.cpp, 448] - Writing FPGA, Address=0x2000, Data=0x00
2013/07/16 18:51:03:437 [006232] TRACE [Prb.cpp, 1035] - WriteFPGAPacket(0x2000, 0x00):01 00 0D 73 81 00 03 20 00 00 E2 16 0D 
2013/07/16 18:51:03:437 [007556] TRACE [Prb.cpp, 835] - RxStream contents:01 00 0B 84 06 73 00 00 0B 16 0D 
2013/07/16 18:51:03:438 [007556] TRACE [Prb.cpp, 943] - RadioBoardPacket(ACK):01 00 0B 84 06 73 00 00 0B 16 0D 
2013/07/16 18:51:03:439 [006232] DEBUG [Prb.cpp, 466] - Write FPGA completed, Address=0x2000, Data=0x00
2013/07/16 18:51:03:439 [006232] TRACE [Prb.cpp, 448] - Writing FPGA, Address=0x2002, Data=0x20
2013/07/16 18:51:03:440 [006232] TRACE [Prb.cpp, 1035] - WriteFPGAPacket(0x2002, 0x20):01 00 0D 74 81 00 03 20 02 20 69 A5 0D 
2013/07/16 18:51:03:440 [007556] TRACE [Prb.cpp, 835] - RxStream contents:01 00 0B 85 06 74 00 00 0B 02 0D 
2013/07/16 18:51:03:441 [007556] TRACE [Prb.cpp, 943] - RadioBoardPacket(ACK):01 00 0B 85 06 74 00 00 0B 02 0D 
2013/07/16 18:51:03:441 [006232] DEBUG [Prb.cpp, 466] - Write FPGA completed, Address=0x2002, Data=0x20
2013/07/16 18:51:03:442 [006232] TRACE [Prb.cpp, 448] - Writing FPGA, Address=0x2004, Data=0x0B
2013/07/16 18:51:03:442 [006232] TRACE [Prb.cpp, 1035] - WriteFPGAPacket(0x2004, 0x0B):01 00 0D 75 81 00 03 20 04 0B FC 4C 0D 
2013/07/16 18:51:03:442 [007556] TRACE [Prb.cpp, 835] - RxStream contents:01 00 0B 86 06 75 00 00 8B 9D 0D 
2013/07/16 18:51:03:443 [007556] TRACE [Prb.cpp, 943] - RadioBoardPacket(ACK):01 00 0B 86 06 75 00 00 8B 9D 0D 
2013/07/16 18:51:03:444 [006232] DEBUG [Prb.cpp, 466] - Write FPGA completed, Address=0x2004, Data=0x0B
2013/07/16 18:51:03:444 [006232] TRACE [Prb.cpp, 448] - Writing FPGA, Address=0x2006, Data=0xB2
2013/07/16 18:51:03:445 [006232] TRACE [Prb.cpp, 1035] - WriteFPGAPacket(0x2006, 0xB2):01 00 0D 76 81 00 03 20 06 B2 F0 EA 0D 
2013/07/16 18:51:03:445 [007556] TRACE [Prb.cpp, 835] - RxStream contents:01 00 0B 87 06 76 00 00 0B DA 0D 
2013/07/16 18:51:03:446 [007556] TRACE [Prb.cpp, 943] - RadioBoardPacket(ACK):01 00 0B 87 06 76 00 00 0B DA 0D 
2013/07/16 18:51:03:446 [006232] DEBUG [Prb.cpp, 466] - Write FPGA completed, Address=0x2006, Data=0xB2
2013/07/16 18:51:03:446 [006232] TRACE [Prb.cpp, 448] - Writing FPGA, Address=0x1002, Data=0x02
2013/07/16 18:51:03:447 [006232] TRACE [Prb.cpp, 1035] - WriteFPGAPacket(0x1002, 0x02):01 00 0D 77 81 00 03 10 02 02 69 99 0D 
2013/07/16 18:51:03:447 [007556] TRACE [Prb.cpp, 835] - RxStream contents:01 00 0B 88 06 77 00 00 89 65 0D 
2013/07/16 18:51:03:448 [007556] TRACE [Prb.cpp, 943] - RadioBoardPacket(ACK):01 00 0B 88 06 77 00 00 89 65 0D 
2013/07/16 18:51:03:449 [006232] DEBUG [Prb.cpp, 466] - Write FPGA completed, Address=0x1002, Data=0x02
2013/07/16 18:51:03:449 [006232] TRACE [Prb.cpp, 493] - Reading FPGA, Address=0x1004
2013/07/16 18:51:03:450 [006232] TRACE [Prb.cpp, 1035] - ReadFPGAPacket(0x1004):01 00 0C 78 82 00 02 10 04 10 7E 0D 
2013/07/16 18:51:03:450 [007556] TRACE [Prb.cpp, 835] - RxStream contents:01 00 0C 89 06 78 00 01 00 D3 46 0D 
2013/07/16 18:51:03:451 [007556] TRACE [Prb.cpp, 943] - RadioBoardPacket(ACK):01 00 0C 89 06 78 00 01 00 D3 46 0D 
2013/07/16 18:51:03:451 [006232] DEBUG [Prb.cpp, 512] - Read FPGA completed, Address=0x1004, Data=0x00
2013/07/16 18:51:03:451 [006232] TRACE [Prb.cpp, 448] - Writing FPGA, Address=0x1004, Data=0x00
2013/07/16 18:51:03:452 [006232] TRACE [Prb.cpp, 1035] - WriteFPGAPacket(0x1004, 0x00):01 00 0D 79 81 00 03 10 04 00 73 75 0D 
2013/07/16 18:51:03:452 [007556] TRACE [Prb.cpp, 835] - RxStream contents:01 00 0B 8A 06 79 00 00 89 4D 0D 
2013/07/16 18:51:03:453 [007556] TRACE [Prb.cpp, 943] - RadioBoardPacket(ACK):01 00 0B 8A 06 79 00 00 89 4D 0D 
2013/07/16 18:51:03:454 [006232] DEBUG [Prb.cpp, 466] - Write FPGA completed, Address=0x1004, Data=0x00
2013/07/16 18:51:03:454 [006232] TRACE [Prb.cpp, 448] - Writing FPGA, Address=0x1008, Data=0x04
2013/07/16 18:51:03:455 [006232] TRACE [Prb.cpp, 1035] - WriteFPGAPacket(0x1008, 0x04):01 00 0D 7A 81 00 03 10 08 04 D8 5E 0D 
2013/07/16 18:51:03:455 [007556] TRACE [Prb.cpp, 835] - RxStream contents:01 00 0B 8B 06 7A 00 00 09 0A 0D 
2013/07/16 18:51:03:456 [007556] TRACE [Prb.cpp, 943] - RadioBoardPacket(ACK):01 00 0B 8B 06 7A 00 00 09 0A 0D 
2013/07/16 18:51:03:456 [006232] DEBUG [Prb.cpp, 466] - Write FPGA completed, Address=0x1008, Data=0x04
2013/07/16 18:51:07:587 [007292] INFO [CrossTalkDetector.cpp, 68] - CrossTalkDetector state changing from LinkingState to IdleState
2013/07/16 18:51:07:587 [007292] INFO [CommunicationSystemStates.cpp, 210] - Link failed.
2013/07/16 18:51:07:617 [001612] INFO [NCommunicationSystem.cpp, 747] - Disposing: 1
2013/07/16 18:51:07:620 [001612] INFO [CrossAppDomainEventMarshaller.cpp, 44] - Disposing: 1
2013/07/16 18:51:07:621 [001612] INFO [CrossAppDomainEventMarshaller.cpp, 155] - abortGetNextEvent called
2013/07/16 18:51:07:622 [001612] INFO [CrossAppDomainEventMarshaller.cpp, 48] - Waiting for CrossDomainEventTranslator::m_pHandleEventsThread to stop
2013/07/16 18:51:07:622 [007140] INFO [CrossAppDomainEventMarshaller.cpp, 80] - handleEventsThread exiting (thread aborted)
2013/07/16 18:51:07:623 [001612] INFO [CrossAppDomainEventMarshaller.cpp, 54] - CrossDomainEventTranslator::m_pHandleEventsThread stopped
2013/07/16 18:51:07:624 [001612] INFO [CrossAppDomainEventMarshaller.cpp, 110] - EventHandler dtor
2013/07/16 18:51:07:625 [001612] INFO [CrossAppDomainEventMarshaller.cpp, 60] - Disposed.
2013/07/16 18:51:07:626 [007556] DEBUG [Prb.cpp, 867] - Prb receive thread terminated.
2013/07/16 18:51:07:628 [007292] INFO [ExceptionCatchingThread.cpp, 170] - Exited the interrupt thread procedure with return value 0.
2013/07/16 18:51:07:729 [006232] INFO [ExceptionCatchingThread.cpp, 170] - Exited the dispatch thread procedure with return value 0.
2013/07/16 18:51:07:730 [007592] INFO [ExceptionCatchingThread.cpp, 170] - Exited the timer thread procedure with return value 0.
2013/07/16 18:51:07:832 [001612] INFO [NCommunicationSystem.cpp, 779] - Disposed.
<<<<< Log Footer: 07/16/2013 18:51:07 >>>>>
