<<<<< Log Header: 07/22/2013 15:20:52 >>>>>
2013/07/22 15:20:52:131 [002232] INFO [NCommunicationSystem.cpp, 108] - nCommunicationSystem, Version=1.8.2.1, Culture=neutral, PublicKeyToken=56b5378c99c0bcfd
2013/07/22 15:20:52:146 [002232] INFO [ExceptionCatchingThread.cpp, 257] - Created the timer thread with id 6684 (0x1a1c).
2013/07/22 15:20:52:148 [006684] INFO [ExceptionCatchingThread.cpp, 168] - Executing the timer thread procedure...
2013/07/22 15:20:52:152 [002232] INFO [ExceptionCatchingThread.cpp, 257] - Created the dispatch thread with id 4808 (0x12c8).
2013/07/22 15:20:52:152 [004808] INFO [ExceptionCatchingThread.cpp, 168] - Executing the dispatch thread procedure...
2013/07/22 15:20:55:154 [002232] DEBUG [Prb.cpp, 252] - PRB logging started.
2013/07/22 15:20:55:181 [002232] DEBUG [Prb.cpp, 130] - Number of FTDI devices: 1
2013/07/22 15:20:55:181 [002232] DEBUG [Prb.cpp, 158] - FTDI Device[0]: ID=67330069
2013/07/22 15:20:55:185 [002232] DEBUG [Prb.cpp, 169] - FTDI handle=166477096
2013/07/22 15:20:55:185 [002232] INFO [Prb.cpp, 179] - FTDI Driver Version 2.08.24.0
2013/07/22 15:20:55:442 [002232] INFO [Prb.cpp, 205] - FTDI Configuration: MaxCurrent=200, CBus5=21, CBus6=0x4
2013/07/22 15:20:55:693 [002232] INFO [Prb.cpp, 246] - PRB driver initialized.
2013/07/22 15:20:55:693 [002232] TRACE [Prb.cpp, 448] - Writing FPGA, Address=0x1008, Data=0x08
2013/07/22 15:20:55:694 [002232] TRACE [Prb.cpp, 1035] - WriteFPGAPacket(0x1008, 0x08):01 00 0D 00 81 00 03 10 08 08 25 D5 0D 
2013/07/22 15:20:55:694 [000356] TRACE [Prb.cpp, 835] - RxStream contents:01 00 0B 93 06 00 00 00 8B 01 0D 
2013/07/22 15:20:55:695 [000356] TRACE [Prb.cpp, 943] - RadioBoardPacket(ACK):01 00 0B 93 06 00 00 00 8B 01 0D 
2013/07/22 15:20:55:696 [002232] DEBUG [Prb.cpp, 466] - Write FPGA completed, Address=0x1008, Data=0x08
2013/07/22 15:20:55:713 [002232] TRACE [Prb.cpp, 493] - Reading FPGA, Address=0x300A
2013/07/22 15:20:55:714 [002232] TRACE [Prb.cpp, 1035] - ReadFPGAPacket(0x300A):01 00 0C 01 82 00 02 30 0A E8 24 0D 
2013/07/22 15:20:55:714 [000356] TRACE [Prb.cpp, 835] - RxStream contents:01 00 0C 94 06 01 00 01 00 FF 4F 0D 
2013/07/22 15:20:55:715 [000356] TRACE [Prb.cpp, 943] - RadioBoardPacket(ACK):01 00 0C 94 06 01 00 01 00 FF 4F 0D 
2013/07/22 15:20:55:715 [002232] DEBUG [Prb.cpp, 512] - Read FPGA completed, Address=0x300A, Data=0x00
2013/07/22 15:20:55:716 [002232] TRACE [Prb.cpp, 448] - Writing FPGA, Address=0x300A, Data=0x03
2013/07/22 15:20:55:717 [002232] TRACE [Prb.cpp, 1035] - WriteFPGAPacket(0x300A, 0x03):01 00 0D 02 81 00 03 30 0A 03 29 4F 0D 
2013/07/22 15:20:55:717 [000356] TRACE [Prb.cpp, 835] - RxStream contents:01 00 0B 95 06 02 00 00 0A 3A 0D 
2013/07/22 15:20:55:718 [000356] TRACE [Prb.cpp, 943] - RadioBoardPacket(ACK):01 00 0B 95 06 02 00 00 0A 3A 0D 
2013/07/22 15:20:55:718 [002232] DEBUG [Prb.cpp, 466] - Write FPGA completed, Address=0x300A, Data=0x03
2013/07/22 15:20:55:731 [002232] INFO [CrossTalkDetector.cpp, 14] - EnterCrossTalkThreshold = 8
2013/07/22 15:20:55:732 [002232] INFO [CrossTalkDetector.cpp, 21] - LeaveCrossTalkThreshold = 4
2013/07/22 15:20:55:733 [002232] INFO [CrossTalkDetector.cpp, 28] - LinkThreshold = 8
2013/07/22 15:20:55:734 [002232] INFO [ExceptionCatchingThread.cpp, 257] - Created the interrupt thread with id 4960 (0x1360).
2013/07/22 15:20:55:735 [002232] DEBUG [Prb.cpp, 252] - PRB logging started.
2013/07/22 15:20:55:734 [004960] INFO [ExceptionCatchingThread.cpp, 168] - Executing the interrupt thread procedure...
2013/07/22 15:20:55:736 [002232] INFO [CommunicationSystem.cpp, 640] - Calibrating the PRB CC1020.
2013/07/22 15:20:55:738 [002232] TRACE [Prb.cpp, 448] - Writing FPGA, Address=0x1008, Data=0x01
2013/07/22 15:20:55:739 [002232] TRACE [Prb.cpp, 1035] - WriteFPGAPacket(0x1008, 0x01):01 00 0D 03 81 00 03 10 08 01 26 D3 0D 
2013/07/22 15:20:55:739 [000356] TRACE [Prb.cpp, 835] - RxStream contents:01 00 0B 96 06 03 00 00 8A A5 0D 
2013/07/22 15:20:55:740 [000356] TRACE [Prb.cpp, 943] - RadioBoardPacket(ACK):01 00 0B 96 06 03 00 00 8A A5 0D 
2013/07/22 15:20:55:741 [002232] DEBUG [Prb.cpp, 466] - Write FPGA completed, Address=0x1008, Data=0x01
2013/07/22 15:20:55:820 [000356] TRACE [Prb.cpp, 835] - RxStream contents:01 00 0D 97 00 00 00 02 09 00 78 76 0D 
2013/07/22 15:20:55:825 [004960] DEBUG [CommunicationSystem.cpp, 1120] - Calibration complete.
2013/07/22 15:20:55:825 [002232] TRACE [Prb.cpp, 493] - Reading FPGA, Address=0x2012
2013/07/22 15:20:55:826 [002232] TRACE [Prb.cpp, 1035] - ReadFPGAPacket(0x2012):01 00 0C 04 82 00 02 20 12 10 72 0D 
2013/07/22 15:20:55:826 [000356] TRACE [Prb.cpp, 835] - RxStream contents:01 00 0C 98 06 04 00 01 00 1B 40 0D 
2013/07/22 15:20:55:827 [000356] TRACE [Prb.cpp, 943] - RadioBoardPacket(ACK):01 00 0C 98 06 04 00 01 00 1B 40 0D 
2013/07/22 15:20:55:828 [002232] DEBUG [Prb.cpp, 512] - Read FPGA completed, Address=0x2012, Data=0x00
2013/07/22 15:20:55:829 [002232] INFO [CommunicationSystem.cpp, 653] - CC1020 Calibration succeeded.
2013/07/22 15:20:55:829 [002232] TRACE [Prb.cpp, 448] - Writing FPGA, Address=0x1006, Data=0x08
2013/07/22 15:20:55:830 [002232] TRACE [Prb.cpp, 1035] - WriteFPGAPacket(0x1006, 0x08):01 00 0D 05 81 00 03 10 06 08 84 86 0D 
2013/07/22 15:20:55:830 [000356] TRACE [Prb.cpp, 835] - RxStream contents:01 00 0B 99 06 05 00 00 88 75 0D 
2013/07/22 15:20:55:831 [000356] TRACE [Prb.cpp, 943] - RadioBoardPacket(ACK):01 00 0B 99 06 05 00 00 88 75 0D 
2013/07/22 15:20:55:831 [002232] DEBUG [Prb.cpp, 466] - Write FPGA completed, Address=0x1006, Data=0x08
2013/07/22 15:20:55:832 [002232] TRACE [Prb.cpp, 493] - Reading FPGA, Address=0x3000
2013/07/22 15:20:55:833 [002232] TRACE [Prb.cpp, 1035] - ReadFPGAPacket(0x3000):01 00 0C 06 82 00 02 30 00 80 1E 0D 
2013/07/22 15:20:55:833 [000356] TRACE [Prb.cpp, 835] - RxStream contents:01 00 0C 9A 06 06 00 01 07 43 51 0D 
2013/07/22 15:20:55:834 [000356] TRACE [Prb.cpp, 943] - RadioBoardPacket(ACK):01 00 0C 9A 06 06 00 01 07 43 51 0D 
2013/07/22 15:20:55:834 [002232] DEBUG [Prb.cpp, 512] - Read FPGA completed, Address=0x3000, Data=0x07
2013/07/22 15:20:55:835 [002232] INFO [CommunicationSystem.cpp, 613] - FPGA Revision 7.
2013/07/22 15:20:55:836 [002232] TRACE [Prb.cpp, 584] - Reading CC1020, Address=0x0004
2013/07/22 15:20:55:836 [002232] TRACE [Prb.cpp, 1035] - ReadCC1020Packet(0x04):01 00 0C 07 84 00 02 00 04 59 16 0D 
2013/07/22 15:20:55:836 [000356] TRACE [Prb.cpp, 835] - RxStream contents:01 00 0C 9B 06 07 00 01 35 AF FE 0D 
2013/07/22 15:20:55:837 [000356] TRACE [Prb.cpp, 943] - RadioBoardPacket(ACK):01 00 0C 9B 06 07 00 01 35 AF FE 0D 
2013/07/22 15:20:55:838 [002232] DEBUG [Prb.cpp, 603] - Read CC1020 completed, Address=0x0004, Data=0x35
2013/07/22 15:20:55:838 [002232] INFO [CommunicationSystem.cpp, 614] - CC1020 Frequency 2A 0x35.
2013/07/22 15:20:55:839 [002232] TRACE [Prb.cpp, 584] - Reading CC1020, Address=0x0005
2013/07/22 15:20:55:840 [002232] TRACE [Prb.cpp, 1035] - ReadCC1020Packet(0x05):01 00 0C 08 84 00 02 00 05 F1 1C 0D 
2013/07/22 15:20:55:840 [000356] TRACE [Prb.cpp, 835] - RxStream contents:01 00 0C 9C 06 08 00 01 F0 09 66 0D 
2013/07/22 15:20:55:841 [000356] TRACE [Prb.cpp, 943] - RadioBoardPacket(ACK):01 00 0C 9C 06 08 00 01 F0 09 66 0D 
2013/07/22 15:20:55:841 [002232] DEBUG [Prb.cpp, 603] - Read CC1020 completed, Address=0x0005, Data=0xF0
2013/07/22 15:20:55:842 [002232] INFO [CommunicationSystem.cpp, 615] - CC1020 Frequency 1A 0xf0.
2013/07/22 15:20:55:842 [002232] TRACE [Prb.cpp, 584] - Reading CC1020, Address=0x0006
2013/07/22 15:20:55:843 [002232] TRACE [Prb.cpp, 1035] - ReadCC1020Packet(0x06):01 00 0C 09 84 00 02 00 06 09 15 0D 
2013/07/22 15:20:55:843 [000356] TRACE [Prb.cpp, 835] - RxStream contents:01 00 0C 9D 06 09 00 01 21 67 80 0D 
2013/07/22 15:20:55:844 [000356] TRACE [Prb.cpp, 943] - RadioBoardPacket(ACK):01 00 0C 9D 06 09 00 01 21 67 80 0D 
2013/07/22 15:20:55:844 [002232] DEBUG [Prb.cpp, 603] - Read CC1020 completed, Address=0x0006, Data=0x21
2013/07/22 15:20:55:845 [002232] INFO [CommunicationSystem.cpp, 616] - CC1020 Frequency 0A 0x21.
2013/07/22 15:20:55:845 [002232] TRACE [Prb.cpp, 584] - Reading CC1020, Address=0x0008
2013/07/22 15:20:55:846 [002232] TRACE [Prb.cpp, 1035] - ReadCC1020Packet(0x08):01 00 0C 0A 84 00 02 00 08 01 32 0D 
2013/07/22 15:20:55:846 [000356] TRACE [Prb.cpp, 835] - RxStream contents:01 00 0C 9E 06 0A 00 01 35 D3 F8 0D 
2013/07/22 15:20:55:847 [000356] TRACE [Prb.cpp, 943] - RadioBoardPacket(ACK):01 00 0C 9E 06 0A 00 01 35 D3 F8 0D 
2013/07/22 15:20:55:848 [002232] DEBUG [Prb.cpp, 603] - Read CC1020 completed, Address=0x0008, Data=0x35
2013/07/22 15:20:55:848 [002232] INFO [CommunicationSystem.cpp, 617] - CC1020 Frequency 2B 0x35.
2013/07/22 15:20:55:849 [002232] TRACE [Prb.cpp, 584] - Reading CC1020, Address=0x0009
2013/07/22 15:20:55:849 [002232] TRACE [Prb.cpp, 1035] - ReadCC1020Packet(0x09):01 00 0C 0B 84 00 02 00 09 79 34 0D 
2013/07/22 15:20:55:849 [000356] TRACE [Prb.cpp, 835] - RxStream contents:01 00 0C 9F 06 0B 00 01 FA BD 5A 0D 
2013/07/22 15:20:55:850 [000356] TRACE [Prb.cpp, 943] - RadioBoardPacket(ACK):01 00 0C 9F 06 0B 00 01 FA BD 5A 0D 
2013/07/22 15:20:55:851 [002232] DEBUG [Prb.cpp, 603] - Read CC1020 completed, Address=0x0009, Data=0xFA
2013/07/22 15:20:55:851 [002232] INFO [CommunicationSystem.cpp, 618] - CC1020 Frequency 1B 0xfa.
2013/07/22 15:20:55:852 [002232] TRACE [Prb.cpp, 584] - Reading CC1020, Address=0x000A
2013/07/22 15:20:55:852 [002232] TRACE [Prb.cpp, 1035] - ReadCC1020Packet(0x0A):01 00 0C 0C 84 00 02 00 0A 11 38 0D 
2013/07/22 15:20:55:852 [000356] TRACE [Prb.cpp, 835] - RxStream contents:01 00 0C A0 06 0C 00 01 CB F9 C0 0D 
2013/07/22 15:20:55:853 [000356] TRACE [Prb.cpp, 943] - RadioBoardPacket(ACK):01 00 0C A0 06 0C 00 01 CB F9 C0 0D 
2013/07/22 15:20:55:854 [002232] DEBUG [Prb.cpp, 603] - Read CC1020 completed, Address=0x000A, Data=0xCB
2013/07/22 15:20:55:854 [002232] INFO [CommunicationSystem.cpp, 619] - CC1020 Frequency 0B 0xcb.
2013/07/22 15:20:55:855 [002232] DEBUG [Prb.cpp, 650] - Read EEPROM completed, Address=0x060A, Data=0x00
2013/07/22 15:20:55:856 [002232] INFO [CommunicationSystem.cpp, 620] - RSSI Calibration Reference Center Channel 0.
2013/07/22 15:20:55:856 [002232] TRACE [Prb.cpp, 493] - Reading FPGA, Address=0x3054
2013/07/22 15:20:55:857 [002232] TRACE [Prb.cpp, 1035] - ReadFPGAPacket(0x3054):01 00 0C 0D 82 00 02 30 54 C9 EC 0D 
2013/07/22 15:20:55:857 [000356] TRACE [Prb.cpp, 835] - RxStream contents:01 00 0C A1 06 0D 00 01 07 97 68 0D 
2013/07/22 15:20:55:858 [000356] TRACE [Prb.cpp, 943] - RadioBoardPacket(ACK):01 00 0C A1 06 0D 00 01 07 97 68 0D 
2013/07/22 15:20:55:858 [002232] DEBUG [Prb.cpp, 512] - Read FPGA completed, Address=0x3054, Data=0x07
2013/07/22 15:20:55:859 [002232] INFO [CommunicationSystem.cpp, 621] - CC1020 PA_POWER 0x7.
2013/07/22 15:20:55:859 [002232] TRACE [Prb.cpp, 584] - Reading CC1020, Address=0x001C
2013/07/22 15:20:55:860 [002232] TRACE [Prb.cpp, 1035] - ReadCC1020Packet(0x1C):01 00 0C 0E 84 00 02 00 1C E1 4C 0D 
2013/07/22 15:20:55:860 [000356] TRACE [Prb.cpp, 835] - RxStream contents:01 00 0C A2 06 0E 00 01 07 23 68 0D 
2013/07/22 15:20:55:861 [000356] TRACE [Prb.cpp, 943] - RadioBoardPacket(ACK):01 00 0C A2 06 0E 00 01 07 23 68 0D 
2013/07/22 15:20:55:861 [002232] DEBUG [Prb.cpp, 603] - Read CC1020 completed, Address=0x001C, Data=0x07
2013/07/22 15:20:55:862 [002232] INFO [CommunicationSystem.cpp, 622] - CC1020 Transmit Power 0x7.
2013/07/22 15:20:55:862 [002232] TRACE [Prb.cpp, 493] - Reading FPGA, Address=0x3014
2013/07/22 15:20:55:863 [002232] TRACE [Prb.cpp, 1035] - ReadFPGAPacket(0x3014):01 00 0C 0F 82 00 02 30 14 38 6C 0D 
2013/07/22 15:20:55:863 [000356] TRACE [Prb.cpp, 835] - RxStream contents:01 00 0C A3 06 0F 00 01 00 CF 79 0D 
2013/07/22 15:20:55:864 [000356] TRACE [Prb.cpp, 943] - RadioBoardPacket(ACK):01 00 0C A3 06 0F 00 01 00 CF 79 0D 
2013/07/22 15:20:55:865 [002232] DEBUG [Prb.cpp, 512] - Read FPGA completed, Address=0x3014, Data=0x00
2013/07/22 15:20:55:865 [002232] INFO [CommunicationSystem.cpp, 623] - Low Noise Amplifier Circumvented 0.
2013/07/22 15:20:55:866 [002232] TRACE [Prb.cpp, 584] - Reading CC1020, Address=0x0001
2013/07/22 15:20:55:867 [002232] TRACE [Prb.cpp, 1035] - ReadCC1020Packet(0x01):01 00 0C 10 84 00 02 00 01 B1 1C 0D 
2013/07/22 15:20:55:867 [000356] TRACE [Prb.cpp, 835] - RxStream contents:01 00 0C A4 06 10 00 01 0F 2B 5B 0D 
2013/07/22 15:20:55:868 [000356] TRACE [Prb.cpp, 943] - RadioBoardPacket(ACK):01 00 0C A4 06 10 00 01 0F 2B 5B 0D 
2013/07/22 15:20:55:868 [002232] DEBUG [Prb.cpp, 603] - Read CC1020 completed, Address=0x0001, Data=0x0F
2013/07/22 15:20:55:869 [002232] INFO [CommunicationSystem.cpp, 624] - Low Noise Amplifier 0xf.
2013/07/22 15:20:55:869 [002232] TRACE [Prb.cpp, 493] - Reading FPGA, Address=0x1006
2013/07/22 15:20:55:870 [002232] TRACE [Prb.cpp, 1035] - ReadFPGAPacket(0x1006):01 00 0C 11 82 00 02 10 06 28 1D 0D 
2013/07/22 15:20:55:870 [000356] TRACE [Prb.cpp, 835] - RxStream contents:01 00 0C A5 06 11 00 01 08 C7 4A 0D 
2013/07/22 15:20:55:871 [000356] TRACE [Prb.cpp, 943] - RadioBoardPacket(ACK):01 00 0C A5 06 11 00 01 08 C7 4A 0D 
2013/07/22 15:20:55:871 [002232] DEBUG [Prb.cpp, 512] - Read FPGA completed, Address=0x1006, Data=0x08
2013/07/22 15:20:55:872 [002232] INFO [CommunicationSystem.cpp, 625] - Allowed Framing Errors 8.
2013/07/22 15:20:55:875 [002232] INFO [CrossTalkDetector.cpp, 28] - LinkThreshold = 8
2013/07/22 15:20:55:875 [002232] INFO [CrossTalkDetector.cpp, 14] - EnterCrossTalkThreshold = 8
2013/07/22 15:20:55:876 [002232] INFO [CrossTalkDetector.cpp, 21] - LeaveCrossTalkThreshold = 4
2013/07/22 15:20:55:884 [005552] TRACE [Prb.cpp, 493] - Reading FPGA, Address=0x3000
2013/07/22 15:20:55:885 [005552] TRACE [Prb.cpp, 1035] - ReadFPGAPacket(0x3000):01 00 0C 12 82 00 02 30 00 E0 0A 0D 
2013/07/22 15:20:55:886 [000356] TRACE [Prb.cpp, 835] - RxStream contents:01 00 0C A6 06 12 00 01 07 73 68 0D 
2013/07/22 15:20:55:887 [000356] TRACE [Prb.cpp, 943] - RadioBoardPacket(ACK):01 00 0C A6 06 12 00 01 07 73 68 0D 
2013/07/22 15:20:55:887 [005552] DEBUG [Prb.cpp, 512] - Read FPGA completed, Address=0x3000, Data=0x07
2013/07/22 15:20:55:888 [005552] TRACE [Prb.cpp, 539] - Writing CC1020, Address=0x001C, Data=0x07
2013/07/22 15:20:55:889 [005552] TRACE [Prb.cpp, 1035] - WriteCC1020Packet(0x1C, 0x07):01 00 0D 13 83 00 03 00 1C 07 3E 84 0D 
2013/07/22 15:20:55:889 [000356] TRACE [Prb.cpp, 835] - RxStream contents:01 00 0B A7 06 13 00 00 83 1D 0D 
2013/07/22 15:20:55:890 [000356] TRACE [Prb.cpp, 943] - RadioBoardPacket(ACK):01 00 0B A7 06 13 00 00 83 1D 0D 
2013/07/22 15:20:55:891 [005552] DEBUG [Prb.cpp, 557] - Write CC1020 completed, Address=0x001C, Data=0x07
2013/07/22 15:20:55:939 [002232] TRACE [Prb.cpp, 493] - Reading FPGA, Address=0x3000
2013/07/22 15:20:55:940 [002232] TRACE [Prb.cpp, 1035] - ReadFPGAPacket(0x3000):01 00 0C 14 82 00 02 30 00 70 0F 0D 
2013/07/22 15:20:55:940 [000356] TRACE [Prb.cpp, 835] - RxStream contents:01 00 0C A8 06 14 00 01 07 DB 64 0D 
2013/07/22 15:20:55:941 [000356] TRACE [Prb.cpp, 943] - RadioBoardPacket(ACK):01 00 0C A8 06 14 00 01 07 DB 64 0D 
2013/07/22 15:20:55:941 [002232] DEBUG [Prb.cpp, 512] - Read FPGA completed, Address=0x3000, Data=0x07
2013/07/22 15:20:55:949 [002232] INFO [CommunicationSystem.cpp, 640] - Calibrating the PRB CC1020.
2013/07/22 15:20:55:950 [002232] TRACE [Prb.cpp, 448] - Writing FPGA, Address=0x1008, Data=0x01
2013/07/22 15:20:55:951 [002232] TRACE [Prb.cpp, 1035] - WriteFPGAPacket(0x1008, 0x01):01 00 0D 15 81 00 03 10 08 01 B1 B0 0D 
2013/07/22 15:20:55:951 [000356] TRACE [Prb.cpp, 835] - RxStream contents:01 00 0B A9 06 15 00 00 01 B6 0D 
2013/07/22 15:20:55:952 [000356] TRACE [Prb.cpp, 943] - RadioBoardPacket(ACK):01 00 0B A9 06 15 00 00 01 B6 0D 
2013/07/22 15:20:55:953 [002232] DEBUG [Prb.cpp, 466] - Write FPGA completed, Address=0x1008, Data=0x01
2013/07/22 15:20:56:032 [000356] TRACE [Prb.cpp, 835] - RxStream contents:01 00 0D AA 00 00 00 02 09 00 C6 A5 0D 
2013/07/22 15:20:56:036 [004960] DEBUG [CommunicationSystem.cpp, 1120] - Calibration complete.
2013/07/22 15:20:56:036 [002232] TRACE [Prb.cpp, 493] - Reading FPGA, Address=0x2012
2013/07/22 15:20:56:037 [002232] TRACE [Prb.cpp, 1035] - ReadFPGAPacket(0x2012):01 00 0C 16 82 00 02 20 12 E0 63 0D 
2013/07/22 15:20:56:037 [000356] TRACE [Prb.cpp, 835] - RxStream contents:01 00 0C AB 06 16 00 01 00 7B 76 0D 
2013/07/22 15:20:56:038 [000356] TRACE [Prb.cpp, 943] - RadioBoardPacket(ACK):01 00 0C AB 06 16 00 01 00 7B 76 0D 
2013/07/22 15:20:56:039 [002232] DEBUG [Prb.cpp, 512] - Read FPGA completed, Address=0x2012, Data=0x00
2013/07/22 15:20:56:039 [002232] INFO [CommunicationSystem.cpp, 653] - CC1020 Calibration succeeded.
2013/07/22 15:20:56:044 [002232] TRACE [Prb.cpp, 584] - Reading CC1020, Address=0x0004
2013/07/22 15:20:56:045 [002232] TRACE [Prb.cpp, 1035] - ReadCC1020Packet(0x04):01 00 0C 17 84 00 02 00 04 D9 04 0D 
2013/07/22 15:20:56:045 [000356] TRACE [Prb.cpp, 835] - RxStream contents:01 00 0C AC 06 17 00 01 35 87 CD 0D 
2013/07/22 15:20:56:047 [000356] TRACE [Prb.cpp, 943] - RadioBoardPacket(ACK):01 00 0C AC 06 17 00 01 35 87 CD 0D 
2013/07/22 15:20:56:047 [002232] DEBUG [Prb.cpp, 603] - Read CC1020 completed, Address=0x0004, Data=0x35
2013/07/22 15:20:56:049 [002232] TRACE [Prb.cpp, 584] - Reading CC1020, Address=0x0005
2013/07/22 15:20:56:050 [002232] TRACE [Prb.cpp, 1035] - ReadCC1020Packet(0x05):01 00 0C 18 84 00 02 00 05 71 0E 0D 
2013/07/22 15:20:56:050 [000356] TRACE [Prb.cpp, 835] - RxStream contents:01 00 0C AD 06 18 00 01 F0 B1 50 0D 
2013/07/22 15:20:56:051 [000356] TRACE [Prb.cpp, 943] - RadioBoardPacket(ACK):01 00 0C AD 06 18 00 01 F0 B1 50 0D 
2013/07/22 15:20:56:052 [002232] DEBUG [Prb.cpp, 603] - Read CC1020 completed, Address=0x0005, Data=0xF0
2013/07/22 15:20:56:053 [002232] TRACE [Prb.cpp, 584] - Reading CC1020, Address=0x0006
2013/07/22 15:20:56:054 [002232] TRACE [Prb.cpp, 1035] - ReadCC1020Packet(0x06):01 00 0C 19 84 00 02 00 06 89 07 0D 
2013/07/22 15:20:56:054 [000356] TRACE [Prb.cpp, 835] - RxStream contents:01 00 0C AE 06 19 00 01 21 AF B5 0D 
2013/07/22 15:20:56:055 [000356] TRACE [Prb.cpp, 943] - RadioBoardPacket(ACK):01 00 0C AE 06 19 00 01 21 AF B5 0D 
2013/07/22 15:20:56:055 [002232] DEBUG [Prb.cpp, 603] - Read CC1020 completed, Address=0x0006, Data=0x21
2013/07/22 15:20:56:056 [002232] TRACE [Prb.cpp, 584] - Reading CC1020, Address=0x0007
2013/07/22 15:20:56:057 [002232] TRACE [Prb.cpp, 1035] - ReadCC1020Packet(0x07):01 00 0C 1A 84 00 02 00 07 81 02 0D 
2013/07/22 15:20:56:057 [000356] TRACE [Prb.cpp, 835] - RxStream contents:01 00 0C AF 06 1A 00 01 38 EB E3 0D 
2013/07/22 15:20:56:058 [000356] TRACE [Prb.cpp, 943] - RadioBoardPacket(ACK):01 00 0C AF 06 1A 00 01 38 EB E3 0D 
2013/07/22 15:20:56:059 [002232] DEBUG [Prb.cpp, 603] - Read CC1020 completed, Address=0x0007, Data=0x38
2013/07/22 15:20:56:060 [002232] TRACE [Prb.cpp, 584] - Reading CC1020, Address=0x0008
2013/07/22 15:20:56:060 [002232] TRACE [Prb.cpp, 1035] - ReadCC1020Packet(0x08):01 00 0C 1B 84 00 02 00 08 79 23 0D 
2013/07/22 15:20:56:061 [000356] TRACE [Prb.cpp, 835] - RxStream contents:01 00 0C B0 06 1B 00 01 35 57 D0 0D 
2013/07/22 15:20:56:062 [000356] TRACE [Prb.cpp, 943] - RadioBoardPacket(ACK):01 00 0C B0 06 1B 00 01 35 57 D0 0D 
2013/07/22 15:20:56:062 [002232] DEBUG [Prb.cpp, 603] - Read CC1020 completed, Address=0x0008, Data=0x35
2013/07/22 15:20:56:063 [002232] TRACE [Prb.cpp, 584] - Reading CC1020, Address=0x0009
2013/07/22 15:20:56:064 [002232] TRACE [Prb.cpp, 1035] - ReadCC1020Packet(0x09):01 00 0C 1C 84 00 02 00 09 91 20 0D 
2013/07/22 15:20:56:064 [000356] TRACE [Prb.cpp, 835] - RxStream contents:01 00 0C B1 06 1C 00 01 FA 41 72 0D 
2013/07/22 15:20:56:065 [000356] TRACE [Prb.cpp, 943] - RadioBoardPacket(ACK):01 00 0C B1 06 1C 00 01 FA 41 72 0D 
2013/07/22 15:20:56:065 [002232] DEBUG [Prb.cpp, 603] - Read CC1020 completed, Address=0x0009, Data=0xFA
2013/07/22 15:20:56:066 [002232] TRACE [Prb.cpp, 584] - Reading CC1020, Address=0x000A
2013/07/22 15:20:56:067 [002232] TRACE [Prb.cpp, 1035] - ReadCC1020Packet(0x0A):01 00 0C 1D 84 00 02 00 0A 69 29 0D 
2013/07/22 15:20:56:067 [000356] TRACE [Prb.cpp, 835] - RxStream contents:01 00 0C B2 06 1D 00 01 CB DD D4 0D 
2013/07/22 15:20:56:068 [000356] TRACE [Prb.cpp, 943] - RadioBoardPacket(ACK):01 00 0C B2 06 1D 00 01 CB DD D4 0D 
2013/07/22 15:20:56:069 [002232] DEBUG [Prb.cpp, 603] - Read CC1020 completed, Address=0x000A, Data=0xCB
2013/07/22 15:20:56:070 [002232] TRACE [Prb.cpp, 584] - Reading CC1020, Address=0x000B
2013/07/22 15:20:56:070 [002232] TRACE [Prb.cpp, 1035] - ReadCC1020Packet(0x0B):01 00 0C 1E 84 00 02 00 0B 61 2C 0D 
2013/07/22 15:20:56:071 [000356] TRACE [Prb.cpp, 835] - RxStream contents:01 00 0C B3 06 1E 00 01 38 1B FD 0D 
2013/07/22 15:20:56:072 [000356] TRACE [Prb.cpp, 943] - RadioBoardPacket(ACK):01 00 0C B3 06 1E 00 01 38 1B FD 0D 
2013/07/22 15:20:56:072 [002232] DEBUG [Prb.cpp, 603] - Read CC1020 completed, Address=0x000B, Data=0x38
2013/07/22 15:20:56:073 [002232] TRACE [Prb.cpp, 584] - Reading CC1020, Address=0x001D
2013/07/22 15:20:56:074 [002232] TRACE [Prb.cpp, 1035] - ReadCC1020Packet(0x1D):01 00 0C 1F 84 00 02 00 1D 19 58 0D 
2013/07/22 15:20:56:074 [000356] TRACE [Prb.cpp, 835] - RxStream contents:01 00 0C B4 06 1F 00 01 00 67 6B 0D 
2013/07/22 15:20:56:075 [000356] TRACE [Prb.cpp, 943] - RadioBoardPacket(ACK):01 00 0C B4 06 1F 00 01 00 67 6B 0D 
2013/07/22 15:20:56:075 [002232] DEBUG [Prb.cpp, 603] - Read CC1020 completed, Address=0x001D, Data=0x00
2013/07/22 15:20:56:076 [002232] TRACE [Prb.cpp, 584] - Reading CC1020, Address=0x0045
2013/07/22 15:20:56:077 [002232] TRACE [Prb.cpp, 1035] - ReadCC1020Packet(0x45):01 00 0C 20 84 00 02 00 45 B0 B7 0D 
2013/07/22 15:20:56:077 [000356] TRACE [Prb.cpp, 835] - RxStream contents:01 00 0C B5 06 20 00 01 4C 12 C9 0D 
2013/07/22 15:20:56:078 [000356] TRACE [Prb.cpp, 943] - RadioBoardPacket(ACK):01 00 0C B5 06 20 00 01 4C 12 C9 0D 
2013/07/22 15:20:56:079 [002232] DEBUG [Prb.cpp, 603] - Read CC1020 completed, Address=0x0045, Data=0x4C
2013/07/22 15:20:56:080 [002232] TRACE [Prb.cpp, 584] - Reading CC1020, Address=0x0046
2013/07/22 15:20:56:080 [002232] TRACE [Prb.cpp, 1035] - ReadCC1020Packet(0x46):01 00 0C 21 84 00 02 00 46 48 BE 0D 
2013/07/22 15:20:56:080 [000356] TRACE [Prb.cpp, 835] - RxStream contents:01 00 0C B6 06 21 00 01 66 8E 35 0D 
2013/07/22 15:20:56:081 [000356] TRACE [Prb.cpp, 943] - RadioBoardPacket(ACK):01 00 0C B6 06 21 00 01 66 8E 35 0D 
2013/07/22 15:20:56:082 [002232] DEBUG [Prb.cpp, 603] - Read CC1020 completed, Address=0x0046, Data=0x66
2013/07/22 15:20:56:083 [002232] TRACE [Prb.cpp, 584] - Reading CC1020, Address=0x0047
2013/07/22 15:20:56:084 [002232] TRACE [Prb.cpp, 1035] - ReadCC1020Packet(0x47):01 00 0C 22 84 00 02 00 47 40 BB 0D 
2013/07/22 15:20:56:084 [000356] TRACE [Prb.cpp, 835] - RxStream contents:01 00 0C B7 06 22 00 01 44 4A FA 0D 
2013/07/22 15:20:56:085 [000356] TRACE [Prb.cpp, 943] - RadioBoardPacket(ACK):01 00 0C B7 06 22 00 01 44 4A FA 0D 
2013/07/22 15:20:56:085 [002232] DEBUG [Prb.cpp, 603] - Read CC1020 completed, Address=0x0047, Data=0x44
2013/07/22 15:20:56:092 [002232] TRACE [Prb.cpp, 493] - Reading FPGA, Address=0x305E
2013/07/22 15:20:56:093 [002232] TRACE [Prb.cpp, 1035] - ReadFPGAPacket(0x305E):01 00 0C 23 82 00 02 30 5E 99 FD 0D 
2013/07/22 15:20:56:093 [000356] TRACE [Prb.cpp, 835] - RxStream contents:01 00 0C B8 06 23 00 01 00 F7 6E 0D 
2013/07/22 15:20:56:094 [000356] TRACE [Prb.cpp, 943] - RadioBoardPacket(ACK):01 00 0C B8 06 23 00 01 00 F7 6E 0D 
2013/07/22 15:20:56:095 [002232] DEBUG [Prb.cpp, 512] - Read FPGA completed, Address=0x305E, Data=0x00
2013/07/22 15:20:56:096 [002232] TRACE [Prb.cpp, 493] - Reading FPGA, Address=0x3060
2013/07/22 15:20:56:097 [002232] TRACE [Prb.cpp, 1035] - ReadFPGAPacket(0x3060):01 00 0C 24 82 00 02 30 60 71 7C 0D 
2013/07/22 15:20:56:097 [000356] TRACE [Prb.cpp, 835] - RxStream contents:01 00 0C B9 06 24 00 01 00 E3 6E 0D 
2013/07/22 15:20:56:098 [000356] TRACE [Prb.cpp, 943] - RadioBoardPacket(ACK):01 00 0C B9 06 24 00 01 00 E3 6E 0D 
2013/07/22 15:20:56:098 [002232] DEBUG [Prb.cpp, 512] - Read FPGA completed, Address=0x3060, Data=0x00
2013/07/22 15:20:56:099 [002232] TRACE [Prb.cpp, 493] - Reading FPGA, Address=0x3062
2013/07/22 15:20:56:100 [002232] TRACE [Prb.cpp, 1035] - ReadFPGAPacket(0x3062):01 00 0C 25 82 00 02 30 62 09 70 0D 
2013/07/22 15:20:56:100 [000356] TRACE [Prb.cpp, 835] - RxStream contents:01 00 0C BA 06 25 00 01 00 FF 6D 0D 
2013/07/22 15:20:56:101 [000356] TRACE [Prb.cpp, 943] - RadioBoardPacket(ACK):01 00 0C BA 06 25 00 01 00 FF 6D 0D 
2013/07/22 15:20:56:101 [002232] DEBUG [Prb.cpp, 512] - Read FPGA completed, Address=0x3062, Data=0x00
2013/07/22 15:20:56:106 [002232] TRACE [Prb.cpp, 493] - Reading FPGA, Address=0x3066
2013/07/22 15:20:56:107 [002232] TRACE [Prb.cpp, 1035] - ReadFPGAPacket(0x3066):01 00 0C 26 82 00 02 30 66 01 6B 0D 
2013/07/22 15:20:56:107 [000356] TRACE [Prb.cpp, 835] - RxStream contents:01 00 0C BB 06 26 00 01 00 3B 6E 0D 
2013/07/22 15:20:56:108 [000356] TRACE [Prb.cpp, 943] - RadioBoardPacket(ACK):01 00 0C BB 06 26 00 01 00 3B 6E 0D 
2013/07/22 15:20:56:108 [002232] DEBUG [Prb.cpp, 512] - Read FPGA completed, Address=0x3066, Data=0x00
2013/07/22 15:20:56:109 [002232] TRACE [Prb.cpp, 493] - Reading FPGA, Address=0x3068
2013/07/22 15:20:56:109 [002232] TRACE [Prb.cpp, 1035] - ReadFPGAPacket(0x3068):01 00 0C 27 82 00 02 30 68 79 4F 0D 
2013/07/22 15:20:56:109 [000356] TRACE [Prb.cpp, 835] - RxStream contents:01 00 0C BC 06 27 00 01 00 C7 6B 0D 
2013/07/22 15:20:56:111 [000356] TRACE [Prb.cpp, 943] - RadioBoardPacket(ACK):01 00 0C BC 06 27 00 01 00 C7 6B 0D 
2013/07/22 15:20:56:111 [002232] DEBUG [Prb.cpp, 512] - Read FPGA completed, Address=0x3068, Data=0x00
2013/07/22 15:20:56:112 [002232] TRACE [Prb.cpp, 493] - Reading FPGA, Address=0x306A
2013/07/22 15:20:56:112 [002232] TRACE [Prb.cpp, 1035] - ReadFPGAPacket(0x306A):01 00 0C 28 82 00 02 30 6A D1 4F 0D 
2013/07/22 15:20:56:112 [000356] TRACE [Prb.cpp, 835] - RxStream contents:01 00 0C BD 06 28 00 01 00 F3 68 0D 
2013/07/22 15:20:56:113 [000356] TRACE [Prb.cpp, 943] - RadioBoardPacket(ACK):01 00 0C BD 06 28 00 01 00 F3 68 0D 
2013/07/22 15:20:56:114 [002232] DEBUG [Prb.cpp, 512] - Read FPGA completed, Address=0x306A, Data=0x00
2013/07/22 15:20:56:116 [002232] TRACE [Prb.cpp, 448] - Writing FPGA, Address=0x1026, Data=0x00
2013/07/22 15:20:56:117 [002232] TRACE [Prb.cpp, 1035] - WriteFPGAPacket(0x1026, 0x00):01 00 0D 29 81 00 03 10 26 00 EA 75 0D 
2013/07/22 15:20:56:117 [000356] TRACE [Prb.cpp, 835] - RxStream contents:01 00 0B BE 06 29 00 00 04 6E 0D 
2013/07/22 15:20:56:118 [000356] TRACE [Prb.cpp, 943] - RadioBoardPacket(ACK):01 00 0B BE 06 29 00 00 04 6E 0D 
2013/07/22 15:20:56:118 [002232] DEBUG [Prb.cpp, 466] - Write FPGA completed, Address=0x1026, Data=0x00
2013/07/22 15:20:56:125 [005552] TRACE [Prb.cpp, 539] - Writing CC1020, Address=0x001C, Data=0x07
2013/07/22 15:20:56:126 [005552] TRACE [Prb.cpp, 1035] - WriteCC1020Packet(0x1C, 0x07):01 00 0D 2A 83 00 03 00 1C 07 04 14 0D 
2013/07/22 15:20:56:126 [000356] TRACE [Prb.cpp, 835] - RxStream contents:01 00 0B BF 06 2A 00 00 84 29 0D 
2013/07/22 15:20:56:127 [000356] TRACE [Prb.cpp, 943] - RadioBoardPacket(ACK):01 00 0B BF 06 2A 00 00 84 29 0D 
2013/07/22 15:20:56:128 [005552] DEBUG [Prb.cpp, 557] - Write CC1020 completed, Address=0x001C, Data=0x07
2013/07/22 15:20:56:130 [005552] TRACE [Prb.cpp, 448] - Writing FPGA, Address=0x3012, Data=0x01
2013/07/22 15:20:56:131 [005552] TRACE [Prb.cpp, 1035] - WriteFPGAPacket(0x3012, 0x01):01 00 0D 2B 81 00 03 30 12 01 52 D3 0D 
2013/07/22 15:20:56:131 [000356] TRACE [Prb.cpp, 835] - RxStream contents:01 00 0B C0 06 2B 00 00 90 15 0D 
2013/07/22 15:20:56:132 [000356] TRACE [Prb.cpp, 943] - RadioBoardPacket(ACK):01 00 0B C0 06 2B 00 00 90 15 0D 
2013/07/22 15:20:56:132 [005552] DEBUG [Prb.cpp, 466] - Write FPGA completed, Address=0x3012, Data=0x01
2013/07/22 15:20:56:133 [005552] TRACE [Prb.cpp, 493] - Reading FPGA, Address=0x1004
2013/07/22 15:20:56:134 [005552] TRACE [Prb.cpp, 1035] - ReadFPGAPacket(0x1004):01 00 0C 2C 82 00 02 10 04 F0 2D 0D 
2013/07/22 15:20:56:134 [000356] TRACE [Prb.cpp, 835] - RxStream contents:01 00 0C C1 06 2C 00 01 00 03 10 0D 
2013/07/22 15:20:56:135 [000356] TRACE [Prb.cpp, 943] - RadioBoardPacket(ACK):01 00 0C C1 06 2C 00 01 00 03 10 0D 
2013/07/22 15:20:56:136 [005552] DEBUG [Prb.cpp, 512] - Read FPGA completed, Address=0x1004, Data=0x00
2013/07/22 15:20:56:136 [005552] TRACE [Prb.cpp, 448] - Writing FPGA, Address=0x1004, Data=0x00
2013/07/22 15:20:56:137 [005552] TRACE [Prb.cpp, 1035] - WriteFPGAPacket(0x1004, 0x00):01 00 0D 2D 81 00 03 10 04 00 A2 36 0D 
2013/07/22 15:20:56:137 [000356] TRACE [Prb.cpp, 835] - RxStream contents:01 00 0B C2 06 2D 00 00 10 9E 0D 
2013/07/22 15:20:56:138 [000356] TRACE [Prb.cpp, 943] - RadioBoardPacket(ACK):01 00 0B C2 06 2D 00 00 10 9E 0D 
2013/07/22 15:20:56:138 [005552] DEBUG [Prb.cpp, 466] - Write FPGA completed, Address=0x1004, Data=0x00
2013/07/22 15:20:56:141 [004808] INFO [CommunicationSystemStates.cpp, 130] - Scan requested. Preamble Burst Duration: 9 seconds. Preamble Burst Data Rate: 2.
2013/07/22 15:20:56:142 [004808] TRACE [Prb.cpp, 448] - Writing FPGA, Address=0x1002, Data=0x09
2013/07/22 15:20:56:142 [004808] TRACE [Prb.cpp, 1035] - WriteFPGAPacket(0x1002, 0x09):01 00 0D 2E 81 00 03 10 02 09 B5 30 0D 
2013/07/22 15:20:56:142 [000356] TRACE [Prb.cpp, 835] - RxStream contents:01 00 0B C3 06 2E 00 00 90 D9 0D 
2013/07/22 15:20:56:143 [000356] TRACE [Prb.cpp, 943] - RadioBoardPacket(ACK):01 00 0B C3 06 2E 00 00 90 D9 0D 
2013/07/22 15:20:56:144 [004808] DEBUG [Prb.cpp, 466] - Write FPGA completed, Address=0x1002, Data=0x09
2013/07/22 15:20:56:145 [004808] TRACE [Prb.cpp, 493] - Reading FPGA, Address=0x1004
2013/07/22 15:20:56:145 [004808] TRACE [Prb.cpp, 1035] - ReadFPGAPacket(0x1004):01 00 0C 2F 82 00 02 10 04 78 2D 0D 
2013/07/22 15:20:56:145 [000356] TRACE [Prb.cpp, 835] - RxStream contents:01 00 0C C4 06 2F 00 01 00 27 15 0D 
2013/07/22 15:20:56:146 [000356] TRACE [Prb.cpp, 943] - RadioBoardPacket(ACK):01 00 0C C4 06 2F 00 01 00 27 15 0D 
2013/07/22 15:20:56:147 [004808] DEBUG [Prb.cpp, 512] - Read FPGA completed, Address=0x1004, Data=0x00
2013/07/22 15:20:56:147 [004808] TRACE [Prb.cpp, 448] - Writing FPGA, Address=0x1004, Data=0x08
2013/07/22 15:20:56:148 [004808] TRACE [Prb.cpp, 1035] - WriteFPGAPacket(0x1004, 0x08):01 00 0D 30 81 00 03 10 04 08 3E D5 0D 
2013/07/22 15:20:56:148 [000356] TRACE [Prb.cpp, 835] - RxStream contents:01 00 0B C5 06 30 00 00 90 51 0D 
2013/07/22 15:20:56:149 [000356] TRACE [Prb.cpp, 943] - RadioBoardPacket(ACK):01 00 0B C5 06 30 00 00 90 51 0D 
2013/07/22 15:20:56:150 [004808] DEBUG [Prb.cpp, 466] - Write FPGA completed, Address=0x1004, Data=0x08
2013/07/22 15:20:56:150 [004808] TRACE [Prb.cpp, 448] - Writing FPGA, Address=0x1008, Data=0x02
2013/07/22 15:20:56:151 [004808] TRACE [Prb.cpp, 1035] - WriteFPGAPacket(0x1008, 0x02):01 00 0D 31 81 00 03 10 08 02 97 FA 0D 
2013/07/22 15:20:56:151 [000356] TRACE [Prb.cpp, 835] - RxStream contents:01 00 0B C6 06 31 00 00 10 CE 0D 
2013/07/22 15:20:56:152 [000356] TRACE [Prb.cpp, 943] - RadioBoardPacket(ACK):01 00 0B C6 06 31 00 00 10 CE 0D 
2013/07/22 15:20:56:153 [004808] DEBUG [Prb.cpp, 466] - Write FPGA completed, Address=0x1008, Data=0x02
2013/07/22 15:21:07:279 [004960] INFO [CommunicationSystemStates.cpp, 168] - Scan complete
2013/07/22 15:21:07:280 [004960] TRACE [Prb.cpp, 584] - Reading CC1020, Address=0x0004
2013/07/22 15:21:07:281 [004960] TRACE [Prb.cpp, 1035] - ReadCC1020Packet(0x04):01 00 0C 32 84 00 02 00 04 41 20 0D 
2013/07/22 15:21:07:281 [000356] TRACE [Prb.cpp, 835] - RxStream contents:01 00 0C C8 06 32 00 01 35 A3 A1 0D 
2013/07/22 15:21:07:283 [000356] TRACE [Prb.cpp, 943] - RadioBoardPacket(ACK):01 00 0C C8 06 32 00 01 35 A3 A1 0D 
2013/07/22 15:21:07:283 [004960] DEBUG [Prb.cpp, 603] - Read CC1020 completed, Address=0x0004, Data=0x35
2013/07/22 15:21:07:284 [004960] TRACE [Prb.cpp, 584] - Reading CC1020, Address=0x0005
2013/07/22 15:21:07:285 [004960] TRACE [Prb.cpp, 1035] - ReadCC1020Packet(0x05):01 00 0C 33 84 00 02 00 05 39 26 0D 
2013/07/22 15:21:07:285 [000356] TRACE [Prb.cpp, 835] - RxStream contents:01 00 0C C9 06 33 00 01 F0 CD 3F 0D 
2013/07/22 15:21:07:286 [000356] TRACE [Prb.cpp, 943] - RadioBoardPacket(ACK):01 00 0C C9 06 33 00 01 F0 CD 3F 0D 
2013/07/22 15:21:07:286 [004960] DEBUG [Prb.cpp, 603] - Read CC1020 completed, Address=0x0005, Data=0xF0
2013/07/22 15:21:07:287 [004960] TRACE [Prb.cpp, 584] - Reading CC1020, Address=0x0006
2013/07/22 15:21:07:287 [004960] TRACE [Prb.cpp, 1035] - ReadCC1020Packet(0x06):01 00 0C 34 84 00 02 00 06 51 2A 0D 
2013/07/22 15:21:07:287 [000356] TRACE [Prb.cpp, 835] - RxStream contents:01 00 0C CA 06 34 00 01 21 AB DA 0D 
2013/07/22 15:21:07:288 [000356] TRACE [Prb.cpp, 943] - RadioBoardPacket(ACK):01 00 0C CA 06 34 00 01 21 AB DA 0D 
2013/07/22 15:21:07:289 [004960] DEBUG [Prb.cpp, 603] - Read CC1020 completed, Address=0x0006, Data=0x21
2013/07/22 15:21:07:290 [004960] TRACE [Prb.cpp, 584] - Reading CC1020, Address=0x0008
2013/07/22 15:21:07:290 [004960] TRACE [Prb.cpp, 1035] - ReadCC1020Packet(0x08):01 00 0C 35 84 00 02 00 08 29 0E 0D 
2013/07/22 15:21:07:290 [000356] TRACE [Prb.cpp, 835] - RxStream contents:01 00 0C CB 06 35 00 01 35 C7 A2 0D 
2013/07/22 15:21:07:291 [000356] TRACE [Prb.cpp, 943] - RadioBoardPacket(ACK):01 00 0C CB 06 35 00 01 35 C7 A2 0D 
2013/07/22 15:21:07:292 [004960] DEBUG [Prb.cpp, 603] - Read CC1020 completed, Address=0x0008, Data=0x35
2013/07/22 15:21:07:292 [004960] TRACE [Prb.cpp, 584] - Reading CC1020, Address=0x0009
2013/07/22 15:21:07:293 [004960] TRACE [Prb.cpp, 1035] - ReadCC1020Packet(0x09):01 00 0C 36 84 00 02 00 09 21 0B 0D 
2013/07/22 15:21:07:293 [000356] TRACE [Prb.cpp, 835] - RxStream contents:01 00 0C CC 06 36 00 01 FA 91 06 0D 
2013/07/22 15:21:07:294 [000356] TRACE [Prb.cpp, 943] - RadioBoardPacket(ACK):01 00 0C CC 06 36 00 01 FA 91 06 0D 
2013/07/22 15:21:07:295 [004960] DEBUG [Prb.cpp, 603] - Read CC1020 completed, Address=0x0009, Data=0xFA
2013/07/22 15:21:07:295 [004960] TRACE [Prb.cpp, 584] - Reading CC1020, Address=0x000A
2013/07/22 15:21:07:296 [004960] TRACE [Prb.cpp, 1035] - ReadCC1020Packet(0x0A):01 00 0C 37 84 00 02 00 0A D9 02 0D 
2013/07/22 15:21:07:296 [000356] TRACE [Prb.cpp, 835] - RxStream contents:01 00 0C CD 06 37 00 01 CB 7D A3 0D 
2013/07/22 15:21:07:297 [000356] TRACE [Prb.cpp, 943] - RadioBoardPacket(ACK):01 00 0C CD 06 37 00 01 CB 7D A3 0D 
2013/07/22 15:21:07:297 [004960] DEBUG [Prb.cpp, 603] - Read CC1020 completed, Address=0x000A, Data=0xCB
2013/07/22 15:21:07:298 [004960] TRACE [Prb.cpp, 584] - Reading CC1020, Address=0x000F
2013/07/22 15:21:07:298 [004960] TRACE [Prb.cpp, 1035] - ReadCC1020Packet(0x0F):01 00 0C 38 84 00 02 00 0F F1 13 0D 
2013/07/22 15:21:07:298 [000356] TRACE [Prb.cpp, 835] - RxStream contents:01 00 0C CE 06 38 00 01 DF 39 DB 0D 
2013/07/22 15:21:07:299 [000356] TRACE [Prb.cpp, 943] - RadioBoardPacket(ACK):01 00 0C CE 06 38 00 01 DF 39 DB 0D 
2013/07/22 15:21:07:300 [004960] DEBUG [Prb.cpp, 603] - Read CC1020 completed, Address=0x000F, Data=0xDF
2013/07/22 15:21:07:300 [004960] TRACE [Prb.cpp, 584] - Reading CC1020, Address=0x0010
2013/07/22 15:21:07:301 [004960] TRACE [Prb.cpp, 1035] - ReadCC1020Packet(0x10):01 00 0C 39 84 00 02 00 10 89 51 0D 
2013/07/22 15:21:07:301 [000356] TRACE [Prb.cpp, 835] - RxStream contents:01 00 0C CF 06 39 00 01 80 54 19 0D 
2013/07/22 15:21:07:302 [000356] TRACE [Prb.cpp, 943] - RadioBoardPacket(ACK):01 00 0C CF 06 39 00 01 80 54 19 0D 
2013/07/22 15:21:07:303 [004960] DEBUG [Prb.cpp, 603] - Read CC1020 completed, Address=0x0010, Data=0x80
2013/07/22 15:21:07:303 [004960] TRACE [Prb.cpp, 584] - Reading CC1020, Address=0x0013
2013/07/22 15:21:07:304 [004960] TRACE [Prb.cpp, 1035] - ReadCC1020Packet(0x13):01 00 0C 3A 84 00 02 00 13 01 5B 0D 
2013/07/22 15:21:07:304 [000356] TRACE [Prb.cpp, 835] - RxStream contents:01 00 0C D0 06 3A 00 01 33 43 AD 0D 
2013/07/22 15:21:07:305 [000356] TRACE [Prb.cpp, 943] - RadioBoardPacket(ACK):01 00 0C D0 06 3A 00 01 33 43 AD 0D 
2013/07/22 15:21:07:305 [004960] DEBUG [Prb.cpp, 603] - Read CC1020 completed, Address=0x0013, Data=0x33
2013/07/22 15:21:07:306 [004960] TRACE [Prb.cpp, 584] - Reading CC1020, Address=0x0014
2013/07/22 15:21:07:306 [004960] TRACE [Prb.cpp, 1035] - ReadCC1020Packet(0x14):01 00 0C 3B 84 00 02 00 14 79 49 0D 
2013/07/22 15:21:07:307 [000356] TRACE [Prb.cpp, 835] - RxStream contents:01 00 0C D1 06 3B 00 01 3D AF 8A 0D 
2013/07/22 15:21:07:307 [000356] TRACE [Prb.cpp, 943] - RadioBoardPacket(ACK):01 00 0C D1 06 3B 00 01 3D AF 8A 0D 
2013/07/22 15:21:07:308 [004960] DEBUG [Prb.cpp, 603] - Read CC1020 completed, Address=0x0014, Data=0x3D
2013/07/22 15:21:07:308 [004960] TRACE [Prb.cpp, 584] - Reading CC1020, Address=0x0043
2013/07/22 15:21:07:309 [004960] TRACE [Prb.cpp, 1035] - ReadCC1020Packet(0x43):01 00 0C 3C 84 00 02 00 43 90 BE 0D 
2013/07/22 15:21:07:309 [000356] TRACE [Prb.cpp, 835] - RxStream contents:01 00 0C D2 06 3C 00 01 00 4B 04 0D 
2013/07/22 15:21:07:310 [000356] TRACE [Prb.cpp, 943] - RadioBoardPacket(ACK):01 00 0C D2 06 3C 00 01 00 4B 04 0D 
2013/07/22 15:21:07:311 [004960] DEBUG [Prb.cpp, 603] - Read CC1020 completed, Address=0x0043, Data=0x00
2013/07/22 15:21:07:311 [004960] DEBUG [ComSysDiagnostics.cpp, 63] - CC1020 [Scan complete] FREQ_2A: 0x35 FREQ_1A: 0xf0 FREQ_0A: 0x21
2013/07/22 15:21:07:312 [004960] DEBUG [ComSysDiagnostics.cpp, 67] - CC1020 [Scan complete] FREQ_2B: 0x35 FREQ_1B: 0xfa FREQ_0B: 0xcb
2013/07/22 15:21:07:312 [004960] DEBUG [ComSysDiagnostics.cpp, 72] - CC1020 [Scan complete] AFC_CONTROL: 0xdf FILTER: 0x80 VGA3: 0x33 VGA4: 0x3d AFC: 0x00
2013/07/22 15:21:07:313 [004960] INFO [CommunicationSystemStates.cpp, 173] - Found 1 valid ids during the scan operation.
2013/07/22 15:21:07:315 [004960] INFO [CommunicationSystemStates.cpp, 190] - Id: 0x801c0094.
2013/07/22 15:21:07:317 [004960] INFO [CommunicationSystemStates.cpp, 198] - Found 1 invalid ids during the scan operation.
2013/07/22 15:21:07:320 [004808] INFO [CommunicationSystemStates.cpp, 130] - Scan requested. Preamble Burst Duration: 2 seconds. Preamble Burst Data Rate: 0.
2013/07/22 15:21:07:320 [004808] TRACE [Prb.cpp, 448] - Writing FPGA, Address=0x1002, Data=0x02
2013/07/22 15:21:07:321 [004808] TRACE [Prb.cpp, 1035] - WriteFPGAPacket(0x1002, 0x02):01 00 0D 3D 81 00 03 10 02 02 A7 3A 0D 
2013/07/22 15:21:07:321 [000356] TRACE [Prb.cpp, 835] - RxStream contents:01 00 0B D3 06 3D 00 00 96 25 0D 
2013/07/22 15:21:07:322 [000356] TRACE [Prb.cpp, 943] - RadioBoardPacket(ACK):01 00 0B D3 06 3D 00 00 96 25 0D 
2013/07/22 15:21:07:323 [004808] DEBUG [Prb.cpp, 466] - Write FPGA completed, Address=0x1002, Data=0x02
2013/07/22 15:21:07:324 [004808] TRACE [Prb.cpp, 493] - Reading FPGA, Address=0x1004
2013/07/22 15:21:07:324 [004808] TRACE [Prb.cpp, 1035] - ReadFPGAPacket(0x1004):01 00 0C 3E 82 00 02 10 04 00 3C 0D 
2013/07/22 15:21:07:324 [000356] TRACE [Prb.cpp, 835] - RxStream contents:01 00 0C D4 06 3E 00 01 08 F3 31 0D 
2013/07/22 15:21:07:326 [000356] TRACE [Prb.cpp, 943] - RadioBoardPacket(ACK):01 00 0C D4 06 3E 00 01 08 F3 31 0D 
2013/07/22 15:21:07:326 [004808] DEBUG [Prb.cpp, 512] - Read FPGA completed, Address=0x1004, Data=0x08
2013/07/22 15:21:07:327 [004808] TRACE [Prb.cpp, 448] - Writing FPGA, Address=0x1004, Data=0x00
2013/07/22 15:21:07:327 [000356] TRACE [Prb.cpp, 835] - RxStream contents:01 00 0B D5 06 3F 00 00 17 1E 0D 
2013/07/22 15:21:07:327 [004808] TRACE [Prb.cpp, 1035] - WriteFPGAPacket(0x1004, 0x00):01 00 0D 3F 81 00 03 10 04 00 B1 16 0D 
2013/07/22 15:21:07:328 [000356] TRACE [Prb.cpp, 943] - RadioBoardPacket(ACK):01 00 0B D5 06 3F 00 00 17 1E 0D 
2013/07/22 15:21:07:329 [004808] DEBUG [Prb.cpp, 466] - Write FPGA completed, Address=0x1004, Data=0x00
2013/07/22 15:21:07:330 [004808] TRACE [Prb.cpp, 448] - Writing FPGA, Address=0x1008, Data=0x02
2013/07/22 15:21:07:330 [004808] TRACE [Prb.cpp, 1035] - WriteFPGAPacket(0x1008, 0x02):01 00 0D 40 81 00 03 10 08 02 E1 EA 0D 
2013/07/22 15:21:07:330 [000356] TRACE [Prb.cpp, 835] - RxStream contents:01 00 0B D6 06 40 00 00 91 99 0D 
2013/07/22 15:21:07:331 [000356] TRACE [Prb.cpp, 943] - RadioBoardPacket(ACK):01 00 0B D6 06 40 00 00 91 99 0D 
2013/07/22 15:21:07:332 [004808] DEBUG [Prb.cpp, 466] - Write FPGA completed, Address=0x1008, Data=0x02
2013/07/22 15:21:11:444 [004960] INFO [CommunicationSystemStates.cpp, 168] - Scan complete
2013/07/22 15:21:11:444 [004960] TRACE [Prb.cpp, 584] - Reading CC1020, Address=0x0004
2013/07/22 15:21:11:445 [004960] TRACE [Prb.cpp, 1035] - ReadCC1020Packet(0x04):01 00 0C 41 84 00 02 00 04 49 54 0D 
2013/07/22 15:21:11:445 [000356] TRACE [Prb.cpp, 835] - RxStream contents:01 00 0C D8 06 41 00 01 35 5F A4 0D 
2013/07/22 15:21:11:446 [000356] TRACE [Prb.cpp, 943] - RadioBoardPacket(ACK):01 00 0C D8 06 41 00 01 35 5F A4 0D 
2013/07/22 15:21:11:447 [004960] DEBUG [Prb.cpp, 603] - Read CC1020 completed, Address=0x0004, Data=0x35
2013/07/22 15:21:11:448 [004960] TRACE [Prb.cpp, 584] - Reading CC1020, Address=0x0005
2013/07/22 15:21:11:448 [004960] TRACE [Prb.cpp, 1035] - ReadCC1020Packet(0x05):01 00 0C 42 84 00 02 00 05 41 51 0D 
2013/07/22 15:21:11:448 [000356] TRACE [Prb.cpp, 835] - RxStream contents:01 00 0C D9 06 42 00 01 F0 99 39 0D 
2013/07/22 15:21:11:450 [000356] TRACE [Prb.cpp, 943] - RadioBoardPacket(ACK):01 00 0C D9 06 42 00 01 F0 99 39 0D 
2013/07/22 15:21:11:450 [004960] DEBUG [Prb.cpp, 603] - Read CC1020 completed, Address=0x0005, Data=0xF0
2013/07/22 15:21:11:451 [004960] TRACE [Prb.cpp, 584] - Reading CC1020, Address=0x0006
2013/07/22 15:21:11:451 [004960] TRACE [Prb.cpp, 1035] - ReadCC1020Packet(0x06):01 00 0C 43 84 00 02 00 06 B9 58 0D 
2013/07/22 15:21:11:451 [000356] TRACE [Prb.cpp, 835] - RxStream contents:01 00 0C DA 06 43 00 01 21 87 DC 0D 
2013/07/22 15:21:11:452 [000356] TRACE [Prb.cpp, 943] - RadioBoardPacket(ACK):01 00 0C DA 06 43 00 01 21 87 DC 0D 
2013/07/22 15:21:11:453 [004960] DEBUG [Prb.cpp, 603] - Read CC1020 completed, Address=0x0006, Data=0x21
2013/07/22 15:21:11:453 [004960] TRACE [Prb.cpp, 584] - Reading CC1020, Address=0x0008
2013/07/22 15:21:11:454 [004960] TRACE [Prb.cpp, 1035] - ReadCC1020Packet(0x08):01 00 0C 44 84 00 02 00 08 51 79 0D 
2013/07/22 15:21:11:454 [000356] TRACE [Prb.cpp, 835] - RxStream contents:01 00 0C DB 06 44 00 01 35 93 A4 0D 
2013/07/22 15:21:11:455 [000356] TRACE [Prb.cpp, 943] - RadioBoardPacket(ACK):01 00 0C DB 06 44 00 01 35 93 A4 0D 
2013/07/22 15:21:11:456 [004960] DEBUG [Prb.cpp, 603] - Read CC1020 completed, Address=0x0008, Data=0x35
2013/07/22 15:21:11:456 [004960] TRACE [Prb.cpp, 584] - Reading CC1020, Address=0x0009
2013/07/22 15:21:11:457 [004960] TRACE [Prb.cpp, 1035] - ReadCC1020Packet(0x09):01 00 0C 45 84 00 02 00 09 29 7F 0D 
2013/07/22 15:21:11:457 [000356] TRACE [Prb.cpp, 835] - RxStream contents:01 00 0C DC 06 45 00 01 FA 6D 03 0D 
2013/07/22 15:21:11:458 [000356] TRACE [Prb.cpp, 943] - RadioBoardPacket(ACK):01 00 0C DC 06 45 00 01 FA 6D 03 0D 
2013/07/22 15:21:11:458 [004960] DEBUG [Prb.cpp, 603] - Read CC1020 completed, Address=0x0009, Data=0xFA
2013/07/22 15:21:11:459 [004960] TRACE [Prb.cpp, 584] - Reading CC1020, Address=0x000A
2013/07/22 15:21:11:460 [004960] TRACE [Prb.cpp, 1035] - ReadCC1020Packet(0x0A):01 00 0C 46 84 00 02 00 0A A1 75 0D 
2013/07/22 15:21:11:460 [000356] TRACE [Prb.cpp, 835] - RxStream contents:01 00 0C DD 06 46 00 01 CB 29 A5 0D 
2013/07/22 15:21:11:461 [000356] TRACE [Prb.cpp, 943] - RadioBoardPacket(ACK):01 00 0C DD 06 46 00 01 CB 29 A5 0D 
2013/07/22 15:21:11:461 [004960] DEBUG [Prb.cpp, 603] - Read CC1020 completed, Address=0x000A, Data=0xCB
2013/07/22 15:21:11:462 [004960] TRACE [Prb.cpp, 584] - Reading CC1020, Address=0x000F
2013/07/22 15:21:11:462 [004960] TRACE [Prb.cpp, 1035] - ReadCC1020Packet(0x0F):01 00 0C 47 84 00 02 00 0F 59 68 0D 
2013/07/22 15:21:11:462 [000356] TRACE [Prb.cpp, 835] - RxStream contents:01 00 0C DE 06 47 00 01 DF 35 DE 0D 
2013/07/22 15:21:11:463 [000356] TRACE [Prb.cpp, 943] - RadioBoardPacket(ACK):01 00 0C DE 06 47 00 01 DF 35 DE 0D 
2013/07/22 15:21:11:464 [004960] DEBUG [Prb.cpp, 603] - Read CC1020 completed, Address=0x000F, Data=0xDF
2013/07/22 15:21:11:464 [004960] TRACE [Prb.cpp, 584] - Reading CC1020, Address=0x0010
2013/07/22 15:21:11:465 [004960] TRACE [Prb.cpp, 1035] - ReadCC1020Packet(0x10):01 00 0C 48 84 00 02 00 10 F1 26 0D 
2013/07/22 15:21:11:465 [000356] TRACE [Prb.cpp, 835] - RxStream contents:01 00 0C DF 06 48 00 01 80 00 1F 0D 
2013/07/22 15:21:11:466 [000356] TRACE [Prb.cpp, 943] - RadioBoardPacket(ACK):01 00 0C DF 06 48 00 01 80 00 1F 0D 
2013/07/22 15:21:11:467 [004960] DEBUG [Prb.cpp, 603] - Read CC1020 completed, Address=0x0010, Data=0x80
2013/07/22 15:21:11:467 [004960] TRACE [Prb.cpp, 584] - Reading CC1020, Address=0x0013
2013/07/22 15:21:11:468 [004960] TRACE [Prb.cpp, 1035] - ReadCC1020Packet(0x13):01 00 0C 49 84 00 02 00 13 09 2F 0D 
2013/07/22 15:21:11:468 [000356] TRACE [Prb.cpp, 835] - RxStream contents:01 00 0C E0 06 49 00 01 33 3F 89 0D 
2013/07/22 15:21:11:469 [000356] TRACE [Prb.cpp, 943] - RadioBoardPacket(ACK):01 00 0C E0 06 49 00 01 33 3F 89 0D 
2013/07/22 15:21:11:469 [004960] DEBUG [Prb.cpp, 603] - Read CC1020 completed, Address=0x0013, Data=0x33
2013/07/22 15:21:11:470 [004960] TRACE [Prb.cpp, 584] - Reading CC1020, Address=0x0014
2013/07/22 15:21:11:471 [004960] TRACE [Prb.cpp, 1035] - ReadCC1020Packet(0x14):01 00 0C 4A 84 00 02 00 14 01 3E 0D 
2013/07/22 15:21:11:471 [000356] TRACE [Prb.cpp, 835] - RxStream contents:01 00 0C E1 06 4A 00 01 3D 7B AD 0D 
2013/07/22 15:21:11:472 [000356] TRACE [Prb.cpp, 943] - RadioBoardPacket(ACK):01 00 0C E1 06 4A 00 01 3D 7B AD 0D 
2013/07/22 15:21:11:472 [004960] DEBUG [Prb.cpp, 603] - Read CC1020 completed, Address=0x0014, Data=0x3D
2013/07/22 15:21:11:473 [004960] TRACE [Prb.cpp, 584] - Reading CC1020, Address=0x0043
2013/07/22 15:21:11:473 [004960] TRACE [Prb.cpp, 1035] - ReadCC1020Packet(0x43):01 00 0C 4B 84 00 02 00 43 78 CC 0D 
2013/07/22 15:21:11:473 [000356] TRACE [Prb.cpp, 835] - RxStream contents:01 00 0C E2 06 4B 00 01 00 E7 23 0D 
2013/07/22 15:21:11:474 [000356] TRACE [Prb.cpp, 943] - RadioBoardPacket(ACK):01 00 0C E2 06 4B 00 01 00 E7 23 0D 
2013/07/22 15:21:11:475 [004960] DEBUG [Prb.cpp, 603] - Read CC1020 completed, Address=0x0043, Data=0x00
2013/07/22 15:21:11:475 [004960] DEBUG [ComSysDiagnostics.cpp, 63] - CC1020 [Scan complete] FREQ_2A: 0x35 FREQ_1A: 0xf0 FREQ_0A: 0x21
2013/07/22 15:21:11:476 [004960] DEBUG [ComSysDiagnostics.cpp, 67] - CC1020 [Scan complete] FREQ_2B: 0x35 FREQ_1B: 0xfa FREQ_0B: 0xcb
2013/07/22 15:21:11:476 [004960] DEBUG [ComSysDiagnostics.cpp, 72] - CC1020 [Scan complete] AFC_CONTROL: 0xdf FILTER: 0x80 VGA3: 0x33 VGA4: 0x3d AFC: 0x00
2013/07/22 15:21:11:477 [004960] INFO [CommunicationSystemStates.cpp, 173] - Found 1 valid ids during the scan operation.
2013/07/22 15:21:11:477 [004960] INFO [CommunicationSystemStates.cpp, 190] - Id: 0x801c0094.
2013/07/22 15:21:11:478 [004960] INFO [CommunicationSystemStates.cpp, 198] - Found 2 invalid ids during the scan operation.
2013/07/22 15:21:11:522 [005552] TRACE [Prb.cpp, 493] - Reading FPGA, Address=0x1004
2013/07/22 15:21:11:523 [005552] TRACE [Prb.cpp, 1035] - ReadFPGAPacket(0x1004):01 00 0C 4C 82 00 02 10 04 F0 4B 0D 
2013/07/22 15:21:11:523 [000356] TRACE [Prb.cpp, 835] - RxStream contents:01 00 0C E3 06 4C 00 01 00 F3 23 0D 
2013/07/22 15:21:11:524 [000356] TRACE [Prb.cpp, 943] - RadioBoardPacket(ACK):01 00 0C E3 06 4C 00 01 00 F3 23 0D 
2013/07/22 15:21:11:525 [005552] DEBUG [Prb.cpp, 512] - Read FPGA completed, Address=0x1004, Data=0x00
2013/07/22 15:21:11:525 [005552] TRACE [Prb.cpp, 448] - Writing FPGA, Address=0x1004, Data=0x00
2013/07/22 15:21:11:526 [005552] TRACE [Prb.cpp, 1035] - WriteFPGAPacket(0x1004, 0x00):01 00 0D 4D 81 00 03 10 04 00 C4 36 0D 
2013/07/22 15:21:11:526 [000356] TRACE [Prb.cpp, 835] - RxStream contents:01 00 0B E4 06 4D 00 00 99 0D 0D 
2013/07/22 15:21:11:527 [000356] TRACE [Prb.cpp, 943] - RadioBoardPacket(ACK):01 00 0B E4 06 4D 00 00 99 0D 0D 
2013/07/22 15:21:11:528 [005552] DEBUG [Prb.cpp, 466] - Write FPGA completed, Address=0x1004, Data=0x00
2013/07/22 15:21:11:529 [004808] INFO [CrossTalkDetectorStates.cpp, 98] - LinkTimeout = 4523 ms
2013/07/22 15:21:11:530 [004808] INFO [CrossTalkDetector.cpp, 68] - CrossTalkDetector state changing from IdleState to LinkingState
2013/07/22 15:21:11:531 [004808] INFO [CommunicationSystemStates.cpp, 147] - Link requested. Id: 0x801c0094. Preamble Burst Duration: 2 seconds. Preamble Burst Data Rate: 0.
2013/07/22 15:21:11:533 [004808] DEBUG [ComSysDiagnostics.cpp, 95] - Resetting FPGA Frame Error Counter
2013/07/22 15:21:11:534 [004808] TRACE [Prb.cpp, 448] - Writing FPGA, Address=0x301C, Data=0x00
2013/07/22 15:21:11:534 [004808] TRACE [Prb.cpp, 1035] - WriteFPGAPacket(0x301C, 0x00):01 00 0D 4E 81 00 03 30 1C 00 15 85 0D 
2013/07/22 15:21:11:534 [000356] TRACE [Prb.cpp, 835] - RxStream contents:01 00 0B E5 06 4E 00 00 19 4A 0D 
2013/07/22 15:21:11:536 [000356] TRACE [Prb.cpp, 943] - RadioBoardPacket(ACK):01 00 0B E5 06 4E 00 00 19 4A 0D 
2013/07/22 15:21:11:536 [004808] DEBUG [Prb.cpp, 466] - Write FPGA completed, Address=0x301C, Data=0x00
2013/07/22 15:21:11:537 [004808] TRACE [Prb.cpp, 448] - Writing FPGA, Address=0x2000, Data=0x80
2013/07/22 15:21:11:538 [000356] TRACE [Prb.cpp, 835] - RxStream contents:01 00 0B E6 06 4F 00 00 99 D5 0D 
2013/07/22 15:21:11:538 [000356] TRACE [Prb.cpp, 943] - RadioBoardPacket(ACK):01 00 0B E6 06 4F 00 00 99 D5 0D 
2013/07/22 15:21:11:538 [004808] TRACE [Prb.cpp, 1035] - WriteFPGAPacket(0x2000, 0x80):01 00 0D 4F 81 00 03 20 00 80 5E D5 0D 
2013/07/22 15:21:11:539 [004808] DEBUG [Prb.cpp, 466] - Write FPGA completed, Address=0x2000, Data=0x80
2013/07/22 15:21:11:540 [004808] TRACE [Prb.cpp, 448] - Writing FPGA, Address=0x2002, Data=0x1C
2013/07/22 15:21:11:540 [004808] TRACE [Prb.cpp, 1035] - WriteFPGAPacket(0x2002, 0x1C):01 00 0D 50 81 00 03 20 02 1C 4F 6D 0D 
2013/07/22 15:21:11:540 [000356] TRACE [Prb.cpp, 835] - RxStream contents:01 00 0B E7 06 50 00 00 98 21 0D 
2013/07/22 15:21:11:541 [000356] TRACE [Prb.cpp, 943] - RadioBoardPacket(ACK):01 00 0B E7 06 50 00 00 98 21 0D 
2013/07/22 15:21:11:542 [004808] DEBUG [Prb.cpp, 466] - Write FPGA completed, Address=0x2002, Data=0x1C
2013/07/22 15:21:11:542 [004808] TRACE [Prb.cpp, 448] - Writing FPGA, Address=0x2004, Data=0x00
2013/07/22 15:21:11:543 [004808] TRACE [Prb.cpp, 1035] - WriteFPGAPacket(0x2004, 0x00):01 00 0D 51 81 00 03 20 04 00 5A 35 0D 
2013/07/22 15:21:11:543 [000356] TRACE [Prb.cpp, 835] - RxStream contents:01 00 0B E8 06 51 00 00 1A 9E 0D 
2013/07/22 15:21:11:544 [000356] TRACE [Prb.cpp, 943] - RadioBoardPacket(ACK):01 00 0B E8 06 51 00 00 1A 9E 0D 
2013/07/22 15:21:11:545 [004808] DEBUG [Prb.cpp, 466] - Write FPGA completed, Address=0x2004, Data=0x00
2013/07/22 15:21:11:545 [004808] TRACE [Prb.cpp, 448] - Writing FPGA, Address=0x2006, Data=0x94
2013/07/22 15:21:11:546 [004808] TRACE [Prb.cpp, 1035] - WriteFPGAPacket(0x2006, 0x94):01 00 0D 52 81 00 03 20 06 94 56 7D 0D 
2013/07/22 15:21:11:546 [000356] TRACE [Prb.cpp, 835] - RxStream contents:01 00 0B E9 06 52 00 00 9A D9 0D 
2013/07/22 15:21:11:547 [000356] TRACE [Prb.cpp, 943] - RadioBoardPacket(ACK):01 00 0B E9 06 52 00 00 9A D9 0D 
2013/07/22 15:21:11:547 [004808] DEBUG [Prb.cpp, 466] - Write FPGA completed, Address=0x2006, Data=0x94
2013/07/22 15:21:11:548 [004808] TRACE [Prb.cpp, 448] - Writing FPGA, Address=0x1002, Data=0x02
2013/07/22 15:21:11:549 [004808] TRACE [Prb.cpp, 1035] - WriteFPGAPacket(0x1002, 0x02):01 00 0D 53 81 00 03 10 02 02 4F D9 0D 
2013/07/22 15:21:11:549 [000356] TRACE [Prb.cpp, 835] - RxStream contents:01 00 0B EA 06 53 00 00 1A 46 0D 
2013/07/22 15:21:11:550 [000356] TRACE [Prb.cpp, 943] - RadioBoardPacket(ACK):01 00 0B EA 06 53 00 00 1A 46 0D 
2013/07/22 15:21:11:550 [004808] DEBUG [Prb.cpp, 466] - Write FPGA completed, Address=0x1002, Data=0x02
2013/07/22 15:21:11:551 [004808] TRACE [Prb.cpp, 493] - Reading FPGA, Address=0x1004
2013/07/22 15:21:11:551 [004808] TRACE [Prb.cpp, 1035] - ReadFPGAPacket(0x1004):01 00 0C 54 82 00 02 10 04 30 50 0D 
2013/07/22 15:21:11:551 [000356] TRACE [Prb.cpp, 835] - RxStream contents:01 00 0C EB 06 54 00 01 00 D3 2F 0D 
2013/07/22 15:21:11:552 [000356] TRACE [Prb.cpp, 943] - RadioBoardPacket(ACK):01 00 0C EB 06 54 00 01 00 D3 2F 0D 
2013/07/22 15:21:11:553 [004808] DEBUG [Prb.cpp, 512] - Read FPGA completed, Address=0x1004, Data=0x00
2013/07/22 15:21:11:553 [004808] TRACE [Prb.cpp, 448] - Writing FPGA, Address=0x1004, Data=0x00
2013/07/22 15:21:11:554 [004808] TRACE [Prb.cpp, 1035] - WriteFPGAPacket(0x1004, 0x00):01 00 0D 55 81 00 03 10 04 00 DD B6 0D 
2013/07/22 15:21:11:554 [000356] TRACE [Prb.cpp, 835] - RxStream contents:01 00 0B EC 06 55 00 00 1B 2E 0D 
2013/07/22 15:21:11:555 [000356] TRACE [Prb.cpp, 943] - RadioBoardPacket(ACK):01 00 0B EC 06 55 00 00 1B 2E 0D 
2013/07/22 15:21:11:556 [004808] DEBUG [Prb.cpp, 466] - Write FPGA completed, Address=0x1004, Data=0x00
2013/07/22 15:21:11:556 [004808] TRACE [Prb.cpp, 448] - Writing FPGA, Address=0x1008, Data=0x04
2013/07/22 15:21:11:557 [004808] TRACE [Prb.cpp, 1035] - WriteFPGAPacket(0x1008, 0x04):01 00 0D 56 81 00 03 10 08 04 76 9D 0D 
2013/07/22 15:21:11:557 [000356] TRACE [Prb.cpp, 835] - RxStream contents:01 00 0B ED 06 56 00 00 9B 69 0D 
2013/07/22 15:21:11:558 [000356] TRACE [Prb.cpp, 943] - RadioBoardPacket(ACK):01 00 0B ED 06 56 00 00 9B 69 0D 
2013/07/22 15:21:11:558 [004808] DEBUG [Prb.cpp, 466] - Write FPGA completed, Address=0x1008, Data=0x04
2013/07/22 15:21:14:343 [004960] TRACE [Prb.cpp, 493] - Reading FPGA, Address=0x3018
2013/07/22 15:21:14:344 [004960] TRACE [Prb.cpp, 1035] - ReadFPGAPacket(0x3018):01 00 0C 57 82 00 02 30 18 78 18 0D 
2013/07/22 15:21:14:344 [000356] TRACE [Prb.cpp, 835] - RxStream contents:01 00 0C EF 06 57 00 01 41 0E AF 0D 
2013/07/22 15:21:14:346 [000356] TRACE [Prb.cpp, 943] - RadioBoardPacket(ACK):01 00 0C EF 06 57 00 01 41 0E AF 0D 
2013/07/22 15:21:14:346 [004960] DEBUG [Prb.cpp, 512] - Read FPGA completed, Address=0x3018, Data=0x41
2013/07/22 15:21:14:347 [004960] TRACE [Prb.cpp, 493] - Reading FPGA, Address=0x301A
2013/07/22 15:21:14:347 [004960] TRACE [Prb.cpp, 1035] - ReadFPGAPacket(0x301A):01 00 0C 58 82 00 02 30 1A D0 18 0D 
2013/07/22 15:21:14:347 [000356] TRACE [Prb.cpp, 835] - RxStream contents:01 00 0C F0 06 58 00 01 01 EB 31 0D 
2013/07/22 15:21:14:349 [000356] TRACE [Prb.cpp, 943] - RadioBoardPacket(ACK):01 00 0C F0 06 58 00 01 01 EB 31 0D 
2013/07/22 15:21:14:349 [004960] DEBUG [Prb.cpp, 512] - Read FPGA completed, Address=0x301A, Data=0x01
2013/07/22 15:21:14:350 [004960] TRACE [Prb.cpp, 493] - Reading FPGA, Address=0x3070
2013/07/22 15:21:14:350 [004960] TRACE [Prb.cpp, 1035] - ReadFPGAPacket(0x3070):01 00 0C 59 82 00 02 30 70 29 67 0D 
2013/07/22 15:21:14:350 [000356] TRACE [Prb.cpp, 835] - RxStream contents:01 00 0C F1 06 59 00 01 02 87 3B 0D 
2013/07/22 15:21:14:352 [000356] TRACE [Prb.cpp, 943] - RadioBoardPacket(ACK):01 00 0C F1 06 59 00 01 02 87 3B 0D 
2013/07/22 15:21:14:352 [004960] DEBUG [Prb.cpp, 512] - Read FPGA completed, Address=0x3070, Data=0x02
2013/07/22 15:21:14:353 [004960] DEBUG [ComSysDiagnostics.cpp, 31] - FPGA RSSI/AFC [Linking(valid frame)] linkedRSSI:65 linkedAFC:1 AFC:2
2013/07/22 15:21:14:358 [004960] TRACE [Prb.cpp, 493] - Reading FPGA, Address=0x3018
2013/07/22 15:21:14:359 [004960] TRACE [Prb.cpp, 1035] - ReadFPGAPacket(0x3018):01 00 0C 5A 82 00 02 30 18 20 14 0D 
2013/07/22 15:21:14:359 [000356] TRACE [Prb.cpp, 835] - RxStream contents:01 00 0C F3 06 5A 00 01 40 CA B4 0D 
2013/07/22 15:21:14:360 [000356] TRACE [Prb.cpp, 943] - RadioBoardPacket(ACK):01 00 0C F3 06 5A 00 01 40 CA B4 0D 
2013/07/22 15:21:14:360 [004960] DEBUG [Prb.cpp, 512] - Read FPGA completed, Address=0x3018, Data=0x40
2013/07/22 15:21:14:361 [004960] TRACE [Prb.cpp, 493] - Reading FPGA, Address=0x301A
2013/07/22 15:21:14:361 [004960] TRACE [Prb.cpp, 1035] - ReadFPGAPacket(0x301A):01 00 0C 5B 82 00 02 30 1A 58 18 0D 
2013/07/22 15:21:14:361 [000356] TRACE [Prb.cpp, 835] - RxStream contents:01 00 0C F4 06 5B 00 01 02 37 3D 0D 
2013/07/22 15:21:14:363 [000356] TRACE [Prb.cpp, 943] - RadioBoardPacket(ACK):01 00 0C F4 06 5B 00 01 02 37 3D 0D 
2013/07/22 15:21:14:363 [004960] DEBUG [Prb.cpp, 512] - Read FPGA completed, Address=0x301A, Data=0x02
2013/07/22 15:21:14:364 [004960] TRACE [Prb.cpp, 493] - Reading FPGA, Address=0x3070
2013/07/22 15:21:14:364 [004960] TRACE [Prb.cpp, 1035] - ReadFPGAPacket(0x3070):01 00 0C 5C 82 00 02 30 70 31 62 0D 
2013/07/22 15:21:14:364 [000356] TRACE [Prb.cpp, 835] - RxStream contents:01 00 0C F5 06 5C 00 01 02 23 3D 0D 
2013/07/22 15:21:14:365 [000356] TRACE [Prb.cpp, 943] - RadioBoardPacket(ACK):01 00 0C F5 06 5C 00 01 02 23 3D 0D 
2013/07/22 15:21:14:366 [004960] DEBUG [Prb.cpp, 512] - Read FPGA completed, Address=0x3070, Data=0x02
2013/07/22 15:21:14:366 [004960] DEBUG [ComSysDiagnostics.cpp, 31] - FPGA RSSI/AFC [Linking(valid frame)] linkedRSSI:64 linkedAFC:2 AFC:2
2013/07/22 15:21:14:372 [004960] TRACE [Prb.cpp, 493] - Reading FPGA, Address=0x3018
2013/07/22 15:21:14:372 [004960] TRACE [Prb.cpp, 1035] - ReadFPGAPacket(0x3018):01 00 0C 5D 82 00 02 30 18 48 12 0D 
2013/07/22 15:21:14:373 [000356] TRACE [Prb.cpp, 835] - RxStream contents:01 00 0C F7 06 5D 00 01 3F 47 B0 0D 
2013/07/22 15:21:14:374 [000356] TRACE [Prb.cpp, 943] - RadioBoardPacket(ACK):01 00 0C F7 06 5D 00 01 3F 47 B0 0D 
2013/07/22 15:21:14:374 [004960] DEBUG [Prb.cpp, 512] - Read FPGA completed, Address=0x3018, Data=0x3F
2013/07/22 15:21:14:375 [004960] TRACE [Prb.cpp, 493] - Reading FPGA, Address=0x301A
2013/07/22 15:21:14:375 [004960] TRACE [Prb.cpp, 1035] - ReadFPGAPacket(0x301A):01 00 0C 5E 82 00 02 30 1A 40 1D 0D 
2013/07/22 15:21:14:375 [000356] TRACE [Prb.cpp, 835] - RxStream contents:01 00 0C F8 06 5E 00 01 02 D3 32 0D 
2013/07/22 15:21:14:376 [000356] TRACE [Prb.cpp, 943] - RadioBoardPacket(ACK):01 00 0C F8 06 5E 00 01 02 D3 32 0D 
2013/07/22 15:21:14:377 [004960] DEBUG [Prb.cpp, 512] - Read FPGA completed, Address=0x301A, Data=0x02
2013/07/22 15:21:14:378 [004960] TRACE [Prb.cpp, 493] - Reading FPGA, Address=0x3070
2013/07/22 15:21:14:378 [004960] TRACE [Prb.cpp, 1035] - ReadFPGAPacket(0x3070):01 00 0C 5F 82 00 02 30 70 B9 62 0D 
2013/07/22 15:21:14:378 [000356] TRACE [Prb.cpp, 835] - RxStream contents:01 00 0C F9 06 5F 00 01 02 BF 32 0D 
2013/07/22 15:21:14:379 [000356] TRACE [Prb.cpp, 943] - RadioBoardPacket(ACK):01 00 0C F9 06 5F 00 01 02 BF 32 0D 
2013/07/22 15:21:14:380 [004960] DEBUG [Prb.cpp, 512] - Read FPGA completed, Address=0x3070, Data=0x02
2013/07/22 15:21:14:380 [004960] DEBUG [ComSysDiagnostics.cpp, 31] - FPGA RSSI/AFC [Linking(valid frame)] linkedRSSI:63 linkedAFC:2 AFC:2
2013/07/22 15:21:14:391 [004960] TRACE [Prb.cpp, 493] - Reading FPGA, Address=0x3018
2013/07/22 15:21:14:392 [004960] TRACE [Prb.cpp, 1035] - ReadFPGAPacket(0x3018):01 00 0C 60 82 00 02 30 18 10 2D 0D 
2013/07/22 15:21:14:392 [000356] TRACE [Prb.cpp, 835] - RxStream contents:01 00 0C FB 06 60 00 01 3F 43 B6 0D 
2013/07/22 15:21:14:393 [000356] TRACE [Prb.cpp, 943] - RadioBoardPacket(ACK):01 00 0C FB 06 60 00 01 3F 43 B6 0D 
2013/07/22 15:21:14:394 [004960] DEBUG [Prb.cpp, 512] - Read FPGA completed, Address=0x3018, Data=0x3F
2013/07/22 15:21:14:394 [004960] TRACE [Prb.cpp, 493] - Reading FPGA, Address=0x301A
2013/07/22 15:21:14:395 [004960] TRACE [Prb.cpp, 1035] - ReadFPGAPacket(0x301A):01 00 0C 61 82 00 02 30 1A 68 21 0D 
2013/07/22 15:21:14:395 [000356] TRACE [Prb.cpp, 835] - RxStream contents:01 00 0C FC 06 61 00 01 03 BF 3B 0D 
2013/07/22 15:21:14:396 [000356] TRACE [Prb.cpp, 943] - RadioBoardPacket(ACK):01 00 0C FC 06 61 00 01 03 BF 3B 0D 
2013/07/22 15:21:14:397 [004960] DEBUG [Prb.cpp, 512] - Read FPGA completed, Address=0x301A, Data=0x03
2013/07/22 15:21:14:397 [004960] TRACE [Prb.cpp, 493] - Reading FPGA, Address=0x3070
2013/07/22 15:21:14:398 [004960] TRACE [Prb.cpp, 1035] - ReadFPGAPacket(0x3070):01 00 0C 62 82 00 02 30 70 E1 5D 0D 
2013/07/22 15:21:14:398 [000356] TRACE [Prb.cpp, 835] - RxStream contents:01 00 0C FD 06 62 00 01 02 FB 3D 0D 
2013/07/22 15:21:14:399 [000356] TRACE [Prb.cpp, 943] - RadioBoardPacket(ACK):01 00 0C FD 06 62 00 01 02 FB 3D 0D 
2013/07/22 15:21:14:399 [004960] DEBUG [Prb.cpp, 512] - Read FPGA completed, Address=0x3070, Data=0x02
2013/07/22 15:21:14:400 [004960] DEBUG [ComSysDiagnostics.cpp, 31] - FPGA RSSI/AFC [Linking(valid frame)] linkedRSSI:63 linkedAFC:3 AFC:2
2013/07/22 15:21:14:405 [004960] TRACE [Prb.cpp, 493] - Reading FPGA, Address=0x3018
2013/07/22 15:21:14:406 [004960] TRACE [Prb.cpp, 1035] - ReadFPGAPacket(0x3018):01 00 0C 63 82 00 02 30 18 98 2D 0D 
2013/07/22 15:21:14:406 [000356] TRACE [Prb.cpp, 835] - RxStream contents:01 00 0C FF 06 63 00 01 41 9E B4 0D 
2013/07/22 15:21:14:407 [000356] TRACE [Prb.cpp, 943] - RadioBoardPacket(ACK):01 00 0C FF 06 63 00 01 41 9E B4 0D 
2013/07/22 15:21:14:407 [004960] DEBUG [Prb.cpp, 512] - Read FPGA completed, Address=0x3018, Data=0x41
2013/07/22 15:21:14:408 [004960] TRACE [Prb.cpp, 493] - Reading FPGA, Address=0x301A
2013/07/22 15:21:14:409 [004960] TRACE [Prb.cpp, 1035] - ReadFPGAPacket(0x301A):01 00 0C 64 82 00 02 30 1A 70 24 0D 
2013/07/22 15:21:14:409 [000356] TRACE [Prb.cpp, 835] - RxStream contents:01 00 0C 00 06 64 00 01 01 DB C4 0D 
2013/07/22 15:21:14:410 [000356] TRACE [Prb.cpp, 943] - RadioBoardPacket(ACK):01 00 0C 00 06 64 00 01 01 DB C4 0D 
2013/07/22 15:21:14:410 [004960] DEBUG [Prb.cpp, 512] - Read FPGA completed, Address=0x301A, Data=0x01
2013/07/22 15:21:14:411 [004960] TRACE [Prb.cpp, 493] - Reading FPGA, Address=0x3070
2013/07/22 15:21:14:411 [004960] TRACE [Prb.cpp, 1035] - ReadFPGAPacket(0x3070):01 00 0C 65 82 00 02 30 70 89 5B 0D 
2013/07/22 15:21:14:411 [000356] TRACE [Prb.cpp, 835] - RxStream contents:01 00 0C 01 06 65 00 01 02 B7 CE 0D 
2013/07/22 15:21:14:412 [000356] TRACE [Prb.cpp, 943] - RadioBoardPacket(ACK):01 00 0C 01 06 65 00 01 02 B7 CE 0D 
2013/07/22 15:21:14:413 [004960] DEBUG [Prb.cpp, 512] - Read FPGA completed, Address=0x3070, Data=0x02
2013/07/22 15:21:14:413 [004960] DEBUG [ComSysDiagnostics.cpp, 31] - FPGA RSSI/AFC [Linking(valid frame)] linkedRSSI:65 linkedAFC:1 AFC:2
2013/07/22 15:21:14:419 [004960] TRACE [Prb.cpp, 493] - Reading FPGA, Address=0x3018
2013/07/22 15:21:14:420 [004960] TRACE [Prb.cpp, 1035] - ReadFPGAPacket(0x3018):01 00 0C 66 82 00 02 30 18 80 28 0D 
2013/07/22 15:21:14:420 [000356] TRACE [Prb.cpp, 835] - RxStream contents:01 00 0C 03 06 66 00 01 3B FB 5B 0D 
2013/07/22 15:21:14:421 [000356] TRACE [Prb.cpp, 943] - RadioBoardPacket(ACK):01 00 0C 03 06 66 00 01 3B FB 5B 0D 
2013/07/22 15:21:14:422 [004960] DEBUG [Prb.cpp, 512] - Read FPGA completed, Address=0x3018, Data=0x3B
2013/07/22 15:21:14:422 [004960] TRACE [Prb.cpp, 493] - Reading FPGA, Address=0x301A
2013/07/22 15:21:14:423 [004960] TRACE [Prb.cpp, 1035] - ReadFPGAPacket(0x301A):01 00 0C 67 82 00 02 30 1A F8 24 0D 
2013/07/22 15:21:14:423 [000356] TRACE [Prb.cpp, 835] - RxStream contents:01 00 0C 04 06 67 00 01 02 07 C8 0D 
2013/07/22 15:21:14:424 [000356] TRACE [Prb.cpp, 943] - RadioBoardPacket(ACK):01 00 0C 04 06 67 00 01 02 07 C8 0D 
2013/07/22 15:21:14:425 [004960] DEBUG [Prb.cpp, 512] - Read FPGA completed, Address=0x301A, Data=0x02
2013/07/22 15:21:14:425 [004960] TRACE [Prb.cpp, 493] - Reading FPGA, Address=0x3070
2013/07/22 15:21:14:426 [004960] TRACE [Prb.cpp, 1035] - ReadFPGAPacket(0x3070):01 00 0C 68 82 00 02 30 70 D1 57 0D 
2013/07/22 15:21:14:426 [000356] TRACE [Prb.cpp, 835] - RxStream contents:01 00 0C 05 06 68 00 01 02 33 CB 0D 
2013/07/22 15:21:14:427 [000356] TRACE [Prb.cpp, 943] - RadioBoardPacket(ACK):01 00 0C 05 06 68 00 01 02 33 CB 0D 
2013/07/22 15:21:14:427 [004960] DEBUG [Prb.cpp, 512] - Read FPGA completed, Address=0x3070, Data=0x02
2013/07/22 15:21:14:428 [004960] DEBUG [ComSysDiagnostics.cpp, 31] - FPGA RSSI/AFC [Linking(valid frame)] linkedRSSI:59 linkedAFC:2 AFC:2
2013/07/22 15:21:14:438 [004960] TRACE [Prb.cpp, 493] - Reading FPGA, Address=0x3018
2013/07/22 15:21:14:439 [004960] TRACE [Prb.cpp, 1035] - ReadFPGAPacket(0x3018):01 00 0C 69 82 00 02 30 18 A8 27 0D 
2013/07/22 15:21:14:439 [000356] TRACE [Prb.cpp, 835] - RxStream contents:01 00 0C 07 06 69 00 01 3D D7 49 0D 
2013/07/22 15:21:14:440 [000356] TRACE [Prb.cpp, 943] - RadioBoardPacket(ACK):01 00 0C 07 06 69 00 01 3D D7 49 0D 
2013/07/22 15:21:14:440 [004960] DEBUG [Prb.cpp, 512] - Read FPGA completed, Address=0x3018, Data=0x3D
2013/07/22 15:21:14:441 [004960] TRACE [Prb.cpp, 493] - Reading FPGA, Address=0x301A
2013/07/22 15:21:14:442 [004960] TRACE [Prb.cpp, 1035] - ReadFPGAPacket(0x301A):01 00 0C 6A 82 00 02 30 1A A0 28 0D 
2013/07/22 15:21:14:442 [000356] TRACE [Prb.cpp, 835] - RxStream contents:01 00 0C 08 06 6A 00 01 02 C3 C4 0D 
2013/07/22 15:21:14:443 [000356] TRACE [Prb.cpp, 943] - RadioBoardPacket(ACK):01 00 0C 08 06 6A 00 01 02 C3 C4 0D 
2013/07/22 15:21:14:444 [004960] DEBUG [Prb.cpp, 512] - Read FPGA completed, Address=0x301A, Data=0x02
2013/07/22 15:21:14:444 [004960] TRACE [Prb.cpp, 493] - Reading FPGA, Address=0x3070
2013/07/22 15:21:14:445 [004960] TRACE [Prb.cpp, 1035] - ReadFPGAPacket(0x3070):01 00 0C 6B 82 00 02 30 70 59 57 0D 
2013/07/22 15:21:14:445 [000356] TRACE [Prb.cpp, 835] - RxStream contents:01 00 0C 09 06 6B 00 01 01 AF CE 0D 
2013/07/22 15:21:14:446 [000356] TRACE [Prb.cpp, 943] - RadioBoardPacket(ACK):01 00 0C 09 06 6B 00 01 01 AF CE 0D 
2013/07/22 15:21:14:447 [004960] DEBUG [Prb.cpp, 512] - Read FPGA completed, Address=0x3070, Data=0x01
2013/07/22 15:21:14:447 [004960] DEBUG [ComSysDiagnostics.cpp, 31] - FPGA RSSI/AFC [Linking(valid frame)] linkedRSSI:61 linkedAFC:2 AFC:1
2013/07/22 15:21:14:453 [004960] TRACE [Prb.cpp, 493] - Reading FPGA, Address=0x3018
2013/07/22 15:21:14:453 [004960] TRACE [Prb.cpp, 1035] - ReadFPGAPacket(0x3018):01 00 0C 6C 82 00 02 30 18 B0 22 0D 
2013/07/22 15:21:14:454 [000356] TRACE [Prb.cpp, 835] - RxStream contents:01 00 0C 0B 06 6C 00 01 3C B3 43 0D 
2013/07/22 15:21:14:455 [000356] TRACE [Prb.cpp, 943] - RadioBoardPacket(ACK):01 00 0C 0B 06 6C 00 01 3C B3 43 0D 
2013/07/22 15:21:14:455 [004960] DEBUG [Prb.cpp, 512] - Read FPGA completed, Address=0x3018, Data=0x3C
2013/07/22 15:21:14:456 [004960] TRACE [Prb.cpp, 493] - Reading FPGA, Address=0x301A
2013/07/22 15:21:14:457 [004960] TRACE [Prb.cpp, 1035] - ReadFPGAPacket(0x301A):01 00 0C 6D 82 00 02 30 1A C8 2E 0D 
2013/07/22 15:21:14:457 [000356] TRACE [Prb.cpp, 835] - RxStream contents:01 00 0C 0C 06 6D 00 01 02 CF C1 0D 
2013/07/22 15:21:14:458 [000356] TRACE [Prb.cpp, 943] - RadioBoardPacket(ACK):01 00 0C 0C 06 6D 00 01 02 CF C1 0D 
2013/07/22 15:21:14:458 [004960] DEBUG [Prb.cpp, 512] - Read FPGA completed, Address=0x301A, Data=0x02
2013/07/22 15:21:14:459 [004960] TRACE [Prb.cpp, 493] - Reading FPGA, Address=0x3070
2013/07/22 15:21:14:459 [004960] TRACE [Prb.cpp, 1035] - ReadFPGAPacket(0x3070):01 00 0C 6E 82 00 02 30 70 41 52 0D 
2013/07/22 15:21:14:459 [000356] TRACE [Prb.cpp, 835] - RxStream contents:01 00 0C 0D 06 6E 00 01 01 0B C8 0D 
2013/07/22 15:21:14:460 [000356] TRACE [Prb.cpp, 943] - RadioBoardPacket(ACK):01 00 0C 0D 06 6E 00 01 01 0B C8 0D 
2013/07/22 15:21:14:461 [004960] DEBUG [Prb.cpp, 512] - Read FPGA completed, Address=0x3070, Data=0x01
2013/07/22 15:21:14:461 [004960] DEBUG [ComSysDiagnostics.cpp, 31] - FPGA RSSI/AFC [Linking(valid frame)] linkedRSSI:60 linkedAFC:2 AFC:1
2013/07/22 15:21:14:467 [004960] TRACE [Prb.cpp, 493] - Reading FPGA, Address=0x3018
2013/07/22 15:21:14:467 [004960] TRACE [Prb.cpp, 1035] - ReadFPGAPacket(0x3018):01 00 0C 6F 82 00 02 30 18 38 22 0D 
2013/07/22 15:21:14:467 [000356] TRACE [Prb.cpp, 835] - RxStream contents:01 00 0C 0F 06 6F 00 01 3D EF 40 0D 
2013/07/22 15:21:14:469 [000356] TRACE [Prb.cpp, 943] - RadioBoardPacket(ACK):01 00 0C 0F 06 6F 00 01 3D EF 40 0D 
2013/07/22 15:21:14:469 [004960] DEBUG [Prb.cpp, 512] - Read FPGA completed, Address=0x3018, Data=0x3D
2013/07/22 15:21:14:470 [004960] TRACE [Prb.cpp, 493] - Reading FPGA, Address=0x301A
2013/07/22 15:21:14:471 [004960] TRACE [Prb.cpp, 1035] - ReadFPGAPacket(0x301A):01 00 0C 70 82 00 02 30 1A 10 30 0D 
2013/07/22 15:21:14:471 [000356] TRACE [Prb.cpp, 835] - RxStream contents:01 00 0C 10 06 70 00 01 02 CB D9 0D 
2013/07/22 15:21:14:472 [000356] TRACE [Prb.cpp, 943] - RadioBoardPacket(ACK):01 00 0C 10 06 70 00 01 02 CB D9 0D 
2013/07/22 15:21:14:472 [004960] DEBUG [Prb.cpp, 512] - Read FPGA completed, Address=0x301A, Data=0x02
2013/07/22 15:21:14:473 [004960] TRACE [Prb.cpp, 493] - Reading FPGA, Address=0x3070
2013/07/22 15:21:14:474 [004960] TRACE [Prb.cpp, 1035] - ReadFPGAPacket(0x3070):01 00 0C 71 82 00 02 30 70 E9 4F 0D 
2013/07/22 15:21:14:474 [000356] TRACE [Prb.cpp, 835] - RxStream contents:01 00 0C 11 06 71 00 01 01 A7 D3 0D 
2013/07/22 15:21:14:475 [000356] TRACE [Prb.cpp, 943] - RadioBoardPacket(ACK):01 00 0C 11 06 71 00 01 01 A7 D3 0D 
2013/07/22 15:21:14:475 [004960] DEBUG [Prb.cpp, 512] - Read FPGA completed, Address=0x3070, Data=0x01
2013/07/22 15:21:14:476 [004960] DEBUG [ComSysDiagnostics.cpp, 31] - FPGA RSSI/AFC [Linking(valid frame)] linkedRSSI:61 linkedAFC:2 AFC:1
2013/07/22 15:21:14:481 [004960] TRACE [Prb.cpp, 584] - Reading CC1020, Address=0x0004
2013/07/22 15:21:14:482 [004960] TRACE [Prb.cpp, 1035] - ReadCC1020Packet(0x04):01 00 0C 72 84 00 02 00 04 C1 67 0D 
2013/07/22 15:21:14:495 [000356] TRACE [Prb.cpp, 943] - RadioBoardPacket(ACK):01 00 0C 13 06 72 00 01 35 6B 6B 0D 
2013/07/22 15:21:14:496 [004960] DEBUG [Prb.cpp, 603] - Read CC1020 completed, Address=0x0004, Data=0x35
2013/07/22 15:21:14:497 [004960] TRACE [Prb.cpp, 584] - Reading CC1020, Address=0x0005
2013/07/22 15:21:14:497 [004960] TRACE [Prb.cpp, 1035] - ReadCC1020Packet(0x05):01 00 0C 73 84 00 02 00 05 B9 61 0D 
2013/07/22 15:21:14:511 [000356] TRACE [Prb.cpp, 943] - RadioBoardPacket(ACK):01 00 0C 15 06 73 00 01 EF ED B2 0D 
2013/07/22 15:21:14:512 [004960] DEBUG [Prb.cpp, 603] - Read CC1020 completed, Address=0x0005, Data=0xEF
2013/07/22 15:21:14:512 [004960] TRACE [Prb.cpp, 584] - Reading CC1020, Address=0x0006
2013/07/22 15:21:14:513 [004960] TRACE [Prb.cpp, 1035] - ReadCC1020Packet(0x06):01 00 0C 74 84 00 02 00 06 D1 6D 0D 
2013/07/22 15:21:14:527 [000356] TRACE [Prb.cpp, 943] - RadioBoardPacket(ACK):01 00 0C 17 06 74 00 01 9F F0 91 0D 
2013/07/22 15:21:14:527 [004960] DEBUG [Prb.cpp, 603] - Read CC1020 completed, Address=0x0006, Data=0x9F
2013/07/22 15:21:14:528 [004960] TRACE [Prb.cpp, 584] - Reading CC1020, Address=0x0008
2013/07/22 15:21:14:529 [004960] TRACE [Prb.cpp, 1035] - ReadCC1020Packet(0x08):01 00 0C 75 84 00 02 00 08 A9 49 0D 
2013/07/22 15:21:14:542 [000356] TRACE [Prb.cpp, 943] - RadioBoardPacket(ACK):01 00 0C 19 06 75 00 01 35 B7 62 0D 
2013/07/22 15:21:14:543 [004960] DEBUG [Prb.cpp, 603] - Read CC1020 completed, Address=0x0008, Data=0x35
2013/07/22 15:21:14:544 [004960] TRACE [Prb.cpp, 584] - Reading CC1020, Address=0x0009
2013/07/22 15:21:14:544 [004960] TRACE [Prb.cpp, 1035] - ReadCC1020Packet(0x09):01 00 0C 76 84 00 02 00 09 A1 4C 0D 
2013/07/22 15:21:14:558 [000356] TRACE [Prb.cpp, 943] - RadioBoardPacket(ACK):01 00 0C 1B 06 76 00 01 FA F9 C3 0D 
2013/07/22 15:21:14:559 [004960] DEBUG [Prb.cpp, 603] - Read CC1020 completed, Address=0x0009, Data=0xFA
2013/07/22 15:21:14:559 [004960] TRACE [Prb.cpp, 584] - Reading CC1020, Address=0x000A
2013/07/22 15:21:14:560 [004960] TRACE [Prb.cpp, 1035] - ReadCC1020Packet(0x0A):01 00 0C 77 84 00 02 00 0A 59 45 0D 
2013/07/22 15:21:14:574 [000356] TRACE [Prb.cpp, 835] - RxStream contents:01 00 0C 1D 06 77 00 01 49 7E 6C 0D 
2013/07/22 15:21:14:574 [000356] TRACE [Prb.cpp, 943] - RadioBoardPacket(ACK):01 00 0C 1D 06 77 00 01 49 7E 6C 0D 
2013/07/22 15:21:14:575 [004960] DEBUG [Prb.cpp, 603] - Read CC1020 completed, Address=0x000A, Data=0x49
2013/07/22 15:21:14:575 [004960] TRACE [Prb.cpp, 584] - Reading CC1020, Address=0x000F
2013/07/22 15:21:14:576 [004960] TRACE [Prb.cpp, 1035] - ReadCC1020Packet(0x0F):01 00 0C 78 84 00 02 00 0F 71 54 0D 
2013/07/22 15:21:14:589 [000356] TRACE [Prb.cpp, 943] - RadioBoardPacket(ACK):01 00 0C 1F 06 78 00 01 DF C1 1B 0D 
2013/07/22 15:21:14:590 [004960] DEBUG [Prb.cpp, 603] - Read CC1020 completed, Address=0x000F, Data=0xDF
2013/07/22 15:21:14:590 [004960] TRACE [Prb.cpp, 584] - Reading CC1020, Address=0x0010
2013/07/22 15:21:14:591 [004960] TRACE [Prb.cpp, 1035] - ReadCC1020Packet(0x10):01 00 0C 79 84 00 02 00 10 09 16 0D 
2013/07/22 15:21:14:605 [000356] TRACE [Prb.cpp, 943] - RadioBoardPacket(ACK):01 00 0C 21 06 79 00 01 22 07 2A 0D 
2013/07/22 15:21:14:606 [004960] DEBUG [Prb.cpp, 603] - Read CC1020 completed, Address=0x0010, Data=0x22
2013/07/22 15:21:14:606 [004960] TRACE [Prb.cpp, 584] - Reading CC1020, Address=0x0013
2013/07/22 15:21:14:607 [004960] TRACE [Prb.cpp, 1035] - ReadCC1020Packet(0x13):01 00 0C 7A 84 00 02 00 13 81 1C 0D 
2013/07/22 15:21:14:621 [000356] TRACE [Prb.cpp, 835] - RxStream contents:01 00 0C 23 06 7A 00 01 2F CB 04 0D 
2013/07/22 15:21:14:621 [000356] TRACE [Prb.cpp, 943] - RadioBoardPacket(ACK):01 00 0C 23 06 7A 00 01 2F CB 04 0D 
2013/07/22 15:21:14:622 [004960] DEBUG [Prb.cpp, 603] - Read CC1020 completed, Address=0x0013, Data=0x2F
2013/07/22 15:21:14:622 [004960] TRACE [Prb.cpp, 584] - Reading CC1020, Address=0x0014
2013/07/22 15:21:14:623 [004960] TRACE [Prb.cpp, 1035] - ReadCC1020Packet(0x14):01 00 0C 7B 84 00 02 00 14 F9 0E 0D 
2013/07/22 15:21:14:636 [000356] TRACE [Prb.cpp, 943] - RadioBoardPacket(ACK):01 00 0C 25 06 7B 00 01 2F CF 02 0D 
2013/07/22 15:21:14:637 [004960] DEBUG [Prb.cpp, 603] - Read CC1020 completed, Address=0x0014, Data=0x2F
2013/07/22 15:21:14:638 [004960] TRACE [Prb.cpp, 584] - Reading CC1020, Address=0x0043
2013/07/22 15:21:14:638 [004960] TRACE [Prb.cpp, 1035] - ReadCC1020Packet(0x43):01 00 0C 7C 84 00 02 00 43 10 F9 0D 
2013/07/22 15:21:14:652 [000356] TRACE [Prb.cpp, 943] - RadioBoardPacket(ACK):01 00 0C 27 06 7C 00 01 01 53 E6 0D 
2013/07/22 15:21:14:653 [004960] DEBUG [Prb.cpp, 603] - Read CC1020 completed, Address=0x0043, Data=0x01
2013/07/22 15:21:14:653 [004960] DEBUG [ComSysDiagnostics.cpp, 63] - CC1020 [Link complete] FREQ_2A: 0x35 FREQ_1A: 0xef FREQ_0A: 0x9f
2013/07/22 15:21:14:654 [004960] DEBUG [ComSysDiagnostics.cpp, 67] - CC1020 [Link complete] FREQ_2B: 0x35 FREQ_1B: 0xfa FREQ_0B: 0x49
2013/07/22 15:21:14:654 [004960] DEBUG [ComSysDiagnostics.cpp, 72] - CC1020 [Link complete] AFC_CONTROL: 0xdf FILTER: 0x22 VGA3: 0x2f VGA4: 0x2f AFC: 0x01
2013/07/22 15:21:14:655 [004960] TRACE [Prb.cpp, 493] - Reading FPGA, Address=0x3018
2013/07/22 15:21:14:656 [004960] TRACE [Prb.cpp, 1035] - ReadFPGAPacket(0x3018):01 00 0C 7D 82 00 02 30 18 C8 33 0D 
2013/07/22 15:21:14:656 [000356] TRACE [Prb.cpp, 835] - RxStream contents:01 00 0C 29 06 7D 00 01 3B 17 75 0D 
2013/07/22 15:21:14:657 [000356] TRACE [Prb.cpp, 943] - RadioBoardPacket(ACK):01 00 0C 29 06 7D 00 01 3B 17 75 0D 
2013/07/22 15:21:14:657 [004960] DEBUG [Prb.cpp, 512] - Read FPGA completed, Address=0x3018, Data=0x3B
2013/07/22 15:21:14:658 [004960] TRACE [Prb.cpp, 493] - Reading FPGA, Address=0x301A
2013/07/22 15:21:14:659 [004960] TRACE [Prb.cpp, 1035] - ReadFPGAPacket(0x301A):01 00 0C 7E 82 00 02 30 1A C0 3C 0D 
2013/07/22 15:21:14:659 [000356] TRACE [Prb.cpp, 835] - RxStream contents:01 00 0C 2A 06 7E 00 01 01 A3 E9 0D 
2013/07/22 15:21:14:660 [000356] TRACE [Prb.cpp, 943] - RadioBoardPacket(ACK):01 00 0C 2A 06 7E 00 01 01 A3 E9 0D 
2013/07/22 15:21:14:660 [004960] DEBUG [Prb.cpp, 512] - Read FPGA completed, Address=0x301A, Data=0x01
2013/07/22 15:21:14:661 [004960] TRACE [Prb.cpp, 493] - Reading FPGA, Address=0x3070
2013/07/22 15:21:14:661 [004960] TRACE [Prb.cpp, 1035] - ReadFPGAPacket(0x3070):01 00 0C 7F 82 00 02 30 70 39 43 0D 
2013/07/22 15:21:14:661 [000356] TRACE [Prb.cpp, 835] - RxStream contents:01 00 0C 2B 06 7F 00 01 01 CF E9 0D 
2013/07/22 15:21:14:662 [000356] TRACE [Prb.cpp, 943] - RadioBoardPacket(ACK):01 00 0C 2B 06 7F 00 01 01 CF E9 0D 
2013/07/22 15:21:14:663 [004960] DEBUG [Prb.cpp, 512] - Read FPGA completed, Address=0x3070, Data=0x01
2013/07/22 15:21:14:663 [004960] DEBUG [ComSysDiagnostics.cpp, 31] - FPGA RSSI/AFC [Link complete] linkedRSSI:59 linkedAFC:1 AFC:1
2013/07/22 15:21:14:665 [004960] INFO [ComSysDiagnostics.cpp, 79] - Status Counters [Link complete] FrameErrorsInLastSecond:0 EcgErrorsInLastSecond:0 MarkerOrImplantIdErrorsInLastSecond:0 TotalFrameErrors:0 TotalEcgErrors:0 TotalMarkerOrImplantIdErrors:0 TotalSentCommands:0 TotalGoodResponses:0 TotalBadResponses:0 TotalResponseTimeouts:0
2013/07/22 15:21:14:665 [004960] TRACE [Prb.cpp, 493] - Reading FPGA, Address=0x301C
2013/07/22 15:21:14:666 [004960] TRACE [Prb.cpp, 1035] - ReadFPGAPacket(0x301C):01 00 0C 80 82 00 02 30 1C 10 DB 0D 
2013/07/22 15:21:14:666 [000356] TRACE [Prb.cpp, 835] - RxStream contents:01 00 0C 2C 06 80 00 01 00 2B C2 0D 
2013/07/22 15:21:14:667 [000356] TRACE [Prb.cpp, 943] - RadioBoardPacket(ACK):01 00 0C 2C 06 80 00 01 00 2B C2 0D 
2013/07/22 15:21:14:668 [004960] DEBUG [Prb.cpp, 512] - Read FPGA completed, Address=0x301C, Data=0x00
2013/07/22 15:21:14:668 [004960] DEBUG [ComSysDiagnostics.cpp, 89] - FPGA Frame Error Counter [Link complete]:0
2013/07/22 15:21:14:669 [004960] INFO [CrossTalkDetector.cpp, 68] - CrossTalkDetector state changing from LinkingState to LinkedState
2013/07/22 15:21:14:670 [004960] INFO [CommunicationSystemStates.cpp, 221] - Link complete.
2013/07/22 15:21:14:703 [004808] INFO 0x801C0094 [CommunicationSystemStateMachine.cpp, 237] - Command: 0xe4. Retries: 3. Timeout: 500 ms.
2013/07/22 15:21:14:706 [004808] INFO 0x801C0094 [CommunicationSystemStateMachine.cpp, 252] - Send Command:E4 02 58 
2013/07/22 15:21:14:707 [004808] TRACE 0x801C0094 [Prb.cpp, 493] - Reading FPGA, Address=0x3018
2013/07/22 15:21:14:708 [004808] TRACE 0x801C0094 [Prb.cpp, 1035] - ReadFPGAPacket(0x3018):01 00 0C 81 82 00 02 30 18 68 C3 0D 
2013/07/22 15:21:14:708 [000356] TRACE 0x801C0094 [Prb.cpp, 835] - RxStream contents:01 00 0C 30 06 81 00 01 3B 1F 45 0D 
2013/07/22 15:21:14:709 [000356] TRACE 0x801C0094 [Prb.cpp, 943] - RadioBoardPacket(ACK):01 00 0C 30 06 81 00 01 3B 1F 45 0D 
2013/07/22 15:21:14:709 [004808] DEBUG 0x801C0094 [Prb.cpp, 512] - Read FPGA completed, Address=0x3018, Data=0x3B
2013/07/22 15:21:14:710 [004808] TRACE 0x801C0094 [Prb.cpp, 493] - Reading FPGA, Address=0x301A
2013/07/22 15:21:14:711 [004808] TRACE 0x801C0094 [Prb.cpp, 1035] - ReadFPGAPacket(0x301A):01 00 0C 82 82 00 02 30 1A 60 CC 0D 
2013/07/22 15:21:14:711 [000356] TRACE 0x801C0094 [Prb.cpp, 835] - RxStream contents:01 00 0C 31 06 82 00 01 02 DB D0 0D 
2013/07/22 15:21:14:711 [000356] TRACE 0x801C0094 [Prb.cpp, 943] - RadioBoardPacket(ACK):01 00 0C 31 06 82 00 01 02 DB D0 0D 
2013/07/22 15:21:14:712 [004808] DEBUG 0x801C0094 [Prb.cpp, 512] - Read FPGA completed, Address=0x301A, Data=0x02
2013/07/22 15:21:14:712 [004808] TRACE 0x801C0094 [Prb.cpp, 493] - Reading FPGA, Address=0x3070
2013/07/22 15:21:14:713 [004808] TRACE 0x801C0094 [Prb.cpp, 1035] - ReadFPGAPacket(0x3070):01 00 0C 83 82 00 02 30 70 99 B3 0D 
2013/07/22 15:21:14:713 [000356] TRACE 0x801C0094 [Prb.cpp, 835] - RxStream contents:01 00 0C 32 06 83 00 01 02 C7 D3 0D 
2013/07/22 15:21:14:714 [000356] TRACE 0x801C0094 [Prb.cpp, 943] - RadioBoardPacket(ACK):01 00 0C 32 06 83 00 01 02 C7 D3 0D 
2013/07/22 15:21:14:715 [004808] DEBUG 0x801C0094 [Prb.cpp, 512] - Read FPGA completed, Address=0x3070, Data=0x02
2013/07/22 15:21:14:715 [004808] DEBUG 0x801C0094 [ComSysDiagnostics.cpp, 31] - FPGA RSSI/AFC [Send Command] linkedRSSI:59 linkedAFC:2 AFC:2
2013/07/22 15:21:14:716 [004808] TRACE 0x801C0094 [Prb.cpp, 383] - Send Command, Command=0xe4
2013/07/22 15:21:14:716 [004808] TRACE 0x801C0094 [Prb.cpp, 1035] - WriteTransmitterPacket():01 00 0D 84 87 00 03 E4 02 58 88 E3 0D 
2013/07/22 15:21:14:716 [000356] TRACE 0x801C0094 [Prb.cpp, 835] - RxStream contents:01 00 0B 34 06 84 00 00 33 3A 0D 
2013/07/22 15:21:14:717 [000356] TRACE 0x801C0094 [Prb.cpp, 943] - RadioBoardPacket(ACK):01 00 0B 34 06 84 00 00 33 3A 0D 
2013/07/22 15:21:14:718 [004808] DEBUG 0x801C0094 [Prb.cpp, 402] - Send Command completed, Command=0xe4
2013/07/22 15:21:14:844 [004960] INFO 0x801C0094 [CommunicationSystem.cpp, 340] - Marker CRC failure: 0xFF 0xFF 0x7F 0xF8 0x05. Expected CRC: 0x7D.
2013/07/22 15:21:14:845 [004960] TRACE 0x801C0094 [Prb.cpp, 493] - Reading FPGA, Address=0x3018
2013/07/22 15:21:14:845 [004960] TRACE 0x801C0094 [Prb.cpp, 1035] - ReadFPGAPacket(0x3018):01 00 0C 85 82 00 02 30 18 88 C5 0D 
2013/07/22 15:21:14:846 [000356] TRACE 0x801C0094 [Prb.cpp, 835] - RxStream contents:01 00 0C 3D 06 85 00 01 1B 17 89 0D 
2013/07/22 15:21:14:847 [000356] TRACE 0x801C0094 [Prb.cpp, 943] - RadioBoardPacket(ACK):01 00 0C 3D 06 85 00 01 1B 17 89 0D 
2013/07/22 15:21:14:847 [004960] DEBUG 0x801C0094 [Prb.cpp, 512] - Read FPGA completed, Address=0x3018, Data=0x1B
2013/07/22 15:21:14:848 [004960] TRACE 0x801C0094 [Prb.cpp, 493] - Reading FPGA, Address=0x301A
2013/07/22 15:21:14:849 [004960] TRACE 0x801C0094 [Prb.cpp, 1035] - ReadFPGAPacket(0x301A):01 00 0C 86 82 00 02 30 1A 80 CA 0D 
2013/07/22 15:21:14:849 [000356] TRACE 0x801C0094 [Prb.cpp, 835] - RxStream contents:01 00 0C 3E 06 86 00 01 04 23 C8 0D 
2013/07/22 15:21:14:850 [000356] TRACE 0x801C0094 [Prb.cpp, 943] - RadioBoardPacket(ACK):01 00 0C 3E 06 86 00 01 04 23 C8 0D 
2013/07/22 15:21:14:850 [004960] DEBUG 0x801C0094 [Prb.cpp, 512] - Read FPGA completed, Address=0x301A, Data=0x04
2013/07/22 15:21:14:851 [004960] TRACE 0x801C0094 [Prb.cpp, 493] - Reading FPGA, Address=0x3070
2013/07/22 15:21:14:851 [004960] TRACE 0x801C0094 [Prb.cpp, 1035] - ReadFPGAPacket(0x3070):01 00 0C 87 82 00 02 30 70 79 B5 0D 
2013/07/22 15:21:14:851 [000356] TRACE 0x801C0094 [Prb.cpp, 835] - RxStream contents:01 00 0C 3F 06 87 00 01 01 4F D6 0D 
2013/07/22 15:21:14:852 [000356] TRACE 0x801C0094 [Prb.cpp, 943] - RadioBoardPacket(ACK):01 00 0C 3F 06 87 00 01 01 4F D6 0D 
2013/07/22 15:21:14:853 [004960] DEBUG 0x801C0094 [Prb.cpp, 512] - Read FPGA completed, Address=0x3070, Data=0x01
2013/07/22 15:21:14:854 [004960] DEBUG 0x801C0094 [ComSysDiagnostics.cpp, 31] - FPGA RSSI/AFC [ECG/Marker/ImplantID errors] linkedRSSI:27 linkedAFC:4 AFC:1
2013/07/22 15:21:14:984 [004960] INFO 0x801C0094 [ComSysDiagnostics.cpp, 79] - Status Counters [Link lost] FrameErrorsInLastSecond:14 EcgErrorsInLastSecond:1 MarkerOrImplantIdErrorsInLastSecond:1 TotalFrameErrors:14 TotalEcgErrors:1 TotalMarkerOrImplantIdErrors:1 TotalSentCommands:1 TotalGoodResponses:0 TotalBadResponses:0 TotalResponseTimeouts:0
2013/07/22 15:21:14:985 [004960] TRACE 0x801C0094 [Prb.cpp, 493] - Reading FPGA, Address=0x301C
2013/07/22 15:21:14:985 [004960] TRACE 0x801C0094 [Prb.cpp, 1035] - ReadFPGAPacket(0x301C):01 00 0C 88 82 00 02 30 1C 50 D2 0D 
2013/07/22 15:21:14:985 [000356] TRACE 0x801C0094 [Prb.cpp, 835] - RxStream contents:01 00 0C 49 06 88 00 01 0F 13 80 0D 
2013/07/22 15:21:14:987 [000356] TRACE 0x801C0094 [Prb.cpp, 943] - RadioBoardPacket(ACK):01 00 0C 49 06 88 00 01 0F 13 80 0D 
2013/07/22 15:21:14:987 [004960] DEBUG 0x801C0094 [Prb.cpp, 512] - Read FPGA completed, Address=0x301C, Data=0x0F
2013/07/22 15:21:14:988 [004960] DEBUG 0x801C0094 [ComSysDiagnostics.cpp, 89] - FPGA Frame Error Counter [Link lost]:15
2013/07/22 15:21:14:996 [004960] INFO 0x801C0094 [CommunicationSystemStateMachine.cpp, 769] - Command Completed
2013/07/22 15:21:14:996 [004960] DEBUG 0x801C0094 [CommunicationSystemStateMachine.cpp, 330] - ... after 18 frames.
2013/07/22 15:21:14:999 [004960] TRACE 0x801C0094 [Prb.cpp, 448] - Writing FPGA, Address=0x1008, Data=0x08
2013/07/22 15:21:15:000 [004960] TRACE 0x801C0094 [Prb.cpp, 1035] - WriteFPGAPacket(0x1008, 0x08):01 00 0D 89 81 00 03 10 08 08 24 46 0D 
2013/07/22 15:21:15:000 [000356] TRACE 0x801C0094 [Prb.cpp, 835] - RxStream contents:01 00 0B 4B 06 89 00 00 27 F6 0D 
2013/07/22 15:21:15:001 [000356] TRACE 0x801C0094 [Prb.cpp, 943] - RadioBoardPacket(ACK):01 00 0B 4B 06 89 00 00 27 F6 0D 
2013/07/22 15:21:15:002 [004960] DEBUG 0x801C0094 [Prb.cpp, 466] - Write FPGA completed, Address=0x1008, Data=0x08
2013/07/22 15:21:15:019 [004960] TRACE 0x801C0094 [Prb.cpp, 493] - Reading FPGA, Address=0x300A
2013/07/22 15:21:15:019 [004960] TRACE 0x801C0094 [Prb.cpp, 1035] - ReadFPGAPacket(0x300A):01 00 0C 8A 82 00 02 30 0A A0 A6 0D 
2013/07/22 15:21:15:019 [000356] TRACE 0x801C0094 [Prb.cpp, 835] - RxStream contents:01 00 0C 4C 06 8A 00 01 00 A3 A4 0D 
2013/07/22 15:21:15:021 [000356] TRACE 0x801C0094 [Prb.cpp, 943] - RadioBoardPacket(ACK):01 00 0C 4C 06 8A 00 01 00 A3 A4 0D 
2013/07/22 15:21:15:021 [004960] DEBUG 0x801C0094 [Prb.cpp, 512] - Read FPGA completed, Address=0x300A, Data=0x00
2013/07/22 15:21:15:022 [004960] TRACE 0x801C0094 [Prb.cpp, 448] - Writing FPGA, Address=0x300A, Data=0x03
2013/07/22 15:21:15:022 [004960] TRACE 0x801C0094 [Prb.cpp, 1035] - WriteFPGAPacket(0x300A, 0x03):01 00 0D 8B 81 00 03 30 0A 03 28 DC 0D 
2013/07/22 15:21:15:022 [000356] TRACE 0x801C0094 [Prb.cpp, 835] - RxStream contents:01 00 0B 4D 06 8B 00 00 A6 CD 0D 
2013/07/22 15:21:15:024 [000356] TRACE 0x801C0094 [Prb.cpp, 943] - RadioBoardPacket(ACK):01 00 0B 4D 06 8B 00 00 A6 CD 0D 
2013/07/22 15:21:15:024 [004960] DEBUG 0x801C0094 [Prb.cpp, 466] - Write FPGA completed, Address=0x300A, Data=0x03
2013/07/22 15:21:15:163 [002232] INFO [NCommunicationSystem.cpp, 747] - Disposing: 1
2013/07/22 15:21:15:165 [002232] INFO [CrossAppDomainEventMarshaller.cpp, 44] - Disposing: 1
2013/07/22 15:21:15:166 [002232] INFO [CrossAppDomainEventMarshaller.cpp, 155] - abortGetNextEvent called
2013/07/22 15:21:15:167 [002232] INFO [CrossAppDomainEventMarshaller.cpp, 48] - Waiting for CrossDomainEventTranslator::m_pHandleEventsThread to stop
2013/07/22 15:21:15:167 [005568] INFO [CrossAppDomainEventMarshaller.cpp, 80] - handleEventsThread exiting (thread aborted)
2013/07/22 15:21:15:168 [002232] INFO [CrossAppDomainEventMarshaller.cpp, 54] - CrossDomainEventTranslator::m_pHandleEventsThread stopped
2013/07/22 15:21:15:170 [002232] INFO [CrossAppDomainEventMarshaller.cpp, 110] - EventHandler dtor
2013/07/22 15:21:15:170 [002232] INFO [CrossAppDomainEventMarshaller.cpp, 60] - Disposed.
2013/07/22 15:21:15:171 [000356] DEBUG [Prb.cpp, 867] - Prb receive thread terminated.
2013/07/22 15:21:15:175 [004960] INFO [ExceptionCatchingThread.cpp, 170] - Exited the interrupt thread procedure with return value 0.
2013/07/22 15:21:15:208 [004808] WARN [EventEngine.cpp, 468] - An event (type 0x13, source id 0) cannot be delivered to a subsystem (target id 0). No handler exists.
2013/07/22 15:21:15:273 [004808] INFO [ExceptionCatchingThread.cpp, 170] - Exited the dispatch thread procedure with return value 0.
2013/07/22 15:21:15:275 [006684] INFO [ExceptionCatchingThread.cpp, 170] - Exited the timer thread procedure with return value 0.
2013/07/22 15:21:15:376 [002232] INFO [NCommunicationSystem.cpp, 779] - Disposed.
<<<<< Log Footer: 07/22/2013 15:21:15 >>>>>
