2013/07/17 23:49:18:994  INFO:   Loaded Symbol File C:\ISV System\Config\FirmwareSymbols\build178.sym for firmware Build #178
2013/07/17 23:49:19:008  INFO:   CommunicationSystemLog properties: .\CommunicationSystem.logger.properties
2013/07/17 23:49:19:008  INFO:   CommunicationSystemLog log       : .\logs\systemBerScriptLog 2013.07.17 23.49.18_CommunicationSystem.Log
2013/07/17 23:49:22:764  INFO:   Setting the event sink for ScriptEngineProcedure
2013/07/17 23:49:22:764  INFO:   Program parameters checks are enabled
2013/07/17 23:49:22:769  INFO:   ********************************************************************************
2013/07/17 23:49:22:769  INFO:   Starting ScriptEngineProcedure, Assembly  version 
2013/07/17 23:49:22:774  INFO:   Config: ICD (NCommunicationSystem ver: nCommunicationSystem, Version=1.8.2.1, Culture=neutral, PublicKeyToken=56b5378c99c0bcfd; FTDI Driver ver: 2.08.24.0; PRB FPGA ver: 7)
2013/07/17 23:49:22:774  INFO:   Setting the radio board transmit power to level 0x7.
2013/07/17 23:49:22:777  INFO:   Radio board power level set to 7.
2013/07/17 23:49:22:777  INFO:   ECG Timeout Interval set to 10 seconds.
2013/07/17 23:49:22:778  STATE:  Changing state to ScriptExecStateMachine.WaitForNextCmdState, ID[1]
2013/07/17 23:49:22:778  INFO:   FwDvtSystem Started the event processing thread
2013/07/17 23:49:22:809  ACTION: Read PRB FPGA: Address=0x3000 Data=0x07
2013/07/17 23:49:22:813  RESULT: FPGA 0x3000 Expected: 18 Actual: 7
2013/07/17 23:49:22:816  RESULT: ERROR Expected: 18 Actual: 7
2013/07/17 23:49:22:816  ACTION: Calibrate CC1020
2013/07/17 23:49:22:907  INFO:   CC1020 calibration passed
2013/07/17 23:49:22:915  ACTION: Read C1020: Address 0x04 Data=0x35
2013/07/17 23:49:22:919  ACTION: Read C1020: Address 0x05 Data=0xF0
2013/07/17 23:49:22:923  ACTION: Read C1020: Address 0x06 Data=0x21
2013/07/17 23:49:22:926  ACTION: Read C1020: Address 0x07 Data=0x38
2013/07/17 23:49:22:930  ACTION: Read C1020: Address 0x08 Data=0x35
2013/07/17 23:49:22:933  ACTION: Read C1020: Address 0x09 Data=0xFA
2013/07/17 23:49:22:936  ACTION: Read C1020: Address 0x0A Data=0xCB
2013/07/17 23:49:22:940  ACTION: Read C1020: Address 0x0B Data=0x38
2013/07/17 23:49:22:946  ACTION: Read C1020: Address 0x1D Data=0x00
2013/07/17 23:49:22:951  ACTION: Read C1020: Address 0x45 Data=0x4C
2013/07/17 23:49:22:955  ACTION: Read C1020: Address 0x46 Data=0x66
2013/07/17 23:49:22:958  ACTION: Read C1020: Address 0x47 Data=0x44
2013/07/17 23:49:22:970  ACTION: Read PRB FPGA: Address=0x305E Data=0x00
2013/07/17 23:49:22:972  ACTION: Read PRB FPGA: Address=0x3060 Data=0x00
2013/07/17 23:49:22:975  ACTION: Read PRB FPGA: Address=0x3062 Data=0x00
2013/07/17 23:49:22:984  ACTION: Read PRB FPGA: Address=0x3066 Data=0x00
2013/07/17 23:49:22:987  ACTION: Read PRB FPGA: Address=0x3068 Data=0x00
2013/07/17 23:49:22:989  ACTION: Read PRB FPGA: Address=0x306A Data=0x00
2013/07/17 23:49:22:991  ACTION: Write PRB FPGA: Address=0x1026 Data=0x01
2013/07/17 23:49:22:998  INFO:   EXECUTING STATE: SMLibrary.Dvt.IcdCmd+ScanState Timeout: 00:00:30
2013/07/17 23:49:22:999  EVENT:  SCRIPT-EXEC:EXEC-STATE - TES.Dvt.ScriptExecStateMachine, ID[11]
2013/07/17 23:49:23:000  STATE:  Changing state to ScriptExecStateMachine.ExecState, ID[4]
2013/07/17 23:49:23:000  INFO:   Setting the radio board transmit power to level 0x7.
2013/07/17 23:49:23:004  INFO:   Radio board power level set to 7.
2013/07/17 23:49:23:005  ACTION: Setting radio board configuration for hybrid.
2013/07/17 23:49:23:005  ACTION: Set radio board to DIO inverting mode.
2013/07/17 23:49:23:005  ACTION: Write PRB FPGA: Address=0x3012 Data=0x01
2013/07/17 23:49:23:008  ACTION: PRB Set Link Data Rate: Slow
2013/07/17 23:49:23:011  ACTION: Read PRB FPGA: Address=0x1004 Data=0x00
2013/07/17 23:49:23:011  ACTION: Write PRB FPGA: Address=0x1004 Data=0x00
2013/07/17 23:49:23:014  ACTION: Scanning for devices, primary scan duration = 9 sec, secondary scan duration = 2 sec
2013/07/17 23:49:34:190  INFO:   Primary scan device IDs: 0x801C0094 
2013/07/17 23:49:38:348  INFO:   Secondary scan device IDs: 0x801C0094 
2013/07/17 23:49:38:350  EVENT:  Device ID List, ID[17]
                                 DeviceID[0] : ID 0x801C0094 (Model 0, Serial 148, SW Version 7, Is Implanted)
2013/07/17 23:49:38:351  STATE:  Changing state to ScriptExecStateMachine.WaitForNextCmdState, ID[1]
2013/07/17 23:49:38:351  INFO:   STATE EXITED: SMLibrary.Dvt.IcdCmd+ScanState
2013/07/17 23:49:38:361  INFO:   EXECUTING STATE: SMLibrary.Dvt.IcdCmd+ConnectState Timeout: 00:00:24
2013/07/17 23:49:38:361  EVENT:  SCRIPT-EXEC:EXEC-STATE - TES.Dvt.ScriptExecStateMachine, ID[11]
2013/07/17 23:49:38:361  STATE:  Changing state to ScriptExecStateMachine.ExecState, ID[4]
2013/07/17 23:49:38:362  ACTION: PRB Set Link Data Rate: Slow
2013/07/17 23:49:38:365  ACTION: Read PRB FPGA: Address=0x1004 Data=0x00
2013/07/17 23:49:38:365  ACTION: Write PRB FPGA: Address=0x1004 Data=0x00
2013/07/17 23:49:38:368  ACTION: Connecting to device ID 0x801C0094 (Model 0, Serial 148, SW Version 7, Is Implanted)
2013/07/17 23:49:41:385  INFO:   Registering the ICD session delegates
2013/07/17 23:49:41:385  EVENT:  Connect Succeeded, ID[19]
2013/07/17 23:49:41:385  STATE:  Changing state to ScriptExecStateMachine.WaitForNextCmdState, ID[1]
2013/07/17 23:49:41:385  INFO:   STATE EXITED: SMLibrary.Dvt.IcdCmd+ConnectState
2013/07/17 23:49:41:389  INFO:   EXECUTING STATE MACHINE: SMLibrary.ReadSM Timeout: 00:00:01.3120000
2013/07/17 23:49:41:393  EVENT:  SCRIPT-EXEC:EXEC-SM - TES.Dvt.ScriptExecStateMachine, ID[9]
2013/07/17 23:49:41:393  STATE:  Changing state to ScriptExecStateMachine.ExecStateMachineWithCustomExitEventsState, ID[2]
2013/07/17 23:49:41:394  STATE:  Changing state to ReadSM.ReadingState, ID[8]
2013/07/17 23:49:41:395  ACTION: READ_FROM_16_BIT_ADDR_WITH_CRC32, Address=SYS_ERRORS(0xF56C) Length=1
2013/07/17 23:49:41:476  EVENT:  Command Completed, ID[23], Command=0x82 (READ_FROM_16_BIT_ADDR_WITH_CRC32), CRC32=0x2DFD1072, Data=0x00
2013/07/17 23:49:41:477  EVENT:  Read Memory Complete, ID[24]
2013/07/17 23:49:41:478  STATE:  Changing state to ReadSM.IdleState, ID[6]
2013/07/17 23:49:41:478  STATE:  Changing state to ScriptExecStateMachine.WaitForNextCmdState, ID[1]
2013/07/17 23:49:41:478  INFO:   STATE MACHINE EXITED: SMLibrary.ReadSM
2013/07/17 23:49:41:479  INFO:   EXECUTING STATE MACHINE: SMLibrary.ReadSM Timeout: 00:00:01.6240000
2013/07/17 23:49:41:479  EVENT:  SCRIPT-EXEC:EXEC-SM - TES.Dvt.ScriptExecStateMachine, ID[9]
2013/07/17 23:49:41:479  STATE:  Changing state to ScriptExecStateMachine.ExecStateMachineWithCustomExitEventsState, ID[2]
2013/07/17 23:49:41:479  STATE:  Changing state to ReadSM.ReadingState, ID[9]
2013/07/17 23:49:41:479  ACTION: READ_FROM_16_BIT_ADDR_WITH_CRC32, Address=PERM_PROGRAM_BUFFER(0xF56F) Length=47
2013/07/17 23:49:41:514  EVENT:  Marker (Device Summary), ID[28], Timestamp=0x8B[full:not set], Data[0]=0x00, Data[1]=0x00 DynamicShockPolarity=HVA_POSITIVE 
2013/07/17 23:49:41:621  EVENT:  Command Completed, ID[29], Command=0x82 (READ_FROM_16_BIT_ADDR_WITH_CRC32), time since last CMDCompleted: 146 ms, CRC32=0xDD06E6A8,
                                 0x00 : D79AF549 0000002F 33CD0433 80149A00 
                                 0x10 : 28601007 5A05120E F3202327 07180305 
                                 0x20 : 02E180E1 3E4D0F08 00000000 000000 
2013/07/17 23:49:41:621  EVENT:  Read Memory Complete, ID[30]
2013/07/17 23:49:41:621  STATE:  Changing state to ReadSM.IdleState, ID[6]
2013/07/17 23:49:41:621  STATE:  Changing state to ScriptExecStateMachine.WaitForNextCmdState, ID[1]
2013/07/17 23:49:41:621  INFO:   STATE MACHINE EXITED: SMLibrary.ReadSM
2013/07/17 23:49:41:627  INFO:   EXECUTING STATE MACHINE: SMLibrary.Dvt.PerformIcdCommandSM Timeout: 00:00:13
2013/07/17 23:49:41:627  EVENT:  SCRIPT-EXEC:EXEC-DVT-SM - TES.Dvt.ScriptExecStateMachine, ID[10]
2013/07/17 23:49:41:627  STATE:  Changing state to ScriptExecStateMachine.ExecStateMachineState, ID[3]
2013/07/17 23:49:41:627  STATE:  Changing state to PerformIcdCommandSM.SendCommandState, ID[11]
2013/07/17 23:49:41:647  EVENT:  SCRIPT-EXEC:EXIT - TES.Dvt.ScriptExecStateMachine, ID[8]
2013/07/17 23:49:41:647  INFO:   Terminating ScriptEngineProcedure
2013/07/17 23:49:41:647  EVENT:  Terminate Dispatch, ID[33]
2013/07/17 23:49:41:655  ERROR:  TES.StateMachineException - Exception while processing event (SCRIPT-EXEC:EXEC-DVT-SM - TES.Dvt.ScriptExecStateMachine) in TES.Dvt.ScriptExecStateMachine.ExecStateMachineState, ID[3]
                                 Stack Trace:
                                    at TES.EventSink.dispatchEvents(IStateMachine sm)
                                    at SMLibrary.Dvt.FwDvtSystem.ScriptEngineProcedure.runTestProcedure()
                                    at TES.TestProcedure.runATestProcedure()
                                    at TES.TestProcedure.run()
                                 Inner Exception: TES.ParameterSet+ConfictRuleViolatedException - Conflict rule #8: (HVShockVoltage minimum voltage > DumpHysteresisVoltage) violated when testing 4 > 8
                                 Inner Exception Stack Trace:
                                    at TES.ParameterSet.checkConflictRules(ConflictRulesCheckingOptions options)
                                    at TES.ICD.doCharge(ParameterSet parms, UInt16 address1, UInt16 address2, UInt32 retryCount, String logMsg)
                                    at TES.ICD.chargeWithNoRetries(ParameterSet parms, String key1, String key2)
                                    at TES.HVCharge.performSend()
                                    at SMLibrary.Dvt.PerformTelemetryCommandBaseState.doEntryAction(StateMachine owner)
                                    at TES.StateMachine.start()
                                    at TES.StateMachine.set_NestedStateMachine(StateMachine value)
                                    at TES.Dvt.ScriptExecStateMachine.ExecStateMachineState.doEntryAction(StateMachine owner)
                                    at TES.StateMachine.process(Event ev)
                                    at TES.EventSink.dispatchEvents(IStateMachine sm)
2013/07/17 23:49:41:656  INFO:   Testcase Summary:
2013/07/17 23:49:41:656  RESULT: Test Procedure ScriptEngineProcedure (FAILED)
2013/07/17 23:49:41:656  INFO:   Procedure Runtime = 00:00:18
2013/07/17 23:49:41:663  INFO:   The event dispatch thread ScriptEngineProcedure exited.
