<<<<< Log Header: 07/16/2013 21:06:27 >>>>>
2013/07/16 21:06:27:601 [006684] INFO [NCommunicationSystem.cpp, 108] - nCommunicationSystem, Version=1.8.2.1, Culture=neutral, PublicKeyToken=56b5378c99c0bcfd
2013/07/16 21:06:27:617 [006684] INFO [ExceptionCatchingThread.cpp, 257] - Created the timer thread with id 7188 (0x1c14).
2013/07/16 21:06:27:619 [007188] INFO [ExceptionCatchingThread.cpp, 168] - Executing the timer thread procedure...
2013/07/16 21:06:27:625 [006684] INFO [ExceptionCatchingThread.cpp, 257] - Created the dispatch thread with id 5636 (0x1604).
2013/07/16 21:06:27:625 [005636] INFO [ExceptionCatchingThread.cpp, 168] - Executing the dispatch thread procedure...
2013/07/16 21:06:30:626 [006684] DEBUG [Prb.cpp, 252] - PRB logging started.
2013/07/16 21:06:30:634 [006684] DEBUG [Prb.cpp, 130] - Number of FTDI devices: 1
2013/07/16 21:06:30:634 [006684] DEBUG [Prb.cpp, 158] - FTDI Device[0]: ID=67330069
2013/07/16 21:06:30:637 [006684] DEBUG [Prb.cpp, 169] - FTDI handle=170933552
2013/07/16 21:06:30:638 [006684] INFO [Prb.cpp, 179] - FTDI Driver Version 2.08.24.0
2013/07/16 21:06:30:896 [006684] INFO [Prb.cpp, 205] - FTDI Configuration: MaxCurrent=200, CBus5=21, CBus6=0x4
2013/07/16 21:06:31:147 [006684] INFO [Prb.cpp, 246] - PRB driver initialized.
2013/07/16 21:06:31:147 [006684] TRACE [Prb.cpp, 448] - Writing FPGA, Address=0x1008, Data=0x08
2013/07/16 21:06:31:148 [006684] TRACE [Prb.cpp, 1035] - WriteFPGAPacket(0x1008, 0x08):01 00 0D 00 81 00 03 10 08 08 25 D5 0D 
2013/07/16 21:06:31:148 [007556] TRACE [Prb.cpp, 835] - RxStream contents:01 00 0B 90 06 00 00 00 8B 89 0D 
2013/07/16 21:06:31:149 [007556] TRACE [Prb.cpp, 943] - RadioBoardPacket(ACK):01 00 0B 90 06 00 00 00 8B 89 0D 
2013/07/16 21:06:31:149 [006684] DEBUG [Prb.cpp, 466] - Write FPGA completed, Address=0x1008, Data=0x08
2013/07/16 21:06:31:166 [006684] TRACE [Prb.cpp, 493] - Reading FPGA, Address=0x300A
2013/07/16 21:06:31:167 [006684] TRACE [Prb.cpp, 1035] - ReadFPGAPacket(0x300A):01 00 0C 01 82 00 02 30 0A E8 24 0D 
2013/07/16 21:06:31:167 [007556] TRACE [Prb.cpp, 835] - RxStream contents:01 00 0C 91 06 01 00 01 00 E7 4A 0D 
2013/07/16 21:06:31:168 [007556] TRACE [Prb.cpp, 943] - RadioBoardPacket(ACK):01 00 0C 91 06 01 00 01 00 E7 4A 0D 
2013/07/16 21:06:31:169 [006684] DEBUG [Prb.cpp, 512] - Read FPGA completed, Address=0x300A, Data=0x00
2013/07/16 21:06:31:169 [006684] TRACE [Prb.cpp, 448] - Writing FPGA, Address=0x300A, Data=0x03
2013/07/16 21:06:31:170 [006684] TRACE [Prb.cpp, 1035] - WriteFPGAPacket(0x300A, 0x03):01 00 0D 02 81 00 03 30 0A 03 29 4F 0D 
2013/07/16 21:06:31:170 [007556] TRACE [Prb.cpp, 835] - RxStream contents:01 00 0B 92 06 02 00 00 8B 51 0D 
2013/07/16 21:06:31:171 [007556] TRACE [Prb.cpp, 943] - RadioBoardPacket(ACK):01 00 0B 92 06 02 00 00 8B 51 0D 
2013/07/16 21:06:31:172 [006684] DEBUG [Prb.cpp, 466] - Write FPGA completed, Address=0x300A, Data=0x03
2013/07/16 21:06:31:185 [006684] INFO [CrossTalkDetector.cpp, 14] - EnterCrossTalkThreshold = 8
2013/07/16 21:06:31:186 [006684] INFO [CrossTalkDetector.cpp, 21] - LeaveCrossTalkThreshold = 4
2013/07/16 21:06:31:187 [006684] INFO [CrossTalkDetector.cpp, 28] - LinkThreshold = 8
2013/07/16 21:06:31:188 [006684] INFO [ExceptionCatchingThread.cpp, 257] - Created the interrupt thread with id 3672 (0xe58).
2013/07/16 21:06:31:189 [006684] DEBUG [Prb.cpp, 252] - PRB logging started.
2013/07/16 21:06:31:189 [003672] INFO [ExceptionCatchingThread.cpp, 168] - Executing the interrupt thread procedure...
2013/07/16 21:06:31:190 [006684] INFO [CommunicationSystem.cpp, 640] - Calibrating the PRB CC1020.
2013/07/16 21:06:31:192 [006684] TRACE [Prb.cpp, 448] - Writing FPGA, Address=0x1008, Data=0x01
2013/07/16 21:06:31:192 [006684] TRACE [Prb.cpp, 1035] - WriteFPGAPacket(0x1008, 0x01):01 00 0D 03 81 00 03 10 08 01 26 D3 0D 
2013/07/16 21:06:31:192 [007556] TRACE [Prb.cpp, 835] - RxStream contents:01 00 0B 93 06 03 00 00 8B 3D 0D 
2013/07/16 21:06:31:194 [007556] TRACE [Prb.cpp, 943] - RadioBoardPacket(ACK):01 00 0B 93 06 03 00 00 8B 3D 0D 
2013/07/16 21:06:31:195 [006684] DEBUG [Prb.cpp, 466] - Write FPGA completed, Address=0x1008, Data=0x01
2013/07/16 21:06:31:275 [007556] TRACE [Prb.cpp, 835] - RxStream contents:01 00 0D 94 00 00 00 02 09 00 7B 46 0D 
2013/07/16 21:06:31:279 [003672] DEBUG [CommunicationSystem.cpp, 1120] - Calibration complete.
2013/07/16 21:06:31:279 [006684] TRACE [Prb.cpp, 493] - Reading FPGA, Address=0x2012
2013/07/16 21:06:31:280 [006684] TRACE [Prb.cpp, 1035] - ReadFPGAPacket(0x2012):01 00 0C 04 82 00 02 20 12 10 72 0D 
2013/07/16 21:06:31:280 [007556] TRACE [Prb.cpp, 835] - RxStream contents:01 00 0C 95 06 04 00 01 00 43 4C 0D 
2013/07/16 21:06:31:281 [007556] TRACE [Prb.cpp, 943] - RadioBoardPacket(ACK):01 00 0C 95 06 04 00 01 00 43 4C 0D 
2013/07/16 21:06:31:282 [006684] DEBUG [Prb.cpp, 512] - Read FPGA completed, Address=0x2012, Data=0x00
2013/07/16 21:06:31:282 [006684] INFO [CommunicationSystem.cpp, 653] - CC1020 Calibration succeeded.
2013/07/16 21:06:31:283 [006684] TRACE [Prb.cpp, 448] - Writing FPGA, Address=0x1006, Data=0x08
2013/07/16 21:06:31:283 [006684] TRACE [Prb.cpp, 1035] - WriteFPGAPacket(0x1006, 0x08):01 00 0D 05 81 00 03 10 06 08 84 86 0D 
2013/07/16 21:06:31:283 [007556] TRACE [Prb.cpp, 835] - RxStream contents:01 00 0B 96 06 05 00 00 8A DD 0D 
2013/07/16 21:06:31:284 [007556] TRACE [Prb.cpp, 943] - RadioBoardPacket(ACK):01 00 0B 96 06 05 00 00 8A DD 0D 
2013/07/16 21:06:31:285 [006684] DEBUG [Prb.cpp, 466] - Write FPGA completed, Address=0x1006, Data=0x08
2013/07/16 21:06:31:285 [006684] TRACE [Prb.cpp, 493] - Reading FPGA, Address=0x3000
2013/07/16 21:06:31:286 [006684] TRACE [Prb.cpp, 1035] - ReadFPGAPacket(0x3000):01 00 0C 06 82 00 02 30 00 80 1E 0D 
2013/07/16 21:06:31:286 [007556] TRACE [Prb.cpp, 835] - RxStream contents:01 00 0C 97 06 06 00 01 07 1B 5D 0D 
2013/07/16 21:06:31:287 [007556] TRACE [Prb.cpp, 943] - RadioBoardPacket(ACK):01 00 0C 97 06 06 00 01 07 1B 5D 0D 
2013/07/16 21:06:31:287 [006684] DEBUG [Prb.cpp, 512] - Read FPGA completed, Address=0x3000, Data=0x07
2013/07/16 21:06:31:288 [006684] INFO [CommunicationSystem.cpp, 613] - FPGA Revision 7.
2013/07/16 21:06:31:289 [006684] TRACE [Prb.cpp, 584] - Reading CC1020, Address=0x0004
2013/07/16 21:06:31:289 [006684] TRACE [Prb.cpp, 1035] - ReadCC1020Packet(0x04):01 00 0C 07 84 00 02 00 04 59 16 0D 
2013/07/16 21:06:31:289 [007556] TRACE [Prb.cpp, 835] - RxStream contents:01 00 0C 98 06 07 00 01 35 27 FE 0D 
2013/07/16 21:06:31:290 [007556] TRACE [Prb.cpp, 943] - RadioBoardPacket(ACK):01 00 0C 98 06 07 00 01 35 27 FE 0D 
2013/07/16 21:06:31:291 [006684] DEBUG [Prb.cpp, 603] - Read CC1020 completed, Address=0x0004, Data=0x35
2013/07/16 21:06:31:291 [006684] INFO [CommunicationSystem.cpp, 614] - CC1020 Frequency 2A 0x35.
2013/07/16 21:06:31:292 [006684] TRACE [Prb.cpp, 584] - Reading CC1020, Address=0x0005
2013/07/16 21:06:31:292 [006684] TRACE [Prb.cpp, 1035] - ReadCC1020Packet(0x05):01 00 0C 08 84 00 02 00 05 F1 1C 0D 
2013/07/16 21:06:31:292 [007556] TRACE [Prb.cpp, 835] - RxStream contents:01 00 0C 99 06 08 00 01 F0 11 63 0D 
2013/07/16 21:06:31:293 [007556] TRACE [Prb.cpp, 943] - RadioBoardPacket(ACK):01 00 0C 99 06 08 00 01 F0 11 63 0D 
2013/07/16 21:06:31:294 [006684] DEBUG [Prb.cpp, 603] - Read CC1020 completed, Address=0x0005, Data=0xF0
2013/07/16 21:06:31:294 [006684] INFO [CommunicationSystem.cpp, 615] - CC1020 Frequency 1A 0xf0.
2013/07/16 21:06:31:295 [006684] TRACE [Prb.cpp, 584] - Reading CC1020, Address=0x0006
2013/07/16 21:06:31:295 [006684] TRACE [Prb.cpp, 1035] - ReadCC1020Packet(0x06):01 00 0C 09 84 00 02 00 06 09 15 0D 
2013/07/16 21:06:31:295 [007556] TRACE [Prb.cpp, 835] - RxStream contents:01 00 0C 9A 06 09 00 01 21 0F 86 0D 
2013/07/16 21:06:31:296 [007556] TRACE [Prb.cpp, 943] - RadioBoardPacket(ACK):01 00 0C 9A 06 09 00 01 21 0F 86 0D 
2013/07/16 21:06:31:297 [006684] DEBUG [Prb.cpp, 603] - Read CC1020 completed, Address=0x0006, Data=0x21
2013/07/16 21:06:31:297 [006684] INFO [CommunicationSystem.cpp, 616] - CC1020 Frequency 0A 0x21.
2013/07/16 21:06:31:298 [006684] TRACE [Prb.cpp, 584] - Reading CC1020, Address=0x0008
2013/07/16 21:06:31:298 [006684] TRACE [Prb.cpp, 1035] - ReadCC1020Packet(0x08):01 00 0C 0A 84 00 02 00 08 01 32 0D 
2013/07/16 21:06:31:298 [007556] TRACE [Prb.cpp, 835] - RxStream contents:01 00 0C 9B 06 0A 00 01 35 CB FD 0D 
2013/07/16 21:06:31:299 [007556] TRACE [Prb.cpp, 943] - RadioBoardPacket(ACK):01 00 0C 9B 06 0A 00 01 35 CB FD 0D 
2013/07/16 21:06:31:300 [006684] DEBUG [Prb.cpp, 603] - Read CC1020 completed, Address=0x0008, Data=0x35
2013/07/16 21:06:31:300 [006684] INFO [CommunicationSystem.cpp, 617] - CC1020 Frequency 2B 0x35.
2013/07/16 21:06:31:301 [006684] TRACE [Prb.cpp, 584] - Reading CC1020, Address=0x0009
2013/07/16 21:06:31:301 [006684] TRACE [Prb.cpp, 1035] - ReadCC1020Packet(0x09):01 00 0C 0B 84 00 02 00 09 79 34 0D 
2013/07/16 21:06:31:301 [007556] TRACE [Prb.cpp, 835] - RxStream contents:01 00 0C 9C 06 0B 00 01 FA 35 5A 0D 
2013/07/16 21:06:31:302 [007556] TRACE [Prb.cpp, 943] - RadioBoardPacket(ACK):01 00 0C 9C 06 0B 00 01 FA 35 5A 0D 
2013/07/16 21:06:31:303 [006684] DEBUG [Prb.cpp, 603] - Read CC1020 completed, Address=0x0009, Data=0xFA
2013/07/16 21:06:31:303 [006684] INFO [CommunicationSystem.cpp, 618] - CC1020 Frequency 1B 0xfa.
2013/07/16 21:06:31:304 [006684] TRACE [Prb.cpp, 584] - Reading CC1020, Address=0x000A
2013/07/16 21:06:31:304 [006684] TRACE [Prb.cpp, 1035] - ReadCC1020Packet(0x0A):01 00 0C 0C 84 00 02 00 0A 11 38 0D 
2013/07/16 21:06:31:304 [007556] TRACE [Prb.cpp, 835] - RxStream contents:01 00 0C 9D 06 0C 00 01 CB A1 FF 0D 
2013/07/16 21:06:31:305 [007556] TRACE [Prb.cpp, 943] - RadioBoardPacket(ACK):01 00 0C 9D 06 0C 00 01 CB A1 FF 0D 
2013/07/16 21:06:31:306 [006684] DEBUG [Prb.cpp, 603] - Read CC1020 completed, Address=0x000A, Data=0xCB
2013/07/16 21:06:31:306 [006684] INFO [CommunicationSystem.cpp, 619] - CC1020 Frequency 0B 0xcb.
2013/07/16 21:06:31:307 [006684] DEBUG [Prb.cpp, 650] - Read EEPROM completed, Address=0x060A, Data=0x00
2013/07/16 21:06:31:307 [006684] INFO [CommunicationSystem.cpp, 620] - RSSI Calibration Reference Center Channel 0.
2013/07/16 21:06:31:308 [006684] TRACE [Prb.cpp, 493] - Reading FPGA, Address=0x3054
2013/07/16 21:06:31:309 [006684] TRACE [Prb.cpp, 1035] - ReadFPGAPacket(0x3054):01 00 0C 0D 82 00 02 30 54 C9 EC 0D 
2013/07/16 21:06:31:309 [007556] TRACE [Prb.cpp, 835] - RxStream contents:01 00 0C 9E 06 0D 00 01 07 BF 54 0D 
2013/07/16 21:06:31:310 [007556] TRACE [Prb.cpp, 943] - RadioBoardPacket(ACK):01 00 0C 9E 06 0D 00 01 07 BF 54 0D 
2013/07/16 21:06:31:310 [006684] DEBUG [Prb.cpp, 512] - Read FPGA completed, Address=0x3054, Data=0x07
2013/07/16 21:06:31:311 [006684] INFO [CommunicationSystem.cpp, 621] - CC1020 PA_POWER 0x7.
2013/07/16 21:06:31:311 [006684] TRACE [Prb.cpp, 584] - Reading CC1020, Address=0x001C
2013/07/16 21:06:31:312 [006684] TRACE [Prb.cpp, 1035] - ReadCC1020Packet(0x1C):01 00 0C 0E 84 00 02 00 1C E1 4C 0D 
2013/07/16 21:06:31:312 [007556] TRACE [Prb.cpp, 835] - RxStream contents:01 00 0C 9F 06 0E 00 01 07 7B 57 0D 
2013/07/16 21:06:31:313 [007556] TRACE [Prb.cpp, 943] - RadioBoardPacket(ACK):01 00 0C 9F 06 0E 00 01 07 7B 57 0D 
2013/07/16 21:06:31:313 [006684] DEBUG [Prb.cpp, 603] - Read CC1020 completed, Address=0x001C, Data=0x07
2013/07/16 21:06:31:313 [006684] INFO [CommunicationSystem.cpp, 622] - CC1020 Transmit Power 0x7.
2013/07/16 21:06:31:314 [006684] TRACE [Prb.cpp, 493] - Reading FPGA, Address=0x3014
2013/07/16 21:06:31:315 [006684] TRACE [Prb.cpp, 1035] - ReadFPGAPacket(0x3014):01 00 0C 0F 82 00 02 30 14 38 6C 0D 
2013/07/16 21:06:31:315 [007556] TRACE [Prb.cpp, 835] - RxStream contents:01 00 0C A0 06 0F 00 01 00 47 79 0D 
2013/07/16 21:06:31:315 [007556] TRACE [Prb.cpp, 943] - RadioBoardPacket(ACK):01 00 0C A0 06 0F 00 01 00 47 79 0D 
2013/07/16 21:06:31:316 [006684] DEBUG [Prb.cpp, 512] - Read FPGA completed, Address=0x3014, Data=0x00
2013/07/16 21:06:31:317 [006684] INFO [CommunicationSystem.cpp, 623] - Low Noise Amplifier Circumvented 0.
2013/07/16 21:06:31:317 [006684] TRACE [Prb.cpp, 584] - Reading CC1020, Address=0x0001
2013/07/16 21:06:31:318 [006684] TRACE [Prb.cpp, 1035] - ReadCC1020Packet(0x01):01 00 0C 10 84 00 02 00 01 B1 1C 0D 
2013/07/16 21:06:31:318 [007556] TRACE [Prb.cpp, 835] - RxStream contents:01 00 0C A1 06 10 00 01 0F 33 5E 0D 
2013/07/16 21:06:31:319 [007556] TRACE [Prb.cpp, 943] - RadioBoardPacket(ACK):01 00 0C A1 06 10 00 01 0F 33 5E 0D 
2013/07/16 21:06:31:319 [006684] DEBUG [Prb.cpp, 603] - Read CC1020 completed, Address=0x0001, Data=0x0F
2013/07/16 21:06:31:320 [006684] INFO [CommunicationSystem.cpp, 624] - Low Noise Amplifier 0xf.
2013/07/16 21:06:31:320 [006684] TRACE [Prb.cpp, 493] - Reading FPGA, Address=0x1006
2013/07/16 21:06:31:321 [006684] TRACE [Prb.cpp, 1035] - ReadFPGAPacket(0x1006):01 00 0C 11 82 00 02 10 06 28 1D 0D 
2013/07/16 21:06:31:321 [007556] TRACE [Prb.cpp, 835] - RxStream contents:01 00 0C A2 06 11 00 01 08 AF 4C 0D 
2013/07/16 21:06:31:322 [007556] TRACE [Prb.cpp, 943] - RadioBoardPacket(ACK):01 00 0C A2 06 11 00 01 08 AF 4C 0D 
2013/07/16 21:06:31:322 [006684] DEBUG [Prb.cpp, 512] - Read FPGA completed, Address=0x1006, Data=0x08
2013/07/16 21:06:31:323 [006684] INFO [CommunicationSystem.cpp, 625] - Allowed Framing Errors 8.
2013/07/16 21:06:31:326 [006684] INFO [CrossTalkDetector.cpp, 28] - LinkThreshold = 8
2013/07/16 21:06:31:326 [006684] INFO [CrossTalkDetector.cpp, 14] - EnterCrossTalkThreshold = 8
2013/07/16 21:06:31:326 [006684] INFO [CrossTalkDetector.cpp, 21] - LeaveCrossTalkThreshold = 4
2013/07/16 21:06:31:336 [001720] TRACE [Prb.cpp, 493] - Reading FPGA, Address=0x3000
2013/07/16 21:06:31:336 [001720] TRACE [Prb.cpp, 1035] - ReadFPGAPacket(0x3000):01 00 0C 12 82 00 02 30 00 E0 0A 0D 
2013/07/16 21:06:31:337 [007556] TRACE [Prb.cpp, 835] - RxStream contents:01 00 0C A3 06 12 00 01 07 6B 6D 0D 
2013/07/16 21:06:31:338 [007556] TRACE [Prb.cpp, 943] - RadioBoardPacket(ACK):01 00 0C A3 06 12 00 01 07 6B 6D 0D 
2013/07/16 21:06:31:338 [001720] DEBUG [Prb.cpp, 512] - Read FPGA completed, Address=0x3000, Data=0x07
2013/07/16 21:06:31:339 [001720] TRACE [Prb.cpp, 539] - Writing CC1020, Address=0x001C, Data=0x07
2013/07/16 21:06:31:340 [007556] TRACE [Prb.cpp, 835] - RxStream contents:01 00 0B A4 06 13 00 00 83 95 0D 
2013/07/16 21:06:31:340 [007556] TRACE [Prb.cpp, 943] - RadioBoardPacket(ACK):01 00 0B A4 06 13 00 00 83 95 0D 
2013/07/16 21:06:31:340 [001720] TRACE [Prb.cpp, 1035] - WriteCC1020Packet(0x1C, 0x07):01 00 0D 13 83 00 03 00 1C 07 3E 84 0D 
2013/07/16 21:06:31:342 [001720] DEBUG [Prb.cpp, 557] - Write CC1020 completed, Address=0x001C, Data=0x07
2013/07/16 21:06:31:370 [006684] TRACE [Prb.cpp, 493] - Reading FPGA, Address=0x3000
2013/07/16 21:06:31:371 [006684] TRACE [Prb.cpp, 1035] - ReadFPGAPacket(0x3000):01 00 0C 14 82 00 02 30 00 70 0F 0D 
2013/07/16 21:06:31:371 [007556] TRACE [Prb.cpp, 835] - RxStream contents:01 00 0C A5 06 14 00 01 07 83 68 0D 
2013/07/16 21:06:31:376 [007556] TRACE [Prb.cpp, 943] - RadioBoardPacket(ACK):01 00 0C A5 06 14 00 01 07 83 68 0D 
2013/07/16 21:06:31:376 [006684] DEBUG [Prb.cpp, 512] - Read FPGA completed, Address=0x3000, Data=0x07
2013/07/16 21:06:31:384 [006684] INFO [CommunicationSystem.cpp, 640] - Calibrating the PRB CC1020.
2013/07/16 21:06:31:385 [006684] TRACE [Prb.cpp, 448] - Writing FPGA, Address=0x1008, Data=0x01
2013/07/16 21:06:31:386 [006684] TRACE [Prb.cpp, 1035] - WriteFPGAPacket(0x1008, 0x01):01 00 0D 15 81 00 03 10 08 01 B1 B0 0D 
2013/07/16 21:06:31:386 [007556] TRACE [Prb.cpp, 835] - RxStream contents:01 00 0B A6 06 15 00 00 03 1E 0D 
2013/07/16 21:06:31:387 [007556] TRACE [Prb.cpp, 943] - RadioBoardPacket(ACK):01 00 0B A6 06 15 00 00 03 1E 0D 
2013/07/16 21:06:31:387 [006684] DEBUG [Prb.cpp, 466] - Write FPGA completed, Address=0x1008, Data=0x01
2013/07/16 21:06:31:469 [007556] TRACE [Prb.cpp, 835] - RxStream contents:01 00 0D A7 00 00 00 02 09 00 4B 76 0D 
2013/07/16 21:06:31:474 [003672] DEBUG [CommunicationSystem.cpp, 1120] - Calibration complete.
2013/07/16 21:06:31:474 [006684] TRACE [Prb.cpp, 493] - Reading FPGA, Address=0x2012
2013/07/16 21:06:31:475 [006684] TRACE [Prb.cpp, 1035] - ReadFPGAPacket(0x2012):01 00 0C 16 82 00 02 20 12 E0 63 0D 
2013/07/16 21:06:31:475 [007556] TRACE [Prb.cpp, 835] - RxStream contents:01 00 0C A8 06 16 00 01 00 F3 76 0D 
2013/07/16 21:06:31:476 [007556] TRACE [Prb.cpp, 943] - RadioBoardPacket(ACK):01 00 0C A8 06 16 00 01 00 F3 76 0D 
2013/07/16 21:06:31:477 [006684] DEBUG [Prb.cpp, 512] - Read FPGA completed, Address=0x2012, Data=0x00
2013/07/16 21:06:31:477 [006684] INFO [CommunicationSystem.cpp, 653] - CC1020 Calibration succeeded.
2013/07/16 21:06:31:483 [006684] TRACE [Prb.cpp, 584] - Reading CC1020, Address=0x0004
2013/07/16 21:06:31:483 [006684] TRACE [Prb.cpp, 1035] - ReadCC1020Packet(0x04):01 00 0C 17 84 00 02 00 04 D9 04 0D 
2013/07/16 21:06:31:483 [007556] TRACE [Prb.cpp, 835] - RxStream contents:01 00 0C A9 06 17 00 01 35 9F C8 0D 
2013/07/16 21:06:31:485 [007556] TRACE [Prb.cpp, 943] - RadioBoardPacket(ACK):01 00 0C A9 06 17 00 01 35 9F C8 0D 
2013/07/16 21:06:31:485 [006684] DEBUG [Prb.cpp, 603] - Read CC1020 completed, Address=0x0004, Data=0x35
2013/07/16 21:06:31:487 [006684] TRACE [Prb.cpp, 584] - Reading CC1020, Address=0x0005
2013/07/16 21:06:31:487 [006684] TRACE [Prb.cpp, 1035] - ReadCC1020Packet(0x05):01 00 0C 18 84 00 02 00 05 71 0E 0D 
2013/07/16 21:06:31:487 [007556] TRACE [Prb.cpp, 835] - RxStream contents:01 00 0C AA 06 18 00 01 F0 D9 56 0D 
2013/07/16 21:06:31:489 [007556] TRACE [Prb.cpp, 943] - RadioBoardPacket(ACK):01 00 0C AA 06 18 00 01 F0 D9 56 0D 
2013/07/16 21:06:31:489 [006684] DEBUG [Prb.cpp, 603] - Read CC1020 completed, Address=0x0005, Data=0xF0
2013/07/16 21:06:31:490 [006684] TRACE [Prb.cpp, 584] - Reading CC1020, Address=0x0006
2013/07/16 21:06:31:491 [006684] TRACE [Prb.cpp, 1035] - ReadCC1020Packet(0x06):01 00 0C 19 84 00 02 00 06 89 07 0D 
2013/07/16 21:06:31:491 [007556] TRACE [Prb.cpp, 835] - RxStream contents:01 00 0C AB 06 19 00 01 21 B7 B0 0D 
2013/07/16 21:06:31:492 [007556] TRACE [Prb.cpp, 943] - RadioBoardPacket(ACK):01 00 0C AB 06 19 00 01 21 B7 B0 0D 
2013/07/16 21:06:31:493 [006684] DEBUG [Prb.cpp, 603] - Read CC1020 completed, Address=0x0006, Data=0x21
2013/07/16 21:06:31:494 [006684] TRACE [Prb.cpp, 584] - Reading CC1020, Address=0x0007
2013/07/16 21:06:31:495 [006684] TRACE [Prb.cpp, 1035] - ReadCC1020Packet(0x07):01 00 0C 1A 84 00 02 00 07 81 02 0D 
2013/07/16 21:06:31:495 [007556] TRACE [Prb.cpp, 835] - RxStream contents:01 00 0C AC 06 1A 00 01 38 63 E3 0D 
2013/07/16 21:06:31:496 [007556] TRACE [Prb.cpp, 943] - RadioBoardPacket(ACK):01 00 0C AC 06 1A 00 01 38 63 E3 0D 
2013/07/16 21:06:31:496 [006684] DEBUG [Prb.cpp, 603] - Read CC1020 completed, Address=0x0007, Data=0x38
2013/07/16 21:06:31:497 [006684] TRACE [Prb.cpp, 584] - Reading CC1020, Address=0x0008
2013/07/16 21:06:31:498 [006684] TRACE [Prb.cpp, 1035] - ReadCC1020Packet(0x08):01 00 0C 1B 84 00 02 00 08 79 23 0D 
2013/07/16 21:06:31:498 [007556] TRACE [Prb.cpp, 835] - RxStream contents:01 00 0C AD 06 1B 00 01 35 8F CE 0D 
2013/07/16 21:06:31:499 [007556] TRACE [Prb.cpp, 943] - RadioBoardPacket(ACK):01 00 0C AD 06 1B 00 01 35 8F CE 0D 
2013/07/16 21:06:31:499 [006684] DEBUG [Prb.cpp, 603] - Read CC1020 completed, Address=0x0008, Data=0x35
2013/07/16 21:06:31:501 [006684] TRACE [Prb.cpp, 584] - Reading CC1020, Address=0x0009
2013/07/16 21:06:31:501 [006684] TRACE [Prb.cpp, 1035] - ReadCC1020Packet(0x09):01 00 0C 1C 84 00 02 00 09 91 20 0D 
2013/07/16 21:06:31:501 [007556] TRACE [Prb.cpp, 835] - RxStream contents:01 00 0C AE 06 1C 00 01 FA E9 6F 0D 
2013/07/16 21:06:31:502 [007556] TRACE [Prb.cpp, 943] - RadioBoardPacket(ACK):01 00 0C AE 06 1C 00 01 FA E9 6F 0D 
2013/07/16 21:06:31:503 [006684] DEBUG [Prb.cpp, 603] - Read CC1020 completed, Address=0x0009, Data=0xFA
2013/07/16 21:06:31:504 [006684] TRACE [Prb.cpp, 584] - Reading CC1020, Address=0x000A
2013/07/16 21:06:31:505 [006684] TRACE [Prb.cpp, 1035] - ReadCC1020Packet(0x0A):01 00 0C 1D 84 00 02 00 0A 69 29 0D 
2013/07/16 21:06:31:505 [007556] TRACE [Prb.cpp, 835] - RxStream contents:01 00 0C AF 06 1D 00 01 CB 05 CA 0D 
2013/07/16 21:06:31:505 [007556] TRACE [Prb.cpp, 943] - RadioBoardPacket(ACK):01 00 0C AF 06 1D 00 01 CB 05 CA 0D 
2013/07/16 21:06:31:506 [006684] DEBUG [Prb.cpp, 603] - Read CC1020 completed, Address=0x000A, Data=0xCB
2013/07/16 21:06:31:507 [006684] TRACE [Prb.cpp, 584] - Reading CC1020, Address=0x000B
2013/07/16 21:06:31:508 [006684] TRACE [Prb.cpp, 1035] - ReadCC1020Packet(0x0B):01 00 0C 1E 84 00 02 00 0B 61 2C 0D 
2013/07/16 21:06:31:508 [007556] TRACE [Prb.cpp, 835] - RxStream contents:01 00 0C B0 06 1E 00 01 38 93 FD 0D 
2013/07/16 21:06:31:509 [007556] TRACE [Prb.cpp, 943] - RadioBoardPacket(ACK):01 00 0C B0 06 1E 00 01 38 93 FD 0D 
2013/07/16 21:06:31:509 [006684] DEBUG [Prb.cpp, 603] - Read CC1020 completed, Address=0x000B, Data=0x38
2013/07/16 21:06:31:511 [006684] TRACE [Prb.cpp, 584] - Reading CC1020, Address=0x001D
2013/07/16 21:06:31:511 [006684] TRACE [Prb.cpp, 1035] - ReadCC1020Packet(0x1D):01 00 0C 1F 84 00 02 00 1D 19 58 0D 
2013/07/16 21:06:31:511 [007556] TRACE [Prb.cpp, 835] - RxStream contents:01 00 0C B1 06 1F 00 01 00 7F 6E 0D 
2013/07/16 21:06:31:512 [007556] TRACE [Prb.cpp, 943] - RadioBoardPacket(ACK):01 00 0C B1 06 1F 00 01 00 7F 6E 0D 
2013/07/16 21:06:31:513 [006684] DEBUG [Prb.cpp, 603] - Read CC1020 completed, Address=0x001D, Data=0x00
2013/07/16 21:06:31:514 [006684] TRACE [Prb.cpp, 584] - Reading CC1020, Address=0x0045
2013/07/16 21:06:31:514 [006684] TRACE [Prb.cpp, 1035] - ReadCC1020Packet(0x45):01 00 0C 20 84 00 02 00 45 B0 B7 0D 
2013/07/16 21:06:31:515 [007556] TRACE [Prb.cpp, 835] - RxStream contents:01 00 0C B2 06 20 00 01 4C 7A CF 0D 
2013/07/16 21:06:31:516 [007556] TRACE [Prb.cpp, 943] - RadioBoardPacket(ACK):01 00 0C B2 06 20 00 01 4C 7A CF 0D 
2013/07/16 21:06:31:516 [006684] DEBUG [Prb.cpp, 603] - Read CC1020 completed, Address=0x0045, Data=0x4C
2013/07/16 21:06:31:518 [006684] TRACE [Prb.cpp, 584] - Reading CC1020, Address=0x0046
2013/07/16 21:06:31:518 [006684] TRACE [Prb.cpp, 1035] - ReadCC1020Packet(0x46):01 00 0C 21 84 00 02 00 46 48 BE 0D 
2013/07/16 21:06:31:518 [007556] TRACE [Prb.cpp, 835] - RxStream contents:01 00 0C B3 06 21 00 01 66 96 30 0D 
2013/07/16 21:06:31:519 [007556] TRACE [Prb.cpp, 943] - RadioBoardPacket(ACK):01 00 0C B3 06 21 00 01 66 96 30 0D 
2013/07/16 21:06:31:520 [006684] DEBUG [Prb.cpp, 603] - Read CC1020 completed, Address=0x0046, Data=0x66
2013/07/16 21:06:31:521 [006684] TRACE [Prb.cpp, 584] - Reading CC1020, Address=0x0047
2013/07/16 21:06:31:522 [006684] TRACE [Prb.cpp, 1035] - ReadCC1020Packet(0x47):01 00 0C 22 84 00 02 00 47 40 BB 0D 
2013/07/16 21:06:31:522 [007556] TRACE [Prb.cpp, 835] - RxStream contents:01 00 0C B4 06 22 00 01 44 C2 FA 0D 
2013/07/16 21:06:31:522 [007556] TRACE [Prb.cpp, 943] - RadioBoardPacket(ACK):01 00 0C B4 06 22 00 01 44 C2 FA 0D 
2013/07/16 21:06:31:523 [006684] DEBUG [Prb.cpp, 603] - Read CC1020 completed, Address=0x0047, Data=0x44
2013/07/16 21:06:31:530 [006684] TRACE [Prb.cpp, 493] - Reading FPGA, Address=0x305E
2013/07/16 21:06:31:531 [006684] TRACE [Prb.cpp, 1035] - ReadFPGAPacket(0x305E):01 00 0C 23 82 00 02 30 5E 99 FD 0D 
2013/07/16 21:06:31:531 [007556] TRACE [Prb.cpp, 835] - RxStream contents:01 00 0C B5 06 23 00 01 00 AF 62 0D 
2013/07/16 21:06:31:532 [007556] TRACE [Prb.cpp, 943] - RadioBoardPacket(ACK):01 00 0C B5 06 23 00 01 00 AF 62 0D 
2013/07/16 21:06:31:533 [006684] DEBUG [Prb.cpp, 512] - Read FPGA completed, Address=0x305E, Data=0x00
2013/07/16 21:06:31:534 [006684] TRACE [Prb.cpp, 493] - Reading FPGA, Address=0x3060
2013/07/16 21:06:31:534 [006684] TRACE [Prb.cpp, 1035] - ReadFPGAPacket(0x3060):01 00 0C 24 82 00 02 30 60 71 7C 0D 
2013/07/16 21:06:31:534 [007556] TRACE [Prb.cpp, 835] - RxStream contents:01 00 0C B6 06 24 00 01 00 CB 61 0D 
2013/07/16 21:06:31:535 [007556] TRACE [Prb.cpp, 943] - RadioBoardPacket(ACK):01 00 0C B6 06 24 00 01 00 CB 61 0D 
2013/07/16 21:06:31:536 [006684] DEBUG [Prb.cpp, 512] - Read FPGA completed, Address=0x3060, Data=0x00
2013/07/16 21:06:31:537 [006684] TRACE [Prb.cpp, 493] - Reading FPGA, Address=0x3062
2013/07/16 21:06:31:537 [006684] TRACE [Prb.cpp, 1035] - ReadFPGAPacket(0x3062):01 00 0C 25 82 00 02 30 62 09 70 0D 
2013/07/16 21:06:31:537 [007556] TRACE [Prb.cpp, 835] - RxStream contents:01 00 0C B7 06 25 00 01 00 A7 61 0D 
2013/07/16 21:06:31:538 [007556] TRACE [Prb.cpp, 943] - RadioBoardPacket(ACK):01 00 0C B7 06 25 00 01 00 A7 61 0D 
2013/07/16 21:06:31:539 [006684] DEBUG [Prb.cpp, 512] - Read FPGA completed, Address=0x3062, Data=0x00
2013/07/16 21:06:31:544 [006684] TRACE [Prb.cpp, 493] - Reading FPGA, Address=0x3066
2013/07/16 21:06:31:545 [006684] TRACE [Prb.cpp, 1035] - ReadFPGAPacket(0x3066):01 00 0C 26 82 00 02 30 66 01 6B 0D 
2013/07/16 21:06:31:545 [007556] TRACE [Prb.cpp, 835] - RxStream contents:01 00 0C B8 06 26 00 01 00 B3 6E 0D 
2013/07/16 21:06:31:546 [007556] TRACE [Prb.cpp, 943] - RadioBoardPacket(ACK):01 00 0C B8 06 26 00 01 00 B3 6E 0D 
2013/07/16 21:06:31:546 [006684] DEBUG [Prb.cpp, 512] - Read FPGA completed, Address=0x3066, Data=0x00
2013/07/16 21:06:31:547 [006684] TRACE [Prb.cpp, 493] - Reading FPGA, Address=0x3068
2013/07/16 21:06:31:547 [006684] TRACE [Prb.cpp, 1035] - ReadFPGAPacket(0x3068):01 00 0C 27 82 00 02 30 68 79 4F 0D 
2013/07/16 21:06:31:547 [007556] TRACE [Prb.cpp, 835] - RxStream contents:01 00 0C B9 06 27 00 01 00 DF 6E 0D 
2013/07/16 21:06:31:549 [007556] TRACE [Prb.cpp, 943] - RadioBoardPacket(ACK):01 00 0C B9 06 27 00 01 00 DF 6E 0D 
2013/07/16 21:06:31:549 [006684] DEBUG [Prb.cpp, 512] - Read FPGA completed, Address=0x3068, Data=0x00
2013/07/16 21:06:31:550 [006684] TRACE [Prb.cpp, 493] - Reading FPGA, Address=0x306A
2013/07/16 21:06:31:550 [006684] TRACE [Prb.cpp, 1035] - ReadFPGAPacket(0x306A):01 00 0C 28 82 00 02 30 6A D1 4F 0D 
2013/07/16 21:06:31:550 [007556] TRACE [Prb.cpp, 835] - RxStream contents:01 00 0C BA 06 28 00 01 00 9B 6E 0D 
2013/07/16 21:06:31:551 [007556] TRACE [Prb.cpp, 943] - RadioBoardPacket(ACK):01 00 0C BA 06 28 00 01 00 9B 6E 0D 
2013/07/16 21:06:31:552 [006684] DEBUG [Prb.cpp, 512] - Read FPGA completed, Address=0x306A, Data=0x00
2013/07/16 21:06:31:554 [006684] TRACE [Prb.cpp, 448] - Writing FPGA, Address=0x1026, Data=0x01
2013/07/16 21:06:31:555 [006684] TRACE [Prb.cpp, 1035] - WriteFPGAPacket(0x1026, 0x01):01 00 0D 29 81 00 03 10 26 01 6A 70 0D 
2013/07/16 21:06:31:555 [007556] TRACE [Prb.cpp, 835] - RxStream contents:01 00 0B BB 06 29 00 00 05 F6 0D 
2013/07/16 21:06:31:556 [007556] TRACE [Prb.cpp, 943] - RadioBoardPacket(ACK):01 00 0B BB 06 29 00 00 05 F6 0D 
2013/07/16 21:06:31:556 [006684] DEBUG [Prb.cpp, 466] - Write FPGA completed, Address=0x1026, Data=0x01
2013/07/16 21:06:31:563 [001720] TRACE [Prb.cpp, 539] - Writing CC1020, Address=0x001C, Data=0x07
2013/07/16 21:06:31:564 [001720] TRACE [Prb.cpp, 1035] - WriteCC1020Packet(0x1C, 0x07):01 00 0D 2A 83 00 03 00 1C 07 04 14 0D 
2013/07/16 21:06:31:564 [007556] TRACE [Prb.cpp, 835] - RxStream contents:01 00 0B BC 06 2A 00 00 84 A1 0D 
2013/07/16 21:06:31:565 [007556] TRACE [Prb.cpp, 943] - RadioBoardPacket(ACK):01 00 0B BC 06 2A 00 00 84 A1 0D 
2013/07/16 21:06:31:566 [001720] DEBUG [Prb.cpp, 557] - Write CC1020 completed, Address=0x001C, Data=0x07
2013/07/16 21:06:31:567 [001720] TRACE [Prb.cpp, 448] - Writing FPGA, Address=0x3012, Data=0x01
2013/07/16 21:06:31:568 [001720] TRACE [Prb.cpp, 1035] - WriteFPGAPacket(0x3012, 0x01):01 00 0D 2B 81 00 03 30 12 01 52 D3 0D 
2013/07/16 21:06:31:568 [007556] TRACE [Prb.cpp, 835] - RxStream contents:01 00 0B BD 06 2B 00 00 84 CD 0D 
2013/07/16 21:06:31:569 [007556] TRACE [Prb.cpp, 943] - RadioBoardPacket(ACK):01 00 0B BD 06 2B 00 00 84 CD 0D 
2013/07/16 21:06:31:570 [001720] DEBUG [Prb.cpp, 466] - Write FPGA completed, Address=0x3012, Data=0x01
2013/07/16 21:06:31:571 [001720] TRACE [Prb.cpp, 493] - Reading FPGA, Address=0x1004
2013/07/16 21:06:31:571 [001720] TRACE [Prb.cpp, 1035] - ReadFPGAPacket(0x1004):01 00 0C 2C 82 00 02 10 04 F0 2D 0D 
2013/07/16 21:06:31:571 [007556] TRACE [Prb.cpp, 835] - RxStream contents:01 00 0C BE 06 2C 00 01 00 AB 6B 0D 
2013/07/16 21:06:31:572 [007556] TRACE [Prb.cpp, 943] - RadioBoardPacket(ACK):01 00 0C BE 06 2C 00 01 00 AB 6B 0D 
2013/07/16 21:06:31:573 [001720] DEBUG [Prb.cpp, 512] - Read FPGA completed, Address=0x1004, Data=0x00
2013/07/16 21:06:31:573 [001720] TRACE [Prb.cpp, 448] - Writing FPGA, Address=0x1004, Data=0x00
2013/07/16 21:06:31:574 [001720] TRACE [Prb.cpp, 1035] - WriteFPGAPacket(0x1004, 0x00):01 00 0D 2D 81 00 03 10 04 00 A2 36 0D 
2013/07/16 21:06:31:574 [007556] TRACE [Prb.cpp, 835] - RxStream contents:01 00 0B BF 06 2D 00 00 04 46 0D 
2013/07/16 21:06:31:575 [007556] TRACE [Prb.cpp, 943] - RadioBoardPacket(ACK):01 00 0B BF 06 2D 00 00 04 46 0D 
2013/07/16 21:06:31:576 [001720] DEBUG [Prb.cpp, 466] - Write FPGA completed, Address=0x1004, Data=0x00
2013/07/16 21:06:31:578 [005636] INFO [CommunicationSystemStates.cpp, 130] - Scan requested. Preamble Burst Duration: 9 seconds. Preamble Burst Data Rate: 2.
2013/07/16 21:06:31:579 [005636] TRACE [Prb.cpp, 448] - Writing FPGA, Address=0x1002, Data=0x09
2013/07/16 21:06:31:579 [005636] TRACE [Prb.cpp, 1035] - WriteFPGAPacket(0x1002, 0x09):01 00 0D 2E 81 00 03 10 02 09 B5 30 0D 
2013/07/16 21:06:31:579 [007556] TRACE [Prb.cpp, 835] - RxStream contents:01 00 0B C0 06 2E 00 00 90 51 0D 
2013/07/16 21:06:31:580 [007556] TRACE [Prb.cpp, 943] - RadioBoardPacket(ACK):01 00 0B C0 06 2E 00 00 90 51 0D 
2013/07/16 21:06:31:581 [005636] DEBUG [Prb.cpp, 466] - Write FPGA completed, Address=0x1002, Data=0x09
2013/07/16 21:06:31:581 [005636] TRACE [Prb.cpp, 493] - Reading FPGA, Address=0x1004
2013/07/16 21:06:31:582 [005636] TRACE [Prb.cpp, 1035] - ReadFPGAPacket(0x1004):01 00 0C 2F 82 00 02 10 04 78 2D 0D 
2013/07/16 21:06:31:582 [007556] TRACE [Prb.cpp, 835] - RxStream contents:01 00 0C C1 06 2F 00 01 00 3F 10 0D 
2013/07/16 21:06:31:583 [007556] TRACE [Prb.cpp, 943] - RadioBoardPacket(ACK):01 00 0C C1 06 2F 00 01 00 3F 10 0D 
2013/07/16 21:06:31:583 [005636] DEBUG [Prb.cpp, 512] - Read FPGA completed, Address=0x1004, Data=0x00
2013/07/16 21:06:31:584 [005636] TRACE [Prb.cpp, 448] - Writing FPGA, Address=0x1004, Data=0x08
2013/07/16 21:06:31:585 [005636] TRACE [Prb.cpp, 1035] - WriteFPGAPacket(0x1004, 0x08):01 00 0D 30 81 00 03 10 04 08 3E D5 0D 
2013/07/16 21:06:31:585 [007556] TRACE [Prb.cpp, 835] - RxStream contents:01 00 0B C2 06 30 00 00 11 3A 0D 
2013/07/16 21:06:31:585 [007556] TRACE [Prb.cpp, 943] - RadioBoardPacket(ACK):01 00 0B C2 06 30 00 00 11 3A 0D 
2013/07/16 21:06:31:586 [005636] DEBUG [Prb.cpp, 466] - Write FPGA completed, Address=0x1004, Data=0x08
2013/07/16 21:06:31:586 [005636] TRACE [Prb.cpp, 448] - Writing FPGA, Address=0x1008, Data=0x02
2013/07/16 21:06:31:587 [005636] TRACE [Prb.cpp, 1035] - WriteFPGAPacket(0x1008, 0x02):01 00 0D 31 81 00 03 10 08 02 97 FA 0D 
2013/07/16 21:06:31:587 [007556] TRACE [Prb.cpp, 835] - RxStream contents:01 00 0B C3 06 31 00 00 11 56 0D 
2013/07/16 21:06:31:588 [007556] TRACE [Prb.cpp, 943] - RadioBoardPacket(ACK):01 00 0B C3 06 31 00 00 11 56 0D 
2013/07/16 21:06:31:589 [005636] DEBUG [Prb.cpp, 466] - Write FPGA completed, Address=0x1008, Data=0x02
2013/07/16 21:06:42:712 [003672] INFO [CommunicationSystemStates.cpp, 168] - Scan complete
2013/07/16 21:06:42:714 [003672] TRACE [Prb.cpp, 584] - Reading CC1020, Address=0x0004
2013/07/16 21:06:42:715 [007556] TRACE [Prb.cpp, 835] - RxStream contents:01 00 0C C5 06 32 00 01 35 FB AD 0D 
2013/07/16 21:06:42:715 [007556] TRACE [Prb.cpp, 943] - RadioBoardPacket(ACK):01 00 0C C5 06 32 00 01 35 FB AD 0D 
2013/07/16 21:06:42:715 [003672] TRACE [Prb.cpp, 1035] - ReadCC1020Packet(0x04):01 00 0C 32 84 00 02 00 04 41 20 0D 
2013/07/16 21:06:42:716 [003672] DEBUG [Prb.cpp, 603] - Read CC1020 completed, Address=0x0004, Data=0x35
2013/07/16 21:06:42:717 [003672] TRACE [Prb.cpp, 584] - Reading CC1020, Address=0x0005
2013/07/16 21:06:42:718 [003672] TRACE [Prb.cpp, 1035] - ReadCC1020Packet(0x05):01 00 0C 33 84 00 02 00 05 39 26 0D 
2013/07/16 21:06:42:718 [007556] TRACE [Prb.cpp, 835] - RxStream contents:01 00 0C C6 06 33 00 01 F0 E5 30 0D 
2013/07/16 21:06:42:719 [007556] TRACE [Prb.cpp, 943] - RadioBoardPacket(ACK):01 00 0C C6 06 33 00 01 F0 E5 30 0D 
2013/07/16 21:06:42:719 [003672] DEBUG [Prb.cpp, 603] - Read CC1020 completed, Address=0x0005, Data=0xF0
2013/07/16 21:06:42:720 [003672] TRACE [Prb.cpp, 584] - Reading CC1020, Address=0x0006
2013/07/16 21:06:42:720 [003672] TRACE [Prb.cpp, 1035] - ReadCC1020Packet(0x06):01 00 0C 34 84 00 02 00 06 51 2A 0D 
2013/07/16 21:06:42:720 [007556] TRACE [Prb.cpp, 835] - RxStream contents:01 00 0C C7 06 34 00 01 21 F3 D6 0D 
2013/07/16 21:06:42:721 [007556] TRACE [Prb.cpp, 943] - RadioBoardPacket(ACK):01 00 0C C7 06 34 00 01 21 F3 D6 0D 
2013/07/16 21:06:42:722 [003672] DEBUG [Prb.cpp, 603] - Read CC1020 completed, Address=0x0006, Data=0x21
2013/07/16 21:06:42:722 [003672] TRACE [Prb.cpp, 584] - Reading CC1020, Address=0x0008
2013/07/16 21:06:42:723 [003672] TRACE [Prb.cpp, 1035] - ReadCC1020Packet(0x08):01 00 0C 35 84 00 02 00 08 29 0E 0D 
2013/07/16 21:06:42:723 [007556] TRACE [Prb.cpp, 835] - RxStream contents:01 00 0C C8 06 35 00 01 35 4F A2 0D 
2013/07/16 21:06:42:724 [007556] TRACE [Prb.cpp, 943] - RadioBoardPacket(ACK):01 00 0C C8 06 35 00 01 35 4F A2 0D 
2013/07/16 21:06:42:725 [003672] DEBUG [Prb.cpp, 603] - Read CC1020 completed, Address=0x0008, Data=0x35
2013/07/16 21:06:42:725 [003672] TRACE [Prb.cpp, 584] - Reading CC1020, Address=0x0009
2013/07/16 21:06:42:726 [003672] TRACE [Prb.cpp, 1035] - ReadCC1020Packet(0x09):01 00 0C 36 84 00 02 00 09 21 0B 0D 
2013/07/16 21:06:42:726 [007556] TRACE [Prb.cpp, 835] - RxStream contents:01 00 0C C9 06 36 00 01 FA 89 03 0D 
2013/07/16 21:06:42:727 [007556] TRACE [Prb.cpp, 943] - RadioBoardPacket(ACK):01 00 0C C9 06 36 00 01 FA 89 03 0D 
2013/07/16 21:06:42:727 [003672] DEBUG [Prb.cpp, 603] - Read CC1020 completed, Address=0x0009, Data=0xFA
2013/07/16 21:06:42:728 [003672] TRACE [Prb.cpp, 584] - Reading CC1020, Address=0x000A
2013/07/16 21:06:42:728 [003672] TRACE [Prb.cpp, 1035] - ReadCC1020Packet(0x0A):01 00 0C 37 84 00 02 00 0A D9 02 0D 
2013/07/16 21:06:42:728 [007556] TRACE [Prb.cpp, 835] - RxStream contents:01 00 0C CA 06 37 00 01 CB 15 A5 0D 
2013/07/16 21:06:42:729 [007556] TRACE [Prb.cpp, 943] - RadioBoardPacket(ACK):01 00 0C CA 06 37 00 01 CB 15 A5 0D 
2013/07/16 21:06:42:730 [003672] DEBUG [Prb.cpp, 603] - Read CC1020 completed, Address=0x000A, Data=0xCB
2013/07/16 21:06:42:730 [003672] TRACE [Prb.cpp, 584] - Reading CC1020, Address=0x000F
2013/07/16 21:06:42:731 [003672] TRACE [Prb.cpp, 1035] - ReadCC1020Packet(0x0F):01 00 0C 38 84 00 02 00 0F F1 13 0D 
2013/07/16 21:06:42:731 [007556] TRACE [Prb.cpp, 835] - RxStream contents:01 00 0C CB 06 38 00 01 DF 21 DE 0D 
2013/07/16 21:06:42:732 [007556] TRACE [Prb.cpp, 943] - RadioBoardPacket(ACK):01 00 0C CB 06 38 00 01 DF 21 DE 0D 
2013/07/16 21:06:42:732 [003672] DEBUG [Prb.cpp, 603] - Read CC1020 completed, Address=0x000F, Data=0xDF
2013/07/16 21:06:42:733 [003672] TRACE [Prb.cpp, 584] - Reading CC1020, Address=0x0010
2013/07/16 21:06:42:733 [003672] TRACE [Prb.cpp, 1035] - ReadCC1020Packet(0x10):01 00 0C 39 84 00 02 00 10 89 51 0D 
2013/07/16 21:06:42:733 [007556] TRACE [Prb.cpp, 835] - RxStream contents:01 00 0C CC 06 39 00 01 80 DC 19 0D 
2013/07/16 21:06:42:734 [007556] TRACE [Prb.cpp, 943] - RadioBoardPacket(ACK):01 00 0C CC 06 39 00 01 80 DC 19 0D 
2013/07/16 21:06:42:735 [003672] DEBUG [Prb.cpp, 603] - Read CC1020 completed, Address=0x0010, Data=0x80
2013/07/16 21:06:42:735 [003672] TRACE [Prb.cpp, 584] - Reading CC1020, Address=0x0013
2013/07/16 21:06:42:736 [003672] TRACE [Prb.cpp, 1035] - ReadCC1020Packet(0x13):01 00 0C 3A 84 00 02 00 13 01 5B 0D 
2013/07/16 21:06:42:736 [007556] TRACE [Prb.cpp, 835] - RxStream contents:01 00 0C CD 06 3A 00 01 33 9B B3 0D 
2013/07/16 21:06:42:737 [007556] TRACE [Prb.cpp, 943] - RadioBoardPacket(ACK):01 00 0C CD 06 3A 00 01 33 9B B3 0D 
2013/07/16 21:06:42:737 [003672] DEBUG [Prb.cpp, 603] - Read CC1020 completed, Address=0x0013, Data=0x33
2013/07/16 21:06:42:738 [003672] TRACE [Prb.cpp, 584] - Reading CC1020, Address=0x0014
2013/07/16 21:06:42:738 [003672] TRACE [Prb.cpp, 1035] - ReadCC1020Packet(0x14):01 00 0C 3B 84 00 02 00 14 79 49 0D 
2013/07/16 21:06:42:738 [007556] TRACE [Prb.cpp, 835] - RxStream contents:01 00 0C CE 06 3B 00 01 3D 07 97 0D 
2013/07/16 21:06:42:739 [007556] TRACE [Prb.cpp, 943] - RadioBoardPacket(ACK):01 00 0C CE 06 3B 00 01 3D 07 97 0D 
2013/07/16 21:06:42:740 [003672] DEBUG [Prb.cpp, 603] - Read CC1020 completed, Address=0x0014, Data=0x3D
2013/07/16 21:06:42:740 [003672] TRACE [Prb.cpp, 584] - Reading CC1020, Address=0x0043
2013/07/16 21:06:42:741 [003672] TRACE [Prb.cpp, 1035] - ReadCC1020Packet(0x43):01 00 0C 3C 84 00 02 00 43 90 BE 0D 
2013/07/16 21:06:42:741 [007556] TRACE [Prb.cpp, 835] - RxStream contents:01 00 0C CF 06 3C 00 01 00 93 1A 0D 
2013/07/16 21:06:42:742 [007556] TRACE [Prb.cpp, 943] - RadioBoardPacket(ACK):01 00 0C CF 06 3C 00 01 00 93 1A 0D 
2013/07/16 21:06:42:742 [003672] DEBUG [Prb.cpp, 603] - Read CC1020 completed, Address=0x0043, Data=0x00
2013/07/16 21:06:42:743 [003672] DEBUG [ComSysDiagnostics.cpp, 63] - CC1020 [Scan complete] FREQ_2A: 0x35 FREQ_1A: 0xf0 FREQ_0A: 0x21
2013/07/16 21:06:42:743 [003672] DEBUG [ComSysDiagnostics.cpp, 67] - CC1020 [Scan complete] FREQ_2B: 0x35 FREQ_1B: 0xfa FREQ_0B: 0xcb
2013/07/16 21:06:42:744 [003672] DEBUG [ComSysDiagnostics.cpp, 72] - CC1020 [Scan complete] AFC_CONTROL: 0xdf FILTER: 0x80 VGA3: 0x33 VGA4: 0x3d AFC: 0x00
2013/07/16 21:06:42:744 [003672] INFO [CommunicationSystemStates.cpp, 173] - Found 1 valid ids during the scan operation.
2013/07/16 21:06:42:747 [003672] INFO [CommunicationSystemStates.cpp, 190] - Id: 0x801c0094.
2013/07/16 21:06:42:748 [003672] INFO [CommunicationSystemStates.cpp, 198] - Found 0 invalid ids during the scan operation.
2013/07/16 21:06:42:751 [005636] INFO [CommunicationSystemStates.cpp, 130] - Scan requested. Preamble Burst Duration: 2 seconds. Preamble Burst Data Rate: 0.
2013/07/16 21:06:42:752 [005636] TRACE [Prb.cpp, 448] - Writing FPGA, Address=0x1002, Data=0x02
2013/07/16 21:06:42:753 [005636] TRACE [Prb.cpp, 1035] - WriteFPGAPacket(0x1002, 0x02):01 00 0D 3D 81 00 03 10 02 02 A7 3A 0D 
2013/07/16 21:06:42:753 [007556] TRACE [Prb.cpp, 835] - RxStream contents:01 00 0B D0 06 3D 00 00 96 AD 0D 
2013/07/16 21:06:42:754 [007556] TRACE [Prb.cpp, 943] - RadioBoardPacket(ACK):01 00 0B D0 06 3D 00 00 96 AD 0D 
2013/07/16 21:06:42:754 [005636] DEBUG [Prb.cpp, 466] - Write FPGA completed, Address=0x1002, Data=0x02
2013/07/16 21:06:42:755 [005636] TRACE [Prb.cpp, 493] - Reading FPGA, Address=0x1004
2013/07/16 21:06:42:755 [005636] TRACE [Prb.cpp, 1035] - ReadFPGAPacket(0x1004):01 00 0C 3E 82 00 02 10 04 00 3C 0D 
2013/07/16 21:06:42:755 [007556] TRACE [Prb.cpp, 835] - RxStream contents:01 00 0C D1 06 3E 00 01 08 EB 34 0D 
2013/07/16 21:06:42:756 [007556] TRACE [Prb.cpp, 943] - RadioBoardPacket(ACK):01 00 0C D1 06 3E 00 01 08 EB 34 0D 
2013/07/16 21:06:42:757 [005636] DEBUG [Prb.cpp, 512] - Read FPGA completed, Address=0x1004, Data=0x08
2013/07/16 21:06:42:757 [005636] TRACE [Prb.cpp, 448] - Writing FPGA, Address=0x1004, Data=0x00
2013/07/16 21:06:42:758 [005636] TRACE [Prb.cpp, 1035] - WriteFPGAPacket(0x1004, 0x00):01 00 0D 3F 81 00 03 10 04 00 B1 16 0D 
2013/07/16 21:06:42:758 [007556] TRACE [Prb.cpp, 835] - RxStream contents:01 00 0B D2 06 3F 00 00 96 75 0D 
2013/07/16 21:06:42:759 [007556] TRACE [Prb.cpp, 943] - RadioBoardPacket(ACK):01 00 0B D2 06 3F 00 00 96 75 0D 
2013/07/16 21:06:42:759 [005636] DEBUG [Prb.cpp, 466] - Write FPGA completed, Address=0x1004, Data=0x00
2013/07/16 21:06:42:760 [005636] TRACE [Prb.cpp, 448] - Writing FPGA, Address=0x1008, Data=0x02
2013/07/16 21:06:42:760 [005636] TRACE [Prb.cpp, 1035] - WriteFPGAPacket(0x1008, 0x02):01 00 0D 40 81 00 03 10 08 02 E1 EA 0D 
2013/07/16 21:06:42:760 [007556] TRACE [Prb.cpp, 835] - RxStream contents:01 00 0B D3 06 40 00 00 90 01 0D 
2013/07/16 21:06:42:761 [007556] TRACE [Prb.cpp, 943] - RadioBoardPacket(ACK):01 00 0B D3 06 40 00 00 90 01 0D 
2013/07/16 21:06:42:762 [005636] DEBUG [Prb.cpp, 466] - Write FPGA completed, Address=0x1008, Data=0x02
2013/07/16 21:06:46:870 [003672] INFO [CommunicationSystemStates.cpp, 168] - Scan complete
2013/07/16 21:06:46:870 [003672] TRACE [Prb.cpp, 584] - Reading CC1020, Address=0x0004
2013/07/16 21:06:46:871 [003672] TRACE [Prb.cpp, 1035] - ReadCC1020Packet(0x04):01 00 0C 41 84 00 02 00 04 49 54 0D 
2013/07/16 21:06:46:871 [007556] TRACE [Prb.cpp, 835] - RxStream contents:01 00 0C D5 06 41 00 01 35 07 A8 0D 
2013/07/16 21:06:46:872 [007556] TRACE [Prb.cpp, 943] - RadioBoardPacket(ACK):01 00 0C D5 06 41 00 01 35 07 A8 0D 
2013/07/16 21:06:46:873 [003672] DEBUG [Prb.cpp, 603] - Read CC1020 completed, Address=0x0004, Data=0x35
2013/07/16 21:06:46:873 [003672] TRACE [Prb.cpp, 584] - Reading CC1020, Address=0x0005
2013/07/16 21:06:46:874 [003672] TRACE [Prb.cpp, 1035] - ReadCC1020Packet(0x05):01 00 0C 42 84 00 02 00 05 41 51 0D 
2013/07/16 21:06:46:874 [007556] TRACE [Prb.cpp, 835] - RxStream contents:01 00 0C D6 06 42 00 01 F0 B1 36 0D 
2013/07/16 21:06:46:875 [007556] TRACE [Prb.cpp, 943] - RadioBoardPacket(ACK):01 00 0C D6 06 42 00 01 F0 B1 36 0D 
2013/07/16 21:06:46:876 [003672] DEBUG [Prb.cpp, 603] - Read CC1020 completed, Address=0x0005, Data=0xF0
2013/07/16 21:06:46:876 [003672] TRACE [Prb.cpp, 584] - Reading CC1020, Address=0x0006
2013/07/16 21:06:46:877 [003672] TRACE [Prb.cpp, 1035] - ReadCC1020Packet(0x06):01 00 0C 43 84 00 02 00 06 B9 58 0D 
2013/07/16 21:06:46:877 [007556] TRACE [Prb.cpp, 835] - RxStream contents:01 00 0C D7 06 43 00 01 21 DF D0 0D 
2013/07/16 21:06:46:878 [007556] TRACE [Prb.cpp, 943] - RadioBoardPacket(ACK):01 00 0C D7 06 43 00 01 21 DF D0 0D 
2013/07/16 21:06:46:879 [003672] DEBUG [Prb.cpp, 603] - Read CC1020 completed, Address=0x0006, Data=0x21
2013/07/16 21:06:46:879 [003672] TRACE [Prb.cpp, 584] - Reading CC1020, Address=0x0008
2013/07/16 21:06:46:880 [003672] TRACE [Prb.cpp, 1035] - ReadCC1020Packet(0x08):01 00 0C 44 84 00 02 00 08 51 79 0D 
2013/07/16 21:06:46:880 [007556] TRACE [Prb.cpp, 835] - RxStream contents:01 00 0C D8 06 44 00 01 35 1B A4 0D 
2013/07/16 21:06:46:881 [007556] TRACE [Prb.cpp, 943] - RadioBoardPacket(ACK):01 00 0C D8 06 44 00 01 35 1B A4 0D 
2013/07/16 21:06:46:881 [003672] DEBUG [Prb.cpp, 603] - Read CC1020 completed, Address=0x0008, Data=0x35
2013/07/16 21:06:46:882 [003672] TRACE [Prb.cpp, 584] - Reading CC1020, Address=0x0009
2013/07/16 21:06:46:882 [003672] TRACE [Prb.cpp, 1035] - ReadCC1020Packet(0x09):01 00 0C 45 84 00 02 00 09 29 7F 0D 
2013/07/16 21:06:46:882 [007556] TRACE [Prb.cpp, 835] - RxStream contents:01 00 0C D9 06 45 00 01 FA 75 06 0D 
2013/07/16 21:06:46:883 [007556] TRACE [Prb.cpp, 943] - RadioBoardPacket(ACK):01 00 0C D9 06 45 00 01 FA 75 06 0D 
2013/07/16 21:06:46:884 [003672] DEBUG [Prb.cpp, 603] - Read CC1020 completed, Address=0x0009, Data=0xFA
2013/07/16 21:06:46:884 [003672] TRACE [Prb.cpp, 584] - Reading CC1020, Address=0x000A
2013/07/16 21:06:46:885 [003672] TRACE [Prb.cpp, 1035] - ReadCC1020Packet(0x0A):01 00 0C 46 84 00 02 00 0A A1 75 0D 
2013/07/16 21:06:46:885 [007556] TRACE [Prb.cpp, 835] - RxStream contents:01 00 0C DA 06 46 00 01 CB 41 A3 0D 
2013/07/16 21:06:46:886 [007556] TRACE [Prb.cpp, 943] - RadioBoardPacket(ACK):01 00 0C DA 06 46 00 01 CB 41 A3 0D 
2013/07/16 21:06:46:886 [003672] DEBUG [Prb.cpp, 603] - Read CC1020 completed, Address=0x000A, Data=0xCB
2013/07/16 21:06:46:887 [003672] TRACE [Prb.cpp, 584] - Reading CC1020, Address=0x000F
2013/07/16 21:06:46:887 [003672] TRACE [Prb.cpp, 1035] - ReadCC1020Packet(0x0F):01 00 0C 47 84 00 02 00 0F 59 68 0D 
2013/07/16 21:06:46:887 [007556] TRACE [Prb.cpp, 835] - RxStream contents:01 00 0C DB 06 47 00 01 DF 2D DB 0D 
2013/07/16 21:06:46:888 [007556] TRACE [Prb.cpp, 943] - RadioBoardPacket(ACK):01 00 0C DB 06 47 00 01 DF 2D DB 0D 
2013/07/16 21:06:46:889 [003672] DEBUG [Prb.cpp, 603] - Read CC1020 completed, Address=0x000F, Data=0xDF
2013/07/16 21:06:46:889 [003672] TRACE [Prb.cpp, 584] - Reading CC1020, Address=0x0010
2013/07/16 21:06:46:890 [003672] TRACE [Prb.cpp, 1035] - ReadCC1020Packet(0x10):01 00 0C 48 84 00 02 00 10 F1 26 0D 
2013/07/16 21:06:46:890 [007556] TRACE [Prb.cpp, 835] - RxStream contents:01 00 0C DC 06 48 00 01 80 88 1F 0D 
2013/07/16 21:06:46:891 [007556] TRACE [Prb.cpp, 943] - RadioBoardPacket(ACK):01 00 0C DC 06 48 00 01 80 88 1F 0D 
2013/07/16 21:06:46:891 [003672] DEBUG [Prb.cpp, 603] - Read CC1020 completed, Address=0x0010, Data=0x80
2013/07/16 21:06:46:892 [003672] TRACE [Prb.cpp, 584] - Reading CC1020, Address=0x0013
2013/07/16 21:06:46:892 [003672] TRACE [Prb.cpp, 1035] - ReadCC1020Packet(0x13):01 00 0C 49 84 00 02 00 13 09 2F 0D 
2013/07/16 21:06:46:892 [007556] TRACE [Prb.cpp, 835] - RxStream contents:01 00 0C DD 06 49 00 01 33 67 B6 0D 
2013/07/16 21:06:46:893 [007556] TRACE [Prb.cpp, 943] - RadioBoardPacket(ACK):01 00 0C DD 06 49 00 01 33 67 B6 0D 
2013/07/16 21:06:46:894 [003672] DEBUG [Prb.cpp, 603] - Read CC1020 completed, Address=0x0013, Data=0x33
2013/07/16 21:06:46:894 [003672] TRACE [Prb.cpp, 584] - Reading CC1020, Address=0x0014
2013/07/16 21:06:46:895 [003672] TRACE [Prb.cpp, 1035] - ReadCC1020Packet(0x14):01 00 0C 4A 84 00 02 00 14 01 3E 0D 
2013/07/16 21:06:46:895 [007556] TRACE [Prb.cpp, 835] - RxStream contents:01 00 0C DE 06 4A 00 01 3D 53 91 0D 
2013/07/16 21:06:46:896 [007556] TRACE [Prb.cpp, 943] - RadioBoardPacket(ACK):01 00 0C DE 06 4A 00 01 3D 53 91 0D 
2013/07/16 21:06:46:896 [003672] DEBUG [Prb.cpp, 603] - Read CC1020 completed, Address=0x0014, Data=0x3D
2013/07/16 21:06:46:897 [003672] TRACE [Prb.cpp, 584] - Reading CC1020, Address=0x0043
2013/07/16 21:06:46:897 [003672] TRACE [Prb.cpp, 1035] - ReadCC1020Packet(0x43):01 00 0C 4B 84 00 02 00 43 78 CC 0D 
2013/07/16 21:06:46:897 [007556] TRACE [Prb.cpp, 835] - RxStream contents:01 00 0C DF 06 4B 00 01 00 BF 1C 0D 
2013/07/16 21:06:46:898 [007556] TRACE [Prb.cpp, 943] - RadioBoardPacket(ACK):01 00 0C DF 06 4B 00 01 00 BF 1C 0D 
2013/07/16 21:06:46:899 [003672] DEBUG [Prb.cpp, 603] - Read CC1020 completed, Address=0x0043, Data=0x00
2013/07/16 21:06:46:899 [003672] DEBUG [ComSysDiagnostics.cpp, 63] - CC1020 [Scan complete] FREQ_2A: 0x35 FREQ_1A: 0xf0 FREQ_0A: 0x21
2013/07/16 21:06:46:900 [003672] DEBUG [ComSysDiagnostics.cpp, 67] - CC1020 [Scan complete] FREQ_2B: 0x35 FREQ_1B: 0xfa FREQ_0B: 0xcb
2013/07/16 21:06:46:900 [003672] DEBUG [ComSysDiagnostics.cpp, 72] - CC1020 [Scan complete] AFC_CONTROL: 0xdf FILTER: 0x80 VGA3: 0x33 VGA4: 0x3d AFC: 0x00
2013/07/16 21:06:46:901 [003672] INFO [CommunicationSystemStates.cpp, 173] - Found 1 valid ids during the scan operation.
2013/07/16 21:06:46:901 [003672] INFO [CommunicationSystemStates.cpp, 190] - Id: 0x801c0094.
2013/07/16 21:06:46:902 [003672] INFO [CommunicationSystemStates.cpp, 198] - Found 0 invalid ids during the scan operation.
2013/07/16 21:06:46:945 [006684] INFO [NCommunicationSystem.cpp, 747] - Disposing: 1
2013/07/16 21:06:46:948 [006684] INFO [CrossAppDomainEventMarshaller.cpp, 44] - Disposing: 1
2013/07/16 21:06:46:949 [006684] INFO [CrossAppDomainEventMarshaller.cpp, 155] - abortGetNextEvent called
2013/07/16 21:06:46:949 [006684] INFO [CrossAppDomainEventMarshaller.cpp, 48] - Waiting for CrossDomainEventTranslator::m_pHandleEventsThread to stop
2013/07/16 21:06:46:949 [007092] INFO [CrossAppDomainEventMarshaller.cpp, 80] - handleEventsThread exiting (thread aborted)
2013/07/16 21:06:46:950 [006684] INFO [CrossAppDomainEventMarshaller.cpp, 54] - CrossDomainEventTranslator::m_pHandleEventsThread stopped
2013/07/16 21:06:46:952 [006684] INFO [CrossAppDomainEventMarshaller.cpp, 110] - EventHandler dtor
2013/07/16 21:06:46:953 [006684] INFO [CrossAppDomainEventMarshaller.cpp, 60] - Disposed.
2013/07/16 21:06:46:953 [007556] DEBUG [Prb.cpp, 867] - Prb receive thread terminated.
2013/07/16 21:06:46:957 [003672] INFO [ExceptionCatchingThread.cpp, 170] - Exited the interrupt thread procedure with return value 0.
2013/07/16 21:06:47:055 [005636] INFO [ExceptionCatchingThread.cpp, 170] - Exited the dispatch thread procedure with return value 0.
2013/07/16 21:06:47:057 [007188] INFO [ExceptionCatchingThread.cpp, 170] - Exited the timer thread procedure with return value 0.
2013/07/16 21:06:47:160 [006684] INFO [NCommunicationSystem.cpp, 779] - Disposed.
<<<<< Log Footer: 07/16/2013 21:06:47 >>>>>
