<<<<< Log Header: 08/02/2013 14:39:17 >>>>>
2013/08/02 14:39:17:500 [008072] INFO [NCommunicationSystem.cpp, 108] - nCommunicationSystem, Version=1.8.2.1, Culture=neutral, PublicKeyToken=56b5378c99c0bcfd
2013/08/02 14:39:17:515 [008072] INFO [ExceptionCatchingThread.cpp, 257] - Created the timer thread with id 7340 (0x1cac).
2013/08/02 14:39:17:517 [007340] INFO [ExceptionCatchingThread.cpp, 168] - Executing the timer thread procedure...
2013/08/02 14:39:17:521 [008072] INFO [ExceptionCatchingThread.cpp, 257] - Created the dispatch thread with id 6180 (0x1824).
2013/08/02 14:39:17:522 [006180] INFO [ExceptionCatchingThread.cpp, 168] - Executing the dispatch thread procedure...
2013/08/02 14:39:20:523 [008072] DEBUG [Prb.cpp, 252] - PRB logging started.
2013/08/02 14:39:20:530 [008072] DEBUG [Prb.cpp, 130] - Number of FTDI devices: 1
2013/08/02 14:39:20:530 [008072] DEBUG [Prb.cpp, 158] - FTDI Device[0]: ID=67330069
2013/08/02 14:39:20:532 [008072] DEBUG [Prb.cpp, 169] - FTDI handle=165349960
2013/08/02 14:39:20:533 [008072] INFO [Prb.cpp, 179] - FTDI Driver Version 2.08.24.0
2013/08/02 14:39:20:789 [008072] INFO [Prb.cpp, 205] - FTDI Configuration: MaxCurrent=200, CBus5=21, CBus6=0x4
2013/08/02 14:39:21:040 [008072] INFO [Prb.cpp, 246] - PRB driver initialized.
2013/08/02 14:39:21:041 [008072] DEBUG [Prb.cpp, 466] - Write FPGA completed, Address=0x1008, Data=0x08
2013/08/02 14:39:21:057 [008072] DEBUG [Prb.cpp, 512] - Read FPGA completed, Address=0x300A, Data=0x00
2013/08/02 14:39:21:058 [008072] DEBUG [Prb.cpp, 466] - Write FPGA completed, Address=0x300A, Data=0x03
2013/08/02 14:39:21:071 [008072] INFO [CrossTalkDetector.cpp, 14] - EnterCrossTalkThreshold = 8
2013/08/02 14:39:21:072 [008072] INFO [CrossTalkDetector.cpp, 21] - LeaveCrossTalkThreshold = 4
2013/08/02 14:39:21:073 [008072] INFO [CrossTalkDetector.cpp, 28] - LinkThreshold = 8
2013/08/02 14:39:21:074 [008072] INFO [ExceptionCatchingThread.cpp, 257] - Created the interrupt thread with id 1168 (0x490).
2013/08/02 14:39:21:075 [008072] DEBUG [Prb.cpp, 252] - PRB logging started.
2013/08/02 14:39:21:075 [001168] INFO [ExceptionCatchingThread.cpp, 168] - Executing the interrupt thread procedure...
2013/08/02 14:39:21:076 [008072] INFO [CommunicationSystem.cpp, 640] - Calibrating the PRB CC1020.
2013/08/02 14:39:21:077 [008072] DEBUG [Prb.cpp, 466] - Write FPGA completed, Address=0x1008, Data=0x01
2013/08/02 14:39:21:160 [001168] DEBUG [CommunicationSystem.cpp, 1120] - Calibration complete.
2013/08/02 14:39:21:160 [008072] DEBUG [Prb.cpp, 512] - Read FPGA completed, Address=0x2012, Data=0x00
2013/08/02 14:39:21:161 [008072] INFO [CommunicationSystem.cpp, 653] - CC1020 Calibration succeeded.
2013/08/02 14:39:21:162 [008072] DEBUG [Prb.cpp, 466] - Write FPGA completed, Address=0x1006, Data=0x08
2013/08/02 14:39:21:163 [008072] DEBUG [Prb.cpp, 512] - Read FPGA completed, Address=0x3000, Data=0x07
2013/08/02 14:39:21:163 [008072] INFO [CommunicationSystem.cpp, 613] - FPGA Revision 7.
2013/08/02 14:39:21:164 [008072] DEBUG [Prb.cpp, 603] - Read CC1020 completed, Address=0x0004, Data=0x35
2013/08/02 14:39:21:165 [008072] INFO [CommunicationSystem.cpp, 614] - CC1020 Frequency 2A 0x35.
2013/08/02 14:39:21:166 [008072] DEBUG [Prb.cpp, 603] - Read CC1020 completed, Address=0x0005, Data=0xF0
2013/08/02 14:39:21:166 [008072] INFO [CommunicationSystem.cpp, 615] - CC1020 Frequency 1A 0xf0.
2013/08/02 14:39:21:167 [008072] DEBUG [Prb.cpp, 603] - Read CC1020 completed, Address=0x0006, Data=0x21
2013/08/02 14:39:21:168 [008072] INFO [CommunicationSystem.cpp, 616] - CC1020 Frequency 0A 0x21.
2013/08/02 14:39:21:168 [008072] DEBUG [Prb.cpp, 603] - Read CC1020 completed, Address=0x0008, Data=0x35
2013/08/02 14:39:21:169 [008072] INFO [CommunicationSystem.cpp, 617] - CC1020 Frequency 2B 0x35.
2013/08/02 14:39:21:170 [008072] DEBUG [Prb.cpp, 603] - Read CC1020 completed, Address=0x0009, Data=0xFA
2013/08/02 14:39:21:170 [008072] INFO [CommunicationSystem.cpp, 618] - CC1020 Frequency 1B 0xfa.
2013/08/02 14:39:21:171 [008072] DEBUG [Prb.cpp, 603] - Read CC1020 completed, Address=0x000A, Data=0xCB
2013/08/02 14:39:21:172 [008072] INFO [CommunicationSystem.cpp, 619] - CC1020 Frequency 0B 0xcb.
2013/08/02 14:39:21:173 [008072] DEBUG [Prb.cpp, 650] - Read EEPROM completed, Address=0x060A, Data=0x00
2013/08/02 14:39:21:173 [008072] INFO [CommunicationSystem.cpp, 620] - RSSI Calibration Reference Center Channel 0.
2013/08/02 14:39:21:174 [008072] DEBUG [Prb.cpp, 512] - Read FPGA completed, Address=0x3054, Data=0x07
2013/08/02 14:39:21:174 [008072] INFO [CommunicationSystem.cpp, 621] - CC1020 PA_POWER 0x7.
2013/08/02 14:39:21:175 [008072] DEBUG [Prb.cpp, 603] - Read CC1020 completed, Address=0x001C, Data=0x07
2013/08/02 14:39:21:176 [008072] INFO [CommunicationSystem.cpp, 622] - CC1020 Transmit Power 0x7.
2013/08/02 14:39:21:176 [008072] DEBUG [Prb.cpp, 512] - Read FPGA completed, Address=0x3014, Data=0x00
2013/08/02 14:39:21:177 [008072] INFO [CommunicationSystem.cpp, 623] - Low Noise Amplifier Circumvented 0.
2013/08/02 14:39:21:178 [008072] DEBUG [Prb.cpp, 603] - Read CC1020 completed, Address=0x0001, Data=0x0F
2013/08/02 14:39:21:178 [008072] INFO [CommunicationSystem.cpp, 624] - Low Noise Amplifier 0xf.
2013/08/02 14:39:21:179 [008072] DEBUG [Prb.cpp, 512] - Read FPGA completed, Address=0x1006, Data=0x08
2013/08/02 14:39:21:180 [008072] INFO [CommunicationSystem.cpp, 625] - Allowed Framing Errors 8.
2013/08/02 14:39:21:183 [008072] INFO [CrossTalkDetector.cpp, 28] - LinkThreshold = 8
2013/08/02 14:39:21:183 [008072] INFO [CrossTalkDetector.cpp, 14] - EnterCrossTalkThreshold = 8
2013/08/02 14:39:21:184 [008072] INFO [CrossTalkDetector.cpp, 21] - LeaveCrossTalkThreshold = 4
2013/08/02 14:39:21:193 [003172] DEBUG [Prb.cpp, 512] - Read FPGA completed, Address=0x3000, Data=0x07
2013/08/02 14:39:21:194 [003172] DEBUG [Prb.cpp, 557] - Write CC1020 completed, Address=0x001C, Data=0x07
2013/08/02 14:39:21:226 [008072] DEBUG [Prb.cpp, 512] - Read FPGA completed, Address=0x3000, Data=0x07
2013/08/02 14:39:21:234 [008072] INFO [CommunicationSystem.cpp, 640] - Calibrating the PRB CC1020.
2013/08/02 14:39:21:235 [008072] DEBUG [Prb.cpp, 466] - Write FPGA completed, Address=0x1008, Data=0x01
2013/08/02 14:39:21:320 [001168] DEBUG [CommunicationSystem.cpp, 1120] - Calibration complete.
2013/08/02 14:39:21:321 [008072] DEBUG [Prb.cpp, 512] - Read FPGA completed, Address=0x2012, Data=0x00
2013/08/02 14:39:21:321 [008072] INFO [CommunicationSystem.cpp, 653] - CC1020 Calibration succeeded.
2013/08/02 14:39:21:327 [008072] DEBUG [Prb.cpp, 603] - Read CC1020 completed, Address=0x0004, Data=0x35
2013/08/02 14:39:21:330 [008072] DEBUG [Prb.cpp, 603] - Read CC1020 completed, Address=0x0005, Data=0xF0
2013/08/02 14:39:21:331 [008072] DEBUG [Prb.cpp, 603] - Read CC1020 completed, Address=0x0006, Data=0x21
2013/08/02 14:39:21:333 [008072] DEBUG [Prb.cpp, 603] - Read CC1020 completed, Address=0x0007, Data=0x38
2013/08/02 14:39:21:334 [008072] DEBUG [Prb.cpp, 603] - Read CC1020 completed, Address=0x0008, Data=0x35
2013/08/02 14:39:21:335 [008072] DEBUG [Prb.cpp, 603] - Read CC1020 completed, Address=0x0009, Data=0xFA
2013/08/02 14:39:21:337 [008072] DEBUG [Prb.cpp, 603] - Read CC1020 completed, Address=0x000A, Data=0xCB
2013/08/02 14:39:21:338 [008072] DEBUG [Prb.cpp, 603] - Read CC1020 completed, Address=0x000B, Data=0x38
2013/08/02 14:39:21:340 [008072] DEBUG [Prb.cpp, 603] - Read CC1020 completed, Address=0x001D, Data=0x00
2013/08/02 14:39:21:341 [008072] DEBUG [Prb.cpp, 603] - Read CC1020 completed, Address=0x0045, Data=0x4C
2013/08/02 14:39:21:342 [008072] DEBUG [Prb.cpp, 603] - Read CC1020 completed, Address=0x0046, Data=0x66
2013/08/02 14:39:21:343 [008072] DEBUG [Prb.cpp, 603] - Read CC1020 completed, Address=0x0047, Data=0x44
2013/08/02 14:39:21:351 [008072] DEBUG [Prb.cpp, 512] - Read FPGA completed, Address=0x305E, Data=0x00
2013/08/02 14:39:21:352 [008072] DEBUG [Prb.cpp, 512] - Read FPGA completed, Address=0x3060, Data=0x00
2013/08/02 14:39:21:353 [008072] DEBUG [Prb.cpp, 512] - Read FPGA completed, Address=0x3062, Data=0x00
2013/08/02 14:39:21:358 [008072] DEBUG [Prb.cpp, 512] - Read FPGA completed, Address=0x3066, Data=0x00
2013/08/02 14:39:21:359 [008072] DEBUG [Prb.cpp, 512] - Read FPGA completed, Address=0x3068, Data=0x00
2013/08/02 14:39:21:360 [008072] DEBUG [Prb.cpp, 512] - Read FPGA completed, Address=0x306A, Data=0x00
2013/08/02 14:39:21:362 [008072] DEBUG [Prb.cpp, 466] - Write FPGA completed, Address=0x1026, Data=0x00
2013/08/02 14:39:21:370 [003172] DEBUG [Prb.cpp, 557] - Write CC1020 completed, Address=0x001C, Data=0x07
2013/08/02 14:39:21:372 [003172] DEBUG [Prb.cpp, 466] - Write FPGA completed, Address=0x3012, Data=0x01
2013/08/02 14:39:21:373 [003172] DEBUG [Prb.cpp, 512] - Read FPGA completed, Address=0x1004, Data=0x00
2013/08/02 14:39:21:374 [003172] DEBUG [Prb.cpp, 466] - Write FPGA completed, Address=0x1004, Data=0x00
2013/08/02 14:39:21:376 [006180] INFO [CommunicationSystemStates.cpp, 130] - Scan requested. Preamble Burst Duration: 9 seconds. Preamble Burst Data Rate: 2.
2013/08/02 14:39:21:377 [006180] DEBUG [Prb.cpp, 466] - Write FPGA completed, Address=0x1002, Data=0x09
2013/08/02 14:39:21:378 [006180] DEBUG [Prb.cpp, 512] - Read FPGA completed, Address=0x1004, Data=0x00
2013/08/02 14:39:21:378 [006180] DEBUG [Prb.cpp, 466] - Write FPGA completed, Address=0x1004, Data=0x08
2013/08/02 14:39:21:379 [006180] DEBUG [Prb.cpp, 466] - Write FPGA completed, Address=0x1008, Data=0x02
2013/08/02 14:39:32:503 [001168] INFO [CommunicationSystemStates.cpp, 168] - Scan complete
2013/08/02 14:39:32:505 [001168] DEBUG [Prb.cpp, 603] - Read CC1020 completed, Address=0x0004, Data=0x35
2013/08/02 14:39:32:506 [001168] DEBUG [Prb.cpp, 603] - Read CC1020 completed, Address=0x0005, Data=0xF0
2013/08/02 14:39:32:507 [001168] DEBUG [Prb.cpp, 603] - Read CC1020 completed, Address=0x0006, Data=0x21
2013/08/02 14:39:32:508 [001168] DEBUG [Prb.cpp, 603] - Read CC1020 completed, Address=0x0008, Data=0x35
2013/08/02 14:39:32:508 [001168] DEBUG [Prb.cpp, 603] - Read CC1020 completed, Address=0x0009, Data=0xFA
2013/08/02 14:39:32:509 [001168] DEBUG [Prb.cpp, 603] - Read CC1020 completed, Address=0x000A, Data=0xCB
2013/08/02 14:39:32:510 [001168] DEBUG [Prb.cpp, 603] - Read CC1020 completed, Address=0x000F, Data=0xDF
2013/08/02 14:39:32:510 [001168] DEBUG [Prb.cpp, 603] - Read CC1020 completed, Address=0x0010, Data=0x80
2013/08/02 14:39:32:511 [001168] DEBUG [Prb.cpp, 603] - Read CC1020 completed, Address=0x0013, Data=0x33
2013/08/02 14:39:32:512 [001168] DEBUG [Prb.cpp, 603] - Read CC1020 completed, Address=0x0014, Data=0x3D
2013/08/02 14:39:32:512 [001168] DEBUG [Prb.cpp, 603] - Read CC1020 completed, Address=0x0043, Data=0x00
2013/08/02 14:39:32:513 [001168] DEBUG [ComSysDiagnostics.cpp, 63] - CC1020 [Scan complete] FREQ_2A: 0x35 FREQ_1A: 0xf0 FREQ_0A: 0x21
2013/08/02 14:39:32:513 [001168] DEBUG [ComSysDiagnostics.cpp, 67] - CC1020 [Scan complete] FREQ_2B: 0x35 FREQ_1B: 0xfa FREQ_0B: 0xcb
2013/08/02 14:39:32:514 [001168] DEBUG [ComSysDiagnostics.cpp, 72] - CC1020 [Scan complete] AFC_CONTROL: 0xdf FILTER: 0x80 VGA3: 0x33 VGA4: 0x3d AFC: 0x00
2013/08/02 14:39:32:514 [001168] INFO [CommunicationSystemStates.cpp, 173] - Found 0 valid ids during the scan operation.
2013/08/02 14:39:32:515 [001168] INFO [CommunicationSystemStates.cpp, 198] - Found 1 invalid ids during the scan operation.
2013/08/02 14:39:32:519 [006180] INFO [CommunicationSystemStates.cpp, 130] - Scan requested. Preamble Burst Duration: 2 seconds. Preamble Burst Data Rate: 0.
2013/08/02 14:39:32:519 [006180] DEBUG [Prb.cpp, 466] - Write FPGA completed, Address=0x1002, Data=0x02
2013/08/02 14:39:32:520 [006180] DEBUG [Prb.cpp, 512] - Read FPGA completed, Address=0x1004, Data=0x08
2013/08/02 14:39:32:521 [006180] DEBUG [Prb.cpp, 466] - Write FPGA completed, Address=0x1004, Data=0x00
2013/08/02 14:39:32:522 [006180] DEBUG [Prb.cpp, 466] - Write FPGA completed, Address=0x1008, Data=0x02
2013/08/02 14:39:36:633 [001168] INFO [CommunicationSystemStates.cpp, 168] - Scan complete
2013/08/02 14:39:36:634 [001168] DEBUG [Prb.cpp, 603] - Read CC1020 completed, Address=0x0004, Data=0x35
2013/08/02 14:39:36:634 [001168] DEBUG [Prb.cpp, 603] - Read CC1020 completed, Address=0x0005, Data=0xF0
2013/08/02 14:39:36:635 [001168] DEBUG [Prb.cpp, 603] - Read CC1020 completed, Address=0x0006, Data=0x21
2013/08/02 14:39:36:636 [001168] DEBUG [Prb.cpp, 603] - Read CC1020 completed, Address=0x0008, Data=0x35
2013/08/02 14:39:36:637 [001168] DEBUG [Prb.cpp, 603] - Read CC1020 completed, Address=0x0009, Data=0xFA
2013/08/02 14:39:36:637 [001168] DEBUG [Prb.cpp, 603] - Read CC1020 completed, Address=0x000A, Data=0xCB
2013/08/02 14:39:36:638 [001168] DEBUG [Prb.cpp, 603] - Read CC1020 completed, Address=0x000F, Data=0xDF
2013/08/02 14:39:36:639 [001168] DEBUG [Prb.cpp, 603] - Read CC1020 completed, Address=0x0010, Data=0x80
2013/08/02 14:39:36:639 [001168] DEBUG [Prb.cpp, 603] - Read CC1020 completed, Address=0x0013, Data=0x33
2013/08/02 14:39:36:640 [001168] DEBUG [Prb.cpp, 603] - Read CC1020 completed, Address=0x0014, Data=0x3D
2013/08/02 14:39:36:641 [001168] DEBUG [Prb.cpp, 603] - Read CC1020 completed, Address=0x0043, Data=0x00
2013/08/02 14:39:36:641 [001168] DEBUG [ComSysDiagnostics.cpp, 63] - CC1020 [Scan complete] FREQ_2A: 0x35 FREQ_1A: 0xf0 FREQ_0A: 0x21
2013/08/02 14:39:36:642 [001168] DEBUG [ComSysDiagnostics.cpp, 67] - CC1020 [Scan complete] FREQ_2B: 0x35 FREQ_1B: 0xfa FREQ_0B: 0xcb
2013/08/02 14:39:36:642 [001168] DEBUG [ComSysDiagnostics.cpp, 72] - CC1020 [Scan complete] AFC_CONTROL: 0xdf FILTER: 0x80 VGA3: 0x33 VGA4: 0x3d AFC: 0x00
2013/08/02 14:39:36:643 [001168] INFO [CommunicationSystemStates.cpp, 173] - Found 1 valid ids during the scan operation.
2013/08/02 14:39:36:645 [001168] INFO [CommunicationSystemStates.cpp, 190] - Id: 0x801c0094.
2013/08/02 14:39:36:646 [001168] INFO [CommunicationSystemStates.cpp, 198] - Found 0 invalid ids during the scan operation.
2013/08/02 14:39:36:664 [003172] DEBUG [Prb.cpp, 512] - Read FPGA completed, Address=0x1004, Data=0x00
2013/08/02 14:39:36:665 [003172] DEBUG [Prb.cpp, 466] - Write FPGA completed, Address=0x1004, Data=0x00
2013/08/02 14:39:36:666 [006180] INFO [CrossTalkDetectorStates.cpp, 98] - LinkTimeout = 4523 ms
2013/08/02 14:39:36:667 [006180] INFO [CrossTalkDetector.cpp, 68] - CrossTalkDetector state changing from IdleState to LinkingState
2013/08/02 14:39:36:668 [006180] INFO [CommunicationSystemStates.cpp, 147] - Link requested. Id: 0x801c0094. Preamble Burst Duration: 2 seconds. Preamble Burst Data Rate: 0.
2013/08/02 14:39:36:670 [006180] DEBUG [ComSysDiagnostics.cpp, 95] - Resetting FPGA Frame Error Counter
2013/08/02 14:39:36:671 [006180] DEBUG [Prb.cpp, 466] - Write FPGA completed, Address=0x301C, Data=0x00
2013/08/02 14:39:36:672 [006180] DEBUG [Prb.cpp, 466] - Write FPGA completed, Address=0x2000, Data=0x80
2013/08/02 14:39:36:672 [006180] DEBUG [Prb.cpp, 466] - Write FPGA completed, Address=0x2002, Data=0x1C
2013/08/02 14:39:36:673 [006180] DEBUG [Prb.cpp, 466] - Write FPGA completed, Address=0x2004, Data=0x00
2013/08/02 14:39:36:674 [006180] DEBUG [Prb.cpp, 466] - Write FPGA completed, Address=0x2006, Data=0x94
2013/08/02 14:39:36:675 [006180] DEBUG [Prb.cpp, 466] - Write FPGA completed, Address=0x1002, Data=0x02
2013/08/02 14:39:36:676 [006180] DEBUG [Prb.cpp, 512] - Read FPGA completed, Address=0x1004, Data=0x00
2013/08/02 14:39:36:676 [006180] DEBUG [Prb.cpp, 466] - Write FPGA completed, Address=0x1004, Data=0x00
2013/08/02 14:39:36:677 [006180] DEBUG [Prb.cpp, 466] - Write FPGA completed, Address=0x1008, Data=0x04
2013/08/02 14:39:39:291 [001168] INFO [CrossTalkDetectorStates.cpp, 174] - Invalid frame while linking
2013/08/02 14:39:39:292 [001168] DEBUG [Prb.cpp, 512] - Read FPGA completed, Address=0x3018, Data=0x3B
2013/08/02 14:39:39:293 [001168] DEBUG [Prb.cpp, 512] - Read FPGA completed, Address=0x301A, Data=0x01
2013/08/02 14:39:39:294 [001168] DEBUG [Prb.cpp, 512] - Read FPGA completed, Address=0x3070, Data=0xFF
2013/08/02 14:39:39:295 [001168] DEBUG [ComSysDiagnostics.cpp, 31] - FPGA RSSI/AFC [Linking(invalid frame)] linkedRSSI:59 linkedAFC:1 AFC:255
2013/08/02 14:39:39:305 [001168] DEBUG [Prb.cpp, 512] - Read FPGA completed, Address=0x3018, Data=0x3F
2013/08/02 14:39:39:306 [001168] DEBUG [Prb.cpp, 512] - Read FPGA completed, Address=0x301A, Data=0x01
2013/08/02 14:39:39:307 [001168] DEBUG [Prb.cpp, 512] - Read FPGA completed, Address=0x3070, Data=0xFF
2013/08/02 14:39:39:307 [001168] DEBUG [ComSysDiagnostics.cpp, 31] - FPGA RSSI/AFC [Linking(valid frame)] linkedRSSI:63 linkedAFC:1 AFC:255
2013/08/02 14:39:39:323 [001168] DEBUG [Prb.cpp, 512] - Read FPGA completed, Address=0x3018, Data=0x3A
2013/08/02 14:39:39:324 [001168] DEBUG [Prb.cpp, 512] - Read FPGA completed, Address=0x301A, Data=0x00
2013/08/02 14:39:39:325 [001168] DEBUG [Prb.cpp, 512] - Read FPGA completed, Address=0x3070, Data=0x00
2013/08/02 14:39:39:325 [001168] DEBUG [ComSysDiagnostics.cpp, 31] - FPGA RSSI/AFC [Linking(valid frame)] linkedRSSI:58 linkedAFC:0 AFC:0
2013/08/02 14:39:39:336 [001168] DEBUG [Prb.cpp, 512] - Read FPGA completed, Address=0x3018, Data=0x3A
2013/08/02 14:39:39:336 [001168] DEBUG [Prb.cpp, 512] - Read FPGA completed, Address=0x301A, Data=0x01
2013/08/02 14:39:39:337 [001168] DEBUG [Prb.cpp, 512] - Read FPGA completed, Address=0x3070, Data=0x00
2013/08/02 14:39:39:338 [001168] DEBUG [ComSysDiagnostics.cpp, 31] - FPGA RSSI/AFC [Linking(valid frame)] linkedRSSI:58 linkedAFC:1 AFC:0
2013/08/02 14:39:39:353 [001168] DEBUG [Prb.cpp, 512] - Read FPGA completed, Address=0x3018, Data=0x3F
2013/08/02 14:39:39:354 [001168] DEBUG [Prb.cpp, 512] - Read FPGA completed, Address=0x301A, Data=0x00
2013/08/02 14:39:39:355 [001168] DEBUG [Prb.cpp, 512] - Read FPGA completed, Address=0x3070, Data=0x00
2013/08/02 14:39:39:355 [001168] DEBUG [ComSysDiagnostics.cpp, 31] - FPGA RSSI/AFC [Linking(valid frame)] linkedRSSI:63 linkedAFC:0 AFC:0
2013/08/02 14:39:39:366 [001168] DEBUG [Prb.cpp, 512] - Read FPGA completed, Address=0x3018, Data=0x3F
2013/08/02 14:39:39:367 [001168] DEBUG [Prb.cpp, 512] - Read FPGA completed, Address=0x301A, Data=0xFF
2013/08/02 14:39:39:368 [001168] DEBUG [Prb.cpp, 512] - Read FPGA completed, Address=0x3070, Data=0x00
2013/08/02 14:39:39:368 [001168] DEBUG [ComSysDiagnostics.cpp, 31] - FPGA RSSI/AFC [Linking(valid frame)] linkedRSSI:63 linkedAFC:255 AFC:0
2013/08/02 14:39:39:384 [001168] DEBUG [Prb.cpp, 512] - Read FPGA completed, Address=0x3018, Data=0x3D
2013/08/02 14:39:39:385 [001168] DEBUG [Prb.cpp, 512] - Read FPGA completed, Address=0x301A, Data=0xFF
2013/08/02 14:39:39:385 [001168] DEBUG [Prb.cpp, 512] - Read FPGA completed, Address=0x3070, Data=0x00
2013/08/02 14:39:39:386 [001168] DEBUG [ComSysDiagnostics.cpp, 31] - FPGA RSSI/AFC [Linking(valid frame)] linkedRSSI:61 linkedAFC:255 AFC:0
2013/08/02 14:39:39:401 [001168] DEBUG [Prb.cpp, 512] - Read FPGA completed, Address=0x3018, Data=0x3E
2013/08/02 14:39:39:402 [001168] DEBUG [Prb.cpp, 512] - Read FPGA completed, Address=0x301A, Data=0x00
2013/08/02 14:39:39:403 [001168] DEBUG [Prb.cpp, 512] - Read FPGA completed, Address=0x3070, Data=0xFF
2013/08/02 14:39:39:403 [001168] DEBUG [ComSysDiagnostics.cpp, 31] - FPGA RSSI/AFC [Linking(valid frame)] linkedRSSI:62 linkedAFC:0 AFC:255
2013/08/02 14:39:39:414 [001168] DEBUG [Prb.cpp, 512] - Read FPGA completed, Address=0x3018, Data=0x3F
2013/08/02 14:39:39:415 [001168] DEBUG [Prb.cpp, 512] - Read FPGA completed, Address=0x301A, Data=0xFF
2013/08/02 14:39:39:416 [001168] DEBUG [Prb.cpp, 512] - Read FPGA completed, Address=0x3070, Data=0x00
2013/08/02 14:39:39:416 [001168] DEBUG [ComSysDiagnostics.cpp, 31] - FPGA RSSI/AFC [Linking(valid frame)] linkedRSSI:63 linkedAFC:255 AFC:0
2013/08/02 14:39:39:443 [001168] DEBUG [Prb.cpp, 603] - Read CC1020 completed, Address=0x0004, Data=0x35
2013/08/02 14:39:39:458 [001168] DEBUG [Prb.cpp, 603] - Read CC1020 completed, Address=0x0005, Data=0xEF
2013/08/02 14:39:39:474 [001168] DEBUG [Prb.cpp, 603] - Read CC1020 completed, Address=0x0006, Data=0xB3
2013/08/02 14:39:39:490 [001168] DEBUG [Prb.cpp, 603] - Read CC1020 completed, Address=0x0008, Data=0x35
2013/08/02 14:39:39:505 [001168] DEBUG [Prb.cpp, 603] - Read CC1020 completed, Address=0x0009, Data=0xFA
2013/08/02 14:39:39:521 [001168] DEBUG [Prb.cpp, 603] - Read CC1020 completed, Address=0x000A, Data=0x5D
2013/08/02 14:39:39:537 [001168] DEBUG [Prb.cpp, 603] - Read CC1020 completed, Address=0x000F, Data=0xDF
2013/08/02 14:39:39:552 [001168] DEBUG [Prb.cpp, 603] - Read CC1020 completed, Address=0x0010, Data=0x22
2013/08/02 14:39:39:568 [001168] DEBUG [Prb.cpp, 603] - Read CC1020 completed, Address=0x0013, Data=0x2F
2013/08/02 14:39:39:584 [001168] DEBUG [Prb.cpp, 603] - Read CC1020 completed, Address=0x0014, Data=0x2F
2013/08/02 14:39:39:599 [001168] DEBUG [Prb.cpp, 603] - Read CC1020 completed, Address=0x0043, Data=0x00
2013/08/02 14:39:39:600 [001168] DEBUG [ComSysDiagnostics.cpp, 63] - CC1020 [Link complete] FREQ_2A: 0x35 FREQ_1A: 0xef FREQ_0A: 0xb3
2013/08/02 14:39:39:601 [001168] DEBUG [ComSysDiagnostics.cpp, 67] - CC1020 [Link complete] FREQ_2B: 0x35 FREQ_1B: 0xfa FREQ_0B: 0x5d
2013/08/02 14:39:39:601 [001168] DEBUG [ComSysDiagnostics.cpp, 72] - CC1020 [Link complete] AFC_CONTROL: 0xdf FILTER: 0x22 VGA3: 0x2f VGA4: 0x2f AFC: 0x00
2013/08/02 14:39:39:602 [001168] DEBUG [Prb.cpp, 512] - Read FPGA completed, Address=0x3018, Data=0x3C
2013/08/02 14:39:39:603 [001168] DEBUG [Prb.cpp, 512] - Read FPGA completed, Address=0x301A, Data=0x00
2013/08/02 14:39:39:604 [001168] DEBUG [Prb.cpp, 512] - Read FPGA completed, Address=0x3070, Data=0x00
2013/08/02 14:39:39:604 [001168] DEBUG [ComSysDiagnostics.cpp, 31] - FPGA RSSI/AFC [Link complete] linkedRSSI:60 linkedAFC:0 AFC:0
2013/08/02 14:39:39:605 [001168] INFO [ComSysDiagnostics.cpp, 79] - Status Counters [Link complete] FrameErrorsInLastSecond:1 EcgErrorsInLastSecond:0 MarkerOrImplantIdErrorsInLastSecond:0 TotalFrameErrors:1 TotalEcgErrors:0 TotalMarkerOrImplantIdErrors:0 TotalSentCommands:0 TotalGoodResponses:0 TotalBadResponses:0 TotalResponseTimeouts:0
2013/08/02 14:39:39:607 [001168] DEBUG [Prb.cpp, 512] - Read FPGA completed, Address=0x301C, Data=0x01
2013/08/02 14:39:39:607 [001168] DEBUG [ComSysDiagnostics.cpp, 89] - FPGA Frame Error Counter [Link complete]:1
2013/08/02 14:39:39:608 [001168] INFO [CrossTalkDetector.cpp, 68] - CrossTalkDetector state changing from LinkingState to LinkedState
2013/08/02 14:39:39:609 [001168] INFO [CommunicationSystemStates.cpp, 221] - Link complete.
2013/08/02 14:39:39:619 [006180] INFO 0x801C0094 [CommunicationSystemStateMachine.cpp, 237] - Command: 0x82. Retries: 3. Timeout: 78 ms.
2013/08/02 14:39:39:622 [006180] INFO 0x801C0094 [CommunicationSystemStateMachine.cpp, 252] - Send Command:82 04 F5 6C 17 08 
2013/08/02 14:39:39:623 [006180] DEBUG 0x801C0094 [Prb.cpp, 512] - Read FPGA completed, Address=0x3018, Data=0x3A
2013/08/02 14:39:39:624 [006180] DEBUG 0x801C0094 [Prb.cpp, 512] - Read FPGA completed, Address=0x301A, Data=0x00
2013/08/02 14:39:39:625 [006180] DEBUG 0x801C0094 [Prb.cpp, 512] - Read FPGA completed, Address=0x3070, Data=0x00
2013/08/02 14:39:39:626 [006180] DEBUG 0x801C0094 [ComSysDiagnostics.cpp, 31] - FPGA RSSI/AFC [Send Command] linkedRSSI:58 linkedAFC:0 AFC:0
2013/08/02 14:39:39:627 [006180] DEBUG 0x801C0094 [Prb.cpp, 402] - Send Command completed, Command=0x82
2013/08/02 14:39:39:672 [001168] INFO 0x801C0094 [CommunicationSystemStateMachine.cpp, 773] - Command Completed:82 B0 E6 9C A3 FE FF 98 
2013/08/02 14:39:39:673 [001168] DEBUG 0x801C0094 [CommunicationSystemStateMachine.cpp, 330] - ... after 14 frames.
2013/08/02 14:39:39:686 [006180] INFO 0x801C0094 [CommunicationSystemStateMachine.cpp, 237] - Command: 0x60. Retries: 3. Timeout: 500 ms.
2013/08/02 14:39:39:686 [006180] INFO 0x801C0094 [CommunicationSystemStateMachine.cpp, 252] - Send Command:70 04 00 1E C0 
2013/08/02 14:39:39:687 [006180] DEBUG 0x801C0094 [Prb.cpp, 512] - Read FPGA completed, Address=0x3018, Data=0x3B
2013/08/02 14:39:39:688 [006180] DEBUG 0x801C0094 [Prb.cpp, 512] - Read FPGA completed, Address=0x301A, Data=0x01
2013/08/02 14:39:39:689 [006180] DEBUG 0x801C0094 [Prb.cpp, 512] - Read FPGA completed, Address=0x3070, Data=0x00
2013/08/02 14:39:39:690 [006180] DEBUG 0x801C0094 [ComSysDiagnostics.cpp, 31] - FPGA RSSI/AFC [Send Command] linkedRSSI:59 linkedAFC:1 AFC:0
2013/08/02 14:39:39:691 [006180] DEBUG 0x801C0094 [Prb.cpp, 402] - Send Command completed, Command=0x70
2013/08/02 14:39:39:711 [001168] INFO 0x801C0094 [CommunicationSystemStateMachine.cpp, 773] - Command Completed:70 82 80 1C 00 94 3E 73 
2013/08/02 14:39:39:711 [001168] DEBUG 0x801C0094 [CommunicationSystemStateMachine.cpp, 330] - ... after 1 frames.
2013/08/02 14:39:39:712 [001168] INFO 0x801C0094 [CommunicationSystem.cpp, 360] - Marker:9D 00 40 C2 B3 
2013/08/02 14:39:39:719 [006180] INFO 0x801C0094 [CommunicationSystemStateMachine.cpp, 237] - Command: 0x60. Retries: 3. Timeout: 500 ms.
2013/08/02 14:39:39:719 [006180] INFO 0x801C0094 [CommunicationSystemStateMachine.cpp, 252] - Send Command:60 04 00 9F 83 
2013/08/02 14:39:39:720 [006180] DEBUG 0x801C0094 [Prb.cpp, 512] - Read FPGA completed, Address=0x3018, Data=0x40
2013/08/02 14:39:39:721 [006180] DEBUG 0x801C0094 [Prb.cpp, 512] - Read FPGA completed, Address=0x301A, Data=0x00
2013/08/02 14:39:39:722 [006180] DEBUG 0x801C0094 [Prb.cpp, 512] - Read FPGA completed, Address=0x3070, Data=0x00
2013/08/02 14:39:39:722 [006180] DEBUG 0x801C0094 [ComSysDiagnostics.cpp, 31] - FPGA RSSI/AFC [Send Command] linkedRSSI:64 linkedAFC:0 AFC:0
2013/08/02 14:39:39:723 [006180] DEBUG 0x801C0094 [Prb.cpp, 402] - Send Command completed, Command=0x60
2013/08/02 14:39:39:744 [001168] INFO 0x801C0094 [CommunicationSystemStateMachine.cpp, 773] - Command Completed:60 82 80 1C 00 94 BE 61 
2013/08/02 14:39:39:744 [001168] DEBUG 0x801C0094 [CommunicationSystemStateMachine.cpp, 330] - ... after 1 frames.
2013/08/02 14:39:39:747 [006180] INFO 0x801C0094 [CommunicationSystemStateMachine.cpp, 237] - Command: 0x82. Retries: 3. Timeout: 78 ms.
2013/08/02 14:39:39:748 [006180] INFO 0x801C0094 [CommunicationSystemStateMachine.cpp, 252] - Send Command:92 04 F5 6C 57 0E 
2013/08/02 14:39:39:749 [006180] DEBUG 0x801C0094 [Prb.cpp, 512] - Read FPGA completed, Address=0x3018, Data=0x40
2013/08/02 14:39:39:749 [006180] DEBUG 0x801C0094 [Prb.cpp, 512] - Read FPGA completed, Address=0x301A, Data=0x01
2013/08/02 14:39:39:750 [006180] DEBUG 0x801C0094 [Prb.cpp, 512] - Read FPGA completed, Address=0x3070, Data=0x00
2013/08/02 14:39:39:750 [006180] DEBUG 0x801C0094 [ComSysDiagnostics.cpp, 31] - FPGA RSSI/AFC [Send Command] linkedRSSI:64 linkedAFC:1 AFC:0
2013/08/02 14:39:39:751 [006180] DEBUG 0x801C0094 [Prb.cpp, 402] - Send Command completed, Command=0x92
2013/08/02 14:39:39:790 [001168] INFO 0x801C0094 [CommunicationSystemStateMachine.cpp, 773] - Command Completed:92 B0 E6 9C A3 FE 7F 8A 
2013/08/02 14:39:39:790 [001168] DEBUG 0x801C0094 [CommunicationSystemStateMachine.cpp, 330] - ... after 2 frames.
2013/08/02 14:39:39:791 [006180] INFO 0x801C0094 [CommunicationSystemStateMachine.cpp, 237] - Command: 0x60. Retries: 3. Timeout: 500 ms.
2013/08/02 14:39:39:792 [006180] INFO 0x801C0094 [CommunicationSystemStateMachine.cpp, 252] - Send Command:60 04 00 9F 83 
2013/08/02 14:39:39:792 [006180] DEBUG 0x801C0094 [Prb.cpp, 512] - Read FPGA completed, Address=0x3018, Data=0x3B
2013/08/02 14:39:39:793 [006180] DEBUG 0x801C0094 [Prb.cpp, 512] - Read FPGA completed, Address=0x301A, Data=0x01
2013/08/02 14:39:39:794 [006180] DEBUG 0x801C0094 [Prb.cpp, 512] - Read FPGA completed, Address=0x3070, Data=0x00
2013/08/02 14:39:39:794 [006180] DEBUG 0x801C0094 [ComSysDiagnostics.cpp, 31] - FPGA RSSI/AFC [Send Command] linkedRSSI:59 linkedAFC:1 AFC:0
2013/08/02 14:39:39:795 [006180] DEBUG 0x801C0094 [Prb.cpp, 402] - Send Command completed, Command=0x60
2013/08/02 14:39:39:821 [001168] INFO 0x801C0094 [CommunicationSystemStateMachine.cpp, 773] - Command Completed:60 92 80 1C 00 94 39 E2 
2013/08/02 14:39:39:821 [001168] DEBUG 0x801C0094 [CommunicationSystemStateMachine.cpp, 330] - ... after 1 frames.
2013/08/02 14:39:39:823 [006180] INFO 0x801C0094 [CommunicationSystemStateMachine.cpp, 237] - Command: 0x82. Retries: 3. Timeout: 78 ms.
2013/08/02 14:39:39:824 [006180] INFO 0x801C0094 [CommunicationSystemStateMachine.cpp, 252] - Send Command:92 04 F5 6C 57 0E 
2013/08/02 14:39:39:825 [006180] DEBUG 0x801C0094 [Prb.cpp, 512] - Read FPGA completed, Address=0x3018, Data=0x3B
2013/08/02 14:39:39:826 [006180] DEBUG 0x801C0094 [Prb.cpp, 512] - Read FPGA completed, Address=0x301A, Data=0x02
2013/08/02 14:39:39:826 [006180] DEBUG 0x801C0094 [Prb.cpp, 512] - Read FPGA completed, Address=0x3070, Data=0x00
2013/08/02 14:39:39:827 [006180] DEBUG 0x801C0094 [ComSysDiagnostics.cpp, 31] - FPGA RSSI/AFC [Send Command] linkedRSSI:59 linkedAFC:2 AFC:0
2013/08/02 14:39:39:828 [006180] DEBUG 0x801C0094 [Prb.cpp, 402] - Send Command completed, Command=0x92
2013/08/02 14:39:39:867 [001168] INFO 0x801C0094 [CommunicationSystemStateMachine.cpp, 773] - Command Completed:92 B0 E6 9C A3 FE 7F 8A 
2013/08/02 14:39:39:867 [001168] DEBUG 0x801C0094 [CommunicationSystemStateMachine.cpp, 330] - ... after 2 frames.
2013/08/02 14:39:39:869 [006180] INFO 0x801C0094 [CommunicationSystemStateMachine.cpp, 237] - Command: 0x60. Retries: 3. Timeout: 500 ms.
2013/08/02 14:39:39:870 [006180] INFO 0x801C0094 [CommunicationSystemStateMachine.cpp, 252] - Send Command:60 04 00 9F 83 
2013/08/02 14:39:39:870 [006180] DEBUG 0x801C0094 [Prb.cpp, 512] - Read FPGA completed, Address=0x3018, Data=0x3C
2013/08/02 14:39:39:871 [006180] DEBUG 0x801C0094 [Prb.cpp, 512] - Read FPGA completed, Address=0x301A, Data=0x00
2013/08/02 14:39:39:872 [006180] DEBUG 0x801C0094 [Prb.cpp, 512] - Read FPGA completed, Address=0x3070, Data=0x00
2013/08/02 14:39:39:873 [006180] DEBUG 0x801C0094 [ComSysDiagnostics.cpp, 31] - FPGA RSSI/AFC [Send Command] linkedRSSI:60 linkedAFC:0 AFC:0
2013/08/02 14:39:39:873 [006180] DEBUG 0x801C0094 [Prb.cpp, 402] - Send Command completed, Command=0x60
2013/08/02 14:39:39:898 [001168] INFO 0x801C0094 [CommunicationSystemStateMachine.cpp, 773] - Command Completed:60 92 80 1C 00 94 39 E2 
2013/08/02 14:39:39:898 [001168] DEBUG 0x801C0094 [CommunicationSystemStateMachine.cpp, 330] - ... after 1 frames.
2013/08/02 14:39:39:901 [006180] INFO 0x801C0094 [CommunicationSystemStateMachine.cpp, 237] - Command: 0x82. Retries: 3. Timeout: 78 ms.
2013/08/02 14:39:39:901 [006180] INFO 0x801C0094 [CommunicationSystemStateMachine.cpp, 252] - Send Command:92 04 F5 6C 57 0E 
2013/08/02 14:39:39:902 [006180] DEBUG 0x801C0094 [Prb.cpp, 512] - Read FPGA completed, Address=0x3018, Data=0x3E
2013/08/02 14:39:39:903 [006180] DEBUG 0x801C0094 [Prb.cpp, 512] - Read FPGA completed, Address=0x301A, Data=0x00
2013/08/02 14:39:39:903 [006180] DEBUG 0x801C0094 [Prb.cpp, 512] - Read FPGA completed, Address=0x3070, Data=0x00
2013/08/02 14:39:39:904 [006180] DEBUG 0x801C0094 [ComSysDiagnostics.cpp, 31] - FPGA RSSI/AFC [Send Command] linkedRSSI:62 linkedAFC:0 AFC:0
2013/08/02 14:39:39:905 [006180] DEBUG 0x801C0094 [Prb.cpp, 402] - Send Command completed, Command=0x92
2013/08/02 14:39:39:949 [001168] INFO 0x801C0094 [CommunicationSystemStateMachine.cpp, 773] - Command Completed:92 B0 E6 9C A3 FE 7F 8A 
2013/08/02 14:39:39:949 [001168] DEBUG 0x801C0094 [CommunicationSystemStateMachine.cpp, 330] - ... after 2 frames.
2013/08/02 14:39:39:950 [006180] INFO 0x801C0094 [CommunicationSystemStateMachine.cpp, 237] - Command: 0x60. Retries: 3. Timeout: 500 ms.
2013/08/02 14:39:39:951 [006180] INFO 0x801C0094 [CommunicationSystemStateMachine.cpp, 252] - Send Command:60 04 00 9F 83 
2013/08/02 14:39:39:952 [006180] DEBUG 0x801C0094 [Prb.cpp, 512] - Read FPGA completed, Address=0x3018, Data=0x3F
2013/08/02 14:39:39:952 [006180] DEBUG 0x801C0094 [Prb.cpp, 512] - Read FPGA completed, Address=0x301A, Data=0x00
2013/08/02 14:39:39:953 [006180] DEBUG 0x801C0094 [Prb.cpp, 512] - Read FPGA completed, Address=0x3070, Data=0xFF
2013/08/02 14:39:39:954 [006180] DEBUG 0x801C0094 [ComSysDiagnostics.cpp, 31] - FPGA RSSI/AFC [Send Command] linkedRSSI:63 linkedAFC:0 AFC:255
2013/08/02 14:39:39:954 [006180] DEBUG 0x801C0094 [Prb.cpp, 402] - Send Command completed, Command=0x60
2013/08/02 14:39:39:980 [001168] INFO 0x801C0094 [CommunicationSystemStateMachine.cpp, 773] - Command Completed:60 92 80 1C 00 94 39 E2 
2013/08/02 14:39:39:980 [001168] DEBUG 0x801C0094 [CommunicationSystemStateMachine.cpp, 330] - ... after 1 frames.
2013/08/02 14:39:39:991 [006180] INFO 0x801C0094 [CommunicationSystemStateMachine.cpp, 237] - Command: 0x81. Retries: 3. Timeout: 109 ms.
2013/08/02 14:39:39:992 [006180] INFO 0x801C0094 [CommunicationSystemStateMachine.cpp, 252] - Send Command:91 00 F1 C0 07 B7 32 
2013/08/02 14:39:39:993 [006180] DEBUG 0x801C0094 [Prb.cpp, 512] - Read FPGA completed, Address=0x3018, Data=0x3F
2013/08/02 14:39:39:994 [006180] DEBUG 0x801C0094 [Prb.cpp, 512] - Read FPGA completed, Address=0x301A, Data=0x00
2013/08/02 14:39:39:995 [006180] DEBUG 0x801C0094 [Prb.cpp, 512] - Read FPGA completed, Address=0x3070, Data=0x00
2013/08/02 14:39:39:995 [006180] DEBUG 0x801C0094 [ComSysDiagnostics.cpp, 31] - FPGA RSSI/AFC [Send Command] linkedRSSI:63 linkedAFC:0 AFC:0
2013/08/02 14:39:39:996 [006180] DEBUG 0x801C0094 [Prb.cpp, 402] - Send Command completed, Command=0x91
2013/08/02 14:39:40:042 [001168] INFO 0x801C0094 [CommunicationSystemStateMachine.cpp, 773] - Command Completed:91 83 65 
2013/08/02 14:39:40:042 [001168] DEBUG 0x801C0094 [CommunicationSystemStateMachine.cpp, 330] - ... after 3 frames.
2013/08/02 14:39:40:044 [006180] INFO 0x801C0094 [CommunicationSystemStateMachine.cpp, 237] - Command: 0x60. Retries: 3. Timeout: 500 ms.
2013/08/02 14:39:40:045 [006180] INFO 0x801C0094 [CommunicationSystemStateMachine.cpp, 252] - Send Command:60 04 00 9F 83 
2013/08/02 14:39:40:046 [006180] DEBUG 0x801C0094 [Prb.cpp, 512] - Read FPGA completed, Address=0x3018, Data=0x3F
2013/08/02 14:39:40:047 [006180] DEBUG 0x801C0094 [Prb.cpp, 512] - Read FPGA completed, Address=0x301A, Data=0xFF
2013/08/02 14:39:40:048 [006180] DEBUG 0x801C0094 [Prb.cpp, 512] - Read FPGA completed, Address=0x3070, Data=0xFF
2013/08/02 14:39:40:048 [006180] DEBUG 0x801C0094 [ComSysDiagnostics.cpp, 31] - FPGA RSSI/AFC [Send Command] linkedRSSI:63 linkedAFC:255 AFC:255
2013/08/02 14:39:40:049 [006180] DEBUG 0x801C0094 [Prb.cpp, 402] - Send Command completed, Command=0x60
2013/08/02 14:39:40:073 [001168] INFO 0x801C0094 [CommunicationSystemStateMachine.cpp, 773] - Command Completed:60 91 80 1C 00 94 39 6A 
2013/08/02 14:39:40:073 [001168] DEBUG 0x801C0094 [CommunicationSystemStateMachine.cpp, 330] - ... after 1 frames.
2013/08/02 14:39:40:076 [006180] INFO 0x801C0094 [CommunicationSystemStateMachine.cpp, 237] - Command: 0x81. Retries: 3. Timeout: 109 ms.
2013/08/02 14:39:40:077 [006180] INFO 0x801C0094 [CommunicationSystemStateMachine.cpp, 252] - Send Command:91 00 F1 C0 07 B7 32 
2013/08/02 14:39:40:077 [006180] DEBUG 0x801C0094 [Prb.cpp, 512] - Read FPGA completed, Address=0x3018, Data=0x3F
2013/08/02 14:39:40:078 [006180] DEBUG 0x801C0094 [Prb.cpp, 512] - Read FPGA completed, Address=0x301A, Data=0xFF
2013/08/02 14:39:40:079 [006180] DEBUG 0x801C0094 [Prb.cpp, 512] - Read FPGA completed, Address=0x3070, Data=0x00
2013/08/02 14:39:40:079 [006180] DEBUG 0x801C0094 [ComSysDiagnostics.cpp, 31] - FPGA RSSI/AFC [Send Command] linkedRSSI:63 linkedAFC:255 AFC:0
2013/08/02 14:39:40:080 [006180] DEBUG 0x801C0094 [Prb.cpp, 402] - Send Command completed, Command=0x91
2013/08/02 14:39:40:119 [001168] INFO 0x801C0094 [CommunicationSystemStateMachine.cpp, 773] - Command Completed:91 83 65 
2013/08/02 14:39:40:119 [001168] DEBUG 0x801C0094 [CommunicationSystemStateMachine.cpp, 330] - ... after 2 frames.
2013/08/02 14:39:40:120 [006180] INFO 0x801C0094 [CommunicationSystemStateMachine.cpp, 237] - Command: 0x60. Retries: 3. Timeout: 500 ms.
2013/08/02 14:39:40:121 [006180] INFO 0x801C0094 [CommunicationSystemStateMachine.cpp, 252] - Send Command:60 04 00 9F 83 
2013/08/02 14:39:40:122 [006180] DEBUG 0x801C0094 [Prb.cpp, 512] - Read FPGA completed, Address=0x3018, Data=0x3C
2013/08/02 14:39:40:123 [006180] DEBUG 0x801C0094 [Prb.cpp, 512] - Read FPGA completed, Address=0x301A, Data=0xFE
2013/08/02 14:39:40:124 [006180] DEBUG 0x801C0094 [Prb.cpp, 512] - Read FPGA completed, Address=0x3070, Data=0x00
2013/08/02 14:39:40:124 [006180] DEBUG 0x801C0094 [ComSysDiagnostics.cpp, 31] - FPGA RSSI/AFC [Send Command] linkedRSSI:60 linkedAFC:254 AFC:0
2013/08/02 14:39:40:125 [006180] DEBUG 0x801C0094 [Prb.cpp, 402] - Send Command completed, Command=0x60
2013/08/02 14:39:40:150 [001168] INFO 0x801C0094 [CommunicationSystemStateMachine.cpp, 773] - Command Completed:60 91 80 1C 00 94 39 6A 
2013/08/02 14:39:40:150 [001168] DEBUG 0x801C0094 [CommunicationSystemStateMachine.cpp, 330] - ... after 1 frames.
2013/08/02 14:39:40:153 [006180] INFO 0x801C0094 [CommunicationSystemStateMachine.cpp, 237] - Command: 0x81. Retries: 3. Timeout: 109 ms.
2013/08/02 14:39:40:153 [006180] INFO 0x801C0094 [CommunicationSystemStateMachine.cpp, 252] - Send Command:91 00 F1 C0 07 B7 32 
2013/08/02 14:39:40:154 [006180] DEBUG 0x801C0094 [Prb.cpp, 512] - Read FPGA completed, Address=0x3018, Data=0x3F
2013/08/02 14:39:40:155 [006180] DEBUG 0x801C0094 [Prb.cpp, 512] - Read FPGA completed, Address=0x301A, Data=0x00
2013/08/02 14:39:40:155 [006180] DEBUG 0x801C0094 [Prb.cpp, 512] - Read FPGA completed, Address=0x3070, Data=0x00
2013/08/02 14:39:40:156 [006180] DEBUG 0x801C0094 [ComSysDiagnostics.cpp, 31] - FPGA RSSI/AFC [Send Command] linkedRSSI:63 linkedAFC:0 AFC:0
2013/08/02 14:39:40:157 [006180] DEBUG 0x801C0094 [Prb.cpp, 402] - Send Command completed, Command=0x91
2013/08/02 14:39:40:196 [001168] INFO 0x801C0094 [CommunicationSystemStateMachine.cpp, 773] - Command Completed:91 83 65 
2013/08/02 14:39:40:196 [001168] DEBUG 0x801C0094 [CommunicationSystemStateMachine.cpp, 330] - ... after 2 frames.
2013/08/02 14:39:40:197 [006180] INFO 0x801C0094 [CommunicationSystemStateMachine.cpp, 237] - Command: 0x60. Retries: 3. Timeout: 500 ms.
2013/08/02 14:39:40:198 [006180] INFO 0x801C0094 [CommunicationSystemStateMachine.cpp, 252] - Send Command:60 04 00 9F 83 
2013/08/02 14:39:40:199 [006180] DEBUG 0x801C0094 [Prb.cpp, 512] - Read FPGA completed, Address=0x3018, Data=0x3F
2013/08/02 14:39:40:200 [006180] DEBUG 0x801C0094 [Prb.cpp, 512] - Read FPGA completed, Address=0x301A, Data=0x00
2013/08/02 14:39:40:200 [006180] DEBUG 0x801C0094 [Prb.cpp, 512] - Read FPGA completed, Address=0x3070, Data=0x00
2013/08/02 14:39:40:201 [006180] DEBUG 0x801C0094 [ComSysDiagnostics.cpp, 31] - FPGA RSSI/AFC [Send Command] linkedRSSI:63 linkedAFC:0 AFC:0
2013/08/02 14:39:40:202 [006180] DEBUG 0x801C0094 [Prb.cpp, 402] - Send Command completed, Command=0x60
2013/08/02 14:39:40:227 [001168] INFO 0x801C0094 [CommunicationSystemStateMachine.cpp, 773] - Command Completed:60 91 80 1C 00 94 39 6A 
2013/08/02 14:39:40:227 [001168] DEBUG 0x801C0094 [CommunicationSystemStateMachine.cpp, 330] - ... after 1 frames.
2013/08/02 14:39:40:230 [006180] INFO 0x801C0094 [CommunicationSystemStateMachine.cpp, 237] - Command: 0x82. Retries: 3. Timeout: 78 ms.
2013/08/02 14:39:40:230 [006180] INFO 0x801C0094 [CommunicationSystemStateMachine.cpp, 252] - Send Command:92 04 F5 6C 57 0E 
2013/08/02 14:39:40:231 [006180] DEBUG 0x801C0094 [Prb.cpp, 512] - Read FPGA completed, Address=0x3018, Data=0x39
2013/08/02 14:39:40:231 [006180] DEBUG 0x801C0094 [Prb.cpp, 512] - Read FPGA completed, Address=0x301A, Data=0x00
2013/08/02 14:39:40:232 [006180] DEBUG 0x801C0094 [Prb.cpp, 512] - Read FPGA completed, Address=0x3070, Data=0x00
2013/08/02 14:39:40:233 [006180] DEBUG 0x801C0094 [ComSysDiagnostics.cpp, 31] - FPGA RSSI/AFC [Send Command] linkedRSSI:57 linkedAFC:0 AFC:0
2013/08/02 14:39:40:233 [006180] DEBUG 0x801C0094 [Prb.cpp, 402] - Send Command completed, Command=0x92
2013/08/02 14:39:40:273 [001168] INFO 0x801C0094 [CommunicationSystemStateMachine.cpp, 773] - Command Completed:92 B0 E6 9C A3 FE 7F 8A 
2013/08/02 14:39:40:273 [001168] DEBUG 0x801C0094 [CommunicationSystemStateMachine.cpp, 330] - ... after 2 frames.
2013/08/02 14:39:40:275 [006180] INFO 0x801C0094 [CommunicationSystemStateMachine.cpp, 237] - Command: 0x60. Retries: 3. Timeout: 500 ms.
2013/08/02 14:39:40:276 [006180] INFO 0x801C0094 [CommunicationSystemStateMachine.cpp, 252] - Send Command:60 04 00 9F 83 
2013/08/02 14:39:40:277 [006180] DEBUG 0x801C0094 [Prb.cpp, 512] - Read FPGA completed, Address=0x3018, Data=0x3F
2013/08/02 14:39:40:277 [006180] DEBUG 0x801C0094 [Prb.cpp, 512] - Read FPGA completed, Address=0x301A, Data=0xFF
2013/08/02 14:39:40:278 [006180] DEBUG 0x801C0094 [Prb.cpp, 512] - Read FPGA completed, Address=0x3070, Data=0x00
2013/08/02 14:39:40:279 [006180] DEBUG 0x801C0094 [ComSysDiagnostics.cpp, 31] - FPGA RSSI/AFC [Send Command] linkedRSSI:63 linkedAFC:255 AFC:0
2013/08/02 14:39:40:279 [006180] DEBUG 0x801C0094 [Prb.cpp, 402] - Send Command completed, Command=0x60
2013/08/02 14:39:40:309 [001168] INFO 0x801C0094 [CommunicationSystemStateMachine.cpp, 773] - Command Completed:60 92 80 1C 00 94 39 E2 
2013/08/02 14:39:40:309 [001168] DEBUG 0x801C0094 [CommunicationSystemStateMachine.cpp, 330] - ... after 1 frames.
2013/08/02 14:39:40:313 [006180] INFO 0x801C0094 [CommunicationSystemStateMachine.cpp, 237] - Command: 0x82. Retries: 0. Timeout: 78 ms.
2013/08/02 14:39:40:314 [006180] INFO 0x801C0094 [CommunicationSystemStateMachine.cpp, 252] - Send Command:92 04 F5 6C 57 0E 
2013/08/02 14:39:40:314 [006180] DEBUG 0x801C0094 [Prb.cpp, 512] - Read FPGA completed, Address=0x3018, Data=0x3B
2013/08/02 14:39:40:315 [006180] DEBUG 0x801C0094 [Prb.cpp, 512] - Read FPGA completed, Address=0x301A, Data=0x00
2013/08/02 14:39:40:316 [006180] DEBUG 0x801C0094 [Prb.cpp, 512] - Read FPGA completed, Address=0x3070, Data=0xFF
2013/08/02 14:39:40:316 [006180] DEBUG 0x801C0094 [ComSysDiagnostics.cpp, 31] - FPGA RSSI/AFC [Send Command] linkedRSSI:59 linkedAFC:0 AFC:255
2013/08/02 14:39:40:317 [006180] DEBUG 0x801C0094 [Prb.cpp, 402] - Send Command completed, Command=0x92
2013/08/02 14:39:40:355 [001168] INFO 0x801C0094 [CommunicationSystemStateMachine.cpp, 773] - Command Completed:92 B0 E6 9C A3 FE 7F 8A 
2013/08/02 14:39:40:355 [001168] DEBUG 0x801C0094 [CommunicationSystemStateMachine.cpp, 330] - ... after 2 frames.
2013/08/02 14:39:40:356 [006180] INFO 0x801C0094 [CommunicationSystemStateMachine.cpp, 237] - Command: 0x82. Retries: 0. Timeout: 78 ms.
2013/08/02 14:39:40:357 [006180] INFO 0x801C0094 [CommunicationSystemStateMachine.cpp, 252] - Send Command:82 04 F5 6C 17 08 
2013/08/02 14:39:40:357 [006180] DEBUG 0x801C0094 [Prb.cpp, 512] - Read FPGA completed, Address=0x3018, Data=0x3D
2013/08/02 14:39:40:358 [006180] DEBUG 0x801C0094 [Prb.cpp, 512] - Read FPGA completed, Address=0x301A, Data=0x00
2013/08/02 14:39:40:359 [006180] DEBUG 0x801C0094 [Prb.cpp, 512] - Read FPGA completed, Address=0x3070, Data=0x00
2013/08/02 14:39:40:359 [006180] DEBUG 0x801C0094 [ComSysDiagnostics.cpp, 31] - FPGA RSSI/AFC [Send Command] linkedRSSI:61 linkedAFC:0 AFC:0
2013/08/02 14:39:40:360 [006180] DEBUG 0x801C0094 [Prb.cpp, 402] - Send Command completed, Command=0x82
2013/08/02 14:39:40:401 [001168] INFO 0x801C0094 [CommunicationSystemStateMachine.cpp, 773] - Command Completed:82 B0 E6 9C A3 FE FF 98 
2013/08/02 14:39:40:401 [001168] DEBUG 0x801C0094 [CommunicationSystemStateMachine.cpp, 330] - ... after 2 frames.
2013/08/02 14:39:40:403 [006180] INFO 0x801C0094 [CommunicationSystemStateMachine.cpp, 237] - Command: 0x82. Retries: 0. Timeout: 78 ms.
2013/08/02 14:39:40:403 [006180] INFO 0x801C0094 [CommunicationSystemStateMachine.cpp, 252] - Send Command:92 04 F5 6C 57 0E 
2013/08/02 14:39:40:404 [006180] DEBUG 0x801C0094 [Prb.cpp, 512] - Read FPGA completed, Address=0x3018, Data=0x3E
2013/08/02 14:39:40:405 [006180] DEBUG 0x801C0094 [Prb.cpp, 512] - Read FPGA completed, Address=0x301A, Data=0x00
2013/08/02 14:39:40:406 [006180] DEBUG 0x801C0094 [Prb.cpp, 512] - Read FPGA completed, Address=0x3070, Data=0x00
2013/08/02 14:39:40:406 [006180] DEBUG 0x801C0094 [ComSysDiagnostics.cpp, 31] - FPGA RSSI/AFC [Send Command] linkedRSSI:62 linkedAFC:0 AFC:0
2013/08/02 14:39:40:407 [006180] DEBUG 0x801C0094 [Prb.cpp, 402] - Send Command completed, Command=0x92
2013/08/02 14:39:40:447 [001168] INFO 0x801C0094 [CommunicationSystemStateMachine.cpp, 773] - Command Completed:92 B0 E6 9C A3 FE 7F 8A 
2013/08/02 14:39:40:447 [001168] DEBUG 0x801C0094 [CommunicationSystemStateMachine.cpp, 330] - ... after 2 frames.
2013/08/02 14:39:40:453 [006180] INFO 0x801C0094 [CommunicationSystemStateMachine.cpp, 237] - Command: 0x82. Retries: 3. Timeout: 78 ms.
2013/08/02 14:39:40:453 [006180] INFO 0x801C0094 [CommunicationSystemStateMachine.cpp, 252] - Send Command:82 05 F5 6C 97 1F 
2013/08/02 14:39:40:454 [006180] DEBUG 0x801C0094 [Prb.cpp, 512] - Read FPGA completed, Address=0x3018, Data=0x3F
2013/08/02 14:39:40:455 [006180] DEBUG 0x801C0094 [Prb.cpp, 512] - Read FPGA completed, Address=0x301A, Data=0x00
2013/08/02 14:39:40:456 [006180] DEBUG 0x801C0094 [Prb.cpp, 512] - Read FPGA completed, Address=0x3070, Data=0x00
2013/08/02 14:39:40:457 [006180] DEBUG 0x801C0094 [ComSysDiagnostics.cpp, 31] - FPGA RSSI/AFC [Send Command] linkedRSSI:63 linkedAFC:0 AFC:0
2013/08/02 14:39:40:457 [006180] DEBUG 0x801C0094 [Prb.cpp, 402] - Send Command completed, Command=0x82
2013/08/02 14:39:40:493 [001168] INFO 0x801C0094 [CommunicationSystemStateMachine.cpp, 773] - Command Completed:82 B0 40 2C 3F 02 28 6B 68 
2013/08/02 14:39:40:493 [001168] DEBUG 0x801C0094 [CommunicationSystemStateMachine.cpp, 330] - ... after 2 frames.
2013/08/02 14:39:40:530 [006180] INFO 0x801C0094 [CommunicationSystemStateMachine.cpp, 237] - Command: 0xe4. Retries: 3. Timeout: 500 ms.
2013/08/02 14:39:40:531 [006180] INFO 0x801C0094 [CommunicationSystemStateMachine.cpp, 252] - Send Command:F4 82 3B 
2013/08/02 14:39:40:532 [006180] DEBUG 0x801C0094 [Prb.cpp, 512] - Read FPGA completed, Address=0x3018, Data=0x3D
2013/08/02 14:39:40:532 [006180] DEBUG 0x801C0094 [Prb.cpp, 512] - Read FPGA completed, Address=0x301A, Data=0x00
2013/08/02 14:39:40:533 [006180] DEBUG 0x801C0094 [Prb.cpp, 512] - Read FPGA completed, Address=0x3070, Data=0x00
2013/08/02 14:39:40:534 [006180] DEBUG 0x801C0094 [ComSysDiagnostics.cpp, 31] - FPGA RSSI/AFC [Send Command] linkedRSSI:61 linkedAFC:0 AFC:0
2013/08/02 14:39:40:534 [006180] DEBUG 0x801C0094 [Prb.cpp, 402] - Send Command completed, Command=0xf4
2013/08/02 14:39:40:559 [001168] INFO 0x801C0094 [CommunicationSystem.cpp, 360] - Marker:9D 00 40 2E 39 
2013/08/02 14:39:41:027 [006180] INFO 0x801C0094 [CommunicationSystem.cpp, 780] - Number of frames received since the command was sent: 31
2013/08/02 14:39:41:028 [006180] INFO 0x801C0094 [CommunicationSystemStates.cpp, 503] - Break link failed: timer expired.
2013/08/02 14:39:41:029 [006180] INFO 0x801C0094 [ComSysDiagnostics.cpp, 79] - Status Counters [Command retry] FrameErrorsInLastSecond:0 EcgErrorsInLastSecond:0 MarkerOrImplantIdErrorsInLastSecond:0 TotalFrameErrors:1 TotalEcgErrors:0 TotalMarkerOrImplantIdErrors:0 TotalSentCommands:22 TotalGoodResponses:21 TotalBadResponses:0 TotalResponseTimeouts:1
2013/08/02 14:39:41:029 [006180] DEBUG 0x801C0094 [Prb.cpp, 512] - Read FPGA completed, Address=0x301C, Data=0x01
2013/08/02 14:39:41:030 [006180] DEBUG 0x801C0094 [ComSysDiagnostics.cpp, 89] - FPGA Frame Error Counter [Command retry]:1
2013/08/02 14:39:41:030 [006180] INFO 0x801C0094 [CommunicationSystemStateMachine.cpp, 252] - Send Command:E4 02 58 
2013/08/02 14:39:41:031 [006180] DEBUG 0x801C0094 [Prb.cpp, 512] - Read FPGA completed, Address=0x3018, Data=0x3B
2013/08/02 14:39:41:032 [006180] DEBUG 0x801C0094 [Prb.cpp, 512] - Read FPGA completed, Address=0x301A, Data=0x00
2013/08/02 14:39:41:033 [006180] DEBUG 0x801C0094 [Prb.cpp, 512] - Read FPGA completed, Address=0x3070, Data=0x00
2013/08/02 14:39:41:033 [006180] DEBUG 0x801C0094 [ComSysDiagnostics.cpp, 31] - FPGA RSSI/AFC [Send Command] linkedRSSI:59 linkedAFC:0 AFC:0
2013/08/02 14:39:41:034 [006180] DEBUG 0x801C0094 [Prb.cpp, 402] - Send Command completed, Command=0xe4
2013/08/02 14:39:41:185 [001168] INFO 0x801C0094 [ComSysDiagnostics.cpp, 79] - Status Counters [Link lost] FrameErrorsInLastSecond:8 EcgErrorsInLastSecond:0 MarkerOrImplantIdErrorsInLastSecond:0 TotalFrameErrors:9 TotalEcgErrors:0 TotalMarkerOrImplantIdErrors:0 TotalSentCommands:23 TotalGoodResponses:21 TotalBadResponses:0 TotalResponseTimeouts:1
2013/08/02 14:39:41:186 [001168] DEBUG 0x801C0094 [Prb.cpp, 512] - Read FPGA completed, Address=0x301C, Data=0x0A
2013/08/02 14:39:41:186 [001168] DEBUG 0x801C0094 [ComSysDiagnostics.cpp, 89] - FPGA Frame Error Counter [Link lost]:10
2013/08/02 14:39:41:187 [001168] INFO 0x801C0094 [CommunicationSystemStateMachine.cpp, 769] - Command Completed
2013/08/02 14:39:41:188 [001168] DEBUG 0x801C0094 [CommunicationSystemStateMachine.cpp, 330] - ... after 10 frames.
2013/08/02 14:39:41:189 [001168] DEBUG 0x801C0094 [Prb.cpp, 466] - Write FPGA completed, Address=0x1008, Data=0x08
2013/08/02 14:39:41:205 [001168] DEBUG 0x801C0094 [Prb.cpp, 512] - Read FPGA completed, Address=0x300A, Data=0x00
2013/08/02 14:39:41:206 [001168] DEBUG 0x801C0094 [Prb.cpp, 466] - Write FPGA completed, Address=0x300A, Data=0x03
2013/08/02 14:39:41:351 [008072] INFO [NCommunicationSystem.cpp, 747] - Disposing: 1
2013/08/02 14:39:41:354 [008072] INFO [CrossAppDomainEventMarshaller.cpp, 44] - Disposing: 1
2013/08/02 14:39:41:355 [008072] INFO [CrossAppDomainEventMarshaller.cpp, 155] - abortGetNextEvent called
2013/08/02 14:39:41:355 [008072] INFO [CrossAppDomainEventMarshaller.cpp, 48] - Waiting for CrossDomainEventTranslator::m_pHandleEventsThread to stop
2013/08/02 14:39:41:355 [007084] INFO [CrossAppDomainEventMarshaller.cpp, 80] - handleEventsThread exiting (thread aborted)
2013/08/02 14:39:41:357 [008072] INFO [CrossAppDomainEventMarshaller.cpp, 54] - CrossDomainEventTranslator::m_pHandleEventsThread stopped
2013/08/02 14:39:41:358 [008072] INFO [CrossAppDomainEventMarshaller.cpp, 110] - EventHandler dtor
2013/08/02 14:39:41:359 [008072] INFO [CrossAppDomainEventMarshaller.cpp, 60] - Disposed.
2013/08/02 14:39:41:359 [004504] DEBUG [Prb.cpp, 867] - Prb receive thread terminated.
2013/08/02 14:39:41:361 [001168] INFO [ExceptionCatchingThread.cpp, 170] - Exited the interrupt thread procedure with return value 0.
2013/08/02 14:39:41:461 [006180] INFO [ExceptionCatchingThread.cpp, 170] - Exited the dispatch thread procedure with return value 0.
2013/08/02 14:39:41:463 [007340] INFO [ExceptionCatchingThread.cpp, 170] - Exited the timer thread procedure with return value 0.
2013/08/02 14:39:41:566 [008072] INFO [NCommunicationSystem.cpp, 779] - Disposed.
<<<<< Log Footer: 08/02/2013 14:39:41 >>>>>
