<<<<< Log Header: 07/17/2013 23:46:57 >>>>>
2013/07/17 23:46:57:638 [006228] INFO [NCommunicationSystem.cpp, 108] - nCommunicationSystem, Version=1.8.2.1, Culture=neutral, PublicKeyToken=56b5378c99c0bcfd
2013/07/17 23:46:57:654 [006228] INFO [ExceptionCatchingThread.cpp, 257] - Created the timer thread with id 5888 (0x1700).
2013/07/17 23:46:57:656 [005888] INFO [ExceptionCatchingThread.cpp, 168] - Executing the timer thread procedure...
2013/07/17 23:46:57:660 [006228] INFO [ExceptionCatchingThread.cpp, 257] - Created the dispatch thread with id 6284 (0x188c).
2013/07/17 23:46:57:660 [006284] INFO [ExceptionCatchingThread.cpp, 168] - Executing the dispatch thread procedure...
2013/07/17 23:47:00:662 [006228] DEBUG [Prb.cpp, 252] - PRB logging started.
2013/07/17 23:47:00:670 [006228] DEBUG [Prb.cpp, 130] - Number of FTDI devices: 1
2013/07/17 23:47:00:670 [006228] DEBUG [Prb.cpp, 158] - FTDI Device[0]: ID=67330069
2013/07/17 23:47:00:674 [006228] DEBUG [Prb.cpp, 169] - FTDI handle=166804776
2013/07/17 23:47:00:674 [006228] INFO [Prb.cpp, 179] - FTDI Driver Version 2.08.24.0
2013/07/17 23:47:00:931 [006228] INFO [Prb.cpp, 205] - FTDI Configuration: MaxCurrent=200, CBus5=21, CBus6=0x4
2013/07/17 23:47:01:182 [006228] INFO [Prb.cpp, 246] - PRB driver initialized.
2013/07/17 23:47:01:182 [006228] TRACE [Prb.cpp, 448] - Writing FPGA, Address=0x1008, Data=0x08
2013/07/17 23:47:01:183 [006228] TRACE [Prb.cpp, 1035] - WriteFPGAPacket(0x1008, 0x08):01 00 0D 00 81 00 03 10 08 08 25 D5 0D 
2013/07/17 23:47:01:183 [006320] TRACE [Prb.cpp, 835] - RxStream contents:01 00 0B BF 06 00 00 00 06 22 0D 
2013/07/17 23:47:01:184 [006320] TRACE [Prb.cpp, 943] - RadioBoardPacket(ACK):01 00 0B BF 06 00 00 00 06 22 0D 
2013/07/17 23:47:01:184 [006228] DEBUG [Prb.cpp, 466] - Write FPGA completed, Address=0x1008, Data=0x08
2013/07/17 23:47:01:201 [006228] TRACE [Prb.cpp, 493] - Reading FPGA, Address=0x300A
2013/07/17 23:47:01:201 [006228] TRACE [Prb.cpp, 1035] - ReadFPGAPacket(0x300A):01 00 0C 01 82 00 02 30 0A E8 24 0D 
2013/07/17 23:47:01:201 [006320] TRACE [Prb.cpp, 835] - RxStream contents:01 00 0C C0 06 01 00 01 00 1F 1C 0D 
2013/07/17 23:47:01:202 [006320] TRACE [Prb.cpp, 943] - RadioBoardPacket(ACK):01 00 0C C0 06 01 00 01 00 1F 1C 0D 
2013/07/17 23:47:01:203 [006228] DEBUG [Prb.cpp, 512] - Read FPGA completed, Address=0x300A, Data=0x00
2013/07/17 23:47:01:203 [006228] TRACE [Prb.cpp, 448] - Writing FPGA, Address=0x300A, Data=0x03
2013/07/17 23:47:01:204 [006320] TRACE [Prb.cpp, 835] - RxStream contents:01 00 0B C1 06 02 00 00 92 59 0D 
2013/07/17 23:47:01:204 [006228] TRACE [Prb.cpp, 1035] - WriteFPGAPacket(0x300A, 0x03):01 00 0D 02 81 00 03 30 0A 03 29 4F 0D 
2013/07/17 23:47:01:204 [006320] TRACE [Prb.cpp, 943] - RadioBoardPacket(ACK):01 00 0B C1 06 02 00 00 92 59 0D 
2013/07/17 23:47:01:205 [006228] DEBUG [Prb.cpp, 466] - Write FPGA completed, Address=0x300A, Data=0x03
2013/07/17 23:47:01:218 [006228] INFO [CrossTalkDetector.cpp, 14] - EnterCrossTalkThreshold = 8
2013/07/17 23:47:01:219 [006228] INFO [CrossTalkDetector.cpp, 21] - LeaveCrossTalkThreshold = 4
2013/07/17 23:47:01:220 [006228] INFO [CrossTalkDetector.cpp, 28] - LinkThreshold = 8
2013/07/17 23:47:01:221 [006228] INFO [ExceptionCatchingThread.cpp, 257] - Created the interrupt thread with id 6488 (0x1958).
2013/07/17 23:47:01:222 [006228] DEBUG [Prb.cpp, 252] - PRB logging started.
2013/07/17 23:47:01:222 [006488] INFO [ExceptionCatchingThread.cpp, 168] - Executing the interrupt thread procedure...
2013/07/17 23:47:01:224 [006228] INFO [CommunicationSystem.cpp, 640] - Calibrating the PRB CC1020.
2013/07/17 23:47:01:225 [006228] TRACE [Prb.cpp, 448] - Writing FPGA, Address=0x1008, Data=0x01
2013/07/17 23:47:01:226 [006228] TRACE [Prb.cpp, 1035] - WriteFPGAPacket(0x1008, 0x01):01 00 0D 03 81 00 03 10 08 01 26 D3 0D 
2013/07/17 23:47:01:226 [006320] TRACE [Prb.cpp, 835] - RxStream contents:01 00 0B C2 06 03 00 00 12 C6 0D 
2013/07/17 23:47:01:227 [006320] TRACE [Prb.cpp, 943] - RadioBoardPacket(ACK):01 00 0B C2 06 03 00 00 12 C6 0D 
2013/07/17 23:47:01:228 [006228] DEBUG [Prb.cpp, 466] - Write FPGA completed, Address=0x1008, Data=0x01
2013/07/17 23:47:01:309 [006320] TRACE [Prb.cpp, 835] - RxStream contents:01 00 0D C3 00 00 00 02 09 00 A9 35 0D 
2013/07/17 23:47:01:312 [006488] DEBUG [CommunicationSystem.cpp, 1120] - Calibration complete.
2013/07/17 23:47:01:312 [006228] TRACE [Prb.cpp, 493] - Reading FPGA, Address=0x2012
2013/07/17 23:47:01:313 [006228] TRACE [Prb.cpp, 1035] - ReadFPGAPacket(0x2012):01 00 0C 04 82 00 02 20 12 10 72 0D 
2013/07/17 23:47:01:313 [006320] TRACE [Prb.cpp, 835] - RxStream contents:01 00 0C C4 06 04 00 01 00 BB 1A 0D 
2013/07/17 23:47:01:314 [006320] TRACE [Prb.cpp, 943] - RadioBoardPacket(ACK):01 00 0C C4 06 04 00 01 00 BB 1A 0D 
2013/07/17 23:47:01:315 [006228] DEBUG [Prb.cpp, 512] - Read FPGA completed, Address=0x2012, Data=0x00
2013/07/17 23:47:01:315 [006228] INFO [CommunicationSystem.cpp, 653] - CC1020 Calibration succeeded.
2013/07/17 23:47:01:316 [006228] TRACE [Prb.cpp, 448] - Writing FPGA, Address=0x1006, Data=0x08
2013/07/17 23:47:01:317 [006320] TRACE [Prb.cpp, 835] - RxStream contents:01 00 0B C5 06 05 00 00 93 D5 0D 
2013/07/17 23:47:01:317 [006320] TRACE [Prb.cpp, 943] - RadioBoardPacket(ACK):01 00 0B C5 06 05 00 00 93 D5 0D 
2013/07/17 23:47:01:317 [006228] TRACE [Prb.cpp, 1035] - WriteFPGAPacket(0x1006, 0x08):01 00 0D 05 81 00 03 10 06 08 84 86 0D 
2013/07/17 23:47:01:318 [006228] DEBUG [Prb.cpp, 466] - Write FPGA completed, Address=0x1006, Data=0x08
2013/07/17 23:47:01:319 [006228] TRACE [Prb.cpp, 493] - Reading FPGA, Address=0x3000
2013/07/17 23:47:01:320 [006228] TRACE [Prb.cpp, 1035] - ReadFPGAPacket(0x3000):01 00 0C 06 82 00 02 30 00 80 1E 0D 
2013/07/17 23:47:01:320 [006320] TRACE [Prb.cpp, 835] - RxStream contents:01 00 0C C6 06 06 00 01 07 E3 0B 0D 
2013/07/17 23:47:01:321 [006320] TRACE [Prb.cpp, 943] - RadioBoardPacket(ACK):01 00 0C C6 06 06 00 01 07 E3 0B 0D 
2013/07/17 23:47:01:321 [006228] DEBUG [Prb.cpp, 512] - Read FPGA completed, Address=0x3000, Data=0x07
2013/07/17 23:47:01:322 [006228] INFO [CommunicationSystem.cpp, 613] - FPGA Revision 7.
2013/07/17 23:47:01:322 [006228] TRACE [Prb.cpp, 584] - Reading CC1020, Address=0x0004
2013/07/17 23:47:01:323 [006228] TRACE [Prb.cpp, 1035] - ReadCC1020Packet(0x04):01 00 0C 07 84 00 02 00 04 59 16 0D 
2013/07/17 23:47:01:323 [006320] TRACE [Prb.cpp, 835] - RxStream contents:01 00 0C C7 06 07 00 01 35 0F A4 0D 
2013/07/17 23:47:01:324 [006320] TRACE [Prb.cpp, 943] - RadioBoardPacket(ACK):01 00 0C C7 06 07 00 01 35 0F A4 0D 
2013/07/17 23:47:01:325 [006228] DEBUG [Prb.cpp, 603] - Read CC1020 completed, Address=0x0004, Data=0x35
2013/07/17 23:47:01:325 [006228] INFO [CommunicationSystem.cpp, 614] - CC1020 Frequency 2A 0x35.
2013/07/17 23:47:01:326 [006228] TRACE [Prb.cpp, 584] - Reading CC1020, Address=0x0005
2013/07/17 23:47:01:326 [006228] TRACE [Prb.cpp, 1035] - ReadCC1020Packet(0x05):01 00 0C 08 84 00 02 00 05 F1 1C 0D 
2013/07/17 23:47:01:326 [006320] TRACE [Prb.cpp, 835] - RxStream contents:01 00 0C C8 06 08 00 01 F0 E9 35 0D 
2013/07/17 23:47:01:327 [006320] TRACE [Prb.cpp, 943] - RadioBoardPacket(ACK):01 00 0C C8 06 08 00 01 F0 E9 35 0D 
2013/07/17 23:47:01:328 [006228] DEBUG [Prb.cpp, 603] - Read CC1020 completed, Address=0x0005, Data=0xF0
2013/07/17 23:47:01:328 [006228] INFO [CommunicationSystem.cpp, 615] - CC1020 Frequency 1A 0xf0.
2013/07/17 23:47:01:329 [006228] TRACE [Prb.cpp, 584] - Reading CC1020, Address=0x0006
2013/07/17 23:47:01:330 [006228] TRACE [Prb.cpp, 1035] - ReadCC1020Packet(0x06):01 00 0C 09 84 00 02 00 06 09 15 0D 
2013/07/17 23:47:01:330 [006320] TRACE [Prb.cpp, 835] - RxStream contents:01 00 0C C9 06 09 00 01 21 87 D3 0D 
2013/07/17 23:47:01:331 [006320] TRACE [Prb.cpp, 943] - RadioBoardPacket(ACK):01 00 0C C9 06 09 00 01 21 87 D3 0D 
2013/07/17 23:47:01:331 [006228] DEBUG [Prb.cpp, 603] - Read CC1020 completed, Address=0x0006, Data=0x21
2013/07/17 23:47:01:332 [006228] INFO [CommunicationSystem.cpp, 616] - CC1020 Frequency 0A 0x21.
2013/07/17 23:47:01:332 [006228] TRACE [Prb.cpp, 584] - Reading CC1020, Address=0x0008
2013/07/17 23:47:01:333 [006228] TRACE [Prb.cpp, 1035] - ReadCC1020Packet(0x08):01 00 0C 0A 84 00 02 00 08 01 32 0D 
2013/07/17 23:47:01:333 [006320] TRACE [Prb.cpp, 835] - RxStream contents:01 00 0C CA 06 0A 00 01 35 33 AB 0D 
2013/07/17 23:47:01:334 [006320] TRACE [Prb.cpp, 943] - RadioBoardPacket(ACK):01 00 0C CA 06 0A 00 01 35 33 AB 0D 
2013/07/17 23:47:01:334 [006228] DEBUG [Prb.cpp, 603] - Read CC1020 completed, Address=0x0008, Data=0x35
2013/07/17 23:47:01:335 [006228] INFO [CommunicationSystem.cpp, 617] - CC1020 Frequency 2B 0x35.
2013/07/17 23:47:01:335 [006228] TRACE [Prb.cpp, 584] - Reading CC1020, Address=0x0009
2013/07/17 23:47:01:336 [006228] TRACE [Prb.cpp, 1035] - ReadCC1020Packet(0x09):01 00 0C 0B 84 00 02 00 09 79 34 0D 
2013/07/17 23:47:01:336 [006320] TRACE [Prb.cpp, 835] - RxStream contents:01 00 0C CB 06 0B 00 01 FA 5D 09 0D 
2013/07/17 23:47:01:337 [006320] TRACE [Prb.cpp, 943] - RadioBoardPacket(ACK):01 00 0C CB 06 0B 00 01 FA 5D 09 0D 
2013/07/17 23:47:01:337 [006228] DEBUG [Prb.cpp, 603] - Read CC1020 completed, Address=0x0009, Data=0xFA
2013/07/17 23:47:01:338 [006228] INFO [CommunicationSystem.cpp, 618] - CC1020 Frequency 1B 0xfa.
2013/07/17 23:47:01:338 [006228] TRACE [Prb.cpp, 584] - Reading CC1020, Address=0x000A
2013/07/17 23:47:01:339 [006228] TRACE [Prb.cpp, 1035] - ReadCC1020Packet(0x0A):01 00 0C 0C 84 00 02 00 0A 11 38 0D 
2013/07/17 23:47:01:339 [006320] TRACE [Prb.cpp, 835] - RxStream contents:01 00 0C CC 06 0C 00 01 CB 59 A9 0D 
2013/07/17 23:47:01:340 [006320] TRACE [Prb.cpp, 943] - RadioBoardPacket(ACK):01 00 0C CC 06 0C 00 01 CB 59 A9 0D 
2013/07/17 23:47:01:340 [006228] DEBUG [Prb.cpp, 603] - Read CC1020 completed, Address=0x000A, Data=0xCB
2013/07/17 23:47:01:341 [006228] INFO [CommunicationSystem.cpp, 619] - CC1020 Frequency 0B 0xcb.
2013/07/17 23:47:01:342 [006228] DEBUG [Prb.cpp, 650] - Read EEPROM completed, Address=0x060A, Data=0x00
2013/07/17 23:47:01:342 [006228] INFO [CommunicationSystem.cpp, 620] - RSSI Calibration Reference Center Channel 0.
2013/07/17 23:47:01:342 [006228] TRACE [Prb.cpp, 493] - Reading FPGA, Address=0x3054
2013/07/17 23:47:01:343 [006228] TRACE [Prb.cpp, 1035] - ReadFPGAPacket(0x3054):01 00 0C 0D 82 00 02 30 54 C9 EC 0D 
2013/07/17 23:47:01:343 [006320] TRACE [Prb.cpp, 835] - RxStream contents:01 00 0C CD 06 0D 00 01 07 37 01 0D 
2013/07/17 23:47:01:344 [006320] TRACE [Prb.cpp, 943] - RadioBoardPacket(ACK):01 00 0C CD 06 0D 00 01 07 37 01 0D 
2013/07/17 23:47:01:344 [006228] DEBUG [Prb.cpp, 512] - Read FPGA completed, Address=0x3054, Data=0x07
2013/07/17 23:47:01:345 [006228] INFO [CommunicationSystem.cpp, 621] - CC1020 PA_POWER 0x7.
2013/07/17 23:47:01:345 [006228] TRACE [Prb.cpp, 584] - Reading CC1020, Address=0x001C
2013/07/17 23:47:01:346 [006320] TRACE [Prb.cpp, 835] - RxStream contents:01 00 0C CE 06 0E 00 01 07 83 01 0D 
2013/07/17 23:47:01:346 [006228] TRACE [Prb.cpp, 1035] - ReadCC1020Packet(0x1C):01 00 0C 0E 84 00 02 00 1C E1 4C 0D 
2013/07/17 23:47:01:347 [006320] TRACE [Prb.cpp, 943] - RadioBoardPacket(ACK):01 00 0C CE 06 0E 00 01 07 83 01 0D 
2013/07/17 23:47:01:347 [006228] DEBUG [Prb.cpp, 603] - Read CC1020 completed, Address=0x001C, Data=0x07
2013/07/17 23:47:01:348 [006228] INFO [CommunicationSystem.cpp, 622] - CC1020 Transmit Power 0x7.
2013/07/17 23:47:01:348 [006228] TRACE [Prb.cpp, 493] - Reading FPGA, Address=0x3014
2013/07/17 23:47:01:349 [006228] TRACE [Prb.cpp, 1035] - ReadFPGAPacket(0x3014):01 00 0C 0F 82 00 02 30 14 38 6C 0D 
2013/07/17 23:47:01:349 [006320] TRACE [Prb.cpp, 835] - RxStream contents:01 00 0C CF 06 0F 00 01 00 6F 10 0D 
2013/07/17 23:47:01:350 [006320] TRACE [Prb.cpp, 943] - RadioBoardPacket(ACK):01 00 0C CF 06 0F 00 01 00 6F 10 0D 
2013/07/17 23:47:01:350 [006228] DEBUG [Prb.cpp, 512] - Read FPGA completed, Address=0x3014, Data=0x00
2013/07/17 23:47:01:351 [006228] INFO [CommunicationSystem.cpp, 623] - Low Noise Amplifier Circumvented 0.
2013/07/17 23:47:01:352 [006228] TRACE [Prb.cpp, 584] - Reading CC1020, Address=0x0001
2013/07/17 23:47:01:352 [006228] TRACE [Prb.cpp, 1035] - ReadCC1020Packet(0x01):01 00 0C 10 84 00 02 00 01 B1 1C 0D 
2013/07/17 23:47:01:352 [006320] TRACE [Prb.cpp, 835] - RxStream contents:01 00 0C D0 06 10 00 01 0F 4B 29 0D 
2013/07/17 23:47:01:353 [006320] TRACE [Prb.cpp, 943] - RadioBoardPacket(ACK):01 00 0C D0 06 10 00 01 0F 4B 29 0D 
2013/07/17 23:47:01:354 [006228] DEBUG [Prb.cpp, 603] - Read CC1020 completed, Address=0x0001, Data=0x0F
2013/07/17 23:47:01:354 [006228] INFO [CommunicationSystem.cpp, 624] - Low Noise Amplifier 0xf.
2013/07/17 23:47:01:355 [006228] TRACE [Prb.cpp, 493] - Reading FPGA, Address=0x1006
2013/07/17 23:47:01:355 [006228] TRACE [Prb.cpp, 1035] - ReadFPGAPacket(0x1006):01 00 0C 11 82 00 02 10 06 28 1D 0D 
2013/07/17 23:47:01:355 [006320] TRACE [Prb.cpp, 835] - RxStream contents:01 00 0C D1 06 11 00 01 08 A7 38 0D 
2013/07/17 23:47:01:356 [006320] TRACE [Prb.cpp, 943] - RadioBoardPacket(ACK):01 00 0C D1 06 11 00 01 08 A7 38 0D 
2013/07/17 23:47:01:357 [006228] DEBUG [Prb.cpp, 512] - Read FPGA completed, Address=0x1006, Data=0x08
2013/07/17 23:47:01:357 [006228] INFO [CommunicationSystem.cpp, 625] - Allowed Framing Errors 8.
2013/07/17 23:47:01:360 [006228] INFO [CrossTalkDetector.cpp, 28] - LinkThreshold = 8
2013/07/17 23:47:01:360 [006228] INFO [CrossTalkDetector.cpp, 14] - EnterCrossTalkThreshold = 8
2013/07/17 23:47:01:361 [006228] INFO [CrossTalkDetector.cpp, 21] - LeaveCrossTalkThreshold = 4
2013/07/17 23:47:01:370 [002024] TRACE [Prb.cpp, 493] - Reading FPGA, Address=0x3000
2013/07/17 23:47:01:371 [002024] TRACE [Prb.cpp, 1035] - ReadFPGAPacket(0x3000):01 00 0C 12 82 00 02 30 00 E0 0A 0D 
2013/07/17 23:47:01:371 [006320] TRACE [Prb.cpp, 835] - RxStream contents:01 00 0C D2 06 12 00 01 07 13 1A 0D 
2013/07/17 23:47:01:372 [006320] TRACE [Prb.cpp, 943] - RadioBoardPacket(ACK):01 00 0C D2 06 12 00 01 07 13 1A 0D 
2013/07/17 23:47:01:372 [002024] DEBUG [Prb.cpp, 512] - Read FPGA completed, Address=0x3000, Data=0x07
2013/07/17 23:47:01:373 [002024] TRACE [Prb.cpp, 539] - Writing CC1020, Address=0x001C, Data=0x07
2013/07/17 23:47:01:374 [002024] TRACE [Prb.cpp, 1035] - WriteCC1020Packet(0x1C, 0x07):01 00 0D 13 83 00 03 00 1C 07 3E 84 0D 
2013/07/17 23:47:01:374 [006320] TRACE [Prb.cpp, 835] - RxStream contents:01 00 0B D3 06 13 00 00 94 7D 0D 
2013/07/17 23:47:01:375 [006320] TRACE [Prb.cpp, 943] - RadioBoardPacket(ACK):01 00 0B D3 06 13 00 00 94 7D 0D 
2013/07/17 23:47:01:376 [002024] DEBUG [Prb.cpp, 557] - Write CC1020 completed, Address=0x001C, Data=0x07
2013/07/17 23:47:01:405 [006228] TRACE [Prb.cpp, 493] - Reading FPGA, Address=0x3000
2013/07/17 23:47:01:406 [006228] TRACE [Prb.cpp, 1035] - ReadFPGAPacket(0x3000):01 00 0C 14 82 00 02 30 00 70 0F 0D 
2013/07/17 23:47:01:406 [006320] TRACE [Prb.cpp, 835] - RxStream contents:01 00 0C D4 06 14 00 01 07 FB 1F 0D 
2013/07/17 23:47:01:407 [006320] TRACE [Prb.cpp, 943] - RadioBoardPacket(ACK):01 00 0C D4 06 14 00 01 07 FB 1F 0D 
2013/07/17 23:47:01:408 [006228] DEBUG [Prb.cpp, 512] - Read FPGA completed, Address=0x3000, Data=0x07
2013/07/17 23:47:01:416 [006228] INFO [CommunicationSystem.cpp, 640] - Calibrating the PRB CC1020.
2013/07/17 23:47:01:416 [006228] TRACE [Prb.cpp, 448] - Writing FPGA, Address=0x1008, Data=0x01
2013/07/17 23:47:01:417 [006228] TRACE [Prb.cpp, 1035] - WriteFPGAPacket(0x1008, 0x01):01 00 0D 15 81 00 03 10 08 01 B1 B0 0D 
2013/07/17 23:47:01:417 [006320] TRACE [Prb.cpp, 835] - RxStream contents:01 00 0B D5 06 15 00 00 95 15 0D 
2013/07/17 23:47:01:418 [006320] TRACE [Prb.cpp, 943] - RadioBoardPacket(ACK):01 00 0B D5 06 15 00 00 95 15 0D 
2013/07/17 23:47:01:419 [006228] DEBUG [Prb.cpp, 466] - Write FPGA completed, Address=0x1008, Data=0x01
2013/07/17 23:47:01:500 [006320] TRACE [Prb.cpp, 835] - RxStream contents:01 00 0D D6 00 00 00 02 09 00 3D 66 0D 
2013/07/17 23:47:01:502 [006488] DEBUG [CommunicationSystem.cpp, 1120] - Calibration complete.
2013/07/17 23:47:01:502 [006228] TRACE [Prb.cpp, 493] - Reading FPGA, Address=0x2012
2013/07/17 23:47:01:503 [006228] TRACE [Prb.cpp, 1035] - ReadFPGAPacket(0x2012):01 00 0C 16 82 00 02 20 12 E0 63 0D 
2013/07/17 23:47:01:503 [006320] TRACE [Prb.cpp, 835] - RxStream contents:01 00 0C D7 06 16 00 01 00 5B 0D 0D 
2013/07/17 23:47:01:504 [006320] TRACE [Prb.cpp, 943] - RadioBoardPacket(ACK):01 00 0C D7 06 16 00 01 00 5B 0D 0D 
2013/07/17 23:47:01:504 [006228] DEBUG [Prb.cpp, 512] - Read FPGA completed, Address=0x2012, Data=0x00
2013/07/17 23:47:01:505 [006228] INFO [CommunicationSystem.cpp, 653] - CC1020 Calibration succeeded.
2013/07/17 23:47:01:510 [006228] TRACE [Prb.cpp, 584] - Reading CC1020, Address=0x0004
2013/07/17 23:47:01:511 [006228] TRACE [Prb.cpp, 1035] - ReadCC1020Packet(0x04):01 00 0C 17 84 00 02 00 04 D9 04 0D 
2013/07/17 23:47:01:511 [006320] TRACE [Prb.cpp, 835] - RxStream contents:01 00 0C D8 06 17 00 01 35 E7 BF 0D 
2013/07/17 23:47:01:512 [006320] TRACE [Prb.cpp, 943] - RadioBoardPacket(ACK):01 00 0C D8 06 17 00 01 35 E7 BF 0D 
2013/07/17 23:47:01:513 [006228] DEBUG [Prb.cpp, 603] - Read CC1020 completed, Address=0x0004, Data=0x35
2013/07/17 23:47:01:516 [006228] TRACE [Prb.cpp, 584] - Reading CC1020, Address=0x0005
2013/07/17 23:47:01:517 [006228] TRACE [Prb.cpp, 1035] - ReadCC1020Packet(0x05):01 00 0C 18 84 00 02 00 05 71 0E 0D 
2013/07/17 23:47:01:517 [006320] TRACE [Prb.cpp, 835] - RxStream contents:01 00 0C D9 06 18 00 01 F0 D1 22 0D 
2013/07/17 23:47:01:518 [006320] TRACE [Prb.cpp, 943] - RadioBoardPacket(ACK):01 00 0C D9 06 18 00 01 F0 D1 22 0D 
2013/07/17 23:47:01:518 [006228] DEBUG [Prb.cpp, 603] - Read CC1020 completed, Address=0x0005, Data=0xF0
2013/07/17 23:47:01:520 [006228] TRACE [Prb.cpp, 584] - Reading CC1020, Address=0x0006
2013/07/17 23:47:01:521 [006228] TRACE [Prb.cpp, 1035] - ReadCC1020Packet(0x06):01 00 0C 19 84 00 02 00 06 89 07 0D 
2013/07/17 23:47:01:521 [006320] TRACE [Prb.cpp, 835] - RxStream contents:01 00 0C DA 06 19 00 01 21 CF C7 0D 
2013/07/17 23:47:01:522 [006320] TRACE [Prb.cpp, 943] - RadioBoardPacket(ACK):01 00 0C DA 06 19 00 01 21 CF C7 0D 
2013/07/17 23:47:01:523 [006228] DEBUG [Prb.cpp, 603] - Read CC1020 completed, Address=0x0006, Data=0x21
2013/07/17 23:47:01:525 [006228] TRACE [Prb.cpp, 584] - Reading CC1020, Address=0x0007
2013/07/17 23:47:01:525 [006228] TRACE [Prb.cpp, 1035] - ReadCC1020Packet(0x07):01 00 0C 1A 84 00 02 00 07 81 02 0D 
2013/07/17 23:47:01:525 [006320] TRACE [Prb.cpp, 835] - RxStream contents:01 00 0C DB 06 1A 00 01 38 8B 91 0D 
2013/07/17 23:47:01:526 [006320] TRACE [Prb.cpp, 943] - RadioBoardPacket(ACK):01 00 0C DB 06 1A 00 01 38 8B 91 0D 
2013/07/17 23:47:01:527 [006228] DEBUG [Prb.cpp, 603] - Read CC1020 completed, Address=0x0007, Data=0x38
2013/07/17 23:47:01:529 [006228] TRACE [Prb.cpp, 584] - Reading CC1020, Address=0x0008
2013/07/17 23:47:01:529 [006228] TRACE [Prb.cpp, 1035] - ReadCC1020Packet(0x08):01 00 0C 1B 84 00 02 00 08 79 23 0D 
2013/07/17 23:47:01:529 [006320] TRACE [Prb.cpp, 835] - RxStream contents:01 00 0C DC 06 1B 00 01 35 F7 B9 0D 
2013/07/17 23:47:01:530 [006320] TRACE [Prb.cpp, 943] - RadioBoardPacket(ACK):01 00 0C DC 06 1B 00 01 35 F7 B9 0D 
2013/07/17 23:47:01:531 [006228] DEBUG [Prb.cpp, 603] - Read CC1020 completed, Address=0x0008, Data=0x35
2013/07/17 23:47:01:532 [006228] TRACE [Prb.cpp, 584] - Reading CC1020, Address=0x0009
2013/07/17 23:47:01:533 [006228] TRACE [Prb.cpp, 1035] - ReadCC1020Packet(0x09):01 00 0C 1C 84 00 02 00 09 91 20 0D 
2013/07/17 23:47:01:533 [006320] TRACE [Prb.cpp, 835] - RxStream contents:01 00 0C DD 06 1C 00 01 FA E1 1B 0D 
2013/07/17 23:47:01:534 [006320] TRACE [Prb.cpp, 943] - RadioBoardPacket(ACK):01 00 0C DD 06 1C 00 01 FA E1 1B 0D 
2013/07/17 23:47:01:535 [006228] DEBUG [Prb.cpp, 603] - Read CC1020 completed, Address=0x0009, Data=0xFA
2013/07/17 23:47:01:536 [006228] TRACE [Prb.cpp, 584] - Reading CC1020, Address=0x000A
2013/07/17 23:47:01:537 [006228] TRACE [Prb.cpp, 1035] - ReadCC1020Packet(0x0A):01 00 0C 1D 84 00 02 00 0A 69 29 0D 
2013/07/17 23:47:01:537 [006320] TRACE [Prb.cpp, 835] - RxStream contents:01 00 0C DE 06 1D 00 01 CB 7D BD 0D 
2013/07/17 23:47:01:538 [006320] TRACE [Prb.cpp, 943] - RadioBoardPacket(ACK):01 00 0C DE 06 1D 00 01 CB 7D BD 0D 
2013/07/17 23:47:01:538 [006228] DEBUG [Prb.cpp, 603] - Read CC1020 completed, Address=0x000A, Data=0xCB
2013/07/17 23:47:01:539 [006228] TRACE [Prb.cpp, 584] - Reading CC1020, Address=0x000B
2013/07/17 23:47:01:540 [006228] TRACE [Prb.cpp, 1035] - ReadCC1020Packet(0x0B):01 00 0C 1E 84 00 02 00 0B 61 2C 0D 
2013/07/17 23:47:01:540 [006320] TRACE [Prb.cpp, 835] - RxStream contents:01 00 0C DF 06 1E 00 01 38 BB 94 0D 
2013/07/17 23:47:01:541 [006320] TRACE [Prb.cpp, 943] - RadioBoardPacket(ACK):01 00 0C DF 06 1E 00 01 38 BB 94 0D 
2013/07/17 23:47:01:541 [006228] DEBUG [Prb.cpp, 603] - Read CC1020 completed, Address=0x000B, Data=0x38
2013/07/17 23:47:01:543 [006228] TRACE [Prb.cpp, 584] - Reading CC1020, Address=0x001D
2013/07/17 23:47:01:543 [006228] TRACE [Prb.cpp, 1035] - ReadCC1020Packet(0x1D):01 00 0C 1F 84 00 02 00 1D 19 58 0D 
2013/07/17 23:47:01:543 [006320] TRACE [Prb.cpp, 835] - RxStream contents:01 00 0C E0 06 1F 00 01 00 87 38 0D 
2013/07/17 23:47:01:544 [006320] TRACE [Prb.cpp, 943] - RadioBoardPacket(ACK):01 00 0C E0 06 1F 00 01 00 87 38 0D 
2013/07/17 23:47:01:545 [006228] DEBUG [Prb.cpp, 603] - Read CC1020 completed, Address=0x001D, Data=0x00
2013/07/17 23:47:01:546 [006228] TRACE [Prb.cpp, 584] - Reading CC1020, Address=0x0045
2013/07/17 23:47:01:547 [006228] TRACE [Prb.cpp, 1035] - ReadCC1020Packet(0x45):01 00 0C 20 84 00 02 00 45 B0 B7 0D 
2013/07/17 23:47:01:547 [006320] TRACE [Prb.cpp, 835] - RxStream contents:01 00 0C E1 06 20 00 01 4C F2 9A 0D 
2013/07/17 23:47:01:548 [006320] TRACE [Prb.cpp, 943] - RadioBoardPacket(ACK):01 00 0C E1 06 20 00 01 4C F2 9A 0D 
2013/07/17 23:47:01:548 [006228] DEBUG [Prb.cpp, 603] - Read CC1020 completed, Address=0x0045, Data=0x4C
2013/07/17 23:47:01:551 [006228] TRACE [Prb.cpp, 584] - Reading CC1020, Address=0x0046
2013/07/17 23:47:01:551 [006228] TRACE [Prb.cpp, 1035] - ReadCC1020Packet(0x46):01 00 0C 21 84 00 02 00 46 48 BE 0D 
2013/07/17 23:47:01:551 [006320] TRACE [Prb.cpp, 835] - RxStream contents:01 00 0C E2 06 21 00 01 66 6E 66 0D 
2013/07/17 23:47:01:552 [006320] TRACE [Prb.cpp, 943] - RadioBoardPacket(ACK):01 00 0C E2 06 21 00 01 66 6E 66 0D 
2013/07/17 23:47:01:553 [006228] DEBUG [Prb.cpp, 603] - Read CC1020 completed, Address=0x0046, Data=0x66
2013/07/17 23:47:01:554 [006228] TRACE [Prb.cpp, 584] - Reading CC1020, Address=0x0047
2013/07/17 23:47:01:555 [006228] TRACE [Prb.cpp, 1035] - ReadCC1020Packet(0x47):01 00 0C 22 84 00 02 00 47 40 BB 0D 
2013/07/17 23:47:01:555 [006320] TRACE [Prb.cpp, 835] - RxStream contents:01 00 0C E3 06 22 00 01 44 AA A9 0D 
2013/07/17 23:47:01:557 [006320] TRACE [Prb.cpp, 943] - RadioBoardPacket(ACK):01 00 0C E3 06 22 00 01 44 AA A9 0D 
2013/07/17 23:47:01:558 [006228] DEBUG [Prb.cpp, 603] - Read CC1020 completed, Address=0x0047, Data=0x44
2013/07/17 23:47:01:567 [006228] TRACE [Prb.cpp, 493] - Reading FPGA, Address=0x305E
2013/07/17 23:47:01:568 [006228] TRACE [Prb.cpp, 1035] - ReadFPGAPacket(0x305E):01 00 0C 23 82 00 02 30 5E 99 FD 0D 
2013/07/17 23:47:01:568 [006320] TRACE [Prb.cpp, 835] - RxStream contents:01 00 0C E4 06 23 00 01 00 57 34 0D 
2013/07/17 23:47:01:570 [006320] TRACE [Prb.cpp, 943] - RadioBoardPacket(ACK):01 00 0C E4 06 23 00 01 00 57 34 0D 
2013/07/17 23:47:01:570 [006228] DEBUG [Prb.cpp, 512] - Read FPGA completed, Address=0x305E, Data=0x00
2013/07/17 23:47:01:571 [006228] TRACE [Prb.cpp, 493] - Reading FPGA, Address=0x3060
2013/07/17 23:47:01:572 [006228] TRACE [Prb.cpp, 1035] - ReadFPGAPacket(0x3060):01 00 0C 24 82 00 02 30 60 71 7C 0D 
2013/07/17 23:47:01:572 [006320] TRACE [Prb.cpp, 835] - RxStream contents:01 00 0C E5 06 24 00 01 00 43 34 0D 
2013/07/17 23:47:01:574 [006320] TRACE [Prb.cpp, 943] - RadioBoardPacket(ACK):01 00 0C E5 06 24 00 01 00 43 34 0D 
2013/07/17 23:47:01:575 [006228] DEBUG [Prb.cpp, 512] - Read FPGA completed, Address=0x3060, Data=0x00
2013/07/17 23:47:01:575 [006228] TRACE [Prb.cpp, 493] - Reading FPGA, Address=0x3062
2013/07/17 23:47:01:576 [006228] TRACE [Prb.cpp, 1035] - ReadFPGAPacket(0x3062):01 00 0C 25 82 00 02 30 62 09 70 0D 
2013/07/17 23:47:01:576 [006320] TRACE [Prb.cpp, 835] - RxStream contents:01 00 0C E6 06 25 00 01 00 5F 37 0D 
2013/07/17 23:47:01:577 [006320] TRACE [Prb.cpp, 943] - RadioBoardPacket(ACK):01 00 0C E6 06 25 00 01 00 5F 37 0D 
2013/07/17 23:47:01:578 [006228] DEBUG [Prb.cpp, 512] - Read FPGA completed, Address=0x3062, Data=0x00
2013/07/17 23:47:01:583 [006228] TRACE [Prb.cpp, 493] - Reading FPGA, Address=0x3066
2013/07/17 23:47:01:584 [006228] TRACE [Prb.cpp, 1035] - ReadFPGAPacket(0x3066):01 00 0C 26 82 00 02 30 66 01 6B 0D 
2013/07/17 23:47:01:584 [006320] TRACE [Prb.cpp, 835] - RxStream contents:01 00 0C E7 06 26 00 01 00 9B 34 0D 
2013/07/17 23:47:01:585 [006320] TRACE [Prb.cpp, 943] - RadioBoardPacket(ACK):01 00 0C E7 06 26 00 01 00 9B 34 0D 
2013/07/17 23:47:01:585 [006228] DEBUG [Prb.cpp, 512] - Read FPGA completed, Address=0x3066, Data=0x00
2013/07/17 23:47:01:586 [006228] TRACE [Prb.cpp, 493] - Reading FPGA, Address=0x3068
2013/07/17 23:47:01:587 [006228] TRACE [Prb.cpp, 1035] - ReadFPGAPacket(0x3068):01 00 0C 27 82 00 02 30 68 79 4F 0D 
2013/07/17 23:47:01:587 [006320] TRACE [Prb.cpp, 835] - RxStream contents:01 00 0C E8 06 27 00 01 00 27 38 0D 
2013/07/17 23:47:01:588 [006320] TRACE [Prb.cpp, 943] - RadioBoardPacket(ACK):01 00 0C E8 06 27 00 01 00 27 38 0D 
2013/07/17 23:47:01:588 [006228] DEBUG [Prb.cpp, 512] - Read FPGA completed, Address=0x3068, Data=0x00
2013/07/17 23:47:01:589 [006228] TRACE [Prb.cpp, 493] - Reading FPGA, Address=0x306A
2013/07/17 23:47:01:589 [006228] TRACE [Prb.cpp, 1035] - ReadFPGAPacket(0x306A):01 00 0C 28 82 00 02 30 6A D1 4F 0D 
2013/07/17 23:47:01:589 [006320] TRACE [Prb.cpp, 835] - RxStream contents:01 00 0C E9 06 28 00 01 00 13 3B 0D 
2013/07/17 23:47:01:590 [006320] TRACE [Prb.cpp, 943] - RadioBoardPacket(ACK):01 00 0C E9 06 28 00 01 00 13 3B 0D 
2013/07/17 23:47:01:591 [006228] DEBUG [Prb.cpp, 512] - Read FPGA completed, Address=0x306A, Data=0x00
2013/07/17 23:47:01:593 [006228] TRACE [Prb.cpp, 448] - Writing FPGA, Address=0x1026, Data=0x01
2013/07/17 23:47:01:594 [006228] TRACE [Prb.cpp, 1035] - WriteFPGAPacket(0x1026, 0x01):01 00 0D 29 81 00 03 10 26 01 6A 70 0D 
2013/07/17 23:47:01:594 [006320] TRACE [Prb.cpp, 835] - RxStream contents:01 00 0B EA 06 29 00 00 9C 0D 0D 
2013/07/17 23:47:01:595 [006320] TRACE [Prb.cpp, 943] - RadioBoardPacket(ACK):01 00 0B EA 06 29 00 00 9C 0D 0D 
2013/07/17 23:47:01:596 [006228] DEBUG [Prb.cpp, 466] - Write FPGA completed, Address=0x1026, Data=0x01
2013/07/17 23:47:01:603 [002024] TRACE [Prb.cpp, 539] - Writing CC1020, Address=0x001C, Data=0x07
2013/07/17 23:47:01:603 [002024] TRACE [Prb.cpp, 1035] - WriteCC1020Packet(0x1C, 0x07):01 00 0D 2A 83 00 03 00 1C 07 04 14 0D 
2013/07/17 23:47:01:604 [006320] TRACE [Prb.cpp, 835] - RxStream contents:01 00 0B EB 06 2A 00 00 1C 4A 0D 
2013/07/17 23:47:01:605 [006320] TRACE [Prb.cpp, 943] - RadioBoardPacket(ACK):01 00 0B EB 06 2A 00 00 1C 4A 0D 
2013/07/17 23:47:01:605 [002024] DEBUG [Prb.cpp, 557] - Write CC1020 completed, Address=0x001C, Data=0x07
2013/07/17 23:47:01:608 [002024] TRACE [Prb.cpp, 448] - Writing FPGA, Address=0x3012, Data=0x01
2013/07/17 23:47:01:608 [002024] TRACE [Prb.cpp, 1035] - WriteFPGAPacket(0x3012, 0x01):01 00 0D 2B 81 00 03 30 12 01 52 D3 0D 
2013/07/17 23:47:01:609 [006320] TRACE [Prb.cpp, 835] - RxStream contents:01 00 0B EC 06 2B 00 00 1D 36 0D 
2013/07/17 23:47:01:610 [006320] TRACE [Prb.cpp, 943] - RadioBoardPacket(ACK):01 00 0B EC 06 2B 00 00 1D 36 0D 
2013/07/17 23:47:01:610 [002024] DEBUG [Prb.cpp, 466] - Write FPGA completed, Address=0x3012, Data=0x01
2013/07/17 23:47:01:611 [002024] TRACE [Prb.cpp, 493] - Reading FPGA, Address=0x1004
2013/07/17 23:47:01:612 [002024] TRACE [Prb.cpp, 1035] - ReadFPGAPacket(0x1004):01 00 0C 2C 82 00 02 10 04 F0 2D 0D 
2013/07/17 23:47:01:612 [006320] TRACE [Prb.cpp, 835] - RxStream contents:01 00 0C ED 06 2C 00 01 00 23 3E 0D 
2013/07/17 23:47:01:613 [006320] TRACE [Prb.cpp, 943] - RadioBoardPacket(ACK):01 00 0C ED 06 2C 00 01 00 23 3E 0D 
2013/07/17 23:47:01:614 [002024] DEBUG [Prb.cpp, 512] - Read FPGA completed, Address=0x1004, Data=0x00
2013/07/17 23:47:01:614 [002024] TRACE [Prb.cpp, 448] - Writing FPGA, Address=0x1004, Data=0x00
2013/07/17 23:47:01:615 [002024] TRACE [Prb.cpp, 1035] - WriteFPGAPacket(0x1004, 0x00):01 00 0D 2D 81 00 03 10 04 00 A2 36 0D 
2013/07/17 23:47:01:615 [006320] TRACE [Prb.cpp, 835] - RxStream contents:01 00 0B EE 06 2D 00 00 9D BD 0D 
2013/07/17 23:47:01:616 [006320] TRACE [Prb.cpp, 943] - RadioBoardPacket(ACK):01 00 0B EE 06 2D 00 00 9D BD 0D 
2013/07/17 23:47:01:616 [002024] DEBUG [Prb.cpp, 466] - Write FPGA completed, Address=0x1004, Data=0x00
2013/07/17 23:47:01:619 [006284] INFO [CommunicationSystemStates.cpp, 130] - Scan requested. Preamble Burst Duration: 9 seconds. Preamble Burst Data Rate: 2.
2013/07/17 23:47:01:620 [006284] TRACE [Prb.cpp, 448] - Writing FPGA, Address=0x1002, Data=0x09
2013/07/17 23:47:01:620 [006284] TRACE [Prb.cpp, 1035] - WriteFPGAPacket(0x1002, 0x09):01 00 0D 2E 81 00 03 10 02 09 B5 30 0D 
2013/07/17 23:47:01:620 [006320] TRACE [Prb.cpp, 835] - RxStream contents:01 00 0B EF 06 2E 00 00 1D FA 0D 
2013/07/17 23:47:01:622 [006320] TRACE [Prb.cpp, 943] - RadioBoardPacket(ACK):01 00 0B EF 06 2E 00 00 1D FA 0D 
2013/07/17 23:47:01:622 [006284] DEBUG [Prb.cpp, 466] - Write FPGA completed, Address=0x1002, Data=0x09
2013/07/17 23:47:01:623 [006284] TRACE [Prb.cpp, 493] - Reading FPGA, Address=0x1004
2013/07/17 23:47:01:623 [006284] TRACE [Prb.cpp, 1035] - ReadFPGAPacket(0x1004):01 00 0C 2F 82 00 02 10 04 78 2D 0D 
2013/07/17 23:47:01:623 [006320] TRACE [Prb.cpp, 835] - RxStream contents:01 00 0C F0 06 2F 00 01 00 C7 20 0D 
2013/07/17 23:47:01:625 [006320] TRACE [Prb.cpp, 943] - RadioBoardPacket(ACK):01 00 0C F0 06 2F 00 01 00 C7 20 0D 
2013/07/17 23:47:01:625 [006284] DEBUG [Prb.cpp, 512] - Read FPGA completed, Address=0x1004, Data=0x00
2013/07/17 23:47:01:626 [006284] TRACE [Prb.cpp, 448] - Writing FPGA, Address=0x1004, Data=0x08
2013/07/17 23:47:01:626 [006284] TRACE [Prb.cpp, 1035] - WriteFPGAPacket(0x1004, 0x08):01 00 0D 30 81 00 03 10 04 08 3E D5 0D 
2013/07/17 23:47:01:626 [006320] TRACE [Prb.cpp, 835] - RxStream contents:01 00 0B F1 06 30 00 00 19 32 0D 
2013/07/17 23:47:01:628 [006320] TRACE [Prb.cpp, 943] - RadioBoardPacket(ACK):01 00 0B F1 06 30 00 00 19 32 0D 
2013/07/17 23:47:01:628 [006284] DEBUG [Prb.cpp, 466] - Write FPGA completed, Address=0x1004, Data=0x08
2013/07/17 23:47:01:629 [006284] TRACE [Prb.cpp, 448] - Writing FPGA, Address=0x1008, Data=0x02
2013/07/17 23:47:01:629 [006320] TRACE [Prb.cpp, 835] - RxStream contents:01 00 0B F2 06 31 00 00 99 AD 0D 
2013/07/17 23:47:01:629 [006284] TRACE [Prb.cpp, 1035] - WriteFPGAPacket(0x1008, 0x02):01 00 0D 31 81 00 03 10 08 02 97 FA 0D 
2013/07/17 23:47:01:630 [006320] TRACE [Prb.cpp, 943] - RadioBoardPacket(ACK):01 00 0B F2 06 31 00 00 99 AD 0D 
2013/07/17 23:47:01:631 [006284] DEBUG [Prb.cpp, 466] - Write FPGA completed, Address=0x1008, Data=0x02
2013/07/17 23:47:12:755 [006488] INFO [CommunicationSystemStates.cpp, 168] - Scan complete
2013/07/17 23:47:12:756 [006488] TRACE [Prb.cpp, 584] - Reading CC1020, Address=0x0004
2013/07/17 23:47:12:757 [006488] TRACE [Prb.cpp, 1035] - ReadCC1020Packet(0x04):01 00 0C 32 84 00 02 00 04 41 20 0D 
2013/07/17 23:47:12:757 [006320] TRACE [Prb.cpp, 835] - RxStream contents:01 00 0C F4 06 32 00 01 35 03 9D 0D 
2013/07/17 23:47:12:758 [006320] TRACE [Prb.cpp, 943] - RadioBoardPacket(ACK):01 00 0C F4 06 32 00 01 35 03 9D 0D 
2013/07/17 23:47:12:759 [006488] DEBUG [Prb.cpp, 603] - Read CC1020 completed, Address=0x0004, Data=0x35
2013/07/17 23:47:12:759 [006488] TRACE [Prb.cpp, 584] - Reading CC1020, Address=0x0005
2013/07/17 23:47:12:760 [006488] TRACE [Prb.cpp, 1035] - ReadCC1020Packet(0x05):01 00 0C 33 84 00 02 00 05 39 26 0D 
2013/07/17 23:47:12:760 [006320] TRACE [Prb.cpp, 835] - RxStream contents:01 00 0C F5 06 33 00 01 F0 6D 03 0D 
2013/07/17 23:47:12:761 [006320] TRACE [Prb.cpp, 943] - RadioBoardPacket(ACK):01 00 0C F5 06 33 00 01 F0 6D 03 0D 
2013/07/17 23:47:12:762 [006488] DEBUG [Prb.cpp, 603] - Read CC1020 completed, Address=0x0005, Data=0xF0
2013/07/17 23:47:12:762 [006488] TRACE [Prb.cpp, 584] - Reading CC1020, Address=0x0006
2013/07/17 23:47:12:763 [006488] TRACE [Prb.cpp, 1035] - ReadCC1020Packet(0x06):01 00 0C 34 84 00 02 00 06 51 2A 0D 
2013/07/17 23:47:12:763 [006320] TRACE [Prb.cpp, 835] - RxStream contents:01 00 0C F6 06 34 00 01 21 0B E6 0D 
2013/07/17 23:47:12:764 [006320] TRACE [Prb.cpp, 943] - RadioBoardPacket(ACK):01 00 0C F6 06 34 00 01 21 0B E6 0D 
2013/07/17 23:47:12:765 [006488] DEBUG [Prb.cpp, 603] - Read CC1020 completed, Address=0x0006, Data=0x21
2013/07/17 23:47:12:765 [006488] TRACE [Prb.cpp, 584] - Reading CC1020, Address=0x0008
2013/07/17 23:47:12:766 [006488] TRACE [Prb.cpp, 1035] - ReadCC1020Packet(0x08):01 00 0C 35 84 00 02 00 08 29 0E 0D 
2013/07/17 23:47:12:766 [006320] TRACE [Prb.cpp, 835] - RxStream contents:01 00 0C F7 06 35 00 01 35 67 9E 0D 
2013/07/17 23:47:12:767 [006320] TRACE [Prb.cpp, 943] - RadioBoardPacket(ACK):01 00 0C F7 06 35 00 01 35 67 9E 0D 
2013/07/17 23:47:12:768 [006488] DEBUG [Prb.cpp, 603] - Read CC1020 completed, Address=0x0008, Data=0x35
2013/07/17 23:47:12:768 [006488] TRACE [Prb.cpp, 584] - Reading CC1020, Address=0x0009
2013/07/17 23:47:12:769 [006488] TRACE [Prb.cpp, 1035] - ReadCC1020Packet(0x09):01 00 0C 36 84 00 02 00 09 21 0B 0D 
2013/07/17 23:47:12:769 [006320] TRACE [Prb.cpp, 835] - RxStream contents:01 00 0C F8 06 36 00 01 FA 71 33 0D 
2013/07/17 23:47:12:770 [006320] TRACE [Prb.cpp, 943] - RadioBoardPacket(ACK):01 00 0C F8 06 36 00 01 FA 71 33 0D 
2013/07/17 23:47:12:770 [006488] DEBUG [Prb.cpp, 603] - Read CC1020 completed, Address=0x0009, Data=0xFA
2013/07/17 23:47:12:771 [006488] TRACE [Prb.cpp, 584] - Reading CC1020, Address=0x000A
2013/07/17 23:47:12:771 [006488] TRACE [Prb.cpp, 1035] - ReadCC1020Packet(0x0A):01 00 0C 37 84 00 02 00 0A D9 02 0D 
2013/07/17 23:47:12:771 [006320] TRACE [Prb.cpp, 835] - RxStream contents:01 00 0C F9 06 37 00 01 CB 9D 96 0D 
2013/07/17 23:47:12:772 [006320] TRACE [Prb.cpp, 943] - RadioBoardPacket(ACK):01 00 0C F9 06 37 00 01 CB 9D 96 0D 
2013/07/17 23:47:12:773 [006488] DEBUG [Prb.cpp, 603] - Read CC1020 completed, Address=0x000A, Data=0xCB
2013/07/17 23:47:12:773 [006488] TRACE [Prb.cpp, 584] - Reading CC1020, Address=0x000F
2013/07/17 23:47:12:774 [006488] TRACE [Prb.cpp, 1035] - ReadCC1020Packet(0x0F):01 00 0C 38 84 00 02 00 0F F1 13 0D 
2013/07/17 23:47:12:774 [006320] TRACE [Prb.cpp, 835] - RxStream contents:01 00 0C FA 06 38 00 01 DF D9 EE 0D 
2013/07/17 23:47:12:775 [006320] TRACE [Prb.cpp, 943] - RadioBoardPacket(ACK):01 00 0C FA 06 38 00 01 DF D9 EE 0D 
2013/07/17 23:47:12:776 [006488] DEBUG [Prb.cpp, 603] - Read CC1020 completed, Address=0x000F, Data=0xDF
2013/07/17 23:47:12:776 [006488] TRACE [Prb.cpp, 584] - Reading CC1020, Address=0x0010
2013/07/17 23:47:12:777 [006488] TRACE [Prb.cpp, 1035] - ReadCC1020Packet(0x10):01 00 0C 39 84 00 02 00 10 89 51 0D 
2013/07/17 23:47:12:777 [006320] TRACE [Prb.cpp, 835] - RxStream contents:01 00 0C FB 06 39 00 01 80 B4 2C 0D 
2013/07/17 23:47:12:778 [006320] TRACE [Prb.cpp, 943] - RadioBoardPacket(ACK):01 00 0C FB 06 39 00 01 80 B4 2C 0D 
2013/07/17 23:47:12:778 [006488] DEBUG [Prb.cpp, 603] - Read CC1020 completed, Address=0x0010, Data=0x80
2013/07/17 23:47:12:779 [006488] TRACE [Prb.cpp, 584] - Reading CC1020, Address=0x0013
2013/07/17 23:47:12:779 [006488] TRACE [Prb.cpp, 1035] - ReadCC1020Packet(0x13):01 00 0C 3A 84 00 02 00 13 01 5B 0D 
2013/07/17 23:47:12:779 [006320] TRACE [Prb.cpp, 835] - RxStream contents:01 00 0C FC 06 3A 00 01 33 63 83 0D 
2013/07/17 23:47:12:780 [006320] TRACE [Prb.cpp, 943] - RadioBoardPacket(ACK):01 00 0C FC 06 3A 00 01 33 63 83 0D 
2013/07/17 23:47:12:781 [006488] DEBUG [Prb.cpp, 603] - Read CC1020 completed, Address=0x0013, Data=0x33
2013/07/17 23:47:12:781 [006488] TRACE [Prb.cpp, 584] - Reading CC1020, Address=0x0014
2013/07/17 23:47:12:782 [006488] TRACE [Prb.cpp, 1035] - ReadCC1020Packet(0x14):01 00 0C 3B 84 00 02 00 14 79 49 0D 
2013/07/17 23:47:12:782 [006320] TRACE [Prb.cpp, 835] - RxStream contents:01 00 0C FD 06 3B 00 01 3D 8F A4 0D 
2013/07/17 23:47:12:783 [006320] TRACE [Prb.cpp, 943] - RadioBoardPacket(ACK):01 00 0C FD 06 3B 00 01 3D 8F A4 0D 
2013/07/17 23:47:12:783 [006488] DEBUG [Prb.cpp, 603] - Read CC1020 completed, Address=0x0014, Data=0x3D
2013/07/17 23:47:12:784 [006488] TRACE [Prb.cpp, 584] - Reading CC1020, Address=0x0043
2013/07/17 23:47:12:784 [006488] TRACE [Prb.cpp, 1035] - ReadCC1020Packet(0x43):01 00 0C 3C 84 00 02 00 43 90 BE 0D 
2013/07/17 23:47:12:785 [006320] TRACE [Prb.cpp, 835] - RxStream contents:01 00 0C FE 06 3C 00 01 00 6B 2A 0D 
2013/07/17 23:47:12:785 [006320] TRACE [Prb.cpp, 943] - RadioBoardPacket(ACK):01 00 0C FE 06 3C 00 01 00 6B 2A 0D 
2013/07/17 23:47:12:786 [006488] DEBUG [Prb.cpp, 603] - Read CC1020 completed, Address=0x0043, Data=0x00
2013/07/17 23:47:12:787 [006488] DEBUG [ComSysDiagnostics.cpp, 63] - CC1020 [Scan complete] FREQ_2A: 0x35 FREQ_1A: 0xf0 FREQ_0A: 0x21
2013/07/17 23:47:12:787 [006488] DEBUG [ComSysDiagnostics.cpp, 67] - CC1020 [Scan complete] FREQ_2B: 0x35 FREQ_1B: 0xfa FREQ_0B: 0xcb
2013/07/17 23:47:12:788 [006488] DEBUG [ComSysDiagnostics.cpp, 72] - CC1020 [Scan complete] AFC_CONTROL: 0xdf FILTER: 0x80 VGA3: 0x33 VGA4: 0x3d AFC: 0x00
2013/07/17 23:47:12:788 [006488] INFO [CommunicationSystemStates.cpp, 173] - Found 1 valid ids during the scan operation.
2013/07/17 23:47:12:790 [006488] INFO [CommunicationSystemStates.cpp, 190] - Id: 0x801c0094.
2013/07/17 23:47:12:792 [006488] INFO [CommunicationSystemStates.cpp, 198] - Found 0 invalid ids during the scan operation.
2013/07/17 23:47:12:795 [006284] INFO [CommunicationSystemStates.cpp, 130] - Scan requested. Preamble Burst Duration: 2 seconds. Preamble Burst Data Rate: 0.
2013/07/17 23:47:12:795 [006284] TRACE [Prb.cpp, 448] - Writing FPGA, Address=0x1002, Data=0x02
2013/07/17 23:47:12:796 [006284] TRACE [Prb.cpp, 1035] - WriteFPGAPacket(0x1002, 0x02):01 00 0D 3D 81 00 03 10 02 02 A7 3A 0D 
2013/07/17 23:47:12:796 [006320] TRACE [Prb.cpp, 835] - RxStream contents:01 00 0B FF 06 3D 00 00 1B 06 0D 
2013/07/17 23:47:12:797 [006320] TRACE [Prb.cpp, 943] - RadioBoardPacket(ACK):01 00 0B FF 06 3D 00 00 1B 06 0D 
2013/07/17 23:47:12:798 [006284] DEBUG [Prb.cpp, 466] - Write FPGA completed, Address=0x1002, Data=0x02
2013/07/17 23:47:12:799 [006284] TRACE [Prb.cpp, 493] - Reading FPGA, Address=0x1004
2013/07/17 23:47:12:799 [006284] TRACE [Prb.cpp, 1035] - ReadFPGAPacket(0x1004):01 00 0C 3E 82 00 02 10 04 00 3C 0D 
2013/07/17 23:47:12:799 [006320] TRACE [Prb.cpp, 835] - RxStream contents:01 00 0C 00 06 3E 00 01 08 93 E9 0D 
2013/07/17 23:47:12:800 [006320] TRACE [Prb.cpp, 943] - RadioBoardPacket(ACK):01 00 0C 00 06 3E 00 01 08 93 E9 0D 
2013/07/17 23:47:12:801 [006284] DEBUG [Prb.cpp, 512] - Read FPGA completed, Address=0x1004, Data=0x08
2013/07/17 23:47:12:802 [006284] TRACE [Prb.cpp, 448] - Writing FPGA, Address=0x1004, Data=0x00
2013/07/17 23:47:12:802 [006320] TRACE [Prb.cpp, 835] - RxStream contents:01 00 0B 01 06 3F 00 00 33 7E 0D 
2013/07/17 23:47:12:802 [006284] TRACE [Prb.cpp, 1035] - WriteFPGAPacket(0x1004, 0x00):01 00 0D 3F 81 00 03 10 04 00 B1 16 0D 
2013/07/17 23:47:12:803 [006320] TRACE [Prb.cpp, 943] - RadioBoardPacket(ACK):01 00 0B 01 06 3F 00 00 33 7E 0D 
2013/07/17 23:47:12:804 [006284] DEBUG [Prb.cpp, 466] - Write FPGA completed, Address=0x1004, Data=0x00
2013/07/17 23:47:12:804 [006284] TRACE [Prb.cpp, 448] - Writing FPGA, Address=0x1008, Data=0x02
2013/07/17 23:47:12:805 [006284] TRACE [Prb.cpp, 1035] - WriteFPGAPacket(0x1008, 0x02):01 00 0D 40 81 00 03 10 08 02 E1 EA 0D 
2013/07/17 23:47:12:805 [006320] TRACE [Prb.cpp, 835] - RxStream contents:01 00 0B 02 06 40 00 00 B5 F9 0D 
2013/07/17 23:47:12:806 [006320] TRACE [Prb.cpp, 943] - RadioBoardPacket(ACK):01 00 0B 02 06 40 00 00 B5 F9 0D 
2013/07/17 23:47:12:807 [006284] DEBUG [Prb.cpp, 466] - Write FPGA completed, Address=0x1008, Data=0x02
2013/07/17 23:47:16:918 [006488] INFO [CommunicationSystemStates.cpp, 168] - Scan complete
2013/07/17 23:47:16:918 [006488] TRACE [Prb.cpp, 584] - Reading CC1020, Address=0x0004
2013/07/17 23:47:16:919 [006488] TRACE [Prb.cpp, 1035] - ReadCC1020Packet(0x04):01 00 0C 41 84 00 02 00 04 49 54 0D 
2013/07/17 23:47:16:919 [006320] TRACE [Prb.cpp, 835] - RxStream contents:01 00 0C 04 06 41 00 01 35 7F 75 0D 
2013/07/17 23:47:16:920 [006320] TRACE [Prb.cpp, 943] - RadioBoardPacket(ACK):01 00 0C 04 06 41 00 01 35 7F 75 0D 
2013/07/17 23:47:16:921 [006488] DEBUG [Prb.cpp, 603] - Read CC1020 completed, Address=0x0004, Data=0x35
2013/07/17 23:47:16:921 [006488] TRACE [Prb.cpp, 584] - Reading CC1020, Address=0x0005
2013/07/17 23:47:16:922 [006488] TRACE [Prb.cpp, 1035] - ReadCC1020Packet(0x05):01 00 0C 42 84 00 02 00 05 41 51 0D 
2013/07/17 23:47:16:922 [006320] TRACE [Prb.cpp, 835] - RxStream contents:01 00 0C 05 06 42 00 01 F0 B9 E8 0D 
2013/07/17 23:47:16:923 [006320] TRACE [Prb.cpp, 943] - RadioBoardPacket(ACK):01 00 0C 05 06 42 00 01 F0 B9 E8 0D 
2013/07/17 23:47:16:924 [006488] DEBUG [Prb.cpp, 603] - Read CC1020 completed, Address=0x0005, Data=0xF0
2013/07/17 23:47:16:925 [006488] TRACE [Prb.cpp, 584] - Reading CC1020, Address=0x0006
2013/07/17 23:47:16:925 [006488] TRACE [Prb.cpp, 1035] - ReadCC1020Packet(0x06):01 00 0C 43 84 00 02 00 06 B9 58 0D 
2013/07/17 23:47:16:925 [006320] TRACE [Prb.cpp, 835] - RxStream contents:01 00 0C 06 06 43 00 01 21 A7 0D 0D 
2013/07/17 23:47:16:926 [006320] TRACE [Prb.cpp, 943] - RadioBoardPacket(ACK):01 00 0C 06 06 43 00 01 21 A7 0D 0D 
2013/07/17 23:47:16:927 [006488] DEBUG [Prb.cpp, 603] - Read CC1020 completed, Address=0x0006, Data=0x21
2013/07/17 23:47:16:928 [006488] TRACE [Prb.cpp, 584] - Reading CC1020, Address=0x0008
2013/07/17 23:47:16:928 [006488] TRACE [Prb.cpp, 1035] - ReadCC1020Packet(0x08):01 00 0C 44 84 00 02 00 08 51 79 0D 
2013/07/17 23:47:16:928 [006320] TRACE [Prb.cpp, 835] - RxStream contents:01 00 0C 07 06 44 00 01 35 B3 75 0D 
2013/07/17 23:47:16:929 [006320] TRACE [Prb.cpp, 943] - RadioBoardPacket(ACK):01 00 0C 07 06 44 00 01 35 B3 75 0D 
2013/07/17 23:47:16:930 [006488] DEBUG [Prb.cpp, 603] - Read CC1020 completed, Address=0x0008, Data=0x35
2013/07/17 23:47:16:930 [006488] TRACE [Prb.cpp, 584] - Reading CC1020, Address=0x0009
2013/07/17 23:47:16:931 [006488] TRACE [Prb.cpp, 1035] - ReadCC1020Packet(0x09):01 00 0C 45 84 00 02 00 09 29 7F 0D 
2013/07/17 23:47:16:931 [006320] TRACE [Prb.cpp, 835] - RxStream contents:01 00 0C 08 06 45 00 01 FA 0D DB 0D 
2013/07/17 23:47:16:932 [006320] TRACE [Prb.cpp, 943] - RadioBoardPacket(ACK):01 00 0C 08 06 45 00 01 FA 0D DB 0D 
2013/07/17 23:47:16:933 [006488] DEBUG [Prb.cpp, 603] - Read CC1020 completed, Address=0x0009, Data=0xFA
2013/07/17 23:47:16:933 [006488] TRACE [Prb.cpp, 584] - Reading CC1020, Address=0x000A
2013/07/17 23:47:16:934 [006488] TRACE [Prb.cpp, 1035] - ReadCC1020Packet(0x0A):01 00 0C 46 84 00 02 00 0A A1 75 0D 
2013/07/17 23:47:16:934 [006320] TRACE [Prb.cpp, 835] - RxStream contents:01 00 0C 09 06 46 00 01 CB 49 7D 0D 
2013/07/17 23:47:16:935 [006320] TRACE [Prb.cpp, 943] - RadioBoardPacket(ACK):01 00 0C 09 06 46 00 01 CB 49 7D 0D 
2013/07/17 23:47:16:935 [006488] DEBUG [Prb.cpp, 603] - Read CC1020 completed, Address=0x000A, Data=0xCB
2013/07/17 23:47:16:936 [006488] TRACE [Prb.cpp, 584] - Reading CC1020, Address=0x000F
2013/07/17 23:47:16:936 [006488] TRACE [Prb.cpp, 1035] - ReadCC1020Packet(0x0F):01 00 0C 47 84 00 02 00 0F 59 68 0D 
2013/07/17 23:47:16:936 [006320] TRACE [Prb.cpp, 835] - RxStream contents:01 00 0C 0A 06 47 00 01 DF 55 06 0D 
2013/07/17 23:47:16:937 [006320] TRACE [Prb.cpp, 943] - RadioBoardPacket(ACK):01 00 0C 0A 06 47 00 01 DF 55 06 0D 
2013/07/17 23:47:16:938 [006488] DEBUG [Prb.cpp, 603] - Read CC1020 completed, Address=0x000F, Data=0xDF
2013/07/17 23:47:16:938 [006488] TRACE [Prb.cpp, 584] - Reading CC1020, Address=0x0010
2013/07/17 23:47:16:939 [006488] TRACE [Prb.cpp, 1035] - ReadCC1020Packet(0x10):01 00 0C 48 84 00 02 00 10 F1 26 0D 
2013/07/17 23:47:16:939 [006320] TRACE [Prb.cpp, 835] - RxStream contents:01 00 0C 0B 06 48 00 01 80 60 C7 0D 
2013/07/17 23:47:16:940 [006320] TRACE [Prb.cpp, 943] - RadioBoardPacket(ACK):01 00 0C 0B 06 48 00 01 80 60 C7 0D 
2013/07/17 23:47:16:940 [006488] DEBUG [Prb.cpp, 603] - Read CC1020 completed, Address=0x0010, Data=0x80
2013/07/17 23:47:16:941 [006488] TRACE [Prb.cpp, 584] - Reading CC1020, Address=0x0013
2013/07/17 23:47:16:942 [006488] TRACE [Prb.cpp, 1035] - ReadCC1020Packet(0x13):01 00 0C 49 84 00 02 00 13 09 2F 0D 
2013/07/17 23:47:16:942 [006320] TRACE [Prb.cpp, 835] - RxStream contents:01 00 0C 0C 06 49 00 01 33 1F 6B 0D 
2013/07/17 23:47:16:943 [006320] TRACE [Prb.cpp, 943] - RadioBoardPacket(ACK):01 00 0C 0C 06 49 00 01 33 1F 6B 0D 
2013/07/17 23:47:16:943 [006488] DEBUG [Prb.cpp, 603] - Read CC1020 completed, Address=0x0013, Data=0x33
2013/07/17 23:47:16:944 [006488] TRACE [Prb.cpp, 584] - Reading CC1020, Address=0x0014
2013/07/17 23:47:16:944 [006488] TRACE [Prb.cpp, 1035] - ReadCC1020Packet(0x14):01 00 0C 4A 84 00 02 00 14 01 3E 0D 
2013/07/17 23:47:16:944 [006320] TRACE [Prb.cpp, 835] - RxStream contents:01 00 0C 0D 06 4A 00 01 3D 5B 4F 0D 
2013/07/17 23:47:16:945 [006320] TRACE [Prb.cpp, 943] - RadioBoardPacket(ACK):01 00 0C 0D 06 4A 00 01 3D 5B 4F 0D 
2013/07/17 23:47:16:946 [006488] DEBUG [Prb.cpp, 603] - Read CC1020 completed, Address=0x0014, Data=0x3D
2013/07/17 23:47:16:946 [006488] TRACE [Prb.cpp, 584] - Reading CC1020, Address=0x0043
2013/07/17 23:47:16:947 [006488] TRACE [Prb.cpp, 1035] - ReadCC1020Packet(0x43):01 00 0C 4B 84 00 02 00 43 78 CC 0D 
2013/07/17 23:47:16:947 [006320] TRACE [Prb.cpp, 835] - RxStream contents:01 00 0C 0E 06 4B 00 01 00 C7 C1 0D 
2013/07/17 23:47:16:948 [006320] TRACE [Prb.cpp, 943] - RadioBoardPacket(ACK):01 00 0C 0E 06 4B 00 01 00 C7 C1 0D 
2013/07/17 23:47:16:948 [006488] DEBUG [Prb.cpp, 603] - Read CC1020 completed, Address=0x0043, Data=0x00
2013/07/17 23:47:16:949 [006488] DEBUG [ComSysDiagnostics.cpp, 63] - CC1020 [Scan complete] FREQ_2A: 0x35 FREQ_1A: 0xf0 FREQ_0A: 0x21
2013/07/17 23:47:16:949 [006488] DEBUG [ComSysDiagnostics.cpp, 67] - CC1020 [Scan complete] FREQ_2B: 0x35 FREQ_1B: 0xfa FREQ_0B: 0xcb
2013/07/17 23:47:16:950 [006488] DEBUG [ComSysDiagnostics.cpp, 72] - CC1020 [Scan complete] AFC_CONTROL: 0xdf FILTER: 0x80 VGA3: 0x33 VGA4: 0x3d AFC: 0x00
2013/07/17 23:47:16:950 [006488] INFO [CommunicationSystemStates.cpp, 173] - Found 1 valid ids during the scan operation.
2013/07/17 23:47:16:951 [006488] INFO [CommunicationSystemStates.cpp, 190] - Id: 0x801c0094.
2013/07/17 23:47:16:951 [006488] INFO [CommunicationSystemStates.cpp, 198] - Found 0 invalid ids during the scan operation.
2013/07/17 23:47:16:965 [002024] TRACE [Prb.cpp, 493] - Reading FPGA, Address=0x1004
2013/07/17 23:47:16:966 [002024] TRACE [Prb.cpp, 1035] - ReadFPGAPacket(0x1004):01 00 0C 4C 82 00 02 10 04 F0 4B 0D 
2013/07/17 23:47:16:966 [006320] TRACE [Prb.cpp, 835] - RxStream contents:01 00 0C 0F 06 4C 00 01 00 D3 C1 0D 
2013/07/17 23:47:16:967 [006320] TRACE [Prb.cpp, 943] - RadioBoardPacket(ACK):01 00 0C 0F 06 4C 00 01 00 D3 C1 0D 
2013/07/17 23:47:16:968 [002024] DEBUG [Prb.cpp, 512] - Read FPGA completed, Address=0x1004, Data=0x00
2013/07/17 23:47:16:968 [002024] TRACE [Prb.cpp, 448] - Writing FPGA, Address=0x1004, Data=0x00
2013/07/17 23:47:16:969 [002024] TRACE [Prb.cpp, 1035] - WriteFPGAPacket(0x1004, 0x00):01 00 0D 4D 81 00 03 10 04 00 C4 36 0D 
2013/07/17 23:47:16:969 [006320] TRACE [Prb.cpp, 835] - RxStream contents:01 00 0B 10 06 4D 00 00 32 6E 0D 
2013/07/17 23:47:16:970 [006320] TRACE [Prb.cpp, 943] - RadioBoardPacket(ACK):01 00 0B 10 06 4D 00 00 32 6E 0D 
2013/07/17 23:47:16:971 [002024] DEBUG [Prb.cpp, 466] - Write FPGA completed, Address=0x1004, Data=0x00
2013/07/17 23:47:16:972 [006284] INFO [CrossTalkDetectorStates.cpp, 98] - LinkTimeout = 4523 ms
2013/07/17 23:47:16:973 [006284] INFO [CrossTalkDetector.cpp, 68] - CrossTalkDetector state changing from IdleState to LinkingState
2013/07/17 23:47:16:974 [006284] INFO [CommunicationSystemStates.cpp, 147] - Link requested. Id: 0x801c0094. Preamble Burst Duration: 2 seconds. Preamble Burst Data Rate: 0.
2013/07/17 23:47:16:976 [006284] DEBUG [ComSysDiagnostics.cpp, 95] - Resetting FPGA Frame Error Counter
2013/07/17 23:47:16:977 [006284] TRACE [Prb.cpp, 448] - Writing FPGA, Address=0x301C, Data=0x00
2013/07/17 23:47:16:978 [006284] TRACE [Prb.cpp, 1035] - WriteFPGAPacket(0x301C, 0x00):01 00 0D 4E 81 00 03 30 1C 00 15 85 0D 
2013/07/17 23:47:16:978 [006320] TRACE [Prb.cpp, 835] - RxStream contents:01 00 0B 11 06 4E 00 00 B2 29 0D 
2013/07/17 23:47:16:979 [006320] TRACE [Prb.cpp, 943] - RadioBoardPacket(ACK):01 00 0B 11 06 4E 00 00 B2 29 0D 
2013/07/17 23:47:16:979 [006284] DEBUG [Prb.cpp, 466] - Write FPGA completed, Address=0x301C, Data=0x00
2013/07/17 23:47:16:980 [006284] TRACE [Prb.cpp, 448] - Writing FPGA, Address=0x2000, Data=0x80
2013/07/17 23:47:16:980 [006284] TRACE [Prb.cpp, 1035] - WriteFPGAPacket(0x2000, 0x80):01 00 0D 4F 81 00 03 20 00 80 5E D5 0D 
2013/07/17 23:47:16:980 [006320] TRACE [Prb.cpp, 835] - RxStream contents:01 00 0B 12 06 4F 00 00 32 B6 0D 
2013/07/17 23:47:16:981 [006320] TRACE [Prb.cpp, 943] - RadioBoardPacket(ACK):01 00 0B 12 06 4F 00 00 32 B6 0D 
2013/07/17 23:47:16:982 [006284] DEBUG [Prb.cpp, 466] - Write FPGA completed, Address=0x2000, Data=0x80
2013/07/17 23:47:16:982 [006284] TRACE [Prb.cpp, 448] - Writing FPGA, Address=0x2002, Data=0x1C
2013/07/17 23:47:16:983 [006284] TRACE [Prb.cpp, 1035] - WriteFPGAPacket(0x2002, 0x1C):01 00 0D 50 81 00 03 20 02 1C 4F 6D 0D 
2013/07/17 23:47:16:983 [006320] TRACE [Prb.cpp, 835] - RxStream contents:01 00 0B 13 06 50 00 00 33 42 0D 
2013/07/17 23:47:16:984 [006320] TRACE [Prb.cpp, 943] - RadioBoardPacket(ACK):01 00 0B 13 06 50 00 00 33 42 0D 
2013/07/17 23:47:16:984 [006284] DEBUG [Prb.cpp, 466] - Write FPGA completed, Address=0x2002, Data=0x1C
2013/07/17 23:47:16:985 [006284] TRACE [Prb.cpp, 448] - Writing FPGA, Address=0x2004, Data=0x00
2013/07/17 23:47:16:986 [006284] TRACE [Prb.cpp, 1035] - WriteFPGAPacket(0x2004, 0x00):01 00 0D 51 81 00 03 20 04 00 5A 35 0D 
2013/07/17 23:47:16:986 [006320] TRACE [Prb.cpp, 835] - RxStream contents:01 00 0B 14 06 51 00 00 32 3E 0D 
2013/07/17 23:47:16:987 [006320] TRACE [Prb.cpp, 943] - RadioBoardPacket(ACK):01 00 0B 14 06 51 00 00 32 3E 0D 
2013/07/17 23:47:16:987 [006284] DEBUG [Prb.cpp, 466] - Write FPGA completed, Address=0x2004, Data=0x00
2013/07/17 23:47:16:987 [006284] TRACE [Prb.cpp, 448] - Writing FPGA, Address=0x2006, Data=0x94
2013/07/17 23:47:16:988 [006284] TRACE [Prb.cpp, 1035] - WriteFPGAPacket(0x2006, 0x94):01 00 0D 52 81 00 03 20 06 94 56 7D 0D 
2013/07/17 23:47:16:988 [006320] TRACE [Prb.cpp, 835] - RxStream contents:01 00 0B 15 06 52 00 00 B2 79 0D 
2013/07/17 23:47:16:989 [006320] TRACE [Prb.cpp, 943] - RadioBoardPacket(ACK):01 00 0B 15 06 52 00 00 B2 79 0D 
2013/07/17 23:47:16:989 [006284] DEBUG [Prb.cpp, 466] - Write FPGA completed, Address=0x2006, Data=0x94
2013/07/17 23:47:16:990 [006284] TRACE [Prb.cpp, 448] - Writing FPGA, Address=0x1002, Data=0x02
2013/07/17 23:47:16:991 [006284] TRACE [Prb.cpp, 1035] - WriteFPGAPacket(0x1002, 0x02):01 00 0D 53 81 00 03 10 02 02 4F D9 0D 
2013/07/17 23:47:16:991 [006320] TRACE [Prb.cpp, 835] - RxStream contents:01 00 0B 16 06 53 00 00 32 E6 0D 
2013/07/17 23:47:16:991 [006320] TRACE [Prb.cpp, 943] - RadioBoardPacket(ACK):01 00 0B 16 06 53 00 00 32 E6 0D 
2013/07/17 23:47:16:992 [006284] DEBUG [Prb.cpp, 466] - Write FPGA completed, Address=0x1002, Data=0x02
2013/07/17 23:47:16:992 [006284] TRACE [Prb.cpp, 493] - Reading FPGA, Address=0x1004
2013/07/17 23:47:16:993 [006284] TRACE [Prb.cpp, 1035] - ReadFPGAPacket(0x1004):01 00 0C 54 82 00 02 10 04 30 50 0D 
2013/07/17 23:47:16:993 [006320] TRACE [Prb.cpp, 835] - RxStream contents:01 00 0C 17 06 54 00 01 00 73 DF 0D 
2013/07/17 23:47:16:994 [006320] TRACE [Prb.cpp, 943] - RadioBoardPacket(ACK):01 00 0C 17 06 54 00 01 00 73 DF 0D 
2013/07/17 23:47:16:994 [006284] DEBUG [Prb.cpp, 512] - Read FPGA completed, Address=0x1004, Data=0x00
2013/07/17 23:47:16:995 [006284] TRACE [Prb.cpp, 448] - Writing FPGA, Address=0x1004, Data=0x00
2013/07/17 23:47:16:996 [006284] TRACE [Prb.cpp, 1035] - WriteFPGAPacket(0x1004, 0x00):01 00 0D 55 81 00 03 10 04 00 DD B6 0D 
2013/07/17 23:47:16:996 [006320] TRACE [Prb.cpp, 835] - RxStream contents:01 00 0B 18 06 55 00 00 B0 4D 0D 
2013/07/17 23:47:16:996 [006320] TRACE [Prb.cpp, 943] - RadioBoardPacket(ACK):01 00 0B 18 06 55 00 00 B0 4D 0D 
2013/07/17 23:47:16:997 [006284] DEBUG [Prb.cpp, 466] - Write FPGA completed, Address=0x1004, Data=0x00
2013/07/17 23:47:16:997 [006284] TRACE [Prb.cpp, 448] - Writing FPGA, Address=0x1008, Data=0x04
2013/07/17 23:47:16:998 [006284] TRACE [Prb.cpp, 1035] - WriteFPGAPacket(0x1008, 0x04):01 00 0D 56 81 00 03 10 08 04 76 9D 0D 
2013/07/17 23:47:16:998 [006320] TRACE [Prb.cpp, 835] - RxStream contents:01 00 0B 19 06 56 00 00 30 0A 0D 
2013/07/17 23:47:16:999 [006320] TRACE [Prb.cpp, 943] - RadioBoardPacket(ACK):01 00 0B 19 06 56 00 00 30 0A 0D 
2013/07/17 23:47:16:999 [006284] DEBUG [Prb.cpp, 466] - Write FPGA completed, Address=0x1008, Data=0x04
2013/07/17 23:47:20:058 [006488] INFO [CrossTalkDetectorStates.cpp, 174] - Invalid frame while linking
2013/07/17 23:47:20:059 [006488] TRACE [Prb.cpp, 493] - Reading FPGA, Address=0x3018
2013/07/17 23:47:20:060 [006488] TRACE [Prb.cpp, 1035] - ReadFPGAPacket(0x3018):01 00 0C 57 82 00 02 30 18 78 18 0D 
2013/07/17 23:47:20:060 [006320] TRACE [Prb.cpp, 835] - RxStream contents:01 00 0C 1B 06 57 00 01 40 6E 53 0D 
2013/07/17 23:47:20:061 [006320] TRACE [Prb.cpp, 943] - RadioBoardPacket(ACK):01 00 0C 1B 06 57 00 01 40 6E 53 0D 
2013/07/17 23:47:20:061 [006488] DEBUG [Prb.cpp, 512] - Read FPGA completed, Address=0x3018, Data=0x40
2013/07/17 23:47:20:062 [006488] TRACE [Prb.cpp, 493] - Reading FPGA, Address=0x301A
2013/07/17 23:47:20:063 [006488] TRACE [Prb.cpp, 1035] - ReadFPGAPacket(0x301A):01 00 0C 58 82 00 02 30 1A D0 18 0D 
2013/07/17 23:47:20:063 [006320] TRACE [Prb.cpp, 835] - RxStream contents:01 00 0C 1C 06 58 00 01 00 4B D6 0D 
2013/07/17 23:47:20:064 [006320] TRACE [Prb.cpp, 943] - RadioBoardPacket(ACK):01 00 0C 1C 06 58 00 01 00 4B D6 0D 
2013/07/17 23:47:20:064 [006488] DEBUG [Prb.cpp, 512] - Read FPGA completed, Address=0x301A, Data=0x00
2013/07/17 23:47:20:065 [006488] TRACE [Prb.cpp, 493] - Reading FPGA, Address=0x3070
2013/07/17 23:47:20:066 [006488] TRACE [Prb.cpp, 1035] - ReadFPGAPacket(0x3070):01 00 0C 59 82 00 02 30 70 29 67 0D 
2013/07/17 23:47:20:066 [006320] TRACE [Prb.cpp, 835] - RxStream contents:01 00 0C 1D 06 59 00 01 FF 25 D4 0D 
2013/07/17 23:47:20:067 [006320] TRACE [Prb.cpp, 943] - RadioBoardPacket(ACK):01 00 0C 1D 06 59 00 01 FF 25 D4 0D 
2013/07/17 23:47:20:067 [006488] DEBUG [Prb.cpp, 512] - Read FPGA completed, Address=0x3070, Data=0xFF
2013/07/17 23:47:20:068 [006488] DEBUG [ComSysDiagnostics.cpp, 31] - FPGA RSSI/AFC [Linking(invalid frame)] linkedRSSI:64 linkedAFC:0 AFC:255
2013/07/17 23:47:20:073 [006488] TRACE [Prb.cpp, 493] - Reading FPGA, Address=0x3018
2013/07/17 23:47:20:074 [006488] TRACE [Prb.cpp, 1035] - ReadFPGAPacket(0x3018):01 00 0C 5A 82 00 02 30 18 20 14 0D 
2013/07/17 23:47:20:074 [006320] TRACE [Prb.cpp, 835] - RxStream contents:01 00 0C 1F 06 5A 00 01 3F 6B 57 0D 
2013/07/17 23:47:20:075 [006320] TRACE [Prb.cpp, 943] - RadioBoardPacket(ACK):01 00 0C 1F 06 5A 00 01 3F 6B 57 0D 
2013/07/17 23:47:20:076 [006488] DEBUG [Prb.cpp, 512] - Read FPGA completed, Address=0x3018, Data=0x3F
2013/07/17 23:47:20:076 [006488] TRACE [Prb.cpp, 493] - Reading FPGA, Address=0x301A
2013/07/17 23:47:20:077 [006488] TRACE [Prb.cpp, 1035] - ReadFPGAPacket(0x301A):01 00 0C 5B 82 00 02 30 1A 58 18 0D 
2013/07/17 23:47:20:077 [006320] TRACE [Prb.cpp, 835] - RxStream contents:01 00 0C 20 06 5B 00 01 FF D5 E8 0D 
2013/07/17 23:47:20:078 [006320] TRACE [Prb.cpp, 943] - RadioBoardPacket(ACK):01 00 0C 20 06 5B 00 01 FF D5 E8 0D 
2013/07/17 23:47:20:079 [006488] DEBUG [Prb.cpp, 512] - Read FPGA completed, Address=0x301A, Data=0xFF
2013/07/17 23:47:20:079 [006488] TRACE [Prb.cpp, 493] - Reading FPGA, Address=0x3070
2013/07/17 23:47:20:080 [006488] TRACE [Prb.cpp, 1035] - ReadFPGAPacket(0x3070):01 00 0C 5C 82 00 02 30 70 31 62 0D 
2013/07/17 23:47:20:080 [006320] TRACE [Prb.cpp, 835] - RxStream contents:01 00 0C 21 06 5C 00 01 00 C3 EA 0D 
2013/07/17 23:47:20:081 [006320] TRACE [Prb.cpp, 943] - RadioBoardPacket(ACK):01 00 0C 21 06 5C 00 01 00 C3 EA 0D 
2013/07/17 23:47:20:081 [006488] DEBUG [Prb.cpp, 512] - Read FPGA completed, Address=0x3070, Data=0x00
2013/07/17 23:47:20:082 [006488] DEBUG [ComSysDiagnostics.cpp, 31] - FPGA RSSI/AFC [Linking(valid frame)] linkedRSSI:63 linkedAFC:255 AFC:0
2013/07/17 23:47:20:087 [006488] TRACE [Prb.cpp, 493] - Reading FPGA, Address=0x3018
2013/07/17 23:47:20:087 [006488] TRACE [Prb.cpp, 1035] - ReadFPGAPacket(0x3018):01 00 0C 5D 82 00 02 30 18 48 12 0D 
2013/07/17 23:47:20:087 [006320] TRACE [Prb.cpp, 835] - RxStream contents:01 00 0C 23 06 5D 00 01 3F 27 68 0D 
2013/07/17 23:47:20:089 [006320] TRACE [Prb.cpp, 943] - RadioBoardPacket(ACK):01 00 0C 23 06 5D 00 01 3F 27 68 0D 
2013/07/17 23:47:20:089 [006488] DEBUG [Prb.cpp, 512] - Read FPGA completed, Address=0x3018, Data=0x3F
2013/07/17 23:47:20:090 [006488] TRACE [Prb.cpp, 493] - Reading FPGA, Address=0x301A
2013/07/17 23:47:20:090 [006488] TRACE [Prb.cpp, 1035] - ReadFPGAPacket(0x301A):01 00 0C 5E 82 00 02 30 1A 40 1D 0D 
2013/07/17 23:47:20:090 [006320] TRACE [Prb.cpp, 835] - RxStream contents:01 00 0C 24 06 5E 00 01 00 73 EC 0D 
2013/07/17 23:47:20:091 [006320] TRACE [Prb.cpp, 943] - RadioBoardPacket(ACK):01 00 0C 24 06 5E 00 01 00 73 EC 0D 
2013/07/17 23:47:20:092 [006488] DEBUG [Prb.cpp, 512] - Read FPGA completed, Address=0x301A, Data=0x00
2013/07/17 23:47:20:092 [006488] TRACE [Prb.cpp, 493] - Reading FPGA, Address=0x3070
2013/07/17 23:47:20:093 [006488] TRACE [Prb.cpp, 1035] - ReadFPGAPacket(0x3070):01 00 0C 5F 82 00 02 30 70 B9 62 0D 
2013/07/17 23:47:20:093 [006320] TRACE [Prb.cpp, 835] - RxStream contents:01 00 0C 25 06 5F 00 01 00 1F EC 0D 
2013/07/17 23:47:20:094 [006320] TRACE [Prb.cpp, 943] - RadioBoardPacket(ACK):01 00 0C 25 06 5F 00 01 00 1F EC 0D 
2013/07/17 23:47:20:094 [006488] DEBUG [Prb.cpp, 512] - Read FPGA completed, Address=0x3070, Data=0x00
2013/07/17 23:47:20:095 [006488] DEBUG [ComSysDiagnostics.cpp, 31] - FPGA RSSI/AFC [Linking(valid frame)] linkedRSSI:63 linkedAFC:0 AFC:0
2013/07/17 23:47:20:105 [006488] TRACE [Prb.cpp, 493] - Reading FPGA, Address=0x3018
2013/07/17 23:47:20:106 [006488] TRACE [Prb.cpp, 1035] - ReadFPGAPacket(0x3018):01 00 0C 60 82 00 02 30 18 10 2D 0D 
2013/07/17 23:47:20:106 [006320] TRACE [Prb.cpp, 835] - RxStream contents:01 00 0C 27 06 60 00 01 3F 63 67 0D 
2013/07/17 23:47:20:107 [006320] TRACE [Prb.cpp, 943] - RadioBoardPacket(ACK):01 00 0C 27 06 60 00 01 3F 63 67 0D 
2013/07/17 23:47:20:107 [006488] DEBUG [Prb.cpp, 512] - Read FPGA completed, Address=0x3018, Data=0x3F
2013/07/17 23:47:20:108 [006488] TRACE [Prb.cpp, 493] - Reading FPGA, Address=0x301A
2013/07/17 23:47:20:109 [006488] TRACE [Prb.cpp, 1035] - ReadFPGAPacket(0x301A):01 00 0C 61 82 00 02 30 1A 68 21 0D 
2013/07/17 23:47:20:109 [006320] TRACE [Prb.cpp, 835] - RxStream contents:01 00 0C 28 06 61 00 01 01 5F EC 0D 
2013/07/17 23:47:20:110 [006320] TRACE [Prb.cpp, 943] - RadioBoardPacket(ACK):01 00 0C 28 06 61 00 01 01 5F EC 0D 
2013/07/17 23:47:20:110 [006488] DEBUG [Prb.cpp, 512] - Read FPGA completed, Address=0x301A, Data=0x01
2013/07/17 23:47:20:111 [006488] TRACE [Prb.cpp, 493] - Reading FPGA, Address=0x3070
2013/07/17 23:47:20:112 [006488] TRACE [Prb.cpp, 1035] - ReadFPGAPacket(0x3070):01 00 0C 62 82 00 02 30 70 E1 5D 0D 
2013/07/17 23:47:20:112 [006320] TRACE [Prb.cpp, 835] - RxStream contents:01 00 0C 29 06 62 00 01 00 1B EA 0D 
2013/07/17 23:47:20:113 [006320] TRACE [Prb.cpp, 943] - RadioBoardPacket(ACK):01 00 0C 29 06 62 00 01 00 1B EA 0D 
2013/07/17 23:47:20:113 [006488] DEBUG [Prb.cpp, 512] - Read FPGA completed, Address=0x3070, Data=0x00
2013/07/17 23:47:20:114 [006488] DEBUG [ComSysDiagnostics.cpp, 31] - FPGA RSSI/AFC [Linking(valid frame)] linkedRSSI:63 linkedAFC:1 AFC:0
2013/07/17 23:47:20:120 [006488] TRACE [Prb.cpp, 493] - Reading FPGA, Address=0x3018
2013/07/17 23:47:20:120 [006488] TRACE [Prb.cpp, 1035] - ReadFPGAPacket(0x3018):01 00 0C 63 82 00 02 30 18 98 2D 0D 
2013/07/17 23:47:20:120 [006320] TRACE [Prb.cpp, 835] - RxStream contents:01 00 0C 2B 06 63 00 01 3F FF 68 0D 
2013/07/17 23:47:20:121 [006320] TRACE [Prb.cpp, 943] - RadioBoardPacket(ACK):01 00 0C 2B 06 63 00 01 3F FF 68 0D 
2013/07/17 23:47:20:122 [006488] DEBUG [Prb.cpp, 512] - Read FPGA completed, Address=0x3018, Data=0x3F
2013/07/17 23:47:20:123 [006488] TRACE [Prb.cpp, 493] - Reading FPGA, Address=0x301A
2013/07/17 23:47:20:123 [006488] TRACE [Prb.cpp, 1035] - ReadFPGAPacket(0x301A):01 00 0C 64 82 00 02 30 1A 70 24 0D 
2013/07/17 23:47:20:123 [006320] TRACE [Prb.cpp, 835] - RxStream contents:01 00 0C 2C 06 64 00 01 02 FB E0 0D 
2013/07/17 23:47:20:124 [006320] TRACE [Prb.cpp, 943] - RadioBoardPacket(ACK):01 00 0C 2C 06 64 00 01 02 FB E0 0D 
2013/07/17 23:47:20:125 [006488] DEBUG [Prb.cpp, 512] - Read FPGA completed, Address=0x301A, Data=0x02
2013/07/17 23:47:20:126 [006488] TRACE [Prb.cpp, 493] - Reading FPGA, Address=0x3070
2013/07/17 23:47:20:126 [006488] TRACE [Prb.cpp, 1035] - ReadFPGAPacket(0x3070):01 00 0C 65 82 00 02 30 70 89 5B 0D 
2013/07/17 23:47:20:126 [006320] TRACE [Prb.cpp, 835] - RxStream contents:01 00 0C 2D 06 65 00 01 00 17 EF 0D 
2013/07/17 23:47:20:127 [006320] TRACE [Prb.cpp, 943] - RadioBoardPacket(ACK):01 00 0C 2D 06 65 00 01 00 17 EF 0D 
2013/07/17 23:47:20:128 [006488] DEBUG [Prb.cpp, 512] - Read FPGA completed, Address=0x3070, Data=0x00
2013/07/17 23:47:20:128 [006488] DEBUG [ComSysDiagnostics.cpp, 31] - FPGA RSSI/AFC [Linking(valid frame)] linkedRSSI:63 linkedAFC:2 AFC:0
2013/07/17 23:47:20:134 [006488] TRACE [Prb.cpp, 493] - Reading FPGA, Address=0x3018
2013/07/17 23:47:20:134 [006488] TRACE [Prb.cpp, 1035] - ReadFPGAPacket(0x3018):01 00 0C 66 82 00 02 30 18 80 28 0D 
2013/07/17 23:47:20:134 [006320] TRACE [Prb.cpp, 835] - RxStream contents:01 00 0C 2F 06 66 00 01 3E DB 6B 0D 
2013/07/17 23:47:20:135 [006320] TRACE [Prb.cpp, 943] - RadioBoardPacket(ACK):01 00 0C 2F 06 66 00 01 3E DB 6B 0D 
2013/07/17 23:47:20:136 [006488] DEBUG [Prb.cpp, 512] - Read FPGA completed, Address=0x3018, Data=0x3E
2013/07/17 23:47:20:136 [006488] TRACE [Prb.cpp, 493] - Reading FPGA, Address=0x301A
2013/07/17 23:47:20:137 [006488] TRACE [Prb.cpp, 1035] - ReadFPGAPacket(0x301A):01 00 0C 67 82 00 02 30 1A F8 24 0D 
2013/07/17 23:47:20:137 [006320] TRACE [Prb.cpp, 835] - RxStream contents:01 00 0C 30 06 67 00 01 01 E7 F7 0D 
2013/07/17 23:47:20:138 [006320] TRACE [Prb.cpp, 943] - RadioBoardPacket(ACK):01 00 0C 30 06 67 00 01 01 E7 F7 0D 
2013/07/17 23:47:20:138 [006488] DEBUG [Prb.cpp, 512] - Read FPGA completed, Address=0x301A, Data=0x01
2013/07/17 23:47:20:139 [006488] TRACE [Prb.cpp, 493] - Reading FPGA, Address=0x3070
2013/07/17 23:47:20:140 [006488] TRACE [Prb.cpp, 1035] - ReadFPGAPacket(0x3070):01 00 0C 68 82 00 02 30 70 D1 57 0D 
2013/07/17 23:47:20:140 [006320] TRACE [Prb.cpp, 835] - RxStream contents:01 00 0C 31 06 68 00 01 00 53 F1 0D 
2013/07/17 23:47:20:141 [006320] TRACE [Prb.cpp, 943] - RadioBoardPacket(ACK):01 00 0C 31 06 68 00 01 00 53 F1 0D 
2013/07/17 23:47:20:141 [006488] DEBUG [Prb.cpp, 512] - Read FPGA completed, Address=0x3070, Data=0x00
2013/07/17 23:47:20:142 [006488] DEBUG [ComSysDiagnostics.cpp, 31] - FPGA RSSI/AFC [Linking(valid frame)] linkedRSSI:62 linkedAFC:1 AFC:0
2013/07/17 23:47:20:152 [006488] TRACE [Prb.cpp, 493] - Reading FPGA, Address=0x3018
2013/07/17 23:47:20:153 [006488] TRACE [Prb.cpp, 1035] - ReadFPGAPacket(0x3018):01 00 0C 69 82 00 02 30 18 A8 27 0D 
2013/07/17 23:47:20:153 [006320] TRACE [Prb.cpp, 835] - RxStream contents:01 00 0C 33 06 69 00 01 3F B7 73 0D 
2013/07/17 23:47:20:154 [006320] TRACE [Prb.cpp, 943] - RadioBoardPacket(ACK):01 00 0C 33 06 69 00 01 3F B7 73 0D 
2013/07/17 23:47:20:154 [006488] DEBUG [Prb.cpp, 512] - Read FPGA completed, Address=0x3018, Data=0x3F
2013/07/17 23:47:20:155 [006488] TRACE [Prb.cpp, 493] - Reading FPGA, Address=0x301A
2013/07/17 23:47:20:155 [006488] TRACE [Prb.cpp, 1035] - ReadFPGAPacket(0x301A):01 00 0C 6A 82 00 02 30 1A A0 28 0D 
2013/07/17 23:47:20:155 [006320] TRACE [Prb.cpp, 835] - RxStream contents:01 00 0C 34 06 6A 00 01 00 E3 F7 0D 
2013/07/17 23:47:20:156 [006320] TRACE [Prb.cpp, 943] - RadioBoardPacket(ACK):01 00 0C 34 06 6A 00 01 00 E3 F7 0D 
2013/07/17 23:47:20:157 [006488] DEBUG [Prb.cpp, 512] - Read FPGA completed, Address=0x301A, Data=0x00
2013/07/17 23:47:20:157 [006488] TRACE [Prb.cpp, 493] - Reading FPGA, Address=0x3070
2013/07/17 23:47:20:158 [006488] TRACE [Prb.cpp, 1035] - ReadFPGAPacket(0x3070):01 00 0C 6B 82 00 02 30 70 59 57 0D 
2013/07/17 23:47:20:158 [006320] TRACE [Prb.cpp, 835] - RxStream contents:01 00 0C 35 06 6B 00 01 00 8F F7 0D 
2013/07/17 23:47:20:159 [006320] TRACE [Prb.cpp, 943] - RadioBoardPacket(ACK):01 00 0C 35 06 6B 00 01 00 8F F7 0D 
2013/07/17 23:47:20:160 [006488] DEBUG [Prb.cpp, 512] - Read FPGA completed, Address=0x3070, Data=0x00
2013/07/17 23:47:20:160 [006488] DEBUG [ComSysDiagnostics.cpp, 31] - FPGA RSSI/AFC [Linking(valid frame)] linkedRSSI:63 linkedAFC:0 AFC:0
2013/07/17 23:47:20:166 [006488] TRACE [Prb.cpp, 493] - Reading FPGA, Address=0x3018
2013/07/17 23:47:20:167 [006488] TRACE [Prb.cpp, 1035] - ReadFPGAPacket(0x3018):01 00 0C 6C 82 00 02 30 18 B0 22 0D 
2013/07/17 23:47:20:167 [006320] TRACE [Prb.cpp, 835] - RxStream contents:01 00 0C 37 06 6C 00 01 3F 13 75 0D 
2013/07/17 23:47:20:168 [006320] TRACE [Prb.cpp, 943] - RadioBoardPacket(ACK):01 00 0C 37 06 6C 00 01 3F 13 75 0D 
2013/07/17 23:47:20:168 [006488] DEBUG [Prb.cpp, 512] - Read FPGA completed, Address=0x3018, Data=0x3F
2013/07/17 23:47:20:169 [006488] TRACE [Prb.cpp, 493] - Reading FPGA, Address=0x301A
2013/07/17 23:47:20:170 [006488] TRACE [Prb.cpp, 1035] - ReadFPGAPacket(0x301A):01 00 0C 6D 82 00 02 30 1A C8 2E 0D 
2013/07/17 23:47:20:170 [006320] TRACE [Prb.cpp, 835] - RxStream contents:01 00 0C 38 06 6D 00 01 01 2F FE 0D 
2013/07/17 23:47:20:171 [006320] TRACE [Prb.cpp, 943] - RadioBoardPacket(ACK):01 00 0C 38 06 6D 00 01 01 2F FE 0D 
2013/07/17 23:47:20:171 [006488] DEBUG [Prb.cpp, 512] - Read FPGA completed, Address=0x301A, Data=0x01
2013/07/17 23:47:20:172 [006488] TRACE [Prb.cpp, 493] - Reading FPGA, Address=0x3070
2013/07/17 23:47:20:173 [006488] TRACE [Prb.cpp, 1035] - ReadFPGAPacket(0x3070):01 00 0C 6E 82 00 02 30 70 41 52 0D 
2013/07/17 23:47:20:173 [006320] TRACE [Prb.cpp, 835] - RxStream contents:01 00 0C 39 06 6E 00 01 FF 69 FA 0D 
2013/07/17 23:47:20:174 [006320] TRACE [Prb.cpp, 943] - RadioBoardPacket(ACK):01 00 0C 39 06 6E 00 01 FF 69 FA 0D 
2013/07/17 23:47:20:174 [006488] DEBUG [Prb.cpp, 512] - Read FPGA completed, Address=0x3070, Data=0xFF
2013/07/17 23:47:20:175 [006488] DEBUG [ComSysDiagnostics.cpp, 31] - FPGA RSSI/AFC [Linking(valid frame)] linkedRSSI:63 linkedAFC:1 AFC:255
2013/07/17 23:47:20:180 [006488] TRACE [Prb.cpp, 493] - Reading FPGA, Address=0x3018
2013/07/17 23:47:20:180 [006488] TRACE [Prb.cpp, 1035] - ReadFPGAPacket(0x3018):01 00 0C 6F 82 00 02 30 18 38 22 0D 
2013/07/17 23:47:20:180 [006320] TRACE [Prb.cpp, 835] - RxStream contents:01 00 0C 3B 06 6F 00 01 3F 8F 7A 0D 
2013/07/17 23:47:20:181 [006320] TRACE [Prb.cpp, 943] - RadioBoardPacket(ACK):01 00 0C 3B 06 6F 00 01 3F 8F 7A 0D 
2013/07/17 23:47:20:182 [006488] DEBUG [Prb.cpp, 512] - Read FPGA completed, Address=0x3018, Data=0x3F
2013/07/17 23:47:20:182 [006488] TRACE [Prb.cpp, 493] - Reading FPGA, Address=0x301A
2013/07/17 23:47:20:183 [006488] TRACE [Prb.cpp, 1035] - ReadFPGAPacket(0x301A):01 00 0C 70 82 00 02 30 1A 10 30 0D 
2013/07/17 23:47:20:183 [006320] TRACE [Prb.cpp, 835] - RxStream contents:01 00 0C 3C 06 70 00 01 01 EB FD 0D 
2013/07/17 23:47:20:184 [006320] TRACE [Prb.cpp, 943] - RadioBoardPacket(ACK):01 00 0C 3C 06 70 00 01 01 EB FD 0D 
2013/07/17 23:47:20:184 [006488] DEBUG [Prb.cpp, 512] - Read FPGA completed, Address=0x301A, Data=0x01
2013/07/17 23:47:20:185 [006488] TRACE [Prb.cpp, 493] - Reading FPGA, Address=0x3070
2013/07/17 23:47:20:186 [006320] TRACE [Prb.cpp, 835] - RxStream contents:01 00 0C 3D 06 71 00 01 FF 05 FA 0D 
2013/07/17 23:47:20:186 [006488] TRACE [Prb.cpp, 1035] - ReadFPGAPacket(0x3070):01 00 0C 71 82 00 02 30 70 E9 4F 0D 
2013/07/17 23:47:20:186 [006320] TRACE [Prb.cpp, 943] - RadioBoardPacket(ACK):01 00 0C 3D 06 71 00 01 FF 05 FA 0D 
2013/07/17 23:47:20:187 [006488] DEBUG [Prb.cpp, 512] - Read FPGA completed, Address=0x3070, Data=0xFF
2013/07/17 23:47:20:188 [006488] DEBUG [ComSysDiagnostics.cpp, 31] - FPGA RSSI/AFC [Linking(valid frame)] linkedRSSI:63 linkedAFC:1 AFC:255
2013/07/17 23:47:20:198 [006488] TRACE [Prb.cpp, 584] - Reading CC1020, Address=0x0004
2013/07/17 23:47:20:198 [006488] TRACE [Prb.cpp, 1035] - ReadCC1020Packet(0x04):01 00 0C 72 84 00 02 00 04 C1 67 0D 
2013/07/17 23:47:20:210 [006320] TRACE [Prb.cpp, 943] - RadioBoardPacket(ACK):01 00 0C 3F 06 72 00 01 35 4B 45 0D 
2013/07/17 23:47:20:210 [006488] DEBUG [Prb.cpp, 603] - Read CC1020 completed, Address=0x0004, Data=0x35
2013/07/17 23:47:20:211 [006488] TRACE [Prb.cpp, 584] - Reading CC1020, Address=0x0005
2013/07/17 23:47:20:212 [006488] TRACE [Prb.cpp, 1035] - ReadCC1020Packet(0x05):01 00 0C 73 84 00 02 00 05 B9 61 0D 
2013/07/17 23:47:20:225 [006320] TRACE [Prb.cpp, 835] - RxStream contents:01 00 0C 41 06 73 00 01 EF 0D E1 0D 
2013/07/17 23:47:20:226 [006320] TRACE [Prb.cpp, 943] - RadioBoardPacket(ACK):01 00 0C 41 06 73 00 01 EF 0D E1 0D 
2013/07/17 23:47:20:227 [006488] DEBUG [Prb.cpp, 603] - Read CC1020 completed, Address=0x0005, Data=0xEF
2013/07/17 23:47:20:227 [006488] TRACE [Prb.cpp, 584] - Reading CC1020, Address=0x0006
2013/07/17 23:47:20:228 [006488] TRACE [Prb.cpp, 1035] - ReadCC1020Packet(0x06):01 00 0C 74 84 00 02 00 06 D1 6D 0D 
2013/07/17 23:47:20:241 [006320] TRACE [Prb.cpp, 943] - RadioBoardPacket(ACK):01 00 0C 43 06 74 00 01 BD 10 0E 0D 
2013/07/17 23:47:20:242 [006488] DEBUG [Prb.cpp, 603] - Read CC1020 completed, Address=0x0006, Data=0xBD
2013/07/17 23:47:20:242 [006488] TRACE [Prb.cpp, 584] - Reading CC1020, Address=0x0008
2013/07/17 23:47:20:243 [006488] TRACE [Prb.cpp, 1035] - ReadCC1020Packet(0x08):01 00 0C 75 84 00 02 00 08 A9 49 0D 
2013/07/17 23:47:20:257 [006320] TRACE [Prb.cpp, 835] - RxStream contents:01 00 0C 45 06 75 00 01 35 17 38 0D 
2013/07/17 23:47:20:257 [006320] TRACE [Prb.cpp, 943] - RadioBoardPacket(ACK):01 00 0C 45 06 75 00 01 35 17 38 0D 
2013/07/17 23:47:20:258 [006488] DEBUG [Prb.cpp, 603] - Read CC1020 completed, Address=0x0008, Data=0x35
2013/07/17 23:47:20:258 [006488] TRACE [Prb.cpp, 584] - Reading CC1020, Address=0x0009
2013/07/17 23:47:20:259 [006488] TRACE [Prb.cpp, 1035] - ReadCC1020Packet(0x09):01 00 0C 76 84 00 02 00 09 A1 4C 0D 
2013/07/17 23:47:20:272 [006320] TRACE [Prb.cpp, 943] - RadioBoardPacket(ACK):01 00 0C 47 06 76 00 01 FA 59 99 0D 
2013/07/17 23:47:20:273 [006488] DEBUG [Prb.cpp, 603] - Read CC1020 completed, Address=0x0009, Data=0xFA
2013/07/17 23:47:20:274 [006488] TRACE [Prb.cpp, 584] - Reading CC1020, Address=0x000A
2013/07/17 23:47:20:275 [006488] TRACE [Prb.cpp, 1035] - ReadCC1020Packet(0x0A):01 00 0C 77 84 00 02 00 0A 59 45 0D 
2013/07/17 23:47:20:288 [006320] TRACE [Prb.cpp, 943] - RadioBoardPacket(ACK):01 00 0C 49 06 77 00 01 67 9E DB 0D 
2013/07/17 23:47:20:289 [006488] DEBUG [Prb.cpp, 603] - Read CC1020 completed, Address=0x000A, Data=0x67
2013/07/17 23:47:20:289 [006488] TRACE [Prb.cpp, 584] - Reading CC1020, Address=0x000F
2013/07/17 23:47:20:290 [006488] TRACE [Prb.cpp, 1035] - ReadCC1020Packet(0x0F):01 00 0C 78 84 00 02 00 0F 71 54 0D 
2013/07/17 23:47:20:304 [006320] TRACE [Prb.cpp, 835] - RxStream contents:01 00 0C 4B 06 78 00 01 DF 21 48 0D 
2013/07/17 23:47:20:304 [006320] TRACE [Prb.cpp, 943] - RadioBoardPacket(ACK):01 00 0C 4B 06 78 00 01 DF 21 48 0D 
2013/07/17 23:47:20:305 [006488] DEBUG [Prb.cpp, 603] - Read CC1020 completed, Address=0x000F, Data=0xDF
2013/07/17 23:47:20:305 [006488] TRACE [Prb.cpp, 584] - Reading CC1020, Address=0x0010
2013/07/17 23:47:20:306 [006488] TRACE [Prb.cpp, 1035] - ReadCC1020Packet(0x10):01 00 0C 79 84 00 02 00 10 09 16 0D 
2013/07/17 23:47:20:319 [006320] TRACE [Prb.cpp, 943] - RadioBoardPacket(ACK):01 00 0C 4D 06 79 00 01 22 A7 43 0D 
2013/07/17 23:47:20:320 [006488] DEBUG [Prb.cpp, 603] - Read CC1020 completed, Address=0x0010, Data=0x22
2013/07/17 23:47:20:321 [006488] TRACE [Prb.cpp, 584] - Reading CC1020, Address=0x0013
2013/07/17 23:47:20:321 [006488] TRACE [Prb.cpp, 1035] - ReadCC1020Packet(0x13):01 00 0C 7A 84 00 02 00 13 81 1C 0D 
2013/07/17 23:47:20:335 [006320] TRACE [Prb.cpp, 835] - RxStream contents:01 00 0C 4F 06 7A 00 01 2F 6B 6D 0D 
2013/07/17 23:47:20:336 [006320] TRACE [Prb.cpp, 943] - RadioBoardPacket(ACK):01 00 0C 4F 06 7A 00 01 2F 6B 6D 0D 
2013/07/17 23:47:20:336 [006488] DEBUG [Prb.cpp, 603] - Read CC1020 completed, Address=0x0013, Data=0x2F
2013/07/17 23:47:20:337 [006488] TRACE [Prb.cpp, 584] - Reading CC1020, Address=0x0014
2013/07/17 23:47:20:337 [006488] TRACE [Prb.cpp, 1035] - ReadCC1020Packet(0x14):01 00 0C 7B 84 00 02 00 14 F9 0E 0D 
2013/07/17 23:47:20:351 [006320] TRACE [Prb.cpp, 943] - RadioBoardPacket(ACK):01 00 0C 51 06 7B 00 01 2F AF 70 0D 
2013/07/17 23:47:20:351 [006488] DEBUG [Prb.cpp, 603] - Read CC1020 completed, Address=0x0014, Data=0x2F
2013/07/17 23:47:20:352 [006488] TRACE [Prb.cpp, 584] - Reading CC1020, Address=0x0043
2013/07/17 23:47:20:353 [006488] TRACE [Prb.cpp, 1035] - ReadCC1020Packet(0x43):01 00 0C 7C 84 00 02 00 43 10 F9 0D 
2013/07/17 23:47:20:366 [006320] TRACE [Prb.cpp, 943] - RadioBoardPacket(ACK):01 00 0C 53 06 7C 00 01 00 B3 91 0D 
2013/07/17 23:47:20:367 [006488] DEBUG [Prb.cpp, 603] - Read CC1020 completed, Address=0x0043, Data=0x00
2013/07/17 23:47:20:367 [006488] DEBUG [ComSysDiagnostics.cpp, 63] - CC1020 [Link complete] FREQ_2A: 0x35 FREQ_1A: 0xef FREQ_0A: 0xbd
2013/07/17 23:47:20:368 [006488] DEBUG [ComSysDiagnostics.cpp, 67] - CC1020 [Link complete] FREQ_2B: 0x35 FREQ_1B: 0xfa FREQ_0B: 0x67
2013/07/17 23:47:20:368 [006488] DEBUG [ComSysDiagnostics.cpp, 72] - CC1020 [Link complete] AFC_CONTROL: 0xdf FILTER: 0x22 VGA3: 0x2f VGA4: 0x2f AFC: 0x00
2013/07/17 23:47:20:369 [006488] TRACE [Prb.cpp, 493] - Reading FPGA, Address=0x3018
2013/07/17 23:47:20:370 [006488] TRACE [Prb.cpp, 1035] - ReadFPGAPacket(0x3018):01 00 0C 7D 82 00 02 30 18 C8 33 0D 
2013/07/17 23:47:20:370 [006320] TRACE [Prb.cpp, 835] - RxStream contents:01 00 0C 55 06 7D 00 01 3E 37 10 0D 
2013/07/17 23:47:20:371 [006320] TRACE [Prb.cpp, 943] - RadioBoardPacket(ACK):01 00 0C 55 06 7D 00 01 3E 37 10 0D 
2013/07/17 23:47:20:371 [006488] DEBUG [Prb.cpp, 512] - Read FPGA completed, Address=0x3018, Data=0x3E
2013/07/17 23:47:20:372 [006488] TRACE [Prb.cpp, 493] - Reading FPGA, Address=0x301A
2013/07/17 23:47:20:372 [006488] TRACE [Prb.cpp, 1035] - ReadFPGAPacket(0x301A):01 00 0C 7E 82 00 02 30 1A C0 3C 0D 
2013/07/17 23:47:20:372 [006320] TRACE [Prb.cpp, 835] - RxStream contents:01 00 0C 56 06 7E 00 01 00 03 97 0D 
2013/07/17 23:47:20:373 [006320] TRACE [Prb.cpp, 943] - RadioBoardPacket(ACK):01 00 0C 56 06 7E 00 01 00 03 97 0D 
2013/07/17 23:47:20:374 [006488] DEBUG [Prb.cpp, 512] - Read FPGA completed, Address=0x301A, Data=0x00
2013/07/17 23:47:20:374 [006488] TRACE [Prb.cpp, 493] - Reading FPGA, Address=0x3070
2013/07/17 23:47:20:375 [006488] TRACE [Prb.cpp, 1035] - ReadFPGAPacket(0x3070):01 00 0C 7F 82 00 02 30 70 39 43 0D 
2013/07/17 23:47:20:375 [006320] TRACE [Prb.cpp, 835] - RxStream contents:01 00 0C 57 06 7F 00 01 00 6F 97 0D 
2013/07/17 23:47:20:376 [006320] TRACE [Prb.cpp, 943] - RadioBoardPacket(ACK):01 00 0C 57 06 7F 00 01 00 6F 97 0D 
2013/07/17 23:47:20:376 [006488] DEBUG [Prb.cpp, 512] - Read FPGA completed, Address=0x3070, Data=0x00
2013/07/17 23:47:20:377 [006488] DEBUG [ComSysDiagnostics.cpp, 31] - FPGA RSSI/AFC [Link complete] linkedRSSI:62 linkedAFC:0 AFC:0
2013/07/17 23:47:20:378 [006488] INFO [ComSysDiagnostics.cpp, 79] - Status Counters [Link complete] FrameErrorsInLastSecond:1 EcgErrorsInLastSecond:0 MarkerOrImplantIdErrorsInLastSecond:0 TotalFrameErrors:1 TotalEcgErrors:0 TotalMarkerOrImplantIdErrors:0 TotalSentCommands:0 TotalGoodResponses:0 TotalBadResponses:0 TotalResponseTimeouts:0
2013/07/17 23:47:20:379 [006488] TRACE [Prb.cpp, 493] - Reading FPGA, Address=0x301C
2013/07/17 23:47:20:379 [006488] TRACE [Prb.cpp, 1035] - ReadFPGAPacket(0x301C):01 00 0C 80 82 00 02 30 1C 10 DB 0D 
2013/07/17 23:47:20:379 [006320] TRACE [Prb.cpp, 835] - RxStream contents:01 00 0C 58 06 80 00 01 01 CB B5 0D 
2013/07/17 23:47:20:380 [006320] TRACE [Prb.cpp, 943] - RadioBoardPacket(ACK):01 00 0C 58 06 80 00 01 01 CB B5 0D 
2013/07/17 23:47:20:381 [006488] DEBUG [Prb.cpp, 512] - Read FPGA completed, Address=0x301C, Data=0x01
2013/07/17 23:47:20:381 [006488] DEBUG [ComSysDiagnostics.cpp, 89] - FPGA Frame Error Counter [Link complete]:1
2013/07/17 23:47:20:382 [006488] INFO [CrossTalkDetector.cpp, 68] - CrossTalkDetector state changing from LinkingState to LinkedState
2013/07/17 23:47:20:383 [006488] INFO [CommunicationSystemStates.cpp, 221] - Link complete.
2013/07/17 23:47:20:394 [006284] INFO 0x801C0094 [CommunicationSystemStateMachine.cpp, 237] - Command: 0x82. Retries: 3. Timeout: 78 ms.
2013/07/17 23:47:20:397 [006284] INFO 0x801C0094 [CommunicationSystemStateMachine.cpp, 252] - Send Command:82 04 F5 6C 17 08 
2013/07/17 23:47:20:398 [006284] TRACE 0x801C0094 [Prb.cpp, 493] - Reading FPGA, Address=0x3018
2013/07/17 23:47:20:399 [006284] TRACE 0x801C0094 [Prb.cpp, 1035] - ReadFPGAPacket(0x3018):01 00 0C 81 82 00 02 30 18 68 C3 0D 
2013/07/17 23:47:20:399 [006320] TRACE 0x801C0094 [Prb.cpp, 835] - RxStream contents:01 00 0C 5B 06 81 00 01 40 D6 30 0D 
2013/07/17 23:47:20:400 [006320] TRACE 0x801C0094 [Prb.cpp, 943] - RadioBoardPacket(ACK):01 00 0C 5B 06 81 00 01 40 D6 30 0D 
2013/07/17 23:47:20:401 [006284] DEBUG 0x801C0094 [Prb.cpp, 512] - Read FPGA completed, Address=0x3018, Data=0x40
2013/07/17 23:47:20:402 [006284] TRACE 0x801C0094 [Prb.cpp, 493] - Reading FPGA, Address=0x301A
2013/07/17 23:47:20:402 [006284] TRACE 0x801C0094 [Prb.cpp, 1035] - ReadFPGAPacket(0x301A):01 00 0C 82 82 00 02 30 1A 60 CC 0D 
2013/07/17 23:47:20:403 [006320] TRACE 0x801C0094 [Prb.cpp, 835] - RxStream contents:01 00 0C 5C 06 82 00 01 00 03 B5 0D 
2013/07/17 23:47:20:404 [006320] TRACE 0x801C0094 [Prb.cpp, 943] - RadioBoardPacket(ACK):01 00 0C 5C 06 82 00 01 00 03 B5 0D 
2013/07/17 23:47:20:404 [006284] DEBUG 0x801C0094 [Prb.cpp, 512] - Read FPGA completed, Address=0x301A, Data=0x00
2013/07/17 23:47:20:405 [006284] TRACE 0x801C0094 [Prb.cpp, 493] - Reading FPGA, Address=0x3070
2013/07/17 23:47:20:405 [006284] TRACE 0x801C0094 [Prb.cpp, 1035] - ReadFPGAPacket(0x3070):01 00 0C 83 82 00 02 30 70 99 B3 0D 
2013/07/17 23:47:20:405 [006320] TRACE 0x801C0094 [Prb.cpp, 835] - RxStream contents:01 00 0C 5D 06 83 00 01 00 6F B5 0D 
2013/07/17 23:47:20:406 [006320] TRACE 0x801C0094 [Prb.cpp, 943] - RadioBoardPacket(ACK):01 00 0C 5D 06 83 00 01 00 6F B5 0D 
2013/07/17 23:47:20:407 [006284] DEBUG 0x801C0094 [Prb.cpp, 512] - Read FPGA completed, Address=0x3070, Data=0x00
2013/07/17 23:47:20:407 [006284] DEBUG 0x801C0094 [ComSysDiagnostics.cpp, 31] - FPGA RSSI/AFC [Send Command] linkedRSSI:64 linkedAFC:0 AFC:0
2013/07/17 23:47:20:408 [006284] TRACE 0x801C0094 [Prb.cpp, 383] - Send Command, Command=0x82
2013/07/17 23:47:20:408 [006284] TRACE 0x801C0094 [Prb.cpp, 1035] - WriteTransmitterPacket():01 00 10 84 87 00 06 82 04 F5 6C 17 08 7B B9 0D 
2013/07/17 23:47:20:408 [006320] TRACE 0x801C0094 [Prb.cpp, 835] - RxStream contents:01 00 0B 5E 06 84 00 00 21 0A 0D 
2013/07/17 23:47:20:409 [006320] TRACE 0x801C0094 [Prb.cpp, 943] - RadioBoardPacket(ACK):01 00 0B 5E 06 84 00 00 21 0A 0D 
2013/07/17 23:47:20:410 [006284] DEBUG 0x801C0094 [Prb.cpp, 402] - Send Command completed, Command=0x82
2013/07/17 23:47:20:456 [006488] INFO 0x801C0094 [CommunicationSystemStateMachine.cpp, 773] - Command Completed:82 00 2D FD 10 72 79 8F 
2013/07/17 23:47:20:457 [006488] DEBUG 0x801C0094 [CommunicationSystemStateMachine.cpp, 330] - ... after 15 frames.
2013/07/17 23:47:20:469 [006284] INFO 0x801C0094 [CommunicationSystemStateMachine.cpp, 237] - Command: 0x82. Retries: 3. Timeout: 156 ms.
2013/07/17 23:47:20:469 [006284] INFO 0x801C0094 [CommunicationSystemStateMachine.cpp, 252] - Send Command:92 32 F5 6F 54 BC 
2013/07/17 23:47:20:470 [006284] TRACE 0x801C0094 [Prb.cpp, 493] - Reading FPGA, Address=0x3018
2013/07/17 23:47:20:471 [006284] TRACE 0x801C0094 [Prb.cpp, 1035] - ReadFPGAPacket(0x3018):01 00 0C 85 82 00 02 30 18 88 C5 0D 
2013/07/17 23:47:20:471 [006320] TRACE 0x801C0094 [Prb.cpp, 835] - RxStream contents:01 00 0C 63 06 85 00 01 3A C7 16 0D 
2013/07/17 23:47:20:472 [006320] TRACE 0x801C0094 [Prb.cpp, 943] - RadioBoardPacket(ACK):01 00 0C 63 06 85 00 01 3A C7 16 0D 
2013/07/17 23:47:20:473 [006284] DEBUG 0x801C0094 [Prb.cpp, 512] - Read FPGA completed, Address=0x3018, Data=0x3A
2013/07/17 23:47:20:473 [006284] TRACE 0x801C0094 [Prb.cpp, 493] - Reading FPGA, Address=0x301A
2013/07/17 23:47:20:474 [006284] TRACE 0x801C0094 [Prb.cpp, 1035] - ReadFPGAPacket(0x301A):01 00 0C 86 82 00 02 30 1A 80 CA 0D 
2013/07/17 23:47:20:474 [006320] TRACE 0x801C0094 [Prb.cpp, 835] - RxStream contents:01 00 0C 64 06 86 00 01 FF 91 8E 0D 
2013/07/17 23:47:20:475 [006320] TRACE 0x801C0094 [Prb.cpp, 943] - RadioBoardPacket(ACK):01 00 0C 64 06 86 00 01 FF 91 8E 0D 
2013/07/17 23:47:20:475 [006284] DEBUG 0x801C0094 [Prb.cpp, 512] - Read FPGA completed, Address=0x301A, Data=0xFF
2013/07/17 23:47:20:476 [006284] TRACE 0x801C0094 [Prb.cpp, 493] - Reading FPGA, Address=0x3070
2013/07/17 23:47:20:477 [006284] TRACE 0x801C0094 [Prb.cpp, 1035] - ReadFPGAPacket(0x3070):01 00 0C 87 82 00 02 30 70 79 B5 0D 
2013/07/17 23:47:20:477 [006320] TRACE 0x801C0094 [Prb.cpp, 835] - RxStream contents:01 00 0C 66 06 87 00 01 00 77 8C 0D 
2013/07/17 23:47:20:478 [006320] TRACE 0x801C0094 [Prb.cpp, 943] - RadioBoardPacket(ACK):01 00 0C 66 06 87 00 01 00 77 8C 0D 
2013/07/17 23:47:20:478 [006284] DEBUG 0x801C0094 [Prb.cpp, 512] - Read FPGA completed, Address=0x3070, Data=0x00
2013/07/17 23:47:20:479 [006284] DEBUG 0x801C0094 [ComSysDiagnostics.cpp, 31] - FPGA RSSI/AFC [Send Command] linkedRSSI:58 linkedAFC:255 AFC:0
2013/07/17 23:47:20:480 [006284] TRACE 0x801C0094 [Prb.cpp, 383] - Send Command, Command=0x92
2013/07/17 23:47:20:480 [006284] TRACE 0x801C0094 [Prb.cpp, 1035] - WriteTransmitterPacket():01 00 10 88 87 00 06 92 32 F5 6F 54 BC 7B 46 0D 
2013/07/17 23:47:20:480 [006320] TRACE 0x801C0094 [Prb.cpp, 835] - RxStream contents:01 00 0B 67 06 88 00 00 2A C2 0D 
2013/07/17 23:47:20:481 [006320] TRACE 0x801C0094 [Prb.cpp, 943] - RadioBoardPacket(ACK):01 00 0B 67 06 88 00 00 2A C2 0D 
2013/07/17 23:47:20:482 [006284] DEBUG 0x801C0094 [Prb.cpp, 402] - Send Command completed, Command=0x92
2013/07/17 23:47:20:497 [006488] INFO 0x801C0094 [CommunicationSystem.cpp, 360] - Marker:9D 00 00 0A 9E 
2013/07/17 23:47:20:528 [006488] INFO 0x801C0094 [CommunicationSystem.cpp, 360] - Marker:81 6C 80 0B 9F 
2013/07/17 23:47:20:558 [006488] INFO 0x801C0094 [CommunicationSystem.cpp, 360] - Marker:8C 81 58 0B 2C 
2013/07/17 23:47:20:603 [006488] INFO 0x801C0094 [CommunicationSystemStateMachine.cpp, 773] - Command Completed:92 D7 9A F5 49 00 00 00 2F 33 CD 04 33 80 14 9A 00 28 60 10 07 5A 05 12 0E F3 20 23 27 07 18 03 05 02 E1 80 E1 3E 4D 0F 08 00 00 00 00 00 00 00 DD 06 E6 A8 6D 68 
2013/07/17 23:47:20:604 [006488] DEBUG 0x801C0094 [CommunicationSystemStateMachine.cpp, 330] - ... after 8 frames.
2013/07/17 23:47:20:801 [006284] INFO 0x801C0094 [CommunicationSystemStateMachine.cpp, 237] - Command: 0xe4. Retries: 3. Timeout: 500 ms.
2013/07/17 23:47:20:802 [006284] INFO 0x801C0094 [CommunicationSystemStateMachine.cpp, 252] - Send Command:E4 02 58 
2013/07/17 23:47:20:802 [006284] TRACE 0x801C0094 [Prb.cpp, 493] - Reading FPGA, Address=0x3018
2013/07/17 23:47:20:803 [006284] TRACE 0x801C0094 [Prb.cpp, 1035] - ReadFPGAPacket(0x3018):01 00 0C 89 82 00 02 30 18 28 CA 0D 
2013/07/17 23:47:20:803 [006320] TRACE 0x801C0094 [Prb.cpp, 835] - RxStream contents:01 00 0C 7C 06 89 00 01 3C 9F 1F 0D 
2013/07/17 23:47:20:804 [006320] TRACE 0x801C0094 [Prb.cpp, 943] - RadioBoardPacket(ACK):01 00 0C 7C 06 89 00 01 3C 9F 1F 0D 
2013/07/17 23:47:20:804 [006284] DEBUG 0x801C0094 [Prb.cpp, 512] - Read FPGA completed, Address=0x3018, Data=0x3C
2013/07/17 23:47:20:805 [006284] TRACE 0x801C0094 [Prb.cpp, 493] - Reading FPGA, Address=0x301A
2013/07/17 23:47:20:806 [006284] TRACE 0x801C0094 [Prb.cpp, 1035] - ReadFPGAPacket(0x301A):01 00 0C 8A 82 00 02 30 1A 20 C5 0D 
2013/07/17 23:47:20:806 [006320] TRACE 0x801C0094 [Prb.cpp, 835] - RxStream contents:01 00 0C 7E 06 8A 00 01 00 D3 94 0D 
2013/07/17 23:47:20:807 [006320] TRACE 0x801C0094 [Prb.cpp, 943] - RadioBoardPacket(ACK):01 00 0C 7E 06 8A 00 01 00 D3 94 0D 
2013/07/17 23:47:20:807 [006284] DEBUG 0x801C0094 [Prb.cpp, 512] - Read FPGA completed, Address=0x301A, Data=0x00
2013/07/17 23:47:20:808 [006284] TRACE 0x801C0094 [Prb.cpp, 493] - Reading FPGA, Address=0x3070
2013/07/17 23:47:20:808 [006284] TRACE 0x801C0094 [Prb.cpp, 1035] - ReadFPGAPacket(0x3070):01 00 0C 8B 82 00 02 30 70 D9 BA 0D 
2013/07/17 23:47:20:808 [006320] TRACE 0x801C0094 [Prb.cpp, 835] - RxStream contents:01 00 0C 7F 06 8B 00 01 00 BF 94 0D 
2013/07/17 23:47:20:809 [006320] TRACE 0x801C0094 [Prb.cpp, 943] - RadioBoardPacket(ACK):01 00 0C 7F 06 8B 00 01 00 BF 94 0D 
2013/07/17 23:47:20:810 [006284] DEBUG 0x801C0094 [Prb.cpp, 512] - Read FPGA completed, Address=0x3070, Data=0x00
2013/07/17 23:47:20:810 [006284] DEBUG 0x801C0094 [ComSysDiagnostics.cpp, 31] - FPGA RSSI/AFC [Send Command] linkedRSSI:60 linkedAFC:0 AFC:0
2013/07/17 23:47:20:811 [006284] TRACE 0x801C0094 [Prb.cpp, 383] - Send Command, Command=0xe4
2013/07/17 23:47:20:811 [006284] TRACE 0x801C0094 [Prb.cpp, 1035] - WriteTransmitterPacket():01 00 0D 8C 87 00 03 E4 02 58 00 60 0D 
2013/07/17 23:47:20:811 [006320] TRACE 0x801C0094 [Prb.cpp, 835] - RxStream contents:01 00 0B 80 06 8C 00 00 86 F9 0D 
2013/07/17 23:47:20:812 [006320] TRACE 0x801C0094 [Prb.cpp, 943] - RadioBoardPacket(ACK):01 00 0B 80 06 8C 00 00 86 F9 0D 
2013/07/17 23:47:20:813 [006284] DEBUG 0x801C0094 [Prb.cpp, 402] - Send Command completed, Command=0xe4
2013/07/17 23:47:20:963 [006488] INFO 0x801C0094 [ComSysDiagnostics.cpp, 79] - Status Counters [Link lost] FrameErrorsInLastSecond:9 EcgErrorsInLastSecond:0 MarkerOrImplantIdErrorsInLastSecond:0 TotalFrameErrors:9 TotalEcgErrors:0 TotalMarkerOrImplantIdErrors:0 TotalSentCommands:3 TotalGoodResponses:2 TotalBadResponses:0 TotalResponseTimeouts:0
2013/07/17 23:47:20:964 [006488] TRACE 0x801C0094 [Prb.cpp, 493] - Reading FPGA, Address=0x301C
2013/07/17 23:47:20:964 [006488] TRACE 0x801C0094 [Prb.cpp, 1035] - ReadFPGAPacket(0x301C):01 00 0C 8D 82 00 02 30 1C 48 D7 0D 
2013/07/17 23:47:20:964 [006320] TRACE 0x801C0094 [Prb.cpp, 835] - RxStream contents:01 00 0C 8B 06 8D 00 01 0A 27 51 0D 
2013/07/17 23:47:20:965 [006320] TRACE 0x801C0094 [Prb.cpp, 943] - RadioBoardPacket(ACK):01 00 0C 8B 06 8D 00 01 0A 27 51 0D 
2013/07/17 23:47:20:966 [006488] DEBUG 0x801C0094 [Prb.cpp, 512] - Read FPGA completed, Address=0x301C, Data=0x0A
2013/07/17 23:47:20:967 [006488] DEBUG 0x801C0094 [ComSysDiagnostics.cpp, 89] - FPGA Frame Error Counter [Link lost]:10
2013/07/17 23:47:20:967 [006488] INFO 0x801C0094 [CommunicationSystemStateMachine.cpp, 769] - Command Completed
2013/07/17 23:47:20:968 [006488] DEBUG 0x801C0094 [CommunicationSystemStateMachine.cpp, 330] - ... after 10 frames.
2013/07/17 23:47:20:969 [006488] TRACE 0x801C0094 [Prb.cpp, 448] - Writing FPGA, Address=0x1008, Data=0x08
2013/07/17 23:47:20:970 [006488] TRACE 0x801C0094 [Prb.cpp, 1035] - WriteFPGAPacket(0x1008, 0x08):01 00 0D 8E 81 00 03 10 08 08 A3 35 0D 
2013/07/17 23:47:20:970 [006320] TRACE 0x801C0094 [Prb.cpp, 835] - RxStream contents:01 00 0B 8C 06 8E 00 00 04 F2 0D 
2013/07/17 23:47:20:971 [006320] TRACE 0x801C0094 [Prb.cpp, 943] - RadioBoardPacket(ACK):01 00 0B 8C 06 8E 00 00 04 F2 0D 
2013/07/17 23:47:20:971 [006488] DEBUG 0x801C0094 [Prb.cpp, 466] - Write FPGA completed, Address=0x1008, Data=0x08
2013/07/17 23:47:20:988 [006488] TRACE 0x801C0094 [Prb.cpp, 493] - Reading FPGA, Address=0x300A
2013/07/17 23:47:20:988 [006488] TRACE 0x801C0094 [Prb.cpp, 1035] - ReadFPGAPacket(0x300A):01 00 0C 8F 82 00 02 30 0A B8 A3 0D 
2013/07/17 23:47:20:988 [006320] TRACE 0x801C0094 [Prb.cpp, 835] - RxStream contents:01 00 0C 8D 06 8F 00 01 00 1F 6B 0D 
2013/07/17 23:47:20:989 [006320] TRACE 0x801C0094 [Prb.cpp, 943] - RadioBoardPacket(ACK):01 00 0C 8D 06 8F 00 01 00 1F 6B 0D 
2013/07/17 23:47:20:990 [006488] DEBUG 0x801C0094 [Prb.cpp, 512] - Read FPGA completed, Address=0x300A, Data=0x00
2013/07/17 23:47:20:990 [006488] TRACE 0x801C0094 [Prb.cpp, 448] - Writing FPGA, Address=0x300A, Data=0x03
2013/07/17 23:47:20:991 [006488] TRACE 0x801C0094 [Prb.cpp, 1035] - WriteFPGAPacket(0x300A, 0x03):01 00 0D 90 81 00 03 30 0A 03 32 6C 0D 
2013/07/17 23:47:20:991 [006320] TRACE 0x801C0094 [Prb.cpp, 835] - RxStream contents:01 00 0B 8E 06 90 00 00 85 99 0D 
2013/07/17 23:47:20:992 [006320] TRACE 0x801C0094 [Prb.cpp, 943] - RadioBoardPacket(ACK):01 00 0B 8E 06 90 00 00 85 99 0D 
2013/07/17 23:47:20:993 [006488] DEBUG 0x801C0094 [Prb.cpp, 466] - Write FPGA completed, Address=0x300A, Data=0x03
2013/07/17 23:47:21:131 [006228] INFO [NCommunicationSystem.cpp, 747] - Disposing: 1
2013/07/17 23:47:21:134 [006228] INFO [CrossAppDomainEventMarshaller.cpp, 44] - Disposing: 1
2013/07/17 23:47:21:135 [006228] INFO [CrossAppDomainEventMarshaller.cpp, 155] - abortGetNextEvent called
2013/07/17 23:47:21:136 [006228] INFO [CrossAppDomainEventMarshaller.cpp, 48] - Waiting for CrossDomainEventTranslator::m_pHandleEventsThread to stop
2013/07/17 23:47:21:136 [003936] INFO [CrossAppDomainEventMarshaller.cpp, 80] - handleEventsThread exiting (thread aborted)
2013/07/17 23:47:21:137 [006228] INFO [CrossAppDomainEventMarshaller.cpp, 54] - CrossDomainEventTranslator::m_pHandleEventsThread stopped
2013/07/17 23:47:21:138 [006228] INFO [CrossAppDomainEventMarshaller.cpp, 110] - EventHandler dtor
2013/07/17 23:47:21:139 [006228] INFO [CrossAppDomainEventMarshaller.cpp, 60] - Disposed.
2013/07/17 23:47:21:140 [006320] DEBUG [Prb.cpp, 867] - Prb receive thread terminated.
2013/07/17 23:47:21:143 [006488] INFO [ExceptionCatchingThread.cpp, 170] - Exited the interrupt thread procedure with return value 0.
2013/07/17 23:47:21:242 [006284] INFO [ExceptionCatchingThread.cpp, 170] - Exited the dispatch thread procedure with return value 0.
2013/07/17 23:47:21:244 [005888] INFO [ExceptionCatchingThread.cpp, 170] - Exited the timer thread procedure with return value 0.
2013/07/17 23:47:21:346 [006228] INFO [NCommunicationSystem.cpp, 779] - Disposed.
<<<<< Log Footer: 07/17/2013 23:47:21 >>>>>
