Creating instrument...
resetting
done resetting
Setpoint changed to 17.0C
Inside temperature window. Dwell time = 0.1sec (17.2C)
Inside temperature window. Dwell time = 5.4sec (16.9C)
Inside temperature window. Dwell time = 10.7sec (17.0C)
Inside temperature window. Dwell time = 15.9sec (17.0C)
Inside temperature window. Dwell time = 21.2sec (17.0C)
Inside temperature window. Dwell time = 26.5sec (17.0C)
Inside temperature window. Dwell time = 31.7sec (17.1C)
Inside temperature window. Dwell time = 37.0sec (17.1C)
Inside temperature window. Dwell time = 42.3sec (17.1C)
Inside temperature window. Dwell time = 47.5sec (16.9C)
Inside temperature window. Dwell time = 52.8sec (17.0C)
Inside temperature window. Dwell time = 58.1sec (17.1C)
Inside temperature window. Dwell time = 63.3sec (17.1C)
Inside temperature window. Dwell time = 68.6sec (17.0C)
Inside temperature window. Dwell time = 73.8sec (16.9C)
Inside temperature window. Dwell time = 79.1sec (17.1C)
Inside temperature window. Dwell time = 84.4sec (17.1C)
Inside temperature window. Dwell time = 89.6sec (17.0C)
Inside temperature window. Dwell time = 94.9sec (17.0C)
Inside temperature window. Dwell time = 100.1sec (16.9C)
Inside temperature window. Dwell time = 105.4sec (16.9C)
Inside temperature window. Dwell time = 110.6sec (17.1C)
Inside temperature window. Dwell time = 115.9sec (17.0C)
Inside temperature window. Dwell time = 121.2sec (17.0C)
Inside temperature window. Dwell time = 126.4sec (17.0C)
Inside temperature window. Dwell time = 131.7sec (17.1C)
Inside temperature window. Dwell time = 136.9sec (17.1C)
Inside temperature window. Dwell time = 142.2sec (17.0C)
Inside temperature window. Dwell time = 147.5sec (17.0C)
Inside temperature window. Dwell time = 152.7sec (17.0C)
Inside temperature window. Dwell time = 158.0sec (17.0C)
Inside temperature window. Dwell time = 163.2sec (17.1C)
Inside temperature window. Dwell time = 168.5sec (17.0C)
Inside temperature window. Dwell time = 173.8sec (17.0C)
Inside temperature window. Dwell time = 179.0sec (17.1C)
Inside temperature window. Dwell time = 184.3sec (17.1C)
Inside temperature window. Dwell time = 189.5sec (17.1C)
Inside temperature window. Dwell time = 194.8sec (17.0C)
Inside temperature window. Dwell time = 200.0sec (17.1C)
Inside temperature window. Dwell time = 205.3sec (17.0C)
Inside temperature window. Dwell time = 210.6sec (16.9C)
Inside temperature window. Dwell time = 215.8sec (17.0C)
Inside temperature window. Dwell time = 221.1sec (17.0C)
Inside temperature window. Dwell time = 226.3sec (17.1C)
Inside temperature window. Dwell time = 231.6sec (17.0C)
Inside temperature window. Dwell time = 236.8sec (17.0C)
Inside temperature window. Dwell time = 242.1sec (17.0C)
Inside temperature window. Dwell time = 247.3sec (17.0C)
Inside temperature window. Dwell time = 252.6sec (17.0C)
Inside temperature window. Dwell time = 257.9sec (17.0C)
Inside temperature window. Dwell time = 263.1sec (17.0C)
Inside temperature window. Dwell time = 268.4sec (16.9C)
Inside temperature window. Dwell time = 273.6sec (16.9C)
Inside temperature window. Dwell time = 278.9sec (17.0C)
Inside temperature window. Dwell time = 284.2sec (17.1C)
Inside temperature window. Dwell time = 289.4sec (17.1C)
Inside temperature window. Dwell time = 294.7sec (16.9C)
Inside temperature window. Dwell time = 299.9sec (16.9C)
Inside temperature window. Dwell time = 305.2sec (17.0C)
Inside temperature window. Dwell time = 310.4sec (17.1C)
Inside temperature window. Dwell time = 315.7sec (17.0C)
Inside temperature window. Dwell time = 321.0sec (16.9C)
Inside temperature window. Dwell time = 326.2sec (17.0C)
Inside temperature window. Dwell time = 331.5sec (17.0C)
Inside temperature window. Dwell time = 336.7sec (16.9C)
Inside temperature window. Dwell time = 342.0sec (16.9C)
Inside temperature window. Dwell time = 347.2sec (17.1C)
Inside temperature window. Dwell time = 352.5sec (16.9C)
Inside temperature window. Dwell time = 357.8sec (17.0C)
Inside temperature window. Dwell time = 363.0sec (17.0C)
Inside temperature window. Dwell time = 368.3sec (17.0C)
Inside temperature window. Dwell time = 373.5sec (17.0C)
Inside temperature window. Dwell time = 378.8sec (16.9C)
Inside temperature window. Dwell time = 384.0sec (17.1C)
Inside temperature window. Dwell time = 389.3sec (17.1C)
Inside temperature window. Dwell time = 394.5sec (16.9C)
Inside temperature window. Dwell time = 399.8sec (16.9C)
Inside temperature window. Dwell time = 405.1sec (17.1C)
Inside temperature window. Dwell time = 410.3sec (16.9C)
Inside temperature window. Dwell time = 415.6sec (16.8C)
Inside temperature window. Dwell time = 420.8sec (17.0C)
Inside temperature window. Dwell time = 426.1sec (17.0C)
Inside temperature window. Dwell time = 431.4sec (17.0C)
Inside temperature window. Dwell time = 436.6sec (17.0C)
Inside temperature window. Dwell time = 441.9sec (17.0C)
Inside temperature window. Dwell time = 447.1sec (16.8C)
Inside temperature window. Dwell time = 452.4sec (17.0C)
Inside temperature window. Dwell time = 457.6sec (17.0C)
Inside temperature window. Dwell time = 462.9sec (17.1C)
Inside temperature window. Dwell time = 468.1sec (17.0C)
Inside temperature window. Dwell time = 473.4sec (17.0C)
Inside temperature window. Dwell time = 478.7sec (17.0C)
Inside temperature window. Dwell time = 483.9sec (17.1C)
Inside temperature window. Dwell time = 489.2sec (17.0C)
Inside temperature window. Dwell time = 494.4sec (17.0C)
Inside temperature window. Dwell time = 499.7sec (17.0C)
Inside temperature window. Dwell time = 505.0sec (17.1C)
Inside temperature window. Dwell time = 510.2sec (16.9C)
Inside temperature window. Dwell time = 515.5sec (17.0C)
Inside temperature window. Dwell time = 520.7sec (17.0C)
Inside temperature window. Dwell time = 526.0sec (17.1C)
Inside temperature window. Dwell time = 531.3sec (17.1C)
Inside temperature window. Dwell time = 536.5sec (17.1C)
Inside temperature window. Dwell time = 541.8sec (17.1C)
Inside temperature window. Dwell time = 547.0sec (17.1C)
Inside temperature window. Dwell time = 552.3sec (17.1C)
Inside temperature window. Dwell time = 557.5sec (17.0C)
Inside temperature window. Dwell time = 562.8sec (17.0C)
Inside temperature window. Dwell time = 568.1sec (17.1C)
Inside temperature window. Dwell time = 573.3sec (17.0C)
Inside temperature window. Dwell time = 578.6sec (17.0C)
Inside temperature window. Dwell time = 583.8sec (17.0C)
Inside temperature window. Dwell time = 589.1sec (17.0C)
Inside temperature window. Dwell time = 594.3sec (17.0C)
Inside temperature window. Dwell time = 599.6sec (17.0C)
Inside temperature window. Dwell time = 604.9sec (17.0C)
Dwell time within temperature window achieved
PRB CC1020 FREQ_2A =  53
PRB CC1020 FREQ_1A =  240
PRB CC1020 FREQ_0A =  33
PRB CC1020 CLOCK_A =  56
PRB CC1020 FREQ_2B =  53
PRB CC1020 FREQ_1B =  250
PRB CC1020 FREQ_0B =  203
PRB CC1020 CLOCK_B =  56
PRB CC1020 MATCH =  0
PRB CC1020 STATUS1 =  108
PRB CC1020 STATUS2 =  102
PRB CC1020 STATUS3 =  68
type(devList): <type 'DeviceIDList'>
Calibrating...
Loop Index =  0
Test time = 10:49.072
PRB FREQ_A =  3534881
PRB FREQ_B =  3537611
type(devList): <type 'DeviceIDList'>
devList  Device ID List, ID[211]
DeviceID[0] : ID 0x002012F3 (Model 0, Serial 4851, SW Version 8, Is Not Implanted)
Channel Selection =  0
Data inversion =  1
PRB AFC =  1
PRB AFC =  1
PRB AFC =  0
PRB AFC =  1
PRB AFC =  1
PRB AFC =  1
PRB AFC =  1
PRB AFC =  1
PRB AFC =  1
PRB AFC =  1
PRB Average AFC =  0.9
PRB FREQ_A =  3534871
PRB FREQ_B =  3537601
PRB AFC_A =  -5
PRB AFC_B =  -5
PRB CC1020 FILTER =  34
PRB RSSI =  62
PRB RSSI =  64
PRB RSSI =  64
PRB RSSI =  64
PRB RSSI =  59
PRB RSSI =  64
PRB RSSI =  63
PRB RSSI =  63
PRB RSSI =  63
PRB RSSI =  61
PRB Average RSSI =  62.7
S-ICD CC1000 FREQ_2A =  82
S-ICD CC1000 FREQ_1A =  0
S-ICD CC1000 FREQ_0A =  0
S-ICD CC1000 FREQ_2B =  81
S-ICD CC1000 FREQ_1B =  246
S-ICD CC1000 FREQ_0B =  133
S-ICD CC1000 Tx Test6 =  16
S-ICD CC1000 Tx Test5 =  8
S-ICD CC1000 Tx Test4 =  63
S-ICD CC1000 Tx Test3 =  4
S-ICD CC1000 Tx Test2 =  31
S-ICD CC1000 Tx Test1 =  7
S-ICD CC1000 Tx Test0 =  5
S-ICD CC1000 Rx Test6 =  16
S-ICD CC1000 Rx Test5 =  8
S-ICD CC1000 Rx Test4 =  63
S-ICD CC1000 Rx Test3 =  4
S-ICD CC1000 Rx Test2 =  31
S-ICD CC1000 Rx Test1 =  7
S-ICD CC1000 Rx Test0 =  8
S-ICD CC1000 Tx Cal Failure Count =  0
S-ICD CC1000 Tx Lock Failure Count =  0
S-ICD CC1000 Rx Cal Failure Count =  0
S-ICD CC1000 Rx Lock Failure Count =  0
VCO frequency starts in 10 seconds and lasts for 30 seconds...
  PRB Tx frequency =  373600000.0
  PRB Tx power =  -60.2265625
  PRB Tx frequency =  373600000.0
  PRB Tx power =  -60.25
  PRB Tx frequency =  373600000.0
  PRB Tx power =  -60.6171875
  PRB Tx frequency =  373600000.0
  PRB Tx power =  -60.0703125
  PRB Tx frequency =  373600000.0
  PRB Tx power =  -60.734375
  PRB Tx frequency =  373600000.0
  PRB Tx power =  -60.2109375
  PRB Tx frequency =  373600000.0
  PRB Tx power =  -59.9609375
  PRB Tx frequency =  373600000.0
  PRB Tx power =  -60.2734375
  PRB Ave Frequency =  373600000.0
  PRB Ave Power =  -60.29296875
Loop Index =  1
Test time = 12:11.166
PRB FREQ_A =  3534881
PRB FREQ_B =  3537611
type(devList): <type 'DeviceIDList'>
devList  Device ID List, ID[373]
DeviceID[0] : ID 0x002012F3 (Model 0, Serial 4851, SW Version 8, Is Not Implanted)
Channel Selection =  0
Data inversion =  1
PRB AFC =  -1
PRB AFC =  -2
PRB AFC =  0
PRB AFC =  0
PRB AFC =  0
PRB AFC =  0
PRB AFC =  0
PRB AFC =  0
PRB AFC =  -1
PRB AFC =  0
PRB Average AFC =  -0.4
PRB FREQ_A =  3534881
PRB FREQ_B =  3537611
PRB AFC_A =  0
PRB AFC_B =  0
PRB CC1020 FILTER =  34
PRB RSSI =  63
PRB RSSI =  64
PRB RSSI =  63
PRB RSSI =  63
PRB RSSI =  64
PRB RSSI =  63
PRB RSSI =  64
PRB RSSI =  63
PRB RSSI =  63
PRB RSSI =  63
PRB Average RSSI =  63.3
VCO frequency starts in 10 seconds and lasts for 30 seconds...
  PRB Tx frequency =  452300000.0
  PRB Tx power =  -53.84375
  PRB Tx frequency =  452300000.0
  PRB Tx power =  -53.0078125
  PRB Tx frequency =  452300000.0
  PRB Tx power =  -53.0625
  PRB Tx frequency =  452300000.0
  PRB Tx power =  -53.046875
  PRB Tx frequency =  452300000.0
  PRB Tx power =  -53.21875
  PRB Tx frequency =  452300000.0
  PRB Tx power =  -53.0
  PRB Tx frequency =  452300000.0
  PRB Tx power =  -53.609375
  PRB Tx frequency =  452300000.0
  PRB Tx power =  -53.3984375
  PRB Ave Frequency =  452300000.0
  PRB Ave Power =  -53.2734375
Setpoint changed to 22.0C
Outside temperature window. Dwell time = 0.0sec (17.0C)
Outside temperature window. Dwell time = 0.0sec (17.7C)
Outside temperature window. Dwell time = 0.0sec (19.5C)
Outside temperature window. Dwell time = 0.0sec (20.6C)
Outside temperature window. Dwell time = 0.0sec (21.0C)
Outside temperature window. Dwell time = 0.0sec (21.1C)
Outside temperature window. Dwell time = 0.0sec (21.1C)
Outside temperature window. Dwell time = 0.0sec (21.1C)
Outside temperature window. Dwell time = 0.0sec (21.2C)
Outside temperature window. Dwell time = 0.0sec (21.3C)
Outside temperature window. Dwell time = 0.0sec (21.3C)
Outside temperature window. Dwell time = 0.0sec (21.3C)
Outside temperature window. Dwell time = 0.0sec (21.4C)
Outside temperature window. Dwell time = 0.0sec (21.4C)
Outside temperature window. Dwell time = 0.0sec (21.5C)
Outside temperature window. Dwell time = 0.0sec (21.5C)
Outside temperature window. Dwell time = 0.0sec (21.5C)
Outside temperature window. Dwell time = 0.0sec (21.6C)
Outside temperature window. Dwell time = 0.0sec (21.6C)
Outside temperature window. Dwell time = 0.0sec (21.6C)
Outside temperature window. Dwell time = 0.0sec (21.6C)
Outside temperature window. Dwell time = 0.0sec (21.6C)
Inside temperature window. Dwell time = 5.3sec (21.6C)
Inside temperature window. Dwell time = 10.5sec (21.7C)
Inside temperature window. Dwell time = 15.8sec (21.7C)
Inside temperature window. Dwell time = 21.0sec (21.7C)
Inside temperature window. Dwell time = 26.3sec (21.7C)
Inside temperature window. Dwell time = 31.5sec (21.8C)
Inside temperature window. Dwell time = 36.8sec (21.7C)
Inside temperature window. Dwell time = 42.1sec (21.8C)
Inside temperature window. Dwell time = 47.3sec (21.8C)
Inside temperature window. Dwell time = 52.6sec (21.8C)
Inside temperature window. Dwell time = 57.8sec (21.8C)
Inside temperature window. Dwell time = 63.1sec (21.8C)
Inside temperature window. Dwell time = 68.3sec (21.9C)
Inside temperature window. Dwell time = 73.6sec (21.9C)
Inside temperature window. Dwell time = 78.9sec (21.9C)
Inside temperature window. Dwell time = 84.1sec (21.9C)
Inside temperature window. Dwell time = 89.4sec (21.9C)
Inside temperature window. Dwell time = 94.6sec (21.9C)
Inside temperature window. Dwell time = 99.9sec (21.9C)
Inside temperature window. Dwell time = 105.1sec (21.9C)
Inside temperature window. Dwell time = 110.4sec (21.9C)
Inside temperature window. Dwell time = 115.7sec (21.9C)
Inside temperature window. Dwell time = 120.9sec (21.9C)
Inside temperature window. Dwell time = 126.2sec (21.9C)
Inside temperature window. Dwell time = 131.4sec (22.0C)
Inside temperature window. Dwell time = 136.7sec (21.9C)
Inside temperature window. Dwell time = 141.9sec (22.0C)
Inside temperature window. Dwell time = 147.2sec (21.9C)
Inside temperature window. Dwell time = 152.4sec (21.9C)
Inside temperature window. Dwell time = 157.7sec (22.0C)
Inside temperature window. Dwell time = 163.0sec (22.1C)
Inside temperature window. Dwell time = 168.2sec (22.0C)
Inside temperature window. Dwell time = 173.5sec (22.0C)
Inside temperature window. Dwell time = 178.7sec (22.0C)
Inside temperature window. Dwell time = 184.0sec (22.0C)
Inside temperature window. Dwell time = 189.2sec (22.1C)
Inside temperature window. Dwell time = 194.5sec (22.0C)
Inside temperature window. Dwell time = 199.8sec (22.0C)
Inside temperature window. Dwell time = 205.0sec (22.0C)
Inside temperature window. Dwell time = 210.3sec (22.0C)
Inside temperature window. Dwell time = 215.5sec (22.0C)
Inside temperature window. Dwell time = 220.8sec (22.0C)
Inside temperature window. Dwell time = 226.0sec (22.1C)
Inside temperature window. Dwell time = 231.3sec (22.0C)
Inside temperature window. Dwell time = 236.6sec (22.0C)
Inside temperature window. Dwell time = 241.8sec (22.0C)
Inside temperature window. Dwell time = 247.1sec (22.0C)
Inside temperature window. Dwell time = 252.3sec (22.0C)
Inside temperature window. Dwell time = 257.6sec (22.0C)
Inside temperature window. Dwell time = 262.8sec (22.1C)
Inside temperature window. Dwell time = 268.1sec (22.0C)
Inside temperature window. Dwell time = 273.4sec (22.0C)
Inside temperature window. Dwell time = 278.6sec (22.0C)
Inside temperature window. Dwell time = 283.9sec (22.1C)
Inside temperature window. Dwell time = 289.1sec (22.1C)
Inside temperature window. Dwell time = 294.4sec (22.1C)
Inside temperature window. Dwell time = 299.6sec (22.1C)
Inside temperature window. Dwell time = 304.9sec (22.1C)
Inside temperature window. Dwell time = 310.2sec (22.1C)
Inside temperature window. Dwell time = 315.4sec (22.2C)
Inside temperature window. Dwell time = 320.7sec (22.1C)
Inside temperature window. Dwell time = 325.9sec (22.2C)
Inside temperature window. Dwell time = 331.2sec (22.1C)
Inside temperature window. Dwell time = 336.4sec (22.1C)
Inside temperature window. Dwell time = 341.7sec (22.1C)
Inside temperature window. Dwell time = 347.0sec (22.1C)
Inside temperature window. Dwell time = 352.2sec (22.1C)
Inside temperature window. Dwell time = 357.5sec (22.0C)
Inside temperature window. Dwell time = 362.7sec (22.0C)
Inside temperature window. Dwell time = 368.0sec (22.1C)
Inside temperature window. Dwell time = 373.2sec (22.0C)
Inside temperature window. Dwell time = 378.5sec (22.1C)
Inside temperature window. Dwell time = 383.8sec (22.1C)
Inside temperature window. Dwell time = 389.0sec (22.1C)
Inside temperature window. Dwell time = 394.3sec (22.1C)
Inside temperature window. Dwell time = 399.5sec (22.0C)
Inside temperature window. Dwell time = 404.8sec (22.1C)
Inside temperature window. Dwell time = 410.0sec (22.1C)
Inside temperature window. Dwell time = 415.3sec (22.0C)
Inside temperature window. Dwell time = 420.6sec (22.0C)
Inside temperature window. Dwell time = 425.8sec (22.0C)
Inside temperature window. Dwell time = 431.1sec (22.1C)
Inside temperature window. Dwell time = 436.3sec (22.1C)
Inside temperature window. Dwell time = 441.6sec (22.1C)
Inside temperature window. Dwell time = 446.8sec (22.1C)
Inside temperature window. Dwell time = 452.1sec (22.0C)
Inside temperature window. Dwell time = 457.4sec (22.1C)
Inside temperature window. Dwell time = 462.6sec (22.0C)
Inside temperature window. Dwell time = 467.9sec (22.0C)
Inside temperature window. Dwell time = 473.1sec (22.0C)
Inside temperature window. Dwell time = 478.4sec (22.1C)
Inside temperature window. Dwell time = 483.6sec (22.0C)
Inside temperature window. Dwell time = 488.9sec (22.0C)
Inside temperature window. Dwell time = 494.2sec (22.0C)
Inside temperature window. Dwell time = 499.4sec (22.0C)
Inside temperature window. Dwell time = 504.7sec (22.0C)
Inside temperature window. Dwell time = 509.9sec (22.0C)
Inside temperature window. Dwell time = 515.2sec (22.0C)
Inside temperature window. Dwell time = 520.5sec (22.0C)
Inside temperature window. Dwell time = 525.7sec (22.0C)
Inside temperature window. Dwell time = 531.0sec (22.0C)
Inside temperature window. Dwell time = 536.2sec (22.1C)
Inside temperature window. Dwell time = 541.5sec (22.0C)
Inside temperature window. Dwell time = 546.7sec (22.0C)
Inside temperature window. Dwell time = 552.0sec (22.0C)
Inside temperature window. Dwell time = 557.2sec (22.1C)
Inside temperature window. Dwell time = 562.5sec (22.0C)
Inside temperature window. Dwell time = 567.8sec (22.1C)
Inside temperature window. Dwell time = 573.0sec (22.1C)
Inside temperature window. Dwell time = 578.3sec (22.1C)
Inside temperature window. Dwell time = 583.5sec (22.0C)
Inside temperature window. Dwell time = 588.8sec (22.0C)
Inside temperature window. Dwell time = 594.0sec (22.1C)
Inside temperature window. Dwell time = 599.3sec (22.1C)
Inside temperature window. Dwell time = 604.6sec (22.0C)
Dwell time within temperature window achieved
PRB CC1020 FREQ_2A =  53
PRB CC1020 FREQ_1A =  240
PRB CC1020 FREQ_0A =  33
PRB CC1020 CLOCK_A =  56
PRB CC1020 FREQ_2B =  53
PRB CC1020 FREQ_1B =  250
PRB CC1020 FREQ_0B =  203
PRB CC1020 CLOCK_B =  56
PRB CC1020 MATCH =  0
PRB CC1020 STATUS1 =  108
PRB CC1020 STATUS2 =  102
PRB CC1020 STATUS3 =  68
type(devList): <type 'DeviceIDList'>
Calibrating...
Loop Index =  0
Test time = 26:07.775
PRB FREQ_A =  3534881
PRB FREQ_B =  3537611
type(devList): <type 'DeviceIDList'>
devList  Device ID List, ID[594]
DeviceID[0] : ID 0x002012F3 (Model 0, Serial 4851, SW Version 8, Is Not Implanted)
Channel Selection =  0
Data inversion =  1
PRB AFC =  0
PRB AFC =  0
PRB AFC =  0
PRB AFC =  0
PRB AFC =  0
PRB AFC =  0
PRB AFC =  0
PRB AFC =  0
PRB AFC =  0
PRB AFC =  0
PRB Average AFC =  0.0
PRB FREQ_A =  3534881
PRB FREQ_B =  3537611
PRB AFC_A =  0
PRB AFC_B =  0
PRB CC1020 FILTER =  34
PRB RSSI =  62
PRB RSSI =  62
PRB RSSI =  63
PRB RSSI =  63
PRB RSSI =  63
PRB RSSI =  63
PRB RSSI =  63
PRB RSSI =  63
PRB RSSI =  63
PRB RSSI =  63
PRB Average RSSI =  62.8
S-ICD CC1000 FREQ_2A =  82
S-ICD CC1000 FREQ_1A =  0
S-ICD CC1000 FREQ_0A =  0
S-ICD CC1000 FREQ_2B =  81
S-ICD CC1000 FREQ_1B =  246
S-ICD CC1000 FREQ_0B =  133
S-ICD CC1000 Tx Test6 =  16
S-ICD CC1000 Tx Test5 =  8
S-ICD CC1000 Tx Test4 =  63
S-ICD CC1000 Tx Test3 =  4
S-ICD CC1000 Tx Test2 =  31
S-ICD CC1000 Tx Test1 =  7
S-ICD CC1000 Tx Test0 =  5
S-ICD CC1000 Rx Test6 =  16
S-ICD CC1000 Rx Test5 =  8
S-ICD CC1000 Rx Test4 =  63
S-ICD CC1000 Rx Test3 =  4
S-ICD CC1000 Rx Test2 =  31
S-ICD CC1000 Rx Test1 =  7
S-ICD CC1000 Rx Test0 =  8
S-ICD CC1000 Tx Cal Failure Count =  0
S-ICD CC1000 Tx Lock Failure Count =  0
S-ICD CC1000 Rx Cal Failure Count =  0
S-ICD CC1000 Rx Lock Failure Count =  0
VCO frequency starts in 10 seconds and lasts for 30 seconds...
  PRB Tx frequency =  373600000.0
  PRB Tx power =  -61.390625
  PRB Tx frequency =  373600000.0
  PRB Tx power =  -61.0859375
  PRB Tx frequency =  373600000.0
  PRB Tx power =  -61.0859375
  PRB Tx frequency =  373600000.0
  PRB Tx power =  -61.2578125
  PRB Tx frequency =  373600000.0
  PRB Tx power =  -60.875
  PRB Tx frequency =  373600000.0
  PRB Tx power =  -61.3125
  PRB Tx frequency =  373600000.0
  PRB Tx power =  -60.640625
  PRB Tx frequency =  373600000.0
  PRB Tx power =  -59.796875
  PRB Ave Frequency =  373600000.0
  PRB Ave Power =  -60.9306640625
Loop Index =  1
Test time = 27:28.221
PRB FREQ_A =  3534881
PRB FREQ_B =  3537611
type(devList): <type 'DeviceIDList'>
devList  Device ID List, ID[755]
DeviceID[0] : ID 0x002012F3 (Model 0, Serial 4851, SW Version 8, Is Not Implanted)
Channel Selection =  0
Data inversion =  1
PRB AFC =  -1
PRB AFC =  -2
PRB AFC =  1
PRB AFC =  0
PRB AFC =  0
PRB AFC =  0
PRB AFC =  1
PRB AFC =  0
PRB AFC =  0
PRB AFC =  0
PRB Average AFC =  -0.1
PRB FREQ_A =  3534881
PRB FREQ_B =  3537611
PRB AFC_A =  0
PRB AFC_B =  0
PRB CC1020 FILTER =  34
PRB RSSI =  63
PRB RSSI =  63
PRB RSSI =  63
PRB RSSI =  63
PRB RSSI =  64
PRB RSSI =  64
PRB RSSI =  64
PRB RSSI =  63
PRB RSSI =  62
PRB RSSI =  63
PRB Average RSSI =  63.2
VCO frequency starts in 10 seconds and lasts for 30 seconds...
  PRB Tx frequency =  452300000.0
  PRB Tx power =  -47.3828125
  PRB Tx frequency =  452300000.0
  PRB Tx power =  -47.671875
  PRB Tx frequency =  452300000.0
  PRB Tx power =  -47.125
  PRB Tx frequency =  452300000.0
  PRB Tx power =  -47.0625
  PRB Tx frequency =  452300000.0
  PRB Tx power =  -47.2265625
  PRB Tx frequency =  452300000.0
  PRB Tx power =  -47.0234375
  PRB Tx frequency =  452300000.0
  PRB Tx power =  -47.453125
  PRB Tx frequency =  452300000.0
  PRB Tx power =  -47.15625
  PRB Ave Frequency =  452300000.0
  PRB Ave Power =  -47.2626953125
Setpoint changed to 27.0C
Outside temperature window. Dwell time = 0.0sec (22.1C)
Outside temperature window. Dwell time = 0.0sec (22.7C)
Outside temperature window. Dwell time = 0.0sec (24.5C)
Outside temperature window. Dwell time = 0.0sec (25.6C)
Outside temperature window. Dwell time = 0.0sec (26.0C)
Outside temperature window. Dwell time = 0.0sec (26.0C)
Outside temperature window. Dwell time = 0.0sec (26.2C)
Outside temperature window. Dwell time = 0.0sec (26.1C)
Outside temperature window. Dwell time = 0.0sec (26.1C)
Outside temperature window. Dwell time = 0.0sec (26.2C)
Outside temperature window. Dwell time = 0.0sec (26.3C)
Outside temperature window. Dwell time = 0.0sec (26.3C)
Outside temperature window. Dwell time = 0.0sec (26.4C)
Outside temperature window. Dwell time = 0.0sec (26.3C)
Outside temperature window. Dwell time = 0.0sec (26.4C)
Outside temperature window. Dwell time = 0.0sec (26.4C)
Outside temperature window. Dwell time = 0.0sec (26.3C)
Outside temperature window. Dwell time = 0.0sec (26.5C)
Outside temperature window. Dwell time = 0.0sec (26.4C)
Inside temperature window. Dwell time = 5.3sec (26.6C)
Outside temperature window. Dwell time = 0.0sec (26.5C)
Outside temperature window. Dwell time = 0.0sec (26.7C)
Inside temperature window. Dwell time = 5.3sec (26.6C)
Inside temperature window. Dwell time = 10.5sec (26.6C)
Inside temperature window. Dwell time = 15.8sec (26.7C)
Inside temperature window. Dwell time = 21.0sec (26.7C)
Outside temperature window. Dwell time = 0.0sec (26.7C)
Inside temperature window. Dwell time = 5.3sec (26.7C)
Inside temperature window. Dwell time = 10.5sec (26.7C)
Inside temperature window. Dwell time = 15.8sec (26.7C)
Inside temperature window. Dwell time = 21.0sec (26.7C)
Inside temperature window. Dwell time = 26.3sec (26.8C)
Inside temperature window. Dwell time = 31.5sec (26.8C)
Inside temperature window. Dwell time = 36.8sec (26.8C)
Inside temperature window. Dwell time = 42.1sec (26.8C)
Inside temperature window. Dwell time = 47.3sec (26.8C)
Inside temperature window. Dwell time = 52.6sec (26.8C)
Inside temperature window. Dwell time = 57.8sec (26.8C)
Inside temperature window. Dwell time = 63.1sec (26.8C)
Inside temperature window. Dwell time = 68.3sec (26.9C)
Inside temperature window. Dwell time = 73.6sec (26.9C)
Inside temperature window. Dwell time = 78.8sec (26.8C)
Inside temperature window. Dwell time = 84.1sec (26.8C)
Inside temperature window. Dwell time = 89.4sec (26.9C)
Inside temperature window. Dwell time = 94.6sec (26.9C)
Inside temperature window. Dwell time = 99.9sec (26.9C)
Inside temperature window. Dwell time = 105.1sec (26.9C)
Inside temperature window. Dwell time = 110.4sec (26.9C)
Inside temperature window. Dwell time = 115.6sec (26.9C)
Inside temperature window. Dwell time = 120.9sec (26.9C)
Inside temperature window. Dwell time = 126.1sec (26.9C)
Inside temperature window. Dwell time = 131.4sec (26.9C)
Inside temperature window. Dwell time = 136.7sec (26.9C)
Inside temperature window. Dwell time = 141.9sec (27.0C)
Inside temperature window. Dwell time = 147.2sec (27.0C)
Inside temperature window. Dwell time = 152.4sec (27.0C)
Inside temperature window. Dwell time = 157.7sec (27.0C)
Inside temperature window. Dwell time = 162.9sec (27.0C)
Inside temperature window. Dwell time = 168.2sec (27.0C)
Inside temperature window. Dwell time = 173.5sec (27.0C)
Inside temperature window. Dwell time = 178.7sec (27.0C)
Inside temperature window. Dwell time = 184.0sec (27.0C)
Inside temperature window. Dwell time = 189.2sec (26.9C)
Inside temperature window. Dwell time = 194.5sec (27.1C)
Inside temperature window. Dwell time = 199.7sec (27.0C)
Inside temperature window. Dwell time = 205.0sec (27.0C)
Inside temperature window. Dwell time = 210.3sec (27.0C)
Inside temperature window. Dwell time = 215.5sec (27.0C)
Inside temperature window. Dwell time = 220.8sec (27.0C)
Inside temperature window. Dwell time = 226.0sec (27.0C)
Inside temperature window. Dwell time = 231.3sec (27.0C)
Inside temperature window. Dwell time = 236.5sec (27.0C)
Inside temperature window. Dwell time = 241.8sec (27.1C)
Inside temperature window. Dwell time = 247.1sec (27.1C)
Inside temperature window. Dwell time = 252.3sec (27.1C)
Inside temperature window. Dwell time = 257.6sec (27.0C)
Inside temperature window. Dwell time = 262.8sec (27.1C)
Inside temperature window. Dwell time = 268.1sec (27.1C)
Inside temperature window. Dwell time = 273.3sec (27.1C)
Inside temperature window. Dwell time = 278.6sec (27.1C)
Inside temperature window. Dwell time = 283.9sec (27.0C)
Inside temperature window. Dwell time = 289.1sec (27.1C)
Inside temperature window. Dwell time = 294.4sec (27.1C)
Inside temperature window. Dwell time = 299.6sec (27.0C)
Inside temperature window. Dwell time = 304.9sec (27.0C)
Inside temperature window. Dwell time = 310.1sec (27.1C)
Inside temperature window. Dwell time = 315.4sec (27.1C)
Inside temperature window. Dwell time = 320.7sec (27.1C)
Inside temperature window. Dwell time = 325.9sec (27.0C)
Inside temperature window. Dwell time = 331.2sec (27.0C)
Inside temperature window. Dwell time = 336.4sec (27.0C)
Inside temperature window. Dwell time = 341.7sec (27.1C)
Inside temperature window. Dwell time = 346.9sec (27.1C)
Inside temperature window. Dwell time = 352.2sec (27.1C)
Inside temperature window. Dwell time = 357.4sec (27.1C)
Inside temperature window. Dwell time = 362.7sec (27.1C)
Inside temperature window. Dwell time = 368.0sec (27.1C)
Inside temperature window. Dwell time = 373.2sec (27.1C)
Inside temperature window. Dwell time = 378.5sec (27.2C)
Inside temperature window. Dwell time = 383.7sec (27.1C)
Inside temperature window. Dwell time = 389.0sec (27.1C)
Inside temperature window. Dwell time = 394.2sec (27.1C)
Inside temperature window. Dwell time = 399.5sec (27.1C)
Inside temperature window. Dwell time = 404.7sec (27.1C)
Inside temperature window. Dwell time = 410.0sec (27.1C)
Inside temperature window. Dwell time = 415.3sec (27.1C)
Inside temperature window. Dwell time = 420.5sec (27.1C)
Inside temperature window. Dwell time = 425.8sec (27.1C)
Inside temperature window. Dwell time = 431.0sec (27.2C)
Inside temperature window. Dwell time = 436.3sec (27.2C)
Inside temperature window. Dwell time = 441.5sec (27.1C)
Inside temperature window. Dwell time = 446.8sec (27.1C)
Inside temperature window. Dwell time = 452.1sec (27.0C)
Inside temperature window. Dwell time = 457.3sec (27.1C)
Inside temperature window. Dwell time = 462.6sec (27.1C)
Inside temperature window. Dwell time = 467.8sec (27.1C)
Inside temperature window. Dwell time = 473.1sec (27.1C)
Inside temperature window. Dwell time = 478.3sec (27.0C)
Inside temperature window. Dwell time = 483.6sec (27.1C)
Inside temperature window. Dwell time = 488.8sec (27.1C)
Inside temperature window. Dwell time = 494.1sec (27.1C)
Inside temperature window. Dwell time = 499.4sec (27.1C)
Inside temperature window. Dwell time = 504.6sec (27.1C)
Inside temperature window. Dwell time = 509.9sec (27.1C)
Inside temperature window. Dwell time = 515.1sec (27.1C)
Inside temperature window. Dwell time = 520.4sec (27.1C)
Inside temperature window. Dwell time = 525.6sec (27.1C)
Inside temperature window. Dwell time = 530.9sec (27.1C)
Inside temperature window. Dwell time = 536.2sec (27.1C)
Inside temperature window. Dwell time = 541.4sec (27.1C)
Inside temperature window. Dwell time = 546.7sec (27.1C)
Inside temperature window. Dwell time = 551.9sec (27.1C)
Inside temperature window. Dwell time = 557.2sec (27.1C)
Inside temperature window. Dwell time = 562.4sec (27.0C)
Inside temperature window. Dwell time = 567.7sec (27.1C)
Inside temperature window. Dwell time = 573.0sec (27.0C)
Inside temperature window. Dwell time = 578.2sec (27.1C)
Inside temperature window. Dwell time = 583.5sec (27.0C)
Inside temperature window. Dwell time = 588.7sec (27.1C)
Inside temperature window. Dwell time = 594.0sec (27.1C)
Inside temperature window. Dwell time = 599.2sec (27.1C)
Inside temperature window. Dwell time = 604.5sec (27.0C)
Dwell time within temperature window achieved
PRB CC1020 FREQ_2A =  53
PRB CC1020 FREQ_1A =  240
PRB CC1020 FREQ_0A =  33
PRB CC1020 CLOCK_A =  56
PRB CC1020 FREQ_2B =  53
PRB CC1020 FREQ_1B =  250
PRB CC1020 FREQ_0B =  203
PRB CC1020 CLOCK_B =  56
PRB CC1020 MATCH =  0
PRB CC1020 STATUS1 =  140
PRB CC1020 STATUS2 =  102
PRB CC1020 STATUS3 =  68
type(devList): <type 'DeviceIDList'>
