Creating instrument...
resetting
done resetting
Setpoint changed to 23.0C
Outside temperature window. Dwell time = 0.0sec (43.0C)
Outside temperature window. Dwell time = 0.0sec (41.6C)
Outside temperature window. Dwell time = 0.0sec (38.1C)
Outside temperature window. Dwell time = 0.0sec (34.7C)
Outside temperature window. Dwell time = 0.0sec (32.1C)
Outside temperature window. Dwell time = 0.0sec (30.3C)
Outside temperature window. Dwell time = 0.0sec (29.0C)
Outside temperature window. Dwell time = 0.0sec (28.3C)
Outside temperature window. Dwell time = 0.0sec (28.1C)
Outside temperature window. Dwell time = 0.0sec (28.1C)
Outside temperature window. Dwell time = 0.0sec (28.2C)
Outside temperature window. Dwell time = 0.0sec (28.5C)
Outside temperature window. Dwell time = 0.0sec (28.6C)
Outside temperature window. Dwell time = 0.0sec (28.7C)
Outside temperature window. Dwell time = 0.0sec (28.7C)
Outside temperature window. Dwell time = 0.0sec (28.7C)
Outside temperature window. Dwell time = 0.0sec (28.6C)
Outside temperature window. Dwell time = 0.0sec (28.5C)
Outside temperature window. Dwell time = 0.0sec (28.2C)
Outside temperature window. Dwell time = 0.0sec (27.9C)
Outside temperature window. Dwell time = 0.0sec (27.5C)
Outside temperature window. Dwell time = 0.0sec (27.1C)
Outside temperature window. Dwell time = 0.0sec (26.7C)
Outside temperature window. Dwell time = 0.0sec (26.3C)
Outside temperature window. Dwell time = 0.0sec (26.0C)
Outside temperature window. Dwell time = 0.0sec (25.6C)
Outside temperature window. Dwell time = 0.0sec (25.4C)
Outside temperature window. Dwell time = 0.0sec (25.1C)
Outside temperature window. Dwell time = 0.0sec (24.9C)
Outside temperature window. Dwell time = 0.0sec (24.8C)
Outside temperature window. Dwell time = 0.0sec (24.5C)
Outside temperature window. Dwell time = 0.0sec (24.4C)
Outside temperature window. Dwell time = 0.0sec (24.2C)
Outside temperature window. Dwell time = 0.0sec (24.1C)
Outside temperature window. Dwell time = 0.0sec (24.0C)
Outside temperature window. Dwell time = 0.0sec (24.0C)
Outside temperature window. Dwell time = 0.0sec (23.7C)
Outside temperature window. Dwell time = 0.0sec (23.6C)
Outside temperature window. Dwell time = 0.0sec (23.5C)
Outside temperature window. Dwell time = 0.0sec (23.3C)
Outside temperature window. Dwell time = 0.0sec (23.3C)
Outside temperature window. Dwell time = 0.0sec (23.3C)
Outside temperature window. Dwell time = 0.0sec (23.3C)
Outside temperature window. Dwell time = 0.0sec (23.2C)
Outside temperature window. Dwell time = 0.0sec (23.3C)
Outside temperature window. Dwell time = 0.0sec (23.3C)
Outside temperature window. Dwell time = 0.0sec (23.4C)
Inside temperature window. Dwell time = 5.3sec (23.3C)
Inside temperature window. Dwell time = 10.5sec (23.2C)
Inside temperature window. Dwell time = 15.8sec (23.1C)
Inside temperature window. Dwell time = 21.0sec (23.0C)
Inside temperature window. Dwell time = 26.3sec (23.0C)
Inside temperature window. Dwell time = 31.6sec (23.0C)
Inside temperature window. Dwell time = 36.8sec (22.9C)
Inside temperature window. Dwell time = 42.1sec (23.0C)
Inside temperature window. Dwell time = 47.3sec (23.1C)
Inside temperature window. Dwell time = 52.6sec (23.1C)
Inside temperature window. Dwell time = 57.8sec (23.1C)
Inside temperature window. Dwell time = 63.1sec (23.0C)
Inside temperature window. Dwell time = 68.3sec (23.0C)
Inside temperature window. Dwell time = 73.6sec (23.0C)
Inside temperature window. Dwell time = 78.9sec (23.0C)
Inside temperature window. Dwell time = 84.1sec (23.0C)
Inside temperature window. Dwell time = 89.4sec (23.0C)
Inside temperature window. Dwell time = 94.6sec (23.0C)
Inside temperature window. Dwell time = 99.9sec (23.0C)
Inside temperature window. Dwell time = 105.2sec (23.1C)
Inside temperature window. Dwell time = 110.4sec (23.0C)
Inside temperature window. Dwell time = 115.7sec (22.9C)
Inside temperature window. Dwell time = 120.9sec (23.0C)
Inside temperature window. Dwell time = 126.2sec (22.9C)
Inside temperature window. Dwell time = 131.4sec (22.8C)
Inside temperature window. Dwell time = 136.7sec (22.8C)
Inside temperature window. Dwell time = 142.0sec (22.9C)
Inside temperature window. Dwell time = 147.2sec (23.0C)
Inside temperature window. Dwell time = 152.5sec (23.0C)
Inside temperature window. Dwell time = 157.7sec (22.8C)
Inside temperature window. Dwell time = 163.0sec (22.8C)
Inside temperature window. Dwell time = 168.2sec (23.0C)
Inside temperature window. Dwell time = 173.5sec (23.0C)
Inside temperature window. Dwell time = 178.7sec (22.9C)
Outside temperature window. Dwell time = 0.0sec (22.7C)
Inside temperature window. Dwell time = 5.3sec (22.9C)
Inside temperature window. Dwell time = 10.5sec (23.0C)
Inside temperature window. Dwell time = 15.8sec (22.8C)
Inside temperature window. Dwell time = 21.0sec (22.9C)
Inside temperature window. Dwell time = 26.3sec (23.0C)
Inside temperature window. Dwell time = 31.5sec (22.9C)
Inside temperature window. Dwell time = 36.8sec (22.9C)
Inside temperature window. Dwell time = 42.1sec (22.9C)
Inside temperature window. Dwell time = 47.3sec (22.9C)
Inside temperature window. Dwell time = 52.6sec (22.9C)
Inside temperature window. Dwell time = 57.8sec (22.9C)
Inside temperature window. Dwell time = 63.1sec (22.9C)
Inside temperature window. Dwell time = 68.4sec (22.9C)
Inside temperature window. Dwell time = 73.6sec (23.0C)
Inside temperature window. Dwell time = 78.9sec (22.8C)
Inside temperature window. Dwell time = 84.1sec (22.9C)
Inside temperature window. Dwell time = 89.4sec (23.0C)
Inside temperature window. Dwell time = 94.6sec (22.8C)
Inside temperature window. Dwell time = 99.9sec (22.9C)
Inside temperature window. Dwell time = 105.2sec (22.9C)
Inside temperature window. Dwell time = 110.4sec (22.8C)
Inside temperature window. Dwell time = 115.7sec (22.8C)
Inside temperature window. Dwell time = 120.9sec (22.9C)
Inside temperature window. Dwell time = 126.2sec (22.8C)
Inside temperature window. Dwell time = 131.5sec (22.9C)
Inside temperature window. Dwell time = 136.7sec (22.9C)
Inside temperature window. Dwell time = 142.0sec (22.8C)
Inside temperature window. Dwell time = 147.2sec (22.8C)
Inside temperature window. Dwell time = 152.5sec (22.9C)
Inside temperature window. Dwell time = 157.7sec (22.8C)
Inside temperature window. Dwell time = 163.0sec (22.9C)
Inside temperature window. Dwell time = 168.3sec (22.9C)
Inside temperature window. Dwell time = 173.5sec (22.8C)
Inside temperature window. Dwell time = 178.8sec (22.9C)
Inside temperature window. Dwell time = 184.0sec (23.0C)
Inside temperature window. Dwell time = 189.3sec (22.7C)
Inside temperature window. Dwell time = 194.5sec (22.8C)
Inside temperature window. Dwell time = 199.8sec (22.9C)
Inside temperature window. Dwell time = 205.0sec (22.9C)
Outside temperature window. Dwell time = 0.0sec (22.7C)
Inside temperature window. Dwell time = 5.3sec (22.9C)
Inside temperature window. Dwell time = 10.5sec (23.0C)
Inside temperature window. Dwell time = 15.8sec (22.8C)
Inside temperature window. Dwell time = 21.0sec (23.0C)
Inside temperature window. Dwell time = 26.3sec (22.9C)
Inside temperature window. Dwell time = 31.5sec (22.9C)
Inside temperature window. Dwell time = 36.8sec (22.8C)
Inside temperature window. Dwell time = 42.1sec (22.8C)
Inside temperature window. Dwell time = 47.3sec (22.9C)
Inside temperature window. Dwell time = 52.6sec (22.9C)
Inside temperature window. Dwell time = 57.8sec (22.8C)
Inside temperature window. Dwell time = 63.1sec (22.9C)
Inside temperature window. Dwell time = 68.3sec (22.8C)
Inside temperature window. Dwell time = 73.6sec (22.8C)
Inside temperature window. Dwell time = 78.8sec (22.8C)
Inside temperature window. Dwell time = 84.1sec (22.9C)
Inside temperature window. Dwell time = 89.4sec (22.9C)
Inside temperature window. Dwell time = 94.6sec (22.9C)
Inside temperature window. Dwell time = 99.9sec (22.8C)
Inside temperature window. Dwell time = 105.1sec (22.8C)
Inside temperature window. Dwell time = 110.4sec (22.9C)
Inside temperature window. Dwell time = 115.6sec (23.0C)
Inside temperature window. Dwell time = 120.9sec (22.8C)
Inside temperature window. Dwell time = 126.2sec (22.9C)
Inside temperature window. Dwell time = 131.4sec (23.0C)
Inside temperature window. Dwell time = 136.7sec (22.9C)
Inside temperature window. Dwell time = 141.9sec (22.8C)
Inside temperature window. Dwell time = 147.2sec (23.0C)
Inside temperature window. Dwell time = 152.5sec (22.9C)
Inside temperature window. Dwell time = 157.7sec (22.8C)
Inside temperature window. Dwell time = 163.0sec (22.9C)
Inside temperature window. Dwell time = 168.2sec (23.0C)
Inside temperature window. Dwell time = 173.5sec (22.8C)
Inside temperature window. Dwell time = 178.7sec (22.9C)
Inside temperature window. Dwell time = 184.0sec (22.7C)
Inside temperature window. Dwell time = 189.2sec (22.8C)
Inside temperature window. Dwell time = 194.5sec (22.9C)
Inside temperature window. Dwell time = 199.8sec (22.8C)
Inside temperature window. Dwell time = 205.0sec (22.8C)
Inside temperature window. Dwell time = 210.3sec (22.9C)
Inside temperature window. Dwell time = 215.5sec (23.0C)
Inside temperature window. Dwell time = 220.8sec (22.8C)
Inside temperature window. Dwell time = 226.0sec (22.8C)
Inside temperature window. Dwell time = 231.3sec (22.8C)
Inside temperature window. Dwell time = 236.6sec (22.8C)
Inside temperature window. Dwell time = 241.8sec (22.8C)
Inside temperature window. Dwell time = 247.1sec (22.8C)
Inside temperature window. Dwell time = 252.3sec (22.9C)
Inside temperature window. Dwell time = 257.6sec (22.9C)
Inside temperature window. Dwell time = 262.8sec (22.8C)
Inside temperature window. Dwell time = 268.1sec (22.9C)
Inside temperature window. Dwell time = 273.3sec (23.0C)
Inside temperature window. Dwell time = 278.6sec (22.9C)
Inside temperature window. Dwell time = 283.9sec (22.8C)
Inside temperature window. Dwell time = 289.1sec (22.8C)
Inside temperature window. Dwell time = 294.4sec (23.0C)
Inside temperature window. Dwell time = 299.6sec (22.9C)
Inside temperature window. Dwell time = 304.9sec (22.9C)
Inside temperature window. Dwell time = 310.2sec (22.8C)
Inside temperature window. Dwell time = 315.4sec (22.8C)
Inside temperature window. Dwell time = 320.7sec (22.9C)
Inside temperature window. Dwell time = 325.9sec (23.0C)
Inside temperature window. Dwell time = 331.2sec (23.0C)
Inside temperature window. Dwell time = 336.4sec (22.7C)
Inside temperature window. Dwell time = 341.7sec (22.8C)
Inside temperature window. Dwell time = 347.0sec (22.9C)
Inside temperature window. Dwell time = 352.2sec (23.0C)
Inside temperature window. Dwell time = 357.5sec (22.9C)
Inside temperature window. Dwell time = 362.7sec (22.8C)
Inside temperature window. Dwell time = 368.0sec (22.9C)
Inside temperature window. Dwell time = 373.2sec (23.0C)
Inside temperature window. Dwell time = 378.5sec (22.8C)
Inside temperature window. Dwell time = 383.7sec (22.9C)
Inside temperature window. Dwell time = 389.0sec (22.9C)
Outside temperature window. Dwell time = 0.0sec (22.7C)
Inside temperature window. Dwell time = 5.3sec (22.9C)
Inside temperature window. Dwell time = 10.5sec (22.8C)
Inside temperature window. Dwell time = 15.8sec (22.9C)
Inside temperature window. Dwell time = 21.0sec (22.9C)
Inside temperature window. Dwell time = 26.3sec (23.0C)
Inside temperature window. Dwell time = 31.5sec (22.8C)
Inside temperature window. Dwell time = 36.8sec (22.8C)
Inside temperature window. Dwell time = 42.0sec (23.0C)
Inside temperature window. Dwell time = 47.3sec (22.8C)
Inside temperature window. Dwell time = 52.6sec (22.9C)
Inside temperature window. Dwell time = 57.8sec (23.0C)
Inside temperature window. Dwell time = 63.1sec (22.9C)
Inside temperature window. Dwell time = 68.3sec (22.8C)
Inside temperature window. Dwell time = 73.6sec (22.8C)
Inside temperature window. Dwell time = 78.8sec (22.9C)
Inside temperature window. Dwell time = 84.1sec (22.9C)
Inside temperature window. Dwell time = 89.4sec (22.9C)
Inside temperature window. Dwell time = 94.6sec (22.9C)
Inside temperature window. Dwell time = 99.9sec (22.9C)
Inside temperature window. Dwell time = 105.1sec (23.0C)
Inside temperature window. Dwell time = 110.4sec (22.9C)
Inside temperature window. Dwell time = 115.6sec (22.9C)
Inside temperature window. Dwell time = 120.9sec (22.9C)
Inside temperature window. Dwell time = 126.2sec (22.9C)
Inside temperature window. Dwell time = 131.4sec (22.8C)
Inside temperature window. Dwell time = 136.7sec (22.8C)
Inside temperature window. Dwell time = 141.9sec (23.0C)
Inside temperature window. Dwell time = 147.2sec (22.8C)
Inside temperature window. Dwell time = 152.4sec (22.9C)
Inside temperature window. Dwell time = 157.7sec (22.8C)
Inside temperature window. Dwell time = 162.9sec (23.0C)
Inside temperature window. Dwell time = 168.2sec (22.9C)
Outside temperature window. Dwell time = 0.0sec (22.7C)
Inside temperature window. Dwell time = 5.3sec (22.9C)
Inside temperature window. Dwell time = 10.5sec (22.9C)
Inside temperature window. Dwell time = 15.8sec (22.9C)
Inside temperature window. Dwell time = 21.0sec (23.0C)
Inside temperature window. Dwell time = 26.3sec (22.8C)
Inside temperature window. Dwell time = 31.5sec (22.9C)
Inside temperature window. Dwell time = 36.8sec (22.9C)
Inside temperature window. Dwell time = 42.1sec (22.9C)
Inside temperature window. Dwell time = 47.3sec (22.9C)
Inside temperature window. Dwell time = 52.6sec (22.9C)
Inside temperature window. Dwell time = 57.8sec (22.9C)
Inside temperature window. Dwell time = 63.1sec (22.9C)
Outside temperature window. Dwell time = 0.0sec (22.7C)
Outside temperature window. Dwell time = 0.0sec (22.8C)
Inside temperature window. Dwell time = 5.3sec (22.9C)
Inside temperature window. Dwell time = 10.5sec (23.1C)
Inside temperature window. Dwell time = 15.8sec (22.9C)
Outside temperature window. Dwell time = 0.0sec (22.8C)
Inside temperature window. Dwell time = 5.3sec (22.9C)
Inside temperature window. Dwell time = 10.5sec (22.9C)
Inside temperature window. Dwell time = 15.8sec (22.7C)
Inside temperature window. Dwell time = 21.0sec (22.8C)
Inside temperature window. Dwell time = 26.3sec (22.9C)
Inside temperature window. Dwell time = 31.5sec (22.8C)
Inside temperature window. Dwell time = 36.8sec (22.9C)
Inside temperature window. Dwell time = 42.1sec (23.0C)
Inside temperature window. Dwell time = 47.3sec (22.9C)
Inside temperature window. Dwell time = 52.6sec (22.9C)
Inside temperature window. Dwell time = 57.8sec (22.9C)
Inside temperature window. Dwell time = 63.1sec (23.0C)
Outside temperature window. Dwell time = 0.0sec (22.8C)
Inside temperature window. Dwell time = 5.3sec (22.9C)
Inside temperature window. Dwell time = 10.5sec (23.0C)
Inside temperature window. Dwell time = 15.8sec (22.9C)
Inside temperature window. Dwell time = 21.0sec (23.0C)
Inside temperature window. Dwell time = 26.3sec (22.9C)
Inside temperature window. Dwell time = 31.5sec (22.9C)
Inside temperature window. Dwell time = 36.8sec (22.9C)
Inside temperature window. Dwell time = 42.1sec (22.9C)
Inside temperature window. Dwell time = 47.3sec (22.9C)
Inside temperature window. Dwell time = 52.6sec (22.9C)
Inside temperature window. Dwell time = 57.8sec (23.0C)
Inside temperature window. Dwell time = 63.1sec (22.9C)
Inside temperature window. Dwell time = 68.3sec (23.0C)
Inside temperature window. Dwell time = 73.6sec (22.8C)
Inside temperature window. Dwell time = 78.8sec (22.8C)
Inside temperature window. Dwell time = 84.1sec (22.9C)
Inside temperature window. Dwell time = 89.4sec (23.0C)
Inside temperature window. Dwell time = 94.6sec (23.0C)
Inside temperature window. Dwell time = 99.9sec (22.8C)
Inside temperature window. Dwell time = 105.1sec (22.7C)
Inside temperature window. Dwell time = 110.4sec (23.0C)
Outside temperature window. Dwell time = 0.0sec (22.8C)
Inside temperature window. Dwell time = 5.3sec (22.9C)
Inside temperature window. Dwell time = 10.5sec (22.9C)
Inside temperature window. Dwell time = 15.8sec (23.0C)
Inside temperature window. Dwell time = 21.0sec (22.9C)
Inside temperature window. Dwell time = 26.3sec (22.9C)
Inside temperature window. Dwell time = 31.5sec (22.9C)
Inside temperature window. Dwell time = 36.8sec (22.9C)
Inside temperature window. Dwell time = 42.1sec (22.9C)
Inside temperature window. Dwell time = 47.3sec (22.9C)
Inside temperature window. Dwell time = 52.6sec (22.7C)
Inside temperature window. Dwell time = 57.8sec (22.9C)
Inside temperature window. Dwell time = 63.1sec (22.9C)
Inside temperature window. Dwell time = 68.3sec (23.1C)
Inside temperature window. Dwell time = 73.6sec (22.9C)
Inside temperature window. Dwell time = 78.8sec (22.8C)
Inside temperature window. Dwell time = 84.1sec (22.8C)
Inside temperature window. Dwell time = 89.4sec (23.0C)
Inside temperature window. Dwell time = 94.6sec (23.0C)
Inside temperature window. Dwell time = 99.9sec (22.9C)
Inside temperature window. Dwell time = 105.1sec (22.9C)
Inside temperature window. Dwell time = 110.4sec (22.9C)
Inside temperature window. Dwell time = 115.6sec (22.9C)
Inside temperature window. Dwell time = 120.9sec (22.9C)
Inside temperature window. Dwell time = 126.2sec (22.9C)
Inside temperature window. Dwell time = 131.4sec (23.0C)
Inside temperature window. Dwell time = 136.7sec (23.0C)
Inside temperature window. Dwell time = 141.9sec (22.9C)
Inside temperature window. Dwell time = 147.2sec (22.9C)
Inside temperature window. Dwell time = 152.4sec (22.9C)
Inside temperature window. Dwell time = 157.7sec (22.9C)
Inside temperature window. Dwell time = 162.9sec (23.0C)
Inside temperature window. Dwell time = 168.2sec (22.9C)
Inside temperature window. Dwell time = 173.5sec (22.9C)
Inside temperature window. Dwell time = 178.7sec (22.9C)
Inside temperature window. Dwell time = 184.0sec (23.0C)
Inside temperature window. Dwell time = 189.2sec (23.0C)
Outside temperature window. Dwell time = 0.0sec (22.8C)
Inside temperature window. Dwell time = 5.3sec (22.9C)
Inside temperature window. Dwell time = 10.5sec (22.9C)
Inside temperature window. Dwell time = 15.8sec (22.9C)
Inside temperature window. Dwell time = 21.0sec (22.9C)
Inside temperature window. Dwell time = 26.3sec (23.0C)
Inside temperature window. Dwell time = 31.5sec (22.9C)
Inside temperature window. Dwell time = 36.8sec (22.7C)
Inside temperature window. Dwell time = 42.1sec (22.8C)
Inside temperature window. Dwell time = 47.3sec (22.9C)
Inside temperature window. Dwell time = 52.6sec (22.8C)
Inside temperature window. Dwell time = 57.8sec (22.8C)
Inside temperature window. Dwell time = 63.1sec (22.9C)
Inside temperature window. Dwell time = 68.3sec (22.7C)
Inside temperature window. Dwell time = 73.6sec (22.7C)
Inside temperature window. Dwell time = 78.8sec (22.9C)
Inside temperature window. Dwell time = 84.1sec (22.9C)
Inside temperature window. Dwell time = 89.4sec (22.8C)
Inside temperature window. Dwell time = 94.6sec (22.9C)
Inside temperature window. Dwell time = 99.9sec (23.0C)
Outside temperature window. Dwell time = 0.0sec (22.7C)
Inside temperature window. Dwell time = 5.3sec (22.9C)
Inside temperature window. Dwell time = 10.5sec (22.9C)
Inside temperature window. Dwell time = 15.8sec (22.9C)
Inside temperature window. Dwell time = 21.0sec (22.9C)
Inside temperature window. Dwell time = 26.3sec (23.0C)
Inside temperature window. Dwell time = 31.5sec (23.0C)
Inside temperature window. Dwell time = 36.8sec (22.9C)
Inside temperature window. Dwell time = 42.1sec (22.8C)
Inside temperature window. Dwell time = 47.3sec (22.9C)
Inside temperature window. Dwell time = 52.6sec (23.0C)
Outside temperature window. Dwell time = 0.0sec (22.7C)
Inside temperature window. Dwell time = 5.3sec (22.7C)
Inside temperature window. Dwell time = 10.5sec (22.9C)
Inside temperature window. Dwell time = 15.8sec (22.9C)
Inside temperature window. Dwell time = 21.0sec (23.0C)
Inside temperature window. Dwell time = 26.3sec (22.9C)
Inside temperature window. Dwell time = 31.5sec (22.9C)
Inside temperature window. Dwell time = 36.8sec (23.0C)
Inside temperature window. Dwell time = 42.1sec (23.0C)
Inside temperature window. Dwell time = 47.3sec (23.0C)
Inside temperature window. Dwell time = 52.6sec (23.0C)
Inside temperature window. Dwell time = 57.8sec (22.9C)
Inside temperature window. Dwell time = 63.1sec (23.0C)
Inside temperature window. Dwell time = 68.3sec (22.9C)
Inside temperature window. Dwell time = 73.6sec (23.0C)
Inside temperature window. Dwell time = 78.8sec (23.0C)
Inside temperature window. Dwell time = 84.1sec (22.9C)
Inside temperature window. Dwell time = 89.4sec (22.9C)
Inside temperature window. Dwell time = 94.6sec (23.0C)
Inside temperature window. Dwell time = 99.9sec (22.8C)
Inside temperature window. Dwell time = 105.1sec (22.8C)
Inside temperature window. Dwell time = 110.4sec (22.9C)
Inside temperature window. Dwell time = 115.6sec (22.9C)
Inside temperature window. Dwell time = 120.9sec (23.0C)
Inside temperature window. Dwell time = 126.2sec (23.0C)
Inside temperature window. Dwell time = 131.4sec (23.0C)
Inside temperature window. Dwell time = 136.7sec (22.9C)
Inside temperature window. Dwell time = 141.9sec (22.9C)
Inside temperature window. Dwell time = 147.2sec (22.9C)
Inside temperature window. Dwell time = 152.4sec (22.9C)
Inside temperature window. Dwell time = 157.7sec (23.0C)
Inside temperature window. Dwell time = 163.0sec (23.0C)
Inside temperature window. Dwell time = 168.2sec (22.8C)
Inside temperature window. Dwell time = 173.5sec (22.8C)
Inside temperature window. Dwell time = 178.7sec (22.9C)
Inside temperature window. Dwell time = 184.0sec (23.0C)
Inside temperature window. Dwell time = 189.2sec (22.8C)
Inside temperature window. Dwell time = 194.5sec (22.8C)
Inside temperature window. Dwell time = 199.7sec (23.0C)
Inside temperature window. Dwell time = 205.0sec (23.0C)
Inside temperature window. Dwell time = 210.3sec (22.9C)
Inside temperature window. Dwell time = 215.5sec (22.9C)
Inside temperature window. Dwell time = 220.8sec (22.9C)
Inside temperature window. Dwell time = 226.0sec (23.0C)
Inside temperature window. Dwell time = 231.3sec (22.9C)
Inside temperature window. Dwell time = 236.5sec (22.9C)
Inside temperature window. Dwell time = 241.8sec (23.0C)
Inside temperature window. Dwell time = 247.1sec (23.0C)
Inside temperature window. Dwell time = 252.3sec (23.1C)
Inside temperature window. Dwell time = 257.6sec (22.9C)
Inside temperature window. Dwell time = 262.8sec (22.9C)
Inside temperature window. Dwell time = 268.1sec (22.9C)
Inside temperature window. Dwell time = 273.3sec (22.9C)
Inside temperature window. Dwell time = 278.6sec (23.0C)
Inside temperature window. Dwell time = 283.8sec (23.0C)
Inside temperature window. Dwell time = 289.1sec (23.1C)
Inside temperature window. Dwell time = 294.4sec (22.9C)
Inside temperature window. Dwell time = 299.6sec (22.9C)
Inside temperature window. Dwell time = 304.9sec (23.0C)
Inside temperature window. Dwell time = 310.1sec (22.9C)
Inside temperature window. Dwell time = 315.4sec (23.0C)
Inside temperature window. Dwell time = 320.6sec (22.9C)
Inside temperature window. Dwell time = 325.9sec (22.9C)
Inside temperature window. Dwell time = 331.2sec (22.9C)
Inside temperature window. Dwell time = 336.4sec (22.9C)
Inside temperature window. Dwell time = 341.7sec (23.0C)
Outside temperature window. Dwell time = 0.0sec (22.8C)
Inside temperature window. Dwell time = 5.3sec (22.9C)
Inside temperature window. Dwell time = 10.5sec (22.9C)
Inside temperature window. Dwell time = 15.8sec (22.9C)
Inside temperature window. Dwell time = 21.0sec (22.9C)
Inside temperature window. Dwell time = 26.3sec (22.9C)
Inside temperature window. Dwell time = 31.5sec (23.0C)
Inside temperature window. Dwell time = 36.8sec (23.0C)
Inside temperature window. Dwell time = 42.1sec (22.8C)
Inside temperature window. Dwell time = 47.3sec (22.9C)
Inside temperature window. Dwell time = 52.6sec (23.1C)
Inside temperature window. Dwell time = 57.8sec (22.9C)
Inside temperature window. Dwell time = 63.1sec (23.0C)
Inside temperature window. Dwell time = 68.3sec (22.9C)
Inside temperature window. Dwell time = 73.6sec (22.9C)
Inside temperature window. Dwell time = 78.8sec (23.0C)
Inside temperature window. Dwell time = 84.1sec (23.0C)
Inside temperature window. Dwell time = 89.4sec (22.9C)
Inside temperature window. Dwell time = 94.6sec (22.9C)
Inside temperature window. Dwell time = 99.9sec (22.9C)
Inside temperature window. Dwell time = 105.1sec (23.1C)
Inside temperature window. Dwell time = 110.4sec (22.8C)
Inside temperature window. Dwell time = 115.6sec (22.8C)
Inside temperature window. Dwell time = 120.9sec (23.0C)
Inside temperature window. Dwell time = 126.2sec (22.9C)
Inside temperature window. Dwell time = 131.4sec (23.0C)
Inside temperature window. Dwell time = 136.7sec (23.0C)
Inside temperature window. Dwell time = 141.9sec (23.0C)
Inside temperature window. Dwell time = 147.2sec (22.9C)
Inside temperature window. Dwell time = 152.4sec (23.0C)
Inside temperature window. Dwell time = 157.7sec (23.0C)
Inside temperature window. Dwell time = 162.9sec (22.9C)
Inside temperature window. Dwell time = 168.2sec (22.9C)
Inside temperature window. Dwell time = 173.5sec (23.0C)
Inside temperature window. Dwell time = 178.7sec (22.9C)
Inside temperature window. Dwell time = 184.0sec (23.0C)
Inside temperature window. Dwell time = 189.2sec (23.0C)
Inside temperature window. Dwell time = 194.5sec (23.0C)
Inside temperature window. Dwell time = 199.8sec (22.9C)
Inside temperature window. Dwell time = 205.0sec (22.9C)
Inside temperature window. Dwell time = 210.3sec (23.1C)
Inside temperature window. Dwell time = 215.5sec (23.0C)
Inside temperature window. Dwell time = 220.8sec (22.9C)
Inside temperature window. Dwell time = 226.0sec (23.0C)
Inside temperature window. Dwell time = 231.3sec (23.0C)
Inside temperature window. Dwell time = 236.6sec (22.9C)
Inside temperature window. Dwell time = 241.8sec (22.9C)
Inside temperature window. Dwell time = 247.1sec (22.9C)
Inside temperature window. Dwell time = 252.3sec (23.0C)
Inside temperature window. Dwell time = 257.6sec (23.0C)
Inside temperature window. Dwell time = 262.8sec (22.8C)
Inside temperature window. Dwell time = 268.1sec (22.9C)
Inside temperature window. Dwell time = 273.4sec (23.0C)
Inside temperature window. Dwell time = 278.6sec (23.0C)
Inside temperature window. Dwell time = 283.9sec (22.9C)
Inside temperature window. Dwell time = 289.1sec (22.9C)
Inside temperature window. Dwell time = 294.4sec (23.0C)
Inside temperature window. Dwell time = 299.6sec (23.0C)
Inside temperature window. Dwell time = 304.9sec (22.9C)
Inside temperature window. Dwell time = 310.2sec (23.0C)
Inside temperature window. Dwell time = 315.4sec (23.0C)
Inside temperature window. Dwell time = 320.7sec (22.9C)
Inside temperature window. Dwell time = 325.9sec (23.0C)
Inside temperature window. Dwell time = 331.2sec (22.9C)
Inside temperature window. Dwell time = 336.4sec (22.9C)
Inside temperature window. Dwell time = 341.7sec (23.0C)
Inside temperature window. Dwell time = 346.9sec (23.0C)
Inside temperature window. Dwell time = 352.2sec (22.9C)
Inside temperature window. Dwell time = 357.5sec (22.9C)
Inside temperature window. Dwell time = 362.7sec (23.1C)
Inside temperature window. Dwell time = 368.0sec (22.8C)
Inside temperature window. Dwell time = 373.2sec (22.9C)
Inside temperature window. Dwell time = 378.5sec (22.9C)
Inside temperature window. Dwell time = 383.7sec (22.9C)
Inside temperature window. Dwell time = 389.0sec (22.9C)
Inside temperature window. Dwell time = 394.2sec (22.9C)
Inside temperature window. Dwell time = 399.5sec (23.0C)
Inside temperature window. Dwell time = 404.8sec (22.9C)
Inside temperature window. Dwell time = 410.0sec (22.9C)
Inside temperature window. Dwell time = 415.3sec (23.0C)
Inside temperature window. Dwell time = 420.5sec (23.0C)
Inside temperature window. Dwell time = 425.8sec (22.9C)
Inside temperature window. Dwell time = 431.0sec (23.0C)
Inside temperature window. Dwell time = 436.3sec (23.0C)
Inside temperature window. Dwell time = 441.6sec (22.9C)
Inside temperature window. Dwell time = 446.8sec (23.0C)
Inside temperature window. Dwell time = 452.1sec (23.0C)
Inside temperature window. Dwell time = 457.3sec (22.9C)
Inside temperature window. Dwell time = 462.6sec (22.7C)
Inside temperature window. Dwell time = 467.8sec (22.9C)
Inside temperature window. Dwell time = 473.1sec (23.0C)
Inside temperature window. Dwell time = 478.4sec (22.8C)
Inside temperature window. Dwell time = 483.6sec (22.8C)
Inside temperature window. Dwell time = 488.9sec (22.8C)
Inside temperature window. Dwell time = 494.1sec (23.0C)
Inside temperature window. Dwell time = 499.4sec (23.0C)
Inside temperature window. Dwell time = 504.6sec (22.9C)
Outside temperature window. Dwell time = 0.0sec (22.7C)
Inside temperature window. Dwell time = 5.3sec (22.9C)
Inside temperature window. Dwell time = 10.5sec (22.9C)
Inside temperature window. Dwell time = 15.8sec (23.0C)
Inside temperature window. Dwell time = 21.0sec (22.9C)
Inside temperature window. Dwell time = 26.3sec (22.9C)
Inside temperature window. Dwell time = 31.5sec (22.9C)
Inside temperature window. Dwell time = 36.8sec (22.9C)
Inside temperature window. Dwell time = 42.1sec (22.8C)
Inside temperature window. Dwell time = 47.3sec (22.9C)
Inside temperature window. Dwell time = 52.6sec (23.0C)
Inside temperature window. Dwell time = 57.8sec (23.0C)
Inside temperature window. Dwell time = 63.1sec (23.0C)
Inside temperature window. Dwell time = 68.3sec (23.0C)
Inside temperature window. Dwell time = 73.6sec (22.9C)
Inside temperature window. Dwell time = 78.9sec (22.8C)
Inside temperature window. Dwell time = 84.1sec (22.9C)
Inside temperature window. Dwell time = 89.4sec (23.1C)
Inside temperature window. Dwell time = 94.6sec (23.0C)
Inside temperature window. Dwell time = 99.9sec (23.1C)
Inside temperature window. Dwell time = 105.1sec (23.1C)
Inside temperature window. Dwell time = 110.4sec (22.9C)
Inside temperature window. Dwell time = 115.7sec (22.9C)
Inside temperature window. Dwell time = 120.9sec (23.0C)
Inside temperature window. Dwell time = 126.2sec (23.0C)
Inside temperature window. Dwell time = 131.4sec (23.0C)
Inside temperature window. Dwell time = 136.7sec (23.0C)
Inside temperature window. Dwell time = 141.9sec (23.0C)
Inside temperature window. Dwell time = 147.2sec (22.8C)
Inside temperature window. Dwell time = 152.5sec (22.9C)
Inside temperature window. Dwell time = 157.7sec (23.0C)
Inside temperature window. Dwell time = 163.0sec (22.9C)
Inside temperature window. Dwell time = 168.2sec (22.9C)
Inside temperature window. Dwell time = 173.5sec (23.0C)
Inside temperature window. Dwell time = 178.7sec (23.0C)
Inside temperature window. Dwell time = 184.0sec (22.9C)
Inside temperature window. Dwell time = 189.3sec (22.9C)
Inside temperature window. Dwell time = 194.5sec (22.9C)
Inside temperature window. Dwell time = 199.8sec (23.0C)
Inside temperature window. Dwell time = 205.0sec (23.1C)
Inside temperature window. Dwell time = 210.3sec (22.9C)
Inside temperature window. Dwell time = 215.5sec (22.9C)
Inside temperature window. Dwell time = 220.8sec (23.1C)
Inside temperature window. Dwell time = 226.0sec (23.0C)
Inside temperature window. Dwell time = 231.3sec (23.0C)
Inside temperature window. Dwell time = 236.6sec (23.0C)
Inside temperature window. Dwell time = 241.8sec (23.0C)
Inside temperature window. Dwell time = 247.1sec (22.9C)
Inside temperature window. Dwell time = 252.3sec (22.9C)
Inside temperature window. Dwell time = 257.6sec (23.0C)
Inside temperature window. Dwell time = 262.8sec (23.0C)
Inside temperature window. Dwell time = 268.1sec (23.0C)
Inside temperature window. Dwell time = 273.4sec (23.0C)
Inside temperature window. Dwell time = 278.6sec (22.9C)
Inside temperature window. Dwell time = 283.9sec (22.9C)
Inside temperature window. Dwell time = 289.1sec (23.0C)
Inside temperature window. Dwell time = 294.4sec (23.0C)
Inside temperature window. Dwell time = 299.6sec (22.9C)
Inside temperature window. Dwell time = 304.9sec (23.0C)
Inside temperature window. Dwell time = 310.1sec (23.0C)
Inside temperature window. Dwell time = 315.4sec (22.9C)
Inside temperature window. Dwell time = 320.7sec (23.0C)
Inside temperature window. Dwell time = 325.9sec (23.0C)
Inside temperature window. Dwell time = 331.2sec (22.9C)
Inside temperature window. Dwell time = 336.4sec (22.9C)
Inside temperature window. Dwell time = 341.7sec (23.0C)
Inside temperature window. Dwell time = 346.9sec (22.9C)
Inside temperature window. Dwell time = 352.2sec (23.1C)
Inside temperature window. Dwell time = 357.4sec (22.9C)
Inside temperature window. Dwell time = 362.7sec (22.9C)
Inside temperature window. Dwell time = 368.0sec (23.0C)
Inside temperature window. Dwell time = 373.2sec (23.1C)
Inside temperature window. Dwell time = 378.5sec (22.9C)
Inside temperature window. Dwell time = 383.7sec (22.9C)
Inside temperature window. Dwell time = 389.0sec (23.0C)
Inside temperature window. Dwell time = 394.2sec (23.0C)
Inside temperature window. Dwell time = 399.5sec (22.9C)
Inside temperature window. Dwell time = 404.8sec (22.9C)
Inside temperature window. Dwell time = 410.0sec (23.0C)
Inside temperature window. Dwell time = 415.3sec (22.9C)
Inside temperature window. Dwell time = 420.5sec (22.9C)
Inside temperature window. Dwell time = 425.8sec (23.0C)
Inside temperature window. Dwell time = 431.0sec (23.0C)
Inside temperature window. Dwell time = 436.3sec (22.9C)
Inside temperature window. Dwell time = 441.6sec (22.9C)
Inside temperature window. Dwell time = 446.8sec (22.9C)
Inside temperature window. Dwell time = 452.1sec (22.9C)
Inside temperature window. Dwell time = 457.3sec (23.0C)
Inside temperature window. Dwell time = 462.6sec (22.9C)
Inside temperature window. Dwell time = 467.8sec (22.9C)
Inside temperature window. Dwell time = 473.1sec (22.9C)
Inside temperature window. Dwell time = 478.4sec (23.0C)
Inside temperature window. Dwell time = 483.6sec (22.9C)
Inside temperature window. Dwell time = 488.9sec (22.9C)
Inside temperature window. Dwell time = 494.1sec (22.9C)
Inside temperature window. Dwell time = 499.4sec (23.0C)
Inside temperature window. Dwell time = 504.6sec (23.0C)
Inside temperature window. Dwell time = 509.9sec (22.8C)
Inside temperature window. Dwell time = 515.2sec (22.9C)
Inside temperature window. Dwell time = 520.4sec (23.0C)
Inside temperature window. Dwell time = 525.7sec (22.9C)
Inside temperature window. Dwell time = 530.9sec (23.0C)
Inside temperature window. Dwell time = 536.2sec (23.0C)
Inside temperature window. Dwell time = 541.4sec (23.0C)
Inside temperature window. Dwell time = 546.7sec (23.0C)
Inside temperature window. Dwell time = 552.0sec (23.0C)
Inside temperature window. Dwell time = 557.2sec (22.9C)
Inside temperature window. Dwell time = 562.5sec (22.9C)
Inside temperature window. Dwell time = 567.7sec (23.1C)
Inside temperature window. Dwell time = 573.0sec (23.0C)
Inside temperature window. Dwell time = 578.2sec (22.9C)
Inside temperature window. Dwell time = 583.5sec (23.0C)
Inside temperature window. Dwell time = 588.7sec (23.0C)
Inside temperature window. Dwell time = 594.0sec (23.0C)
Inside temperature window. Dwell time = 599.3sec (23.0C)
Inside temperature window. Dwell time = 604.5sec (22.9C)
Dwell time within temperature window achieved
PRB CC1020 FREQ_2A =  53
PRB CC1020 FREQ_1A =  240
PRB CC1020 FREQ_0A =  33
PRB CC1020 CLOCK_A =  56
PRB CC1020 FREQ_2B =  53
PRB CC1020 FREQ_1B =  250
PRB CC1020 FREQ_0B =  203
PRB CC1020 CLOCK_B =  56
PRB CC1020 MATCH =  0
PRB CC1020 STATUS1 =  108
PRB CC1020 STATUS2 =  102
PRB CC1020 STATUS3 =  68
type(devList): <type 'DeviceIDList'>
Calibrating...
Loop Index =  0
Test time = 55:45.340
PRB FREQ_A =  3534881
PRB FREQ_B =  3537611
type(devList): <type 'DeviceIDList'>
devList  Device ID List, ID[211]
DeviceID[0] : ID 0x00200BA2 (Model 0, Serial 2978, SW Version 8, Is Not Implanted)
Channel Selection =  0
Data inversion =  1
PRB AFC =  0
PRB AFC =  0
PRB AFC =  0
PRB AFC =  0
PRB AFC =  0
PRB AFC =  0
PRB AFC =  0
PRB AFC =  1
PRB AFC =  1
PRB AFC =  -1
PRB Average AFC =  0.1
PRB FREQ_A =  3534751
PRB FREQ_B =  3537481
PRB AFC_A =  -65
PRB AFC_B =  -65
PRB CC1020 FILTER =  34
PRB RSSI =  64
PRB RSSI =  64
PRB RSSI =  63
PRB RSSI =  63
PRB RSSI =  64
PRB RSSI =  63
PRB RSSI =  63
PRB RSSI =  64
PRB RSSI =  63
PRB RSSI =  63
PRB Average RSSI =  63.4
S-ICD CC1000 FREQ_2A =  82
S-ICD CC1000 FREQ_1A =  0
S-ICD CC1000 FREQ_0A =  0
S-ICD CC1000 FREQ_2B =  81
S-ICD CC1000 FREQ_1B =  246
S-ICD CC1000 FREQ_0B =  133
S-ICD CC1000 Tx Test6 =  16
S-ICD CC1000 Tx Test5 =  8
S-ICD CC1000 Tx Test4 =  63
S-ICD CC1000 Tx Test3 =  4
S-ICD CC1000 Tx Test2 =  31
S-ICD CC1000 Tx Test1 =  7
S-ICD CC1000 Tx Test0 =  5
S-ICD CC1000 Rx Test6 =  16
S-ICD CC1000 Rx Test5 =  8
S-ICD CC1000 Rx Test4 =  63
S-ICD CC1000 Rx Test3 =  4
S-ICD CC1000 Rx Test2 =  31
S-ICD CC1000 Rx Test1 =  7
S-ICD CC1000 Rx Test0 =  9
S-ICD CC1000 Tx Cal Failure Count =  0
S-ICD CC1000 Tx Lock Failure Count =  0
S-ICD CC1000 Rx Cal Failure Count =  0
S-ICD CC1000 Rx Lock Failure Count =  0
VCO frequency starts in 10 seconds and lasts for 30 seconds...
  PRB Tx frequency =  377300000.0
  PRB Tx power =  -54.421875
  PRB Tx frequency =  377300000.0
  PRB Tx power =  -54.796875
  PRB Tx frequency =  377300000.0
  PRB Tx power =  -54.3515625
  PRB Tx frequency =  377300000.0
  PRB Tx power =  -54.3515625
  PRB Tx frequency =  377300000.0
  PRB Tx power =  -54.8828125
  PRB Tx frequency =  377300000.0
  PRB Tx power =  -54.796875
  PRB Tx frequency =  377300000.0
  PRB Tx power =  -55.3046875
  PRB Tx frequency =  377300000.0
  PRB Tx power =  -54.609375
  PRB Ave Frequency =  377300000.0
  PRB Ave Power =  -54.689453125
Loop Index =  1
Test time = 57:05.644
PRB FREQ_A =  3534881
PRB FREQ_B =  3537611
type(devList): <type 'DeviceIDList'>
devList  Device ID List, ID[373]
DeviceID[0] : ID 0x00200BA2 (Model 0, Serial 2978, SW Version 8, Is Not Implanted)
Channel Selection =  0
Data inversion =  1
PRB AFC =  0
PRB AFC =  1
PRB AFC =  1
PRB AFC =  0
PRB AFC =  0
PRB AFC =  0
PRB AFC =  1
PRB AFC =  0
PRB AFC =  0
PRB AFC =  1
PRB Average AFC =  0.4
PRB FREQ_A =  3534751
PRB FREQ_B =  3537481
PRB AFC_A =  -65
PRB AFC_B =  -65
PRB CC1020 FILTER =  34
PRB RSSI =  62
PRB RSSI =  64
PRB RSSI =  64
PRB RSSI =  64
PRB RSSI =  64
PRB RSSI =  64
PRB RSSI =  64
PRB RSSI =  64
PRB RSSI =  63
PRB RSSI =  63
PRB Average RSSI =  63.6
VCO frequency starts in 10 seconds and lasts for 30 seconds...
  PRB Tx frequency =  455200000.0
  PRB Tx power =  -42.109375
  PRB Tx frequency =  455200000.0
  PRB Tx power =  -41.5625
  PRB Tx frequency =  455200000.0
  PRB Tx power =  -41.7734375
  PRB Tx frequency =  455200000.0
  PRB Tx power =  -41.953125
  PRB Tx frequency =  455200000.0
  PRB Tx power =  -42.28125
  PRB Tx frequency =  455200000.0
  PRB Tx power =  -41.6796875
  PRB Tx frequency =  455200000.0
  PRB Tx power =  -41.5234375
  PRB Tx frequency =  455200000.0
  PRB Tx power =  -41.3046875
  PRB Ave Frequency =  455200000.0
  PRB Ave Power =  -41.7734375
