Creating instrument...
resetting
done resetting
Setpoint changed to 43.0C
Inside temperature window. Dwell time = 0.1sec (43.1C)
Inside temperature window. Dwell time = 5.4sec (43.0C)
Inside temperature window. Dwell time = 10.7sec (42.9C)
Inside temperature window. Dwell time = 15.9sec (42.9C)
Inside temperature window. Dwell time = 21.2sec (42.9C)
Inside temperature window. Dwell time = 26.5sec (43.0C)
Inside temperature window. Dwell time = 31.7sec (43.0C)
Inside temperature window. Dwell time = 37.0sec (43.1C)
Inside temperature window. Dwell time = 42.3sec (43.1C)
Inside temperature window. Dwell time = 47.5sec (43.0C)
Inside temperature window. Dwell time = 52.8sec (43.0C)
Inside temperature window. Dwell time = 58.0sec (43.1C)
Inside temperature window. Dwell time = 63.3sec (43.1C)
Inside temperature window. Dwell time = 68.6sec (43.1C)
Inside temperature window. Dwell time = 73.8sec (43.1C)
Inside temperature window. Dwell time = 79.1sec (43.1C)
Inside temperature window. Dwell time = 84.4sec (43.0C)
Inside temperature window. Dwell time = 89.7sec (42.9C)
Inside temperature window. Dwell time = 94.9sec (43.0C)
Inside temperature window. Dwell time = 100.2sec (42.9C)
Inside temperature window. Dwell time = 105.4sec (43.1C)
Inside temperature window. Dwell time = 110.7sec (43.1C)
Inside temperature window. Dwell time = 115.9sec (43.1C)
Inside temperature window. Dwell time = 121.2sec (43.1C)
Inside temperature window. Dwell time = 126.4sec (43.1C)
Inside temperature window. Dwell time = 131.7sec (43.0C)
Inside temperature window. Dwell time = 137.0sec (43.0C)
Inside temperature window. Dwell time = 142.2sec (43.0C)
Inside temperature window. Dwell time = 147.5sec (43.0C)
Inside temperature window. Dwell time = 152.7sec (43.0C)
Inside temperature window. Dwell time = 158.0sec (43.0C)
Inside temperature window. Dwell time = 163.3sec (43.0C)
Inside temperature window. Dwell time = 168.5sec (43.0C)
Inside temperature window. Dwell time = 173.8sec (43.1C)
Inside temperature window. Dwell time = 179.0sec (43.0C)
Inside temperature window. Dwell time = 184.3sec (43.0C)
Inside temperature window. Dwell time = 189.5sec (43.0C)
Inside temperature window. Dwell time = 194.8sec (42.9C)
Inside temperature window. Dwell time = 200.1sec (42.9C)
Inside temperature window. Dwell time = 205.3sec (42.9C)
Inside temperature window. Dwell time = 210.6sec (43.0C)
Inside temperature window. Dwell time = 215.8sec (43.0C)
Inside temperature window. Dwell time = 221.1sec (43.1C)
Inside temperature window. Dwell time = 226.3sec (43.0C)
Inside temperature window. Dwell time = 231.6sec (43.0C)
Inside temperature window. Dwell time = 236.9sec (43.0C)
Inside temperature window. Dwell time = 242.1sec (43.1C)
Inside temperature window. Dwell time = 247.4sec (43.1C)
Inside temperature window. Dwell time = 252.6sec (43.1C)
Inside temperature window. Dwell time = 257.9sec (43.0C)
Inside temperature window. Dwell time = 263.1sec (43.1C)
Inside temperature window. Dwell time = 268.4sec (43.1C)
Inside temperature window. Dwell time = 273.7sec (43.0C)
Inside temperature window. Dwell time = 278.9sec (43.0C)
Inside temperature window. Dwell time = 284.2sec (43.0C)
Inside temperature window. Dwell time = 289.4sec (43.1C)
Inside temperature window. Dwell time = 294.7sec (42.9C)
Inside temperature window. Dwell time = 300.0sec (43.0C)
Inside temperature window. Dwell time = 305.2sec (43.0C)
Inside temperature window. Dwell time = 310.5sec (43.0C)
Inside temperature window. Dwell time = 315.7sec (43.0C)
Inside temperature window. Dwell time = 321.0sec (43.0C)
Inside temperature window. Dwell time = 326.2sec (42.9C)
Inside temperature window. Dwell time = 331.5sec (43.0C)
Inside temperature window. Dwell time = 336.8sec (43.1C)
Inside temperature window. Dwell time = 342.0sec (43.1C)
Inside temperature window. Dwell time = 347.3sec (42.9C)
Inside temperature window. Dwell time = 352.5sec (43.1C)
Inside temperature window. Dwell time = 357.8sec (43.1C)
Inside temperature window. Dwell time = 363.0sec (43.0C)
Inside temperature window. Dwell time = 368.3sec (43.0C)
Inside temperature window. Dwell time = 373.6sec (43.0C)
Inside temperature window. Dwell time = 378.8sec (43.0C)
Inside temperature window. Dwell time = 384.1sec (43.1C)
Inside temperature window. Dwell time = 389.3sec (43.1C)
Inside temperature window. Dwell time = 394.6sec (43.1C)
Inside temperature window. Dwell time = 399.8sec (43.0C)
Inside temperature window. Dwell time = 405.1sec (43.0C)
Inside temperature window. Dwell time = 410.4sec (43.0C)
Inside temperature window. Dwell time = 415.6sec (43.0C)
Inside temperature window. Dwell time = 420.9sec (43.0C)
Inside temperature window. Dwell time = 426.1sec (43.0C)
Inside temperature window. Dwell time = 431.4sec (43.0C)
Inside temperature window. Dwell time = 436.6sec (43.0C)
Inside temperature window. Dwell time = 441.9sec (43.0C)
Inside temperature window. Dwell time = 447.2sec (43.0C)
Inside temperature window. Dwell time = 452.4sec (43.1C)
Inside temperature window. Dwell time = 457.7sec (43.0C)
Inside temperature window. Dwell time = 462.9sec (43.0C)
Inside temperature window. Dwell time = 468.2sec (43.1C)
Inside temperature window. Dwell time = 473.4sec (42.8C)
Outside temperature window. Dwell time = 0.0sec (42.7C)
Inside temperature window. Dwell time = 5.3sec (42.9C)
Inside temperature window. Dwell time = 10.5sec (43.0C)
Inside temperature window. Dwell time = 15.8sec (43.0C)
Inside temperature window. Dwell time = 21.0sec (43.0C)
Inside temperature window. Dwell time = 26.3sec (43.0C)
Inside temperature window. Dwell time = 31.5sec (43.0C)
Inside temperature window. Dwell time = 36.8sec (42.9C)
Inside temperature window. Dwell time = 42.1sec (43.0C)
Inside temperature window. Dwell time = 47.3sec (43.1C)
Inside temperature window. Dwell time = 52.6sec (43.0C)
Inside temperature window. Dwell time = 57.8sec (43.0C)
Inside temperature window. Dwell time = 63.1sec (43.1C)
Inside temperature window. Dwell time = 68.4sec (43.0C)
Inside temperature window. Dwell time = 73.6sec (43.0C)
Inside temperature window. Dwell time = 78.9sec (43.1C)
Inside temperature window. Dwell time = 84.1sec (43.0C)
Inside temperature window. Dwell time = 89.4sec (43.0C)
Inside temperature window. Dwell time = 94.7sec (43.0C)
Inside temperature window. Dwell time = 99.9sec (43.1C)
Inside temperature window. Dwell time = 105.2sec (43.0C)
Inside temperature window. Dwell time = 110.4sec (43.0C)
Inside temperature window. Dwell time = 115.7sec (43.0C)
Inside temperature window. Dwell time = 120.9sec (43.0C)
Inside temperature window. Dwell time = 126.2sec (43.0C)
Inside temperature window. Dwell time = 131.5sec (43.0C)
Inside temperature window. Dwell time = 136.7sec (43.0C)
Inside temperature window. Dwell time = 142.0sec (43.1C)
Inside temperature window. Dwell time = 147.2sec (43.1C)
Inside temperature window. Dwell time = 152.5sec (43.0C)
Inside temperature window. Dwell time = 157.7sec (43.0C)
Inside temperature window. Dwell time = 163.0sec (43.0C)
Inside temperature window. Dwell time = 168.3sec (43.1C)
Inside temperature window. Dwell time = 173.5sec (43.0C)
Inside temperature window. Dwell time = 178.8sec (43.0C)
Inside temperature window. Dwell time = 184.0sec (43.0C)
Inside temperature window. Dwell time = 189.3sec (43.1C)
Inside temperature window. Dwell time = 194.5sec (43.1C)
Inside temperature window. Dwell time = 199.8sec (43.0C)
Inside temperature window. Dwell time = 205.0sec (43.1C)
Inside temperature window. Dwell time = 210.3sec (43.0C)
Inside temperature window. Dwell time = 215.6sec (43.0C)
Inside temperature window. Dwell time = 220.8sec (43.1C)
Inside temperature window. Dwell time = 226.1sec (43.1C)
Inside temperature window. Dwell time = 231.3sec (43.0C)
Inside temperature window. Dwell time = 236.6sec (43.0C)
Inside temperature window. Dwell time = 241.8sec (43.0C)
Inside temperature window. Dwell time = 247.1sec (43.0C)
Inside temperature window. Dwell time = 252.4sec (43.0C)
Inside temperature window. Dwell time = 257.6sec (43.0C)
Inside temperature window. Dwell time = 262.9sec (43.0C)
Inside temperature window. Dwell time = 268.1sec (43.0C)
Inside temperature window. Dwell time = 273.4sec (43.0C)
Inside temperature window. Dwell time = 278.6sec (43.0C)
Inside temperature window. Dwell time = 283.9sec (43.0C)
Inside temperature window. Dwell time = 289.2sec (43.0C)
Inside temperature window. Dwell time = 294.4sec (43.0C)
Inside temperature window. Dwell time = 299.7sec (43.0C)
Inside temperature window. Dwell time = 304.9sec (43.0C)
Inside temperature window. Dwell time = 310.2sec (43.0C)
Inside temperature window. Dwell time = 315.4sec (43.0C)
Inside temperature window. Dwell time = 320.7sec (43.0C)
Inside temperature window. Dwell time = 326.0sec (43.0C)
Inside temperature window. Dwell time = 331.2sec (43.0C)
Inside temperature window. Dwell time = 336.5sec (43.0C)
Inside temperature window. Dwell time = 341.7sec (43.1C)
Inside temperature window. Dwell time = 347.0sec (43.0C)
Inside temperature window. Dwell time = 352.2sec (43.0C)
Inside temperature window. Dwell time = 357.5sec (43.0C)
Inside temperature window. Dwell time = 362.7sec (43.0C)
Inside temperature window. Dwell time = 368.0sec (43.0C)
Inside temperature window. Dwell time = 373.3sec (43.0C)
Inside temperature window. Dwell time = 378.5sec (43.0C)
Inside temperature window. Dwell time = 383.8sec (43.0C)
Inside temperature window. Dwell time = 389.0sec (43.0C)
Inside temperature window. Dwell time = 394.3sec (43.1C)
Inside temperature window. Dwell time = 399.6sec (43.0C)
Inside temperature window. Dwell time = 404.8sec (43.0C)
Inside temperature window. Dwell time = 410.1sec (43.0C)
Inside temperature window. Dwell time = 415.3sec (43.0C)
Inside temperature window. Dwell time = 420.6sec (43.1C)
Inside temperature window. Dwell time = 425.8sec (43.0C)
Inside temperature window. Dwell time = 431.1sec (43.0C)
Inside temperature window. Dwell time = 436.4sec (43.0C)
Inside temperature window. Dwell time = 441.6sec (43.0C)
Inside temperature window. Dwell time = 446.9sec (42.9C)
Inside temperature window. Dwell time = 452.1sec (43.0C)
Inside temperature window. Dwell time = 457.4sec (43.0C)
Inside temperature window. Dwell time = 462.6sec (43.0C)
Inside temperature window. Dwell time = 467.9sec (43.0C)
Inside temperature window. Dwell time = 473.1sec (43.0C)
Inside temperature window. Dwell time = 478.4sec (43.1C)
Inside temperature window. Dwell time = 483.7sec (43.1C)
Inside temperature window. Dwell time = 488.9sec (43.0C)
Inside temperature window. Dwell time = 494.2sec (43.1C)
Inside temperature window. Dwell time = 499.4sec (42.9C)
Inside temperature window. Dwell time = 504.7sec (43.0C)
Inside temperature window. Dwell time = 509.9sec (43.0C)
Inside temperature window. Dwell time = 515.2sec (43.0C)
Inside temperature window. Dwell time = 520.5sec (43.1C)
Inside temperature window. Dwell time = 525.7sec (43.0C)
Inside temperature window. Dwell time = 531.0sec (43.0C)
Inside temperature window. Dwell time = 536.2sec (43.0C)
Inside temperature window. Dwell time = 541.5sec (43.1C)
Inside temperature window. Dwell time = 546.7sec (42.9C)
Inside temperature window. Dwell time = 552.0sec (43.0C)
Inside temperature window. Dwell time = 557.3sec (43.0C)
Inside temperature window. Dwell time = 562.5sec (43.1C)
Inside temperature window. Dwell time = 567.8sec (43.0C)
Inside temperature window. Dwell time = 573.0sec (43.0C)
Inside temperature window. Dwell time = 578.3sec (43.0C)
Inside temperature window. Dwell time = 583.5sec (42.9C)
Inside temperature window. Dwell time = 588.8sec (43.1C)
Inside temperature window. Dwell time = 594.1sec (43.0C)
Inside temperature window. Dwell time = 599.3sec (43.0C)
Inside temperature window. Dwell time = 604.6sec (43.0C)
Dwell time within temperature window achieved
PRB CC1020 FREQ_2A =  53
PRB CC1020 FREQ_1A =  240
PRB CC1020 FREQ_0A =  33
PRB CC1020 CLOCK_A =  56
PRB CC1020 FREQ_2B =  53
PRB CC1020 FREQ_1B =  250
PRB CC1020 FREQ_0B =  203
PRB CC1020 CLOCK_B =  56
PRB CC1020 MATCH =  0
PRB CC1020 STATUS1 =  111
PRB CC1020 STATUS2 =  102
PRB CC1020 STATUS3 =  68
type(devList): <type 'DeviceIDList'>
Calibrating...
Loop Index =  0
Test time = 18:46.862
PRB FREQ_A =  3534881
PRB FREQ_B =  3537611
type(devList): <type 'DeviceIDList'>
devList  Device ID List, ID[211]
DeviceID[0] : ID 0x00200BA2 (Model 0, Serial 2978, SW Version 8, Is Not Implanted)
Channel Selection =  0
Data inversion =  1
PRB AFC =  0
PRB AFC =  0
PRB AFC =  0
PRB AFC =  0
PRB AFC =  0
PRB AFC =  0
PRB AFC =  0
PRB AFC =  -1
PRB AFC =  0
PRB AFC =  0
PRB Average AFC =  -0.1
PRB FREQ_A =  3534751
PRB FREQ_B =  3537481
PRB AFC_A =  -65
PRB AFC_B =  -65
PRB CC1020 FILTER =  34
PRB RSSI =  64
PRB RSSI =  64
PRB RSSI =  63
PRB RSSI =  63
PRB RSSI =  63
PRB RSSI =  63
PRB RSSI =  63
PRB RSSI =  64
PRB RSSI =  63
PRB RSSI =  62
PRB Average RSSI =  63.2
S-ICD CC1000 FREQ_2A =  82
S-ICD CC1000 FREQ_1A =  0
S-ICD CC1000 FREQ_0A =  0
S-ICD CC1000 FREQ_2B =  81
S-ICD CC1000 FREQ_1B =  246
S-ICD CC1000 FREQ_0B =  133
S-ICD CC1000 Tx Test6 =  16
S-ICD CC1000 Tx Test5 =  8
S-ICD CC1000 Tx Test4 =  63
S-ICD CC1000 Tx Test3 =  4
S-ICD CC1000 Tx Test2 =  31
S-ICD CC1000 Tx Test1 =  7
S-ICD CC1000 Tx Test0 =  6
S-ICD CC1000 Rx Test6 =  16
S-ICD CC1000 Rx Test5 =  8
S-ICD CC1000 Rx Test4 =  63
S-ICD CC1000 Rx Test3 =  4
S-ICD CC1000 Rx Test2 =  31
S-ICD CC1000 Rx Test1 =  7
S-ICD CC1000 Rx Test0 =  9
S-ICD CC1000 Tx Cal Failure Count =  0
S-ICD CC1000 Tx Lock Failure Count =  0
S-ICD CC1000 Rx Cal Failure Count =  0
S-ICD CC1000 Rx Lock Failure Count =  0
VCO frequency starts in 10 seconds and lasts for 30 seconds...
  PRB Tx frequency =  377400000.0
  PRB Tx power =  -55.8515625
  PRB Tx frequency =  377400000.0
  PRB Tx power =  -56.109375
  PRB Tx frequency =  377400000.0
  PRB Tx power =  -56.1796875
  PRB Tx frequency =  377400000.0
  PRB Tx power =  -56.1875
  PRB Tx frequency =  377400000.0
  PRB Tx power =  -55.65625
  PRB Tx frequency =  377400000.0
  PRB Tx power =  -56.078125
  PRB Tx frequency =  377400000.0
  PRB Tx power =  -55.40625
  PRB Tx frequency =  377400000.0
  PRB Tx power =  -58.21875
  PRB Ave Frequency =  377400000.0
  PRB Ave Power =  -56.2109375
Loop Index =  1
Test time = 20:07.631
PRB FREQ_A =  3534881
PRB FREQ_B =  3537611
type(devList): <type 'DeviceIDList'>
devList  Device ID List, ID[373]
DeviceID[0] : ID 0x00200BA2 (Model 0, Serial 2978, SW Version 8, Is Not Implanted)
Channel Selection =  0
Data inversion =  1
PRB AFC =  0
PRB AFC =  0
PRB AFC =  1
PRB AFC =  0
PRB AFC =  0
PRB AFC =  1
PRB AFC =  0
PRB AFC =  0
PRB AFC =  0
PRB AFC =  0
PRB Average AFC =  0.2
PRB FREQ_A =  3534751
PRB FREQ_B =  3537481
PRB AFC_A =  -65
PRB AFC_B =  -65
PRB CC1020 FILTER =  34
PRB RSSI =  64
PRB RSSI =  63
PRB RSSI =  64
PRB RSSI =  62
PRB RSSI =  63
PRB RSSI =  64
PRB RSSI =  64
PRB RSSI =  63
PRB RSSI =  61
PRB RSSI =  64
PRB Average RSSI =  63.2
VCO frequency starts in 10 seconds and lasts for 30 seconds...
  PRB Tx frequency =  455500000.0
  PRB Tx power =  -43.9375
  PRB Tx frequency =  455500000.0
  PRB Tx power =  -43.8203125
  PRB Tx frequency =  455500000.0
  PRB Tx power =  -43.953125
  PRB Tx frequency =  455500000.0
  PRB Tx power =  -43.34375
  PRB Tx frequency =  455500000.0
  PRB Tx power =  -44.0390625
  PRB Tx frequency =  455500000.0
  PRB Tx power =  -42.4140625
  PRB Tx frequency =  455500000.0
  PRB Tx power =  -44.421875
  PRB Tx frequency =  455500000.0
  PRB Tx power =  -43.6640625
  PRB Ave Frequency =  455500000.0
  PRB Ave Power =  -43.69921875
