PRB CC1020 FREQ_2A =  53
PRB CC1020 FREQ_1A =  240
PRB CC1020 FREQ_0A =  33
PRB CC1020 CLOCK_A =  56
PRB CC1020 FREQ_2B =  53
PRB CC1020 FREQ_1B =  250
PRB CC1020 FREQ_0B =  203
PRB CC1020 CLOCK_B =  56
PRB CC1020 MATCH =  0
PRB CC1020 STATUS1 =  92
PRB CC1020 STATUS2 =  103
PRB CC1020 STATUS3 =  68
Loop Index =  0
  Test time = 00:00.000
  PRB FREQ_A =  3528725
  PRB FREQ_B =  3531455
  type(devList): <type 'DeviceIDList'>
  devList  Device ID List, ID[17]
DeviceID[0] : ID 0x00200BB2 (Model 0, Serial 2994, SW Version 8, Is Not Implanted)
  Channel Selection =  1
  Data inversion =  0
  PRB Init Frame Error Count =  0
Candidate Frequency = 402.8183MHz, LSI
  Channel Selection =  1
  Data inversion =  0
  S-ICD PA_POW =  15
  S-ICD RAM =  165
  PRB AFC =  0
  PRB AFC =  1
  PRB AFC =  0
  PRB AFC =  2
  PRB AFC =  1
  PRB AFC =  1
  PRB AFC =  1
  PRB AFC =  1
  PRB AFC =  1
  PRB AFC =  1
  PRB Average AFC =  0.9
  PRB FREQ_A =  3528625
  PRB FREQ_B =  3531355
  PRB AFC_A =  -50
  PRB AFC_B =  -50
  PRB/S-ICD reducing tx power 
  S-ICD PA_POW =  7
  PRB power =  3
  PRB AFC =  1
  PRB AFC =  1
  PRB AFC =  1
  PRB AFC =  1
  PRB AFC =  1
  PRB AFC =  1
  PRB AFC =  1
  PRB AFC =  1
  PRB AFC =  0
  PRB AFC =  0
  PRB Average AFC =  0.8
  PRB CC1020 FILTER =  34
  PRB RSSI =  64
  PRB RSSI =  63
  PRB RSSI =  62
  PRB RSSI =  64
  PRB RSSI =  62
  PRB RSSI =  63
  PRB RSSI =  63
  PRB RSSI =  64
  PRB RSSI =  63
  PRB RSSI =  63
  PRB Average RSSI =  63.1
  PRB CC1020 FILTER =  34
  S-ICD command failures =  0
  PRB Final Frame Error Count =  6
  PRB/S-ICD increasing tx power 
  S-ICD PA_POW =  15
  PRB power =  7
Loop Index =  1
  Test time = 04:28.272
  PRB FREQ_A =  3534881
  PRB FREQ_B =  3537611
  type(devList): <type 'DeviceIDList'>
  devList  Device ID List, ID[25281]
DeviceID[0] : ID 0x00200BB2 (Model 0, Serial 2994, SW Version 8, Is Not Implanted)
  Channel Selection =  1
  Data inversion =  1
  PRB Init Frame Error Count =  0
Candidate Frequency = 403.5108MHz, HSI
  Channel Selection =  1
  Data inversion =  1
  S-ICD PA_POW =  15
  S-ICD RAM =  165
  PRB AFC =  0
  PRB AFC =  -1
  PRB AFC =  0
  PRB AFC =  0
  PRB AFC =  1
  PRB AFC =  1
  PRB AFC =  0
  PRB AFC =  1
  PRB AFC =  0
  PRB AFC =  0
  PRB Average AFC =  0.2
  PRB FREQ_A =  3534791
  PRB FREQ_B =  3537521
  PRB AFC_A =  -45
  PRB AFC_B =  -45
  PRB/S-ICD reducing tx power 
  S-ICD PA_POW =  7
  PRB power =  3
  PRB AFC =  -1
  PRB AFC =  1
  PRB AFC =  0
  PRB AFC =  0
  PRB AFC =  1
  PRB AFC =  0
  PRB AFC =  1
  PRB AFC =  0
  PRB AFC =  0
  PRB AFC =  0
  PRB Average AFC =  0.2
  PRB CC1020 FILTER =  34
  PRB RSSI =  63
  PRB RSSI =  64
  PRB RSSI =  63
  PRB RSSI =  64
  PRB RSSI =  63
  PRB RSSI =  63
  PRB RSSI =  64
  PRB RSSI =  62
  PRB RSSI =  63
  PRB RSSI =  63
  PRB Average RSSI =  63.2
  PRB CC1020 FILTER =  34
  S-ICD command failures =  0
  PRB Final Frame Error Count =  0
  PRB/S-ICD increasing tx power 
  S-ICD PA_POW =  15
  PRB power =  7
Loop Index =  2
  Test time = 08:55.333
  PRB FREQ_A =  3525843
  PRB FREQ_B =  3528575
  type(devList): <type 'DeviceIDList'>
  devList  Device ID List, ID[50544]
DeviceID[0] : ID 0x00200BB2 (Model 0, Serial 2994, SW Version 8, Is Not Implanted)
  Channel Selection =  1
  Data inversion =  0
  PRB Init Frame Error Count =  0
Candidate Frequency = 402.4942MHz, LSI
  Channel Selection =  1
  Data inversion =  0
  S-ICD PA_POW =  15
  S-ICD RAM =  165
  PRB AFC =  1
  PRB AFC =  2
  PRB AFC =  1
  PRB AFC =  2
  PRB AFC =  1
  PRB AFC =  1
  PRB AFC =  1
  PRB AFC =  1
  PRB AFC =  2
  PRB AFC =  1
  PRB Average AFC =  1.3
  PRB FREQ_A =  3525743
  PRB FREQ_B =  3528475
  PRB AFC_A =  -50
  PRB AFC_B =  -50
  PRB/S-ICD reducing tx power 
  S-ICD PA_POW =  7
  PRB power =  3
  PRB AFC =  1
  PRB AFC =  2
  PRB AFC =  2
  PRB AFC =  2
  PRB AFC =  2
  PRB AFC =  1
  PRB AFC =  0
  PRB AFC =  1
  PRB AFC =  2
  PRB AFC =  1
  PRB Average AFC =  1.4
  PRB CC1020 FILTER =  34
  PRB RSSI =  63
  PRB RSSI =  61
  PRB RSSI =  63
  PRB RSSI =  63
  PRB RSSI =  63
  PRB RSSI =  63
  PRB RSSI =  63
  PRB RSSI =  64
  PRB RSSI =  63
  PRB RSSI =  62
  PRB Average RSSI =  62.8
  PRB CC1020 FILTER =  34
  S-ICD command failures =  0
  PRB Final Frame Error Count =  28
  PRB/S-ICD increasing tx power 
  S-ICD PA_POW =  15
  PRB power =  7
Loop Index =  3
  Test time = 13:25.660
  PRB FREQ_A =  3544711
  PRB FREQ_B =  3547441
  type(devList): <type 'DeviceIDList'>
  devList  Device ID List, ID[75806]
No devices found during scan
  Channel Selection =  1
  Data inversion =  1
