PRB CC1020 FREQ_2A =  53
PRB CC1020 FREQ_1A =  240
PRB CC1020 FREQ_0A =  33
PRB CC1020 CLOCK_A =  56
PRB CC1020 FREQ_2B =  53
PRB CC1020 FREQ_1B =  250
PRB CC1020 FREQ_0B =  203
PRB CC1020 CLOCK_B =  56
PRB CC1020 MATCH =  0
PRB CC1020 STATUS1 =  108
PRB CC1020 STATUS2 =  102
PRB CC1020 STATUS3 =  68
Loop Index =  0
  Test time = 00:00.000
  PRB FREQ_A =  3528725
  PRB FREQ_B =  3531455
  type(devList): <type 'DeviceIDList'>
  devList  Device ID List, ID[17]
DeviceID[0] : ID 0x00200BA2 (Model 0, Serial 2978, SW Version 8, Is Not Implanted)
  Channel Selection =  1
  Data inversion =  0
  PRB Init Frame Error Count =  0
Candidate Frequency = 402.8183MHz, LSI
  Channel Selection =  1
  Data inversion =  0
  S-ICD PA_POW =  15
  S-ICD RAM =  165
  PRB AFC =  1
  PRB AFC =  0
  PRB AFC =  0
  PRB AFC =  0
  PRB AFC =  0
  PRB AFC =  1
  PRB AFC =  0
  PRB AFC =  0
  PRB AFC =  0
  PRB AFC =  0
  PRB Average AFC =  0.2
  PRB FREQ_A =  3528605
  PRB FREQ_B =  3531335
  PRB AFC_A =  -60
  PRB AFC_B =  -60
  PRB Adding 0 kHz Freq Offset
  PRB AFC =  0
  PRB AFC =  -1
  PRB AFC =  0
  PRB AFC =  0
  PRB AFC =  0
  PRB AFC =  0
  PRB AFC =  0
  PRB AFC =  0
  PRB AFC =  0
  PRB AFC =  0
  PRB Average AFC =  -0.1
  PRB CC1020 FILTER =  34
  PRB RSSI =  64
  PRB RSSI =  64
  PRB RSSI =  64
  PRB RSSI =  64
  PRB RSSI =  64
  PRB RSSI =  64
  PRB RSSI =  64
  PRB RSSI =  63
  PRB RSSI =  64
  PRB RSSI =  64
  PRB Average RSSI =  63.9
  PRB CC1020 FILTER =  34
  S-ICD command failures =  0
  PRB Final Frame Error Count =  0
Loop Index =  1
  Test time = 00:36.027
  PRB FREQ_A =  3534881
  PRB FREQ_B =  3537611
  type(devList): <type 'DeviceIDList'>
  devList  Device ID List, ID[595]
DeviceID[0] : ID 0x00200BA2 (Model 0, Serial 2978, SW Version 8, Is Not Implanted)
DeviceID[1] : ID 0x80200C3A (Model 0, Serial 3130, SW Version 8, Is Implanted)
  Channel Selection =  1
  Data inversion =  1
  PRB Init Frame Error Count =  0
Candidate Frequency = 403.5108MHz, HSI
  Channel Selection =  1
  Data inversion =  1
  S-ICD PA_POW =  15
  S-ICD RAM =  165
  PRB AFC =  0
  PRB AFC =  0
  PRB AFC =  0
  PRB AFC =  0
  PRB AFC =  1
  PRB AFC =  0
  PRB AFC =  1
  PRB AFC =  0
  PRB AFC =  0
  PRB AFC =  0
  PRB Average AFC =  0.2
  PRB FREQ_A =  3534761
  PRB FREQ_B =  3537491
  PRB AFC_A =  -60
  PRB AFC_B =  -60
  PRB Adding 0 kHz Freq Offset
  PRB AFC =  0
  PRB AFC =  0
  PRB AFC =  0
  PRB AFC =  1
  PRB AFC =  0
  PRB AFC =  0
  PRB AFC =  0
  PRB AFC =  0
  PRB AFC =  0
  PRB AFC =  0
  PRB Average AFC =  0.1
  PRB CC1020 FILTER =  34
  PRB RSSI =  64
  PRB RSSI =  64
  PRB RSSI =  64
  PRB RSSI =  64
  PRB RSSI =  64
  PRB RSSI =  64
  PRB RSSI =  64
  PRB RSSI =  64
  PRB RSSI =  63
  PRB RSSI =  64
  PRB Average RSSI =  63.9
  PRB CC1020 FILTER =  34
  S-ICD command failures =  0
  PRB Final Frame Error Count =  0
Loop Index =  2
  Test time = 01:12.260
  PRB FREQ_A =  3525843
  PRB FREQ_B =  3528575
  type(devList): <type 'DeviceIDList'>
  devList  Device ID List, ID[1173]
DeviceID[0] : ID 0x00200BA2 (Model 0, Serial 2978, SW Version 8, Is Not Implanted)
  Channel Selection =  1
  Data inversion =  0
  PRB Init Frame Error Count =  0
Candidate Frequency = 402.4942MHz, LSI
  Channel Selection =  1
  Data inversion =  0
  S-ICD PA_POW =  15
  S-ICD RAM =  165
  PRB AFC =  0
  PRB AFC =  1
  PRB AFC =  0
  PRB AFC =  0
  PRB AFC =  0
  PRB AFC =  1
  PRB AFC =  0
  PRB AFC =  0
  PRB AFC =  0
  PRB AFC =  0
  PRB Average AFC =  0.2
  PRB FREQ_A =  3525723
  PRB FREQ_B =  3528455
  PRB AFC_A =  -60
  PRB AFC_B =  -60
  PRB Adding 0 kHz Freq Offset
  PRB AFC =  0
  PRB AFC =  0
  PRB AFC =  0
  PRB AFC =  0
  PRB AFC =  0
  PRB AFC =  0
  PRB AFC =  0
  PRB AFC =  0
  PRB AFC =  1
  PRB AFC =  0
  PRB Average AFC =  0.1
  PRB CC1020 FILTER =  34
  PRB RSSI =  63
  PRB RSSI =  64
  PRB RSSI =  64
  PRB RSSI =  64
  PRB RSSI =  64
  PRB RSSI =  64
  PRB RSSI =  63
  PRB RSSI =  64
  PRB RSSI =  64
  PRB RSSI =  64
  PRB Average RSSI =  63.8
  PRB CC1020 FILTER =  34
  S-ICD command failures =  0
  PRB Final Frame Error Count =  0
Loop Index =  3
  Test time = 01:48.263
  PRB FREQ_A =  3544711
  PRB FREQ_B =  3547441
  type(devList): <type 'DeviceIDList'>
  devList  Device ID List, ID[1749]
No devices found during scan
  Channel Selection =  1
  Data inversion =  1
