Creating instrument...
resetting
done resetting
  CC1020 FREQ_2A =  53
  CC1020 FREQ_1A =  240
  CC1020 FREQ_0A =  33
  CC1020 CLOCK_A =  56
  CC1020 FREQ_2B =  53
  CC1020 FREQ_1B =  250
  CC1020 FREQ_0B =  203
  CC1020 CLOCK_B =  56
  CC1020 MATCH =  0
  CC1020 STATUS1 =  108
  CC1020 STATUS2 =  102
  CC1020 STATUS3 =  68
Candidate Frequency = 402.8183MHz, LSI
  PRB badCal =  0
  CC1020 FREQ_2A =  53
  CC1020 FREQ_1A =  216
  CC1020 FREQ_0A =  21
  CC1020 CLOCK_A =  56
  CC1020 FREQ_2B =  53
  CC1020 FREQ_1B =  226
  CC1020 FREQ_0B =  191
  CC1020 CLOCK_B =  56
  CC1020 MATCH =  0
  CC1020 STATUS1 =  108
  CC1020 STATUS2 =  102
  CC1020 STATUS3 =  68
  PRB badCal =  0
  CC1020 FREQ_2A =  53
  CC1020 FREQ_1A =  240
  CC1020 FREQ_0A =  33
  CC1020 CLOCK_A =  56
  CC1020 FREQ_2B =  53
  CC1020 FREQ_1B =  250
  CC1020 FREQ_0B =  203
  CC1020 CLOCK_B =  56
  CC1020 MATCH =  0
  CC1020 STATUS1 =  107
  CC1020 STATUS2 =  102
  CC1020 STATUS3 =  68
  PRB LIC =  0
  PRB Channel Selection =  0
  PRB Channel 0 RSSI =  31
  PRB Channel 1 RSSI =  31
  CC1020 FREQ_A =  3528725
  CC1020 FREQ_B =  3531455
  CC1020 FILTER =  34
  CC1020 RSSI =  28
  CC1020 RSSI =  26
  CC1020 RSSI =  24
  CC1020 RSSI =  28
  CC1020 RSSI =  25
  CC1020 RSSI =  28
  CC1020 RSSI =  24
  CC1020 RSSI =  24
  CC1020 RSSI =  22
  CC1020 RSSI =  22
  CC1020 Average RSSI =  25.1
  CC1020 MODEM =  80
  CC1020 DEVIATION =  89
  PRB Tx frequency =  402791500.0
  PRB Tx power =  -10.4375
  PRB Tx frequency =  402791500.0
  PRB Tx power =  -10.4375
  PRB Tx frequency =  402791500.0
  PRB Tx power =  -10.4375
  PRB Tx frequency =  402791500.0
  PRB Tx power =  -10.4375
  PRB Tx frequency =  402791500.0
  PRB Tx power =  -10.4375
  PRB Tx frequency =  402791500.0
  PRB Tx power =  -10.4375
  PRB Tx frequency =  402791500.0
  PRB Tx power =  -10.4609375
  PRB Tx frequency =  402791500.0
  PRB Tx power =  -10.4609375
  PRB Tx frequency =  402791500.0
  PRB Tx power =  -10.4609375
  PRB Tx frequency =  402791500.0
  PRB Tx power =  -10.4609375
  PRB Ave Frequency =  402791500.0
  PRB Ave Power =  -10.446875
  CC1020 MODEM =  80
  CC1020 DEVIATION =  217
  PRB Tx frequency =  402793900.0
  PRB Tx power =  -10.1015625
  PRB Tx frequency =  402793900.0
  PRB Tx power =  -10.1015625
  PRB Tx frequency =  402793900.0
  PRB Tx power =  -10.1015625
  PRB Tx frequency =  402793900.0
  PRB Tx power =  -10.1015625
  PRB Tx frequency =  402793900.0
  PRB Tx power =  -10.1015625
  PRB Tx frequency =  402793900.0
  PRB Tx power =  -10.1015625
  PRB Tx frequency =  402793900.0
  PRB Tx power =  -10.1015625
  PRB Tx frequency =  402793900.0
  PRB Tx power =  -9.8984375
  PRB Tx frequency =  402793900.0
  PRB Tx power =  -9.8984375
  PRB Tx frequency =  402793900.0
  PRB Tx power =  -9.8984375
  PRB Ave Frequency =  402793900.0
  PRB Ave Power =  -10.040625
  CC1020 MODEM =  80
  CC1020 DEVIATION =  89
Candidate Frequency = 403.5108MHz, HSI
  PRB badCal =  0
  CC1020 FREQ_2A =  53
  CC1020 FREQ_1A =  240
  CC1020 FREQ_0A =  33
  CC1020 CLOCK_A =  56
  CC1020 FREQ_2B =  53
  CC1020 FREQ_1B =  250
  CC1020 FREQ_0B =  203
  CC1020 CLOCK_B =  56
  CC1020 MATCH =  0
  CC1020 STATUS1 =  108
  CC1020 STATUS2 =  102
  CC1020 STATUS3 =  68
  PRB badCal =  0
  CC1020 FREQ_2A =  53
  CC1020 FREQ_1A =  240
  CC1020 FREQ_0A =  33
  CC1020 CLOCK_A =  56
  CC1020 FREQ_2B =  53
  CC1020 FREQ_1B =  250
  CC1020 FREQ_0B =  203
  CC1020 CLOCK_B =  56
  CC1020 MATCH =  0
  CC1020 STATUS1 =  108
  CC1020 STATUS2 =  102
  CC1020 STATUS3 =  68
  PRB LIC =  0
  PRB Channel Selection =  0
  PRB Channel 0 RSSI =  28
  PRB Channel 1 RSSI =  28
  CC1020 FREQ_A =  3534881
  CC1020 FREQ_B =  3537611
  CC1020 FILTER =  34
  CC1020 RSSI =  24
  CC1020 RSSI =  24
  CC1020 RSSI =  22
  CC1020 RSSI =  22
  CC1020 RSSI =  24
  CC1020 RSSI =  20
  CC1020 RSSI =  24
  CC1020 RSSI =  26
  CC1020 RSSI =  27
  CC1020 RSSI =  26
  CC1020 Average RSSI =  23.9
  CC1020 MODEM =  80
  CC1020 DEVIATION =  89
  PRB Tx frequency =  403484400.0
  PRB Tx power =  -10.0546875
  PRB Tx frequency =  403484400.0
  PRB Tx power =  -10.0546875
  PRB Tx frequency =  403484400.0
  PRB Tx power =  -10.0546875
  PRB Tx frequency =  403484400.0
  PRB Tx power =  -10.0546875
  PRB Tx frequency =  403484400.0
  PRB Tx power =  -10.0546875
  PRB Tx frequency =  403484400.0
  PRB Tx power =  -10.0546875
  PRB Tx frequency =  403484400.0
  PRB Tx power =  -9.84375
  PRB Tx frequency =  403484400.0
  PRB Tx power =  -9.84375
  PRB Tx frequency =  403484400.0
  PRB Tx power =  -9.84375
  PRB Tx frequency =  403484400.0
  PRB Tx power =  -9.84375
  PRB Ave Frequency =  403484400.0
  PRB Ave Power =  -9.9703125
  CC1020 MODEM =  80
  CC1020 DEVIATION =  217
  PRB Tx frequency =  403486800.0
  PRB Tx power =  -10.421875
  PRB Tx frequency =  403486800.0
  PRB Tx power =  -9.90625
  PRB Tx frequency =  403486800.0
  PRB Tx power =  -9.90625
  PRB Tx frequency =  403486800.0
  PRB Tx power =  -9.90625
  PRB Tx frequency =  403486800.0
  PRB Tx power =  -9.90625
  PRB Tx frequency =  403486800.0
  PRB Tx power =  -9.90625
  PRB Tx frequency =  403486800.0
  PRB Tx power =  -9.90625
  PRB Tx frequency =  403486800.0
  PRB Tx power =  -9.90625
  PRB Tx frequency =  403486800.0
  PRB Tx power =  -9.90625
  PRB Tx frequency =  403486800.0
  PRB Tx power =  -10.453125
  PRB Ave Frequency =  403486800.0
  PRB Ave Power =  -10.0125
  CC1020 MODEM =  80
  CC1020 DEVIATION =  89
Candidate Frequency = 402.4942MHz, LSI
  PRB badCal =  0
  CC1020 FREQ_2A =  53
  CC1020 FREQ_1A =  204
  CC1020 FREQ_0A =  211
  CC1020 CLOCK_A =  56
  CC1020 FREQ_2B =  53
  CC1020 FREQ_1B =  215
  CC1020 FREQ_0B =  127
  CC1020 CLOCK_B =  56
  CC1020 MATCH =  0
  CC1020 STATUS1 =  108
  CC1020 STATUS2 =  102
  CC1020 STATUS3 =  68
  PRB badCal =  0
  CC1020 FREQ_2A =  53
  CC1020 FREQ_1A =  240
  CC1020 FREQ_0A =  33
  CC1020 CLOCK_A =  56
  CC1020 FREQ_2B =  53
  CC1020 FREQ_1B =  250
  CC1020 FREQ_0B =  203
  CC1020 CLOCK_B =  56
  CC1020 MATCH =  0
  CC1020 STATUS1 =  108
  CC1020 STATUS2 =  102
  CC1020 STATUS3 =  68
  PRB LIC =  0
  PRB Channel Selection =  0
  PRB Channel 0 RSSI =  31
  PRB Channel 1 RSSI =  31
  CC1020 FREQ_A =  3525843
  CC1020 FREQ_B =  3528575
  CC1020 FILTER =  34
  CC1020 RSSI =  23
  CC1020 RSSI =  24
  CC1020 RSSI =  26
  CC1020 RSSI =  24
  CC1020 RSSI =  27
  CC1020 RSSI =  24
  CC1020 RSSI =  22
  CC1020 RSSI =  25
  CC1020 RSSI =  23
  CC1020 RSSI =  26
  CC1020 Average RSSI =  24.4
  CC1020 MODEM =  80
  CC1020 DEVIATION =  89
  PRB Tx frequency =  402467400.0
  PRB Tx power =  -10.6015625
  PRB Tx frequency =  402467400.0
  PRB Tx power =  -10.6015625
  PRB Tx frequency =  402467400.0
  PRB Tx power =  -10.6015625
  PRB Tx frequency =  402467400.0
  PRB Tx power =  -10.6015625
  PRB Tx frequency =  402467400.0
  PRB Tx power =  -10.6015625
  PRB Tx frequency =  402467400.0
  PRB Tx power =  -10.6015625
  PRB Tx frequency =  402467400.0
  PRB Tx power =  -10.6015625
  PRB Tx frequency =  402467400.0
  PRB Tx power =  -10.0390625
  PRB Tx frequency =  402467400.0
  PRB Tx power =  -10.0390625
  PRB Tx frequency =  402467400.0
  PRB Tx power =  -10.0390625
  PRB Ave Frequency =  402467400.0
  PRB Ave Power =  -10.4328125
  CC1020 MODEM =  80
  CC1020 DEVIATION =  217
  PRB Tx frequency =  402470200.0
  PRB Tx power =  -10.4453125
  PRB Tx frequency =  402470200.0
  PRB Tx power =  -10.4609375
  PRB Tx frequency =  402470200.0
  PRB Tx power =  -10.4609375
  PRB Tx frequency =  402470200.0
  PRB Tx power =  -10.4609375
  PRB Tx frequency =  402470200.0
  PRB Tx power =  -10.4609375
  PRB Tx frequency =  402470200.0
  PRB Tx power =  -10.4609375
  PRB Tx frequency =  402470200.0
  PRB Tx power =  -10.4609375
  PRB Tx frequency =  402470200.0
  PRB Tx power =  -10.4609375
  PRB Tx frequency =  402470200.0
  PRB Tx power =  -10.4609375
  PRB Tx frequency =  402470200.0
  PRB Tx power =  -9.984375
  PRB Ave Frequency =  402470200.0
  PRB Ave Power =  -10.41171875
  CC1020 MODEM =  80
  CC1020 DEVIATION =  89
Candidate Frequency = 404.6167MHz, HSI
  PRB badCal =  0
  CC1020 FREQ_2A =  54
  CC1020 FREQ_1A =  22
  CC1020 FREQ_0A =  135
  CC1020 CLOCK_A =  56
  CC1020 FREQ_2B =  54
  CC1020 FREQ_1B =  33
  CC1020 FREQ_0B =  49
  CC1020 CLOCK_B =  56
  CC1020 MATCH =  0
  CC1020 STATUS1 =  92
  CC1020 STATUS2 =  103
  CC1020 STATUS3 =  68
  PRB badCal =  0
  CC1020 FREQ_2A =  53
  CC1020 FREQ_1A =  240
  CC1020 FREQ_0A =  33
  CC1020 CLOCK_A =  56
  CC1020 FREQ_2B =  53
  CC1020 FREQ_1B =  250
  CC1020 FREQ_0B =  203
  CC1020 CLOCK_B =  56
  CC1020 MATCH =  0
  CC1020 STATUS1 =  108
  CC1020 STATUS2 =  102
  CC1020 STATUS3 =  68
  PRB LIC =  0
  PRB Channel Selection =  0
  PRB Channel 0 RSSI =  30
  PRB Channel 1 RSSI =  31
  CC1020 FREQ_A =  3544711
  CC1020 FREQ_B =  3547441
  CC1020 FILTER =  34
  CC1020 RSSI =  28
  CC1020 RSSI =  20
  CC1020 RSSI =  26
  CC1020 RSSI =  23
  CC1020 RSSI =  27
  CC1020 RSSI =  26
  CC1020 RSSI =  27
  CC1020 RSSI =  23
  CC1020 RSSI =  20
  CC1020 RSSI =  26
  CC1020 Average RSSI =  24.6
  CC1020 MODEM =  80
  CC1020 DEVIATION =  89
  PRB Tx frequency =  404589900.0
  PRB Tx power =  -9.8203125
  PRB Tx frequency =  404589900.0
  PRB Tx power =  -9.8203125
  PRB Tx frequency =  404589900.0
  PRB Tx power =  -9.8203125
  PRB Tx frequency =  404589900.0
  PRB Tx power =  -9.8203125
  PRB Tx frequency =  404589900.0
  PRB Tx power =  -9.8203125
  PRB Tx frequency =  404589900.0
  PRB Tx power =  -9.8203125
  PRB Tx frequency =  404589900.0
  PRB Tx power =  -9.8203125
  PRB Tx frequency =  404589900.0
  PRB Tx power =  -9.8203125
  PRB Tx frequency =  404589900.0
  PRB Tx power =  -9.8203125
  PRB Tx frequency =  404589900.0
  PRB Tx power =  -10.34375
  PRB Ave Frequency =  404589900.0
  PRB Ave Power =  -9.87265625
  CC1020 MODEM =  80
  CC1020 DEVIATION =  217
  PRB Tx frequency =  404592300.0
  PRB Tx power =  -9.734375
  PRB Tx frequency =  404592300.0
  PRB Tx power =  -9.734375
  PRB Tx frequency =  404592300.0
  PRB Tx power =  -9.734375
  PRB Tx frequency =  404592300.0
  PRB Tx power =  -9.734375
  PRB Tx frequency =  404592300.0
  PRB Tx power =  -9.7421875
  PRB Tx frequency =  404592300.0
  PRB Tx power =  -9.7421875
  PRB Tx frequency =  404592300.0
  PRB Tx power =  -9.7421875
  PRB Tx frequency =  404592300.0
  PRB Tx power =  -9.7421875
  PRB Tx frequency =  404592300.0
  PRB Tx power =  -9.7421875
  PRB Tx frequency =  404592300.0
  PRB Tx power =  -9.7421875
  PRB Ave Frequency =  404592300.0
  PRB Ave Power =  -9.7390625
  CC1020 MODEM =  80
  CC1020 DEVIATION =  89
Candidate Frequency = 402.7209MHz, HSI
  PRB badCal =  0
  CC1020 FREQ_2A =  53
  CC1020 FREQ_1A =  212
  CC1020 FREQ_0A =  179
  CC1020 CLOCK_A =  56
  CC1020 FREQ_2B =  53
  CC1020 FREQ_1B =  223
  CC1020 FREQ_0B =  93
  CC1020 CLOCK_B =  56
  CC1020 MATCH =  0
  CC1020 STATUS1 =  108
  CC1020 STATUS2 =  102
  CC1020 STATUS3 =  68
  PRB badCal =  0
  CC1020 FREQ_2A =  53
  CC1020 FREQ_1A =  240
  CC1020 FREQ_0A =  33
  CC1020 CLOCK_A =  56
  CC1020 FREQ_2B =  53
  CC1020 FREQ_1B =  250
  CC1020 FREQ_0B =  203
  CC1020 CLOCK_B =  56
  CC1020 MATCH =  0
  CC1020 STATUS1 =  108
  CC1020 STATUS2 =  102
  CC1020 STATUS3 =  68
  PRB LIC =  0
  PRB Channel Selection =  0
  PRB Channel 0 RSSI =  31
  PRB Channel 1 RSSI =  31
  CC1020 FREQ_A =  3527859
  CC1020 FREQ_B =  3530589
  CC1020 FILTER =  34
  CC1020 RSSI =  29
  CC1020 RSSI =  25
  CC1020 RSSI =  24
  CC1020 RSSI =  27
  CC1020 RSSI =  27
  CC1020 RSSI =  21
  CC1020 RSSI =  26
  CC1020 RSSI =  28
  CC1020 RSSI =  27
  CC1020 RSSI =  26
  CC1020 Average RSSI =  26.0
  CC1020 MODEM =  80
  CC1020 DEVIATION =  89
  PRB Tx frequency =  402694500.0
  PRB Tx power =  -9.90625
  PRB Tx frequency =  402694500.0
  PRB Tx power =  -9.90625
  PRB Tx frequency =  402694500.0
  PRB Tx power =  -9.90625
  PRB Tx frequency =  402694500.0
  PRB Tx power =  -9.90625
  PRB Tx frequency =  402694500.0
  PRB Tx power =  -9.90625
  PRB Tx frequency =  402694500.0
  PRB Tx power =  -9.90625
  PRB Tx frequency =  402694500.0
  PRB Tx power =  -9.90625
  PRB Tx frequency =  402694500.0
  PRB Tx power =  -9.90625
  PRB Tx frequency =  402694500.0
  PRB Tx power =  -9.90625
  PRB Tx frequency =  402694500.0
  PRB Tx power =  -9.90625
  PRB Ave Frequency =  402694500.0
  PRB Ave Power =  -9.90625
  CC1020 MODEM =  80
  CC1020 DEVIATION =  217
  PRB Tx frequency =  402696100.0
  PRB Tx power =  -10.40625
  PRB Tx frequency =  402696100.0
  PRB Tx power =  -10.40625
  PRB Tx frequency =  402696100.0
  PRB Tx power =  -10.40625
  PRB Tx frequency =  402696100.0
  PRB Tx power =  -10.40625
  PRB Tx frequency =  402696100.0
  PRB Tx power =  -10.40625
  PRB Tx frequency =  402696100.0
  PRB Tx power =  -10.40625
  PRB Tx frequency =  402696100.0
  PRB Tx power =  -10.40625
  PRB Tx frequency =  402696100.0
  PRB Tx power =  -10.40625
  PRB Tx frequency =  402696100.0
  PRB Tx power =  -9.953125
  PRB Tx frequency =  402696100.0
  PRB Tx power =  -9.953125
  PRB Ave Frequency =  402696100.0
  PRB Ave Power =  -10.315625
  CC1020 MODEM =  80
  CC1020 DEVIATION =  89
Candidate Frequency = 402.4049MHz, HSI
  PRB badCal =  0
  CC1020 FREQ_2A =  53
  CC1020 FREQ_1A =  201
  CC1020 FREQ_0A =  185
  CC1020 CLOCK_A =  56
  CC1020 FREQ_2B =  53
  CC1020 FREQ_1B =  212
  CC1020 FREQ_0B =  101
  CC1020 CLOCK_B =  56
  CC1020 MATCH =  0
  CC1020 STATUS1 =  108
  CC1020 STATUS2 =  102
  CC1020 STATUS3 =  68
  PRB badCal =  0
  CC1020 FREQ_2A =  53
  CC1020 FREQ_1A =  240
  CC1020 FREQ_0A =  33
  CC1020 CLOCK_A =  56
  CC1020 FREQ_2B =  53
  CC1020 FREQ_1B =  250
  CC1020 FREQ_0B =  203
  CC1020 CLOCK_B =  56
  CC1020 MATCH =  0
  CC1020 STATUS1 =  108
  CC1020 STATUS2 =  102
  CC1020 STATUS3 =  68
  PRB LIC =  0
  PRB Channel Selection =  0
  PRB Channel 0 RSSI =  28
  PRB Channel 1 RSSI =  31
  CC1020 FREQ_A =  3525049
  CC1020 FREQ_B =  3527781
  CC1020 FILTER =  34
  CC1020 RSSI =  24
  CC1020 RSSI =  24
  CC1020 RSSI =  28
  CC1020 RSSI =  28
  CC1020 RSSI =  24
  CC1020 RSSI =  26
  CC1020 RSSI =  27
  CC1020 RSSI =  26
  CC1020 RSSI =  25
  CC1020 RSSI =  26
  CC1020 Average RSSI =  25.8
  CC1020 MODEM =  80
  CC1020 DEVIATION =  89
  PRB Tx frequency =  402378500.0
  PRB Tx power =  -9.9296875
  PRB Tx frequency =  402378500.0
  PRB Tx power =  -9.9296875
  PRB Tx frequency =  402378500.0
  PRB Tx power =  -9.9296875
  PRB Tx frequency =  402378500.0
  PRB Tx power =  -9.9296875
  PRB Tx frequency =  402378500.0
  PRB Tx power =  -9.9296875
  PRB Tx frequency =  402378500.0
  PRB Tx power =  -9.9296875
  PRB Tx frequency =  402378500.0
  PRB Tx power =  -9.9296875
  PRB Tx frequency =  402378500.0
  PRB Tx power =  -9.9375
  PRB Tx frequency =  402378500.0
  PRB Tx power =  -9.9375
  PRB Tx frequency =  402378500.0
  PRB Tx power =  -9.9375
  PRB Ave Frequency =  402378500.0
  PRB Ave Power =  -9.93203125
  CC1020 MODEM =  80
  CC1020 DEVIATION =  217
  PRB Tx frequency =  402380500.0
  PRB Tx power =  -10.140625
  PRB Tx frequency =  402380500.0
  PRB Tx power =  -10.140625
  PRB Tx frequency =  402380500.0
  PRB Tx power =  -10.1640625
  PRB Tx frequency =  402380500.0
  PRB Tx power =  -10.1640625
  PRB Tx frequency =  402380500.0
  PRB Tx power =  -10.1640625
  PRB Tx frequency =  402380500.0
  PRB Tx power =  -10.1640625
  PRB Tx frequency =  402380500.0
  PRB Tx power =  -10.1640625
  PRB Tx frequency =  402380500.0
  PRB Tx power =  -10.1640625
  PRB Tx frequency =  402380500.0
  PRB Tx power =  -10.1640625
  PRB Tx frequency =  402380500.0
  PRB Tx power =  -10.1640625
  PRB Ave Frequency =  402380500.0
  PRB Ave Power =  -10.159375
  CC1020 MODEM =  80
  CC1020 DEVIATION =  89
Candidate Frequency = 404.5197MHz, LSI
  PRB badCal =  0
  CC1020 FREQ_2A =  54
  CC1020 FREQ_1A =  19
  CC1020 FREQ_0A =  41
  CC1020 CLOCK_A =  56
  CC1020 FREQ_2B =  54
  CC1020 FREQ_1B =  29
  CC1020 FREQ_0B =  211
  CC1020 CLOCK_B =  56
  CC1020 MATCH =  0
  CC1020 STATUS1 =  92
  CC1020 STATUS2 =  103
  CC1020 STATUS3 =  68
  PRB badCal =  0
  CC1020 FREQ_2A =  53
  CC1020 FREQ_1A =  240
  CC1020 FREQ_0A =  33
  CC1020 CLOCK_A =  56
  CC1020 FREQ_2B =  53
  CC1020 FREQ_1B =  250
  CC1020 FREQ_0B =  203
  CC1020 CLOCK_B =  56
  CC1020 MATCH =  0
  CC1020 STATUS1 =  108
  CC1020 STATUS2 =  102
  CC1020 STATUS3 =  68
  PRB LIC =  1
  PRB Channel Selection =  1
  PRB Channel 0 RSSI =  31
  PRB Channel 1 RSSI =  28
  CC1020 FREQ_A =  3543849
  CC1020 FREQ_B =  3546579
  CC1020 FILTER =  34
  CC1020 RSSI =  25
  CC1020 RSSI =  22
  CC1020 RSSI =  21
  CC1020 RSSI =  24
  CC1020 RSSI =  24
  CC1020 RSSI =  25
  CC1020 RSSI =  23
  CC1020 RSSI =  27
  CC1020 RSSI =  22
  CC1020 RSSI =  19
  CC1020 Average RSSI =  23.2
  CC1020 MODEM =  80
  CC1020 DEVIATION =  89
  PRB Tx frequency =  404493700.0
  PRB Tx power =  -10.3828125
  PRB Tx frequency =  404493700.0
  PRB Tx power =  -10.3828125
  PRB Tx frequency =  404493700.0
  PRB Tx power =  -10.40625
  PRB Tx frequency =  404493700.0
  PRB Tx power =  -10.40625
  PRB Tx frequency =  404493700.0
  PRB Tx power =  -10.40625
  PRB Tx frequency =  404493700.0
  PRB Tx power =  -10.40625
  PRB Tx frequency =  404493700.0
  PRB Tx power =  -10.40625
  PRB Tx frequency =  404493700.0
  PRB Tx power =  -10.40625
  PRB Tx frequency =  404493700.0
  PRB Tx power =  -10.40625
  PRB Tx frequency =  404493700.0
  PRB Tx power =  -10.40625
  PRB Ave Frequency =  404493700.0
  PRB Ave Power =  -10.4015625
  CC1020 MODEM =  80
  CC1020 DEVIATION =  217
  PRB Tx frequency =  404494900.0
  PRB Tx power =  -10.3984375
  PRB Tx frequency =  404494900.0
  PRB Tx power =  -10.3984375
  PRB Tx frequency =  404494900.0
  PRB Tx power =  -10.3984375
  PRB Tx frequency =  404494900.0
  PRB Tx power =  -10.3984375
  PRB Tx frequency =  404494900.0
  PRB Tx power =  -10.3984375
  PRB Tx frequency =  404494900.0
  PRB Tx power =  -10.3984375
  PRB Tx frequency =  404494900.0
  PRB Tx power =  -10.421875
  PRB Tx frequency =  404494900.0
  PRB Tx power =  -10.421875
  PRB Tx frequency =  404494900.0
  PRB Tx power =  -10.421875
  PRB Tx frequency =  404494900.0
  PRB Tx power =  -10.421875
  PRB Ave Frequency =  404494900.0
  PRB Ave Power =  -10.4078125
  CC1020 MODEM =  80
  CC1020 DEVIATION =  89
Candidate Frequency = 402.7049MHz, LSI
  PRB badCal =  0
  CC1020 FREQ_2A =  53
  CC1020 FREQ_1A =  212
  CC1020 FREQ_0A =  37
  CC1020 CLOCK_A =  56
  CC1020 FREQ_2B =  53
  CC1020 FREQ_1B =  222
  CC1020 FREQ_0B =  207
  CC1020 CLOCK_B =  56
  CC1020 MATCH =  0
  CC1020 STATUS1 =  108
  CC1020 STATUS2 =  102
  CC1020 STATUS3 =  68
  PRB badCal =  0
  CC1020 FREQ_2A =  53
  CC1020 FREQ_1A =  240
  CC1020 FREQ_0A =  33
  CC1020 CLOCK_A =  56
  CC1020 FREQ_2B =  53
  CC1020 FREQ_1B =  250
  CC1020 FREQ_0B =  203
  CC1020 CLOCK_B =  56
  CC1020 MATCH =  0
  CC1020 STATUS1 =  108
  CC1020 STATUS2 =  102
  CC1020 STATUS3 =  68
  PRB LIC =  0
  PRB Channel Selection =  0
  PRB Channel 0 RSSI =  31
  PRB Channel 1 RSSI =  31
  CC1020 FREQ_A =  3527717
  CC1020 FREQ_B =  3530447
  CC1020 FILTER =  34
  CC1020 RSSI =  27
  CC1020 RSSI =  29
  CC1020 RSSI =  23
  CC1020 RSSI =  26
  CC1020 RSSI =  20
  CC1020 RSSI =  28
  CC1020 RSSI =  26
  CC1020 RSSI =  23
  CC1020 RSSI =  25
  CC1020 RSSI =  24
  CC1020 Average RSSI =  25.1
  CC1020 MODEM =  80
  CC1020 DEVIATION =  89
  PRB Tx frequency =  402678100.0
  PRB Tx power =  -9.96875
  PRB Tx frequency =  402678100.0
  PRB Tx power =  -9.96875
  PRB Tx frequency =  402678100.0
  PRB Tx power =  -9.96875
  PRB Tx frequency =  402678100.0
  PRB Tx power =  -9.96875
  PRB Tx frequency =  402678100.0
  PRB Tx power =  -9.96875
  PRB Tx frequency =  402678100.0
  PRB Tx power =  -9.953125
  PRB Tx frequency =  402678100.0
  PRB Tx power =  -9.953125
  PRB Tx frequency =  402678100.0
  PRB Tx power =  -9.953125
  PRB Tx frequency =  402678100.0
  PRB Tx power =  -9.953125
  PRB Tx frequency =  402678100.0
  PRB Tx power =  -9.953125
  PRB Ave Frequency =  402678100.0
  PRB Ave Power =  -9.9609375
  CC1020 MODEM =  80
  CC1020 DEVIATION =  217
  PRB Tx frequency =  402680100.0
  PRB Tx power =  -9.96875
  PRB Tx frequency =  402680100.0
  PRB Tx power =  -9.96875
  PRB Tx frequency =  402680100.0
  PRB Tx power =  -9.96875
  PRB Tx frequency =  402680100.0
  PRB Tx power =  -9.96875
  PRB Tx frequency =  402680100.0
  PRB Tx power =  -9.96875
  PRB Tx frequency =  402680100.0
  PRB Tx power =  -9.96875
  PRB Tx frequency =  402680100.0
  PRB Tx power =  -9.96875
  PRB Tx frequency =  402680100.0
  PRB Tx power =  -9.96875
  PRB Tx frequency =  402680100.0
  PRB Tx power =  -9.96875
  PRB Tx frequency =  402680100.0
  PRB Tx power =  -10.4375
  PRB Ave Frequency =  402680100.0
  PRB Ave Power =  -10.015625
  CC1020 MODEM =  80
  CC1020 DEVIATION =  89
Candidate Frequency = 403.5108MHz, HSI
  PRB badCal =  0
  CC1020 FREQ_2A =  53
  CC1020 FREQ_1A =  240
  CC1020 FREQ_0A =  33
  CC1020 CLOCK_A =  56
  CC1020 FREQ_2B =  53
  CC1020 FREQ_1B =  250
  CC1020 FREQ_0B =  203
  CC1020 CLOCK_B =  56
  CC1020 MATCH =  0
  CC1020 STATUS1 =  108
  CC1020 STATUS2 =  102
  CC1020 STATUS3 =  68
  PRB badCal =  0
  CC1020 FREQ_2A =  53
  CC1020 FREQ_1A =  240
  CC1020 FREQ_0A =  33
  CC1020 CLOCK_A =  56
  CC1020 FREQ_2B =  53
  CC1020 FREQ_1B =  250
  CC1020 FREQ_0B =  203
  CC1020 CLOCK_B =  56
  CC1020 MATCH =  0
  CC1020 STATUS1 =  108
  CC1020 STATUS2 =  102
  CC1020 STATUS3 =  68
  PRB LIC =  0
  PRB Channel Selection =  0
  PRB Channel 0 RSSI =  31
  PRB Channel 1 RSSI =  31
  CC1020 FREQ_A =  3534881
  CC1020 FREQ_B =  3537611
  CC1020 FILTER =  34
  CC1020 RSSI =  23
  CC1020 RSSI =  23
  CC1020 RSSI =  21
  CC1020 RSSI =  21
  CC1020 RSSI =  25
  CC1020 RSSI =  28
  CC1020 RSSI =  25
  CC1020 RSSI =  27
  CC1020 RSSI =  28
  CC1020 RSSI =  23
  CC1020 Average RSSI =  24.4
  CC1020 MODEM =  80
  CC1020 DEVIATION =  89
  PRB Tx frequency =  403484400.0
  PRB Tx power =  -10.046875
  PRB Tx frequency =  403484400.0
  PRB Tx power =  -10.046875
  PRB Tx frequency =  403484400.0
  PRB Tx power =  -10.046875
  PRB Tx frequency =  403484400.0
  PRB Tx power =  -10.046875
  PRB Tx frequency =  403484400.0
  PRB Tx power =  -10.046875
  PRB Tx frequency =  403484400.0
  PRB Tx power =  -10.046875
  PRB Tx frequency =  403484400.0
  PRB Tx power =  -10.046875
  PRB Tx frequency =  403484400.0
  PRB Tx power =  -10.046875
  PRB Tx frequency =  403484400.0
  PRB Tx power =  -10.046875
  PRB Tx frequency =  403484400.0
  PRB Tx power =  -10.046875
  PRB Ave Frequency =  403484400.0
  PRB Ave Power =  -10.046875
  CC1020 MODEM =  80
  CC1020 DEVIATION =  217
  PRB Tx frequency =  403486000.0
  PRB Tx power =  -10.4765625
  PRB Tx frequency =  403486000.0
  PRB Tx power =  -10.4765625
  PRB Tx frequency =  403486000.0
  PRB Tx power =  -10.4765625
  PRB Tx frequency =  403486000.0
  PRB Tx power =  -10.4375
  PRB Tx frequency =  403486000.0
  PRB Tx power =  -10.4375
  PRB Tx frequency =  403486000.0
  PRB Tx power =  -10.4375
  PRB Tx frequency =  403486000.0
  PRB Tx power =  -10.4375
  PRB Tx frequency =  403486000.0
  PRB Tx power =  -10.4375
  PRB Tx frequency =  403486000.0
  PRB Tx power =  -10.4375
  PRB Tx frequency =  403486000.0
  PRB Tx power =  -10.4375
  PRB Ave Frequency =  403486000.0
  PRB Ave Power =  -10.44921875
  CC1020 MODEM =  80
  CC1020 DEVIATION =  89
Candidate Frequency = 402.8183MHz, LSI
  PRB badCal =  0
  CC1020 FREQ_2A =  53
  CC1020 FREQ_1A =  240
  CC1020 FREQ_0A =  33
  CC1020 CLOCK_A =  56
  CC1020 FREQ_2B =  53
  CC1020 FREQ_1B =  250
  CC1020 FREQ_0B =  203
  CC1020 CLOCK_B =  56
  CC1020 MATCH =  0
  CC1020 STATUS1 =  108
  CC1020 STATUS2 =  102
  CC1020 STATUS3 =  68
  CC1020 MODEM =  84
  CC1020 DEVIATION =  89
  PRB OBW =  114400.0
temporary files deleted
  CC1020 MODEM =  84
  CC1020 DEVIATION =  217
  PRB OBW =  79600.0
temporary files deleted
Candidate Frequency = 403.5108MHz, HSI
  PRB badCal =  0
  CC1020 FREQ_2A =  53
  CC1020 FREQ_1A =  240
  CC1020 FREQ_0A =  33
  CC1020 CLOCK_A =  56
  CC1020 FREQ_2B =  53
  CC1020 FREQ_1B =  250
  CC1020 FREQ_0B =  203
  CC1020 CLOCK_B =  56
  CC1020 MATCH =  0
  CC1020 STATUS1 =  108
  CC1020 STATUS2 =  102
  CC1020 STATUS3 =  68
  CC1020 MODEM =  84
  CC1020 DEVIATION =  89
  PRB OBW =  114800.0
temporary files deleted
  CC1020 MODEM =  84
  CC1020 DEVIATION =  217
  PRB OBW =  80000.0
temporary files deleted
Candidate Frequency = 402.4942MHz, LSI
  PRB badCal =  0
  CC1020 FREQ_2A =  53
  CC1020 FREQ_1A =  240
  CC1020 FREQ_0A =  33
  CC1020 CLOCK_A =  56
  CC1020 FREQ_2B =  53
  CC1020 FREQ_1B =  250
  CC1020 FREQ_0B =  203
  CC1020 CLOCK_B =  56
  CC1020 MATCH =  0
  CC1020 STATUS1 =  108
  CC1020 STATUS2 =  102
  CC1020 STATUS3 =  68
  CC1020 MODEM =  84
  CC1020 DEVIATION =  89
  PRB OBW =  114800.0
temporary files deleted
  CC1020 MODEM =  84
  CC1020 DEVIATION =  217
  PRB OBW =  79200.0
temporary files deleted
Candidate Frequency = 404.6167MHz, HSI
  PRB badCal =  0
  CC1020 FREQ_2A =  53
  CC1020 FREQ_1A =  240
  CC1020 FREQ_0A =  33
  CC1020 CLOCK_A =  56
  CC1020 FREQ_2B =  53
  CC1020 FREQ_1B =  250
  CC1020 FREQ_0B =  203
  CC1020 CLOCK_B =  56
  CC1020 MATCH =  0
  CC1020 STATUS1 =  108
  CC1020 STATUS2 =  102
  CC1020 STATUS3 =  68
  CC1020 MODEM =  84
  CC1020 DEVIATION =  89
  PRB OBW =  108000.0
temporary files deleted
  CC1020 MODEM =  84
  CC1020 DEVIATION =  217
  PRB OBW =  83200.0
temporary files deleted
Candidate Frequency = 402.7209MHz, HSI
  PRB badCal =  0
  CC1020 FREQ_2A =  53
  CC1020 FREQ_1A =  240
  CC1020 FREQ_0A =  33
  CC1020 CLOCK_A =  56
  CC1020 FREQ_2B =  53
  CC1020 FREQ_1B =  250
  CC1020 FREQ_0B =  203
  CC1020 CLOCK_B =  56
  CC1020 MATCH =  0
  CC1020 STATUS1 =  108
  CC1020 STATUS2 =  102
  CC1020 STATUS3 =  68
  CC1020 MODEM =  84
  CC1020 DEVIATION =  89
  PRB OBW =  115200.0
temporary files deleted
  CC1020 MODEM =  84
  CC1020 DEVIATION =  217
  PRB OBW =  79200.0
temporary files deleted
Candidate Frequency = 402.4049MHz, HSI
  PRB badCal =  0
  CC1020 FREQ_2A =  53
  CC1020 FREQ_1A =  240
  CC1020 FREQ_0A =  33
  CC1020 CLOCK_A =  56
  CC1020 FREQ_2B =  53
  CC1020 FREQ_1B =  250
  CC1020 FREQ_0B =  203
  CC1020 CLOCK_B =  56
  CC1020 MATCH =  0
  CC1020 STATUS1 =  108
  CC1020 STATUS2 =  102
  CC1020 STATUS3 =  68
  CC1020 MODEM =  84
  CC1020 DEVIATION =  89
  PRB OBW =  116000.0
temporary files deleted
  CC1020 MODEM =  84
  CC1020 DEVIATION =  217
  PRB OBW =  79200.0
temporary files deleted
Candidate Frequency = 404.5197MHz, LSI
  PRB badCal =  0
  CC1020 FREQ_2A =  53
  CC1020 FREQ_1A =  240
  CC1020 FREQ_0A =  33
  CC1020 CLOCK_A =  56
  CC1020 FREQ_2B =  53
  CC1020 FREQ_1B =  250
  CC1020 FREQ_0B =  203
  CC1020 CLOCK_B =  56
  CC1020 MATCH =  0
  CC1020 STATUS1 =  108
  CC1020 STATUS2 =  102
  CC1020 STATUS3 =  68
  CC1020 MODEM =  84
  CC1020 DEVIATION =  89
  PRB OBW =  108000.0
temporary files deleted
  CC1020 MODEM =  84
  CC1020 DEVIATION =  217
  PRB OBW =  82400.0
temporary files deleted
Candidate Frequency = 402.7049MHz, LSI
  PRB badCal =  0
  CC1020 FREQ_2A =  53
  CC1020 FREQ_1A =  240
  CC1020 FREQ_0A =  33
  CC1020 CLOCK_A =  56
  CC1020 FREQ_2B =  53
  CC1020 FREQ_1B =  250
  CC1020 FREQ_0B =  203
  CC1020 CLOCK_B =  56
  CC1020 MATCH =  0
  CC1020 STATUS1 =  108
  CC1020 STATUS2 =  102
  CC1020 STATUS3 =  68
  CC1020 MODEM =  84
  CC1020 DEVIATION =  89
  PRB OBW =  115600.0
temporary files deleted
  CC1020 MODEM =  84
  CC1020 DEVIATION =  217
  PRB OBW =  80000.0
temporary files deleted
Candidate Frequency = 403.5108MHz, HSI
  PRB badCal =  0
  CC1020 FREQ_2A =  53
  CC1020 FREQ_1A =  240
  CC1020 FREQ_0A =  33
  CC1020 CLOCK_A =  56
  CC1020 FREQ_2B =  53
  CC1020 FREQ_1B =  250
  CC1020 FREQ_0B =  203
  CC1020 CLOCK_B =  56
  CC1020 MATCH =  0
  CC1020 STATUS1 =  108
  CC1020 STATUS2 =  102
  CC1020 STATUS3 =  68
  CC1020 MODEM =  84
  CC1020 DEVIATION =  89
  PRB OBW =  114000.0
temporary files deleted
  CC1020 MODEM =  84
  CC1020 DEVIATION =  217
  PRB OBW =  80400.0
temporary files deleted
Test complete, run prbRssiScript
