Creating instrument...
resetting
done resetting
  CC1020 FREQ_2A =  53
  CC1020 FREQ_1A =  240
  CC1020 FREQ_0A =  33
  CC1020 CLOCK_A =  56
  CC1020 FREQ_2B =  53
  CC1020 FREQ_1B =  250
  CC1020 FREQ_0B =  203
  CC1020 CLOCK_B =  56
  CC1020 MATCH =  0
  CC1020 STATUS1 =  108
  CC1020 STATUS2 =  102
  CC1020 STATUS3 =  68
Candidate Frequency = 402.8183MHz, LSI
  PRB badCal =  0
  CC1020 FREQ_2A =  53
  CC1020 FREQ_1A =  216
  CC1020 FREQ_0A =  21
  CC1020 CLOCK_A =  56
  CC1020 FREQ_2B =  53
  CC1020 FREQ_1B =  226
  CC1020 FREQ_0B =  191
  CC1020 CLOCK_B =  56
  CC1020 MATCH =  0
  CC1020 STATUS1 =  108
  CC1020 STATUS2 =  102
  CC1020 STATUS3 =  68
  PRB badCal =  0
  CC1020 FREQ_2A =  53
  CC1020 FREQ_1A =  240
  CC1020 FREQ_0A =  33
  CC1020 CLOCK_A =  56
  CC1020 FREQ_2B =  53
  CC1020 FREQ_1B =  250
  CC1020 FREQ_0B =  203
  CC1020 CLOCK_B =  56
  CC1020 MATCH =  0
  CC1020 STATUS1 =  108
  CC1020 STATUS2 =  102
  CC1020 STATUS3 =  68
  PRB LIC =  0
  PRB Channel Selection =  0
  PRB Channel 0 RSSI =  28
  PRB Channel 1 RSSI =  31
  CC1020 FREQ_A =  3528725
  CC1020 FREQ_B =  3531455
  CC1020 FILTER =  34
  CC1020 RSSI =  22
  CC1020 RSSI =  24
  CC1020 RSSI =  23
  CC1020 RSSI =  21
  CC1020 RSSI =  26
  CC1020 RSSI =  22
  CC1020 RSSI =  24
  CC1020 RSSI =  24
  CC1020 RSSI =  25
  CC1020 RSSI =  25
  CC1020 Average RSSI =  23.6
  CC1020 MODEM =  80
  CC1020 DEVIATION =  89
  PRB Tx frequency =  402791900.0
  PRB Tx power =  -10.109375
  PRB Tx frequency =  402791900.0
  PRB Tx power =  -10.109375
  PRB Tx frequency =  402791900.0
  PRB Tx power =  -10.109375
  PRB Tx frequency =  402791900.0
  PRB Tx power =  -10.109375
  PRB Tx frequency =  402791900.0
  PRB Tx power =  -10.109375
  PRB Tx frequency =  402791900.0
  PRB Tx power =  -10.109375
  PRB Tx frequency =  402791900.0
  PRB Tx power =  -9.8671875
  PRB Tx frequency =  402791900.0
  PRB Tx power =  -9.8671875
  PRB Tx frequency =  402791900.0
  PRB Tx power =  -9.8671875
  PRB Tx frequency =  402791900.0
  PRB Tx power =  -9.8671875
  PRB Ave Frequency =  402791900.0
  PRB Ave Power =  -10.0125
  CC1020 MODEM =  80
  CC1020 DEVIATION =  217
  PRB Tx frequency =  402793900.0
  PRB Tx power =  -9.8828125
  PRB Tx frequency =  402793900.0
  PRB Tx power =  -9.8828125
  PRB Tx frequency =  402793900.0
  PRB Tx power =  -9.8828125
  PRB Tx frequency =  402793900.0
  PRB Tx power =  -9.8828125
  PRB Tx frequency =  402793900.0
  PRB Tx power =  -9.8828125
  PRB Tx frequency =  402793900.0
  PRB Tx power =  -9.8828125
  PRB Tx frequency =  402793900.0
  PRB Tx power =  -9.8828125
  PRB Tx frequency =  402793900.0
  PRB Tx power =  -10.09375
  PRB Tx frequency =  402793900.0
  PRB Tx power =  -10.09375
  PRB Tx frequency =  402793900.0
  PRB Tx power =  -10.09375
  PRB Ave Frequency =  402793900.0
  PRB Ave Power =  -9.94609375
  CC1020 MODEM =  80
  CC1020 DEVIATION =  89
Candidate Frequency = 403.5108MHz, HSI
  PRB badCal =  0
  CC1020 FREQ_2A =  53
  CC1020 FREQ_1A =  240
  CC1020 FREQ_0A =  33
  CC1020 CLOCK_A =  56
  CC1020 FREQ_2B =  53
  CC1020 FREQ_1B =  250
  CC1020 FREQ_0B =  203
  CC1020 CLOCK_B =  56
  CC1020 MATCH =  0
  CC1020 STATUS1 =  108
  CC1020 STATUS2 =  102
  CC1020 STATUS3 =  68
  PRB badCal =  0
  CC1020 FREQ_2A =  53
  CC1020 FREQ_1A =  240
  CC1020 FREQ_0A =  33
  CC1020 CLOCK_A =  56
  CC1020 FREQ_2B =  53
  CC1020 FREQ_1B =  250
  CC1020 FREQ_0B =  203
  CC1020 CLOCK_B =  56
  CC1020 MATCH =  0
  CC1020 STATUS1 =  108
  CC1020 STATUS2 =  102
  CC1020 STATUS3 =  68
  PRB LIC =  0
  PRB Channel Selection =  0
  PRB Channel 0 RSSI =  28
  PRB Channel 1 RSSI =  32
  CC1020 FREQ_A =  3534881
  CC1020 FREQ_B =  3537611
  CC1020 FILTER =  34
  CC1020 RSSI =  24
  CC1020 RSSI =  25
  CC1020 RSSI =  23
  CC1020 RSSI =  26
  CC1020 RSSI =  26
  CC1020 RSSI =  23
  CC1020 RSSI =  27
  CC1020 RSSI =  20
  CC1020 RSSI =  26
  CC1020 RSSI =  22
  CC1020 Average RSSI =  24.2
  CC1020 MODEM =  80
  CC1020 DEVIATION =  89
  PRB Tx frequency =  403484800.0
  PRB Tx power =  -9.875
  PRB Tx frequency =  403484800.0
  PRB Tx power =  -9.875
  PRB Tx frequency =  403484800.0
  PRB Tx power =  -9.875
  PRB Tx frequency =  403484800.0
  PRB Tx power =  -9.875
  PRB Tx frequency =  403484800.0
  PRB Tx power =  -9.875
  PRB Tx frequency =  403484800.0
  PRB Tx power =  -9.859375
  PRB Tx frequency =  403484800.0
  PRB Tx power =  -9.859375
  PRB Tx frequency =  403484800.0
  PRB Tx power =  -9.859375
  PRB Tx frequency =  403484800.0
  PRB Tx power =  -9.859375
  PRB Tx frequency =  403484800.0
  PRB Tx power =  -9.859375
  PRB Ave Frequency =  403484800.0
  PRB Ave Power =  -9.8671875
  CC1020 MODEM =  80
  CC1020 DEVIATION =  217
  PRB Tx frequency =  403486400.0
  PRB Tx power =  -10.125
  PRB Tx frequency =  403486400.0
  PRB Tx power =  -10.125
  PRB Tx frequency =  403486400.0
  PRB Tx power =  -10.125
  PRB Tx frequency =  403486400.0
  PRB Tx power =  -10.125
  PRB Tx frequency =  403486400.0
  PRB Tx power =  -10.125
  PRB Tx frequency =  403486400.0
  PRB Tx power =  -10.125
  PRB Tx frequency =  403486400.0
  PRB Tx power =  -10.125
  PRB Tx frequency =  403486400.0
  PRB Tx power =  -10.125
  PRB Tx frequency =  403486400.0
  PRB Tx power =  -9.8203125
  PRB Tx frequency =  403486400.0
  PRB Tx power =  -9.8203125
  PRB Ave Frequency =  403486400.0
  PRB Ave Power =  -10.0640625
  CC1020 MODEM =  80
  CC1020 DEVIATION =  89
Candidate Frequency = 402.4942MHz, LSI
  PRB badCal =  0
  CC1020 FREQ_2A =  53
  CC1020 FREQ_1A =  204
  CC1020 FREQ_0A =  211
  CC1020 CLOCK_A =  56
  CC1020 FREQ_2B =  53
  CC1020 FREQ_1B =  215
  CC1020 FREQ_0B =  127
  CC1020 CLOCK_B =  56
  CC1020 MATCH =  0
  CC1020 STATUS1 =  108
  CC1020 STATUS2 =  102
  CC1020 STATUS3 =  68
  PRB badCal =  0
  CC1020 FREQ_2A =  53
  CC1020 FREQ_1A =  240
  CC1020 FREQ_0A =  33
  CC1020 CLOCK_A =  56
  CC1020 FREQ_2B =  53
  CC1020 FREQ_1B =  250
  CC1020 FREQ_0B =  203
  CC1020 CLOCK_B =  56
  CC1020 MATCH =  0
  CC1020 STATUS1 =  108
  CC1020 STATUS2 =  102
  CC1020 STATUS3 =  68
  PRB LIC =  0
  PRB Channel Selection =  0
  PRB Channel 0 RSSI =  31
  PRB Channel 1 RSSI =  31
  CC1020 FREQ_A =  3525843
  CC1020 FREQ_B =  3528575
  CC1020 FILTER =  34
  CC1020 RSSI =  21
  CC1020 RSSI =  25
  CC1020 RSSI =  25
  CC1020 RSSI =  20
  CC1020 RSSI =  26
  CC1020 RSSI =  25
  CC1020 RSSI =  19
  CC1020 RSSI =  21
  CC1020 RSSI =  25
  CC1020 RSSI =  27
  CC1020 Average RSSI =  23.4
  CC1020 MODEM =  80
  CC1020 DEVIATION =  89
  PRB Tx frequency =  402468200.0
  PRB Tx power =  -10.375
  PRB Tx frequency =  402468200.0
  PRB Tx power =  -10.375
  PRB Tx frequency =  402468200.0
  PRB Tx power =  -10.375
  PRB Tx frequency =  402468200.0
  PRB Tx power =  -10.375
  PRB Tx frequency =  402468200.0
  PRB Tx power =  -10.375
  PRB Tx frequency =  402468200.0
  PRB Tx power =  -10.375
  PRB Tx frequency =  402468200.0
  PRB Tx power =  -10.375
  PRB Tx frequency =  402468200.0
  PRB Tx power =  -10.375
  PRB Tx frequency =  402468200.0
  PRB Tx power =  -10.328125
  PRB Tx frequency =  402468200.0
  PRB Tx power =  -10.328125
  PRB Ave Frequency =  402468200.0
  PRB Ave Power =  -10.365625
  CC1020 MODEM =  80
  CC1020 DEVIATION =  217
  PRB Tx frequency =  402470200.0
  PRB Tx power =  -9.9296875
  PRB Tx frequency =  402470200.0
  PRB Tx power =  -10.28125
  PRB Tx frequency =  402470200.0
  PRB Tx power =  -10.28125
  PRB Tx frequency =  402470200.0
  PRB Tx power =  -10.28125
  PRB Tx frequency =  402470200.0
  PRB Tx power =  -10.28125
  PRB Tx frequency =  402470200.0
  PRB Tx power =  -10.28125
  PRB Tx frequency =  402470200.0
  PRB Tx power =  -10.28125
  PRB Tx frequency =  402470200.0
  PRB Tx power =  -10.28125
  PRB Tx frequency =  402470200.0
  PRB Tx power =  -10.28125
  PRB Tx frequency =  402470200.0
  PRB Tx power =  -9.9296875
  PRB Ave Frequency =  402470200.0
  PRB Ave Power =  -10.2109375
  CC1020 MODEM =  80
  CC1020 DEVIATION =  89
Candidate Frequency = 404.6167MHz, HSI
  PRB badCal =  0
  CC1020 FREQ_2A =  54
  CC1020 FREQ_1A =  22
  CC1020 FREQ_0A =  135
  CC1020 CLOCK_A =  56
  CC1020 FREQ_2B =  54
  CC1020 FREQ_1B =  33
  CC1020 FREQ_0B =  49
  CC1020 CLOCK_B =  56
  CC1020 MATCH =  0
  CC1020 STATUS1 =  92
  CC1020 STATUS2 =  103
  CC1020 STATUS3 =  68
  PRB badCal =  0
  CC1020 FREQ_2A =  53
  CC1020 FREQ_1A =  240
  CC1020 FREQ_0A =  33
  CC1020 CLOCK_A =  56
  CC1020 FREQ_2B =  53
  CC1020 FREQ_1B =  250
  CC1020 FREQ_0B =  203
  CC1020 CLOCK_B =  56
  CC1020 MATCH =  0
  CC1020 STATUS1 =  108
  CC1020 STATUS2 =  102
  CC1020 STATUS3 =  68
  PRB LIC =  1
  PRB Channel Selection =  1
  PRB Channel 0 RSSI =  31
  PRB Channel 1 RSSI =  27
  CC1020 FREQ_A =  3544711
  CC1020 FREQ_B =  3547441
  CC1020 FILTER =  34
  CC1020 RSSI =  24
  CC1020 RSSI =  24
  CC1020 RSSI =  26
  CC1020 RSSI =  18
  CC1020 RSSI =  20
  CC1020 RSSI =  25
  CC1020 RSSI =  24
  CC1020 RSSI =  20
  CC1020 RSSI =  26
  CC1020 RSSI =  24
  CC1020 Average RSSI =  23.1
  CC1020 MODEM =  80
  CC1020 DEVIATION =  89
  PRB Tx frequency =  404590300.0
  PRB Tx power =  -9.7265625
  PRB Tx frequency =  404590300.0
  PRB Tx power =  -10.0
  PRB Tx frequency =  404590300.0
  PRB Tx power =  -10.0
  PRB Tx frequency =  404590300.0
  PRB Tx power =  -10.0
  PRB Tx frequency =  404590300.0
  PRB Tx power =  -10.0
  PRB Tx frequency =  404590300.0
  PRB Tx power =  -10.0
  PRB Tx frequency =  404590300.0
  PRB Tx power =  -10.0
  PRB Tx frequency =  404590300.0
  PRB Tx power =  -10.0
  PRB Tx frequency =  404590300.0
  PRB Tx power =  -10.0
  PRB Tx frequency =  404590300.0
  PRB Tx power =  -10.0
  PRB Ave Frequency =  404590300.0
  PRB Ave Power =  -9.97265625
  CC1020 MODEM =  80
  CC1020 DEVIATION =  217
  PRB Tx frequency =  404591900.0
  PRB Tx power =  -10.5078125
  PRB Tx frequency =  404591900.0
  PRB Tx power =  -10.5078125
  PRB Tx frequency =  404591900.0
  PRB Tx power =  -10.5078125
  PRB Tx frequency =  404591900.0
  PRB Tx power =  -10.5078125
  PRB Tx frequency =  404591900.0
  PRB Tx power =  -10.5078125
  PRB Tx frequency =  404591900.0
  PRB Tx power =  -9.90625
  PRB Tx frequency =  404591900.0
  PRB Tx power =  -9.90625
  PRB Tx frequency =  404591900.0
  PRB Tx power =  -9.90625
  PRB Tx frequency =  404591900.0
  PRB Tx power =  -9.90625
  PRB Tx frequency =  404591900.0
  PRB Tx power =  -9.90625
  PRB Ave Frequency =  404591900.0
  PRB Ave Power =  -10.20703125
  CC1020 MODEM =  80
  CC1020 DEVIATION =  89
Candidate Frequency = 402.7209MHz, HSI
  PRB badCal =  0
  CC1020 FREQ_2A =  53
  CC1020 FREQ_1A =  212
  CC1020 FREQ_0A =  179
  CC1020 CLOCK_A =  56
  CC1020 FREQ_2B =  53
  CC1020 FREQ_1B =  223
  CC1020 FREQ_0B =  93
  CC1020 CLOCK_B =  56
  CC1020 MATCH =  0
  CC1020 STATUS1 =  108
  CC1020 STATUS2 =  102
  CC1020 STATUS3 =  68
  PRB badCal =  0
  CC1020 FREQ_2A =  53
  CC1020 FREQ_1A =  240
  CC1020 FREQ_0A =  33
  CC1020 CLOCK_A =  56
  CC1020 FREQ_2B =  53
  CC1020 FREQ_1B =  250
  CC1020 FREQ_0B =  203
  CC1020 CLOCK_B =  56
  CC1020 MATCH =  0
  CC1020 STATUS1 =  108
  CC1020 STATUS2 =  102
  CC1020 STATUS3 =  68
  PRB LIC =  0
  PRB Channel Selection =  0
  PRB Channel 0 RSSI =  31
  PRB Channel 1 RSSI =  31
  CC1020 FREQ_A =  3527859
  CC1020 FREQ_B =  3530589
  CC1020 FILTER =  34
  CC1020 RSSI =  25
  CC1020 RSSI =  28
  CC1020 RSSI =  24
  CC1020 RSSI =  22
  CC1020 RSSI =  28
  CC1020 RSSI =  24
  CC1020 RSSI =  24
  CC1020 RSSI =  20
  CC1020 RSSI =  25
  CC1020 RSSI =  26
  CC1020 Average RSSI =  24.6
  CC1020 MODEM =  80
  CC1020 DEVIATION =  89
  PRB Tx frequency =  402694100.0
  PRB Tx power =  -9.9765625
  PRB Tx frequency =  402694100.0
  PRB Tx power =  -9.9765625
  PRB Tx frequency =  402694100.0
  PRB Tx power =  -9.9765625
  PRB Tx frequency =  402694100.0
  PRB Tx power =  -9.9765625
  PRB Tx frequency =  402694100.0
  PRB Tx power =  -9.9765625
  PRB Tx frequency =  402694100.0
  PRB Tx power =  -9.9921875
  PRB Tx frequency =  402694100.0
  PRB Tx power =  -9.9921875
  PRB Tx frequency =  402694100.0
  PRB Tx power =  -9.9921875
  PRB Tx frequency =  402694100.0
  PRB Tx power =  -9.9921875
  PRB Tx frequency =  402694100.0
  PRB Tx power =  -9.9921875
  PRB Ave Frequency =  402694100.0
  PRB Ave Power =  -9.984375
  CC1020 MODEM =  80
  CC1020 DEVIATION =  217
  PRB Tx frequency =  402696100.0
  PRB Tx power =  -10.515625
  PRB Tx frequency =  402696100.0
  PRB Tx power =  -10.515625
  PRB Tx frequency =  402696100.0
  PRB Tx power =  -10.515625
  PRB Tx frequency =  402696100.0
  PRB Tx power =  -10.515625
  PRB Tx frequency =  402696100.0
  PRB Tx power =  -10.515625
  PRB Tx frequency =  402696100.0
  PRB Tx power =  -10.515625
  PRB Tx frequency =  402696100.0
  PRB Tx power =  -10.515625
  PRB Tx frequency =  402696100.0
  PRB Tx power =  -10.515625
  PRB Tx frequency =  402696100.0
  PRB Tx power =  -10.0
  PRB Tx frequency =  402696100.0
  PRB Tx power =  -10.0
  PRB Ave Frequency =  402696100.0
  PRB Ave Power =  -10.4125
  CC1020 MODEM =  80
  CC1020 DEVIATION =  89
Candidate Frequency = 402.4049MHz, HSI
  PRB badCal =  0
  CC1020 FREQ_2A =  53
  CC1020 FREQ_1A =  201
  CC1020 FREQ_0A =  185
  CC1020 CLOCK_A =  56
  CC1020 FREQ_2B =  53
  CC1020 FREQ_1B =  212
  CC1020 FREQ_0B =  101
  CC1020 CLOCK_B =  56
  CC1020 MATCH =  0
  CC1020 STATUS1 =  108
  CC1020 STATUS2 =  102
  CC1020 STATUS3 =  68
  PRB badCal =  0
  CC1020 FREQ_2A =  53
  CC1020 FREQ_1A =  240
  CC1020 FREQ_0A =  33
  CC1020 CLOCK_A =  56
  CC1020 FREQ_2B =  53
  CC1020 FREQ_1B =  250
  CC1020 FREQ_0B =  203
  CC1020 CLOCK_B =  56
  CC1020 MATCH =  0
  CC1020 STATUS1 =  108
  CC1020 STATUS2 =  102
  CC1020 STATUS3 =  68
  PRB LIC =  0
  PRB Channel Selection =  0
  PRB Channel 0 RSSI =  31
  PRB Channel 1 RSSI =  32
  CC1020 FREQ_A =  3525049
  CC1020 FREQ_B =  3527781
  CC1020 FILTER =  34
  CC1020 RSSI =  23
  CC1020 RSSI =  26
  CC1020 RSSI =  23
  CC1020 RSSI =  28
  CC1020 RSSI =  24
  CC1020 RSSI =  24
  CC1020 RSSI =  26
  CC1020 RSSI =  26
  CC1020 RSSI =  30
  CC1020 RSSI =  24
  CC1020 Average RSSI =  25.4
  CC1020 MODEM =  80
  CC1020 DEVIATION =  89
  PRB Tx frequency =  402378500.0
  PRB Tx power =  -9.9296875
  PRB Tx frequency =  402378500.0
  PRB Tx power =  -9.9296875
  PRB Tx frequency =  402378500.0
  PRB Tx power =  -9.9296875
  PRB Tx frequency =  402378500.0
  PRB Tx power =  -9.9296875
  PRB Tx frequency =  402378500.0
  PRB Tx power =  -9.9296875
  PRB Tx frequency =  402378500.0
  PRB Tx power =  -9.9296875
  PRB Tx frequency =  402378500.0
  PRB Tx power =  -9.9296875
  PRB Tx frequency =  402378500.0
  PRB Tx power =  -9.9296875
  PRB Tx frequency =  402378500.0
  PRB Tx power =  -9.90625
  PRB Tx frequency =  402378500.0
  PRB Tx power =  -9.90625
  PRB Ave Frequency =  402378500.0
  PRB Ave Power =  -9.925
  CC1020 MODEM =  80
  CC1020 DEVIATION =  217
  PRB Tx frequency =  402380500.0
  PRB Tx power =  -9.921875
  PRB Tx frequency =  402380500.0
  PRB Tx power =  -9.921875
  PRB Tx frequency =  402380500.0
  PRB Tx power =  -9.921875
  PRB Tx frequency =  402380500.0
  PRB Tx power =  -9.9375
  PRB Tx frequency =  402380500.0
  PRB Tx power =  -9.9375
  PRB Tx frequency =  402380500.0
  PRB Tx power =  -9.9375
  PRB Tx frequency =  402380500.0
  PRB Tx power =  -9.9375
  PRB Tx frequency =  402380500.0
  PRB Tx power =  -9.9375
  PRB Tx frequency =  402380500.0
  PRB Tx power =  -9.9375
  PRB Tx frequency =  402380500.0
  PRB Tx power =  -9.9375
  PRB Ave Frequency =  402380500.0
  PRB Ave Power =  -9.9328125
  CC1020 MODEM =  80
  CC1020 DEVIATION =  89
Candidate Frequency = 404.5197MHz, LSI
  PRB badCal =  0
  CC1020 FREQ_2A =  54
  CC1020 FREQ_1A =  19
  CC1020 FREQ_0A =  41
  CC1020 CLOCK_A =  56
  CC1020 FREQ_2B =  54
  CC1020 FREQ_1B =  29
  CC1020 FREQ_0B =  211
  CC1020 CLOCK_B =  56
  CC1020 MATCH =  0
  CC1020 STATUS1 =  92
  CC1020 STATUS2 =  103
  CC1020 STATUS3 =  68
  PRB badCal =  0
  CC1020 FREQ_2A =  53
  CC1020 FREQ_1A =  240
  CC1020 FREQ_0A =  33
  CC1020 CLOCK_A =  56
  CC1020 FREQ_2B =  53
  CC1020 FREQ_1B =  250
  CC1020 FREQ_0B =  203
  CC1020 CLOCK_B =  56
  CC1020 MATCH =  0
  CC1020 STATUS1 =  108
  CC1020 STATUS2 =  102
  CC1020 STATUS3 =  68
  PRB LIC =  0
  PRB Channel Selection =  0
  PRB Channel 0 RSSI =  28
  PRB Channel 1 RSSI =  31
  CC1020 FREQ_A =  3543849
  CC1020 FREQ_B =  3546579
  CC1020 FILTER =  34
  CC1020 RSSI =  25
  CC1020 RSSI =  19
  CC1020 RSSI =  23
  CC1020 RSSI =  22
  CC1020 RSSI =  26
  CC1020 RSSI =  22
  CC1020 RSSI =  23
  CC1020 RSSI =  25
  CC1020 RSSI =  22
  CC1020 RSSI =  20
  CC1020 Average RSSI =  22.7
  CC1020 MODEM =  80
  CC1020 DEVIATION =  89
  PRB Tx frequency =  404493300.0
  PRB Tx power =  -10.015625
  PRB Tx frequency =  404493300.0
  PRB Tx power =  -10.015625
  PRB Tx frequency =  404493300.0
  PRB Tx power =  -10.015625
  PRB Tx frequency =  404493300.0
  PRB Tx power =  -10.015625
  PRB Tx frequency =  404493300.0
  PRB Tx power =  -10.015625
  PRB Tx frequency =  404493300.0
  PRB Tx power =  -10.015625
  PRB Tx frequency =  404493300.0
  PRB Tx power =  -10.015625
  PRB Tx frequency =  404493300.0
  PRB Tx power =  -10.015625
  PRB Tx frequency =  404493300.0
  PRB Tx power =  -10.015625
  PRB Tx frequency =  404493300.0
  PRB Tx power =  -10.015625
  PRB Ave Frequency =  404493300.0
  PRB Ave Power =  -10.015625
  CC1020 MODEM =  80
  CC1020 DEVIATION =  217
  PRB Tx frequency =  404495300.0
  PRB Tx power =  -9.7421875
  PRB Tx frequency =  404495300.0
  PRB Tx power =  -9.7421875
  PRB Tx frequency =  404495300.0
  PRB Tx power =  -9.7421875
  PRB Tx frequency =  404495300.0
  PRB Tx power =  -9.7421875
  PRB Tx frequency =  404495300.0
  PRB Tx power =  -9.7421875
  PRB Tx frequency =  404495300.0
  PRB Tx power =  -9.7421875
  PRB Tx frequency =  404495300.0
  PRB Tx power =  -9.7421875
  PRB Tx frequency =  404495300.0
  PRB Tx power =  -9.7421875
  PRB Tx frequency =  404495300.0
  PRB Tx power =  -9.75
  PRB Tx frequency =  404495300.0
  PRB Tx power =  -9.75
  PRB Ave Frequency =  404495300.0
  PRB Ave Power =  -9.74375
  CC1020 MODEM =  80
  CC1020 DEVIATION =  89
Candidate Frequency = 402.7049MHz, LSI
  PRB badCal =  0
  CC1020 FREQ_2A =  53
  CC1020 FREQ_1A =  212
  CC1020 FREQ_0A =  37
  CC1020 CLOCK_A =  56
  CC1020 FREQ_2B =  53
  CC1020 FREQ_1B =  222
  CC1020 FREQ_0B =  207
  CC1020 CLOCK_B =  56
  CC1020 MATCH =  0
  CC1020 STATUS1 =  108
  CC1020 STATUS2 =  102
  CC1020 STATUS3 =  68
  PRB badCal =  0
  CC1020 FREQ_2A =  53
  CC1020 FREQ_1A =  240
  CC1020 FREQ_0A =  33
  CC1020 CLOCK_A =  56
  CC1020 FREQ_2B =  53
  CC1020 FREQ_1B =  250
  CC1020 FREQ_0B =  203
  CC1020 CLOCK_B =  56
  CC1020 MATCH =  0
  CC1020 STATUS1 =  108
  CC1020 STATUS2 =  102
  CC1020 STATUS3 =  68
  PRB LIC =  0
  PRB Channel Selection =  0
  PRB Channel 0 RSSI =  31
  PRB Channel 1 RSSI =  31
  CC1020 FREQ_A =  3527717
  CC1020 FREQ_B =  3530447
  CC1020 FILTER =  34
  CC1020 RSSI =  25
  CC1020 RSSI =  21
  CC1020 RSSI =  25
  CC1020 RSSI =  28
  CC1020 RSSI =  27
  CC1020 RSSI =  24
  CC1020 RSSI =  23
  CC1020 RSSI =  20
  CC1020 RSSI =  24
  CC1020 RSSI =  20
  CC1020 Average RSSI =  23.7
  CC1020 MODEM =  80
  CC1020 DEVIATION =  89
  PRB Tx frequency =  402678500.0
  PRB Tx power =  -10.109375
  PRB Tx frequency =  402678500.0
  PRB Tx power =  -10.109375
  PRB Tx frequency =  402678500.0
  PRB Tx power =  -10.109375
  PRB Tx frequency =  402678500.0
  PRB Tx power =  -10.109375
  PRB Tx frequency =  402678500.0
  PRB Tx power =  -10.109375
  PRB Tx frequency =  402678500.0
  PRB Tx power =  -10.109375
  PRB Tx frequency =  402678500.0
  PRB Tx power =  -10.109375
  PRB Tx frequency =  402678500.0
  PRB Tx power =  -10.109375
  PRB Tx frequency =  402678500.0
  PRB Tx power =  -9.890625
  PRB Tx frequency =  402678500.0
  PRB Tx power =  -9.890625
  PRB Ave Frequency =  402678500.0
  PRB Ave Power =  -10.065625
  CC1020 MODEM =  80
  CC1020 DEVIATION =  217
  PRB Tx frequency =  402680500.0
  PRB Tx power =  -10.09375
  PRB Tx frequency =  402680500.0
  PRB Tx power =  -10.09375
  PRB Tx frequency =  402680500.0
  PRB Tx power =  -10.09375
  PRB Tx frequency =  402680500.0
  PRB Tx power =  -10.109375
  PRB Tx frequency =  402680500.0
  PRB Tx power =  -10.109375
  PRB Tx frequency =  402680500.0
  PRB Tx power =  -10.109375
  PRB Tx frequency =  402680500.0
  PRB Tx power =  -10.109375
  PRB Tx frequency =  402680500.0
  PRB Tx power =  -10.109375
  PRB Tx frequency =  402680500.0
  PRB Tx power =  -10.109375
  PRB Tx frequency =  402680500.0
  PRB Tx power =  -10.109375
  PRB Ave Frequency =  402680500.0
  PRB Ave Power =  -10.1046875
  CC1020 MODEM =  80
  CC1020 DEVIATION =  89
Candidate Frequency = 403.5108MHz, HSI
  PRB badCal =  0
  CC1020 FREQ_2A =  53
  CC1020 FREQ_1A =  240
  CC1020 FREQ_0A =  33
  CC1020 CLOCK_A =  56
  CC1020 FREQ_2B =  53
  CC1020 FREQ_1B =  250
  CC1020 FREQ_0B =  203
  CC1020 CLOCK_B =  56
  CC1020 MATCH =  0
  CC1020 STATUS1 =  108
  CC1020 STATUS2 =  102
  CC1020 STATUS3 =  68
  PRB badCal =  0
  CC1020 FREQ_2A =  53
  CC1020 FREQ_1A =  240
  CC1020 FREQ_0A =  33
  CC1020 CLOCK_A =  56
  CC1020 FREQ_2B =  53
  CC1020 FREQ_1B =  250
  CC1020 FREQ_0B =  203
  CC1020 CLOCK_B =  56
  CC1020 MATCH =  0
  CC1020 STATUS1 =  108
  CC1020 STATUS2 =  102
  CC1020 STATUS3 =  68
  PRB LIC =  0
  PRB Channel Selection =  0
  PRB Channel 0 RSSI =  31
  PRB Channel 1 RSSI =  31
  CC1020 FREQ_A =  3534881
  CC1020 FREQ_B =  3537611
  CC1020 FILTER =  34
  CC1020 RSSI =  27
  CC1020 RSSI =  28
  CC1020 RSSI =  24
  CC1020 RSSI =  24
  CC1020 RSSI =  26
  CC1020 RSSI =  29
  CC1020 RSSI =  26
  CC1020 RSSI =  27
  CC1020 RSSI =  24
  CC1020 RSSI =  26
  CC1020 Average RSSI =  26.1
  CC1020 MODEM =  80
  CC1020 DEVIATION =  89
  PRB Tx frequency =  403484000.0
  PRB Tx power =  -9.9765625
  PRB Tx frequency =  403484000.0
  PRB Tx power =  -9.9765625
  PRB Tx frequency =  403484000.0
  PRB Tx power =  -9.9765625
  PRB Tx frequency =  403484000.0
  PRB Tx power =  -10.5546875
  PRB Tx frequency =  403484000.0
  PRB Tx power =  -10.5546875
  PRB Tx frequency =  403484000.0
  PRB Tx power =  -10.5546875
  PRB Tx frequency =  403484000.0
  PRB Tx power =  -10.5546875
  PRB Tx frequency =  403484000.0
  PRB Tx power =  -10.5546875
  PRB Tx frequency =  403484000.0
  PRB Tx power =  -10.5546875
  PRB Tx frequency =  403484000.0
  PRB Tx power =  -10.5546875
  PRB Ave Frequency =  403484000.0
  PRB Ave Power =  -10.38125
  CC1020 MODEM =  80
  CC1020 DEVIATION =  217
  PRB Tx frequency =  403486400.0
  PRB Tx power =  -9.796875
  PRB Tx frequency =  403486400.0
  PRB Tx power =  -9.796875
  PRB Tx frequency =  403486400.0
  PRB Tx power =  -9.796875
  PRB Tx frequency =  403486400.0
  PRB Tx power =  -9.796875
  PRB Tx frequency =  403486400.0
  PRB Tx power =  -9.796875
  PRB Tx frequency =  403486400.0
  PRB Tx power =  -9.796875
  PRB Tx frequency =  403486400.0
  PRB Tx power =  -9.796875
  PRB Tx frequency =  403486400.0
  PRB Tx power =  -10.0859375
  PRB Tx frequency =  403486400.0
  PRB Tx power =  -10.0859375
  PRB Tx frequency =  403486400.0
  PRB Tx power =  -10.0859375
  PRB Ave Frequency =  403486400.0
  PRB Ave Power =  -9.88359375
  CC1020 MODEM =  80
  CC1020 DEVIATION =  89
Candidate Frequency = 402.8183MHz, LSI
  PRB badCal =  0
  CC1020 FREQ_2A =  53
  CC1020 FREQ_1A =  240
  CC1020 FREQ_0A =  33
  CC1020 CLOCK_A =  56
  CC1020 FREQ_2B =  53
  CC1020 FREQ_1B =  250
  CC1020 FREQ_0B =  203
  CC1020 CLOCK_B =  56
  CC1020 MATCH =  0
  CC1020 STATUS1 =  108
  CC1020 STATUS2 =  102
  CC1020 STATUS3 =  68
  CC1020 MODEM =  84
  CC1020 DEVIATION =  89
  PRB OBW =  115200.0
temporary files deleted
  CC1020 MODEM =  84
  CC1020 DEVIATION =  217
  PRB OBW =  79200.0
Candidate Frequency = 403.5108MHz, HSI
  PRB badCal =  0
  CC1020 FREQ_2A =  53
  CC1020 FREQ_1A =  240
  CC1020 FREQ_0A =  33
  CC1020 CLOCK_A =  56
  CC1020 FREQ_2B =  53
  CC1020 FREQ_1B =  250
  CC1020 FREQ_0B =  203
  CC1020 CLOCK_B =  56
  CC1020 MATCH =  0
  CC1020 STATUS1 =  108
  CC1020 STATUS2 =  102
  CC1020 STATUS3 =  68
  CC1020 MODEM =  84
  CC1020 DEVIATION =  89
  PRB OBW =  114000.0
temporary files deleted
  CC1020 MODEM =  84
  CC1020 DEVIATION =  217
  PRB OBW =  80000.0
Candidate Frequency = 402.4942MHz, LSI
  PRB badCal =  0
  CC1020 FREQ_2A =  53
  CC1020 FREQ_1A =  240
  CC1020 FREQ_0A =  33
  CC1020 CLOCK_A =  56
  CC1020 FREQ_2B =  53
  CC1020 FREQ_1B =  250
  CC1020 FREQ_0B =  203
  CC1020 CLOCK_B =  56
  CC1020 MATCH =  0
  CC1020 STATUS1 =  108
  CC1020 STATUS2 =  102
  CC1020 STATUS3 =  68
  CC1020 MODEM =  84
  CC1020 DEVIATION =  89
  PRB OBW =  115600.0
temporary files deleted
  CC1020 MODEM =  84
  CC1020 DEVIATION =  217
  PRB OBW =  79600.0
Candidate Frequency = 404.6167MHz, HSI
  PRB badCal =  0
  CC1020 FREQ_2A =  53
  CC1020 FREQ_1A =  240
  CC1020 FREQ_0A =  33
  CC1020 CLOCK_A =  56
  CC1020 FREQ_2B =  53
  CC1020 FREQ_1B =  250
  CC1020 FREQ_0B =  203
  CC1020 CLOCK_B =  56
  CC1020 MATCH =  0
  CC1020 STATUS1 =  108
  CC1020 STATUS2 =  102
  CC1020 STATUS3 =  68
  CC1020 MODEM =  84
  CC1020 DEVIATION =  89
  PRB OBW =  108000.0
temporary files deleted
  CC1020 MODEM =  84
  CC1020 DEVIATION =  217
  PRB OBW =  83200.0
Candidate Frequency = 402.7209MHz, HSI
  PRB badCal =  0
  CC1020 FREQ_2A =  53
  CC1020 FREQ_1A =  240
  CC1020 FREQ_0A =  33
  CC1020 CLOCK_A =  56
  CC1020 FREQ_2B =  53
  CC1020 FREQ_1B =  250
  CC1020 FREQ_0B =  203
  CC1020 CLOCK_B =  56
  CC1020 MATCH =  0
  CC1020 STATUS1 =  108
  CC1020 STATUS2 =  102
  CC1020 STATUS3 =  68
  CC1020 MODEM =  84
  CC1020 DEVIATION =  89
  PRB OBW =  114400.0
temporary files deleted
  CC1020 MODEM =  84
  CC1020 DEVIATION =  217
  PRB OBW =  79600.0
Candidate Frequency = 402.4049MHz, HSI
  PRB badCal =  0
  CC1020 FREQ_2A =  53
  CC1020 FREQ_1A =  240
  CC1020 FREQ_0A =  33
  CC1020 CLOCK_A =  56
  CC1020 FREQ_2B =  53
  CC1020 FREQ_1B =  250
  CC1020 FREQ_0B =  203
  CC1020 CLOCK_B =  56
  CC1020 MATCH =  0
  CC1020 STATUS1 =  108
  CC1020 STATUS2 =  102
  CC1020 STATUS3 =  68
  CC1020 MODEM =  84
  CC1020 DEVIATION =  89
  PRB OBW =  114800.0
temporary files deleted
  CC1020 MODEM =  84
  CC1020 DEVIATION =  217
  PRB OBW =  79200.0
Candidate Frequency = 404.5197MHz, LSI
  PRB badCal =  0
  CC1020 FREQ_2A =  53
  CC1020 FREQ_1A =  240
  CC1020 FREQ_0A =  33
  CC1020 CLOCK_A =  56
  CC1020 FREQ_2B =  53
  CC1020 FREQ_1B =  250
  CC1020 FREQ_0B =  203
  CC1020 CLOCK_B =  56
  CC1020 MATCH =  0
  CC1020 STATUS1 =  108
  CC1020 STATUS2 =  102
  CC1020 STATUS3 =  68
  CC1020 MODEM =  84
  CC1020 DEVIATION =  89
  PRB OBW =  108800.0
temporary files deleted
  CC1020 MODEM =  84
  CC1020 DEVIATION =  217
  PRB OBW =  82400.0
Candidate Frequency = 402.7049MHz, LSI
  PRB badCal =  0
  CC1020 FREQ_2A =  53
  CC1020 FREQ_1A =  240
  CC1020 FREQ_0A =  33
  CC1020 CLOCK_A =  56
  CC1020 FREQ_2B =  53
  CC1020 FREQ_1B =  250
  CC1020 FREQ_0B =  203
  CC1020 CLOCK_B =  56
  CC1020 MATCH =  0
  CC1020 STATUS1 =  108
  CC1020 STATUS2 =  102
  CC1020 STATUS3 =  68
  CC1020 MODEM =  84
  CC1020 DEVIATION =  89
  PRB OBW =  114800.0
temporary files deleted
  CC1020 MODEM =  84
  CC1020 DEVIATION =  217
  PRB OBW =  79600.0
Candidate Frequency = 403.5108MHz, HSI
  PRB badCal =  0
  CC1020 FREQ_2A =  53
  CC1020 FREQ_1A =  240
  CC1020 FREQ_0A =  33
  CC1020 CLOCK_A =  56
  CC1020 FREQ_2B =  53
  CC1020 FREQ_1B =  250
  CC1020 FREQ_0B =  203
  CC1020 CLOCK_B =  56
  CC1020 MATCH =  0
  CC1020 STATUS1 =  108
  CC1020 STATUS2 =  102
  CC1020 STATUS3 =  68
  CC1020 MODEM =  84
  CC1020 DEVIATION =  89
  PRB OBW =  114400.0
temporary files deleted
  CC1020 MODEM =  84
  CC1020 DEVIATION =  217
  PRB OBW =  80000.0
Test complete, run prbRssiScript
