<<<<< Log Header: 07/05/2013 18:32:18 >>>>>
2013/07/05 18:32:18:188 [003480] INFO [NCommunicationSystem.cpp, 108] - nCommunicationSystem, Version=1.8.2.1, Culture=neutral, PublicKeyToken=56b5378c99c0bcfd
2013/07/05 18:32:18:219 [003480] INFO [ExceptionCatchingThread.cpp, 257] - Created the timer thread with id 340 (0x154).
2013/07/05 18:32:18:219 [000340] INFO [ExceptionCatchingThread.cpp, 168] - Executing the timer thread procedure...
2013/07/05 18:32:18:219 [003480] INFO [ExceptionCatchingThread.cpp, 257] - Created the dispatch thread with id 3496 (0xda8).
2013/07/05 18:32:18:219 [003496] INFO [ExceptionCatchingThread.cpp, 168] - Executing the dispatch thread procedure...
2013/07/05 18:32:21:235 [003480] DEBUG [Prb.cpp, 252] - PRB logging started.
2013/07/05 18:32:21:250 [003480] DEBUG [Prb.cpp, 130] - Number of FTDI devices: 1
2013/07/05 18:32:21:250 [003480] DEBUG [Prb.cpp, 158] - FTDI Device[0]: ID=67330069
2013/07/05 18:32:21:266 [003480] DEBUG [Prb.cpp, 169] - FTDI handle=191774840
2013/07/05 18:32:21:266 [003480] INFO [Prb.cpp, 179] - FTDI Driver Version 2.08.28.0
2013/07/05 18:32:25:359 [003480] INFO [Prb.cpp, 205] - FTDI Configuration: MaxCurrent=200, CBus5=5, CBus6=0x4
2013/07/05 18:32:25:609 [003480] INFO [Prb.cpp, 246] - PRB driver initialized.
2013/07/05 18:32:25:609 [003480] TRACE [Prb.cpp, 448] - Writing FPGA, Address=0x1008, Data=0x08
2013/07/05 18:32:25:609 [003480] TRACE [Prb.cpp, 1035] - WriteFPGAPacket(0x1008, 0x08):01 00 0D 00 81 00 03 10 08 08 25 D5 0D 
2013/07/05 18:32:25:609 [002376] TRACE [Prb.cpp, 835] - RxStream contents:01 00 0B C3 06 00 00 00 92 81 0D 
2013/07/05 18:32:25:609 [002376] TRACE [Prb.cpp, 943] - RadioBoardPacket(ACK):01 00 0B C3 06 00 00 00 92 81 0D 
2013/07/05 18:32:25:609 [003480] DEBUG [Prb.cpp, 466] - Write FPGA completed, Address=0x1008, Data=0x08
2013/07/05 18:32:25:625 [003480] TRACE [Prb.cpp, 493] - Reading FPGA, Address=0x300A
2013/07/05 18:32:25:641 [003480] TRACE [Prb.cpp, 1035] - ReadFPGAPacket(0x300A):01 00 0C 01 82 00 02 30 0A E8 24 0D 
2013/07/05 18:32:25:641 [002376] TRACE [Prb.cpp, 835] - RxStream contents:01 00 0C C4 06 01 00 01 00 FF 1A 0D 
2013/07/05 18:32:25:641 [002376] TRACE [Prb.cpp, 943] - RadioBoardPacket(ACK):01 00 0C C4 06 01 00 01 00 FF 1A 0D 
2013/07/05 18:32:25:641 [003480] DEBUG [Prb.cpp, 512] - Read FPGA completed, Address=0x300A, Data=0x00
2013/07/05 18:32:25:641 [003480] TRACE [Prb.cpp, 448] - Writing FPGA, Address=0x300A, Data=0x03
2013/07/05 18:32:25:641 [003480] TRACE [Prb.cpp, 1035] - WriteFPGAPacket(0x300A, 0x03):01 00 0D 02 81 00 03 30 0A 03 29 4F 0D 
2013/07/05 18:32:25:641 [002376] TRACE [Prb.cpp, 835] - RxStream contents:01 00 0B C5 06 02 00 00 13 BA 0D 
2013/07/05 18:32:25:641 [002376] TRACE [Prb.cpp, 943] - RadioBoardPacket(ACK):01 00 0B C5 06 02 00 00 13 BA 0D 
2013/07/05 18:32:25:641 [003480] DEBUG [Prb.cpp, 466] - Write FPGA completed, Address=0x300A, Data=0x03
2013/07/05 18:32:25:687 [003480] INFO [CrossTalkDetector.cpp, 14] - EnterCrossTalkThreshold = 8
2013/07/05 18:32:25:687 [003480] INFO [CrossTalkDetector.cpp, 21] - LeaveCrossTalkThreshold = 4
2013/07/05 18:32:25:687 [003480] INFO [CrossTalkDetector.cpp, 28] - LinkThreshold = 8
2013/07/05 18:32:25:687 [003480] INFO [ExceptionCatchingThread.cpp, 257] - Created the interrupt thread with id 1224 (0x4c8).
2013/07/05 18:32:25:687 [003480] DEBUG [Prb.cpp, 252] - PRB logging started.
2013/07/05 18:32:25:687 [001224] INFO [ExceptionCatchingThread.cpp, 168] - Executing the interrupt thread procedure...
2013/07/05 18:32:25:687 [003480] INFO [CommunicationSystem.cpp, 640] - Calibrating the PRB CC1020.
2013/07/05 18:32:25:687 [003480] TRACE [Prb.cpp, 448] - Writing FPGA, Address=0x1008, Data=0x01
2013/07/05 18:32:25:687 [003480] TRACE [Prb.cpp, 1035] - WriteFPGAPacket(0x1008, 0x01):01 00 0D 03 81 00 03 10 08 01 26 D3 0D 
2013/07/05 18:32:25:703 [002376] TRACE [Prb.cpp, 835] - RxStream contents:01 00 0B C6 06 03 00 00 93 25 0D 
2013/07/05 18:32:25:703 [002376] TRACE [Prb.cpp, 943] - RadioBoardPacket(ACK):01 00 0B C6 06 03 00 00 93 25 0D 
2013/07/05 18:32:25:703 [003480] DEBUG [Prb.cpp, 466] - Write FPGA completed, Address=0x1008, Data=0x01
2013/07/05 18:32:25:781 [002376] TRACE [Prb.cpp, 835] - RxStream contents:01 00 0D C7 00 00 00 02 09 00 2D 76 0D 
2013/07/05 18:32:25:781 [001224] DEBUG [CommunicationSystem.cpp, 1120] - Calibration complete.
2013/07/05 18:32:25:781 [003480] TRACE [Prb.cpp, 493] - Reading FPGA, Address=0x2012
2013/07/05 18:32:25:781 [003480] TRACE [Prb.cpp, 1035] - ReadFPGAPacket(0x2012):01 00 0C 04 82 00 02 20 12 10 72 0D 
2013/07/05 18:32:25:781 [002376] TRACE [Prb.cpp, 835] - RxStream contents:01 00 0C C8 06 04 00 01 00 1B 15 0D 
2013/07/05 18:32:25:781 [002376] TRACE [Prb.cpp, 943] - RadioBoardPacket(ACK):01 00 0C C8 06 04 00 01 00 1B 15 0D 
2013/07/05 18:32:25:781 [003480] DEBUG [Prb.cpp, 512] - Read FPGA completed, Address=0x2012, Data=0x00
2013/07/05 18:32:25:781 [003480] INFO [CommunicationSystem.cpp, 653] - CC1020 Calibration succeeded.
2013/07/05 18:32:25:781 [003480] TRACE [Prb.cpp, 448] - Writing FPGA, Address=0x1006, Data=0x08
2013/07/05 18:32:25:781 [003480] TRACE [Prb.cpp, 1035] - WriteFPGAPacket(0x1006, 0x08):01 00 0D 05 81 00 03 10 06 08 84 86 0D 
2013/07/05 18:32:25:781 [002376] TRACE [Prb.cpp, 835] - RxStream contents:01 00 0B C9 06 05 00 00 91 F5 0D 
2013/07/05 18:32:25:781 [002376] TRACE [Prb.cpp, 943] - RadioBoardPacket(ACK):01 00 0B C9 06 05 00 00 91 F5 0D 
2013/07/05 18:32:25:781 [003480] DEBUG [Prb.cpp, 466] - Write FPGA completed, Address=0x1006, Data=0x08
2013/07/05 18:32:25:781 [003480] TRACE [Prb.cpp, 493] - Reading FPGA, Address=0x3000
2013/07/05 18:32:25:781 [003480] TRACE [Prb.cpp, 1035] - ReadFPGAPacket(0x3000):01 00 0C 06 82 00 02 30 00 80 1E 0D 
2013/07/05 18:32:25:781 [002376] TRACE [Prb.cpp, 835] - RxStream contents:01 00 0C CA 06 06 00 01 12 C3 79 0D 
2013/07/05 18:32:25:781 [002376] TRACE [Prb.cpp, 943] - RadioBoardPacket(ACK):01 00 0C CA 06 06 00 01 12 C3 79 0D 
2013/07/05 18:32:25:781 [003480] DEBUG [Prb.cpp, 512] - Read FPGA completed, Address=0x3000, Data=0x12
2013/07/05 18:32:25:781 [003480] INFO [CommunicationSystem.cpp, 613] - FPGA Revision 18.
2013/07/05 18:32:25:781 [003480] TRACE [Prb.cpp, 584] - Reading CC1020, Address=0x0004
2013/07/05 18:32:25:781 [003480] TRACE [Prb.cpp, 1035] - ReadCC1020Packet(0x04):01 00 0C 07 84 00 02 00 04 59 16 0D 
2013/07/05 18:32:25:781 [002376] TRACE [Prb.cpp, 835] - RxStream contents:01 00 0C CB 06 07 00 01 35 AF AB 0D 
2013/07/05 18:32:25:781 [002376] TRACE [Prb.cpp, 943] - RadioBoardPacket(ACK):01 00 0C CB 06 07 00 01 35 AF AB 0D 
2013/07/05 18:32:25:781 [003480] DEBUG [Prb.cpp, 603] - Read CC1020 completed, Address=0x0004, Data=0x35
2013/07/05 18:32:25:781 [003480] INFO [CommunicationSystem.cpp, 614] - CC1020 Frequency 2A 0x35.
2013/07/05 18:32:25:781 [003480] TRACE [Prb.cpp, 584] - Reading CC1020, Address=0x0005
2013/07/05 18:32:25:781 [003480] TRACE [Prb.cpp, 1035] - ReadCC1020Packet(0x05):01 00 0C 08 84 00 02 00 05 F1 1C 0D 
2013/07/05 18:32:25:781 [002376] TRACE [Prb.cpp, 835] - RxStream contents:01 00 0C CC 06 08 00 01 F0 09 33 0D 
2013/07/05 18:32:25:781 [002376] TRACE [Prb.cpp, 943] - RadioBoardPacket(ACK):01 00 0C CC 06 08 00 01 F0 09 33 0D 
2013/07/05 18:32:25:781 [003480] DEBUG [Prb.cpp, 603] - Read CC1020 completed, Address=0x0005, Data=0xF0
2013/07/05 18:32:25:781 [003480] INFO [CommunicationSystem.cpp, 615] - CC1020 Frequency 1A 0xf0.
2013/07/05 18:32:25:781 [003480] TRACE [Prb.cpp, 584] - Reading CC1020, Address=0x0006
2013/07/05 18:32:25:797 [003480] TRACE [Prb.cpp, 1035] - ReadCC1020Packet(0x06):01 00 0C 09 84 00 02 00 06 09 15 0D 
2013/07/05 18:32:25:797 [002376] TRACE [Prb.cpp, 835] - RxStream contents:01 00 0C CD 06 09 00 01 21 67 D5 0D 
2013/07/05 18:32:25:797 [002376] TRACE [Prb.cpp, 943] - RadioBoardPacket(ACK):01 00 0C CD 06 09 00 01 21 67 D5 0D 
2013/07/05 18:32:25:797 [003480] DEBUG [Prb.cpp, 603] - Read CC1020 completed, Address=0x0006, Data=0x21
2013/07/05 18:32:25:797 [003480] INFO [CommunicationSystem.cpp, 616] - CC1020 Frequency 0A 0x21.
2013/07/05 18:32:25:797 [003480] TRACE [Prb.cpp, 584] - Reading CC1020, Address=0x0008
2013/07/05 18:32:25:797 [003480] TRACE [Prb.cpp, 1035] - ReadCC1020Packet(0x08):01 00 0C 0A 84 00 02 00 08 01 32 0D 
2013/07/05 18:32:25:797 [002376] TRACE [Prb.cpp, 835] - RxStream contents:01 00 0C CE 06 0A 00 01 35 D3 AD 0D 
2013/07/05 18:32:25:797 [002376] TRACE [Prb.cpp, 943] - RadioBoardPacket(ACK):01 00 0C CE 06 0A 00 01 35 D3 AD 0D 
2013/07/05 18:32:25:797 [003480] DEBUG [Prb.cpp, 603] - Read CC1020 completed, Address=0x0008, Data=0x35
2013/07/05 18:32:25:797 [003480] INFO [CommunicationSystem.cpp, 617] - CC1020 Frequency 2B 0x35.
2013/07/05 18:32:25:797 [003480] TRACE [Prb.cpp, 584] - Reading CC1020, Address=0x0009
2013/07/05 18:32:25:797 [003480] TRACE [Prb.cpp, 1035] - ReadCC1020Packet(0x09):01 00 0C 0B 84 00 02 00 09 79 34 0D 
2013/07/05 18:32:25:797 [002376] TRACE [Prb.cpp, 835] - RxStream contents:01 00 0C CF 06 0B 00 01 FA BD 0F 0D 
2013/07/05 18:32:25:797 [002376] TRACE [Prb.cpp, 943] - RadioBoardPacket(ACK):01 00 0C CF 06 0B 00 01 FA BD 0F 0D 
2013/07/05 18:32:25:797 [003480] DEBUG [Prb.cpp, 603] - Read CC1020 completed, Address=0x0009, Data=0xFA
2013/07/05 18:32:25:797 [003480] INFO [CommunicationSystem.cpp, 618] - CC1020 Frequency 1B 0xfa.
2013/07/05 18:32:25:797 [003480] TRACE [Prb.cpp, 584] - Reading CC1020, Address=0x000A
2013/07/05 18:32:25:797 [003480] TRACE [Prb.cpp, 1035] - ReadCC1020Packet(0x0A):01 00 0C 0C 84 00 02 00 0A 11 38 0D 
2013/07/05 18:32:25:797 [002376] TRACE [Prb.cpp, 835] - RxStream contents:01 00 0C D0 06 0C 00 01 CB 79 B4 0D 
2013/07/05 18:32:25:797 [002376] TRACE [Prb.cpp, 943] - RadioBoardPacket(ACK):01 00 0C D0 06 0C 00 01 CB 79 B4 0D 
2013/07/05 18:32:25:797 [003480] DEBUG [Prb.cpp, 603] - Read CC1020 completed, Address=0x000A, Data=0xCB
2013/07/05 18:32:25:797 [003480] INFO [CommunicationSystem.cpp, 619] - CC1020 Frequency 0B 0xcb.
2013/07/05 18:32:25:797 [003480] DEBUG [Prb.cpp, 650] - Read EEPROM completed, Address=0x060A, Data=0xFFFF
2013/07/05 18:32:25:797 [003480] INFO [CommunicationSystem.cpp, 620] - RSSI Calibration Reference Center Channel 255.
2013/07/05 18:32:25:797 [003480] TRACE [Prb.cpp, 493] - Reading FPGA, Address=0x3054
2013/07/05 18:32:25:797 [003480] TRACE [Prb.cpp, 1035] - ReadFPGAPacket(0x3054):01 00 0C 0D 82 00 02 30 54 C9 EC 0D 
2013/07/05 18:32:25:797 [002376] TRACE [Prb.cpp, 835] - RxStream contents:01 00 0C D1 06 0D 00 01 07 17 1C 0D 
2013/07/05 18:32:25:797 [002376] TRACE [Prb.cpp, 943] - RadioBoardPacket(ACK):01 00 0C D1 06 0D 00 01 07 17 1C 0D 
2013/07/05 18:32:25:797 [003480] DEBUG [Prb.cpp, 512] - Read FPGA completed, Address=0x3054, Data=0x07
2013/07/05 18:32:25:797 [003480] INFO [CommunicationSystem.cpp, 621] - CC1020 PA_POWER 0x7.
2013/07/05 18:32:25:797 [003480] TRACE [Prb.cpp, 584] - Reading CC1020, Address=0x001C
2013/07/05 18:32:25:797 [003480] TRACE [Prb.cpp, 1035] - ReadCC1020Packet(0x1C):01 00 0C 0E 84 00 02 00 1C E1 4C 0D 
2013/07/05 18:32:25:797 [002376] TRACE [Prb.cpp, 835] - RxStream contents:01 00 0C D2 06 0E 00 01 07 A3 1C 0D 
2013/07/05 18:32:25:797 [002376] TRACE [Prb.cpp, 943] - RadioBoardPacket(ACK):01 00 0C D2 06 0E 00 01 07 A3 1C 0D 
2013/07/05 18:32:25:797 [003480] DEBUG [Prb.cpp, 603] - Read CC1020 completed, Address=0x001C, Data=0x07
2013/07/05 18:32:25:797 [003480] INFO [CommunicationSystem.cpp, 622] - CC1020 Transmit Power 0x7.
2013/07/05 18:32:25:797 [003480] TRACE [Prb.cpp, 493] - Reading FPGA, Address=0x3014
2013/07/05 18:32:25:797 [003480] TRACE [Prb.cpp, 1035] - ReadFPGAPacket(0x3014):01 00 0C 0F 82 00 02 30 14 38 6C 0D 
2013/07/05 18:32:25:797 [002376] TRACE [Prb.cpp, 835] - RxStream contents:01 00 0C D3 06 0F 00 01 00 4F 0D 0D 
2013/07/05 18:32:25:797 [002376] TRACE [Prb.cpp, 943] - RadioBoardPacket(ACK):01 00 0C D3 06 0F 00 01 00 4F 0D 0D 
2013/07/05 18:32:25:797 [003480] DEBUG [Prb.cpp, 512] - Read FPGA completed, Address=0x3014, Data=0x00
2013/07/05 18:32:25:797 [003480] INFO [CommunicationSystem.cpp, 623] - Low Noise Amplifier Circumvented 0.
2013/07/05 18:32:25:797 [003480] TRACE [Prb.cpp, 584] - Reading CC1020, Address=0x0001
2013/07/05 18:32:25:812 [003480] TRACE [Prb.cpp, 1035] - ReadCC1020Packet(0x01):01 00 0C 10 84 00 02 00 01 B1 1C 0D 
2013/07/05 18:32:25:812 [002376] TRACE [Prb.cpp, 835] - RxStream contents:01 00 0C D4 06 10 00 01 0F AB 2F 0D 
2013/07/05 18:32:25:812 [002376] TRACE [Prb.cpp, 943] - RadioBoardPacket(ACK):01 00 0C D4 06 10 00 01 0F AB 2F 0D 
2013/07/05 18:32:25:812 [003480] DEBUG [Prb.cpp, 603] - Read CC1020 completed, Address=0x0001, Data=0x0F
2013/07/05 18:32:25:812 [003480] INFO [CommunicationSystem.cpp, 624] - Low Noise Amplifier 0xf.
2013/07/05 18:32:25:812 [003480] TRACE [Prb.cpp, 493] - Reading FPGA, Address=0x1006
2013/07/05 18:32:25:812 [003480] TRACE [Prb.cpp, 1035] - ReadFPGAPacket(0x1006):01 00 0C 11 82 00 02 10 06 28 1D 0D 
2013/07/05 18:32:25:812 [002376] TRACE [Prb.cpp, 835] - RxStream contents:01 00 0C D5 06 11 00 01 08 47 3E 0D 
2013/07/05 18:32:25:812 [002376] TRACE [Prb.cpp, 943] - RadioBoardPacket(ACK):01 00 0C D5 06 11 00 01 08 47 3E 0D 
2013/07/05 18:32:25:812 [003480] DEBUG [Prb.cpp, 512] - Read FPGA completed, Address=0x1006, Data=0x08
2013/07/05 18:32:25:812 [003480] INFO [CommunicationSystem.cpp, 625] - Allowed Framing Errors 8.
2013/07/05 18:32:25:812 [003480] INFO [CrossTalkDetector.cpp, 28] - LinkThreshold = 8
2013/07/05 18:32:25:812 [003480] INFO [CrossTalkDetector.cpp, 14] - EnterCrossTalkThreshold = 8
2013/07/05 18:32:25:812 [003480] INFO [CrossTalkDetector.cpp, 21] - LeaveCrossTalkThreshold = 4
2013/07/05 18:32:25:859 [003060] TRACE [Prb.cpp, 493] - Reading FPGA, Address=0x3000
2013/07/05 18:32:25:859 [003060] TRACE [Prb.cpp, 1035] - ReadFPGAPacket(0x3000):01 00 0C 12 82 00 02 30 00 E0 0A 0D 
2013/07/05 18:32:25:859 [002376] TRACE [Prb.cpp, 835] - RxStream contents:01 00 0C D6 06 12 00 01 12 73 61 0D 
2013/07/05 18:32:25:859 [002376] TRACE [Prb.cpp, 943] - RadioBoardPacket(ACK):01 00 0C D6 06 12 00 01 12 73 61 0D 
2013/07/05 18:32:25:859 [003060] DEBUG [Prb.cpp, 512] - Read FPGA completed, Address=0x3000, Data=0x12
2013/07/05 18:32:25:859 [003060] TRACE [Prb.cpp, 539] - Writing CC1020, Address=0x001C, Data=0x07
2013/07/05 18:32:25:859 [003060] TRACE [Prb.cpp, 1035] - WriteCC1020Packet(0x1C, 0x07):01 00 0D 13 83 00 03 00 1C 07 3E 84 0D 
2013/07/05 18:32:25:859 [002376] TRACE [Prb.cpp, 835] - RxStream contents:01 00 0B D7 06 13 00 00 15 9E 0D 
2013/07/05 18:32:25:859 [002376] TRACE [Prb.cpp, 943] - RadioBoardPacket(ACK):01 00 0B D7 06 13 00 00 15 9E 0D 
2013/07/05 18:32:25:859 [003060] DEBUG [Prb.cpp, 557] - Write CC1020 completed, Address=0x001C, Data=0x07
2013/07/05 18:32:25:969 [003480] TRACE [Prb.cpp, 493] - Reading FPGA, Address=0x3000
2013/07/05 18:32:25:984 [003480] TRACE [Prb.cpp, 1035] - ReadFPGAPacket(0x3000):01 00 0C 14 82 00 02 30 00 70 0F 0D 
2013/07/05 18:32:25:984 [002376] TRACE [Prb.cpp, 835] - RxStream contents:01 00 0C D8 06 14 00 01 12 DB 6D 0D 
2013/07/05 18:32:25:984 [002376] TRACE [Prb.cpp, 943] - RadioBoardPacket(ACK):01 00 0C D8 06 14 00 01 12 DB 6D 0D 
2013/07/05 18:32:25:984 [003480] DEBUG [Prb.cpp, 512] - Read FPGA completed, Address=0x3000, Data=0x12
2013/07/05 18:32:26:000 [003480] INFO [CommunicationSystem.cpp, 640] - Calibrating the PRB CC1020.
2013/07/05 18:32:26:000 [003480] TRACE [Prb.cpp, 448] - Writing FPGA, Address=0x1008, Data=0x01
2013/07/05 18:32:26:000 [003480] TRACE [Prb.cpp, 1035] - WriteFPGAPacket(0x1008, 0x01):01 00 0D 15 81 00 03 10 08 01 B1 B0 0D 
2013/07/05 18:32:26:000 [002376] TRACE [Prb.cpp, 835] - RxStream contents:01 00 0B D9 06 15 00 00 97 35 0D 
2013/07/05 18:32:26:000 [002376] TRACE [Prb.cpp, 943] - RadioBoardPacket(ACK):01 00 0B D9 06 15 00 00 97 35 0D 
2013/07/05 18:32:26:000 [003480] DEBUG [Prb.cpp, 466] - Write FPGA completed, Address=0x1008, Data=0x01
2013/07/05 18:32:26:078 [002376] TRACE [Prb.cpp, 835] - RxStream contents:01 00 0D DA 00 00 00 02 09 00 31 A6 0D 
2013/07/05 18:32:26:078 [001224] DEBUG [CommunicationSystem.cpp, 1120] - Calibration complete.
2013/07/05 18:32:26:078 [003480] TRACE [Prb.cpp, 493] - Reading FPGA, Address=0x2012
2013/07/05 18:32:26:078 [003480] TRACE [Prb.cpp, 1035] - ReadFPGAPacket(0x2012):01 00 0C 16 82 00 02 20 12 E0 63 0D 
2013/07/05 18:32:26:078 [002376] TRACE [Prb.cpp, 835] - RxStream contents:01 00 0C DB 06 16 00 01 00 FB 02 0D 
2013/07/05 18:32:26:078 [002376] TRACE [Prb.cpp, 943] - RadioBoardPacket(ACK):01 00 0C DB 06 16 00 01 00 FB 02 0D 
2013/07/05 18:32:26:078 [003480] DEBUG [Prb.cpp, 512] - Read FPGA completed, Address=0x2012, Data=0x00
2013/07/05 18:32:26:078 [003480] INFO [CommunicationSystem.cpp, 653] - CC1020 Calibration succeeded.
2013/07/05 18:32:26:094 [003480] TRACE [Prb.cpp, 584] - Reading CC1020, Address=0x0004
2013/07/05 18:32:26:094 [003480] TRACE [Prb.cpp, 1035] - ReadCC1020Packet(0x04):01 00 0C 17 84 00 02 00 04 D9 04 0D 
2013/07/05 18:32:26:094 [002376] TRACE [Prb.cpp, 835] - RxStream contents:01 00 0C DC 06 17 00 01 35 07 B9 0D 
2013/07/05 18:32:26:094 [002376] TRACE [Prb.cpp, 943] - RadioBoardPacket(ACK):01 00 0C DC 06 17 00 01 35 07 B9 0D 
2013/07/05 18:32:26:094 [003480] DEBUG [Prb.cpp, 603] - Read CC1020 completed, Address=0x0004, Data=0x35
2013/07/05 18:32:26:094 [003480] TRACE [Prb.cpp, 584] - Reading CC1020, Address=0x0005
2013/07/05 18:32:26:094 [003480] TRACE [Prb.cpp, 1035] - ReadCC1020Packet(0x05):01 00 0C 18 84 00 02 00 05 71 0E 0D 
2013/07/05 18:32:26:094 [002376] TRACE [Prb.cpp, 835] - RxStream contents:01 00 0C DD 06 18 00 01 F0 31 24 0D 
2013/07/05 18:32:26:094 [002376] TRACE [Prb.cpp, 943] - RadioBoardPacket(ACK):01 00 0C DD 06 18 00 01 F0 31 24 0D 
2013/07/05 18:32:26:094 [003480] DEBUG [Prb.cpp, 603] - Read CC1020 completed, Address=0x0005, Data=0xF0
2013/07/05 18:32:26:109 [003480] TRACE [Prb.cpp, 584] - Reading CC1020, Address=0x0006
2013/07/05 18:32:26:109 [003480] TRACE [Prb.cpp, 1035] - ReadCC1020Packet(0x06):01 00 0C 19 84 00 02 00 06 89 07 0D 
2013/07/05 18:32:26:109 [002376] TRACE [Prb.cpp, 835] - RxStream contents:01 00 0C DE 06 19 00 01 21 2F C1 0D 
2013/07/05 18:32:26:109 [002376] TRACE [Prb.cpp, 943] - RadioBoardPacket(ACK):01 00 0C DE 06 19 00 01 21 2F C1 0D 
2013/07/05 18:32:26:109 [003480] DEBUG [Prb.cpp, 603] - Read CC1020 completed, Address=0x0006, Data=0x21
2013/07/05 18:32:26:109 [003480] TRACE [Prb.cpp, 584] - Reading CC1020, Address=0x0007
2013/07/05 18:32:26:109 [003480] TRACE [Prb.cpp, 1035] - ReadCC1020Packet(0x07):01 00 0C 1A 84 00 02 00 07 81 02 0D 
2013/07/05 18:32:26:109 [002376] TRACE [Prb.cpp, 835] - RxStream contents:01 00 0C DF 06 1A 00 01 38 6B 97 0D 
2013/07/05 18:32:26:109 [002376] TRACE [Prb.cpp, 943] - RadioBoardPacket(ACK):01 00 0C DF 06 1A 00 01 38 6B 97 0D 
2013/07/05 18:32:26:109 [003480] DEBUG [Prb.cpp, 603] - Read CC1020 completed, Address=0x0007, Data=0x38
2013/07/05 18:32:26:109 [003480] TRACE [Prb.cpp, 584] - Reading CC1020, Address=0x0008
2013/07/05 18:32:26:109 [003480] TRACE [Prb.cpp, 1035] - ReadCC1020Packet(0x08):01 00 0C 1B 84 00 02 00 08 79 23 0D 
2013/07/05 18:32:26:109 [002376] TRACE [Prb.cpp, 835] - RxStream contents:01 00 0C E0 06 1B 00 01 35 57 85 0D 
2013/07/05 18:32:26:109 [002376] TRACE [Prb.cpp, 943] - RadioBoardPacket(ACK):01 00 0C E0 06 1B 00 01 35 57 85 0D 
2013/07/05 18:32:26:109 [003480] DEBUG [Prb.cpp, 603] - Read CC1020 completed, Address=0x0008, Data=0x35
2013/07/05 18:32:26:109 [003480] TRACE [Prb.cpp, 584] - Reading CC1020, Address=0x0009
2013/07/05 18:32:26:109 [003480] TRACE [Prb.cpp, 1035] - ReadCC1020Packet(0x09):01 00 0C 1C 84 00 02 00 09 91 20 0D 
2013/07/05 18:32:26:109 [002376] TRACE [Prb.cpp, 835] - RxStream contents:01 00 0C E1 06 1C 00 01 FA 41 27 0D 
2013/07/05 18:32:26:109 [002376] TRACE [Prb.cpp, 943] - RadioBoardPacket(ACK):01 00 0C E1 06 1C 00 01 FA 41 27 0D 
2013/07/05 18:32:26:109 [003480] DEBUG [Prb.cpp, 603] - Read CC1020 completed, Address=0x0009, Data=0xFA
2013/07/05 18:32:26:109 [003480] TRACE [Prb.cpp, 584] - Reading CC1020, Address=0x000A
2013/07/05 18:32:26:109 [003480] TRACE [Prb.cpp, 1035] - ReadCC1020Packet(0x0A):01 00 0C 1D 84 00 02 00 0A 69 29 0D 
2013/07/05 18:32:26:109 [002376] TRACE [Prb.cpp, 835] - RxStream contents:01 00 0C E2 06 1D 00 01 CB DD 81 0D 
2013/07/05 18:32:26:109 [002376] TRACE [Prb.cpp, 943] - RadioBoardPacket(ACK):01 00 0C E2 06 1D 00 01 CB DD 81 0D 
2013/07/05 18:32:26:109 [003480] DEBUG [Prb.cpp, 603] - Read CC1020 completed, Address=0x000A, Data=0xCB
2013/07/05 18:32:26:125 [003480] TRACE [Prb.cpp, 584] - Reading CC1020, Address=0x000B
2013/07/05 18:32:26:125 [003480] TRACE [Prb.cpp, 1035] - ReadCC1020Packet(0x0B):01 00 0C 1E 84 00 02 00 0B 61 2C 0D 
2013/07/05 18:32:26:125 [002376] TRACE [Prb.cpp, 835] - RxStream contents:01 00 0C E3 06 1E 00 01 38 1B A8 0D 
2013/07/05 18:32:26:125 [002376] TRACE [Prb.cpp, 943] - RadioBoardPacket(ACK):01 00 0C E3 06 1E 00 01 38 1B A8 0D 
2013/07/05 18:32:26:125 [003480] DEBUG [Prb.cpp, 603] - Read CC1020 completed, Address=0x000B, Data=0x38
2013/07/05 18:32:26:125 [003480] TRACE [Prb.cpp, 584] - Reading CC1020, Address=0x001D
2013/07/05 18:32:26:125 [003480] TRACE [Prb.cpp, 1035] - ReadCC1020Packet(0x1D):01 00 0C 1F 84 00 02 00 1D 19 58 0D 
2013/07/05 18:32:26:125 [002376] TRACE [Prb.cpp, 835] - RxStream contents:01 00 0C E4 06 1F 00 01 00 67 3E 0D 
2013/07/05 18:32:26:125 [002376] TRACE [Prb.cpp, 943] - RadioBoardPacket(ACK):01 00 0C E4 06 1F 00 01 00 67 3E 0D 
2013/07/05 18:32:26:125 [003480] DEBUG [Prb.cpp, 603] - Read CC1020 completed, Address=0x001D, Data=0x00
2013/07/05 18:32:26:125 [003480] TRACE [Prb.cpp, 584] - Reading CC1020, Address=0x0045
2013/07/05 18:32:26:125 [003480] TRACE [Prb.cpp, 1035] - ReadCC1020Packet(0x45):01 00 0C 20 84 00 02 00 45 B0 B7 0D 
2013/07/05 18:32:26:125 [002376] TRACE [Prb.cpp, 835] - RxStream contents:01 00 0C E5 06 20 00 01 6C 92 5F 0D 
2013/07/05 18:32:26:125 [002376] TRACE [Prb.cpp, 943] - RadioBoardPacket(ACK):01 00 0C E5 06 20 00 01 6C 92 5F 0D 
2013/07/05 18:32:26:125 [003480] DEBUG [Prb.cpp, 603] - Read CC1020 completed, Address=0x0045, Data=0x6C
2013/07/05 18:32:26:125 [003480] TRACE [Prb.cpp, 584] - Reading CC1020, Address=0x0046
2013/07/05 18:32:26:125 [003480] TRACE [Prb.cpp, 1035] - ReadCC1020Packet(0x46):01 00 0C 21 84 00 02 00 46 48 BE 0D 
2013/07/05 18:32:26:125 [002376] TRACE [Prb.cpp, 835] - RxStream contents:01 00 0C E6 06 21 00 01 66 8E 60 0D 
2013/07/05 18:32:26:125 [002376] TRACE [Prb.cpp, 943] - RadioBoardPacket(ACK):01 00 0C E6 06 21 00 01 66 8E 60 0D 
2013/07/05 18:32:26:125 [003480] DEBUG [Prb.cpp, 603] - Read CC1020 completed, Address=0x0046, Data=0x66
2013/07/05 18:32:26:125 [003480] TRACE [Prb.cpp, 584] - Reading CC1020, Address=0x0047
2013/07/05 18:32:26:125 [003480] TRACE [Prb.cpp, 1035] - ReadCC1020Packet(0x47):01 00 0C 22 84 00 02 00 47 40 BB 0D 
2013/07/05 18:32:26:125 [002376] TRACE [Prb.cpp, 835] - RxStream contents:01 00 0C E7 06 22 00 01 44 4A AF 0D 
2013/07/05 18:32:26:125 [002376] TRACE [Prb.cpp, 943] - RadioBoardPacket(ACK):01 00 0C E7 06 22 00 01 44 4A AF 0D 
2013/07/05 18:32:26:125 [003480] DEBUG [Prb.cpp, 603] - Read CC1020 completed, Address=0x0047, Data=0x44
2013/07/05 18:32:26:140 [003480] TRACE [Prb.cpp, 448] - Writing FPGA, Address=0x1006, Data=0x40
2013/07/05 18:32:26:140 [003480] TRACE [Prb.cpp, 1035] - WriteFPGAPacket(0x1006, 0x40):01 00 0D 23 81 00 03 10 06 40 21 55 0D 
2013/07/05 18:32:26:140 [002376] TRACE [Prb.cpp, 835] - RxStream contents:01 00 0B E8 06 23 00 00 1C 76 0D 
2013/07/05 18:32:26:140 [002376] TRACE [Prb.cpp, 943] - RadioBoardPacket(ACK):01 00 0B E8 06 23 00 00 1C 76 0D 
2013/07/05 18:32:26:140 [003480] DEBUG [Prb.cpp, 466] - Write FPGA completed, Address=0x1006, Data=0x40
2013/07/05 18:32:33:546 [003480] TRACE [Prb.cpp, 493] - Reading FPGA, Address=0x305E
2013/07/05 18:32:33:546 [003480] TRACE [Prb.cpp, 1035] - ReadFPGAPacket(0x305E):01 00 0C 24 82 00 02 30 5E F1 FB 0D 
2013/07/05 18:32:33:546 [002376] TRACE [Prb.cpp, 835] - RxStream contents:01 00 0C E9 06 24 00 01 35 E3 85 0D 
2013/07/05 18:32:33:546 [002376] TRACE [Prb.cpp, 943] - RadioBoardPacket(ACK):01 00 0C E9 06 24 00 01 35 E3 85 0D 
2013/07/05 18:32:33:546 [003480] DEBUG [Prb.cpp, 512] - Read FPGA completed, Address=0x305E, Data=0x35
2013/07/05 18:32:33:546 [003480] TRACE [Prb.cpp, 493] - Reading FPGA, Address=0x3060
2013/07/05 18:32:33:546 [003480] TRACE [Prb.cpp, 1035] - ReadFPGAPacket(0x3060):01 00 0C 25 82 00 02 30 60 89 7F 0D 
2013/07/05 18:32:33:546 [002376] TRACE [Prb.cpp, 835] - RxStream contents:01 00 0C EA 06 25 00 01 D8 FD E8 0D 
2013/07/05 18:32:33:546 [002376] TRACE [Prb.cpp, 943] - RadioBoardPacket(ACK):01 00 0C EA 06 25 00 01 D8 FD E8 0D 
2013/07/05 18:32:33:546 [003480] DEBUG [Prb.cpp, 512] - Read FPGA completed, Address=0x3060, Data=0xD8
2013/07/05 18:32:33:562 [003480] TRACE [Prb.cpp, 493] - Reading FPGA, Address=0x3062
2013/07/05 18:32:33:562 [003480] TRACE [Prb.cpp, 1035] - ReadFPGAPacket(0x3062):01 00 0C 26 82 00 02 30 62 81 70 0D 
2013/07/05 18:32:33:562 [002376] TRACE [Prb.cpp, 835] - RxStream contents:01 00 0C EB 06 26 00 01 15 BB 46 0D 
2013/07/05 18:32:33:562 [002376] TRACE [Prb.cpp, 943] - RadioBoardPacket(ACK):01 00 0C EB 06 26 00 01 15 BB 46 0D 
2013/07/05 18:32:33:562 [003480] DEBUG [Prb.cpp, 512] - Read FPGA completed, Address=0x3062, Data=0x15
2013/07/05 18:32:33:577 [003480] TRACE [Prb.cpp, 493] - Reading FPGA, Address=0x3066
2013/07/05 18:32:33:577 [003480] TRACE [Prb.cpp, 1035] - ReadFPGAPacket(0x3066):01 00 0C 27 82 00 02 30 66 F9 68 0D 
2013/07/05 18:32:33:577 [002376] TRACE [Prb.cpp, 835] - RxStream contents:01 00 0C EC 06 27 00 01 35 C7 80 0D 
2013/07/05 18:32:33:577 [002376] TRACE [Prb.cpp, 943] - RadioBoardPacket(ACK):01 00 0C EC 06 27 00 01 35 C7 80 0D 
2013/07/05 18:32:33:577 [003480] DEBUG [Prb.cpp, 512] - Read FPGA completed, Address=0x3066, Data=0x35
2013/07/05 18:32:33:577 [003480] TRACE [Prb.cpp, 493] - Reading FPGA, Address=0x3068
2013/07/05 18:32:33:577 [003480] TRACE [Prb.cpp, 1035] - ReadFPGAPacket(0x3068):01 00 0C 28 82 00 02 30 68 51 40 0D 
2013/07/05 18:32:33:577 [002376] TRACE [Prb.cpp, 835] - RxStream contents:01 00 0C ED 06 28 00 01 E2 F1 71 0D 
2013/07/05 18:32:33:577 [002376] TRACE [Prb.cpp, 943] - RadioBoardPacket(ACK):01 00 0C ED 06 28 00 01 E2 F1 71 0D 
2013/07/05 18:32:33:577 [003480] DEBUG [Prb.cpp, 512] - Read FPGA completed, Address=0x3068, Data=0xE2
2013/07/05 18:32:33:577 [003480] TRACE [Prb.cpp, 493] - Reading FPGA, Address=0x306A
2013/07/05 18:32:33:577 [003480] TRACE [Prb.cpp, 1035] - ReadFPGAPacket(0x306A):01 00 0C 29 82 00 02 30 6A 29 4C 0D 
2013/07/05 18:32:33:577 [002376] TRACE [Prb.cpp, 835] - RxStream contents:01 00 0C EE 06 29 00 01 BF 6C BF 0D 
2013/07/05 18:32:33:577 [002376] TRACE [Prb.cpp, 943] - RadioBoardPacket(ACK):01 00 0C EE 06 29 00 01 BF 6C BF 0D 
2013/07/05 18:32:33:577 [003480] DEBUG [Prb.cpp, 512] - Read FPGA completed, Address=0x306A, Data=0xBF
2013/07/05 18:32:33:577 [003480] TRACE [Prb.cpp, 448] - Writing FPGA, Address=0x1026, Data=0x01
2013/07/05 18:32:33:577 [003480] TRACE [Prb.cpp, 1035] - WriteFPGAPacket(0x1026, 0x01):01 00 0D 2A 81 00 03 10 26 01 69 40 0D 
2013/07/05 18:32:33:577 [002376] TRACE [Prb.cpp, 835] - RxStream contents:01 00 0B EF 06 2A 00 00 9D A9 0D 
2013/07/05 18:32:33:577 [002376] TRACE [Prb.cpp, 943] - RadioBoardPacket(ACK):01 00 0B EF 06 2A 00 00 9D A9 0D 
2013/07/05 18:32:33:577 [003480] DEBUG [Prb.cpp, 466] - Write FPGA completed, Address=0x1026, Data=0x01
2013/07/05 18:32:33:593 [003060] TRACE [Prb.cpp, 539] - Writing CC1020, Address=0x001C, Data=0x07
2013/07/05 18:32:33:593 [003060] TRACE [Prb.cpp, 1035] - WriteCC1020Packet(0x1C, 0x07):01 00 0D 2B 83 00 03 00 1C 07 85 07 0D 
2013/07/05 18:32:33:593 [002376] TRACE [Prb.cpp, 835] - RxStream contents:01 00 0B F0 06 2B 00 00 98 95 0D 
2013/07/05 18:32:33:593 [002376] TRACE [Prb.cpp, 943] - RadioBoardPacket(ACK):01 00 0B F0 06 2B 00 00 98 95 0D 
2013/07/05 18:32:33:593 [003060] DEBUG [Prb.cpp, 557] - Write CC1020 completed, Address=0x001C, Data=0x07
2013/07/05 18:32:33:609 [003060] TRACE [Prb.cpp, 448] - Writing FPGA, Address=0x3012, Data=0x01
2013/07/05 18:32:33:609 [003060] TRACE [Prb.cpp, 1035] - WriteFPGAPacket(0x3012, 0x01):01 00 0D 2C 81 00 03 30 12 01 D5 A0 0D 
2013/07/05 18:32:33:640 [003696] INFO [CrossAppDomainEventMarshaller.cpp, 44] - Disposing: 0
2013/07/05 18:32:33:640 [003696] INFO [CrossAppDomainEventMarshaller.cpp, 155] - abortGetNextEvent called
2013/07/05 18:32:33:656 [003696] INFO [CrossAppDomainEventMarshaller.cpp, 110] - EventHandler dtor
2013/07/05 18:32:33:656 [003696] INFO [CrossAppDomainEventMarshaller.cpp, 60] - Disposed.
2013/07/05 18:32:33:656 [003696] INFO [NCommunicationSystem.cpp, 747] - Disposing: 0
