<<<<< Log Header: 07/05/2013 18:52:38 >>>>>
2013/07/05 18:52:38:221 [003984] INFO [NCommunicationSystem.cpp, 108] - nCommunicationSystem, Version=1.8.2.1, Culture=neutral, PublicKeyToken=56b5378c99c0bcfd
2013/07/05 18:52:38:252 [003984] INFO [ExceptionCatchingThread.cpp, 257] - Created the timer thread with id 2760 (0xac8).
2013/07/05 18:52:38:252 [002760] INFO [ExceptionCatchingThread.cpp, 168] - Executing the timer thread procedure...
2013/07/05 18:52:38:268 [003984] INFO [ExceptionCatchingThread.cpp, 257] - Created the dispatch thread with id 2232 (0x8b8).
2013/07/05 18:52:38:268 [002232] INFO [ExceptionCatchingThread.cpp, 168] - Executing the dispatch thread procedure...
2013/07/05 18:52:41:268 [003984] DEBUG [Prb.cpp, 252] - PRB logging started.
2013/07/05 18:52:41:362 [003984] DEBUG [Prb.cpp, 130] - Number of FTDI devices: 1
2013/07/05 18:52:41:362 [003984] DEBUG [Prb.cpp, 158] - FTDI Device[0]: ID=67330069
2013/07/05 18:52:41:393 [003984] DEBUG [Prb.cpp, 169] - FTDI handle=191774840
2013/07/05 18:52:41:393 [003984] INFO [Prb.cpp, 179] - FTDI Driver Version 2.08.28.0
2013/07/05 18:52:45:487 [003984] INFO [Prb.cpp, 205] - FTDI Configuration: MaxCurrent=200, CBus5=5, CBus6=0x4
2013/07/05 18:52:45:737 [003984] INFO [Prb.cpp, 246] - PRB driver initialized.
2013/07/05 18:52:45:737 [003984] TRACE [Prb.cpp, 448] - Writing FPGA, Address=0x1008, Data=0x08
2013/07/05 18:52:45:737 [003984] TRACE [Prb.cpp, 1035] - WriteFPGAPacket(0x1008, 0x08):01 00 0D 00 81 00 03 10 08 08 25 D5 0D 
2013/07/05 18:52:45:737 [002468] TRACE [Prb.cpp, 835] - RxStream contents:01 00 0B 01 06 00 00 00 30 72 0D 
2013/07/05 18:52:45:737 [002468] TRACE [Prb.cpp, 943] - RadioBoardPacket(ACK):01 00 0B 01 06 00 00 00 30 72 0D 
2013/07/05 18:52:45:737 [003984] DEBUG [Prb.cpp, 466] - Write FPGA completed, Address=0x1008, Data=0x08
2013/07/05 18:52:45:752 [003984] TRACE [Prb.cpp, 493] - Reading FPGA, Address=0x300A
2013/07/05 18:52:45:752 [003984] TRACE [Prb.cpp, 1035] - ReadFPGAPacket(0x300A):01 00 0C 01 82 00 02 30 0A E8 24 0D 
2013/07/05 18:52:45:752 [002468] TRACE [Prb.cpp, 835] - RxStream contents:01 00 0C 02 06 01 00 01 00 6F D3 0D 
2013/07/05 18:52:45:752 [002468] TRACE [Prb.cpp, 943] - RadioBoardPacket(ACK):01 00 0C 02 06 01 00 01 00 6F D3 0D 
2013/07/05 18:52:45:752 [003984] DEBUG [Prb.cpp, 512] - Read FPGA completed, Address=0x300A, Data=0x00
2013/07/05 18:52:45:752 [003984] TRACE [Prb.cpp, 448] - Writing FPGA, Address=0x300A, Data=0x03
2013/07/05 18:52:45:752 [003984] TRACE [Prb.cpp, 1035] - WriteFPGAPacket(0x300A, 0x03):01 00 0D 02 81 00 03 30 0A 03 29 4F 0D 
2013/07/05 18:52:45:752 [002468] TRACE [Prb.cpp, 835] - RxStream contents:01 00 0B 03 06 02 00 00 30 AA 0D 
2013/07/05 18:52:45:752 [002468] TRACE [Prb.cpp, 943] - RadioBoardPacket(ACK):01 00 0B 03 06 02 00 00 30 AA 0D 
2013/07/05 18:52:45:752 [003984] DEBUG [Prb.cpp, 466] - Write FPGA completed, Address=0x300A, Data=0x03
2013/07/05 18:52:45:784 [003984] INFO [CrossTalkDetector.cpp, 14] - EnterCrossTalkThreshold = 8
2013/07/05 18:52:45:784 [003984] INFO [CrossTalkDetector.cpp, 21] - LeaveCrossTalkThreshold = 4
2013/07/05 18:52:45:784 [003984] INFO [CrossTalkDetector.cpp, 28] - LinkThreshold = 8
2013/07/05 18:52:45:784 [003984] INFO [ExceptionCatchingThread.cpp, 257] - Created the interrupt thread with id 1512 (0x5e8).
2013/07/05 18:52:45:784 [001512] INFO [ExceptionCatchingThread.cpp, 168] - Executing the interrupt thread procedure...
2013/07/05 18:52:45:784 [003984] DEBUG [Prb.cpp, 252] - PRB logging started.
2013/07/05 18:52:45:784 [003984] INFO [CommunicationSystem.cpp, 640] - Calibrating the PRB CC1020.
2013/07/05 18:52:45:784 [003984] TRACE [Prb.cpp, 448] - Writing FPGA, Address=0x1008, Data=0x01
2013/07/05 18:52:45:784 [003984] TRACE [Prb.cpp, 1035] - WriteFPGAPacket(0x1008, 0x01):01 00 0D 03 81 00 03 10 08 01 26 D3 0D 
2013/07/05 18:52:45:799 [002468] TRACE [Prb.cpp, 835] - RxStream contents:01 00 0B 04 06 03 00 00 31 D6 0D 
2013/07/05 18:52:45:799 [002468] TRACE [Prb.cpp, 943] - RadioBoardPacket(ACK):01 00 0B 04 06 03 00 00 31 D6 0D 
2013/07/05 18:52:45:799 [003984] DEBUG [Prb.cpp, 466] - Write FPGA completed, Address=0x1008, Data=0x01
2013/07/05 18:52:45:877 [002468] TRACE [Prb.cpp, 835] - RxStream contents:01 00 0D 05 00 00 00 02 09 00 63 55 0D 
2013/07/05 18:52:45:877 [001512] DEBUG [CommunicationSystem.cpp, 1120] - Calibration complete.
2013/07/05 18:52:45:877 [003984] TRACE [Prb.cpp, 493] - Reading FPGA, Address=0x2012
2013/07/05 18:52:45:877 [003984] TRACE [Prb.cpp, 1035] - ReadFPGAPacket(0x2012):01 00 0C 04 82 00 02 20 12 10 72 0D 
2013/07/05 18:52:45:877 [002468] TRACE [Prb.cpp, 835] - RxStream contents:01 00 0C 06 06 04 00 01 00 CB D5 0D 
2013/07/05 18:52:45:877 [002468] TRACE [Prb.cpp, 943] - RadioBoardPacket(ACK):01 00 0C 06 06 04 00 01 00 CB D5 0D 
2013/07/05 18:52:45:877 [003984] DEBUG [Prb.cpp, 512] - Read FPGA completed, Address=0x2012, Data=0x00
2013/07/05 18:52:45:877 [003984] INFO [CommunicationSystem.cpp, 653] - CC1020 Calibration succeeded.
2013/07/05 18:52:45:877 [003984] TRACE [Prb.cpp, 448] - Writing FPGA, Address=0x1006, Data=0x08
2013/07/05 18:52:45:877 [003984] TRACE [Prb.cpp, 1035] - WriteFPGAPacket(0x1006, 0x08):01 00 0D 05 81 00 03 10 06 08 84 86 0D 
2013/07/05 18:52:45:877 [002468] TRACE [Prb.cpp, 835] - RxStream contents:01 00 0B 07 06 05 00 00 31 26 0D 
2013/07/05 18:52:45:877 [002468] TRACE [Prb.cpp, 943] - RadioBoardPacket(ACK):01 00 0B 07 06 05 00 00 31 26 0D 
2013/07/05 18:52:45:877 [003984] DEBUG [Prb.cpp, 466] - Write FPGA completed, Address=0x1006, Data=0x08
2013/07/05 18:52:45:877 [003984] TRACE [Prb.cpp, 493] - Reading FPGA, Address=0x3000
2013/07/05 18:52:45:877 [003984] TRACE [Prb.cpp, 1035] - ReadFPGAPacket(0x3000):01 00 0C 06 82 00 02 30 00 80 1E 0D 
2013/07/05 18:52:45:877 [002468] TRACE [Prb.cpp, 835] - RxStream contents:01 00 0C 08 06 06 00 01 12 B3 B6 0D 
2013/07/05 18:52:45:877 [002468] TRACE [Prb.cpp, 943] - RadioBoardPacket(ACK):01 00 0C 08 06 06 00 01 12 B3 B6 0D 
2013/07/05 18:52:45:877 [003984] DEBUG [Prb.cpp, 512] - Read FPGA completed, Address=0x3000, Data=0x12
2013/07/05 18:52:45:877 [003984] INFO [CommunicationSystem.cpp, 613] - FPGA Revision 18.
2013/07/05 18:52:45:877 [003984] TRACE [Prb.cpp, 584] - Reading CC1020, Address=0x0004
2013/07/05 18:52:45:877 [003984] TRACE [Prb.cpp, 1035] - ReadCC1020Packet(0x04):01 00 0C 07 84 00 02 00 04 59 16 0D 
2013/07/05 18:52:45:877 [002468] TRACE [Prb.cpp, 835] - RxStream contents:01 00 0C 09 06 07 00 01 35 DF 64 0D 
2013/07/05 18:52:45:877 [002468] TRACE [Prb.cpp, 943] - RadioBoardPacket(ACK):01 00 0C 09 06 07 00 01 35 DF 64 0D 
2013/07/05 18:52:45:877 [003984] DEBUG [Prb.cpp, 603] - Read CC1020 completed, Address=0x0004, Data=0x35
2013/07/05 18:52:45:877 [003984] INFO [CommunicationSystem.cpp, 614] - CC1020 Frequency 2A 0x35.
2013/07/05 18:52:45:877 [003984] TRACE [Prb.cpp, 584] - Reading CC1020, Address=0x0005
2013/07/05 18:52:45:877 [003984] TRACE [Prb.cpp, 1035] - ReadCC1020Packet(0x05):01 00 0C 08 84 00 02 00 05 F1 1C 0D 
2013/07/05 18:52:45:877 [002468] TRACE [Prb.cpp, 835] - RxStream contents:01 00 0C 0A 06 08 00 01 F0 99 FA 0D 
2013/07/05 18:52:45:877 [002468] TRACE [Prb.cpp, 943] - RadioBoardPacket(ACK):01 00 0C 0A 06 08 00 01 F0 99 FA 0D 
2013/07/05 18:52:45:877 [003984] DEBUG [Prb.cpp, 603] - Read CC1020 completed, Address=0x0005, Data=0xF0
2013/07/05 18:52:45:877 [003984] INFO [CommunicationSystem.cpp, 615] - CC1020 Frequency 1A 0xf0.
2013/07/05 18:52:45:877 [003984] TRACE [Prb.cpp, 584] - Reading CC1020, Address=0x0006
2013/07/05 18:52:45:877 [003984] TRACE [Prb.cpp, 1035] - ReadCC1020Packet(0x06):01 00 0C 09 84 00 02 00 06 09 15 0D 
2013/07/05 18:52:45:877 [002468] TRACE [Prb.cpp, 835] - RxStream contents:01 00 0C 0B 06 09 00 01 21 F7 1C 0D 
2013/07/05 18:52:45:877 [002468] TRACE [Prb.cpp, 943] - RadioBoardPacket(ACK):01 00 0C 0B 06 09 00 01 21 F7 1C 0D 
2013/07/05 18:52:45:877 [003984] DEBUG [Prb.cpp, 603] - Read CC1020 completed, Address=0x0006, Data=0x21
2013/07/05 18:52:45:877 [003984] INFO [CommunicationSystem.cpp, 616] - CC1020 Frequency 0A 0x21.
2013/07/05 18:52:45:877 [003984] TRACE [Prb.cpp, 584] - Reading CC1020, Address=0x0008
2013/07/05 18:52:45:877 [003984] TRACE [Prb.cpp, 1035] - ReadCC1020Packet(0x08):01 00 0C 0A 84 00 02 00 08 01 32 0D 
2013/07/05 18:52:45:877 [002468] TRACE [Prb.cpp, 835] - RxStream contents:01 00 0C 0C 06 0A 00 01 35 A3 62 0D 
2013/07/05 18:52:45:877 [002468] TRACE [Prb.cpp, 943] - RadioBoardPacket(ACK):01 00 0C 0C 06 0A 00 01 35 A3 62 0D 
2013/07/05 18:52:45:877 [003984] DEBUG [Prb.cpp, 603] - Read CC1020 completed, Address=0x0008, Data=0x35
2013/07/05 18:52:45:877 [003984] INFO [CommunicationSystem.cpp, 617] - CC1020 Frequency 2B 0x35.
2013/07/05 18:52:45:877 [003984] TRACE [Prb.cpp, 584] - Reading CC1020, Address=0x0009
2013/07/05 18:52:45:877 [003984] TRACE [Prb.cpp, 1035] - ReadCC1020Packet(0x09):01 00 0C 0B 84 00 02 00 09 79 34 0D 
2013/07/05 18:52:45:877 [002468] TRACE [Prb.cpp, 835] - RxStream contents:01 00 0C 0D 06 0B 00 01 FA CD C0 0D 
2013/07/05 18:52:45:877 [002468] TRACE [Prb.cpp, 943] - RadioBoardPacket(ACK):01 00 0C 0D 06 0B 00 01 FA CD C0 0D 
2013/07/05 18:52:45:877 [003984] DEBUG [Prb.cpp, 603] - Read CC1020 completed, Address=0x0009, Data=0xFA
2013/07/05 18:52:45:877 [003984] INFO [CommunicationSystem.cpp, 618] - CC1020 Frequency 1B 0xfa.
2013/07/05 18:52:45:877 [003984] TRACE [Prb.cpp, 584] - Reading CC1020, Address=0x000A
2013/07/05 18:52:45:893 [003984] TRACE [Prb.cpp, 1035] - ReadCC1020Packet(0x0A):01 00 0C 0C 84 00 02 00 0A 11 38 0D 
2013/07/05 18:52:45:893 [002468] TRACE [Prb.cpp, 835] - RxStream contents:01 00 0C 0E 06 0C 00 01 CB 29 66 0D 
2013/07/05 18:52:45:893 [002468] TRACE [Prb.cpp, 943] - RadioBoardPacket(ACK):01 00 0C 0E 06 0C 00 01 CB 29 66 0D 
2013/07/05 18:52:45:893 [003984] DEBUG [Prb.cpp, 603] - Read CC1020 completed, Address=0x000A, Data=0xCB
2013/07/05 18:52:45:893 [003984] INFO [CommunicationSystem.cpp, 619] - CC1020 Frequency 0B 0xcb.
2013/07/05 18:52:45:893 [003984] DEBUG [Prb.cpp, 650] - Read EEPROM completed, Address=0x060A, Data=0xFFFF
2013/07/05 18:52:45:893 [003984] INFO [CommunicationSystem.cpp, 620] - RSSI Calibration Reference Center Channel 255.
2013/07/05 18:52:45:893 [003984] TRACE [Prb.cpp, 493] - Reading FPGA, Address=0x3054
2013/07/05 18:52:45:893 [003984] TRACE [Prb.cpp, 1035] - ReadFPGAPacket(0x3054):01 00 0C 0D 82 00 02 30 54 C9 EC 0D 
2013/07/05 18:52:45:893 [002468] TRACE [Prb.cpp, 835] - RxStream contents:01 00 0C 0F 06 0D 00 01 07 47 CE 0D 
2013/07/05 18:52:45:893 [002468] TRACE [Prb.cpp, 943] - RadioBoardPacket(ACK):01 00 0C 0F 06 0D 00 01 07 47 CE 0D 
2013/07/05 18:52:45:893 [003984] DEBUG [Prb.cpp, 512] - Read FPGA completed, Address=0x3054, Data=0x07
2013/07/05 18:52:45:893 [003984] INFO [CommunicationSystem.cpp, 621] - CC1020 PA_POWER 0x7.
2013/07/05 18:52:45:893 [003984] TRACE [Prb.cpp, 584] - Reading CC1020, Address=0x001C
2013/07/05 18:52:45:893 [003984] TRACE [Prb.cpp, 1035] - ReadCC1020Packet(0x1C):01 00 0C 0E 84 00 02 00 1C E1 4C 0D 
2013/07/05 18:52:45:893 [002468] TRACE [Prb.cpp, 835] - RxStream contents:01 00 0C 10 06 0E 00 01 07 D3 D3 0D 
2013/07/05 18:52:45:893 [002468] TRACE [Prb.cpp, 943] - RadioBoardPacket(ACK):01 00 0C 10 06 0E 00 01 07 D3 D3 0D 
2013/07/05 18:52:45:893 [003984] DEBUG [Prb.cpp, 603] - Read CC1020 completed, Address=0x001C, Data=0x07
2013/07/05 18:52:45:893 [003984] INFO [CommunicationSystem.cpp, 622] - CC1020 Transmit Power 0x7.
2013/07/05 18:52:45:893 [003984] TRACE [Prb.cpp, 493] - Reading FPGA, Address=0x3014
2013/07/05 18:52:45:893 [003984] TRACE [Prb.cpp, 1035] - ReadFPGAPacket(0x3014):01 00 0C 0F 82 00 02 30 14 38 6C 0D 
2013/07/05 18:52:45:893 [002468] TRACE [Prb.cpp, 835] - RxStream contents:01 00 0C 11 06 0F 00 01 00 3F C2 0D 
2013/07/05 18:52:45:893 [002468] TRACE [Prb.cpp, 943] - RadioBoardPacket(ACK):01 00 0C 11 06 0F 00 01 00 3F C2 0D 
2013/07/05 18:52:45:893 [003984] DEBUG [Prb.cpp, 512] - Read FPGA completed, Address=0x3014, Data=0x00
2013/07/05 18:52:45:893 [003984] INFO [CommunicationSystem.cpp, 623] - Low Noise Amplifier Circumvented 0.
2013/07/05 18:52:45:893 [003984] TRACE [Prb.cpp, 584] - Reading CC1020, Address=0x0001
2013/07/05 18:52:45:893 [003984] TRACE [Prb.cpp, 1035] - ReadCC1020Packet(0x01):01 00 0C 10 84 00 02 00 01 B1 1C 0D 
2013/07/05 18:52:45:893 [002468] TRACE [Prb.cpp, 835] - RxStream contents:01 00 0C 12 06 10 00 01 0F 3B E6 0D 
2013/07/05 18:52:45:893 [002468] TRACE [Prb.cpp, 943] - RadioBoardPacket(ACK):01 00 0C 12 06 10 00 01 0F 3B E6 0D 
2013/07/05 18:52:45:893 [003984] DEBUG [Prb.cpp, 603] - Read CC1020 completed, Address=0x0001, Data=0x0F
2013/07/05 18:52:45:893 [003984] INFO [CommunicationSystem.cpp, 624] - Low Noise Amplifier 0xf.
2013/07/05 18:52:45:893 [003984] TRACE [Prb.cpp, 493] - Reading FPGA, Address=0x1006
2013/07/05 18:52:45:893 [003984] TRACE [Prb.cpp, 1035] - ReadFPGAPacket(0x1006):01 00 0C 11 82 00 02 10 06 28 1D 0D 
2013/07/05 18:52:45:893 [002468] TRACE [Prb.cpp, 835] - RxStream contents:01 00 0C 13 06 11 00 01 08 D7 F7 0D 
2013/07/05 18:52:45:893 [002468] TRACE [Prb.cpp, 943] - RadioBoardPacket(ACK):01 00 0C 13 06 11 00 01 08 D7 F7 0D 
2013/07/05 18:52:45:893 [003984] DEBUG [Prb.cpp, 512] - Read FPGA completed, Address=0x1006, Data=0x08
2013/07/05 18:52:45:893 [003984] INFO [CommunicationSystem.cpp, 625] - Allowed Framing Errors 8.
2013/07/05 18:52:45:893 [003984] INFO [CrossTalkDetector.cpp, 28] - LinkThreshold = 8
2013/07/05 18:52:45:893 [003984] INFO [CrossTalkDetector.cpp, 14] - EnterCrossTalkThreshold = 8
2013/07/05 18:52:45:893 [003984] INFO [CrossTalkDetector.cpp, 21] - LeaveCrossTalkThreshold = 4
2013/07/05 18:52:45:924 [000584] TRACE [Prb.cpp, 493] - Reading FPGA, Address=0x3000
2013/07/05 18:52:45:924 [000584] TRACE [Prb.cpp, 1035] - ReadFPGAPacket(0x3000):01 00 0C 12 82 00 02 30 00 E0 0A 0D 
2013/07/05 18:52:45:924 [002468] TRACE [Prb.cpp, 835] - RxStream contents:01 00 0C 14 06 12 00 01 12 03 AE 0D 
2013/07/05 18:52:45:924 [002468] TRACE [Prb.cpp, 943] - RadioBoardPacket(ACK):01 00 0C 14 06 12 00 01 12 03 AE 0D 
2013/07/05 18:52:45:924 [000584] DEBUG [Prb.cpp, 512] - Read FPGA completed, Address=0x3000, Data=0x12
2013/07/05 18:52:45:924 [000584] TRACE [Prb.cpp, 539] - Writing CC1020, Address=0x001C, Data=0x07
2013/07/05 18:52:45:924 [000584] TRACE [Prb.cpp, 1035] - WriteCC1020Packet(0x1C, 0x07):01 00 0D 13 83 00 03 00 1C 07 3E 84 0D 
2013/07/05 18:52:45:924 [002468] TRACE [Prb.cpp, 835] - RxStream contents:01 00 0B 15 06 13 00 00 B7 6D 0D 
2013/07/05 18:52:45:924 [002468] TRACE [Prb.cpp, 943] - RadioBoardPacket(ACK):01 00 0B 15 06 13 00 00 B7 6D 0D 
2013/07/05 18:52:45:924 [000584] DEBUG [Prb.cpp, 557] - Write CC1020 completed, Address=0x001C, Data=0x07
2013/07/05 18:52:45:987 [003984] TRACE [Prb.cpp, 493] - Reading FPGA, Address=0x3000
2013/07/05 18:52:45:987 [003984] TRACE [Prb.cpp, 1035] - ReadFPGAPacket(0x3000):01 00 0C 14 82 00 02 30 00 70 0F 0D 
2013/07/05 18:52:45:987 [002468] TRACE [Prb.cpp, 835] - RxStream contents:01 00 0C 16 06 14 00 01 12 0B AD 0D 
2013/07/05 18:52:45:987 [002468] TRACE [Prb.cpp, 943] - RadioBoardPacket(ACK):01 00 0C 16 06 14 00 01 12 0B AD 0D 
2013/07/05 18:52:45:987 [003984] DEBUG [Prb.cpp, 512] - Read FPGA completed, Address=0x3000, Data=0x12
2013/07/05 18:52:46:002 [003984] INFO [CommunicationSystem.cpp, 640] - Calibrating the PRB CC1020.
2013/07/05 18:52:46:002 [003984] TRACE [Prb.cpp, 448] - Writing FPGA, Address=0x1008, Data=0x01
2013/07/05 18:52:46:002 [003984] TRACE [Prb.cpp, 1035] - WriteFPGAPacket(0x1008, 0x01):01 00 0D 15 81 00 03 10 08 01 B1 B0 0D 
2013/07/05 18:52:46:002 [002468] TRACE [Prb.cpp, 835] - RxStream contents:01 00 0B 17 06 15 00 00 37 E6 0D 
2013/07/05 18:52:46:002 [002468] TRACE [Prb.cpp, 943] - RadioBoardPacket(ACK):01 00 0B 17 06 15 00 00 37 E6 0D 
2013/07/05 18:52:46:002 [003984] DEBUG [Prb.cpp, 466] - Write FPGA completed, Address=0x1008, Data=0x01
2013/07/05 18:52:46:081 [002468] TRACE [Prb.cpp, 835] - RxStream contents:01 00 0D 18 00 00 00 02 09 00 7F 85 0D 
2013/07/05 18:52:46:096 [001512] DEBUG [CommunicationSystem.cpp, 1120] - Calibration complete.
2013/07/05 18:52:46:096 [003984] TRACE [Prb.cpp, 493] - Reading FPGA, Address=0x2012
2013/07/05 18:52:46:096 [003984] TRACE [Prb.cpp, 1035] - ReadFPGAPacket(0x2012):01 00 0C 16 82 00 02 20 12 E0 63 0D 
2013/07/05 18:52:46:096 [002468] TRACE [Prb.cpp, 835] - RxStream contents:01 00 0C 19 06 16 00 01 00 8B CD 0D 
2013/07/05 18:52:46:096 [002468] TRACE [Prb.cpp, 943] - RadioBoardPacket(ACK):01 00 0C 19 06 16 00 01 00 8B CD 0D 
2013/07/05 18:52:46:096 [003984] DEBUG [Prb.cpp, 512] - Read FPGA completed, Address=0x2012, Data=0x00
2013/07/05 18:52:46:096 [003984] INFO [CommunicationSystem.cpp, 653] - CC1020 Calibration succeeded.
2013/07/05 18:52:46:112 [003984] TRACE [Prb.cpp, 584] - Reading CC1020, Address=0x0004
2013/07/05 18:52:46:112 [003984] TRACE [Prb.cpp, 1035] - ReadCC1020Packet(0x04):01 00 0C 17 84 00 02 00 04 D9 04 0D 
2013/07/05 18:52:46:112 [002468] TRACE [Prb.cpp, 835] - RxStream contents:01 00 0C 1A 06 17 00 01 35 97 70 0D 
2013/07/05 18:52:46:112 [002468] TRACE [Prb.cpp, 943] - RadioBoardPacket(ACK):01 00 0C 1A 06 17 00 01 35 97 70 0D 
2013/07/05 18:52:46:112 [003984] DEBUG [Prb.cpp, 603] - Read CC1020 completed, Address=0x0004, Data=0x35
2013/07/05 18:52:46:112 [003984] TRACE [Prb.cpp, 584] - Reading CC1020, Address=0x0005
2013/07/05 18:52:46:112 [003984] TRACE [Prb.cpp, 1035] - ReadCC1020Packet(0x05):01 00 0C 18 84 00 02 00 05 71 0E 0D 
2013/07/05 18:52:46:112 [002468] TRACE [Prb.cpp, 835] - RxStream contents:01 00 0C 1B 06 18 00 01 F0 A1 ED 0D 
2013/07/05 18:52:46:112 [002468] TRACE [Prb.cpp, 943] - RadioBoardPacket(ACK):01 00 0C 1B 06 18 00 01 F0 A1 ED 0D 
2013/07/05 18:52:46:112 [003984] DEBUG [Prb.cpp, 603] - Read CC1020 completed, Address=0x0005, Data=0xF0
2013/07/05 18:52:46:112 [003984] TRACE [Prb.cpp, 584] - Reading CC1020, Address=0x0006
2013/07/05 18:52:46:112 [003984] TRACE [Prb.cpp, 1035] - ReadCC1020Packet(0x06):01 00 0C 19 84 00 02 00 06 89 07 0D 
2013/07/05 18:52:46:112 [002468] TRACE [Prb.cpp, 835] - RxStream contents:01 00 0C 1C 06 19 00 01 21 5F 0E 0D 
2013/07/05 18:52:46:112 [002468] TRACE [Prb.cpp, 943] - RadioBoardPacket(ACK):01 00 0C 1C 06 19 00 01 21 5F 0E 0D 
2013/07/05 18:52:46:112 [003984] DEBUG [Prb.cpp, 603] - Read CC1020 completed, Address=0x0006, Data=0x21
2013/07/05 18:52:46:112 [003984] TRACE [Prb.cpp, 584] - Reading CC1020, Address=0x0007
2013/07/05 18:52:46:112 [003984] TRACE [Prb.cpp, 1035] - ReadCC1020Packet(0x07):01 00 0C 1A 84 00 02 00 07 81 02 0D 
2013/07/05 18:52:46:112 [002468] TRACE [Prb.cpp, 835] - RxStream contents:01 00 0C 1D 06 1A 00 01 38 1B 58 0D 
2013/07/05 18:52:46:112 [002468] TRACE [Prb.cpp, 943] - RadioBoardPacket(ACK):01 00 0C 1D 06 1A 00 01 38 1B 58 0D 
2013/07/05 18:52:46:112 [003984] DEBUG [Prb.cpp, 603] - Read CC1020 completed, Address=0x0007, Data=0x38
2013/07/05 18:52:46:127 [003984] TRACE [Prb.cpp, 584] - Reading CC1020, Address=0x0008
2013/07/05 18:52:46:127 [003984] TRACE [Prb.cpp, 1035] - ReadCC1020Packet(0x08):01 00 0C 1B 84 00 02 00 08 79 23 0D 
2013/07/05 18:52:46:127 [002468] TRACE [Prb.cpp, 835] - RxStream contents:01 00 0C 1E 06 1B 00 01 35 87 76 0D 
2013/07/05 18:52:46:127 [002468] TRACE [Prb.cpp, 943] - RadioBoardPacket(ACK):01 00 0C 1E 06 1B 00 01 35 87 76 0D 
2013/07/05 18:52:46:127 [003984] DEBUG [Prb.cpp, 603] - Read CC1020 completed, Address=0x0008, Data=0x35
2013/07/05 18:52:46:127 [003984] TRACE [Prb.cpp, 584] - Reading CC1020, Address=0x0009
2013/07/05 18:52:46:127 [003984] TRACE [Prb.cpp, 1035] - ReadCC1020Packet(0x09):01 00 0C 1C 84 00 02 00 09 91 20 0D 
2013/07/05 18:52:46:127 [002468] TRACE [Prb.cpp, 835] - RxStream contents:01 00 0C 1F 06 1C 00 01 FA 91 D4 0D 
2013/07/05 18:52:46:127 [002468] TRACE [Prb.cpp, 943] - RadioBoardPacket(ACK):01 00 0C 1F 06 1C 00 01 FA 91 D4 0D 
2013/07/05 18:52:46:127 [003984] DEBUG [Prb.cpp, 603] - Read CC1020 completed, Address=0x0009, Data=0xFA
2013/07/05 18:52:46:127 [003984] TRACE [Prb.cpp, 584] - Reading CC1020, Address=0x000A
2013/07/05 18:52:46:127 [003984] TRACE [Prb.cpp, 1035] - ReadCC1020Packet(0x0A):01 00 0C 1D 84 00 02 00 0A 69 29 0D 
2013/07/05 18:52:46:127 [002468] TRACE [Prb.cpp, 835] - RxStream contents:01 00 0C 20 06 1D 00 01 CB AD 4E 0D 
2013/07/05 18:52:46:127 [002468] TRACE [Prb.cpp, 943] - RadioBoardPacket(ACK):01 00 0C 20 06 1D 00 01 CB AD 4E 0D 
2013/07/05 18:52:46:127 [003984] DEBUG [Prb.cpp, 603] - Read CC1020 completed, Address=0x000A, Data=0xCB
2013/07/05 18:52:46:127 [003984] TRACE [Prb.cpp, 584] - Reading CC1020, Address=0x000B
2013/07/05 18:52:46:127 [003984] TRACE [Prb.cpp, 1035] - ReadCC1020Packet(0x0B):01 00 0C 1E 84 00 02 00 0B 61 2C 0D 
2013/07/05 18:52:46:127 [002468] TRACE [Prb.cpp, 835] - RxStream contents:01 00 0C 21 06 1E 00 01 38 6B 67 0D 
2013/07/05 18:52:46:127 [002468] TRACE [Prb.cpp, 943] - RadioBoardPacket(ACK):01 00 0C 21 06 1E 00 01 38 6B 67 0D 
2013/07/05 18:52:46:127 [003984] DEBUG [Prb.cpp, 603] - Read CC1020 completed, Address=0x000B, Data=0x38
2013/07/05 18:52:46:127 [003984] TRACE [Prb.cpp, 584] - Reading CC1020, Address=0x001D
2013/07/05 18:52:46:127 [003984] TRACE [Prb.cpp, 1035] - ReadCC1020Packet(0x1D):01 00 0C 1F 84 00 02 00 1D 19 58 0D 
2013/07/05 18:52:46:127 [002468] TRACE [Prb.cpp, 835] - RxStream contents:01 00 0C 22 06 1F 00 01 00 F7 F7 0D 
2013/07/05 18:52:46:127 [002468] TRACE [Prb.cpp, 943] - RadioBoardPacket(ACK):01 00 0C 22 06 1F 00 01 00 F7 F7 0D 
2013/07/05 18:52:46:127 [003984] DEBUG [Prb.cpp, 603] - Read CC1020 completed, Address=0x001D, Data=0x00
2013/07/05 18:52:46:143 [003984] TRACE [Prb.cpp, 584] - Reading CC1020, Address=0x0045
2013/07/05 18:52:46:143 [003984] TRACE [Prb.cpp, 1035] - ReadCC1020Packet(0x45):01 00 0C 20 84 00 02 00 45 B0 B7 0D 
2013/07/05 18:52:46:143 [002468] TRACE [Prb.cpp, 835] - RxStream contents:01 00 0C 23 06 20 00 01 6C 02 96 0D 
2013/07/05 18:52:46:143 [002468] TRACE [Prb.cpp, 943] - RadioBoardPacket(ACK):01 00 0C 23 06 20 00 01 6C 02 96 0D 
2013/07/05 18:52:46:143 [003984] DEBUG [Prb.cpp, 603] - Read CC1020 completed, Address=0x0045, Data=0x6C
2013/07/05 18:52:46:143 [003984] TRACE [Prb.cpp, 584] - Reading CC1020, Address=0x0046
2013/07/05 18:52:46:143 [003984] TRACE [Prb.cpp, 1035] - ReadCC1020Packet(0x46):01 00 0C 21 84 00 02 00 46 48 BE 0D 
2013/07/05 18:52:46:143 [002468] TRACE [Prb.cpp, 835] - RxStream contents:01 00 0C 24 06 21 00 01 66 FE AF 0D 
2013/07/05 18:52:46:143 [002468] TRACE [Prb.cpp, 943] - RadioBoardPacket(ACK):01 00 0C 24 06 21 00 01 66 FE AF 0D 
2013/07/05 18:52:46:143 [003984] DEBUG [Prb.cpp, 603] - Read CC1020 completed, Address=0x0046, Data=0x66
2013/07/05 18:52:46:143 [003984] TRACE [Prb.cpp, 584] - Reading CC1020, Address=0x0047
2013/07/05 18:52:46:143 [003984] TRACE [Prb.cpp, 1035] - ReadCC1020Packet(0x47):01 00 0C 22 84 00 02 00 47 40 BB 0D 
2013/07/05 18:52:46:143 [002468] TRACE [Prb.cpp, 835] - RxStream contents:01 00 0C 25 06 22 00 01 44 3A 60 0D 
2013/07/05 18:52:46:143 [002468] TRACE [Prb.cpp, 943] - RadioBoardPacket(ACK):01 00 0C 25 06 22 00 01 44 3A 60 0D 
2013/07/05 18:52:46:143 [003984] DEBUG [Prb.cpp, 603] - Read CC1020 completed, Address=0x0047, Data=0x44
2013/07/05 18:52:46:143 [003984] TRACE [Prb.cpp, 448] - Writing FPGA, Address=0x1006, Data=0x40
2013/07/05 18:52:46:143 [003984] TRACE [Prb.cpp, 1035] - WriteFPGAPacket(0x1006, 0x40):01 00 0D 23 81 00 03 10 06 40 21 55 0D 
2013/07/05 18:52:46:143 [002468] TRACE [Prb.cpp, 835] - RxStream contents:01 00 0B 26 06 23 00 00 BC A5 0D 
2013/07/05 18:52:46:143 [002468] TRACE [Prb.cpp, 943] - RadioBoardPacket(ACK):01 00 0B 26 06 23 00 00 BC A5 0D 
2013/07/05 18:52:46:143 [003984] DEBUG [Prb.cpp, 466] - Write FPGA completed, Address=0x1006, Data=0x40
2013/07/05 18:52:53:581 [003984] TRACE [Prb.cpp, 493] - Reading FPGA, Address=0x305E
2013/07/05 18:52:53:596 [003984] TRACE [Prb.cpp, 1035] - ReadFPGAPacket(0x305E):01 00 0C 24 82 00 02 30 5E F1 FB 0D 
2013/07/05 18:52:53:596 [002468] TRACE [Prb.cpp, 835] - RxStream contents:01 00 0C 27 06 24 00 01 35 33 45 0D 
2013/07/05 18:52:53:596 [002468] TRACE [Prb.cpp, 943] - RadioBoardPacket(ACK):01 00 0C 27 06 24 00 01 35 33 45 0D 
2013/07/05 18:52:53:596 [003984] DEBUG [Prb.cpp, 512] - Read FPGA completed, Address=0x305E, Data=0x35
2013/07/05 18:52:53:596 [003984] TRACE [Prb.cpp, 493] - Reading FPGA, Address=0x3060
2013/07/05 18:52:53:596 [003984] TRACE [Prb.cpp, 1035] - ReadFPGAPacket(0x3060):01 00 0C 25 82 00 02 30 60 89 7F 0D 
2013/07/05 18:52:53:596 [002468] TRACE [Prb.cpp, 835] - RxStream contents:01 00 0C 28 06 25 00 01 D8 8D 27 0D 
2013/07/05 18:52:53:596 [002468] TRACE [Prb.cpp, 943] - RadioBoardPacket(ACK):01 00 0C 28 06 25 00 01 D8 8D 27 0D 
2013/07/05 18:52:53:596 [003984] DEBUG [Prb.cpp, 512] - Read FPGA completed, Address=0x3060, Data=0xD8
2013/07/05 18:52:53:596 [003984] TRACE [Prb.cpp, 493] - Reading FPGA, Address=0x3062
2013/07/05 18:52:53:596 [003984] TRACE [Prb.cpp, 1035] - ReadFPGAPacket(0x3062):01 00 0C 26 82 00 02 30 62 81 70 0D 
2013/07/05 18:52:53:596 [002468] TRACE [Prb.cpp, 835] - RxStream contents:01 00 0C 29 06 26 00 01 15 CB 89 0D 
2013/07/05 18:52:53:596 [002468] TRACE [Prb.cpp, 943] - RadioBoardPacket(ACK):01 00 0C 29 06 26 00 01 15 CB 89 0D 
2013/07/05 18:52:53:596 [003984] DEBUG [Prb.cpp, 512] - Read FPGA completed, Address=0x3062, Data=0x15
2013/07/05 18:52:53:612 [003984] TRACE [Prb.cpp, 493] - Reading FPGA, Address=0x3066
2013/07/05 18:52:53:612 [003984] TRACE [Prb.cpp, 1035] - ReadFPGAPacket(0x3066):01 00 0C 27 82 00 02 30 66 F9 68 0D 
2013/07/05 18:52:53:612 [002468] TRACE [Prb.cpp, 835] - RxStream contents:01 00 0C 2A 06 27 00 01 35 57 49 0D 
2013/07/05 18:52:53:612 [002468] TRACE [Prb.cpp, 943] - RadioBoardPacket(ACK):01 00 0C 2A 06 27 00 01 35 57 49 0D 
2013/07/05 18:52:53:612 [003984] DEBUG [Prb.cpp, 512] - Read FPGA completed, Address=0x3066, Data=0x35
2013/07/05 18:52:53:612 [003984] TRACE [Prb.cpp, 493] - Reading FPGA, Address=0x3068
2013/07/05 18:52:53:612 [003984] TRACE [Prb.cpp, 1035] - ReadFPGAPacket(0x3068):01 00 0C 28 82 00 02 30 68 51 40 0D 
2013/07/05 18:52:53:612 [002468] TRACE [Prb.cpp, 835] - RxStream contents:01 00 0C 2B 06 28 00 01 E2 61 B8 0D 
2013/07/05 18:52:53:612 [002468] TRACE [Prb.cpp, 943] - RadioBoardPacket(ACK):01 00 0C 2B 06 28 00 01 E2 61 B8 0D 
2013/07/05 18:52:53:612 [003984] DEBUG [Prb.cpp, 512] - Read FPGA completed, Address=0x3068, Data=0xE2
2013/07/05 18:52:53:612 [003984] TRACE [Prb.cpp, 493] - Reading FPGA, Address=0x306A
2013/07/05 18:52:53:612 [003984] TRACE [Prb.cpp, 1035] - ReadFPGAPacket(0x306A):01 00 0C 29 82 00 02 30 6A 29 4C 0D 
2013/07/05 18:52:53:612 [002468] TRACE [Prb.cpp, 835] - RxStream contents:01 00 0C 2C 06 29 00 01 BF 1C 70 0D 
2013/07/05 18:52:53:612 [002468] TRACE [Prb.cpp, 943] - RadioBoardPacket(ACK):01 00 0C 2C 06 29 00 01 BF 1C 70 0D 
2013/07/05 18:52:53:612 [003984] DEBUG [Prb.cpp, 512] - Read FPGA completed, Address=0x306A, Data=0xBF
2013/07/05 18:52:53:612 [003984] TRACE [Prb.cpp, 448] - Writing FPGA, Address=0x1026, Data=0x01
2013/07/05 18:52:53:612 [003984] TRACE [Prb.cpp, 1035] - WriteFPGAPacket(0x1026, 0x01):01 00 0D 2A 81 00 03 10 26 01 69 40 0D 
2013/07/05 18:52:53:612 [002468] TRACE [Prb.cpp, 835] - RxStream contents:01 00 0B 2D 06 2A 00 00 3F 5A 0D 
2013/07/05 18:52:53:612 [002468] TRACE [Prb.cpp, 943] - RadioBoardPacket(ACK):01 00 0B 2D 06 2A 00 00 3F 5A 0D 
2013/07/05 18:52:53:612 [003984] DEBUG [Prb.cpp, 466] - Write FPGA completed, Address=0x1026, Data=0x01
2013/07/05 18:52:53:643 [000584] TRACE [Prb.cpp, 539] - Writing CC1020, Address=0x001C, Data=0x07
2013/07/05 18:52:53:643 [000584] TRACE [Prb.cpp, 1035] - WriteCC1020Packet(0x1C, 0x07):01 00 0D 2B 83 00 03 00 1C 07 85 07 0D 
2013/07/05 18:52:53:643 [002468] TRACE [Prb.cpp, 835] - RxStream contents:01 00 0B 2E 06 2B 00 00 BF C5 0D 
2013/07/05 18:52:53:643 [002468] TRACE [Prb.cpp, 943] - RadioBoardPacket(ACK):01 00 0B 2E 06 2B 00 00 BF C5 0D 
2013/07/05 18:52:53:643 [000584] DEBUG [Prb.cpp, 557] - Write CC1020 completed, Address=0x001C, Data=0x07
2013/07/05 18:52:53:643 [000584] TRACE [Prb.cpp, 448] - Writing FPGA, Address=0x3012, Data=0x01
2013/07/05 18:52:53:643 [000584] TRACE [Prb.cpp, 1035] - WriteFPGAPacket(0x3012, 0x01):01 00 0D 2C 81 00 03 30 12 01 D5 A0 0D 
2013/07/05 18:52:53:643 [002468] TRACE [Prb.cpp, 835] - RxStream contents:01 00 0B 2F 06 2C 00 00 BF D1 0D 
2013/07/05 18:52:53:643 [002468] TRACE [Prb.cpp, 943] - RadioBoardPacket(ACK):01 00 0B 2F 06 2C 00 00 BF D1 0D 
2013/07/05 18:52:53:643 [000584] DEBUG [Prb.cpp, 466] - Write FPGA completed, Address=0x3012, Data=0x01
2013/07/05 18:52:53:643 [000584] TRACE [Prb.cpp, 493] - Reading FPGA, Address=0x1004
2013/07/05 18:52:53:643 [000584] TRACE [Prb.cpp, 1035] - ReadFPGAPacket(0x1004):01 00 0C 2D 82 00 02 10 04 08 2E 0D 
2013/07/05 18:52:53:643 [002468] TRACE [Prb.cpp, 835] - RxStream contents:01 00 0C 30 06 2D 00 01 00 6F EF 0D 
2013/07/05 18:52:53:643 [002468] TRACE [Prb.cpp, 943] - RadioBoardPacket(ACK):01 00 0C 30 06 2D 00 01 00 6F EF 0D 
2013/07/05 18:52:53:643 [000584] DEBUG [Prb.cpp, 512] - Read FPGA completed, Address=0x1004, Data=0x00
2013/07/05 18:52:53:643 [000584] TRACE [Prb.cpp, 448] - Writing FPGA, Address=0x1004, Data=0x00
2013/07/05 18:52:53:643 [000584] TRACE [Prb.cpp, 1035] - WriteFPGAPacket(0x1004, 0x00):01 00 0D 2E 81 00 03 10 04 00 A1 06 0D 
2013/07/05 18:52:53:643 [002468] TRACE [Prb.cpp, 835] - RxStream contents:01 00 0B 31 06 2E 00 00 3A AA 0D 
2013/07/05 18:52:53:643 [002468] TRACE [Prb.cpp, 943] - RadioBoardPacket(ACK):01 00 0B 31 06 2E 00 00 3A AA 0D 
2013/07/05 18:52:53:643 [000584] DEBUG [Prb.cpp, 466] - Write FPGA completed, Address=0x1004, Data=0x00
2013/07/05 18:52:53:659 [002232] INFO [CommunicationSystemStates.cpp, 130] - Scan requested. Preamble Burst Duration: 17 seconds. Preamble Burst Data Rate: 2.
2013/07/05 18:52:53:659 [002232] TRACE [Prb.cpp, 448] - Writing FPGA, Address=0x1002, Data=0x11
2013/07/05 18:52:53:659 [002232] TRACE [Prb.cpp, 1035] - WriteFPGAPacket(0x1002, 0x11):01 00 0D 2F 81 00 03 10 02 11 34 73 0D 
2013/07/05 18:52:53:659 [002468] TRACE [Prb.cpp, 835] - RxStream contents:01 00 0B 32 06 2F 00 00 BA 35 0D 
2013/07/05 18:52:53:659 [002468] TRACE [Prb.cpp, 943] - RadioBoardPacket(ACK):01 00 0B 32 06 2F 00 00 BA 35 0D 
2013/07/05 18:52:53:659 [002232] DEBUG [Prb.cpp, 466] - Write FPGA completed, Address=0x1002, Data=0x11
2013/07/05 18:52:53:659 [002232] TRACE [Prb.cpp, 493] - Reading FPGA, Address=0x1004
2013/07/05 18:52:53:659 [002232] TRACE [Prb.cpp, 1035] - ReadFPGAPacket(0x1004):01 00 0C 30 82 00 02 10 04 D0 30 0D 
2013/07/05 18:52:53:659 [002468] TRACE [Prb.cpp, 835] - RxStream contents:01 00 0C 33 06 30 00 01 00 C3 EA 0D 
2013/07/05 18:52:53:659 [002468] TRACE [Prb.cpp, 943] - RadioBoardPacket(ACK):01 00 0C 33 06 30 00 01 00 C3 EA 0D 
2013/07/05 18:52:53:659 [002232] DEBUG [Prb.cpp, 512] - Read FPGA completed, Address=0x1004, Data=0x00
2013/07/05 18:52:53:659 [002232] TRACE [Prb.cpp, 448] - Writing FPGA, Address=0x1004, Data=0x08
2013/07/05 18:52:53:659 [002232] TRACE [Prb.cpp, 1035] - WriteFPGAPacket(0x1004, 0x08):01 00 0D 31 81 00 03 10 04 08 BF C6 0D 
2013/07/05 18:52:53:659 [002468] TRACE [Prb.cpp, 835] - RxStream contents:01 00 0B 34 06 31 00 00 BA BD 0D 
2013/07/05 18:52:53:659 [002468] TRACE [Prb.cpp, 943] - RadioBoardPacket(ACK):01 00 0B 34 06 31 00 00 BA BD 0D 
2013/07/05 18:52:53:659 [002232] DEBUG [Prb.cpp, 466] - Write FPGA completed, Address=0x1004, Data=0x08
2013/07/05 18:52:53:659 [002232] TRACE [Prb.cpp, 448] - Writing FPGA, Address=0x1008, Data=0x02
2013/07/05 18:52:53:659 [002232] TRACE [Prb.cpp, 1035] - WriteFPGAPacket(0x1008, 0x02):01 00 0D 32 81 00 03 10 08 02 94 CA 0D 
2013/07/05 18:52:53:659 [002468] TRACE [Prb.cpp, 835] - RxStream contents:01 00 0B 35 06 32 00 00 3A FA 0D 
2013/07/05 18:52:53:659 [002468] TRACE [Prb.cpp, 943] - RadioBoardPacket(ACK):01 00 0B 35 06 32 00 00 3A FA 0D 
2013/07/05 18:52:53:659 [002232] DEBUG [Prb.cpp, 466] - Write FPGA completed, Address=0x1008, Data=0x02
2013/07/05 18:53:12:800 [001512] INFO [CommunicationSystemStates.cpp, 168] - Scan complete
2013/07/05 18:53:12:800 [001512] TRACE [Prb.cpp, 584] - Reading CC1020, Address=0x0004
2013/07/05 18:53:12:800 [001512] TRACE [Prb.cpp, 1035] - ReadCC1020Packet(0x04):01 00 0C 33 84 00 02 00 04 B9 23 0D 
2013/07/05 18:53:12:800 [002468] TRACE [Prb.cpp, 835] - RxStream contents:01 00 0C 37 06 33 00 01 35 1F 52 0D 
2013/07/05 18:53:12:800 [002468] TRACE [Prb.cpp, 943] - RadioBoardPacket(ACK):01 00 0C 37 06 33 00 01 35 1F 52 0D 
2013/07/05 18:53:12:800 [001512] DEBUG [Prb.cpp, 603] - Read CC1020 completed, Address=0x0004, Data=0x35
2013/07/05 18:53:12:800 [001512] TRACE [Prb.cpp, 584] - Reading CC1020, Address=0x0005
2013/07/05 18:53:12:800 [001512] TRACE [Prb.cpp, 1035] - ReadCC1020Packet(0x05):01 00 0C 34 84 00 02 00 05 51 20 0D 
2013/07/05 18:53:12:800 [002468] TRACE [Prb.cpp, 835] - RxStream contents:01 00 0C 38 06 34 00 01 D8 D9 30 0D 
2013/07/05 18:53:12:800 [002468] TRACE [Prb.cpp, 943] - RadioBoardPacket(ACK):01 00 0C 38 06 34 00 01 D8 D9 30 0D 
2013/07/05 18:53:12:800 [001512] DEBUG [Prb.cpp, 603] - Read CC1020 completed, Address=0x0005, Data=0xD8
2013/07/05 18:53:12:800 [001512] TRACE [Prb.cpp, 584] - Reading CC1020, Address=0x0006
2013/07/05 18:53:12:815 [001512] TRACE [Prb.cpp, 1035] - ReadCC1020Packet(0x06):01 00 0C 35 84 00 02 00 06 A9 29 0D 
2013/07/05 18:53:12:815 [002468] TRACE [Prb.cpp, 835] - RxStream contents:01 00 0C 39 06 35 00 01 15 37 9D 0D 
2013/07/05 18:53:12:815 [002468] TRACE [Prb.cpp, 943] - RadioBoardPacket(ACK):01 00 0C 39 06 35 00 01 15 37 9D 0D 
2013/07/05 18:53:12:815 [001512] DEBUG [Prb.cpp, 603] - Read CC1020 completed, Address=0x0006, Data=0x15
2013/07/05 18:53:12:815 [001512] TRACE [Prb.cpp, 584] - Reading CC1020, Address=0x0008
2013/07/05 18:53:12:815 [001512] TRACE [Prb.cpp, 1035] - ReadCC1020Packet(0x08):01 00 0C 36 84 00 02 00 08 A1 0E 0D 
2013/07/05 18:53:12:815 [002468] TRACE [Prb.cpp, 835] - RxStream contents:01 00 0C 3A 06 36 00 01 35 03 5E 0D 
2013/07/05 18:53:12:815 [002468] TRACE [Prb.cpp, 943] - RadioBoardPacket(ACK):01 00 0C 3A 06 36 00 01 35 03 5E 0D 
2013/07/05 18:53:12:815 [001512] DEBUG [Prb.cpp, 603] - Read CC1020 completed, Address=0x0008, Data=0x35
2013/07/05 18:53:12:815 [001512] TRACE [Prb.cpp, 584] - Reading CC1020, Address=0x0009
2013/07/05 18:53:12:815 [001512] TRACE [Prb.cpp, 1035] - ReadCC1020Packet(0x09):01 00 0C 37 84 00 02 00 09 D9 08 0D 
2013/07/05 18:53:12:815 [002468] TRACE [Prb.cpp, 835] - RxStream contents:01 00 0C 3B 06 37 00 01 E2 6D AC 0D 
2013/07/05 18:53:12:815 [002468] TRACE [Prb.cpp, 943] - RadioBoardPacket(ACK):01 00 0C 3B 06 37 00 01 E2 6D AC 0D 
2013/07/05 18:53:12:815 [001512] DEBUG [Prb.cpp, 603] - Read CC1020 completed, Address=0x0009, Data=0xE2
2013/07/05 18:53:12:815 [001512] TRACE [Prb.cpp, 584] - Reading CC1020, Address=0x000A
2013/07/05 18:53:12:815 [001512] TRACE [Prb.cpp, 1035] - ReadCC1020Packet(0x0A):01 00 0C 38 84 00 02 00 0A F1 0D 0D 
2013/07/05 18:53:12:815 [002468] TRACE [Prb.cpp, 835] - RxStream contents:01 00 0C 3C 06 38 00 01 BF 48 67 0D 
2013/07/05 18:53:12:815 [002468] TRACE [Prb.cpp, 943] - RadioBoardPacket(ACK):01 00 0C 3C 06 38 00 01 BF 48 67 0D 
2013/07/05 18:53:12:815 [001512] DEBUG [Prb.cpp, 603] - Read CC1020 completed, Address=0x000A, Data=0xBF
2013/07/05 18:53:12:815 [001512] TRACE [Prb.cpp, 584] - Reading CC1020, Address=0x000F
2013/07/05 18:53:12:815 [001512] TRACE [Prb.cpp, 1035] - ReadCC1020Packet(0x0F):01 00 0C 39 84 00 02 00 0F 09 10 0D 
2013/07/05 18:53:12:815 [002468] TRACE [Prb.cpp, 835] - RxStream contents:01 00 0C 3D 06 39 00 01 DF 25 27 0D 
2013/07/05 18:53:12:815 [002468] TRACE [Prb.cpp, 943] - RadioBoardPacket(ACK):01 00 0C 3D 06 39 00 01 DF 25 27 0D 
2013/07/05 18:53:12:815 [001512] DEBUG [Prb.cpp, 603] - Read CC1020 completed, Address=0x000F, Data=0xDF
2013/07/05 18:53:12:815 [001512] TRACE [Prb.cpp, 584] - Reading CC1020, Address=0x0010
2013/07/05 18:53:12:815 [001512] TRACE [Prb.cpp, 1035] - ReadCC1020Packet(0x10):01 00 0C 3A 84 00 02 00 10 01 51 0D 
2013/07/05 18:53:12:815 [002468] TRACE [Prb.cpp, 835] - RxStream contents:01 00 0C 3E 06 3A 00 01 80 90 E5 0D 
2013/07/05 18:53:12:815 [002468] TRACE [Prb.cpp, 943] - RadioBoardPacket(ACK):01 00 0C 3E 06 3A 00 01 80 90 E5 0D 
2013/07/05 18:53:12:815 [001512] DEBUG [Prb.cpp, 603] - Read CC1020 completed, Address=0x0010, Data=0x80
2013/07/05 18:53:12:815 [001512] TRACE [Prb.cpp, 584] - Reading CC1020, Address=0x0013
2013/07/05 18:53:12:815 [001512] TRACE [Prb.cpp, 1035] - ReadCC1020Packet(0x13):01 00 0C 3B 84 00 02 00 13 F9 58 0D 
2013/07/05 18:53:12:815 [002468] TRACE [Prb.cpp, 835] - RxStream contents:01 00 0C 3F 06 3B 00 01 33 7F 4C 0D 
2013/07/05 18:53:12:815 [002468] TRACE [Prb.cpp, 943] - RadioBoardPacket(ACK):01 00 0C 3F 06 3B 00 01 33 7F 4C 0D 
2013/07/05 18:53:12:815 [001512] DEBUG [Prb.cpp, 603] - Read CC1020 completed, Address=0x0013, Data=0x33
2013/07/05 18:53:12:815 [001512] TRACE [Prb.cpp, 584] - Reading CC1020, Address=0x0014
2013/07/05 18:53:12:815 [001512] TRACE [Prb.cpp, 1035] - ReadCC1020Packet(0x14):01 00 0C 3C 84 00 02 00 14 11 4F 0D 
2013/07/05 18:53:12:815 [002468] TRACE [Prb.cpp, 835] - RxStream contents:01 00 0C 40 06 3C 00 01 3D BB 13 0D 
2013/07/05 18:53:12:815 [002468] TRACE [Prb.cpp, 943] - RadioBoardPacket(ACK):01 00 0C 40 06 3C 00 01 3D BB 13 0D 
2013/07/05 18:53:12:815 [001512] DEBUG [Prb.cpp, 603] - Read CC1020 completed, Address=0x0014, Data=0x3D
2013/07/05 18:53:12:815 [001512] TRACE [Prb.cpp, 584] - Reading CC1020, Address=0x0043
2013/07/05 18:53:12:815 [001512] TRACE [Prb.cpp, 1035] - ReadCC1020Packet(0x43):01 00 0C 3D 84 00 02 00 43 68 BD 0D 
2013/07/05 18:53:12:815 [002468] TRACE [Prb.cpp, 835] - RxStream contents:01 00 0C 41 06 3D 00 01 00 57 9E 0D 
2013/07/05 18:53:12:815 [002468] TRACE [Prb.cpp, 943] - RadioBoardPacket(ACK):01 00 0C 41 06 3D 00 01 00 57 9E 0D 
2013/07/05 18:53:12:815 [001512] DEBUG [Prb.cpp, 603] - Read CC1020 completed, Address=0x0043, Data=0x00
2013/07/05 18:53:12:815 [001512] DEBUG [ComSysDiagnostics.cpp, 63] - CC1020 [Scan complete] FREQ_2A: 0x35 FREQ_1A: 0xd8 FREQ_0A: 0x15
2013/07/05 18:53:12:815 [001512] DEBUG [ComSysDiagnostics.cpp, 67] - CC1020 [Scan complete] FREQ_2B: 0x35 FREQ_1B: 0xe2 FREQ_0B: 0xbf
2013/07/05 18:53:12:815 [001512] DEBUG [ComSysDiagnostics.cpp, 72] - CC1020 [Scan complete] AFC_CONTROL: 0xdf FILTER: 0x80 VGA3: 0x33 VGA4: 0x3d AFC: 0x00
2013/07/05 18:53:12:815 [001512] INFO [CommunicationSystemStates.cpp, 173] - Found 0 valid ids during the scan operation.
2013/07/05 18:53:12:815 [001512] INFO [CommunicationSystemStates.cpp, 198] - Found 0 invalid ids during the scan operation.
2013/07/05 18:53:12:831 [002232] INFO [CommunicationSystemStates.cpp, 130] - Scan requested. Preamble Burst Duration: 2 seconds. Preamble Burst Data Rate: 0.
2013/07/05 18:53:12:831 [002232] TRACE [Prb.cpp, 448] - Writing FPGA, Address=0x1002, Data=0x02
2013/07/05 18:53:12:831 [002232] TRACE [Prb.cpp, 1035] - WriteFPGAPacket(0x1002, 0x02):01 00 0D 3E 81 00 03 10 02 02 A4 0A 0D 
2013/07/05 18:53:12:831 [002468] TRACE [Prb.cpp, 835] - RxStream contents:01 00 0B 42 06 3E 00 00 2D E2 0D 
2013/07/05 18:53:12:831 [002468] TRACE [Prb.cpp, 943] - RadioBoardPacket(ACK):01 00 0B 42 06 3E 00 00 2D E2 0D 
2013/07/05 18:53:12:831 [002232] DEBUG [Prb.cpp, 466] - Write FPGA completed, Address=0x1002, Data=0x02
2013/07/05 18:53:12:831 [002232] TRACE [Prb.cpp, 493] - Reading FPGA, Address=0x1004
2013/07/05 18:53:12:831 [002232] TRACE [Prb.cpp, 1035] - ReadFPGAPacket(0x1004):01 00 0C 3F 82 00 02 10 04 F8 3F 0D 
2013/07/05 18:53:12:831 [002468] TRACE [Prb.cpp, 835] - RxStream contents:01 00 0C 43 06 3F 00 01 08 0F AD 0D 
2013/07/05 18:53:12:831 [002468] TRACE [Prb.cpp, 943] - RadioBoardPacket(ACK):01 00 0C 43 06 3F 00 01 08 0F AD 0D 
2013/07/05 18:53:12:831 [002232] DEBUG [Prb.cpp, 512] - Read FPGA completed, Address=0x1004, Data=0x08
2013/07/05 18:53:12:831 [002232] TRACE [Prb.cpp, 448] - Writing FPGA, Address=0x1004, Data=0x00
2013/07/05 18:53:12:831 [002232] TRACE [Prb.cpp, 1035] - WriteFPGAPacket(0x1004, 0x00):01 00 0D 40 81 00 03 10 04 00 49 E5 0D 
2013/07/05 18:53:12:831 [002468] TRACE [Prb.cpp, 835] - RxStream contents:01 00 0B 44 06 40 00 00 2A EA 0D 
2013/07/05 18:53:12:831 [002468] TRACE [Prb.cpp, 943] - RadioBoardPacket(ACK):01 00 0B 44 06 40 00 00 2A EA 0D 
2013/07/05 18:53:12:831 [002232] DEBUG [Prb.cpp, 466] - Write FPGA completed, Address=0x1004, Data=0x00
2013/07/05 18:53:12:831 [002232] TRACE [Prb.cpp, 448] - Writing FPGA, Address=0x1008, Data=0x02
2013/07/05 18:53:12:831 [002232] TRACE [Prb.cpp, 1035] - WriteFPGAPacket(0x1008, 0x02):01 00 0D 41 81 00 03 10 08 02 60 F9 0D 
2013/07/05 18:53:12:831 [002468] TRACE [Prb.cpp, 835] - RxStream contents:01 00 0B 45 06 41 00 00 2A 86 0D 
2013/07/05 18:53:12:831 [002468] TRACE [Prb.cpp, 943] - RadioBoardPacket(ACK):01 00 0B 45 06 41 00 00 2A 86 0D 
2013/07/05 18:53:12:831 [002232] DEBUG [Prb.cpp, 466] - Write FPGA completed, Address=0x1008, Data=0x02
2013/07/05 18:53:16:956 [001512] INFO [CommunicationSystemStates.cpp, 168] - Scan complete
2013/07/05 18:53:16:956 [001512] TRACE [Prb.cpp, 584] - Reading CC1020, Address=0x0004
2013/07/05 18:53:16:956 [001512] TRACE [Prb.cpp, 1035] - ReadCC1020Packet(0x04):01 00 0C 42 84 00 02 00 04 C1 54 0D 
2013/07/05 18:53:16:956 [002468] TRACE [Prb.cpp, 835] - RxStream contents:01 00 0C 47 06 42 00 01 35 4B 32 0D 
2013/07/05 18:53:16:956 [002468] TRACE [Prb.cpp, 943] - RadioBoardPacket(ACK):01 00 0C 47 06 42 00 01 35 4B 32 0D 
2013/07/05 18:53:16:956 [001512] DEBUG [Prb.cpp, 603] - Read CC1020 completed, Address=0x0004, Data=0x35
2013/07/05 18:53:16:956 [001512] TRACE [Prb.cpp, 584] - Reading CC1020, Address=0x0005
2013/07/05 18:53:16:956 [001512] TRACE [Prb.cpp, 1035] - ReadCC1020Packet(0x05):01 00 0C 43 84 00 02 00 05 B9 52 0D 
2013/07/05 18:53:16:956 [002468] TRACE [Prb.cpp, 835] - RxStream contents:01 00 0C 48 06 43 00 01 D8 F5 50 0D 
2013/07/05 18:53:16:956 [002468] TRACE [Prb.cpp, 943] - RadioBoardPacket(ACK):01 00 0C 48 06 43 00 01 D8 F5 50 0D 
2013/07/05 18:53:16:956 [001512] DEBUG [Prb.cpp, 603] - Read CC1020 completed, Address=0x0005, Data=0xD8
2013/07/05 18:53:16:956 [001512] TRACE [Prb.cpp, 584] - Reading CC1020, Address=0x0006
2013/07/05 18:53:16:956 [001512] TRACE [Prb.cpp, 1035] - ReadCC1020Packet(0x06):01 00 0C 44 84 00 02 00 06 D1 5E 0D 
2013/07/05 18:53:16:956 [002468] TRACE [Prb.cpp, 835] - RxStream contents:01 00 0C 49 06 44 00 01 15 63 FD 0D 
2013/07/05 18:53:16:956 [002468] TRACE [Prb.cpp, 943] - RadioBoardPacket(ACK):01 00 0C 49 06 44 00 01 15 63 FD 0D 
2013/07/05 18:53:16:956 [001512] DEBUG [Prb.cpp, 603] - Read CC1020 completed, Address=0x0006, Data=0x15
2013/07/05 18:53:16:956 [001512] TRACE [Prb.cpp, 584] - Reading CC1020, Address=0x0008
2013/07/05 18:53:16:956 [001512] TRACE [Prb.cpp, 1035] - ReadCC1020Packet(0x08):01 00 0C 45 84 00 02 00 08 A9 7A 0D 
2013/07/05 18:53:16:956 [002468] TRACE [Prb.cpp, 835] - RxStream contents:01 00 0C 4A 06 45 00 01 35 FF 3D 0D 
2013/07/05 18:53:16:956 [002468] TRACE [Prb.cpp, 943] - RadioBoardPacket(ACK):01 00 0C 4A 06 45 00 01 35 FF 3D 0D 
2013/07/05 18:53:16:956 [001512] DEBUG [Prb.cpp, 603] - Read CC1020 completed, Address=0x0008, Data=0x35
2013/07/05 18:53:16:956 [001512] TRACE [Prb.cpp, 584] - Reading CC1020, Address=0x0009
2013/07/05 18:53:16:956 [001512] TRACE [Prb.cpp, 1035] - ReadCC1020Packet(0x09):01 00 0C 46 84 00 02 00 09 A1 7F 0D 
2013/07/05 18:53:16:956 [002468] TRACE [Prb.cpp, 835] - RxStream contents:01 00 0C 4B 06 46 00 01 E2 39 CC 0D 
2013/07/05 18:53:16:956 [002468] TRACE [Prb.cpp, 943] - RadioBoardPacket(ACK):01 00 0C 4B 06 46 00 01 E2 39 CC 0D 
2013/07/05 18:53:16:956 [001512] DEBUG [Prb.cpp, 603] - Read CC1020 completed, Address=0x0009, Data=0xE2
2013/07/05 18:53:16:956 [001512] TRACE [Prb.cpp, 584] - Reading CC1020, Address=0x000A
2013/07/05 18:53:16:956 [001512] TRACE [Prb.cpp, 1035] - ReadCC1020Packet(0x0A):01 00 0C 47 84 00 02 00 0A 59 76 0D 
2013/07/05 18:53:16:956 [002468] TRACE [Prb.cpp, 835] - RxStream contents:01 00 0C 4C 06 47 00 01 BF 44 04 0D 
2013/07/05 18:53:16:956 [002468] TRACE [Prb.cpp, 943] - RadioBoardPacket(ACK):01 00 0C 4C 06 47 00 01 BF 44 04 0D 
2013/07/05 18:53:16:956 [001512] DEBUG [Prb.cpp, 603] - Read CC1020 completed, Address=0x000A, Data=0xBF
2013/07/05 18:53:16:956 [001512] TRACE [Prb.cpp, 584] - Reading CC1020, Address=0x000F
2013/07/05 18:53:16:956 [001512] TRACE [Prb.cpp, 1035] - ReadCC1020Packet(0x0F):01 00 0C 48 84 00 02 00 0F 71 67 0D 
2013/07/05 18:53:16:956 [002468] TRACE [Prb.cpp, 835] - RxStream contents:01 00 0C 4D 06 48 00 01 DF 71 47 0D 
2013/07/05 18:53:16:956 [002468] TRACE [Prb.cpp, 943] - RadioBoardPacket(ACK):01 00 0C 4D 06 48 00 01 DF 71 47 0D 
2013/07/05 18:53:16:956 [001512] DEBUG [Prb.cpp, 603] - Read CC1020 completed, Address=0x000F, Data=0xDF
2013/07/05 18:53:16:956 [001512] TRACE [Prb.cpp, 584] - Reading CC1020, Address=0x0010
2013/07/05 18:53:16:956 [001512] TRACE [Prb.cpp, 1035] - ReadCC1020Packet(0x10):01 00 0C 49 84 00 02 00 10 09 25 0D 
2013/07/05 18:53:16:956 [002468] TRACE [Prb.cpp, 835] - RxStream contents:01 00 0C 4E 06 49 00 01 80 6C 86 0D 
2013/07/05 18:53:16:956 [002468] TRACE [Prb.cpp, 943] - RadioBoardPacket(ACK):01 00 0C 4E 06 49 00 01 80 6C 86 0D 
2013/07/05 18:53:16:956 [001512] DEBUG [Prb.cpp, 603] - Read CC1020 completed, Address=0x0010, Data=0x80
2013/07/05 18:53:16:956 [001512] TRACE [Prb.cpp, 584] - Reading CC1020, Address=0x0013
2013/07/05 18:53:16:956 [001512] TRACE [Prb.cpp, 1035] - ReadCC1020Packet(0x13):01 00 0C 4A 84 00 02 00 13 81 2F 0D 
2013/07/05 18:53:16:956 [002468] TRACE [Prb.cpp, 835] - RxStream contents:01 00 0C 4F 06 4A 00 01 33 2B 2C 0D 
2013/07/05 18:53:16:956 [002468] TRACE [Prb.cpp, 943] - RadioBoardPacket(ACK):01 00 0C 4F 06 4A 00 01 33 2B 2C 0D 
2013/07/05 18:53:16:956 [001512] DEBUG [Prb.cpp, 603] - Read CC1020 completed, Address=0x0013, Data=0x33
2013/07/05 18:53:16:956 [001512] TRACE [Prb.cpp, 584] - Reading CC1020, Address=0x0014
2013/07/05 18:53:16:956 [001512] TRACE [Prb.cpp, 1035] - ReadCC1020Packet(0x14):01 00 0C 4B 84 00 02 00 14 F9 3D 0D 
2013/07/05 18:53:16:956 [002468] TRACE [Prb.cpp, 835] - RxStream contents:01 00 0C 50 06 4B 00 01 3D 97 15 0D 
2013/07/05 18:53:16:956 [002468] TRACE [Prb.cpp, 943] - RadioBoardPacket(ACK):01 00 0C 50 06 4B 00 01 3D 97 15 0D 
2013/07/05 18:53:16:956 [001512] DEBUG [Prb.cpp, 603] - Read CC1020 completed, Address=0x0014, Data=0x3D
2013/07/05 18:53:16:956 [001512] TRACE [Prb.cpp, 584] - Reading CC1020, Address=0x0043
2013/07/05 18:53:16:956 [001512] TRACE [Prb.cpp, 1035] - ReadCC1020Packet(0x43):01 00 0C 4C 84 00 02 00 43 10 CA 0D 
2013/07/05 18:53:16:956 [002468] TRACE [Prb.cpp, 835] - RxStream contents:01 00 0C 51 06 4C 00 01 00 03 98 0D 
2013/07/05 18:53:16:971 [002468] TRACE [Prb.cpp, 943] - RadioBoardPacket(ACK):01 00 0C 51 06 4C 00 01 00 03 98 0D 
2013/07/05 18:53:16:971 [001512] DEBUG [Prb.cpp, 603] - Read CC1020 completed, Address=0x0043, Data=0x00
2013/07/05 18:53:16:971 [001512] DEBUG [ComSysDiagnostics.cpp, 63] - CC1020 [Scan complete] FREQ_2A: 0x35 FREQ_1A: 0xd8 FREQ_0A: 0x15
2013/07/05 18:53:16:971 [001512] DEBUG [ComSysDiagnostics.cpp, 67] - CC1020 [Scan complete] FREQ_2B: 0x35 FREQ_1B: 0xe2 FREQ_0B: 0xbf
2013/07/05 18:53:16:971 [001512] DEBUG [ComSysDiagnostics.cpp, 72] - CC1020 [Scan complete] AFC_CONTROL: 0xdf FILTER: 0x80 VGA3: 0x33 VGA4: 0x3d AFC: 0x00
2013/07/05 18:53:16:971 [001512] INFO [CommunicationSystemStates.cpp, 173] - Found 0 valid ids during the scan operation.
2013/07/05 18:53:16:971 [001512] INFO [CommunicationSystemStates.cpp, 198] - Found 0 invalid ids during the scan operation.
2013/07/05 18:53:16:971 [003984] TRACE [Prb.cpp, 448] - Writing FPGA, Address=0x3012, Data=0x00
2013/07/05 18:53:16:971 [003984] TRACE [Prb.cpp, 1035] - WriteFPGAPacket(0x3012, 0x00):01 00 0D 4D 81 00 03 30 12 00 B2 B6 0D 
2013/07/05 18:53:16:971 [002468] TRACE [Prb.cpp, 835] - RxStream contents:01 00 0B 52 06 4D 00 00 2C 9E 0D 
2013/07/05 18:53:16:971 [002468] TRACE [Prb.cpp, 943] - RadioBoardPacket(ACK):01 00 0B 52 06 4D 00 00 2C 9E 0D 
2013/07/05 18:53:16:971 [003984] DEBUG [Prb.cpp, 466] - Write FPGA completed, Address=0x3012, Data=0x00
2013/07/05 18:53:16:971 [003984] TRACE [Prb.cpp, 493] - Reading FPGA, Address=0x1026
2013/07/05 18:53:16:971 [003984] TRACE [Prb.cpp, 1035] - ReadFPGAPacket(0x1026):01 00 0C 4E 82 00 02 10 26 80 84 0D 
2013/07/05 18:53:16:971 [002468] TRACE [Prb.cpp, 835] - RxStream contents:01 00 0C 53 06 4E 00 01 01 5B 9D 0D 
2013/07/05 18:53:16:971 [002468] TRACE [Prb.cpp, 943] - RadioBoardPacket(ACK):01 00 0C 53 06 4E 00 01 01 5B 9D 0D 
2013/07/05 18:53:16:971 [003984] DEBUG [Prb.cpp, 512] - Read FPGA completed, Address=0x1026, Data=0x01
2013/07/05 18:53:16:971 [003984] TRACE [Prb.cpp, 493] - Reading FPGA, Address=0x3012
2013/07/05 18:53:16:971 [003984] TRACE [Prb.cpp, 1035] - ReadFPGAPacket(0x3012):01 00 0C 4F 82 00 02 30 12 B8 3F 0D 
2013/07/05 18:53:16:971 [002468] TRACE [Prb.cpp, 835] - RxStream contents:01 00 0C 54 06 4F 00 01 00 27 9D 0D 
2013/07/05 18:53:16:971 [002468] TRACE [Prb.cpp, 943] - RadioBoardPacket(ACK):01 00 0C 54 06 4F 00 01 00 27 9D 0D 
2013/07/05 18:53:16:971 [003984] DEBUG [Prb.cpp, 512] - Read FPGA completed, Address=0x3012, Data=0x00
2013/07/05 18:53:16:987 [000584] TRACE [Prb.cpp, 493] - Reading FPGA, Address=0x1004
2013/07/05 18:53:16:987 [000584] TRACE [Prb.cpp, 1035] - ReadFPGAPacket(0x1004):01 00 0C 50 82 00 02 10 04 D0 56 0D 
2013/07/05 18:53:16:987 [002468] TRACE [Prb.cpp, 835] - RxStream contents:01 00 0C 55 06 50 00 01 00 53 98 0D 
2013/07/05 18:53:16:987 [002468] TRACE [Prb.cpp, 943] - RadioBoardPacket(ACK):01 00 0C 55 06 50 00 01 00 53 98 0D 
2013/07/05 18:53:16:987 [000584] DEBUG [Prb.cpp, 512] - Read FPGA completed, Address=0x1004, Data=0x00
2013/07/05 18:53:16:987 [000584] TRACE [Prb.cpp, 448] - Writing FPGA, Address=0x1004, Data=0x00
2013/07/05 18:53:16:987 [000584] TRACE [Prb.cpp, 1035] - WriteFPGAPacket(0x1004, 0x00):01 00 0D 51 81 00 03 10 04 00 59 F5 0D 
2013/07/05 18:53:16:987 [002468] TRACE [Prb.cpp, 835] - RxStream contents:01 00 0B 56 06 51 00 00 2C 
2013/07/05 18:53:16:987 [002468] TRACE [Prb.cpp, 835] - RxStream contents:01 00 0B 56 06 51 00 00 2C CE 0D 
2013/07/05 18:53:16:987 [002468] TRACE [Prb.cpp, 943] - RadioBoardPacket(ACK):01 00 0B 56 06 51 00 00 2C CE 0D 
2013/07/05 18:53:16:987 [000584] DEBUG [Prb.cpp, 466] - Write FPGA completed, Address=0x1004, Data=0x00
2013/07/05 18:53:16:987 [002232] INFO [CrossTalkDetectorStates.cpp, 98] - LinkTimeout = 4523 ms
2013/07/05 18:53:17:003 [002232] INFO [CrossTalkDetector.cpp, 68] - CrossTalkDetector state changing from IdleState to LinkingState
2013/07/05 18:53:17:003 [002232] INFO [CommunicationSystemStates.cpp, 147] - Link requested. Id: 0x802004f2. Preamble Burst Duration: 2 seconds. Preamble Burst Data Rate: 0.
2013/07/05 18:53:17:003 [002232] DEBUG [ComSysDiagnostics.cpp, 95] - Resetting FPGA Frame Error Counter
2013/07/05 18:53:17:003 [002232] TRACE [Prb.cpp, 448] - Writing FPGA, Address=0x301C, Data=0x00
2013/07/05 18:53:17:003 [002232] TRACE [Prb.cpp, 1035] - WriteFPGAPacket(0x301C, 0x00):01 00 0D 52 81 00 03 30 1C 00 88 46 0D 
2013/07/05 18:53:17:003 [002468] TRACE [Prb.cpp, 835] - RxStream contents:01 00 0B 57 06 52 00 00 AC 89 0D 
2013/07/05 18:53:17:003 [002468] TRACE [Prb.cpp, 943] - RadioBoardPacket(ACK):01 00 0B 57 06 52 00 00 AC 89 0D 
2013/07/05 18:53:17:003 [002232] DEBUG [Prb.cpp, 466] - Write FPGA completed, Address=0x301C, Data=0x00
2013/07/05 18:53:17:003 [002232] TRACE [Prb.cpp, 448] - Writing FPGA, Address=0x2000, Data=0x80
2013/07/05 18:53:17:003 [002232] TRACE [Prb.cpp, 1035] - WriteFPGAPacket(0x2000, 0x80):01 00 0D 53 81 00 03 20 00 80 C3 16 0D 
2013/07/05 18:53:17:003 [002468] TRACE [Prb.cpp, 835] - RxStream contents:01 00 0B 58 06 53 00 00 2E 36 0D 
2013/07/05 18:53:17:003 [002468] TRACE [Prb.cpp, 943] - RadioBoardPacket(ACK):01 00 0B 58 06 53 00 00 2E 36 0D 
2013/07/05 18:53:17:003 [002232] DEBUG [Prb.cpp, 466] - Write FPGA completed, Address=0x2000, Data=0x80
2013/07/05 18:53:17:003 [002232] TRACE [Prb.cpp, 448] - Writing FPGA, Address=0x2002, Data=0x20
2013/07/05 18:53:17:003 [002232] TRACE [Prb.cpp, 1035] - WriteFPGAPacket(0x2002, 0x20):01 00 0D 54 81 00 03 20 02 20 CB A6 0D 
2013/07/05 18:53:17:003 [002468] TRACE [Prb.cpp, 835] - RxStream contents:01 00 0B 59 06 54 00 00 2E 22 0D 
2013/07/05 18:53:17:003 [002468] TRACE [Prb.cpp, 943] - RadioBoardPacket(ACK):01 00 0B 59 06 54 00 00 2E 22 0D 
2013/07/05 18:53:17:003 [002232] DEBUG [Prb.cpp, 466] - Write FPGA completed, Address=0x2002, Data=0x20
2013/07/05 18:53:17:003 [002232] TRACE [Prb.cpp, 448] - Writing FPGA, Address=0x2004, Data=0x04
2013/07/05 18:53:17:003 [002232] TRACE [Prb.cpp, 1035] - WriteFPGAPacket(0x2004, 0x04):01 00 0D 55 81 00 03 20 04 04 5E 6D 0D 
2013/07/05 18:53:17:003 [002468] TRACE [Prb.cpp, 835] - RxStream contents:01 00 0B 5A 06 55 00 00 AE BD 0D 
2013/07/05 18:53:17:003 [002468] TRACE [Prb.cpp, 943] - RadioBoardPacket(ACK):01 00 0B 5A 06 55 00 00 AE BD 0D 
2013/07/05 18:53:17:003 [002232] DEBUG [Prb.cpp, 466] - Write FPGA completed, Address=0x2004, Data=0x04
2013/07/05 18:53:17:003 [002232] TRACE [Prb.cpp, 448] - Writing FPGA, Address=0x2006, Data=0xF2
2013/07/05 18:53:17:003 [002232] TRACE [Prb.cpp, 1035] - WriteFPGAPacket(0x2006, 0xF2):01 00 0D 56 81 00 03 20 06 F2 D3 6A 0D 
2013/07/05 18:53:17:003 [002468] TRACE [Prb.cpp, 835] - RxStream contents:01 00 0B 5B 06 56 00 00 2E FA 0D 
2013/07/05 18:53:17:003 [002468] TRACE [Prb.cpp, 943] - RadioBoardPacket(ACK):01 00 0B 5B 06 56 00 00 2E FA 0D 
2013/07/05 18:53:17:003 [002232] DEBUG [Prb.cpp, 466] - Write FPGA completed, Address=0x2006, Data=0xF2
2013/07/05 18:53:17:003 [002232] TRACE [Prb.cpp, 448] - Writing FPGA, Address=0x1002, Data=0x02
2013/07/05 18:53:17:003 [002232] TRACE [Prb.cpp, 1035] - WriteFPGAPacket(0x1002, 0x02):01 00 0D 57 81 00 03 10 02 02 CB 9A 0D 
2013/07/05 18:53:17:003 [002468] TRACE [Prb.cpp, 835] - RxStream contents:01 00 0B 5C 06 57 00 00 2F 86 0D 
2013/07/05 18:53:17:003 [002468] TRACE [Prb.cpp, 943] - RadioBoardPacket(ACK):01 00 0B 5C 06 57 00 00 2F 86 0D 
2013/07/05 18:53:17:003 [002232] DEBUG [Prb.cpp, 466] - Write FPGA completed, Address=0x1002, Data=0x02
2013/07/05 18:53:17:003 [002232] TRACE [Prb.cpp, 493] - Reading FPGA, Address=0x1004
2013/07/05 18:53:17:003 [002232] TRACE [Prb.cpp, 1035] - ReadFPGAPacket(0x1004):01 00 0C 58 82 00 02 10 04 90 5F 0D 
2013/07/05 18:53:17:003 [002468] TRACE [Prb.cpp, 835] - RxStream contents:01 00 0C 5D 06 58 00 01 00 33 92 0D 
2013/07/05 18:53:17:018 [002468] TRACE [Prb.cpp, 943] - RadioBoardPacket(ACK):01 00 0C 5D 06 58 00 01 00 33 92 0D 
2013/07/05 18:53:17:018 [002232] DEBUG [Prb.cpp, 512] - Read FPGA completed, Address=0x1004, Data=0x00
2013/07/05 18:53:17:018 [002232] TRACE [Prb.cpp, 448] - Writing FPGA, Address=0x1004, Data=0x00
2013/07/05 18:53:17:018 [002232] TRACE [Prb.cpp, 1035] - WriteFPGAPacket(0x1004, 0x00):01 00 0D 59 81 00 03 10 04 00 D1 76 0D 
2013/07/05 18:53:17:018 [002468] TRACE [Prb.cpp, 835] - RxStream contents:01 00 0B 5E 06 59 00 00 2F AE 0D 
2013/07/05 18:53:17:018 [002468] TRACE [Prb.cpp, 943] - RadioBoardPacket(ACK):01 00 0B 5E 06 59 00 00 2F AE 0D 
2013/07/05 18:53:17:018 [002232] DEBUG [Prb.cpp, 466] - Write FPGA completed, Address=0x1004, Data=0x00
2013/07/05 18:53:17:018 [002232] TRACE [Prb.cpp, 448] - Writing FPGA, Address=0x1008, Data=0x04
2013/07/05 18:53:17:018 [002232] TRACE [Prb.cpp, 1035] - WriteFPGAPacket(0x1008, 0x04):01 00 0D 5A 81 00 03 10 08 04 7A 5D 0D 
2013/07/05 18:53:17:018 [002468] TRACE [Prb.cpp, 835] - RxStream contents:01 00 0B 5F 06 5A 00 00 AF E9 0D 
2013/07/05 18:53:17:018 [002468] TRACE [Prb.cpp, 943] - RadioBoardPacket(ACK):01 00 0B 5F 06 5A 00 00 AF E9 0D 
2013/07/05 18:53:17:018 [002232] DEBUG [Prb.cpp, 466] - Write FPGA completed, Address=0x1008, Data=0x04
2013/07/05 18:53:21:143 [001512] INFO [CrossTalkDetector.cpp, 68] - CrossTalkDetector state changing from LinkingState to IdleState
2013/07/05 18:53:21:159 [001512] INFO [CommunicationSystemStates.cpp, 210] - Link failed.
2013/07/05 18:53:21:159 [000584] TRACE [Prb.cpp, 493] - Reading FPGA, Address=0x1004
2013/07/05 18:53:21:159 [000584] TRACE [Prb.cpp, 1035] - ReadFPGAPacket(0x1004):01 00 0C 5B 82 00 02 10 04 18 5F 0D 
2013/07/05 18:53:21:159 [002468] TRACE [Prb.cpp, 835] - RxStream contents:01 00 0C 61 06 5B 00 01 00 AF AE 0D 
2013/07/05 18:53:21:159 [002468] TRACE [Prb.cpp, 943] - RadioBoardPacket(ACK):01 00 0C 61 06 5B 00 01 00 AF AE 0D 
2013/07/05 18:53:21:159 [000584] DEBUG [Prb.cpp, 512] - Read FPGA completed, Address=0x1004, Data=0x00
2013/07/05 18:53:21:159 [000584] TRACE [Prb.cpp, 448] - Writing FPGA, Address=0x1004, Data=0x00
2013/07/05 18:53:21:159 [000584] TRACE [Prb.cpp, 1035] - WriteFPGAPacket(0x1004, 0x00):01 00 0D 5C 81 00 03 10 04 00 D4 26 0D 
2013/07/05 18:53:21:159 [002468] TRACE [Prb.cpp, 835] - RxStream contents:01 00 0B 62 06 5C 00 00 25 
2013/07/05 18:53:21:159 [002468] TRACE [Prb.cpp, 835] - RxStream contents:01 00 0B 62 06 5C 00 00 25 4A 0D 
2013/07/05 18:53:21:159 [002468] TRACE [Prb.cpp, 943] - RadioBoardPacket(ACK):01 00 0B 62 06 5C 00 00 25 4A 0D 
2013/07/05 18:53:21:159 [000584] DEBUG [Prb.cpp, 466] - Write FPGA completed, Address=0x1004, Data=0x00
2013/07/05 18:53:21:159 [002232] INFO [CrossTalkDetectorStates.cpp, 98] - LinkTimeout = 4523 ms
2013/07/05 18:53:21:159 [002232] INFO [CrossTalkDetector.cpp, 68] - CrossTalkDetector state changing from IdleState to LinkingState
2013/07/05 18:53:21:159 [002232] INFO [CommunicationSystemStates.cpp, 147] - Link requested. Id: 0x802004f2. Preamble Burst Duration: 2 seconds. Preamble Burst Data Rate: 0.
2013/07/05 18:53:21:159 [002232] DEBUG [ComSysDiagnostics.cpp, 95] - Resetting FPGA Frame Error Counter
2013/07/05 18:53:21:159 [002232] TRACE [Prb.cpp, 448] - Writing FPGA, Address=0x301C, Data=0x00
2013/07/05 18:53:21:159 [002232] TRACE [Prb.cpp, 1035] - WriteFPGAPacket(0x301C, 0x00):01 00 0D 5D 81 00 03 30 1C 00 87 B6 0D 
2013/07/05 18:53:21:159 [002468] TRACE [Prb.cpp, 835] - RxStream contents:01 00 0B 63 06 5D 00 00 25 26 0D 
2013/07/05 18:53:21:159 [002468] TRACE [Prb.cpp, 943] - RadioBoardPacket(ACK):01 00 0B 63 06 5D 00 00 25 26 0D 
2013/07/05 18:53:21:159 [002232] DEBUG [Prb.cpp, 466] - Write FPGA completed, Address=0x301C, Data=0x00
2013/07/05 18:53:21:159 [002232] TRACE [Prb.cpp, 448] - Writing FPGA, Address=0x2000, Data=0x80
2013/07/05 18:53:21:159 [002232] TRACE [Prb.cpp, 1035] - WriteFPGAPacket(0x2000, 0x80):01 00 0D 5E 81 00 03 20 00 80 4E C5 0D 
2013/07/05 18:53:21:159 [002468] TRACE [Prb.cpp, 835] - RxStream contents:01 00 0B 64 06 5E 00 00 A4 71 0D 
2013/07/05 18:53:21:159 [002468] TRACE [Prb.cpp, 943] - RadioBoardPacket(ACK):01 00 0B 64 06 5E 00 00 A4 71 0D 
2013/07/05 18:53:21:159 [002232] DEBUG [Prb.cpp, 466] - Write FPGA completed, Address=0x2000, Data=0x80
2013/07/05 18:53:21:159 [002232] TRACE [Prb.cpp, 448] - Writing FPGA, Address=0x2002, Data=0x20
2013/07/05 18:53:21:159 [002232] TRACE [Prb.cpp, 1035] - WriteFPGAPacket(0x2002, 0x20):01 00 0D 5F 81 00 03 20 02 20 40 15 0D 
2013/07/05 18:53:21:159 [002468] TRACE [Prb.cpp, 835] - RxStream contents:01 00 0B 65 06 5F 00 00 A4 1D 0D 
2013/07/05 18:53:21:159 [002468] TRACE [Prb.cpp, 943] - RadioBoardPacket(ACK):01 00 0B 65 06 5F 00 00 A4 1D 0D 
2013/07/05 18:53:21:159 [002232] DEBUG [Prb.cpp, 466] - Write FPGA completed, Address=0x2002, Data=0x20
2013/07/05 18:53:21:159 [002232] TRACE [Prb.cpp, 448] - Writing FPGA, Address=0x2004, Data=0x04
2013/07/05 18:53:21:159 [002232] TRACE [Prb.cpp, 1035] - WriteFPGAPacket(0x2004, 0x04):01 00 0D 60 81 00 03 20 04 04 68 3D 0D 
2013/07/05 18:53:21:159 [002468] TRACE [Prb.cpp, 835] - RxStream contents:01 00 0B 66 06 60 00 00 A7 99 0D 
2013/07/05 18:53:21:159 [002468] TRACE [Prb.cpp, 943] - RadioBoardPacket(ACK):01 00 0B 66 06 60 00 00 A7 99 0D 
2013/07/05 18:53:21:159 [002232] DEBUG [Prb.cpp, 466] - Write FPGA completed, Address=0x2004, Data=0x04
2013/07/05 18:53:21:159 [002232] TRACE [Prb.cpp, 448] - Writing FPGA, Address=0x2006, Data=0xF2
2013/07/05 18:53:21:159 [002232] TRACE [Prb.cpp, 1035] - WriteFPGAPacket(0x2006, 0xF2):01 00 0D 61 81 00 03 20 06 F2 67 19 0D 
2013/07/05 18:53:21:159 [002468] TRACE [Prb.cpp, 835] - RxStream contents:01 00 0B 67 06 61 00 00 A7 F5 0D 
2013/07/05 18:53:21:159 [002468] TRACE [Prb.cpp, 943] - RadioBoardPacket(ACK):01 00 0B 67 06 61 00 00 A7 F5 0D 
2013/07/05 18:53:21:159 [002232] DEBUG [Prb.cpp, 466] - Write FPGA completed, Address=0x2006, Data=0xF2
2013/07/05 18:53:21:159 [002232] TRACE [Prb.cpp, 448] - Writing FPGA, Address=0x1002, Data=0x02
2013/07/05 18:53:21:159 [002232] TRACE [Prb.cpp, 1035] - WriteFPGAPacket(0x1002, 0x02):01 00 0D 62 81 00 03 10 02 02 FD CA 0D 
2013/07/05 18:53:21:159 [002468] TRACE [Prb.cpp, 835] - RxStream contents:01 00 0B 68 06 62 00 00 A5 61 0D 
2013/07/05 18:53:21:159 [002468] TRACE [Prb.cpp, 943] - RadioBoardPacket(ACK):01 00 0B 68 06 62 00 00 A5 61 0D 
2013/07/05 18:53:21:159 [002232] DEBUG [Prb.cpp, 466] - Write FPGA completed, Address=0x1002, Data=0x02
2013/07/05 18:53:21:159 [002232] TRACE [Prb.cpp, 493] - Reading FPGA, Address=0x1004
2013/07/05 18:53:21:159 [002232] TRACE [Prb.cpp, 1035] - ReadFPGAPacket(0x1004):01 00 0C 63 82 00 02 10 04 58 65 0D 
2013/07/05 18:53:21:159 [002468] TRACE [Prb.cpp, 835] - RxStream contents:01 00 0C 69 06 63 00 01 00 0F AE 0D 
2013/07/05 18:53:21:159 [002468] TRACE [Prb.cpp, 943] - RadioBoardPacket(ACK):01 00 0C 69 06 63 00 01 00 0F AE 0D 
2013/07/05 18:53:21:159 [002232] DEBUG [Prb.cpp, 512] - Read FPGA completed, Address=0x1004, Data=0x00
2013/07/05 18:53:21:159 [002232] TRACE [Prb.cpp, 448] - Writing FPGA, Address=0x1004, Data=0x00
2013/07/05 18:53:21:159 [002232] TRACE [Prb.cpp, 1035] - WriteFPGAPacket(0x1004, 0x00):01 00 0D 64 81 00 03 10 04 00 6F A5 0D 
2013/07/05 18:53:21:159 [002468] TRACE [Prb.cpp, 835] - RxStream contents:01 00 0B 6A 06 64 00 00 25 EA 0D 
2013/07/05 18:53:21:159 [002468] TRACE [Prb.cpp, 943] - RadioBoardPacket(ACK):01 00 0B 6A 06 64 00 00 25 EA 0D 
2013/07/05 18:53:21:175 [002232] DEBUG [Prb.cpp, 466] - Write FPGA completed, Address=0x1004, Data=0x00
2013/07/05 18:53:21:175 [002232] TRACE [Prb.cpp, 448] - Writing FPGA, Address=0x1008, Data=0x04
2013/07/05 18:53:21:175 [002232] TRACE [Prb.cpp, 1035] - WriteFPGAPacket(0x1008, 0x04):01 00 0D 65 81 00 03 10 08 04 46 AD 0D 
2013/07/05 18:53:21:175 [002468] TRACE [Prb.cpp, 835] - RxStream contents:01 00 0B 6B 06 65 00 00 
2013/07/05 18:53:21:175 [002468] TRACE [Prb.cpp, 835] - RxStream contents:01 00 0B 6B 06 65 00 00 25 86 0D 
2013/07/05 18:53:21:175 [002468] TRACE [Prb.cpp, 943] - RadioBoardPacket(ACK):01 00 0B 6B 06 65 00 00 25 86 0D 
2013/07/05 18:53:21:175 [002232] DEBUG [Prb.cpp, 466] - Write FPGA completed, Address=0x1008, Data=0x04
2013/07/05 18:53:25:315 [001512] INFO [CrossTalkDetector.cpp, 68] - CrossTalkDetector state changing from LinkingState to IdleState
2013/07/05 18:53:25:315 [001512] INFO [CommunicationSystemStates.cpp, 210] - Link failed.
2013/07/05 18:53:25:315 [000584] TRACE [Prb.cpp, 493] - Reading FPGA, Address=0x1004
2013/07/05 18:53:25:315 [000584] TRACE [Prb.cpp, 1035] - ReadFPGAPacket(0x1004):01 00 0C 66 82 00 02 10 04 40 60 0D 
2013/07/05 18:53:25:315 [002468] TRACE [Prb.cpp, 835] - RxStream contents:01 00 0C 6D 06 66 00 01 00 AB A8 0D 
2013/07/05 18:53:25:315 [002468] TRACE [Prb.cpp, 943] - RadioBoardPacket(ACK):01 00 0C 6D 06 66 00 01 00 AB A8 0D 
2013/07/05 18:53:25:315 [000584] DEBUG [Prb.cpp, 512] - Read FPGA completed, Address=0x1004, Data=0x00
2013/07/05 18:53:25:315 [000584] TRACE [Prb.cpp, 448] - Writing FPGA, Address=0x1004, Data=0x00
2013/07/05 18:53:25:315 [000584] TRACE [Prb.cpp, 1035] - WriteFPGAPacket(0x1004, 0x00):01 00 0D 67 81 00 03 10 04 00 6C 95 0D 
2013/07/05 18:53:25:315 [002468] TRACE [Prb.cpp, 835] - RxStream contents:01 00 0B 6E 06 67 00 00 A4 35 0D 
2013/07/05 18:53:25:315 [002468] TRACE [Prb.cpp, 943] - RadioBoardPacket(ACK):01 00 0B 6E 06 67 00 00 A4 35 0D 
2013/07/05 18:53:25:315 [000584] DEBUG [Prb.cpp, 466] - Write FPGA completed, Address=0x1004, Data=0x00
2013/07/05 18:53:25:315 [002232] INFO [CrossTalkDetectorStates.cpp, 98] - LinkTimeout = 4523 ms
2013/07/05 18:53:25:315 [002232] INFO [CrossTalkDetector.cpp, 68] - CrossTalkDetector state changing from IdleState to LinkingState
2013/07/05 18:53:25:315 [002232] INFO [CommunicationSystemStates.cpp, 147] - Link requested. Id: 0x802004f2. Preamble Burst Duration: 2 seconds. Preamble Burst Data Rate: 0.
2013/07/05 18:53:25:315 [002232] DEBUG [ComSysDiagnostics.cpp, 95] - Resetting FPGA Frame Error Counter
2013/07/05 18:53:25:315 [002232] TRACE [Prb.cpp, 448] - Writing FPGA, Address=0x301C, Data=0x00
2013/07/05 18:53:25:315 [002232] TRACE [Prb.cpp, 1035] - WriteFPGAPacket(0x301C, 0x00):01 00 0D 68 81 00 03 30 1C 00 B1 E6 0D 
2013/07/05 18:53:25:315 [002468] TRACE [Prb.cpp, 835] - RxStream contents:01 00 0B 6F 06 68 00 00 24 82 0D 
2013/07/05 18:53:25:315 [002468] TRACE [Prb.cpp, 943] - RadioBoardPacket(ACK):01 00 0B 6F 06 68 00 00 24 82 0D 
2013/07/05 18:53:25:315 [002232] DEBUG [Prb.cpp, 466] - Write FPGA completed, Address=0x301C, Data=0x00
2013/07/05 18:53:25:315 [002232] TRACE [Prb.cpp, 448] - Writing FPGA, Address=0x2000, Data=0x80
2013/07/05 18:53:25:315 [002232] TRACE [Prb.cpp, 1035] - WriteFPGAPacket(0x2000, 0x80):01 00 0D 69 81 00 03 20 00 80 FA B6 0D 
2013/07/05 18:53:25:315 [002468] TRACE [Prb.cpp, 835] - RxStream contents:01 00 0B 70 06 69 00 00 21 BE 0D 
2013/07/05 18:53:25:315 [002468] TRACE [Prb.cpp, 943] - RadioBoardPacket(ACK):01 00 0B 70 06 69 00 00 21 BE 0D 
2013/07/05 18:53:25:315 [002232] DEBUG [Prb.cpp, 466] - Write FPGA completed, Address=0x2000, Data=0x80
2013/07/05 18:53:25:315 [002232] TRACE [Prb.cpp, 448] - Writing FPGA, Address=0x2002, Data=0x20
2013/07/05 18:53:25:315 [002232] TRACE [Prb.cpp, 1035] - WriteFPGAPacket(0x2002, 0x20):01 00 0D 6A 81 00 03 20 02 20 76 45 0D 
2013/07/05 18:53:25:315 [002468] TRACE [Prb.cpp, 835] - RxStream contents:01 00 0B 71 06 6A 00 00 A1 F9 0D 
2013/07/05 18:53:25:315 [002468] TRACE [Prb.cpp, 943] - RadioBoardPacket(ACK):01 00 0B 71 06 6A 00 00 A1 F9 0D 
2013/07/05 18:53:25:315 [002232] DEBUG [Prb.cpp, 466] - Write FPGA completed, Address=0x2002, Data=0x20
2013/07/05 18:53:25:315 [002232] TRACE [Prb.cpp, 448] - Writing FPGA, Address=0x2004, Data=0x04
2013/07/05 18:53:25:315 [002232] TRACE [Prb.cpp, 1035] - WriteFPGAPacket(0x2004, 0x04):01 00 0D 6B 81 00 03 20 04 04 E3 8E 0D 
2013/07/05 18:53:25:315 [002468] TRACE [Prb.cpp, 835] - RxStream contents:01 00 0B 72 06 6B 00 00 21 66 0D 
2013/07/05 18:53:25:315 [002468] TRACE [Prb.cpp, 943] - RadioBoardPacket(ACK):01 00 0B 72 06 6B 00 00 21 66 0D 
2013/07/05 18:53:25:315 [002232] DEBUG [Prb.cpp, 466] - Write FPGA completed, Address=0x2004, Data=0x04
2013/07/05 18:53:25:315 [002232] TRACE [Prb.cpp, 448] - Writing FPGA, Address=0x2006, Data=0xF2
2013/07/05 18:53:25:315 [002232] TRACE [Prb.cpp, 1035] - WriteFPGAPacket(0x2006, 0xF2):01 00 0D 6C 81 00 03 20 06 F2 EA CA 0D 
2013/07/05 18:53:25:315 [002468] TRACE [Prb.cpp, 835] - RxStream contents:01 00 0B 73 06 6C 00 00 21 72 0D 
2013/07/05 18:53:25:315 [002468] TRACE [Prb.cpp, 943] - RadioBoardPacket(ACK):01 00 0B 73 06 6C 00 00 21 72 0D 
2013/07/05 18:53:25:315 [002232] DEBUG [Prb.cpp, 466] - Write FPGA completed, Address=0x2006, Data=0xF2
2013/07/05 18:53:25:315 [002232] TRACE [Prb.cpp, 448] - Writing FPGA, Address=0x1002, Data=0x02
2013/07/05 18:53:25:315 [002232] TRACE [Prb.cpp, 1035] - WriteFPGAPacket(0x1002, 0x02):01 00 0D 6D 81 00 03 10 02 02 F2 3A 0D 
2013/07/05 18:53:25:315 [002468] TRACE [Prb.cpp, 835] - RxStream contents:01 00 0B 74 06 6D 00 00 20 0E 0D 
2013/07/05 18:53:25:315 [002468] TRACE [Prb.cpp, 943] - RadioBoardPacket(ACK):01 00 0B 74 06 6D 00 00 20 0E 0D 
2013/07/05 18:53:25:315 [002232] DEBUG [Prb.cpp, 466] - Write FPGA completed, Address=0x1002, Data=0x02
2013/07/05 18:53:25:315 [002232] TRACE [Prb.cpp, 493] - Reading FPGA, Address=0x1004
2013/07/05 18:53:25:331 [002232] TRACE [Prb.cpp, 1035] - ReadFPGAPacket(0x1004):01 00 0C 6E 82 00 02 10 04 00 69 0D 
2013/07/05 18:53:25:331 [002468] TRACE [Prb.cpp, 835] - RxStream contents:01 00 0C 75 06 6E 00 01 00 4B B0 0D 
2013/07/05 18:53:25:331 [002468] TRACE [Prb.cpp, 943] - RadioBoardPacket(ACK):01 00 0C 75 06 6E 00 01 00 4B B0 0D 
2013/07/05 18:53:25:331 [002232] DEBUG [Prb.cpp, 512] - Read FPGA completed, Address=0x1004, Data=0x00
2013/07/05 18:53:25:331 [002232] TRACE [Prb.cpp, 448] - Writing FPGA, Address=0x1004, Data=0x00
2013/07/05 18:53:25:331 [002232] TRACE [Prb.cpp, 1035] - WriteFPGAPacket(0x1004, 0x00):01 00 0D 6F 81 00 03 10 04 00 E4 16 0D 
2013/07/05 18:53:25:331 [002468] TRACE [Prb.cpp, 835] - RxStream contents:01 00 0B 76 06 6F 00 00 20 D6 0D 
2013/07/05 18:53:25:331 [002468] TRACE [Prb.cpp, 943] - RadioBoardPacket(ACK):01 00 0B 76 06 6F 00 00 20 D6 0D 
2013/07/05 18:53:25:331 [002232] DEBUG [Prb.cpp, 466] - Write FPGA completed, Address=0x1004, Data=0x00
2013/07/05 18:53:25:331 [002232] TRACE [Prb.cpp, 448] - Writing FPGA, Address=0x1008, Data=0x04
2013/07/05 18:53:25:331 [002232] TRACE [Prb.cpp, 1035] - WriteFPGAPacket(0x1008, 0x04):01 00 0D 70 81 00 03 10 08 04 D2 FE 0D 
2013/07/05 18:53:25:331 [002468] TRACE [Prb.cpp, 835] - RxStream contents:01 00 0B 77 06 70 00 00 21 22 0D 
2013/07/05 18:53:25:331 [002468] TRACE [Prb.cpp, 943] - RadioBoardPacket(ACK):01 00 0B 77 06 70 00 00 21 22 0D 
2013/07/05 18:53:25:331 [002232] DEBUG [Prb.cpp, 466] - Write FPGA completed, Address=0x1008, Data=0x04
2013/07/05 18:53:29:472 [001512] INFO [CrossTalkDetector.cpp, 68] - CrossTalkDetector state changing from LinkingState to IdleState
2013/07/05 18:53:29:472 [001512] INFO [CommunicationSystemStates.cpp, 210] - Link failed.
2013/07/05 18:53:29:472 [000584] TRACE [Prb.cpp, 493] - Reading FPGA, Address=0x1004
2013/07/05 18:53:29:472 [000584] TRACE [Prb.cpp, 1035] - ReadFPGAPacket(0x1004):01 00 0C 71 82 00 02 10 04 A8 74 0D 
2013/07/05 18:53:29:472 [002468] TRACE [Prb.cpp, 835] - RxStream contents:01 00 0C 79 06 71 00 01 00 67 B9 0D 
2013/07/05 18:53:29:472 [002468] TRACE [Prb.cpp, 943] - RadioBoardPacket(ACK):01 00 0C 79 06 71 00 01 00 67 B9 0D 
2013/07/05 18:53:29:472 [000584] DEBUG [Prb.cpp, 512] - Read FPGA completed, Address=0x1004, Data=0x00
2013/07/05 18:53:29:472 [000584] TRACE [Prb.cpp, 448] - Writing FPGA, Address=0x1004, Data=0x00
2013/07/05 18:53:29:472 [000584] TRACE [Prb.cpp, 1035] - WriteFPGAPacket(0x1004, 0x00):01 00 0D 72 81 00 03 10 04 00 F8 C6 0D 
2013/07/05 18:53:29:472 [002468] TRACE [Prb.cpp, 835] - RxStream contents:01 00 0B 7A 06 72 00 00 23 52 0D 
2013/07/05 18:53:29:472 [002468] TRACE [Prb.cpp, 943] - RadioBoardPacket(ACK):01 00 0B 7A 06 72 00 00 23 52 0D 
2013/07/05 18:53:29:472 [000584] DEBUG [Prb.cpp, 466] - Write FPGA completed, Address=0x1004, Data=0x00
2013/07/05 18:53:29:472 [002232] INFO [CrossTalkDetectorStates.cpp, 98] - LinkTimeout = 4523 ms
2013/07/05 18:53:29:472 [002232] INFO [CrossTalkDetector.cpp, 68] - CrossTalkDetector state changing from IdleState to LinkingState
2013/07/05 18:53:29:472 [002232] INFO [CommunicationSystemStates.cpp, 147] - Link requested. Id: 0x802004f2. Preamble Burst Duration: 2 seconds. Preamble Burst Data Rate: 0.
2013/07/05 18:53:29:472 [002232] DEBUG [ComSysDiagnostics.cpp, 95] - Resetting FPGA Frame Error Counter
2013/07/05 18:53:29:472 [002232] TRACE [Prb.cpp, 448] - Writing FPGA, Address=0x301C, Data=0x00
2013/07/05 18:53:29:472 [002232] TRACE [Prb.cpp, 1035] - WriteFPGAPacket(0x301C, 0x00):01 00 0D 73 81 00 03 30 1C 00 AB 56 0D 
2013/07/05 18:53:29:472 [002468] TRACE [Prb.cpp, 835] - RxStream contents:01 00 0B 7B 06 73 00 00 23 3E 0D 
2013/07/05 18:53:29:472 [002468] TRACE [Prb.cpp, 943] - RadioBoardPacket(ACK):01 00 0B 7B 06 73 00 00 23 3E 0D 
2013/07/05 18:53:29:472 [002232] DEBUG [Prb.cpp, 466] - Write FPGA completed, Address=0x301C, Data=0x00
2013/07/05 18:53:29:472 [002232] TRACE [Prb.cpp, 448] - Writing FPGA, Address=0x2000, Data=0x80
2013/07/05 18:53:29:472 [002232] TRACE [Prb.cpp, 1035] - WriteFPGAPacket(0x2000, 0x80):01 00 0D 74 81 00 03 20 00 80 E6 66 0D 
2013/07/05 18:53:29:472 [002468] TRACE [Prb.cpp, 835] - RxStream contents:01 00 0B 7C 06 74 00 00 22 3A 0D 
2013/07/05 18:53:29:472 [002468] TRACE [Prb.cpp, 943] - RadioBoardPacket(ACK):01 00 0B 7C 06 74 00 00 22 3A 0D 
2013/07/05 18:53:29:472 [002232] DEBUG [Prb.cpp, 466] - Write FPGA completed, Address=0x2000, Data=0x80
2013/07/05 18:53:29:472 [002232] TRACE [Prb.cpp, 448] - Writing FPGA, Address=0x2002, Data=0x20
2013/07/05 18:53:29:472 [002232] TRACE [Prb.cpp, 1035] - WriteFPGAPacket(0x2002, 0x20):01 00 0D 75 81 00 03 20 02 20 E8 B6 0D 
2013/07/05 18:53:29:472 [002468] TRACE [Prb.cpp, 835] - RxStream contents:01 00 0B 7D 06 75 00 00 22 56 0D 
2013/07/05 18:53:29:472 [002468] TRACE [Prb.cpp, 943] - RadioBoardPacket(ACK):01 00 0B 7D 06 75 00 00 22 56 0D 
2013/07/05 18:53:29:472 [002232] DEBUG [Prb.cpp, 466] - Write FPGA completed, Address=0x2002, Data=0x20
2013/07/05 18:53:29:472 [002232] TRACE [Prb.cpp, 448] - Writing FPGA, Address=0x2004, Data=0x04
2013/07/05 18:53:29:472 [002232] TRACE [Prb.cpp, 1035] - WriteFPGAPacket(0x2004, 0x04):01 00 0D 76 81 00 03 20 04 04 FF 5E 0D 
2013/07/05 18:53:29:472 [002468] TRACE [Prb.cpp, 835] - RxStream contents:01 00 0B 7E 06 76 00 00 22 E2 0D 
2013/07/05 18:53:29:472 [002468] TRACE [Prb.cpp, 943] - RadioBoardPacket(ACK):01 00 0B 7E 06 76 00 00 22 E2 0D 
2013/07/05 18:53:29:472 [002232] DEBUG [Prb.cpp, 466] - Write FPGA completed, Address=0x2004, Data=0x04
2013/07/05 18:53:29:472 [002232] TRACE [Prb.cpp, 448] - Writing FPGA, Address=0x2006, Data=0xF2
2013/07/05 18:53:29:472 [002232] TRACE [Prb.cpp, 1035] - WriteFPGAPacket(0x2006, 0xF2):01 00 0D 77 81 00 03 20 06 F2 F0 7A 0D 
2013/07/05 18:53:29:472 [002468] TRACE [Prb.cpp, 835] - RxStream contents:01 00 0B 7F 06 77 00 00 22 8E 0D 
2013/07/05 18:53:29:472 [002468] TRACE [Prb.cpp, 943] - RadioBoardPacket(ACK):01 00 0B 7F 06 77 00 00 22 8E 0D 
2013/07/05 18:53:29:472 [002232] DEBUG [Prb.cpp, 466] - Write FPGA completed, Address=0x2006, Data=0xF2
2013/07/05 18:53:29:472 [002232] TRACE [Prb.cpp, 448] - Writing FPGA, Address=0x1002, Data=0x02
2013/07/05 18:53:29:472 [002232] TRACE [Prb.cpp, 1035] - WriteFPGAPacket(0x1002, 0x02):01 00 0D 78 81 00 03 10 02 02 66 69 0D 
2013/07/05 18:53:29:472 [002468] TRACE [Prb.cpp, 835] - RxStream contents:01 00 0B 80 06 78 00 00 0A 6A 0D 
2013/07/05 18:53:29:472 [002468] TRACE [Prb.cpp, 943] - RadioBoardPacket(ACK):01 00 0B 80 06 78 00 00 0A 6A 0D 
2013/07/05 18:53:29:472 [002232] DEBUG [Prb.cpp, 466] - Write FPGA completed, Address=0x1002, Data=0x02
2013/07/05 18:53:29:472 [002232] TRACE [Prb.cpp, 493] - Reading FPGA, Address=0x1004
2013/07/05 18:53:29:472 [002232] TRACE [Prb.cpp, 1035] - ReadFPGAPacket(0x1004):01 00 0C 79 82 00 02 10 04 E8 7D 0D 
2013/07/05 18:53:29:472 [002468] TRACE [Prb.cpp, 835] - RxStream contents:01 00 0C 81 06 79 00 01 00 07 4C 0D 
2013/07/05 18:53:29:487 [002468] TRACE [Prb.cpp, 943] - RadioBoardPacket(ACK):01 00 0C 81 06 79 00 01 00 07 4C 0D 
2013/07/05 18:53:29:487 [002232] DEBUG [Prb.cpp, 512] - Read FPGA completed, Address=0x1004, Data=0x00
2013/07/05 18:53:29:487 [002232] TRACE [Prb.cpp, 448] - Writing FPGA, Address=0x1004, Data=0x00
2013/07/05 18:53:29:487 [002232] TRACE [Prb.cpp, 1035] - WriteFPGAPacket(0x1004, 0x00):01 00 0D 7A 81 00 03 10 04 00 70 45 0D 
2013/07/05 18:53:29:487 [002468] TRACE [Prb.cpp, 835] - RxStream contents:01 00 0B 82 06 7A 00 00 0A B2 0D 
2013/07/05 18:53:29:487 [002468] TRACE [Prb.cpp, 943] - RadioBoardPacket(ACK):01 00 0B 82 06 7A 00 00 0A B2 0D 
2013/07/05 18:53:29:487 [002232] DEBUG [Prb.cpp, 466] - Write FPGA completed, Address=0x1004, Data=0x00
2013/07/05 18:53:29:487 [002232] TRACE [Prb.cpp, 448] - Writing FPGA, Address=0x1008, Data=0x04
2013/07/05 18:53:29:487 [002232] TRACE [Prb.cpp, 1035] - WriteFPGAPacket(0x1008, 0x04):01 00 0D 7B 81 00 03 10 08 04 59 4D 0D 
2013/07/05 18:53:29:487 [002468] TRACE [Prb.cpp, 835] - RxStream contents:01 00 0B 83 06 7B 00 00 0A DE 0D 
2013/07/05 18:53:29:487 [002468] TRACE [Prb.cpp, 943] - RadioBoardPacket(ACK):01 00 0B 83 06 7B 00 00 0A DE 0D 
2013/07/05 18:53:29:487 [002232] DEBUG [Prb.cpp, 466] - Write FPGA completed, Address=0x1008, Data=0x04
2013/07/05 18:53:33:628 [001512] INFO [CrossTalkDetector.cpp, 68] - CrossTalkDetector state changing from LinkingState to IdleState
2013/07/05 18:53:33:628 [001512] INFO [CommunicationSystemStates.cpp, 210] - Link failed.
2013/07/05 18:53:33:675 [003984] INFO [NCommunicationSystem.cpp, 747] - Disposing: 1
2013/07/05 18:53:33:675 [003984] INFO [CrossAppDomainEventMarshaller.cpp, 44] - Disposing: 1
2013/07/05 18:53:33:675 [003984] INFO [CrossAppDomainEventMarshaller.cpp, 155] - abortGetNextEvent called
2013/07/05 18:53:33:675 [003984] INFO [CrossAppDomainEventMarshaller.cpp, 48] - Waiting for CrossDomainEventTranslator::m_pHandleEventsThread to stop
2013/07/05 18:53:33:675 [000416] INFO [CrossAppDomainEventMarshaller.cpp, 80] - handleEventsThread exiting (thread aborted)
2013/07/05 18:53:33:675 [003984] INFO [CrossAppDomainEventMarshaller.cpp, 54] - CrossDomainEventTranslator::m_pHandleEventsThread stopped
2013/07/05 18:53:33:690 [003984] INFO [CrossAppDomainEventMarshaller.cpp, 110] - EventHandler dtor
2013/07/05 18:53:33:690 [003984] INFO [CrossAppDomainEventMarshaller.cpp, 60] - Disposed.
2013/07/05 18:53:33:690 [002468] DEBUG [Prb.cpp, 867] - Prb receive thread terminated.
2013/07/05 18:53:33:690 [001512] INFO [ExceptionCatchingThread.cpp, 170] - Exited the interrupt thread procedure with return value 0.
2013/07/05 18:53:33:800 [002232] INFO [ExceptionCatchingThread.cpp, 170] - Exited the dispatch thread procedure with return value 0.
2013/07/05 18:53:33:800 [002760] INFO [ExceptionCatchingThread.cpp, 170] - Exited the timer thread procedure with return value 0.
2013/07/05 18:53:33:909 [003984] INFO [NCommunicationSystem.cpp, 779] - Disposed.
<<<<< Log Footer: 07/05/2013 18:53:33 >>>>>
